<?xml version="1.0" encoding="UTF-8"?>
<testsuite name="tourGuide.TestPerformance" tests="2" skipped="0" failures="0" errors="0" timestamp="2023-01-27T09:11:08" hostname="LAPTOP-UPBU1241" time="210.433">
  <properties/>
  <testcase name="highVolumeTrackLocation" classname="tourGuide.TestPerformance" time="3.176"/>
  <testcase name="highVolumeGetRewards" classname="tourGuide.TestPerformance" time="207.257"/>
  <system-out><![CDATA[10:11:08.894 [Test worker] INFO tourGuide.service.TourGuideService - TestMode enabled
10:11:08.906 [Test worker] DEBUG tourGuide.service.TourGuideService - Initializing users
10:11:09.975 [Test worker] DEBUG tourGuide.service.TourGuideService - Created 100000 internal test users.
10:11:09.975 [Test worker] DEBUG tourGuide.service.TourGuideService - Finished initializing users
10:11:10.019 [pool-3-thread-1] DEBUG tourGuide.tracker.Tracker - Begin Tracker. Tracking 100000 users.
highVolumeTrackLocation: Time Elapsed: 1 seconds.
10:11:11.915 [Test worker] INFO tourGuide.service.TourGuideService - TestMode enabled
10:11:11.915 [Test worker] DEBUG tourGuide.service.TourGuideService - Initializing users
10:11:12.040 [Test worker] DEBUG tourGuide.service.TourGuideService - Created 10000 internal test users.
10:11:12.040 [Test worker] DEBUG tourGuide.service.TourGuideService - Finished initializing users
10:11:12.042 [pool-6-thread-1] DEBUG tourGuide.tracker.Tracker - Begin Tracker. Tracking 10000 users.
ICI
highVolumeGetRewards: Time Elapsed: 197 seconds.
]]></system-out>
  <system-err><![CDATA[janv. 27, 2023 10:11:08 AM org.javamoney.moneta.DefaultMonetaryContextFactory createMonetaryContextNonNullConfig
INFOS: Using custom MathContext: precision=256, roundingMode=HALF_EVEN
]]></system-err>
</testsuite>
