<?xml version="1.0" encoding="UTF-8"?>
<testsuite name="tourGuide.TestRewardsService" tests="3" skipped="0" failures="0" errors="0" timestamp="2023-01-27T09:14:39" hostname="LAPTOP-UPBU1241" time="0.173">
  <properties/>
  <testcase name="nearAllAttractions" classname="tourGuide.TestRewardsService" time="0.033"/>
  <testcase name="userGetRewards" classname="tourGuide.TestRewardsService" time="0.129"/>
  <testcase name="isWithinAttractionProximity" classname="tourGuide.TestRewardsService" time="0.01"/>
  <system-out><![CDATA[10:14:39.230 [Test worker] INFO tourGuide.service.TourGuideService - TestMode enabled
10:14:39.231 [Test worker] DEBUG tourGuide.service.TourGuideService - Initializing users
10:14:39.233 [Test worker] DEBUG tourGuide.service.TourGuideService - Created 1 internal test users.
10:14:39.233 [Test worker] DEBUG tourGuide.service.TourGuideService - Finished initializing users
10:14:39.235 [pool-9-thread-1] DEBUG tourGuide.tracker.Tracker - Begin Tracker. Tracking 1 users.
10:14:39.262 [Test worker] INFO tourGuide.service.TourGuideService - TestMode enabled
10:14:39.262 [Test worker] DEBUG tourGuide.service.TourGuideService - Initializing users
10:14:39.270 [Test worker] DEBUG tourGuide.service.TourGuideService - Created 0 internal test users.
10:14:39.270 [Test worker] DEBUG tourGuide.service.TourGuideService - Finished initializing users
10:14:39.271 [pool-12-thread-1] DEBUG tourGuide.tracker.Tracker - Begin Tracker. Tracking 1 users.
10:14:39.303 [pool-9-thread-1] DEBUG tourGuide.tracker.Tracker - Tracker Time Elapsed: 0 seconds.
10:14:39.303 [pool-9-thread-1] DEBUG tourGuide.tracker.Tracker - Tracker sleeping
10:14:39.397 [pool-12-thread-1] DEBUG tourGuide.tracker.Tracker - Tracker Time Elapsed: 0 seconds.
10:14:39.397 [pool-12-thread-1] DEBUG tourGuide.tracker.Tracker - Tracker sleeping
]]></system-out>
  <system-err><![CDATA[]]></system-err>
</testsuite>
