<?xml version="1.0" encoding="UTF-8"?>
<testsuite name="tourGuide.TestRewardsService" tests="3" skipped="0" failures="0" errors="0" timestamp="2023-01-19T20:34:10" hostname="LAPTOP-UPBU1241" time="0.565">
  <properties/>
  <testcase name="nearAllAttractions" classname="tourGuide.TestRewardsService" time="0.404"/>
  <testcase name="userGetRewards" classname="tourGuide.TestRewardsService" time="0.142"/>
  <testcase name="isWithinAttractionProximity" classname="tourGuide.TestRewardsService" time="0.019"/>
  <system-out><![CDATA[21:34:10.906 [Test worker] INFO tourGuide.service.TourGuideService - TestMode enabled
21:34:10.923 [Test worker] DEBUG tourGuide.service.TourGuideService - Initializing users
21:34:11.065 [Test worker] DEBUG tourGuide.service.TourGuideService - Created 1 internal test users.
21:34:11.066 [Test worker] DEBUG tourGuide.service.TourGuideService - Finished initializing users
21:34:11.077 [pool-3-thread-1] DEBUG tourGuide.tracker.Tracker - Begin Tracker. Tracking 1 users.
21:34:11.133 [Test worker] INFO tourGuide.service.TourGuideService - TestMode enabled
21:34:11.133 [Test worker] DEBUG tourGuide.service.TourGuideService - Initializing users
21:34:11.134 [Test worker] DEBUG tourGuide.service.TourGuideService - Created 0 internal test users.
21:34:11.134 [Test worker] DEBUG tourGuide.service.TourGuideService - Finished initializing users
21:34:11.135 [pool-6-thread-1] DEBUG tourGuide.tracker.Tracker - Begin Tracker. Tracking 1 users.
21:34:11.233 [pool-6-thread-1] DEBUG tourGuide.tracker.Tracker - Tracker Time Elapsed: 0 seconds.
21:34:11.233 [pool-6-thread-1] DEBUG tourGuide.tracker.Tracker - Tracker sleeping
]]></system-out>
  <system-err><![CDATA[janv. 19, 2023 9:34:11 PM org.javamoney.moneta.DefaultMonetaryContextFactory createMonetaryContextNonNullConfig
INFOS: Using custom MathContext: precision=256, roundingMode=HALF_EVEN
]]></system-err>
</testsuite>
