<?xml version="1.0" encoding="UTF-8"?>
<testsuite name="tourGuide.TestRewardsService" tests="3" skipped="0" failures="0" errors="0" timestamp="2023-01-25T14:21:53" hostname="LAPTOP-UPBU1241" time="0.476">
  <properties/>
  <testcase name="nearAllAttractions" classname="tourGuide.TestRewardsService" time="0.32"/>
  <testcase name="userGetRewards" classname="tourGuide.TestRewardsService" time="0.146"/>
  <testcase name="isWithinAttractionProximity" classname="tourGuide.TestRewardsService" time="0.01"/>
  <system-out><![CDATA[15:21:53.999 [Test worker] INFO tourGuide.service.TourGuideService - TestMode enabled
15:21:54.010 [Test worker] DEBUG tourGuide.service.TourGuideService - Initializing users
15:21:54.122 [Test worker] DEBUG tourGuide.service.TourGuideService - Created 1 internal test users.
15:21:54.122 [Test worker] DEBUG tourGuide.service.TourGuideService - Finished initializing users
15:21:54.133 [pool-3-thread-1] DEBUG tourGuide.tracker.Tracker - Begin Tracker. Tracking 1 users.
15:21:54.181 [Test worker] INFO tourGuide.service.TourGuideService - TestMode enabled
15:21:54.181 [Test worker] DEBUG tourGuide.service.TourGuideService - Initializing users
15:21:54.182 [Test worker] DEBUG tourGuide.service.TourGuideService - Created 0 internal test users.
15:21:54.182 [Test worker] DEBUG tourGuide.service.TourGuideService - Finished initializing users
15:21:54.183 [pool-6-thread-1] DEBUG tourGuide.tracker.Tracker - Begin Tracker. Tracking 1 users.
15:21:54.231 [pool-3-thread-1] DEBUG tourGuide.tracker.Tracker - Tracker Time Elapsed: 0 seconds.
15:21:54.231 [pool-3-thread-1] DEBUG tourGuide.tracker.Tracker - Tracker sleeping
]]></system-out>
  <system-err><![CDATA[janv. 25, 2023 3:21:54 PM org.javamoney.moneta.DefaultMonetaryContextFactory createMonetaryContextNonNullConfig
INFOS: Using custom MathContext: precision=256, roundingMode=HALF_EVEN
]]></system-err>
</testsuite>
