<?xml version="1.0" encoding="UTF-8"?>
<testsuite name="tourGuide.TestTourGuideService" tests="6" skipped="0" failures="0" errors="0" timestamp="2023-01-27T09:14:39" hostname="LAPTOP-UPBU1241" time="0.757">
  <properties/>
  <testcase name="getUserLocation" classname="tourGuide.TestTourGuideService" time="0.135"/>
  <testcase name="addUser" classname="tourGuide.TestTourGuideService" time="0.001"/>
  <testcase name="getTripDeals" classname="tourGuide.TestTourGuideService" time="0.173"/>
  <testcase name="getAllUsers" classname="tourGuide.TestTourGuideService" time="0.001"/>
  <testcase name="trackUser" classname="tourGuide.TestTourGuideService" time="0.126"/>
  <testcase name="getNearbyAttractions" classname="tourGuide.TestTourGuideService" time="0.149"/>
  <system-out><![CDATA[10:14:39.407 [Test worker] INFO tourGuide.service.TourGuideService - TestMode enabled
10:14:39.407 [Test worker] DEBUG tourGuide.service.TourGuideService - Initializing users
10:14:39.407 [Test worker] DEBUG tourGuide.service.TourGuideService - Created 0 internal test users.
10:14:39.407 [Test worker] DEBUG tourGuide.service.TourGuideService - Finished initializing users
10:14:39.408 [pool-17-thread-1] DEBUG tourGuide.tracker.Tracker - Begin Tracker. Tracking 0 users.
10:14:39.408 [pool-17-thread-1] DEBUG tourGuide.tracker.Tracker - Tracker Time Elapsed: 0 seconds.
10:14:39.408 [pool-17-thread-1] DEBUG tourGuide.tracker.Tracker - Tracker sleeping
10:14:39.588 [Test worker] INFO tourGuide.service.TourGuideService - TestMode enabled
10:14:39.588 [Test worker] DEBUG tourGuide.service.TourGuideService - Initializing users
10:14:39.588 [Test worker] DEBUG tourGuide.service.TourGuideService - Created 0 internal test users.
10:14:39.588 [Test worker] DEBUG tourGuide.service.TourGuideService - Finished initializing users
10:14:39.589 [Test worker] INFO tourGuide.service.TourGuideService - TestMode enabled
10:14:39.589 [pool-20-thread-1] DEBUG tourGuide.tracker.Tracker - Tracker stopping
10:14:39.589 [Test worker] DEBUG tourGuide.service.TourGuideService - Initializing users
10:14:39.631 [Test worker] DEBUG tourGuide.service.TourGuideService - Created 0 internal test users.
10:14:39.631 [Test worker] DEBUG tourGuide.service.TourGuideService - Finished initializing users
10:14:39.632 [pool-23-thread-1] DEBUG tourGuide.tracker.Tracker - Begin Tracker. Tracking 0 users.
10:14:39.632 [pool-23-thread-1] DEBUG tourGuide.tracker.Tracker - Tracker Time Elapsed: 0 seconds.
10:14:39.633 [pool-23-thread-1] DEBUG tourGuide.tracker.Tracker - Tracker sleeping
10:14:39.804 [Test worker] INFO tourGuide.service.TourGuideService - TestMode enabled
10:14:39.804 [Test worker] DEBUG tourGuide.service.TourGuideService - Initializing users
10:14:39.804 [Test worker] DEBUG tourGuide.service.TourGuideService - Created 0 internal test users.
10:14:39.804 [Test worker] DEBUG tourGuide.service.TourGuideService - Finished initializing users
10:14:39.804 [pool-26-thread-1] DEBUG tourGuide.tracker.Tracker - Begin Tracker. Tracking 0 users.
10:14:39.804 [pool-26-thread-1] DEBUG tourGuide.tracker.Tracker - Tracker Time Elapsed: 0 seconds.
10:14:39.805 [pool-26-thread-1] DEBUG tourGuide.tracker.Tracker - Tracker sleeping
10:14:39.846 [Test worker] INFO tourGuide.service.TourGuideService - TestMode enabled
10:14:39.846 [Test worker] DEBUG tourGuide.service.TourGuideService - Initializing users
10:14:39.846 [Test worker] DEBUG tourGuide.service.TourGuideService - Created 0 internal test users.
10:14:39.846 [Test worker] DEBUG tourGuide.service.TourGuideService - Finished initializing users
10:14:39.847 [pool-29-thread-1] DEBUG tourGuide.tracker.Tracker - Begin Tracker. Tracking 0 users.
10:14:39.847 [pool-29-thread-1] DEBUG tourGuide.tracker.Tracker - Tracker Time Elapsed: 0 seconds.
10:14:39.847 [pool-29-thread-1] DEBUG tourGuide.tracker.Tracker - Tracker sleeping
10:14:40.015 [Test worker] INFO tourGuide.service.TourGuideService - TestMode enabled
10:14:40.015 [Test worker] DEBUG tourGuide.service.TourGuideService - Initializing users
10:14:40.015 [Test worker] DEBUG tourGuide.service.TourGuideService - Created 0 internal test users.
10:14:40.015 [Test worker] DEBUG tourGuide.service.TourGuideService - Finished initializing users
10:14:40.016 [pool-32-thread-1] DEBUG tourGuide.tracker.Tracker - Begin Tracker. Tracking 0 users.
10:14:40.016 [pool-32-thread-1] DEBUG tourGuide.tracker.Tracker - Tracker Time Elapsed: 0 seconds.
10:14:40.016 [pool-32-thread-1] DEBUG tourGuide.tracker.Tracker - Tracker sleeping
]]></system-out>
  <system-err><![CDATA[]]></system-err>
</testsuite>
