<?xml version="1.0" encoding="UTF-8"?>
<testsuite name="tourGuide.TestPerformance" tests="1" skipped="0" failures="0" errors="0" timestamp="2023-01-25T09:30:55" hostname="LAPTOP-UPBU1241" time="1.852">
  <properties/>
  <testcase name="highVolumeGetRewards" classname="tourGuide.TestPerformance" time="1.852"/>
  <system-out><![CDATA[10:30:55.601 [Test worker] INFO tourGuide.service.TourGuideService - TestMode enabled
10:30:55.614 [Test worker] DEBUG tourGuide.service.TourGuideService - Initializing users
10:30:56.486 [Test worker] DEBUG tourGuide.service.TourGuideService - Created 100000 internal test users.
10:30:56.487 [Test worker] DEBUG tourGuide.service.TourGuideService - Finished initializing users
10:30:56.519 [pool-3-thread-1] DEBUG tourGuide.tracker.Tracker - Begin Tracker. Tracking 100000 users.
getUserRewards ---> TOURGUIDESERVICE
getUserRewards ---> TOURGUIDESERVICE
getUserRewards ---> TOURGUIDESERVICE
getUserRewards ---> TOURGUIDESERVICE
getUserRewards ---> TOURGUIDESERVICE
getUserRewards ---> TOURGUIDESERVICE
getUserRewards ---> TOURGUIDESERVICE
getUserRewards ---> TOURGUIDESERVICE
getUserRewards ---> TOURGUIDESERVICE
getUserRewards ---> TOURGUIDESERVICE
getUserRewards ---> TOURGUIDESERVICE
getUserRewards ---> TOURGUIDESERVICE
getUserRewards ---> TOURGUIDESERVICE
getUserRewards ---> TOURGUIDESERVICE
getUserRewards ---> TOURGUIDESERVICE
getUserRewards ---> TOURGUIDESERVICE
getUserRewards ---> TOURGUIDESERVICE
getUserRewards ---> TOURGUIDESERVICE
getUserRewards ---> TOURGUIDESERVICE
getUserRewards ---> TOURGUIDESERVICE
getUserRewards ---> TOURGUIDESERVICE
getUserRewards ---> TOURGUIDESERVICE
getUserRewards ---> TOURGUIDESERVICE
getUserRewards ---> TOURGUIDESERVICE
getUserRewards ---> TOURGUIDESERVICE
getUserRewards ---> TOURGUIDESERVICE
getUserRewards ---> TOURGUIDESERVICE
getUserRewards ---> TOURGUIDESERVICE
getUserRewards ---> TOURGUIDESERVICE
getUserRewards ---> TOURGUIDESERVICE
getUserRewards ---> TOURGUIDESERVICE
getUserRewards ---> TOURGUIDESERVICE
getUserRewards ---> TOURGUIDESERVICE
getUserRewards ---> TOURGUIDESERVICE
getUserRewards ---> TOURGUIDESERVICE
getUserRewards ---> TOURGUIDESERVICE
getUserRewards ---> TOURGUIDESERVICE
getUserRewards ---> TOURGUIDESERVICE
getUserRewards ---> TOURGUIDESERVICE
getUserRewards ---> TOURGUIDESERVICE
getUserRewards ---> TOURGUIDESERVICE
getUserRewards ---> TOURGUIDESERVICE
getUserRewards ---> TOURGUIDESERVICE
getUserRewards ---> TOURGUIDESERVICE
getUserRewards ---> TOURGUIDESERVICE
getUserRewards ---> TOURGUIDESERVICE
getUserRewards ---> TOURGUIDESERVICE
getUserRewards ---> TOURGUIDESERVICE
getUserRewards ---> TOURGUIDESERVICE
getUserRewards ---> TOURGUIDESERVICE
getUserRewards ---> TOURGUIDESERVICE
getUserRewards ---> TOURGUIDESERVICE
getUserRewards ---> TOURGUIDESERVICE
getUserRewards ---> TOURGUIDESERVICE
getUserRewards ---> TOURGUIDESERVICE
getUserRewards ---> TOURGUIDESERVICE
getUserRewards ---> TOURGUIDESERVICE
getUserRewards ---> TOURGUIDESERVICE
getUserRewards ---> TOURGUIDESERVICE
getUserRewards ---> TOURGUIDESERVICE
getUserRewards ---> TOURGUIDESERVICE
getUserRewards ---> TOURGUIDESERVICE
getUserRewards ---> TOURGUIDESERVICE
getUserRewards ---> TOURGUIDESERVICE
getUserRewards ---> TOURGUIDESERVICE
getUserRewards ---> TOURGUIDESERVICE
getUserRewards ---> TOURGUIDESERVICE
getUserRewards ---> TOURGUIDESERVICE
getUserRewards ---> TOURGUIDESERVICE
getUserRewards ---> TOURGUIDESERVICE
getUserRewards ---> TOURGUIDESERVICE
getUserRewards ---> TOURGUIDESERVICE
getUserRewards ---> TOURGUIDESERVICE
getUserRewards ---> TOURGUIDESERVICE
getUserRewards ---> TOURGUIDESERVICE
getUserRewards ---> TOURGUIDESERVICE
getUserRewards ---> TOURGUIDESERVICE
getUserRewards ---> TOURGUIDESERVICE
getUserRewards ---> TOURGUIDESERVICE
getUserRewards ---> TOURGUIDESERVICE
getUserRewards ---> TOURGUIDESERVICE
getUserRewards ---> TOURGUIDESERVICE
getUserRewards ---> TOURGUIDESERVICE
getUserRewards ---> TOURGUIDESERVICE
getUserRewards ---> TOURGUIDESERVICE
getUserRewards ---> TOURGUIDESERVICE
getUserRewards ---> TOURGUIDESERVICE
getUserRewards ---> TOURGUIDESERVICE
getUserRewards ---> TOURGUIDESERVICE
getUserRewards ---> TOURGUIDESERVICE
getUserRewards ---> TOURGUIDESERVICE
getUserRewards ---> TOURGUIDESERVICE
getUserRewards ---> TOURGUIDESERVICE
getUserRewards ---> TOURGUIDESERVICE
getUserRewards ---> TOURGUIDESERVICE
getUserRewards ---> TOURGUIDESERVICE
getUserRewards ---> TOURGUIDESERVICE
getUserRewards ---> TOURGUIDESERVICE
getUserRewards ---> TOURGUIDESERVICE
getUserRewards ---> TOURGUIDESERVICE
getUserRewards ---> TOURGUIDESERVICE
getUserRewards ---> TOURGUIDESERVICE
getUserRewards ---> TOURGUIDESERVICE
getUserRewards ---> TOURGUIDESERVICE
getUserRewards ---> TOURGUIDESERVICE
getUserRewards ---> TOURGUIDESERVICE
getUserRewards ---> TOURGUIDESERVICE
getUserRewards ---> TOURGUIDESERVICE
getUserRewards ---> TOURGUIDESERVICE
getUserRewards ---> TOURGUIDESERVICE
getUserRewards ---> TOURGUIDESERVICE
getUserRewards ---> TOURGUIDESERVICE
getUserRewards ---> TOURGUIDESERVICE
getUserRewards ---> TOURGUIDESERVICE
getUserRewards ---> TOURGUIDESERVICE
getUserRewards ---> TOURGUIDESERVICE
getUserRewards ---> TOURGUIDESERVICE
getUserRewards ---> TOURGUIDESERVICE
getUserRewards ---> TOURGUIDESERVICE
getUserRewards ---> TOURGUIDESERVICE
getUserRewards ---> TOURGUIDESERVICE
getUserRewards ---> TOURGUIDESERVICE
getUserRewards ---> TOURGUIDESERVICE
getUserRewards ---> TOURGUIDESERVICE
getUserRewards ---> TOURGUIDESERVICE
getUserRewards ---> TOURGUIDESERVICE
getUserRewards ---> TOURGUIDESERVICE
getUserRewards ---> TOURGUIDESERVICE
getUserRewards ---> TOURGUIDESERVICE
getUserRewards ---> TOURGUIDESERVICE
getUserRewards ---> TOURGUIDESERVICE
getUserRewards ---> TOURGUIDESERVICE
getUserRewards ---> TOURGUIDESERVICE
getUserRewards ---> TOURGUIDESERVICE
getUserRewards ---> TOURGUIDESERVICE
getUserRewards ---> TOURGUIDESERVICE
getUserRewards ---> TOURGUIDESERVICE
getUserRewards ---> TOURGUIDESERVICE
getUserRewards ---> TOURGUIDESERVICE
getUserRewards ---> TOURGUIDESERVICE
getUserRewards ---> TOURGUIDESERVICE
getUserRewards ---> TOURGUIDESERVICE
getUserRewards ---> TOURGUIDESERVICE
getUserRewards ---> TOURGUIDESERVICE
getUserRewards ---> TOURGUIDESERVICE
getUserRewards ---> TOURGUIDESERVICE
getUserRewards ---> TOURGUIDESERVICE
getUserRewards ---> TOURGUIDESERVICE
getUserRewards ---> TOURGUIDESERVICE
getUserRewards ---> TOURGUIDESERVICE
getUserRewards ---> TOURGUIDESERVICE
getUserRewards ---> TOURGUIDESERVICE
getUserRewards ---> TOURGUIDESERVICE
getUserRewards ---> TOURGUIDESERVICE
getUserRewards ---> TOURGUIDESERVICE
getUserRewards ---> TOURGUIDESERVICE
getUserRewards ---> TOURGUIDESERVICE
getUserRewards ---> TOURGUIDESERVICE
getUserRewards ---> TOURGUIDESERVICE
getUserRewards ---> TOURGUIDESERVICE
getUserRewards ---> TOURGUIDESERVICE
getUserRewards ---> TOURGUIDESERVICE
getUserRewards ---> TOURGUIDESERVICE
getUserRewards ---> TOURGUIDESERVICE
getUserRewards ---> TOURGUIDESERVICE
getUserRewards ---> TOURGUIDESERVICE
getUserRewards ---> TOURGUIDESERVICE
getUserRewards ---> TOURGUIDESERVICE
getUserRewards ---> TOURGUIDESERVICE
getUserRewards ---> TOURGUIDESERVICE
getUserRewards ---> TOURGUIDESERVICE
getUserRewards ---> TOURGUIDESERVICE
getUserRewards ---> TOURGUIDESERVICE
getUserRewards ---> TOURGUIDESERVICE
getUserRewards ---> TOURGUIDESERVICE
getUserRewards ---> TOURGUIDESERVICE
getUserRewards ---> TOURGUIDESERVICE
getUserRewards ---> TOURGUIDESERVICE
getUserRewards ---> TOURGUIDESERVICE
getUserRewards ---> TOURGUIDESERVICE
getUserRewards ---> TOURGUIDESERVICE
getUserRewards ---> TOURGUIDESERVICE
getUserRewards ---> TOURGUIDESERVICE
getUserRewards ---> TOURGUIDESERVICE
getUserRewards ---> TOURGUIDESERVICE
getUserRewards ---> TOURGUIDESERVICE
getUserRewards ---> TOURGUIDESERVICE
getUserRewards ---> TOURGUIDESERVICE
getUserRewards ---> TOURGUIDESERVICE
getUserRewards ---> TOURGUIDESERVICE
getUserRewards ---> TOURGUIDESERVICE
getUserRewards ---> TOURGUIDESERVICE
getUserRewards ---> TOURGUIDESERVICE
getUserRewards ---> TOURGUIDESERVICE
getUserRewards ---> TOURGUIDESERVICE
getUserRewards ---> TOURGUIDESERVICE
getUserRewards ---> TOURGUIDESERVICE
getUserRewards ---> TOURGUIDESERVICE
getUserRewards ---> TOURGUIDESERVICE
getUserRewards ---> TOURGUIDESERVICE
getUserRewards ---> TOURGUIDESERVICE
getUserRewards ---> TOURGUIDESERVICE
getUserRewards ---> TOURGUIDESERVICE
getUserRewards ---> TOURGUIDESERVICE
getUserRewards ---> TOURGUIDESERVICE
getUserRewards ---> TOURGUIDESERVICE
getUserRewards ---> TOURGUIDESERVICE
getUserRewards ---> TOURGUIDESERVICE
getUserRewards ---> TOURGUIDESERVICE
getUserRewards ---> TOURGUIDESERVICE
getUserRewards ---> TOURGUIDESERVICE
getUserRewards ---> TOURGUIDESERVICE
getUserRewards ---> TOURGUIDESERVICE
getUserRewards ---> TOURGUIDESERVICE
getUserRewards ---> TOURGUIDESERVICE
getUserRewards ---> TOURGUIDESERVICE
getUserRewards ---> TOURGUIDESERVICE
getUserRewards ---> TOURGUIDESERVICE
getUserRewards ---> TOURGUIDESERVICE
getUserRewards ---> TOURGUIDESERVICE
getUserRewards ---> TOURGUIDESERVICE
getUserRewards ---> TOURGUIDESERVICE
getUserRewards ---> TOURGUIDESERVICE
getUserRewards ---> TOURGUIDESERVICE
getUserRewards ---> TOURGUIDESERVICE
getUserRewards ---> TOURGUIDESERVICE
getUserRewards ---> TOURGUIDESERVICE
getUserRewards ---> TOURGUIDESERVICE
getUserRewards ---> TOURGUIDESERVICE
getUserRewards ---> TOURGUIDESERVICE
getUserRewards ---> TOURGUIDESERVICE
getUserRewards ---> TOURGUIDESERVICE
getUserRewards ---> TOURGUIDESERVICE
getUserRewards ---> TOURGUIDESERVICE
getUserRewards ---> TOURGUIDESERVICE
getUserRewards ---> TOURGUIDESERVICE
getUserRewards ---> TOURGUIDESERVICE
getUserRewards ---> TOURGUIDESERVICE
getUserRewards ---> TOURGUIDESERVICE
getUserRewards ---> TOURGUIDESERVICE
getUserRewards ---> TOURGUIDESERVICE
getUserRewards ---> TOURGUIDESERVICE
getUserRewards ---> TOURGUIDESERVICE
getUserRewards ---> TOURGUIDESERVICE
getUserRewards ---> TOURGUIDESERVICE
getUserRewards ---> TOURGUIDESERVICE
getUserRewards ---> TOURGUIDESERVICE
getUserRewards ---> TOURGUIDESERVICE
getUserRewards ---> TOURGUIDESERVICE
getUserRewards ---> TOURGUIDESERVICE
getUserRewards ---> TOURGUIDESERVICE
getUserRewards ---> TOURGUIDESERVICE
getUserRewards ---> TOURGUIDESERVICE
getUserRewards ---> TOURGUIDESERVICE
getUserRewards ---> TOURGUIDESERVICE
getUserRewards ---> TOURGUIDESERVICE
getUserRewards ---> TOURGUIDESERVICE
getUserRewards ---> TOURGUIDESERVICE
getUserRewards ---> TOURGUIDESERVICE
getUserRewards ---> TOURGUIDESERVICE
getUserRewards ---> TOURGUIDESERVICE
getUserRewards ---> TOURGUIDESERVICE
getUserRewards ---> TOURGUIDESERVICE
getUserRewards ---> TOURGUIDESERVICE
getUserRewards ---> TOURGUIDESERVICE
getUserRewards ---> TOURGUIDESERVICE
getUserRewards ---> TOURGUIDESERVICE
getUserRewards ---> TOURGUIDESERVICE
getUserRewards ---> TOURGUIDESERVICE
getUserRewards ---> TOURGUIDESERVICE
getUserRewards ---> TOURGUIDESERVICE
getUserRewards ---> TOURGUIDESERVICE
getUserRewards ---> TOURGUIDESERVICE
getUserRewards ---> TOURGUIDESERVICE
getUserRewards ---> TOURGUIDESERVICE
getUserRewards ---> TOURGUIDESERVICE
getUserRewards ---> TOURGUIDESERVICE
getUserRewards ---> TOURGUIDESERVICE
getUserRewards ---> TOURGUIDESERVICE
getUserRewards ---> TOURGUIDESERVICE
getUserRewards ---> TOURGUIDESERVICE
getUserRewards ---> TOURGUIDESERVICE
getUserRewards ---> TOURGUIDESERVICE
getUserRewards ---> TOURGUIDESERVICE
getUserRewards ---> TOURGUIDESERVICE
getUserRewards ---> TOURGUIDESERVICE
getUserRewards ---> TOURGUIDESERVICE
getUserRewards ---> TOURGUIDESERVICE
getUserRewards ---> TOURGUIDESERVICE
getUserRewards ---> TOURGUIDESERVICE
getUserRewards ---> TOURGUIDESERVICE
getUserRewards ---> TOURGUIDESERVICE
getUserRewards ---> TOURGUIDESERVICE
getUserRewards ---> TOURGUIDESERVICE
getUserRewards ---> TOURGUIDESERVICE
getUserRewards ---> TOURGUIDESERVICE
getUserRewards ---> TOURGUIDESERVICE
getUserRewards ---> TOURGUIDESERVICE
getUserRewards ---> TOURGUIDESERVICE
getUserRewards ---> TOURGUIDESERVICE
getUserRewards ---> TOURGUIDESERVICE
getUserRewards ---> TOURGUIDESERVICE
getUserRewards ---> TOURGUIDESERVICE
getUserRewards ---> TOURGUIDESERVICE
getUserRewards ---> TOURGUIDESERVICE
getUserRewards ---> TOURGUIDESERVICE
getUserRewards ---> TOURGUIDESERVICE
getUserRewards ---> TOURGUIDESERVICE
getUserRewards ---> TOURGUIDESERVICE
getUserRewards ---> TOURGUIDESERVICE
getUserRewards ---> TOURGUIDESERVICE
getUserRewards ---> TOURGUIDESERVICE
getUserRewards ---> TOURGUIDESERVICE
getUserRewards ---> TOURGUIDESERVICE
getUserRewards ---> TOURGUIDESERVICE
getUserRewards ---> TOURGUIDESERVICE
getUserRewards ---> TOURGUIDESERVICE
getUserRewards ---> TOURGUIDESERVICE
getUserRewards ---> TOURGUIDESERVICE
getUserRewards ---> TOURGUIDESERVICE
getUserRewards ---> TOURGUIDESERVICE
getUserRewards ---> TOURGUIDESERVICE
getUserRewards ---> TOURGUIDESERVICE
getUserRewards ---> TOURGUIDESERVICE
getUserRewards ---> TOURGUIDESERVICE
getUserRewards ---> TOURGUIDESERVICE
getUserRewards ---> TOURGUIDESERVICE
getUserRewards ---> TOURGUIDESERVICE
getUserRewards ---> TOURGUIDESERVICE
getUserRewards ---> TOURGUIDESERVICE
getUserRewards ---> TOURGUIDESERVICE
getUserRewards ---> TOURGUIDESERVICE
getUserRewards ---> TOURGUIDESERVICE
getUserRewards ---> TOURGUIDESERVICE
getUserRewards ---> TOURGUIDESERVICE
getUserRewards ---> TOURGUIDESERVICE
getUserRewards ---> TOURGUIDESERVICE
getUserRewards ---> TOURGUIDESERVICE
getUserRewards ---> TOURGUIDESERVICE
getUserRewards ---> TOURGUIDESERVICE
getUserRewards ---> TOURGUIDESERVICE
getUserRewards ---> TOURGUIDESERVICE
getUserRewards ---> TOURGUIDESERVICE
getUserRewards ---> TOURGUIDESERVICE
getUserRewards ---> TOURGUIDESERVICE
getUserRewards ---> TOURGUIDESERVICE
getUserRewards ---> TOURGUIDESERVICE
getUserRewards ---> TOURGUIDESERVICE
getUserRewards ---> TOURGUIDESERVICE
getUserRewards ---> TOURGUIDESERVICE
getUserRewards ---> TOURGUIDESERVICE
getUserRewards ---> TOURGUIDESERVICE
getUserRewards ---> TOURGUIDESERVICE
getUserRewards ---> TOURGUIDESERVICE
getUserRewards ---> TOURGUIDESERVICE
getUserRewards ---> TOURGUIDESERVICE
getUserRewards ---> TOURGUIDESERVICE
getUserRewards ---> TOURGUIDESERVICE
getUserRewards ---> TOURGUIDESERVICE
getUserRewards ---> TOURGUIDESERVICE
getUserRewards ---> TOURGUIDESERVICE
getUserRewards ---> TOURGUIDESERVICE
getUserRewards ---> TOURGUIDESERVICE
getUserRewards ---> TOURGUIDESERVICE
getUserRewards ---> TOURGUIDESERVICE
getUserRewards ---> TOURGUIDESERVICE
getUserRewards ---> TOURGUIDESERVICE
getUserRewards ---> TOURGUIDESERVICE
getUserRewards ---> TOURGUIDESERVICE
getUserRewards ---> TOURGUIDESERVICE
getUserRewards ---> TOURGUIDESERVICE
getUserRewards ---> TOURGUIDESERVICE
getUserRewards ---> TOURGUIDESERVICE
getUserRewards ---> TOURGUIDESERVICE
getUserRewards ---> TOURGUIDESERVICE
getUserRewards ---> TOURGUIDESERVICE
getUserRewards ---> TOURGUIDESERVICE
getUserRewards ---> TOURGUIDESERVICE
getUserRewards ---> TOURGUIDESERVICE
getUserRewards ---> TOURGUIDESERVICE
getUserRewards ---> TOURGUIDESERVICE
getUserRewards ---> TOURGUIDESERVICE
getUserRewards ---> TOURGUIDESERVICE
getUserRewards ---> TOURGUIDESERVICE
getUserRewards ---> TOURGUIDESERVICE
getUserRewards ---> TOURGUIDESERVICE
getUserRewards ---> TOURGUIDESERVICE
getUserRewards ---> TOURGUIDESERVICE
getUserRewards ---> TOURGUIDESERVICE
getUserRewards ---> TOURGUIDESERVICE
getUserRewards ---> TOURGUIDESERVICE
getUserRewards ---> TOURGUIDESERVICE
getUserRewards ---> TOURGUIDESERVICE
getUserRewards ---> TOURGUIDESERVICE
getUserRewards ---> TOURGUIDESERVICE
getUserRewards ---> TOURGUIDESERVICE
getUserRewards ---> TOURGUIDESERVICE
getUserRewards ---> TOURGUIDESERVICE
getUserRewards ---> TOURGUIDESERVICE
getUserRewards ---> TOURGUIDESERVICE
getUserRewards ---> TOURGUIDESERVICE
getUserRewards ---> TOURGUIDESERVICE
getUserRewards ---> TOURGUIDESERVICE
getUserRewards ---> TOURGUIDESERVICE
getUserRewards ---> TOURGUIDESERVICE
getUserRewards ---> TOURGUIDESERVICE
getUserRewards ---> TOURGUIDESERVICE
getUserRewards ---> TOURGUIDESERVICE
getUserRewards ---> TOURGUIDESERVICE
getUserRewards ---> TOURGUIDESERVICE
getUserRewards ---> TOURGUIDESERVICE
getUserRewards ---> TOURGUIDESERVICE
getUserRewards ---> TOURGUIDESERVICE
getUserRewards ---> TOURGUIDESERVICE
getUserRewards ---> TOURGUIDESERVICE
getUserRewards ---> TOURGUIDESERVICE
getUserRewards ---> TOURGUIDESERVICE
getUserRewards ---> TOURGUIDESERVICE
getUserRewards ---> TOURGUIDESERVICE
getUserRewards ---> TOURGUIDESERVICE
getUserRewards ---> TOURGUIDESERVICE
getUserRewards ---> TOURGUIDESERVICE
getUserRewards ---> TOURGUIDESERVICE
getUserRewards ---> TOURGUIDESERVICE
getUserRewards ---> TOURGUIDESERVICE
getUserRewards ---> TOURGUIDESERVICE
getUserRewards ---> TOURGUIDESERVICE
getUserRewards ---> TOURGUIDESERVICE
getUserRewards ---> TOURGUIDESERVICE
getUserRewards ---> TOURGUIDESERVICE
getUserRewards ---> TOURGUIDESERVICE
getUserRewards ---> TOURGUIDESERVICE
getUserRewards ---> TOURGUIDESERVICE
getUserRewards ---> TOURGUIDESERVICE
getUserRewards ---> TOURGUIDESERVICE
getUserRewards ---> TOURGUIDESERVICE
getUserRewards ---> TOURGUIDESERVICE
getUserRewards ---> TOURGUIDESERVICE
getUserRewards ---> TOURGUIDESERVICE
getUserRewards ---> TOURGUIDESERVICE
getUserRewards ---> TOURGUIDESERVICE
getUserRewards ---> TOURGUIDESERVICE
getUserRewards ---> TOURGUIDESERVICE
getUserRewards ---> TOURGUIDESERVICE
getUserRewards ---> TOURGUIDESERVICE
getUserRewards ---> TOURGUIDESERVICE
getUserRewards ---> TOURGUIDESERVICE
getUserRewards ---> TOURGUIDESERVICE
getUserRewards ---> TOURGUIDESERVICE
getUserRewards ---> TOURGUIDESERVICE
getUserRewards ---> TOURGUIDESERVICE
getUserRewards ---> TOURGUIDESERVICE
getUserRewards ---> TOURGUIDESERVICE
getUserRewards ---> TOURGUIDESERVICE
getUserRewards ---> TOURGUIDESERVICE
getUserRewards ---> TOURGUIDESERVICE
getUserRewards ---> TOURGUIDESERVICE
getUserRewards ---> TOURGUIDESERVICE
getUserRewards ---> TOURGUIDESERVICE
getUserRewards ---> TOURGUIDESERVICE
getUserRewards ---> TOURGUIDESERVICE
getUserRewards ---> TOURGUIDESERVICE
getUserRewards ---> TOURGUIDESERVICE
getUserRewards ---> TOURGUIDESERVICE
getUserRewards ---> TOURGUIDESERVICE
getUserRewards ---> TOURGUIDESERVICE
getUserRewards ---> TOURGUIDESERVICE
getUserRewards ---> TOURGUIDESERVICE
getUserRewards ---> TOURGUIDESERVICE
getUserRewards ---> TOURGUIDESERVICE
getUserRewards ---> TOURGUIDESERVICE
getUserRewards ---> TOURGUIDESERVICE
getUserRewards ---> TOURGUIDESERVICE
getUserRewards ---> TOURGUIDESERVICE
getUserRewards ---> TOURGUIDESERVICE
getUserRewards ---> TOURGUIDESERVICE
getUserRewards ---> TOURGUIDESERVICE
getUserRewards ---> TOURGUIDESERVICE
getUserRewards ---> TOURGUIDESERVICE
getUserRewards ---> TOURGUIDESERVICE
getUserRewards ---> TOURGUIDESERVICE
getUserRewards ---> TOURGUIDESERVICE
getUserRewards ---> TOURGUIDESERVICE
getUserRewards ---> TOURGUIDESERVICE
getUserRewards ---> TOURGUIDESERVICE
getUserRewards ---> TOURGUIDESERVICE
getUserRewards ---> TOURGUIDESERVICE
getUserRewards ---> TOURGUIDESERVICE
getUserRewards ---> TOURGUIDESERVICE
getUserRewards ---> TOURGUIDESERVICE
getUserRewards ---> TOURGUIDESERVICE
getUserRewards ---> TOURGUIDESERVICE
getUserRewards ---> TOURGUIDESERVICE
getUserRewards ---> TOURGUIDESERVICE
getUserRewards ---> TOURGUIDESERVICE
getUserRewards ---> TOURGUIDESERVICE
getUserRewards ---> TOURGUIDESERVICE
getUserRewards ---> TOURGUIDESERVICE
getUserRewards ---> TOURGUIDESERVICE
getUserRewards ---> TOURGUIDESERVICE
getUserRewards ---> TOURGUIDESERVICE
getUserRewards ---> TOURGUIDESERVICE
getUserRewards ---> TOURGUIDESERVICE
getUserRewards ---> TOURGUIDESERVICE
getUserRewards ---> TOURGUIDESERVICE
getUserRewards ---> TOURGUIDESERVICE
getUserRewards ---> TOURGUIDESERVICE
getUserRewards ---> TOURGUIDESERVICE
getUserRewards ---> TOURGUIDESERVICE
getUserRewards ---> TOURGUIDESERVICE
getUserRewards ---> TOURGUIDESERVICE
getUserRewards ---> TOURGUIDESERVICE
getUserRewards ---> TOURGUIDESERVICE
getUserRewards ---> TOURGUIDESERVICE
getUserRewards ---> TOURGUIDESERVICE
getUserRewards ---> TOURGUIDESERVICE
getUserRewards ---> TOURGUIDESERVICE
getUserRewards ---> TOURGUIDESERVICE
getUserRewards ---> TOURGUIDESERVICE
getUserRewards ---> TOURGUIDESERVICE
getUserRewards ---> TOURGUIDESERVICE
getUserRewards ---> TOURGUIDESERVICE
getUserRewards ---> TOURGUIDESERVICE
getUserRewards ---> TOURGUIDESERVICE
getUserRewards ---> TOURGUIDESERVICE
getUserRewards ---> TOURGUIDESERVICE
getUserRewards ---> TOURGUIDESERVICE
getUserRewards ---> TOURGUIDESERVICE
getUserRewards ---> TOURGUIDESERVICE
getUserRewards ---> TOURGUIDESERVICE
getUserRewards ---> TOURGUIDESERVICE
getUserRewards ---> TOURGUIDESERVICE
getUserRewards ---> TOURGUIDESERVICE
getUserRewards ---> TOURGUIDESERVICE
getUserRewards ---> TOURGUIDESERVICE
getUserRewards ---> TOURGUIDESERVICE
getUserRewards ---> TOURGUIDESERVICE
getUserRewards ---> TOURGUIDESERVICE
getUserRewards ---> TOURGUIDESERVICE
getUserRewards ---> TOURGUIDESERVICE
getUserRewards ---> TOURGUIDESERVICE
getUserRewards ---> TOURGUIDESERVICE
getUserRewards ---> TOURGUIDESERVICE
getUserRewards ---> TOURGUIDESERVICE
getUserRewards ---> TOURGUIDESERVICE
getUserRewards ---> TOURGUIDESERVICE
getUserRewards ---> TOURGUIDESERVICE
getUserRewards ---> TOURGUIDESERVICE
getUserRewards ---> TOURGUIDESERVICE
getUserRewards ---> TOURGUIDESERVICE
getUserRewards ---> TOURGUIDESERVICE
getUserRewards ---> TOURGUIDESERVICE
getUserRewards ---> TOURGUIDESERVICE
getUserRewards ---> TOURGUIDESERVICE
getUserRewards ---> TOURGUIDESERVICE
getUserRewards ---> TOURGUIDESERVICE
getUserRewards ---> TOURGUIDESERVICE
getUserRewards ---> TOURGUIDESERVICE
getUserRewards ---> TOURGUIDESERVICE
getUserRewards ---> TOURGUIDESERVICE
getUserRewards ---> TOURGUIDESERVICE
getUserRewards ---> TOURGUIDESERVICE
getUserRewards ---> TOURGUIDESERVICE
getUserRewards ---> TOURGUIDESERVICE
getUserRewards ---> TOURGUIDESERVICE
getUserRewards ---> TOURGUIDESERVICE
getUserRewards ---> TOURGUIDESERVICE
getUserRewards ---> TOURGUIDESERVICE
getUserRewards ---> TOURGUIDESERVICE
getUserRewards ---> TOURGUIDESERVICE
getUserRewards ---> TOURGUIDESERVICE
getUserRewards ---> TOURGUIDESERVICE
getUserRewards ---> TOURGUIDESERVICE
getUserRewards ---> TOURGUIDESERVICE
getUserRewards ---> TOURGUIDESERVICE
getUserRewards ---> TOURGUIDESERVICE
getUserRewards ---> TOURGUIDESERVICE
getUserRewards ---> TOURGUIDESERVICE
getUserRewards ---> TOURGUIDESERVICE
getUserRewards ---> TOURGUIDESERVICE
getUserRewards ---> TOURGUIDESERVICE
getUserRewards ---> TOURGUIDESERVICE
getUserRewards ---> TOURGUIDESERVICE
getUserRewards ---> TOURGUIDESERVICE
getUserRewards ---> TOURGUIDESERVICE
getUserRewards ---> TOURGUIDESERVICE
getUserRewards ---> TOURGUIDESERVICE
getUserRewards ---> TOURGUIDESERVICE
getUserRewards ---> TOURGUIDESERVICE
getUserRewards ---> TOURGUIDESERVICE
getUserRewards ---> TOURGUIDESERVICE
getUserRewards ---> TOURGUIDESERVICE
getUserRewards ---> TOURGUIDESERVICE
getUserRewards ---> TOURGUIDESERVICE
getUserRewards ---> TOURGUIDESERVICE
getUserRewards ---> TOURGUIDESERVICE
getUserRewards ---> TOURGUIDESERVICE
getUserRewards ---> TOURGUIDESERVICE
getUserRewards ---> TOURGUIDESERVICE
getUserRewards ---> TOURGUIDESERVICE
getUserRewards ---> TOURGUIDESERVICE
getUserRewards ---> TOURGUIDESERVICE
getUserRewards ---> TOURGUIDESERVICE
getUserRewards ---> TOURGUIDESERVICE
getUserRewards ---> TOURGUIDESERVICE
getUserRewards ---> TOURGUIDESERVICE
getUserRewards ---> TOURGUIDESERVICE
getUserRewards ---> TOURGUIDESERVICE
getUserRewards ---> TOURGUIDESERVICE
getUserRewards ---> TOURGUIDESERVICE
getUserRewards ---> TOURGUIDESERVICE
getUserRewards ---> TOURGUIDESERVICE
getUserRewards ---> TOURGUIDESERVICE
getUserRewards ---> TOURGUIDESERVICE
getUserRewards ---> TOURGUIDESERVICE
getUserRewards ---> TOURGUIDESERVICE
getUserRewards ---> TOURGUIDESERVICE
getUserRewards ---> TOURGUIDESERVICE
getUserRewards ---> TOURGUIDESERVICE
getUserRewards ---> TOURGUIDESERVICE
getUserRewards ---> TOURGUIDESERVICE
getUserRewards ---> TOURGUIDESERVICE
getUserRewards ---> TOURGUIDESERVICE
getUserRewards ---> TOURGUIDESERVICE
getUserRewards ---> TOURGUIDESERVICE
getUserRewards ---> TOURGUIDESERVICE
getUserRewards ---> TOURGUIDESERVICE
getUserRewards ---> TOURGUIDESERVICE
getUserRewards ---> TOURGUIDESERVICE
getUserRewards ---> TOURGUIDESERVICE
getUserRewards ---> TOURGUIDESERVICE
getUserRewards ---> TOURGUIDESERVICE
getUserRewards ---> TOURGUIDESERVICE
getUserRewards ---> TOURGUIDESERVICE
getUserRewards ---> TOURGUIDESERVICE
getUserRewards ---> TOURGUIDESERVICE
getUserRewards ---> TOURGUIDESERVICE
getUserRewards ---> TOURGUIDESERVICE
getUserRewards ---> TOURGUIDESERVICE
getUserRewards ---> TOURGUIDESERVICE
getUserRewards ---> TOURGUIDESERVICE
getUserRewards ---> TOURGUIDESERVICE
getUserRewards ---> TOURGUIDESERVICE
getUserRewards ---> TOURGUIDESERVICE
getUserRewards ---> TOURGUIDESERVICE
getUserRewards ---> TOURGUIDESERVICE
getUserRewards ---> TOURGUIDESERVICE
getUserRewards ---> TOURGUIDESERVICE
getUserRewards ---> TOURGUIDESERVICE
getUserRewards ---> TOURGUIDESERVICE
getUserRewards ---> TOURGUIDESERVICE
getUserRewards ---> TOURGUIDESERVICE
getUserRewards ---> TOURGUIDESERVICE
getUserRewards ---> TOURGUIDESERVICE
getUserRewards ---> TOURGUIDESERVICE
getUserRewards ---> TOURGUIDESERVICE
getUserRewards ---> TOURGUIDESERVICE
getUserRewards ---> TOURGUIDESERVICE
getUserRewards ---> TOURGUIDESERVICE
getUserRewards ---> TOURGUIDESERVICE
getUserRewards ---> TOURGUIDESERVICE
getUserRewards ---> TOURGUIDESERVICE
getUserRewards ---> TOURGUIDESERVICE
getUserRewards ---> TOURGUIDESERVICE
getUserRewards ---> TOURGUIDESERVICE
getUserRewards ---> TOURGUIDESERVICE
getUserRewards ---> TOURGUIDESERVICE
getUserRewards ---> TOURGUIDESERVICE
getUserRewards ---> TOURGUIDESERVICE
getUserRewards ---> TOURGUIDESERVICE
getUserRewards ---> TOURGUIDESERVICE
getUserRewards ---> TOURGUIDESERVICE
getUserRewards ---> TOURGUIDESERVICE
getUserRewards ---> TOURGUIDESERVICE
getUserRewards ---> TOURGUIDESERVICE
getUserRewards ---> TOURGUIDESERVICE
getUserRewards ---> TOURGUIDESERVICE
getUserRewards ---> TOURGUIDESERVICE
getUserRewards ---> TOURGUIDESERVICE
getUserRewards ---> TOURGUIDESERVICE
getUserRewards ---> TOURGUIDESERVICE
getUserRewards ---> TOURGUIDESERVICE
getUserRewards ---> TOURGUIDESERVICE
getUserRewards ---> TOURGUIDESERVICE
getUserRewards ---> TOURGUIDESERVICE
getUserRewards ---> TOURGUIDESERVICE
getUserRewards ---> TOURGUIDESERVICE
getUserRewards ---> TOURGUIDESERVICE
getUserRewards ---> TOURGUIDESERVICE
getUserRewards ---> TOURGUIDESERVICE
getUserRewards ---> TOURGUIDESERVICE
getUserRewards ---> TOURGUIDESERVICE
getUserRewards ---> TOURGUIDESERVICE
getUserRewards ---> TOURGUIDESERVICE
getUserRewards ---> TOURGUIDESERVICE
getUserRewards ---> TOURGUIDESERVICE
getUserRewards ---> TOURGUIDESERVICE
getUserRewards ---> TOURGUIDESERVICE
getUserRewards ---> TOURGUIDESERVICE
getUserRewards ---> TOURGUIDESERVICE
getUserRewards ---> TOURGUIDESERVICE
getUserRewards ---> TOURGUIDESERVICE
getUserRewards ---> TOURGUIDESERVICE
getUserRewards ---> TOURGUIDESERVICE
getUserRewards ---> TOURGUIDESERVICE
getUserRewards ---> TOURGUIDESERVICE
getUserRewards ---> TOURGUIDESERVICE
getUserRewards ---> TOURGUIDESERVICE
getUserRewards ---> TOURGUIDESERVICE
getUserRewards ---> TOURGUIDESERVICE
getUserRewards ---> TOURGUIDESERVICE
getUserRewards ---> TOURGUIDESERVICE
getUserRewards ---> TOURGUIDESERVICE
getUserRewards ---> TOURGUIDESERVICE
getUserRewards ---> TOURGUIDESERVICE
getUserRewards ---> TOURGUIDESERVICE
getUserRewards ---> TOURGUIDESERVICE
getUserRewards ---> TOURGUIDESERVICE
getUserRewards ---> TOURGUIDESERVICE
getUserRewards ---> TOURGUIDESERVICE
getUserRewards ---> TOURGUIDESERVICE
getUserRewards ---> TOURGUIDESERVICE
getUserRewards ---> TOURGUIDESERVICE
getUserRewards ---> TOURGUIDESERVICE
getUserRewards ---> TOURGUIDESERVICE
getUserRewards ---> TOURGUIDESERVICE
getUserRewards ---> TOURGUIDESERVICE
getUserRewards ---> TOURGUIDESERVICE
getUserRewards ---> TOURGUIDESERVICE
getUserRewards ---> TOURGUIDESERVICE
getUserRewards ---> TOURGUIDESERVICE
getUserRewards ---> TOURGUIDESERVICE
getUserRewards ---> TOURGUIDESERVICE
getUserRewards ---> TOURGUIDESERVICE
getUserRewards ---> TOURGUIDESERVICE
getUserRewards ---> TOURGUIDESERVICE
getUserRewards ---> TOURGUIDESERVICE
getUserRewards ---> TOURGUIDESERVICE
getUserRewards ---> TOURGUIDESERVICE
getUserRewards ---> TOURGUIDESERVICE
getUserRewards ---> TOURGUIDESERVICE
getUserRewards ---> TOURGUIDESERVICE
getUserRewards ---> TOURGUIDESERVICE
getUserRewards ---> TOURGUIDESERVICE
getUserRewards ---> TOURGUIDESERVICE
getUserRewards ---> TOURGUIDESERVICE
getUserRewards ---> TOURGUIDESERVICE
getUserRewards ---> TOURGUIDESERVICE
getUserRewards ---> TOURGUIDESERVICE
getUserRewards ---> TOURGUIDESERVICE
getUserRewards ---> TOURGUIDESERVICE
getUserRewards ---> TOURGUIDESERVICE
getUserRewards ---> TOURGUIDESERVICE
getUserRewards ---> TOURGUIDESERVICE
getUserRewards ---> TOURGUIDESERVICE
getUserRewards ---> TOURGUIDESERVICE
getUserRewards ---> TOURGUIDESERVICE
getUserRewards ---> TOURGUIDESERVICE
getUserRewards ---> TOURGUIDESERVICE
getUserRewards ---> TOURGUIDESERVICE
getUserRewards ---> TOURGUIDESERVICE
getUserRewards ---> TOURGUIDESERVICE
getUserRewards ---> TOURGUIDESERVICE
getUserRewards ---> TOURGUIDESERVICE
getUserRewards ---> TOURGUIDESERVICE
getUserRewards ---> TOURGUIDESERVICE
getUserRewards ---> TOURGUIDESERVICE
getUserRewards ---> TOURGUIDESERVICE
getUserRewards ---> TOURGUIDESERVICE
getUserRewards ---> TOURGUIDESERVICE
getUserRewards ---> TOURGUIDESERVICE
getUserRewards ---> TOURGUIDESERVICE
getUserRewards ---> TOURGUIDESERVICE
getUserRewards ---> TOURGUIDESERVICE
getUserRewards ---> TOURGUIDESERVICE
getUserRewards ---> TOURGUIDESERVICE
getUserRewards ---> TOURGUIDESERVICE
getUserRewards ---> TOURGUIDESERVICE
getUserRewards ---> TOURGUIDESERVICE
getUserRewards ---> TOURGUIDESERVICE
getUserRewards ---> TOURGUIDESERVICE
getUserRewards ---> TOURGUIDESERVICE
getUserRewards ---> TOURGUIDESERVICE
getUserRewards ---> TOURGUIDESERVICE
getUserRewards ---> TOURGUIDESERVICE
getUserRewards ---> TOURGUIDESERVICE
getUserRewards ---> TOURGUIDESERVICE
getUserRewards ---> TOURGUIDESERVICE
getUserRewards ---> TOURGUIDESERVICE
getUserRewards ---> TOURGUIDESERVICE
getUserRewards ---> TOURGUIDESERVICE
getUserRewards ---> TOURGUIDESERVICE
getUserRewards ---> TOURGUIDESERVICE
getUserRewards ---> TOURGUIDESERVICE
getUserRewards ---> TOURGUIDESERVICE
getUserRewards ---> TOURGUIDESERVICE
getUserRewards ---> TOURGUIDESERVICE
getUserRewards ---> TOURGUIDESERVICE
getUserRewards ---> TOURGUIDESERVICE
getUserRewards ---> TOURGUIDESERVICE
getUserRewards ---> TOURGUIDESERVICE
getUserRewards ---> TOURGUIDESERVICE
getUserRewards ---> TOURGUIDESERVICE
getUserRewards ---> TOURGUIDESERVICE
getUserRewards ---> TOURGUIDESERVICE
getUserRewards ---> TOURGUIDESERVICE
getUserRewards ---> TOURGUIDESERVICE
getUserRewards ---> TOURGUIDESERVICE
getUserRewards ---> TOURGUIDESERVICE
getUserRewards ---> TOURGUIDESERVICE
getUserRewards ---> TOURGUIDESERVICE
getUserRewards ---> TOURGUIDESERVICE
getUserRewards ---> TOURGUIDESERVICE
getUserRewards ---> TOURGUIDESERVICE
getUserRewards ---> TOURGUIDESERVICE
getUserRewards ---> TOURGUIDESERVICE
getUserRewards ---> TOURGUIDESERVICE
getUserRewards ---> TOURGUIDESERVICE
getUserRewards ---> TOURGUIDESERVICE
getUserRewards ---> TOURGUIDESERVICE
getUserRewards ---> TOURGUIDESERVICE
getUserRewards ---> TOURGUIDESERVICE
getUserRewards ---> TOURGUIDESERVICE
getUserRewards ---> TOURGUIDESERVICE
getUserRewards ---> TOURGUIDESERVICE
getUserRewards ---> TOURGUIDESERVICE
getUserRewards ---> TOURGUIDESERVICE
getUserRewards ---> TOURGUIDESERVICE
getUserRewards ---> TOURGUIDESERVICE
getUserRewards ---> TOURGUIDESERVICE
getUserRewards ---> TOURGUIDESERVICE
getUserRewards ---> TOURGUIDESERVICE
getUserRewards ---> TOURGUIDESERVICE
getUserRewards ---> TOURGUIDESERVICE
getUserRewards ---> TOURGUIDESERVICE
getUserRewards ---> TOURGUIDESERVICE
getUserRewards ---> TOURGUIDESERVICE
getUserRewards ---> TOURGUIDESERVICE
getUserRewards ---> TOURGUIDESERVICE
getUserRewards ---> TOURGUIDESERVICE
getUserRewards ---> TOURGUIDESERVICE
getUserRewards ---> TOURGUIDESERVICE
getUserRewards ---> TOURGUIDESERVICE
getUserRewards ---> TOURGUIDESERVICE
getUserRewards ---> TOURGUIDESERVICE
getUserRewards ---> TOURGUIDESERVICE
getUserRewards ---> TOURGUIDESERVICE
getUserRewards ---> TOURGUIDESERVICE
getUserRewards ---> TOURGUIDESERVICE
getUserRewards ---> TOURGUIDESERVICE
getUserRewards ---> TOURGUIDESERVICE
getUserRewards ---> TOURGUIDESERVICE
getUserRewards ---> TOURGUIDESERVICE
getUserRewards ---> TOURGUIDESERVICE
getUserRewards ---> TOURGUIDESERVICE
getUserRewards ---> TOURGUIDESERVICE
getUserRewards ---> TOURGUIDESERVICE
getUserRewards ---> TOURGUIDESERVICE
getUserRewards ---> TOURGUIDESERVICE
getUserRewards ---> TOURGUIDESERVICE
getUserRewards ---> TOURGUIDESERVICE
getUserRewards ---> TOURGUIDESERVICE
getUserRewards ---> TOURGUIDESERVICE
getUserRewards ---> TOURGUIDESERVICE
getUserRewards ---> TOURGUIDESERVICE
getUserRewards ---> TOURGUIDESERVICE
getUserRewards ---> TOURGUIDESERVICE
getUserRewards ---> TOURGUIDESERVICE
getUserRewards ---> TOURGUIDESERVICE
getUserRewards ---> TOURGUIDESERVICE
getUserRewards ---> TOURGUIDESERVICE
getUserRewards ---> TOURGUIDESERVICE
getUserRewards ---> TOURGUIDESERVICE
getUserRewards ---> TOURGUIDESERVICE
getUserRewards ---> TOURGUIDESERVICE
getUserRewards ---> TOURGUIDESERVICE
getUserRewards ---> TOURGUIDESERVICE
getUserRewards ---> TOURGUIDESERVICE
getUserRewards ---> TOURGUIDESERVICE
getUserRewards ---> TOURGUIDESERVICE
getUserRewards ---> TOURGUIDESERVICE
getUserRewards ---> TOURGUIDESERVICE
getUserRewards ---> TOURGUIDESERVICE
getUserRewards ---> TOURGUIDESERVICE
getUserRewards ---> TOURGUIDESERVICE
getUserRewards ---> TOURGUIDESERVICE
getUserRewards ---> TOURGUIDESERVICE
getUserRewards ---> TOURGUIDESERVICE
getUserRewards ---> TOURGUIDESERVICE
getUserRewards ---> TOURGUIDESERVICE
getUserRewards ---> TOURGUIDESERVICE
getUserRewards ---> TOURGUIDESERVICE
getUserRewards ---> TOURGUIDESERVICE
getUserRewards ---> TOURGUIDESERVICE
getUserRewards ---> TOURGUIDESERVICE
getUserRewards ---> TOURGUIDESERVICE
getUserRewards ---> TOURGUIDESERVICE
getUserRewards ---> TOURGUIDESERVICE
getUserRewards ---> TOURGUIDESERVICE
getUserRewards ---> TOURGUIDESERVICE
getUserRewards ---> TOURGUIDESERVICE
getUserRewards ---> TOURGUIDESERVICE
getUserRewards ---> TOURGUIDESERVICE
getUserRewards ---> TOURGUIDESERVICE
getUserRewards ---> TOURGUIDESERVICE
getUserRewards ---> TOURGUIDESERVICE
getUserRewards ---> TOURGUIDESERVICE
getUserRewards ---> TOURGUIDESERVICE
getUserRewards ---> TOURGUIDESERVICE
getUserRewards ---> TOURGUIDESERVICE
getUserRewards ---> TOURGUIDESERVICE
getUserRewards ---> TOURGUIDESERVICE
getUserRewards ---> TOURGUIDESERVICE
getUserRewards ---> TOURGUIDESERVICE
getUserRewards ---> TOURGUIDESERVICE
getUserRewards ---> TOURGUIDESERVICE
getUserRewards ---> TOURGUIDESERVICE
getUserRewards ---> TOURGUIDESERVICE
getUserRewards ---> TOURGUIDESERVICE
getUserRewards ---> TOURGUIDESERVICE
getUserRewards ---> TOURGUIDESERVICE
getUserRewards ---> TOURGUIDESERVICE
getUserRewards ---> TOURGUIDESERVICE
getUserRewards ---> TOURGUIDESERVICE
getUserRewards ---> TOURGUIDESERVICE
getUserRewards ---> TOURGUIDESERVICE
getUserRewards ---> TOURGUIDESERVICE
getUserRewards ---> TOURGUIDESERVICE
getUserRewards ---> TOURGUIDESERVICE
getUserRewards ---> TOURGUIDESERVICE
getUserRewards ---> TOURGUIDESERVICE
getUserRewards ---> TOURGUIDESERVICE
getUserRewards ---> TOURGUIDESERVICE
getUserRewards ---> TOURGUIDESERVICE
getUserRewards ---> TOURGUIDESERVICE
getUserRewards ---> TOURGUIDESERVICE
getUserRewards ---> TOURGUIDESERVICE
getUserRewards ---> TOURGUIDESERVICE
getUserRewards ---> TOURGUIDESERVICE
getUserRewards ---> TOURGUIDESERVICE
getUserRewards ---> TOURGUIDESERVICE
getUserRewards ---> TOURGUIDESERVICE
getUserRewards ---> TOURGUIDESERVICE
getUserRewards ---> TOURGUIDESERVICE
getUserRewards ---> TOURGUIDESERVICE
getUserRewards ---> TOURGUIDESERVICE
getUserRewards ---> TOURGUIDESERVICE
getUserRewards ---> TOURGUIDESERVICE
getUserRewards ---> TOURGUIDESERVICE
getUserRewards ---> TOURGUIDESERVICE
getUserRewards ---> TOURGUIDESERVICE
getUserRewards ---> TOURGUIDESERVICE
getUserRewards ---> TOURGUIDESERVICE
getUserRewards ---> TOURGUIDESERVICE
getUserRewards ---> TOURGUIDESERVICE
getUserRewards ---> TOURGUIDESERVICE
getUserRewards ---> TOURGUIDESERVICE
getUserRewards ---> TOURGUIDESERVICE
getUserRewards ---> TOURGUIDESERVICE
getUserRewards ---> TOURGUIDESERVICE
getUserRewards ---> TOURGUIDESERVICE
getUserRewards ---> TOURGUIDESERVICE
getUserRewards ---> TOURGUIDESERVICE
getUserRewards ---> TOURGUIDESERVICE
getUserRewards ---> TOURGUIDESERVICE
getUserRewards ---> TOURGUIDESERVICE
getUserRewards ---> TOURGUIDESERVICE
getUserRewards ---> TOURGUIDESERVICE
getUserRewards ---> TOURGUIDESERVICE
getUserRewards ---> TOURGUIDESERVICE
getUserRewards ---> TOURGUIDESERVICE
getUserRewards ---> TOURGUIDESERVICE
getUserRewards ---> TOURGUIDESERVICE
getUserRewards ---> TOURGUIDESERVICE
getUserRewards ---> TOURGUIDESERVICE
getUserRewards ---> TOURGUIDESERVICE
getUserRewards ---> TOURGUIDESERVICE
getUserRewards ---> TOURGUIDESERVICE
getUserRewards ---> TOURGUIDESERVICE
getUserRewards ---> TOURGUIDESERVICE
getUserRewards ---> TOURGUIDESERVICE
getUserRewards ---> TOURGUIDESERVICE
getUserRewards ---> TOURGUIDESERVICE
getUserRewards ---> TOURGUIDESERVICE
getUserRewards ---> TOURGUIDESERVICE
getUserRewards ---> TOURGUIDESERVICE
getUserRewards ---> TOURGUIDESERVICE
getUserRewards ---> TOURGUIDESERVICE
getUserRewards ---> TOURGUIDESERVICE
getUserRewards ---> TOURGUIDESERVICE
getUserRewards ---> TOURGUIDESERVICE
getUserRewards ---> TOURGUIDESERVICE
getUserRewards ---> TOURGUIDESERVICE
getUserRewards ---> TOURGUIDESERVICE
getUserRewards ---> TOURGUIDESERVICE
getUserRewards ---> TOURGUIDESERVICE
getUserRewards ---> TOURGUIDESERVICE
getUserRewards ---> TOURGUIDESERVICE
getUserRewards ---> TOURGUIDESERVICE
getUserRewards ---> TOURGUIDESERVICE
getUserRewards ---> TOURGUIDESERVICE
getUserRewards ---> TOURGUIDESERVICE
getUserRewards ---> TOURGUIDESERVICE
getUserRewards ---> TOURGUIDESERVICE
getUserRewards ---> TOURGUIDESERVICE
getUserRewards ---> TOURGUIDESERVICE
getUserRewards ---> TOURGUIDESERVICE
getUserRewards ---> TOURGUIDESERVICE
getUserRewards ---> TOURGUIDESERVICE
getUserRewards ---> TOURGUIDESERVICE
getUserRewards ---> TOURGUIDESERVICE
getUserRewards ---> TOURGUIDESERVICE
getUserRewards ---> TOURGUIDESERVICE
getUserRewards ---> TOURGUIDESERVICE
getUserRewards ---> TOURGUIDESERVICE
getUserRewards ---> TOURGUIDESERVICE
getUserRewards ---> TOURGUIDESERVICE
getUserRewards ---> TOURGUIDESERVICE
getUserRewards ---> TOURGUIDESERVICE
getUserRewards ---> TOURGUIDESERVICE
getUserRewards ---> TOURGUIDESERVICE
getUserRewards ---> TOURGUIDESERVICE
getUserRewards ---> TOURGUIDESERVICE
getUserRewards ---> TOURGUIDESERVICE
getUserRewards ---> TOURGUIDESERVICE
getUserRewards ---> TOURGUIDESERVICE
getUserRewards ---> TOURGUIDESERVICE
getUserRewards ---> TOURGUIDESERVICE
getUserRewards ---> TOURGUIDESERVICE
getUserRewards ---> TOURGUIDESERVICE
getUserRewards ---> TOURGUIDESERVICE
getUserRewards ---> TOURGUIDESERVICE
getUserRewards ---> TOURGUIDESERVICE
getUserRewards ---> TOURGUIDESERVICE
getUserRewards ---> TOURGUIDESERVICE
getUserRewards ---> TOURGUIDESERVICE
getUserRewards ---> TOURGUIDESERVICE
getUserRewards ---> TOURGUIDESERVICE
getUserRewards ---> TOURGUIDESERVICE
getUserRewards ---> TOURGUIDESERVICE
getUserRewards ---> TOURGUIDESERVICE
getUserRewards ---> TOURGUIDESERVICE
getUserRewards ---> TOURGUIDESERVICE
getUserRewards ---> TOURGUIDESERVICE
getUserRewards ---> TOURGUIDESERVICE
getUserRewards ---> TOURGUIDESERVICE
getUserRewards ---> TOURGUIDESERVICE
getUserRewards ---> TOURGUIDESERVICE
getUserRewards ---> TOURGUIDESERVICE
getUserRewards ---> TOURGUIDESERVICE
getUserRewards ---> TOURGUIDESERVICE
getUserRewards ---> TOURGUIDESERVICE
getUserRewards ---> TOURGUIDESERVICE
getUserRewards ---> TOURGUIDESERVICE
getUserRewards ---> TOURGUIDESERVICE
getUserRewards ---> TOURGUIDESERVICE
getUserRewards ---> TOURGUIDESERVICE
getUserRewards ---> TOURGUIDESERVICE
getUserRewards ---> TOURGUIDESERVICE
getUserRewards ---> TOURGUIDESERVICE
getUserRewards ---> TOURGUIDESERVICE
getUserRewards ---> TOURGUIDESERVICE
getUserRewards ---> TOURGUIDESERVICE
getUserRewards ---> TOURGUIDESERVICE
getUserRewards ---> TOURGUIDESERVICE
getUserRewards ---> TOURGUIDESERVICE
getUserRewards ---> TOURGUIDESERVICE
getUserRewards ---> TOURGUIDESERVICE
getUserRewards ---> TOURGUIDESERVICE
getUserRewards ---> TOURGUIDESERVICE
getUserRewards ---> TOURGUIDESERVICE
getUserRewards ---> TOURGUIDESERVICE
getUserRewards ---> TOURGUIDESERVICE
getUserRewards ---> TOURGUIDESERVICE
getUserRewards ---> TOURGUIDESERVICE
getUserRewards ---> TOURGUIDESERVICE
getUserRewards ---> TOURGUIDESERVICE
getUserRewards ---> TOURGUIDESERVICE
getUserRewards ---> TOURGUIDESERVICE
getUserRewards ---> TOURGUIDESERVICE
getUserRewards ---> TOURGUIDESERVICE
getUserRewards ---> TOURGUIDESERVICE
getUserRewards ---> TOURGUIDESERVICE
getUserRewards ---> TOURGUIDESERVICE
getUserRewards ---> TOURGUIDESERVICE
getUserRewards ---> TOURGUIDESERVICE
getUserRewards ---> TOURGUIDESERVICE
getUserRewards ---> TOURGUIDESERVICE
getUserRewards ---> TOURGUIDESERVICE
getUserRewards ---> TOURGUIDESERVICE
getUserRewards ---> TOURGUIDESERVICE
getUserRewards ---> TOURGUIDESERVICE
getUserRewards ---> TOURGUIDESERVICE
getUserRewards ---> TOURGUIDESERVICE
getUserRewards ---> TOURGUIDESERVICE
getUserRewards ---> TOURGUIDESERVICE
getUserRewards ---> TOURGUIDESERVICE
getUserRewards ---> TOURGUIDESERVICE
getUserRewards ---> TOURGUIDESERVICE
getUserRewards ---> TOURGUIDESERVICE
getUserRewards ---> TOURGUIDESERVICE
getUserRewards ---> TOURGUIDESERVICE
getUserRewards ---> TOURGUIDESERVICE
getUserRewards ---> TOURGUIDESERVICE
getUserRewards ---> TOURGUIDESERVICE
getUserRewards ---> TOURGUIDESERVICE
getUserRewards ---> TOURGUIDESERVICE
getUserRewards ---> TOURGUIDESERVICE
getUserRewards ---> TOURGUIDESERVICE
getUserRewards ---> TOURGUIDESERVICE
getUserRewards ---> TOURGUIDESERVICE
getUserRewards ---> TOURGUIDESERVICE
getUserRewards ---> TOURGUIDESERVICE
getUserRewards ---> TOURGUIDESERVICE
getUserRewards ---> TOURGUIDESERVICE
getUserRewards ---> TOURGUIDESERVICE
getUserRewards ---> TOURGUIDESERVICE
getUserRewards ---> TOURGUIDESERVICE
getUserRewards ---> TOURGUIDESERVICE
getUserRewards ---> TOURGUIDESERVICE
getUserRewards ---> TOURGUIDESERVICE
getUserRewards ---> TOURGUIDESERVICE
getUserRewards ---> TOURGUIDESERVICE
getUserRewards ---> TOURGUIDESERVICE
getUserRewards ---> TOURGUIDESERVICE
getUserRewards ---> TOURGUIDESERVICE
getUserRewards ---> TOURGUIDESERVICE
getUserRewards ---> TOURGUIDESERVICE
getUserRewards ---> TOURGUIDESERVICE
getUserRewards ---> TOURGUIDESERVICE
getUserRewards ---> TOURGUIDESERVICE
getUserRewards ---> TOURGUIDESERVICE
getUserRewards ---> TOURGUIDESERVICE
getUserRewards ---> TOURGUIDESERVICE
getUserRewards ---> TOURGUIDESERVICE
getUserRewards ---> TOURGUIDESERVICE
getUserRewards ---> TOURGUIDESERVICE
getUserRewards ---> TOURGUIDESERVICE
getUserRewards ---> TOURGUIDESERVICE
getUserRewards ---> TOURGUIDESERVICE
getUserRewards ---> TOURGUIDESERVICE
getUserRewards ---> TOURGUIDESERVICE
getUserRewards ---> TOURGUIDESERVICE
getUserRewards ---> TOURGUIDESERVICE
getUserRewards ---> TOURGUIDESERVICE
getUserRewards ---> TOURGUIDESERVICE
getUserRewards ---> TOURGUIDESERVICE
getUserRewards ---> TOURGUIDESERVICE
getUserRewards ---> TOURGUIDESERVICE
getUserRewards ---> TOURGUIDESERVICE
getUserRewards ---> TOURGUIDESERVICE
getUserRewards ---> TOURGUIDESERVICE
getUserRewards ---> TOURGUIDESERVICE
getUserRewards ---> TOURGUIDESERVICE
getUserRewards ---> TOURGUIDESERVICE
getUserRewards ---> TOURGUIDESERVICE
getUserRewards ---> TOURGUIDESERVICE
getUserRewards ---> TOURGUIDESERVICE
getUserRewards ---> TOURGUIDESERVICE
getUserRewards ---> TOURGUIDESERVICE
getUserRewards ---> TOURGUIDESERVICE
getUserRewards ---> TOURGUIDESERVICE
getUserRewards ---> TOURGUIDESERVICE
getUserRewards ---> TOURGUIDESERVICE
getUserRewards ---> TOURGUIDESERVICE
getUserRewards ---> TOURGUIDESERVICE
getUserRewards ---> TOURGUIDESERVICE
getUserRewards ---> TOURGUIDESERVICE
getUserRewards ---> TOURGUIDESERVICE
getUserRewards ---> TOURGUIDESERVICE
getUserRewards ---> TOURGUIDESERVICE
getUserRewards ---> TOURGUIDESERVICE
getUserRewards ---> TOURGUIDESERVICE
getUserRewards ---> TOURGUIDESERVICE
getUserRewards ---> TOURGUIDESERVICE
getUserRewards ---> TOURGUIDESERVICE
getUserRewards ---> TOURGUIDESERVICE
getUserRewards ---> TOURGUIDESERVICE
getUserRewards ---> TOURGUIDESERVICE
getUserRewards ---> TOURGUIDESERVICE
getUserRewards ---> TOURGUIDESERVICE
getUserRewards ---> TOURGUIDESERVICE
getUserRewards ---> TOURGUIDESERVICE
getUserRewards ---> TOURGUIDESERVICE
getUserRewards ---> TOURGUIDESERVICE
getUserRewards ---> TOURGUIDESERVICE
getUserRewards ---> TOURGUIDESERVICE
getUserRewards ---> TOURGUIDESERVICE
getUserRewards ---> TOURGUIDESERVICE
getUserRewards ---> TOURGUIDESERVICE
getUserRewards ---> TOURGUIDESERVICE
getUserRewards ---> TOURGUIDESERVICE
getUserRewards ---> TOURGUIDESERVICE
getUserRewards ---> TOURGUIDESERVICE
getUserRewards ---> TOURGUIDESERVICE
getUserRewards ---> TOURGUIDESERVICE
getUserRewards ---> TOURGUIDESERVICE
getUserRewards ---> TOURGUIDESERVICE
getUserRewards ---> TOURGUIDESERVICE
getUserRewards ---> TOURGUIDESERVICE
getUserRewards ---> TOURGUIDESERVICE
getUserRewards ---> TOURGUIDESERVICE
getUserRewards ---> TOURGUIDESERVICE
getUserRewards ---> TOURGUIDESERVICE
getUserRewards ---> TOURGUIDESERVICE
getUserRewards ---> TOURGUIDESERVICE
getUserRewards ---> TOURGUIDESERVICE
getUserRewards ---> TOURGUIDESERVICE
getUserRewards ---> TOURGUIDESERVICE
getUserRewards ---> TOURGUIDESERVICE
getUserRewards ---> TOURGUIDESERVICE
getUserRewards ---> TOURGUIDESERVICE
getUserRewards ---> TOURGUIDESERVICE
getUserRewards ---> TOURGUIDESERVICE
getUserRewards ---> TOURGUIDESERVICE
getUserRewards ---> TOURGUIDESERVICE
getUserRewards ---> TOURGUIDESERVICE
getUserRewards ---> TOURGUIDESERVICE
getUserRewards ---> TOURGUIDESERVICE
getUserRewards ---> TOURGUIDESERVICE
getUserRewards ---> TOURGUIDESERVICE
getUserRewards ---> TOURGUIDESERVICE
getUserRewards ---> TOURGUIDESERVICE
getUserRewards ---> TOURGUIDESERVICE
getUserRewards ---> TOURGUIDESERVICE
getUserRewards ---> TOURGUIDESERVICE
getUserRewards ---> TOURGUIDESERVICE
getUserRewards ---> TOURGUIDESERVICE
getUserRewards ---> TOURGUIDESERVICE
getUserRewards ---> TOURGUIDESERVICE
getUserRewards ---> TOURGUIDESERVICE
getUserRewards ---> TOURGUIDESERVICE
getUserRewards ---> TOURGUIDESERVICE
getUserRewards ---> TOURGUIDESERVICE
getUserRewards ---> TOURGUIDESERVICE
getUserRewards ---> TOURGUIDESERVICE
getUserRewards ---> TOURGUIDESERVICE
getUserRewards ---> TOURGUIDESERVICE
getUserRewards ---> TOURGUIDESERVICE
getUserRewards ---> TOURGUIDESERVICE
getUserRewards ---> TOURGUIDESERVICE
getUserRewards ---> TOURGUIDESERVICE
getUserRewards ---> TOURGUIDESERVICE
getUserRewards ---> TOURGUIDESERVICE
getUserRewards ---> TOURGUIDESERVICE
getUserRewards ---> TOURGUIDESERVICE
getUserRewards ---> TOURGUIDESERVICE
getUserRewards ---> TOURGUIDESERVICE
getUserRewards ---> TOURGUIDESERVICE
getUserRewards ---> TOURGUIDESERVICE
getUserRewards ---> TOURGUIDESERVICE
getUserRewards ---> TOURGUIDESERVICE
getUserRewards ---> TOURGUIDESERVICE
getUserRewards ---> TOURGUIDESERVICE
getUserRewards ---> TOURGUIDESERVICE
getUserRewards ---> TOURGUIDESERVICE
getUserRewards ---> TOURGUIDESERVICE
getUserRewards ---> TOURGUIDESERVICE
getUserRewards ---> TOURGUIDESERVICE
getUserRewards ---> TOURGUIDESERVICE
getUserRewards ---> TOURGUIDESERVICE
getUserRewards ---> TOURGUIDESERVICE
getUserRewards ---> TOURGUIDESERVICE
getUserRewards ---> TOURGUIDESERVICE
getUserRewards ---> TOURGUIDESERVICE
getUserRewards ---> TOURGUIDESERVICE
getUserRewards ---> TOURGUIDESERVICE
getUserRewards ---> TOURGUIDESERVICE
getUserRewards ---> TOURGUIDESERVICE
getUserRewards ---> TOURGUIDESERVICE
getUserRewards ---> TOURGUIDESERVICE
getUserRewards ---> TOURGUIDESERVICE
getUserRewards ---> TOURGUIDESERVICE
getUserRewards ---> TOURGUIDESERVICE
getUserRewards ---> TOURGUIDESERVICE
getUserRewards ---> TOURGUIDESERVICE
getUserRewards ---> TOURGUIDESERVICE
getUserRewards ---> TOURGUIDESERVICE
getUserRewards ---> TOURGUIDESERVICE
getUserRewards ---> TOURGUIDESERVICE
getUserRewards ---> TOURGUIDESERVICE
getUserRewards ---> TOURGUIDESERVICE
getUserRewards ---> TOURGUIDESERVICE
getUserRewards ---> TOURGUIDESERVICE
getUserRewards ---> TOURGUIDESERVICE
getUserRewards ---> TOURGUIDESERVICE
getUserRewards ---> TOURGUIDESERVICE
getUserRewards ---> TOURGUIDESERVICE
getUserRewards ---> TOURGUIDESERVICE
getUserRewards ---> TOURGUIDESERVICE
getUserRewards ---> TOURGUIDESERVICE
getUserRewards ---> TOURGUIDESERVICE
getUserRewards ---> TOURGUIDESERVICE
getUserRewards ---> TOURGUIDESERVICE
getUserRewards ---> TOURGUIDESERVICE
getUserRewards ---> TOURGUIDESERVICE
getUserRewards ---> TOURGUIDESERVICE
getUserRewards ---> TOURGUIDESERVICE
getUserRewards ---> TOURGUIDESERVICE
getUserRewards ---> TOURGUIDESERVICE
getUserRewards ---> TOURGUIDESERVICE
getUserRewards ---> TOURGUIDESERVICE
getUserRewards ---> TOURGUIDESERVICE
getUserRewards ---> TOURGUIDESERVICE
getUserRewards ---> TOURGUIDESERVICE
getUserRewards ---> TOURGUIDESERVICE
getUserRewards ---> TOURGUIDESERVICE
getUserRewards ---> TOURGUIDESERVICE
getUserRewards ---> TOURGUIDESERVICE
getUserRewards ---> TOURGUIDESERVICE
getUserRewards ---> TOURGUIDESERVICE
getUserRewards ---> TOURGUIDESERVICE
getUserRewards ---> TOURGUIDESERVICE
getUserRewards ---> TOURGUIDESERVICE
getUserRewards ---> TOURGUIDESERVICE
getUserRewards ---> TOURGUIDESERVICE
getUserRewards ---> TOURGUIDESERVICE
getUserRewards ---> TOURGUIDESERVICE
getUserRewards ---> TOURGUIDESERVICE
getUserRewards ---> TOURGUIDESERVICE
getUserRewards ---> TOURGUIDESERVICE
getUserRewards ---> TOURGUIDESERVICE
getUserRewards ---> TOURGUIDESERVICE
getUserRewards ---> TOURGUIDESERVICE
getUserRewards ---> TOURGUIDESERVICE
getUserRewards ---> TOURGUIDESERVICE
getUserRewards ---> TOURGUIDESERVICE
getUserRewards ---> TOURGUIDESERVICE
getUserRewards ---> TOURGUIDESERVICE
getUserRewards ---> TOURGUIDESERVICE
getUserRewards ---> TOURGUIDESERVICE
getUserRewards ---> TOURGUIDESERVICE
getUserRewards ---> TOURGUIDESERVICE
getUserRewards ---> TOURGUIDESERVICE
getUserRewards ---> TOURGUIDESERVICE
getUserRewards ---> TOURGUIDESERVICE
getUserRewards ---> TOURGUIDESERVICE
getUserRewards ---> TOURGUIDESERVICE
getUserRewards ---> TOURGUIDESERVICE
getUserRewards ---> TOURGUIDESERVICE
getUserRewards ---> TOURGUIDESERVICE
getUserRewards ---> TOURGUIDESERVICE
getUserRewards ---> TOURGUIDESERVICE
getUserRewards ---> TOURGUIDESERVICE
getUserRewards ---> TOURGUIDESERVICE
getUserRewards ---> TOURGUIDESERVICE
getUserRewards ---> TOURGUIDESERVICE
getUserRewards ---> TOURGUIDESERVICE
getUserRewards ---> TOURGUIDESERVICE
getUserRewards ---> TOURGUIDESERVICE
getUserRewards ---> TOURGUIDESERVICE
getUserRewards ---> TOURGUIDESERVICE
getUserRewards ---> TOURGUIDESERVICE
getUserRewards ---> TOURGUIDESERVICE
getUserRewards ---> TOURGUIDESERVICE
getUserRewards ---> TOURGUIDESERVICE
getUserRewards ---> TOURGUIDESERVICE
getUserRewards ---> TOURGUIDESERVICE
getUserRewards ---> TOURGUIDESERVICE
getUserRewards ---> TOURGUIDESERVICE
getUserRewards ---> TOURGUIDESERVICE
getUserRewards ---> TOURGUIDESERVICE
getUserRewards ---> TOURGUIDESERVICE
getUserRewards ---> TOURGUIDESERVICE
getUserRewards ---> TOURGUIDESERVICE
getUserRewards ---> TOURGUIDESERVICE
getUserRewards ---> TOURGUIDESERVICE
getUserRewards ---> TOURGUIDESERVICE
getUserRewards ---> TOURGUIDESERVICE
getUserRewards ---> TOURGUIDESERVICE
getUserRewards ---> TOURGUIDESERVICE
getUserRewards ---> TOURGUIDESERVICE
getUserRewards ---> TOURGUIDESERVICE
getUserRewards ---> TOURGUIDESERVICE
getUserRewards ---> TOURGUIDESERVICE
getUserRewards ---> TOURGUIDESERVICE
getUserRewards ---> TOURGUIDESERVICE
getUserRewards ---> TOURGUIDESERVICE
getUserRewards ---> TOURGUIDESERVICE
getUserRewards ---> TOURGUIDESERVICE
getUserRewards ---> TOURGUIDESERVICE
getUserRewards ---> TOURGUIDESERVICE
getUserRewards ---> TOURGUIDESERVICE
getUserRewards ---> TOURGUIDESERVICE
getUserRewards ---> TOURGUIDESERVICE
getUserRewards ---> TOURGUIDESERVICE
getUserRewards ---> TOURGUIDESERVICE
getUserRewards ---> TOURGUIDESERVICE
getUserRewards ---> TOURGUIDESERVICE
getUserRewards ---> TOURGUIDESERVICE
getUserRewards ---> TOURGUIDESERVICE
getUserRewards ---> TOURGUIDESERVICE
getUserRewards ---> TOURGUIDESERVICE
getUserRewards ---> TOURGUIDESERVICE
getUserRewards ---> TOURGUIDESERVICE
getUserRewards ---> TOURGUIDESERVICE
getUserRewards ---> TOURGUIDESERVICE
getUserRewards ---> TOURGUIDESERVICE
getUserRewards ---> TOURGUIDESERVICE
getUserRewards ---> TOURGUIDESERVICE
getUserRewards ---> TOURGUIDESERVICE
getUserRewards ---> TOURGUIDESERVICE
getUserRewards ---> TOURGUIDESERVICE
getUserRewards ---> TOURGUIDESERVICE
getUserRewards ---> TOURGUIDESERVICE
getUserRewards ---> TOURGUIDESERVICE
getUserRewards ---> TOURGUIDESERVICE
getUserRewards ---> TOURGUIDESERVICE
getUserRewards ---> TOURGUIDESERVICE
getUserRewards ---> TOURGUIDESERVICE
getUserRewards ---> TOURGUIDESERVICE
getUserRewards ---> TOURGUIDESERVICE
getUserRewards ---> TOURGUIDESERVICE
getUserRewards ---> TOURGUIDESERVICE
getUserRewards ---> TOURGUIDESERVICE
getUserRewards ---> TOURGUIDESERVICE
getUserRewards ---> TOURGUIDESERVICE
getUserRewards ---> TOURGUIDESERVICE
getUserRewards ---> TOURGUIDESERVICE
getUserRewards ---> TOURGUIDESERVICE
getUserRewards ---> TOURGUIDESERVICE
getUserRewards ---> TOURGUIDESERVICE
getUserRewards ---> TOURGUIDESERVICE
getUserRewards ---> TOURGUIDESERVICE
getUserRewards ---> TOURGUIDESERVICE
getUserRewards ---> TOURGUIDESERVICE
getUserRewards ---> TOURGUIDESERVICE
getUserRewards ---> TOURGUIDESERVICE
getUserRewards ---> TOURGUIDESERVICE
getUserRewards ---> TOURGUIDESERVICE
getUserRewards ---> TOURGUIDESERVICE
getUserRewards ---> TOURGUIDESERVICE
getUserRewards ---> TOURGUIDESERVICE
getUserRewards ---> TOURGUIDESERVICE
getUserRewards ---> TOURGUIDESERVICE
getUserRewards ---> TOURGUIDESERVICE
getUserRewards ---> TOURGUIDESERVICE
getUserRewards ---> TOURGUIDESERVICE
getUserRewards ---> TOURGUIDESERVICE
getUserRewards ---> TOURGUIDESERVICE
getUserRewards ---> TOURGUIDESERVICE
getUserRewards ---> TOURGUIDESERVICE
getUserRewards ---> TOURGUIDESERVICE
getUserRewards ---> TOURGUIDESERVICE
getUserRewards ---> TOURGUIDESERVICE
getUserRewards ---> TOURGUIDESERVICE
getUserRewards ---> TOURGUIDESERVICE
getUserRewards ---> TOURGUIDESERVICE
getUserRewards ---> TOURGUIDESERVICE
getUserRewards ---> TOURGUIDESERVICE
getUserRewards ---> TOURGUIDESERVICE
getUserRewards ---> TOURGUIDESERVICE
getUserRewards ---> TOURGUIDESERVICE
getUserRewards ---> TOURGUIDESERVICE
getUserRewards ---> TOURGUIDESERVICE
getUserRewards ---> TOURGUIDESERVICE
getUserRewards ---> TOURGUIDESERVICE
getUserRewards ---> TOURGUIDESERVICE
getUserRewards ---> TOURGUIDESERVICE
getUserRewards ---> TOURGUIDESERVICE
getUserRewards ---> TOURGUIDESERVICE
getUserRewards ---> TOURGUIDESERVICE
getUserRewards ---> TOURGUIDESERVICE
getUserRewards ---> TOURGUIDESERVICE
getUserRewards ---> TOURGUIDESERVICE
getUserRewards ---> TOURGUIDESERVICE
getUserRewards ---> TOURGUIDESERVICE
getUserRewards ---> TOURGUIDESERVICE
getUserRewards ---> TOURGUIDESERVICE
getUserRewards ---> TOURGUIDESERVICE
getUserRewards ---> TOURGUIDESERVICE
getUserRewards ---> TOURGUIDESERVICE
getUserRewards ---> TOURGUIDESERVICE
getUserRewards ---> TOURGUIDESERVICE
getUserRewards ---> TOURGUIDESERVICE
getUserRewards ---> TOURGUIDESERVICE
getUserRewards ---> TOURGUIDESERVICE
getUserRewards ---> TOURGUIDESERVICE
getUserRewards ---> TOURGUIDESERVICE
getUserRewards ---> TOURGUIDESERVICE
getUserRewards ---> TOURGUIDESERVICE
getUserRewards ---> TOURGUIDESERVICE
getUserRewards ---> TOURGUIDESERVICE
getUserRewards ---> TOURGUIDESERVICE
getUserRewards ---> TOURGUIDESERVICE
getUserRewards ---> TOURGUIDESERVICE
getUserRewards ---> TOURGUIDESERVICE
getUserRewards ---> TOURGUIDESERVICE
getUserRewards ---> TOURGUIDESERVICE
getUserRewards ---> TOURGUIDESERVICE
getUserRewards ---> TOURGUIDESERVICE
getUserRewards ---> TOURGUIDESERVICE
getUserRewards ---> TOURGUIDESERVICE
getUserRewards ---> TOURGUIDESERVICE
getUserRewards ---> TOURGUIDESERVICE
getUserRewards ---> TOURGUIDESERVICE
getUserRewards ---> TOURGUIDESERVICE
getUserRewards ---> TOURGUIDESERVICE
getUserRewards ---> TOURGUIDESERVICE
getUserRewards ---> TOURGUIDESERVICE
getUserRewards ---> TOURGUIDESERVICE
getUserRewards ---> TOURGUIDESERVICE
getUserRewards ---> TOURGUIDESERVICE
getUserRewards ---> TOURGUIDESERVICE
getUserRewards ---> TOURGUIDESERVICE
getUserRewards ---> TOURGUIDESERVICE
getUserRewards ---> TOURGUIDESERVICE
getUserRewards ---> TOURGUIDESERVICE
getUserRewards ---> TOURGUIDESERVICE
getUserRewards ---> TOURGUIDESERVICE
getUserRewards ---> TOURGUIDESERVICE
getUserRewards ---> TOURGUIDESERVICE
getUserRewards ---> TOURGUIDESERVICE
getUserRewards ---> TOURGUIDESERVICE
getUserRewards ---> TOURGUIDESERVICE
getUserRewards ---> TOURGUIDESERVICE
getUserRewards ---> TOURGUIDESERVICE
getUserRewards ---> TOURGUIDESERVICE
getUserRewards ---> TOURGUIDESERVICE
getUserRewards ---> TOURGUIDESERVICE
getUserRewards ---> TOURGUIDESERVICE
getUserRewards ---> TOURGUIDESERVICE
getUserRewards ---> TOURGUIDESERVICE
getUserRewards ---> TOURGUIDESERVICE
getUserRewards ---> TOURGUIDESERVICE
getUserRewards ---> TOURGUIDESERVICE
getUserRewards ---> TOURGUIDESERVICE
getUserRewards ---> TOURGUIDESERVICE
getUserRewards ---> TOURGUIDESERVICE
getUserRewards ---> TOURGUIDESERVICE
getUserRewards ---> TOURGUIDESERVICE
getUserRewards ---> TOURGUIDESERVICE
getUserRewards ---> TOURGUIDESERVICE
getUserRewards ---> TOURGUIDESERVICE
getUserRewards ---> TOURGUIDESERVICE
getUserRewards ---> TOURGUIDESERVICE
getUserRewards ---> TOURGUIDESERVICE
getUserRewards ---> TOURGUIDESERVICE
getUserRewards ---> TOURGUIDESERVICE
getUserRewards ---> TOURGUIDESERVICE
getUserRewards ---> TOURGUIDESERVICE
getUserRewards ---> TOURGUIDESERVICE
getUserRewards ---> TOURGUIDESERVICE
getUserRewards ---> TOURGUIDESERVICE
getUserRewards ---> TOURGUIDESERVICE
getUserRewards ---> TOURGUIDESERVICE
getUserRewards ---> TOURGUIDESERVICE
getUserRewards ---> TOURGUIDESERVICE
getUserRewards ---> TOURGUIDESERVICE
getUserRewards ---> TOURGUIDESERVICE
getUserRewards ---> TOURGUIDESERVICE
getUserRewards ---> TOURGUIDESERVICE
getUserRewards ---> TOURGUIDESERVICE
getUserRewards ---> TOURGUIDESERVICE
getUserRewards ---> TOURGUIDESERVICE
getUserRewards ---> TOURGUIDESERVICE
getUserRewards ---> TOURGUIDESERVICE
getUserRewards ---> TOURGUIDESERVICE
getUserRewards ---> TOURGUIDESERVICE
getUserRewards ---> TOURGUIDESERVICE
getUserRewards ---> TOURGUIDESERVICE
getUserRewards ---> TOURGUIDESERVICE
getUserRewards ---> TOURGUIDESERVICE
getUserRewards ---> TOURGUIDESERVICE
getUserRewards ---> TOURGUIDESERVICE
getUserRewards ---> TOURGUIDESERVICE
getUserRewards ---> TOURGUIDESERVICE
getUserRewards ---> TOURGUIDESERVICE
getUserRewards ---> TOURGUIDESERVICE
getUserRewards ---> TOURGUIDESERVICE
getUserRewards ---> TOURGUIDESERVICE
getUserRewards ---> TOURGUIDESERVICE
getUserRewards ---> TOURGUIDESERVICE
getUserRewards ---> TOURGUIDESERVICE
getUserRewards ---> TOURGUIDESERVICE
getUserRewards ---> TOURGUIDESERVICE
getUserRewards ---> TOURGUIDESERVICE
getUserRewards ---> TOURGUIDESERVICE
getUserRewards ---> TOURGUIDESERVICE
getUserRewards ---> TOURGUIDESERVICE
getUserRewards ---> TOURGUIDESERVICE
getUserRewards ---> TOURGUIDESERVICE
getUserRewards ---> TOURGUIDESERVICE
getUserRewards ---> TOURGUIDESERVICE
getUserRewards ---> TOURGUIDESERVICE
getUserRewards ---> TOURGUIDESERVICE
getUserRewards ---> TOURGUIDESERVICE
getUserRewards ---> TOURGUIDESERVICE
getUserRewards ---> TOURGUIDESERVICE
getUserRewards ---> TOURGUIDESERVICE
getUserRewards ---> TOURGUIDESERVICE
getUserRewards ---> TOURGUIDESERVICE
getUserRewards ---> TOURGUIDESERVICE
getUserRewards ---> TOURGUIDESERVICE
getUserRewards ---> TOURGUIDESERVICE
getUserRewards ---> TOURGUIDESERVICE
getUserRewards ---> TOURGUIDESERVICE
getUserRewards ---> TOURGUIDESERVICE
getUserRewards ---> TOURGUIDESERVICE
getUserRewards ---> TOURGUIDESERVICE
getUserRewards ---> TOURGUIDESERVICE
getUserRewards ---> TOURGUIDESERVICE
getUserRewards ---> TOURGUIDESERVICE
getUserRewards ---> TOURGUIDESERVICE
getUserRewards ---> TOURGUIDESERVICE
getUserRewards ---> TOURGUIDESERVICE
getUserRewards ---> TOURGUIDESERVICE
getUserRewards ---> TOURGUIDESERVICE
getUserRewards ---> TOURGUIDESERVICE
getUserRewards ---> TOURGUIDESERVICE
getUserRewards ---> TOURGUIDESERVICE
getUserRewards ---> TOURGUIDESERVICE
getUserRewards ---> TOURGUIDESERVICE
getUserRewards ---> TOURGUIDESERVICE
getUserRewards ---> TOURGUIDESERVICE
getUserRewards ---> TOURGUIDESERVICE
getUserRewards ---> TOURGUIDESERVICE
getUserRewards ---> TOURGUIDESERVICE
getUserRewards ---> TOURGUIDESERVICE
getUserRewards ---> TOURGUIDESERVICE
getUserRewards ---> TOURGUIDESERVICE
getUserRewards ---> TOURGUIDESERVICE
getUserRewards ---> TOURGUIDESERVICE
getUserRewards ---> TOURGUIDESERVICE
getUserRewards ---> TOURGUIDESERVICE
getUserRewards ---> TOURGUIDESERVICE
getUserRewards ---> TOURGUIDESERVICE
getUserRewards ---> TOURGUIDESERVICE
getUserRewards ---> TOURGUIDESERVICE
getUserRewards ---> TOURGUIDESERVICE
getUserRewards ---> TOURGUIDESERVICE
getUserRewards ---> TOURGUIDESERVICE
getUserRewards ---> TOURGUIDESERVICE
getUserRewards ---> TOURGUIDESERVICE
getUserRewards ---> TOURGUIDESERVICE
getUserRewards ---> TOURGUIDESERVICE
getUserRewards ---> TOURGUIDESERVICE
getUserRewards ---> TOURGUIDESERVICE
getUserRewards ---> TOURGUIDESERVICE
getUserRewards ---> TOURGUIDESERVICE
getUserRewards ---> TOURGUIDESERVICE
getUserRewards ---> TOURGUIDESERVICE
getUserRewards ---> TOURGUIDESERVICE
getUserRewards ---> TOURGUIDESERVICE
getUserRewards ---> TOURGUIDESERVICE
getUserRewards ---> TOURGUIDESERVICE
getUserRewards ---> TOURGUIDESERVICE
getUserRewards ---> TOURGUIDESERVICE
getUserRewards ---> TOURGUIDESERVICE
getUserRewards ---> TOURGUIDESERVICE
getUserRewards ---> TOURGUIDESERVICE
getUserRewards ---> TOURGUIDESERVICE
getUserRewards ---> TOURGUIDESERVICE
getUserRewards ---> TOURGUIDESERVICE
getUserRewards ---> TOURGUIDESERVICE
getUserRewards ---> TOURGUIDESERVICE
getUserRewards ---> TOURGUIDESERVICE
getUserRewards ---> TOURGUIDESERVICE
getUserRewards ---> TOURGUIDESERVICE
getUserRewards ---> TOURGUIDESERVICE
getUserRewards ---> TOURGUIDESERVICE
getUserRewards ---> TOURGUIDESERVICE
getUserRewards ---> TOURGUIDESERVICE
getUserRewards ---> TOURGUIDESERVICE
getUserRewards ---> TOURGUIDESERVICE
getUserRewards ---> TOURGUIDESERVICE
getUserRewards ---> TOURGUIDESERVICE
getUserRewards ---> TOURGUIDESERVICE
getUserRewards ---> TOURGUIDESERVICE
getUserRewards ---> TOURGUIDESERVICE
getUserRewards ---> TOURGUIDESERVICE
getUserRewards ---> TOURGUIDESERVICE
getUserRewards ---> TOURGUIDESERVICE
getUserRewards ---> TOURGUIDESERVICE
getUserRewards ---> TOURGUIDESERVICE
getUserRewards ---> TOURGUIDESERVICE
getUserRewards ---> TOURGUIDESERVICE
getUserRewards ---> TOURGUIDESERVICE
getUserRewards ---> TOURGUIDESERVICE
getUserRewards ---> TOURGUIDESERVICE
getUserRewards ---> TOURGUIDESERVICE
getUserRewards ---> TOURGUIDESERVICE
getUserRewards ---> TOURGUIDESERVICE
getUserRewards ---> TOURGUIDESERVICE
getUserRewards ---> TOURGUIDESERVICE
getUserRewards ---> TOURGUIDESERVICE
getUserRewards ---> TOURGUIDESERVICE
getUserRewards ---> TOURGUIDESERVICE
getUserRewards ---> TOURGUIDESERVICE
getUserRewards ---> TOURGUIDESERVICE
getUserRewards ---> TOURGUIDESERVICE
getUserRewards ---> TOURGUIDESERVICE
getUserRewards ---> TOURGUIDESERVICE
getUserRewards ---> TOURGUIDESERVICE
getUserRewards ---> TOURGUIDESERVICE
getUserRewards ---> TOURGUIDESERVICE
getUserRewards ---> TOURGUIDESERVICE
getUserRewards ---> TOURGUIDESERVICE
getUserRewards ---> TOURGUIDESERVICE
getUserRewards ---> TOURGUIDESERVICE
getUserRewards ---> TOURGUIDESERVICE
getUserRewards ---> TOURGUIDESERVICE
getUserRewards ---> TOURGUIDESERVICE
getUserRewards ---> TOURGUIDESERVICE
getUserRewards ---> TOURGUIDESERVICE
getUserRewards ---> TOURGUIDESERVICE
getUserRewards ---> TOURGUIDESERVICE
getUserRewards ---> TOURGUIDESERVICE
getUserRewards ---> TOURGUIDESERVICE
getUserRewards ---> TOURGUIDESERVICE
getUserRewards ---> TOURGUIDESERVICE
getUserRewards ---> TOURGUIDESERVICE
getUserRewards ---> TOURGUIDESERVICE
getUserRewards ---> TOURGUIDESERVICE
getUserRewards ---> TOURGUIDESERVICE
getUserRewards ---> TOURGUIDESERVICE
getUserRewards ---> TOURGUIDESERVICE
getUserRewards ---> TOURGUIDESERVICE
getUserRewards ---> TOURGUIDESERVICE
getUserRewards ---> TOURGUIDESERVICE
getUserRewards ---> TOURGUIDESERVICE
getUserRewards ---> TOURGUIDESERVICE
getUserRewards ---> TOURGUIDESERVICE
getUserRewards ---> TOURGUIDESERVICE
getUserRewards ---> TOURGUIDESERVICE
getUserRewards ---> TOURGUIDESERVICE
getUserRewards ---> TOURGUIDESERVICE
getUserRewards ---> TOURGUIDESERVICE
getUserRewards ---> TOURGUIDESERVICE
getUserRewards ---> TOURGUIDESERVICE
getUserRewards ---> TOURGUIDESERVICE
getUserRewards ---> TOURGUIDESERVICE
getUserRewards ---> TOURGUIDESERVICE
getUserRewards ---> TOURGUIDESERVICE
getUserRewards ---> TOURGUIDESERVICE
getUserRewards ---> TOURGUIDESERVICE
getUserRewards ---> TOURGUIDESERVICE
getUserRewards ---> TOURGUIDESERVICE
getUserRewards ---> TOURGUIDESERVICE
getUserRewards ---> TOURGUIDESERVICE
getUserRewards ---> TOURGUIDESERVICE
getUserRewards ---> TOURGUIDESERVICE
getUserRewards ---> TOURGUIDESERVICE
getUserRewards ---> TOURGUIDESERVICE
getUserRewards ---> TOURGUIDESERVICE
getUserRewards ---> TOURGUIDESERVICE
getUserRewards ---> TOURGUIDESERVICE
getUserRewards ---> TOURGUIDESERVICE
getUserRewards ---> TOURGUIDESERVICE
getUserRewards ---> TOURGUIDESERVICE
getUserRewards ---> TOURGUIDESERVICE
getUserRewards ---> TOURGUIDESERVICE
getUserRewards ---> TOURGUIDESERVICE
getUserRewards ---> TOURGUIDESERVICE
getUserRewards ---> TOURGUIDESERVICE
getUserRewards ---> TOURGUIDESERVICE
getUserRewards ---> TOURGUIDESERVICE
getUserRewards ---> TOURGUIDESERVICE
getUserRewards ---> TOURGUIDESERVICE
getUserRewards ---> TOURGUIDESERVICE
getUserRewards ---> TOURGUIDESERVICE
getUserRewards ---> TOURGUIDESERVICE
getUserRewards ---> TOURGUIDESERVICE
getUserRewards ---> TOURGUIDESERVICE
getUserRewards ---> TOURGUIDESERVICE
getUserRewards ---> TOURGUIDESERVICE
getUserRewards ---> TOURGUIDESERVICE
getUserRewards ---> TOURGUIDESERVICE
getUserRewards ---> TOURGUIDESERVICE
getUserRewards ---> TOURGUIDESERVICE
getUserRewards ---> TOURGUIDESERVICE
getUserRewards ---> TOURGUIDESERVICE
getUserRewards ---> TOURGUIDESERVICE
getUserRewards ---> TOURGUIDESERVICE
getUserRewards ---> TOURGUIDESERVICE
getUserRewards ---> TOURGUIDESERVICE
getUserRewards ---> TOURGUIDESERVICE
getUserRewards ---> TOURGUIDESERVICE
getUserRewards ---> TOURGUIDESERVICE
getUserRewards ---> TOURGUIDESERVICE
getUserRewards ---> TOURGUIDESERVICE
getUserRewards ---> TOURGUIDESERVICE
getUserRewards ---> TOURGUIDESERVICE
getUserRewards ---> TOURGUIDESERVICE
getUserRewards ---> TOURGUIDESERVICE
getUserRewards ---> TOURGUIDESERVICE
getUserRewards ---> TOURGUIDESERVICE
getUserRewards ---> TOURGUIDESERVICE
getUserRewards ---> TOURGUIDESERVICE
getUserRewards ---> TOURGUIDESERVICE
getUserRewards ---> TOURGUIDESERVICE
getUserRewards ---> TOURGUIDESERVICE
getUserRewards ---> TOURGUIDESERVICE
getUserRewards ---> TOURGUIDESERVICE
getUserRewards ---> TOURGUIDESERVICE
getUserRewards ---> TOURGUIDESERVICE
getUserRewards ---> TOURGUIDESERVICE
getUserRewards ---> TOURGUIDESERVICE
getUserRewards ---> TOURGUIDESERVICE
getUserRewards ---> TOURGUIDESERVICE
getUserRewards ---> TOURGUIDESERVICE
getUserRewards ---> TOURGUIDESERVICE
getUserRewards ---> TOURGUIDESERVICE
getUserRewards ---> TOURGUIDESERVICE
getUserRewards ---> TOURGUIDESERVICE
getUserRewards ---> TOURGUIDESERVICE
getUserRewards ---> TOURGUIDESERVICE
getUserRewards ---> TOURGUIDESERVICE
getUserRewards ---> TOURGUIDESERVICE
getUserRewards ---> TOURGUIDESERVICE
getUserRewards ---> TOURGUIDESERVICE
getUserRewards ---> TOURGUIDESERVICE
getUserRewards ---> TOURGUIDESERVICE
getUserRewards ---> TOURGUIDESERVICE
getUserRewards ---> TOURGUIDESERVICE
getUserRewards ---> TOURGUIDESERVICE
getUserRewards ---> TOURGUIDESERVICE
getUserRewards ---> TOURGUIDESERVICE
getUserRewards ---> TOURGUIDESERVICE
getUserRewards ---> TOURGUIDESERVICE
getUserRewards ---> TOURGUIDESERVICE
getUserRewards ---> TOURGUIDESERVICE
getUserRewards ---> TOURGUIDESERVICE
getUserRewards ---> TOURGUIDESERVICE
getUserRewards ---> TOURGUIDESERVICE
getUserRewards ---> TOURGUIDESERVICE
getUserRewards ---> TOURGUIDESERVICE
getUserRewards ---> TOURGUIDESERVICE
getUserRewards ---> TOURGUIDESERVICE
getUserRewards ---> TOURGUIDESERVICE
getUserRewards ---> TOURGUIDESERVICE
getUserRewards ---> TOURGUIDESERVICE
getUserRewards ---> TOURGUIDESERVICE
getUserRewards ---> TOURGUIDESERVICE
getUserRewards ---> TOURGUIDESERVICE
getUserRewards ---> TOURGUIDESERVICE
getUserRewards ---> TOURGUIDESERVICE
getUserRewards ---> TOURGUIDESERVICE
getUserRewards ---> TOURGUIDESERVICE
getUserRewards ---> TOURGUIDESERVICE
getUserRewards ---> TOURGUIDESERVICE
getUserRewards ---> TOURGUIDESERVICE
getUserRewards ---> TOURGUIDESERVICE
getUserRewards ---> TOURGUIDESERVICE
getUserRewards ---> TOURGUIDESERVICE
getUserRewards ---> TOURGUIDESERVICE
getUserRewards ---> TOURGUIDESERVICE
getUserRewards ---> TOURGUIDESERVICE
getUserRewards ---> TOURGUIDESERVICE
getUserRewards ---> TOURGUIDESERVICE
getUserRewards ---> TOURGUIDESERVICE
getUserRewards ---> TOURGUIDESERVICE
getUserRewards ---> TOURGUIDESERVICE
getUserRewards ---> TOURGUIDESERVICE
getUserRewards ---> TOURGUIDESERVICE
getUserRewards ---> TOURGUIDESERVICE
getUserRewards ---> TOURGUIDESERVICE
getUserRewards ---> TOURGUIDESERVICE
getUserRewards ---> TOURGUIDESERVICE
getUserRewards ---> TOURGUIDESERVICE
getUserRewards ---> TOURGUIDESERVICE
getUserRewards ---> TOURGUIDESERVICE
getUserRewards ---> TOURGUIDESERVICE
getUserRewards ---> TOURGUIDESERVICE
getUserRewards ---> TOURGUIDESERVICE
getUserRewards ---> TOURGUIDESERVICE
getUserRewards ---> TOURGUIDESERVICE
getUserRewards ---> TOURGUIDESERVICE
getUserRewards ---> TOURGUIDESERVICE
getUserRewards ---> TOURGUIDESERVICE
getUserRewards ---> TOURGUIDESERVICE
getUserRewards ---> TOURGUIDESERVICE
getUserRewards ---> TOURGUIDESERVICE
getUserRewards ---> TOURGUIDESERVICE
getUserRewards ---> TOURGUIDESERVICE
getUserRewards ---> TOURGUIDESERVICE
getUserRewards ---> TOURGUIDESERVICE
getUserRewards ---> TOURGUIDESERVICE
getUserRewards ---> TOURGUIDESERVICE
getUserRewards ---> TOURGUIDESERVICE
getUserRewards ---> TOURGUIDESERVICE
getUserRewards ---> TOURGUIDESERVICE
getUserRewards ---> TOURGUIDESERVICE
getUserRewards ---> TOURGUIDESERVICE
getUserRewards ---> TOURGUIDESERVICE
getUserRewards ---> TOURGUIDESERVICE
getUserRewards ---> TOURGUIDESERVICE
getUserRewards ---> TOURGUIDESERVICE
getUserRewards ---> TOURGUIDESERVICE
getUserRewards ---> TOURGUIDESERVICE
getUserRewards ---> TOURGUIDESERVICE
getUserRewards ---> TOURGUIDESERVICE
getUserRewards ---> TOURGUIDESERVICE
getUserRewards ---> TOURGUIDESERVICE
getUserRewards ---> TOURGUIDESERVICE
getUserRewards ---> TOURGUIDESERVICE
getUserRewards ---> TOURGUIDESERVICE
getUserRewards ---> TOURGUIDESERVICE
getUserRewards ---> TOURGUIDESERVICE
getUserRewards ---> TOURGUIDESERVICE
getUserRewards ---> TOURGUIDESERVICE
getUserRewards ---> TOURGUIDESERVICE
getUserRewards ---> TOURGUIDESERVICE
getUserRewards ---> TOURGUIDESERVICE
getUserRewards ---> TOURGUIDESERVICE
getUserRewards ---> TOURGUIDESERVICE
getUserRewards ---> TOURGUIDESERVICE
getUserRewards ---> TOURGUIDESERVICE
getUserRewards ---> TOURGUIDESERVICE
getUserRewards ---> TOURGUIDESERVICE
getUserRewards ---> TOURGUIDESERVICE
getUserRewards ---> TOURGUIDESERVICE
getUserRewards ---> TOURGUIDESERVICE
getUserRewards ---> TOURGUIDESERVICE
getUserRewards ---> TOURGUIDESERVICE
getUserRewards ---> TOURGUIDESERVICE
getUserRewards ---> TOURGUIDESERVICE
getUserRewards ---> TOURGUIDESERVICE
getUserRewards ---> TOURGUIDESERVICE
getUserRewards ---> TOURGUIDESERVICE
getUserRewards ---> TOURGUIDESERVICE
getUserRewards ---> TOURGUIDESERVICE
getUserRewards ---> TOURGUIDESERVICE
getUserRewards ---> TOURGUIDESERVICE
getUserRewards ---> TOURGUIDESERVICE
getUserRewards ---> TOURGUIDESERVICE
getUserRewards ---> TOURGUIDESERVICE
getUserRewards ---> TOURGUIDESERVICE
getUserRewards ---> TOURGUIDESERVICE
getUserRewards ---> TOURGUIDESERVICE
getUserRewards ---> TOURGUIDESERVICE
getUserRewards ---> TOURGUIDESERVICE
getUserRewards ---> TOURGUIDESERVICE
getUserRewards ---> TOURGUIDESERVICE
getUserRewards ---> TOURGUIDESERVICE
getUserRewards ---> TOURGUIDESERVICE
getUserRewards ---> TOURGUIDESERVICE
getUserRewards ---> TOURGUIDESERVICE
getUserRewards ---> TOURGUIDESERVICE
getUserRewards ---> TOURGUIDESERVICE
getUserRewards ---> TOURGUIDESERVICE
getUserRewards ---> TOURGUIDESERVICE
getUserRewards ---> TOURGUIDESERVICE
getUserRewards ---> TOURGUIDESERVICE
getUserRewards ---> TOURGUIDESERVICE
getUserRewards ---> TOURGUIDESERVICE
getUserRewards ---> TOURGUIDESERVICE
getUserRewards ---> TOURGUIDESERVICE
getUserRewards ---> TOURGUIDESERVICE
getUserRewards ---> TOURGUIDESERVICE
getUserRewards ---> TOURGUIDESERVICE
getUserRewards ---> TOURGUIDESERVICE
getUserRewards ---> TOURGUIDESERVICE
getUserRewards ---> TOURGUIDESERVICE
getUserRewards ---> TOURGUIDESERVICE
getUserRewards ---> TOURGUIDESERVICE
getUserRewards ---> TOURGUIDESERVICE
getUserRewards ---> TOURGUIDESERVICE
getUserRewards ---> TOURGUIDESERVICE
getUserRewards ---> TOURGUIDESERVICE
getUserRewards ---> TOURGUIDESERVICE
getUserRewards ---> TOURGUIDESERVICE
getUserRewards ---> TOURGUIDESERVICE
getUserRewards ---> TOURGUIDESERVICE
getUserRewards ---> TOURGUIDESERVICE
getUserRewards ---> TOURGUIDESERVICE
getUserRewards ---> TOURGUIDESERVICE
getUserRewards ---> TOURGUIDESERVICE
getUserRewards ---> TOURGUIDESERVICE
getUserRewards ---> TOURGUIDESERVICE
getUserRewards ---> TOURGUIDESERVICE
getUserRewards ---> TOURGUIDESERVICE
getUserRewards ---> TOURGUIDESERVICE
getUserRewards ---> TOURGUIDESERVICE
getUserRewards ---> TOURGUIDESERVICE
getUserRewards ---> TOURGUIDESERVICE
getUserRewards ---> TOURGUIDESERVICE
getUserRewards ---> TOURGUIDESERVICE
getUserRewards ---> TOURGUIDESERVICE
getUserRewards ---> TOURGUIDESERVICE
getUserRewards ---> TOURGUIDESERVICE
getUserRewards ---> TOURGUIDESERVICE
getUserRewards ---> TOURGUIDESERVICE
getUserRewards ---> TOURGUIDESERVICE
getUserRewards ---> TOURGUIDESERVICE
getUserRewards ---> TOURGUIDESERVICE
getUserRewards ---> TOURGUIDESERVICE
getUserRewards ---> TOURGUIDESERVICE
getUserRewards ---> TOURGUIDESERVICE
getUserRewards ---> TOURGUIDESERVICE
getUserRewards ---> TOURGUIDESERVICE
getUserRewards ---> TOURGUIDESERVICE
getUserRewards ---> TOURGUIDESERVICE
getUserRewards ---> TOURGUIDESERVICE
getUserRewards ---> TOURGUIDESERVICE
getUserRewards ---> TOURGUIDESERVICE
getUserRewards ---> TOURGUIDESERVICE
getUserRewards ---> TOURGUIDESERVICE
getUserRewards ---> TOURGUIDESERVICE
getUserRewards ---> TOURGUIDESERVICE
getUserRewards ---> TOURGUIDESERVICE
getUserRewards ---> TOURGUIDESERVICE
getUserRewards ---> TOURGUIDESERVICE
getUserRewards ---> TOURGUIDESERVICE
getUserRewards ---> TOURGUIDESERVICE
getUserRewards ---> TOURGUIDESERVICE
getUserRewards ---> TOURGUIDESERVICE
getUserRewards ---> TOURGUIDESERVICE
getUserRewards ---> TOURGUIDESERVICE
getUserRewards ---> TOURGUIDESERVICE
getUserRewards ---> TOURGUIDESERVICE
getUserRewards ---> TOURGUIDESERVICE
getUserRewards ---> TOURGUIDESERVICE
getUserRewards ---> TOURGUIDESERVICE
getUserRewards ---> TOURGUIDESERVICE
getUserRewards ---> TOURGUIDESERVICE
getUserRewards ---> TOURGUIDESERVICE
getUserRewards ---> TOURGUIDESERVICE
getUserRewards ---> TOURGUIDESERVICE
getUserRewards ---> TOURGUIDESERVICE
getUserRewards ---> TOURGUIDESERVICE
getUserRewards ---> TOURGUIDESERVICE
getUserRewards ---> TOURGUIDESERVICE
getUserRewards ---> TOURGUIDESERVICE
getUserRewards ---> TOURGUIDESERVICE
getUserRewards ---> TOURGUIDESERVICE
getUserRewards ---> TOURGUIDESERVICE
getUserRewards ---> TOURGUIDESERVICE
getUserRewards ---> TOURGUIDESERVICE
getUserRewards ---> TOURGUIDESERVICE
getUserRewards ---> TOURGUIDESERVICE
getUserRewards ---> TOURGUIDESERVICE
getUserRewards ---> TOURGUIDESERVICE
getUserRewards ---> TOURGUIDESERVICE
getUserRewards ---> TOURGUIDESERVICE
getUserRewards ---> TOURGUIDESERVICE
getUserRewards ---> TOURGUIDESERVICE
getUserRewards ---> TOURGUIDESERVICE
getUserRewards ---> TOURGUIDESERVICE
getUserRewards ---> TOURGUIDESERVICE
getUserRewards ---> TOURGUIDESERVICE
getUserRewards ---> TOURGUIDESERVICE
getUserRewards ---> TOURGUIDESERVICE
getUserRewards ---> TOURGUIDESERVICE
getUserRewards ---> TOURGUIDESERVICE
getUserRewards ---> TOURGUIDESERVICE
getUserRewards ---> TOURGUIDESERVICE
getUserRewards ---> TOURGUIDESERVICE
getUserRewards ---> TOURGUIDESERVICE
getUserRewards ---> TOURGUIDESERVICE
getUserRewards ---> TOURGUIDESERVICE
getUserRewards ---> TOURGUIDESERVICE
getUserRewards ---> TOURGUIDESERVICE
getUserRewards ---> TOURGUIDESERVICE
getUserRewards ---> TOURGUIDESERVICE
getUserRewards ---> TOURGUIDESERVICE
getUserRewards ---> TOURGUIDESERVICE
getUserRewards ---> TOURGUIDESERVICE
getUserRewards ---> TOURGUIDESERVICE
getUserRewards ---> TOURGUIDESERVICE
getUserRewards ---> TOURGUIDESERVICE
getUserRewards ---> TOURGUIDESERVICE
getUserRewards ---> TOURGUIDESERVICE
getUserRewards ---> TOURGUIDESERVICE
getUserRewards ---> TOURGUIDESERVICE
getUserRewards ---> TOURGUIDESERVICE
getUserRewards ---> TOURGUIDESERVICE
getUserRewards ---> TOURGUIDESERVICE
getUserRewards ---> TOURGUIDESERVICE
getUserRewards ---> TOURGUIDESERVICE
getUserRewards ---> TOURGUIDESERVICE
getUserRewards ---> TOURGUIDESERVICE
getUserRewards ---> TOURGUIDESERVICE
getUserRewards ---> TOURGUIDESERVICE
getUserRewards ---> TOURGUIDESERVICE
getUserRewards ---> TOURGUIDESERVICE
getUserRewards ---> TOURGUIDESERVICE
getUserRewards ---> TOURGUIDESERVICE
getUserRewards ---> TOURGUIDESERVICE
getUserRewards ---> TOURGUIDESERVICE
getUserRewards ---> TOURGUIDESERVICE
getUserRewards ---> TOURGUIDESERVICE
getUserRewards ---> TOURGUIDESERVICE
getUserRewards ---> TOURGUIDESERVICE
getUserRewards ---> TOURGUIDESERVICE
getUserRewards ---> TOURGUIDESERVICE
getUserRewards ---> TOURGUIDESERVICE
getUserRewards ---> TOURGUIDESERVICE
getUserRewards ---> TOURGUIDESERVICE
getUserRewards ---> TOURGUIDESERVICE
getUserRewards ---> TOURGUIDESERVICE
getUserRewards ---> TOURGUIDESERVICE
getUserRewards ---> TOURGUIDESERVICE
getUserRewards ---> TOURGUIDESERVICE
getUserRewards ---> TOURGUIDESERVICE
getUserRewards ---> TOURGUIDESERVICE
getUserRewards ---> TOURGUIDESERVICE
getUserRewards ---> TOURGUIDESERVICE
getUserRewards ---> TOURGUIDESERVICE
getUserRewards ---> TOURGUIDESERVICE
getUserRewards ---> TOURGUIDESERVICE
getUserRewards ---> TOURGUIDESERVICE
getUserRewards ---> TOURGUIDESERVICE
getUserRewards ---> TOURGUIDESERVICE
getUserRewards ---> TOURGUIDESERVICE
getUserRewards ---> TOURGUIDESERVICE
getUserRewards ---> TOURGUIDESERVICE
getUserRewards ---> TOURGUIDESERVICE
getUserRewards ---> TOURGUIDESERVICE
getUserRewards ---> TOURGUIDESERVICE
getUserRewards ---> TOURGUIDESERVICE
getUserRewards ---> TOURGUIDESERVICE
getUserRewards ---> TOURGUIDESERVICE
getUserRewards ---> TOURGUIDESERVICE
getUserRewards ---> TOURGUIDESERVICE
getUserRewards ---> TOURGUIDESERVICE
getUserRewards ---> TOURGUIDESERVICE
getUserRewards ---> TOURGUIDESERVICE
getUserRewards ---> TOURGUIDESERVICE
getUserRewards ---> TOURGUIDESERVICE
getUserRewards ---> TOURGUIDESERVICE
getUserRewards ---> TOURGUIDESERVICE
getUserRewards ---> TOURGUIDESERVICE
getUserRewards ---> TOURGUIDESERVICE
getUserRewards ---> TOURGUIDESERVICE
getUserRewards ---> TOURGUIDESERVICE
getUserRewards ---> TOURGUIDESERVICE
getUserRewards ---> TOURGUIDESERVICE
getUserRewards ---> TOURGUIDESERVICE
getUserRewards ---> TOURGUIDESERVICE
getUserRewards ---> TOURGUIDESERVICE
getUserRewards ---> TOURGUIDESERVICE
getUserRewards ---> TOURGUIDESERVICE
getUserRewards ---> TOURGUIDESERVICE
getUserRewards ---> TOURGUIDESERVICE
getUserRewards ---> TOURGUIDESERVICE
getUserRewards ---> TOURGUIDESERVICE
getUserRewards ---> TOURGUIDESERVICE
getUserRewards ---> TOURGUIDESERVICE
getUserRewards ---> TOURGUIDESERVICE
getUserRewards ---> TOURGUIDESERVICE
getUserRewards ---> TOURGUIDESERVICE
getUserRewards ---> TOURGUIDESERVICE
getUserRewards ---> TOURGUIDESERVICE
getUserRewards ---> TOURGUIDESERVICE
getUserRewards ---> TOURGUIDESERVICE
getUserRewards ---> TOURGUIDESERVICE
getUserRewards ---> TOURGUIDESERVICE
getUserRewards ---> TOURGUIDESERVICE
getUserRewards ---> TOURGUIDESERVICE
getUserRewards ---> TOURGUIDESERVICE
getUserRewards ---> TOURGUIDESERVICE
getUserRewards ---> TOURGUIDESERVICE
getUserRewards ---> TOURGUIDESERVICE
getUserRewards ---> TOURGUIDESERVICE
getUserRewards ---> TOURGUIDESERVICE
getUserRewards ---> TOURGUIDESERVICE
getUserRewards ---> TOURGUIDESERVICE
getUserRewards ---> TOURGUIDESERVICE
getUserRewards ---> TOURGUIDESERVICE
getUserRewards ---> TOURGUIDESERVICE
getUserRewards ---> TOURGUIDESERVICE
getUserRewards ---> TOURGUIDESERVICE
getUserRewards ---> TOURGUIDESERVICE
getUserRewards ---> TOURGUIDESERVICE
getUserRewards ---> TOURGUIDESERVICE
getUserRewards ---> TOURGUIDESERVICE
getUserRewards ---> TOURGUIDESERVICE
getUserRewards ---> TOURGUIDESERVICE
getUserRewards ---> TOURGUIDESERVICE
getUserRewards ---> TOURGUIDESERVICE
getUserRewards ---> TOURGUIDESERVICE
getUserRewards ---> TOURGUIDESERVICE
getUserRewards ---> TOURGUIDESERVICE
getUserRewards ---> TOURGUIDESERVICE
getUserRewards ---> TOURGUIDESERVICE
getUserRewards ---> TOURGUIDESERVICE
getUserRewards ---> TOURGUIDESERVICE
getUserRewards ---> TOURGUIDESERVICE
getUserRewards ---> TOURGUIDESERVICE
getUserRewards ---> TOURGUIDESERVICE
getUserRewards ---> TOURGUIDESERVICE
getUserRewards ---> TOURGUIDESERVICE
getUserRewards ---> TOURGUIDESERVICE
getUserRewards ---> TOURGUIDESERVICE
getUserRewards ---> TOURGUIDESERVICE
getUserRewards ---> TOURGUIDESERVICE
getUserRewards ---> TOURGUIDESERVICE
getUserRewards ---> TOURGUIDESERVICE
getUserRewards ---> TOURGUIDESERVICE
getUserRewards ---> TOURGUIDESERVICE
getUserRewards ---> TOURGUIDESERVICE
getUserRewards ---> TOURGUIDESERVICE
getUserRewards ---> TOURGUIDESERVICE
getUserRewards ---> TOURGUIDESERVICE
getUserRewards ---> TOURGUIDESERVICE
getUserRewards ---> TOURGUIDESERVICE
getUserRewards ---> TOURGUIDESERVICE
getUserRewards ---> TOURGUIDESERVICE
getUserRewards ---> TOURGUIDESERVICE
getUserRewards ---> TOURGUIDESERVICE
getUserRewards ---> TOURGUIDESERVICE
getUserRewards ---> TOURGUIDESERVICE
getUserRewards ---> TOURGUIDESERVICE
getUserRewards ---> TOURGUIDESERVICE
getUserRewards ---> TOURGUIDESERVICE
getUserRewards ---> TOURGUIDESERVICE
getUserRewards ---> TOURGUIDESERVICE
getUserRewards ---> TOURGUIDESERVICE
getUserRewards ---> TOURGUIDESERVICE
getUserRewards ---> TOURGUIDESERVICE
getUserRewards ---> TOURGUIDESERVICE
getUserRewards ---> TOURGUIDESERVICE
getUserRewards ---> TOURGUIDESERVICE
getUserRewards ---> TOURGUIDESERVICE
getUserRewards ---> TOURGUIDESERVICE
getUserRewards ---> TOURGUIDESERVICE
getUserRewards ---> TOURGUIDESERVICE
getUserRewards ---> TOURGUIDESERVICE
getUserRewards ---> TOURGUIDESERVICE
getUserRewards ---> TOURGUIDESERVICE
getUserRewards ---> TOURGUIDESERVICE
getUserRewards ---> TOURGUIDESERVICE
getUserRewards ---> TOURGUIDESERVICE
getUserRewards ---> TOURGUIDESERVICE
getUserRewards ---> TOURGUIDESERVICE
getUserRewards ---> TOURGUIDESERVICE
getUserRewards ---> TOURGUIDESERVICE
getUserRewards ---> TOURGUIDESERVICE
getUserRewards ---> TOURGUIDESERVICE
getUserRewards ---> TOURGUIDESERVICE
getUserRewards ---> TOURGUIDESERVICE
getUserRewards ---> TOURGUIDESERVICE
getUserRewards ---> TOURGUIDESERVICE
getUserRewards ---> TOURGUIDESERVICE
getUserRewards ---> TOURGUIDESERVICE
getUserRewards ---> TOURGUIDESERVICE
getUserRewards ---> TOURGUIDESERVICE
getUserRewards ---> TOURGUIDESERVICE
getUserRewards ---> TOURGUIDESERVICE
getUserRewards ---> TOURGUIDESERVICE
getUserRewards ---> TOURGUIDESERVICE
getUserRewards ---> TOURGUIDESERVICE
getUserRewards ---> TOURGUIDESERVICE
getUserRewards ---> TOURGUIDESERVICE
getUserRewards ---> TOURGUIDESERVICE
getUserRewards ---> TOURGUIDESERVICE
getUserRewards ---> TOURGUIDESERVICE
getUserRewards ---> TOURGUIDESERVICE
getUserRewards ---> TOURGUIDESERVICE
getUserRewards ---> TOURGUIDESERVICE
getUserRewards ---> TOURGUIDESERVICE
getUserRewards ---> TOURGUIDESERVICE
getUserRewards ---> TOURGUIDESERVICE
getUserRewards ---> TOURGUIDESERVICE
getUserRewards ---> TOURGUIDESERVICE
getUserRewards ---> TOURGUIDESERVICE
getUserRewards ---> TOURGUIDESERVICE
getUserRewards ---> TOURGUIDESERVICE
getUserRewards ---> TOURGUIDESERVICE
getUserRewards ---> TOURGUIDESERVICE
getUserRewards ---> TOURGUIDESERVICE
getUserRewards ---> TOURGUIDESERVICE
getUserRewards ---> TOURGUIDESERVICE
getUserRewards ---> TOURGUIDESERVICE
getUserRewards ---> TOURGUIDESERVICE
getUserRewards ---> TOURGUIDESERVICE
getUserRewards ---> TOURGUIDESERVICE
getUserRewards ---> TOURGUIDESERVICE
getUserRewards ---> TOURGUIDESERVICE
getUserRewards ---> TOURGUIDESERVICE
getUserRewards ---> TOURGUIDESERVICE
getUserRewards ---> TOURGUIDESERVICE
getUserRewards ---> TOURGUIDESERVICE
getUserRewards ---> TOURGUIDESERVICE
getUserRewards ---> TOURGUIDESERVICE
getUserRewards ---> TOURGUIDESERVICE
getUserRewards ---> TOURGUIDESERVICE
getUserRewards ---> TOURGUIDESERVICE
getUserRewards ---> TOURGUIDESERVICE
getUserRewards ---> TOURGUIDESERVICE
getUserRewards ---> TOURGUIDESERVICE
getUserRewards ---> TOURGUIDESERVICE
getUserRewards ---> TOURGUIDESERVICE
getUserRewards ---> TOURGUIDESERVICE
getUserRewards ---> TOURGUIDESERVICE
getUserRewards ---> TOURGUIDESERVICE
getUserRewards ---> TOURGUIDESERVICE
getUserRewards ---> TOURGUIDESERVICE
getUserRewards ---> TOURGUIDESERVICE
getUserRewards ---> TOURGUIDESERVICE
getUserRewards ---> TOURGUIDESERVICE
getUserRewards ---> TOURGUIDESERVICE
getUserRewards ---> TOURGUIDESERVICE
getUserRewards ---> TOURGUIDESERVICE
getUserRewards ---> TOURGUIDESERVICE
getUserRewards ---> TOURGUIDESERVICE
getUserRewards ---> TOURGUIDESERVICE
getUserRewards ---> TOURGUIDESERVICE
getUserRewards ---> TOURGUIDESERVICE
getUserRewards ---> TOURGUIDESERVICE
getUserRewards ---> TOURGUIDESERVICE
getUserRewards ---> TOURGUIDESERVICE
getUserRewards ---> TOURGUIDESERVICE
getUserRewards ---> TOURGUIDESERVICE
getUserRewards ---> TOURGUIDESERVICE
getUserRewards ---> TOURGUIDESERVICE
getUserRewards ---> TOURGUIDESERVICE
getUserRewards ---> TOURGUIDESERVICE
getUserRewards ---> TOURGUIDESERVICE
getUserRewards ---> TOURGUIDESERVICE
getUserRewards ---> TOURGUIDESERVICE
getUserRewards ---> TOURGUIDESERVICE
getUserRewards ---> TOURGUIDESERVICE
getUserRewards ---> TOURGUIDESERVICE
getUserRewards ---> TOURGUIDESERVICE
getUserRewards ---> TOURGUIDESERVICE
getUserRewards ---> TOURGUIDESERVICE
getUserRewards ---> TOURGUIDESERVICE
getUserRewards ---> TOURGUIDESERVICE
getUserRewards ---> TOURGUIDESERVICE
getUserRewards ---> TOURGUIDESERVICE
getUserRewards ---> TOURGUIDESERVICE
getUserRewards ---> TOURGUIDESERVICE
getUserRewards ---> TOURGUIDESERVICE
getUserRewards ---> TOURGUIDESERVICE
getUserRewards ---> TOURGUIDESERVICE
getUserRewards ---> TOURGUIDESERVICE
getUserRewards ---> TOURGUIDESERVICE
getUserRewards ---> TOURGUIDESERVICE
getUserRewards ---> TOURGUIDESERVICE
getUserRewards ---> TOURGUIDESERVICE
getUserRewards ---> TOURGUIDESERVICE
getUserRewards ---> TOURGUIDESERVICE
getUserRewards ---> TOURGUIDESERVICE
getUserRewards ---> TOURGUIDESERVICE
getUserRewards ---> TOURGUIDESERVICE
getUserRewards ---> TOURGUIDESERVICE
getUserRewards ---> TOURGUIDESERVICE
getUserRewards ---> TOURGUIDESERVICE
getUserRewards ---> TOURGUIDESERVICE
getUserRewards ---> TOURGUIDESERVICE
getUserRewards ---> TOURGUIDESERVICE
getUserRewards ---> TOURGUIDESERVICE
getUserRewards ---> TOURGUIDESERVICE
getUserRewards ---> TOURGUIDESERVICE
getUserRewards ---> TOURGUIDESERVICE
getUserRewards ---> TOURGUIDESERVICE
getUserRewards ---> TOURGUIDESERVICE
getUserRewards ---> TOURGUIDESERVICE
getUserRewards ---> TOURGUIDESERVICE
getUserRewards ---> TOURGUIDESERVICE
getUserRewards ---> TOURGUIDESERVICE
getUserRewards ---> TOURGUIDESERVICE
getUserRewards ---> TOURGUIDESERVICE
getUserRewards ---> TOURGUIDESERVICE
getUserRewards ---> TOURGUIDESERVICE
getUserRewards ---> TOURGUIDESERVICE
getUserRewards ---> TOURGUIDESERVICE
getUserRewards ---> TOURGUIDESERVICE
getUserRewards ---> TOURGUIDESERVICE
getUserRewards ---> TOURGUIDESERVICE
getUserRewards ---> TOURGUIDESERVICE
getUserRewards ---> TOURGUIDESERVICE
getUserRewards ---> TOURGUIDESERVICE
getUserRewards ---> TOURGUIDESERVICE
getUserRewards ---> TOURGUIDESERVICE
getUserRewards ---> TOURGUIDESERVICE
getUserRewards ---> TOURGUIDESERVICE
getUserRewards ---> TOURGUIDESERVICE
getUserRewards ---> TOURGUIDESERVICE
getUserRewards ---> TOURGUIDESERVICE
getUserRewards ---> TOURGUIDESERVICE
getUserRewards ---> TOURGUIDESERVICE
getUserRewards ---> TOURGUIDESERVICE
getUserRewards ---> TOURGUIDESERVICE
getUserRewards ---> TOURGUIDESERVICE
getUserRewards ---> TOURGUIDESERVICE
getUserRewards ---> TOURGUIDESERVICE
getUserRewards ---> TOURGUIDESERVICE
getUserRewards ---> TOURGUIDESERVICE
getUserRewards ---> TOURGUIDESERVICE
getUserRewards ---> TOURGUIDESERVICE
getUserRewards ---> TOURGUIDESERVICE
getUserRewards ---> TOURGUIDESERVICE
getUserRewards ---> TOURGUIDESERVICE
getUserRewards ---> TOURGUIDESERVICE
getUserRewards ---> TOURGUIDESERVICE
getUserRewards ---> TOURGUIDESERVICE
getUserRewards ---> TOURGUIDESERVICE
getUserRewards ---> TOURGUIDESERVICE
getUserRewards ---> TOURGUIDESERVICE
getUserRewards ---> TOURGUIDESERVICE
getUserRewards ---> TOURGUIDESERVICE
getUserRewards ---> TOURGUIDESERVICE
getUserRewards ---> TOURGUIDESERVICE
getUserRewards ---> TOURGUIDESERVICE
getUserRewards ---> TOURGUIDESERVICE
getUserRewards ---> TOURGUIDESERVICE
getUserRewards ---> TOURGUIDESERVICE
getUserRewards ---> TOURGUIDESERVICE
getUserRewards ---> TOURGUIDESERVICE
getUserRewards ---> TOURGUIDESERVICE
getUserRewards ---> TOURGUIDESERVICE
getUserRewards ---> TOURGUIDESERVICE
getUserRewards ---> TOURGUIDESERVICE
getUserRewards ---> TOURGUIDESERVICE
getUserRewards ---> TOURGUIDESERVICE
getUserRewards ---> TOURGUIDESERVICE
getUserRewards ---> TOURGUIDESERVICE
getUserRewards ---> TOURGUIDESERVICE
getUserRewards ---> TOURGUIDESERVICE
getUserRewards ---> TOURGUIDESERVICE
getUserRewards ---> TOURGUIDESERVICE
getUserRewards ---> TOURGUIDESERVICE
getUserRewards ---> TOURGUIDESERVICE
getUserRewards ---> TOURGUIDESERVICE
getUserRewards ---> TOURGUIDESERVICE
getUserRewards ---> TOURGUIDESERVICE
getUserRewards ---> TOURGUIDESERVICE
getUserRewards ---> TOURGUIDESERVICE
getUserRewards ---> TOURGUIDESERVICE
getUserRewards ---> TOURGUIDESERVICE
getUserRewards ---> TOURGUIDESERVICE
getUserRewards ---> TOURGUIDESERVICE
getUserRewards ---> TOURGUIDESERVICE
getUserRewards ---> TOURGUIDESERVICE
getUserRewards ---> TOURGUIDESERVICE
getUserRewards ---> TOURGUIDESERVICE
getUserRewards ---> TOURGUIDESERVICE
getUserRewards ---> TOURGUIDESERVICE
getUserRewards ---> TOURGUIDESERVICE
getUserRewards ---> TOURGUIDESERVICE
getUserRewards ---> TOURGUIDESERVICE
getUserRewards ---> TOURGUIDESERVICE
getUserRewards ---> TOURGUIDESERVICE
getUserRewards ---> TOURGUIDESERVICE
getUserRewards ---> TOURGUIDESERVICE
getUserRewards ---> TOURGUIDESERVICE
getUserRewards ---> TOURGUIDESERVICE
getUserRewards ---> TOURGUIDESERVICE
getUserRewards ---> TOURGUIDESERVICE
getUserRewards ---> TOURGUIDESERVICE
getUserRewards ---> TOURGUIDESERVICE
getUserRewards ---> TOURGUIDESERVICE
getUserRewards ---> TOURGUIDESERVICE
getUserRewards ---> TOURGUIDESERVICE
getUserRewards ---> TOURGUIDESERVICE
getUserRewards ---> TOURGUIDESERVICE
getUserRewards ---> TOURGUIDESERVICE
getUserRewards ---> TOURGUIDESERVICE
getUserRewards ---> TOURGUIDESERVICE
getUserRewards ---> TOURGUIDESERVICE
getUserRewards ---> TOURGUIDESERVICE
getUserRewards ---> TOURGUIDESERVICE
getUserRewards ---> TOURGUIDESERVICE
getUserRewards ---> TOURGUIDESERVICE
getUserRewards ---> TOURGUIDESERVICE
getUserRewards ---> TOURGUIDESERVICE
getUserRewards ---> TOURGUIDESERVICE
getUserRewards ---> TOURGUIDESERVICE
getUserRewards ---> TOURGUIDESERVICE
getUserRewards ---> TOURGUIDESERVICE
getUserRewards ---> TOURGUIDESERVICE
getUserRewards ---> TOURGUIDESERVICE
getUserRewards ---> TOURGUIDESERVICE
getUserRewards ---> TOURGUIDESERVICE
getUserRewards ---> TOURGUIDESERVICE
getUserRewards ---> TOURGUIDESERVICE
getUserRewards ---> TOURGUIDESERVICE
getUserRewards ---> TOURGUIDESERVICE
getUserRewards ---> TOURGUIDESERVICE
getUserRewards ---> TOURGUIDESERVICE
getUserRewards ---> TOURGUIDESERVICE
getUserRewards ---> TOURGUIDESERVICE
getUserRewards ---> TOURGUIDESERVICE
getUserRewards ---> TOURGUIDESERVICE
getUserRewards ---> TOURGUIDESERVICE
getUserRewards ---> TOURGUIDESERVICE
getUserRewards ---> TOURGUIDESERVICE
getUserRewards ---> TOURGUIDESERVICE
getUserRewards ---> TOURGUIDESERVICE
getUserRewards ---> TOURGUIDESERVICE
getUserRewards ---> TOURGUIDESERVICE
getUserRewards ---> TOURGUIDESERVICE
getUserRewards ---> TOURGUIDESERVICE
getUserRewards ---> TOURGUIDESERVICE
getUserRewards ---> TOURGUIDESERVICE
getUserRewards ---> TOURGUIDESERVICE
getUserRewards ---> TOURGUIDESERVICE
getUserRewards ---> TOURGUIDESERVICE
getUserRewards ---> TOURGUIDESERVICE
getUserRewards ---> TOURGUIDESERVICE
getUserRewards ---> TOURGUIDESERVICE
getUserRewards ---> TOURGUIDESERVICE
getUserRewards ---> TOURGUIDESERVICE
getUserRewards ---> TOURGUIDESERVICE
getUserRewards ---> TOURGUIDESERVICE
getUserRewards ---> TOURGUIDESERVICE
getUserRewards ---> TOURGUIDESERVICE
getUserRewards ---> TOURGUIDESERVICE
getUserRewards ---> TOURGUIDESERVICE
getUserRewards ---> TOURGUIDESERVICE
getUserRewards ---> TOURGUIDESERVICE
getUserRewards ---> TOURGUIDESERVICE
getUserRewards ---> TOURGUIDESERVICE
getUserRewards ---> TOURGUIDESERVICE
getUserRewards ---> TOURGUIDESERVICE
getUserRewards ---> TOURGUIDESERVICE
getUserRewards ---> TOURGUIDESERVICE
getUserRewards ---> TOURGUIDESERVICE
getUserRewards ---> TOURGUIDESERVICE
getUserRewards ---> TOURGUIDESERVICE
getUserRewards ---> TOURGUIDESERVICE
getUserRewards ---> TOURGUIDESERVICE
getUserRewards ---> TOURGUIDESERVICE
getUserRewards ---> TOURGUIDESERVICE
getUserRewards ---> TOURGUIDESERVICE
getUserRewards ---> TOURGUIDESERVICE
getUserRewards ---> TOURGUIDESERVICE
getUserRewards ---> TOURGUIDESERVICE
getUserRewards ---> TOURGUIDESERVICE
getUserRewards ---> TOURGUIDESERVICE
getUserRewards ---> TOURGUIDESERVICE
getUserRewards ---> TOURGUIDESERVICE
getUserRewards ---> TOURGUIDESERVICE
getUserRewards ---> TOURGUIDESERVICE
getUserRewards ---> TOURGUIDESERVICE
getUserRewards ---> TOURGUIDESERVICE
getUserRewards ---> TOURGUIDESERVICE
getUserRewards ---> TOURGUIDESERVICE
getUserRewards ---> TOURGUIDESERVICE
getUserRewards ---> TOURGUIDESERVICE
getUserRewards ---> TOURGUIDESERVICE
getUserRewards ---> TOURGUIDESERVICE
getUserRewards ---> TOURGUIDESERVICE
getUserRewards ---> TOURGUIDESERVICE
getUserRewards ---> TOURGUIDESERVICE
getUserRewards ---> TOURGUIDESERVICE
getUserRewards ---> TOURGUIDESERVICE
getUserRewards ---> TOURGUIDESERVICE
getUserRewards ---> TOURGUIDESERVICE
getUserRewards ---> TOURGUIDESERVICE
getUserRewards ---> TOURGUIDESERVICE
getUserRewards ---> TOURGUIDESERVICE
getUserRewards ---> TOURGUIDESERVICE
getUserRewards ---> TOURGUIDESERVICE
getUserRewards ---> TOURGUIDESERVICE
getUserRewards ---> TOURGUIDESERVICE
getUserRewards ---> TOURGUIDESERVICE
getUserRewards ---> TOURGUIDESERVICE
getUserRewards ---> TOURGUIDESERVICE
getUserRewards ---> TOURGUIDESERVICE
getUserRewards ---> TOURGUIDESERVICE
getUserRewards ---> TOURGUIDESERVICE
getUserRewards ---> TOURGUIDESERVICE
getUserRewards ---> TOURGUIDESERVICE
getUserRewards ---> TOURGUIDESERVICE
getUserRewards ---> TOURGUIDESERVICE
getUserRewards ---> TOURGUIDESERVICE
getUserRewards ---> TOURGUIDESERVICE
getUserRewards ---> TOURGUIDESERVICE
getUserRewards ---> TOURGUIDESERVICE
getUserRewards ---> TOURGUIDESERVICE
getUserRewards ---> TOURGUIDESERVICE
getUserRewards ---> TOURGUIDESERVICE
getUserRewards ---> TOURGUIDESERVICE
getUserRewards ---> TOURGUIDESERVICE
getUserRewards ---> TOURGUIDESERVICE
getUserRewards ---> TOURGUIDESERVICE
getUserRewards ---> TOURGUIDESERVICE
getUserRewards ---> TOURGUIDESERVICE
getUserRewards ---> TOURGUIDESERVICE
getUserRewards ---> TOURGUIDESERVICE
getUserRewards ---> TOURGUIDESERVICE
getUserRewards ---> TOURGUIDESERVICE
getUserRewards ---> TOURGUIDESERVICE
getUserRewards ---> TOURGUIDESERVICE
getUserRewards ---> TOURGUIDESERVICE
getUserRewards ---> TOURGUIDESERVICE
getUserRewards ---> TOURGUIDESERVICE
getUserRewards ---> TOURGUIDESERVICE
getUserRewards ---> TOURGUIDESERVICE
getUserRewards ---> TOURGUIDESERVICE
getUserRewards ---> TOURGUIDESERVICE
getUserRewards ---> TOURGUIDESERVICE
getUserRewards ---> TOURGUIDESERVICE
getUserRewards ---> TOURGUIDESERVICE
getUserRewards ---> TOURGUIDESERVICE
getUserRewards ---> TOURGUIDESERVICE
getUserRewards ---> TOURGUIDESERVICE
getUserRewards ---> TOURGUIDESERVICE
getUserRewards ---> TOURGUIDESERVICE
getUserRewards ---> TOURGUIDESERVICE
getUserRewards ---> TOURGUIDESERVICE
getUserRewards ---> TOURGUIDESERVICE
getUserRewards ---> TOURGUIDESERVICE
getUserRewards ---> TOURGUIDESERVICE
getUserRewards ---> TOURGUIDESERVICE
getUserRewards ---> TOURGUIDESERVICE
getUserRewards ---> TOURGUIDESERVICE
getUserRewards ---> TOURGUIDESERVICE
getUserRewards ---> TOURGUIDESERVICE
getUserRewards ---> TOURGUIDESERVICE
getUserRewards ---> TOURGUIDESERVICE
getUserRewards ---> TOURGUIDESERVICE
getUserRewards ---> TOURGUIDESERVICE
getUserRewards ---> TOURGUIDESERVICE
getUserRewards ---> TOURGUIDESERVICE
getUserRewards ---> TOURGUIDESERVICE
getUserRewards ---> TOURGUIDESERVICE
getUserRewards ---> TOURGUIDESERVICE
getUserRewards ---> TOURGUIDESERVICE
getUserRewards ---> TOURGUIDESERVICE
getUserRewards ---> TOURGUIDESERVICE
getUserRewards ---> TOURGUIDESERVICE
getUserRewards ---> TOURGUIDESERVICE
getUserRewards ---> TOURGUIDESERVICE
getUserRewards ---> TOURGUIDESERVICE
getUserRewards ---> TOURGUIDESERVICE
getUserRewards ---> TOURGUIDESERVICE
getUserRewards ---> TOURGUIDESERVICE
getUserRewards ---> TOURGUIDESERVICE
getUserRewards ---> TOURGUIDESERVICE
getUserRewards ---> TOURGUIDESERVICE
getUserRewards ---> TOURGUIDESERVICE
getUserRewards ---> TOURGUIDESERVICE
getUserRewards ---> TOURGUIDESERVICE
getUserRewards ---> TOURGUIDESERVICE
getUserRewards ---> TOURGUIDESERVICE
getUserRewards ---> TOURGUIDESERVICE
getUserRewards ---> TOURGUIDESERVICE
getUserRewards ---> TOURGUIDESERVICE
getUserRewards ---> TOURGUIDESERVICE
getUserRewards ---> TOURGUIDESERVICE
getUserRewards ---> TOURGUIDESERVICE
getUserRewards ---> TOURGUIDESERVICE
getUserRewards ---> TOURGUIDESERVICE
getUserRewards ---> TOURGUIDESERVICE
getUserRewards ---> TOURGUIDESERVICE
getUserRewards ---> TOURGUIDESERVICE
getUserRewards ---> TOURGUIDESERVICE
getUserRewards ---> TOURGUIDESERVICE
getUserRewards ---> TOURGUIDESERVICE
getUserRewards ---> TOURGUIDESERVICE
getUserRewards ---> TOURGUIDESERVICE
getUserRewards ---> TOURGUIDESERVICE
getUserRewards ---> TOURGUIDESERVICE
getUserRewards ---> TOURGUIDESERVICE
getUserRewards ---> TOURGUIDESERVICE
getUserRewards ---> TOURGUIDESERVICE
getUserRewards ---> TOURGUIDESERVICE
getUserRewards ---> TOURGUIDESERVICE
getUserRewards ---> TOURGUIDESERVICE
getUserRewards ---> TOURGUIDESERVICE
getUserRewards ---> TOURGUIDESERVICE
getUserRewards ---> TOURGUIDESERVICE
getUserRewards ---> TOURGUIDESERVICE
getUserRewards ---> TOURGUIDESERVICE
getUserRewards ---> TOURGUIDESERVICE
getUserRewards ---> TOURGUIDESERVICE
getUserRewards ---> TOURGUIDESERVICE
getUserRewards ---> TOURGUIDESERVICE
getUserRewards ---> TOURGUIDESERVICE
getUserRewards ---> TOURGUIDESERVICE
getUserRewards ---> TOURGUIDESERVICE
getUserRewards ---> TOURGUIDESERVICE
getUserRewards ---> TOURGUIDESERVICE
getUserRewards ---> TOURGUIDESERVICE
getUserRewards ---> TOURGUIDESERVICE
getUserRewards ---> TOURGUIDESERVICE
getUserRewards ---> TOURGUIDESERVICE
getUserRewards ---> TOURGUIDESERVICE
getUserRewards ---> TOURGUIDESERVICE
getUserRewards ---> TOURGUIDESERVICE
getUserRewards ---> TOURGUIDESERVICE
getUserRewards ---> TOURGUIDESERVICE
getUserRewards ---> TOURGUIDESERVICE
getUserRewards ---> TOURGUIDESERVICE
getUserRewards ---> TOURGUIDESERVICE
getUserRewards ---> TOURGUIDESERVICE
getUserRewards ---> TOURGUIDESERVICE
getUserRewards ---> TOURGUIDESERVICE
getUserRewards ---> TOURGUIDESERVICE
getUserRewards ---> TOURGUIDESERVICE
getUserRewards ---> TOURGUIDESERVICE
getUserRewards ---> TOURGUIDESERVICE
getUserRewards ---> TOURGUIDESERVICE
getUserRewards ---> TOURGUIDESERVICE
getUserRewards ---> TOURGUIDESERVICE
getUserRewards ---> TOURGUIDESERVICE
getUserRewards ---> TOURGUIDESERVICE
getUserRewards ---> TOURGUIDESERVICE
getUserRewards ---> TOURGUIDESERVICE
getUserRewards ---> TOURGUIDESERVICE
getUserRewards ---> TOURGUIDESERVICE
getUserRewards ---> TOURGUIDESERVICE
getUserRewards ---> TOURGUIDESERVICE
getUserRewards ---> TOURGUIDESERVICE
getUserRewards ---> TOURGUIDESERVICE
getUserRewards ---> TOURGUIDESERVICE
getUserRewards ---> TOURGUIDESERVICE
getUserRewards ---> TOURGUIDESERVICE
getUserRewards ---> TOURGUIDESERVICE
getUserRewards ---> TOURGUIDESERVICE
getUserRewards ---> TOURGUIDESERVICE
getUserRewards ---> TOURGUIDESERVICE
getUserRewards ---> TOURGUIDESERVICE
getUserRewards ---> TOURGUIDESERVICE
getUserRewards ---> TOURGUIDESERVICE
getUserRewards ---> TOURGUIDESERVICE
getUserRewards ---> TOURGUIDESERVICE
getUserRewards ---> TOURGUIDESERVICE
getUserRewards ---> TOURGUIDESERVICE
getUserRewards ---> TOURGUIDESERVICE
getUserRewards ---> TOURGUIDESERVICE
getUserRewards ---> TOURGUIDESERVICE
getUserRewards ---> TOURGUIDESERVICE
getUserRewards ---> TOURGUIDESERVICE
getUserRewards ---> TOURGUIDESERVICE
getUserRewards ---> TOURGUIDESERVICE
getUserRewards ---> TOURGUIDESERVICE
getUserRewards ---> TOURGUIDESERVICE
getUserRewards ---> TOURGUIDESERVICE
getUserRewards ---> TOURGUIDESERVICE
getUserRewards ---> TOURGUIDESERVICE
getUserRewards ---> TOURGUIDESERVICE
getUserRewards ---> TOURGUIDESERVICE
getUserRewards ---> TOURGUIDESERVICE
getUserRewards ---> TOURGUIDESERVICE
getUserRewards ---> TOURGUIDESERVICE
getUserRewards ---> TOURGUIDESERVICE
getUserRewards ---> TOURGUIDESERVICE
getUserRewards ---> TOURGUIDESERVICE
getUserRewards ---> TOURGUIDESERVICE
getUserRewards ---> TOURGUIDESERVICE
getUserRewards ---> TOURGUIDESERVICE
getUserRewards ---> TOURGUIDESERVICE
getUserRewards ---> TOURGUIDESERVICE
getUserRewards ---> TOURGUIDESERVICE
getUserRewards ---> TOURGUIDESERVICE
getUserRewards ---> TOURGUIDESERVICE
getUserRewards ---> TOURGUIDESERVICE
getUserRewards ---> TOURGUIDESERVICE
getUserRewards ---> TOURGUIDESERVICE
getUserRewards ---> TOURGUIDESERVICE
getUserRewards ---> TOURGUIDESERVICE
getUserRewards ---> TOURGUIDESERVICE
getUserRewards ---> TOURGUIDESERVICE
getUserRewards ---> TOURGUIDESERVICE
getUserRewards ---> TOURGUIDESERVICE
getUserRewards ---> TOURGUIDESERVICE
getUserRewards ---> TOURGUIDESERVICE
getUserRewards ---> TOURGUIDESERVICE
getUserRewards ---> TOURGUIDESERVICE
getUserRewards ---> TOURGUIDESERVICE
getUserRewards ---> TOURGUIDESERVICE
getUserRewards ---> TOURGUIDESERVICE
getUserRewards ---> TOURGUIDESERVICE
getUserRewards ---> TOURGUIDESERVICE
getUserRewards ---> TOURGUIDESERVICE
getUserRewards ---> TOURGUIDESERVICE
getUserRewards ---> TOURGUIDESERVICE
getUserRewards ---> TOURGUIDESERVICE
getUserRewards ---> TOURGUIDESERVICE
getUserRewards ---> TOURGUIDESERVICE
getUserRewards ---> TOURGUIDESERVICE
getUserRewards ---> TOURGUIDESERVICE
getUserRewards ---> TOURGUIDESERVICE
getUserRewards ---> TOURGUIDESERVICE
getUserRewards ---> TOURGUIDESERVICE
getUserRewards ---> TOURGUIDESERVICE
getUserRewards ---> TOURGUIDESERVICE
getUserRewards ---> TOURGUIDESERVICE
getUserRewards ---> TOURGUIDESERVICE
getUserRewards ---> TOURGUIDESERVICE
getUserRewards ---> TOURGUIDESERVICE
getUserRewards ---> TOURGUIDESERVICE
getUserRewards ---> TOURGUIDESERVICE
getUserRewards ---> TOURGUIDESERVICE
getUserRewards ---> TOURGUIDESERVICE
getUserRewards ---> TOURGUIDESERVICE
getUserRewards ---> TOURGUIDESERVICE
getUserRewards ---> TOURGUIDESERVICE
getUserRewards ---> TOURGUIDESERVICE
getUserRewards ---> TOURGUIDESERVICE
getUserRewards ---> TOURGUIDESERVICE
getUserRewards ---> TOURGUIDESERVICE
getUserRewards ---> TOURGUIDESERVICE
getUserRewards ---> TOURGUIDESERVICE
getUserRewards ---> TOURGUIDESERVICE
getUserRewards ---> TOURGUIDESERVICE
getUserRewards ---> TOURGUIDESERVICE
getUserRewards ---> TOURGUIDESERVICE
getUserRewards ---> TOURGUIDESERVICE
getUserRewards ---> TOURGUIDESERVICE
getUserRewards ---> TOURGUIDESERVICE
getUserRewards ---> TOURGUIDESERVICE
getUserRewards ---> TOURGUIDESERVICE
getUserRewards ---> TOURGUIDESERVICE
getUserRewards ---> TOURGUIDESERVICE
getUserRewards ---> TOURGUIDESERVICE
getUserRewards ---> TOURGUIDESERVICE
getUserRewards ---> TOURGUIDESERVICE
getUserRewards ---> TOURGUIDESERVICE
getUserRewards ---> TOURGUIDESERVICE
getUserRewards ---> TOURGUIDESERVICE
getUserRewards ---> TOURGUIDESERVICE
getUserRewards ---> TOURGUIDESERVICE
getUserRewards ---> TOURGUIDESERVICE
getUserRewards ---> TOURGUIDESERVICE
getUserRewards ---> TOURGUIDESERVICE
getUserRewards ---> TOURGUIDESERVICE
getUserRewards ---> TOURGUIDESERVICE
getUserRewards ---> TOURGUIDESERVICE
getUserRewards ---> TOURGUIDESERVICE
getUserRewards ---> TOURGUIDESERVICE
getUserRewards ---> TOURGUIDESERVICE
getUserRewards ---> TOURGUIDESERVICE
getUserRewards ---> TOURGUIDESERVICE
getUserRewards ---> TOURGUIDESERVICE
getUserRewards ---> TOURGUIDESERVICE
getUserRewards ---> TOURGUIDESERVICE
getUserRewards ---> TOURGUIDESERVICE
getUserRewards ---> TOURGUIDESERVICE
getUserRewards ---> TOURGUIDESERVICE
getUserRewards ---> TOURGUIDESERVICE
getUserRewards ---> TOURGUIDESERVICE
getUserRewards ---> TOURGUIDESERVICE
getUserRewards ---> TOURGUIDESERVICE
getUserRewards ---> TOURGUIDESERVICE
getUserRewards ---> TOURGUIDESERVICE
getUserRewards ---> TOURGUIDESERVICE
getUserRewards ---> TOURGUIDESERVICE
getUserRewards ---> TOURGUIDESERVICE
getUserRewards ---> TOURGUIDESERVICE
getUserRewards ---> TOURGUIDESERVICE
getUserRewards ---> TOURGUIDESERVICE
getUserRewards ---> TOURGUIDESERVICE
getUserRewards ---> TOURGUIDESERVICE
getUserRewards ---> TOURGUIDESERVICE
getUserRewards ---> TOURGUIDESERVICE
getUserRewards ---> TOURGUIDESERVICE
getUserRewards ---> TOURGUIDESERVICE
getUserRewards ---> TOURGUIDESERVICE
getUserRewards ---> TOURGUIDESERVICE
getUserRewards ---> TOURGUIDESERVICE
getUserRewards ---> TOURGUIDESERVICE
getUserRewards ---> TOURGUIDESERVICE
getUserRewards ---> TOURGUIDESERVICE
getUserRewards ---> TOURGUIDESERVICE
getUserRewards ---> TOURGUIDESERVICE
getUserRewards ---> TOURGUIDESERVICE
getUserRewards ---> TOURGUIDESERVICE
getUserRewards ---> TOURGUIDESERVICE
getUserRewards ---> TOURGUIDESERVICE
getUserRewards ---> TOURGUIDESERVICE
getUserRewards ---> TOURGUIDESERVICE
getUserRewards ---> TOURGUIDESERVICE
getUserRewards ---> TOURGUIDESERVICE
getUserRewards ---> TOURGUIDESERVICE
getUserRewards ---> TOURGUIDESERVICE
getUserRewards ---> TOURGUIDESERVICE
getUserRewards ---> TOURGUIDESERVICE
getUserRewards ---> TOURGUIDESERVICE
getUserRewards ---> TOURGUIDESERVICE
getUserRewards ---> TOURGUIDESERVICE
getUserRewards ---> TOURGUIDESERVICE
getUserRewards ---> TOURGUIDESERVICE
getUserRewards ---> TOURGUIDESERVICE
getUserRewards ---> TOURGUIDESERVICE
getUserRewards ---> TOURGUIDESERVICE
getUserRewards ---> TOURGUIDESERVICE
getUserRewards ---> TOURGUIDESERVICE
getUserRewards ---> TOURGUIDESERVICE
getUserRewards ---> TOURGUIDESERVICE
getUserRewards ---> TOURGUIDESERVICE
getUserRewards ---> TOURGUIDESERVICE
getUserRewards ---> TOURGUIDESERVICE
getUserRewards ---> TOURGUIDESERVICE
getUserRewards ---> TOURGUIDESERVICE
getUserRewards ---> TOURGUIDESERVICE
getUserRewards ---> TOURGUIDESERVICE
getUserRewards ---> TOURGUIDESERVICE
getUserRewards ---> TOURGUIDESERVICE
getUserRewards ---> TOURGUIDESERVICE
getUserRewards ---> TOURGUIDESERVICE
getUserRewards ---> TOURGUIDESERVICE
getUserRewards ---> TOURGUIDESERVICE
getUserRewards ---> TOURGUIDESERVICE
getUserRewards ---> TOURGUIDESERVICE
getUserRewards ---> TOURGUIDESERVICE
getUserRewards ---> TOURGUIDESERVICE
getUserRewards ---> TOURGUIDESERVICE
getUserRewards ---> TOURGUIDESERVICE
getUserRewards ---> TOURGUIDESERVICE
getUserRewards ---> TOURGUIDESERVICE
getUserRewards ---> TOURGUIDESERVICE
getUserRewards ---> TOURGUIDESERVICE
getUserRewards ---> TOURGUIDESERVICE
getUserRewards ---> TOURGUIDESERVICE
getUserRewards ---> TOURGUIDESERVICE
getUserRewards ---> TOURGUIDESERVICE
getUserRewards ---> TOURGUIDESERVICE
getUserRewards ---> TOURGUIDESERVICE
getUserRewards ---> TOURGUIDESERVICE
getUserRewards ---> TOURGUIDESERVICE
getUserRewards ---> TOURGUIDESERVICE
getUserRewards ---> TOURGUIDESERVICE
getUserRewards ---> TOURGUIDESERVICE
getUserRewards ---> TOURGUIDESERVICE
getUserRewards ---> TOURGUIDESERVICE
getUserRewards ---> TOURGUIDESERVICE
getUserRewards ---> TOURGUIDESERVICE
getUserRewards ---> TOURGUIDESERVICE
getUserRewards ---> TOURGUIDESERVICE
getUserRewards ---> TOURGUIDESERVICE
getUserRewards ---> TOURGUIDESERVICE
getUserRewards ---> TOURGUIDESERVICE
getUserRewards ---> TOURGUIDESERVICE
getUserRewards ---> TOURGUIDESERVICE
getUserRewards ---> TOURGUIDESERVICE
getUserRewards ---> TOURGUIDESERVICE
getUserRewards ---> TOURGUIDESERVICE
getUserRewards ---> TOURGUIDESERVICE
getUserRewards ---> TOURGUIDESERVICE
getUserRewards ---> TOURGUIDESERVICE
getUserRewards ---> TOURGUIDESERVICE
getUserRewards ---> TOURGUIDESERVICE
getUserRewards ---> TOURGUIDESERVICE
getUserRewards ---> TOURGUIDESERVICE
getUserRewards ---> TOURGUIDESERVICE
getUserRewards ---> TOURGUIDESERVICE
getUserRewards ---> TOURGUIDESERVICE
getUserRewards ---> TOURGUIDESERVICE
getUserRewards ---> TOURGUIDESERVICE
getUserRewards ---> TOURGUIDESERVICE
getUserRewards ---> TOURGUIDESERVICE
getUserRewards ---> TOURGUIDESERVICE
getUserRewards ---> TOURGUIDESERVICE
getUserRewards ---> TOURGUIDESERVICE
getUserRewards ---> TOURGUIDESERVICE
getUserRewards ---> TOURGUIDESERVICE
getUserRewards ---> TOURGUIDESERVICE
getUserRewards ---> TOURGUIDESERVICE
getUserRewards ---> TOURGUIDESERVICE
getUserRewards ---> TOURGUIDESERVICE
getUserRewards ---> TOURGUIDESERVICE
getUserRewards ---> TOURGUIDESERVICE
getUserRewards ---> TOURGUIDESERVICE
getUserRewards ---> TOURGUIDESERVICE
getUserRewards ---> TOURGUIDESERVICE
getUserRewards ---> TOURGUIDESERVICE
getUserRewards ---> TOURGUIDESERVICE
getUserRewards ---> TOURGUIDESERVICE
getUserRewards ---> TOURGUIDESERVICE
getUserRewards ---> TOURGUIDESERVICE
getUserRewards ---> TOURGUIDESERVICE
getUserRewards ---> TOURGUIDESERVICE
getUserRewards ---> TOURGUIDESERVICE
getUserRewards ---> TOURGUIDESERVICE
getUserRewards ---> TOURGUIDESERVICE
getUserRewards ---> TOURGUIDESERVICE
getUserRewards ---> TOURGUIDESERVICE
getUserRewards ---> TOURGUIDESERVICE
getUserRewards ---> TOURGUIDESERVICE
getUserRewards ---> TOURGUIDESERVICE
getUserRewards ---> TOURGUIDESERVICE
getUserRewards ---> TOURGUIDESERVICE
getUserRewards ---> TOURGUIDESERVICE
getUserRewards ---> TOURGUIDESERVICE
getUserRewards ---> TOURGUIDESERVICE
getUserRewards ---> TOURGUIDESERVICE
getUserRewards ---> TOURGUIDESERVICE
getUserRewards ---> TOURGUIDESERVICE
getUserRewards ---> TOURGUIDESERVICE
getUserRewards ---> TOURGUIDESERVICE
getUserRewards ---> TOURGUIDESERVICE
getUserRewards ---> TOURGUIDESERVICE
getUserRewards ---> TOURGUIDESERVICE
getUserRewards ---> TOURGUIDESERVICE
getUserRewards ---> TOURGUIDESERVICE
getUserRewards ---> TOURGUIDESERVICE
getUserRewards ---> TOURGUIDESERVICE
getUserRewards ---> TOURGUIDESERVICE
getUserRewards ---> TOURGUIDESERVICE
getUserRewards ---> TOURGUIDESERVICE
getUserRewards ---> TOURGUIDESERVICE
getUserRewards ---> TOURGUIDESERVICE
getUserRewards ---> TOURGUIDESERVICE
getUserRewards ---> TOURGUIDESERVICE
getUserRewards ---> TOURGUIDESERVICE
getUserRewards ---> TOURGUIDESERVICE
getUserRewards ---> TOURGUIDESERVICE
getUserRewards ---> TOURGUIDESERVICE
getUserRewards ---> TOURGUIDESERVICE
getUserRewards ---> TOURGUIDESERVICE
getUserRewards ---> TOURGUIDESERVICE
getUserRewards ---> TOURGUIDESERVICE
getUserRewards ---> TOURGUIDESERVICE
getUserRewards ---> TOURGUIDESERVICE
getUserRewards ---> TOURGUIDESERVICE
getUserRewards ---> TOURGUIDESERVICE
getUserRewards ---> TOURGUIDESERVICE
getUserRewards ---> TOURGUIDESERVICE
getUserRewards ---> TOURGUIDESERVICE
getUserRewards ---> TOURGUIDESERVICE
getUserRewards ---> TOURGUIDESERVICE
getUserRewards ---> TOURGUIDESERVICE
getUserRewards ---> TOURGUIDESERVICE
getUserRewards ---> TOURGUIDESERVICE
getUserRewards ---> TOURGUIDESERVICE
getUserRewards ---> TOURGUIDESERVICE
getUserRewards ---> TOURGUIDESERVICE
getUserRewards ---> TOURGUIDESERVICE
getUserRewards ---> TOURGUIDESERVICE
getUserRewards ---> TOURGUIDESERVICE
getUserRewards ---> TOURGUIDESERVICE
getUserRewards ---> TOURGUIDESERVICE
getUserRewards ---> TOURGUIDESERVICE
getUserRewards ---> TOURGUIDESERVICE
getUserRewards ---> TOURGUIDESERVICE
getUserRewards ---> TOURGUIDESERVICE
getUserRewards ---> TOURGUIDESERVICE
getUserRewards ---> TOURGUIDESERVICE
getUserRewards ---> TOURGUIDESERVICE
getUserRewards ---> TOURGUIDESERVICE
getUserRewards ---> TOURGUIDESERVICE
getUserRewards ---> TOURGUIDESERVICE
getUserRewards ---> TOURGUIDESERVICE
getUserRewards ---> TOURGUIDESERVICE
getUserRewards ---> TOURGUIDESERVICE
getUserRewards ---> TOURGUIDESERVICE
getUserRewards ---> TOURGUIDESERVICE
getUserRewards ---> TOURGUIDESERVICE
getUserRewards ---> TOURGUIDESERVICE
getUserRewards ---> TOURGUIDESERVICE
getUserRewards ---> TOURGUIDESERVICE
getUserRewards ---> TOURGUIDESERVICE
getUserRewards ---> TOURGUIDESERVICE
getUserRewards ---> TOURGUIDESERVICE
getUserRewards ---> TOURGUIDESERVICE
getUserRewards ---> TOURGUIDESERVICE
getUserRewards ---> TOURGUIDESERVICE
getUserRewards ---> TOURGUIDESERVICE
getUserRewards ---> TOURGUIDESERVICE
getUserRewards ---> TOURGUIDESERVICE
getUserRewards ---> TOURGUIDESERVICE
getUserRewards ---> TOURGUIDESERVICE
getUserRewards ---> TOURGUIDESERVICE
getUserRewards ---> TOURGUIDESERVICE
getUserRewards ---> TOURGUIDESERVICE
getUserRewards ---> TOURGUIDESERVICE
getUserRewards ---> TOURGUIDESERVICE
getUserRewards ---> TOURGUIDESERVICE
getUserRewards ---> TOURGUIDESERVICE
getUserRewards ---> TOURGUIDESERVICE
getUserRewards ---> TOURGUIDESERVICE
getUserRewards ---> TOURGUIDESERVICE
getUserRewards ---> TOURGUIDESERVICE
getUserRewards ---> TOURGUIDESERVICE
getUserRewards ---> TOURGUIDESERVICE
getUserRewards ---> TOURGUIDESERVICE
getUserRewards ---> TOURGUIDESERVICE
getUserRewards ---> TOURGUIDESERVICE
getUserRewards ---> TOURGUIDESERVICE
getUserRewards ---> TOURGUIDESERVICE
getUserRewards ---> TOURGUIDESERVICE
getUserRewards ---> TOURGUIDESERVICE
getUserRewards ---> TOURGUIDESERVICE
getUserRewards ---> TOURGUIDESERVICE
getUserRewards ---> TOURGUIDESERVICE
getUserRewards ---> TOURGUIDESERVICE
getUserRewards ---> TOURGUIDESERVICE
getUserRewards ---> TOURGUIDESERVICE
getUserRewards ---> TOURGUIDESERVICE
getUserRewards ---> TOURGUIDESERVICE
getUserRewards ---> TOURGUIDESERVICE
getUserRewards ---> TOURGUIDESERVICE
getUserRewards ---> TOURGUIDESERVICE
getUserRewards ---> TOURGUIDESERVICE
getUserRewards ---> TOURGUIDESERVICE
getUserRewards ---> TOURGUIDESERVICE
getUserRewards ---> TOURGUIDESERVICE
getUserRewards ---> TOURGUIDESERVICE
getUserRewards ---> TOURGUIDESERVICE
getUserRewards ---> TOURGUIDESERVICE
getUserRewards ---> TOURGUIDESERVICE
getUserRewards ---> TOURGUIDESERVICE
getUserRewards ---> TOURGUIDESERVICE
getUserRewards ---> TOURGUIDESERVICE
getUserRewards ---> TOURGUIDESERVICE
getUserRewards ---> TOURGUIDESERVICE
getUserRewards ---> TOURGUIDESERVICE
getUserRewards ---> TOURGUIDESERVICE
getUserRewards ---> TOURGUIDESERVICE
getUserRewards ---> TOURGUIDESERVICE
getUserRewards ---> TOURGUIDESERVICE
getUserRewards ---> TOURGUIDESERVICE
getUserRewards ---> TOURGUIDESERVICE
getUserRewards ---> TOURGUIDESERVICE
getUserRewards ---> TOURGUIDESERVICE
getUserRewards ---> TOURGUIDESERVICE
getUserRewards ---> TOURGUIDESERVICE
getUserRewards ---> TOURGUIDESERVICE
getUserRewards ---> TOURGUIDESERVICE
getUserRewards ---> TOURGUIDESERVICE
getUserRewards ---> TOURGUIDESERVICE
getUserRewards ---> TOURGUIDESERVICE
getUserRewards ---> TOURGUIDESERVICE
getUserRewards ---> TOURGUIDESERVICE
getUserRewards ---> TOURGUIDESERVICE
getUserRewards ---> TOURGUIDESERVICE
getUserRewards ---> TOURGUIDESERVICE
getUserRewards ---> TOURGUIDESERVICE
getUserRewards ---> TOURGUIDESERVICE
getUserRewards ---> TOURGUIDESERVICE
getUserRewards ---> TOURGUIDESERVICE
getUserRewards ---> TOURGUIDESERVICE
getUserRewards ---> TOURGUIDESERVICE
getUserRewards ---> TOURGUIDESERVICE
getUserRewards ---> TOURGUIDESERVICE
getUserRewards ---> TOURGUIDESERVICE
getUserRewards ---> TOURGUIDESERVICE
getUserRewards ---> TOURGUIDESERVICE
getUserRewards ---> TOURGUIDESERVICE
getUserRewards ---> TOURGUIDESERVICE
getUserRewards ---> TOURGUIDESERVICE
getUserRewards ---> TOURGUIDESERVICE
getUserRewards ---> TOURGUIDESERVICE
getUserRewards ---> TOURGUIDESERVICE
getUserRewards ---> TOURGUIDESERVICE
getUserRewards ---> TOURGUIDESERVICE
getUserRewards ---> TOURGUIDESERVICE
getUserRewards ---> TOURGUIDESERVICE
getUserRewards ---> TOURGUIDESERVICE
getUserRewards ---> TOURGUIDESERVICE
getUserRewards ---> TOURGUIDESERVICE
getUserRewards ---> TOURGUIDESERVICE
getUserRewards ---> TOURGUIDESERVICE
getUserRewards ---> TOURGUIDESERVICE
getUserRewards ---> TOURGUIDESERVICE
getUserRewards ---> TOURGUIDESERVICE
getUserRewards ---> TOURGUIDESERVICE
getUserRewards ---> TOURGUIDESERVICE
getUserRewards ---> TOURGUIDESERVICE
getUserRewards ---> TOURGUIDESERVICE
getUserRewards ---> TOURGUIDESERVICE
getUserRewards ---> TOURGUIDESERVICE
getUserRewards ---> TOURGUIDESERVICE
getUserRewards ---> TOURGUIDESERVICE
getUserRewards ---> TOURGUIDESERVICE
getUserRewards ---> TOURGUIDESERVICE
getUserRewards ---> TOURGUIDESERVICE
getUserRewards ---> TOURGUIDESERVICE
getUserRewards ---> TOURGUIDESERVICE
getUserRewards ---> TOURGUIDESERVICE
getUserRewards ---> TOURGUIDESERVICE
getUserRewards ---> TOURGUIDESERVICE
getUserRewards ---> TOURGUIDESERVICE
getUserRewards ---> TOURGUIDESERVICE
getUserRewards ---> TOURGUIDESERVICE
getUserRewards ---> TOURGUIDESERVICE
getUserRewards ---> TOURGUIDESERVICE
getUserRewards ---> TOURGUIDESERVICE
getUserRewards ---> TOURGUIDESERVICE
getUserRewards ---> TOURGUIDESERVICE
getUserRewards ---> TOURGUIDESERVICE
getUserRewards ---> TOURGUIDESERVICE
getUserRewards ---> TOURGUIDESERVICE
getUserRewards ---> TOURGUIDESERVICE
getUserRewards ---> TOURGUIDESERVICE
getUserRewards ---> TOURGUIDESERVICE
getUserRewards ---> TOURGUIDESERVICE
getUserRewards ---> TOURGUIDESERVICE
getUserRewards ---> TOURGUIDESERVICE
getUserRewards ---> TOURGUIDESERVICE
getUserRewards ---> TOURGUIDESERVICE
getUserRewards ---> TOURGUIDESERVICE
getUserRewards ---> TOURGUIDESERVICE
getUserRewards ---> TOURGUIDESERVICE
getUserRewards ---> TOURGUIDESERVICE
getUserRewards ---> TOURGUIDESERVICE
getUserRewards ---> TOURGUIDESERVICE
getUserRewards ---> TOURGUIDESERVICE
getUserRewards ---> TOURGUIDESERVICE
getUserRewards ---> TOURGUIDESERVICE
getUserRewards ---> TOURGUIDESERVICE
getUserRewards ---> TOURGUIDESERVICE
getUserRewards ---> TOURGUIDESERVICE
getUserRewards ---> TOURGUIDESERVICE
getUserRewards ---> TOURGUIDESERVICE
getUserRewards ---> TOURGUIDESERVICE
getUserRewards ---> TOURGUIDESERVICE
getUserRewards ---> TOURGUIDESERVICE
getUserRewards ---> TOURGUIDESERVICE
getUserRewards ---> TOURGUIDESERVICE
getUserRewards ---> TOURGUIDESERVICE
getUserRewards ---> TOURGUIDESERVICE
getUserRewards ---> TOURGUIDESERVICE
getUserRewards ---> TOURGUIDESERVICE
getUserRewards ---> TOURGUIDESERVICE
getUserRewards ---> TOURGUIDESERVICE
getUserRewards ---> TOURGUIDESERVICE
getUserRewards ---> TOURGUIDESERVICE
getUserRewards ---> TOURGUIDESERVICE
getUserRewards ---> TOURGUIDESERVICE
getUserRewards ---> TOURGUIDESERVICE
getUserRewards ---> TOURGUIDESERVICE
getUserRewards ---> TOURGUIDESERVICE
getUserRewards ---> TOURGUIDESERVICE
getUserRewards ---> TOURGUIDESERVICE
getUserRewards ---> TOURGUIDESERVICE
getUserRewards ---> TOURGUIDESERVICE
getUserRewards ---> TOURGUIDESERVICE
getUserRewards ---> TOURGUIDESERVICE
getUserRewards ---> TOURGUIDESERVICE
getUserRewards ---> TOURGUIDESERVICE
getUserRewards ---> TOURGUIDESERVICE
getUserRewards ---> TOURGUIDESERVICE
getUserRewards ---> TOURGUIDESERVICE
getUserRewards ---> TOURGUIDESERVICE
getUserRewards ---> TOURGUIDESERVICE
getUserRewards ---> TOURGUIDESERVICE
getUserRewards ---> TOURGUIDESERVICE
getUserRewards ---> TOURGUIDESERVICE
getUserRewards ---> TOURGUIDESERVICE
getUserRewards ---> TOURGUIDESERVICE
getUserRewards ---> TOURGUIDESERVICE
getUserRewards ---> TOURGUIDESERVICE
getUserRewards ---> TOURGUIDESERVICE
getUserRewards ---> TOURGUIDESERVICE
getUserRewards ---> TOURGUIDESERVICE
getUserRewards ---> TOURGUIDESERVICE
getUserRewards ---> TOURGUIDESERVICE
getUserRewards ---> TOURGUIDESERVICE
getUserRewards ---> TOURGUIDESERVICE
getUserRewards ---> TOURGUIDESERVICE
getUserRewards ---> TOURGUIDESERVICE
getUserRewards ---> TOURGUIDESERVICE
getUserRewards ---> TOURGUIDESERVICE
getUserRewards ---> TOURGUIDESERVICE
getUserRewards ---> TOURGUIDESERVICE
getUserRewards ---> TOURGUIDESERVICE
getUserRewards ---> TOURGUIDESERVICE
getUserRewards ---> TOURGUIDESERVICE
getUserRewards ---> TOURGUIDESERVICE
getUserRewards ---> TOURGUIDESERVICE
getUserRewards ---> TOURGUIDESERVICE
getUserRewards ---> TOURGUIDESERVICE
getUserRewards ---> TOURGUIDESERVICE
getUserRewards ---> TOURGUIDESERVICE
getUserRewards ---> TOURGUIDESERVICE
getUserRewards ---> TOURGUIDESERVICE
getUserRewards ---> TOURGUIDESERVICE
getUserRewards ---> TOURGUIDESERVICE
getUserRewards ---> TOURGUIDESERVICE
getUserRewards ---> TOURGUIDESERVICE
getUserRewards ---> TOURGUIDESERVICE
getUserRewards ---> TOURGUIDESERVICE
getUserRewards ---> TOURGUIDESERVICE
getUserRewards ---> TOURGUIDESERVICE
getUserRewards ---> TOURGUIDESERVICE
getUserRewards ---> TOURGUIDESERVICE
getUserRewards ---> TOURGUIDESERVICE
getUserRewards ---> TOURGUIDESERVICE
getUserRewards ---> TOURGUIDESERVICE
getUserRewards ---> TOURGUIDESERVICE
getUserRewards ---> TOURGUIDESERVICE
getUserRewards ---> TOURGUIDESERVICE
getUserRewards ---> TOURGUIDESERVICE
getUserRewards ---> TOURGUIDESERVICE
getUserRewards ---> TOURGUIDESERVICE
getUserRewards ---> TOURGUIDESERVICE
getUserRewards ---> TOURGUIDESERVICE
getUserRewards ---> TOURGUIDESERVICE
getUserRewards ---> TOURGUIDESERVICE
getUserRewards ---> TOURGUIDESERVICE
getUserRewards ---> TOURGUIDESERVICE
getUserRewards ---> TOURGUIDESERVICE
getUserRewards ---> TOURGUIDESERVICE
getUserRewards ---> TOURGUIDESERVICE
getUserRewards ---> TOURGUIDESERVICE
getUserRewards ---> TOURGUIDESERVICE
getUserRewards ---> TOURGUIDESERVICE
getUserRewards ---> TOURGUIDESERVICE
getUserRewards ---> TOURGUIDESERVICE
getUserRewards ---> TOURGUIDESERVICE
getUserRewards ---> TOURGUIDESERVICE
getUserRewards ---> TOURGUIDESERVICE
getUserRewards ---> TOURGUIDESERVICE
getUserRewards ---> TOURGUIDESERVICE
getUserRewards ---> TOURGUIDESERVICE
getUserRewards ---> TOURGUIDESERVICE
getUserRewards ---> TOURGUIDESERVICE
getUserRewards ---> TOURGUIDESERVICE
getUserRewards ---> TOURGUIDESERVICE
getUserRewards ---> TOURGUIDESERVICE
getUserRewards ---> TOURGUIDESERVICE
getUserRewards ---> TOURGUIDESERVICE
getUserRewards ---> TOURGUIDESERVICE
getUserRewards ---> TOURGUIDESERVICE
getUserRewards ---> TOURGUIDESERVICE
getUserRewards ---> TOURGUIDESERVICE
getUserRewards ---> TOURGUIDESERVICE
getUserRewards ---> TOURGUIDESERVICE
getUserRewards ---> TOURGUIDESERVICE
getUserRewards ---> TOURGUIDESERVICE
getUserRewards ---> TOURGUIDESERVICE
getUserRewards ---> TOURGUIDESERVICE
getUserRewards ---> TOURGUIDESERVICE
getUserRewards ---> TOURGUIDESERVICE
getUserRewards ---> TOURGUIDESERVICE
getUserRewards ---> TOURGUIDESERVICE
getUserRewards ---> TOURGUIDESERVICE
getUserRewards ---> TOURGUIDESERVICE
getUserRewards ---> TOURGUIDESERVICE
getUserRewards ---> TOURGUIDESERVICE
getUserRewards ---> TOURGUIDESERVICE
getUserRewards ---> TOURGUIDESERVICE
getUserRewards ---> TOURGUIDESERVICE
getUserRewards ---> TOURGUIDESERVICE
getUserRewards ---> TOURGUIDESERVICE
getUserRewards ---> TOURGUIDESERVICE
getUserRewards ---> TOURGUIDESERVICE
getUserRewards ---> TOURGUIDESERVICE
getUserRewards ---> TOURGUIDESERVICE
getUserRewards ---> TOURGUIDESERVICE
getUserRewards ---> TOURGUIDESERVICE
getUserRewards ---> TOURGUIDESERVICE
getUserRewards ---> TOURGUIDESERVICE
getUserRewards ---> TOURGUIDESERVICE
getUserRewards ---> TOURGUIDESERVICE
getUserRewards ---> TOURGUIDESERVICE
getUserRewards ---> TOURGUIDESERVICE
getUserRewards ---> TOURGUIDESERVICE
getUserRewards ---> TOURGUIDESERVICE
getUserRewards ---> TOURGUIDESERVICE
getUserRewards ---> TOURGUIDESERVICE
getUserRewards ---> TOURGUIDESERVICE
getUserRewards ---> TOURGUIDESERVICE
getUserRewards ---> TOURGUIDESERVICE
getUserRewards ---> TOURGUIDESERVICE
getUserRewards ---> TOURGUIDESERVICE
getUserRewards ---> TOURGUIDESERVICE
getUserRewards ---> TOURGUIDESERVICE
getUserRewards ---> TOURGUIDESERVICE
getUserRewards ---> TOURGUIDESERVICE
getUserRewards ---> TOURGUIDESERVICE
getUserRewards ---> TOURGUIDESERVICE
getUserRewards ---> TOURGUIDESERVICE
getUserRewards ---> TOURGUIDESERVICE
getUserRewards ---> TOURGUIDESERVICE
getUserRewards ---> TOURGUIDESERVICE
getUserRewards ---> TOURGUIDESERVICE
getUserRewards ---> TOURGUIDESERVICE
getUserRewards ---> TOURGUIDESERVICE
getUserRewards ---> TOURGUIDESERVICE
getUserRewards ---> TOURGUIDESERVICE
getUserRewards ---> TOURGUIDESERVICE
getUserRewards ---> TOURGUIDESERVICE
getUserRewards ---> TOURGUIDESERVICE
getUserRewards ---> TOURGUIDESERVICE
getUserRewards ---> TOURGUIDESERVICE
getUserRewards ---> TOURGUIDESERVICE
getUserRewards ---> TOURGUIDESERVICE
getUserRewards ---> TOURGUIDESERVICE
getUserRewards ---> TOURGUIDESERVICE
getUserRewards ---> TOURGUIDESERVICE
getUserRewards ---> TOURGUIDESERVICE
getUserRewards ---> TOURGUIDESERVICE
getUserRewards ---> TOURGUIDESERVICE
getUserRewards ---> TOURGUIDESERVICE
getUserRewards ---> TOURGUIDESERVICE
getUserRewards ---> TOURGUIDESERVICE
getUserRewards ---> TOURGUIDESERVICE
getUserRewards ---> TOURGUIDESERVICE
getUserRewards ---> TOURGUIDESERVICE
getUserRewards ---> TOURGUIDESERVICE
getUserRewards ---> TOURGUIDESERVICE
getUserRewards ---> TOURGUIDESERVICE
getUserRewards ---> TOURGUIDESERVICE
getUserRewards ---> TOURGUIDESERVICE
getUserRewards ---> TOURGUIDESERVICE
getUserRewards ---> TOURGUIDESERVICE
getUserRewards ---> TOURGUIDESERVICE
getUserRewards ---> TOURGUIDESERVICE
getUserRewards ---> TOURGUIDESERVICE
getUserRewards ---> TOURGUIDESERVICE
getUserRewards ---> TOURGUIDESERVICE
getUserRewards ---> TOURGUIDESERVICE
getUserRewards ---> TOURGUIDESERVICE
getUserRewards ---> TOURGUIDESERVICE
getUserRewards ---> TOURGUIDESERVICE
getUserRewards ---> TOURGUIDESERVICE
getUserRewards ---> TOURGUIDESERVICE
getUserRewards ---> TOURGUIDESERVICE
getUserRewards ---> TOURGUIDESERVICE
getUserRewards ---> TOURGUIDESERVICE
getUserRewards ---> TOURGUIDESERVICE
getUserRewards ---> TOURGUIDESERVICE
getUserRewards ---> TOURGUIDESERVICE
getUserRewards ---> TOURGUIDESERVICE
getUserRewards ---> TOURGUIDESERVICE
getUserRewards ---> TOURGUIDESERVICE
getUserRewards ---> TOURGUIDESERVICE
getUserRewards ---> TOURGUIDESERVICE
getUserRewards ---> TOURGUIDESERVICE
getUserRewards ---> TOURGUIDESERVICE
getUserRewards ---> TOURGUIDESERVICE
getUserRewards ---> TOURGUIDESERVICE
getUserRewards ---> TOURGUIDESERVICE
getUserRewards ---> TOURGUIDESERVICE
getUserRewards ---> TOURGUIDESERVICE
getUserRewards ---> TOURGUIDESERVICE
getUserRewards ---> TOURGUIDESERVICE
getUserRewards ---> TOURGUIDESERVICE
getUserRewards ---> TOURGUIDESERVICE
getUserRewards ---> TOURGUIDESERVICE
getUserRewards ---> TOURGUIDESERVICE
getUserRewards ---> TOURGUIDESERVICE
getUserRewards ---> TOURGUIDESERVICE
getUserRewards ---> TOURGUIDESERVICE
getUserRewards ---> TOURGUIDESERVICE
getUserRewards ---> TOURGUIDESERVICE
getUserRewards ---> TOURGUIDESERVICE
getUserRewards ---> TOURGUIDESERVICE
getUserRewards ---> TOURGUIDESERVICE
getUserRewards ---> TOURGUIDESERVICE
getUserRewards ---> TOURGUIDESERVICE
getUserRewards ---> TOURGUIDESERVICE
getUserRewards ---> TOURGUIDESERVICE
getUserRewards ---> TOURGUIDESERVICE
getUserRewards ---> TOURGUIDESERVICE
getUserRewards ---> TOURGUIDESERVICE
getUserRewards ---> TOURGUIDESERVICE
getUserRewards ---> TOURGUIDESERVICE
getUserRewards ---> TOURGUIDESERVICE
getUserRewards ---> TOURGUIDESERVICE
getUserRewards ---> TOURGUIDESERVICE
getUserRewards ---> TOURGUIDESERVICE
getUserRewards ---> TOURGUIDESERVICE
getUserRewards ---> TOURGUIDESERVICE
getUserRewards ---> TOURGUIDESERVICE
getUserRewards ---> TOURGUIDESERVICE
getUserRewards ---> TOURGUIDESERVICE
getUserRewards ---> TOURGUIDESERVICE
getUserRewards ---> TOURGUIDESERVICE
getUserRewards ---> TOURGUIDESERVICE
getUserRewards ---> TOURGUIDESERVICE
getUserRewards ---> TOURGUIDESERVICE
getUserRewards ---> TOURGUIDESERVICE
getUserRewards ---> TOURGUIDESERVICE
getUserRewards ---> TOURGUIDESERVICE
getUserRewards ---> TOURGUIDESERVICE
getUserRewards ---> TOURGUIDESERVICE
getUserRewards ---> TOURGUIDESERVICE
getUserRewards ---> TOURGUIDESERVICE
getUserRewards ---> TOURGUIDESERVICE
getUserRewards ---> TOURGUIDESERVICE
getUserRewards ---> TOURGUIDESERVICE
getUserRewards ---> TOURGUIDESERVICE
getUserRewards ---> TOURGUIDESERVICE
getUserRewards ---> TOURGUIDESERVICE
getUserRewards ---> TOURGUIDESERVICE
getUserRewards ---> TOURGUIDESERVICE
getUserRewards ---> TOURGUIDESERVICE
getUserRewards ---> TOURGUIDESERVICE
getUserRewards ---> TOURGUIDESERVICE
getUserRewards ---> TOURGUIDESERVICE
getUserRewards ---> TOURGUIDESERVICE
getUserRewards ---> TOURGUIDESERVICE
getUserRewards ---> TOURGUIDESERVICE
getUserRewards ---> TOURGUIDESERVICE
getUserRewards ---> TOURGUIDESERVICE
getUserRewards ---> TOURGUIDESERVICE
getUserRewards ---> TOURGUIDESERVICE
getUserRewards ---> TOURGUIDESERVICE
getUserRewards ---> TOURGUIDESERVICE
getUserRewards ---> TOURGUIDESERVICE
getUserRewards ---> TOURGUIDESERVICE
getUserRewards ---> TOURGUIDESERVICE
getUserRewards ---> TOURGUIDESERVICE
getUserRewards ---> TOURGUIDESERVICE
getUserRewards ---> TOURGUIDESERVICE
getUserRewards ---> TOURGUIDESERVICE
getUserRewards ---> TOURGUIDESERVICE
getUserRewards ---> TOURGUIDESERVICE
getUserRewards ---> TOURGUIDESERVICE
getUserRewards ---> TOURGUIDESERVICE
getUserRewards ---> TOURGUIDESERVICE
getUserRewards ---> TOURGUIDESERVICE
getUserRewards ---> TOURGUIDESERVICE
getUserRewards ---> TOURGUIDESERVICE
getUserRewards ---> TOURGUIDESERVICE
getUserRewards ---> TOURGUIDESERVICE
getUserRewards ---> TOURGUIDESERVICE
getUserRewards ---> TOURGUIDESERVICE
getUserRewards ---> TOURGUIDESERVICE
getUserRewards ---> TOURGUIDESERVICE
getUserRewards ---> TOURGUIDESERVICE
getUserRewards ---> TOURGUIDESERVICE
getUserRewards ---> TOURGUIDESERVICE
getUserRewards ---> TOURGUIDESERVICE
getUserRewards ---> TOURGUIDESERVICE
getUserRewards ---> TOURGUIDESERVICE
getUserRewards ---> TOURGUIDESERVICE
getUserRewards ---> TOURGUIDESERVICE
getUserRewards ---> TOURGUIDESERVICE
getUserRewards ---> TOURGUIDESERVICE
getUserRewards ---> TOURGUIDESERVICE
getUserRewards ---> TOURGUIDESERVICE
getUserRewards ---> TOURGUIDESERVICE
getUserRewards ---> TOURGUIDESERVICE
getUserRewards ---> TOURGUIDESERVICE
getUserRewards ---> TOURGUIDESERVICE
getUserRewards ---> TOURGUIDESERVICE
getUserRewards ---> TOURGUIDESERVICE
getUserRewards ---> TOURGUIDESERVICE
getUserRewards ---> TOURGUIDESERVICE
getUserRewards ---> TOURGUIDESERVICE
getUserRewards ---> TOURGUIDESERVICE
getUserRewards ---> TOURGUIDESERVICE
getUserRewards ---> TOURGUIDESERVICE
getUserRewards ---> TOURGUIDESERVICE
getUserRewards ---> TOURGUIDESERVICE
getUserRewards ---> TOURGUIDESERVICE
getUserRewards ---> TOURGUIDESERVICE
getUserRewards ---> TOURGUIDESERVICE
getUserRewards ---> TOURGUIDESERVICE
getUserRewards ---> TOURGUIDESERVICE
getUserRewards ---> TOURGUIDESERVICE
getUserRewards ---> TOURGUIDESERVICE
getUserRewards ---> TOURGUIDESERVICE
getUserRewards ---> TOURGUIDESERVICE
getUserRewards ---> TOURGUIDESERVICE
getUserRewards ---> TOURGUIDESERVICE
getUserRewards ---> TOURGUIDESERVICE
getUserRewards ---> TOURGUIDESERVICE
getUserRewards ---> TOURGUIDESERVICE
getUserRewards ---> TOURGUIDESERVICE
getUserRewards ---> TOURGUIDESERVICE
getUserRewards ---> TOURGUIDESERVICE
getUserRewards ---> TOURGUIDESERVICE
getUserRewards ---> TOURGUIDESERVICE
getUserRewards ---> TOURGUIDESERVICE
getUserRewards ---> TOURGUIDESERVICE
getUserRewards ---> TOURGUIDESERVICE
getUserRewards ---> TOURGUIDESERVICE
getUserRewards ---> TOURGUIDESERVICE
getUserRewards ---> TOURGUIDESERVICE
getUserRewards ---> TOURGUIDESERVICE
getUserRewards ---> TOURGUIDESERVICE
getUserRewards ---> TOURGUIDESERVICE
getUserRewards ---> TOURGUIDESERVICE
getUserRewards ---> TOURGUIDESERVICE
getUserRewards ---> TOURGUIDESERVICE
getUserRewards ---> TOURGUIDESERVICE
getUserRewards ---> TOURGUIDESERVICE
getUserRewards ---> TOURGUIDESERVICE
getUserRewards ---> TOURGUIDESERVICE
getUserRewards ---> TOURGUIDESERVICE
getUserRewards ---> TOURGUIDESERVICE
getUserRewards ---> TOURGUIDESERVICE
getUserRewards ---> TOURGUIDESERVICE
getUserRewards ---> TOURGUIDESERVICE
getUserRewards ---> TOURGUIDESERVICE
getUserRewards ---> TOURGUIDESERVICE
getUserRewards ---> TOURGUIDESERVICE
getUserRewards ---> TOURGUIDESERVICE
getUserRewards ---> TOURGUIDESERVICE
getUserRewards ---> TOURGUIDESERVICE
getUserRewards ---> TOURGUIDESERVICE
getUserRewards ---> TOURGUIDESERVICE
getUserRewards ---> TOURGUIDESERVICE
getUserRewards ---> TOURGUIDESERVICE
getUserRewards ---> TOURGUIDESERVICE
getUserRewards ---> TOURGUIDESERVICE
getUserRewards ---> TOURGUIDESERVICE
getUserRewards ---> TOURGUIDESERVICE
getUserRewards ---> TOURGUIDESERVICE
getUserRewards ---> TOURGUIDESERVICE
getUserRewards ---> TOURGUIDESERVICE
getUserRewards ---> TOURGUIDESERVICE
getUserRewards ---> TOURGUIDESERVICE
getUserRewards ---> TOURGUIDESERVICE
getUserRewards ---> TOURGUIDESERVICE
getUserRewards ---> TOURGUIDESERVICE
getUserRewards ---> TOURGUIDESERVICE
getUserRewards ---> TOURGUIDESERVICE
getUserRewards ---> TOURGUIDESERVICE
getUserRewards ---> TOURGUIDESERVICE
getUserRewards ---> TOURGUIDESERVICE
getUserRewards ---> TOURGUIDESERVICE
getUserRewards ---> TOURGUIDESERVICE
getUserRewards ---> TOURGUIDESERVICE
getUserRewards ---> TOURGUIDESERVICE
getUserRewards ---> TOURGUIDESERVICE
getUserRewards ---> TOURGUIDESERVICE
getUserRewards ---> TOURGUIDESERVICE
getUserRewards ---> TOURGUIDESERVICE
getUserRewards ---> TOURGUIDESERVICE
getUserRewards ---> TOURGUIDESERVICE
getUserRewards ---> TOURGUIDESERVICE
getUserRewards ---> TOURGUIDESERVICE
getUserRewards ---> TOURGUIDESERVICE
getUserRewards ---> TOURGUIDESERVICE
getUserRewards ---> TOURGUIDESERVICE
getUserRewards ---> TOURGUIDESERVICE
getUserRewards ---> TOURGUIDESERVICE
getUserRewards ---> TOURGUIDESERVICE
getUserRewards ---> TOURGUIDESERVICE
getUserRewards ---> TOURGUIDESERVICE
getUserRewards ---> TOURGUIDESERVICE
getUserRewards ---> TOURGUIDESERVICE
getUserRewards ---> TOURGUIDESERVICE
getUserRewards ---> TOURGUIDESERVICE
getUserRewards ---> TOURGUIDESERVICE
getUserRewards ---> TOURGUIDESERVICE
getUserRewards ---> TOURGUIDESERVICE
getUserRewards ---> TOURGUIDESERVICE
getUserRewards ---> TOURGUIDESERVICE
getUserRewards ---> TOURGUIDESERVICE
getUserRewards ---> TOURGUIDESERVICE
getUserRewards ---> TOURGUIDESERVICE
getUserRewards ---> TOURGUIDESERVICE
getUserRewards ---> TOURGUIDESERVICE
getUserRewards ---> TOURGUIDESERVICE
getUserRewards ---> TOURGUIDESERVICE
getUserRewards ---> TOURGUIDESERVICE
getUserRewards ---> TOURGUIDESERVICE
getUserRewards ---> TOURGUIDESERVICE
getUserRewards ---> TOURGUIDESERVICE
getUserRewards ---> TOURGUIDESERVICE
getUserRewards ---> TOURGUIDESERVICE
getUserRewards ---> TOURGUIDESERVICE
getUserRewards ---> TOURGUIDESERVICE
getUserRewards ---> TOURGUIDESERVICE
getUserRewards ---> TOURGUIDESERVICE
getUserRewards ---> TOURGUIDESERVICE
getUserRewards ---> TOURGUIDESERVICE
getUserRewards ---> TOURGUIDESERVICE
getUserRewards ---> TOURGUIDESERVICE
getUserRewards ---> TOURGUIDESERVICE
getUserRewards ---> TOURGUIDESERVICE
getUserRewards ---> TOURGUIDESERVICE
getUserRewards ---> TOURGUIDESERVICE
getUserRewards ---> TOURGUIDESERVICE
getUserRewards ---> TOURGUIDESERVICE
getUserRewards ---> TOURGUIDESERVICE
getUserRewards ---> TOURGUIDESERVICE
getUserRewards ---> TOURGUIDESERVICE
getUserRewards ---> TOURGUIDESERVICE
getUserRewards ---> TOURGUIDESERVICE
getUserRewards ---> TOURGUIDESERVICE
getUserRewards ---> TOURGUIDESERVICE
getUserRewards ---> TOURGUIDESERVICE
getUserRewards ---> TOURGUIDESERVICE
getUserRewards ---> TOURGUIDESERVICE
getUserRewards ---> TOURGUIDESERVICE
getUserRewards ---> TOURGUIDESERVICE
getUserRewards ---> TOURGUIDESERVICE
getUserRewards ---> TOURGUIDESERVICE
getUserRewards ---> TOURGUIDESERVICE
getUserRewards ---> TOURGUIDESERVICE
getUserRewards ---> TOURGUIDESERVICE
getUserRewards ---> TOURGUIDESERVICE
getUserRewards ---> TOURGUIDESERVICE
getUserRewards ---> TOURGUIDESERVICE
getUserRewards ---> TOURGUIDESERVICE
getUserRewards ---> TOURGUIDESERVICE
getUserRewards ---> TOURGUIDESERVICE
getUserRewards ---> TOURGUIDESERVICE
getUserRewards ---> TOURGUIDESERVICE
getUserRewards ---> TOURGUIDESERVICE
getUserRewards ---> TOURGUIDESERVICE
getUserRewards ---> TOURGUIDESERVICE
getUserRewards ---> TOURGUIDESERVICE
getUserRewards ---> TOURGUIDESERVICE
getUserRewards ---> TOURGUIDESERVICE
getUserRewards ---> TOURGUIDESERVICE
getUserRewards ---> TOURGUIDESERVICE
getUserRewards ---> TOURGUIDESERVICE
getUserRewards ---> TOURGUIDESERVICE
getUserRewards ---> TOURGUIDESERVICE
getUserRewards ---> TOURGUIDESERVICE
getUserRewards ---> TOURGUIDESERVICE
getUserRewards ---> TOURGUIDESERVICE
getUserRewards ---> TOURGUIDESERVICE
getUserRewards ---> TOURGUIDESERVICE
getUserRewards ---> TOURGUIDESERVICE
getUserRewards ---> TOURGUIDESERVICE
getUserRewards ---> TOURGUIDESERVICE
getUserRewards ---> TOURGUIDESERVICE
getUserRewards ---> TOURGUIDESERVICE
getUserRewards ---> TOURGUIDESERVICE
getUserRewards ---> TOURGUIDESERVICE
getUserRewards ---> TOURGUIDESERVICE
getUserRewards ---> TOURGUIDESERVICE
getUserRewards ---> TOURGUIDESERVICE
getUserRewards ---> TOURGUIDESERVICE
getUserRewards ---> TOURGUIDESERVICE
getUserRewards ---> TOURGUIDESERVICE
getUserRewards ---> TOURGUIDESERVICE
getUserRewards ---> TOURGUIDESERVICE
getUserRewards ---> TOURGUIDESERVICE
getUserRewards ---> TOURGUIDESERVICE
getUserRewards ---> TOURGUIDESERVICE
getUserRewards ---> TOURGUIDESERVICE
getUserRewards ---> TOURGUIDESERVICE
getUserRewards ---> TOURGUIDESERVICE
getUserRewards ---> TOURGUIDESERVICE
getUserRewards ---> TOURGUIDESERVICE
getUserRewards ---> TOURGUIDESERVICE
getUserRewards ---> TOURGUIDESERVICE
getUserRewards ---> TOURGUIDESERVICE
getUserRewards ---> TOURGUIDESERVICE
getUserRewards ---> TOURGUIDESERVICE
getUserRewards ---> TOURGUIDESERVICE
getUserRewards ---> TOURGUIDESERVICE
getUserRewards ---> TOURGUIDESERVICE
getUserRewards ---> TOURGUIDESERVICE
getUserRewards ---> TOURGUIDESERVICE
getUserRewards ---> TOURGUIDESERVICE
getUserRewards ---> TOURGUIDESERVICE
getUserRewards ---> TOURGUIDESERVICE
getUserRewards ---> TOURGUIDESERVICE
getUserRewards ---> TOURGUIDESERVICE
getUserRewards ---> TOURGUIDESERVICE
getUserRewards ---> TOURGUIDESERVICE
getUserRewards ---> TOURGUIDESERVICE
getUserRewards ---> TOURGUIDESERVICE
getUserRewards ---> TOURGUIDESERVICE
getUserRewards ---> TOURGUIDESERVICE
getUserRewards ---> TOURGUIDESERVICE
getUserRewards ---> TOURGUIDESERVICE
getUserRewards ---> TOURGUIDESERVICE
getUserRewards ---> TOURGUIDESERVICE
getUserRewards ---> TOURGUIDESERVICE
getUserRewards ---> TOURGUIDESERVICE
getUserRewards ---> TOURGUIDESERVICE
getUserRewards ---> TOURGUIDESERVICE
getUserRewards ---> TOURGUIDESERVICE
getUserRewards ---> TOURGUIDESERVICE
getUserRewards ---> TOURGUIDESERVICE
getUserRewards ---> TOURGUIDESERVICE
getUserRewards ---> TOURGUIDESERVICE
getUserRewards ---> TOURGUIDESERVICE
getUserRewards ---> TOURGUIDESERVICE
getUserRewards ---> TOURGUIDESERVICE
getUserRewards ---> TOURGUIDESERVICE
getUserRewards ---> TOURGUIDESERVICE
getUserRewards ---> TOURGUIDESERVICE
getUserRewards ---> TOURGUIDESERVICE
getUserRewards ---> TOURGUIDESERVICE
getUserRewards ---> TOURGUIDESERVICE
getUserRewards ---> TOURGUIDESERVICE
getUserRewards ---> TOURGUIDESERVICE
getUserRewards ---> TOURGUIDESERVICE
getUserRewards ---> TOURGUIDESERVICE
getUserRewards ---> TOURGUIDESERVICE
getUserRewards ---> TOURGUIDESERVICE
getUserRewards ---> TOURGUIDESERVICE
getUserRewards ---> TOURGUIDESERVICE
getUserRewards ---> TOURGUIDESERVICE
getUserRewards ---> TOURGUIDESERVICE
getUserRewards ---> TOURGUIDESERVICE
getUserRewards ---> TOURGUIDESERVICE
getUserRewards ---> TOURGUIDESERVICE
getUserRewards ---> TOURGUIDESERVICE
getUserRewards ---> TOURGUIDESERVICE
getUserRewards ---> TOURGUIDESERVICE
getUserRewards ---> TOURGUIDESERVICE
getUserRewards ---> TOURGUIDESERVICE
getUserRewards ---> TOURGUIDESERVICE
getUserRewards ---> TOURGUIDESERVICE
getUserRewards ---> TOURGUIDESERVICE
getUserRewards ---> TOURGUIDESERVICE
getUserRewards ---> TOURGUIDESERVICE
getUserRewards ---> TOURGUIDESERVICE
getUserRewards ---> TOURGUIDESERVICE
getUserRewards ---> TOURGUIDESERVICE
getUserRewards ---> TOURGUIDESERVICE
getUserRewards ---> TOURGUIDESERVICE
getUserRewards ---> TOURGUIDESERVICE
getUserRewards ---> TOURGUIDESERVICE
getUserRewards ---> TOURGUIDESERVICE
getUserRewards ---> TOURGUIDESERVICE
getUserRewards ---> TOURGUIDESERVICE
getUserRewards ---> TOURGUIDESERVICE
getUserRewards ---> TOURGUIDESERVICE
getUserRewards ---> TOURGUIDESERVICE
getUserRewards ---> TOURGUIDESERVICE
getUserRewards ---> TOURGUIDESERVICE
getUserRewards ---> TOURGUIDESERVICE
getUserRewards ---> TOURGUIDESERVICE
getUserRewards ---> TOURGUIDESERVICE
getUserRewards ---> TOURGUIDESERVICE
getUserRewards ---> TOURGUIDESERVICE
getUserRewards ---> TOURGUIDESERVICE
getUserRewards ---> TOURGUIDESERVICE
getUserRewards ---> TOURGUIDESERVICE
getUserRewards ---> TOURGUIDESERVICE
getUserRewards ---> TOURGUIDESERVICE
getUserRewards ---> TOURGUIDESERVICE
getUserRewards ---> TOURGUIDESERVICE
getUserRewards ---> TOURGUIDESERVICE
getUserRewards ---> TOURGUIDESERVICE
getUserRewards ---> TOURGUIDESERVICE
getUserRewards ---> TOURGUIDESERVICE
getUserRewards ---> TOURGUIDESERVICE
getUserRewards ---> TOURGUIDESERVICE
getUserRewards ---> TOURGUIDESERVICE
getUserRewards ---> TOURGUIDESERVICE
getUserRewards ---> TOURGUIDESERVICE
getUserRewards ---> TOURGUIDESERVICE
getUserRewards ---> TOURGUIDESERVICE
getUserRewards ---> TOURGUIDESERVICE
getUserRewards ---> TOURGUIDESERVICE
getUserRewards ---> TOURGUIDESERVICE
getUserRewards ---> TOURGUIDESERVICE
getUserRewards ---> TOURGUIDESERVICE
getUserRewards ---> TOURGUIDESERVICE
getUserRewards ---> TOURGUIDESERVICE
getUserRewards ---> TOURGUIDESERVICE
getUserRewards ---> TOURGUIDESERVICE
getUserRewards ---> TOURGUIDESERVICE
getUserRewards ---> TOURGUIDESERVICE
getUserRewards ---> TOURGUIDESERVICE
getUserRewards ---> TOURGUIDESERVICE
getUserRewards ---> TOURGUIDESERVICE
getUserRewards ---> TOURGUIDESERVICE
getUserRewards ---> TOURGUIDESERVICE
getUserRewards ---> TOURGUIDESERVICE
getUserRewards ---> TOURGUIDESERVICE
getUserRewards ---> TOURGUIDESERVICE
getUserRewards ---> TOURGUIDESERVICE
getUserRewards ---> TOURGUIDESERVICE
getUserRewards ---> TOURGUIDESERVICE
getUserRewards ---> TOURGUIDESERVICE
getUserRewards ---> TOURGUIDESERVICE
getUserRewards ---> TOURGUIDESERVICE
getUserRewards ---> TOURGUIDESERVICE
getUserRewards ---> TOURGUIDESERVICE
getUserRewards ---> TOURGUIDESERVICE
getUserRewards ---> TOURGUIDESERVICE
getUserRewards ---> TOURGUIDESERVICE
getUserRewards ---> TOURGUIDESERVICE
getUserRewards ---> TOURGUIDESERVICE
getUserRewards ---> TOURGUIDESERVICE
getUserRewards ---> TOURGUIDESERVICE
getUserRewards ---> TOURGUIDESERVICE
getUserRewards ---> TOURGUIDESERVICE
getUserRewards ---> TOURGUIDESERVICE
getUserRewards ---> TOURGUIDESERVICE
getUserRewards ---> TOURGUIDESERVICE
getUserRewards ---> TOURGUIDESERVICE
getUserRewards ---> TOURGUIDESERVICE
getUserRewards ---> TOURGUIDESERVICE
getUserRewards ---> TOURGUIDESERVICE
getUserRewards ---> TOURGUIDESERVICE
getUserRewards ---> TOURGUIDESERVICE
getUserRewards ---> TOURGUIDESERVICE
getUserRewards ---> TOURGUIDESERVICE
getUserRewards ---> TOURGUIDESERVICE
getUserRewards ---> TOURGUIDESERVICE
getUserRewards ---> TOURGUIDESERVICE
getUserRewards ---> TOURGUIDESERVICE
getUserRewards ---> TOURGUIDESERVICE
getUserRewards ---> TOURGUIDESERVICE
getUserRewards ---> TOURGUIDESERVICE
getUserRewards ---> TOURGUIDESERVICE
getUserRewards ---> TOURGUIDESERVICE
getUserRewards ---> TOURGUIDESERVICE
getUserRewards ---> TOURGUIDESERVICE
getUserRewards ---> TOURGUIDESERVICE
getUserRewards ---> TOURGUIDESERVICE
getUserRewards ---> TOURGUIDESERVICE
getUserRewards ---> TOURGUIDESERVICE
getUserRewards ---> TOURGUIDESERVICE
getUserRewards ---> TOURGUIDESERVICE
getUserRewards ---> TOURGUIDESERVICE
getUserRewards ---> TOURGUIDESERVICE
getUserRewards ---> TOURGUIDESERVICE
getUserRewards ---> TOURGUIDESERVICE
getUserRewards ---> TOURGUIDESERVICE
getUserRewards ---> TOURGUIDESERVICE
getUserRewards ---> TOURGUIDESERVICE
getUserRewards ---> TOURGUIDESERVICE
getUserRewards ---> TOURGUIDESERVICE
getUserRewards ---> TOURGUIDESERVICE
getUserRewards ---> TOURGUIDESERVICE
getUserRewards ---> TOURGUIDESERVICE
getUserRewards ---> TOURGUIDESERVICE
getUserRewards ---> TOURGUIDESERVICE
getUserRewards ---> TOURGUIDESERVICE
getUserRewards ---> TOURGUIDESERVICE
getUserRewards ---> TOURGUIDESERVICE
getUserRewards ---> TOURGUIDESERVICE
getUserRewards ---> TOURGUIDESERVICE
getUserRewards ---> TOURGUIDESERVICE
getUserRewards ---> TOURGUIDESERVICE
getUserRewards ---> TOURGUIDESERVICE
getUserRewards ---> TOURGUIDESERVICE
getUserRewards ---> TOURGUIDESERVICE
getUserRewards ---> TOURGUIDESERVICE
getUserRewards ---> TOURGUIDESERVICE
getUserRewards ---> TOURGUIDESERVICE
getUserRewards ---> TOURGUIDESERVICE
getUserRewards ---> TOURGUIDESERVICE
getUserRewards ---> TOURGUIDESERVICE
getUserRewards ---> TOURGUIDESERVICE
getUserRewards ---> TOURGUIDESERVICE
getUserRewards ---> TOURGUIDESERVICE
getUserRewards ---> TOURGUIDESERVICE
getUserRewards ---> TOURGUIDESERVICE
getUserRewards ---> TOURGUIDESERVICE
getUserRewards ---> TOURGUIDESERVICE
getUserRewards ---> TOURGUIDESERVICE
getUserRewards ---> TOURGUIDESERVICE
getUserRewards ---> TOURGUIDESERVICE
getUserRewards ---> TOURGUIDESERVICE
getUserRewards ---> TOURGUIDESERVICE
getUserRewards ---> TOURGUIDESERVICE
getUserRewards ---> TOURGUIDESERVICE
getUserRewards ---> TOURGUIDESERVICE
getUserRewards ---> TOURGUIDESERVICE
getUserRewards ---> TOURGUIDESERVICE
getUserRewards ---> TOURGUIDESERVICE
getUserRewards ---> TOURGUIDESERVICE
getUserRewards ---> TOURGUIDESERVICE
getUserRewards ---> TOURGUIDESERVICE
getUserRewards ---> TOURGUIDESERVICE
getUserRewards ---> TOURGUIDESERVICE
getUserRewards ---> TOURGUIDESERVICE
getUserRewards ---> TOURGUIDESERVICE
getUserRewards ---> TOURGUIDESERVICE
getUserRewards ---> TOURGUIDESERVICE
getUserRewards ---> TOURGUIDESERVICE
getUserRewards ---> TOURGUIDESERVICE
getUserRewards ---> TOURGUIDESERVICE
getUserRewards ---> TOURGUIDESERVICE
getUserRewards ---> TOURGUIDESERVICE
getUserRewards ---> TOURGUIDESERVICE
getUserRewards ---> TOURGUIDESERVICE
getUserRewards ---> TOURGUIDESERVICE
getUserRewards ---> TOURGUIDESERVICE
getUserRewards ---> TOURGUIDESERVICE
getUserRewards ---> TOURGUIDESERVICE
getUserRewards ---> TOURGUIDESERVICE
getUserRewards ---> TOURGUIDESERVICE
getUserRewards ---> TOURGUIDESERVICE
getUserRewards ---> TOURGUIDESERVICE
getUserRewards ---> TOURGUIDESERVICE
getUserRewards ---> TOURGUIDESERVICE
getUserRewards ---> TOURGUIDESERVICE
getUserRewards ---> TOURGUIDESERVICE
getUserRewards ---> TOURGUIDESERVICE
getUserRewards ---> TOURGUIDESERVICE
getUserRewards ---> TOURGUIDESERVICE
getUserRewards ---> TOURGUIDESERVICE
getUserRewards ---> TOURGUIDESERVICE
getUserRewards ---> TOURGUIDESERVICE
getUserRewards ---> TOURGUIDESERVICE
getUserRewards ---> TOURGUIDESERVICE
getUserRewards ---> TOURGUIDESERVICE
getUserRewards ---> TOURGUIDESERVICE
getUserRewards ---> TOURGUIDESERVICE
getUserRewards ---> TOURGUIDESERVICE
getUserRewards ---> TOURGUIDESERVICE
getUserRewards ---> TOURGUIDESERVICE
getUserRewards ---> TOURGUIDESERVICE
getUserRewards ---> TOURGUIDESERVICE
getUserRewards ---> TOURGUIDESERVICE
getUserRewards ---> TOURGUIDESERVICE
getUserRewards ---> TOURGUIDESERVICE
getUserRewards ---> TOURGUIDESERVICE
getUserRewards ---> TOURGUIDESERVICE
getUserRewards ---> TOURGUIDESERVICE
getUserRewards ---> TOURGUIDESERVICE
getUserRewards ---> TOURGUIDESERVICE
getUserRewards ---> TOURGUIDESERVICE
getUserRewards ---> TOURGUIDESERVICE
getUserRewards ---> TOURGUIDESERVICE
getUserRewards ---> TOURGUIDESERVICE
getUserRewards ---> TOURGUIDESERVICE
getUserRewards ---> TOURGUIDESERVICE
getUserRewards ---> TOURGUIDESERVICE
getUserRewards ---> TOURGUIDESERVICE
getUserRewards ---> TOURGUIDESERVICE
getUserRewards ---> TOURGUIDESERVICE
getUserRewards ---> TOURGUIDESERVICE
getUserRewards ---> TOURGUIDESERVICE
getUserRewards ---> TOURGUIDESERVICE
getUserRewards ---> TOURGUIDESERVICE
getUserRewards ---> TOURGUIDESERVICE
getUserRewards ---> TOURGUIDESERVICE
getUserRewards ---> TOURGUIDESERVICE
getUserRewards ---> TOURGUIDESERVICE
getUserRewards ---> TOURGUIDESERVICE
getUserRewards ---> TOURGUIDESERVICE
getUserRewards ---> TOURGUIDESERVICE
getUserRewards ---> TOURGUIDESERVICE
getUserRewards ---> TOURGUIDESERVICE
getUserRewards ---> TOURGUIDESERVICE
getUserRewards ---> TOURGUIDESERVICE
getUserRewards ---> TOURGUIDESERVICE
getUserRewards ---> TOURGUIDESERVICE
getUserRewards ---> TOURGUIDESERVICE
getUserRewards ---> TOURGUIDESERVICE
getUserRewards ---> TOURGUIDESERVICE
getUserRewards ---> TOURGUIDESERVICE
getUserRewards ---> TOURGUIDESERVICE
getUserRewards ---> TOURGUIDESERVICE
getUserRewards ---> TOURGUIDESERVICE
getUserRewards ---> TOURGUIDESERVICE
getUserRewards ---> TOURGUIDESERVICE
getUserRewards ---> TOURGUIDESERVICE
getUserRewards ---> TOURGUIDESERVICE
getUserRewards ---> TOURGUIDESERVICE
getUserRewards ---> TOURGUIDESERVICE
getUserRewards ---> TOURGUIDESERVICE
getUserRewards ---> TOURGUIDESERVICE
getUserRewards ---> TOURGUIDESERVICE
getUserRewards ---> TOURGUIDESERVICE
getUserRewards ---> TOURGUIDESERVICE
getUserRewards ---> TOURGUIDESERVICE
getUserRewards ---> TOURGUIDESERVICE
getUserRewards ---> TOURGUIDESERVICE
getUserRewards ---> TOURGUIDESERVICE
getUserRewards ---> TOURGUIDESERVICE
getUserRewards ---> TOURGUIDESERVICE
getUserRewards ---> TOURGUIDESERVICE
getUserRewards ---> TOURGUIDESERVICE
getUserRewards ---> TOURGUIDESERVICE
getUserRewards ---> TOURGUIDESERVICE
getUserRewards ---> TOURGUIDESERVICE
getUserRewards ---> TOURGUIDESERVICE
getUserRewards ---> TOURGUIDESERVICE
getUserRewards ---> TOURGUIDESERVICE
getUserRewards ---> TOURGUIDESERVICE
getUserRewards ---> TOURGUIDESERVICE
getUserRewards ---> TOURGUIDESERVICE
getUserRewards ---> TOURGUIDESERVICE
getUserRewards ---> TOURGUIDESERVICE
getUserRewards ---> TOURGUIDESERVICE
getUserRewards ---> TOURGUIDESERVICE
getUserRewards ---> TOURGUIDESERVICE
getUserRewards ---> TOURGUIDESERVICE
getUserRewards ---> TOURGUIDESERVICE
getUserRewards ---> TOURGUIDESERVICE
getUserRewards ---> TOURGUIDESERVICE
getUserRewards ---> TOURGUIDESERVICE
getUserRewards ---> TOURGUIDESERVICE
getUserRewards ---> TOURGUIDESERVICE
getUserRewards ---> TOURGUIDESERVICE
getUserRewards ---> TOURGUIDESERVICE
getUserRewards ---> TOURGUIDESERVICE
getUserRewards ---> TOURGUIDESERVICE
getUserRewards ---> TOURGUIDESERVICE
getUserRewards ---> TOURGUIDESERVICE
getUserRewards ---> TOURGUIDESERVICE
getUserRewards ---> TOURGUIDESERVICE
getUserRewards ---> TOURGUIDESERVICE
getUserRewards ---> TOURGUIDESERVICE
getUserRewards ---> TOURGUIDESERVICE
getUserRewards ---> TOURGUIDESERVICE
getUserRewards ---> TOURGUIDESERVICE
getUserRewards ---> TOURGUIDESERVICE
getUserRewards ---> TOURGUIDESERVICE
getUserRewards ---> TOURGUIDESERVICE
getUserRewards ---> TOURGUIDESERVICE
getUserRewards ---> TOURGUIDESERVICE
getUserRewards ---> TOURGUIDESERVICE
getUserRewards ---> TOURGUIDESERVICE
getUserRewards ---> TOURGUIDESERVICE
getUserRewards ---> TOURGUIDESERVICE
getUserRewards ---> TOURGUIDESERVICE
getUserRewards ---> TOURGUIDESERVICE
getUserRewards ---> TOURGUIDESERVICE
getUserRewards ---> TOURGUIDESERVICE
getUserRewards ---> TOURGUIDESERVICE
getUserRewards ---> TOURGUIDESERVICE
getUserRewards ---> TOURGUIDESERVICE
getUserRewards ---> TOURGUIDESERVICE
getUserRewards ---> TOURGUIDESERVICE
getUserRewards ---> TOURGUIDESERVICE
getUserRewards ---> TOURGUIDESERVICE
getUserRewards ---> TOURGUIDESERVICE
getUserRewards ---> TOURGUIDESERVICE
getUserRewards ---> TOURGUIDESERVICE
getUserRewards ---> TOURGUIDESERVICE
getUserRewards ---> TOURGUIDESERVICE
getUserRewards ---> TOURGUIDESERVICE
getUserRewards ---> TOURGUIDESERVICE
getUserRewards ---> TOURGUIDESERVICE
getUserRewards ---> TOURGUIDESERVICE
getUserRewards ---> TOURGUIDESERVICE
getUserRewards ---> TOURGUIDESERVICE
getUserRewards ---> TOURGUIDESERVICE
getUserRewards ---> TOURGUIDESERVICE
getUserRewards ---> TOURGUIDESERVICE
getUserRewards ---> TOURGUIDESERVICE
getUserRewards ---> TOURGUIDESERVICE
getUserRewards ---> TOURGUIDESERVICE
getUserRewards ---> TOURGUIDESERVICE
getUserRewards ---> TOURGUIDESERVICE
getUserRewards ---> TOURGUIDESERVICE
getUserRewards ---> TOURGUIDESERVICE
getUserRewards ---> TOURGUIDESERVICE
getUserRewards ---> TOURGUIDESERVICE
getUserRewards ---> TOURGUIDESERVICE
getUserRewards ---> TOURGUIDESERVICE
getUserRewards ---> TOURGUIDESERVICE
getUserRewards ---> TOURGUIDESERVICE
getUserRewards ---> TOURGUIDESERVICE
getUserRewards ---> TOURGUIDESERVICE
getUserRewards ---> TOURGUIDESERVICE
getUserRewards ---> TOURGUIDESERVICE
getUserRewards ---> TOURGUIDESERVICE
getUserRewards ---> TOURGUIDESERVICE
getUserRewards ---> TOURGUIDESERVICE
getUserRewards ---> TOURGUIDESERVICE
getUserRewards ---> TOURGUIDESERVICE
getUserRewards ---> TOURGUIDESERVICE
getUserRewards ---> TOURGUIDESERVICE
getUserRewards ---> TOURGUIDESERVICE
getUserRewards ---> TOURGUIDESERVICE
getUserRewards ---> TOURGUIDESERVICE
getUserRewards ---> TOURGUIDESERVICE
getUserRewards ---> TOURGUIDESERVICE
getUserRewards ---> TOURGUIDESERVICE
getUserRewards ---> TOURGUIDESERVICE
getUserRewards ---> TOURGUIDESERVICE
getUserRewards ---> TOURGUIDESERVICE
getUserRewards ---> TOURGUIDESERVICE
getUserRewards ---> TOURGUIDESERVICE
getUserRewards ---> TOURGUIDESERVICE
getUserRewards ---> TOURGUIDESERVICE
getUserRewards ---> TOURGUIDESERVICE
getUserRewards ---> TOURGUIDESERVICE
getUserRewards ---> TOURGUIDESERVICE
getUserRewards ---> TOURGUIDESERVICE
getUserRewards ---> TOURGUIDESERVICE
getUserRewards ---> TOURGUIDESERVICE
getUserRewards ---> TOURGUIDESERVICE
getUserRewards ---> TOURGUIDESERVICE
getUserRewards ---> TOURGUIDESERVICE
getUserRewards ---> TOURGUIDESERVICE
getUserRewards ---> TOURGUIDESERVICE
getUserRewards ---> TOURGUIDESERVICE
getUserRewards ---> TOURGUIDESERVICE
getUserRewards ---> TOURGUIDESERVICE
getUserRewards ---> TOURGUIDESERVICE
getUserRewards ---> TOURGUIDESERVICE
getUserRewards ---> TOURGUIDESERVICE
getUserRewards ---> TOURGUIDESERVICE
getUserRewards ---> TOURGUIDESERVICE
getUserRewards ---> TOURGUIDESERVICE
getUserRewards ---> TOURGUIDESERVICE
getUserRewards ---> TOURGUIDESERVICE
getUserRewards ---> TOURGUIDESERVICE
getUserRewards ---> TOURGUIDESERVICE
getUserRewards ---> TOURGUIDESERVICE
getUserRewards ---> TOURGUIDESERVICE
getUserRewards ---> TOURGUIDESERVICE
getUserRewards ---> TOURGUIDESERVICE
getUserRewards ---> TOURGUIDESERVICE
getUserRewards ---> TOURGUIDESERVICE
getUserRewards ---> TOURGUIDESERVICE
getUserRewards ---> TOURGUIDESERVICE
getUserRewards ---> TOURGUIDESERVICE
getUserRewards ---> TOURGUIDESERVICE
getUserRewards ---> TOURGUIDESERVICE
getUserRewards ---> TOURGUIDESERVICE
getUserRewards ---> TOURGUIDESERVICE
getUserRewards ---> TOURGUIDESERVICE
getUserRewards ---> TOURGUIDESERVICE
getUserRewards ---> TOURGUIDESERVICE
getUserRewards ---> TOURGUIDESERVICE
getUserRewards ---> TOURGUIDESERVICE
getUserRewards ---> TOURGUIDESERVICE
getUserRewards ---> TOURGUIDESERVICE
getUserRewards ---> TOURGUIDESERVICE
getUserRewards ---> TOURGUIDESERVICE
getUserRewards ---> TOURGUIDESERVICE
getUserRewards ---> TOURGUIDESERVICE
getUserRewards ---> TOURGUIDESERVICE
getUserRewards ---> TOURGUIDESERVICE
getUserRewards ---> TOURGUIDESERVICE
getUserRewards ---> TOURGUIDESERVICE
getUserRewards ---> TOURGUIDESERVICE
getUserRewards ---> TOURGUIDESERVICE
getUserRewards ---> TOURGUIDESERVICE
getUserRewards ---> TOURGUIDESERVICE
getUserRewards ---> TOURGUIDESERVICE
getUserRewards ---> TOURGUIDESERVICE
getUserRewards ---> TOURGUIDESERVICE
getUserRewards ---> TOURGUIDESERVICE
getUserRewards ---> TOURGUIDESERVICE
getUserRewards ---> TOURGUIDESERVICE
getUserRewards ---> TOURGUIDESERVICE
getUserRewards ---> TOURGUIDESERVICE
getUserRewards ---> TOURGUIDESERVICE
getUserRewards ---> TOURGUIDESERVICE
getUserRewards ---> TOURGUIDESERVICE
getUserRewards ---> TOURGUIDESERVICE
getUserRewards ---> TOURGUIDESERVICE
getUserRewards ---> TOURGUIDESERVICE
getUserRewards ---> TOURGUIDESERVICE
getUserRewards ---> TOURGUIDESERVICE
getUserRewards ---> TOURGUIDESERVICE
getUserRewards ---> TOURGUIDESERVICE
getUserRewards ---> TOURGUIDESERVICE
getUserRewards ---> TOURGUIDESERVICE
getUserRewards ---> TOURGUIDESERVICE
getUserRewards ---> TOURGUIDESERVICE
getUserRewards ---> TOURGUIDESERVICE
getUserRewards ---> TOURGUIDESERVICE
getUserRewards ---> TOURGUIDESERVICE
getUserRewards ---> TOURGUIDESERVICE
getUserRewards ---> TOURGUIDESERVICE
getUserRewards ---> TOURGUIDESERVICE
getUserRewards ---> TOURGUIDESERVICE
getUserRewards ---> TOURGUIDESERVICE
getUserRewards ---> TOURGUIDESERVICE
getUserRewards ---> TOURGUIDESERVICE
getUserRewards ---> TOURGUIDESERVICE
getUserRewards ---> TOURGUIDESERVICE
getUserRewards ---> TOURGUIDESERVICE
getUserRewards ---> TOURGUIDESERVICE
getUserRewards ---> TOURGUIDESERVICE
getUserRewards ---> TOURGUIDESERVICE
getUserRewards ---> TOURGUIDESERVICE
getUserRewards ---> TOURGUIDESERVICE
getUserRewards ---> TOURGUIDESERVICE
getUserRewards ---> TOURGUIDESERVICE
getUserRewards ---> TOURGUIDESERVICE
getUserRewards ---> TOURGUIDESERVICE
getUserRewards ---> TOURGUIDESERVICE
getUserRewards ---> TOURGUIDESERVICE
getUserRewards ---> TOURGUIDESERVICE
getUserRewards ---> TOURGUIDESERVICE
getUserRewards ---> TOURGUIDESERVICE
getUserRewards ---> TOURGUIDESERVICE
getUserRewards ---> TOURGUIDESERVICE
getUserRewards ---> TOURGUIDESERVICE
getUserRewards ---> TOURGUIDESERVICE
getUserRewards ---> TOURGUIDESERVICE
getUserRewards ---> TOURGUIDESERVICE
getUserRewards ---> TOURGUIDESERVICE
getUserRewards ---> TOURGUIDESERVICE
getUserRewards ---> TOURGUIDESERVICE
getUserRewards ---> TOURGUIDESERVICE
getUserRewards ---> TOURGUIDESERVICE
getUserRewards ---> TOURGUIDESERVICE
getUserRewards ---> TOURGUIDESERVICE
getUserRewards ---> TOURGUIDESERVICE
getUserRewards ---> TOURGUIDESERVICE
getUserRewards ---> TOURGUIDESERVICE
getUserRewards ---> TOURGUIDESERVICE
getUserRewards ---> TOURGUIDESERVICE
getUserRewards ---> TOURGUIDESERVICE
getUserRewards ---> TOURGUIDESERVICE
getUserRewards ---> TOURGUIDESERVICE
getUserRewards ---> TOURGUIDESERVICE
getUserRewards ---> TOURGUIDESERVICE
getUserRewards ---> TOURGUIDESERVICE
getUserRewards ---> TOURGUIDESERVICE
getUserRewards ---> TOURGUIDESERVICE
getUserRewards ---> TOURGUIDESERVICE
getUserRewards ---> TOURGUIDESERVICE
getUserRewards ---> TOURGUIDESERVICE
getUserRewards ---> TOURGUIDESERVICE
getUserRewards ---> TOURGUIDESERVICE
getUserRewards ---> TOURGUIDESERVICE
getUserRewards ---> TOURGUIDESERVICE
getUserRewards ---> TOURGUIDESERVICE
getUserRewards ---> TOURGUIDESERVICE
getUserRewards ---> TOURGUIDESERVICE
getUserRewards ---> TOURGUIDESERVICE
getUserRewards ---> TOURGUIDESERVICE
getUserRewards ---> TOURGUIDESERVICE
getUserRewards ---> TOURGUIDESERVICE
getUserRewards ---> TOURGUIDESERVICE
getUserRewards ---> TOURGUIDESERVICE
getUserRewards ---> TOURGUIDESERVICE
getUserRewards ---> TOURGUIDESERVICE
getUserRewards ---> TOURGUIDESERVICE
getUserRewards ---> TOURGUIDESERVICE
getUserRewards ---> TOURGUIDESERVICE
getUserRewards ---> TOURGUIDESERVICE
getUserRewards ---> TOURGUIDESERVICE
getUserRewards ---> TOURGUIDESERVICE
getUserRewards ---> TOURGUIDESERVICE
getUserRewards ---> TOURGUIDESERVICE
getUserRewards ---> TOURGUIDESERVICE
getUserRewards ---> TOURGUIDESERVICE
getUserRewards ---> TOURGUIDESERVICE
getUserRewards ---> TOURGUIDESERVICE
getUserRewards ---> TOURGUIDESERVICE
getUserRewards ---> TOURGUIDESERVICE
getUserRewards ---> TOURGUIDESERVICE
getUserRewards ---> TOURGUIDESERVICE
getUserRewards ---> TOURGUIDESERVICE
getUserRewards ---> TOURGUIDESERVICE
getUserRewards ---> TOURGUIDESERVICE
getUserRewards ---> TOURGUIDESERVICE
getUserRewards ---> TOURGUIDESERVICE
getUserRewards ---> TOURGUIDESERVICE
getUserRewards ---> TOURGUIDESERVICE
getUserRewards ---> TOURGUIDESERVICE
getUserRewards ---> TOURGUIDESERVICE
getUserRewards ---> TOURGUIDESERVICE
getUserRewards ---> TOURGUIDESERVICE
getUserRewards ---> TOURGUIDESERVICE
getUserRewards ---> TOURGUIDESERVICE
getUserRewards ---> TOURGUIDESERVICE
getUserRewards ---> TOURGUIDESERVICE
getUserRewards ---> TOURGUIDESERVICE
getUserRewards ---> TOURGUIDESERVICE
getUserRewards ---> TOURGUIDESERVICE
getUserRewards ---> TOURGUIDESERVICE
getUserRewards ---> TOURGUIDESERVICE
getUserRewards ---> TOURGUIDESERVICE
getUserRewards ---> TOURGUIDESERVICE
getUserRewards ---> TOURGUIDESERVICE
getUserRewards ---> TOURGUIDESERVICE
getUserRewards ---> TOURGUIDESERVICE
getUserRewards ---> TOURGUIDESERVICE
getUserRewards ---> TOURGUIDESERVICE
getUserRewards ---> TOURGUIDESERVICE
getUserRewards ---> TOURGUIDESERVICE
getUserRewards ---> TOURGUIDESERVICE
getUserRewards ---> TOURGUIDESERVICE
getUserRewards ---> TOURGUIDESERVICE
getUserRewards ---> TOURGUIDESERVICE
getUserRewards ---> TOURGUIDESERVICE
getUserRewards ---> TOURGUIDESERVICE
getUserRewards ---> TOURGUIDESERVICE
getUserRewards ---> TOURGUIDESERVICE
getUserRewards ---> TOURGUIDESERVICE
getUserRewards ---> TOURGUIDESERVICE
getUserRewards ---> TOURGUIDESERVICE
getUserRewards ---> TOURGUIDESERVICE
getUserRewards ---> TOURGUIDESERVICE
getUserRewards ---> TOURGUIDESERVICE
getUserRewards ---> TOURGUIDESERVICE
getUserRewards ---> TOURGUIDESERVICE
getUserRewards ---> TOURGUIDESERVICE
getUserRewards ---> TOURGUIDESERVICE
getUserRewards ---> TOURGUIDESERVICE
getUserRewards ---> TOURGUIDESERVICE
getUserRewards ---> TOURGUIDESERVICE
getUserRewards ---> TOURGUIDESERVICE
getUserRewards ---> TOURGUIDESERVICE
getUserRewards ---> TOURGUIDESERVICE
getUserRewards ---> TOURGUIDESERVICE
getUserRewards ---> TOURGUIDESERVICE
getUserRewards ---> TOURGUIDESERVICE
getUserRewards ---> TOURGUIDESERVICE
getUserRewards ---> TOURGUIDESERVICE
getUserRewards ---> TOURGUIDESERVICE
getUserRewards ---> TOURGUIDESERVICE
getUserRewards ---> TOURGUIDESERVICE
getUserRewards ---> TOURGUIDESERVICE
getUserRewards ---> TOURGUIDESERVICE
getUserRewards ---> TOURGUIDESERVICE
getUserRewards ---> TOURGUIDESERVICE
getUserRewards ---> TOURGUIDESERVICE
getUserRewards ---> TOURGUIDESERVICE
getUserRewards ---> TOURGUIDESERVICE
getUserRewards ---> TOURGUIDESERVICE
getUserRewards ---> TOURGUIDESERVICE
getUserRewards ---> TOURGUIDESERVICE
getUserRewards ---> TOURGUIDESERVICE
getUserRewards ---> TOURGUIDESERVICE
getUserRewards ---> TOURGUIDESERVICE
getUserRewards ---> TOURGUIDESERVICE
getUserRewards ---> TOURGUIDESERVICE
getUserRewards ---> TOURGUIDESERVICE
getUserRewards ---> TOURGUIDESERVICE
getUserRewards ---> TOURGUIDESERVICE
getUserRewards ---> TOURGUIDESERVICE
getUserRewards ---> TOURGUIDESERVICE
getUserRewards ---> TOURGUIDESERVICE
getUserRewards ---> TOURGUIDESERVICE
getUserRewards ---> TOURGUIDESERVICE
getUserRewards ---> TOURGUIDESERVICE
getUserRewards ---> TOURGUIDESERVICE
getUserRewards ---> TOURGUIDESERVICE
getUserRewards ---> TOURGUIDESERVICE
getUserRewards ---> TOURGUIDESERVICE
getUserRewards ---> TOURGUIDESERVICE
getUserRewards ---> TOURGUIDESERVICE
getUserRewards ---> TOURGUIDESERVICE
getUserRewards ---> TOURGUIDESERVICE
getUserRewards ---> TOURGUIDESERVICE
getUserRewards ---> TOURGUIDESERVICE
getUserRewards ---> TOURGUIDESERVICE
getUserRewards ---> TOURGUIDESERVICE
getUserRewards ---> TOURGUIDESERVICE
getUserRewards ---> TOURGUIDESERVICE
getUserRewards ---> TOURGUIDESERVICE
getUserRewards ---> TOURGUIDESERVICE
getUserRewards ---> TOURGUIDESERVICE
getUserRewards ---> TOURGUIDESERVICE
getUserRewards ---> TOURGUIDESERVICE
getUserRewards ---> TOURGUIDESERVICE
getUserRewards ---> TOURGUIDESERVICE
getUserRewards ---> TOURGUIDESERVICE
getUserRewards ---> TOURGUIDESERVICE
getUserRewards ---> TOURGUIDESERVICE
getUserRewards ---> TOURGUIDESERVICE
getUserRewards ---> TOURGUIDESERVICE
getUserRewards ---> TOURGUIDESERVICE
getUserRewards ---> TOURGUIDESERVICE
getUserRewards ---> TOURGUIDESERVICE
getUserRewards ---> TOURGUIDESERVICE
getUserRewards ---> TOURGUIDESERVICE
getUserRewards ---> TOURGUIDESERVICE
getUserRewards ---> TOURGUIDESERVICE
getUserRewards ---> TOURGUIDESERVICE
getUserRewards ---> TOURGUIDESERVICE
getUserRewards ---> TOURGUIDESERVICE
getUserRewards ---> TOURGUIDESERVICE
getUserRewards ---> TOURGUIDESERVICE
getUserRewards ---> TOURGUIDESERVICE
getUserRewards ---> TOURGUIDESERVICE
getUserRewards ---> TOURGUIDESERVICE
getUserRewards ---> TOURGUIDESERVICE
getUserRewards ---> TOURGUIDESERVICE
getUserRewards ---> TOURGUIDESERVICE
getUserRewards ---> TOURGUIDESERVICE
getUserRewards ---> TOURGUIDESERVICE
getUserRewards ---> TOURGUIDESERVICE
getUserRewards ---> TOURGUIDESERVICE
getUserRewards ---> TOURGUIDESERVICE
getUserRewards ---> TOURGUIDESERVICE
getUserRewards ---> TOURGUIDESERVICE
getUserRewards ---> TOURGUIDESERVICE
getUserRewards ---> TOURGUIDESERVICE
getUserRewards ---> TOURGUIDESERVICE
getUserRewards ---> TOURGUIDESERVICE
getUserRewards ---> TOURGUIDESERVICE
getUserRewards ---> TOURGUIDESERVICE
getUserRewards ---> TOURGUIDESERVICE
getUserRewards ---> TOURGUIDESERVICE
getUserRewards ---> TOURGUIDESERVICE
getUserRewards ---> TOURGUIDESERVICE
getUserRewards ---> TOURGUIDESERVICE
getUserRewards ---> TOURGUIDESERVICE
getUserRewards ---> TOURGUIDESERVICE
getUserRewards ---> TOURGUIDESERVICE
getUserRewards ---> TOURGUIDESERVICE
getUserRewards ---> TOURGUIDESERVICE
getUserRewards ---> TOURGUIDESERVICE
getUserRewards ---> TOURGUIDESERVICE
getUserRewards ---> TOURGUIDESERVICE
getUserRewards ---> TOURGUIDESERVICE
getUserRewards ---> TOURGUIDESERVICE
getUserRewards ---> TOURGUIDESERVICE
getUserRewards ---> TOURGUIDESERVICE
getUserRewards ---> TOURGUIDESERVICE
getUserRewards ---> TOURGUIDESERVICE
getUserRewards ---> TOURGUIDESERVICE
getUserRewards ---> TOURGUIDESERVICE
getUserRewards ---> TOURGUIDESERVICE
getUserRewards ---> TOURGUIDESERVICE
getUserRewards ---> TOURGUIDESERVICE
getUserRewards ---> TOURGUIDESERVICE
getUserRewards ---> TOURGUIDESERVICE
getUserRewards ---> TOURGUIDESERVICE
getUserRewards ---> TOURGUIDESERVICE
getUserRewards ---> TOURGUIDESERVICE
getUserRewards ---> TOURGUIDESERVICE
getUserRewards ---> TOURGUIDESERVICE
getUserRewards ---> TOURGUIDESERVICE
getUserRewards ---> TOURGUIDESERVICE
getUserRewards ---> TOURGUIDESERVICE
getUserRewards ---> TOURGUIDESERVICE
getUserRewards ---> TOURGUIDESERVICE
getUserRewards ---> TOURGUIDESERVICE
getUserRewards ---> TOURGUIDESERVICE
getUserRewards ---> TOURGUIDESERVICE
getUserRewards ---> TOURGUIDESERVICE
getUserRewards ---> TOURGUIDESERVICE
getUserRewards ---> TOURGUIDESERVICE
getUserRewards ---> TOURGUIDESERVICE
getUserRewards ---> TOURGUIDESERVICE
getUserRewards ---> TOURGUIDESERVICE
getUserRewards ---> TOURGUIDESERVICE
getUserRewards ---> TOURGUIDESERVICE
getUserRewards ---> TOURGUIDESERVICE
getUserRewards ---> TOURGUIDESERVICE
getUserRewards ---> TOURGUIDESERVICE
getUserRewards ---> TOURGUIDESERVICE
getUserRewards ---> TOURGUIDESERVICE
getUserRewards ---> TOURGUIDESERVICE
getUserRewards ---> TOURGUIDESERVICE
getUserRewards ---> TOURGUIDESERVICE
getUserRewards ---> TOURGUIDESERVICE
getUserRewards ---> TOURGUIDESERVICE
getUserRewards ---> TOURGUIDESERVICE
getUserRewards ---> TOURGUIDESERVICE
getUserRewards ---> TOURGUIDESERVICE
getUserRewards ---> TOURGUIDESERVICE
getUserRewards ---> TOURGUIDESERVICE
getUserRewards ---> TOURGUIDESERVICE
getUserRewards ---> TOURGUIDESERVICE
getUserRewards ---> TOURGUIDESERVICE
getUserRewards ---> TOURGUIDESERVICE
getUserRewards ---> TOURGUIDESERVICE
getUserRewards ---> TOURGUIDESERVICE
getUserRewards ---> TOURGUIDESERVICE
getUserRewards ---> TOURGUIDESERVICE
getUserRewards ---> TOURGUIDESERVICE
getUserRewards ---> TOURGUIDESERVICE
getUserRewards ---> TOURGUIDESERVICE
getUserRewards ---> TOURGUIDESERVICE
getUserRewards ---> TOURGUIDESERVICE
getUserRewards ---> TOURGUIDESERVICE
getUserRewards ---> TOURGUIDESERVICE
getUserRewards ---> TOURGUIDESERVICE
getUserRewards ---> TOURGUIDESERVICE
getUserRewards ---> TOURGUIDESERVICE
getUserRewards ---> TOURGUIDESERVICE
getUserRewards ---> TOURGUIDESERVICE
getUserRewards ---> TOURGUIDESERVICE
getUserRewards ---> TOURGUIDESERVICE
getUserRewards ---> TOURGUIDESERVICE
getUserRewards ---> TOURGUIDESERVICE
getUserRewards ---> TOURGUIDESERVICE
getUserRewards ---> TOURGUIDESERVICE
getUserRewards ---> TOURGUIDESERVICE
getUserRewards ---> TOURGUIDESERVICE
getUserRewards ---> TOURGUIDESERVICE
getUserRewards ---> TOURGUIDESERVICE
getUserRewards ---> TOURGUIDESERVICE
getUserRewards ---> TOURGUIDESERVICE
getUserRewards ---> TOURGUIDESERVICE
getUserRewards ---> TOURGUIDESERVICE
getUserRewards ---> TOURGUIDESERVICE
getUserRewards ---> TOURGUIDESERVICE
getUserRewards ---> TOURGUIDESERVICE
getUserRewards ---> TOURGUIDESERVICE
getUserRewards ---> TOURGUIDESERVICE
getUserRewards ---> TOURGUIDESERVICE
getUserRewards ---> TOURGUIDESERVICE
getUserRewards ---> TOURGUIDESERVICE
getUserRewards ---> TOURGUIDESERVICE
getUserRewards ---> TOURGUIDESERVICE
getUserRewards ---> TOURGUIDESERVICE
getUserRewards ---> TOURGUIDESERVICE
getUserRewards ---> TOURGUIDESERVICE
getUserRewards ---> TOURGUIDESERVICE
getUserRewards ---> TOURGUIDESERVICE
getUserRewards ---> TOURGUIDESERVICE
getUserRewards ---> TOURGUIDESERVICE
getUserRewards ---> TOURGUIDESERVICE
getUserRewards ---> TOURGUIDESERVICE
getUserRewards ---> TOURGUIDESERVICE
getUserRewards ---> TOURGUIDESERVICE
getUserRewards ---> TOURGUIDESERVICE
getUserRewards ---> TOURGUIDESERVICE
getUserRewards ---> TOURGUIDESERVICE
getUserRewards ---> TOURGUIDESERVICE
getUserRewards ---> TOURGUIDESERVICE
getUserRewards ---> TOURGUIDESERVICE
getUserRewards ---> TOURGUIDESERVICE
getUserRewards ---> TOURGUIDESERVICE
getUserRewards ---> TOURGUIDESERVICE
getUserRewards ---> TOURGUIDESERVICE
getUserRewards ---> TOURGUIDESERVICE
getUserRewards ---> TOURGUIDESERVICE
getUserRewards ---> TOURGUIDESERVICE
getUserRewards ---> TOURGUIDESERVICE
getUserRewards ---> TOURGUIDESERVICE
getUserRewards ---> TOURGUIDESERVICE
getUserRewards ---> TOURGUIDESERVICE
getUserRewards ---> TOURGUIDESERVICE
getUserRewards ---> TOURGUIDESERVICE
getUserRewards ---> TOURGUIDESERVICE
getUserRewards ---> TOURGUIDESERVICE
getUserRewards ---> TOURGUIDESERVICE
getUserRewards ---> TOURGUIDESERVICE
getUserRewards ---> TOURGUIDESERVICE
getUserRewards ---> TOURGUIDESERVICE
getUserRewards ---> TOURGUIDESERVICE
getUserRewards ---> TOURGUIDESERVICE
getUserRewards ---> TOURGUIDESERVICE
getUserRewards ---> TOURGUIDESERVICE
getUserRewards ---> TOURGUIDESERVICE
getUserRewards ---> TOURGUIDESERVICE
getUserRewards ---> TOURGUIDESERVICE
getUserRewards ---> TOURGUIDESERVICE
getUserRewards ---> TOURGUIDESERVICE
getUserRewards ---> TOURGUIDESERVICE
getUserRewards ---> TOURGUIDESERVICE
getUserRewards ---> TOURGUIDESERVICE
getUserRewards ---> TOURGUIDESERVICE
getUserRewards ---> TOURGUIDESERVICE
getUserRewards ---> TOURGUIDESERVICE
getUserRewards ---> TOURGUIDESERVICE
getUserRewards ---> TOURGUIDESERVICE
getUserRewards ---> TOURGUIDESERVICE
getUserRewards ---> TOURGUIDESERVICE
getUserRewards ---> TOURGUIDESERVICE
getUserRewards ---> TOURGUIDESERVICE
getUserRewards ---> TOURGUIDESERVICE
getUserRewards ---> TOURGUIDESERVICE
getUserRewards ---> TOURGUIDESERVICE
getUserRewards ---> TOURGUIDESERVICE
getUserRewards ---> TOURGUIDESERVICE
getUserRewards ---> TOURGUIDESERVICE
getUserRewards ---> TOURGUIDESERVICE
getUserRewards ---> TOURGUIDESERVICE
getUserRewards ---> TOURGUIDESERVICE
getUserRewards ---> TOURGUIDESERVICE
getUserRewards ---> TOURGUIDESERVICE
getUserRewards ---> TOURGUIDESERVICE
getUserRewards ---> TOURGUIDESERVICE
getUserRewards ---> TOURGUIDESERVICE
getUserRewards ---> TOURGUIDESERVICE
getUserRewards ---> TOURGUIDESERVICE
getUserRewards ---> TOURGUIDESERVICE
getUserRewards ---> TOURGUIDESERVICE
getUserRewards ---> TOURGUIDESERVICE
getUserRewards ---> TOURGUIDESERVICE
getUserRewards ---> TOURGUIDESERVICE
getUserRewards ---> TOURGUIDESERVICE
getUserRewards ---> TOURGUIDESERVICE
getUserRewards ---> TOURGUIDESERVICE
getUserRewards ---> TOURGUIDESERVICE
getUserRewards ---> TOURGUIDESERVICE
getUserRewards ---> TOURGUIDESERVICE
getUserRewards ---> TOURGUIDESERVICE
getUserRewards ---> TOURGUIDESERVICE
getUserRewards ---> TOURGUIDESERVICE
getUserRewards ---> TOURGUIDESERVICE
getUserRewards ---> TOURGUIDESERVICE
getUserRewards ---> TOURGUIDESERVICE
getUserRewards ---> TOURGUIDESERVICE
getUserRewards ---> TOURGUIDESERVICE
getUserRewards ---> TOURGUIDESERVICE
getUserRewards ---> TOURGUIDESERVICE
getUserRewards ---> TOURGUIDESERVICE
getUserRewards ---> TOURGUIDESERVICE
getUserRewards ---> TOURGUIDESERVICE
getUserRewards ---> TOURGUIDESERVICE
getUserRewards ---> TOURGUIDESERVICE
getUserRewards ---> TOURGUIDESERVICE
getUserRewards ---> TOURGUIDESERVICE
getUserRewards ---> TOURGUIDESERVICE
getUserRewards ---> TOURGUIDESERVICE
getUserRewards ---> TOURGUIDESERVICE
getUserRewards ---> TOURGUIDESERVICE
getUserRewards ---> TOURGUIDESERVICE
getUserRewards ---> TOURGUIDESERVICE
getUserRewards ---> TOURGUIDESERVICE
getUserRewards ---> TOURGUIDESERVICE
getUserRewards ---> TOURGUIDESERVICE
getUserRewards ---> TOURGUIDESERVICE
getUserRewards ---> TOURGUIDESERVICE
getUserRewards ---> TOURGUIDESERVICE
getUserRewards ---> TOURGUIDESERVICE
getUserRewards ---> TOURGUIDESERVICE
getUserRewards ---> TOURGUIDESERVICE
getUserRewards ---> TOURGUIDESERVICE
getUserRewards ---> TOURGUIDESERVICE
getUserRewards ---> TOURGUIDESERVICE
getUserRewards ---> TOURGUIDESERVICE
getUserRewards ---> TOURGUIDESERVICE
getUserRewards ---> TOURGUIDESERVICE
getUserRewards ---> TOURGUIDESERVICE
getUserRewards ---> TOURGUIDESERVICE
getUserRewards ---> TOURGUIDESERVICE
getUserRewards ---> TOURGUIDESERVICE
getUserRewards ---> TOURGUIDESERVICE
getUserRewards ---> TOURGUIDESERVICE
getUserRewards ---> TOURGUIDESERVICE
getUserRewards ---> TOURGUIDESERVICE
getUserRewards ---> TOURGUIDESERVICE
getUserRewards ---> TOURGUIDESERVICE
getUserRewards ---> TOURGUIDESERVICE
getUserRewards ---> TOURGUIDESERVICE
getUserRewards ---> TOURGUIDESERVICE
getUserRewards ---> TOURGUIDESERVICE
getUserRewards ---> TOURGUIDESERVICE
getUserRewards ---> TOURGUIDESERVICE
getUserRewards ---> TOURGUIDESERVICE
getUserRewards ---> TOURGUIDESERVICE
getUserRewards ---> TOURGUIDESERVICE
getUserRewards ---> TOURGUIDESERVICE
getUserRewards ---> TOURGUIDESERVICE
getUserRewards ---> TOURGUIDESERVICE
getUserRewards ---> TOURGUIDESERVICE
getUserRewards ---> TOURGUIDESERVICE
getUserRewards ---> TOURGUIDESERVICE
getUserRewards ---> TOURGUIDESERVICE
getUserRewards ---> TOURGUIDESERVICE
getUserRewards ---> TOURGUIDESERVICE
getUserRewards ---> TOURGUIDESERVICE
getUserRewards ---> TOURGUIDESERVICE
getUserRewards ---> TOURGUIDESERVICE
getUserRewards ---> TOURGUIDESERVICE
getUserRewards ---> TOURGUIDESERVICE
getUserRewards ---> TOURGUIDESERVICE
getUserRewards ---> TOURGUIDESERVICE
getUserRewards ---> TOURGUIDESERVICE
getUserRewards ---> TOURGUIDESERVICE
getUserRewards ---> TOURGUIDESERVICE
getUserRewards ---> TOURGUIDESERVICE
getUserRewards ---> TOURGUIDESERVICE
getUserRewards ---> TOURGUIDESERVICE
getUserRewards ---> TOURGUIDESERVICE
getUserRewards ---> TOURGUIDESERVICE
getUserRewards ---> TOURGUIDESERVICE
getUserRewards ---> TOURGUIDESERVICE
getUserRewards ---> TOURGUIDESERVICE
getUserRewards ---> TOURGUIDESERVICE
getUserRewards ---> TOURGUIDESERVICE
getUserRewards ---> TOURGUIDESERVICE
getUserRewards ---> TOURGUIDESERVICE
getUserRewards ---> TOURGUIDESERVICE
getUserRewards ---> TOURGUIDESERVICE
getUserRewards ---> TOURGUIDESERVICE
getUserRewards ---> TOURGUIDESERVICE
getUserRewards ---> TOURGUIDESERVICE
getUserRewards ---> TOURGUIDESERVICE
getUserRewards ---> TOURGUIDESERVICE
getUserRewards ---> TOURGUIDESERVICE
getUserRewards ---> TOURGUIDESERVICE
getUserRewards ---> TOURGUIDESERVICE
getUserRewards ---> TOURGUIDESERVICE
getUserRewards ---> TOURGUIDESERVICE
getUserRewards ---> TOURGUIDESERVICE
getUserRewards ---> TOURGUIDESERVICE
getUserRewards ---> TOURGUIDESERVICE
getUserRewards ---> TOURGUIDESERVICE
getUserRewards ---> TOURGUIDESERVICE
getUserRewards ---> TOURGUIDESERVICE
getUserRewards ---> TOURGUIDESERVICE
getUserRewards ---> TOURGUIDESERVICE
getUserRewards ---> TOURGUIDESERVICE
getUserRewards ---> TOURGUIDESERVICE
getUserRewards ---> TOURGUIDESERVICE
getUserRewards ---> TOURGUIDESERVICE
getUserRewards ---> TOURGUIDESERVICE
getUserRewards ---> TOURGUIDESERVICE
getUserRewards ---> TOURGUIDESERVICE
getUserRewards ---> TOURGUIDESERVICE
getUserRewards ---> TOURGUIDESERVICE
getUserRewards ---> TOURGUIDESERVICE
getUserRewards ---> TOURGUIDESERVICE
getUserRewards ---> TOURGUIDESERVICE
getUserRewards ---> TOURGUIDESERVICE
getUserRewards ---> TOURGUIDESERVICE
getUserRewards ---> TOURGUIDESERVICE
getUserRewards ---> TOURGUIDESERVICE
getUserRewards ---> TOURGUIDESERVICE
getUserRewards ---> TOURGUIDESERVICE
getUserRewards ---> TOURGUIDESERVICE
getUserRewards ---> TOURGUIDESERVICE
getUserRewards ---> TOURGUIDESERVICE
getUserRewards ---> TOURGUIDESERVICE
getUserRewards ---> TOURGUIDESERVICE
getUserRewards ---> TOURGUIDESERVICE
getUserRewards ---> TOURGUIDESERVICE
getUserRewards ---> TOURGUIDESERVICE
getUserRewards ---> TOURGUIDESERVICE
getUserRewards ---> TOURGUIDESERVICE
getUserRewards ---> TOURGUIDESERVICE
getUserRewards ---> TOURGUIDESERVICE
getUserRewards ---> TOURGUIDESERVICE
getUserRewards ---> TOURGUIDESERVICE
getUserRewards ---> TOURGUIDESERVICE
getUserRewards ---> TOURGUIDESERVICE
getUserRewards ---> TOURGUIDESERVICE
getUserRewards ---> TOURGUIDESERVICE
getUserRewards ---> TOURGUIDESERVICE
getUserRewards ---> TOURGUIDESERVICE
getUserRewards ---> TOURGUIDESERVICE
getUserRewards ---> TOURGUIDESERVICE
getUserRewards ---> TOURGUIDESERVICE
getUserRewards ---> TOURGUIDESERVICE
getUserRewards ---> TOURGUIDESERVICE
getUserRewards ---> TOURGUIDESERVICE
getUserRewards ---> TOURGUIDESERVICE
getUserRewards ---> TOURGUIDESERVICE
getUserRewards ---> TOURGUIDESERVICE
getUserRewards ---> TOURGUIDESERVICE
getUserRewards ---> TOURGUIDESERVICE
getUserRewards ---> TOURGUIDESERVICE
getUserRewards ---> TOURGUIDESERVICE
getUserRewards ---> TOURGUIDESERVICE
getUserRewards ---> TOURGUIDESERVICE
getUserRewards ---> TOURGUIDESERVICE
getUserRewards ---> TOURGUIDESERVICE
getUserRewards ---> TOURGUIDESERVICE
getUserRewards ---> TOURGUIDESERVICE
getUserRewards ---> TOURGUIDESERVICE
getUserRewards ---> TOURGUIDESERVICE
getUserRewards ---> TOURGUIDESERVICE
getUserRewards ---> TOURGUIDESERVICE
getUserRewards ---> TOURGUIDESERVICE
getUserRewards ---> TOURGUIDESERVICE
getUserRewards ---> TOURGUIDESERVICE
getUserRewards ---> TOURGUIDESERVICE
getUserRewards ---> TOURGUIDESERVICE
getUserRewards ---> TOURGUIDESERVICE
getUserRewards ---> TOURGUIDESERVICE
getUserRewards ---> TOURGUIDESERVICE
getUserRewards ---> TOURGUIDESERVICE
getUserRewards ---> TOURGUIDESERVICE
getUserRewards ---> TOURGUIDESERVICE
getUserRewards ---> TOURGUIDESERVICE
getUserRewards ---> TOURGUIDESERVICE
getUserRewards ---> TOURGUIDESERVICE
getUserRewards ---> TOURGUIDESERVICE
getUserRewards ---> TOURGUIDESERVICE
getUserRewards ---> TOURGUIDESERVICE
getUserRewards ---> TOURGUIDESERVICE
getUserRewards ---> TOURGUIDESERVICE
getUserRewards ---> TOURGUIDESERVICE
getUserRewards ---> TOURGUIDESERVICE
getUserRewards ---> TOURGUIDESERVICE
getUserRewards ---> TOURGUIDESERVICE
getUserRewards ---> TOURGUIDESERVICE
getUserRewards ---> TOURGUIDESERVICE
getUserRewards ---> TOURGUIDESERVICE
getUserRewards ---> TOURGUIDESERVICE
getUserRewards ---> TOURGUIDESERVICE
getUserRewards ---> TOURGUIDESERVICE
getUserRewards ---> TOURGUIDESERVICE
getUserRewards ---> TOURGUIDESERVICE
getUserRewards ---> TOURGUIDESERVICE
getUserRewards ---> TOURGUIDESERVICE
getUserRewards ---> TOURGUIDESERVICE
getUserRewards ---> TOURGUIDESERVICE
getUserRewards ---> TOURGUIDESERVICE
getUserRewards ---> TOURGUIDESERVICE
getUserRewards ---> TOURGUIDESERVICE
getUserRewards ---> TOURGUIDESERVICE
getUserRewards ---> TOURGUIDESERVICE
getUserRewards ---> TOURGUIDESERVICE
getUserRewards ---> TOURGUIDESERVICE
getUserRewards ---> TOURGUIDESERVICE
getUserRewards ---> TOURGUIDESERVICE
getUserRewards ---> TOURGUIDESERVICE
getUserRewards ---> TOURGUIDESERVICE
getUserRewards ---> TOURGUIDESERVICE
getUserRewards ---> TOURGUIDESERVICE
getUserRewards ---> TOURGUIDESERVICE
getUserRewards ---> TOURGUIDESERVICE
getUserRewards ---> TOURGUIDESERVICE
getUserRewards ---> TOURGUIDESERVICE
getUserRewards ---> TOURGUIDESERVICE
getUserRewards ---> TOURGUIDESERVICE
getUserRewards ---> TOURGUIDESERVICE
getUserRewards ---> TOURGUIDESERVICE
getUserRewards ---> TOURGUIDESERVICE
getUserRewards ---> TOURGUIDESERVICE
getUserRewards ---> TOURGUIDESERVICE
getUserRewards ---> TOURGUIDESERVICE
getUserRewards ---> TOURGUIDESERVICE
getUserRewards ---> TOURGUIDESERVICE
getUserRewards ---> TOURGUIDESERVICE
getUserRewards ---> TOURGUIDESERVICE
getUserRewards ---> TOURGUIDESERVICE
getUserRewards ---> TOURGUIDESERVICE
getUserRewards ---> TOURGUIDESERVICE
getUserRewards ---> TOURGUIDESERVICE
getUserRewards ---> TOURGUIDESERVICE
getUserRewards ---> TOURGUIDESERVICE
getUserRewards ---> TOURGUIDESERVICE
getUserRewards ---> TOURGUIDESERVICE
getUserRewards ---> TOURGUIDESERVICE
getUserRewards ---> TOURGUIDESERVICE
getUserRewards ---> TOURGUIDESERVICE
getUserRewards ---> TOURGUIDESERVICE
getUserRewards ---> TOURGUIDESERVICE
getUserRewards ---> TOURGUIDESERVICE
getUserRewards ---> TOURGUIDESERVICE
getUserRewards ---> TOURGUIDESERVICE
getUserRewards ---> TOURGUIDESERVICE
getUserRewards ---> TOURGUIDESERVICE
getUserRewards ---> TOURGUIDESERVICE
getUserRewards ---> TOURGUIDESERVICE
getUserRewards ---> TOURGUIDESERVICE
getUserRewards ---> TOURGUIDESERVICE
getUserRewards ---> TOURGUIDESERVICE
getUserRewards ---> TOURGUIDESERVICE
getUserRewards ---> TOURGUIDESERVICE
getUserRewards ---> TOURGUIDESERVICE
getUserRewards ---> TOURGUIDESERVICE
getUserRewards ---> TOURGUIDESERVICE
getUserRewards ---> TOURGUIDESERVICE
getUserRewards ---> TOURGUIDESERVICE
getUserRewards ---> TOURGUIDESERVICE
getUserRewards ---> TOURGUIDESERVICE
getUserRewards ---> TOURGUIDESERVICE
getUserRewards ---> TOURGUIDESERVICE
getUserRewards ---> TOURGUIDESERVICE
getUserRewards ---> TOURGUIDESERVICE
getUserRewards ---> TOURGUIDESERVICE
getUserRewards ---> TOURGUIDESERVICE
getUserRewards ---> TOURGUIDESERVICE
getUserRewards ---> TOURGUIDESERVICE
getUserRewards ---> TOURGUIDESERVICE
getUserRewards ---> TOURGUIDESERVICE
getUserRewards ---> TOURGUIDESERVICE
getUserRewards ---> TOURGUIDESERVICE
getUserRewards ---> TOURGUIDESERVICE
getUserRewards ---> TOURGUIDESERVICE
getUserRewards ---> TOURGUIDESERVICE
getUserRewards ---> TOURGUIDESERVICE
getUserRewards ---> TOURGUIDESERVICE
getUserRewards ---> TOURGUIDESERVICE
getUserRewards ---> TOURGUIDESERVICE
getUserRewards ---> TOURGUIDESERVICE
getUserRewards ---> TOURGUIDESERVICE
getUserRewards ---> TOURGUIDESERVICE
getUserRewards ---> TOURGUIDESERVICE
getUserRewards ---> TOURGUIDESERVICE
getUserRewards ---> TOURGUIDESERVICE
getUserRewards ---> TOURGUIDESERVICE
getUserRewards ---> TOURGUIDESERVICE
getUserRewards ---> TOURGUIDESERVICE
getUserRewards ---> TOURGUIDESERVICE
getUserRewards ---> TOURGUIDESERVICE
getUserRewards ---> TOURGUIDESERVICE
getUserRewards ---> TOURGUIDESERVICE
getUserRewards ---> TOURGUIDESERVICE
getUserRewards ---> TOURGUIDESERVICE
getUserRewards ---> TOURGUIDESERVICE
getUserRewards ---> TOURGUIDESERVICE
getUserRewards ---> TOURGUIDESERVICE
getUserRewards ---> TOURGUIDESERVICE
getUserRewards ---> TOURGUIDESERVICE
getUserRewards ---> TOURGUIDESERVICE
getUserRewards ---> TOURGUIDESERVICE
getUserRewards ---> TOURGUIDESERVICE
getUserRewards ---> TOURGUIDESERVICE
getUserRewards ---> TOURGUIDESERVICE
getUserRewards ---> TOURGUIDESERVICE
getUserRewards ---> TOURGUIDESERVICE
getUserRewards ---> TOURGUIDESERVICE
getUserRewards ---> TOURGUIDESERVICE
getUserRewards ---> TOURGUIDESERVICE
getUserRewards ---> TOURGUIDESERVICE
getUserRewards ---> TOURGUIDESERVICE
getUserRewards ---> TOURGUIDESERVICE
getUserRewards ---> TOURGUIDESERVICE
getUserRewards ---> TOURGUIDESERVICE
getUserRewards ---> TOURGUIDESERVICE
getUserRewards ---> TOURGUIDESERVICE
getUserRewards ---> TOURGUIDESERVICE
getUserRewards ---> TOURGUIDESERVICE
getUserRewards ---> TOURGUIDESERVICE
getUserRewards ---> TOURGUIDESERVICE
getUserRewards ---> TOURGUIDESERVICE
getUserRewards ---> TOURGUIDESERVICE
getUserRewards ---> TOURGUIDESERVICE
getUserRewards ---> TOURGUIDESERVICE
getUserRewards ---> TOURGUIDESERVICE
getUserRewards ---> TOURGUIDESERVICE
getUserRewards ---> TOURGUIDESERVICE
getUserRewards ---> TOURGUIDESERVICE
getUserRewards ---> TOURGUIDESERVICE
getUserRewards ---> TOURGUIDESERVICE
getUserRewards ---> TOURGUIDESERVICE
getUserRewards ---> TOURGUIDESERVICE
getUserRewards ---> TOURGUIDESERVICE
getUserRewards ---> TOURGUIDESERVICE
getUserRewards ---> TOURGUIDESERVICE
getUserRewards ---> TOURGUIDESERVICE
getUserRewards ---> TOURGUIDESERVICE
getUserRewards ---> TOURGUIDESERVICE
getUserRewards ---> TOURGUIDESERVICE
getUserRewards ---> TOURGUIDESERVICE
getUserRewards ---> TOURGUIDESERVICE
getUserRewards ---> TOURGUIDESERVICE
getUserRewards ---> TOURGUIDESERVICE
getUserRewards ---> TOURGUIDESERVICE
getUserRewards ---> TOURGUIDESERVICE
getUserRewards ---> TOURGUIDESERVICE
getUserRewards ---> TOURGUIDESERVICE
getUserRewards ---> TOURGUIDESERVICE
getUserRewards ---> TOURGUIDESERVICE
getUserRewards ---> TOURGUIDESERVICE
getUserRewards ---> TOURGUIDESERVICE
getUserRewards ---> TOURGUIDESERVICE
getUserRewards ---> TOURGUIDESERVICE
getUserRewards ---> TOURGUIDESERVICE
getUserRewards ---> TOURGUIDESERVICE
getUserRewards ---> TOURGUIDESERVICE
getUserRewards ---> TOURGUIDESERVICE
getUserRewards ---> TOURGUIDESERVICE
getUserRewards ---> TOURGUIDESERVICE
getUserRewards ---> TOURGUIDESERVICE
getUserRewards ---> TOURGUIDESERVICE
getUserRewards ---> TOURGUIDESERVICE
getUserRewards ---> TOURGUIDESERVICE
getUserRewards ---> TOURGUIDESERVICE
getUserRewards ---> TOURGUIDESERVICE
getUserRewards ---> TOURGUIDESERVICE
getUserRewards ---> TOURGUIDESERVICE
getUserRewards ---> TOURGUIDESERVICE
getUserRewards ---> TOURGUIDESERVICE
getUserRewards ---> TOURGUIDESERVICE
getUserRewards ---> TOURGUIDESERVICE
getUserRewards ---> TOURGUIDESERVICE
getUserRewards ---> TOURGUIDESERVICE
getUserRewards ---> TOURGUIDESERVICE
getUserRewards ---> TOURGUIDESERVICE
getUserRewards ---> TOURGUIDESERVICE
getUserRewards ---> TOURGUIDESERVICE
getUserRewards ---> TOURGUIDESERVICE
getUserRewards ---> TOURGUIDESERVICE
getUserRewards ---> TOURGUIDESERVICE
getUserRewards ---> TOURGUIDESERVICE
getUserRewards ---> TOURGUIDESERVICE
getUserRewards ---> TOURGUIDESERVICE
getUserRewards ---> TOURGUIDESERVICE
getUserRewards ---> TOURGUIDESERVICE
getUserRewards ---> TOURGUIDESERVICE
getUserRewards ---> TOURGUIDESERVICE
getUserRewards ---> TOURGUIDESERVICE
getUserRewards ---> TOURGUIDESERVICE
getUserRewards ---> TOURGUIDESERVICE
getUserRewards ---> TOURGUIDESERVICE
getUserRewards ---> TOURGUIDESERVICE
getUserRewards ---> TOURGUIDESERVICE
getUserRewards ---> TOURGUIDESERVICE
getUserRewards ---> TOURGUIDESERVICE
getUserRewards ---> TOURGUIDESERVICE
getUserRewards ---> TOURGUIDESERVICE
getUserRewards ---> TOURGUIDESERVICE
getUserRewards ---> TOURGUIDESERVICE
getUserRewards ---> TOURGUIDESERVICE
getUserRewards ---> TOURGUIDESERVICE
getUserRewards ---> TOURGUIDESERVICE
getUserRewards ---> TOURGUIDESERVICE
getUserRewards ---> TOURGUIDESERVICE
getUserRewards ---> TOURGUIDESERVICE
getUserRewards ---> TOURGUIDESERVICE
getUserRewards ---> TOURGUIDESERVICE
getUserRewards ---> TOURGUIDESERVICE
getUserRewards ---> TOURGUIDESERVICE
getUserRewards ---> TOURGUIDESERVICE
getUserRewards ---> TOURGUIDESERVICE
getUserRewards ---> TOURGUIDESERVICE
getUserRewards ---> TOURGUIDESERVICE
getUserRewards ---> TOURGUIDESERVICE
getUserRewards ---> TOURGUIDESERVICE
getUserRewards ---> TOURGUIDESERVICE
getUserRewards ---> TOURGUIDESERVICE
getUserRewards ---> TOURGUIDESERVICE
getUserRewards ---> TOURGUIDESERVICE
getUserRewards ---> TOURGUIDESERVICE
getUserRewards ---> TOURGUIDESERVICE
getUserRewards ---> TOURGUIDESERVICE
getUserRewards ---> TOURGUIDESERVICE
getUserRewards ---> TOURGUIDESERVICE
getUserRewards ---> TOURGUIDESERVICE
getUserRewards ---> TOURGUIDESERVICE
getUserRewards ---> TOURGUIDESERVICE
getUserRewards ---> TOURGUIDESERVICE
getUserRewards ---> TOURGUIDESERVICE
getUserRewards ---> TOURGUIDESERVICE
getUserRewards ---> TOURGUIDESERVICE
getUserRewards ---> TOURGUIDESERVICE
getUserRewards ---> TOURGUIDESERVICE
getUserRewards ---> TOURGUIDESERVICE
getUserRewards ---> TOURGUIDESERVICE
getUserRewards ---> TOURGUIDESERVICE
getUserRewards ---> TOURGUIDESERVICE
getUserRewards ---> TOURGUIDESERVICE
getUserRewards ---> TOURGUIDESERVICE
getUserRewards ---> TOURGUIDESERVICE
getUserRewards ---> TOURGUIDESERVICE
getUserRewards ---> TOURGUIDESERVICE
getUserRewards ---> TOURGUIDESERVICE
getUserRewards ---> TOURGUIDESERVICE
getUserRewards ---> TOURGUIDESERVICE
getUserRewards ---> TOURGUIDESERVICE
getUserRewards ---> TOURGUIDESERVICE
getUserRewards ---> TOURGUIDESERVICE
getUserRewards ---> TOURGUIDESERVICE
getUserRewards ---> TOURGUIDESERVICE
getUserRewards ---> TOURGUIDESERVICE
getUserRewards ---> TOURGUIDESERVICE
getUserRewards ---> TOURGUIDESERVICE
getUserRewards ---> TOURGUIDESERVICE
getUserRewards ---> TOURGUIDESERVICE
getUserRewards ---> TOURGUIDESERVICE
getUserRewards ---> TOURGUIDESERVICE
getUserRewards ---> TOURGUIDESERVICE
getUserRewards ---> TOURGUIDESERVICE
getUserRewards ---> TOURGUIDESERVICE
getUserRewards ---> TOURGUIDESERVICE
getUserRewards ---> TOURGUIDESERVICE
getUserRewards ---> TOURGUIDESERVICE
getUserRewards ---> TOURGUIDESERVICE
getUserRewards ---> TOURGUIDESERVICE
getUserRewards ---> TOURGUIDESERVICE
getUserRewards ---> TOURGUIDESERVICE
getUserRewards ---> TOURGUIDESERVICE
getUserRewards ---> TOURGUIDESERVICE
getUserRewards ---> TOURGUIDESERVICE
getUserRewards ---> TOURGUIDESERVICE
getUserRewards ---> TOURGUIDESERVICE
getUserRewards ---> TOURGUIDESERVICE
getUserRewards ---> TOURGUIDESERVICE
getUserRewards ---> TOURGUIDESERVICE
getUserRewards ---> TOURGUIDESERVICE
getUserRewards ---> TOURGUIDESERVICE
getUserRewards ---> TOURGUIDESERVICE
getUserRewards ---> TOURGUIDESERVICE
getUserRewards ---> TOURGUIDESERVICE
getUserRewards ---> TOURGUIDESERVICE
getUserRewards ---> TOURGUIDESERVICE
getUserRewards ---> TOURGUIDESERVICE
getUserRewards ---> TOURGUIDESERVICE
getUserRewards ---> TOURGUIDESERVICE
getUserRewards ---> TOURGUIDESERVICE
getUserRewards ---> TOURGUIDESERVICE
getUserRewards ---> TOURGUIDESERVICE
getUserRewards ---> TOURGUIDESERVICE
getUserRewards ---> TOURGUIDESERVICE
getUserRewards ---> TOURGUIDESERVICE
getUserRewards ---> TOURGUIDESERVICE
getUserRewards ---> TOURGUIDESERVICE
getUserRewards ---> TOURGUIDESERVICE
getUserRewards ---> TOURGUIDESERVICE
getUserRewards ---> TOURGUIDESERVICE
getUserRewards ---> TOURGUIDESERVICE
getUserRewards ---> TOURGUIDESERVICE
getUserRewards ---> TOURGUIDESERVICE
getUserRewards ---> TOURGUIDESERVICE
getUserRewards ---> TOURGUIDESERVICE
getUserRewards ---> TOURGUIDESERVICE
getUserRewards ---> TOURGUIDESERVICE
getUserRewards ---> TOURGUIDESERVICE
getUserRewards ---> TOURGUIDESERVICE
getUserRewards ---> TOURGUIDESERVICE
getUserRewards ---> TOURGUIDESERVICE
getUserRewards ---> TOURGUIDESERVICE
getUserRewards ---> TOURGUIDESERVICE
getUserRewards ---> TOURGUIDESERVICE
getUserRewards ---> TOURGUIDESERVICE
getUserRewards ---> TOURGUIDESERVICE
getUserRewards ---> TOURGUIDESERVICE
getUserRewards ---> TOURGUIDESERVICE
getUserRewards ---> TOURGUIDESERVICE
getUserRewards ---> TOURGUIDESERVICE
getUserRewards ---> TOURGUIDESERVICE
getUserRewards ---> TOURGUIDESERVICE
getUserRewards ---> TOURGUIDESERVICE
getUserRewards ---> TOURGUIDESERVICE
getUserRewards ---> TOURGUIDESERVICE
getUserRewards ---> TOURGUIDESERVICE
getUserRewards ---> TOURGUIDESERVICE
getUserRewards ---> TOURGUIDESERVICE
getUserRewards ---> TOURGUIDESERVICE
getUserRewards ---> TOURGUIDESERVICE
getUserRewards ---> TOURGUIDESERVICE
getUserRewards ---> TOURGUIDESERVICE
getUserRewards ---> TOURGUIDESERVICE
getUserRewards ---> TOURGUIDESERVICE
getUserRewards ---> TOURGUIDESERVICE
getUserRewards ---> TOURGUIDESERVICE
getUserRewards ---> TOURGUIDESERVICE
getUserRewards ---> TOURGUIDESERVICE
getUserRewards ---> TOURGUIDESERVICE
getUserRewards ---> TOURGUIDESERVICE
getUserRewards ---> TOURGUIDESERVICE
getUserRewards ---> TOURGUIDESERVICE
getUserRewards ---> TOURGUIDESERVICE
getUserRewards ---> TOURGUIDESERVICE
getUserRewards ---> TOURGUIDESERVICE
getUserRewards ---> TOURGUIDESERVICE
getUserRewards ---> TOURGUIDESERVICE
getUserRewards ---> TOURGUIDESERVICE
getUserRewards ---> TOURGUIDESERVICE
getUserRewards ---> TOURGUIDESERVICE
getUserRewards ---> TOURGUIDESERVICE
getUserRewards ---> TOURGUIDESERVICE
getUserRewards ---> TOURGUIDESERVICE
getUserRewards ---> TOURGUIDESERVICE
getUserRewards ---> TOURGUIDESERVICE
getUserRewards ---> TOURGUIDESERVICE
getUserRewards ---> TOURGUIDESERVICE
getUserRewards ---> TOURGUIDESERVICE
getUserRewards ---> TOURGUIDESERVICE
getUserRewards ---> TOURGUIDESERVICE
getUserRewards ---> TOURGUIDESERVICE
getUserRewards ---> TOURGUIDESERVICE
getUserRewards ---> TOURGUIDESERVICE
getUserRewards ---> TOURGUIDESERVICE
getUserRewards ---> TOURGUIDESERVICE
getUserRewards ---> TOURGUIDESERVICE
getUserRewards ---> TOURGUIDESERVICE
getUserRewards ---> TOURGUIDESERVICE
getUserRewards ---> TOURGUIDESERVICE
getUserRewards ---> TOURGUIDESERVICE
getUserRewards ---> TOURGUIDESERVICE
getUserRewards ---> TOURGUIDESERVICE
getUserRewards ---> TOURGUIDESERVICE
getUserRewards ---> TOURGUIDESERVICE
getUserRewards ---> TOURGUIDESERVICE
getUserRewards ---> TOURGUIDESERVICE
getUserRewards ---> TOURGUIDESERVICE
getUserRewards ---> TOURGUIDESERVICE
getUserRewards ---> TOURGUIDESERVICE
getUserRewards ---> TOURGUIDESERVICE
getUserRewards ---> TOURGUIDESERVICE
getUserRewards ---> TOURGUIDESERVICE
getUserRewards ---> TOURGUIDESERVICE
getUserRewards ---> TOURGUIDESERVICE
getUserRewards ---> TOURGUIDESERVICE
getUserRewards ---> TOURGUIDESERVICE
getUserRewards ---> TOURGUIDESERVICE
getUserRewards ---> TOURGUIDESERVICE
getUserRewards ---> TOURGUIDESERVICE
getUserRewards ---> TOURGUIDESERVICE
getUserRewards ---> TOURGUIDESERVICE
getUserRewards ---> TOURGUIDESERVICE
getUserRewards ---> TOURGUIDESERVICE
getUserRewards ---> TOURGUIDESERVICE
getUserRewards ---> TOURGUIDESERVICE
getUserRewards ---> TOURGUIDESERVICE
getUserRewards ---> TOURGUIDESERVICE
getUserRewards ---> TOURGUIDESERVICE
getUserRewards ---> TOURGUIDESERVICE
getUserRewards ---> TOURGUIDESERVICE
getUserRewards ---> TOURGUIDESERVICE
getUserRewards ---> TOURGUIDESERVICE
getUserRewards ---> TOURGUIDESERVICE
getUserRewards ---> TOURGUIDESERVICE
getUserRewards ---> TOURGUIDESERVICE
getUserRewards ---> TOURGUIDESERVICE
getUserRewards ---> TOURGUIDESERVICE
getUserRewards ---> TOURGUIDESERVICE
getUserRewards ---> TOURGUIDESERVICE
getUserRewards ---> TOURGUIDESERVICE
getUserRewards ---> TOURGUIDESERVICE
getUserRewards ---> TOURGUIDESERVICE
getUserRewards ---> TOURGUIDESERVICE
getUserRewards ---> TOURGUIDESERVICE
getUserRewards ---> TOURGUIDESERVICE
getUserRewards ---> TOURGUIDESERVICE
getUserRewards ---> TOURGUIDESERVICE
getUserRewards ---> TOURGUIDESERVICE
getUserRewards ---> TOURGUIDESERVICE
getUserRewards ---> TOURGUIDESERVICE
getUserRewards ---> TOURGUIDESERVICE
getUserRewards ---> TOURGUIDESERVICE
getUserRewards ---> TOURGUIDESERVICE
getUserRewards ---> TOURGUIDESERVICE
getUserRewards ---> TOURGUIDESERVICE
getUserRewards ---> TOURGUIDESERVICE
getUserRewards ---> TOURGUIDESERVICE
getUserRewards ---> TOURGUIDESERVICE
getUserRewards ---> TOURGUIDESERVICE
getUserRewards ---> TOURGUIDESERVICE
getUserRewards ---> TOURGUIDESERVICE
getUserRewards ---> TOURGUIDESERVICE
getUserRewards ---> TOURGUIDESERVICE
getUserRewards ---> TOURGUIDESERVICE
getUserRewards ---> TOURGUIDESERVICE
getUserRewards ---> TOURGUIDESERVICE
getUserRewards ---> TOURGUIDESERVICE
getUserRewards ---> TOURGUIDESERVICE
getUserRewards ---> TOURGUIDESERVICE
getUserRewards ---> TOURGUIDESERVICE
getUserRewards ---> TOURGUIDESERVICE
getUserRewards ---> TOURGUIDESERVICE
getUserRewards ---> TOURGUIDESERVICE
getUserRewards ---> TOURGUIDESERVICE
getUserRewards ---> TOURGUIDESERVICE
getUserRewards ---> TOURGUIDESERVICE
getUserRewards ---> TOURGUIDESERVICE
getUserRewards ---> TOURGUIDESERVICE
getUserRewards ---> TOURGUIDESERVICE
getUserRewards ---> TOURGUIDESERVICE
getUserRewards ---> TOURGUIDESERVICE
getUserRewards ---> TOURGUIDESERVICE
getUserRewards ---> TOURGUIDESERVICE
getUserRewards ---> TOURGUIDESERVICE
getUserRewards ---> TOURGUIDESERVICE
getUserRewards ---> TOURGUIDESERVICE
getUserRewards ---> TOURGUIDESERVICE
getUserRewards ---> TOURGUIDESERVICE
getUserRewards ---> TOURGUIDESERVICE
getUserRewards ---> TOURGUIDESERVICE
getUserRewards ---> TOURGUIDESERVICE
getUserRewards ---> TOURGUIDESERVICE
getUserRewards ---> TOURGUIDESERVICE
getUserRewards ---> TOURGUIDESERVICE
getUserRewards ---> TOURGUIDESERVICE
getUserRewards ---> TOURGUIDESERVICE
getUserRewards ---> TOURGUIDESERVICE
getUserRewards ---> TOURGUIDESERVICE
getUserRewards ---> TOURGUIDESERVICE
getUserRewards ---> TOURGUIDESERVICE
getUserRewards ---> TOURGUIDESERVICE
getUserRewards ---> TOURGUIDESERVICE
getUserRewards ---> TOURGUIDESERVICE
getUserRewards ---> TOURGUIDESERVICE
getUserRewards ---> TOURGUIDESERVICE
getUserRewards ---> TOURGUIDESERVICE
getUserRewards ---> TOURGUIDESERVICE
getUserRewards ---> TOURGUIDESERVICE
getUserRewards ---> TOURGUIDESERVICE
getUserRewards ---> TOURGUIDESERVICE
getUserRewards ---> TOURGUIDESERVICE
getUserRewards ---> TOURGUIDESERVICE
getUserRewards ---> TOURGUIDESERVICE
getUserRewards ---> TOURGUIDESERVICE
getUserRewards ---> TOURGUIDESERVICE
getUserRewards ---> TOURGUIDESERVICE
getUserRewards ---> TOURGUIDESERVICE
getUserRewards ---> TOURGUIDESERVICE
getUserRewards ---> TOURGUIDESERVICE
getUserRewards ---> TOURGUIDESERVICE
getUserRewards ---> TOURGUIDESERVICE
getUserRewards ---> TOURGUIDESERVICE
getUserRewards ---> TOURGUIDESERVICE
getUserRewards ---> TOURGUIDESERVICE
getUserRewards ---> TOURGUIDESERVICE
getUserRewards ---> TOURGUIDESERVICE
getUserRewards ---> TOURGUIDESERVICE
getUserRewards ---> TOURGUIDESERVICE
getUserRewards ---> TOURGUIDESERVICE
getUserRewards ---> TOURGUIDESERVICE
getUserRewards ---> TOURGUIDESERVICE
getUserRewards ---> TOURGUIDESERVICE
getUserRewards ---> TOURGUIDESERVICE
getUserRewards ---> TOURGUIDESERVICE
getUserRewards ---> TOURGUIDESERVICE
getUserRewards ---> TOURGUIDESERVICE
getUserRewards ---> TOURGUIDESERVICE
getUserRewards ---> TOURGUIDESERVICE
getUserRewards ---> TOURGUIDESERVICE
getUserRewards ---> TOURGUIDESERVICE
getUserRewards ---> TOURGUIDESERVICE
getUserRewards ---> TOURGUIDESERVICE
getUserRewards ---> TOURGUIDESERVICE
getUserRewards ---> TOURGUIDESERVICE
getUserRewards ---> TOURGUIDESERVICE
getUserRewards ---> TOURGUIDESERVICE
getUserRewards ---> TOURGUIDESERVICE
getUserRewards ---> TOURGUIDESERVICE
getUserRewards ---> TOURGUIDESERVICE
getUserRewards ---> TOURGUIDESERVICE
getUserRewards ---> TOURGUIDESERVICE
getUserRewards ---> TOURGUIDESERVICE
getUserRewards ---> TOURGUIDESERVICE
getUserRewards ---> TOURGUIDESERVICE
getUserRewards ---> TOURGUIDESERVICE
getUserRewards ---> TOURGUIDESERVICE
getUserRewards ---> TOURGUIDESERVICE
getUserRewards ---> TOURGUIDESERVICE
getUserRewards ---> TOURGUIDESERVICE
getUserRewards ---> TOURGUIDESERVICE
getUserRewards ---> TOURGUIDESERVICE
getUserRewards ---> TOURGUIDESERVICE
getUserRewards ---> TOURGUIDESERVICE
getUserRewards ---> TOURGUIDESERVICE
getUserRewards ---> TOURGUIDESERVICE
getUserRewards ---> TOURGUIDESERVICE
getUserRewards ---> TOURGUIDESERVICE
getUserRewards ---> TOURGUIDESERVICE
getUserRewards ---> TOURGUIDESERVICE
getUserRewards ---> TOURGUIDESERVICE
getUserRewards ---> TOURGUIDESERVICE
getUserRewards ---> TOURGUIDESERVICE
getUserRewards ---> TOURGUIDESERVICE
getUserRewards ---> TOURGUIDESERVICE
getUserRewards ---> TOURGUIDESERVICE
getUserRewards ---> TOURGUIDESERVICE
getUserRewards ---> TOURGUIDESERVICE
getUserRewards ---> TOURGUIDESERVICE
getUserRewards ---> TOURGUIDESERVICE
getUserRewards ---> TOURGUIDESERVICE
getUserRewards ---> TOURGUIDESERVICE
getUserRewards ---> TOURGUIDESERVICE
getUserRewards ---> TOURGUIDESERVICE
getUserRewards ---> TOURGUIDESERVICE
getUserRewards ---> TOURGUIDESERVICE
getUserRewards ---> TOURGUIDESERVICE
getUserRewards ---> TOURGUIDESERVICE
getUserRewards ---> TOURGUIDESERVICE
getUserRewards ---> TOURGUIDESERVICE
getUserRewards ---> TOURGUIDESERVICE
getUserRewards ---> TOURGUIDESERVICE
getUserRewards ---> TOURGUIDESERVICE
getUserRewards ---> TOURGUIDESERVICE
getUserRewards ---> TOURGUIDESERVICE
getUserRewards ---> TOURGUIDESERVICE
getUserRewards ---> TOURGUIDESERVICE
getUserRewards ---> TOURGUIDESERVICE
getUserRewards ---> TOURGUIDESERVICE
getUserRewards ---> TOURGUIDESERVICE
getUserRewards ---> TOURGUIDESERVICE
getUserRewards ---> TOURGUIDESERVICE
getUserRewards ---> TOURGUIDESERVICE
getUserRewards ---> TOURGUIDESERVICE
getUserRewards ---> TOURGUIDESERVICE
getUserRewards ---> TOURGUIDESERVICE
getUserRewards ---> TOURGUIDESERVICE
getUserRewards ---> TOURGUIDESERVICE
getUserRewards ---> TOURGUIDESERVICE
getUserRewards ---> TOURGUIDESERVICE
getUserRewards ---> TOURGUIDESERVICE
getUserRewards ---> TOURGUIDESERVICE
getUserRewards ---> TOURGUIDESERVICE
getUserRewards ---> TOURGUIDESERVICE
getUserRewards ---> TOURGUIDESERVICE
getUserRewards ---> TOURGUIDESERVICE
getUserRewards ---> TOURGUIDESERVICE
getUserRewards ---> TOURGUIDESERVICE
getUserRewards ---> TOURGUIDESERVICE
getUserRewards ---> TOURGUIDESERVICE
getUserRewards ---> TOURGUIDESERVICE
getUserRewards ---> TOURGUIDESERVICE
getUserRewards ---> TOURGUIDESERVICE
getUserRewards ---> TOURGUIDESERVICE
getUserRewards ---> TOURGUIDESERVICE
getUserRewards ---> TOURGUIDESERVICE
getUserRewards ---> TOURGUIDESERVICE
getUserRewards ---> TOURGUIDESERVICE
getUserRewards ---> TOURGUIDESERVICE
getUserRewards ---> TOURGUIDESERVICE
getUserRewards ---> TOURGUIDESERVICE
getUserRewards ---> TOURGUIDESERVICE
getUserRewards ---> TOURGUIDESERVICE
getUserRewards ---> TOURGUIDESERVICE
getUserRewards ---> TOURGUIDESERVICE
getUserRewards ---> TOURGUIDESERVICE
getUserRewards ---> TOURGUIDESERVICE
getUserRewards ---> TOURGUIDESERVICE
getUserRewards ---> TOURGUIDESERVICE
getUserRewards ---> TOURGUIDESERVICE
getUserRewards ---> TOURGUIDESERVICE
getUserRewards ---> TOURGUIDESERVICE
getUserRewards ---> TOURGUIDESERVICE
getUserRewards ---> TOURGUIDESERVICE
getUserRewards ---> TOURGUIDESERVICE
getUserRewards ---> TOURGUIDESERVICE
getUserRewards ---> TOURGUIDESERVICE
getUserRewards ---> TOURGUIDESERVICE
getUserRewards ---> TOURGUIDESERVICE
getUserRewards ---> TOURGUIDESERVICE
getUserRewards ---> TOURGUIDESERVICE
getUserRewards ---> TOURGUIDESERVICE
getUserRewards ---> TOURGUIDESERVICE
getUserRewards ---> TOURGUIDESERVICE
getUserRewards ---> TOURGUIDESERVICE
getUserRewards ---> TOURGUIDESERVICE
getUserRewards ---> TOURGUIDESERVICE
getUserRewards ---> TOURGUIDESERVICE
getUserRewards ---> TOURGUIDESERVICE
getUserRewards ---> TOURGUIDESERVICE
getUserRewards ---> TOURGUIDESERVICE
getUserRewards ---> TOURGUIDESERVICE
getUserRewards ---> TOURGUIDESERVICE
getUserRewards ---> TOURGUIDESERVICE
getUserRewards ---> TOURGUIDESERVICE
getUserRewards ---> TOURGUIDESERVICE
getUserRewards ---> TOURGUIDESERVICE
getUserRewards ---> TOURGUIDESERVICE
getUserRewards ---> TOURGUIDESERVICE
getUserRewards ---> TOURGUIDESERVICE
getUserRewards ---> TOURGUIDESERVICE
getUserRewards ---> TOURGUIDESERVICE
getUserRewards ---> TOURGUIDESERVICE
getUserRewards ---> TOURGUIDESERVICE
getUserRewards ---> TOURGUIDESERVICE
getUserRewards ---> TOURGUIDESERVICE
getUserRewards ---> TOURGUIDESERVICE
getUserRewards ---> TOURGUIDESERVICE
getUserRewards ---> TOURGUIDESERVICE
getUserRewards ---> TOURGUIDESERVICE
getUserRewards ---> TOURGUIDESERVICE
getUserRewards ---> TOURGUIDESERVICE
getUserRewards ---> TOURGUIDESERVICE
getUserRewards ---> TOURGUIDESERVICE
getUserRewards ---> TOURGUIDESERVICE
getUserRewards ---> TOURGUIDESERVICE
getUserRewards ---> TOURGUIDESERVICE
getUserRewards ---> TOURGUIDESERVICE
getUserRewards ---> TOURGUIDESERVICE
getUserRewards ---> TOURGUIDESERVICE
getUserRewards ---> TOURGUIDESERVICE
getUserRewards ---> TOURGUIDESERVICE
getUserRewards ---> TOURGUIDESERVICE
getUserRewards ---> TOURGUIDESERVICE
getUserRewards ---> TOURGUIDESERVICE
getUserRewards ---> TOURGUIDESERVICE
getUserRewards ---> TOURGUIDESERVICE
getUserRewards ---> TOURGUIDESERVICE
getUserRewards ---> TOURGUIDESERVICE
getUserRewards ---> TOURGUIDESERVICE
getUserRewards ---> TOURGUIDESERVICE
getUserRewards ---> TOURGUIDESERVICE
getUserRewards ---> TOURGUIDESERVICE
getUserRewards ---> TOURGUIDESERVICE
getUserRewards ---> TOURGUIDESERVICE
getUserRewards ---> TOURGUIDESERVICE
getUserRewards ---> TOURGUIDESERVICE
getUserRewards ---> TOURGUIDESERVICE
getUserRewards ---> TOURGUIDESERVICE
getUserRewards ---> TOURGUIDESERVICE
getUserRewards ---> TOURGUIDESERVICE
getUserRewards ---> TOURGUIDESERVICE
getUserRewards ---> TOURGUIDESERVICE
getUserRewards ---> TOURGUIDESERVICE
getUserRewards ---> TOURGUIDESERVICE
getUserRewards ---> TOURGUIDESERVICE
getUserRewards ---> TOURGUIDESERVICE
getUserRewards ---> TOURGUIDESERVICE
getUserRewards ---> TOURGUIDESERVICE
getUserRewards ---> TOURGUIDESERVICE
getUserRewards ---> TOURGUIDESERVICE
getUserRewards ---> TOURGUIDESERVICE
getUserRewards ---> TOURGUIDESERVICE
getUserRewards ---> TOURGUIDESERVICE
getUserRewards ---> TOURGUIDESERVICE
getUserRewards ---> TOURGUIDESERVICE
getUserRewards ---> TOURGUIDESERVICE
getUserRewards ---> TOURGUIDESERVICE
getUserRewards ---> TOURGUIDESERVICE
getUserRewards ---> TOURGUIDESERVICE
getUserRewards ---> TOURGUIDESERVICE
getUserRewards ---> TOURGUIDESERVICE
getUserRewards ---> TOURGUIDESERVICE
getUserRewards ---> TOURGUIDESERVICE
getUserRewards ---> TOURGUIDESERVICE
getUserRewards ---> TOURGUIDESERVICE
getUserRewards ---> TOURGUIDESERVICE
getUserRewards ---> TOURGUIDESERVICE
getUserRewards ---> TOURGUIDESERVICE
getUserRewards ---> TOURGUIDESERVICE
getUserRewards ---> TOURGUIDESERVICE
getUserRewards ---> TOURGUIDESERVICE
getUserRewards ---> TOURGUIDESERVICE
getUserRewards ---> TOURGUIDESERVICE
getUserRewards ---> TOURGUIDESERVICE
getUserRewards ---> TOURGUIDESERVICE
getUserRewards ---> TOURGUIDESERVICE
getUserRewards ---> TOURGUIDESERVICE
getUserRewards ---> TOURGUIDESERVICE
getUserRewards ---> TOURGUIDESERVICE
getUserRewards ---> TOURGUIDESERVICE
getUserRewards ---> TOURGUIDESERVICE
getUserRewards ---> TOURGUIDESERVICE
getUserRewards ---> TOURGUIDESERVICE
getUserRewards ---> TOURGUIDESERVICE
getUserRewards ---> TOURGUIDESERVICE
getUserRewards ---> TOURGUIDESERVICE
getUserRewards ---> TOURGUIDESERVICE
getUserRewards ---> TOURGUIDESERVICE
getUserRewards ---> TOURGUIDESERVICE
getUserRewards ---> TOURGUIDESERVICE
getUserRewards ---> TOURGUIDESERVICE
getUserRewards ---> TOURGUIDESERVICE
getUserRewards ---> TOURGUIDESERVICE
getUserRewards ---> TOURGUIDESERVICE
getUserRewards ---> TOURGUIDESERVICE
getUserRewards ---> TOURGUIDESERVICE
getUserRewards ---> TOURGUIDESERVICE
getUserRewards ---> TOURGUIDESERVICE
getUserRewards ---> TOURGUIDESERVICE
getUserRewards ---> TOURGUIDESERVICE
getUserRewards ---> TOURGUIDESERVICE
getUserRewards ---> TOURGUIDESERVICE
getUserRewards ---> TOURGUIDESERVICE
getUserRewards ---> TOURGUIDESERVICE
getUserRewards ---> TOURGUIDESERVICE
getUserRewards ---> TOURGUIDESERVICE
getUserRewards ---> TOURGUIDESERVICE
getUserRewards ---> TOURGUIDESERVICE
getUserRewards ---> TOURGUIDESERVICE
getUserRewards ---> TOURGUIDESERVICE
getUserRewards ---> TOURGUIDESERVICE
getUserRewards ---> TOURGUIDESERVICE
getUserRewards ---> TOURGUIDESERVICE
getUserRewards ---> TOURGUIDESERVICE
getUserRewards ---> TOURGUIDESERVICE
getUserRewards ---> TOURGUIDESERVICE
getUserRewards ---> TOURGUIDESERVICE
getUserRewards ---> TOURGUIDESERVICE
getUserRewards ---> TOURGUIDESERVICE
getUserRewards ---> TOURGUIDESERVICE
getUserRewards ---> TOURGUIDESERVICE
getUserRewards ---> TOURGUIDESERVICE
getUserRewards ---> TOURGUIDESERVICE
getUserRewards ---> TOURGUIDESERVICE
getUserRewards ---> TOURGUIDESERVICE
getUserRewards ---> TOURGUIDESERVICE
getUserRewards ---> TOURGUIDESERVICE
getUserRewards ---> TOURGUIDESERVICE
getUserRewards ---> TOURGUIDESERVICE
getUserRewards ---> TOURGUIDESERVICE
getUserRewards ---> TOURGUIDESERVICE
getUserRewards ---> TOURGUIDESERVICE
getUserRewards ---> TOURGUIDESERVICE
getUserRewards ---> TOURGUIDESERVICE
getUserRewards ---> TOURGUIDESERVICE
getUserRewards ---> TOURGUIDESERVICE
getUserRewards ---> TOURGUIDESERVICE
getUserRewards ---> TOURGUIDESERVICE
getUserRewards ---> TOURGUIDESERVICE
getUserRewards ---> TOURGUIDESERVICE
getUserRewards ---> TOURGUIDESERVICE
getUserRewards ---> TOURGUIDESERVICE
getUserRewards ---> TOURGUIDESERVICE
getUserRewards ---> TOURGUIDESERVICE
getUserRewards ---> TOURGUIDESERVICE
getUserRewards ---> TOURGUIDESERVICE
getUserRewards ---> TOURGUIDESERVICE
getUserRewards ---> TOURGUIDESERVICE
getUserRewards ---> TOURGUIDESERVICE
getUserRewards ---> TOURGUIDESERVICE
getUserRewards ---> TOURGUIDESERVICE
getUserRewards ---> TOURGUIDESERVICE
getUserRewards ---> TOURGUIDESERVICE
getUserRewards ---> TOURGUIDESERVICE
getUserRewards ---> TOURGUIDESERVICE
getUserRewards ---> TOURGUIDESERVICE
getUserRewards ---> TOURGUIDESERVICE
getUserRewards ---> TOURGUIDESERVICE
getUserRewards ---> TOURGUIDESERVICE
getUserRewards ---> TOURGUIDESERVICE
getUserRewards ---> TOURGUIDESERVICE
getUserRewards ---> TOURGUIDESERVICE
getUserRewards ---> TOURGUIDESERVICE
getUserRewards ---> TOURGUIDESERVICE
getUserRewards ---> TOURGUIDESERVICE
getUserRewards ---> TOURGUIDESERVICE
getUserRewards ---> TOURGUIDESERVICE
getUserRewards ---> TOURGUIDESERVICE
getUserRewards ---> TOURGUIDESERVICE
getUserRewards ---> TOURGUIDESERVICE
getUserRewards ---> TOURGUIDESERVICE
getUserRewards ---> TOURGUIDESERVICE
getUserRewards ---> TOURGUIDESERVICE
getUserRewards ---> TOURGUIDESERVICE
getUserRewards ---> TOURGUIDESERVICE
getUserRewards ---> TOURGUIDESERVICE
getUserRewards ---> TOURGUIDESERVICE
getUserRewards ---> TOURGUIDESERVICE
getUserRewards ---> TOURGUIDESERVICE
getUserRewards ---> TOURGUIDESERVICE
getUserRewards ---> TOURGUIDESERVICE
getUserRewards ---> TOURGUIDESERVICE
getUserRewards ---> TOURGUIDESERVICE
getUserRewards ---> TOURGUIDESERVICE
getUserRewards ---> TOURGUIDESERVICE
getUserRewards ---> TOURGUIDESERVICE
getUserRewards ---> TOURGUIDESERVICE
getUserRewards ---> TOURGUIDESERVICE
getUserRewards ---> TOURGUIDESERVICE
getUserRewards ---> TOURGUIDESERVICE
getUserRewards ---> TOURGUIDESERVICE
getUserRewards ---> TOURGUIDESERVICE
getUserRewards ---> TOURGUIDESERVICE
getUserRewards ---> TOURGUIDESERVICE
getUserRewards ---> TOURGUIDESERVICE
getUserRewards ---> TOURGUIDESERVICE
getUserRewards ---> TOURGUIDESERVICE
getUserRewards ---> TOURGUIDESERVICE
getUserRewards ---> TOURGUIDESERVICE
getUserRewards ---> TOURGUIDESERVICE
getUserRewards ---> TOURGUIDESERVICE
getUserRewards ---> TOURGUIDESERVICE
getUserRewards ---> TOURGUIDESERVICE
getUserRewards ---> TOURGUIDESERVICE
getUserRewards ---> TOURGUIDESERVICE
getUserRewards ---> TOURGUIDESERVICE
getUserRewards ---> TOURGUIDESERVICE
getUserRewards ---> TOURGUIDESERVICE
getUserRewards ---> TOURGUIDESERVICE
getUserRewards ---> TOURGUIDESERVICE
getUserRewards ---> TOURGUIDESERVICE
getUserRewards ---> TOURGUIDESERVICE
getUserRewards ---> TOURGUIDESERVICE
getUserRewards ---> TOURGUIDESERVICE
getUserRewards ---> TOURGUIDESERVICE
getUserRewards ---> TOURGUIDESERVICE
getUserRewards ---> TOURGUIDESERVICE
getUserRewards ---> TOURGUIDESERVICE
getUserRewards ---> TOURGUIDESERVICE
getUserRewards ---> TOURGUIDESERVICE
getUserRewards ---> TOURGUIDESERVICE
getUserRewards ---> TOURGUIDESERVICE
getUserRewards ---> TOURGUIDESERVICE
getUserRewards ---> TOURGUIDESERVICE
getUserRewards ---> TOURGUIDESERVICE
getUserRewards ---> TOURGUIDESERVICE
getUserRewards ---> TOURGUIDESERVICE
getUserRewards ---> TOURGUIDESERVICE
getUserRewards ---> TOURGUIDESERVICE
getUserRewards ---> TOURGUIDESERVICE
getUserRewards ---> TOURGUIDESERVICE
getUserRewards ---> TOURGUIDESERVICE
getUserRewards ---> TOURGUIDESERVICE
getUserRewards ---> TOURGUIDESERVICE
getUserRewards ---> TOURGUIDESERVICE
getUserRewards ---> TOURGUIDESERVICE
getUserRewards ---> TOURGUIDESERVICE
getUserRewards ---> TOURGUIDESERVICE
getUserRewards ---> TOURGUIDESERVICE
getUserRewards ---> TOURGUIDESERVICE
getUserRewards ---> TOURGUIDESERVICE
getUserRewards ---> TOURGUIDESERVICE
getUserRewards ---> TOURGUIDESERVICE
getUserRewards ---> TOURGUIDESERVICE
getUserRewards ---> TOURGUIDESERVICE
getUserRewards ---> TOURGUIDESERVICE
getUserRewards ---> TOURGUIDESERVICE
getUserRewards ---> TOURGUIDESERVICE
getUserRewards ---> TOURGUIDESERVICE
getUserRewards ---> TOURGUIDESERVICE
getUserRewards ---> TOURGUIDESERVICE
getUserRewards ---> TOURGUIDESERVICE
getUserRewards ---> TOURGUIDESERVICE
getUserRewards ---> TOURGUIDESERVICE
getUserRewards ---> TOURGUIDESERVICE
getUserRewards ---> TOURGUIDESERVICE
getUserRewards ---> TOURGUIDESERVICE
getUserRewards ---> TOURGUIDESERVICE
getUserRewards ---> TOURGUIDESERVICE
getUserRewards ---> TOURGUIDESERVICE
getUserRewards ---> TOURGUIDESERVICE
getUserRewards ---> TOURGUIDESERVICE
getUserRewards ---> TOURGUIDESERVICE
getUserRewards ---> TOURGUIDESERVICE
getUserRewards ---> TOURGUIDESERVICE
getUserRewards ---> TOURGUIDESERVICE
getUserRewards ---> TOURGUIDESERVICE
getUserRewards ---> TOURGUIDESERVICE
getUserRewards ---> TOURGUIDESERVICE
getUserRewards ---> TOURGUIDESERVICE
getUserRewards ---> TOURGUIDESERVICE
getUserRewards ---> TOURGUIDESERVICE
getUserRewards ---> TOURGUIDESERVICE
getUserRewards ---> TOURGUIDESERVICE
getUserRewards ---> TOURGUIDESERVICE
getUserRewards ---> TOURGUIDESERVICE
getUserRewards ---> TOURGUIDESERVICE
getUserRewards ---> TOURGUIDESERVICE
getUserRewards ---> TOURGUIDESERVICE
getUserRewards ---> TOURGUIDESERVICE
getUserRewards ---> TOURGUIDESERVICE
getUserRewards ---> TOURGUIDESERVICE
getUserRewards ---> TOURGUIDESERVICE
getUserRewards ---> TOURGUIDESERVICE
getUserRewards ---> TOURGUIDESERVICE
getUserRewards ---> TOURGUIDESERVICE
getUserRewards ---> TOURGUIDESERVICE
getUserRewards ---> TOURGUIDESERVICE
getUserRewards ---> TOURGUIDESERVICE
getUserRewards ---> TOURGUIDESERVICE
getUserRewards ---> TOURGUIDESERVICE
getUserRewards ---> TOURGUIDESERVICE
getUserRewards ---> TOURGUIDESERVICE
getUserRewards ---> TOURGUIDESERVICE
getUserRewards ---> TOURGUIDESERVICE
getUserRewards ---> TOURGUIDESERVICE
getUserRewards ---> TOURGUIDESERVICE
getUserRewards ---> TOURGUIDESERVICE
getUserRewards ---> TOURGUIDESERVICE
getUserRewards ---> TOURGUIDESERVICE
getUserRewards ---> TOURGUIDESERVICE
getUserRewards ---> TOURGUIDESERVICE
getUserRewards ---> TOURGUIDESERVICE
getUserRewards ---> TOURGUIDESERVICE
getUserRewards ---> TOURGUIDESERVICE
getUserRewards ---> TOURGUIDESERVICE
getUserRewards ---> TOURGUIDESERVICE
getUserRewards ---> TOURGUIDESERVICE
getUserRewards ---> TOURGUIDESERVICE
getUserRewards ---> TOURGUIDESERVICE
getUserRewards ---> TOURGUIDESERVICE
getUserRewards ---> TOURGUIDESERVICE
getUserRewards ---> TOURGUIDESERVICE
getUserRewards ---> TOURGUIDESERVICE
getUserRewards ---> TOURGUIDESERVICE
getUserRewards ---> TOURGUIDESERVICE
getUserRewards ---> TOURGUIDESERVICE
getUserRewards ---> TOURGUIDESERVICE
getUserRewards ---> TOURGUIDESERVICE
getUserRewards ---> TOURGUIDESERVICE
getUserRewards ---> TOURGUIDESERVICE
getUserRewards ---> TOURGUIDESERVICE
getUserRewards ---> TOURGUIDESERVICE
getUserRewards ---> TOURGUIDESERVICE
getUserRewards ---> TOURGUIDESERVICE
getUserRewards ---> TOURGUIDESERVICE
getUserRewards ---> TOURGUIDESERVICE
getUserRewards ---> TOURGUIDESERVICE
getUserRewards ---> TOURGUIDESERVICE
getUserRewards ---> TOURGUIDESERVICE
getUserRewards ---> TOURGUIDESERVICE
getUserRewards ---> TOURGUIDESERVICE
getUserRewards ---> TOURGUIDESERVICE
getUserRewards ---> TOURGUIDESERVICE
getUserRewards ---> TOURGUIDESERVICE
getUserRewards ---> TOURGUIDESERVICE
getUserRewards ---> TOURGUIDESERVICE
getUserRewards ---> TOURGUIDESERVICE
getUserRewards ---> TOURGUIDESERVICE
getUserRewards ---> TOURGUIDESERVICE
getUserRewards ---> TOURGUIDESERVICE
getUserRewards ---> TOURGUIDESERVICE
getUserRewards ---> TOURGUIDESERVICE
getUserRewards ---> TOURGUIDESERVICE
getUserRewards ---> TOURGUIDESERVICE
getUserRewards ---> TOURGUIDESERVICE
getUserRewards ---> TOURGUIDESERVICE
getUserRewards ---> TOURGUIDESERVICE
getUserRewards ---> TOURGUIDESERVICE
getUserRewards ---> TOURGUIDESERVICE
getUserRewards ---> TOURGUIDESERVICE
getUserRewards ---> TOURGUIDESERVICE
getUserRewards ---> TOURGUIDESERVICE
getUserRewards ---> TOURGUIDESERVICE
getUserRewards ---> TOURGUIDESERVICE
getUserRewards ---> TOURGUIDESERVICE
getUserRewards ---> TOURGUIDESERVICE
getUserRewards ---> TOURGUIDESERVICE
getUserRewards ---> TOURGUIDESERVICE
getUserRewards ---> TOURGUIDESERVICE
getUserRewards ---> TOURGUIDESERVICE
getUserRewards ---> TOURGUIDESERVICE
getUserRewards ---> TOURGUIDESERVICE
getUserRewards ---> TOURGUIDESERVICE
getUserRewards ---> TOURGUIDESERVICE
getUserRewards ---> TOURGUIDESERVICE
getUserRewards ---> TOURGUIDESERVICE
getUserRewards ---> TOURGUIDESERVICE
getUserRewards ---> TOURGUIDESERVICE
getUserRewards ---> TOURGUIDESERVICE
getUserRewards ---> TOURGUIDESERVICE
getUserRewards ---> TOURGUIDESERVICE
getUserRewards ---> TOURGUIDESERVICE
getUserRewards ---> TOURGUIDESERVICE
getUserRewards ---> TOURGUIDESERVICE
getUserRewards ---> TOURGUIDESERVICE
getUserRewards ---> TOURGUIDESERVICE
getUserRewards ---> TOURGUIDESERVICE
getUserRewards ---> TOURGUIDESERVICE
getUserRewards ---> TOURGUIDESERVICE
getUserRewards ---> TOURGUIDESERVICE
getUserRewards ---> TOURGUIDESERVICE
getUserRewards ---> TOURGUIDESERVICE
getUserRewards ---> TOURGUIDESERVICE
getUserRewards ---> TOURGUIDESERVICE
getUserRewards ---> TOURGUIDESERVICE
getUserRewards ---> TOURGUIDESERVICE
getUserRewards ---> TOURGUIDESERVICE
getUserRewards ---> TOURGUIDESERVICE
getUserRewards ---> TOURGUIDESERVICE
getUserRewards ---> TOURGUIDESERVICE
getUserRewards ---> TOURGUIDESERVICE
getUserRewards ---> TOURGUIDESERVICE
getUserRewards ---> TOURGUIDESERVICE
getUserRewards ---> TOURGUIDESERVICE
getUserRewards ---> TOURGUIDESERVICE
getUserRewards ---> TOURGUIDESERVICE
getUserRewards ---> TOURGUIDESERVICE
getUserRewards ---> TOURGUIDESERVICE
getUserRewards ---> TOURGUIDESERVICE
getUserRewards ---> TOURGUIDESERVICE
getUserRewards ---> TOURGUIDESERVICE
getUserRewards ---> TOURGUIDESERVICE
getUserRewards ---> TOURGUIDESERVICE
getUserRewards ---> TOURGUIDESERVICE
getUserRewards ---> TOURGUIDESERVICE
getUserRewards ---> TOURGUIDESERVICE
getUserRewards ---> TOURGUIDESERVICE
getUserRewards ---> TOURGUIDESERVICE
getUserRewards ---> TOURGUIDESERVICE
getUserRewards ---> TOURGUIDESERVICE
getUserRewards ---> TOURGUIDESERVICE
getUserRewards ---> TOURGUIDESERVICE
getUserRewards ---> TOURGUIDESERVICE
getUserRewards ---> TOURGUIDESERVICE
getUserRewards ---> TOURGUIDESERVICE
getUserRewards ---> TOURGUIDESERVICE
getUserRewards ---> TOURGUIDESERVICE
getUserRewards ---> TOURGUIDESERVICE
getUserRewards ---> TOURGUIDESERVICE
getUserRewards ---> TOURGUIDESERVICE
getUserRewards ---> TOURGUIDESERVICE
getUserRewards ---> TOURGUIDESERVICE
getUserRewards ---> TOURGUIDESERVICE
getUserRewards ---> TOURGUIDESERVICE
getUserRewards ---> TOURGUIDESERVICE
getUserRewards ---> TOURGUIDESERVICE
getUserRewards ---> TOURGUIDESERVICE
getUserRewards ---> TOURGUIDESERVICE
getUserRewards ---> TOURGUIDESERVICE
getUserRewards ---> TOURGUIDESERVICE
getUserRewards ---> TOURGUIDESERVICE
getUserRewards ---> TOURGUIDESERVICE
getUserRewards ---> TOURGUIDESERVICE
getUserRewards ---> TOURGUIDESERVICE
getUserRewards ---> TOURGUIDESERVICE
getUserRewards ---> TOURGUIDESERVICE
getUserRewards ---> TOURGUIDESERVICE
getUserRewards ---> TOURGUIDESERVICE
getUserRewards ---> TOURGUIDESERVICE
getUserRewards ---> TOURGUIDESERVICE
getUserRewards ---> TOURGUIDESERVICE
getUserRewards ---> TOURGUIDESERVICE
getUserRewards ---> TOURGUIDESERVICE
getUserRewards ---> TOURGUIDESERVICE
getUserRewards ---> TOURGUIDESERVICE
getUserRewards ---> TOURGUIDESERVICE
getUserRewards ---> TOURGUIDESERVICE
getUserRewards ---> TOURGUIDESERVICE
getUserRewards ---> TOURGUIDESERVICE
getUserRewards ---> TOURGUIDESERVICE
getUserRewards ---> TOURGUIDESERVICE
getUserRewards ---> TOURGUIDESERVICE
getUserRewards ---> TOURGUIDESERVICE
getUserRewards ---> TOURGUIDESERVICE
getUserRewards ---> TOURGUIDESERVICE
getUserRewards ---> TOURGUIDESERVICE
getUserRewards ---> TOURGUIDESERVICE
getUserRewards ---> TOURGUIDESERVICE
getUserRewards ---> TOURGUIDESERVICE
getUserRewards ---> TOURGUIDESERVICE
getUserRewards ---> TOURGUIDESERVICE
getUserRewards ---> TOURGUIDESERVICE
getUserRewards ---> TOURGUIDESERVICE
getUserRewards ---> TOURGUIDESERVICE
getUserRewards ---> TOURGUIDESERVICE
getUserRewards ---> TOURGUIDESERVICE
getUserRewards ---> TOURGUIDESERVICE
getUserRewards ---> TOURGUIDESERVICE
getUserRewards ---> TOURGUIDESERVICE
getUserRewards ---> TOURGUIDESERVICE
getUserRewards ---> TOURGUIDESERVICE
getUserRewards ---> TOURGUIDESERVICE
getUserRewards ---> TOURGUIDESERVICE
getUserRewards ---> TOURGUIDESERVICE
getUserRewards ---> TOURGUIDESERVICE
getUserRewards ---> TOURGUIDESERVICE
getUserRewards ---> TOURGUIDESERVICE
getUserRewards ---> TOURGUIDESERVICE
getUserRewards ---> TOURGUIDESERVICE
getUserRewards ---> TOURGUIDESERVICE
getUserRewards ---> TOURGUIDESERVICE
getUserRewards ---> TOURGUIDESERVICE
getUserRewards ---> TOURGUIDESERVICE
getUserRewards ---> TOURGUIDESERVICE
getUserRewards ---> TOURGUIDESERVICE
getUserRewards ---> TOURGUIDESERVICE
getUserRewards ---> TOURGUIDESERVICE
getUserRewards ---> TOURGUIDESERVICE
getUserRewards ---> TOURGUIDESERVICE
getUserRewards ---> TOURGUIDESERVICE
getUserRewards ---> TOURGUIDESERVICE
getUserRewards ---> TOURGUIDESERVICE
getUserRewards ---> TOURGUIDESERVICE
getUserRewards ---> TOURGUIDESERVICE
getUserRewards ---> TOURGUIDESERVICE
getUserRewards ---> TOURGUIDESERVICE
getUserRewards ---> TOURGUIDESERVICE
getUserRewards ---> TOURGUIDESERVICE
getUserRewards ---> TOURGUIDESERVICE
getUserRewards ---> TOURGUIDESERVICE
getUserRewards ---> TOURGUIDESERVICE
getUserRewards ---> TOURGUIDESERVICE
getUserRewards ---> TOURGUIDESERVICE
getUserRewards ---> TOURGUIDESERVICE
getUserRewards ---> TOURGUIDESERVICE
getUserRewards ---> TOURGUIDESERVICE
getUserRewards ---> TOURGUIDESERVICE
getUserRewards ---> TOURGUIDESERVICE
getUserRewards ---> TOURGUIDESERVICE
getUserRewards ---> TOURGUIDESERVICE
getUserRewards ---> TOURGUIDESERVICE
getUserRewards ---> TOURGUIDESERVICE
getUserRewards ---> TOURGUIDESERVICE
getUserRewards ---> TOURGUIDESERVICE
getUserRewards ---> TOURGUIDESERVICE
getUserRewards ---> TOURGUIDESERVICE
getUserRewards ---> TOURGUIDESERVICE
getUserRewards ---> TOURGUIDESERVICE
getUserRewards ---> TOURGUIDESERVICE
getUserRewards ---> TOURGUIDESERVICE
getUserRewards ---> TOURGUIDESERVICE
getUserRewards ---> TOURGUIDESERVICE
getUserRewards ---> TOURGUIDESERVICE
getUserRewards ---> TOURGUIDESERVICE
getUserRewards ---> TOURGUIDESERVICE
getUserRewards ---> TOURGUIDESERVICE
getUserRewards ---> TOURGUIDESERVICE
getUserRewards ---> TOURGUIDESERVICE
getUserRewards ---> TOURGUIDESERVICE
getUserRewards ---> TOURGUIDESERVICE
getUserRewards ---> TOURGUIDESERVICE
getUserRewards ---> TOURGUIDESERVICE
getUserRewards ---> TOURGUIDESERVICE
getUserRewards ---> TOURGUIDESERVICE
getUserRewards ---> TOURGUIDESERVICE
getUserRewards ---> TOURGUIDESERVICE
getUserRewards ---> TOURGUIDESERVICE
getUserRewards ---> TOURGUIDESERVICE
getUserRewards ---> TOURGUIDESERVICE
getUserRewards ---> TOURGUIDESERVICE
getUserRewards ---> TOURGUIDESERVICE
getUserRewards ---> TOURGUIDESERVICE
getUserRewards ---> TOURGUIDESERVICE
getUserRewards ---> TOURGUIDESERVICE
getUserRewards ---> TOURGUIDESERVICE
getUserRewards ---> TOURGUIDESERVICE
getUserRewards ---> TOURGUIDESERVICE
getUserRewards ---> TOURGUIDESERVICE
getUserRewards ---> TOURGUIDESERVICE
getUserRewards ---> TOURGUIDESERVICE
getUserRewards ---> TOURGUIDESERVICE
getUserRewards ---> TOURGUIDESERVICE
getUserRewards ---> TOURGUIDESERVICE
getUserRewards ---> TOURGUIDESERVICE
getUserRewards ---> TOURGUIDESERVICE
getUserRewards ---> TOURGUIDESERVICE
getUserRewards ---> TOURGUIDESERVICE
getUserRewards ---> TOURGUIDESERVICE
getUserRewards ---> TOURGUIDESERVICE
getUserRewards ---> TOURGUIDESERVICE
getUserRewards ---> TOURGUIDESERVICE
getUserRewards ---> TOURGUIDESERVICE
getUserRewards ---> TOURGUIDESERVICE
getUserRewards ---> TOURGUIDESERVICE
getUserRewards ---> TOURGUIDESERVICE
getUserRewards ---> TOURGUIDESERVICE
getUserRewards ---> TOURGUIDESERVICE
getUserRewards ---> TOURGUIDESERVICE
getUserRewards ---> TOURGUIDESERVICE
getUserRewards ---> TOURGUIDESERVICE
getUserRewards ---> TOURGUIDESERVICE
getUserRewards ---> TOURGUIDESERVICE
getUserRewards ---> TOURGUIDESERVICE
getUserRewards ---> TOURGUIDESERVICE
getUserRewards ---> TOURGUIDESERVICE
getUserRewards ---> TOURGUIDESERVICE
getUserRewards ---> TOURGUIDESERVICE
getUserRewards ---> TOURGUIDESERVICE
getUserRewards ---> TOURGUIDESERVICE
getUserRewards ---> TOURGUIDESERVICE
getUserRewards ---> TOURGUIDESERVICE
getUserRewards ---> TOURGUIDESERVICE
getUserRewards ---> TOURGUIDESERVICE
getUserRewards ---> TOURGUIDESERVICE
getUserRewards ---> TOURGUIDESERVICE
getUserRewards ---> TOURGUIDESERVICE
getUserRewards ---> TOURGUIDESERVICE
getUserRewards ---> TOURGUIDESERVICE
getUserRewards ---> TOURGUIDESERVICE
getUserRewards ---> TOURGUIDESERVICE
getUserRewards ---> TOURGUIDESERVICE
getUserRewards ---> TOURGUIDESERVICE
getUserRewards ---> TOURGUIDESERVICE
getUserRewards ---> TOURGUIDESERVICE
getUserRewards ---> TOURGUIDESERVICE
getUserRewards ---> TOURGUIDESERVICE
getUserRewards ---> TOURGUIDESERVICE
getUserRewards ---> TOURGUIDESERVICE
getUserRewards ---> TOURGUIDESERVICE
getUserRewards ---> TOURGUIDESERVICE
getUserRewards ---> TOURGUIDESERVICE
getUserRewards ---> TOURGUIDESERVICE
getUserRewards ---> TOURGUIDESERVICE
getUserRewards ---> TOURGUIDESERVICE
getUserRewards ---> TOURGUIDESERVICE
getUserRewards ---> TOURGUIDESERVICE
getUserRewards ---> TOURGUIDESERVICE
getUserRewards ---> TOURGUIDESERVICE
getUserRewards ---> TOURGUIDESERVICE
getUserRewards ---> TOURGUIDESERVICE
getUserRewards ---> TOURGUIDESERVICE
getUserRewards ---> TOURGUIDESERVICE
getUserRewards ---> TOURGUIDESERVICE
getUserRewards ---> TOURGUIDESERVICE
getUserRewards ---> TOURGUIDESERVICE
getUserRewards ---> TOURGUIDESERVICE
getUserRewards ---> TOURGUIDESERVICE
getUserRewards ---> TOURGUIDESERVICE
getUserRewards ---> TOURGUIDESERVICE
getUserRewards ---> TOURGUIDESERVICE
getUserRewards ---> TOURGUIDESERVICE
getUserRewards ---> TOURGUIDESERVICE
getUserRewards ---> TOURGUIDESERVICE
getUserRewards ---> TOURGUIDESERVICE
getUserRewards ---> TOURGUIDESERVICE
getUserRewards ---> TOURGUIDESERVICE
getUserRewards ---> TOURGUIDESERVICE
getUserRewards ---> TOURGUIDESERVICE
getUserRewards ---> TOURGUIDESERVICE
getUserRewards ---> TOURGUIDESERVICE
getUserRewards ---> TOURGUIDESERVICE
getUserRewards ---> TOURGUIDESERVICE
getUserRewards ---> TOURGUIDESERVICE
getUserRewards ---> TOURGUIDESERVICE
getUserRewards ---> TOURGUIDESERVICE
getUserRewards ---> TOURGUIDESERVICE
getUserRewards ---> TOURGUIDESERVICE
getUserRewards ---> TOURGUIDESERVICE
getUserRewards ---> TOURGUIDESERVICE
getUserRewards ---> TOURGUIDESERVICE
getUserRewards ---> TOURGUIDESERVICE
getUserRewards ---> TOURGUIDESERVICE
getUserRewards ---> TOURGUIDESERVICE
getUserRewards ---> TOURGUIDESERVICE
getUserRewards ---> TOURGUIDESERVICE
getUserRewards ---> TOURGUIDESERVICE
getUserRewards ---> TOURGUIDESERVICE
getUserRewards ---> TOURGUIDESERVICE
getUserRewards ---> TOURGUIDESERVICE
getUserRewards ---> TOURGUIDESERVICE
getUserRewards ---> TOURGUIDESERVICE
getUserRewards ---> TOURGUIDESERVICE
getUserRewards ---> TOURGUIDESERVICE
getUserRewards ---> TOURGUIDESERVICE
getUserRewards ---> TOURGUIDESERVICE
getUserRewards ---> TOURGUIDESERVICE
getUserRewards ---> TOURGUIDESERVICE
getUserRewards ---> TOURGUIDESERVICE
getUserRewards ---> TOURGUIDESERVICE
getUserRewards ---> TOURGUIDESERVICE
getUserRewards ---> TOURGUIDESERVICE
getUserRewards ---> TOURGUIDESERVICE
getUserRewards ---> TOURGUIDESERVICE
getUserRewards ---> TOURGUIDESERVICE
getUserRewards ---> TOURGUIDESERVICE
getUserRewards ---> TOURGUIDESERVICE
getUserRewards ---> TOURGUIDESERVICE
getUserRewards ---> TOURGUIDESERVICE
getUserRewards ---> TOURGUIDESERVICE
getUserRewards ---> TOURGUIDESERVICE
getUserRewards ---> TOURGUIDESERVICE
getUserRewards ---> TOURGUIDESERVICE
getUserRewards ---> TOURGUIDESERVICE
getUserRewards ---> TOURGUIDESERVICE
getUserRewards ---> TOURGUIDESERVICE
getUserRewards ---> TOURGUIDESERVICE
getUserRewards ---> TOURGUIDESERVICE
getUserRewards ---> TOURGUIDESERVICE
getUserRewards ---> TOURGUIDESERVICE
getUserRewards ---> TOURGUIDESERVICE
getUserRewards ---> TOURGUIDESERVICE
getUserRewards ---> TOURGUIDESERVICE
getUserRewards ---> TOURGUIDESERVICE
getUserRewards ---> TOURGUIDESERVICE
getUserRewards ---> TOURGUIDESERVICE
getUserRewards ---> TOURGUIDESERVICE
getUserRewards ---> TOURGUIDESERVICE
getUserRewards ---> TOURGUIDESERVICE
getUserRewards ---> TOURGUIDESERVICE
getUserRewards ---> TOURGUIDESERVICE
getUserRewards ---> TOURGUIDESERVICE
getUserRewards ---> TOURGUIDESERVICE
getUserRewards ---> TOURGUIDESERVICE
getUserRewards ---> TOURGUIDESERVICE
getUserRewards ---> TOURGUIDESERVICE
getUserRewards ---> TOURGUIDESERVICE
getUserRewards ---> TOURGUIDESERVICE
getUserRewards ---> TOURGUIDESERVICE
getUserRewards ---> TOURGUIDESERVICE
getUserRewards ---> TOURGUIDESERVICE
getUserRewards ---> TOURGUIDESERVICE
getUserRewards ---> TOURGUIDESERVICE
getUserRewards ---> TOURGUIDESERVICE
getUserRewards ---> TOURGUIDESERVICE
getUserRewards ---> TOURGUIDESERVICE
getUserRewards ---> TOURGUIDESERVICE
getUserRewards ---> TOURGUIDESERVICE
getUserRewards ---> TOURGUIDESERVICE
getUserRewards ---> TOURGUIDESERVICE
getUserRewards ---> TOURGUIDESERVICE
getUserRewards ---> TOURGUIDESERVICE
getUserRewards ---> TOURGUIDESERVICE
getUserRewards ---> TOURGUIDESERVICE
getUserRewards ---> TOURGUIDESERVICE
getUserRewards ---> TOURGUIDESERVICE
getUserRewards ---> TOURGUIDESERVICE
getUserRewards ---> TOURGUIDESERVICE
getUserRewards ---> TOURGUIDESERVICE
getUserRewards ---> TOURGUIDESERVICE
getUserRewards ---> TOURGUIDESERVICE
getUserRewards ---> TOURGUIDESERVICE
getUserRewards ---> TOURGUIDESERVICE
getUserRewards ---> TOURGUIDESERVICE
getUserRewards ---> TOURGUIDESERVICE
getUserRewards ---> TOURGUIDESERVICE
getUserRewards ---> TOURGUIDESERVICE
getUserRewards ---> TOURGUIDESERVICE
getUserRewards ---> TOURGUIDESERVICE
getUserRewards ---> TOURGUIDESERVICE
getUserRewards ---> TOURGUIDESERVICE
getUserRewards ---> TOURGUIDESERVICE
getUserRewards ---> TOURGUIDESERVICE
getUserRewards ---> TOURGUIDESERVICE
getUserRewards ---> TOURGUIDESERVICE
getUserRewards ---> TOURGUIDESERVICE
getUserRewards ---> TOURGUIDESERVICE
getUserRewards ---> TOURGUIDESERVICE
getUserRewards ---> TOURGUIDESERVICE
getUserRewards ---> TOURGUIDESERVICE
getUserRewards ---> TOURGUIDESERVICE
getUserRewards ---> TOURGUIDESERVICE
getUserRewards ---> TOURGUIDESERVICE
getUserRewards ---> TOURGUIDESERVICE
getUserRewards ---> TOURGUIDESERVICE
getUserRewards ---> TOURGUIDESERVICE
getUserRewards ---> TOURGUIDESERVICE
getUserRewards ---> TOURGUIDESERVICE
getUserRewards ---> TOURGUIDESERVICE
getUserRewards ---> TOURGUIDESERVICE
getUserRewards ---> TOURGUIDESERVICE
getUserRewards ---> TOURGUIDESERVICE
getUserRewards ---> TOURGUIDESERVICE
getUserRewards ---> TOURGUIDESERVICE
getUserRewards ---> TOURGUIDESERVICE
getUserRewards ---> TOURGUIDESERVICE
getUserRewards ---> TOURGUIDESERVICE
getUserRewards ---> TOURGUIDESERVICE
getUserRewards ---> TOURGUIDESERVICE
getUserRewards ---> TOURGUIDESERVICE
getUserRewards ---> TOURGUIDESERVICE
getUserRewards ---> TOURGUIDESERVICE
getUserRewards ---> TOURGUIDESERVICE
getUserRewards ---> TOURGUIDESERVICE
getUserRewards ---> TOURGUIDESERVICE
getUserRewards ---> TOURGUIDESERVICE
getUserRewards ---> TOURGUIDESERVICE
getUserRewards ---> TOURGUIDESERVICE
getUserRewards ---> TOURGUIDESERVICE
getUserRewards ---> TOURGUIDESERVICE
getUserRewards ---> TOURGUIDESERVICE
getUserRewards ---> TOURGUIDESERVICE
getUserRewards ---> TOURGUIDESERVICE
getUserRewards ---> TOURGUIDESERVICE
getUserRewards ---> TOURGUIDESERVICE
getUserRewards ---> TOURGUIDESERVICE
getUserRewards ---> TOURGUIDESERVICE
getUserRewards ---> TOURGUIDESERVICE
getUserRewards ---> TOURGUIDESERVICE
getUserRewards ---> TOURGUIDESERVICE
getUserRewards ---> TOURGUIDESERVICE
getUserRewards ---> TOURGUIDESERVICE
getUserRewards ---> TOURGUIDESERVICE
getUserRewards ---> TOURGUIDESERVICE
getUserRewards ---> TOURGUIDESERVICE
getUserRewards ---> TOURGUIDESERVICE
getUserRewards ---> TOURGUIDESERVICE
getUserRewards ---> TOURGUIDESERVICE
getUserRewards ---> TOURGUIDESERVICE
getUserRewards ---> TOURGUIDESERVICE
getUserRewards ---> TOURGUIDESERVICE
getUserRewards ---> TOURGUIDESERVICE
getUserRewards ---> TOURGUIDESERVICE
getUserRewards ---> TOURGUIDESERVICE
getUserRewards ---> TOURGUIDESERVICE
getUserRewards ---> TOURGUIDESERVICE
getUserRewards ---> TOURGUIDESERVICE
getUserRewards ---> TOURGUIDESERVICE
getUserRewards ---> TOURGUIDESERVICE
getUserRewards ---> TOURGUIDESERVICE
getUserRewards ---> TOURGUIDESERVICE
getUserRewards ---> TOURGUIDESERVICE
getUserRewards ---> TOURGUIDESERVICE
getUserRewards ---> TOURGUIDESERVICE
getUserRewards ---> TOURGUIDESERVICE
getUserRewards ---> TOURGUIDESERVICE
getUserRewards ---> TOURGUIDESERVICE
getUserRewards ---> TOURGUIDESERVICE
getUserRewards ---> TOURGUIDESERVICE
getUserRewards ---> TOURGUIDESERVICE
getUserRewards ---> TOURGUIDESERVICE
getUserRewards ---> TOURGUIDESERVICE
getUserRewards ---> TOURGUIDESERVICE
getUserRewards ---> TOURGUIDESERVICE
getUserRewards ---> TOURGUIDESERVICE
getUserRewards ---> TOURGUIDESERVICE
getUserRewards ---> TOURGUIDESERVICE
getUserRewards ---> TOURGUIDESERVICE
getUserRewards ---> TOURGUIDESERVICE
getUserRewards ---> TOURGUIDESERVICE
getUserRewards ---> TOURGUIDESERVICE
getUserRewards ---> TOURGUIDESERVICE
getUserRewards ---> TOURGUIDESERVICE
getUserRewards ---> TOURGUIDESERVICE
getUserRewards ---> TOURGUIDESERVICE
getUserRewards ---> TOURGUIDESERVICE
getUserRewards ---> TOURGUIDESERVICE
getUserRewards ---> TOURGUIDESERVICE
getUserRewards ---> TOURGUIDESERVICE
getUserRewards ---> TOURGUIDESERVICE
getUserRewards ---> TOURGUIDESERVICE
getUserRewards ---> TOURGUIDESERVICE
getUserRewards ---> TOURGUIDESERVICE
getUserRewards ---> TOURGUIDESERVICE
getUserRewards ---> TOURGUIDESERVICE
getUserRewards ---> TOURGUIDESERVICE
getUserRewards ---> TOURGUIDESERVICE
getUserRewards ---> TOURGUIDESERVICE
getUserRewards ---> TOURGUIDESERVICE
getUserRewards ---> TOURGUIDESERVICE
getUserRewards ---> TOURGUIDESERVICE
getUserRewards ---> TOURGUIDESERVICE
getUserRewards ---> TOURGUIDESERVICE
getUserRewards ---> TOURGUIDESERVICE
getUserRewards ---> TOURGUIDESERVICE
getUserRewards ---> TOURGUIDESERVICE
getUserRewards ---> TOURGUIDESERVICE
getUserRewards ---> TOURGUIDESERVICE
getUserRewards ---> TOURGUIDESERVICE
getUserRewards ---> TOURGUIDESERVICE
getUserRewards ---> TOURGUIDESERVICE
getUserRewards ---> TOURGUIDESERVICE
getUserRewards ---> TOURGUIDESERVICE
getUserRewards ---> TOURGUIDESERVICE
getUserRewards ---> TOURGUIDESERVICE
getUserRewards ---> TOURGUIDESERVICE
getUserRewards ---> TOURGUIDESERVICE
getUserRewards ---> TOURGUIDESERVICE
getUserRewards ---> TOURGUIDESERVICE
getUserRewards ---> TOURGUIDESERVICE
getUserRewards ---> TOURGUIDESERVICE
getUserRewards ---> TOURGUIDESERVICE
getUserRewards ---> TOURGUIDESERVICE
getUserRewards ---> TOURGUIDESERVICE
getUserRewards ---> TOURGUIDESERVICE
getUserRewards ---> TOURGUIDESERVICE
getUserRewards ---> TOURGUIDESERVICE
getUserRewards ---> TOURGUIDESERVICE
getUserRewards ---> TOURGUIDESERVICE
getUserRewards ---> TOURGUIDESERVICE
getUserRewards ---> TOURGUIDESERVICE
getUserRewards ---> TOURGUIDESERVICE
getUserRewards ---> TOURGUIDESERVICE
getUserRewards ---> TOURGUIDESERVICE
getUserRewards ---> TOURGUIDESERVICE
getUserRewards ---> TOURGUIDESERVICE
getUserRewards ---> TOURGUIDESERVICE
getUserRewards ---> TOURGUIDESERVICE
getUserRewards ---> TOURGUIDESERVICE
getUserRewards ---> TOURGUIDESERVICE
getUserRewards ---> TOURGUIDESERVICE
getUserRewards ---> TOURGUIDESERVICE
getUserRewards ---> TOURGUIDESERVICE
getUserRewards ---> TOURGUIDESERVICE
getUserRewards ---> TOURGUIDESERVICE
getUserRewards ---> TOURGUIDESERVICE
getUserRewards ---> TOURGUIDESERVICE
getUserRewards ---> TOURGUIDESERVICE
getUserRewards ---> TOURGUIDESERVICE
getUserRewards ---> TOURGUIDESERVICE
getUserRewards ---> TOURGUIDESERVICE
getUserRewards ---> TOURGUIDESERVICE
getUserRewards ---> TOURGUIDESERVICE
getUserRewards ---> TOURGUIDESERVICE
getUserRewards ---> TOURGUIDESERVICE
getUserRewards ---> TOURGUIDESERVICE
getUserRewards ---> TOURGUIDESERVICE
getUserRewards ---> TOURGUIDESERVICE
getUserRewards ---> TOURGUIDESERVICE
getUserRewards ---> TOURGUIDESERVICE
getUserRewards ---> TOURGUIDESERVICE
getUserRewards ---> TOURGUIDESERVICE
getUserRewards ---> TOURGUIDESERVICE
getUserRewards ---> TOURGUIDESERVICE
getUserRewards ---> TOURGUIDESERVICE
getUserRewards ---> TOURGUIDESERVICE
getUserRewards ---> TOURGUIDESERVICE
getUserRewards ---> TOURGUIDESERVICE
getUserRewards ---> TOURGUIDESERVICE
getUserRewards ---> TOURGUIDESERVICE
getUserRewards ---> TOURGUIDESERVICE
getUserRewards ---> TOURGUIDESERVICE
getUserRewards ---> TOURGUIDESERVICE
getUserRewards ---> TOURGUIDESERVICE
getUserRewards ---> TOURGUIDESERVICE
getUserRewards ---> TOURGUIDESERVICE
getUserRewards ---> TOURGUIDESERVICE
getUserRewards ---> TOURGUIDESERVICE
getUserRewards ---> TOURGUIDESERVICE
getUserRewards ---> TOURGUIDESERVICE
getUserRewards ---> TOURGUIDESERVICE
getUserRewards ---> TOURGUIDESERVICE
getUserRewards ---> TOURGUIDESERVICE
getUserRewards ---> TOURGUIDESERVICE
getUserRewards ---> TOURGUIDESERVICE
getUserRewards ---> TOURGUIDESERVICE
getUserRewards ---> TOURGUIDESERVICE
getUserRewards ---> TOURGUIDESERVICE
getUserRewards ---> TOURGUIDESERVICE
getUserRewards ---> TOURGUIDESERVICE
getUserRewards ---> TOURGUIDESERVICE
getUserRewards ---> TOURGUIDESERVICE
getUserRewards ---> TOURGUIDESERVICE
getUserRewards ---> TOURGUIDESERVICE
getUserRewards ---> TOURGUIDESERVICE
getUserRewards ---> TOURGUIDESERVICE
getUserRewards ---> TOURGUIDESERVICE
getUserRewards ---> TOURGUIDESERVICE
getUserRewards ---> TOURGUIDESERVICE
getUserRewards ---> TOURGUIDESERVICE
getUserRewards ---> TOURGUIDESERVICE
getUserRewards ---> TOURGUIDESERVICE
getUserRewards ---> TOURGUIDESERVICE
getUserRewards ---> TOURGUIDESERVICE
getUserRewards ---> TOURGUIDESERVICE
getUserRewards ---> TOURGUIDESERVICE
getUserRewards ---> TOURGUIDESERVICE
getUserRewards ---> TOURGUIDESERVICE
getUserRewards ---> TOURGUIDESERVICE
getUserRewards ---> TOURGUIDESERVICE
getUserRewards ---> TOURGUIDESERVICE
getUserRewards ---> TOURGUIDESERVICE
getUserRewards ---> TOURGUIDESERVICE
getUserRewards ---> TOURGUIDESERVICE
getUserRewards ---> TOURGUIDESERVICE
getUserRewards ---> TOURGUIDESERVICE
getUserRewards ---> TOURGUIDESERVICE
getUserRewards ---> TOURGUIDESERVICE
getUserRewards ---> TOURGUIDESERVICE
getUserRewards ---> TOURGUIDESERVICE
getUserRewards ---> TOURGUIDESERVICE
getUserRewards ---> TOURGUIDESERVICE
getUserRewards ---> TOURGUIDESERVICE
getUserRewards ---> TOURGUIDESERVICE
getUserRewards ---> TOURGUIDESERVICE
getUserRewards ---> TOURGUIDESERVICE
getUserRewards ---> TOURGUIDESERVICE
getUserRewards ---> TOURGUIDESERVICE
getUserRewards ---> TOURGUIDESERVICE
getUserRewards ---> TOURGUIDESERVICE
getUserRewards ---> TOURGUIDESERVICE
getUserRewards ---> TOURGUIDESERVICE
getUserRewards ---> TOURGUIDESERVICE
getUserRewards ---> TOURGUIDESERVICE
getUserRewards ---> TOURGUIDESERVICE
getUserRewards ---> TOURGUIDESERVICE
getUserRewards ---> TOURGUIDESERVICE
getUserRewards ---> TOURGUIDESERVICE
getUserRewards ---> TOURGUIDESERVICE
getUserRewards ---> TOURGUIDESERVICE
getUserRewards ---> TOURGUIDESERVICE
getUserRewards ---> TOURGUIDESERVICE
getUserRewards ---> TOURGUIDESERVICE
getUserRewards ---> TOURGUIDESERVICE
getUserRewards ---> TOURGUIDESERVICE
getUserRewards ---> TOURGUIDESERVICE
getUserRewards ---> TOURGUIDESERVICE
getUserRewards ---> TOURGUIDESERVICE
getUserRewards ---> TOURGUIDESERVICE
getUserRewards ---> TOURGUIDESERVICE
getUserRewards ---> TOURGUIDESERVICE
getUserRewards ---> TOURGUIDESERVICE
getUserRewards ---> TOURGUIDESERVICE
getUserRewards ---> TOURGUIDESERVICE
getUserRewards ---> TOURGUIDESERVICE
getUserRewards ---> TOURGUIDESERVICE
getUserRewards ---> TOURGUIDESERVICE
getUserRewards ---> TOURGUIDESERVICE
getUserRewards ---> TOURGUIDESERVICE
getUserRewards ---> TOURGUIDESERVICE
getUserRewards ---> TOURGUIDESERVICE
getUserRewards ---> TOURGUIDESERVICE
getUserRewards ---> TOURGUIDESERVICE
getUserRewards ---> TOURGUIDESERVICE
getUserRewards ---> TOURGUIDESERVICE
getUserRewards ---> TOURGUIDESERVICE
getUserRewards ---> TOURGUIDESERVICE
getUserRewards ---> TOURGUIDESERVICE
getUserRewards ---> TOURGUIDESERVICE
getUserRewards ---> TOURGUIDESERVICE
getUserRewards ---> TOURGUIDESERVICE
getUserRewards ---> TOURGUIDESERVICE
getUserRewards ---> TOURGUIDESERVICE
getUserRewards ---> TOURGUIDESERVICE
getUserRewards ---> TOURGUIDESERVICE
getUserRewards ---> TOURGUIDESERVICE
getUserRewards ---> TOURGUIDESERVICE
getUserRewards ---> TOURGUIDESERVICE
getUserRewards ---> TOURGUIDESERVICE
getUserRewards ---> TOURGUIDESERVICE
getUserRewards ---> TOURGUIDESERVICE
getUserRewards ---> TOURGUIDESERVICE
getUserRewards ---> TOURGUIDESERVICE
getUserRewards ---> TOURGUIDESERVICE
getUserRewards ---> TOURGUIDESERVICE
getUserRewards ---> TOURGUIDESERVICE
getUserRewards ---> TOURGUIDESERVICE
getUserRewards ---> TOURGUIDESERVICE
getUserRewards ---> TOURGUIDESERVICE
getUserRewards ---> TOURGUIDESERVICE
getUserRewards ---> TOURGUIDESERVICE
getUserRewards ---> TOURGUIDESERVICE
getUserRewards ---> TOURGUIDESERVICE
getUserRewards ---> TOURGUIDESERVICE
getUserRewards ---> TOURGUIDESERVICE
getUserRewards ---> TOURGUIDESERVICE
getUserRewards ---> TOURGUIDESERVICE
getUserRewards ---> TOURGUIDESERVICE
getUserRewards ---> TOURGUIDESERVICE
getUserRewards ---> TOURGUIDESERVICE
getUserRewards ---> TOURGUIDESERVICE
getUserRewards ---> TOURGUIDESERVICE
getUserRewards ---> TOURGUIDESERVICE
getUserRewards ---> TOURGUIDESERVICE
getUserRewards ---> TOURGUIDESERVICE
getUserRewards ---> TOURGUIDESERVICE
getUserRewards ---> TOURGUIDESERVICE
getUserRewards ---> TOURGUIDESERVICE
getUserRewards ---> TOURGUIDESERVICE
getUserRewards ---> TOURGUIDESERVICE
getUserRewards ---> TOURGUIDESERVICE
getUserRewards ---> TOURGUIDESERVICE
getUserRewards ---> TOURGUIDESERVICE
getUserRewards ---> TOURGUIDESERVICE
getUserRewards ---> TOURGUIDESERVICE
getUserRewards ---> TOURGUIDESERVICE
getUserRewards ---> TOURGUIDESERVICE
getUserRewards ---> TOURGUIDESERVICE
getUserRewards ---> TOURGUIDESERVICE
getUserRewards ---> TOURGUIDESERVICE
getUserRewards ---> TOURGUIDESERVICE
getUserRewards ---> TOURGUIDESERVICE
getUserRewards ---> TOURGUIDESERVICE
getUserRewards ---> TOURGUIDESERVICE
getUserRewards ---> TOURGUIDESERVICE
getUserRewards ---> TOURGUIDESERVICE
getUserRewards ---> TOURGUIDESERVICE
getUserRewards ---> TOURGUIDESERVICE
getUserRewards ---> TOURGUIDESERVICE
getUserRewards ---> TOURGUIDESERVICE
getUserRewards ---> TOURGUIDESERVICE
getUserRewards ---> TOURGUIDESERVICE
getUserRewards ---> TOURGUIDESERVICE
getUserRewards ---> TOURGUIDESERVICE
getUserRewards ---> TOURGUIDESERVICE
getUserRewards ---> TOURGUIDESERVICE
getUserRewards ---> TOURGUIDESERVICE
getUserRewards ---> TOURGUIDESERVICE
getUserRewards ---> TOURGUIDESERVICE
getUserRewards ---> TOURGUIDESERVICE
getUserRewards ---> TOURGUIDESERVICE
getUserRewards ---> TOURGUIDESERVICE
getUserRewards ---> TOURGUIDESERVICE
getUserRewards ---> TOURGUIDESERVICE
getUserRewards ---> TOURGUIDESERVICE
getUserRewards ---> TOURGUIDESERVICE
getUserRewards ---> TOURGUIDESERVICE
getUserRewards ---> TOURGUIDESERVICE
getUserRewards ---> TOURGUIDESERVICE
getUserRewards ---> TOURGUIDESERVICE
getUserRewards ---> TOURGUIDESERVICE
getUserRewards ---> TOURGUIDESERVICE
getUserRewards ---> TOURGUIDESERVICE
getUserRewards ---> TOURGUIDESERVICE
getUserRewards ---> TOURGUIDESERVICE
getUserRewards ---> TOURGUIDESERVICE
getUserRewards ---> TOURGUIDESERVICE
getUserRewards ---> TOURGUIDESERVICE
getUserRewards ---> TOURGUIDESERVICE
getUserRewards ---> TOURGUIDESERVICE
getUserRewards ---> TOURGUIDESERVICE
getUserRewards ---> TOURGUIDESERVICE
getUserRewards ---> TOURGUIDESERVICE
getUserRewards ---> TOURGUIDESERVICE
getUserRewards ---> TOURGUIDESERVICE
getUserRewards ---> TOURGUIDESERVICE
getUserRewards ---> TOURGUIDESERVICE
getUserRewards ---> TOURGUIDESERVICE
getUserRewards ---> TOURGUIDESERVICE
getUserRewards ---> TOURGUIDESERVICE
getUserRewards ---> TOURGUIDESERVICE
getUserRewards ---> TOURGUIDESERVICE
getUserRewards ---> TOURGUIDESERVICE
getUserRewards ---> TOURGUIDESERVICE
getUserRewards ---> TOURGUIDESERVICE
getUserRewards ---> TOURGUIDESERVICE
getUserRewards ---> TOURGUIDESERVICE
getUserRewards ---> TOURGUIDESERVICE
getUserRewards ---> TOURGUIDESERVICE
getUserRewards ---> TOURGUIDESERVICE
getUserRewards ---> TOURGUIDESERVICE
getUserRewards ---> TOURGUIDESERVICE
getUserRewards ---> TOURGUIDESERVICE
getUserRewards ---> TOURGUIDESERVICE
getUserRewards ---> TOURGUIDESERVICE
getUserRewards ---> TOURGUIDESERVICE
getUserRewards ---> TOURGUIDESERVICE
getUserRewards ---> TOURGUIDESERVICE
getUserRewards ---> TOURGUIDESERVICE
getUserRewards ---> TOURGUIDESERVICE
getUserRewards ---> TOURGUIDESERVICE
getUserRewards ---> TOURGUIDESERVICE
getUserRewards ---> TOURGUIDESERVICE
getUserRewards ---> TOURGUIDESERVICE
getUserRewards ---> TOURGUIDESERVICE
getUserRewards ---> TOURGUIDESERVICE
getUserRewards ---> TOURGUIDESERVICE
getUserRewards ---> TOURGUIDESERVICE
getUserRewards ---> TOURGUIDESERVICE
getUserRewards ---> TOURGUIDESERVICE
getUserRewards ---> TOURGUIDESERVICE
getUserRewards ---> TOURGUIDESERVICE
getUserRewards ---> TOURGUIDESERVICE
getUserRewards ---> TOURGUIDESERVICE
getUserRewards ---> TOURGUIDESERVICE
getUserRewards ---> TOURGUIDESERVICE
getUserRewards ---> TOURGUIDESERVICE
getUserRewards ---> TOURGUIDESERVICE
getUserRewards ---> TOURGUIDESERVICE
getUserRewards ---> TOURGUIDESERVICE
getUserRewards ---> TOURGUIDESERVICE
getUserRewards ---> TOURGUIDESERVICE
getUserRewards ---> TOURGUIDESERVICE
getUserRewards ---> TOURGUIDESERVICE
getUserRewards ---> TOURGUIDESERVICE
getUserRewards ---> TOURGUIDESERVICE
getUserRewards ---> TOURGUIDESERVICE
getUserRewards ---> TOURGUIDESERVICE
getUserRewards ---> TOURGUIDESERVICE
getUserRewards ---> TOURGUIDESERVICE
getUserRewards ---> TOURGUIDESERVICE
getUserRewards ---> TOURGUIDESERVICE
getUserRewards ---> TOURGUIDESERVICE
getUserRewards ---> TOURGUIDESERVICE
getUserRewards ---> TOURGUIDESERVICE
getUserRewards ---> TOURGUIDESERVICE
getUserRewards ---> TOURGUIDESERVICE
getUserRewards ---> TOURGUIDESERVICE
getUserRewards ---> TOURGUIDESERVICE
getUserRewards ---> TOURGUIDESERVICE
getUserRewards ---> TOURGUIDESERVICE
getUserRewards ---> TOURGUIDESERVICE
getUserRewards ---> TOURGUIDESERVICE
getUserRewards ---> TOURGUIDESERVICE
getUserRewards ---> TOURGUIDESERVICE
getUserRewards ---> TOURGUIDESERVICE
getUserRewards ---> TOURGUIDESERVICE
getUserRewards ---> TOURGUIDESERVICE
getUserRewards ---> TOURGUIDESERVICE
getUserRewards ---> TOURGUIDESERVICE
getUserRewards ---> TOURGUIDESERVICE
getUserRewards ---> TOURGUIDESERVICE
getUserRewards ---> TOURGUIDESERVICE
getUserRewards ---> TOURGUIDESERVICE
getUserRewards ---> TOURGUIDESERVICE
getUserRewards ---> TOURGUIDESERVICE
getUserRewards ---> TOURGUIDESERVICE
getUserRewards ---> TOURGUIDESERVICE
getUserRewards ---> TOURGUIDESERVICE
getUserRewards ---> TOURGUIDESERVICE
getUserRewards ---> TOURGUIDESERVICE
getUserRewards ---> TOURGUIDESERVICE
getUserRewards ---> TOURGUIDESERVICE
getUserRewards ---> TOURGUIDESERVICE
getUserRewards ---> TOURGUIDESERVICE
getUserRewards ---> TOURGUIDESERVICE
getUserRewards ---> TOURGUIDESERVICE
getUserRewards ---> TOURGUIDESERVICE
getUserRewards ---> TOURGUIDESERVICE
getUserRewards ---> TOURGUIDESERVICE
getUserRewards ---> TOURGUIDESERVICE
getUserRewards ---> TOURGUIDESERVICE
getUserRewards ---> TOURGUIDESERVICE
getUserRewards ---> TOURGUIDESERVICE
getUserRewards ---> TOURGUIDESERVICE
getUserRewards ---> TOURGUIDESERVICE
getUserRewards ---> TOURGUIDESERVICE
getUserRewards ---> TOURGUIDESERVICE
getUserRewards ---> TOURGUIDESERVICE
getUserRewards ---> TOURGUIDESERVICE
getUserRewards ---> TOURGUIDESERVICE
getUserRewards ---> TOURGUIDESERVICE
getUserRewards ---> TOURGUIDESERVICE
getUserRewards ---> TOURGUIDESERVICE
getUserRewards ---> TOURGUIDESERVICE
getUserRewards ---> TOURGUIDESERVICE
getUserRewards ---> TOURGUIDESERVICE
getUserRewards ---> TOURGUIDESERVICE
getUserRewards ---> TOURGUIDESERVICE
getUserRewards ---> TOURGUIDESERVICE
getUserRewards ---> TOURGUIDESERVICE
getUserRewards ---> TOURGUIDESERVICE
getUserRewards ---> TOURGUIDESERVICE
getUserRewards ---> TOURGUIDESERVICE
getUserRewards ---> TOURGUIDESERVICE
getUserRewards ---> TOURGUIDESERVICE
getUserRewards ---> TOURGUIDESERVICE
getUserRewards ---> TOURGUIDESERVICE
getUserRewards ---> TOURGUIDESERVICE
getUserRewards ---> TOURGUIDESERVICE
getUserRewards ---> TOURGUIDESERVICE
getUserRewards ---> TOURGUIDESERVICE
getUserRewards ---> TOURGUIDESERVICE
getUserRewards ---> TOURGUIDESERVICE
getUserRewards ---> TOURGUIDESERVICE
getUserRewards ---> TOURGUIDESERVICE
getUserRewards ---> TOURGUIDESERVICE
getUserRewards ---> TOURGUIDESERVICE
getUserRewards ---> TOURGUIDESERVICE
getUserRewards ---> TOURGUIDESERVICE
getUserRewards ---> TOURGUIDESERVICE
getUserRewards ---> TOURGUIDESERVICE
getUserRewards ---> TOURGUIDESERVICE
getUserRewards ---> TOURGUIDESERVICE
getUserRewards ---> TOURGUIDESERVICE
getUserRewards ---> TOURGUIDESERVICE
getUserRewards ---> TOURGUIDESERVICE
getUserRewards ---> TOURGUIDESERVICE
getUserRewards ---> TOURGUIDESERVICE
getUserRewards ---> TOURGUIDESERVICE
getUserRewards ---> TOURGUIDESERVICE
getUserRewards ---> TOURGUIDESERVICE
getUserRewards ---> TOURGUIDESERVICE
getUserRewards ---> TOURGUIDESERVICE
getUserRewards ---> TOURGUIDESERVICE
getUserRewards ---> TOURGUIDESERVICE
getUserRewards ---> TOURGUIDESERVICE
getUserRewards ---> TOURGUIDESERVICE
getUserRewards ---> TOURGUIDESERVICE
getUserRewards ---> TOURGUIDESERVICE
getUserRewards ---> TOURGUIDESERVICE
getUserRewards ---> TOURGUIDESERVICE
getUserRewards ---> TOURGUIDESERVICE
getUserRewards ---> TOURGUIDESERVICE
getUserRewards ---> TOURGUIDESERVICE
getUserRewards ---> TOURGUIDESERVICE
getUserRewards ---> TOURGUIDESERVICE
getUserRewards ---> TOURGUIDESERVICE
getUserRewards ---> TOURGUIDESERVICE
getUserRewards ---> TOURGUIDESERVICE
getUserRewards ---> TOURGUIDESERVICE
getUserRewards ---> TOURGUIDESERVICE
getUserRewards ---> TOURGUIDESERVICE
getUserRewards ---> TOURGUIDESERVICE
getUserRewards ---> TOURGUIDESERVICE
getUserRewards ---> TOURGUIDESERVICE
getUserRewards ---> TOURGUIDESERVICE
getUserRewards ---> TOURGUIDESERVICE
getUserRewards ---> TOURGUIDESERVICE
getUserRewards ---> TOURGUIDESERVICE
getUserRewards ---> TOURGUIDESERVICE
getUserRewards ---> TOURGUIDESERVICE
getUserRewards ---> TOURGUIDESERVICE
getUserRewards ---> TOURGUIDESERVICE
getUserRewards ---> TOURGUIDESERVICE
getUserRewards ---> TOURGUIDESERVICE
getUserRewards ---> TOURGUIDESERVICE
getUserRewards ---> TOURGUIDESERVICE
getUserRewards ---> TOURGUIDESERVICE
getUserRewards ---> TOURGUIDESERVICE
getUserRewards ---> TOURGUIDESERVICE
getUserRewards ---> TOURGUIDESERVICE
getUserRewards ---> TOURGUIDESERVICE
getUserRewards ---> TOURGUIDESERVICE
getUserRewards ---> TOURGUIDESERVICE
getUserRewards ---> TOURGUIDESERVICE
getUserRewards ---> TOURGUIDESERVICE
getUserRewards ---> TOURGUIDESERVICE
getUserRewards ---> TOURGUIDESERVICE
getUserRewards ---> TOURGUIDESERVICE
getUserRewards ---> TOURGUIDESERVICE
getUserRewards ---> TOURGUIDESERVICE
getUserRewards ---> TOURGUIDESERVICE
getUserRewards ---> TOURGUIDESERVICE
getUserRewards ---> TOURGUIDESERVICE
getUserRewards ---> TOURGUIDESERVICE
getUserRewards ---> TOURGUIDESERVICE
getUserRewards ---> TOURGUIDESERVICE
getUserRewards ---> TOURGUIDESERVICE
getUserRewards ---> TOURGUIDESERVICE
getUserRewards ---> TOURGUIDESERVICE
getUserRewards ---> TOURGUIDESERVICE
getUserRewards ---> TOURGUIDESERVICE
getUserRewards ---> TOURGUIDESERVICE
getUserRewards ---> TOURGUIDESERVICE
getUserRewards ---> TOURGUIDESERVICE
getUserRewards ---> TOURGUIDESERVICE
getUserRewards ---> TOURGUIDESERVICE
getUserRewards ---> TOURGUIDESERVICE
getUserRewards ---> TOURGUIDESERVICE
getUserRewards ---> TOURGUIDESERVICE
getUserRewards ---> TOURGUIDESERVICE
getUserRewards ---> TOURGUIDESERVICE
getUserRewards ---> TOURGUIDESERVICE
getUserRewards ---> TOURGUIDESERVICE
getUserRewards ---> TOURGUIDESERVICE
getUserRewards ---> TOURGUIDESERVICE
getUserRewards ---> TOURGUIDESERVICE
getUserRewards ---> TOURGUIDESERVICE
getUserRewards ---> TOURGUIDESERVICE
getUserRewards ---> TOURGUIDESERVICE
getUserRewards ---> TOURGUIDESERVICE
getUserRewards ---> TOURGUIDESERVICE
getUserRewards ---> TOURGUIDESERVICE
getUserRewards ---> TOURGUIDESERVICE
getUserRewards ---> TOURGUIDESERVICE
getUserRewards ---> TOURGUIDESERVICE
getUserRewards ---> TOURGUIDESERVICE
getUserRewards ---> TOURGUIDESERVICE
getUserRewards ---> TOURGUIDESERVICE
getUserRewards ---> TOURGUIDESERVICE
getUserRewards ---> TOURGUIDESERVICE
getUserRewards ---> TOURGUIDESERVICE
getUserRewards ---> TOURGUIDESERVICE
getUserRewards ---> TOURGUIDESERVICE
getUserRewards ---> TOURGUIDESERVICE
getUserRewards ---> TOURGUIDESERVICE
getUserRewards ---> TOURGUIDESERVICE
getUserRewards ---> TOURGUIDESERVICE
getUserRewards ---> TOURGUIDESERVICE
getUserRewards ---> TOURGUIDESERVICE
getUserRewards ---> TOURGUIDESERVICE
getUserRewards ---> TOURGUIDESERVICE
getUserRewards ---> TOURGUIDESERVICE
getUserRewards ---> TOURGUIDESERVICE
getUserRewards ---> TOURGUIDESERVICE
getUserRewards ---> TOURGUIDESERVICE
getUserRewards ---> TOURGUIDESERVICE
getUserRewards ---> TOURGUIDESERVICE
getUserRewards ---> TOURGUIDESERVICE
getUserRewards ---> TOURGUIDESERVICE
getUserRewards ---> TOURGUIDESERVICE
getUserRewards ---> TOURGUIDESERVICE
getUserRewards ---> TOURGUIDESERVICE
getUserRewards ---> TOURGUIDESERVICE
getUserRewards ---> TOURGUIDESERVICE
getUserRewards ---> TOURGUIDESERVICE
getUserRewards ---> TOURGUIDESERVICE
getUserRewards ---> TOURGUIDESERVICE
getUserRewards ---> TOURGUIDESERVICE
getUserRewards ---> TOURGUIDESERVICE
getUserRewards ---> TOURGUIDESERVICE
getUserRewards ---> TOURGUIDESERVICE
getUserRewards ---> TOURGUIDESERVICE
getUserRewards ---> TOURGUIDESERVICE
getUserRewards ---> TOURGUIDESERVICE
getUserRewards ---> TOURGUIDESERVICE
getUserRewards ---> TOURGUIDESERVICE
getUserRewards ---> TOURGUIDESERVICE
getUserRewards ---> TOURGUIDESERVICE
getUserRewards ---> TOURGUIDESERVICE
getUserRewards ---> TOURGUIDESERVICE
getUserRewards ---> TOURGUIDESERVICE
getUserRewards ---> TOURGUIDESERVICE
getUserRewards ---> TOURGUIDESERVICE
getUserRewards ---> TOURGUIDESERVICE
getUserRewards ---> TOURGUIDESERVICE
getUserRewards ---> TOURGUIDESERVICE
getUserRewards ---> TOURGUIDESERVICE
getUserRewards ---> TOURGUIDESERVICE
getUserRewards ---> TOURGUIDESERVICE
getUserRewards ---> TOURGUIDESERVICE
getUserRewards ---> TOURGUIDESERVICE
getUserRewards ---> TOURGUIDESERVICE
getUserRewards ---> TOURGUIDESERVICE
getUserRewards ---> TOURGUIDESERVICE
getUserRewards ---> TOURGUIDESERVICE
getUserRewards ---> TOURGUIDESERVICE
getUserRewards ---> TOURGUIDESERVICE
getUserRewards ---> TOURGUIDESERVICE
getUserRewards ---> TOURGUIDESERVICE
getUserRewards ---> TOURGUIDESERVICE
getUserRewards ---> TOURGUIDESERVICE
getUserRewards ---> TOURGUIDESERVICE
getUserRewards ---> TOURGUIDESERVICE
getUserRewards ---> TOURGUIDESERVICE
getUserRewards ---> TOURGUIDESERVICE
getUserRewards ---> TOURGUIDESERVICE
getUserRewards ---> TOURGUIDESERVICE
getUserRewards ---> TOURGUIDESERVICE
getUserRewards ---> TOURGUIDESERVICE
getUserRewards ---> TOURGUIDESERVICE
getUserRewards ---> TOURGUIDESERVICE
getUserRewards ---> TOURGUIDESERVICE
getUserRewards ---> TOURGUIDESERVICE
getUserRewards ---> TOURGUIDESERVICE
getUserRewards ---> TOURGUIDESERVICE
getUserRewards ---> TOURGUIDESERVICE
getUserRewards ---> TOURGUIDESERVICE
getUserRewards ---> TOURGUIDESERVICE
getUserRewards ---> TOURGUIDESERVICE
getUserRewards ---> TOURGUIDESERVICE
getUserRewards ---> TOURGUIDESERVICE
getUserRewards ---> TOURGUIDESERVICE
getUserRewards ---> TOURGUIDESERVICE
getUserRewards ---> TOURGUIDESERVICE
getUserRewards ---> TOURGUIDESERVICE
getUserRewards ---> TOURGUIDESERVICE
getUserRewards ---> TOURGUIDESERVICE
getUserRewards ---> TOURGUIDESERVICE
getUserRewards ---> TOURGUIDESERVICE
getUserRewards ---> TOURGUIDESERVICE
getUserRewards ---> TOURGUIDESERVICE
getUserRewards ---> TOURGUIDESERVICE
getUserRewards ---> TOURGUIDESERVICE
getUserRewards ---> TOURGUIDESERVICE
getUserRewards ---> TOURGUIDESERVICE
getUserRewards ---> TOURGUIDESERVICE
getUserRewards ---> TOURGUIDESERVICE
getUserRewards ---> TOURGUIDESERVICE
getUserRewards ---> TOURGUIDESERVICE
getUserRewards ---> TOURGUIDESERVICE
getUserRewards ---> TOURGUIDESERVICE
getUserRewards ---> TOURGUIDESERVICE
getUserRewards ---> TOURGUIDESERVICE
getUserRewards ---> TOURGUIDESERVICE
getUserRewards ---> TOURGUIDESERVICE
getUserRewards ---> TOURGUIDESERVICE
getUserRewards ---> TOURGUIDESERVICE
getUserRewards ---> TOURGUIDESERVICE
getUserRewards ---> TOURGUIDESERVICE
getUserRewards ---> TOURGUIDESERVICE
getUserRewards ---> TOURGUIDESERVICE
getUserRewards ---> TOURGUIDESERVICE
getUserRewards ---> TOURGUIDESERVICE
getUserRewards ---> TOURGUIDESERVICE
getUserRewards ---> TOURGUIDESERVICE
getUserRewards ---> TOURGUIDESERVICE
getUserRewards ---> TOURGUIDESERVICE
getUserRewards ---> TOURGUIDESERVICE
getUserRewards ---> TOURGUIDESERVICE
getUserRewards ---> TOURGUIDESERVICE
getUserRewards ---> TOURGUIDESERVICE
getUserRewards ---> TOURGUIDESERVICE
getUserRewards ---> TOURGUIDESERVICE
getUserRewards ---> TOURGUIDESERVICE
getUserRewards ---> TOURGUIDESERVICE
getUserRewards ---> TOURGUIDESERVICE
getUserRewards ---> TOURGUIDESERVICE
getUserRewards ---> TOURGUIDESERVICE
getUserRewards ---> TOURGUIDESERVICE
getUserRewards ---> TOURGUIDESERVICE
getUserRewards ---> TOURGUIDESERVICE
getUserRewards ---> TOURGUIDESERVICE
getUserRewards ---> TOURGUIDESERVICE
getUserRewards ---> TOURGUIDESERVICE
getUserRewards ---> TOURGUIDESERVICE
getUserRewards ---> TOURGUIDESERVICE
getUserRewards ---> TOURGUIDESERVICE
getUserRewards ---> TOURGUIDESERVICE
getUserRewards ---> TOURGUIDESERVICE
getUserRewards ---> TOURGUIDESERVICE
getUserRewards ---> TOURGUIDESERVICE
getUserRewards ---> TOURGUIDESERVICE
getUserRewards ---> TOURGUIDESERVICE
getUserRewards ---> TOURGUIDESERVICE
getUserRewards ---> TOURGUIDESERVICE
getUserRewards ---> TOURGUIDESERVICE
getUserRewards ---> TOURGUIDESERVICE
getUserRewards ---> TOURGUIDESERVICE
getUserRewards ---> TOURGUIDESERVICE
getUserRewards ---> TOURGUIDESERVICE
getUserRewards ---> TOURGUIDESERVICE
getUserRewards ---> TOURGUIDESERVICE
getUserRewards ---> TOURGUIDESERVICE
getUserRewards ---> TOURGUIDESERVICE
getUserRewards ---> TOURGUIDESERVICE
getUserRewards ---> TOURGUIDESERVICE
getUserRewards ---> TOURGUIDESERVICE
getUserRewards ---> TOURGUIDESERVICE
getUserRewards ---> TOURGUIDESERVICE
getUserRewards ---> TOURGUIDESERVICE
getUserRewards ---> TOURGUIDESERVICE
getUserRewards ---> TOURGUIDESERVICE
getUserRewards ---> TOURGUIDESERVICE
getUserRewards ---> TOURGUIDESERVICE
getUserRewards ---> TOURGUIDESERVICE
getUserRewards ---> TOURGUIDESERVICE
getUserRewards ---> TOURGUIDESERVICE
getUserRewards ---> TOURGUIDESERVICE
getUserRewards ---> TOURGUIDESERVICE
getUserRewards ---> TOURGUIDESERVICE
getUserRewards ---> TOURGUIDESERVICE
getUserRewards ---> TOURGUIDESERVICE
getUserRewards ---> TOURGUIDESERVICE
getUserRewards ---> TOURGUIDESERVICE
getUserRewards ---> TOURGUIDESERVICE
getUserRewards ---> TOURGUIDESERVICE
getUserRewards ---> TOURGUIDESERVICE
getUserRewards ---> TOURGUIDESERVICE
getUserRewards ---> TOURGUIDESERVICE
getUserRewards ---> TOURGUIDESERVICE
getUserRewards ---> TOURGUIDESERVICE
getUserRewards ---> TOURGUIDESERVICE
getUserRewards ---> TOURGUIDESERVICE
getUserRewards ---> TOURGUIDESERVICE
getUserRewards ---> TOURGUIDESERVICE
getUserRewards ---> TOURGUIDESERVICE
getUserRewards ---> TOURGUIDESERVICE
getUserRewards ---> TOURGUIDESERVICE
getUserRewards ---> TOURGUIDESERVICE
getUserRewards ---> TOURGUIDESERVICE
getUserRewards ---> TOURGUIDESERVICE
getUserRewards ---> TOURGUIDESERVICE
getUserRewards ---> TOURGUIDESERVICE
getUserRewards ---> TOURGUIDESERVICE
getUserRewards ---> TOURGUIDESERVICE
getUserRewards ---> TOURGUIDESERVICE
getUserRewards ---> TOURGUIDESERVICE
getUserRewards ---> TOURGUIDESERVICE
getUserRewards ---> TOURGUIDESERVICE
getUserRewards ---> TOURGUIDESERVICE
getUserRewards ---> TOURGUIDESERVICE
getUserRewards ---> TOURGUIDESERVICE
getUserRewards ---> TOURGUIDESERVICE
getUserRewards ---> TOURGUIDESERVICE
getUserRewards ---> TOURGUIDESERVICE
getUserRewards ---> TOURGUIDESERVICE
getUserRewards ---> TOURGUIDESERVICE
getUserRewards ---> TOURGUIDESERVICE
getUserRewards ---> TOURGUIDESERVICE
getUserRewards ---> TOURGUIDESERVICE
getUserRewards ---> TOURGUIDESERVICE
getUserRewards ---> TOURGUIDESERVICE
getUserRewards ---> TOURGUIDESERVICE
getUserRewards ---> TOURGUIDESERVICE
getUserRewards ---> TOURGUIDESERVICE
getUserRewards ---> TOURGUIDESERVICE
getUserRewards ---> TOURGUIDESERVICE
getUserRewards ---> TOURGUIDESERVICE
getUserRewards ---> TOURGUIDESERVICE
getUserRewards ---> TOURGUIDESERVICE
getUserRewards ---> TOURGUIDESERVICE
getUserRewards ---> TOURGUIDESERVICE
getUserRewards ---> TOURGUIDESERVICE
getUserRewards ---> TOURGUIDESERVICE
getUserRewards ---> TOURGUIDESERVICE
getUserRewards ---> TOURGUIDESERVICE
getUserRewards ---> TOURGUIDESERVICE
getUserRewards ---> TOURGUIDESERVICE
getUserRewards ---> TOURGUIDESERVICE
getUserRewards ---> TOURGUIDESERVICE
getUserRewards ---> TOURGUIDESERVICE
getUserRewards ---> TOURGUIDESERVICE
getUserRewards ---> TOURGUIDESERVICE
getUserRewards ---> TOURGUIDESERVICE
getUserRewards ---> TOURGUIDESERVICE
getUserRewards ---> TOURGUIDESERVICE
getUserRewards ---> TOURGUIDESERVICE
getUserRewards ---> TOURGUIDESERVICE
getUserRewards ---> TOURGUIDESERVICE
getUserRewards ---> TOURGUIDESERVICE
getUserRewards ---> TOURGUIDESERVICE
getUserRewards ---> TOURGUIDESERVICE
getUserRewards ---> TOURGUIDESERVICE
getUserRewards ---> TOURGUIDESERVICE
getUserRewards ---> TOURGUIDESERVICE
getUserRewards ---> TOURGUIDESERVICE
getUserRewards ---> TOURGUIDESERVICE
getUserRewards ---> TOURGUIDESERVICE
getUserRewards ---> TOURGUIDESERVICE
getUserRewards ---> TOURGUIDESERVICE
getUserRewards ---> TOURGUIDESERVICE
getUserRewards ---> TOURGUIDESERVICE
getUserRewards ---> TOURGUIDESERVICE
getUserRewards ---> TOURGUIDESERVICE
getUserRewards ---> TOURGUIDESERVICE
getUserRewards ---> TOURGUIDESERVICE
getUserRewards ---> TOURGUIDESERVICE
getUserRewards ---> TOURGUIDESERVICE
getUserRewards ---> TOURGUIDESERVICE
getUserRewards ---> TOURGUIDESERVICE
getUserRewards ---> TOURGUIDESERVICE
getUserRewards ---> TOURGUIDESERVICE
getUserRewards ---> TOURGUIDESERVICE
getUserRewards ---> TOURGUIDESERVICE
getUserRewards ---> TOURGUIDESERVICE
getUserRewards ---> TOURGUIDESERVICE
getUserRewards ---> TOURGUIDESERVICE
getUserRewards ---> TOURGUIDESERVICE
getUserRewards ---> TOURGUIDESERVICE
getUserRewards ---> TOURGUIDESERVICE
getUserRewards ---> TOURGUIDESERVICE
getUserRewards ---> TOURGUIDESERVICE
getUserRewards ---> TOURGUIDESERVICE
getUserRewards ---> TOURGUIDESERVICE
getUserRewards ---> TOURGUIDESERVICE
getUserRewards ---> TOURGUIDESERVICE
getUserRewards ---> TOURGUIDESERVICE
getUserRewards ---> TOURGUIDESERVICE
getUserRewards ---> TOURGUIDESERVICE
getUserRewards ---> TOURGUIDESERVICE
getUserRewards ---> TOURGUIDESERVICE
getUserRewards ---> TOURGUIDESERVICE
getUserRewards ---> TOURGUIDESERVICE
getUserRewards ---> TOURGUIDESERVICE
getUserRewards ---> TOURGUIDESERVICE
getUserRewards ---> TOURGUIDESERVICE
getUserRewards ---> TOURGUIDESERVICE
getUserRewards ---> TOURGUIDESERVICE
getUserRewards ---> TOURGUIDESERVICE
getUserRewards ---> TOURGUIDESERVICE
getUserRewards ---> TOURGUIDESERVICE
getUserRewards ---> TOURGUIDESERVICE
getUserRewards ---> TOURGUIDESERVICE
getUserRewards ---> TOURGUIDESERVICE
getUserRewards ---> TOURGUIDESERVICE
getUserRewards ---> TOURGUIDESERVICE
getUserRewards ---> TOURGUIDESERVICE
getUserRewards ---> TOURGUIDESERVICE
getUserRewards ---> TOURGUIDESERVICE
getUserRewards ---> TOURGUIDESERVICE
getUserRewards ---> TOURGUIDESERVICE
getUserRewards ---> TOURGUIDESERVICE
getUserRewards ---> TOURGUIDESERVICE
getUserRewards ---> TOURGUIDESERVICE
getUserRewards ---> TOURGUIDESERVICE
getUserRewards ---> TOURGUIDESERVICE
getUserRewards ---> TOURGUIDESERVICE
getUserRewards ---> TOURGUIDESERVICE
getUserRewards ---> TOURGUIDESERVICE
getUserRewards ---> TOURGUIDESERVICE
getUserRewards ---> TOURGUIDESERVICE
getUserRewards ---> TOURGUIDESERVICE
getUserRewards ---> TOURGUIDESERVICE
getUserRewards ---> TOURGUIDESERVICE
getUserRewards ---> TOURGUIDESERVICE
getUserRewards ---> TOURGUIDESERVICE
getUserRewards ---> TOURGUIDESERVICE
getUserRewards ---> TOURGUIDESERVICE
getUserRewards ---> TOURGUIDESERVICE
getUserRewards ---> TOURGUIDESERVICE
getUserRewards ---> TOURGUIDESERVICE
getUserRewards ---> TOURGUIDESERVICE
getUserRewards ---> TOURGUIDESERVICE
getUserRewards ---> TOURGUIDESERVICE
getUserRewards ---> TOURGUIDESERVICE
getUserRewards ---> TOURGUIDESERVICE
getUserRewards ---> TOURGUIDESERVICE
getUserRewards ---> TOURGUIDESERVICE
getUserRewards ---> TOURGUIDESERVICE
getUserRewards ---> TOURGUIDESERVICE
getUserRewards ---> TOURGUIDESERVICE
getUserRewards ---> TOURGUIDESERVICE
getUserRewards ---> TOURGUIDESERVICE
getUserRewards ---> TOURGUIDESERVICE
getUserRewards ---> TOURGUIDESERVICE
getUserRewards ---> TOURGUIDESERVICE
getUserRewards ---> TOURGUIDESERVICE
getUserRewards ---> TOURGUIDESERVICE
getUserRewards ---> TOURGUIDESERVICE
getUserRewards ---> TOURGUIDESERVICE
getUserRewards ---> TOURGUIDESERVICE
getUserRewards ---> TOURGUIDESERVICE
getUserRewards ---> TOURGUIDESERVICE
getUserRewards ---> TOURGUIDESERVICE
getUserRewards ---> TOURGUIDESERVICE
getUserRewards ---> TOURGUIDESERVICE
getUserRewards ---> TOURGUIDESERVICE
getUserRewards ---> TOURGUIDESERVICE
getUserRewards ---> TOURGUIDESERVICE
getUserRewards ---> TOURGUIDESERVICE
getUserRewards ---> TOURGUIDESERVICE
getUserRewards ---> TOURGUIDESERVICE
getUserRewards ---> TOURGUIDESERVICE
getUserRewards ---> TOURGUIDESERVICE
getUserRewards ---> TOURGUIDESERVICE
getUserRewards ---> TOURGUIDESERVICE
getUserRewards ---> TOURGUIDESERVICE
getUserRewards ---> TOURGUIDESERVICE
getUserRewards ---> TOURGUIDESERVICE
getUserRewards ---> TOURGUIDESERVICE
getUserRewards ---> TOURGUIDESERVICE
getUserRewards ---> TOURGUIDESERVICE
getUserRewards ---> TOURGUIDESERVICE
getUserRewards ---> TOURGUIDESERVICE
getUserRewards ---> TOURGUIDESERVICE
getUserRewards ---> TOURGUIDESERVICE
getUserRewards ---> TOURGUIDESERVICE
getUserRewards ---> TOURGUIDESERVICE
getUserRewards ---> TOURGUIDESERVICE
getUserRewards ---> TOURGUIDESERVICE
getUserRewards ---> TOURGUIDESERVICE
getUserRewards ---> TOURGUIDESERVICE
getUserRewards ---> TOURGUIDESERVICE
getUserRewards ---> TOURGUIDESERVICE
getUserRewards ---> TOURGUIDESERVICE
getUserRewards ---> TOURGUIDESERVICE
getUserRewards ---> TOURGUIDESERVICE
getUserRewards ---> TOURGUIDESERVICE
getUserRewards ---> TOURGUIDESERVICE
getUserRewards ---> TOURGUIDESERVICE
getUserRewards ---> TOURGUIDESERVICE
getUserRewards ---> TOURGUIDESERVICE
getUserRewards ---> TOURGUIDESERVICE
getUserRewards ---> TOURGUIDESERVICE
getUserRewards ---> TOURGUIDESERVICE
getUserRewards ---> TOURGUIDESERVICE
getUserRewards ---> TOURGUIDESERVICE
getUserRewards ---> TOURGUIDESERVICE
getUserRewards ---> TOURGUIDESERVICE
getUserRewards ---> TOURGUIDESERVICE
getUserRewards ---> TOURGUIDESERVICE
getUserRewards ---> TOURGUIDESERVICE
getUserRewards ---> TOURGUIDESERVICE
getUserRewards ---> TOURGUIDESERVICE
getUserRewards ---> TOURGUIDESERVICE
getUserRewards ---> TOURGUIDESERVICE
getUserRewards ---> TOURGUIDESERVICE
getUserRewards ---> TOURGUIDESERVICE
getUserRewards ---> TOURGUIDESERVICE
getUserRewards ---> TOURGUIDESERVICE
getUserRewards ---> TOURGUIDESERVICE
getUserRewards ---> TOURGUIDESERVICE
getUserRewards ---> TOURGUIDESERVICE
getUserRewards ---> TOURGUIDESERVICE
getUserRewards ---> TOURGUIDESERVICE
getUserRewards ---> TOURGUIDESERVICE
getUserRewards ---> TOURGUIDESERVICE
getUserRewards ---> TOURGUIDESERVICE
getUserRewards ---> TOURGUIDESERVICE
getUserRewards ---> TOURGUIDESERVICE
getUserRewards ---> TOURGUIDESERVICE
getUserRewards ---> TOURGUIDESERVICE
getUserRewards ---> TOURGUIDESERVICE
getUserRewards ---> TOURGUIDESERVICE
getUserRewards ---> TOURGUIDESERVICE
getUserRewards ---> TOURGUIDESERVICE
getUserRewards ---> TOURGUIDESERVICE
getUserRewards ---> TOURGUIDESERVICE
getUserRewards ---> TOURGUIDESERVICE
getUserRewards ---> TOURGUIDESERVICE
getUserRewards ---> TOURGUIDESERVICE
getUserRewards ---> TOURGUIDESERVICE
getUserRewards ---> TOURGUIDESERVICE
getUserRewards ---> TOURGUIDESERVICE
getUserRewards ---> TOURGUIDESERVICE
getUserRewards ---> TOURGUIDESERVICE
getUserRewards ---> TOURGUIDESERVICE
getUserRewards ---> TOURGUIDESERVICE
getUserRewards ---> TOURGUIDESERVICE
getUserRewards ---> TOURGUIDESERVICE
getUserRewards ---> TOURGUIDESERVICE
getUserRewards ---> TOURGUIDESERVICE
getUserRewards ---> TOURGUIDESERVICE
getUserRewards ---> TOURGUIDESERVICE
getUserRewards ---> TOURGUIDESERVICE
getUserRewards ---> TOURGUIDESERVICE
getUserRewards ---> TOURGUIDESERVICE
getUserRewards ---> TOURGUIDESERVICE
getUserRewards ---> TOURGUIDESERVICE
getUserRewards ---> TOURGUIDESERVICE
getUserRewards ---> TOURGUIDESERVICE
getUserRewards ---> TOURGUIDESERVICE
getUserRewards ---> TOURGUIDESERVICE
getUserRewards ---> TOURGUIDESERVICE
getUserRewards ---> TOURGUIDESERVICE
getUserRewards ---> TOURGUIDESERVICE
getUserRewards ---> TOURGUIDESERVICE
getUserRewards ---> TOURGUIDESERVICE
getUserRewards ---> TOURGUIDESERVICE
getUserRewards ---> TOURGUIDESERVICE
getUserRewards ---> TOURGUIDESERVICE
getUserRewards ---> TOURGUIDESERVICE
getUserRewards ---> TOURGUIDESERVICE
getUserRewards ---> TOURGUIDESERVICE
getUserRewards ---> TOURGUIDESERVICE
getUserRewards ---> TOURGUIDESERVICE
getUserRewards ---> TOURGUIDESERVICE
getUserRewards ---> TOURGUIDESERVICE
getUserRewards ---> TOURGUIDESERVICE
getUserRewards ---> TOURGUIDESERVICE
getUserRewards ---> TOURGUIDESERVICE
getUserRewards ---> TOURGUIDESERVICE
getUserRewards ---> TOURGUIDESERVICE
getUserRewards ---> TOURGUIDESERVICE
getUserRewards ---> TOURGUIDESERVICE
getUserRewards ---> TOURGUIDESERVICE
getUserRewards ---> TOURGUIDESERVICE
getUserRewards ---> TOURGUIDESERVICE
getUserRewards ---> TOURGUIDESERVICE
getUserRewards ---> TOURGUIDESERVICE
getUserRewards ---> TOURGUIDESERVICE
getUserRewards ---> TOURGUIDESERVICE
getUserRewards ---> TOURGUIDESERVICE
getUserRewards ---> TOURGUIDESERVICE
getUserRewards ---> TOURGUIDESERVICE
getUserRewards ---> TOURGUIDESERVICE
getUserRewards ---> TOURGUIDESERVICE
getUserRewards ---> TOURGUIDESERVICE
getUserRewards ---> TOURGUIDESERVICE
getUserRewards ---> TOURGUIDESERVICE
getUserRewards ---> TOURGUIDESERVICE
getUserRewards ---> TOURGUIDESERVICE
getUserRewards ---> TOURGUIDESERVICE
getUserRewards ---> TOURGUIDESERVICE
getUserRewards ---> TOURGUIDESERVICE
getUserRewards ---> TOURGUIDESERVICE
getUserRewards ---> TOURGUIDESERVICE
getUserRewards ---> TOURGUIDESERVICE
getUserRewards ---> TOURGUIDESERVICE
getUserRewards ---> TOURGUIDESERVICE
getUserRewards ---> TOURGUIDESERVICE
getUserRewards ---> TOURGUIDESERVICE
getUserRewards ---> TOURGUIDESERVICE
getUserRewards ---> TOURGUIDESERVICE
getUserRewards ---> TOURGUIDESERVICE
getUserRewards ---> TOURGUIDESERVICE
getUserRewards ---> TOURGUIDESERVICE
getUserRewards ---> TOURGUIDESERVICE
getUserRewards ---> TOURGUIDESERVICE
getUserRewards ---> TOURGUIDESERVICE
getUserRewards ---> TOURGUIDESERVICE
getUserRewards ---> TOURGUIDESERVICE
getUserRewards ---> TOURGUIDESERVICE
getUserRewards ---> TOURGUIDESERVICE
getUserRewards ---> TOURGUIDESERVICE
getUserRewards ---> TOURGUIDESERVICE
getUserRewards ---> TOURGUIDESERVICE
getUserRewards ---> TOURGUIDESERVICE
getUserRewards ---> TOURGUIDESERVICE
getUserRewards ---> TOURGUIDESERVICE
getUserRewards ---> TOURGUIDESERVICE
getUserRewards ---> TOURGUIDESERVICE
getUserRewards ---> TOURGUIDESERVICE
getUserRewards ---> TOURGUIDESERVICE
getUserRewards ---> TOURGUIDESERVICE
getUserRewards ---> TOURGUIDESERVICE
getUserRewards ---> TOURGUIDESERVICE
getUserRewards ---> TOURGUIDESERVICE
getUserRewards ---> TOURGUIDESERVICE
getUserRewards ---> TOURGUIDESERVICE
getUserRewards ---> TOURGUIDESERVICE
getUserRewards ---> TOURGUIDESERVICE
getUserRewards ---> TOURGUIDESERVICE
getUserRewards ---> TOURGUIDESERVICE
getUserRewards ---> TOURGUIDESERVICE
getUserRewards ---> TOURGUIDESERVICE
getUserRewards ---> TOURGUIDESERVICE
getUserRewards ---> TOURGUIDESERVICE
getUserRewards ---> TOURGUIDESERVICE
getUserRewards ---> TOURGUIDESERVICE
getUserRewards ---> TOURGUIDESERVICE
getUserRewards ---> TOURGUIDESERVICE
getUserRewards ---> TOURGUIDESERVICE
getUserRewards ---> TOURGUIDESERVICE
getUserRewards ---> TOURGUIDESERVICE
getUserRewards ---> TOURGUIDESERVICE
getUserRewards ---> TOURGUIDESERVICE
getUserRewards ---> TOURGUIDESERVICE
getUserRewards ---> TOURGUIDESERVICE
getUserRewards ---> TOURGUIDESERVICE
getUserRewards ---> TOURGUIDESERVICE
getUserRewards ---> TOURGUIDESERVICE
getUserRewards ---> TOURGUIDESERVICE
getUserRewards ---> TOURGUIDESERVICE
getUserRewards ---> TOURGUIDESERVICE
getUserRewards ---> TOURGUIDESERVICE
getUserRewards ---> TOURGUIDESERVICE
getUserRewards ---> TOURGUIDESERVICE
getUserRewards ---> TOURGUIDESERVICE
getUserRewards ---> TOURGUIDESERVICE
getUserRewards ---> TOURGUIDESERVICE
getUserRewards ---> TOURGUIDESERVICE
getUserRewards ---> TOURGUIDESERVICE
getUserRewards ---> TOURGUIDESERVICE
getUserRewards ---> TOURGUIDESERVICE
getUserRewards ---> TOURGUIDESERVICE
getUserRewards ---> TOURGUIDESERVICE
getUserRewards ---> TOURGUIDESERVICE
getUserRewards ---> TOURGUIDESERVICE
getUserRewards ---> TOURGUIDESERVICE
getUserRewards ---> TOURGUIDESERVICE
getUserRewards ---> TOURGUIDESERVICE
getUserRewards ---> TOURGUIDESERVICE
getUserRewards ---> TOURGUIDESERVICE
getUserRewards ---> TOURGUIDESERVICE
getUserRewards ---> TOURGUIDESERVICE
getUserRewards ---> TOURGUIDESERVICE
getUserRewards ---> TOURGUIDESERVICE
getUserRewards ---> TOURGUIDESERVICE
getUserRewards ---> TOURGUIDESERVICE
getUserRewards ---> TOURGUIDESERVICE
getUserRewards ---> TOURGUIDESERVICE
getUserRewards ---> TOURGUIDESERVICE
getUserRewards ---> TOURGUIDESERVICE
getUserRewards ---> TOURGUIDESERVICE
getUserRewards ---> TOURGUIDESERVICE
getUserRewards ---> TOURGUIDESERVICE
getUserRewards ---> TOURGUIDESERVICE
getUserRewards ---> TOURGUIDESERVICE
getUserRewards ---> TOURGUIDESERVICE
getUserRewards ---> TOURGUIDESERVICE
getUserRewards ---> TOURGUIDESERVICE
getUserRewards ---> TOURGUIDESERVICE
getUserRewards ---> TOURGUIDESERVICE
getUserRewards ---> TOURGUIDESERVICE
getUserRewards ---> TOURGUIDESERVICE
getUserRewards ---> TOURGUIDESERVICE
getUserRewards ---> TOURGUIDESERVICE
getUserRewards ---> TOURGUIDESERVICE
getUserRewards ---> TOURGUIDESERVICE
getUserRewards ---> TOURGUIDESERVICE
getUserRewards ---> TOURGUIDESERVICE
getUserRewards ---> TOURGUIDESERVICE
getUserRewards ---> TOURGUIDESERVICE
getUserRewards ---> TOURGUIDESERVICE
getUserRewards ---> TOURGUIDESERVICE
getUserRewards ---> TOURGUIDESERVICE
getUserRewards ---> TOURGUIDESERVICE
getUserRewards ---> TOURGUIDESERVICE
getUserRewards ---> TOURGUIDESERVICE
getUserRewards ---> TOURGUIDESERVICE
getUserRewards ---> TOURGUIDESERVICE
getUserRewards ---> TOURGUIDESERVICE
getUserRewards ---> TOURGUIDESERVICE
getUserRewards ---> TOURGUIDESERVICE
getUserRewards ---> TOURGUIDESERVICE
getUserRewards ---> TOURGUIDESERVICE
getUserRewards ---> TOURGUIDESERVICE
getUserRewards ---> TOURGUIDESERVICE
getUserRewards ---> TOURGUIDESERVICE
getUserRewards ---> TOURGUIDESERVICE
getUserRewards ---> TOURGUIDESERVICE
getUserRewards ---> TOURGUIDESERVICE
getUserRewards ---> TOURGUIDESERVICE
getUserRewards ---> TOURGUIDESERVICE
getUserRewards ---> TOURGUIDESERVICE
getUserRewards ---> TOURGUIDESERVICE
getUserRewards ---> TOURGUIDESERVICE
getUserRewards ---> TOURGUIDESERVICE
getUserRewards ---> TOURGUIDESERVICE
getUserRewards ---> TOURGUIDESERVICE
getUserRewards ---> TOURGUIDESERVICE
getUserRewards ---> TOURGUIDESERVICE
getUserRewards ---> TOURGUIDESERVICE
getUserRewards ---> TOURGUIDESERVICE
getUserRewards ---> TOURGUIDESERVICE
getUserRewards ---> TOURGUIDESERVICE
getUserRewards ---> TOURGUIDESERVICE
getUserRewards ---> TOURGUIDESERVICE
getUserRewards ---> TOURGUIDESERVICE
getUserRewards ---> TOURGUIDESERVICE
getUserRewards ---> TOURGUIDESERVICE
getUserRewards ---> TOURGUIDESERVICE
getUserRewards ---> TOURGUIDESERVICE
getUserRewards ---> TOURGUIDESERVICE
getUserRewards ---> TOURGUIDESERVICE
getUserRewards ---> TOURGUIDESERVICE
getUserRewards ---> TOURGUIDESERVICE
getUserRewards ---> TOURGUIDESERVICE
getUserRewards ---> TOURGUIDESERVICE
getUserRewards ---> TOURGUIDESERVICE
getUserRewards ---> TOURGUIDESERVICE
getUserRewards ---> TOURGUIDESERVICE
getUserRewards ---> TOURGUIDESERVICE
getUserRewards ---> TOURGUIDESERVICE
getUserRewards ---> TOURGUIDESERVICE
getUserRewards ---> TOURGUIDESERVICE
getUserRewards ---> TOURGUIDESERVICE
getUserRewards ---> TOURGUIDESERVICE
getUserRewards ---> TOURGUIDESERVICE
getUserRewards ---> TOURGUIDESERVICE
getUserRewards ---> TOURGUIDESERVICE
getUserRewards ---> TOURGUIDESERVICE
getUserRewards ---> TOURGUIDESERVICE
getUserRewards ---> TOURGUIDESERVICE
getUserRewards ---> TOURGUIDESERVICE
getUserRewards ---> TOURGUIDESERVICE
getUserRewards ---> TOURGUIDESERVICE
getUserRewards ---> TOURGUIDESERVICE
getUserRewards ---> TOURGUIDESERVICE
getUserRewards ---> TOURGUIDESERVICE
getUserRewards ---> TOURGUIDESERVICE
getUserRewards ---> TOURGUIDESERVICE
getUserRewards ---> TOURGUIDESERVICE
getUserRewards ---> TOURGUIDESERVICE
getUserRewards ---> TOURGUIDESERVICE
getUserRewards ---> TOURGUIDESERVICE
getUserRewards ---> TOURGUIDESERVICE
getUserRewards ---> TOURGUIDESERVICE
getUserRewards ---> TOURGUIDESERVICE
getUserRewards ---> TOURGUIDESERVICE
getUserRewards ---> TOURGUIDESERVICE
getUserRewards ---> TOURGUIDESERVICE
getUserRewards ---> TOURGUIDESERVICE
getUserRewards ---> TOURGUIDESERVICE
getUserRewards ---> TOURGUIDESERVICE
getUserRewards ---> TOURGUIDESERVICE
getUserRewards ---> TOURGUIDESERVICE
getUserRewards ---> TOURGUIDESERVICE
getUserRewards ---> TOURGUIDESERVICE
getUserRewards ---> TOURGUIDESERVICE
getUserRewards ---> TOURGUIDESERVICE
getUserRewards ---> TOURGUIDESERVICE
getUserRewards ---> TOURGUIDESERVICE
getUserRewards ---> TOURGUIDESERVICE
getUserRewards ---> TOURGUIDESERVICE
getUserRewards ---> TOURGUIDESERVICE
getUserRewards ---> TOURGUIDESERVICE
getUserRewards ---> TOURGUIDESERVICE
getUserRewards ---> TOURGUIDESERVICE
getUserRewards ---> TOURGUIDESERVICE
getUserRewards ---> TOURGUIDESERVICE
getUserRewards ---> TOURGUIDESERVICE
getUserRewards ---> TOURGUIDESERVICE
getUserRewards ---> TOURGUIDESERVICE
getUserRewards ---> TOURGUIDESERVICE
getUserRewards ---> TOURGUIDESERVICE
getUserRewards ---> TOURGUIDESERVICE
getUserRewards ---> TOURGUIDESERVICE
getUserRewards ---> TOURGUIDESERVICE
getUserRewards ---> TOURGUIDESERVICE
getUserRewards ---> TOURGUIDESERVICE
getUserRewards ---> TOURGUIDESERVICE
getUserRewards ---> TOURGUIDESERVICE
getUserRewards ---> TOURGUIDESERVICE
getUserRewards ---> TOURGUIDESERVICE
getUserRewards ---> TOURGUIDESERVICE
getUserRewards ---> TOURGUIDESERVICE
getUserRewards ---> TOURGUIDESERVICE
getUserRewards ---> TOURGUIDESERVICE
getUserRewards ---> TOURGUIDESERVICE
getUserRewards ---> TOURGUIDESERVICE
getUserRewards ---> TOURGUIDESERVICE
getUserRewards ---> TOURGUIDESERVICE
getUserRewards ---> TOURGUIDESERVICE
getUserRewards ---> TOURGUIDESERVICE
getUserRewards ---> TOURGUIDESERVICE
getUserRewards ---> TOURGUIDESERVICE
getUserRewards ---> TOURGUIDESERVICE
getUserRewards ---> TOURGUIDESERVICE
getUserRewards ---> TOURGUIDESERVICE
getUserRewards ---> TOURGUIDESERVICE
getUserRewards ---> TOURGUIDESERVICE
getUserRewards ---> TOURGUIDESERVICE
getUserRewards ---> TOURGUIDESERVICE
getUserRewards ---> TOURGUIDESERVICE
getUserRewards ---> TOURGUIDESERVICE
getUserRewards ---> TOURGUIDESERVICE
getUserRewards ---> TOURGUIDESERVICE
getUserRewards ---> TOURGUIDESERVICE
getUserRewards ---> TOURGUIDESERVICE
getUserRewards ---> TOURGUIDESERVICE
getUserRewards ---> TOURGUIDESERVICE
getUserRewards ---> TOURGUIDESERVICE
getUserRewards ---> TOURGUIDESERVICE
getUserRewards ---> TOURGUIDESERVICE
getUserRewards ---> TOURGUIDESERVICE
getUserRewards ---> TOURGUIDESERVICE
getUserRewards ---> TOURGUIDESERVICE
getUserRewards ---> TOURGUIDESERVICE
getUserRewards ---> TOURGUIDESERVICE
getUserRewards ---> TOURGUIDESERVICE
getUserRewards ---> TOURGUIDESERVICE
getUserRewards ---> TOURGUIDESERVICE
getUserRewards ---> TOURGUIDESERVICE
getUserRewards ---> TOURGUIDESERVICE
getUserRewards ---> TOURGUIDESERVICE
getUserRewards ---> TOURGUIDESERVICE
getUserRewards ---> TOURGUIDESERVICE
getUserRewards ---> TOURGUIDESERVICE
getUserRewards ---> TOURGUIDESERVICE
getUserRewards ---> TOURGUIDESERVICE
getUserRewards ---> TOURGUIDESERVICE
getUserRewards ---> TOURGUIDESERVICE
getUserRewards ---> TOURGUIDESERVICE
getUserRewards ---> TOURGUIDESERVICE
getUserRewards ---> TOURGUIDESERVICE
getUserRewards ---> TOURGUIDESERVICE
getUserRewards ---> TOURGUIDESERVICE
getUserRewards ---> TOURGUIDESERVICE
getUserRewards ---> TOURGUIDESERVICE
getUserRewards ---> TOURGUIDESERVICE
getUserRewards ---> TOURGUIDESERVICE
getUserRewards ---> TOURGUIDESERVICE
getUserRewards ---> TOURGUIDESERVICE
getUserRewards ---> TOURGUIDESERVICE
getUserRewards ---> TOURGUIDESERVICE
getUserRewards ---> TOURGUIDESERVICE
getUserRewards ---> TOURGUIDESERVICE
getUserRewards ---> TOURGUIDESERVICE
getUserRewards ---> TOURGUIDESERVICE
getUserRewards ---> TOURGUIDESERVICE
getUserRewards ---> TOURGUIDESERVICE
getUserRewards ---> TOURGUIDESERVICE
getUserRewards ---> TOURGUIDESERVICE
getUserRewards ---> TOURGUIDESERVICE
getUserRewards ---> TOURGUIDESERVICE
getUserRewards ---> TOURGUIDESERVICE
getUserRewards ---> TOURGUIDESERVICE
getUserRewards ---> TOURGUIDESERVICE
getUserRewards ---> TOURGUIDESERVICE
getUserRewards ---> TOURGUIDESERVICE
getUserRewards ---> TOURGUIDESERVICE
getUserRewards ---> TOURGUIDESERVICE
getUserRewards ---> TOURGUIDESERVICE
getUserRewards ---> TOURGUIDESERVICE
getUserRewards ---> TOURGUIDESERVICE
getUserRewards ---> TOURGUIDESERVICE
getUserRewards ---> TOURGUIDESERVICE
getUserRewards ---> TOURGUIDESERVICE
getUserRewards ---> TOURGUIDESERVICE
getUserRewards ---> TOURGUIDESERVICE
getUserRewards ---> TOURGUIDESERVICE
getUserRewards ---> TOURGUIDESERVICE
getUserRewards ---> TOURGUIDESERVICE
getUserRewards ---> TOURGUIDESERVICE
getUserRewards ---> TOURGUIDESERVICE
getUserRewards ---> TOURGUIDESERVICE
getUserRewards ---> TOURGUIDESERVICE
getUserRewards ---> TOURGUIDESERVICE
getUserRewards ---> TOURGUIDESERVICE
getUserRewards ---> TOURGUIDESERVICE
getUserRewards ---> TOURGUIDESERVICE
getUserRewards ---> TOURGUIDESERVICE
getUserRewards ---> TOURGUIDESERVICE
getUserRewards ---> TOURGUIDESERVICE
getUserRewards ---> TOURGUIDESERVICE
getUserRewards ---> TOURGUIDESERVICE
getUserRewards ---> TOURGUIDESERVICE
getUserRewards ---> TOURGUIDESERVICE
getUserRewards ---> TOURGUIDESERVICE
getUserRewards ---> TOURGUIDESERVICE
getUserRewards ---> TOURGUIDESERVICE
getUserRewards ---> TOURGUIDESERVICE
getUserRewards ---> TOURGUIDESERVICE
getUserRewards ---> TOURGUIDESERVICE
getUserRewards ---> TOURGUIDESERVICE
getUserRewards ---> TOURGUIDESERVICE
getUserRewards ---> TOURGUIDESERVICE
getUserRewards ---> TOURGUIDESERVICE
getUserRewards ---> TOURGUIDESERVICE
getUserRewards ---> TOURGUIDESERVICE
getUserRewards ---> TOURGUIDESERVICE
getUserRewards ---> TOURGUIDESERVICE
getUserRewards ---> TOURGUIDESERVICE
getUserRewards ---> TOURGUIDESERVICE
getUserRewards ---> TOURGUIDESERVICE
getUserRewards ---> TOURGUIDESERVICE
getUserRewards ---> TOURGUIDESERVICE
getUserRewards ---> TOURGUIDESERVICE
getUserRewards ---> TOURGUIDESERVICE
getUserRewards ---> TOURGUIDESERVICE
getUserRewards ---> TOURGUIDESERVICE
getUserRewards ---> TOURGUIDESERVICE
getUserRewards ---> TOURGUIDESERVICE
getUserRewards ---> TOURGUIDESERVICE
getUserRewards ---> TOURGUIDESERVICE
getUserRewards ---> TOURGUIDESERVICE
getUserRewards ---> TOURGUIDESERVICE
getUserRewards ---> TOURGUIDESERVICE
getUserRewards ---> TOURGUIDESERVICE
getUserRewards ---> TOURGUIDESERVICE
getUserRewards ---> TOURGUIDESERVICE
getUserRewards ---> TOURGUIDESERVICE
getUserRewards ---> TOURGUIDESERVICE
getUserRewards ---> TOURGUIDESERVICE
getUserRewards ---> TOURGUIDESERVICE
getUserRewards ---> TOURGUIDESERVICE
getUserRewards ---> TOURGUIDESERVICE
getUserRewards ---> TOURGUIDESERVICE
getUserRewards ---> TOURGUIDESERVICE
getUserRewards ---> TOURGUIDESERVICE
getUserRewards ---> TOURGUIDESERVICE
getUserRewards ---> TOURGUIDESERVICE
getUserRewards ---> TOURGUIDESERVICE
getUserRewards ---> TOURGUIDESERVICE
getUserRewards ---> TOURGUIDESERVICE
getUserRewards ---> TOURGUIDESERVICE
getUserRewards ---> TOURGUIDESERVICE
getUserRewards ---> TOURGUIDESERVICE
getUserRewards ---> TOURGUIDESERVICE
getUserRewards ---> TOURGUIDESERVICE
getUserRewards ---> TOURGUIDESERVICE
getUserRewards ---> TOURGUIDESERVICE
getUserRewards ---> TOURGUIDESERVICE
getUserRewards ---> TOURGUIDESERVICE
getUserRewards ---> TOURGUIDESERVICE
getUserRewards ---> TOURGUIDESERVICE
getUserRewards ---> TOURGUIDESERVICE
getUserRewards ---> TOURGUIDESERVICE
getUserRewards ---> TOURGUIDESERVICE
getUserRewards ---> TOURGUIDESERVICE
getUserRewards ---> TOURGUIDESERVICE
getUserRewards ---> TOURGUIDESERVICE
getUserRewards ---> TOURGUIDESERVICE
getUserRewards ---> TOURGUIDESERVICE
getUserRewards ---> TOURGUIDESERVICE
getUserRewards ---> TOURGUIDESERVICE
getUserRewards ---> TOURGUIDESERVICE
getUserRewards ---> TOURGUIDESERVICE
getUserRewards ---> TOURGUIDESERVICE
getUserRewards ---> TOURGUIDESERVICE
getUserRewards ---> TOURGUIDESERVICE
getUserRewards ---> TOURGUIDESERVICE
getUserRewards ---> TOURGUIDESERVICE
getUserRewards ---> TOURGUIDESERVICE
getUserRewards ---> TOURGUIDESERVICE
getUserRewards ---> TOURGUIDESERVICE
getUserRewards ---> TOURGUIDESERVICE
getUserRewards ---> TOURGUIDESERVICE
getUserRewards ---> TOURGUIDESERVICE
getUserRewards ---> TOURGUIDESERVICE
getUserRewards ---> TOURGUIDESERVICE
getUserRewards ---> TOURGUIDESERVICE
getUserRewards ---> TOURGUIDESERVICE
getUserRewards ---> TOURGUIDESERVICE
getUserRewards ---> TOURGUIDESERVICE
getUserRewards ---> TOURGUIDESERVICE
getUserRewards ---> TOURGUIDESERVICE
getUserRewards ---> TOURGUIDESERVICE
getUserRewards ---> TOURGUIDESERVICE
getUserRewards ---> TOURGUIDESERVICE
getUserRewards ---> TOURGUIDESERVICE
getUserRewards ---> TOURGUIDESERVICE
getUserRewards ---> TOURGUIDESERVICE
getUserRewards ---> TOURGUIDESERVICE
getUserRewards ---> TOURGUIDESERVICE
getUserRewards ---> TOURGUIDESERVICE
getUserRewards ---> TOURGUIDESERVICE
getUserRewards ---> TOURGUIDESERVICE
getUserRewards ---> TOURGUIDESERVICE
getUserRewards ---> TOURGUIDESERVICE
getUserRewards ---> TOURGUIDESERVICE
getUserRewards ---> TOURGUIDESERVICE
getUserRewards ---> TOURGUIDESERVICE
getUserRewards ---> TOURGUIDESERVICE
getUserRewards ---> TOURGUIDESERVICE
getUserRewards ---> TOURGUIDESERVICE
getUserRewards ---> TOURGUIDESERVICE
getUserRewards ---> TOURGUIDESERVICE
getUserRewards ---> TOURGUIDESERVICE
getUserRewards ---> TOURGUIDESERVICE
getUserRewards ---> TOURGUIDESERVICE
getUserRewards ---> TOURGUIDESERVICE
getUserRewards ---> TOURGUIDESERVICE
getUserRewards ---> TOURGUIDESERVICE
getUserRewards ---> TOURGUIDESERVICE
getUserRewards ---> TOURGUIDESERVICE
getUserRewards ---> TOURGUIDESERVICE
getUserRewards ---> TOURGUIDESERVICE
getUserRewards ---> TOURGUIDESERVICE
getUserRewards ---> TOURGUIDESERVICE
getUserRewards ---> TOURGUIDESERVICE
getUserRewards ---> TOURGUIDESERVICE
getUserRewards ---> TOURGUIDESERVICE
getUserRewards ---> TOURGUIDESERVICE
getUserRewards ---> TOURGUIDESERVICE
getUserRewards ---> TOURGUIDESERVICE
getUserRewards ---> TOURGUIDESERVICE
getUserRewards ---> TOURGUIDESERVICE
getUserRewards ---> TOURGUIDESERVICE
getUserRewards ---> TOURGUIDESERVICE
getUserRewards ---> TOURGUIDESERVICE
getUserRewards ---> TOURGUIDESERVICE
getUserRewards ---> TOURGUIDESERVICE
getUserRewards ---> TOURGUIDESERVICE
getUserRewards ---> TOURGUIDESERVICE
getUserRewards ---> TOURGUIDESERVICE
getUserRewards ---> TOURGUIDESERVICE
getUserRewards ---> TOURGUIDESERVICE
getUserRewards ---> TOURGUIDESERVICE
getUserRewards ---> TOURGUIDESERVICE
getUserRewards ---> TOURGUIDESERVICE
getUserRewards ---> TOURGUIDESERVICE
getUserRewards ---> TOURGUIDESERVICE
getUserRewards ---> TOURGUIDESERVICE
getUserRewards ---> TOURGUIDESERVICE
getUserRewards ---> TOURGUIDESERVICE
getUserRewards ---> TOURGUIDESERVICE
getUserRewards ---> TOURGUIDESERVICE
getUserRewards ---> TOURGUIDESERVICE
getUserRewards ---> TOURGUIDESERVICE
getUserRewards ---> TOURGUIDESERVICE
getUserRewards ---> TOURGUIDESERVICE
getUserRewards ---> TOURGUIDESERVICE
getUserRewards ---> TOURGUIDESERVICE
getUserRewards ---> TOURGUIDESERVICE
getUserRewards ---> TOURGUIDESERVICE
getUserRewards ---> TOURGUIDESERVICE
getUserRewards ---> TOURGUIDESERVICE
getUserRewards ---> TOURGUIDESERVICE
getUserRewards ---> TOURGUIDESERVICE
getUserRewards ---> TOURGUIDESERVICE
getUserRewards ---> TOURGUIDESERVICE
getUserRewards ---> TOURGUIDESERVICE
getUserRewards ---> TOURGUIDESERVICE
getUserRewards ---> TOURGUIDESERVICE
getUserRewards ---> TOURGUIDESERVICE
getUserRewards ---> TOURGUIDESERVICE
getUserRewards ---> TOURGUIDESERVICE
getUserRewards ---> TOURGUIDESERVICE
getUserRewards ---> TOURGUIDESERVICE
getUserRewards ---> TOURGUIDESERVICE
getUserRewards ---> TOURGUIDESERVICE
getUserRewards ---> TOURGUIDESERVICE
getUserRewards ---> TOURGUIDESERVICE
getUserRewards ---> TOURGUIDESERVICE
getUserRewards ---> TOURGUIDESERVICE
getUserRewards ---> TOURGUIDESERVICE
getUserRewards ---> TOURGUIDESERVICE
getUserRewards ---> TOURGUIDESERVICE
getUserRewards ---> TOURGUIDESERVICE
getUserRewards ---> TOURGUIDESERVICE
getUserRewards ---> TOURGUIDESERVICE
getUserRewards ---> TOURGUIDESERVICE
getUserRewards ---> TOURGUIDESERVICE
getUserRewards ---> TOURGUIDESERVICE
getUserRewards ---> TOURGUIDESERVICE
getUserRewards ---> TOURGUIDESERVICE
getUserRewards ---> TOURGUIDESERVICE
getUserRewards ---> TOURGUIDESERVICE
getUserRewards ---> TOURGUIDESERVICE
getUserRewards ---> TOURGUIDESERVICE
getUserRewards ---> TOURGUIDESERVICE
getUserRewards ---> TOURGUIDESERVICE
getUserRewards ---> TOURGUIDESERVICE
getUserRewards ---> TOURGUIDESERVICE
getUserRewards ---> TOURGUIDESERVICE
getUserRewards ---> TOURGUIDESERVICE
getUserRewards ---> TOURGUIDESERVICE
getUserRewards ---> TOURGUIDESERVICE
getUserRewards ---> TOURGUIDESERVICE
getUserRewards ---> TOURGUIDESERVICE
getUserRewards ---> TOURGUIDESERVICE
getUserRewards ---> TOURGUIDESERVICE
getUserRewards ---> TOURGUIDESERVICE
getUserRewards ---> TOURGUIDESERVICE
getUserRewards ---> TOURGUIDESERVICE
getUserRewards ---> TOURGUIDESERVICE
getUserRewards ---> TOURGUIDESERVICE
getUserRewards ---> TOURGUIDESERVICE
getUserRewards ---> TOURGUIDESERVICE
getUserRewards ---> TOURGUIDESERVICE
getUserRewards ---> TOURGUIDESERVICE
getUserRewards ---> TOURGUIDESERVICE
getUserRewards ---> TOURGUIDESERVICE
getUserRewards ---> TOURGUIDESERVICE
getUserRewards ---> TOURGUIDESERVICE
getUserRewards ---> TOURGUIDESERVICE
getUserRewards ---> TOURGUIDESERVICE
getUserRewards ---> TOURGUIDESERVICE
getUserRewards ---> TOURGUIDESERVICE
getUserRewards ---> TOURGUIDESERVICE
getUserRewards ---> TOURGUIDESERVICE
getUserRewards ---> TOURGUIDESERVICE
getUserRewards ---> TOURGUIDESERVICE
getUserRewards ---> TOURGUIDESERVICE
getUserRewards ---> TOURGUIDESERVICE
getUserRewards ---> TOURGUIDESERVICE
getUserRewards ---> TOURGUIDESERVICE
getUserRewards ---> TOURGUIDESERVICE
getUserRewards ---> TOURGUIDESERVICE
getUserRewards ---> TOURGUIDESERVICE
getUserRewards ---> TOURGUIDESERVICE
getUserRewards ---> TOURGUIDESERVICE
getUserRewards ---> TOURGUIDESERVICE
getUserRewards ---> TOURGUIDESERVICE
getUserRewards ---> TOURGUIDESERVICE
getUserRewards ---> TOURGUIDESERVICE
getUserRewards ---> TOURGUIDESERVICE
getUserRewards ---> TOURGUIDESERVICE
getUserRewards ---> TOURGUIDESERVICE
getUserRewards ---> TOURGUIDESERVICE
getUserRewards ---> TOURGUIDESERVICE
getUserRewards ---> TOURGUIDESERVICE
getUserRewards ---> TOURGUIDESERVICE
getUserRewards ---> TOURGUIDESERVICE
getUserRewards ---> TOURGUIDESERVICE
getUserRewards ---> TOURGUIDESERVICE
getUserRewards ---> TOURGUIDESERVICE
getUserRewards ---> TOURGUIDESERVICE
getUserRewards ---> TOURGUIDESERVICE
getUserRewards ---> TOURGUIDESERVICE
getUserRewards ---> TOURGUIDESERVICE
getUserRewards ---> TOURGUIDESERVICE
getUserRewards ---> TOURGUIDESERVICE
getUserRewards ---> TOURGUIDESERVICE
getUserRewards ---> TOURGUIDESERVICE
getUserRewards ---> TOURGUIDESERVICE
getUserRewards ---> TOURGUIDESERVICE
getUserRewards ---> TOURGUIDESERVICE
getUserRewards ---> TOURGUIDESERVICE
getUserRewards ---> TOURGUIDESERVICE
getUserRewards ---> TOURGUIDESERVICE
getUserRewards ---> TOURGUIDESERVICE
getUserRewards ---> TOURGUIDESERVICE
getUserRewards ---> TOURGUIDESERVICE
getUserRewards ---> TOURGUIDESERVICE
getUserRewards ---> TOURGUIDESERVICE
getUserRewards ---> TOURGUIDESERVICE
getUserRewards ---> TOURGUIDESERVICE
getUserRewards ---> TOURGUIDESERVICE
getUserRewards ---> TOURGUIDESERVICE
getUserRewards ---> TOURGUIDESERVICE
getUserRewards ---> TOURGUIDESERVICE
getUserRewards ---> TOURGUIDESERVICE
getUserRewards ---> TOURGUIDESERVICE
getUserRewards ---> TOURGUIDESERVICE
getUserRewards ---> TOURGUIDESERVICE
getUserRewards ---> TOURGUIDESERVICE
getUserRewards ---> TOURGUIDESERVICE
getUserRewards ---> TOURGUIDESERVICE
getUserRewards ---> TOURGUIDESERVICE
getUserRewards ---> TOURGUIDESERVICE
getUserRewards ---> TOURGUIDESERVICE
getUserRewards ---> TOURGUIDESERVICE
getUserRewards ---> TOURGUIDESERVICE
getUserRewards ---> TOURGUIDESERVICE
getUserRewards ---> TOURGUIDESERVICE
getUserRewards ---> TOURGUIDESERVICE
getUserRewards ---> TOURGUIDESERVICE
getUserRewards ---> TOURGUIDESERVICE
getUserRewards ---> TOURGUIDESERVICE
getUserRewards ---> TOURGUIDESERVICE
getUserRewards ---> TOURGUIDESERVICE
getUserRewards ---> TOURGUIDESERVICE
getUserRewards ---> TOURGUIDESERVICE
getUserRewards ---> TOURGUIDESERVICE
getUserRewards ---> TOURGUIDESERVICE
getUserRewards ---> TOURGUIDESERVICE
getUserRewards ---> TOURGUIDESERVICE
getUserRewards ---> TOURGUIDESERVICE
getUserRewards ---> TOURGUIDESERVICE
getUserRewards ---> TOURGUIDESERVICE
getUserRewards ---> TOURGUIDESERVICE
getUserRewards ---> TOURGUIDESERVICE
getUserRewards ---> TOURGUIDESERVICE
getUserRewards ---> TOURGUIDESERVICE
getUserRewards ---> TOURGUIDESERVICE
getUserRewards ---> TOURGUIDESERVICE
getUserRewards ---> TOURGUIDESERVICE
getUserRewards ---> TOURGUIDESERVICE
getUserRewards ---> TOURGUIDESERVICE
getUserRewards ---> TOURGUIDESERVICE
getUserRewards ---> TOURGUIDESERVICE
getUserRewards ---> TOURGUIDESERVICE
getUserRewards ---> TOURGUIDESERVICE
getUserRewards ---> TOURGUIDESERVICE
getUserRewards ---> TOURGUIDESERVICE
getUserRewards ---> TOURGUIDESERVICE
getUserRewards ---> TOURGUIDESERVICE
getUserRewards ---> TOURGUIDESERVICE
getUserRewards ---> TOURGUIDESERVICE
getUserRewards ---> TOURGUIDESERVICE
getUserRewards ---> TOURGUIDESERVICE
getUserRewards ---> TOURGUIDESERVICE
getUserRewards ---> TOURGUIDESERVICE
getUserRewards ---> TOURGUIDESERVICE
getUserRewards ---> TOURGUIDESERVICE
getUserRewards ---> TOURGUIDESERVICE
getUserRewards ---> TOURGUIDESERVICE
getUserRewards ---> TOURGUIDESERVICE
getUserRewards ---> TOURGUIDESERVICE
getUserRewards ---> TOURGUIDESERVICE
getUserRewards ---> TOURGUIDESERVICE
getUserRewards ---> TOURGUIDESERVICE
getUserRewards ---> TOURGUIDESERVICE
getUserRewards ---> TOURGUIDESERVICE
getUserRewards ---> TOURGUIDESERVICE
getUserRewards ---> TOURGUIDESERVICE
getUserRewards ---> TOURGUIDESERVICE
getUserRewards ---> TOURGUIDESERVICE
getUserRewards ---> TOURGUIDESERVICE
getUserRewards ---> TOURGUIDESERVICE
getUserRewards ---> TOURGUIDESERVICE
getUserRewards ---> TOURGUIDESERVICE
getUserRewards ---> TOURGUIDESERVICE
getUserRewards ---> TOURGUIDESERVICE
getUserRewards ---> TOURGUIDESERVICE
getUserRewards ---> TOURGUIDESERVICE
getUserRewards ---> TOURGUIDESERVICE
getUserRewards ---> TOURGUIDESERVICE
getUserRewards ---> TOURGUIDESERVICE
getUserRewards ---> TOURGUIDESERVICE
getUserRewards ---> TOURGUIDESERVICE
getUserRewards ---> TOURGUIDESERVICE
getUserRewards ---> TOURGUIDESERVICE
getUserRewards ---> TOURGUIDESERVICE
getUserRewards ---> TOURGUIDESERVICE
getUserRewards ---> TOURGUIDESERVICE
getUserRewards ---> TOURGUIDESERVICE
getUserRewards ---> TOURGUIDESERVICE
getUserRewards ---> TOURGUIDESERVICE
getUserRewards ---> TOURGUIDESERVICE
getUserRewards ---> TOURGUIDESERVICE
getUserRewards ---> TOURGUIDESERVICE
getUserRewards ---> TOURGUIDESERVICE
getUserRewards ---> TOURGUIDESERVICE
getUserRewards ---> TOURGUIDESERVICE
getUserRewards ---> TOURGUIDESERVICE
getUserRewards ---> TOURGUIDESERVICE
getUserRewards ---> TOURGUIDESERVICE
getUserRewards ---> TOURGUIDESERVICE
getUserRewards ---> TOURGUIDESERVICE
getUserRewards ---> TOURGUIDESERVICE
getUserRewards ---> TOURGUIDESERVICE
getUserRewards ---> TOURGUIDESERVICE
getUserRewards ---> TOURGUIDESERVICE
getUserRewards ---> TOURGUIDESERVICE
getUserRewards ---> TOURGUIDESERVICE
getUserRewards ---> TOURGUIDESERVICE
getUserRewards ---> TOURGUIDESERVICE
getUserRewards ---> TOURGUIDESERVICE
getUserRewards ---> TOURGUIDESERVICE
getUserRewards ---> TOURGUIDESERVICE
getUserRewards ---> TOURGUIDESERVICE
getUserRewards ---> TOURGUIDESERVICE
getUserRewards ---> TOURGUIDESERVICE
getUserRewards ---> TOURGUIDESERVICE
getUserRewards ---> TOURGUIDESERVICE
getUserRewards ---> TOURGUIDESERVICE
getUserRewards ---> TOURGUIDESERVICE
getUserRewards ---> TOURGUIDESERVICE
getUserRewards ---> TOURGUIDESERVICE
getUserRewards ---> TOURGUIDESERVICE
getUserRewards ---> TOURGUIDESERVICE
getUserRewards ---> TOURGUIDESERVICE
getUserRewards ---> TOURGUIDESERVICE
getUserRewards ---> TOURGUIDESERVICE
getUserRewards ---> TOURGUIDESERVICE
getUserRewards ---> TOURGUIDESERVICE
getUserRewards ---> TOURGUIDESERVICE
getUserRewards ---> TOURGUIDESERVICE
getUserRewards ---> TOURGUIDESERVICE
getUserRewards ---> TOURGUIDESERVICE
getUserRewards ---> TOURGUIDESERVICE
getUserRewards ---> TOURGUIDESERVICE
getUserRewards ---> TOURGUIDESERVICE
getUserRewards ---> TOURGUIDESERVICE
getUserRewards ---> TOURGUIDESERVICE
getUserRewards ---> TOURGUIDESERVICE
getUserRewards ---> TOURGUIDESERVICE
getUserRewards ---> TOURGUIDESERVICE
getUserRewards ---> TOURGUIDESERVICE
getUserRewards ---> TOURGUIDESERVICE
getUserRewards ---> TOURGUIDESERVICE
getUserRewards ---> TOURGUIDESERVICE
getUserRewards ---> TOURGUIDESERVICE
getUserRewards ---> TOURGUIDESERVICE
getUserRewards ---> TOURGUIDESERVICE
getUserRewards ---> TOURGUIDESERVICE
getUserRewards ---> TOURGUIDESERVICE
getUserRewards ---> TOURGUIDESERVICE
getUserRewards ---> TOURGUIDESERVICE
getUserRewards ---> TOURGUIDESERVICE
getUserRewards ---> TOURGUIDESERVICE
getUserRewards ---> TOURGUIDESERVICE
getUserRewards ---> TOURGUIDESERVICE
getUserRewards ---> TOURGUIDESERVICE
getUserRewards ---> TOURGUIDESERVICE
getUserRewards ---> TOURGUIDESERVICE
getUserRewards ---> TOURGUIDESERVICE
getUserRewards ---> TOURGUIDESERVICE
getUserRewards ---> TOURGUIDESERVICE
getUserRewards ---> TOURGUIDESERVICE
getUserRewards ---> TOURGUIDESERVICE
getUserRewards ---> TOURGUIDESERVICE
getUserRewards ---> TOURGUIDESERVICE
getUserRewards ---> TOURGUIDESERVICE
getUserRewards ---> TOURGUIDESERVICE
getUserRewards ---> TOURGUIDESERVICE
getUserRewards ---> TOURGUIDESERVICE
getUserRewards ---> TOURGUIDESERVICE
getUserRewards ---> TOURGUIDESERVICE
getUserRewards ---> TOURGUIDESERVICE
getUserRewards ---> TOURGUIDESERVICE
getUserRewards ---> TOURGUIDESERVICE
getUserRewards ---> TOURGUIDESERVICE
getUserRewards ---> TOURGUIDESERVICE
getUserRewards ---> TOURGUIDESERVICE
getUserRewards ---> TOURGUIDESERVICE
getUserRewards ---> TOURGUIDESERVICE
getUserRewards ---> TOURGUIDESERVICE
getUserRewards ---> TOURGUIDESERVICE
getUserRewards ---> TOURGUIDESERVICE
getUserRewards ---> TOURGUIDESERVICE
getUserRewards ---> TOURGUIDESERVICE
getUserRewards ---> TOURGUIDESERVICE
getUserRewards ---> TOURGUIDESERVICE
getUserRewards ---> TOURGUIDESERVICE
getUserRewards ---> TOURGUIDESERVICE
getUserRewards ---> TOURGUIDESERVICE
getUserRewards ---> TOURGUIDESERVICE
getUserRewards ---> TOURGUIDESERVICE
getUserRewards ---> TOURGUIDESERVICE
getUserRewards ---> TOURGUIDESERVICE
getUserRewards ---> TOURGUIDESERVICE
getUserRewards ---> TOURGUIDESERVICE
getUserRewards ---> TOURGUIDESERVICE
getUserRewards ---> TOURGUIDESERVICE
getUserRewards ---> TOURGUIDESERVICE
getUserRewards ---> TOURGUIDESERVICE
getUserRewards ---> TOURGUIDESERVICE
getUserRewards ---> TOURGUIDESERVICE
getUserRewards ---> TOURGUIDESERVICE
getUserRewards ---> TOURGUIDESERVICE
getUserRewards ---> TOURGUIDESERVICE
getUserRewards ---> TOURGUIDESERVICE
getUserRewards ---> TOURGUIDESERVICE
getUserRewards ---> TOURGUIDESERVICE
getUserRewards ---> TOURGUIDESERVICE
getUserRewards ---> TOURGUIDESERVICE
getUserRewards ---> TOURGUIDESERVICE
getUserRewards ---> TOURGUIDESERVICE
getUserRewards ---> TOURGUIDESERVICE
getUserRewards ---> TOURGUIDESERVICE
getUserRewards ---> TOURGUIDESERVICE
getUserRewards ---> TOURGUIDESERVICE
getUserRewards ---> TOURGUIDESERVICE
getUserRewards ---> TOURGUIDESERVICE
getUserRewards ---> TOURGUIDESERVICE
getUserRewards ---> TOURGUIDESERVICE
getUserRewards ---> TOURGUIDESERVICE
getUserRewards ---> TOURGUIDESERVICE
getUserRewards ---> TOURGUIDESERVICE
getUserRewards ---> TOURGUIDESERVICE
getUserRewards ---> TOURGUIDESERVICE
getUserRewards ---> TOURGUIDESERVICE
getUserRewards ---> TOURGUIDESERVICE
getUserRewards ---> TOURGUIDESERVICE
getUserRewards ---> TOURGUIDESERVICE
getUserRewards ---> TOURGUIDESERVICE
getUserRewards ---> TOURGUIDESERVICE
getUserRewards ---> TOURGUIDESERVICE
getUserRewards ---> TOURGUIDESERVICE
getUserRewards ---> TOURGUIDESERVICE
getUserRewards ---> TOURGUIDESERVICE
getUserRewards ---> TOURGUIDESERVICE
getUserRewards ---> TOURGUIDESERVICE
getUserRewards ---> TOURGUIDESERVICE
getUserRewards ---> TOURGUIDESERVICE
getUserRewards ---> TOURGUIDESERVICE
getUserRewards ---> TOURGUIDESERVICE
getUserRewards ---> TOURGUIDESERVICE
getUserRewards ---> TOURGUIDESERVICE
getUserRewards ---> TOURGUIDESERVICE
getUserRewards ---> TOURGUIDESERVICE
getUserRewards ---> TOURGUIDESERVICE
getUserRewards ---> TOURGUIDESERVICE
getUserRewards ---> TOURGUIDESERVICE
getUserRewards ---> TOURGUIDESERVICE
getUserRewards ---> TOURGUIDESERVICE
getUserRewards ---> TOURGUIDESERVICE
getUserRewards ---> TOURGUIDESERVICE
getUserRewards ---> TOURGUIDESERVICE
getUserRewards ---> TOURGUIDESERVICE
getUserRewards ---> TOURGUIDESERVICE
getUserRewards ---> TOURGUIDESERVICE
getUserRewards ---> TOURGUIDESERVICE
getUserRewards ---> TOURGUIDESERVICE
getUserRewards ---> TOURGUIDESERVICE
getUserRewards ---> TOURGUIDESERVICE
getUserRewards ---> TOURGUIDESERVICE
getUserRewards ---> TOURGUIDESERVICE
getUserRewards ---> TOURGUIDESERVICE
getUserRewards ---> TOURGUIDESERVICE
getUserRewards ---> TOURGUIDESERVICE
getUserRewards ---> TOURGUIDESERVICE
getUserRewards ---> TOURGUIDESERVICE
getUserRewards ---> TOURGUIDESERVICE
getUserRewards ---> TOURGUIDESERVICE
getUserRewards ---> TOURGUIDESERVICE
getUserRewards ---> TOURGUIDESERVICE
getUserRewards ---> TOURGUIDESERVICE
getUserRewards ---> TOURGUIDESERVICE
getUserRewards ---> TOURGUIDESERVICE
getUserRewards ---> TOURGUIDESERVICE
getUserRewards ---> TOURGUIDESERVICE
getUserRewards ---> TOURGUIDESERVICE
getUserRewards ---> TOURGUIDESERVICE
getUserRewards ---> TOURGUIDESERVICE
getUserRewards ---> TOURGUIDESERVICE
getUserRewards ---> TOURGUIDESERVICE
getUserRewards ---> TOURGUIDESERVICE
getUserRewards ---> TOURGUIDESERVICE
getUserRewards ---> TOURGUIDESERVICE
getUserRewards ---> TOURGUIDESERVICE
getUserRewards ---> TOURGUIDESERVICE
getUserRewards ---> TOURGUIDESERVICE
getUserRewards ---> TOURGUIDESERVICE
getUserRewards ---> TOURGUIDESERVICE
getUserRewards ---> TOURGUIDESERVICE
getUserRewards ---> TOURGUIDESERVICE
getUserRewards ---> TOURGUIDESERVICE
getUserRewards ---> TOURGUIDESERVICE
getUserRewards ---> TOURGUIDESERVICE
getUserRewards ---> TOURGUIDESERVICE
getUserRewards ---> TOURGUIDESERVICE
getUserRewards ---> TOURGUIDESERVICE
getUserRewards ---> TOURGUIDESERVICE
getUserRewards ---> TOURGUIDESERVICE
getUserRewards ---> TOURGUIDESERVICE
getUserRewards ---> TOURGUIDESERVICE
getUserRewards ---> TOURGUIDESERVICE
getUserRewards ---> TOURGUIDESERVICE
getUserRewards ---> TOURGUIDESERVICE
getUserRewards ---> TOURGUIDESERVICE
getUserRewards ---> TOURGUIDESERVICE
getUserRewards ---> TOURGUIDESERVICE
getUserRewards ---> TOURGUIDESERVICE
getUserRewards ---> TOURGUIDESERVICE
getUserRewards ---> TOURGUIDESERVICE
getUserRewards ---> TOURGUIDESERVICE
getUserRewards ---> TOURGUIDESERVICE
getUserRewards ---> TOURGUIDESERVICE
getUserRewards ---> TOURGUIDESERVICE
getUserRewards ---> TOURGUIDESERVICE
getUserRewards ---> TOURGUIDESERVICE
getUserRewards ---> TOURGUIDESERVICE
getUserRewards ---> TOURGUIDESERVICE
getUserRewards ---> TOURGUIDESERVICE
getUserRewards ---> TOURGUIDESERVICE
getUserRewards ---> TOURGUIDESERVICE
getUserRewards ---> TOURGUIDESERVICE
getUserRewards ---> TOURGUIDESERVICE
getUserRewards ---> TOURGUIDESERVICE
getUserRewards ---> TOURGUIDESERVICE
getUserRewards ---> TOURGUIDESERVICE
getUserRewards ---> TOURGUIDESERVICE
getUserRewards ---> TOURGUIDESERVICE
getUserRewards ---> TOURGUIDESERVICE
getUserRewards ---> TOURGUIDESERVICE
getUserRewards ---> TOURGUIDESERVICE
getUserRewards ---> TOURGUIDESERVICE
getUserRewards ---> TOURGUIDESERVICE
getUserRewards ---> TOURGUIDESERVICE
getUserRewards ---> TOURGUIDESERVICE
getUserRewards ---> TOURGUIDESERVICE
getUserRewards ---> TOURGUIDESERVICE
getUserRewards ---> TOURGUIDESERVICE
getUserRewards ---> TOURGUIDESERVICE
getUserRewards ---> TOURGUIDESERVICE
getUserRewards ---> TOURGUIDESERVICE
getUserRewards ---> TOURGUIDESERVICE
getUserRewards ---> TOURGUIDESERVICE
getUserRewards ---> TOURGUIDESERVICE
getUserRewards ---> TOURGUIDESERVICE
getUserRewards ---> TOURGUIDESERVICE
getUserRewards ---> TOURGUIDESERVICE
getUserRewards ---> TOURGUIDESERVICE
getUserRewards ---> TOURGUIDESERVICE
getUserRewards ---> TOURGUIDESERVICE
getUserRewards ---> TOURGUIDESERVICE
getUserRewards ---> TOURGUIDESERVICE
getUserRewards ---> TOURGUIDESERVICE
getUserRewards ---> TOURGUIDESERVICE
getUserRewards ---> TOURGUIDESERVICE
getUserRewards ---> TOURGUIDESERVICE
getUserRewards ---> TOURGUIDESERVICE
getUserRewards ---> TOURGUIDESERVICE
getUserRewards ---> TOURGUIDESERVICE
getUserRewards ---> TOURGUIDESERVICE
getUserRewards ---> TOURGUIDESERVICE
getUserRewards ---> TOURGUIDESERVICE
getUserRewards ---> TOURGUIDESERVICE
getUserRewards ---> TOURGUIDESERVICE
getUserRewards ---> TOURGUIDESERVICE
getUserRewards ---> TOURGUIDESERVICE
getUserRewards ---> TOURGUIDESERVICE
getUserRewards ---> TOURGUIDESERVICE
getUserRewards ---> TOURGUIDESERVICE
getUserRewards ---> TOURGUIDESERVICE
getUserRewards ---> TOURGUIDESERVICE
getUserRewards ---> TOURGUIDESERVICE
getUserRewards ---> TOURGUIDESERVICE
getUserRewards ---> TOURGUIDESERVICE
getUserRewards ---> TOURGUIDESERVICE
getUserRewards ---> TOURGUIDESERVICE
getUserRewards ---> TOURGUIDESERVICE
getUserRewards ---> TOURGUIDESERVICE
getUserRewards ---> TOURGUIDESERVICE
getUserRewards ---> TOURGUIDESERVICE
getUserRewards ---> TOURGUIDESERVICE
getUserRewards ---> TOURGUIDESERVICE
getUserRewards ---> TOURGUIDESERVICE
getUserRewards ---> TOURGUIDESERVICE
getUserRewards ---> TOURGUIDESERVICE
getUserRewards ---> TOURGUIDESERVICE
getUserRewards ---> TOURGUIDESERVICE
getUserRewards ---> TOURGUIDESERVICE
getUserRewards ---> TOURGUIDESERVICE
getUserRewards ---> TOURGUIDESERVICE
getUserRewards ---> TOURGUIDESERVICE
getUserRewards ---> TOURGUIDESERVICE
getUserRewards ---> TOURGUIDESERVICE
getUserRewards ---> TOURGUIDESERVICE
getUserRewards ---> TOURGUIDESERVICE
getUserRewards ---> TOURGUIDESERVICE
getUserRewards ---> TOURGUIDESERVICE
getUserRewards ---> TOURGUIDESERVICE
getUserRewards ---> TOURGUIDESERVICE
getUserRewards ---> TOURGUIDESERVICE
getUserRewards ---> TOURGUIDESERVICE
getUserRewards ---> TOURGUIDESERVICE
getUserRewards ---> TOURGUIDESERVICE
getUserRewards ---> TOURGUIDESERVICE
getUserRewards ---> TOURGUIDESERVICE
getUserRewards ---> TOURGUIDESERVICE
getUserRewards ---> TOURGUIDESERVICE
getUserRewards ---> TOURGUIDESERVICE
getUserRewards ---> TOURGUIDESERVICE
getUserRewards ---> TOURGUIDESERVICE
getUserRewards ---> TOURGUIDESERVICE
getUserRewards ---> TOURGUIDESERVICE
getUserRewards ---> TOURGUIDESERVICE
getUserRewards ---> TOURGUIDESERVICE
getUserRewards ---> TOURGUIDESERVICE
getUserRewards ---> TOURGUIDESERVICE
getUserRewards ---> TOURGUIDESERVICE
getUserRewards ---> TOURGUIDESERVICE
getUserRewards ---> TOURGUIDESERVICE
getUserRewards ---> TOURGUIDESERVICE
getUserRewards ---> TOURGUIDESERVICE
getUserRewards ---> TOURGUIDESERVICE
getUserRewards ---> TOURGUIDESERVICE
getUserRewards ---> TOURGUIDESERVICE
getUserRewards ---> TOURGUIDESERVICE
getUserRewards ---> TOURGUIDESERVICE
getUserRewards ---> TOURGUIDESERVICE
getUserRewards ---> TOURGUIDESERVICE
getUserRewards ---> TOURGUIDESERVICE
getUserRewards ---> TOURGUIDESERVICE
getUserRewards ---> TOURGUIDESERVICE
getUserRewards ---> TOURGUIDESERVICE
getUserRewards ---> TOURGUIDESERVICE
getUserRewards ---> TOURGUIDESERVICE
getUserRewards ---> TOURGUIDESERVICE
getUserRewards ---> TOURGUIDESERVICE
getUserRewards ---> TOURGUIDESERVICE
getUserRewards ---> TOURGUIDESERVICE
getUserRewards ---> TOURGUIDESERVICE
getUserRewards ---> TOURGUIDESERVICE
getUserRewards ---> TOURGUIDESERVICE
getUserRewards ---> TOURGUIDESERVICE
getUserRewards ---> TOURGUIDESERVICE
getUserRewards ---> TOURGUIDESERVICE
getUserRewards ---> TOURGUIDESERVICE
getUserRewards ---> TOURGUIDESERVICE
getUserRewards ---> TOURGUIDESERVICE
getUserRewards ---> TOURGUIDESERVICE
getUserRewards ---> TOURGUIDESERVICE
getUserRewards ---> TOURGUIDESERVICE
getUserRewards ---> TOURGUIDESERVICE
getUserRewards ---> TOURGUIDESERVICE
getUserRewards ---> TOURGUIDESERVICE
getUserRewards ---> TOURGUIDESERVICE
getUserRewards ---> TOURGUIDESERVICE
getUserRewards ---> TOURGUIDESERVICE
getUserRewards ---> TOURGUIDESERVICE
getUserRewards ---> TOURGUIDESERVICE
getUserRewards ---> TOURGUIDESERVICE
getUserRewards ---> TOURGUIDESERVICE
getUserRewards ---> TOURGUIDESERVICE
getUserRewards ---> TOURGUIDESERVICE
getUserRewards ---> TOURGUIDESERVICE
getUserRewards ---> TOURGUIDESERVICE
getUserRewards ---> TOURGUIDESERVICE
getUserRewards ---> TOURGUIDESERVICE
getUserRewards ---> TOURGUIDESERVICE
getUserRewards ---> TOURGUIDESERVICE
getUserRewards ---> TOURGUIDESERVICE
getUserRewards ---> TOURGUIDESERVICE
getUserRewards ---> TOURGUIDESERVICE
getUserRewards ---> TOURGUIDESERVICE
getUserRewards ---> TOURGUIDESERVICE
getUserRewards ---> TOURGUIDESERVICE
getUserRewards ---> TOURGUIDESERVICE
getUserRewards ---> TOURGUIDESERVICE
getUserRewards ---> TOURGUIDESERVICE
getUserRewards ---> TOURGUIDESERVICE
getUserRewards ---> TOURGUIDESERVICE
getUserRewards ---> TOURGUIDESERVICE
getUserRewards ---> TOURGUIDESERVICE
getUserRewards ---> TOURGUIDESERVICE
getUserRewards ---> TOURGUIDESERVICE
getUserRewards ---> TOURGUIDESERVICE
getUserRewards ---> TOURGUIDESERVICE
getUserRewards ---> TOURGUIDESERVICE
getUserRewards ---> TOURGUIDESERVICE
getUserRewards ---> TOURGUIDESERVICE
getUserRewards ---> TOURGUIDESERVICE
getUserRewards ---> TOURGUIDESERVICE
getUserRewards ---> TOURGUIDESERVICE
getUserRewards ---> TOURGUIDESERVICE
getUserRewards ---> TOURGUIDESERVICE
getUserRewards ---> TOURGUIDESERVICE
getUserRewards ---> TOURGUIDESERVICE
getUserRewards ---> TOURGUIDESERVICE
getUserRewards ---> TOURGUIDESERVICE
getUserRewards ---> TOURGUIDESERVICE
getUserRewards ---> TOURGUIDESERVICE
getUserRewards ---> TOURGUIDESERVICE
getUserRewards ---> TOURGUIDESERVICE
getUserRewards ---> TOURGUIDESERVICE
getUserRewards ---> TOURGUIDESERVICE
getUserRewards ---> TOURGUIDESERVICE
getUserRewards ---> TOURGUIDESERVICE
getUserRewards ---> TOURGUIDESERVICE
getUserRewards ---> TOURGUIDESERVICE
getUserRewards ---> TOURGUIDESERVICE
getUserRewards ---> TOURGUIDESERVICE
getUserRewards ---> TOURGUIDESERVICE
getUserRewards ---> TOURGUIDESERVICE
getUserRewards ---> TOURGUIDESERVICE
getUserRewards ---> TOURGUIDESERVICE
getUserRewards ---> TOURGUIDESERVICE
getUserRewards ---> TOURGUIDESERVICE
getUserRewards ---> TOURGUIDESERVICE
getUserRewards ---> TOURGUIDESERVICE
getUserRewards ---> TOURGUIDESERVICE
getUserRewards ---> TOURGUIDESERVICE
getUserRewards ---> TOURGUIDESERVICE
getUserRewards ---> TOURGUIDESERVICE
getUserRewards ---> TOURGUIDESERVICE
getUserRewards ---> TOURGUIDESERVICE
getUserRewards ---> TOURGUIDESERVICE
getUserRewards ---> TOURGUIDESERVICE
getUserRewards ---> TOURGUIDESERVICE
getUserRewards ---> TOURGUIDESERVICE
getUserRewards ---> TOURGUIDESERVICE
getUserRewards ---> TOURGUIDESERVICE
getUserRewards ---> TOURGUIDESERVICE
getUserRewards ---> TOURGUIDESERVICE
getUserRewards ---> TOURGUIDESERVICE
getUserRewards ---> TOURGUIDESERVICE
getUserRewards ---> TOURGUIDESERVICE
getUserRewards ---> TOURGUIDESERVICE
getUserRewards ---> TOURGUIDESERVICE
getUserRewards ---> TOURGUIDESERVICE
getUserRewards ---> TOURGUIDESERVICE
getUserRewards ---> TOURGUIDESERVICE
getUserRewards ---> TOURGUIDESERVICE
getUserRewards ---> TOURGUIDESERVICE
getUserRewards ---> TOURGUIDESERVICE
getUserRewards ---> TOURGUIDESERVICE
getUserRewards ---> TOURGUIDESERVICE
getUserRewards ---> TOURGUIDESERVICE
getUserRewards ---> TOURGUIDESERVICE
getUserRewards ---> TOURGUIDESERVICE
getUserRewards ---> TOURGUIDESERVICE
getUserRewards ---> TOURGUIDESERVICE
getUserRewards ---> TOURGUIDESERVICE
getUserRewards ---> TOURGUIDESERVICE
getUserRewards ---> TOURGUIDESERVICE
getUserRewards ---> TOURGUIDESERVICE
getUserRewards ---> TOURGUIDESERVICE
getUserRewards ---> TOURGUIDESERVICE
getUserRewards ---> TOURGUIDESERVICE
getUserRewards ---> TOURGUIDESERVICE
getUserRewards ---> TOURGUIDESERVICE
getUserRewards ---> TOURGUIDESERVICE
getUserRewards ---> TOURGUIDESERVICE
getUserRewards ---> TOURGUIDESERVICE
getUserRewards ---> TOURGUIDESERVICE
getUserRewards ---> TOURGUIDESERVICE
getUserRewards ---> TOURGUIDESERVICE
getUserRewards ---> TOURGUIDESERVICE
getUserRewards ---> TOURGUIDESERVICE
getUserRewards ---> TOURGUIDESERVICE
getUserRewards ---> TOURGUIDESERVICE
getUserRewards ---> TOURGUIDESERVICE
getUserRewards ---> TOURGUIDESERVICE
getUserRewards ---> TOURGUIDESERVICE
getUserRewards ---> TOURGUIDESERVICE
getUserRewards ---> TOURGUIDESERVICE
getUserRewards ---> TOURGUIDESERVICE
getUserRewards ---> TOURGUIDESERVICE
getUserRewards ---> TOURGUIDESERVICE
getUserRewards ---> TOURGUIDESERVICE
getUserRewards ---> TOURGUIDESERVICE
getUserRewards ---> TOURGUIDESERVICE
getUserRewards ---> TOURGUIDESERVICE
getUserRewards ---> TOURGUIDESERVICE
getUserRewards ---> TOURGUIDESERVICE
getUserRewards ---> TOURGUIDESERVICE
getUserRewards ---> TOURGUIDESERVICE
getUserRewards ---> TOURGUIDESERVICE
getUserRewards ---> TOURGUIDESERVICE
getUserRewards ---> TOURGUIDESERVICE
getUserRewards ---> TOURGUIDESERVICE
getUserRewards ---> TOURGUIDESERVICE
getUserRewards ---> TOURGUIDESERVICE
getUserRewards ---> TOURGUIDESERVICE
getUserRewards ---> TOURGUIDESERVICE
getUserRewards ---> TOURGUIDESERVICE
getUserRewards ---> TOURGUIDESERVICE
getUserRewards ---> TOURGUIDESERVICE
getUserRewards ---> TOURGUIDESERVICE
getUserRewards ---> TOURGUIDESERVICE
getUserRewards ---> TOURGUIDESERVICE
getUserRewards ---> TOURGUIDESERVICE
getUserRewards ---> TOURGUIDESERVICE
getUserRewards ---> TOURGUIDESERVICE
getUserRewards ---> TOURGUIDESERVICE
getUserRewards ---> TOURGUIDESERVICE
getUserRewards ---> TOURGUIDESERVICE
getUserRewards ---> TOURGUIDESERVICE
getUserRewards ---> TOURGUIDESERVICE
getUserRewards ---> TOURGUIDESERVICE
getUserRewards ---> TOURGUIDESERVICE
getUserRewards ---> TOURGUIDESERVICE
getUserRewards ---> TOURGUIDESERVICE
getUserRewards ---> TOURGUIDESERVICE
getUserRewards ---> TOURGUIDESERVICE
getUserRewards ---> TOURGUIDESERVICE
getUserRewards ---> TOURGUIDESERVICE
getUserRewards ---> TOURGUIDESERVICE
getUserRewards ---> TOURGUIDESERVICE
getUserRewards ---> TOURGUIDESERVICE
getUserRewards ---> TOURGUIDESERVICE
getUserRewards ---> TOURGUIDESERVICE
getUserRewards ---> TOURGUIDESERVICE
getUserRewards ---> TOURGUIDESERVICE
getUserRewards ---> TOURGUIDESERVICE
getUserRewards ---> TOURGUIDESERVICE
getUserRewards ---> TOURGUIDESERVICE
getUserRewards ---> TOURGUIDESERVICE
getUserRewards ---> TOURGUIDESERVICE
getUserRewards ---> TOURGUIDESERVICE
getUserRewards ---> TOURGUIDESERVICE
getUserRewards ---> TOURGUIDESERVICE
getUserRewards ---> TOURGUIDESERVICE
getUserRewards ---> TOURGUIDESERVICE
getUserRewards ---> TOURGUIDESERVICE
getUserRewards ---> TOURGUIDESERVICE
getUserRewards ---> TOURGUIDESERVICE
getUserRewards ---> TOURGUIDESERVICE
getUserRewards ---> TOURGUIDESERVICE
getUserRewards ---> TOURGUIDESERVICE
getUserRewards ---> TOURGUIDESERVICE
getUserRewards ---> TOURGUIDESERVICE
getUserRewards ---> TOURGUIDESERVICE
getUserRewards ---> TOURGUIDESERVICE
getUserRewards ---> TOURGUIDESERVICE
getUserRewards ---> TOURGUIDESERVICE
getUserRewards ---> TOURGUIDESERVICE
getUserRewards ---> TOURGUIDESERVICE
getUserRewards ---> TOURGUIDESERVICE
getUserRewards ---> TOURGUIDESERVICE
getUserRewards ---> TOURGUIDESERVICE
getUserRewards ---> TOURGUIDESERVICE
getUserRewards ---> TOURGUIDESERVICE
getUserRewards ---> TOURGUIDESERVICE
getUserRewards ---> TOURGUIDESERVICE
getUserRewards ---> TOURGUIDESERVICE
getUserRewards ---> TOURGUIDESERVICE
getUserRewards ---> TOURGUIDESERVICE
getUserRewards ---> TOURGUIDESERVICE
getUserRewards ---> TOURGUIDESERVICE
getUserRewards ---> TOURGUIDESERVICE
getUserRewards ---> TOURGUIDESERVICE
getUserRewards ---> TOURGUIDESERVICE
getUserRewards ---> TOURGUIDESERVICE
getUserRewards ---> TOURGUIDESERVICE
getUserRewards ---> TOURGUIDESERVICE
getUserRewards ---> TOURGUIDESERVICE
getUserRewards ---> TOURGUIDESERVICE
getUserRewards ---> TOURGUIDESERVICE
getUserRewards ---> TOURGUIDESERVICE
getUserRewards ---> TOURGUIDESERVICE
getUserRewards ---> TOURGUIDESERVICE
getUserRewards ---> TOURGUIDESERVICE
getUserRewards ---> TOURGUIDESERVICE
getUserRewards ---> TOURGUIDESERVICE
getUserRewards ---> TOURGUIDESERVICE
getUserRewards ---> TOURGUIDESERVICE
getUserRewards ---> TOURGUIDESERVICE
getUserRewards ---> TOURGUIDESERVICE
getUserRewards ---> TOURGUIDESERVICE
getUserRewards ---> TOURGUIDESERVICE
getUserRewards ---> TOURGUIDESERVICE
getUserRewards ---> TOURGUIDESERVICE
getUserRewards ---> TOURGUIDESERVICE
getUserRewards ---> TOURGUIDESERVICE
getUserRewards ---> TOURGUIDESERVICE
getUserRewards ---> TOURGUIDESERVICE
getUserRewards ---> TOURGUIDESERVICE
getUserRewards ---> TOURGUIDESERVICE
getUserRewards ---> TOURGUIDESERVICE
getUserRewards ---> TOURGUIDESERVICE
getUserRewards ---> TOURGUIDESERVICE
getUserRewards ---> TOURGUIDESERVICE
getUserRewards ---> TOURGUIDESERVICE
getUserRewards ---> TOURGUIDESERVICE
getUserRewards ---> TOURGUIDESERVICE
getUserRewards ---> TOURGUIDESERVICE
getUserRewards ---> TOURGUIDESERVICE
getUserRewards ---> TOURGUIDESERVICE
getUserRewards ---> TOURGUIDESERVICE
getUserRewards ---> TOURGUIDESERVICE
getUserRewards ---> TOURGUIDESERVICE
getUserRewards ---> TOURGUIDESERVICE
getUserRewards ---> TOURGUIDESERVICE
getUserRewards ---> TOURGUIDESERVICE
getUserRewards ---> TOURGUIDESERVICE
getUserRewards ---> TOURGUIDESERVICE
getUserRewards ---> TOURGUIDESERVICE
getUserRewards ---> TOURGUIDESERVICE
getUserRewards ---> TOURGUIDESERVICE
getUserRewards ---> TOURGUIDESERVICE
getUserRewards ---> TOURGUIDESERVICE
getUserRewards ---> TOURGUIDESERVICE
getUserRewards ---> TOURGUIDESERVICE
getUserRewards ---> TOURGUIDESERVICE
getUserRewards ---> TOURGUIDESERVICE
getUserRewards ---> TOURGUIDESERVICE
getUserRewards ---> TOURGUIDESERVICE
getUserRewards ---> TOURGUIDESERVICE
getUserRewards ---> TOURGUIDESERVICE
getUserRewards ---> TOURGUIDESERVICE
getUserRewards ---> TOURGUIDESERVICE
getUserRewards ---> TOURGUIDESERVICE
getUserRewards ---> TOURGUIDESERVICE
getUserRewards ---> TOURGUIDESERVICE
getUserRewards ---> TOURGUIDESERVICE
getUserRewards ---> TOURGUIDESERVICE
getUserRewards ---> TOURGUIDESERVICE
getUserRewards ---> TOURGUIDESERVICE
getUserRewards ---> TOURGUIDESERVICE
getUserRewards ---> TOURGUIDESERVICE
getUserRewards ---> TOURGUIDESERVICE
getUserRewards ---> TOURGUIDESERVICE
getUserRewards ---> TOURGUIDESERVICE
getUserRewards ---> TOURGUIDESERVICE
getUserRewards ---> TOURGUIDESERVICE
getUserRewards ---> TOURGUIDESERVICE
getUserRewards ---> TOURGUIDESERVICE
getUserRewards ---> TOURGUIDESERVICE
getUserRewards ---> TOURGUIDESERVICE
getUserRewards ---> TOURGUIDESERVICE
getUserRewards ---> TOURGUIDESERVICE
getUserRewards ---> TOURGUIDESERVICE
getUserRewards ---> TOURGUIDESERVICE
getUserRewards ---> TOURGUIDESERVICE
getUserRewards ---> TOURGUIDESERVICE
getUserRewards ---> TOURGUIDESERVICE
getUserRewards ---> TOURGUIDESERVICE
getUserRewards ---> TOURGUIDESERVICE
getUserRewards ---> TOURGUIDESERVICE
getUserRewards ---> TOURGUIDESERVICE
getUserRewards ---> TOURGUIDESERVICE
getUserRewards ---> TOURGUIDESERVICE
getUserRewards ---> TOURGUIDESERVICE
getUserRewards ---> TOURGUIDESERVICE
getUserRewards ---> TOURGUIDESERVICE
getUserRewards ---> TOURGUIDESERVICE
getUserRewards ---> TOURGUIDESERVICE
getUserRewards ---> TOURGUIDESERVICE
getUserRewards ---> TOURGUIDESERVICE
getUserRewards ---> TOURGUIDESERVICE
getUserRewards ---> TOURGUIDESERVICE
getUserRewards ---> TOURGUIDESERVICE
getUserRewards ---> TOURGUIDESERVICE
getUserRewards ---> TOURGUIDESERVICE
getUserRewards ---> TOURGUIDESERVICE
getUserRewards ---> TOURGUIDESERVICE
getUserRewards ---> TOURGUIDESERVICE
getUserRewards ---> TOURGUIDESERVICE
getUserRewards ---> TOURGUIDESERVICE
getUserRewards ---> TOURGUIDESERVICE
getUserRewards ---> TOURGUIDESERVICE
getUserRewards ---> TOURGUIDESERVICE
getUserRewards ---> TOURGUIDESERVICE
getUserRewards ---> TOURGUIDESERVICE
getUserRewards ---> TOURGUIDESERVICE
getUserRewards ---> TOURGUIDESERVICE
getUserRewards ---> TOURGUIDESERVICE
getUserRewards ---> TOURGUIDESERVICE
getUserRewards ---> TOURGUIDESERVICE
getUserRewards ---> TOURGUIDESERVICE
getUserRewards ---> TOURGUIDESERVICE
getUserRewards ---> TOURGUIDESERVICE
getUserRewards ---> TOURGUIDESERVICE
getUserRewards ---> TOURGUIDESERVICE
getUserRewards ---> TOURGUIDESERVICE
getUserRewards ---> TOURGUIDESERVICE
getUserRewards ---> TOURGUIDESERVICE
getUserRewards ---> TOURGUIDESERVICE
getUserRewards ---> TOURGUIDESERVICE
getUserRewards ---> TOURGUIDESERVICE
getUserRewards ---> TOURGUIDESERVICE
getUserRewards ---> TOURGUIDESERVICE
getUserRewards ---> TOURGUIDESERVICE
getUserRewards ---> TOURGUIDESERVICE
getUserRewards ---> TOURGUIDESERVICE
getUserRewards ---> TOURGUIDESERVICE
getUserRewards ---> TOURGUIDESERVICE
getUserRewards ---> TOURGUIDESERVICE
getUserRewards ---> TOURGUIDESERVICE
getUserRewards ---> TOURGUIDESERVICE
getUserRewards ---> TOURGUIDESERVICE
getUserRewards ---> TOURGUIDESERVICE
getUserRewards ---> TOURGUIDESERVICE
getUserRewards ---> TOURGUIDESERVICE
getUserRewards ---> TOURGUIDESERVICE
getUserRewards ---> TOURGUIDESERVICE
getUserRewards ---> TOURGUIDESERVICE
getUserRewards ---> TOURGUIDESERVICE
getUserRewards ---> TOURGUIDESERVICE
getUserRewards ---> TOURGUIDESERVICE
getUserRewards ---> TOURGUIDESERVICE
getUserRewards ---> TOURGUIDESERVICE
getUserRewards ---> TOURGUIDESERVICE
getUserRewards ---> TOURGUIDESERVICE
getUserRewards ---> TOURGUIDESERVICE
getUserRewards ---> TOURGUIDESERVICE
getUserRewards ---> TOURGUIDESERVICE
getUserRewards ---> TOURGUIDESERVICE
getUserRewards ---> TOURGUIDESERVICE
getUserRewards ---> TOURGUIDESERVICE
getUserRewards ---> TOURGUIDESERVICE
getUserRewards ---> TOURGUIDESERVICE
getUserRewards ---> TOURGUIDESERVICE
getUserRewards ---> TOURGUIDESERVICE
getUserRewards ---> TOURGUIDESERVICE
getUserRewards ---> TOURGUIDESERVICE
getUserRewards ---> TOURGUIDESERVICE
getUserRewards ---> TOURGUIDESERVICE
getUserRewards ---> TOURGUIDESERVICE
getUserRewards ---> TOURGUIDESERVICE
getUserRewards ---> TOURGUIDESERVICE
getUserRewards ---> TOURGUIDESERVICE
getUserRewards ---> TOURGUIDESERVICE
getUserRewards ---> TOURGUIDESERVICE
getUserRewards ---> TOURGUIDESERVICE
getUserRewards ---> TOURGUIDESERVICE
getUserRewards ---> TOURGUIDESERVICE
getUserRewards ---> TOURGUIDESERVICE
getUserRewards ---> TOURGUIDESERVICE
getUserRewards ---> TOURGUIDESERVICE
getUserRewards ---> TOURGUIDESERVICE
getUserRewards ---> TOURGUIDESERVICE
getUserRewards ---> TOURGUIDESERVICE
getUserRewards ---> TOURGUIDESERVICE
getUserRewards ---> TOURGUIDESERVICE
getUserRewards ---> TOURGUIDESERVICE
getUserRewards ---> TOURGUIDESERVICE
getUserRewards ---> TOURGUIDESERVICE
getUserRewards ---> TOURGUIDESERVICE
getUserRewards ---> TOURGUIDESERVICE
getUserRewards ---> TOURGUIDESERVICE
getUserRewards ---> TOURGUIDESERVICE
getUserRewards ---> TOURGUIDESERVICE
getUserRewards ---> TOURGUIDESERVICE
getUserRewards ---> TOURGUIDESERVICE
getUserRewards ---> TOURGUIDESERVICE
getUserRewards ---> TOURGUIDESERVICE
getUserRewards ---> TOURGUIDESERVICE
getUserRewards ---> TOURGUIDESERVICE
getUserRewards ---> TOURGUIDESERVICE
getUserRewards ---> TOURGUIDESERVICE
getUserRewards ---> TOURGUIDESERVICE
getUserRewards ---> TOURGUIDESERVICE
getUserRewards ---> TOURGUIDESERVICE
getUserRewards ---> TOURGUIDESERVICE
getUserRewards ---> TOURGUIDESERVICE
getUserRewards ---> TOURGUIDESERVICE
getUserRewards ---> TOURGUIDESERVICE
getUserRewards ---> TOURGUIDESERVICE
getUserRewards ---> TOURGUIDESERVICE
getUserRewards ---> TOURGUIDESERVICE
getUserRewards ---> TOURGUIDESERVICE
getUserRewards ---> TOURGUIDESERVICE
getUserRewards ---> TOURGUIDESERVICE
getUserRewards ---> TOURGUIDESERVICE
getUserRewards ---> TOURGUIDESERVICE
getUserRewards ---> TOURGUIDESERVICE
getUserRewards ---> TOURGUIDESERVICE
getUserRewards ---> TOURGUIDESERVICE
getUserRewards ---> TOURGUIDESERVICE
getUserRewards ---> TOURGUIDESERVICE
getUserRewards ---> TOURGUIDESERVICE
getUserRewards ---> TOURGUIDESERVICE
getUserRewards ---> TOURGUIDESERVICE
getUserRewards ---> TOURGUIDESERVICE
getUserRewards ---> TOURGUIDESERVICE
getUserRewards ---> TOURGUIDESERVICE
getUserRewards ---> TOURGUIDESERVICE
getUserRewards ---> TOURGUIDESERVICE
getUserRewards ---> TOURGUIDESERVICE
getUserRewards ---> TOURGUIDESERVICE
getUserRewards ---> TOURGUIDESERVICE
getUserRewards ---> TOURGUIDESERVICE
getUserRewards ---> TOURGUIDESERVICE
getUserRewards ---> TOURGUIDESERVICE
getUserRewards ---> TOURGUIDESERVICE
getUserRewards ---> TOURGUIDESERVICE
getUserRewards ---> TOURGUIDESERVICE
getUserRewards ---> TOURGUIDESERVICE
getUserRewards ---> TOURGUIDESERVICE
getUserRewards ---> TOURGUIDESERVICE
getUserRewards ---> TOURGUIDESERVICE
getUserRewards ---> TOURGUIDESERVICE
getUserRewards ---> TOURGUIDESERVICE
getUserRewards ---> TOURGUIDESERVICE
getUserRewards ---> TOURGUIDESERVICE
getUserRewards ---> TOURGUIDESERVICE
getUserRewards ---> TOURGUIDESERVICE
getUserRewards ---> TOURGUIDESERVICE
getUserRewards ---> TOURGUIDESERVICE
getUserRewards ---> TOURGUIDESERVICE
getUserRewards ---> TOURGUIDESERVICE
getUserRewards ---> TOURGUIDESERVICE
getUserRewards ---> TOURGUIDESERVICE
getUserRewards ---> TOURGUIDESERVICE
getUserRewards ---> TOURGUIDESERVICE
getUserRewards ---> TOURGUIDESERVICE
getUserRewards ---> TOURGUIDESERVICE
getUserRewards ---> TOURGUIDESERVICE
getUserRewards ---> TOURGUIDESERVICE
getUserRewards ---> TOURGUIDESERVICE
getUserRewards ---> TOURGUIDESERVICE
getUserRewards ---> TOURGUIDESERVICE
getUserRewards ---> TOURGUIDESERVICE
getUserRewards ---> TOURGUIDESERVICE
getUserRewards ---> TOURGUIDESERVICE
getUserRewards ---> TOURGUIDESERVICE
getUserRewards ---> TOURGUIDESERVICE
getUserRewards ---> TOURGUIDESERVICE
getUserRewards ---> TOURGUIDESERVICE
getUserRewards ---> TOURGUIDESERVICE
getUserRewards ---> TOURGUIDESERVICE
getUserRewards ---> TOURGUIDESERVICE
getUserRewards ---> TOURGUIDESERVICE
getUserRewards ---> TOURGUIDESERVICE
getUserRewards ---> TOURGUIDESERVICE
getUserRewards ---> TOURGUIDESERVICE
getUserRewards ---> TOURGUIDESERVICE
getUserRewards ---> TOURGUIDESERVICE
getUserRewards ---> TOURGUIDESERVICE
getUserRewards ---> TOURGUIDESERVICE
getUserRewards ---> TOURGUIDESERVICE
getUserRewards ---> TOURGUIDESERVICE
getUserRewards ---> TOURGUIDESERVICE
getUserRewards ---> TOURGUIDESERVICE
getUserRewards ---> TOURGUIDESERVICE
getUserRewards ---> TOURGUIDESERVICE
getUserRewards ---> TOURGUIDESERVICE
getUserRewards ---> TOURGUIDESERVICE
getUserRewards ---> TOURGUIDESERVICE
getUserRewards ---> TOURGUIDESERVICE
getUserRewards ---> TOURGUIDESERVICE
getUserRewards ---> TOURGUIDESERVICE
getUserRewards ---> TOURGUIDESERVICE
getUserRewards ---> TOURGUIDESERVICE
getUserRewards ---> TOURGUIDESERVICE
getUserRewards ---> TOURGUIDESERVICE
getUserRewards ---> TOURGUIDESERVICE
getUserRewards ---> TOURGUIDESERVICE
getUserRewards ---> TOURGUIDESERVICE
getUserRewards ---> TOURGUIDESERVICE
getUserRewards ---> TOURGUIDESERVICE
getUserRewards ---> TOURGUIDESERVICE
getUserRewards ---> TOURGUIDESERVICE
getUserRewards ---> TOURGUIDESERVICE
getUserRewards ---> TOURGUIDESERVICE
getUserRewards ---> TOURGUIDESERVICE
getUserRewards ---> TOURGUIDESERVICE
getUserRewards ---> TOURGUIDESERVICE
getUserRewards ---> TOURGUIDESERVICE
getUserRewards ---> TOURGUIDESERVICE
getUserRewards ---> TOURGUIDESERVICE
getUserRewards ---> TOURGUIDESERVICE
getUserRewards ---> TOURGUIDESERVICE
getUserRewards ---> TOURGUIDESERVICE
getUserRewards ---> TOURGUIDESERVICE
getUserRewards ---> TOURGUIDESERVICE
getUserRewards ---> TOURGUIDESERVICE
getUserRewards ---> TOURGUIDESERVICE
getUserRewards ---> TOURGUIDESERVICE
getUserRewards ---> TOURGUIDESERVICE
getUserRewards ---> TOURGUIDESERVICE
getUserRewards ---> TOURGUIDESERVICE
getUserRewards ---> TOURGUIDESERVICE
getUserRewards ---> TOURGUIDESERVICE
getUserRewards ---> TOURGUIDESERVICE
getUserRewards ---> TOURGUIDESERVICE
getUserRewards ---> TOURGUIDESERVICE
getUserRewards ---> TOURGUIDESERVICE
getUserRewards ---> TOURGUIDESERVICE
getUserRewards ---> TOURGUIDESERVICE
getUserRewards ---> TOURGUIDESERVICE
getUserRewards ---> TOURGUIDESERVICE
getUserRewards ---> TOURGUIDESERVICE
getUserRewards ---> TOURGUIDESERVICE
getUserRewards ---> TOURGUIDESERVICE
getUserRewards ---> TOURGUIDESERVICE
getUserRewards ---> TOURGUIDESERVICE
getUserRewards ---> TOURGUIDESERVICE
getUserRewards ---> TOURGUIDESERVICE
getUserRewards ---> TOURGUIDESERVICE
getUserRewards ---> TOURGUIDESERVICE
getUserRewards ---> TOURGUIDESERVICE
getUserRewards ---> TOURGUIDESERVICE
getUserRewards ---> TOURGUIDESERVICE
getUserRewards ---> TOURGUIDESERVICE
getUserRewards ---> TOURGUIDESERVICE
getUserRewards ---> TOURGUIDESERVICE
getUserRewards ---> TOURGUIDESERVICE
getUserRewards ---> TOURGUIDESERVICE
getUserRewards ---> TOURGUIDESERVICE
getUserRewards ---> TOURGUIDESERVICE
getUserRewards ---> TOURGUIDESERVICE
getUserRewards ---> TOURGUIDESERVICE
getUserRewards ---> TOURGUIDESERVICE
getUserRewards ---> TOURGUIDESERVICE
getUserRewards ---> TOURGUIDESERVICE
getUserRewards ---> TOURGUIDESERVICE
getUserRewards ---> TOURGUIDESERVICE
getUserRewards ---> TOURGUIDESERVICE
getUserRewards ---> TOURGUIDESERVICE
getUserRewards ---> TOURGUIDESERVICE
getUserRewards ---> TOURGUIDESERVICE
getUserRewards ---> TOURGUIDESERVICE
getUserRewards ---> TOURGUIDESERVICE
getUserRewards ---> TOURGUIDESERVICE
getUserRewards ---> TOURGUIDESERVICE
getUserRewards ---> TOURGUIDESERVICE
getUserRewards ---> TOURGUIDESERVICE
getUserRewards ---> TOURGUIDESERVICE
getUserRewards ---> TOURGUIDESERVICE
getUserRewards ---> TOURGUIDESERVICE
getUserRewards ---> TOURGUIDESERVICE
getUserRewards ---> TOURGUIDESERVICE
getUserRewards ---> TOURGUIDESERVICE
getUserRewards ---> TOURGUIDESERVICE
getUserRewards ---> TOURGUIDESERVICE
getUserRewards ---> TOURGUIDESERVICE
getUserRewards ---> TOURGUIDESERVICE
getUserRewards ---> TOURGUIDESERVICE
getUserRewards ---> TOURGUIDESERVICE
getUserRewards ---> TOURGUIDESERVICE
getUserRewards ---> TOURGUIDESERVICE
getUserRewards ---> TOURGUIDESERVICE
getUserRewards ---> TOURGUIDESERVICE
getUserRewards ---> TOURGUIDESERVICE
getUserRewards ---> TOURGUIDESERVICE
getUserRewards ---> TOURGUIDESERVICE
getUserRewards ---> TOURGUIDESERVICE
getUserRewards ---> TOURGUIDESERVICE
getUserRewards ---> TOURGUIDESERVICE
getUserRewards ---> TOURGUIDESERVICE
getUserRewards ---> TOURGUIDESERVICE
getUserRewards ---> TOURGUIDESERVICE
getUserRewards ---> TOURGUIDESERVICE
getUserRewards ---> TOURGUIDESERVICE
getUserRewards ---> TOURGUIDESERVICE
getUserRewards ---> TOURGUIDESERVICE
getUserRewards ---> TOURGUIDESERVICE
getUserRewards ---> TOURGUIDESERVICE
getUserRewards ---> TOURGUIDESERVICE
getUserRewards ---> TOURGUIDESERVICE
getUserRewards ---> TOURGUIDESERVICE
getUserRewards ---> TOURGUIDESERVICE
getUserRewards ---> TOURGUIDESERVICE
getUserRewards ---> TOURGUIDESERVICE
getUserRewards ---> TOURGUIDESERVICE
getUserRewards ---> TOURGUIDESERVICE
getUserRewards ---> TOURGUIDESERVICE
getUserRewards ---> TOURGUIDESERVICE
getUserRewards ---> TOURGUIDESERVICE
getUserRewards ---> TOURGUIDESERVICE
getUserRewards ---> TOURGUIDESERVICE
getUserRewards ---> TOURGUIDESERVICE
getUserRewards ---> TOURGUIDESERVICE
getUserRewards ---> TOURGUIDESERVICE
getUserRewards ---> TOURGUIDESERVICE
getUserRewards ---> TOURGUIDESERVICE
getUserRewards ---> TOURGUIDESERVICE
getUserRewards ---> TOURGUIDESERVICE
getUserRewards ---> TOURGUIDESERVICE
getUserRewards ---> TOURGUIDESERVICE
getUserRewards ---> TOURGUIDESERVICE
getUserRewards ---> TOURGUIDESERVICE
getUserRewards ---> TOURGUIDESERVICE
getUserRewards ---> TOURGUIDESERVICE
getUserRewards ---> TOURGUIDESERVICE
getUserRewards ---> TOURGUIDESERVICE
getUserRewards ---> TOURGUIDESERVICE
getUserRewards ---> TOURGUIDESERVICE
getUserRewards ---> TOURGUIDESERVICE
getUserRewards ---> TOURGUIDESERVICE
getUserRewards ---> TOURGUIDESERVICE
getUserRewards ---> TOURGUIDESERVICE
getUserRewards ---> TOURGUIDESERVICE
getUserRewards ---> TOURGUIDESERVICE
getUserRewards ---> TOURGUIDESERVICE
getUserRewards ---> TOURGUIDESERVICE
getUserRewards ---> TOURGUIDESERVICE
getUserRewards ---> TOURGUIDESERVICE
getUserRewards ---> TOURGUIDESERVICE
getUserRewards ---> TOURGUIDESERVICE
getUserRewards ---> TOURGUIDESERVICE
getUserRewards ---> TOURGUIDESERVICE
getUserRewards ---> TOURGUIDESERVICE
getUserRewards ---> TOURGUIDESERVICE
getUserRewards ---> TOURGUIDESERVICE
getUserRewards ---> TOURGUIDESERVICE
getUserRewards ---> TOURGUIDESERVICE
getUserRewards ---> TOURGUIDESERVICE
getUserRewards ---> TOURGUIDESERVICE
getUserRewards ---> TOURGUIDESERVICE
getUserRewards ---> TOURGUIDESERVICE
getUserRewards ---> TOURGUIDESERVICE
getUserRewards ---> TOURGUIDESERVICE
getUserRewards ---> TOURGUIDESERVICE
getUserRewards ---> TOURGUIDESERVICE
getUserRewards ---> TOURGUIDESERVICE
getUserRewards ---> TOURGUIDESERVICE
getUserRewards ---> TOURGUIDESERVICE
getUserRewards ---> TOURGUIDESERVICE
getUserRewards ---> TOURGUIDESERVICE
getUserRewards ---> TOURGUIDESERVICE
getUserRewards ---> TOURGUIDESERVICE
getUserRewards ---> TOURGUIDESERVICE
getUserRewards ---> TOURGUIDESERVICE
getUserRewards ---> TOURGUIDESERVICE
getUserRewards ---> TOURGUIDESERVICE
getUserRewards ---> TOURGUIDESERVICE
getUserRewards ---> TOURGUIDESERVICE
getUserRewards ---> TOURGUIDESERVICE
getUserRewards ---> TOURGUIDESERVICE
getUserRewards ---> TOURGUIDESERVICE
getUserRewards ---> TOURGUIDESERVICE
getUserRewards ---> TOURGUIDESERVICE
getUserRewards ---> TOURGUIDESERVICE
getUserRewards ---> TOURGUIDESERVICE
getUserRewards ---> TOURGUIDESERVICE
getUserRewards ---> TOURGUIDESERVICE
getUserRewards ---> TOURGUIDESERVICE
getUserRewards ---> TOURGUIDESERVICE
getUserRewards ---> TOURGUIDESERVICE
getUserRewards ---> TOURGUIDESERVICE
getUserRewards ---> TOURGUIDESERVICE
getUserRewards ---> TOURGUIDESERVICE
getUserRewards ---> TOURGUIDESERVICE
getUserRewards ---> TOURGUIDESERVICE
getUserRewards ---> TOURGUIDESERVICE
getUserRewards ---> TOURGUIDESERVICE
getUserRewards ---> TOURGUIDESERVICE
getUserRewards ---> TOURGUIDESERVICE
getUserRewards ---> TOURGUIDESERVICE
getUserRewards ---> TOURGUIDESERVICE
getUserRewards ---> TOURGUIDESERVICE
getUserRewards ---> TOURGUIDESERVICE
getUserRewards ---> TOURGUIDESERVICE
getUserRewards ---> TOURGUIDESERVICE
getUserRewards ---> TOURGUIDESERVICE
getUserRewards ---> TOURGUIDESERVICE
getUserRewards ---> TOURGUIDESERVICE
getUserRewards ---> TOURGUIDESERVICE
getUserRewards ---> TOURGUIDESERVICE
getUserRewards ---> TOURGUIDESERVICE
getUserRewards ---> TOURGUIDESERVICE
getUserRewards ---> TOURGUIDESERVICE
getUserRewards ---> TOURGUIDESERVICE
getUserRewards ---> TOURGUIDESERVICE
getUserRewards ---> TOURGUIDESERVICE
getUserRewards ---> TOURGUIDESERVICE
getUserRewards ---> TOURGUIDESERVICE
getUserRewards ---> TOURGUIDESERVICE
getUserRewards ---> TOURGUIDESERVICE
getUserRewards ---> TOURGUIDESERVICE
getUserRewards ---> TOURGUIDESERVICE
getUserRewards ---> TOURGUIDESERVICE
getUserRewards ---> TOURGUIDESERVICE
getUserRewards ---> TOURGUIDESERVICE
getUserRewards ---> TOURGUIDESERVICE
getUserRewards ---> TOURGUIDESERVICE
getUserRewards ---> TOURGUIDESERVICE
getUserRewards ---> TOURGUIDESERVICE
getUserRewards ---> TOURGUIDESERVICE
getUserRewards ---> TOURGUIDESERVICE
getUserRewards ---> TOURGUIDESERVICE
getUserRewards ---> TOURGUIDESERVICE
getUserRewards ---> TOURGUIDESERVICE
getUserRewards ---> TOURGUIDESERVICE
getUserRewards ---> TOURGUIDESERVICE
getUserRewards ---> TOURGUIDESERVICE
getUserRewards ---> TOURGUIDESERVICE
getUserRewards ---> TOURGUIDESERVICE
getUserRewards ---> TOURGUIDESERVICE
getUserRewards ---> TOURGUIDESERVICE
getUserRewards ---> TOURGUIDESERVICE
getUserRewards ---> TOURGUIDESERVICE
getUserRewards ---> TOURGUIDESERVICE
getUserRewards ---> TOURGUIDESERVICE
getUserRewards ---> TOURGUIDESERVICE
getUserRewards ---> TOURGUIDESERVICE
getUserRewards ---> TOURGUIDESERVICE
getUserRewards ---> TOURGUIDESERVICE
getUserRewards ---> TOURGUIDESERVICE
getUserRewards ---> TOURGUIDESERVICE
getUserRewards ---> TOURGUIDESERVICE
getUserRewards ---> TOURGUIDESERVICE
getUserRewards ---> TOURGUIDESERVICE
getUserRewards ---> TOURGUIDESERVICE
getUserRewards ---> TOURGUIDESERVICE
getUserRewards ---> TOURGUIDESERVICE
getUserRewards ---> TOURGUIDESERVICE
getUserRewards ---> TOURGUIDESERVICE
getUserRewards ---> TOURGUIDESERVICE
getUserRewards ---> TOURGUIDESERVICE
getUserRewards ---> TOURGUIDESERVICE
getUserRewards ---> TOURGUIDESERVICE
getUserRewards ---> TOURGUIDESERVICE
getUserRewards ---> TOURGUIDESERVICE
getUserRewards ---> TOURGUIDESERVICE
getUserRewards ---> TOURGUIDESERVICE
getUserRewards ---> TOURGUIDESERVICE
getUserRewards ---> TOURGUIDESERVICE
getUserRewards ---> TOURGUIDESERVICE
getUserRewards ---> TOURGUIDESERVICE
getUserRewards ---> TOURGUIDESERVICE
getUserRewards ---> TOURGUIDESERVICE
getUserRewards ---> TOURGUIDESERVICE
getUserRewards ---> TOURGUIDESERVICE
getUserRewards ---> TOURGUIDESERVICE
getUserRewards ---> TOURGUIDESERVICE
getUserRewards ---> TOURGUIDESERVICE
getUserRewards ---> TOURGUIDESERVICE
getUserRewards ---> TOURGUIDESERVICE
getUserRewards ---> TOURGUIDESERVICE
getUserRewards ---> TOURGUIDESERVICE
getUserRewards ---> TOURGUIDESERVICE
getUserRewards ---> TOURGUIDESERVICE
getUserRewards ---> TOURGUIDESERVICE
getUserRewards ---> TOURGUIDESERVICE
getUserRewards ---> TOURGUIDESERVICE
getUserRewards ---> TOURGUIDESERVICE
getUserRewards ---> TOURGUIDESERVICE
getUserRewards ---> TOURGUIDESERVICE
getUserRewards ---> TOURGUIDESERVICE
getUserRewards ---> TOURGUIDESERVICE
getUserRewards ---> TOURGUIDESERVICE
getUserRewards ---> TOURGUIDESERVICE
getUserRewards ---> TOURGUIDESERVICE
getUserRewards ---> TOURGUIDESERVICE
getUserRewards ---> TOURGUIDESERVICE
getUserRewards ---> TOURGUIDESERVICE
getUserRewards ---> TOURGUIDESERVICE
getUserRewards ---> TOURGUIDESERVICE
getUserRewards ---> TOURGUIDESERVICE
getUserRewards ---> TOURGUIDESERVICE
getUserRewards ---> TOURGUIDESERVICE
getUserRewards ---> TOURGUIDESERVICE
getUserRewards ---> TOURGUIDESERVICE
getUserRewards ---> TOURGUIDESERVICE
getUserRewards ---> TOURGUIDESERVICE
getUserRewards ---> TOURGUIDESERVICE
getUserRewards ---> TOURGUIDESERVICE
getUserRewards ---> TOURGUIDESERVICE
getUserRewards ---> TOURGUIDESERVICE
getUserRewards ---> TOURGUIDESERVICE
getUserRewards ---> TOURGUIDESERVICE
getUserRewards ---> TOURGUIDESERVICE
getUserRewards ---> TOURGUIDESERVICE
getUserRewards ---> TOURGUIDESERVICE
getUserRewards ---> TOURGUIDESERVICE
getUserRewards ---> TOURGUIDESERVICE
getUserRewards ---> TOURGUIDESERVICE
getUserRewards ---> TOURGUIDESERVICE
getUserRewards ---> TOURGUIDESERVICE
getUserRewards ---> TOURGUIDESERVICE
getUserRewards ---> TOURGUIDESERVICE
getUserRewards ---> TOURGUIDESERVICE
getUserRewards ---> TOURGUIDESERVICE
getUserRewards ---> TOURGUIDESERVICE
getUserRewards ---> TOURGUIDESERVICE
getUserRewards ---> TOURGUIDESERVICE
getUserRewards ---> TOURGUIDESERVICE
getUserRewards ---> TOURGUIDESERVICE
getUserRewards ---> TOURGUIDESERVICE
getUserRewards ---> TOURGUIDESERVICE
getUserRewards ---> TOURGUIDESERVICE
getUserRewards ---> TOURGUIDESERVICE
getUserRewards ---> TOURGUIDESERVICE
getUserRewards ---> TOURGUIDESERVICE
getUserRewards ---> TOURGUIDESERVICE
getUserRewards ---> TOURGUIDESERVICE
getUserRewards ---> TOURGUIDESERVICE
getUserRewards ---> TOURGUIDESERVICE
getUserRewards ---> TOURGUIDESERVICE
getUserRewards ---> TOURGUIDESERVICE
getUserRewards ---> TOURGUIDESERVICE
getUserRewards ---> TOURGUIDESERVICE
getUserRewards ---> TOURGUIDESERVICE
getUserRewards ---> TOURGUIDESERVICE
getUserRewards ---> TOURGUIDESERVICE
getUserRewards ---> TOURGUIDESERVICE
getUserRewards ---> TOURGUIDESERVICE
getUserRewards ---> TOURGUIDESERVICE
getUserRewards ---> TOURGUIDESERVICE
getUserRewards ---> TOURGUIDESERVICE
getUserRewards ---> TOURGUIDESERVICE
getUserRewards ---> TOURGUIDESERVICE
getUserRewards ---> TOURGUIDESERVICE
getUserRewards ---> TOURGUIDESERVICE
getUserRewards ---> TOURGUIDESERVICE
getUserRewards ---> TOURGUIDESERVICE
getUserRewards ---> TOURGUIDESERVICE
getUserRewards ---> TOURGUIDESERVICE
getUserRewards ---> TOURGUIDESERVICE
getUserRewards ---> TOURGUIDESERVICE
getUserRewards ---> TOURGUIDESERVICE
getUserRewards ---> TOURGUIDESERVICE
getUserRewards ---> TOURGUIDESERVICE
getUserRewards ---> TOURGUIDESERVICE
getUserRewards ---> TOURGUIDESERVICE
getUserRewards ---> TOURGUIDESERVICE
getUserRewards ---> TOURGUIDESERVICE
getUserRewards ---> TOURGUIDESERVICE
getUserRewards ---> TOURGUIDESERVICE
getUserRewards ---> TOURGUIDESERVICE
getUserRewards ---> TOURGUIDESERVICE
getUserRewards ---> TOURGUIDESERVICE
getUserRewards ---> TOURGUIDESERVICE
getUserRewards ---> TOURGUIDESERVICE
getUserRewards ---> TOURGUIDESERVICE
getUserRewards ---> TOURGUIDESERVICE
getUserRewards ---> TOURGUIDESERVICE
getUserRewards ---> TOURGUIDESERVICE
getUserRewards ---> TOURGUIDESERVICE
getUserRewards ---> TOURGUIDESERVICE
getUserRewards ---> TOURGUIDESERVICE
getUserRewards ---> TOURGUIDESERVICE
getUserRewards ---> TOURGUIDESERVICE
getUserRewards ---> TOURGUIDESERVICE
getUserRewards ---> TOURGUIDESERVICE
getUserRewards ---> TOURGUIDESERVICE
getUserRewards ---> TOURGUIDESERVICE
getUserRewards ---> TOURGUIDESERVICE
getUserRewards ---> TOURGUIDESERVICE
getUserRewards ---> TOURGUIDESERVICE
getUserRewards ---> TOURGUIDESERVICE
getUserRewards ---> TOURGUIDESERVICE
getUserRewards ---> TOURGUIDESERVICE
getUserRewards ---> TOURGUIDESERVICE
getUserRewards ---> TOURGUIDESERVICE
getUserRewards ---> TOURGUIDESERVICE
getUserRewards ---> TOURGUIDESERVICE
getUserRewards ---> TOURGUIDESERVICE
getUserRewards ---> TOURGUIDESERVICE
getUserRewards ---> TOURGUIDESERVICE
getUserRewards ---> TOURGUIDESERVICE
getUserRewards ---> TOURGUIDESERVICE
getUserRewards ---> TOURGUIDESERVICE
getUserRewards ---> TOURGUIDESERVICE
getUserRewards ---> TOURGUIDESERVICE
getUserRewards ---> TOURGUIDESERVICE
getUserRewards ---> TOURGUIDESERVICE
getUserRewards ---> TOURGUIDESERVICE
getUserRewards ---> TOURGUIDESERVICE
getUserRewards ---> TOURGUIDESERVICE
getUserRewards ---> TOURGUIDESERVICE
getUserRewards ---> TOURGUIDESERVICE
getUserRewards ---> TOURGUIDESERVICE
getUserRewards ---> TOURGUIDESERVICE
getUserRewards ---> TOURGUIDESERVICE
getUserRewards ---> TOURGUIDESERVICE
getUserRewards ---> TOURGUIDESERVICE
getUserRewards ---> TOURGUIDESERVICE
getUserRewards ---> TOURGUIDESERVICE
getUserRewards ---> TOURGUIDESERVICE
getUserRewards ---> TOURGUIDESERVICE
getUserRewards ---> TOURGUIDESERVICE
getUserRewards ---> TOURGUIDESERVICE
getUserRewards ---> TOURGUIDESERVICE
getUserRewards ---> TOURGUIDESERVICE
getUserRewards ---> TOURGUIDESERVICE
getUserRewards ---> TOURGUIDESERVICE
getUserRewards ---> TOURGUIDESERVICE
getUserRewards ---> TOURGUIDESERVICE
getUserRewards ---> TOURGUIDESERVICE
getUserRewards ---> TOURGUIDESERVICE
getUserRewards ---> TOURGUIDESERVICE
getUserRewards ---> TOURGUIDESERVICE
getUserRewards ---> TOURGUIDESERVICE
getUserRewards ---> TOURGUIDESERVICE
getUserRewards ---> TOURGUIDESERVICE
getUserRewards ---> TOURGUIDESERVICE
getUserRewards ---> TOURGUIDESERVICE
getUserRewards ---> TOURGUIDESERVICE
getUserRewards ---> TOURGUIDESERVICE
getUserRewards ---> TOURGUIDESERVICE
getUserRewards ---> TOURGUIDESERVICE
getUserRewards ---> TOURGUIDESERVICE
getUserRewards ---> TOURGUIDESERVICE
getUserRewards ---> TOURGUIDESERVICE
getUserRewards ---> TOURGUIDESERVICE
getUserRewards ---> TOURGUIDESERVICE
getUserRewards ---> TOURGUIDESERVICE
getUserRewards ---> TOURGUIDESERVICE
getUserRewards ---> TOURGUIDESERVICE
getUserRewards ---> TOURGUIDESERVICE
getUserRewards ---> TOURGUIDESERVICE
getUserRewards ---> TOURGUIDESERVICE
getUserRewards ---> TOURGUIDESERVICE
getUserRewards ---> TOURGUIDESERVICE
getUserRewards ---> TOURGUIDESERVICE
getUserRewards ---> TOURGUIDESERVICE
getUserRewards ---> TOURGUIDESERVICE
getUserRewards ---> TOURGUIDESERVICE
getUserRewards ---> TOURGUIDESERVICE
getUserRewards ---> TOURGUIDESERVICE
getUserRewards ---> TOURGUIDESERVICE
getUserRewards ---> TOURGUIDESERVICE
getUserRewards ---> TOURGUIDESERVICE
getUserRewards ---> TOURGUIDESERVICE
getUserRewards ---> TOURGUIDESERVICE
getUserRewards ---> TOURGUIDESERVICE
getUserRewards ---> TOURGUIDESERVICE
getUserRewards ---> TOURGUIDESERVICE
getUserRewards ---> TOURGUIDESERVICE
getUserRewards ---> TOURGUIDESERVICE
getUserRewards ---> TOURGUIDESERVICE
getUserRewards ---> TOURGUIDESERVICE
getUserRewards ---> TOURGUIDESERVICE
getUserRewards ---> TOURGUIDESERVICE
getUserRewards ---> TOURGUIDESERVICE
getUserRewards ---> TOURGUIDESERVICE
getUserRewards ---> TOURGUIDESERVICE
getUserRewards ---> TOURGUIDESERVICE
getUserRewards ---> TOURGUIDESERVICE
getUserRewards ---> TOURGUIDESERVICE
getUserRewards ---> TOURGUIDESERVICE
getUserRewards ---> TOURGUIDESERVICE
getUserRewards ---> TOURGUIDESERVICE
getUserRewards ---> TOURGUIDESERVICE
getUserRewards ---> TOURGUIDESERVICE
getUserRewards ---> TOURGUIDESERVICE
getUserRewards ---> TOURGUIDESERVICE
getUserRewards ---> TOURGUIDESERVICE
getUserRewards ---> TOURGUIDESERVICE
getUserRewards ---> TOURGUIDESERVICE
getUserRewards ---> TOURGUIDESERVICE
getUserRewards ---> TOURGUIDESERVICE
getUserRewards ---> TOURGUIDESERVICE
getUserRewards ---> TOURGUIDESERVICE
getUserRewards ---> TOURGUIDESERVICE
getUserRewards ---> TOURGUIDESERVICE
getUserRewards ---> TOURGUIDESERVICE
getUserRewards ---> TOURGUIDESERVICE
getUserRewards ---> TOURGUIDESERVICE
getUserRewards ---> TOURGUIDESERVICE
getUserRewards ---> TOURGUIDESERVICE
getUserRewards ---> TOURGUIDESERVICE
getUserRewards ---> TOURGUIDESERVICE
getUserRewards ---> TOURGUIDESERVICE
getUserRewards ---> TOURGUIDESERVICE
getUserRewards ---> TOURGUIDESERVICE
getUserRewards ---> TOURGUIDESERVICE
getUserRewards ---> TOURGUIDESERVICE
getUserRewards ---> TOURGUIDESERVICE
getUserRewards ---> TOURGUIDESERVICE
getUserRewards ---> TOURGUIDESERVICE
getUserRewards ---> TOURGUIDESERVICE
getUserRewards ---> TOURGUIDESERVICE
getUserRewards ---> TOURGUIDESERVICE
getUserRewards ---> TOURGUIDESERVICE
getUserRewards ---> TOURGUIDESERVICE
getUserRewards ---> TOURGUIDESERVICE
getUserRewards ---> TOURGUIDESERVICE
getUserRewards ---> TOURGUIDESERVICE
getUserRewards ---> TOURGUIDESERVICE
getUserRewards ---> TOURGUIDESERVICE
getUserRewards ---> TOURGUIDESERVICE
getUserRewards ---> TOURGUIDESERVICE
getUserRewards ---> TOURGUIDESERVICE
getUserRewards ---> TOURGUIDESERVICE
getUserRewards ---> TOURGUIDESERVICE
getUserRewards ---> TOURGUIDESERVICE
getUserRewards ---> TOURGUIDESERVICE
getUserRewards ---> TOURGUIDESERVICE
getUserRewards ---> TOURGUIDESERVICE
getUserRewards ---> TOURGUIDESERVICE
getUserRewards ---> TOURGUIDESERVICE
getUserRewards ---> TOURGUIDESERVICE
getUserRewards ---> TOURGUIDESERVICE
getUserRewards ---> TOURGUIDESERVICE
getUserRewards ---> TOURGUIDESERVICE
getUserRewards ---> TOURGUIDESERVICE
getUserRewards ---> TOURGUIDESERVICE
getUserRewards ---> TOURGUIDESERVICE
getUserRewards ---> TOURGUIDESERVICE
getUserRewards ---> TOURGUIDESERVICE
getUserRewards ---> TOURGUIDESERVICE
getUserRewards ---> TOURGUIDESERVICE
getUserRewards ---> TOURGUIDESERVICE
getUserRewards ---> TOURGUIDESERVICE
getUserRewards ---> TOURGUIDESERVICE
getUserRewards ---> TOURGUIDESERVICE
getUserRewards ---> TOURGUIDESERVICE
getUserRewards ---> TOURGUIDESERVICE
getUserRewards ---> TOURGUIDESERVICE
getUserRewards ---> TOURGUIDESERVICE
getUserRewards ---> TOURGUIDESERVICE
getUserRewards ---> TOURGUIDESERVICE
getUserRewards ---> TOURGUIDESERVICE
getUserRewards ---> TOURGUIDESERVICE
getUserRewards ---> TOURGUIDESERVICE
getUserRewards ---> TOURGUIDESERVICE
getUserRewards ---> TOURGUIDESERVICE
getUserRewards ---> TOURGUIDESERVICE
getUserRewards ---> TOURGUIDESERVICE
getUserRewards ---> TOURGUIDESERVICE
getUserRewards ---> TOURGUIDESERVICE
getUserRewards ---> TOURGUIDESERVICE
getUserRewards ---> TOURGUIDESERVICE
getUserRewards ---> TOURGUIDESERVICE
getUserRewards ---> TOURGUIDESERVICE
getUserRewards ---> TOURGUIDESERVICE
getUserRewards ---> TOURGUIDESERVICE
getUserRewards ---> TOURGUIDESERVICE
getUserRewards ---> TOURGUIDESERVICE
getUserRewards ---> TOURGUIDESERVICE
getUserRewards ---> TOURGUIDESERVICE
getUserRewards ---> TOURGUIDESERVICE
getUserRewards ---> TOURGUIDESERVICE
getUserRewards ---> TOURGUIDESERVICE
getUserRewards ---> TOURGUIDESERVICE
getUserRewards ---> TOURGUIDESERVICE
getUserRewards ---> TOURGUIDESERVICE
getUserRewards ---> TOURGUIDESERVICE
getUserRewards ---> TOURGUIDESERVICE
getUserRewards ---> TOURGUIDESERVICE
getUserRewards ---> TOURGUIDESERVICE
getUserRewards ---> TOURGUIDESERVICE
getUserRewards ---> TOURGUIDESERVICE
getUserRewards ---> TOURGUIDESERVICE
getUserRewards ---> TOURGUIDESERVICE
getUserRewards ---> TOURGUIDESERVICE
getUserRewards ---> TOURGUIDESERVICE
getUserRewards ---> TOURGUIDESERVICE
getUserRewards ---> TOURGUIDESERVICE
getUserRewards ---> TOURGUIDESERVICE
getUserRewards ---> TOURGUIDESERVICE
getUserRewards ---> TOURGUIDESERVICE
getUserRewards ---> TOURGUIDESERVICE
getUserRewards ---> TOURGUIDESERVICE
getUserRewards ---> TOURGUIDESERVICE
getUserRewards ---> TOURGUIDESERVICE
getUserRewards ---> TOURGUIDESERVICE
getUserRewards ---> TOURGUIDESERVICE
getUserRewards ---> TOURGUIDESERVICE
getUserRewards ---> TOURGUIDESERVICE
getUserRewards ---> TOURGUIDESERVICE
getUserRewards ---> TOURGUIDESERVICE
getUserRewards ---> TOURGUIDESERVICE
getUserRewards ---> TOURGUIDESERVICE
getUserRewards ---> TOURGUIDESERVICE
getUserRewards ---> TOURGUIDESERVICE
getUserRewards ---> TOURGUIDESERVICE
getUserRewards ---> TOURGUIDESERVICE
getUserRewards ---> TOURGUIDESERVICE
getUserRewards ---> TOURGUIDESERVICE
getUserRewards ---> TOURGUIDESERVICE
getUserRewards ---> TOURGUIDESERVICE
getUserRewards ---> TOURGUIDESERVICE
getUserRewards ---> TOURGUIDESERVICE
getUserRewards ---> TOURGUIDESERVICE
getUserRewards ---> TOURGUIDESERVICE
getUserRewards ---> TOURGUIDESERVICE
getUserRewards ---> TOURGUIDESERVICE
getUserRewards ---> TOURGUIDESERVICE
getUserRewards ---> TOURGUIDESERVICE
getUserRewards ---> TOURGUIDESERVICE
getUserRewards ---> TOURGUIDESERVICE
getUserRewards ---> TOURGUIDESERVICE
getUserRewards ---> TOURGUIDESERVICE
getUserRewards ---> TOURGUIDESERVICE
getUserRewards ---> TOURGUIDESERVICE
getUserRewards ---> TOURGUIDESERVICE
getUserRewards ---> TOURGUIDESERVICE
getUserRewards ---> TOURGUIDESERVICE
getUserRewards ---> TOURGUIDESERVICE
getUserRewards ---> TOURGUIDESERVICE
getUserRewards ---> TOURGUIDESERVICE
getUserRewards ---> TOURGUIDESERVICE
getUserRewards ---> TOURGUIDESERVICE
getUserRewards ---> TOURGUIDESERVICE
getUserRewards ---> TOURGUIDESERVICE
getUserRewards ---> TOURGUIDESERVICE
getUserRewards ---> TOURGUIDESERVICE
getUserRewards ---> TOURGUIDESERVICE
getUserRewards ---> TOURGUIDESERVICE
getUserRewards ---> TOURGUIDESERVICE
getUserRewards ---> TOURGUIDESERVICE
getUserRewards ---> TOURGUIDESERVICE
getUserRewards ---> TOURGUIDESERVICE
getUserRewards ---> TOURGUIDESERVICE
getUserRewards ---> TOURGUIDESERVICE
getUserRewards ---> TOURGUIDESERVICE
getUserRewards ---> TOURGUIDESERVICE
getUserRewards ---> TOURGUIDESERVICE
getUserRewards ---> TOURGUIDESERVICE
getUserRewards ---> TOURGUIDESERVICE
getUserRewards ---> TOURGUIDESERVICE
getUserRewards ---> TOURGUIDESERVICE
getUserRewards ---> TOURGUIDESERVICE
getUserRewards ---> TOURGUIDESERVICE
getUserRewards ---> TOURGUIDESERVICE
getUserRewards ---> TOURGUIDESERVICE
getUserRewards ---> TOURGUIDESERVICE
getUserRewards ---> TOURGUIDESERVICE
getUserRewards ---> TOURGUIDESERVICE
getUserRewards ---> TOURGUIDESERVICE
getUserRewards ---> TOURGUIDESERVICE
getUserRewards ---> TOURGUIDESERVICE
getUserRewards ---> TOURGUIDESERVICE
getUserRewards ---> TOURGUIDESERVICE
getUserRewards ---> TOURGUIDESERVICE
getUserRewards ---> TOURGUIDESERVICE
getUserRewards ---> TOURGUIDESERVICE
getUserRewards ---> TOURGUIDESERVICE
getUserRewards ---> TOURGUIDESERVICE
getUserRewards ---> TOURGUIDESERVICE
getUserRewards ---> TOURGUIDESERVICE
getUserRewards ---> TOURGUIDESERVICE
getUserRewards ---> TOURGUIDESERVICE
getUserRewards ---> TOURGUIDESERVICE
getUserRewards ---> TOURGUIDESERVICE
getUserRewards ---> TOURGUIDESERVICE
getUserRewards ---> TOURGUIDESERVICE
getUserRewards ---> TOURGUIDESERVICE
getUserRewards ---> TOURGUIDESERVICE
getUserRewards ---> TOURGUIDESERVICE
getUserRewards ---> TOURGUIDESERVICE
getUserRewards ---> TOURGUIDESERVICE
getUserRewards ---> TOURGUIDESERVICE
getUserRewards ---> TOURGUIDESERVICE
getUserRewards ---> TOURGUIDESERVICE
getUserRewards ---> TOURGUIDESERVICE
getUserRewards ---> TOURGUIDESERVICE
getUserRewards ---> TOURGUIDESERVICE
getUserRewards ---> TOURGUIDESERVICE
getUserRewards ---> TOURGUIDESERVICE
getUserRewards ---> TOURGUIDESERVICE
getUserRewards ---> TOURGUIDESERVICE
getUserRewards ---> TOURGUIDESERVICE
getUserRewards ---> TOURGUIDESERVICE
getUserRewards ---> TOURGUIDESERVICE
getUserRewards ---> TOURGUIDESERVICE
getUserRewards ---> TOURGUIDESERVICE
getUserRewards ---> TOURGUIDESERVICE
getUserRewards ---> TOURGUIDESERVICE
getUserRewards ---> TOURGUIDESERVICE
getUserRewards ---> TOURGUIDESERVICE
getUserRewards ---> TOURGUIDESERVICE
getUserRewards ---> TOURGUIDESERVICE
getUserRewards ---> TOURGUIDESERVICE
getUserRewards ---> TOURGUIDESERVICE
getUserRewards ---> TOURGUIDESERVICE
getUserRewards ---> TOURGUIDESERVICE
getUserRewards ---> TOURGUIDESERVICE
getUserRewards ---> TOURGUIDESERVICE
getUserRewards ---> TOURGUIDESERVICE
getUserRewards ---> TOURGUIDESERVICE
getUserRewards ---> TOURGUIDESERVICE
getUserRewards ---> TOURGUIDESERVICE
getUserRewards ---> TOURGUIDESERVICE
getUserRewards ---> TOURGUIDESERVICE
getUserRewards ---> TOURGUIDESERVICE
getUserRewards ---> TOURGUIDESERVICE
getUserRewards ---> TOURGUIDESERVICE
getUserRewards ---> TOURGUIDESERVICE
getUserRewards ---> TOURGUIDESERVICE
getUserRewards ---> TOURGUIDESERVICE
getUserRewards ---> TOURGUIDESERVICE
getUserRewards ---> TOURGUIDESERVICE
getUserRewards ---> TOURGUIDESERVICE
getUserRewards ---> TOURGUIDESERVICE
getUserRewards ---> TOURGUIDESERVICE
getUserRewards ---> TOURGUIDESERVICE
getUserRewards ---> TOURGUIDESERVICE
getUserRewards ---> TOURGUIDESERVICE
getUserRewards ---> TOURGUIDESERVICE
getUserRewards ---> TOURGUIDESERVICE
getUserRewards ---> TOURGUIDESERVICE
getUserRewards ---> TOURGUIDESERVICE
getUserRewards ---> TOURGUIDESERVICE
getUserRewards ---> TOURGUIDESERVICE
getUserRewards ---> TOURGUIDESERVICE
getUserRewards ---> TOURGUIDESERVICE
getUserRewards ---> TOURGUIDESERVICE
getUserRewards ---> TOURGUIDESERVICE
getUserRewards ---> TOURGUIDESERVICE
getUserRewards ---> TOURGUIDESERVICE
getUserRewards ---> TOURGUIDESERVICE
getUserRewards ---> TOURGUIDESERVICE
getUserRewards ---> TOURGUIDESERVICE
getUserRewards ---> TOURGUIDESERVICE
getUserRewards ---> TOURGUIDESERVICE
getUserRewards ---> TOURGUIDESERVICE
getUserRewards ---> TOURGUIDESERVICE
getUserRewards ---> TOURGUIDESERVICE
getUserRewards ---> TOURGUIDESERVICE
getUserRewards ---> TOURGUIDESERVICE
getUserRewards ---> TOURGUIDESERVICE
getUserRewards ---> TOURGUIDESERVICE
getUserRewards ---> TOURGUIDESERVICE
getUserRewards ---> TOURGUIDESERVICE
getUserRewards ---> TOURGUIDESERVICE
getUserRewards ---> TOURGUIDESERVICE
getUserRewards ---> TOURGUIDESERVICE
getUserRewards ---> TOURGUIDESERVICE
getUserRewards ---> TOURGUIDESERVICE
getUserRewards ---> TOURGUIDESERVICE
getUserRewards ---> TOURGUIDESERVICE
getUserRewards ---> TOURGUIDESERVICE
getUserRewards ---> TOURGUIDESERVICE
getUserRewards ---> TOURGUIDESERVICE
getUserRewards ---> TOURGUIDESERVICE
getUserRewards ---> TOURGUIDESERVICE
getUserRewards ---> TOURGUIDESERVICE
getUserRewards ---> TOURGUIDESERVICE
getUserRewards ---> TOURGUIDESERVICE
getUserRewards ---> TOURGUIDESERVICE
getUserRewards ---> TOURGUIDESERVICE
getUserRewards ---> TOURGUIDESERVICE
getUserRewards ---> TOURGUIDESERVICE
getUserRewards ---> TOURGUIDESERVICE
getUserRewards ---> TOURGUIDESERVICE
getUserRewards ---> TOURGUIDESERVICE
getUserRewards ---> TOURGUIDESERVICE
getUserRewards ---> TOURGUIDESERVICE
getUserRewards ---> TOURGUIDESERVICE
getUserRewards ---> TOURGUIDESERVICE
getUserRewards ---> TOURGUIDESERVICE
getUserRewards ---> TOURGUIDESERVICE
getUserRewards ---> TOURGUIDESERVICE
getUserRewards ---> TOURGUIDESERVICE
getUserRewards ---> TOURGUIDESERVICE
getUserRewards ---> TOURGUIDESERVICE
getUserRewards ---> TOURGUIDESERVICE
getUserRewards ---> TOURGUIDESERVICE
getUserRewards ---> TOURGUIDESERVICE
getUserRewards ---> TOURGUIDESERVICE
getUserRewards ---> TOURGUIDESERVICE
getUserRewards ---> TOURGUIDESERVICE
getUserRewards ---> TOURGUIDESERVICE
getUserRewards ---> TOURGUIDESERVICE
getUserRewards ---> TOURGUIDESERVICE
getUserRewards ---> TOURGUIDESERVICE
getUserRewards ---> TOURGUIDESERVICE
getUserRewards ---> TOURGUIDESERVICE
getUserRewards ---> TOURGUIDESERVICE
getUserRewards ---> TOURGUIDESERVICE
getUserRewards ---> TOURGUIDESERVICE
getUserRewards ---> TOURGUIDESERVICE
getUserRewards ---> TOURGUIDESERVICE
getUserRewards ---> TOURGUIDESERVICE
getUserRewards ---> TOURGUIDESERVICE
getUserRewards ---> TOURGUIDESERVICE
getUserRewards ---> TOURGUIDESERVICE
getUserRewards ---> TOURGUIDESERVICE
getUserRewards ---> TOURGUIDESERVICE
getUserRewards ---> TOURGUIDESERVICE
getUserRewards ---> TOURGUIDESERVICE
getUserRewards ---> TOURGUIDESERVICE
getUserRewards ---> TOURGUIDESERVICE
getUserRewards ---> TOURGUIDESERVICE
getUserRewards ---> TOURGUIDESERVICE
getUserRewards ---> TOURGUIDESERVICE
getUserRewards ---> TOURGUIDESERVICE
getUserRewards ---> TOURGUIDESERVICE
getUserRewards ---> TOURGUIDESERVICE
getUserRewards ---> TOURGUIDESERVICE
getUserRewards ---> TOURGUIDESERVICE
getUserRewards ---> TOURGUIDESERVICE
getUserRewards ---> TOURGUIDESERVICE
getUserRewards ---> TOURGUIDESERVICE
getUserRewards ---> TOURGUIDESERVICE
getUserRewards ---> TOURGUIDESERVICE
getUserRewards ---> TOURGUIDESERVICE
getUserRewards ---> TOURGUIDESERVICE
getUserRewards ---> TOURGUIDESERVICE
getUserRewards ---> TOURGUIDESERVICE
getUserRewards ---> TOURGUIDESERVICE
getUserRewards ---> TOURGUIDESERVICE
getUserRewards ---> TOURGUIDESERVICE
getUserRewards ---> TOURGUIDESERVICE
getUserRewards ---> TOURGUIDESERVICE
getUserRewards ---> TOURGUIDESERVICE
getUserRewards ---> TOURGUIDESERVICE
getUserRewards ---> TOURGUIDESERVICE
getUserRewards ---> TOURGUIDESERVICE
getUserRewards ---> TOURGUIDESERVICE
getUserRewards ---> TOURGUIDESERVICE
getUserRewards ---> TOURGUIDESERVICE
getUserRewards ---> TOURGUIDESERVICE
getUserRewards ---> TOURGUIDESERVICE
getUserRewards ---> TOURGUIDESERVICE
getUserRewards ---> TOURGUIDESERVICE
getUserRewards ---> TOURGUIDESERVICE
getUserRewards ---> TOURGUIDESERVICE
getUserRewards ---> TOURGUIDESERVICE
getUserRewards ---> TOURGUIDESERVICE
getUserRewards ---> TOURGUIDESERVICE
getUserRewards ---> TOURGUIDESERVICE
getUserRewards ---> TOURGUIDESERVICE
getUserRewards ---> TOURGUIDESERVICE
getUserRewards ---> TOURGUIDESERVICE
getUserRewards ---> TOURGUIDESERVICE
getUserRewards ---> TOURGUIDESERVICE
getUserRewards ---> TOURGUIDESERVICE
getUserRewards ---> TOURGUIDESERVICE
getUserRewards ---> TOURGUIDESERVICE
getUserRewards ---> TOURGUIDESERVICE
getUserRewards ---> TOURGUIDESERVICE
getUserRewards ---> TOURGUIDESERVICE
getUserRewards ---> TOURGUIDESERVICE
getUserRewards ---> TOURGUIDESERVICE
getUserRewards ---> TOURGUIDESERVICE
getUserRewards ---> TOURGUIDESERVICE
getUserRewards ---> TOURGUIDESERVICE
getUserRewards ---> TOURGUIDESERVICE
getUserRewards ---> TOURGUIDESERVICE
getUserRewards ---> TOURGUIDESERVICE
getUserRewards ---> TOURGUIDESERVICE
getUserRewards ---> TOURGUIDESERVICE
getUserRewards ---> TOURGUIDESERVICE
getUserRewards ---> TOURGUIDESERVICE
getUserRewards ---> TOURGUIDESERVICE
getUserRewards ---> TOURGUIDESERVICE
getUserRewards ---> TOURGUIDESERVICE
getUserRewards ---> TOURGUIDESERVICE
getUserRewards ---> TOURGUIDESERVICE
getUserRewards ---> TOURGUIDESERVICE
getUserRewards ---> TOURGUIDESERVICE
getUserRewards ---> TOURGUIDESERVICE
getUserRewards ---> TOURGUIDESERVICE
getUserRewards ---> TOURGUIDESERVICE
getUserRewards ---> TOURGUIDESERVICE
getUserRewards ---> TOURGUIDESERVICE
getUserRewards ---> TOURGUIDESERVICE
getUserRewards ---> TOURGUIDESERVICE
getUserRewards ---> TOURGUIDESERVICE
getUserRewards ---> TOURGUIDESERVICE
getUserRewards ---> TOURGUIDESERVICE
getUserRewards ---> TOURGUIDESERVICE
getUserRewards ---> TOURGUIDESERVICE
getUserRewards ---> TOURGUIDESERVICE
getUserRewards ---> TOURGUIDESERVICE
getUserRewards ---> TOURGUIDESERVICE
getUserRewards ---> TOURGUIDESERVICE
getUserRewards ---> TOURGUIDESERVICE
getUserRewards ---> TOURGUIDESERVICE
getUserRewards ---> TOURGUIDESERVICE
getUserRewards ---> TOURGUIDESERVICE
getUserRewards ---> TOURGUIDESERVICE
getUserRewards ---> TOURGUIDESERVICE
getUserRewards ---> TOURGUIDESERVICE
getUserRewards ---> TOURGUIDESERVICE
getUserRewards ---> TOURGUIDESERVICE
getUserRewards ---> TOURGUIDESERVICE
getUserRewards ---> TOURGUIDESERVICE
getUserRewards ---> TOURGUIDESERVICE
getUserRewards ---> TOURGUIDESERVICE
getUserRewards ---> TOURGUIDESERVICE
getUserRewards ---> TOURGUIDESERVICE
getUserRewards ---> TOURGUIDESERVICE
getUserRewards ---> TOURGUIDESERVICE
getUserRewards ---> TOURGUIDESERVICE
getUserRewards ---> TOURGUIDESERVICE
getUserRewards ---> TOURGUIDESERVICE
getUserRewards ---> TOURGUIDESERVICE
getUserRewards ---> TOURGUIDESERVICE
getUserRewards ---> TOURGUIDESERVICE
getUserRewards ---> TOURGUIDESERVICE
getUserRewards ---> TOURGUIDESERVICE
getUserRewards ---> TOURGUIDESERVICE
getUserRewards ---> TOURGUIDESERVICE
getUserRewards ---> TOURGUIDESERVICE
getUserRewards ---> TOURGUIDESERVICE
getUserRewards ---> TOURGUIDESERVICE
getUserRewards ---> TOURGUIDESERVICE
getUserRewards ---> TOURGUIDESERVICE
getUserRewards ---> TOURGUIDESERVICE
getUserRewards ---> TOURGUIDESERVICE
getUserRewards ---> TOURGUIDESERVICE
getUserRewards ---> TOURGUIDESERVICE
getUserRewards ---> TOURGUIDESERVICE
getUserRewards ---> TOURGUIDESERVICE
getUserRewards ---> TOURGUIDESERVICE
getUserRewards ---> TOURGUIDESERVICE
getUserRewards ---> TOURGUIDESERVICE
getUserRewards ---> TOURGUIDESERVICE
getUserRewards ---> TOURGUIDESERVICE
getUserRewards ---> TOURGUIDESERVICE
getUserRewards ---> TOURGUIDESERVICE
getUserRewards ---> TOURGUIDESERVICE
getUserRewards ---> TOURGUIDESERVICE
getUserRewards ---> TOURGUIDESERVICE
getUserRewards ---> TOURGUIDESERVICE
getUserRewards ---> TOURGUIDESERVICE
getUserRewards ---> TOURGUIDESERVICE
getUserRewards ---> TOURGUIDESERVICE
getUserRewards ---> TOURGUIDESERVICE
getUserRewards ---> TOURGUIDESERVICE
getUserRewards ---> TOURGUIDESERVICE
getUserRewards ---> TOURGUIDESERVICE
getUserRewards ---> TOURGUIDESERVICE
getUserRewards ---> TOURGUIDESERVICE
getUserRewards ---> TOURGUIDESERVICE
getUserRewards ---> TOURGUIDESERVICE
getUserRewards ---> TOURGUIDESERVICE
getUserRewards ---> TOURGUIDESERVICE
getUserRewards ---> TOURGUIDESERVICE
getUserRewards ---> TOURGUIDESERVICE
getUserRewards ---> TOURGUIDESERVICE
getUserRewards ---> TOURGUIDESERVICE
getUserRewards ---> TOURGUIDESERVICE
getUserRewards ---> TOURGUIDESERVICE
getUserRewards ---> TOURGUIDESERVICE
getUserRewards ---> TOURGUIDESERVICE
getUserRewards ---> TOURGUIDESERVICE
getUserRewards ---> TOURGUIDESERVICE
getUserRewards ---> TOURGUIDESERVICE
getUserRewards ---> TOURGUIDESERVICE
getUserRewards ---> TOURGUIDESERVICE
getUserRewards ---> TOURGUIDESERVICE
getUserRewards ---> TOURGUIDESERVICE
getUserRewards ---> TOURGUIDESERVICE
getUserRewards ---> TOURGUIDESERVICE
getUserRewards ---> TOURGUIDESERVICE
getUserRewards ---> TOURGUIDESERVICE
getUserRewards ---> TOURGUIDESERVICE
getUserRewards ---> TOURGUIDESERVICE
getUserRewards ---> TOURGUIDESERVICE
getUserRewards ---> TOURGUIDESERVICE
getUserRewards ---> TOURGUIDESERVICE
getUserRewards ---> TOURGUIDESERVICE
getUserRewards ---> TOURGUIDESERVICE
getUserRewards ---> TOURGUIDESERVICE
getUserRewards ---> TOURGUIDESERVICE
getUserRewards ---> TOURGUIDESERVICE
getUserRewards ---> TOURGUIDESERVICE
getUserRewards ---> TOURGUIDESERVICE
getUserRewards ---> TOURGUIDESERVICE
getUserRewards ---> TOURGUIDESERVICE
getUserRewards ---> TOURGUIDESERVICE
getUserRewards ---> TOURGUIDESERVICE
getUserRewards ---> TOURGUIDESERVICE
getUserRewards ---> TOURGUIDESERVICE
getUserRewards ---> TOURGUIDESERVICE
getUserRewards ---> TOURGUIDESERVICE
getUserRewards ---> TOURGUIDESERVICE
getUserRewards ---> TOURGUIDESERVICE
getUserRewards ---> TOURGUIDESERVICE
getUserRewards ---> TOURGUIDESERVICE
getUserRewards ---> TOURGUIDESERVICE
getUserRewards ---> TOURGUIDESERVICE
getUserRewards ---> TOURGUIDESERVICE
getUserRewards ---> TOURGUIDESERVICE
getUserRewards ---> TOURGUIDESERVICE
getUserRewards ---> TOURGUIDESERVICE
getUserRewards ---> TOURGUIDESERVICE
getUserRewards ---> TOURGUIDESERVICE
getUserRewards ---> TOURGUIDESERVICE
getUserRewards ---> TOURGUIDESERVICE
getUserRewards ---> TOURGUIDESERVICE
getUserRewards ---> TOURGUIDESERVICE
getUserRewards ---> TOURGUIDESERVICE
getUserRewards ---> TOURGUIDESERVICE
getUserRewards ---> TOURGUIDESERVICE
getUserRewards ---> TOURGUIDESERVICE
getUserRewards ---> TOURGUIDESERVICE
getUserRewards ---> TOURGUIDESERVICE
getUserRewards ---> TOURGUIDESERVICE
getUserRewards ---> TOURGUIDESERVICE
getUserRewards ---> TOURGUIDESERVICE
getUserRewards ---> TOURGUIDESERVICE
getUserRewards ---> TOURGUIDESERVICE
getUserRewards ---> TOURGUIDESERVICE
getUserRewards ---> TOURGUIDESERVICE
getUserRewards ---> TOURGUIDESERVICE
getUserRewards ---> TOURGUIDESERVICE
getUserRewards ---> TOURGUIDESERVICE
getUserRewards ---> TOURGUIDESERVICE
getUserRewards ---> TOURGUIDESERVICE
getUserRewards ---> TOURGUIDESERVICE
getUserRewards ---> TOURGUIDESERVICE
getUserRewards ---> TOURGUIDESERVICE
getUserRewards ---> TOURGUIDESERVICE
getUserRewards ---> TOURGUIDESERVICE
getUserRewards ---> TOURGUIDESERVICE
getUserRewards ---> TOURGUIDESERVICE
getUserRewards ---> TOURGUIDESERVICE
getUserRewards ---> TOURGUIDESERVICE
getUserRewards ---> TOURGUIDESERVICE
getUserRewards ---> TOURGUIDESERVICE
getUserRewards ---> TOURGUIDESERVICE
getUserRewards ---> TOURGUIDESERVICE
getUserRewards ---> TOURGUIDESERVICE
getUserRewards ---> TOURGUIDESERVICE
getUserRewards ---> TOURGUIDESERVICE
getUserRewards ---> TOURGUIDESERVICE
getUserRewards ---> TOURGUIDESERVICE
getUserRewards ---> TOURGUIDESERVICE
getUserRewards ---> TOURGUIDESERVICE
getUserRewards ---> TOURGUIDESERVICE
getUserRewards ---> TOURGUIDESERVICE
getUserRewards ---> TOURGUIDESERVICE
getUserRewards ---> TOURGUIDESERVICE
getUserRewards ---> TOURGUIDESERVICE
getUserRewards ---> TOURGUIDESERVICE
getUserRewards ---> TOURGUIDESERVICE
getUserRewards ---> TOURGUIDESERVICE
getUserRewards ---> TOURGUIDESERVICE
getUserRewards ---> TOURGUIDESERVICE
getUserRewards ---> TOURGUIDESERVICE
getUserRewards ---> TOURGUIDESERVICE
getUserRewards ---> TOURGUIDESERVICE
getUserRewards ---> TOURGUIDESERVICE
getUserRewards ---> TOURGUIDESERVICE
getUserRewards ---> TOURGUIDESERVICE
getUserRewards ---> TOURGUIDESERVICE
getUserRewards ---> TOURGUIDESERVICE
getUserRewards ---> TOURGUIDESERVICE
getUserRewards ---> TOURGUIDESERVICE
getUserRewards ---> TOURGUIDESERVICE
getUserRewards ---> TOURGUIDESERVICE
getUserRewards ---> TOURGUIDESERVICE
getUserRewards ---> TOURGUIDESERVICE
getUserRewards ---> TOURGUIDESERVICE
getUserRewards ---> TOURGUIDESERVICE
getUserRewards ---> TOURGUIDESERVICE
getUserRewards ---> TOURGUIDESERVICE
getUserRewards ---> TOURGUIDESERVICE
getUserRewards ---> TOURGUIDESERVICE
getUserRewards ---> TOURGUIDESERVICE
getUserRewards ---> TOURGUIDESERVICE
getUserRewards ---> TOURGUIDESERVICE
getUserRewards ---> TOURGUIDESERVICE
getUserRewards ---> TOURGUIDESERVICE
getUserRewards ---> TOURGUIDESERVICE
getUserRewards ---> TOURGUIDESERVICE
getUserRewards ---> TOURGUIDESERVICE
getUserRewards ---> TOURGUIDESERVICE
getUserRewards ---> TOURGUIDESERVICE
getUserRewards ---> TOURGUIDESERVICE
getUserRewards ---> TOURGUIDESERVICE
getUserRewards ---> TOURGUIDESERVICE
getUserRewards ---> TOURGUIDESERVICE
getUserRewards ---> TOURGUIDESERVICE
getUserRewards ---> TOURGUIDESERVICE
getUserRewards ---> TOURGUIDESERVICE
getUserRewards ---> TOURGUIDESERVICE
getUserRewards ---> TOURGUIDESERVICE
getUserRewards ---> TOURGUIDESERVICE
getUserRewards ---> TOURGUIDESERVICE
getUserRewards ---> TOURGUIDESERVICE
getUserRewards ---> TOURGUIDESERVICE
getUserRewards ---> TOURGUIDESERVICE
getUserRewards ---> TOURGUIDESERVICE
getUserRewards ---> TOURGUIDESERVICE
getUserRewards ---> TOURGUIDESERVICE
getUserRewards ---> TOURGUIDESERVICE
getUserRewards ---> TOURGUIDESERVICE
getUserRewards ---> TOURGUIDESERVICE
getUserRewards ---> TOURGUIDESERVICE
getUserRewards ---> TOURGUIDESERVICE
getUserRewards ---> TOURGUIDESERVICE
getUserRewards ---> TOURGUIDESERVICE
getUserRewards ---> TOURGUIDESERVICE
getUserRewards ---> TOURGUIDESERVICE
getUserRewards ---> TOURGUIDESERVICE
getUserRewards ---> TOURGUIDESERVICE
getUserRewards ---> TOURGUIDESERVICE
getUserRewards ---> TOURGUIDESERVICE
getUserRewards ---> TOURGUIDESERVICE
getUserRewards ---> TOURGUIDESERVICE
getUserRewards ---> TOURGUIDESERVICE
getUserRewards ---> TOURGUIDESERVICE
getUserRewards ---> TOURGUIDESERVICE
getUserRewards ---> TOURGUIDESERVICE
getUserRewards ---> TOURGUIDESERVICE
getUserRewards ---> TOURGUIDESERVICE
getUserRewards ---> TOURGUIDESERVICE
getUserRewards ---> TOURGUIDESERVICE
getUserRewards ---> TOURGUIDESERVICE
getUserRewards ---> TOURGUIDESERVICE
getUserRewards ---> TOURGUIDESERVICE
getUserRewards ---> TOURGUIDESERVICE
getUserRewards ---> TOURGUIDESERVICE
getUserRewards ---> TOURGUIDESERVICE
getUserRewards ---> TOURGUIDESERVICE
getUserRewards ---> TOURGUIDESERVICE
getUserRewards ---> TOURGUIDESERVICE
getUserRewards ---> TOURGUIDESERVICE
getUserRewards ---> TOURGUIDESERVICE
getUserRewards ---> TOURGUIDESERVICE
getUserRewards ---> TOURGUIDESERVICE
getUserRewards ---> TOURGUIDESERVICE
getUserRewards ---> TOURGUIDESERVICE
getUserRewards ---> TOURGUIDESERVICE
getUserRewards ---> TOURGUIDESERVICE
getUserRewards ---> TOURGUIDESERVICE
getUserRewards ---> TOURGUIDESERVICE
getUserRewards ---> TOURGUIDESERVICE
getUserRewards ---> TOURGUIDESERVICE
getUserRewards ---> TOURGUIDESERVICE
getUserRewards ---> TOURGUIDESERVICE
getUserRewards ---> TOURGUIDESERVICE
getUserRewards ---> TOURGUIDESERVICE
getUserRewards ---> TOURGUIDESERVICE
getUserRewards ---> TOURGUIDESERVICE
getUserRewards ---> TOURGUIDESERVICE
getUserRewards ---> TOURGUIDESERVICE
getUserRewards ---> TOURGUIDESERVICE
getUserRewards ---> TOURGUIDESERVICE
getUserRewards ---> TOURGUIDESERVICE
getUserRewards ---> TOURGUIDESERVICE
getUserRewards ---> TOURGUIDESERVICE
getUserRewards ---> TOURGUIDESERVICE
getUserRewards ---> TOURGUIDESERVICE
getUserRewards ---> TOURGUIDESERVICE
getUserRewards ---> TOURGUIDESERVICE
getUserRewards ---> TOURGUIDESERVICE
getUserRewards ---> TOURGUIDESERVICE
getUserRewards ---> TOURGUIDESERVICE
getUserRewards ---> TOURGUIDESERVICE
getUserRewards ---> TOURGUIDESERVICE
getUserRewards ---> TOURGUIDESERVICE
getUserRewards ---> TOURGUIDESERVICE
getUserRewards ---> TOURGUIDESERVICE
getUserRewards ---> TOURGUIDESERVICE
getUserRewards ---> TOURGUIDESERVICE
getUserRewards ---> TOURGUIDESERVICE
getUserRewards ---> TOURGUIDESERVICE
getUserRewards ---> TOURGUIDESERVICE
getUserRewards ---> TOURGUIDESERVICE
getUserRewards ---> TOURGUIDESERVICE
getUserRewards ---> TOURGUIDESERVICE
getUserRewards ---> TOURGUIDESERVICE
getUserRewards ---> TOURGUIDESERVICE
getUserRewards ---> TOURGUIDESERVICE
getUserRewards ---> TOURGUIDESERVICE
getUserRewards ---> TOURGUIDESERVICE
getUserRewards ---> TOURGUIDESERVICE
getUserRewards ---> TOURGUIDESERVICE
getUserRewards ---> TOURGUIDESERVICE
getUserRewards ---> TOURGUIDESERVICE
getUserRewards ---> TOURGUIDESERVICE
getUserRewards ---> TOURGUIDESERVICE
getUserRewards ---> TOURGUIDESERVICE
getUserRewards ---> TOURGUIDESERVICE
getUserRewards ---> TOURGUIDESERVICE
getUserRewards ---> TOURGUIDESERVICE
getUserRewards ---> TOURGUIDESERVICE
getUserRewards ---> TOURGUIDESERVICE
getUserRewards ---> TOURGUIDESERVICE
getUserRewards ---> TOURGUIDESERVICE
getUserRewards ---> TOURGUIDESERVICE
getUserRewards ---> TOURGUIDESERVICE
getUserRewards ---> TOURGUIDESERVICE
getUserRewards ---> TOURGUIDESERVICE
getUserRewards ---> TOURGUIDESERVICE
getUserRewards ---> TOURGUIDESERVICE
getUserRewards ---> TOURGUIDESERVICE
getUserRewards ---> TOURGUIDESERVICE
getUserRewards ---> TOURGUIDESERVICE
getUserRewards ---> TOURGUIDESERVICE
getUserRewards ---> TOURGUIDESERVICE
getUserRewards ---> TOURGUIDESERVICE
getUserRewards ---> TOURGUIDESERVICE
getUserRewards ---> TOURGUIDESERVICE
getUserRewards ---> TOURGUIDESERVICE
getUserRewards ---> TOURGUIDESERVICE
getUserRewards ---> TOURGUIDESERVICE
getUserRewards ---> TOURGUIDESERVICE
getUserRewards ---> TOURGUIDESERVICE
getUserRewards ---> TOURGUIDESERVICE
getUserRewards ---> TOURGUIDESERVICE
getUserRewards ---> TOURGUIDESERVICE
getUserRewards ---> TOURGUIDESERVICE
getUserRewards ---> TOURGUIDESERVICE
getUserRewards ---> TOURGUIDESERVICE
getUserRewards ---> TOURGUIDESERVICE
getUserRewards ---> TOURGUIDESERVICE
getUserRewards ---> TOURGUIDESERVICE
getUserRewards ---> TOURGUIDESERVICE
getUserRewards ---> TOURGUIDESERVICE
getUserRewards ---> TOURGUIDESERVICE
getUserRewards ---> TOURGUIDESERVICE
getUserRewards ---> TOURGUIDESERVICE
getUserRewards ---> TOURGUIDESERVICE
getUserRewards ---> TOURGUIDESERVICE
getUserRewards ---> TOURGUIDESERVICE
getUserRewards ---> TOURGUIDESERVICE
getUserRewards ---> TOURGUIDESERVICE
getUserRewards ---> TOURGUIDESERVICE
getUserRewards ---> TOURGUIDESERVICE
getUserRewards ---> TOURGUIDESERVICE
getUserRewards ---> TOURGUIDESERVICE
getUserRewards ---> TOURGUIDESERVICE
getUserRewards ---> TOURGUIDESERVICE
getUserRewards ---> TOURGUIDESERVICE
getUserRewards ---> TOURGUIDESERVICE
getUserRewards ---> TOURGUIDESERVICE
getUserRewards ---> TOURGUIDESERVICE
getUserRewards ---> TOURGUIDESERVICE
getUserRewards ---> TOURGUIDESERVICE
getUserRewards ---> TOURGUIDESERVICE
getUserRewards ---> TOURGUIDESERVICE
getUserRewards ---> TOURGUIDESERVICE
getUserRewards ---> TOURGUIDESERVICE
getUserRewards ---> TOURGUIDESERVICE
getUserRewards ---> TOURGUIDESERVICE
getUserRewards ---> TOURGUIDESERVICE
getUserRewards ---> TOURGUIDESERVICE
getUserRewards ---> TOURGUIDESERVICE
getUserRewards ---> TOURGUIDESERVICE
getUserRewards ---> TOURGUIDESERVICE
getUserRewards ---> TOURGUIDESERVICE
getUserRewards ---> TOURGUIDESERVICE
getUserRewards ---> TOURGUIDESERVICE
getUserRewards ---> TOURGUIDESERVICE
getUserRewards ---> TOURGUIDESERVICE
getUserRewards ---> TOURGUIDESERVICE
getUserRewards ---> TOURGUIDESERVICE
getUserRewards ---> TOURGUIDESERVICE
getUserRewards ---> TOURGUIDESERVICE
getUserRewards ---> TOURGUIDESERVICE
getUserRewards ---> TOURGUIDESERVICE
getUserRewards ---> TOURGUIDESERVICE
getUserRewards ---> TOURGUIDESERVICE
getUserRewards ---> TOURGUIDESERVICE
getUserRewards ---> TOURGUIDESERVICE
getUserRewards ---> TOURGUIDESERVICE
getUserRewards ---> TOURGUIDESERVICE
getUserRewards ---> TOURGUIDESERVICE
getUserRewards ---> TOURGUIDESERVICE
getUserRewards ---> TOURGUIDESERVICE
getUserRewards ---> TOURGUIDESERVICE
getUserRewards ---> TOURGUIDESERVICE
getUserRewards ---> TOURGUIDESERVICE
getUserRewards ---> TOURGUIDESERVICE
getUserRewards ---> TOURGUIDESERVICE
getUserRewards ---> TOURGUIDESERVICE
getUserRewards ---> TOURGUIDESERVICE
getUserRewards ---> TOURGUIDESERVICE
getUserRewards ---> TOURGUIDESERVICE
getUserRewards ---> TOURGUIDESERVICE
getUserRewards ---> TOURGUIDESERVICE
getUserRewards ---> TOURGUIDESERVICE
getUserRewards ---> TOURGUIDESERVICE
getUserRewards ---> TOURGUIDESERVICE
getUserRewards ---> TOURGUIDESERVICE
getUserRewards ---> TOURGUIDESERVICE
getUserRewards ---> TOURGUIDESERVICE
getUserRewards ---> TOURGUIDESERVICE
getUserRewards ---> TOURGUIDESERVICE
getUserRewards ---> TOURGUIDESERVICE
getUserRewards ---> TOURGUIDESERVICE
getUserRewards ---> TOURGUIDESERVICE
getUserRewards ---> TOURGUIDESERVICE
getUserRewards ---> TOURGUIDESERVICE
getUserRewards ---> TOURGUIDESERVICE
getUserRewards ---> TOURGUIDESERVICE
getUserRewards ---> TOURGUIDESERVICE
getUserRewards ---> TOURGUIDESERVICE
getUserRewards ---> TOURGUIDESERVICE
getUserRewards ---> TOURGUIDESERVICE
getUserRewards ---> TOURGUIDESERVICE
getUserRewards ---> TOURGUIDESERVICE
getUserRewards ---> TOURGUIDESERVICE
getUserRewards ---> TOURGUIDESERVICE
getUserRewards ---> TOURGUIDESERVICE
getUserRewards ---> TOURGUIDESERVICE
getUserRewards ---> TOURGUIDESERVICE
getUserRewards ---> TOURGUIDESERVICE
getUserRewards ---> TOURGUIDESERVICE
getUserRewards ---> TOURGUIDESERVICE
getUserRewards ---> TOURGUIDESERVICE
getUserRewards ---> TOURGUIDESERVICE
getUserRewards ---> TOURGUIDESERVICE
getUserRewards ---> TOURGUIDESERVICE
getUserRewards ---> TOURGUIDESERVICE
getUserRewards ---> TOURGUIDESERVICE
getUserRewards ---> TOURGUIDESERVICE
getUserRewards ---> TOURGUIDESERVICE
getUserRewards ---> TOURGUIDESERVICE
getUserRewards ---> TOURGUIDESERVICE
getUserRewards ---> TOURGUIDESERVICE
getUserRewards ---> TOURGUIDESERVICE
getUserRewards ---> TOURGUIDESERVICE
getUserRewards ---> TOURGUIDESERVICE
getUserRewards ---> TOURGUIDESERVICE
getUserRewards ---> TOURGUIDESERVICE
getUserRewards ---> TOURGUIDESERVICE
getUserRewards ---> TOURGUIDESERVICE
getUserRewards ---> TOURGUIDESERVICE
getUserRewards ---> TOURGUIDESERVICE
getUserRewards ---> TOURGUIDESERVICE
getUserRewards ---> TOURGUIDESERVICE
getUserRewards ---> TOURGUIDESERVICE
getUserRewards ---> TOURGUIDESERVICE
getUserRewards ---> TOURGUIDESERVICE
getUserRewards ---> TOURGUIDESERVICE
getUserRewards ---> TOURGUIDESERVICE
getUserRewards ---> TOURGUIDESERVICE
getUserRewards ---> TOURGUIDESERVICE
getUserRewards ---> TOURGUIDESERVICE
getUserRewards ---> TOURGUIDESERVICE
getUserRewards ---> TOURGUIDESERVICE
getUserRewards ---> TOURGUIDESERVICE
getUserRewards ---> TOURGUIDESERVICE
getUserRewards ---> TOURGUIDESERVICE
getUserRewards ---> TOURGUIDESERVICE
getUserRewards ---> TOURGUIDESERVICE
getUserRewards ---> TOURGUIDESERVICE
getUserRewards ---> TOURGUIDESERVICE
getUserRewards ---> TOURGUIDESERVICE
getUserRewards ---> TOURGUIDESERVICE
getUserRewards ---> TOURGUIDESERVICE
getUserRewards ---> TOURGUIDESERVICE
getUserRewards ---> TOURGUIDESERVICE
getUserRewards ---> TOURGUIDESERVICE
getUserRewards ---> TOURGUIDESERVICE
getUserRewards ---> TOURGUIDESERVICE
getUserRewards ---> TOURGUIDESERVICE
getUserRewards ---> TOURGUIDESERVICE
getUserRewards ---> TOURGUIDESERVICE
getUserRewards ---> TOURGUIDESERVICE
getUserRewards ---> TOURGUIDESERVICE
getUserRewards ---> TOURGUIDESERVICE
getUserRewards ---> TOURGUIDESERVICE
getUserRewards ---> TOURGUIDESERVICE
getUserRewards ---> TOURGUIDESERVICE
getUserRewards ---> TOURGUIDESERVICE
getUserRewards ---> TOURGUIDESERVICE
getUserRewards ---> TOURGUIDESERVICE
getUserRewards ---> TOURGUIDESERVICE
getUserRewards ---> TOURGUIDESERVICE
getUserRewards ---> TOURGUIDESERVICE
getUserRewards ---> TOURGUIDESERVICE
getUserRewards ---> TOURGUIDESERVICE
getUserRewards ---> TOURGUIDESERVICE
getUserRewards ---> TOURGUIDESERVICE
getUserRewards ---> TOURGUIDESERVICE
getUserRewards ---> TOURGUIDESERVICE
getUserRewards ---> TOURGUIDESERVICE
getUserRewards ---> TOURGUIDESERVICE
getUserRewards ---> TOURGUIDESERVICE
getUserRewards ---> TOURGUIDESERVICE
getUserRewards ---> TOURGUIDESERVICE
getUserRewards ---> TOURGUIDESERVICE
getUserRewards ---> TOURGUIDESERVICE
getUserRewards ---> TOURGUIDESERVICE
getUserRewards ---> TOURGUIDESERVICE
getUserRewards ---> TOURGUIDESERVICE
getUserRewards ---> TOURGUIDESERVICE
getUserRewards ---> TOURGUIDESERVICE
getUserRewards ---> TOURGUIDESERVICE
getUserRewards ---> TOURGUIDESERVICE
getUserRewards ---> TOURGUIDESERVICE
getUserRewards ---> TOURGUIDESERVICE
getUserRewards ---> TOURGUIDESERVICE
getUserRewards ---> TOURGUIDESERVICE
getUserRewards ---> TOURGUIDESERVICE
getUserRewards ---> TOURGUIDESERVICE
getUserRewards ---> TOURGUIDESERVICE
getUserRewards ---> TOURGUIDESERVICE
getUserRewards ---> TOURGUIDESERVICE
getUserRewards ---> TOURGUIDESERVICE
getUserRewards ---> TOURGUIDESERVICE
getUserRewards ---> TOURGUIDESERVICE
getUserRewards ---> TOURGUIDESERVICE
getUserRewards ---> TOURGUIDESERVICE
getUserRewards ---> TOURGUIDESERVICE
getUserRewards ---> TOURGUIDESERVICE
getUserRewards ---> TOURGUIDESERVICE
getUserRewards ---> TOURGUIDESERVICE
getUserRewards ---> TOURGUIDESERVICE
getUserRewards ---> TOURGUIDESERVICE
getUserRewards ---> TOURGUIDESERVICE
getUserRewards ---> TOURGUIDESERVICE
getUserRewards ---> TOURGUIDESERVICE
getUserRewards ---> TOURGUIDESERVICE
getUserRewards ---> TOURGUIDESERVICE
getUserRewards ---> TOURGUIDESERVICE
getUserRewards ---> TOURGUIDESERVICE
getUserRewards ---> TOURGUIDESERVICE
getUserRewards ---> TOURGUIDESERVICE
getUserRewards ---> TOURGUIDESERVICE
getUserRewards ---> TOURGUIDESERVICE
getUserRewards ---> TOURGUIDESERVICE
getUserRewards ---> TOURGUIDESERVICE
getUserRewards ---> TOURGUIDESERVICE
getUserRewards ---> TOURGUIDESERVICE
getUserRewards ---> TOURGUIDESERVICE
getUserRewards ---> TOURGUIDESERVICE
getUserRewards ---> TOURGUIDESERVICE
getUserRewards ---> TOURGUIDESERVICE
getUserRewards ---> TOURGUIDESERVICE
getUserRewards ---> TOURGUIDESERVICE
getUserRewards ---> TOURGUIDESERVICE
getUserRewards ---> TOURGUIDESERVICE
getUserRewards ---> TOURGUIDESERVICE
getUserRewards ---> TOURGUIDESERVICE
getUserRewards ---> TOURGUIDESERVICE
getUserRewards ---> TOURGUIDESERVICE
getUserRewards ---> TOURGUIDESERVICE
getUserRewards ---> TOURGUIDESERVICE
getUserRewards ---> TOURGUIDESERVICE
getUserRewards ---> TOURGUIDESERVICE
getUserRewards ---> TOURGUIDESERVICE
getUserRewards ---> TOURGUIDESERVICE
getUserRewards ---> TOURGUIDESERVICE
getUserRewards ---> TOURGUIDESERVICE
getUserRewards ---> TOURGUIDESERVICE
getUserRewards ---> TOURGUIDESERVICE
getUserRewards ---> TOURGUIDESERVICE
getUserRewards ---> TOURGUIDESERVICE
getUserRewards ---> TOURGUIDESERVICE
getUserRewards ---> TOURGUIDESERVICE
getUserRewards ---> TOURGUIDESERVICE
getUserRewards ---> TOURGUIDESERVICE
getUserRewards ---> TOURGUIDESERVICE
getUserRewards ---> TOURGUIDESERVICE
getUserRewards ---> TOURGUIDESERVICE
getUserRewards ---> TOURGUIDESERVICE
getUserRewards ---> TOURGUIDESERVICE
getUserRewards ---> TOURGUIDESERVICE
getUserRewards ---> TOURGUIDESERVICE
getUserRewards ---> TOURGUIDESERVICE
getUserRewards ---> TOURGUIDESERVICE
getUserRewards ---> TOURGUIDESERVICE
getUserRewards ---> TOURGUIDESERVICE
getUserRewards ---> TOURGUIDESERVICE
getUserRewards ---> TOURGUIDESERVICE
getUserRewards ---> TOURGUIDESERVICE
getUserRewards ---> TOURGUIDESERVICE
getUserRewards ---> TOURGUIDESERVICE
getUserRewards ---> TOURGUIDESERVICE
getUserRewards ---> TOURGUIDESERVICE
getUserRewards ---> TOURGUIDESERVICE
getUserRewards ---> TOURGUIDESERVICE
getUserRewards ---> TOURGUIDESERVICE
getUserRewards ---> TOURGUIDESERVICE
getUserRewards ---> TOURGUIDESERVICE
getUserRewards ---> TOURGUIDESERVICE
getUserRewards ---> TOURGUIDESERVICE
getUserRewards ---> TOURGUIDESERVICE
getUserRewards ---> TOURGUIDESERVICE
getUserRewards ---> TOURGUIDESERVICE
getUserRewards ---> TOURGUIDESERVICE
getUserRewards ---> TOURGUIDESERVICE
getUserRewards ---> TOURGUIDESERVICE
getUserRewards ---> TOURGUIDESERVICE
getUserRewards ---> TOURGUIDESERVICE
getUserRewards ---> TOURGUIDESERVICE
getUserRewards ---> TOURGUIDESERVICE
getUserRewards ---> TOURGUIDESERVICE
getUserRewards ---> TOURGUIDESERVICE
getUserRewards ---> TOURGUIDESERVICE
getUserRewards ---> TOURGUIDESERVICE
getUserRewards ---> TOURGUIDESERVICE
getUserRewards ---> TOURGUIDESERVICE
getUserRewards ---> TOURGUIDESERVICE
getUserRewards ---> TOURGUIDESERVICE
getUserRewards ---> TOURGUIDESERVICE
getUserRewards ---> TOURGUIDESERVICE
getUserRewards ---> TOURGUIDESERVICE
getUserRewards ---> TOURGUIDESERVICE
getUserRewards ---> TOURGUIDESERVICE
getUserRewards ---> TOURGUIDESERVICE
getUserRewards ---> TOURGUIDESERVICE
getUserRewards ---> TOURGUIDESERVICE
getUserRewards ---> TOURGUIDESERVICE
getUserRewards ---> TOURGUIDESERVICE
getUserRewards ---> TOURGUIDESERVICE
getUserRewards ---> TOURGUIDESERVICE
getUserRewards ---> TOURGUIDESERVICE
getUserRewards ---> TOURGUIDESERVICE
getUserRewards ---> TOURGUIDESERVICE
getUserRewards ---> TOURGUIDESERVICE
getUserRewards ---> TOURGUIDESERVICE
getUserRewards ---> TOURGUIDESERVICE
getUserRewards ---> TOURGUIDESERVICE
getUserRewards ---> TOURGUIDESERVICE
getUserRewards ---> TOURGUIDESERVICE
getUserRewards ---> TOURGUIDESERVICE
getUserRewards ---> TOURGUIDESERVICE
getUserRewards ---> TOURGUIDESERVICE
getUserRewards ---> TOURGUIDESERVICE
getUserRewards ---> TOURGUIDESERVICE
getUserRewards ---> TOURGUIDESERVICE
getUserRewards ---> TOURGUIDESERVICE
getUserRewards ---> TOURGUIDESERVICE
getUserRewards ---> TOURGUIDESERVICE
getUserRewards ---> TOURGUIDESERVICE
getUserRewards ---> TOURGUIDESERVICE
getUserRewards ---> TOURGUIDESERVICE
getUserRewards ---> TOURGUIDESERVICE
getUserRewards ---> TOURGUIDESERVICE
getUserRewards ---> TOURGUIDESERVICE
getUserRewards ---> TOURGUIDESERVICE
getUserRewards ---> TOURGUIDESERVICE
getUserRewards ---> TOURGUIDESERVICE
getUserRewards ---> TOURGUIDESERVICE
getUserRewards ---> TOURGUIDESERVICE
getUserRewards ---> TOURGUIDESERVICE
getUserRewards ---> TOURGUIDESERVICE
getUserRewards ---> TOURGUIDESERVICE
getUserRewards ---> TOURGUIDESERVICE
getUserRewards ---> TOURGUIDESERVICE
getUserRewards ---> TOURGUIDESERVICE
getUserRewards ---> TOURGUIDESERVICE
getUserRewards ---> TOURGUIDESERVICE
getUserRewards ---> TOURGUIDESERVICE
getUserRewards ---> TOURGUIDESERVICE
getUserRewards ---> TOURGUIDESERVICE
getUserRewards ---> TOURGUIDESERVICE
getUserRewards ---> TOURGUIDESERVICE
getUserRewards ---> TOURGUIDESERVICE
getUserRewards ---> TOURGUIDESERVICE
getUserRewards ---> TOURGUIDESERVICE
getUserRewards ---> TOURGUIDESERVICE
getUserRewards ---> TOURGUIDESERVICE
getUserRewards ---> TOURGUIDESERVICE
getUserRewards ---> TOURGUIDESERVICE
getUserRewards ---> TOURGUIDESERVICE
getUserRewards ---> TOURGUIDESERVICE
getUserRewards ---> TOURGUIDESERVICE
getUserRewards ---> TOURGUIDESERVICE
getUserRewards ---> TOURGUIDESERVICE
getUserRewards ---> TOURGUIDESERVICE
getUserRewards ---> TOURGUIDESERVICE
getUserRewards ---> TOURGUIDESERVICE
getUserRewards ---> TOURGUIDESERVICE
getUserRewards ---> TOURGUIDESERVICE
getUserRewards ---> TOURGUIDESERVICE
getUserRewards ---> TOURGUIDESERVICE
getUserRewards ---> TOURGUIDESERVICE
getUserRewards ---> TOURGUIDESERVICE
getUserRewards ---> TOURGUIDESERVICE
getUserRewards ---> TOURGUIDESERVICE
getUserRewards ---> TOURGUIDESERVICE
getUserRewards ---> TOURGUIDESERVICE
getUserRewards ---> TOURGUIDESERVICE
getUserRewards ---> TOURGUIDESERVICE
getUserRewards ---> TOURGUIDESERVICE
getUserRewards ---> TOURGUIDESERVICE
getUserRewards ---> TOURGUIDESERVICE
getUserRewards ---> TOURGUIDESERVICE
getUserRewards ---> TOURGUIDESERVICE
getUserRewards ---> TOURGUIDESERVICE
getUserRewards ---> TOURGUIDESERVICE
getUserRewards ---> TOURGUIDESERVICE
getUserRewards ---> TOURGUIDESERVICE
getUserRewards ---> TOURGUIDESERVICE
getUserRewards ---> TOURGUIDESERVICE
getUserRewards ---> TOURGUIDESERVICE
getUserRewards ---> TOURGUIDESERVICE
getUserRewards ---> TOURGUIDESERVICE
getUserRewards ---> TOURGUIDESERVICE
getUserRewards ---> TOURGUIDESERVICE
getUserRewards ---> TOURGUIDESERVICE
getUserRewards ---> TOURGUIDESERVICE
getUserRewards ---> TOURGUIDESERVICE
getUserRewards ---> TOURGUIDESERVICE
getUserRewards ---> TOURGUIDESERVICE
getUserRewards ---> TOURGUIDESERVICE
getUserRewards ---> TOURGUIDESERVICE
getUserRewards ---> TOURGUIDESERVICE
getUserRewards ---> TOURGUIDESERVICE
getUserRewards ---> TOURGUIDESERVICE
getUserRewards ---> TOURGUIDESERVICE
getUserRewards ---> TOURGUIDESERVICE
getUserRewards ---> TOURGUIDESERVICE
getUserRewards ---> TOURGUIDESERVICE
getUserRewards ---> TOURGUIDESERVICE
getUserRewards ---> TOURGUIDESERVICE
getUserRewards ---> TOURGUIDESERVICE
getUserRewards ---> TOURGUIDESERVICE
getUserRewards ---> TOURGUIDESERVICE
getUserRewards ---> TOURGUIDESERVICE
getUserRewards ---> TOURGUIDESERVICE
getUserRewards ---> TOURGUIDESERVICE
getUserRewards ---> TOURGUIDESERVICE
getUserRewards ---> TOURGUIDESERVICE
getUserRewards ---> TOURGUIDESERVICE
getUserRewards ---> TOURGUIDESERVICE
getUserRewards ---> TOURGUIDESERVICE
getUserRewards ---> TOURGUIDESERVICE
getUserRewards ---> TOURGUIDESERVICE
getUserRewards ---> TOURGUIDESERVICE
getUserRewards ---> TOURGUIDESERVICE
getUserRewards ---> TOURGUIDESERVICE
getUserRewards ---> TOURGUIDESERVICE
getUserRewards ---> TOURGUIDESERVICE
getUserRewards ---> TOURGUIDESERVICE
getUserRewards ---> TOURGUIDESERVICE
getUserRewards ---> TOURGUIDESERVICE
getUserRewards ---> TOURGUIDESERVICE
getUserRewards ---> TOURGUIDESERVICE
getUserRewards ---> TOURGUIDESERVICE
getUserRewards ---> TOURGUIDESERVICE
getUserRewards ---> TOURGUIDESERVICE
getUserRewards ---> TOURGUIDESERVICE
getUserRewards ---> TOURGUIDESERVICE
getUserRewards ---> TOURGUIDESERVICE
getUserRewards ---> TOURGUIDESERVICE
getUserRewards ---> TOURGUIDESERVICE
getUserRewards ---> TOURGUIDESERVICE
getUserRewards ---> TOURGUIDESERVICE
getUserRewards ---> TOURGUIDESERVICE
getUserRewards ---> TOURGUIDESERVICE
getUserRewards ---> TOURGUIDESERVICE
getUserRewards ---> TOURGUIDESERVICE
getUserRewards ---> TOURGUIDESERVICE
getUserRewards ---> TOURGUIDESERVICE
getUserRewards ---> TOURGUIDESERVICE
getUserRewards ---> TOURGUIDESERVICE
getUserRewards ---> TOURGUIDESERVICE
getUserRewards ---> TOURGUIDESERVICE
getUserRewards ---> TOURGUIDESERVICE
getUserRewards ---> TOURGUIDESERVICE
getUserRewards ---> TOURGUIDESERVICE
getUserRewards ---> TOURGUIDESERVICE
getUserRewards ---> TOURGUIDESERVICE
getUserRewards ---> TOURGUIDESERVICE
getUserRewards ---> TOURGUIDESERVICE
getUserRewards ---> TOURGUIDESERVICE
getUserRewards ---> TOURGUIDESERVICE
getUserRewards ---> TOURGUIDESERVICE
getUserRewards ---> TOURGUIDESERVICE
getUserRewards ---> TOURGUIDESERVICE
getUserRewards ---> TOURGUIDESERVICE
getUserRewards ---> TOURGUIDESERVICE
getUserRewards ---> TOURGUIDESERVICE
getUserRewards ---> TOURGUIDESERVICE
getUserRewards ---> TOURGUIDESERVICE
getUserRewards ---> TOURGUIDESERVICE
getUserRewards ---> TOURGUIDESERVICE
getUserRewards ---> TOURGUIDESERVICE
getUserRewards ---> TOURGUIDESERVICE
getUserRewards ---> TOURGUIDESERVICE
getUserRewards ---> TOURGUIDESERVICE
getUserRewards ---> TOURGUIDESERVICE
getUserRewards ---> TOURGUIDESERVICE
getUserRewards ---> TOURGUIDESERVICE
getUserRewards ---> TOURGUIDESERVICE
getUserRewards ---> TOURGUIDESERVICE
getUserRewards ---> TOURGUIDESERVICE
getUserRewards ---> TOURGUIDESERVICE
getUserRewards ---> TOURGUIDESERVICE
getUserRewards ---> TOURGUIDESERVICE
getUserRewards ---> TOURGUIDESERVICE
getUserRewards ---> TOURGUIDESERVICE
getUserRewards ---> TOURGUIDESERVICE
getUserRewards ---> TOURGUIDESERVICE
getUserRewards ---> TOURGUIDESERVICE
getUserRewards ---> TOURGUIDESERVICE
getUserRewards ---> TOURGUIDESERVICE
getUserRewards ---> TOURGUIDESERVICE
getUserRewards ---> TOURGUIDESERVICE
getUserRewards ---> TOURGUIDESERVICE
getUserRewards ---> TOURGUIDESERVICE
getUserRewards ---> TOURGUIDESERVICE
getUserRewards ---> TOURGUIDESERVICE
getUserRewards ---> TOURGUIDESERVICE
getUserRewards ---> TOURGUIDESERVICE
getUserRewards ---> TOURGUIDESERVICE
getUserRewards ---> TOURGUIDESERVICE
getUserRewards ---> TOURGUIDESERVICE
getUserRewards ---> TOURGUIDESERVICE
getUserRewards ---> TOURGUIDESERVICE
getUserRewards ---> TOURGUIDESERVICE
getUserRewards ---> TOURGUIDESERVICE
getUserRewards ---> TOURGUIDESERVICE
getUserRewards ---> TOURGUIDESERVICE
getUserRewards ---> TOURGUIDESERVICE
getUserRewards ---> TOURGUIDESERVICE
getUserRewards ---> TOURGUIDESERVICE
getUserRewards ---> TOURGUIDESERVICE
getUserRewards ---> TOURGUIDESERVICE
getUserRewards ---> TOURGUIDESERVICE
getUserRewards ---> TOURGUIDESERVICE
getUserRewards ---> TOURGUIDESERVICE
getUserRewards ---> TOURGUIDESERVICE
getUserRewards ---> TOURGUIDESERVICE
getUserRewards ---> TOURGUIDESERVICE
getUserRewards ---> TOURGUIDESERVICE
getUserRewards ---> TOURGUIDESERVICE
getUserRewards ---> TOURGUIDESERVICE
getUserRewards ---> TOURGUIDESERVICE
getUserRewards ---> TOURGUIDESERVICE
getUserRewards ---> TOURGUIDESERVICE
getUserRewards ---> TOURGUIDESERVICE
getUserRewards ---> TOURGUIDESERVICE
getUserRewards ---> TOURGUIDESERVICE
getUserRewards ---> TOURGUIDESERVICE
getUserRewards ---> TOURGUIDESERVICE
getUserRewards ---> TOURGUIDESERVICE
getUserRewards ---> TOURGUIDESERVICE
getUserRewards ---> TOURGUIDESERVICE
getUserRewards ---> TOURGUIDESERVICE
getUserRewards ---> TOURGUIDESERVICE
getUserRewards ---> TOURGUIDESERVICE
getUserRewards ---> TOURGUIDESERVICE
getUserRewards ---> TOURGUIDESERVICE
getUserRewards ---> TOURGUIDESERVICE
getUserRewards ---> TOURGUIDESERVICE
getUserRewards ---> TOURGUIDESERVICE
getUserRewards ---> TOURGUIDESERVICE
getUserRewards ---> TOURGUIDESERVICE
getUserRewards ---> TOURGUIDESERVICE
getUserRewards ---> TOURGUIDESERVICE
getUserRewards ---> TOURGUIDESERVICE
getUserRewards ---> TOURGUIDESERVICE
getUserRewards ---> TOURGUIDESERVICE
getUserRewards ---> TOURGUIDESERVICE
getUserRewards ---> TOURGUIDESERVICE
getUserRewards ---> TOURGUIDESERVICE
getUserRewards ---> TOURGUIDESERVICE
getUserRewards ---> TOURGUIDESERVICE
getUserRewards ---> TOURGUIDESERVICE
getUserRewards ---> TOURGUIDESERVICE
getUserRewards ---> TOURGUIDESERVICE
getUserRewards ---> TOURGUIDESERVICE
getUserRewards ---> TOURGUIDESERVICE
getUserRewards ---> TOURGUIDESERVICE
getUserRewards ---> TOURGUIDESERVICE
getUserRewards ---> TOURGUIDESERVICE
getUserRewards ---> TOURGUIDESERVICE
getUserRewards ---> TOURGUIDESERVICE
getUserRewards ---> TOURGUIDESERVICE
getUserRewards ---> TOURGUIDESERVICE
getUserRewards ---> TOURGUIDESERVICE
getUserRewards ---> TOURGUIDESERVICE
getUserRewards ---> TOURGUIDESERVICE
getUserRewards ---> TOURGUIDESERVICE
getUserRewards ---> TOURGUIDESERVICE
getUserRewards ---> TOURGUIDESERVICE
getUserRewards ---> TOURGUIDESERVICE
getUserRewards ---> TOURGUIDESERVICE
getUserRewards ---> TOURGUIDESERVICE
getUserRewards ---> TOURGUIDESERVICE
getUserRewards ---> TOURGUIDESERVICE
getUserRewards ---> TOURGUIDESERVICE
getUserRewards ---> TOURGUIDESERVICE
getUserRewards ---> TOURGUIDESERVICE
getUserRewards ---> TOURGUIDESERVICE
getUserRewards ---> TOURGUIDESERVICE
getUserRewards ---> TOURGUIDESERVICE
getUserRewards ---> TOURGUIDESERVICE
getUserRewards ---> TOURGUIDESERVICE
getUserRewards ---> TOURGUIDESERVICE
getUserRewards ---> TOURGUIDESERVICE
getUserRewards ---> TOURGUIDESERVICE
getUserRewards ---> TOURGUIDESERVICE
getUserRewards ---> TOURGUIDESERVICE
getUserRewards ---> TOURGUIDESERVICE
getUserRewards ---> TOURGUIDESERVICE
getUserRewards ---> TOURGUIDESERVICE
getUserRewards ---> TOURGUIDESERVICE
getUserRewards ---> TOURGUIDESERVICE
getUserRewards ---> TOURGUIDESERVICE
getUserRewards ---> TOURGUIDESERVICE
getUserRewards ---> TOURGUIDESERVICE
getUserRewards ---> TOURGUIDESERVICE
getUserRewards ---> TOURGUIDESERVICE
getUserRewards ---> TOURGUIDESERVICE
getUserRewards ---> TOURGUIDESERVICE
getUserRewards ---> TOURGUIDESERVICE
getUserRewards ---> TOURGUIDESERVICE
getUserRewards ---> TOURGUIDESERVICE
getUserRewards ---> TOURGUIDESERVICE
getUserRewards ---> TOURGUIDESERVICE
getUserRewards ---> TOURGUIDESERVICE
getUserRewards ---> TOURGUIDESERVICE
getUserRewards ---> TOURGUIDESERVICE
getUserRewards ---> TOURGUIDESERVICE
getUserRewards ---> TOURGUIDESERVICE
getUserRewards ---> TOURGUIDESERVICE
getUserRewards ---> TOURGUIDESERVICE
getUserRewards ---> TOURGUIDESERVICE
getUserRewards ---> TOURGUIDESERVICE
getUserRewards ---> TOURGUIDESERVICE
getUserRewards ---> TOURGUIDESERVICE
getUserRewards ---> TOURGUIDESERVICE
getUserRewards ---> TOURGUIDESERVICE
getUserRewards ---> TOURGUIDESERVICE
getUserRewards ---> TOURGUIDESERVICE
getUserRewards ---> TOURGUIDESERVICE
getUserRewards ---> TOURGUIDESERVICE
getUserRewards ---> TOURGUIDESERVICE
getUserRewards ---> TOURGUIDESERVICE
getUserRewards ---> TOURGUIDESERVICE
getUserRewards ---> TOURGUIDESERVICE
getUserRewards ---> TOURGUIDESERVICE
getUserRewards ---> TOURGUIDESERVICE
getUserRewards ---> TOURGUIDESERVICE
getUserRewards ---> TOURGUIDESERVICE
getUserRewards ---> TOURGUIDESERVICE
getUserRewards ---> TOURGUIDESERVICE
getUserRewards ---> TOURGUIDESERVICE
getUserRewards ---> TOURGUIDESERVICE
getUserRewards ---> TOURGUIDESERVICE
getUserRewards ---> TOURGUIDESERVICE
getUserRewards ---> TOURGUIDESERVICE
getUserRewards ---> TOURGUIDESERVICE
getUserRewards ---> TOURGUIDESERVICE
getUserRewards ---> TOURGUIDESERVICE
getUserRewards ---> TOURGUIDESERVICE
getUserRewards ---> TOURGUIDESERVICE
getUserRewards ---> TOURGUIDESERVICE
getUserRewards ---> TOURGUIDESERVICE
getUserRewards ---> TOURGUIDESERVICE
getUserRewards ---> TOURGUIDESERVICE
getUserRewards ---> TOURGUIDESERVICE
getUserRewards ---> TOURGUIDESERVICE
getUserRewards ---> TOURGUIDESERVICE
getUserRewards ---> TOURGUIDESERVICE
getUserRewards ---> TOURGUIDESERVICE
getUserRewards ---> TOURGUIDESERVICE
getUserRewards ---> TOURGUIDESERVICE
getUserRewards ---> TOURGUIDESERVICE
getUserRewards ---> TOURGUIDESERVICE
getUserRewards ---> TOURGUIDESERVICE
getUserRewards ---> TOURGUIDESERVICE
getUserRewards ---> TOURGUIDESERVICE
getUserRewards ---> TOURGUIDESERVICE
getUserRewards ---> TOURGUIDESERVICE
getUserRewards ---> TOURGUIDESERVICE
getUserRewards ---> TOURGUIDESERVICE
getUserRewards ---> TOURGUIDESERVICE
getUserRewards ---> TOURGUIDESERVICE
getUserRewards ---> TOURGUIDESERVICE
getUserRewards ---> TOURGUIDESERVICE
getUserRewards ---> TOURGUIDESERVICE
getUserRewards ---> TOURGUIDESERVICE
getUserRewards ---> TOURGUIDESERVICE
getUserRewards ---> TOURGUIDESERVICE
getUserRewards ---> TOURGUIDESERVICE
getUserRewards ---> TOURGUIDESERVICE
getUserRewards ---> TOURGUIDESERVICE
getUserRewards ---> TOURGUIDESERVICE
getUserRewards ---> TOURGUIDESERVICE
getUserRewards ---> TOURGUIDESERVICE
getUserRewards ---> TOURGUIDESERVICE
getUserRewards ---> TOURGUIDESERVICE
getUserRewards ---> TOURGUIDESERVICE
getUserRewards ---> TOURGUIDESERVICE
getUserRewards ---> TOURGUIDESERVICE
getUserRewards ---> TOURGUIDESERVICE
getUserRewards ---> TOURGUIDESERVICE
getUserRewards ---> TOURGUIDESERVICE
getUserRewards ---> TOURGUIDESERVICE
getUserRewards ---> TOURGUIDESERVICE
getUserRewards ---> TOURGUIDESERVICE
getUserRewards ---> TOURGUIDESERVICE
getUserRewards ---> TOURGUIDESERVICE
getUserRewards ---> TOURGUIDESERVICE
getUserRewards ---> TOURGUIDESERVICE
getUserRewards ---> TOURGUIDESERVICE
getUserRewards ---> TOURGUIDESERVICE
getUserRewards ---> TOURGUIDESERVICE
getUserRewards ---> TOURGUIDESERVICE
getUserRewards ---> TOURGUIDESERVICE
getUserRewards ---> TOURGUIDESERVICE
getUserRewards ---> TOURGUIDESERVICE
getUserRewards ---> TOURGUIDESERVICE
getUserRewards ---> TOURGUIDESERVICE
getUserRewards ---> TOURGUIDESERVICE
getUserRewards ---> TOURGUIDESERVICE
getUserRewards ---> TOURGUIDESERVICE
getUserRewards ---> TOURGUIDESERVICE
getUserRewards ---> TOURGUIDESERVICE
getUserRewards ---> TOURGUIDESERVICE
getUserRewards ---> TOURGUIDESERVICE
getUserRewards ---> TOURGUIDESERVICE
getUserRewards ---> TOURGUIDESERVICE
getUserRewards ---> TOURGUIDESERVICE
getUserRewards ---> TOURGUIDESERVICE
getUserRewards ---> TOURGUIDESERVICE
getUserRewards ---> TOURGUIDESERVICE
getUserRewards ---> TOURGUIDESERVICE
getUserRewards ---> TOURGUIDESERVICE
getUserRewards ---> TOURGUIDESERVICE
getUserRewards ---> TOURGUIDESERVICE
getUserRewards ---> TOURGUIDESERVICE
getUserRewards ---> TOURGUIDESERVICE
getUserRewards ---> TOURGUIDESERVICE
getUserRewards ---> TOURGUIDESERVICE
getUserRewards ---> TOURGUIDESERVICE
getUserRewards ---> TOURGUIDESERVICE
getUserRewards ---> TOURGUIDESERVICE
getUserRewards ---> TOURGUIDESERVICE
getUserRewards ---> TOURGUIDESERVICE
getUserRewards ---> TOURGUIDESERVICE
getUserRewards ---> TOURGUIDESERVICE
getUserRewards ---> TOURGUIDESERVICE
getUserRewards ---> TOURGUIDESERVICE
getUserRewards ---> TOURGUIDESERVICE
getUserRewards ---> TOURGUIDESERVICE
getUserRewards ---> TOURGUIDESERVICE
getUserRewards ---> TOURGUIDESERVICE
getUserRewards ---> TOURGUIDESERVICE
getUserRewards ---> TOURGUIDESERVICE
getUserRewards ---> TOURGUIDESERVICE
getUserRewards ---> TOURGUIDESERVICE
getUserRewards ---> TOURGUIDESERVICE
getUserRewards ---> TOURGUIDESERVICE
getUserRewards ---> TOURGUIDESERVICE
getUserRewards ---> TOURGUIDESERVICE
getUserRewards ---> TOURGUIDESERVICE
getUserRewards ---> TOURGUIDESERVICE
getUserRewards ---> TOURGUIDESERVICE
getUserRewards ---> TOURGUIDESERVICE
getUserRewards ---> TOURGUIDESERVICE
getUserRewards ---> TOURGUIDESERVICE
getUserRewards ---> TOURGUIDESERVICE
getUserRewards ---> TOURGUIDESERVICE
getUserRewards ---> TOURGUIDESERVICE
getUserRewards ---> TOURGUIDESERVICE
getUserRewards ---> TOURGUIDESERVICE
getUserRewards ---> TOURGUIDESERVICE
getUserRewards ---> TOURGUIDESERVICE
getUserRewards ---> TOURGUIDESERVICE
getUserRewards ---> TOURGUIDESERVICE
getUserRewards ---> TOURGUIDESERVICE
getUserRewards ---> TOURGUIDESERVICE
getUserRewards ---> TOURGUIDESERVICE
getUserRewards ---> TOURGUIDESERVICE
getUserRewards ---> TOURGUIDESERVICE
getUserRewards ---> TOURGUIDESERVICE
getUserRewards ---> TOURGUIDESERVICE
getUserRewards ---> TOURGUIDESERVICE
getUserRewards ---> TOURGUIDESERVICE
getUserRewards ---> TOURGUIDESERVICE
getUserRewards ---> TOURGUIDESERVICE
getUserRewards ---> TOURGUIDESERVICE
getUserRewards ---> TOURGUIDESERVICE
getUserRewards ---> TOURGUIDESERVICE
getUserRewards ---> TOURGUIDESERVICE
getUserRewards ---> TOURGUIDESERVICE
getUserRewards ---> TOURGUIDESERVICE
getUserRewards ---> TOURGUIDESERVICE
getUserRewards ---> TOURGUIDESERVICE
getUserRewards ---> TOURGUIDESERVICE
getUserRewards ---> TOURGUIDESERVICE
getUserRewards ---> TOURGUIDESERVICE
getUserRewards ---> TOURGUIDESERVICE
getUserRewards ---> TOURGUIDESERVICE
getUserRewards ---> TOURGUIDESERVICE
getUserRewards ---> TOURGUIDESERVICE
getUserRewards ---> TOURGUIDESERVICE
getUserRewards ---> TOURGUIDESERVICE
getUserRewards ---> TOURGUIDESERVICE
getUserRewards ---> TOURGUIDESERVICE
getUserRewards ---> TOURGUIDESERVICE
getUserRewards ---> TOURGUIDESERVICE
getUserRewards ---> TOURGUIDESERVICE
getUserRewards ---> TOURGUIDESERVICE
getUserRewards ---> TOURGUIDESERVICE
getUserRewards ---> TOURGUIDESERVICE
getUserRewards ---> TOURGUIDESERVICE
getUserRewards ---> TOURGUIDESERVICE
getUserRewards ---> TOURGUIDESERVICE
getUserRewards ---> TOURGUIDESERVICE
getUserRewards ---> TOURGUIDESERVICE
getUserRewards ---> TOURGUIDESERVICE
getUserRewards ---> TOURGUIDESERVICE
getUserRewards ---> TOURGUIDESERVICE
getUserRewards ---> TOURGUIDESERVICE
getUserRewards ---> TOURGUIDESERVICE
getUserRewards ---> TOURGUIDESERVICE
getUserRewards ---> TOURGUIDESERVICE
getUserRewards ---> TOURGUIDESERVICE
getUserRewards ---> TOURGUIDESERVICE
getUserRewards ---> TOURGUIDESERVICE
getUserRewards ---> TOURGUIDESERVICE
getUserRewards ---> TOURGUIDESERVICE
getUserRewards ---> TOURGUIDESERVICE
getUserRewards ---> TOURGUIDESERVICE
getUserRewards ---> TOURGUIDESERVICE
getUserRewards ---> TOURGUIDESERVICE
getUserRewards ---> TOURGUIDESERVICE
getUserRewards ---> TOURGUIDESERVICE
getUserRewards ---> TOURGUIDESERVICE
getUserRewards ---> TOURGUIDESERVICE
getUserRewards ---> TOURGUIDESERVICE
getUserRewards ---> TOURGUIDESERVICE
getUserRewards ---> TOURGUIDESERVICE
getUserRewards ---> TOURGUIDESERVICE
getUserRewards ---> TOURGUIDESERVICE
getUserRewards ---> TOURGUIDESERVICE
getUserRewards ---> TOURGUIDESERVICE
getUserRewards ---> TOURGUIDESERVICE
getUserRewards ---> TOURGUIDESERVICE
getUserRewards ---> TOURGUIDESERVICE
getUserRewards ---> TOURGUIDESERVICE
getUserRewards ---> TOURGUIDESERVICE
getUserRewards ---> TOURGUIDESERVICE
getUserRewards ---> TOURGUIDESERVICE
getUserRewards ---> TOURGUIDESERVICE
getUserRewards ---> TOURGUIDESERVICE
getUserRewards ---> TOURGUIDESERVICE
getUserRewards ---> TOURGUIDESERVICE
getUserRewards ---> TOURGUIDESERVICE
getUserRewards ---> TOURGUIDESERVICE
getUserRewards ---> TOURGUIDESERVICE
getUserRewards ---> TOURGUIDESERVICE
getUserRewards ---> TOURGUIDESERVICE
getUserRewards ---> TOURGUIDESERVICE
getUserRewards ---> TOURGUIDESERVICE
getUserRewards ---> TOURGUIDESERVICE
getUserRewards ---> TOURGUIDESERVICE
getUserRewards ---> TOURGUIDESERVICE
getUserRewards ---> TOURGUIDESERVICE
getUserRewards ---> TOURGUIDESERVICE
getUserRewards ---> TOURGUIDESERVICE
getUserRewards ---> TOURGUIDESERVICE
getUserRewards ---> TOURGUIDESERVICE
getUserRewards ---> TOURGUIDESERVICE
getUserRewards ---> TOURGUIDESERVICE
getUserRewards ---> TOURGUIDESERVICE
getUserRewards ---> TOURGUIDESERVICE
getUserRewards ---> TOURGUIDESERVICE
getUserRewards ---> TOURGUIDESERVICE
getUserRewards ---> TOURGUIDESERVICE
getUserRewards ---> TOURGUIDESERVICE
getUserRewards ---> TOURGUIDESERVICE
getUserRewards ---> TOURGUIDESERVICE
getUserRewards ---> TOURGUIDESERVICE
getUserRewards ---> TOURGUIDESERVICE
getUserRewards ---> TOURGUIDESERVICE
getUserRewards ---> TOURGUIDESERVICE
getUserRewards ---> TOURGUIDESERVICE
getUserRewards ---> TOURGUIDESERVICE
getUserRewards ---> TOURGUIDESERVICE
getUserRewards ---> TOURGUIDESERVICE
getUserRewards ---> TOURGUIDESERVICE
getUserRewards ---> TOURGUIDESERVICE
getUserRewards ---> TOURGUIDESERVICE
getUserRewards ---> TOURGUIDESERVICE
getUserRewards ---> TOURGUIDESERVICE
getUserRewards ---> TOURGUIDESERVICE
getUserRewards ---> TOURGUIDESERVICE
getUserRewards ---> TOURGUIDESERVICE
getUserRewards ---> TOURGUIDESERVICE
getUserRewards ---> TOURGUIDESERVICE
getUserRewards ---> TOURGUIDESERVICE
getUserRewards ---> TOURGUIDESERVICE
getUserRewards ---> TOURGUIDESERVICE
getUserRewards ---> TOURGUIDESERVICE
getUserRewards ---> TOURGUIDESERVICE
getUserRewards ---> TOURGUIDESERVICE
getUserRewards ---> TOURGUIDESERVICE
getUserRewards ---> TOURGUIDESERVICE
getUserRewards ---> TOURGUIDESERVICE
getUserRewards ---> TOURGUIDESERVICE
getUserRewards ---> TOURGUIDESERVICE
getUserRewards ---> TOURGUIDESERVICE
getUserRewards ---> TOURGUIDESERVICE
getUserRewards ---> TOURGUIDESERVICE
getUserRewards ---> TOURGUIDESERVICE
getUserRewards ---> TOURGUIDESERVICE
getUserRewards ---> TOURGUIDESERVICE
getUserRewards ---> TOURGUIDESERVICE
getUserRewards ---> TOURGUIDESERVICE
getUserRewards ---> TOURGUIDESERVICE
getUserRewards ---> TOURGUIDESERVICE
getUserRewards ---> TOURGUIDESERVICE
getUserRewards ---> TOURGUIDESERVICE
getUserRewards ---> TOURGUIDESERVICE
getUserRewards ---> TOURGUIDESERVICE
getUserRewards ---> TOURGUIDESERVICE
getUserRewards ---> TOURGUIDESERVICE
getUserRewards ---> TOURGUIDESERVICE
getUserRewards ---> TOURGUIDESERVICE
getUserRewards ---> TOURGUIDESERVICE
getUserRewards ---> TOURGUIDESERVICE
getUserRewards ---> TOURGUIDESERVICE
getUserRewards ---> TOURGUIDESERVICE
getUserRewards ---> TOURGUIDESERVICE
getUserRewards ---> TOURGUIDESERVICE
getUserRewards ---> TOURGUIDESERVICE
getUserRewards ---> TOURGUIDESERVICE
getUserRewards ---> TOURGUIDESERVICE
getUserRewards ---> TOURGUIDESERVICE
getUserRewards ---> TOURGUIDESERVICE
getUserRewards ---> TOURGUIDESERVICE
getUserRewards ---> TOURGUIDESERVICE
getUserRewards ---> TOURGUIDESERVICE
getUserRewards ---> TOURGUIDESERVICE
getUserRewards ---> TOURGUIDESERVICE
getUserRewards ---> TOURGUIDESERVICE
getUserRewards ---> TOURGUIDESERVICE
getUserRewards ---> TOURGUIDESERVICE
getUserRewards ---> TOURGUIDESERVICE
getUserRewards ---> TOURGUIDESERVICE
getUserRewards ---> TOURGUIDESERVICE
getUserRewards ---> TOURGUIDESERVICE
getUserRewards ---> TOURGUIDESERVICE
getUserRewards ---> TOURGUIDESERVICE
getUserRewards ---> TOURGUIDESERVICE
getUserRewards ---> TOURGUIDESERVICE
getUserRewards ---> TOURGUIDESERVICE
getUserRewards ---> TOURGUIDESERVICE
getUserRewards ---> TOURGUIDESERVICE
getUserRewards ---> TOURGUIDESERVICE
getUserRewards ---> TOURGUIDESERVICE
getUserRewards ---> TOURGUIDESERVICE
getUserRewards ---> TOURGUIDESERVICE
getUserRewards ---> TOURGUIDESERVICE
getUserRewards ---> TOURGUIDESERVICE
getUserRewards ---> TOURGUIDESERVICE
getUserRewards ---> TOURGUIDESERVICE
getUserRewards ---> TOURGUIDESERVICE
getUserRewards ---> TOURGUIDESERVICE
getUserRewards ---> TOURGUIDESERVICE
getUserRewards ---> TOURGUIDESERVICE
getUserRewards ---> TOURGUIDESERVICE
getUserRewards ---> TOURGUIDESERVICE
getUserRewards ---> TOURGUIDESERVICE
getUserRewards ---> TOURGUIDESERVICE
getUserRewards ---> TOURGUIDESERVICE
getUserRewards ---> TOURGUIDESERVICE
getUserRewards ---> TOURGUIDESERVICE
getUserRewards ---> TOURGUIDESERVICE
getUserRewards ---> TOURGUIDESERVICE
getUserRewards ---> TOURGUIDESERVICE
getUserRewards ---> TOURGUIDESERVICE
getUserRewards ---> TOURGUIDESERVICE
getUserRewards ---> TOURGUIDESERVICE
getUserRewards ---> TOURGUIDESERVICE
getUserRewards ---> TOURGUIDESERVICE
getUserRewards ---> TOURGUIDESERVICE
getUserRewards ---> TOURGUIDESERVICE
getUserRewards ---> TOURGUIDESERVICE
getUserRewards ---> TOURGUIDESERVICE
getUserRewards ---> TOURGUIDESERVICE
getUserRewards ---> TOURGUIDESERVICE
getUserRewards ---> TOURGUIDESERVICE
getUserRewards ---> TOURGUIDESERVICE
getUserRewards ---> TOURGUIDESERVICE
getUserRewards ---> TOURGUIDESERVICE
getUserRewards ---> TOURGUIDESERVICE
getUserRewards ---> TOURGUIDESERVICE
getUserRewards ---> TOURGUIDESERVICE
getUserRewards ---> TOURGUIDESERVICE
getUserRewards ---> TOURGUIDESERVICE
getUserRewards ---> TOURGUIDESERVICE
getUserRewards ---> TOURGUIDESERVICE
getUserRewards ---> TOURGUIDESERVICE
getUserRewards ---> TOURGUIDESERVICE
getUserRewards ---> TOURGUIDESERVICE
getUserRewards ---> TOURGUIDESERVICE
getUserRewards ---> TOURGUIDESERVICE
getUserRewards ---> TOURGUIDESERVICE
getUserRewards ---> TOURGUIDESERVICE
getUserRewards ---> TOURGUIDESERVICE
getUserRewards ---> TOURGUIDESERVICE
getUserRewards ---> TOURGUIDESERVICE
getUserRewards ---> TOURGUIDESERVICE
getUserRewards ---> TOURGUIDESERVICE
getUserRewards ---> TOURGUIDESERVICE
getUserRewards ---> TOURGUIDESERVICE
getUserRewards ---> TOURGUIDESERVICE
getUserRewards ---> TOURGUIDESERVICE
getUserRewards ---> TOURGUIDESERVICE
getUserRewards ---> TOURGUIDESERVICE
getUserRewards ---> TOURGUIDESERVICE
getUserRewards ---> TOURGUIDESERVICE
getUserRewards ---> TOURGUIDESERVICE
getUserRewards ---> TOURGUIDESERVICE
getUserRewards ---> TOURGUIDESERVICE
getUserRewards ---> TOURGUIDESERVICE
getUserRewards ---> TOURGUIDESERVICE
getUserRewards ---> TOURGUIDESERVICE
getUserRewards ---> TOURGUIDESERVICE
getUserRewards ---> TOURGUIDESERVICE
getUserRewards ---> TOURGUIDESERVICE
getUserRewards ---> TOURGUIDESERVICE
getUserRewards ---> TOURGUIDESERVICE
getUserRewards ---> TOURGUIDESERVICE
getUserRewards ---> TOURGUIDESERVICE
getUserRewards ---> TOURGUIDESERVICE
getUserRewards ---> TOURGUIDESERVICE
getUserRewards ---> TOURGUIDESERVICE
getUserRewards ---> TOURGUIDESERVICE
getUserRewards ---> TOURGUIDESERVICE
getUserRewards ---> TOURGUIDESERVICE
getUserRewards ---> TOURGUIDESERVICE
getUserRewards ---> TOURGUIDESERVICE
getUserRewards ---> TOURGUIDESERVICE
getUserRewards ---> TOURGUIDESERVICE
getUserRewards ---> TOURGUIDESERVICE
getUserRewards ---> TOURGUIDESERVICE
getUserRewards ---> TOURGUIDESERVICE
getUserRewards ---> TOURGUIDESERVICE
getUserRewards ---> TOURGUIDESERVICE
getUserRewards ---> TOURGUIDESERVICE
getUserRewards ---> TOURGUIDESERVICE
getUserRewards ---> TOURGUIDESERVICE
getUserRewards ---> TOURGUIDESERVICE
getUserRewards ---> TOURGUIDESERVICE
getUserRewards ---> TOURGUIDESERVICE
getUserRewards ---> TOURGUIDESERVICE
getUserRewards ---> TOURGUIDESERVICE
getUserRewards ---> TOURGUIDESERVICE
getUserRewards ---> TOURGUIDESERVICE
getUserRewards ---> TOURGUIDESERVICE
getUserRewards ---> TOURGUIDESERVICE
getUserRewards ---> TOURGUIDESERVICE
getUserRewards ---> TOURGUIDESERVICE
getUserRewards ---> TOURGUIDESERVICE
getUserRewards ---> TOURGUIDESERVICE
getUserRewards ---> TOURGUIDESERVICE
getUserRewards ---> TOURGUIDESERVICE
getUserRewards ---> TOURGUIDESERVICE
getUserRewards ---> TOURGUIDESERVICE
getUserRewards ---> TOURGUIDESERVICE
getUserRewards ---> TOURGUIDESERVICE
getUserRewards ---> TOURGUIDESERVICE
getUserRewards ---> TOURGUIDESERVICE
getUserRewards ---> TOURGUIDESERVICE
getUserRewards ---> TOURGUIDESERVICE
getUserRewards ---> TOURGUIDESERVICE
getUserRewards ---> TOURGUIDESERVICE
getUserRewards ---> TOURGUIDESERVICE
getUserRewards ---> TOURGUIDESERVICE
getUserRewards ---> TOURGUIDESERVICE
getUserRewards ---> TOURGUIDESERVICE
getUserRewards ---> TOURGUIDESERVICE
getUserRewards ---> TOURGUIDESERVICE
getUserRewards ---> TOURGUIDESERVICE
getUserRewards ---> TOURGUIDESERVICE
getUserRewards ---> TOURGUIDESERVICE
getUserRewards ---> TOURGUIDESERVICE
getUserRewards ---> TOURGUIDESERVICE
getUserRewards ---> TOURGUIDESERVICE
getUserRewards ---> TOURGUIDESERVICE
getUserRewards ---> TOURGUIDESERVICE
getUserRewards ---> TOURGUIDESERVICE
getUserRewards ---> TOURGUIDESERVICE
getUserRewards ---> TOURGUIDESERVICE
getUserRewards ---> TOURGUIDESERVICE
getUserRewards ---> TOURGUIDESERVICE
getUserRewards ---> TOURGUIDESERVICE
getUserRewards ---> TOURGUIDESERVICE
getUserRewards ---> TOURGUIDESERVICE
getUserRewards ---> TOURGUIDESERVICE
getUserRewards ---> TOURGUIDESERVICE
getUserRewards ---> TOURGUIDESERVICE
getUserRewards ---> TOURGUIDESERVICE
getUserRewards ---> TOURGUIDESERVICE
getUserRewards ---> TOURGUIDESERVICE
getUserRewards ---> TOURGUIDESERVICE
getUserRewards ---> TOURGUIDESERVICE
getUserRewards ---> TOURGUIDESERVICE
getUserRewards ---> TOURGUIDESERVICE
getUserRewards ---> TOURGUIDESERVICE
getUserRewards ---> TOURGUIDESERVICE
getUserRewards ---> TOURGUIDESERVICE
getUserRewards ---> TOURGUIDESERVICE
getUserRewards ---> TOURGUIDESERVICE
getUserRewards ---> TOURGUIDESERVICE
getUserRewards ---> TOURGUIDESERVICE
getUserRewards ---> TOURGUIDESERVICE
getUserRewards ---> TOURGUIDESERVICE
getUserRewards ---> TOURGUIDESERVICE
getUserRewards ---> TOURGUIDESERVICE
getUserRewards ---> TOURGUIDESERVICE
getUserRewards ---> TOURGUIDESERVICE
getUserRewards ---> TOURGUIDESERVICE
getUserRewards ---> TOURGUIDESERVICE
getUserRewards ---> TOURGUIDESERVICE
getUserRewards ---> TOURGUIDESERVICE
getUserRewards ---> TOURGUIDESERVICE
getUserRewards ---> TOURGUIDESERVICE
getUserRewards ---> TOURGUIDESERVICE
getUserRewards ---> TOURGUIDESERVICE
getUserRewards ---> TOURGUIDESERVICE
getUserRewards ---> TOURGUIDESERVICE
getUserRewards ---> TOURGUIDESERVICE
getUserRewards ---> TOURGUIDESERVICE
getUserRewards ---> TOURGUIDESERVICE
getUserRewards ---> TOURGUIDESERVICE
getUserRewards ---> TOURGUIDESERVICE
getUserRewards ---> TOURGUIDESERVICE
getUserRewards ---> TOURGUIDESERVICE
getUserRewards ---> TOURGUIDESERVICE
getUserRewards ---> TOURGUIDESERVICE
getUserRewards ---> TOURGUIDESERVICE
getUserRewards ---> TOURGUIDESERVICE
getUserRewards ---> TOURGUIDESERVICE
getUserRewards ---> TOURGUIDESERVICE
getUserRewards ---> TOURGUIDESERVICE
getUserRewards ---> TOURGUIDESERVICE
getUserRewards ---> TOURGUIDESERVICE
getUserRewards ---> TOURGUIDESERVICE
getUserRewards ---> TOURGUIDESERVICE
getUserRewards ---> TOURGUIDESERVICE
getUserRewards ---> TOURGUIDESERVICE
getUserRewards ---> TOURGUIDESERVICE
getUserRewards ---> TOURGUIDESERVICE
getUserRewards ---> TOURGUIDESERVICE
getUserRewards ---> TOURGUIDESERVICE
getUserRewards ---> TOURGUIDESERVICE
getUserRewards ---> TOURGUIDESERVICE
getUserRewards ---> TOURGUIDESERVICE
getUserRewards ---> TOURGUIDESERVICE
getUserRewards ---> TOURGUIDESERVICE
getUserRewards ---> TOURGUIDESERVICE
getUserRewards ---> TOURGUIDESERVICE
getUserRewards ---> TOURGUIDESERVICE
getUserRewards ---> TOURGUIDESERVICE
getUserRewards ---> TOURGUIDESERVICE
getUserRewards ---> TOURGUIDESERVICE
getUserRewards ---> TOURGUIDESERVICE
getUserRewards ---> TOURGUIDESERVICE
getUserRewards ---> TOURGUIDESERVICE
getUserRewards ---> TOURGUIDESERVICE
getUserRewards ---> TOURGUIDESERVICE
getUserRewards ---> TOURGUIDESERVICE
getUserRewards ---> TOURGUIDESERVICE
getUserRewards ---> TOURGUIDESERVICE
getUserRewards ---> TOURGUIDESERVICE
getUserRewards ---> TOURGUIDESERVICE
getUserRewards ---> TOURGUIDESERVICE
getUserRewards ---> TOURGUIDESERVICE
getUserRewards ---> TOURGUIDESERVICE
getUserRewards ---> TOURGUIDESERVICE
getUserRewards ---> TOURGUIDESERVICE
getUserRewards ---> TOURGUIDESERVICE
getUserRewards ---> TOURGUIDESERVICE
getUserRewards ---> TOURGUIDESERVICE
getUserRewards ---> TOURGUIDESERVICE
getUserRewards ---> TOURGUIDESERVICE
getUserRewards ---> TOURGUIDESERVICE
getUserRewards ---> TOURGUIDESERVICE
getUserRewards ---> TOURGUIDESERVICE
getUserRewards ---> TOURGUIDESERVICE
getUserRewards ---> TOURGUIDESERVICE
getUserRewards ---> TOURGUIDESERVICE
getUserRewards ---> TOURGUIDESERVICE
getUserRewards ---> TOURGUIDESERVICE
getUserRewards ---> TOURGUIDESERVICE
getUserRewards ---> TOURGUIDESERVICE
getUserRewards ---> TOURGUIDESERVICE
getUserRewards ---> TOURGUIDESERVICE
getUserRewards ---> TOURGUIDESERVICE
getUserRewards ---> TOURGUIDESERVICE
getUserRewards ---> TOURGUIDESERVICE
getUserRewards ---> TOURGUIDESERVICE
getUserRewards ---> TOURGUIDESERVICE
getUserRewards ---> TOURGUIDESERVICE
getUserRewards ---> TOURGUIDESERVICE
getUserRewards ---> TOURGUIDESERVICE
getUserRewards ---> TOURGUIDESERVICE
getUserRewards ---> TOURGUIDESERVICE
getUserRewards ---> TOURGUIDESERVICE
getUserRewards ---> TOURGUIDESERVICE
getUserRewards ---> TOURGUIDESERVICE
getUserRewards ---> TOURGUIDESERVICE
getUserRewards ---> TOURGUIDESERVICE
getUserRewards ---> TOURGUIDESERVICE
getUserRewards ---> TOURGUIDESERVICE
getUserRewards ---> TOURGUIDESERVICE
getUserRewards ---> TOURGUIDESERVICE
getUserRewards ---> TOURGUIDESERVICE
getUserRewards ---> TOURGUIDESERVICE
getUserRewards ---> TOURGUIDESERVICE
getUserRewards ---> TOURGUIDESERVICE
getUserRewards ---> TOURGUIDESERVICE
getUserRewards ---> TOURGUIDESERVICE
getUserRewards ---> TOURGUIDESERVICE
getUserRewards ---> TOURGUIDESERVICE
getUserRewards ---> TOURGUIDESERVICE
getUserRewards ---> TOURGUIDESERVICE
getUserRewards ---> TOURGUIDESERVICE
getUserRewards ---> TOURGUIDESERVICE
getUserRewards ---> TOURGUIDESERVICE
getUserRewards ---> TOURGUIDESERVICE
getUserRewards ---> TOURGUIDESERVICE
getUserRewards ---> TOURGUIDESERVICE
getUserRewards ---> TOURGUIDESERVICE
getUserRewards ---> TOURGUIDESERVICE
getUserRewards ---> TOURGUIDESERVICE
getUserRewards ---> TOURGUIDESERVICE
getUserRewards ---> TOURGUIDESERVICE
getUserRewards ---> TOURGUIDESERVICE
getUserRewards ---> TOURGUIDESERVICE
getUserRewards ---> TOURGUIDESERVICE
getUserRewards ---> TOURGUIDESERVICE
getUserRewards ---> TOURGUIDESERVICE
getUserRewards ---> TOURGUIDESERVICE
getUserRewards ---> TOURGUIDESERVICE
getUserRewards ---> TOURGUIDESERVICE
getUserRewards ---> TOURGUIDESERVICE
getUserRewards ---> TOURGUIDESERVICE
getUserRewards ---> TOURGUIDESERVICE
getUserRewards ---> TOURGUIDESERVICE
getUserRewards ---> TOURGUIDESERVICE
getUserRewards ---> TOURGUIDESERVICE
getUserRewards ---> TOURGUIDESERVICE
getUserRewards ---> TOURGUIDESERVICE
getUserRewards ---> TOURGUIDESERVICE
getUserRewards ---> TOURGUIDESERVICE
getUserRewards ---> TOURGUIDESERVICE
getUserRewards ---> TOURGUIDESERVICE
getUserRewards ---> TOURGUIDESERVICE
getUserRewards ---> TOURGUIDESERVICE
getUserRewards ---> TOURGUIDESERVICE
getUserRewards ---> TOURGUIDESERVICE
getUserRewards ---> TOURGUIDESERVICE
getUserRewards ---> TOURGUIDESERVICE
getUserRewards ---> TOURGUIDESERVICE
getUserRewards ---> TOURGUIDESERVICE
getUserRewards ---> TOURGUIDESERVICE
getUserRewards ---> TOURGUIDESERVICE
getUserRewards ---> TOURGUIDESERVICE
getUserRewards ---> TOURGUIDESERVICE
getUserRewards ---> TOURGUIDESERVICE
getUserRewards ---> TOURGUIDESERVICE
getUserRewards ---> TOURGUIDESERVICE
getUserRewards ---> TOURGUIDESERVICE
getUserRewards ---> TOURGUIDESERVICE
getUserRewards ---> TOURGUIDESERVICE
getUserRewards ---> TOURGUIDESERVICE
getUserRewards ---> TOURGUIDESERVICE
getUserRewards ---> TOURGUIDESERVICE
getUserRewards ---> TOURGUIDESERVICE
getUserRewards ---> TOURGUIDESERVICE
getUserRewards ---> TOURGUIDESERVICE
getUserRewards ---> TOURGUIDESERVICE
getUserRewards ---> TOURGUIDESERVICE
getUserRewards ---> TOURGUIDESERVICE
getUserRewards ---> TOURGUIDESERVICE
getUserRewards ---> TOURGUIDESERVICE
getUserRewards ---> TOURGUIDESERVICE
getUserRewards ---> TOURGUIDESERVICE
getUserRewards ---> TOURGUIDESERVICE
getUserRewards ---> TOURGUIDESERVICE
getUserRewards ---> TOURGUIDESERVICE
getUserRewards ---> TOURGUIDESERVICE
getUserRewards ---> TOURGUIDESERVICE
getUserRewards ---> TOURGUIDESERVICE
getUserRewards ---> TOURGUIDESERVICE
getUserRewards ---> TOURGUIDESERVICE
getUserRewards ---> TOURGUIDESERVICE
getUserRewards ---> TOURGUIDESERVICE
getUserRewards ---> TOURGUIDESERVICE
getUserRewards ---> TOURGUIDESERVICE
getUserRewards ---> TOURGUIDESERVICE
getUserRewards ---> TOURGUIDESERVICE
getUserRewards ---> TOURGUIDESERVICE
getUserRewards ---> TOURGUIDESERVICE
getUserRewards ---> TOURGUIDESERVICE
getUserRewards ---> TOURGUIDESERVICE
getUserRewards ---> TOURGUIDESERVICE
getUserRewards ---> TOURGUIDESERVICE
getUserRewards ---> TOURGUIDESERVICE
getUserRewards ---> TOURGUIDESERVICE
getUserRewards ---> TOURGUIDESERVICE
getUserRewards ---> TOURGUIDESERVICE
getUserRewards ---> TOURGUIDESERVICE
getUserRewards ---> TOURGUIDESERVICE
getUserRewards ---> TOURGUIDESERVICE
getUserRewards ---> TOURGUIDESERVICE
getUserRewards ---> TOURGUIDESERVICE
getUserRewards ---> TOURGUIDESERVICE
getUserRewards ---> TOURGUIDESERVICE
getUserRewards ---> TOURGUIDESERVICE
getUserRewards ---> TOURGUIDESERVICE
getUserRewards ---> TOURGUIDESERVICE
getUserRewards ---> TOURGUIDESERVICE
getUserRewards ---> TOURGUIDESERVICE
getUserRewards ---> TOURGUIDESERVICE
getUserRewards ---> TOURGUIDESERVICE
getUserRewards ---> TOURGUIDESERVICE
getUserRewards ---> TOURGUIDESERVICE
getUserRewards ---> TOURGUIDESERVICE
getUserRewards ---> TOURGUIDESERVICE
getUserRewards ---> TOURGUIDESERVICE
getUserRewards ---> TOURGUIDESERVICE
getUserRewards ---> TOURGUIDESERVICE
getUserRewards ---> TOURGUIDESERVICE
getUserRewards ---> TOURGUIDESERVICE
getUserRewards ---> TOURGUIDESERVICE
getUserRewards ---> TOURGUIDESERVICE
getUserRewards ---> TOURGUIDESERVICE
getUserRewards ---> TOURGUIDESERVICE
getUserRewards ---> TOURGUIDESERVICE
getUserRewards ---> TOURGUIDESERVICE
getUserRewards ---> TOURGUIDESERVICE
getUserRewards ---> TOURGUIDESERVICE
getUserRewards ---> TOURGUIDESERVICE
getUserRewards ---> TOURGUIDESERVICE
getUserRewards ---> TOURGUIDESERVICE
getUserRewards ---> TOURGUIDESERVICE
getUserRewards ---> TOURGUIDESERVICE
getUserRewards ---> TOURGUIDESERVICE
getUserRewards ---> TOURGUIDESERVICE
getUserRewards ---> TOURGUIDESERVICE
getUserRewards ---> TOURGUIDESERVICE
getUserRewards ---> TOURGUIDESERVICE
getUserRewards ---> TOURGUIDESERVICE
getUserRewards ---> TOURGUIDESERVICE
getUserRewards ---> TOURGUIDESERVICE
getUserRewards ---> TOURGUIDESERVICE
getUserRewards ---> TOURGUIDESERVICE
getUserRewards ---> TOURGUIDESERVICE
getUserRewards ---> TOURGUIDESERVICE
getUserRewards ---> TOURGUIDESERVICE
getUserRewards ---> TOURGUIDESERVICE
getUserRewards ---> TOURGUIDESERVICE
getUserRewards ---> TOURGUIDESERVICE
getUserRewards ---> TOURGUIDESERVICE
getUserRewards ---> TOURGUIDESERVICE
getUserRewards ---> TOURGUIDESERVICE
getUserRewards ---> TOURGUIDESERVICE
getUserRewards ---> TOURGUIDESERVICE
getUserRewards ---> TOURGUIDESERVICE
getUserRewards ---> TOURGUIDESERVICE
getUserRewards ---> TOURGUIDESERVICE
getUserRewards ---> TOURGUIDESERVICE
getUserRewards ---> TOURGUIDESERVICE
getUserRewards ---> TOURGUIDESERVICE
getUserRewards ---> TOURGUIDESERVICE
getUserRewards ---> TOURGUIDESERVICE
getUserRewards ---> TOURGUIDESERVICE
getUserRewards ---> TOURGUIDESERVICE
getUserRewards ---> TOURGUIDESERVICE
getUserRewards ---> TOURGUIDESERVICE
getUserRewards ---> TOURGUIDESERVICE
getUserRewards ---> TOURGUIDESERVICE
getUserRewards ---> TOURGUIDESERVICE
getUserRewards ---> TOURGUIDESERVICE
getUserRewards ---> TOURGUIDESERVICE
getUserRewards ---> TOURGUIDESERVICE
getUserRewards ---> TOURGUIDESERVICE
getUserRewards ---> TOURGUIDESERVICE
getUserRewards ---> TOURGUIDESERVICE
getUserRewards ---> TOURGUIDESERVICE
getUserRewards ---> TOURGUIDESERVICE
getUserRewards ---> TOURGUIDESERVICE
getUserRewards ---> TOURGUIDESERVICE
getUserRewards ---> TOURGUIDESERVICE
getUserRewards ---> TOURGUIDESERVICE
getUserRewards ---> TOURGUIDESERVICE
getUserRewards ---> TOURGUIDESERVICE
getUserRewards ---> TOURGUIDESERVICE
getUserRewards ---> TOURGUIDESERVICE
getUserRewards ---> TOURGUIDESERVICE
getUserRewards ---> TOURGUIDESERVICE
getUserRewards ---> TOURGUIDESERVICE
getUserRewards ---> TOURGUIDESERVICE
getUserRewards ---> TOURGUIDESERVICE
getUserRewards ---> TOURGUIDESERVICE
getUserRewards ---> TOURGUIDESERVICE
getUserRewards ---> TOURGUIDESERVICE
getUserRewards ---> TOURGUIDESERVICE
getUserRewards ---> TOURGUIDESERVICE
getUserRewards ---> TOURGUIDESERVICE
getUserRewards ---> TOURGUIDESERVICE
getUserRewards ---> TOURGUIDESERVICE
getUserRewards ---> TOURGUIDESERVICE
getUserRewards ---> TOURGUIDESERVICE
getUserRewards ---> TOURGUIDESERVICE
getUserRewards ---> TOURGUIDESERVICE
getUserRewards ---> TOURGUIDESERVICE
getUserRewards ---> TOURGUIDESERVICE
getUserRewards ---> TOURGUIDESERVICE
getUserRewards ---> TOURGUIDESERVICE
getUserRewards ---> TOURGUIDESERVICE
getUserRewards ---> TOURGUIDESERVICE
getUserRewards ---> TOURGUIDESERVICE
getUserRewards ---> TOURGUIDESERVICE
getUserRewards ---> TOURGUIDESERVICE
getUserRewards ---> TOURGUIDESERVICE
getUserRewards ---> TOURGUIDESERVICE
getUserRewards ---> TOURGUIDESERVICE
getUserRewards ---> TOURGUIDESERVICE
getUserRewards ---> TOURGUIDESERVICE
getUserRewards ---> TOURGUIDESERVICE
getUserRewards ---> TOURGUIDESERVICE
getUserRewards ---> TOURGUIDESERVICE
getUserRewards ---> TOURGUIDESERVICE
getUserRewards ---> TOURGUIDESERVICE
getUserRewards ---> TOURGUIDESERVICE
getUserRewards ---> TOURGUIDESERVICE
getUserRewards ---> TOURGUIDESERVICE
getUserRewards ---> TOURGUIDESERVICE
getUserRewards ---> TOURGUIDESERVICE
getUserRewards ---> TOURGUIDESERVICE
getUserRewards ---> TOURGUIDESERVICE
getUserRewards ---> TOURGUIDESERVICE
getUserRewards ---> TOURGUIDESERVICE
getUserRewards ---> TOURGUIDESERVICE
getUserRewards ---> TOURGUIDESERVICE
getUserRewards ---> TOURGUIDESERVICE
getUserRewards ---> TOURGUIDESERVICE
getUserRewards ---> TOURGUIDESERVICE
getUserRewards ---> TOURGUIDESERVICE
getUserRewards ---> TOURGUIDESERVICE
getUserRewards ---> TOURGUIDESERVICE
getUserRewards ---> TOURGUIDESERVICE
getUserRewards ---> TOURGUIDESERVICE
getUserRewards ---> TOURGUIDESERVICE
getUserRewards ---> TOURGUIDESERVICE
getUserRewards ---> TOURGUIDESERVICE
getUserRewards ---> TOURGUIDESERVICE
getUserRewards ---> TOURGUIDESERVICE
getUserRewards ---> TOURGUIDESERVICE
getUserRewards ---> TOURGUIDESERVICE
getUserRewards ---> TOURGUIDESERVICE
getUserRewards ---> TOURGUIDESERVICE
getUserRewards ---> TOURGUIDESERVICE
getUserRewards ---> TOURGUIDESERVICE
getUserRewards ---> TOURGUIDESERVICE
getUserRewards ---> TOURGUIDESERVICE
getUserRewards ---> TOURGUIDESERVICE
getUserRewards ---> TOURGUIDESERVICE
getUserRewards ---> TOURGUIDESERVICE
getUserRewards ---> TOURGUIDESERVICE
getUserRewards ---> TOURGUIDESERVICE
getUserRewards ---> TOURGUIDESERVICE
getUserRewards ---> TOURGUIDESERVICE
getUserRewards ---> TOURGUIDESERVICE
getUserRewards ---> TOURGUIDESERVICE
getUserRewards ---> TOURGUIDESERVICE
getUserRewards ---> TOURGUIDESERVICE
getUserRewards ---> TOURGUIDESERVICE
getUserRewards ---> TOURGUIDESERVICE
getUserRewards ---> TOURGUIDESERVICE
getUserRewards ---> TOURGUIDESERVICE
getUserRewards ---> TOURGUIDESERVICE
getUserRewards ---> TOURGUIDESERVICE
getUserRewards ---> TOURGUIDESERVICE
getUserRewards ---> TOURGUIDESERVICE
getUserRewards ---> TOURGUIDESERVICE
getUserRewards ---> TOURGUIDESERVICE
getUserRewards ---> TOURGUIDESERVICE
getUserRewards ---> TOURGUIDESERVICE
getUserRewards ---> TOURGUIDESERVICE
getUserRewards ---> TOURGUIDESERVICE
getUserRewards ---> TOURGUIDESERVICE
getUserRewards ---> TOURGUIDESERVICE
getUserRewards ---> TOURGUIDESERVICE
getUserRewards ---> TOURGUIDESERVICE
getUserRewards ---> TOURGUIDESERVICE
getUserRewards ---> TOURGUIDESERVICE
getUserRewards ---> TOURGUIDESERVICE
getUserRewards ---> TOURGUIDESERVICE
getUserRewards ---> TOURGUIDESERVICE
getUserRewards ---> TOURGUIDESERVICE
getUserRewards ---> TOURGUIDESERVICE
getUserRewards ---> TOURGUIDESERVICE
getUserRewards ---> TOURGUIDESERVICE
getUserRewards ---> TOURGUIDESERVICE
getUserRewards ---> TOURGUIDESERVICE
getUserRewards ---> TOURGUIDESERVICE
getUserRewards ---> TOURGUIDESERVICE
getUserRewards ---> TOURGUIDESERVICE
getUserRewards ---> TOURGUIDESERVICE
getUserRewards ---> TOURGUIDESERVICE
getUserRewards ---> TOURGUIDESERVICE
getUserRewards ---> TOURGUIDESERVICE
getUserRewards ---> TOURGUIDESERVICE
getUserRewards ---> TOURGUIDESERVICE
getUserRewards ---> TOURGUIDESERVICE
getUserRewards ---> TOURGUIDESERVICE
getUserRewards ---> TOURGUIDESERVICE
getUserRewards ---> TOURGUIDESERVICE
getUserRewards ---> TOURGUIDESERVICE
getUserRewards ---> TOURGUIDESERVICE
getUserRewards ---> TOURGUIDESERVICE
getUserRewards ---> TOURGUIDESERVICE
getUserRewards ---> TOURGUIDESERVICE
getUserRewards ---> TOURGUIDESERVICE
getUserRewards ---> TOURGUIDESERVICE
getUserRewards ---> TOURGUIDESERVICE
getUserRewards ---> TOURGUIDESERVICE
getUserRewards ---> TOURGUIDESERVICE
getUserRewards ---> TOURGUIDESERVICE
getUserRewards ---> TOURGUIDESERVICE
getUserRewards ---> TOURGUIDESERVICE
getUserRewards ---> TOURGUIDESERVICE
getUserRewards ---> TOURGUIDESERVICE
getUserRewards ---> TOURGUIDESERVICE
getUserRewards ---> TOURGUIDESERVICE
getUserRewards ---> TOURGUIDESERVICE
getUserRewards ---> TOURGUIDESERVICE
getUserRewards ---> TOURGUIDESERVICE
getUserRewards ---> TOURGUIDESERVICE
getUserRewards ---> TOURGUIDESERVICE
getUserRewards ---> TOURGUIDESERVICE
getUserRewards ---> TOURGUIDESERVICE
getUserRewards ---> TOURGUIDESERVICE
getUserRewards ---> TOURGUIDESERVICE
getUserRewards ---> TOURGUIDESERVICE
getUserRewards ---> TOURGUIDESERVICE
getUserRewards ---> TOURGUIDESERVICE
getUserRewards ---> TOURGUIDESERVICE
getUserRewards ---> TOURGUIDESERVICE
getUserRewards ---> TOURGUIDESERVICE
getUserRewards ---> TOURGUIDESERVICE
getUserRewards ---> TOURGUIDESERVICE
getUserRewards ---> TOURGUIDESERVICE
getUserRewards ---> TOURGUIDESERVICE
getUserRewards ---> TOURGUIDESERVICE
getUserRewards ---> TOURGUIDESERVICE
getUserRewards ---> TOURGUIDESERVICE
getUserRewards ---> TOURGUIDESERVICE
getUserRewards ---> TOURGUIDESERVICE
getUserRewards ---> TOURGUIDESERVICE
getUserRewards ---> TOURGUIDESERVICE
getUserRewards ---> TOURGUIDESERVICE
getUserRewards ---> TOURGUIDESERVICE
getUserRewards ---> TOURGUIDESERVICE
getUserRewards ---> TOURGUIDESERVICE
getUserRewards ---> TOURGUIDESERVICE
getUserRewards ---> TOURGUIDESERVICE
getUserRewards ---> TOURGUIDESERVICE
getUserRewards ---> TOURGUIDESERVICE
getUserRewards ---> TOURGUIDESERVICE
getUserRewards ---> TOURGUIDESERVICE
getUserRewards ---> TOURGUIDESERVICE
getUserRewards ---> TOURGUIDESERVICE
getUserRewards ---> TOURGUIDESERVICE
getUserRewards ---> TOURGUIDESERVICE
getUserRewards ---> TOURGUIDESERVICE
getUserRewards ---> TOURGUIDESERVICE
getUserRewards ---> TOURGUIDESERVICE
getUserRewards ---> TOURGUIDESERVICE
getUserRewards ---> TOURGUIDESERVICE
getUserRewards ---> TOURGUIDESERVICE
getUserRewards ---> TOURGUIDESERVICE
getUserRewards ---> TOURGUIDESERVICE
getUserRewards ---> TOURGUIDESERVICE
getUserRewards ---> TOURGUIDESERVICE
getUserRewards ---> TOURGUIDESERVICE
getUserRewards ---> TOURGUIDESERVICE
getUserRewards ---> TOURGUIDESERVICE
getUserRewards ---> TOURGUIDESERVICE
getUserRewards ---> TOURGUIDESERVICE
getUserRewards ---> TOURGUIDESERVICE
getUserRewards ---> TOURGUIDESERVICE
getUserRewards ---> TOURGUIDESERVICE
getUserRewards ---> TOURGUIDESERVICE
getUserRewards ---> TOURGUIDESERVICE
getUserRewards ---> TOURGUIDESERVICE
getUserRewards ---> TOURGUIDESERVICE
getUserRewards ---> TOURGUIDESERVICE
getUserRewards ---> TOURGUIDESERVICE
getUserRewards ---> TOURGUIDESERVICE
getUserRewards ---> TOURGUIDESERVICE
getUserRewards ---> TOURGUIDESERVICE
getUserRewards ---> TOURGUIDESERVICE
getUserRewards ---> TOURGUIDESERVICE
getUserRewards ---> TOURGUIDESERVICE
getUserRewards ---> TOURGUIDESERVICE
getUserRewards ---> TOURGUIDESERVICE
getUserRewards ---> TOURGUIDESERVICE
getUserRewards ---> TOURGUIDESERVICE
getUserRewards ---> TOURGUIDESERVICE
getUserRewards ---> TOURGUIDESERVICE
getUserRewards ---> TOURGUIDESERVICE
getUserRewards ---> TOURGUIDESERVICE
getUserRewards ---> TOURGUIDESERVICE
getUserRewards ---> TOURGUIDESERVICE
getUserRewards ---> TOURGUIDESERVICE
getUserRewards ---> TOURGUIDESERVICE
getUserRewards ---> TOURGUIDESERVICE
getUserRewards ---> TOURGUIDESERVICE
getUserRewards ---> TOURGUIDESERVICE
getUserRewards ---> TOURGUIDESERVICE
getUserRewards ---> TOURGUIDESERVICE
getUserRewards ---> TOURGUIDESERVICE
getUserRewards ---> TOURGUIDESERVICE
getUserRewards ---> TOURGUIDESERVICE
getUserRewards ---> TOURGUIDESERVICE
getUserRewards ---> TOURGUIDESERVICE
getUserRewards ---> TOURGUIDESERVICE
getUserRewards ---> TOURGUIDESERVICE
getUserRewards ---> TOURGUIDESERVICE
getUserRewards ---> TOURGUIDESERVICE
getUserRewards ---> TOURGUIDESERVICE
getUserRewards ---> TOURGUIDESERVICE
getUserRewards ---> TOURGUIDESERVICE
getUserRewards ---> TOURGUIDESERVICE
getUserRewards ---> TOURGUIDESERVICE
getUserRewards ---> TOURGUIDESERVICE
getUserRewards ---> TOURGUIDESERVICE
getUserRewards ---> TOURGUIDESERVICE
getUserRewards ---> TOURGUIDESERVICE
getUserRewards ---> TOURGUIDESERVICE
getUserRewards ---> TOURGUIDESERVICE
getUserRewards ---> TOURGUIDESERVICE
getUserRewards ---> TOURGUIDESERVICE
getUserRewards ---> TOURGUIDESERVICE
getUserRewards ---> TOURGUIDESERVICE
getUserRewards ---> TOURGUIDESERVICE
getUserRewards ---> TOURGUIDESERVICE
getUserRewards ---> TOURGUIDESERVICE
getUserRewards ---> TOURGUIDESERVICE
getUserRewards ---> TOURGUIDESERVICE
getUserRewards ---> TOURGUIDESERVICE
getUserRewards ---> TOURGUIDESERVICE
getUserRewards ---> TOURGUIDESERVICE
getUserRewards ---> TOURGUIDESERVICE
getUserRewards ---> TOURGUIDESERVICE
getUserRewards ---> TOURGUIDESERVICE
getUserRewards ---> TOURGUIDESERVICE
getUserRewards ---> TOURGUIDESERVICE
getUserRewards ---> TOURGUIDESERVICE
getUserRewards ---> TOURGUIDESERVICE
getUserRewards ---> TOURGUIDESERVICE
getUserRewards ---> TOURGUIDESERVICE
getUserRewards ---> TOURGUIDESERVICE
getUserRewards ---> TOURGUIDESERVICE
getUserRewards ---> TOURGUIDESERVICE
getUserRewards ---> TOURGUIDESERVICE
getUserRewards ---> TOURGUIDESERVICE
getUserRewards ---> TOURGUIDESERVICE
getUserRewards ---> TOURGUIDESERVICE
getUserRewards ---> TOURGUIDESERVICE
getUserRewards ---> TOURGUIDESERVICE
getUserRewards ---> TOURGUIDESERVICE
getUserRewards ---> TOURGUIDESERVICE
getUserRewards ---> TOURGUIDESERVICE
getUserRewards ---> TOURGUIDESERVICE
getUserRewards ---> TOURGUIDESERVICE
getUserRewards ---> TOURGUIDESERVICE
getUserRewards ---> TOURGUIDESERVICE
getUserRewards ---> TOURGUIDESERVICE
getUserRewards ---> TOURGUIDESERVICE
getUserRewards ---> TOURGUIDESERVICE
getUserRewards ---> TOURGUIDESERVICE
getUserRewards ---> TOURGUIDESERVICE
getUserRewards ---> TOURGUIDESERVICE
getUserRewards ---> TOURGUIDESERVICE
getUserRewards ---> TOURGUIDESERVICE
getUserRewards ---> TOURGUIDESERVICE
getUserRewards ---> TOURGUIDESERVICE
getUserRewards ---> TOURGUIDESERVICE
getUserRewards ---> TOURGUIDESERVICE
getUserRewards ---> TOURGUIDESERVICE
getUserRewards ---> TOURGUIDESERVICE
getUserRewards ---> TOURGUIDESERVICE
getUserRewards ---> TOURGUIDESERVICE
getUserRewards ---> TOURGUIDESERVICE
getUserRewards ---> TOURGUIDESERVICE
getUserRewards ---> TOURGUIDESERVICE
getUserRewards ---> TOURGUIDESERVICE
getUserRewards ---> TOURGUIDESERVICE
getUserRewards ---> TOURGUIDESERVICE
getUserRewards ---> TOURGUIDESERVICE
getUserRewards ---> TOURGUIDESERVICE
getUserRewards ---> TOURGUIDESERVICE
getUserRewards ---> TOURGUIDESERVICE
getUserRewards ---> TOURGUIDESERVICE
getUserRewards ---> TOURGUIDESERVICE
getUserRewards ---> TOURGUIDESERVICE
getUserRewards ---> TOURGUIDESERVICE
getUserRewards ---> TOURGUIDESERVICE
getUserRewards ---> TOURGUIDESERVICE
getUserRewards ---> TOURGUIDESERVICE
getUserRewards ---> TOURGUIDESERVICE
getUserRewards ---> TOURGUIDESERVICE
getUserRewards ---> TOURGUIDESERVICE
getUserRewards ---> TOURGUIDESERVICE
getUserRewards ---> TOURGUIDESERVICE
getUserRewards ---> TOURGUIDESERVICE
getUserRewards ---> TOURGUIDESERVICE
getUserRewards ---> TOURGUIDESERVICE
getUserRewards ---> TOURGUIDESERVICE
getUserRewards ---> TOURGUIDESERVICE
getUserRewards ---> TOURGUIDESERVICE
getUserRewards ---> TOURGUIDESERVICE
getUserRewards ---> TOURGUIDESERVICE
getUserRewards ---> TOURGUIDESERVICE
getUserRewards ---> TOURGUIDESERVICE
getUserRewards ---> TOURGUIDESERVICE
getUserRewards ---> TOURGUIDESERVICE
getUserRewards ---> TOURGUIDESERVICE
getUserRewards ---> TOURGUIDESERVICE
getUserRewards ---> TOURGUIDESERVICE
getUserRewards ---> TOURGUIDESERVICE
getUserRewards ---> TOURGUIDESERVICE
getUserRewards ---> TOURGUIDESERVICE
getUserRewards ---> TOURGUIDESERVICE
getUserRewards ---> TOURGUIDESERVICE
getUserRewards ---> TOURGUIDESERVICE
getUserRewards ---> TOURGUIDESERVICE
getUserRewards ---> TOURGUIDESERVICE
getUserRewards ---> TOURGUIDESERVICE
getUserRewards ---> TOURGUIDESERVICE
getUserRewards ---> TOURGUIDESERVICE
getUserRewards ---> TOURGUIDESERVICE
getUserRewards ---> TOURGUIDESERVICE
getUserRewards ---> TOURGUIDESERVICE
getUserRewards ---> TOURGUIDESERVICE
getUserRewards ---> TOURGUIDESERVICE
getUserRewards ---> TOURGUIDESERVICE
getUserRewards ---> TOURGUIDESERVICE
getUserRewards ---> TOURGUIDESERVICE
getUserRewards ---> TOURGUIDESERVICE
getUserRewards ---> TOURGUIDESERVICE
getUserRewards ---> TOURGUIDESERVICE
getUserRewards ---> TOURGUIDESERVICE
getUserRewards ---> TOURGUIDESERVICE
getUserRewards ---> TOURGUIDESERVICE
getUserRewards ---> TOURGUIDESERVICE
getUserRewards ---> TOURGUIDESERVICE
getUserRewards ---> TOURGUIDESERVICE
getUserRewards ---> TOURGUIDESERVICE
getUserRewards ---> TOURGUIDESERVICE
getUserRewards ---> TOURGUIDESERVICE
getUserRewards ---> TOURGUIDESERVICE
getUserRewards ---> TOURGUIDESERVICE
getUserRewards ---> TOURGUIDESERVICE
getUserRewards ---> TOURGUIDESERVICE
getUserRewards ---> TOURGUIDESERVICE
getUserRewards ---> TOURGUIDESERVICE
getUserRewards ---> TOURGUIDESERVICE
getUserRewards ---> TOURGUIDESERVICE
getUserRewards ---> TOURGUIDESERVICE
getUserRewards ---> TOURGUIDESERVICE
getUserRewards ---> TOURGUIDESERVICE
getUserRewards ---> TOURGUIDESERVICE
getUserRewards ---> TOURGUIDESERVICE
getUserRewards ---> TOURGUIDESERVICE
getUserRewards ---> TOURGUIDESERVICE
getUserRewards ---> TOURGUIDESERVICE
getUserRewards ---> TOURGUIDESERVICE
getUserRewards ---> TOURGUIDESERVICE
getUserRewards ---> TOURGUIDESERVICE
getUserRewards ---> TOURGUIDESERVICE
getUserRewards ---> TOURGUIDESERVICE
getUserRewards ---> TOURGUIDESERVICE
getUserRewards ---> TOURGUIDESERVICE
getUserRewards ---> TOURGUIDESERVICE
getUserRewards ---> TOURGUIDESERVICE
getUserRewards ---> TOURGUIDESERVICE
getUserRewards ---> TOURGUIDESERVICE
getUserRewards ---> TOURGUIDESERVICE
getUserRewards ---> TOURGUIDESERVICE
getUserRewards ---> TOURGUIDESERVICE
getUserRewards ---> TOURGUIDESERVICE
getUserRewards ---> TOURGUIDESERVICE
getUserRewards ---> TOURGUIDESERVICE
getUserRewards ---> TOURGUIDESERVICE
getUserRewards ---> TOURGUIDESERVICE
getUserRewards ---> TOURGUIDESERVICE
getUserRewards ---> TOURGUIDESERVICE
getUserRewards ---> TOURGUIDESERVICE
getUserRewards ---> TOURGUIDESERVICE
getUserRewards ---> TOURGUIDESERVICE
getUserRewards ---> TOURGUIDESERVICE
getUserRewards ---> TOURGUIDESERVICE
getUserRewards ---> TOURGUIDESERVICE
getUserRewards ---> TOURGUIDESERVICE
getUserRewards ---> TOURGUIDESERVICE
getUserRewards ---> TOURGUIDESERVICE
getUserRewards ---> TOURGUIDESERVICE
getUserRewards ---> TOURGUIDESERVICE
getUserRewards ---> TOURGUIDESERVICE
getUserRewards ---> TOURGUIDESERVICE
getUserRewards ---> TOURGUIDESERVICE
getUserRewards ---> TOURGUIDESERVICE
getUserRewards ---> TOURGUIDESERVICE
getUserRewards ---> TOURGUIDESERVICE
getUserRewards ---> TOURGUIDESERVICE
getUserRewards ---> TOURGUIDESERVICE
getUserRewards ---> TOURGUIDESERVICE
getUserRewards ---> TOURGUIDESERVICE
getUserRewards ---> TOURGUIDESERVICE
getUserRewards ---> TOURGUIDESERVICE
getUserRewards ---> TOURGUIDESERVICE
getUserRewards ---> TOURGUIDESERVICE
getUserRewards ---> TOURGUIDESERVICE
getUserRewards ---> TOURGUIDESERVICE
getUserRewards ---> TOURGUIDESERVICE
getUserRewards ---> TOURGUIDESERVICE
getUserRewards ---> TOURGUIDESERVICE
getUserRewards ---> TOURGUIDESERVICE
getUserRewards ---> TOURGUIDESERVICE
getUserRewards ---> TOURGUIDESERVICE
getUserRewards ---> TOURGUIDESERVICE
getUserRewards ---> TOURGUIDESERVICE
getUserRewards ---> TOURGUIDESERVICE
getUserRewards ---> TOURGUIDESERVICE
getUserRewards ---> TOURGUIDESERVICE
getUserRewards ---> TOURGUIDESERVICE
getUserRewards ---> TOURGUIDESERVICE
getUserRewards ---> TOURGUIDESERVICE
getUserRewards ---> TOURGUIDESERVICE
getUserRewards ---> TOURGUIDESERVICE
getUserRewards ---> TOURGUIDESERVICE
getUserRewards ---> TOURGUIDESERVICE
getUserRewards ---> TOURGUIDESERVICE
getUserRewards ---> TOURGUIDESERVICE
getUserRewards ---> TOURGUIDESERVICE
getUserRewards ---> TOURGUIDESERVICE
getUserRewards ---> TOURGUIDESERVICE
getUserRewards ---> TOURGUIDESERVICE
getUserRewards ---> TOURGUIDESERVICE
getUserRewards ---> TOURGUIDESERVICE
getUserRewards ---> TOURGUIDESERVICE
getUserRewards ---> TOURGUIDESERVICE
getUserRewards ---> TOURGUIDESERVICE
getUserRewards ---> TOURGUIDESERVICE
getUserRewards ---> TOURGUIDESERVICE
getUserRewards ---> TOURGUIDESERVICE
getUserRewards ---> TOURGUIDESERVICE
getUserRewards ---> TOURGUIDESERVICE
getUserRewards ---> TOURGUIDESERVICE
getUserRewards ---> TOURGUIDESERVICE
getUserRewards ---> TOURGUIDESERVICE
getUserRewards ---> TOURGUIDESERVICE
getUserRewards ---> TOURGUIDESERVICE
getUserRewards ---> TOURGUIDESERVICE
getUserRewards ---> TOURGUIDESERVICE
getUserRewards ---> TOURGUIDESERVICE
getUserRewards ---> TOURGUIDESERVICE
getUserRewards ---> TOURGUIDESERVICE
getUserRewards ---> TOURGUIDESERVICE
getUserRewards ---> TOURGUIDESERVICE
getUserRewards ---> TOURGUIDESERVICE
getUserRewards ---> TOURGUIDESERVICE
getUserRewards ---> TOURGUIDESERVICE
getUserRewards ---> TOURGUIDESERVICE
getUserRewards ---> TOURGUIDESERVICE
getUserRewards ---> TOURGUIDESERVICE
getUserRewards ---> TOURGUIDESERVICE
getUserRewards ---> TOURGUIDESERVICE
getUserRewards ---> TOURGUIDESERVICE
getUserRewards ---> TOURGUIDESERVICE
getUserRewards ---> TOURGUIDESERVICE
getUserRewards ---> TOURGUIDESERVICE
getUserRewards ---> TOURGUIDESERVICE
getUserRewards ---> TOURGUIDESERVICE
getUserRewards ---> TOURGUIDESERVICE
getUserRewards ---> TOURGUIDESERVICE
getUserRewards ---> TOURGUIDESERVICE
getUserRewards ---> TOURGUIDESERVICE
getUserRewards ---> TOURGUIDESERVICE
getUserRewards ---> TOURGUIDESERVICE
getUserRewards ---> TOURGUIDESERVICE
getUserRewards ---> TOURGUIDESERVICE
getUserRewards ---> TOURGUIDESERVICE
getUserRewards ---> TOURGUIDESERVICE
getUserRewards ---> TOURGUIDESERVICE
getUserRewards ---> TOURGUIDESERVICE
getUserRewards ---> TOURGUIDESERVICE
getUserRewards ---> TOURGUIDESERVICE
getUserRewards ---> TOURGUIDESERVICE
getUserRewards ---> TOURGUIDESERVICE
getUserRewards ---> TOURGUIDESERVICE
getUserRewards ---> TOURGUIDESERVICE
getUserRewards ---> TOURGUIDESERVICE
getUserRewards ---> TOURGUIDESERVICE
getUserRewards ---> TOURGUIDESERVICE
getUserRewards ---> TOURGUIDESERVICE
getUserRewards ---> TOURGUIDESERVICE
getUserRewards ---> TOURGUIDESERVICE
getUserRewards ---> TOURGUIDESERVICE
getUserRewards ---> TOURGUIDESERVICE
getUserRewards ---> TOURGUIDESERVICE
getUserRewards ---> TOURGUIDESERVICE
getUserRewards ---> TOURGUIDESERVICE
getUserRewards ---> TOURGUIDESERVICE
getUserRewards ---> TOURGUIDESERVICE
getUserRewards ---> TOURGUIDESERVICE
getUserRewards ---> TOURGUIDESERVICE
getUserRewards ---> TOURGUIDESERVICE
getUserRewards ---> TOURGUIDESERVICE
getUserRewards ---> TOURGUIDESERVICE
getUserRewards ---> TOURGUIDESERVICE
getUserRewards ---> TOURGUIDESERVICE
getUserRewards ---> TOURGUIDESERVICE
getUserRewards ---> TOURGUIDESERVICE
getUserRewards ---> TOURGUIDESERVICE
getUserRewards ---> TOURGUIDESERVICE
getUserRewards ---> TOURGUIDESERVICE
getUserRewards ---> TOURGUIDESERVICE
getUserRewards ---> TOURGUIDESERVICE
getUserRewards ---> TOURGUIDESERVICE
getUserRewards ---> TOURGUIDESERVICE
getUserRewards ---> TOURGUIDESERVICE
getUserRewards ---> TOURGUIDESERVICE
getUserRewards ---> TOURGUIDESERVICE
getUserRewards ---> TOURGUIDESERVICE
getUserRewards ---> TOURGUIDESERVICE
getUserRewards ---> TOURGUIDESERVICE
getUserRewards ---> TOURGUIDESERVICE
getUserRewards ---> TOURGUIDESERVICE
getUserRewards ---> TOURGUIDESERVICE
getUserRewards ---> TOURGUIDESERVICE
getUserRewards ---> TOURGUIDESERVICE
getUserRewards ---> TOURGUIDESERVICE
getUserRewards ---> TOURGUIDESERVICE
getUserRewards ---> TOURGUIDESERVICE
getUserRewards ---> TOURGUIDESERVICE
getUserRewards ---> TOURGUIDESERVICE
getUserRewards ---> TOURGUIDESERVICE
getUserRewards ---> TOURGUIDESERVICE
getUserRewards ---> TOURGUIDESERVICE
getUserRewards ---> TOURGUIDESERVICE
getUserRewards ---> TOURGUIDESERVICE
getUserRewards ---> TOURGUIDESERVICE
getUserRewards ---> TOURGUIDESERVICE
getUserRewards ---> TOURGUIDESERVICE
getUserRewards ---> TOURGUIDESERVICE
getUserRewards ---> TOURGUIDESERVICE
getUserRewards ---> TOURGUIDESERVICE
getUserRewards ---> TOURGUIDESERVICE
getUserRewards ---> TOURGUIDESERVICE
getUserRewards ---> TOURGUIDESERVICE
getUserRewards ---> TOURGUIDESERVICE
getUserRewards ---> TOURGUIDESERVICE
getUserRewards ---> TOURGUIDESERVICE
getUserRewards ---> TOURGUIDESERVICE
getUserRewards ---> TOURGUIDESERVICE
getUserRewards ---> TOURGUIDESERVICE
getUserRewards ---> TOURGUIDESERVICE
getUserRewards ---> TOURGUIDESERVICE
getUserRewards ---> TOURGUIDESERVICE
getUserRewards ---> TOURGUIDESERVICE
getUserRewards ---> TOURGUIDESERVICE
getUserRewards ---> TOURGUIDESERVICE
getUserRewards ---> TOURGUIDESERVICE
getUserRewards ---> TOURGUIDESERVICE
getUserRewards ---> TOURGUIDESERVICE
getUserRewards ---> TOURGUIDESERVICE
getUserRewards ---> TOURGUIDESERVICE
getUserRewards ---> TOURGUIDESERVICE
getUserRewards ---> TOURGUIDESERVICE
getUserRewards ---> TOURGUIDESERVICE
getUserRewards ---> TOURGUIDESERVICE
getUserRewards ---> TOURGUIDESERVICE
getUserRewards ---> TOURGUIDESERVICE
getUserRewards ---> TOURGUIDESERVICE
getUserRewards ---> TOURGUIDESERVICE
getUserRewards ---> TOURGUIDESERVICE
getUserRewards ---> TOURGUIDESERVICE
getUserRewards ---> TOURGUIDESERVICE
getUserRewards ---> TOURGUIDESERVICE
getUserRewards ---> TOURGUIDESERVICE
getUserRewards ---> TOURGUIDESERVICE
getUserRewards ---> TOURGUIDESERVICE
getUserRewards ---> TOURGUIDESERVICE
getUserRewards ---> TOURGUIDESERVICE
getUserRewards ---> TOURGUIDESERVICE
getUserRewards ---> TOURGUIDESERVICE
getUserRewards ---> TOURGUIDESERVICE
getUserRewards ---> TOURGUIDESERVICE
getUserRewards ---> TOURGUIDESERVICE
getUserRewards ---> TOURGUIDESERVICE
getUserRewards ---> TOURGUIDESERVICE
getUserRewards ---> TOURGUIDESERVICE
getUserRewards ---> TOURGUIDESERVICE
getUserRewards ---> TOURGUIDESERVICE
getUserRewards ---> TOURGUIDESERVICE
getUserRewards ---> TOURGUIDESERVICE
getUserRewards ---> TOURGUIDESERVICE
getUserRewards ---> TOURGUIDESERVICE
getUserRewards ---> TOURGUIDESERVICE
getUserRewards ---> TOURGUIDESERVICE
getUserRewards ---> TOURGUIDESERVICE
getUserRewards ---> TOURGUIDESERVICE
getUserRewards ---> TOURGUIDESERVICE
getUserRewards ---> TOURGUIDESERVICE
getUserRewards ---> TOURGUIDESERVICE
getUserRewards ---> TOURGUIDESERVICE
getUserRewards ---> TOURGUIDESERVICE
getUserRewards ---> TOURGUIDESERVICE
getUserRewards ---> TOURGUIDESERVICE
getUserRewards ---> TOURGUIDESERVICE
getUserRewards ---> TOURGUIDESERVICE
getUserRewards ---> TOURGUIDESERVICE
getUserRewards ---> TOURGUIDESERVICE
getUserRewards ---> TOURGUIDESERVICE
getUserRewards ---> TOURGUIDESERVICE
getUserRewards ---> TOURGUIDESERVICE
getUserRewards ---> TOURGUIDESERVICE
getUserRewards ---> TOURGUIDESERVICE
getUserRewards ---> TOURGUIDESERVICE
getUserRewards ---> TOURGUIDESERVICE
getUserRewards ---> TOURGUIDESERVICE
getUserRewards ---> TOURGUIDESERVICE
getUserRewards ---> TOURGUIDESERVICE
getUserRewards ---> TOURGUIDESERVICE
getUserRewards ---> TOURGUIDESERVICE
getUserRewards ---> TOURGUIDESERVICE
getUserRewards ---> TOURGUIDESERVICE
getUserRewards ---> TOURGUIDESERVICE
getUserRewards ---> TOURGUIDESERVICE
getUserRewards ---> TOURGUIDESERVICE
getUserRewards ---> TOURGUIDESERVICE
getUserRewards ---> TOURGUIDESERVICE
getUserRewards ---> TOURGUIDESERVICE
getUserRewards ---> TOURGUIDESERVICE
getUserRewards ---> TOURGUIDESERVICE
getUserRewards ---> TOURGUIDESERVICE
getUserRewards ---> TOURGUIDESERVICE
getUserRewards ---> TOURGUIDESERVICE
getUserRewards ---> TOURGUIDESERVICE
getUserRewards ---> TOURGUIDESERVICE
getUserRewards ---> TOURGUIDESERVICE
getUserRewards ---> TOURGUIDESERVICE
getUserRewards ---> TOURGUIDESERVICE
getUserRewards ---> TOURGUIDESERVICE
getUserRewards ---> TOURGUIDESERVICE
getUserRewards ---> TOURGUIDESERVICE
getUserRewards ---> TOURGUIDESERVICE
getUserRewards ---> TOURGUIDESERVICE
getUserRewards ---> TOURGUIDESERVICE
getUserRewards ---> TOURGUIDESERVICE
getUserRewards ---> TOURGUIDESERVICE
getUserRewards ---> TOURGUIDESERVICE
getUserRewards ---> TOURGUIDESERVICE
getUserRewards ---> TOURGUIDESERVICE
getUserRewards ---> TOURGUIDESERVICE
getUserRewards ---> TOURGUIDESERVICE
getUserRewards ---> TOURGUIDESERVICE
getUserRewards ---> TOURGUIDESERVICE
getUserRewards ---> TOURGUIDESERVICE
getUserRewards ---> TOURGUIDESERVICE
getUserRewards ---> TOURGUIDESERVICE
getUserRewards ---> TOURGUIDESERVICE
getUserRewards ---> TOURGUIDESERVICE
getUserRewards ---> TOURGUIDESERVICE
getUserRewards ---> TOURGUIDESERVICE
getUserRewards ---> TOURGUIDESERVICE
getUserRewards ---> TOURGUIDESERVICE
getUserRewards ---> TOURGUIDESERVICE
getUserRewards ---> TOURGUIDESERVICE
getUserRewards ---> TOURGUIDESERVICE
getUserRewards ---> TOURGUIDESERVICE
getUserRewards ---> TOURGUIDESERVICE
getUserRewards ---> TOURGUIDESERVICE
getUserRewards ---> TOURGUIDESERVICE
getUserRewards ---> TOURGUIDESERVICE
getUserRewards ---> TOURGUIDESERVICE
getUserRewards ---> TOURGUIDESERVICE
getUserRewards ---> TOURGUIDESERVICE
getUserRewards ---> TOURGUIDESERVICE
getUserRewards ---> TOURGUIDESERVICE
getUserRewards ---> TOURGUIDESERVICE
getUserRewards ---> TOURGUIDESERVICE
getUserRewards ---> TOURGUIDESERVICE
getUserRewards ---> TOURGUIDESERVICE
getUserRewards ---> TOURGUIDESERVICE
getUserRewards ---> TOURGUIDESERVICE
getUserRewards ---> TOURGUIDESERVICE
getUserRewards ---> TOURGUIDESERVICE
getUserRewards ---> TOURGUIDESERVICE
getUserRewards ---> TOURGUIDESERVICE
getUserRewards ---> TOURGUIDESERVICE
getUserRewards ---> TOURGUIDESERVICE
getUserRewards ---> TOURGUIDESERVICE
getUserRewards ---> TOURGUIDESERVICE
getUserRewards ---> TOURGUIDESERVICE
getUserRewards ---> TOURGUIDESERVICE
getUserRewards ---> TOURGUIDESERVICE
getUserRewards ---> TOURGUIDESERVICE
getUserRewards ---> TOURGUIDESERVICE
getUserRewards ---> TOURGUIDESERVICE
getUserRewards ---> TOURGUIDESERVICE
getUserRewards ---> TOURGUIDESERVICE
getUserRewards ---> TOURGUIDESERVICE
getUserRewards ---> TOURGUIDESERVICE
getUserRewards ---> TOURGUIDESERVICE
getUserRewards ---> TOURGUIDESERVICE
getUserRewards ---> TOURGUIDESERVICE
getUserRewards ---> TOURGUIDESERVICE
getUserRewards ---> TOURGUIDESERVICE
getUserRewards ---> TOURGUIDESERVICE
getUserRewards ---> TOURGUIDESERVICE
getUserRewards ---> TOURGUIDESERVICE
getUserRewards ---> TOURGUIDESERVICE
getUserRewards ---> TOURGUIDESERVICE
getUserRewards ---> TOURGUIDESERVICE
getUserRewards ---> TOURGUIDESERVICE
getUserRewards ---> TOURGUIDESERVICE
getUserRewards ---> TOURGUIDESERVICE
getUserRewards ---> TOURGUIDESERVICE
getUserRewards ---> TOURGUIDESERVICE
getUserRewards ---> TOURGUIDESERVICE
getUserRewards ---> TOURGUIDESERVICE
getUserRewards ---> TOURGUIDESERVICE
getUserRewards ---> TOURGUIDESERVICE
getUserRewards ---> TOURGUIDESERVICE
getUserRewards ---> TOURGUIDESERVICE
getUserRewards ---> TOURGUIDESERVICE
getUserRewards ---> TOURGUIDESERVICE
getUserRewards ---> TOURGUIDESERVICE
getUserRewards ---> TOURGUIDESERVICE
getUserRewards ---> TOURGUIDESERVICE
getUserRewards ---> TOURGUIDESERVICE
getUserRewards ---> TOURGUIDESERVICE
getUserRewards ---> TOURGUIDESERVICE
getUserRewards ---> TOURGUIDESERVICE
getUserRewards ---> TOURGUIDESERVICE
getUserRewards ---> TOURGUIDESERVICE
getUserRewards ---> TOURGUIDESERVICE
getUserRewards ---> TOURGUIDESERVICE
getUserRewards ---> TOURGUIDESERVICE
getUserRewards ---> TOURGUIDESERVICE
getUserRewards ---> TOURGUIDESERVICE
getUserRewards ---> TOURGUIDESERVICE
getUserRewards ---> TOURGUIDESERVICE
getUserRewards ---> TOURGUIDESERVICE
getUserRewards ---> TOURGUIDESERVICE
getUserRewards ---> TOURGUIDESERVICE
getUserRewards ---> TOURGUIDESERVICE
getUserRewards ---> TOURGUIDESERVICE
getUserRewards ---> TOURGUIDESERVICE
getUserRewards ---> TOURGUIDESERVICE
getUserRewards ---> TOURGUIDESERVICE
getUserRewards ---> TOURGUIDESERVICE
getUserRewards ---> TOURGUIDESERVICE
getUserRewards ---> TOURGUIDESERVICE
getUserRewards ---> TOURGUIDESERVICE
getUserRewards ---> TOURGUIDESERVICE
getUserRewards ---> TOURGUIDESERVICE
getUserRewards ---> TOURGUIDESERVICE
getUserRewards ---> TOURGUIDESERVICE
getUserRewards ---> TOURGUIDESERVICE
getUserRewards ---> TOURGUIDESERVICE
getUserRewards ---> TOURGUIDESERVICE
getUserRewards ---> TOURGUIDESERVICE
getUserRewards ---> TOURGUIDESERVICE
getUserRewards ---> TOURGUIDESERVICE
getUserRewards ---> TOURGUIDESERVICE
getUserRewards ---> TOURGUIDESERVICE
getUserRewards ---> TOURGUIDESERVICE
getUserRewards ---> TOURGUIDESERVICE
getUserRewards ---> TOURGUIDESERVICE
getUserRewards ---> TOURGUIDESERVICE
getUserRewards ---> TOURGUIDESERVICE
getUserRewards ---> TOURGUIDESERVICE
getUserRewards ---> TOURGUIDESERVICE
getUserRewards ---> TOURGUIDESERVICE
getUserRewards ---> TOURGUIDESERVICE
getUserRewards ---> TOURGUIDESERVICE
getUserRewards ---> TOURGUIDESERVICE
getUserRewards ---> TOURGUIDESERVICE
getUserRewards ---> TOURGUIDESERVICE
getUserRewards ---> TOURGUIDESERVICE
getUserRewards ---> TOURGUIDESERVICE
getUserRewards ---> TOURGUIDESERVICE
getUserRewards ---> TOURGUIDESERVICE
getUserRewards ---> TOURGUIDESERVICE
getUserRewards ---> TOURGUIDESERVICE
getUserRewards ---> TOURGUIDESERVICE
getUserRewards ---> TOURGUIDESERVICE
getUserRewards ---> TOURGUIDESERVICE
getUserRewards ---> TOURGUIDESERVICE
getUserRewards ---> TOURGUIDESERVICE
getUserRewards ---> TOURGUIDESERVICE
getUserRewards ---> TOURGUIDESERVICE
getUserRewards ---> TOURGUIDESERVICE
getUserRewards ---> TOURGUIDESERVICE
getUserRewards ---> TOURGUIDESERVICE
getUserRewards ---> TOURGUIDESERVICE
getUserRewards ---> TOURGUIDESERVICE
getUserRewards ---> TOURGUIDESERVICE
getUserRewards ---> TOURGUIDESERVICE
getUserRewards ---> TOURGUIDESERVICE
getUserRewards ---> TOURGUIDESERVICE
getUserRewards ---> TOURGUIDESERVICE
getUserRewards ---> TOURGUIDESERVICE
getUserRewards ---> TOURGUIDESERVICE
getUserRewards ---> TOURGUIDESERVICE
getUserRewards ---> TOURGUIDESERVICE
getUserRewards ---> TOURGUIDESERVICE
getUserRewards ---> TOURGUIDESERVICE
getUserRewards ---> TOURGUIDESERVICE
getUserRewards ---> TOURGUIDESERVICE
getUserRewards ---> TOURGUIDESERVICE
getUserRewards ---> TOURGUIDESERVICE
getUserRewards ---> TOURGUIDESERVICE
getUserRewards ---> TOURGUIDESERVICE
getUserRewards ---> TOURGUIDESERVICE
getUserRewards ---> TOURGUIDESERVICE
getUserRewards ---> TOURGUIDESERVICE
getUserRewards ---> TOURGUIDESERVICE
getUserRewards ---> TOURGUIDESERVICE
getUserRewards ---> TOURGUIDESERVICE
getUserRewards ---> TOURGUIDESERVICE
getUserRewards ---> TOURGUIDESERVICE
getUserRewards ---> TOURGUIDESERVICE
getUserRewards ---> TOURGUIDESERVICE
getUserRewards ---> TOURGUIDESERVICE
getUserRewards ---> TOURGUIDESERVICE
getUserRewards ---> TOURGUIDESERVICE
getUserRewards ---> TOURGUIDESERVICE
getUserRewards ---> TOURGUIDESERVICE
getUserRewards ---> TOURGUIDESERVICE
getUserRewards ---> TOURGUIDESERVICE
getUserRewards ---> TOURGUIDESERVICE
getUserRewards ---> TOURGUIDESERVICE
getUserRewards ---> TOURGUIDESERVICE
getUserRewards ---> TOURGUIDESERVICE
getUserRewards ---> TOURGUIDESERVICE
getUserRewards ---> TOURGUIDESERVICE
getUserRewards ---> TOURGUIDESERVICE
getUserRewards ---> TOURGUIDESERVICE
getUserRewards ---> TOURGUIDESERVICE
getUserRewards ---> TOURGUIDESERVICE
getUserRewards ---> TOURGUIDESERVICE
getUserRewards ---> TOURGUIDESERVICE
getUserRewards ---> TOURGUIDESERVICE
getUserRewards ---> TOURGUIDESERVICE
getUserRewards ---> TOURGUIDESERVICE
getUserRewards ---> TOURGUIDESERVICE
getUserRewards ---> TOURGUIDESERVICE
getUserRewards ---> TOURGUIDESERVICE
getUserRewards ---> TOURGUIDESERVICE
getUserRewards ---> TOURGUIDESERVICE
getUserRewards ---> TOURGUIDESERVICE
getUserRewards ---> TOURGUIDESERVICE
getUserRewards ---> TOURGUIDESERVICE
getUserRewards ---> TOURGUIDESERVICE
getUserRewards ---> TOURGUIDESERVICE
getUserRewards ---> TOURGUIDESERVICE
getUserRewards ---> TOURGUIDESERVICE
getUserRewards ---> TOURGUIDESERVICE
getUserRewards ---> TOURGUIDESERVICE
getUserRewards ---> TOURGUIDESERVICE
getUserRewards ---> TOURGUIDESERVICE
getUserRewards ---> TOURGUIDESERVICE
getUserRewards ---> TOURGUIDESERVICE
getUserRewards ---> TOURGUIDESERVICE
getUserRewards ---> TOURGUIDESERVICE
getUserRewards ---> TOURGUIDESERVICE
getUserRewards ---> TOURGUIDESERVICE
getUserRewards ---> TOURGUIDESERVICE
getUserRewards ---> TOURGUIDESERVICE
getUserRewards ---> TOURGUIDESERVICE
getUserRewards ---> TOURGUIDESERVICE
getUserRewards ---> TOURGUIDESERVICE
getUserRewards ---> TOURGUIDESERVICE
getUserRewards ---> TOURGUIDESERVICE
getUserRewards ---> TOURGUIDESERVICE
getUserRewards ---> TOURGUIDESERVICE
getUserRewards ---> TOURGUIDESERVICE
getUserRewards ---> TOURGUIDESERVICE
getUserRewards ---> TOURGUIDESERVICE
getUserRewards ---> TOURGUIDESERVICE
getUserRewards ---> TOURGUIDESERVICE
getUserRewards ---> TOURGUIDESERVICE
getUserRewards ---> TOURGUIDESERVICE
getUserRewards ---> TOURGUIDESERVICE
getUserRewards ---> TOURGUIDESERVICE
getUserRewards ---> TOURGUIDESERVICE
getUserRewards ---> TOURGUIDESERVICE
getUserRewards ---> TOURGUIDESERVICE
getUserRewards ---> TOURGUIDESERVICE
getUserRewards ---> TOURGUIDESERVICE
getUserRewards ---> TOURGUIDESERVICE
getUserRewards ---> TOURGUIDESERVICE
getUserRewards ---> TOURGUIDESERVICE
getUserRewards ---> TOURGUIDESERVICE
getUserRewards ---> TOURGUIDESERVICE
getUserRewards ---> TOURGUIDESERVICE
getUserRewards ---> TOURGUIDESERVICE
getUserRewards ---> TOURGUIDESERVICE
getUserRewards ---> TOURGUIDESERVICE
getUserRewards ---> TOURGUIDESERVICE
getUserRewards ---> TOURGUIDESERVICE
getUserRewards ---> TOURGUIDESERVICE
getUserRewards ---> TOURGUIDESERVICE
getUserRewards ---> TOURGUIDESERVICE
getUserRewards ---> TOURGUIDESERVICE
getUserRewards ---> TOURGUIDESERVICE
getUserRewards ---> TOURGUIDESERVICE
getUserRewards ---> TOURGUIDESERVICE
getUserRewards ---> TOURGUIDESERVICE
getUserRewards ---> TOURGUIDESERVICE
getUserRewards ---> TOURGUIDESERVICE
getUserRewards ---> TOURGUIDESERVICE
getUserRewards ---> TOURGUIDESERVICE
getUserRewards ---> TOURGUIDESERVICE
getUserRewards ---> TOURGUIDESERVICE
getUserRewards ---> TOURGUIDESERVICE
getUserRewards ---> TOURGUIDESERVICE
getUserRewards ---> TOURGUIDESERVICE
getUserRewards ---> TOURGUIDESERVICE
getUserRewards ---> TOURGUIDESERVICE
getUserRewards ---> TOURGUIDESERVICE
getUserRewards ---> TOURGUIDESERVICE
getUserRewards ---> TOURGUIDESERVICE
getUserRewards ---> TOURGUIDESERVICE
getUserRewards ---> TOURGUIDESERVICE
getUserRewards ---> TOURGUIDESERVICE
getUserRewards ---> TOURGUIDESERVICE
getUserRewards ---> TOURGUIDESERVICE
getUserRewards ---> TOURGUIDESERVICE
getUserRewards ---> TOURGUIDESERVICE
getUserRewards ---> TOURGUIDESERVICE
getUserRewards ---> TOURGUIDESERVICE
getUserRewards ---> TOURGUIDESERVICE
getUserRewards ---> TOURGUIDESERVICE
getUserRewards ---> TOURGUIDESERVICE
getUserRewards ---> TOURGUIDESERVICE
getUserRewards ---> TOURGUIDESERVICE
getUserRewards ---> TOURGUIDESERVICE
getUserRewards ---> TOURGUIDESERVICE
getUserRewards ---> TOURGUIDESERVICE
getUserRewards ---> TOURGUIDESERVICE
getUserRewards ---> TOURGUIDESERVICE
getUserRewards ---> TOURGUIDESERVICE
getUserRewards ---> TOURGUIDESERVICE
getUserRewards ---> TOURGUIDESERVICE
getUserRewards ---> TOURGUIDESERVICE
getUserRewards ---> TOURGUIDESERVICE
getUserRewards ---> TOURGUIDESERVICE
getUserRewards ---> TOURGUIDESERVICE
getUserRewards ---> TOURGUIDESERVICE
getUserRewards ---> TOURGUIDESERVICE
getUserRewards ---> TOURGUIDESERVICE
getUserRewards ---> TOURGUIDESERVICE
getUserRewards ---> TOURGUIDESERVICE
getUserRewards ---> TOURGUIDESERVICE
getUserRewards ---> TOURGUIDESERVICE
getUserRewards ---> TOURGUIDESERVICE
getUserRewards ---> TOURGUIDESERVICE
getUserRewards ---> TOURGUIDESERVICE
getUserRewards ---> TOURGUIDESERVICE
getUserRewards ---> TOURGUIDESERVICE
getUserRewards ---> TOURGUIDESERVICE
getUserRewards ---> TOURGUIDESERVICE
getUserRewards ---> TOURGUIDESERVICE
getUserRewards ---> TOURGUIDESERVICE
getUserRewards ---> TOURGUIDESERVICE
getUserRewards ---> TOURGUIDESERVICE
getUserRewards ---> TOURGUIDESERVICE
getUserRewards ---> TOURGUIDESERVICE
getUserRewards ---> TOURGUIDESERVICE
getUserRewards ---> TOURGUIDESERVICE
getUserRewards ---> TOURGUIDESERVICE
getUserRewards ---> TOURGUIDESERVICE
getUserRewards ---> TOURGUIDESERVICE
getUserRewards ---> TOURGUIDESERVICE
getUserRewards ---> TOURGUIDESERVICE
getUserRewards ---> TOURGUIDESERVICE
getUserRewards ---> TOURGUIDESERVICE
getUserRewards ---> TOURGUIDESERVICE
getUserRewards ---> TOURGUIDESERVICE
getUserRewards ---> TOURGUIDESERVICE
getUserRewards ---> TOURGUIDESERVICE
getUserRewards ---> TOURGUIDESERVICE
getUserRewards ---> TOURGUIDESERVICE
getUserRewards ---> TOURGUIDESERVICE
getUserRewards ---> TOURGUIDESERVICE
getUserRewards ---> TOURGUIDESERVICE
getUserRewards ---> TOURGUIDESERVICE
getUserRewards ---> TOURGUIDESERVICE
getUserRewards ---> TOURGUIDESERVICE
getUserRewards ---> TOURGUIDESERVICE
getUserRewards ---> TOURGUIDESERVICE
getUserRewards ---> TOURGUIDESERVICE
getUserRewards ---> TOURGUIDESERVICE
getUserRewards ---> TOURGUIDESERVICE
getUserRewards ---> TOURGUIDESERVICE
getUserRewards ---> TOURGUIDESERVICE
getUserRewards ---> TOURGUIDESERVICE
getUserRewards ---> TOURGUIDESERVICE
getUserRewards ---> TOURGUIDESERVICE
getUserRewards ---> TOURGUIDESERVICE
getUserRewards ---> TOURGUIDESERVICE
getUserRewards ---> TOURGUIDESERVICE
getUserRewards ---> TOURGUIDESERVICE
getUserRewards ---> TOURGUIDESERVICE
getUserRewards ---> TOURGUIDESERVICE
getUserRewards ---> TOURGUIDESERVICE
getUserRewards ---> TOURGUIDESERVICE
getUserRewards ---> TOURGUIDESERVICE
getUserRewards ---> TOURGUIDESERVICE
getUserRewards ---> TOURGUIDESERVICE
getUserRewards ---> TOURGUIDESERVICE
getUserRewards ---> TOURGUIDESERVICE
getUserRewards ---> TOURGUIDESERVICE
getUserRewards ---> TOURGUIDESERVICE
getUserRewards ---> TOURGUIDESERVICE
getUserRewards ---> TOURGUIDESERVICE
getUserRewards ---> TOURGUIDESERVICE
getUserRewards ---> TOURGUIDESERVICE
getUserRewards ---> TOURGUIDESERVICE
getUserRewards ---> TOURGUIDESERVICE
getUserRewards ---> TOURGUIDESERVICE
getUserRewards ---> TOURGUIDESERVICE
getUserRewards ---> TOURGUIDESERVICE
getUserRewards ---> TOURGUIDESERVICE
getUserRewards ---> TOURGUIDESERVICE
getUserRewards ---> TOURGUIDESERVICE
getUserRewards ---> TOURGUIDESERVICE
getUserRewards ---> TOURGUIDESERVICE
getUserRewards ---> TOURGUIDESERVICE
getUserRewards ---> TOURGUIDESERVICE
getUserRewards ---> TOURGUIDESERVICE
getUserRewards ---> TOURGUIDESERVICE
getUserRewards ---> TOURGUIDESERVICE
getUserRewards ---> TOURGUIDESERVICE
getUserRewards ---> TOURGUIDESERVICE
getUserRewards ---> TOURGUIDESERVICE
getUserRewards ---> TOURGUIDESERVICE
getUserRewards ---> TOURGUIDESERVICE
getUserRewards ---> TOURGUIDESERVICE
getUserRewards ---> TOURGUIDESERVICE
getUserRewards ---> TOURGUIDESERVICE
getUserRewards ---> TOURGUIDESERVICE
getUserRewards ---> TOURGUIDESERVICE
getUserRewards ---> TOURGUIDESERVICE
getUserRewards ---> TOURGUIDESERVICE
getUserRewards ---> TOURGUIDESERVICE
getUserRewards ---> TOURGUIDESERVICE
getUserRewards ---> TOURGUIDESERVICE
getUserRewards ---> TOURGUIDESERVICE
getUserRewards ---> TOURGUIDESERVICE
getUserRewards ---> TOURGUIDESERVICE
getUserRewards ---> TOURGUIDESERVICE
getUserRewards ---> TOURGUIDESERVICE
getUserRewards ---> TOURGUIDESERVICE
getUserRewards ---> TOURGUIDESERVICE
getUserRewards ---> TOURGUIDESERVICE
getUserRewards ---> TOURGUIDESERVICE
getUserRewards ---> TOURGUIDESERVICE
getUserRewards ---> TOURGUIDESERVICE
getUserRewards ---> TOURGUIDESERVICE
getUserRewards ---> TOURGUIDESERVICE
getUserRewards ---> TOURGUIDESERVICE
getUserRewards ---> TOURGUIDESERVICE
getUserRewards ---> TOURGUIDESERVICE
getUserRewards ---> TOURGUIDESERVICE
getUserRewards ---> TOURGUIDESERVICE
getUserRewards ---> TOURGUIDESERVICE
getUserRewards ---> TOURGUIDESERVICE
getUserRewards ---> TOURGUIDESERVICE
getUserRewards ---> TOURGUIDESERVICE
getUserRewards ---> TOURGUIDESERVICE
getUserRewards ---> TOURGUIDESERVICE
getUserRewards ---> TOURGUIDESERVICE
getUserRewards ---> TOURGUIDESERVICE
getUserRewards ---> TOURGUIDESERVICE
getUserRewards ---> TOURGUIDESERVICE
getUserRewards ---> TOURGUIDESERVICE
getUserRewards ---> TOURGUIDESERVICE
getUserRewards ---> TOURGUIDESERVICE
getUserRewards ---> TOURGUIDESERVICE
getUserRewards ---> TOURGUIDESERVICE
getUserRewards ---> TOURGUIDESERVICE
getUserRewards ---> TOURGUIDESERVICE
getUserRewards ---> TOURGUIDESERVICE
getUserRewards ---> TOURGUIDESERVICE
getUserRewards ---> TOURGUIDESERVICE
getUserRewards ---> TOURGUIDESERVICE
getUserRewards ---> TOURGUIDESERVICE
getUserRewards ---> TOURGUIDESERVICE
getUserRewards ---> TOURGUIDESERVICE
getUserRewards ---> TOURGUIDESERVICE
getUserRewards ---> TOURGUIDESERVICE
getUserRewards ---> TOURGUIDESERVICE
getUserRewards ---> TOURGUIDESERVICE
getUserRewards ---> TOURGUIDESERVICE
getUserRewards ---> TOURGUIDESERVICE
getUserRewards ---> TOURGUIDESERVICE
getUserRewards ---> TOURGUIDESERVICE
getUserRewards ---> TOURGUIDESERVICE
getUserRewards ---> TOURGUIDESERVICE
getUserRewards ---> TOURGUIDESERVICE
getUserRewards ---> TOURGUIDESERVICE
getUserRewards ---> TOURGUIDESERVICE
getUserRewards ---> TOURGUIDESERVICE
getUserRewards ---> TOURGUIDESERVICE
getUserRewards ---> TOURGUIDESERVICE
getUserRewards ---> TOURGUIDESERVICE
getUserRewards ---> TOURGUIDESERVICE
getUserRewards ---> TOURGUIDESERVICE
getUserRewards ---> TOURGUIDESERVICE
getUserRewards ---> TOURGUIDESERVICE
getUserRewards ---> TOURGUIDESERVICE
getUserRewards ---> TOURGUIDESERVICE
getUserRewards ---> TOURGUIDESERVICE
getUserRewards ---> TOURGUIDESERVICE
getUserRewards ---> TOURGUIDESERVICE
getUserRewards ---> TOURGUIDESERVICE
getUserRewards ---> TOURGUIDESERVICE
getUserRewards ---> TOURGUIDESERVICE
getUserRewards ---> TOURGUIDESERVICE
getUserRewards ---> TOURGUIDESERVICE
getUserRewards ---> TOURGUIDESERVICE
getUserRewards ---> TOURGUIDESERVICE
getUserRewards ---> TOURGUIDESERVICE
getUserRewards ---> TOURGUIDESERVICE
getUserRewards ---> TOURGUIDESERVICE
getUserRewards ---> TOURGUIDESERVICE
getUserRewards ---> TOURGUIDESERVICE
getUserRewards ---> TOURGUIDESERVICE
getUserRewards ---> TOURGUIDESERVICE
getUserRewards ---> TOURGUIDESERVICE
getUserRewards ---> TOURGUIDESERVICE
getUserRewards ---> TOURGUIDESERVICE
getUserRewards ---> TOURGUIDESERVICE
getUserRewards ---> TOURGUIDESERVICE
getUserRewards ---> TOURGUIDESERVICE
getUserRewards ---> TOURGUIDESERVICE
getUserRewards ---> TOURGUIDESERVICE
getUserRewards ---> TOURGUIDESERVICE
getUserRewards ---> TOURGUIDESERVICE
getUserRewards ---> TOURGUIDESERVICE
getUserRewards ---> TOURGUIDESERVICE
getUserRewards ---> TOURGUIDESERVICE
getUserRewards ---> TOURGUIDESERVICE
getUserRewards ---> TOURGUIDESERVICE
getUserRewards ---> TOURGUIDESERVICE
getUserRewards ---> TOURGUIDESERVICE
getUserRewards ---> TOURGUIDESERVICE
getUserRewards ---> TOURGUIDESERVICE
getUserRewards ---> TOURGUIDESERVICE
getUserRewards ---> TOURGUIDESERVICE
getUserRewards ---> TOURGUIDESERVICE
getUserRewards ---> TOURGUIDESERVICE
getUserRewards ---> TOURGUIDESERVICE
getUserRewards ---> TOURGUIDESERVICE
getUserRewards ---> TOURGUIDESERVICE
getUserRewards ---> TOURGUIDESERVICE
getUserRewards ---> TOURGUIDESERVICE
getUserRewards ---> TOURGUIDESERVICE
getUserRewards ---> TOURGUIDESERVICE
getUserRewards ---> TOURGUIDESERVICE
getUserRewards ---> TOURGUIDESERVICE
getUserRewards ---> TOURGUIDESERVICE
getUserRewards ---> TOURGUIDESERVICE
getUserRewards ---> TOURGUIDESERVICE
getUserRewards ---> TOURGUIDESERVICE
getUserRewards ---> TOURGUIDESERVICE
getUserRewards ---> TOURGUIDESERVICE
getUserRewards ---> TOURGUIDESERVICE
getUserRewards ---> TOURGUIDESERVICE
getUserRewards ---> TOURGUIDESERVICE
getUserRewards ---> TOURGUIDESERVICE
getUserRewards ---> TOURGUIDESERVICE
getUserRewards ---> TOURGUIDESERVICE
getUserRewards ---> TOURGUIDESERVICE
getUserRewards ---> TOURGUIDESERVICE
getUserRewards ---> TOURGUIDESERVICE
getUserRewards ---> TOURGUIDESERVICE
getUserRewards ---> TOURGUIDESERVICE
getUserRewards ---> TOURGUIDESERVICE
getUserRewards ---> TOURGUIDESERVICE
getUserRewards ---> TOURGUIDESERVICE
getUserRewards ---> TOURGUIDESERVICE
getUserRewards ---> TOURGUIDESERVICE
getUserRewards ---> TOURGUIDESERVICE
getUserRewards ---> TOURGUIDESERVICE
getUserRewards ---> TOURGUIDESERVICE
getUserRewards ---> TOURGUIDESERVICE
getUserRewards ---> TOURGUIDESERVICE
getUserRewards ---> TOURGUIDESERVICE
getUserRewards ---> TOURGUIDESERVICE
getUserRewards ---> TOURGUIDESERVICE
getUserRewards ---> TOURGUIDESERVICE
getUserRewards ---> TOURGUIDESERVICE
getUserRewards ---> TOURGUIDESERVICE
getUserRewards ---> TOURGUIDESERVICE
getUserRewards ---> TOURGUIDESERVICE
getUserRewards ---> TOURGUIDESERVICE
getUserRewards ---> TOURGUIDESERVICE
getUserRewards ---> TOURGUIDESERVICE
getUserRewards ---> TOURGUIDESERVICE
getUserRewards ---> TOURGUIDESERVICE
getUserRewards ---> TOURGUIDESERVICE
getUserRewards ---> TOURGUIDESERVICE
getUserRewards ---> TOURGUIDESERVICE
getUserRewards ---> TOURGUIDESERVICE
getUserRewards ---> TOURGUIDESERVICE
getUserRewards ---> TOURGUIDESERVICE
getUserRewards ---> TOURGUIDESERVICE
getUserRewards ---> TOURGUIDESERVICE
getUserRewards ---> TOURGUIDESERVICE
getUserRewards ---> TOURGUIDESERVICE
getUserRewards ---> TOURGUIDESERVICE
getUserRewards ---> TOURGUIDESERVICE
getUserRewards ---> TOURGUIDESERVICE
getUserRewards ---> TOURGUIDESERVICE
getUserRewards ---> TOURGUIDESERVICE
getUserRewards ---> TOURGUIDESERVICE
getUserRewards ---> TOURGUIDESERVICE
getUserRewards ---> TOURGUIDESERVICE
getUserRewards ---> TOURGUIDESERVICE
getUserRewards ---> TOURGUIDESERVICE
getUserRewards ---> TOURGUIDESERVICE
getUserRewards ---> TOURGUIDESERVICE
getUserRewards ---> TOURGUIDESERVICE
getUserRewards ---> TOURGUIDESERVICE
getUserRewards ---> TOURGUIDESERVICE
getUserRewards ---> TOURGUIDESERVICE
getUserRewards ---> TOURGUIDESERVICE
getUserRewards ---> TOURGUIDESERVICE
getUserRewards ---> TOURGUIDESERVICE
getUserRewards ---> TOURGUIDESERVICE
getUserRewards ---> TOURGUIDESERVICE
getUserRewards ---> TOURGUIDESERVICE
getUserRewards ---> TOURGUIDESERVICE
getUserRewards ---> TOURGUIDESERVICE
getUserRewards ---> TOURGUIDESERVICE
getUserRewards ---> TOURGUIDESERVICE
getUserRewards ---> TOURGUIDESERVICE
getUserRewards ---> TOURGUIDESERVICE
getUserRewards ---> TOURGUIDESERVICE
getUserRewards ---> TOURGUIDESERVICE
getUserRewards ---> TOURGUIDESERVICE
getUserRewards ---> TOURGUIDESERVICE
getUserRewards ---> TOURGUIDESERVICE
getUserRewards ---> TOURGUIDESERVICE
getUserRewards ---> TOURGUIDESERVICE
getUserRewards ---> TOURGUIDESERVICE
getUserRewards ---> TOURGUIDESERVICE
getUserRewards ---> TOURGUIDESERVICE
getUserRewards ---> TOURGUIDESERVICE
getUserRewards ---> TOURGUIDESERVICE
getUserRewards ---> TOURGUIDESERVICE
getUserRewards ---> TOURGUIDESERVICE
getUserRewards ---> TOURGUIDESERVICE
getUserRewards ---> TOURGUIDESERVICE
getUserRewards ---> TOURGUIDESERVICE
getUserRewards ---> TOURGUIDESERVICE
getUserRewards ---> TOURGUIDESERVICE
getUserRewards ---> TOURGUIDESERVICE
getUserRewards ---> TOURGUIDESERVICE
getUserRewards ---> TOURGUIDESERVICE
getUserRewards ---> TOURGUIDESERVICE
getUserRewards ---> TOURGUIDESERVICE
getUserRewards ---> TOURGUIDESERVICE
getUserRewards ---> TOURGUIDESERVICE
getUserRewards ---> TOURGUIDESERVICE
getUserRewards ---> TOURGUIDESERVICE
getUserRewards ---> TOURGUIDESERVICE
getUserRewards ---> TOURGUIDESERVICE
getUserRewards ---> TOURGUIDESERVICE
getUserRewards ---> TOURGUIDESERVICE
getUserRewards ---> TOURGUIDESERVICE
getUserRewards ---> TOURGUIDESERVICE
getUserRewards ---> TOURGUIDESERVICE
getUserRewards ---> TOURGUIDESERVICE
getUserRewards ---> TOURGUIDESERVICE
getUserRewards ---> TOURGUIDESERVICE
getUserRewards ---> TOURGUIDESERVICE
getUserRewards ---> TOURGUIDESERVICE
getUserRewards ---> TOURGUIDESERVICE
getUserRewards ---> TOURGUIDESERVICE
getUserRewards ---> TOURGUIDESERVICE
getUserRewards ---> TOURGUIDESERVICE
getUserRewards ---> TOURGUIDESERVICE
getUserRewards ---> TOURGUIDESERVICE
getUserRewards ---> TOURGUIDESERVICE
getUserRewards ---> TOURGUIDESERVICE
getUserRewards ---> TOURGUIDESERVICE
getUserRewards ---> TOURGUIDESERVICE
getUserRewards ---> TOURGUIDESERVICE
getUserRewards ---> TOURGUIDESERVICE
getUserRewards ---> TOURGUIDESERVICE
getUserRewards ---> TOURGUIDESERVICE
getUserRewards ---> TOURGUIDESERVICE
getUserRewards ---> TOURGUIDESERVICE
getUserRewards ---> TOURGUIDESERVICE
getUserRewards ---> TOURGUIDESERVICE
getUserRewards ---> TOURGUIDESERVICE
getUserRewards ---> TOURGUIDESERVICE
getUserRewards ---> TOURGUIDESERVICE
getUserRewards ---> TOURGUIDESERVICE
getUserRewards ---> TOURGUIDESERVICE
getUserRewards ---> TOURGUIDESERVICE
getUserRewards ---> TOURGUIDESERVICE
getUserRewards ---> TOURGUIDESERVICE
getUserRewards ---> TOURGUIDESERVICE
getUserRewards ---> TOURGUIDESERVICE
getUserRewards ---> TOURGUIDESERVICE
getUserRewards ---> TOURGUIDESERVICE
getUserRewards ---> TOURGUIDESERVICE
getUserRewards ---> TOURGUIDESERVICE
getUserRewards ---> TOURGUIDESERVICE
getUserRewards ---> TOURGUIDESERVICE
getUserRewards ---> TOURGUIDESERVICE
getUserRewards ---> TOURGUIDESERVICE
getUserRewards ---> TOURGUIDESERVICE
getUserRewards ---> TOURGUIDESERVICE
getUserRewards ---> TOURGUIDESERVICE
getUserRewards ---> TOURGUIDESERVICE
getUserRewards ---> TOURGUIDESERVICE
getUserRewards ---> TOURGUIDESERVICE
getUserRewards ---> TOURGUIDESERVICE
getUserRewards ---> TOURGUIDESERVICE
getUserRewards ---> TOURGUIDESERVICE
getUserRewards ---> TOURGUIDESERVICE
getUserRewards ---> TOURGUIDESERVICE
getUserRewards ---> TOURGUIDESERVICE
getUserRewards ---> TOURGUIDESERVICE
getUserRewards ---> TOURGUIDESERVICE
getUserRewards ---> TOURGUIDESERVICE
getUserRewards ---> TOURGUIDESERVICE
getUserRewards ---> TOURGUIDESERVICE
getUserRewards ---> TOURGUIDESERVICE
getUserRewards ---> TOURGUIDESERVICE
getUserRewards ---> TOURGUIDESERVICE
getUserRewards ---> TOURGUIDESERVICE
getUserRewards ---> TOURGUIDESERVICE
getUserRewards ---> TOURGUIDESERVICE
getUserRewards ---> TOURGUIDESERVICE
getUserRewards ---> TOURGUIDESERVICE
getUserRewards ---> TOURGUIDESERVICE
getUserRewards ---> TOURGUIDESERVICE
getUserRewards ---> TOURGUIDESERVICE
getUserRewards ---> TOURGUIDESERVICE
getUserRewards ---> TOURGUIDESERVICE
getUserRewards ---> TOURGUIDESERVICE
getUserRewards ---> TOURGUIDESERVICE
getUserRewards ---> TOURGUIDESERVICE
getUserRewards ---> TOURGUIDESERVICE
getUserRewards ---> TOURGUIDESERVICE
getUserRewards ---> TOURGUIDESERVICE
getUserRewards ---> TOURGUIDESERVICE
getUserRewards ---> TOURGUIDESERVICE
getUserRewards ---> TOURGUIDESERVICE
getUserRewards ---> TOURGUIDESERVICE
getUserRewards ---> TOURGUIDESERVICE
getUserRewards ---> TOURGUIDESERVICE
getUserRewards ---> TOURGUIDESERVICE
getUserRewards ---> TOURGUIDESERVICE
getUserRewards ---> TOURGUIDESERVICE
getUserRewards ---> TOURGUIDESERVICE
getUserRewards ---> TOURGUIDESERVICE
getUserRewards ---> TOURGUIDESERVICE
getUserRewards ---> TOURGUIDESERVICE
getUserRewards ---> TOURGUIDESERVICE
getUserRewards ---> TOURGUIDESERVICE
getUserRewards ---> TOURGUIDESERVICE
getUserRewards ---> TOURGUIDESERVICE
getUserRewards ---> TOURGUIDESERVICE
getUserRewards ---> TOURGUIDESERVICE
getUserRewards ---> TOURGUIDESERVICE
getUserRewards ---> TOURGUIDESERVICE
getUserRewards ---> TOURGUIDESERVICE
getUserRewards ---> TOURGUIDESERVICE
getUserRewards ---> TOURGUIDESERVICE
getUserRewards ---> TOURGUIDESERVICE
getUserRewards ---> TOURGUIDESERVICE
getUserRewards ---> TOURGUIDESERVICE
getUserRewards ---> TOURGUIDESERVICE
getUserRewards ---> TOURGUIDESERVICE
getUserRewards ---> TOURGUIDESERVICE
getUserRewards ---> TOURGUIDESERVICE
getUserRewards ---> TOURGUIDESERVICE
getUserRewards ---> TOURGUIDESERVICE
getUserRewards ---> TOURGUIDESERVICE
getUserRewards ---> TOURGUIDESERVICE
getUserRewards ---> TOURGUIDESERVICE
getUserRewards ---> TOURGUIDESERVICE
getUserRewards ---> TOURGUIDESERVICE
getUserRewards ---> TOURGUIDESERVICE
getUserRewards ---> TOURGUIDESERVICE
getUserRewards ---> TOURGUIDESERVICE
getUserRewards ---> TOURGUIDESERVICE
getUserRewards ---> TOURGUIDESERVICE
getUserRewards ---> TOURGUIDESERVICE
getUserRewards ---> TOURGUIDESERVICE
getUserRewards ---> TOURGUIDESERVICE
getUserRewards ---> TOURGUIDESERVICE
getUserRewards ---> TOURGUIDESERVICE
getUserRewards ---> TOURGUIDESERVICE
getUserRewards ---> TOURGUIDESERVICE
getUserRewards ---> TOURGUIDESERVICE
getUserRewards ---> TOURGUIDESERVICE
getUserRewards ---> TOURGUIDESERVICE
getUserRewards ---> TOURGUIDESERVICE
getUserRewards ---> TOURGUIDESERVICE
getUserRewards ---> TOURGUIDESERVICE
getUserRewards ---> TOURGUIDESERVICE
getUserRewards ---> TOURGUIDESERVICE
getUserRewards ---> TOURGUIDESERVICE
getUserRewards ---> TOURGUIDESERVICE
getUserRewards ---> TOURGUIDESERVICE
getUserRewards ---> TOURGUIDESERVICE
getUserRewards ---> TOURGUIDESERVICE
getUserRewards ---> TOURGUIDESERVICE
getUserRewards ---> TOURGUIDESERVICE
getUserRewards ---> TOURGUIDESERVICE
getUserRewards ---> TOURGUIDESERVICE
getUserRewards ---> TOURGUIDESERVICE
getUserRewards ---> TOURGUIDESERVICE
getUserRewards ---> TOURGUIDESERVICE
getUserRewards ---> TOURGUIDESERVICE
getUserRewards ---> TOURGUIDESERVICE
getUserRewards ---> TOURGUIDESERVICE
getUserRewards ---> TOURGUIDESERVICE
getUserRewards ---> TOURGUIDESERVICE
getUserRewards ---> TOURGUIDESERVICE
getUserRewards ---> TOURGUIDESERVICE
getUserRewards ---> TOURGUIDESERVICE
getUserRewards ---> TOURGUIDESERVICE
getUserRewards ---> TOURGUIDESERVICE
getUserRewards ---> TOURGUIDESERVICE
getUserRewards ---> TOURGUIDESERVICE
getUserRewards ---> TOURGUIDESERVICE
getUserRewards ---> TOURGUIDESERVICE
getUserRewards ---> TOURGUIDESERVICE
getUserRewards ---> TOURGUIDESERVICE
getUserRewards ---> TOURGUIDESERVICE
getUserRewards ---> TOURGUIDESERVICE
getUserRewards ---> TOURGUIDESERVICE
getUserRewards ---> TOURGUIDESERVICE
getUserRewards ---> TOURGUIDESERVICE
getUserRewards ---> TOURGUIDESERVICE
getUserRewards ---> TOURGUIDESERVICE
getUserRewards ---> TOURGUIDESERVICE
getUserRewards ---> TOURGUIDESERVICE
getUserRewards ---> TOURGUIDESERVICE
getUserRewards ---> TOURGUIDESERVICE
getUserRewards ---> TOURGUIDESERVICE
getUserRewards ---> TOURGUIDESERVICE
getUserRewards ---> TOURGUIDESERVICE
getUserRewards ---> TOURGUIDESERVICE
getUserRewards ---> TOURGUIDESERVICE
getUserRewards ---> TOURGUIDESERVICE
getUserRewards ---> TOURGUIDESERVICE
getUserRewards ---> TOURGUIDESERVICE
getUserRewards ---> TOURGUIDESERVICE
getUserRewards ---> TOURGUIDESERVICE
getUserRewards ---> TOURGUIDESERVICE
getUserRewards ---> TOURGUIDESERVICE
getUserRewards ---> TOURGUIDESERVICE
getUserRewards ---> TOURGUIDESERVICE
getUserRewards ---> TOURGUIDESERVICE
getUserRewards ---> TOURGUIDESERVICE
getUserRewards ---> TOURGUIDESERVICE
getUserRewards ---> TOURGUIDESERVICE
getUserRewards ---> TOURGUIDESERVICE
getUserRewards ---> TOURGUIDESERVICE
getUserRewards ---> TOURGUIDESERVICE
getUserRewards ---> TOURGUIDESERVICE
getUserRewards ---> TOURGUIDESERVICE
getUserRewards ---> TOURGUIDESERVICE
getUserRewards ---> TOURGUIDESERVICE
getUserRewards ---> TOURGUIDESERVICE
getUserRewards ---> TOURGUIDESERVICE
getUserRewards ---> TOURGUIDESERVICE
getUserRewards ---> TOURGUIDESERVICE
getUserRewards ---> TOURGUIDESERVICE
getUserRewards ---> TOURGUIDESERVICE
getUserRewards ---> TOURGUIDESERVICE
getUserRewards ---> TOURGUIDESERVICE
getUserRewards ---> TOURGUIDESERVICE
getUserRewards ---> TOURGUIDESERVICE
getUserRewards ---> TOURGUIDESERVICE
getUserRewards ---> TOURGUIDESERVICE
getUserRewards ---> TOURGUIDESERVICE
getUserRewards ---> TOURGUIDESERVICE
getUserRewards ---> TOURGUIDESERVICE
getUserRewards ---> TOURGUIDESERVICE
getUserRewards ---> TOURGUIDESERVICE
getUserRewards ---> TOURGUIDESERVICE
getUserRewards ---> TOURGUIDESERVICE
getUserRewards ---> TOURGUIDESERVICE
getUserRewards ---> TOURGUIDESERVICE
getUserRewards ---> TOURGUIDESERVICE
getUserRewards ---> TOURGUIDESERVICE
getUserRewards ---> TOURGUIDESERVICE
getUserRewards ---> TOURGUIDESERVICE
getUserRewards ---> TOURGUIDESERVICE
getUserRewards ---> TOURGUIDESERVICE
getUserRewards ---> TOURGUIDESERVICE
getUserRewards ---> TOURGUIDESERVICE
getUserRewards ---> TOURGUIDESERVICE
getUserRewards ---> TOURGUIDESERVICE
getUserRewards ---> TOURGUIDESERVICE
getUserRewards ---> TOURGUIDESERVICE
getUserRewards ---> TOURGUIDESERVICE
getUserRewards ---> TOURGUIDESERVICE
getUserRewards ---> TOURGUIDESERVICE
getUserRewards ---> TOURGUIDESERVICE
getUserRewards ---> TOURGUIDESERVICE
getUserRewards ---> TOURGUIDESERVICE
getUserRewards ---> TOURGUIDESERVICE
getUserRewards ---> TOURGUIDESERVICE
getUserRewards ---> TOURGUIDESERVICE
getUserRewards ---> TOURGUIDESERVICE
getUserRewards ---> TOURGUIDESERVICE
getUserRewards ---> TOURGUIDESERVICE
getUserRewards ---> TOURGUIDESERVICE
getUserRewards ---> TOURGUIDESERVICE
getUserRewards ---> TOURGUIDESERVICE
getUserRewards ---> TOURGUIDESERVICE
getUserRewards ---> TOURGUIDESERVICE
getUserRewards ---> TOURGUIDESERVICE
getUserRewards ---> TOURGUIDESERVICE
getUserRewards ---> TOURGUIDESERVICE
getUserRewards ---> TOURGUIDESERVICE
getUserRewards ---> TOURGUIDESERVICE
getUserRewards ---> TOURGUIDESERVICE
getUserRewards ---> TOURGUIDESERVICE
getUserRewards ---> TOURGUIDESERVICE
getUserRewards ---> TOURGUIDESERVICE
getUserRewards ---> TOURGUIDESERVICE
getUserRewards ---> TOURGUIDESERVICE
getUserRewards ---> TOURGUIDESERVICE
getUserRewards ---> TOURGUIDESERVICE
getUserRewards ---> TOURGUIDESERVICE
getUserRewards ---> TOURGUIDESERVICE
getUserRewards ---> TOURGUIDESERVICE
getUserRewards ---> TOURGUIDESERVICE
getUserRewards ---> TOURGUIDESERVICE
getUserRewards ---> TOURGUIDESERVICE
getUserRewards ---> TOURGUIDESERVICE
getUserRewards ---> TOURGUIDESERVICE
getUserRewards ---> TOURGUIDESERVICE
getUserRewards ---> TOURGUIDESERVICE
getUserRewards ---> TOURGUIDESERVICE
getUserRewards ---> TOURGUIDESERVICE
getUserRewards ---> TOURGUIDESERVICE
getUserRewards ---> TOURGUIDESERVICE
getUserRewards ---> TOURGUIDESERVICE
getUserRewards ---> TOURGUIDESERVICE
getUserRewards ---> TOURGUIDESERVICE
getUserRewards ---> TOURGUIDESERVICE
getUserRewards ---> TOURGUIDESERVICE
getUserRewards ---> TOURGUIDESERVICE
getUserRewards ---> TOURGUIDESERVICE
getUserRewards ---> TOURGUIDESERVICE
getUserRewards ---> TOURGUIDESERVICE
getUserRewards ---> TOURGUIDESERVICE
getUserRewards ---> TOURGUIDESERVICE
getUserRewards ---> TOURGUIDESERVICE
getUserRewards ---> TOURGUIDESERVICE
getUserRewards ---> TOURGUIDESERVICE
getUserRewards ---> TOURGUIDESERVICE
getUserRewards ---> TOURGUIDESERVICE
getUserRewards ---> TOURGUIDESERVICE
getUserRewards ---> TOURGUIDESERVICE
getUserRewards ---> TOURGUIDESERVICE
getUserRewards ---> TOURGUIDESERVICE
getUserRewards ---> TOURGUIDESERVICE
getUserRewards ---> TOURGUIDESERVICE
getUserRewards ---> TOURGUIDESERVICE
getUserRewards ---> TOURGUIDESERVICE
getUserRewards ---> TOURGUIDESERVICE
getUserRewards ---> TOURGUIDESERVICE
getUserRewards ---> TOURGUIDESERVICE
getUserRewards ---> TOURGUIDESERVICE
getUserRewards ---> TOURGUIDESERVICE
getUserRewards ---> TOURGUIDESERVICE
getUserRewards ---> TOURGUIDESERVICE
getUserRewards ---> TOURGUIDESERVICE
getUserRewards ---> TOURGUIDESERVICE
getUserRewards ---> TOURGUIDESERVICE
getUserRewards ---> TOURGUIDESERVICE
getUserRewards ---> TOURGUIDESERVICE
getUserRewards ---> TOURGUIDESERVICE
getUserRewards ---> TOURGUIDESERVICE
getUserRewards ---> TOURGUIDESERVICE
getUserRewards ---> TOURGUIDESERVICE
getUserRewards ---> TOURGUIDESERVICE
getUserRewards ---> TOURGUIDESERVICE
getUserRewards ---> TOURGUIDESERVICE
getUserRewards ---> TOURGUIDESERVICE
getUserRewards ---> TOURGUIDESERVICE
getUserRewards ---> TOURGUIDESERVICE
getUserRewards ---> TOURGUIDESERVICE
getUserRewards ---> TOURGUIDESERVICE
getUserRewards ---> TOURGUIDESERVICE
getUserRewards ---> TOURGUIDESERVICE
getUserRewards ---> TOURGUIDESERVICE
getUserRewards ---> TOURGUIDESERVICE
getUserRewards ---> TOURGUIDESERVICE
getUserRewards ---> TOURGUIDESERVICE
getUserRewards ---> TOURGUIDESERVICE
getUserRewards ---> TOURGUIDESERVICE
getUserRewards ---> TOURGUIDESERVICE
getUserRewards ---> TOURGUIDESERVICE
getUserRewards ---> TOURGUIDESERVICE
getUserRewards ---> TOURGUIDESERVICE
getUserRewards ---> TOURGUIDESERVICE
getUserRewards ---> TOURGUIDESERVICE
getUserRewards ---> TOURGUIDESERVICE
getUserRewards ---> TOURGUIDESERVICE
getUserRewards ---> TOURGUIDESERVICE
getUserRewards ---> TOURGUIDESERVICE
getUserRewards ---> TOURGUIDESERVICE
getUserRewards ---> TOURGUIDESERVICE
getUserRewards ---> TOURGUIDESERVICE
getUserRewards ---> TOURGUIDESERVICE
getUserRewards ---> TOURGUIDESERVICE
getUserRewards ---> TOURGUIDESERVICE
getUserRewards ---> TOURGUIDESERVICE
getUserRewards ---> TOURGUIDESERVICE
getUserRewards ---> TOURGUIDESERVICE
getUserRewards ---> TOURGUIDESERVICE
getUserRewards ---> TOURGUIDESERVICE
getUserRewards ---> TOURGUIDESERVICE
getUserRewards ---> TOURGUIDESERVICE
getUserRewards ---> TOURGUIDESERVICE
getUserRewards ---> TOURGUIDESERVICE
getUserRewards ---> TOURGUIDESERVICE
getUserRewards ---> TOURGUIDESERVICE
getUserRewards ---> TOURGUIDESERVICE
getUserRewards ---> TOURGUIDESERVICE
getUserRewards ---> TOURGUIDESERVICE
getUserRewards ---> TOURGUIDESERVICE
getUserRewards ---> TOURGUIDESERVICE
getUserRewards ---> TOURGUIDESERVICE
getUserRewards ---> TOURGUIDESERVICE
getUserRewards ---> TOURGUIDESERVICE
getUserRewards ---> TOURGUIDESERVICE
getUserRewards ---> TOURGUIDESERVICE
getUserRewards ---> TOURGUIDESERVICE
getUserRewards ---> TOURGUIDESERVICE
getUserRewards ---> TOURGUIDESERVICE
getUserRewards ---> TOURGUIDESERVICE
getUserRewards ---> TOURGUIDESERVICE
getUserRewards ---> TOURGUIDESERVICE
getUserRewards ---> TOURGUIDESERVICE
getUserRewards ---> TOURGUIDESERVICE
getUserRewards ---> TOURGUIDESERVICE
getUserRewards ---> TOURGUIDESERVICE
getUserRewards ---> TOURGUIDESERVICE
getUserRewards ---> TOURGUIDESERVICE
getUserRewards ---> TOURGUIDESERVICE
getUserRewards ---> TOURGUIDESERVICE
getUserRewards ---> TOURGUIDESERVICE
getUserRewards ---> TOURGUIDESERVICE
getUserRewards ---> TOURGUIDESERVICE
getUserRewards ---> TOURGUIDESERVICE
getUserRewards ---> TOURGUIDESERVICE
getUserRewards ---> TOURGUIDESERVICE
getUserRewards ---> TOURGUIDESERVICE
getUserRewards ---> TOURGUIDESERVICE
getUserRewards ---> TOURGUIDESERVICE
getUserRewards ---> TOURGUIDESERVICE
getUserRewards ---> TOURGUIDESERVICE
getUserRewards ---> TOURGUIDESERVICE
getUserRewards ---> TOURGUIDESERVICE
getUserRewards ---> TOURGUIDESERVICE
getUserRewards ---> TOURGUIDESERVICE
getUserRewards ---> TOURGUIDESERVICE
getUserRewards ---> TOURGUIDESERVICE
getUserRewards ---> TOURGUIDESERVICE
getUserRewards ---> TOURGUIDESERVICE
getUserRewards ---> TOURGUIDESERVICE
getUserRewards ---> TOURGUIDESERVICE
getUserRewards ---> TOURGUIDESERVICE
getUserRewards ---> TOURGUIDESERVICE
getUserRewards ---> TOURGUIDESERVICE
getUserRewards ---> TOURGUIDESERVICE
getUserRewards ---> TOURGUIDESERVICE
getUserRewards ---> TOURGUIDESERVICE
getUserRewards ---> TOURGUIDESERVICE
getUserRewards ---> TOURGUIDESERVICE
getUserRewards ---> TOURGUIDESERVICE
getUserRewards ---> TOURGUIDESERVICE
getUserRewards ---> TOURGUIDESERVICE
getUserRewards ---> TOURGUIDESERVICE
getUserRewards ---> TOURGUIDESERVICE
getUserRewards ---> TOURGUIDESERVICE
getUserRewards ---> TOURGUIDESERVICE
getUserRewards ---> TOURGUIDESERVICE
getUserRewards ---> TOURGUIDESERVICE
getUserRewards ---> TOURGUIDESERVICE
getUserRewards ---> TOURGUIDESERVICE
getUserRewards ---> TOURGUIDESERVICE
getUserRewards ---> TOURGUIDESERVICE
getUserRewards ---> TOURGUIDESERVICE
getUserRewards ---> TOURGUIDESERVICE
getUserRewards ---> TOURGUIDESERVICE
getUserRewards ---> TOURGUIDESERVICE
getUserRewards ---> TOURGUIDESERVICE
getUserRewards ---> TOURGUIDESERVICE
getUserRewards ---> TOURGUIDESERVICE
getUserRewards ---> TOURGUIDESERVICE
getUserRewards ---> TOURGUIDESERVICE
getUserRewards ---> TOURGUIDESERVICE
getUserRewards ---> TOURGUIDESERVICE
getUserRewards ---> TOURGUIDESERVICE
getUserRewards ---> TOURGUIDESERVICE
getUserRewards ---> TOURGUIDESERVICE
getUserRewards ---> TOURGUIDESERVICE
getUserRewards ---> TOURGUIDESERVICE
getUserRewards ---> TOURGUIDESERVICE
getUserRewards ---> TOURGUIDESERVICE
getUserRewards ---> TOURGUIDESERVICE
getUserRewards ---> TOURGUIDESERVICE
getUserRewards ---> TOURGUIDESERVICE
getUserRewards ---> TOURGUIDESERVICE
getUserRewards ---> TOURGUIDESERVICE
getUserRewards ---> TOURGUIDESERVICE
getUserRewards ---> TOURGUIDESERVICE
getUserRewards ---> TOURGUIDESERVICE
getUserRewards ---> TOURGUIDESERVICE
getUserRewards ---> TOURGUIDESERVICE
getUserRewards ---> TOURGUIDESERVICE
getUserRewards ---> TOURGUIDESERVICE
getUserRewards ---> TOURGUIDESERVICE
getUserRewards ---> TOURGUIDESERVICE
getUserRewards ---> TOURGUIDESERVICE
getUserRewards ---> TOURGUIDESERVICE
getUserRewards ---> TOURGUIDESERVICE
getUserRewards ---> TOURGUIDESERVICE
getUserRewards ---> TOURGUIDESERVICE
getUserRewards ---> TOURGUIDESERVICE
getUserRewards ---> TOURGUIDESERVICE
getUserRewards ---> TOURGUIDESERVICE
getUserRewards ---> TOURGUIDESERVICE
getUserRewards ---> TOURGUIDESERVICE
getUserRewards ---> TOURGUIDESERVICE
getUserRewards ---> TOURGUIDESERVICE
getUserRewards ---> TOURGUIDESERVICE
getUserRewards ---> TOURGUIDESERVICE
getUserRewards ---> TOURGUIDESERVICE
getUserRewards ---> TOURGUIDESERVICE
getUserRewards ---> TOURGUIDESERVICE
getUserRewards ---> TOURGUIDESERVICE
getUserRewards ---> TOURGUIDESERVICE
getUserRewards ---> TOURGUIDESERVICE
getUserRewards ---> TOURGUIDESERVICE
getUserRewards ---> TOURGUIDESERVICE
getUserRewards ---> TOURGUIDESERVICE
getUserRewards ---> TOURGUIDESERVICE
getUserRewards ---> TOURGUIDESERVICE
getUserRewards ---> TOURGUIDESERVICE
getUserRewards ---> TOURGUIDESERVICE
getUserRewards ---> TOURGUIDESERVICE
getUserRewards ---> TOURGUIDESERVICE
getUserRewards ---> TOURGUIDESERVICE
getUserRewards ---> TOURGUIDESERVICE
getUserRewards ---> TOURGUIDESERVICE
getUserRewards ---> TOURGUIDESERVICE
getUserRewards ---> TOURGUIDESERVICE
getUserRewards ---> TOURGUIDESERVICE
getUserRewards ---> TOURGUIDESERVICE
getUserRewards ---> TOURGUIDESERVICE
getUserRewards ---> TOURGUIDESERVICE
getUserRewards ---> TOURGUIDESERVICE
getUserRewards ---> TOURGUIDESERVICE
getUserRewards ---> TOURGUIDESERVICE
getUserRewards ---> TOURGUIDESERVICE
getUserRewards ---> TOURGUIDESERVICE
getUserRewards ---> TOURGUIDESERVICE
getUserRewards ---> TOURGUIDESERVICE
getUserRewards ---> TOURGUIDESERVICE
getUserRewards ---> TOURGUIDESERVICE
getUserRewards ---> TOURGUIDESERVICE
getUserRewards ---> TOURGUIDESERVICE
getUserRewards ---> TOURGUIDESERVICE
getUserRewards ---> TOURGUIDESERVICE
getUserRewards ---> TOURGUIDESERVICE
getUserRewards ---> TOURGUIDESERVICE
getUserRewards ---> TOURGUIDESERVICE
getUserRewards ---> TOURGUIDESERVICE
getUserRewards ---> TOURGUIDESERVICE
getUserRewards ---> TOURGUIDESERVICE
getUserRewards ---> TOURGUIDESERVICE
getUserRewards ---> TOURGUIDESERVICE
getUserRewards ---> TOURGUIDESERVICE
getUserRewards ---> TOURGUIDESERVICE
getUserRewards ---> TOURGUIDESERVICE
getUserRewards ---> TOURGUIDESERVICE
getUserRewards ---> TOURGUIDESERVICE
getUserRewards ---> TOURGUIDESERVICE
getUserRewards ---> TOURGUIDESERVICE
getUserRewards ---> TOURGUIDESERVICE
getUserRewards ---> TOURGUIDESERVICE
getUserRewards ---> TOURGUIDESERVICE
getUserRewards ---> TOURGUIDESERVICE
getUserRewards ---> TOURGUIDESERVICE
getUserRewards ---> TOURGUIDESERVICE
getUserRewards ---> TOURGUIDESERVICE
getUserRewards ---> TOURGUIDESERVICE
getUserRewards ---> TOURGUIDESERVICE
getUserRewards ---> TOURGUIDESERVICE
getUserRewards ---> TOURGUIDESERVICE
getUserRewards ---> TOURGUIDESERVICE
getUserRewards ---> TOURGUIDESERVICE
getUserRewards ---> TOURGUIDESERVICE
getUserRewards ---> TOURGUIDESERVICE
getUserRewards ---> TOURGUIDESERVICE
getUserRewards ---> TOURGUIDESERVICE
getUserRewards ---> TOURGUIDESERVICE
getUserRewards ---> TOURGUIDESERVICE
getUserRewards ---> TOURGUIDESERVICE
getUserRewards ---> TOURGUIDESERVICE
getUserRewards ---> TOURGUIDESERVICE
getUserRewards ---> TOURGUIDESERVICE
getUserRewards ---> TOURGUIDESERVICE
getUserRewards ---> TOURGUIDESERVICE
getUserRewards ---> TOURGUIDESERVICE
getUserRewards ---> TOURGUIDESERVICE
getUserRewards ---> TOURGUIDESERVICE
getUserRewards ---> TOURGUIDESERVICE
getUserRewards ---> TOURGUIDESERVICE
getUserRewards ---> TOURGUIDESERVICE
getUserRewards ---> TOURGUIDESERVICE
getUserRewards ---> TOURGUIDESERVICE
getUserRewards ---> TOURGUIDESERVICE
getUserRewards ---> TOURGUIDESERVICE
getUserRewards ---> TOURGUIDESERVICE
getUserRewards ---> TOURGUIDESERVICE
getUserRewards ---> TOURGUIDESERVICE
getUserRewards ---> TOURGUIDESERVICE
getUserRewards ---> TOURGUIDESERVICE
getUserRewards ---> TOURGUIDESERVICE
getUserRewards ---> TOURGUIDESERVICE
getUserRewards ---> TOURGUIDESERVICE
getUserRewards ---> TOURGUIDESERVICE
getUserRewards ---> TOURGUIDESERVICE
getUserRewards ---> TOURGUIDESERVICE
getUserRewards ---> TOURGUIDESERVICE
getUserRewards ---> TOURGUIDESERVICE
getUserRewards ---> TOURGUIDESERVICE
getUserRewards ---> TOURGUIDESERVICE
getUserRewards ---> TOURGUIDESERVICE
getUserRewards ---> TOURGUIDESERVICE
getUserRewards ---> TOURGUIDESERVICE
getUserRewards ---> TOURGUIDESERVICE
getUserRewards ---> TOURGUIDESERVICE
getUserRewards ---> TOURGUIDESERVICE
getUserRewards ---> TOURGUIDESERVICE
getUserRewards ---> TOURGUIDESERVICE
getUserRewards ---> TOURGUIDESERVICE
getUserRewards ---> TOURGUIDESERVICE
getUserRewards ---> TOURGUIDESERVICE
getUserRewards ---> TOURGUIDESERVICE
getUserRewards ---> TOURGUIDESERVICE
getUserRewards ---> TOURGUIDESERVICE
getUserRewards ---> TOURGUIDESERVICE
getUserRewards ---> TOURGUIDESERVICE
getUserRewards ---> TOURGUIDESERVICE
getUserRewards ---> TOURGUIDESERVICE
getUserRewards ---> TOURGUIDESERVICE
getUserRewards ---> TOURGUIDESERVICE
getUserRewards ---> TOURGUIDESERVICE
getUserRewards ---> TOURGUIDESERVICE
getUserRewards ---> TOURGUIDESERVICE
getUserRewards ---> TOURGUIDESERVICE
getUserRewards ---> TOURGUIDESERVICE
getUserRewards ---> TOURGUIDESERVICE
getUserRewards ---> TOURGUIDESERVICE
getUserRewards ---> TOURGUIDESERVICE
getUserRewards ---> TOURGUIDESERVICE
getUserRewards ---> TOURGUIDESERVICE
getUserRewards ---> TOURGUIDESERVICE
getUserRewards ---> TOURGUIDESERVICE
getUserRewards ---> TOURGUIDESERVICE
getUserRewards ---> TOURGUIDESERVICE
getUserRewards ---> TOURGUIDESERVICE
getUserRewards ---> TOURGUIDESERVICE
getUserRewards ---> TOURGUIDESERVICE
getUserRewards ---> TOURGUIDESERVICE
getUserRewards ---> TOURGUIDESERVICE
getUserRewards ---> TOURGUIDESERVICE
getUserRewards ---> TOURGUIDESERVICE
getUserRewards ---> TOURGUIDESERVICE
getUserRewards ---> TOURGUIDESERVICE
getUserRewards ---> TOURGUIDESERVICE
getUserRewards ---> TOURGUIDESERVICE
getUserRewards ---> TOURGUIDESERVICE
getUserRewards ---> TOURGUIDESERVICE
getUserRewards ---> TOURGUIDESERVICE
getUserRewards ---> TOURGUIDESERVICE
getUserRewards ---> TOURGUIDESERVICE
getUserRewards ---> TOURGUIDESERVICE
getUserRewards ---> TOURGUIDESERVICE
getUserRewards ---> TOURGUIDESERVICE
getUserRewards ---> TOURGUIDESERVICE
getUserRewards ---> TOURGUIDESERVICE
getUserRewards ---> TOURGUIDESERVICE
getUserRewards ---> TOURGUIDESERVICE
getUserRewards ---> TOURGUIDESERVICE
getUserRewards ---> TOURGUIDESERVICE
getUserRewards ---> TOURGUIDESERVICE
getUserRewards ---> TOURGUIDESERVICE
getUserRewards ---> TOURGUIDESERVICE
getUserRewards ---> TOURGUIDESERVICE
getUserRewards ---> TOURGUIDESERVICE
getUserRewards ---> TOURGUIDESERVICE
getUserRewards ---> TOURGUIDESERVICE
getUserRewards ---> TOURGUIDESERVICE
getUserRewards ---> TOURGUIDESERVICE
getUserRewards ---> TOURGUIDESERVICE
getUserRewards ---> TOURGUIDESERVICE
getUserRewards ---> TOURGUIDESERVICE
getUserRewards ---> TOURGUIDESERVICE
getUserRewards ---> TOURGUIDESERVICE
getUserRewards ---> TOURGUIDESERVICE
getUserRewards ---> TOURGUIDESERVICE
getUserRewards ---> TOURGUIDESERVICE
getUserRewards ---> TOURGUIDESERVICE
getUserRewards ---> TOURGUIDESERVICE
getUserRewards ---> TOURGUIDESERVICE
getUserRewards ---> TOURGUIDESERVICE
getUserRewards ---> TOURGUIDESERVICE
getUserRewards ---> TOURGUIDESERVICE
getUserRewards ---> TOURGUIDESERVICE
getUserRewards ---> TOURGUIDESERVICE
getUserRewards ---> TOURGUIDESERVICE
getUserRewards ---> TOURGUIDESERVICE
getUserRewards ---> TOURGUIDESERVICE
getUserRewards ---> TOURGUIDESERVICE
getUserRewards ---> TOURGUIDESERVICE
getUserRewards ---> TOURGUIDESERVICE
getUserRewards ---> TOURGUIDESERVICE
getUserRewards ---> TOURGUIDESERVICE
getUserRewards ---> TOURGUIDESERVICE
getUserRewards ---> TOURGUIDESERVICE
getUserRewards ---> TOURGUIDESERVICE
getUserRewards ---> TOURGUIDESERVICE
getUserRewards ---> TOURGUIDESERVICE
getUserRewards ---> TOURGUIDESERVICE
getUserRewards ---> TOURGUIDESERVICE
getUserRewards ---> TOURGUIDESERVICE
getUserRewards ---> TOURGUIDESERVICE
getUserRewards ---> TOURGUIDESERVICE
getUserRewards ---> TOURGUIDESERVICE
getUserRewards ---> TOURGUIDESERVICE
getUserRewards ---> TOURGUIDESERVICE
getUserRewards ---> TOURGUIDESERVICE
getUserRewards ---> TOURGUIDESERVICE
getUserRewards ---> TOURGUIDESERVICE
getUserRewards ---> TOURGUIDESERVICE
getUserRewards ---> TOURGUIDESERVICE
getUserRewards ---> TOURGUIDESERVICE
getUserRewards ---> TOURGUIDESERVICE
getUserRewards ---> TOURGUIDESERVICE
getUserRewards ---> TOURGUIDESERVICE
getUserRewards ---> TOURGUIDESERVICE
getUserRewards ---> TOURGUIDESERVICE
getUserRewards ---> TOURGUIDESERVICE
getUserRewards ---> TOURGUIDESERVICE
getUserRewards ---> TOURGUIDESERVICE
getUserRewards ---> TOURGUIDESERVICE
getUserRewards ---> TOURGUIDESERVICE
getUserRewards ---> TOURGUIDESERVICE
getUserRewards ---> TOURGUIDESERVICE
getUserRewards ---> TOURGUIDESERVICE
getUserRewards ---> TOURGUIDESERVICE
getUserRewards ---> TOURGUIDESERVICE
getUserRewards ---> TOURGUIDESERVICE
getUserRewards ---> TOURGUIDESERVICE
getUserRewards ---> TOURGUIDESERVICE
getUserRewards ---> TOURGUIDESERVICE
getUserRewards ---> TOURGUIDESERVICE
getUserRewards ---> TOURGUIDESERVICE
getUserRewards ---> TOURGUIDESERVICE
getUserRewards ---> TOURGUIDESERVICE
getUserRewards ---> TOURGUIDESERVICE
getUserRewards ---> TOURGUIDESERVICE
getUserRewards ---> TOURGUIDESERVICE
getUserRewards ---> TOURGUIDESERVICE
getUserRewards ---> TOURGUIDESERVICE
getUserRewards ---> TOURGUIDESERVICE
getUserRewards ---> TOURGUIDESERVICE
getUserRewards ---> TOURGUIDESERVICE
getUserRewards ---> TOURGUIDESERVICE
getUserRewards ---> TOURGUIDESERVICE
getUserRewards ---> TOURGUIDESERVICE
getUserRewards ---> TOURGUIDESERVICE
getUserRewards ---> TOURGUIDESERVICE
getUserRewards ---> TOURGUIDESERVICE
getUserRewards ---> TOURGUIDESERVICE
getUserRewards ---> TOURGUIDESERVICE
getUserRewards ---> TOURGUIDESERVICE
getUserRewards ---> TOURGUIDESERVICE
getUserRewards ---> TOURGUIDESERVICE
getUserRewards ---> TOURGUIDESERVICE
getUserRewards ---> TOURGUIDESERVICE
getUserRewards ---> TOURGUIDESERVICE
getUserRewards ---> TOURGUIDESERVICE
getUserRewards ---> TOURGUIDESERVICE
getUserRewards ---> TOURGUIDESERVICE
getUserRewards ---> TOURGUIDESERVICE
getUserRewards ---> TOURGUIDESERVICE
getUserRewards ---> TOURGUIDESERVICE
getUserRewards ---> TOURGUIDESERVICE
getUserRewards ---> TOURGUIDESERVICE
getUserRewards ---> TOURGUIDESERVICE
getUserRewards ---> TOURGUIDESERVICE
getUserRewards ---> TOURGUIDESERVICE
getUserRewards ---> TOURGUIDESERVICE
getUserRewards ---> TOURGUIDESERVICE
getUserRewards ---> TOURGUIDESERVICE
getUserRewards ---> TOURGUIDESERVICE
getUserRewards ---> TOURGUIDESERVICE
getUserRewards ---> TOURGUIDESERVICE
getUserRewards ---> TOURGUIDESERVICE
getUserRewards ---> TOURGUIDESERVICE
getUserRewards ---> TOURGUIDESERVICE
getUserRewards ---> TOURGUIDESERVICE
getUserRewards ---> TOURGUIDESERVICE
getUserRewards ---> TOURGUIDESERVICE
getUserRewards ---> TOURGUIDESERVICE
getUserRewards ---> TOURGUIDESERVICE
getUserRewards ---> TOURGUIDESERVICE
getUserRewards ---> TOURGUIDESERVICE
getUserRewards ---> TOURGUIDESERVICE
getUserRewards ---> TOURGUIDESERVICE
getUserRewards ---> TOURGUIDESERVICE
getUserRewards ---> TOURGUIDESERVICE
getUserRewards ---> TOURGUIDESERVICE
getUserRewards ---> TOURGUIDESERVICE
getUserRewards ---> TOURGUIDESERVICE
getUserRewards ---> TOURGUIDESERVICE
getUserRewards ---> TOURGUIDESERVICE
getUserRewards ---> TOURGUIDESERVICE
getUserRewards ---> TOURGUIDESERVICE
getUserRewards ---> TOURGUIDESERVICE
getUserRewards ---> TOURGUIDESERVICE
getUserRewards ---> TOURGUIDESERVICE
getUserRewards ---> TOURGUIDESERVICE
getUserRewards ---> TOURGUIDESERVICE
getUserRewards ---> TOURGUIDESERVICE
getUserRewards ---> TOURGUIDESERVICE
getUserRewards ---> TOURGUIDESERVICE
getUserRewards ---> TOURGUIDESERVICE
getUserRewards ---> TOURGUIDESERVICE
getUserRewards ---> TOURGUIDESERVICE
getUserRewards ---> TOURGUIDESERVICE
getUserRewards ---> TOURGUIDESERVICE
getUserRewards ---> TOURGUIDESERVICE
getUserRewards ---> TOURGUIDESERVICE
getUserRewards ---> TOURGUIDESERVICE
getUserRewards ---> TOURGUIDESERVICE
getUserRewards ---> TOURGUIDESERVICE
getUserRewards ---> TOURGUIDESERVICE
getUserRewards ---> TOURGUIDESERVICE
getUserRewards ---> TOURGUIDESERVICE
getUserRewards ---> TOURGUIDESERVICE
getUserRewards ---> TOURGUIDESERVICE
getUserRewards ---> TOURGUIDESERVICE
getUserRewards ---> TOURGUIDESERVICE
getUserRewards ---> TOURGUIDESERVICE
getUserRewards ---> TOURGUIDESERVICE
getUserRewards ---> TOURGUIDESERVICE
getUserRewards ---> TOURGUIDESERVICE
getUserRewards ---> TOURGUIDESERVICE
getUserRewards ---> TOURGUIDESERVICE
getUserRewards ---> TOURGUIDESERVICE
getUserRewards ---> TOURGUIDESERVICE
getUserRewards ---> TOURGUIDESERVICE
getUserRewards ---> TOURGUIDESERVICE
getUserRewards ---> TOURGUIDESERVICE
getUserRewards ---> TOURGUIDESERVICE
getUserRewards ---> TOURGUIDESERVICE
getUserRewards ---> TOURGUIDESERVICE
getUserRewards ---> TOURGUIDESERVICE
getUserRewards ---> TOURGUIDESERVICE
getUserRewards ---> TOURGUIDESERVICE
getUserRewards ---> TOURGUIDESERVICE
getUserRewards ---> TOURGUIDESERVICE
getUserRewards ---> TOURGUIDESERVICE
getUserRewards ---> TOURGUIDESERVICE
getUserRewards ---> TOURGUIDESERVICE
getUserRewards ---> TOURGUIDESERVICE
getUserRewards ---> TOURGUIDESERVICE
getUserRewards ---> TOURGUIDESERVICE
getUserRewards ---> TOURGUIDESERVICE
getUserRewards ---> TOURGUIDESERVICE
getUserRewards ---> TOURGUIDESERVICE
getUserRewards ---> TOURGUIDESERVICE
getUserRewards ---> TOURGUIDESERVICE
getUserRewards ---> TOURGUIDESERVICE
getUserRewards ---> TOURGUIDESERVICE
getUserRewards ---> TOURGUIDESERVICE
getUserRewards ---> TOURGUIDESERVICE
getUserRewards ---> TOURGUIDESERVICE
getUserRewards ---> TOURGUIDESERVICE
getUserRewards ---> TOURGUIDESERVICE
getUserRewards ---> TOURGUIDESERVICE
getUserRewards ---> TOURGUIDESERVICE
getUserRewards ---> TOURGUIDESERVICE
getUserRewards ---> TOURGUIDESERVICE
getUserRewards ---> TOURGUIDESERVICE
getUserRewards ---> TOURGUIDESERVICE
getUserRewards ---> TOURGUIDESERVICE
getUserRewards ---> TOURGUIDESERVICE
getUserRewards ---> TOURGUIDESERVICE
getUserRewards ---> TOURGUIDESERVICE
getUserRewards ---> TOURGUIDESERVICE
getUserRewards ---> TOURGUIDESERVICE
getUserRewards ---> TOURGUIDESERVICE
getUserRewards ---> TOURGUIDESERVICE
getUserRewards ---> TOURGUIDESERVICE
getUserRewards ---> TOURGUIDESERVICE
getUserRewards ---> TOURGUIDESERVICE
getUserRewards ---> TOURGUIDESERVICE
getUserRewards ---> TOURGUIDESERVICE
getUserRewards ---> TOURGUIDESERVICE
getUserRewards ---> TOURGUIDESERVICE
getUserRewards ---> TOURGUIDESERVICE
getUserRewards ---> TOURGUIDESERVICE
getUserRewards ---> TOURGUIDESERVICE
getUserRewards ---> TOURGUIDESERVICE
getUserRewards ---> TOURGUIDESERVICE
getUserRewards ---> TOURGUIDESERVICE
getUserRewards ---> TOURGUIDESERVICE
getUserRewards ---> TOURGUIDESERVICE
getUserRewards ---> TOURGUIDESERVICE
getUserRewards ---> TOURGUIDESERVICE
getUserRewards ---> TOURGUIDESERVICE
getUserRewards ---> TOURGUIDESERVICE
getUserRewards ---> TOURGUIDESERVICE
getUserRewards ---> TOURGUIDESERVICE
getUserRewards ---> TOURGUIDESERVICE
getUserRewards ---> TOURGUIDESERVICE
getUserRewards ---> TOURGUIDESERVICE
getUserRewards ---> TOURGUIDESERVICE
getUserRewards ---> TOURGUIDESERVICE
getUserRewards ---> TOURGUIDESERVICE
getUserRewards ---> TOURGUIDESERVICE
getUserRewards ---> TOURGUIDESERVICE
getUserRewards ---> TOURGUIDESERVICE
getUserRewards ---> TOURGUIDESERVICE
getUserRewards ---> TOURGUIDESERVICE
getUserRewards ---> TOURGUIDESERVICE
getUserRewards ---> TOURGUIDESERVICE
getUserRewards ---> TOURGUIDESERVICE
getUserRewards ---> TOURGUIDESERVICE
getUserRewards ---> TOURGUIDESERVICE
getUserRewards ---> TOURGUIDESERVICE
getUserRewards ---> TOURGUIDESERVICE
getUserRewards ---> TOURGUIDESERVICE
getUserRewards ---> TOURGUIDESERVICE
getUserRewards ---> TOURGUIDESERVICE
getUserRewards ---> TOURGUIDESERVICE
getUserRewards ---> TOURGUIDESERVICE
getUserRewards ---> TOURGUIDESERVICE
getUserRewards ---> TOURGUIDESERVICE
getUserRewards ---> TOURGUIDESERVICE
getUserRewards ---> TOURGUIDESERVICE
getUserRewards ---> TOURGUIDESERVICE
getUserRewards ---> TOURGUIDESERVICE
getUserRewards ---> TOURGUIDESERVICE
getUserRewards ---> TOURGUIDESERVICE
getUserRewards ---> TOURGUIDESERVICE
getUserRewards ---> TOURGUIDESERVICE
getUserRewards ---> TOURGUIDESERVICE
getUserRewards ---> TOURGUIDESERVICE
getUserRewards ---> TOURGUIDESERVICE
getUserRewards ---> TOURGUIDESERVICE
getUserRewards ---> TOURGUIDESERVICE
getUserRewards ---> TOURGUIDESERVICE
getUserRewards ---> TOURGUIDESERVICE
getUserRewards ---> TOURGUIDESERVICE
getUserRewards ---> TOURGUIDESERVICE
getUserRewards ---> TOURGUIDESERVICE
getUserRewards ---> TOURGUIDESERVICE
getUserRewards ---> TOURGUIDESERVICE
getUserRewards ---> TOURGUIDESERVICE
getUserRewards ---> TOURGUIDESERVICE
getUserRewards ---> TOURGUIDESERVICE
getUserRewards ---> TOURGUIDESERVICE
getUserRewards ---> TOURGUIDESERVICE
getUserRewards ---> TOURGUIDESERVICE
getUserRewards ---> TOURGUIDESERVICE
getUserRewards ---> TOURGUIDESERVICE
getUserRewards ---> TOURGUIDESERVICE
getUserRewards ---> TOURGUIDESERVICE
getUserRewards ---> TOURGUIDESERVICE
getUserRewards ---> TOURGUIDESERVICE
getUserRewards ---> TOURGUIDESERVICE
getUserRewards ---> TOURGUIDESERVICE
getUserRewards ---> TOURGUIDESERVICE
getUserRewards ---> TOURGUIDESERVICE
getUserRewards ---> TOURGUIDESERVICE
getUserRewards ---> TOURGUIDESERVICE
getUserRewards ---> TOURGUIDESERVICE
getUserRewards ---> TOURGUIDESERVICE
getUserRewards ---> TOURGUIDESERVICE
getUserRewards ---> TOURGUIDESERVICE
getUserRewards ---> TOURGUIDESERVICE
getUserRewards ---> TOURGUIDESERVICE
getUserRewards ---> TOURGUIDESERVICE
getUserRewards ---> TOURGUIDESERVICE
getUserRewards ---> TOURGUIDESERVICE
getUserRewards ---> TOURGUIDESERVICE
getUserRewards ---> TOURGUIDESERVICE
getUserRewards ---> TOURGUIDESERVICE
getUserRewards ---> TOURGUIDESERVICE
getUserRewards ---> TOURGUIDESERVICE
getUserRewards ---> TOURGUIDESERVICE
getUserRewards ---> TOURGUIDESERVICE
getUserRewards ---> TOURGUIDESERVICE
getUserRewards ---> TOURGUIDESERVICE
getUserRewards ---> TOURGUIDESERVICE
getUserRewards ---> TOURGUIDESERVICE
getUserRewards ---> TOURGUIDESERVICE
getUserRewards ---> TOURGUIDESERVICE
getUserRewards ---> TOURGUIDESERVICE
getUserRewards ---> TOURGUIDESERVICE
getUserRewards ---> TOURGUIDESERVICE
getUserRewards ---> TOURGUIDESERVICE
getUserRewards ---> TOURGUIDESERVICE
getUserRewards ---> TOURGUIDESERVICE
getUserRewards ---> TOURGUIDESERVICE
getUserRewards ---> TOURGUIDESERVICE
getUserRewards ---> TOURGUIDESERVICE
getUserRewards ---> TOURGUIDESERVICE
getUserRewards ---> TOURGUIDESERVICE
getUserRewards ---> TOURGUIDESERVICE
getUserRewards ---> TOURGUIDESERVICE
getUserRewards ---> TOURGUIDESERVICE
getUserRewards ---> TOURGUIDESERVICE
getUserRewards ---> TOURGUIDESERVICE
getUserRewards ---> TOURGUIDESERVICE
getUserRewards ---> TOURGUIDESERVICE
getUserRewards ---> TOURGUIDESERVICE
getUserRewards ---> TOURGUIDESERVICE
getUserRewards ---> TOURGUIDESERVICE
getUserRewards ---> TOURGUIDESERVICE
getUserRewards ---> TOURGUIDESERVICE
getUserRewards ---> TOURGUIDESERVICE
getUserRewards ---> TOURGUIDESERVICE
getUserRewards ---> TOURGUIDESERVICE
getUserRewards ---> TOURGUIDESERVICE
getUserRewards ---> TOURGUIDESERVICE
getUserRewards ---> TOURGUIDESERVICE
getUserRewards ---> TOURGUIDESERVICE
getUserRewards ---> TOURGUIDESERVICE
getUserRewards ---> TOURGUIDESERVICE
getUserRewards ---> TOURGUIDESERVICE
getUserRewards ---> TOURGUIDESERVICE
getUserRewards ---> TOURGUIDESERVICE
getUserRewards ---> TOURGUIDESERVICE
getUserRewards ---> TOURGUIDESERVICE
getUserRewards ---> TOURGUIDESERVICE
getUserRewards ---> TOURGUIDESERVICE
getUserRewards ---> TOURGUIDESERVICE
getUserRewards ---> TOURGUIDESERVICE
getUserRewards ---> TOURGUIDESERVICE
getUserRewards ---> TOURGUIDESERVICE
getUserRewards ---> TOURGUIDESERVICE
getUserRewards ---> TOURGUIDESERVICE
getUserRewards ---> TOURGUIDESERVICE
getUserRewards ---> TOURGUIDESERVICE
getUserRewards ---> TOURGUIDESERVICE
getUserRewards ---> TOURGUIDESERVICE
getUserRewards ---> TOURGUIDESERVICE
getUserRewards ---> TOURGUIDESERVICE
getUserRewards ---> TOURGUIDESERVICE
getUserRewards ---> TOURGUIDESERVICE
getUserRewards ---> TOURGUIDESERVICE
getUserRewards ---> TOURGUIDESERVICE
getUserRewards ---> TOURGUIDESERVICE
getUserRewards ---> TOURGUIDESERVICE
getUserRewards ---> TOURGUIDESERVICE
getUserRewards ---> TOURGUIDESERVICE
getUserRewards ---> TOURGUIDESERVICE
getUserRewards ---> TOURGUIDESERVICE
getUserRewards ---> TOURGUIDESERVICE
getUserRewards ---> TOURGUIDESERVICE
getUserRewards ---> TOURGUIDESERVICE
getUserRewards ---> TOURGUIDESERVICE
getUserRewards ---> TOURGUIDESERVICE
getUserRewards ---> TOURGUIDESERVICE
getUserRewards ---> TOURGUIDESERVICE
getUserRewards ---> TOURGUIDESERVICE
getUserRewards ---> TOURGUIDESERVICE
getUserRewards ---> TOURGUIDESERVICE
getUserRewards ---> TOURGUIDESERVICE
getUserRewards ---> TOURGUIDESERVICE
getUserRewards ---> TOURGUIDESERVICE
getUserRewards ---> TOURGUIDESERVICE
getUserRewards ---> TOURGUIDESERVICE
getUserRewards ---> TOURGUIDESERVICE
getUserRewards ---> TOURGUIDESERVICE
getUserRewards ---> TOURGUIDESERVICE
getUserRewards ---> TOURGUIDESERVICE
getUserRewards ---> TOURGUIDESERVICE
getUserRewards ---> TOURGUIDESERVICE
getUserRewards ---> TOURGUIDESERVICE
getUserRewards ---> TOURGUIDESERVICE
getUserRewards ---> TOURGUIDESERVICE
getUserRewards ---> TOURGUIDESERVICE
getUserRewards ---> TOURGUIDESERVICE
getUserRewards ---> TOURGUIDESERVICE
getUserRewards ---> TOURGUIDESERVICE
getUserRewards ---> TOURGUIDESERVICE
getUserRewards ---> TOURGUIDESERVICE
getUserRewards ---> TOURGUIDESERVICE
getUserRewards ---> TOURGUIDESERVICE
getUserRewards ---> TOURGUIDESERVICE
getUserRewards ---> TOURGUIDESERVICE
getUserRewards ---> TOURGUIDESERVICE
getUserRewards ---> TOURGUIDESERVICE
getUserRewards ---> TOURGUIDESERVICE
getUserRewards ---> TOURGUIDESERVICE
getUserRewards ---> TOURGUIDESERVICE
getUserRewards ---> TOURGUIDESERVICE
getUserRewards ---> TOURGUIDESERVICE
getUserRewards ---> TOURGUIDESERVICE
getUserRewards ---> TOURGUIDESERVICE
getUserRewards ---> TOURGUIDESERVICE
getUserRewards ---> TOURGUIDESERVICE
getUserRewards ---> TOURGUIDESERVICE
getUserRewards ---> TOURGUIDESERVICE
getUserRewards ---> TOURGUIDESERVICE
getUserRewards ---> TOURGUIDESERVICE
getUserRewards ---> TOURGUIDESERVICE
getUserRewards ---> TOURGUIDESERVICE
getUserRewards ---> TOURGUIDESERVICE
getUserRewards ---> TOURGUIDESERVICE
getUserRewards ---> TOURGUIDESERVICE
getUserRewards ---> TOURGUIDESERVICE
getUserRewards ---> TOURGUIDESERVICE
getUserRewards ---> TOURGUIDESERVICE
getUserRewards ---> TOURGUIDESERVICE
getUserRewards ---> TOURGUIDESERVICE
getUserRewards ---> TOURGUIDESERVICE
getUserRewards ---> TOURGUIDESERVICE
getUserRewards ---> TOURGUIDESERVICE
getUserRewards ---> TOURGUIDESERVICE
getUserRewards ---> TOURGUIDESERVICE
getUserRewards ---> TOURGUIDESERVICE
getUserRewards ---> TOURGUIDESERVICE
getUserRewards ---> TOURGUIDESERVICE
getUserRewards ---> TOURGUIDESERVICE
getUserRewards ---> TOURGUIDESERVICE
getUserRewards ---> TOURGUIDESERVICE
getUserRewards ---> TOURGUIDESERVICE
getUserRewards ---> TOURGUIDESERVICE
getUserRewards ---> TOURGUIDESERVICE
getUserRewards ---> TOURGUIDESERVICE
getUserRewards ---> TOURGUIDESERVICE
getUserRewards ---> TOURGUIDESERVICE
getUserRewards ---> TOURGUIDESERVICE
getUserRewards ---> TOURGUIDESERVICE
getUserRewards ---> TOURGUIDESERVICE
getUserRewards ---> TOURGUIDESERVICE
getUserRewards ---> TOURGUIDESERVICE
getUserRewards ---> TOURGUIDESERVICE
getUserRewards ---> TOURGUIDESERVICE
getUserRewards ---> TOURGUIDESERVICE
getUserRewards ---> TOURGUIDESERVICE
getUserRewards ---> TOURGUIDESERVICE
getUserRewards ---> TOURGUIDESERVICE
getUserRewards ---> TOURGUIDESERVICE
getUserRewards ---> TOURGUIDESERVICE
getUserRewards ---> TOURGUIDESERVICE
getUserRewards ---> TOURGUIDESERVICE
getUserRewards ---> TOURGUIDESERVICE
getUserRewards ---> TOURGUIDESERVICE
getUserRewards ---> TOURGUIDESERVICE
getUserRewards ---> TOURGUIDESERVICE
getUserRewards ---> TOURGUIDESERVICE
getUserRewards ---> TOURGUIDESERVICE
getUserRewards ---> TOURGUIDESERVICE
getUserRewards ---> TOURGUIDESERVICE
getUserRewards ---> TOURGUIDESERVICE
getUserRewards ---> TOURGUIDESERVICE
getUserRewards ---> TOURGUIDESERVICE
getUserRewards ---> TOURGUIDESERVICE
getUserRewards ---> TOURGUIDESERVICE
getUserRewards ---> TOURGUIDESERVICE
getUserRewards ---> TOURGUIDESERVICE
getUserRewards ---> TOURGUIDESERVICE
getUserRewards ---> TOURGUIDESERVICE
getUserRewards ---> TOURGUIDESERVICE
getUserRewards ---> TOURGUIDESERVICE
getUserRewards ---> TOURGUIDESERVICE
getUserRewards ---> TOURGUIDESERVICE
getUserRewards ---> TOURGUIDESERVICE
getUserRewards ---> TOURGUIDESERVICE
getUserRewards ---> TOURGUIDESERVICE
getUserRewards ---> TOURGUIDESERVICE
getUserRewards ---> TOURGUIDESERVICE
getUserRewards ---> TOURGUIDESERVICE
getUserRewards ---> TOURGUIDESERVICE
getUserRewards ---> TOURGUIDESERVICE
getUserRewards ---> TOURGUIDESERVICE
getUserRewards ---> TOURGUIDESERVICE
getUserRewards ---> TOURGUIDESERVICE
getUserRewards ---> TOURGUIDESERVICE
getUserRewards ---> TOURGUIDESERVICE
getUserRewards ---> TOURGUIDESERVICE
getUserRewards ---> TOURGUIDESERVICE
getUserRewards ---> TOURGUIDESERVICE
getUserRewards ---> TOURGUIDESERVICE
getUserRewards ---> TOURGUIDESERVICE
getUserRewards ---> TOURGUIDESERVICE
getUserRewards ---> TOURGUIDESERVICE
getUserRewards ---> TOURGUIDESERVICE
getUserRewards ---> TOURGUIDESERVICE
getUserRewards ---> TOURGUIDESERVICE
getUserRewards ---> TOURGUIDESERVICE
getUserRewards ---> TOURGUIDESERVICE
getUserRewards ---> TOURGUIDESERVICE
getUserRewards ---> TOURGUIDESERVICE
getUserRewards ---> TOURGUIDESERVICE
getUserRewards ---> TOURGUIDESERVICE
getUserRewards ---> TOURGUIDESERVICE
getUserRewards ---> TOURGUIDESERVICE
getUserRewards ---> TOURGUIDESERVICE
getUserRewards ---> TOURGUIDESERVICE
getUserRewards ---> TOURGUIDESERVICE
getUserRewards ---> TOURGUIDESERVICE
getUserRewards ---> TOURGUIDESERVICE
getUserRewards ---> TOURGUIDESERVICE
getUserRewards ---> TOURGUIDESERVICE
getUserRewards ---> TOURGUIDESERVICE
getUserRewards ---> TOURGUIDESERVICE
getUserRewards ---> TOURGUIDESERVICE
getUserRewards ---> TOURGUIDESERVICE
getUserRewards ---> TOURGUIDESERVICE
getUserRewards ---> TOURGUIDESERVICE
getUserRewards ---> TOURGUIDESERVICE
getUserRewards ---> TOURGUIDESERVICE
getUserRewards ---> TOURGUIDESERVICE
getUserRewards ---> TOURGUIDESERVICE
getUserRewards ---> TOURGUIDESERVICE
getUserRewards ---> TOURGUIDESERVICE
getUserRewards ---> TOURGUIDESERVICE
getUserRewards ---> TOURGUIDESERVICE
getUserRewards ---> TOURGUIDESERVICE
getUserRewards ---> TOURGUIDESERVICE
getUserRewards ---> TOURGUIDESERVICE
getUserRewards ---> TOURGUIDESERVICE
getUserRewards ---> TOURGUIDESERVICE
getUserRewards ---> TOURGUIDESERVICE
getUserRewards ---> TOURGUIDESERVICE
getUserRewards ---> TOURGUIDESERVICE
getUserRewards ---> TOURGUIDESERVICE
getUserRewards ---> TOURGUIDESERVICE
getUserRewards ---> TOURGUIDESERVICE
getUserRewards ---> TOURGUIDESERVICE
getUserRewards ---> TOURGUIDESERVICE
getUserRewards ---> TOURGUIDESERVICE
getUserRewards ---> TOURGUIDESERVICE
getUserRewards ---> TOURGUIDESERVICE
getUserRewards ---> TOURGUIDESERVICE
getUserRewards ---> TOURGUIDESERVICE
getUserRewards ---> TOURGUIDESERVICE
getUserRewards ---> TOURGUIDESERVICE
getUserRewards ---> TOURGUIDESERVICE
getUserRewards ---> TOURGUIDESERVICE
getUserRewards ---> TOURGUIDESERVICE
getUserRewards ---> TOURGUIDESERVICE
getUserRewards ---> TOURGUIDESERVICE
getUserRewards ---> TOURGUIDESERVICE
getUserRewards ---> TOURGUIDESERVICE
getUserRewards ---> TOURGUIDESERVICE
getUserRewards ---> TOURGUIDESERVICE
getUserRewards ---> TOURGUIDESERVICE
getUserRewards ---> TOURGUIDESERVICE
getUserRewards ---> TOURGUIDESERVICE
getUserRewards ---> TOURGUIDESERVICE
getUserRewards ---> TOURGUIDESERVICE
getUserRewards ---> TOURGUIDESERVICE
getUserRewards ---> TOURGUIDESERVICE
getUserRewards ---> TOURGUIDESERVICE
getUserRewards ---> TOURGUIDESERVICE
getUserRewards ---> TOURGUIDESERVICE
getUserRewards ---> TOURGUIDESERVICE
getUserRewards ---> TOURGUIDESERVICE
getUserRewards ---> TOURGUIDESERVICE
getUserRewards ---> TOURGUIDESERVICE
getUserRewards ---> TOURGUIDESERVICE
getUserRewards ---> TOURGUIDESERVICE
getUserRewards ---> TOURGUIDESERVICE
getUserRewards ---> TOURGUIDESERVICE
getUserRewards ---> TOURGUIDESERVICE
getUserRewards ---> TOURGUIDESERVICE
getUserRewards ---> TOURGUIDESERVICE
getUserRewards ---> TOURGUIDESERVICE
getUserRewards ---> TOURGUIDESERVICE
getUserRewards ---> TOURGUIDESERVICE
getUserRewards ---> TOURGUIDESERVICE
getUserRewards ---> TOURGUIDESERVICE
getUserRewards ---> TOURGUIDESERVICE
getUserRewards ---> TOURGUIDESERVICE
getUserRewards ---> TOURGUIDESERVICE
getUserRewards ---> TOURGUIDESERVICE
getUserRewards ---> TOURGUIDESERVICE
getUserRewards ---> TOURGUIDESERVICE
getUserRewards ---> TOURGUIDESERVICE
getUserRewards ---> TOURGUIDESERVICE
getUserRewards ---> TOURGUIDESERVICE
getUserRewards ---> TOURGUIDESERVICE
getUserRewards ---> TOURGUIDESERVICE
getUserRewards ---> TOURGUIDESERVICE
getUserRewards ---> TOURGUIDESERVICE
getUserRewards ---> TOURGUIDESERVICE
getUserRewards ---> TOURGUIDESERVICE
getUserRewards ---> TOURGUIDESERVICE
getUserRewards ---> TOURGUIDESERVICE
getUserRewards ---> TOURGUIDESERVICE
getUserRewards ---> TOURGUIDESERVICE
getUserRewards ---> TOURGUIDESERVICE
getUserRewards ---> TOURGUIDESERVICE
getUserRewards ---> TOURGUIDESERVICE
getUserRewards ---> TOURGUIDESERVICE
getUserRewards ---> TOURGUIDESERVICE
getUserRewards ---> TOURGUIDESERVICE
getUserRewards ---> TOURGUIDESERVICE
getUserRewards ---> TOURGUIDESERVICE
getUserRewards ---> TOURGUIDESERVICE
getUserRewards ---> TOURGUIDESERVICE
getUserRewards ---> TOURGUIDESERVICE
getUserRewards ---> TOURGUIDESERVICE
getUserRewards ---> TOURGUIDESERVICE
getUserRewards ---> TOURGUIDESERVICE
getUserRewards ---> TOURGUIDESERVICE
getUserRewards ---> TOURGUIDESERVICE
getUserRewards ---> TOURGUIDESERVICE
getUserRewards ---> TOURGUIDESERVICE
getUserRewards ---> TOURGUIDESERVICE
getUserRewards ---> TOURGUIDESERVICE
getUserRewards ---> TOURGUIDESERVICE
getUserRewards ---> TOURGUIDESERVICE
getUserRewards ---> TOURGUIDESERVICE
getUserRewards ---> TOURGUIDESERVICE
getUserRewards ---> TOURGUIDESERVICE
getUserRewards ---> TOURGUIDESERVICE
getUserRewards ---> TOURGUIDESERVICE
getUserRewards ---> TOURGUIDESERVICE
getUserRewards ---> TOURGUIDESERVICE
getUserRewards ---> TOURGUIDESERVICE
getUserRewards ---> TOURGUIDESERVICE
getUserRewards ---> TOURGUIDESERVICE
getUserRewards ---> TOURGUIDESERVICE
getUserRewards ---> TOURGUIDESERVICE
getUserRewards ---> TOURGUIDESERVICE
getUserRewards ---> TOURGUIDESERVICE
getUserRewards ---> TOURGUIDESERVICE
getUserRewards ---> TOURGUIDESERVICE
getUserRewards ---> TOURGUIDESERVICE
getUserRewards ---> TOURGUIDESERVICE
getUserRewards ---> TOURGUIDESERVICE
getUserRewards ---> TOURGUIDESERVICE
getUserRewards ---> TOURGUIDESERVICE
getUserRewards ---> TOURGUIDESERVICE
getUserRewards ---> TOURGUIDESERVICE
getUserRewards ---> TOURGUIDESERVICE
getUserRewards ---> TOURGUIDESERVICE
getUserRewards ---> TOURGUIDESERVICE
getUserRewards ---> TOURGUIDESERVICE
getUserRewards ---> TOURGUIDESERVICE
getUserRewards ---> TOURGUIDESERVICE
getUserRewards ---> TOURGUIDESERVICE
getUserRewards ---> TOURGUIDESERVICE
getUserRewards ---> TOURGUIDESERVICE
getUserRewards ---> TOURGUIDESERVICE
getUserRewards ---> TOURGUIDESERVICE
getUserRewards ---> TOURGUIDESERVICE
getUserRewards ---> TOURGUIDESERVICE
getUserRewards ---> TOURGUIDESERVICE
getUserRewards ---> TOURGUIDESERVICE
getUserRewards ---> TOURGUIDESERVICE
getUserRewards ---> TOURGUIDESERVICE
getUserRewards ---> TOURGUIDESERVICE
getUserRewards ---> TOURGUIDESERVICE
getUserRewards ---> TOURGUIDESERVICE
getUserRewards ---> TOURGUIDESERVICE
getUserRewards ---> TOURGUIDESERVICE
getUserRewards ---> TOURGUIDESERVICE
getUserRewards ---> TOURGUIDESERVICE
getUserRewards ---> TOURGUIDESERVICE
getUserRewards ---> TOURGUIDESERVICE
getUserRewards ---> TOURGUIDESERVICE
getUserRewards ---> TOURGUIDESERVICE
getUserRewards ---> TOURGUIDESERVICE
getUserRewards ---> TOURGUIDESERVICE
getUserRewards ---> TOURGUIDESERVICE
getUserRewards ---> TOURGUIDESERVICE
getUserRewards ---> TOURGUIDESERVICE
getUserRewards ---> TOURGUIDESERVICE
getUserRewards ---> TOURGUIDESERVICE
getUserRewards ---> TOURGUIDESERVICE
getUserRewards ---> TOURGUIDESERVICE
getUserRewards ---> TOURGUIDESERVICE
getUserRewards ---> TOURGUIDESERVICE
getUserRewards ---> TOURGUIDESERVICE
getUserRewards ---> TOURGUIDESERVICE
getUserRewards ---> TOURGUIDESERVICE
getUserRewards ---> TOURGUIDESERVICE
getUserRewards ---> TOURGUIDESERVICE
getUserRewards ---> TOURGUIDESERVICE
getUserRewards ---> TOURGUIDESERVICE
getUserRewards ---> TOURGUIDESERVICE
getUserRewards ---> TOURGUIDESERVICE
getUserRewards ---> TOURGUIDESERVICE
getUserRewards ---> TOURGUIDESERVICE
getUserRewards ---> TOURGUIDESERVICE
getUserRewards ---> TOURGUIDESERVICE
getUserRewards ---> TOURGUIDESERVICE
getUserRewards ---> TOURGUIDESERVICE
getUserRewards ---> TOURGUIDESERVICE
getUserRewards ---> TOURGUIDESERVICE
getUserRewards ---> TOURGUIDESERVICE
getUserRewards ---> TOURGUIDESERVICE
getUserRewards ---> TOURGUIDESERVICE
getUserRewards ---> TOURGUIDESERVICE
getUserRewards ---> TOURGUIDESERVICE
getUserRewards ---> TOURGUIDESERVICE
getUserRewards ---> TOURGUIDESERVICE
getUserRewards ---> TOURGUIDESERVICE
getUserRewards ---> TOURGUIDESERVICE
getUserRewards ---> TOURGUIDESERVICE
getUserRewards ---> TOURGUIDESERVICE
getUserRewards ---> TOURGUIDESERVICE
getUserRewards ---> TOURGUIDESERVICE
getUserRewards ---> TOURGUIDESERVICE
getUserRewards ---> TOURGUIDESERVICE
getUserRewards ---> TOURGUIDESERVICE
getUserRewards ---> TOURGUIDESERVICE
getUserRewards ---> TOURGUIDESERVICE
getUserRewards ---> TOURGUIDESERVICE
getUserRewards ---> TOURGUIDESERVICE
getUserRewards ---> TOURGUIDESERVICE
getUserRewards ---> TOURGUIDESERVICE
getUserRewards ---> TOURGUIDESERVICE
getUserRewards ---> TOURGUIDESERVICE
getUserRewards ---> TOURGUIDESERVICE
getUserRewards ---> TOURGUIDESERVICE
getUserRewards ---> TOURGUIDESERVICE
getUserRewards ---> TOURGUIDESERVICE
getUserRewards ---> TOURGUIDESERVICE
getUserRewards ---> TOURGUIDESERVICE
getUserRewards ---> TOURGUIDESERVICE
getUserRewards ---> TOURGUIDESERVICE
getUserRewards ---> TOURGUIDESERVICE
getUserRewards ---> TOURGUIDESERVICE
getUserRewards ---> TOURGUIDESERVICE
getUserRewards ---> TOURGUIDESERVICE
getUserRewards ---> TOURGUIDESERVICE
getUserRewards ---> TOURGUIDESERVICE
getUserRewards ---> TOURGUIDESERVICE
getUserRewards ---> TOURGUIDESERVICE
getUserRewards ---> TOURGUIDESERVICE
getUserRewards ---> TOURGUIDESERVICE
getUserRewards ---> TOURGUIDESERVICE
getUserRewards ---> TOURGUIDESERVICE
getUserRewards ---> TOURGUIDESERVICE
getUserRewards ---> TOURGUIDESERVICE
getUserRewards ---> TOURGUIDESERVICE
getUserRewards ---> TOURGUIDESERVICE
getUserRewards ---> TOURGUIDESERVICE
getUserRewards ---> TOURGUIDESERVICE
getUserRewards ---> TOURGUIDESERVICE
getUserRewards ---> TOURGUIDESERVICE
getUserRewards ---> TOURGUIDESERVICE
getUserRewards ---> TOURGUIDESERVICE
getUserRewards ---> TOURGUIDESERVICE
getUserRewards ---> TOURGUIDESERVICE
getUserRewards ---> TOURGUIDESERVICE
getUserRewards ---> TOURGUIDESERVICE
getUserRewards ---> TOURGUIDESERVICE
getUserRewards ---> TOURGUIDESERVICE
getUserRewards ---> TOURGUIDESERVICE
getUserRewards ---> TOURGUIDESERVICE
getUserRewards ---> TOURGUIDESERVICE
getUserRewards ---> TOURGUIDESERVICE
getUserRewards ---> TOURGUIDESERVICE
getUserRewards ---> TOURGUIDESERVICE
getUserRewards ---> TOURGUIDESERVICE
getUserRewards ---> TOURGUIDESERVICE
getUserRewards ---> TOURGUIDESERVICE
getUserRewards ---> TOURGUIDESERVICE
getUserRewards ---> TOURGUIDESERVICE
getUserRewards ---> TOURGUIDESERVICE
getUserRewards ---> TOURGUIDESERVICE
getUserRewards ---> TOURGUIDESERVICE
getUserRewards ---> TOURGUIDESERVICE
getUserRewards ---> TOURGUIDESERVICE
getUserRewards ---> TOURGUIDESERVICE
getUserRewards ---> TOURGUIDESERVICE
getUserRewards ---> TOURGUIDESERVICE
getUserRewards ---> TOURGUIDESERVICE
getUserRewards ---> TOURGUIDESERVICE
getUserRewards ---> TOURGUIDESERVICE
getUserRewards ---> TOURGUIDESERVICE
getUserRewards ---> TOURGUIDESERVICE
getUserRewards ---> TOURGUIDESERVICE
getUserRewards ---> TOURGUIDESERVICE
getUserRewards ---> TOURGUIDESERVICE
getUserRewards ---> TOURGUIDESERVICE
getUserRewards ---> TOURGUIDESERVICE
getUserRewards ---> TOURGUIDESERVICE
getUserRewards ---> TOURGUIDESERVICE
getUserRewards ---> TOURGUIDESERVICE
getUserRewards ---> TOURGUIDESERVICE
getUserRewards ---> TOURGUIDESERVICE
getUserRewards ---> TOURGUIDESERVICE
getUserRewards ---> TOURGUIDESERVICE
getUserRewards ---> TOURGUIDESERVICE
getUserRewards ---> TOURGUIDESERVICE
getUserRewards ---> TOURGUIDESERVICE
getUserRewards ---> TOURGUIDESERVICE
getUserRewards ---> TOURGUIDESERVICE
getUserRewards ---> TOURGUIDESERVICE
getUserRewards ---> TOURGUIDESERVICE
getUserRewards ---> TOURGUIDESERVICE
getUserRewards ---> TOURGUIDESERVICE
getUserRewards ---> TOURGUIDESERVICE
getUserRewards ---> TOURGUIDESERVICE
getUserRewards ---> TOURGUIDESERVICE
getUserRewards ---> TOURGUIDESERVICE
getUserRewards ---> TOURGUIDESERVICE
getUserRewards ---> TOURGUIDESERVICE
getUserRewards ---> TOURGUIDESERVICE
getUserRewards ---> TOURGUIDESERVICE
getUserRewards ---> TOURGUIDESERVICE
getUserRewards ---> TOURGUIDESERVICE
getUserRewards ---> TOURGUIDESERVICE
getUserRewards ---> TOURGUIDESERVICE
getUserRewards ---> TOURGUIDESERVICE
getUserRewards ---> TOURGUIDESERVICE
getUserRewards ---> TOURGUIDESERVICE
getUserRewards ---> TOURGUIDESERVICE
getUserRewards ---> TOURGUIDESERVICE
getUserRewards ---> TOURGUIDESERVICE
getUserRewards ---> TOURGUIDESERVICE
getUserRewards ---> TOURGUIDESERVICE
getUserRewards ---> TOURGUIDESERVICE
getUserRewards ---> TOURGUIDESERVICE
getUserRewards ---> TOURGUIDESERVICE
getUserRewards ---> TOURGUIDESERVICE
getUserRewards ---> TOURGUIDESERVICE
getUserRewards ---> TOURGUIDESERVICE
getUserRewards ---> TOURGUIDESERVICE
getUserRewards ---> TOURGUIDESERVICE
getUserRewards ---> TOURGUIDESERVICE
getUserRewards ---> TOURGUIDESERVICE
getUserRewards ---> TOURGUIDESERVICE
getUserRewards ---> TOURGUIDESERVICE
getUserRewards ---> TOURGUIDESERVICE
getUserRewards ---> TOURGUIDESERVICE
getUserRewards ---> TOURGUIDESERVICE
getUserRewards ---> TOURGUIDESERVICE
getUserRewards ---> TOURGUIDESERVICE
getUserRewards ---> TOURGUIDESERVICE
getUserRewards ---> TOURGUIDESERVICE
getUserRewards ---> TOURGUIDESERVICE
getUserRewards ---> TOURGUIDESERVICE
getUserRewards ---> TOURGUIDESERVICE
getUserRewards ---> TOURGUIDESERVICE
getUserRewards ---> TOURGUIDESERVICE
getUserRewards ---> TOURGUIDESERVICE
getUserRewards ---> TOURGUIDESERVICE
getUserRewards ---> TOURGUIDESERVICE
getUserRewards ---> TOURGUIDESERVICE
getUserRewards ---> TOURGUIDESERVICE
getUserRewards ---> TOURGUIDESERVICE
getUserRewards ---> TOURGUIDESERVICE
getUserRewards ---> TOURGUIDESERVICE
getUserRewards ---> TOURGUIDESERVICE
getUserRewards ---> TOURGUIDESERVICE
getUserRewards ---> TOURGUIDESERVICE
getUserRewards ---> TOURGUIDESERVICE
getUserRewards ---> TOURGUIDESERVICE
getUserRewards ---> TOURGUIDESERVICE
getUserRewards ---> TOURGUIDESERVICE
getUserRewards ---> TOURGUIDESERVICE
getUserRewards ---> TOURGUIDESERVICE
getUserRewards ---> TOURGUIDESERVICE
getUserRewards ---> TOURGUIDESERVICE
getUserRewards ---> TOURGUIDESERVICE
getUserRewards ---> TOURGUIDESERVICE
getUserRewards ---> TOURGUIDESERVICE
getUserRewards ---> TOURGUIDESERVICE
getUserRewards ---> TOURGUIDESERVICE
getUserRewards ---> TOURGUIDESERVICE
getUserRewards ---> TOURGUIDESERVICE
getUserRewards ---> TOURGUIDESERVICE
getUserRewards ---> TOURGUIDESERVICE
getUserRewards ---> TOURGUIDESERVICE
getUserRewards ---> TOURGUIDESERVICE
getUserRewards ---> TOURGUIDESERVICE
getUserRewards ---> TOURGUIDESERVICE
getUserRewards ---> TOURGUIDESERVICE
getUserRewards ---> TOURGUIDESERVICE
getUserRewards ---> TOURGUIDESERVICE
getUserRewards ---> TOURGUIDESERVICE
getUserRewards ---> TOURGUIDESERVICE
getUserRewards ---> TOURGUIDESERVICE
getUserRewards ---> TOURGUIDESERVICE
getUserRewards ---> TOURGUIDESERVICE
getUserRewards ---> TOURGUIDESERVICE
getUserRewards ---> TOURGUIDESERVICE
getUserRewards ---> TOURGUIDESERVICE
getUserRewards ---> TOURGUIDESERVICE
getUserRewards ---> TOURGUIDESERVICE
getUserRewards ---> TOURGUIDESERVICE
getUserRewards ---> TOURGUIDESERVICE
getUserRewards ---> TOURGUIDESERVICE
getUserRewards ---> TOURGUIDESERVICE
getUserRewards ---> TOURGUIDESERVICE
getUserRewards ---> TOURGUIDESERVICE
getUserRewards ---> TOURGUIDESERVICE
getUserRewards ---> TOURGUIDESERVICE
getUserRewards ---> TOURGUIDESERVICE
getUserRewards ---> TOURGUIDESERVICE
getUserRewards ---> TOURGUIDESERVICE
getUserRewards ---> TOURGUIDESERVICE
getUserRewards ---> TOURGUIDESERVICE
getUserRewards ---> TOURGUIDESERVICE
getUserRewards ---> TOURGUIDESERVICE
getUserRewards ---> TOURGUIDESERVICE
getUserRewards ---> TOURGUIDESERVICE
getUserRewards ---> TOURGUIDESERVICE
getUserRewards ---> TOURGUIDESERVICE
getUserRewards ---> TOURGUIDESERVICE
getUserRewards ---> TOURGUIDESERVICE
getUserRewards ---> TOURGUIDESERVICE
getUserRewards ---> TOURGUIDESERVICE
getUserRewards ---> TOURGUIDESERVICE
getUserRewards ---> TOURGUIDESERVICE
getUserRewards ---> TOURGUIDESERVICE
getUserRewards ---> TOURGUIDESERVICE
getUserRewards ---> TOURGUIDESERVICE
getUserRewards ---> TOURGUIDESERVICE
getUserRewards ---> TOURGUIDESERVICE
getUserRewards ---> TOURGUIDESERVICE
getUserRewards ---> TOURGUIDESERVICE
getUserRewards ---> TOURGUIDESERVICE
getUserRewards ---> TOURGUIDESERVICE
getUserRewards ---> TOURGUIDESERVICE
getUserRewards ---> TOURGUIDESERVICE
getUserRewards ---> TOURGUIDESERVICE
getUserRewards ---> TOURGUIDESERVICE
getUserRewards ---> TOURGUIDESERVICE
getUserRewards ---> TOURGUIDESERVICE
getUserRewards ---> TOURGUIDESERVICE
getUserRewards ---> TOURGUIDESERVICE
getUserRewards ---> TOURGUIDESERVICE
getUserRewards ---> TOURGUIDESERVICE
getUserRewards ---> TOURGUIDESERVICE
getUserRewards ---> TOURGUIDESERVICE
getUserRewards ---> TOURGUIDESERVICE
getUserRewards ---> TOURGUIDESERVICE
getUserRewards ---> TOURGUIDESERVICE
getUserRewards ---> TOURGUIDESERVICE
getUserRewards ---> TOURGUIDESERVICE
getUserRewards ---> TOURGUIDESERVICE
getUserRewards ---> TOURGUIDESERVICE
getUserRewards ---> TOURGUIDESERVICE
getUserRewards ---> TOURGUIDESERVICE
getUserRewards ---> TOURGUIDESERVICE
getUserRewards ---> TOURGUIDESERVICE
getUserRewards ---> TOURGUIDESERVICE
getUserRewards ---> TOURGUIDESERVICE
getUserRewards ---> TOURGUIDESERVICE
getUserRewards ---> TOURGUIDESERVICE
getUserRewards ---> TOURGUIDESERVICE
getUserRewards ---> TOURGUIDESERVICE
getUserRewards ---> TOURGUIDESERVICE
getUserRewards ---> TOURGUIDESERVICE
getUserRewards ---> TOURGUIDESERVICE
getUserRewards ---> TOURGUIDESERVICE
getUserRewards ---> TOURGUIDESERVICE
getUserRewards ---> TOURGUIDESERVICE
getUserRewards ---> TOURGUIDESERVICE
getUserRewards ---> TOURGUIDESERVICE
getUserRewards ---> TOURGUIDESERVICE
getUserRewards ---> TOURGUIDESERVICE
getUserRewards ---> TOURGUIDESERVICE
getUserRewards ---> TOURGUIDESERVICE
getUserRewards ---> TOURGUIDESERVICE
getUserRewards ---> TOURGUIDESERVICE
getUserRewards ---> TOURGUIDESERVICE
getUserRewards ---> TOURGUIDESERVICE
getUserRewards ---> TOURGUIDESERVICE
getUserRewards ---> TOURGUIDESERVICE
getUserRewards ---> TOURGUIDESERVICE
getUserRewards ---> TOURGUIDESERVICE
getUserRewards ---> TOURGUIDESERVICE
getUserRewards ---> TOURGUIDESERVICE
getUserRewards ---> TOURGUIDESERVICE
getUserRewards ---> TOURGUIDESERVICE
getUserRewards ---> TOURGUIDESERVICE
getUserRewards ---> TOURGUIDESERVICE
getUserRewards ---> TOURGUIDESERVICE
getUserRewards ---> TOURGUIDESERVICE
getUserRewards ---> TOURGUIDESERVICE
getUserRewards ---> TOURGUIDESERVICE
getUserRewards ---> TOURGUIDESERVICE
getUserRewards ---> TOURGUIDESERVICE
getUserRewards ---> TOURGUIDESERVICE
getUserRewards ---> TOURGUIDESERVICE
getUserRewards ---> TOURGUIDESERVICE
getUserRewards ---> TOURGUIDESERVICE
getUserRewards ---> TOURGUIDESERVICE
getUserRewards ---> TOURGUIDESERVICE
getUserRewards ---> TOURGUIDESERVICE
getUserRewards ---> TOURGUIDESERVICE
getUserRewards ---> TOURGUIDESERVICE
getUserRewards ---> TOURGUIDESERVICE
getUserRewards ---> TOURGUIDESERVICE
getUserRewards ---> TOURGUIDESERVICE
getUserRewards ---> TOURGUIDESERVICE
getUserRewards ---> TOURGUIDESERVICE
getUserRewards ---> TOURGUIDESERVICE
getUserRewards ---> TOURGUIDESERVICE
getUserRewards ---> TOURGUIDESERVICE
getUserRewards ---> TOURGUIDESERVICE
getUserRewards ---> TOURGUIDESERVICE
getUserRewards ---> TOURGUIDESERVICE
getUserRewards ---> TOURGUIDESERVICE
getUserRewards ---> TOURGUIDESERVICE
getUserRewards ---> TOURGUIDESERVICE
getUserRewards ---> TOURGUIDESERVICE
getUserRewards ---> TOURGUIDESERVICE
getUserRewards ---> TOURGUIDESERVICE
getUserRewards ---> TOURGUIDESERVICE
getUserRewards ---> TOURGUIDESERVICE
getUserRewards ---> TOURGUIDESERVICE
getUserRewards ---> TOURGUIDESERVICE
getUserRewards ---> TOURGUIDESERVICE
getUserRewards ---> TOURGUIDESERVICE
getUserRewards ---> TOURGUIDESERVICE
getUserRewards ---> TOURGUIDESERVICE
getUserRewards ---> TOURGUIDESERVICE
getUserRewards ---> TOURGUIDESERVICE
getUserRewards ---> TOURGUIDESERVICE
getUserRewards ---> TOURGUIDESERVICE
getUserRewards ---> TOURGUIDESERVICE
getUserRewards ---> TOURGUIDESERVICE
getUserRewards ---> TOURGUIDESERVICE
getUserRewards ---> TOURGUIDESERVICE
getUserRewards ---> TOURGUIDESERVICE
getUserRewards ---> TOURGUIDESERVICE
getUserRewards ---> TOURGUIDESERVICE
getUserRewards ---> TOURGUIDESERVICE
getUserRewards ---> TOURGUIDESERVICE
getUserRewards ---> TOURGUIDESERVICE
getUserRewards ---> TOURGUIDESERVICE
getUserRewards ---> TOURGUIDESERVICE
getUserRewards ---> TOURGUIDESERVICE
getUserRewards ---> TOURGUIDESERVICE
getUserRewards ---> TOURGUIDESERVICE
getUserRewards ---> TOURGUIDESERVICE
getUserRewards ---> TOURGUIDESERVICE
getUserRewards ---> TOURGUIDESERVICE
getUserRewards ---> TOURGUIDESERVICE
getUserRewards ---> TOURGUIDESERVICE
getUserRewards ---> TOURGUIDESERVICE
getUserRewards ---> TOURGUIDESERVICE
getUserRewards ---> TOURGUIDESERVICE
getUserRewards ---> TOURGUIDESERVICE
getUserRewards ---> TOURGUIDESERVICE
getUserRewards ---> TOURGUIDESERVICE
getUserRewards ---> TOURGUIDESERVICE
getUserRewards ---> TOURGUIDESERVICE
getUserRewards ---> TOURGUIDESERVICE
getUserRewards ---> TOURGUIDESERVICE
getUserRewards ---> TOURGUIDESERVICE
getUserRewards ---> TOURGUIDESERVICE
getUserRewards ---> TOURGUIDESERVICE
getUserRewards ---> TOURGUIDESERVICE
getUserRewards ---> TOURGUIDESERVICE
getUserRewards ---> TOURGUIDESERVICE
getUserRewards ---> TOURGUIDESERVICE
getUserRewards ---> TOURGUIDESERVICE
getUserRewards ---> TOURGUIDESERVICE
getUserRewards ---> TOURGUIDESERVICE
getUserRewards ---> TOURGUIDESERVICE
getUserRewards ---> TOURGUIDESERVICE
getUserRewards ---> TOURGUIDESERVICE
getUserRewards ---> TOURGUIDESERVICE
getUserRewards ---> TOURGUIDESERVICE
getUserRewards ---> TOURGUIDESERVICE
getUserRewards ---> TOURGUIDESERVICE
getUserRewards ---> TOURGUIDESERVICE
getUserRewards ---> TOURGUIDESERVICE
getUserRewards ---> TOURGUIDESERVICE
getUserRewards ---> TOURGUIDESERVICE
getUserRewards ---> TOURGUIDESERVICE
getUserRewards ---> TOURGUIDESERVICE
getUserRewards ---> TOURGUIDESERVICE
getUserRewards ---> TOURGUIDESERVICE
getUserRewards ---> TOURGUIDESERVICE
getUserRewards ---> TOURGUIDESERVICE
getUserRewards ---> TOURGUIDESERVICE
getUserRewards ---> TOURGUIDESERVICE
getUserRewards ---> TOURGUIDESERVICE
getUserRewards ---> TOURGUIDESERVICE
getUserRewards ---> TOURGUIDESERVICE
getUserRewards ---> TOURGUIDESERVICE
getUserRewards ---> TOURGUIDESERVICE
getUserRewards ---> TOURGUIDESERVICE
getUserRewards ---> TOURGUIDESERVICE
getUserRewards ---> TOURGUIDESERVICE
getUserRewards ---> TOURGUIDESERVICE
getUserRewards ---> TOURGUIDESERVICE
getUserRewards ---> TOURGUIDESERVICE
getUserRewards ---> TOURGUIDESERVICE
getUserRewards ---> TOURGUIDESERVICE
getUserRewards ---> TOURGUIDESERVICE
getUserRewards ---> TOURGUIDESERVICE
getUserRewards ---> TOURGUIDESERVICE
getUserRewards ---> TOURGUIDESERVICE
getUserRewards ---> TOURGUIDESERVICE
getUserRewards ---> TOURGUIDESERVICE
getUserRewards ---> TOURGUIDESERVICE
getUserRewards ---> TOURGUIDESERVICE
getUserRewards ---> TOURGUIDESERVICE
getUserRewards ---> TOURGUIDESERVICE
getUserRewards ---> TOURGUIDESERVICE
getUserRewards ---> TOURGUIDESERVICE
getUserRewards ---> TOURGUIDESERVICE
getUserRewards ---> TOURGUIDESERVICE
getUserRewards ---> TOURGUIDESERVICE
getUserRewards ---> TOURGUIDESERVICE
getUserRewards ---> TOURGUIDESERVICE
getUserRewards ---> TOURGUIDESERVICE
getUserRewards ---> TOURGUIDESERVICE
getUserRewards ---> TOURGUIDESERVICE
getUserRewards ---> TOURGUIDESERVICE
getUserRewards ---> TOURGUIDESERVICE
getUserRewards ---> TOURGUIDESERVICE
getUserRewards ---> TOURGUIDESERVICE
getUserRewards ---> TOURGUIDESERVICE
getUserRewards ---> TOURGUIDESERVICE
getUserRewards ---> TOURGUIDESERVICE
getUserRewards ---> TOURGUIDESERVICE
getUserRewards ---> TOURGUIDESERVICE
getUserRewards ---> TOURGUIDESERVICE
getUserRewards ---> TOURGUIDESERVICE
getUserRewards ---> TOURGUIDESERVICE
getUserRewards ---> TOURGUIDESERVICE
getUserRewards ---> TOURGUIDESERVICE
getUserRewards ---> TOURGUIDESERVICE
getUserRewards ---> TOURGUIDESERVICE
getUserRewards ---> TOURGUIDESERVICE
getUserRewards ---> TOURGUIDESERVICE
getUserRewards ---> TOURGUIDESERVICE
getUserRewards ---> TOURGUIDESERVICE
getUserRewards ---> TOURGUIDESERVICE
getUserRewards ---> TOURGUIDESERVICE
getUserRewards ---> TOURGUIDESERVICE
getUserRewards ---> TOURGUIDESERVICE
getUserRewards ---> TOURGUIDESERVICE
getUserRewards ---> TOURGUIDESERVICE
getUserRewards ---> TOURGUIDESERVICE
getUserRewards ---> TOURGUIDESERVICE
getUserRewards ---> TOURGUIDESERVICE
getUserRewards ---> TOURGUIDESERVICE
getUserRewards ---> TOURGUIDESERVICE
getUserRewards ---> TOURGUIDESERVICE
getUserRewards ---> TOURGUIDESERVICE
getUserRewards ---> TOURGUIDESERVICE
getUserRewards ---> TOURGUIDESERVICE
getUserRewards ---> TOURGUIDESERVICE
getUserRewards ---> TOURGUIDESERVICE
getUserRewards ---> TOURGUIDESERVICE
getUserRewards ---> TOURGUIDESERVICE
getUserRewards ---> TOURGUIDESERVICE
getUserRewards ---> TOURGUIDESERVICE
getUserRewards ---> TOURGUIDESERVICE
getUserRewards ---> TOURGUIDESERVICE
getUserRewards ---> TOURGUIDESERVICE
getUserRewards ---> TOURGUIDESERVICE
getUserRewards ---> TOURGUIDESERVICE
getUserRewards ---> TOURGUIDESERVICE
getUserRewards ---> TOURGUIDESERVICE
getUserRewards ---> TOURGUIDESERVICE
getUserRewards ---> TOURGUIDESERVICE
getUserRewards ---> TOURGUIDESERVICE
getUserRewards ---> TOURGUIDESERVICE
getUserRewards ---> TOURGUIDESERVICE
getUserRewards ---> TOURGUIDESERVICE
getUserRewards ---> TOURGUIDESERVICE
getUserRewards ---> TOURGUIDESERVICE
getUserRewards ---> TOURGUIDESERVICE
getUserRewards ---> TOURGUIDESERVICE
getUserRewards ---> TOURGUIDESERVICE
getUserRewards ---> TOURGUIDESERVICE
getUserRewards ---> TOURGUIDESERVICE
getUserRewards ---> TOURGUIDESERVICE
getUserRewards ---> TOURGUIDESERVICE
getUserRewards ---> TOURGUIDESERVICE
getUserRewards ---> TOURGUIDESERVICE
getUserRewards ---> TOURGUIDESERVICE
getUserRewards ---> TOURGUIDESERVICE
getUserRewards ---> TOURGUIDESERVICE
getUserRewards ---> TOURGUIDESERVICE
getUserRewards ---> TOURGUIDESERVICE
getUserRewards ---> TOURGUIDESERVICE
getUserRewards ---> TOURGUIDESERVICE
getUserRewards ---> TOURGUIDESERVICE
getUserRewards ---> TOURGUIDESERVICE
getUserRewards ---> TOURGUIDESERVICE
getUserRewards ---> TOURGUIDESERVICE
getUserRewards ---> TOURGUIDESERVICE
getUserRewards ---> TOURGUIDESERVICE
getUserRewards ---> TOURGUIDESERVICE
getUserRewards ---> TOURGUIDESERVICE
getUserRewards ---> TOURGUIDESERVICE
getUserRewards ---> TOURGUIDESERVICE
getUserRewards ---> TOURGUIDESERVICE
getUserRewards ---> TOURGUIDESERVICE
getUserRewards ---> TOURGUIDESERVICE
getUserRewards ---> TOURGUIDESERVICE
getUserRewards ---> TOURGUIDESERVICE
getUserRewards ---> TOURGUIDESERVICE
getUserRewards ---> TOURGUIDESERVICE
getUserRewards ---> TOURGUIDESERVICE
getUserRewards ---> TOURGUIDESERVICE
getUserRewards ---> TOURGUIDESERVICE
getUserRewards ---> TOURGUIDESERVICE
getUserRewards ---> TOURGUIDESERVICE
getUserRewards ---> TOURGUIDESERVICE
getUserRewards ---> TOURGUIDESERVICE
getUserRewards ---> TOURGUIDESERVICE
getUserRewards ---> TOURGUIDESERVICE
getUserRewards ---> TOURGUIDESERVICE
getUserRewards ---> TOURGUIDESERVICE
getUserRewards ---> TOURGUIDESERVICE
getUserRewards ---> TOURGUIDESERVICE
getUserRewards ---> TOURGUIDESERVICE
getUserRewards ---> TOURGUIDESERVICE
getUserRewards ---> TOURGUIDESERVICE
getUserRewards ---> TOURGUIDESERVICE
getUserRewards ---> TOURGUIDESERVICE
getUserRewards ---> TOURGUIDESERVICE
getUserRewards ---> TOURGUIDESERVICE
getUserRewards ---> TOURGUIDESERVICE
getUserRewards ---> TOURGUIDESERVICE
getUserRewards ---> TOURGUIDESERVICE
getUserRewards ---> TOURGUIDESERVICE
getUserRewards ---> TOURGUIDESERVICE
getUserRewards ---> TOURGUIDESERVICE
getUserRewards ---> TOURGUIDESERVICE
getUserRewards ---> TOURGUIDESERVICE
getUserRewards ---> TOURGUIDESERVICE
getUserRewards ---> TOURGUIDESERVICE
getUserRewards ---> TOURGUIDESERVICE
getUserRewards ---> TOURGUIDESERVICE
getUserRewards ---> TOURGUIDESERVICE
getUserRewards ---> TOURGUIDESERVICE
getUserRewards ---> TOURGUIDESERVICE
getUserRewards ---> TOURGUIDESERVICE
getUserRewards ---> TOURGUIDESERVICE
getUserRewards ---> TOURGUIDESERVICE
getUserRewards ---> TOURGUIDESERVICE
getUserRewards ---> TOURGUIDESERVICE
getUserRewards ---> TOURGUIDESERVICE
getUserRewards ---> TOURGUIDESERVICE
getUserRewards ---> TOURGUIDESERVICE
getUserRewards ---> TOURGUIDESERVICE
getUserRewards ---> TOURGUIDESERVICE
getUserRewards ---> TOURGUIDESERVICE
getUserRewards ---> TOURGUIDESERVICE
getUserRewards ---> TOURGUIDESERVICE
getUserRewards ---> TOURGUIDESERVICE
getUserRewards ---> TOURGUIDESERVICE
getUserRewards ---> TOURGUIDESERVICE
getUserRewards ---> TOURGUIDESERVICE
getUserRewards ---> TOURGUIDESERVICE
getUserRewards ---> TOURGUIDESERVICE
getUserRewards ---> TOURGUIDESERVICE
getUserRewards ---> TOURGUIDESERVICE
getUserRewards ---> TOURGUIDESERVICE
getUserRewards ---> TOURGUIDESERVICE
getUserRewards ---> TOURGUIDESERVICE
getUserRewards ---> TOURGUIDESERVICE
getUserRewards ---> TOURGUIDESERVICE
getUserRewards ---> TOURGUIDESERVICE
getUserRewards ---> TOURGUIDESERVICE
getUserRewards ---> TOURGUIDESERVICE
getUserRewards ---> TOURGUIDESERVICE
getUserRewards ---> TOURGUIDESERVICE
getUserRewards ---> TOURGUIDESERVICE
getUserRewards ---> TOURGUIDESERVICE
getUserRewards ---> TOURGUIDESERVICE
getUserRewards ---> TOURGUIDESERVICE
getUserRewards ---> TOURGUIDESERVICE
getUserRewards ---> TOURGUIDESERVICE
getUserRewards ---> TOURGUIDESERVICE
getUserRewards ---> TOURGUIDESERVICE
getUserRewards ---> TOURGUIDESERVICE
getUserRewards ---> TOURGUIDESERVICE
getUserRewards ---> TOURGUIDESERVICE
getUserRewards ---> TOURGUIDESERVICE
getUserRewards ---> TOURGUIDESERVICE
getUserRewards ---> TOURGUIDESERVICE
getUserRewards ---> TOURGUIDESERVICE
getUserRewards ---> TOURGUIDESERVICE
getUserRewards ---> TOURGUIDESERVICE
getUserRewards ---> TOURGUIDESERVICE
getUserRewards ---> TOURGUIDESERVICE
getUserRewards ---> TOURGUIDESERVICE
getUserRewards ---> TOURGUIDESERVICE
getUserRewards ---> TOURGUIDESERVICE
getUserRewards ---> TOURGUIDESERVICE
getUserRewards ---> TOURGUIDESERVICE
getUserRewards ---> TOURGUIDESERVICE
getUserRewards ---> TOURGUIDESERVICE
getUserRewards ---> TOURGUIDESERVICE
getUserRewards ---> TOURGUIDESERVICE
getUserRewards ---> TOURGUIDESERVICE
getUserRewards ---> TOURGUIDESERVICE
getUserRewards ---> TOURGUIDESERVICE
getUserRewards ---> TOURGUIDESERVICE
getUserRewards ---> TOURGUIDESERVICE
getUserRewards ---> TOURGUIDESERVICE
getUserRewards ---> TOURGUIDESERVICE
getUserRewards ---> TOURGUIDESERVICE
getUserRewards ---> TOURGUIDESERVICE
getUserRewards ---> TOURGUIDESERVICE
getUserRewards ---> TOURGUIDESERVICE
getUserRewards ---> TOURGUIDESERVICE
getUserRewards ---> TOURGUIDESERVICE
getUserRewards ---> TOURGUIDESERVICE
getUserRewards ---> TOURGUIDESERVICE
getUserRewards ---> TOURGUIDESERVICE
getUserRewards ---> TOURGUIDESERVICE
getUserRewards ---> TOURGUIDESERVICE
getUserRewards ---> TOURGUIDESERVICE
getUserRewards ---> TOURGUIDESERVICE
getUserRewards ---> TOURGUIDESERVICE
getUserRewards ---> TOURGUIDESERVICE
getUserRewards ---> TOURGUIDESERVICE
getUserRewards ---> TOURGUIDESERVICE
getUserRewards ---> TOURGUIDESERVICE
getUserRewards ---> TOURGUIDESERVICE
getUserRewards ---> TOURGUIDESERVICE
getUserRewards ---> TOURGUIDESERVICE
getUserRewards ---> TOURGUIDESERVICE
getUserRewards ---> TOURGUIDESERVICE
getUserRewards ---> TOURGUIDESERVICE
getUserRewards ---> TOURGUIDESERVICE
getUserRewards ---> TOURGUIDESERVICE
getUserRewards ---> TOURGUIDESERVICE
getUserRewards ---> TOURGUIDESERVICE
getUserRewards ---> TOURGUIDESERVICE
getUserRewards ---> TOURGUIDESERVICE
getUserRewards ---> TOURGUIDESERVICE
getUserRewards ---> TOURGUIDESERVICE
getUserRewards ---> TOURGUIDESERVICE
getUserRewards ---> TOURGUIDESERVICE
getUserRewards ---> TOURGUIDESERVICE
getUserRewards ---> TOURGUIDESERVICE
getUserRewards ---> TOURGUIDESERVICE
getUserRewards ---> TOURGUIDESERVICE
getUserRewards ---> TOURGUIDESERVICE
getUserRewards ---> TOURGUIDESERVICE
getUserRewards ---> TOURGUIDESERVICE
getUserRewards ---> TOURGUIDESERVICE
getUserRewards ---> TOURGUIDESERVICE
getUserRewards ---> TOURGUIDESERVICE
getUserRewards ---> TOURGUIDESERVICE
getUserRewards ---> TOURGUIDESERVICE
getUserRewards ---> TOURGUIDESERVICE
getUserRewards ---> TOURGUIDESERVICE
getUserRewards ---> TOURGUIDESERVICE
getUserRewards ---> TOURGUIDESERVICE
getUserRewards ---> TOURGUIDESERVICE
getUserRewards ---> TOURGUIDESERVICE
getUserRewards ---> TOURGUIDESERVICE
getUserRewards ---> TOURGUIDESERVICE
getUserRewards ---> TOURGUIDESERVICE
getUserRewards ---> TOURGUIDESERVICE
getUserRewards ---> TOURGUIDESERVICE
getUserRewards ---> TOURGUIDESERVICE
getUserRewards ---> TOURGUIDESERVICE
getUserRewards ---> TOURGUIDESERVICE
getUserRewards ---> TOURGUIDESERVICE
getUserRewards ---> TOURGUIDESERVICE
getUserRewards ---> TOURGUIDESERVICE
getUserRewards ---> TOURGUIDESERVICE
getUserRewards ---> TOURGUIDESERVICE
getUserRewards ---> TOURGUIDESERVICE
getUserRewards ---> TOURGUIDESERVICE
getUserRewards ---> TOURGUIDESERVICE
getUserRewards ---> TOURGUIDESERVICE
getUserRewards ---> TOURGUIDESERVICE
getUserRewards ---> TOURGUIDESERVICE
getUserRewards ---> TOURGUIDESERVICE
getUserRewards ---> TOURGUIDESERVICE
getUserRewards ---> TOURGUIDESERVICE
getUserRewards ---> TOURGUIDESERVICE
getUserRewards ---> TOURGUIDESERVICE
getUserRewards ---> TOURGUIDESERVICE
getUserRewards ---> TOURGUIDESERVICE
getUserRewards ---> TOURGUIDESERVICE
getUserRewards ---> TOURGUIDESERVICE
getUserRewards ---> TOURGUIDESERVICE
getUserRewards ---> TOURGUIDESERVICE
getUserRewards ---> TOURGUIDESERVICE
getUserRewards ---> TOURGUIDESERVICE
getUserRewards ---> TOURGUIDESERVICE
getUserRewards ---> TOURGUIDESERVICE
getUserRewards ---> TOURGUIDESERVICE
getUserRewards ---> TOURGUIDESERVICE
getUserRewards ---> TOURGUIDESERVICE
getUserRewards ---> TOURGUIDESERVICE
getUserRewards ---> TOURGUIDESERVICE
getUserRewards ---> TOURGUIDESERVICE
getUserRewards ---> TOURGUIDESERVICE
getUserRewards ---> TOURGUIDESERVICE
getUserRewards ---> TOURGUIDESERVICE
getUserRewards ---> TOURGUIDESERVICE
getUserRewards ---> TOURGUIDESERVICE
getUserRewards ---> TOURGUIDESERVICE
getUserRewards ---> TOURGUIDESERVICE
getUserRewards ---> TOURGUIDESERVICE
getUserRewards ---> TOURGUIDESERVICE
getUserRewards ---> TOURGUIDESERVICE
getUserRewards ---> TOURGUIDESERVICE
getUserRewards ---> TOURGUIDESERVICE
getUserRewards ---> TOURGUIDESERVICE
getUserRewards ---> TOURGUIDESERVICE
getUserRewards ---> TOURGUIDESERVICE
getUserRewards ---> TOURGUIDESERVICE
getUserRewards ---> TOURGUIDESERVICE
getUserRewards ---> TOURGUIDESERVICE
getUserRewards ---> TOURGUIDESERVICE
getUserRewards ---> TOURGUIDESERVICE
getUserRewards ---> TOURGUIDESERVICE
getUserRewards ---> TOURGUIDESERVICE
getUserRewards ---> TOURGUIDESERVICE
getUserRewards ---> TOURGUIDESERVICE
getUserRewards ---> TOURGUIDESERVICE
getUserRewards ---> TOURGUIDESERVICE
getUserRewards ---> TOURGUIDESERVICE
getUserRewards ---> TOURGUIDESERVICE
getUserRewards ---> TOURGUIDESERVICE
getUserRewards ---> TOURGUIDESERVICE
getUserRewards ---> TOURGUIDESERVICE
getUserRewards ---> TOURGUIDESERVICE
getUserRewards ---> TOURGUIDESERVICE
getUserRewards ---> TOURGUIDESERVICE
getUserRewards ---> TOURGUIDESERVICE
getUserRewards ---> TOURGUIDESERVICE
getUserRewards ---> TOURGUIDESERVICE
getUserRewards ---> TOURGUIDESERVICE
getUserRewards ---> TOURGUIDESERVICE
getUserRewards ---> TOURGUIDESERVICE
getUserRewards ---> TOURGUIDESERVICE
getUserRewards ---> TOURGUIDESERVICE
getUserRewards ---> TOURGUIDESERVICE
getUserRewards ---> TOURGUIDESERVICE
getUserRewards ---> TOURGUIDESERVICE
getUserRewards ---> TOURGUIDESERVICE
getUserRewards ---> TOURGUIDESERVICE
getUserRewards ---> TOURGUIDESERVICE
getUserRewards ---> TOURGUIDESERVICE
getUserRewards ---> TOURGUIDESERVICE
getUserRewards ---> TOURGUIDESERVICE
getUserRewards ---> TOURGUIDESERVICE
getUserRewards ---> TOURGUIDESERVICE
getUserRewards ---> TOURGUIDESERVICE
getUserRewards ---> TOURGUIDESERVICE
getUserRewards ---> TOURGUIDESERVICE
getUserRewards ---> TOURGUIDESERVICE
getUserRewards ---> TOURGUIDESERVICE
getUserRewards ---> TOURGUIDESERVICE
getUserRewards ---> TOURGUIDESERVICE
getUserRewards ---> TOURGUIDESERVICE
getUserRewards ---> TOURGUIDESERVICE
getUserRewards ---> TOURGUIDESERVICE
getUserRewards ---> TOURGUIDESERVICE
getUserRewards ---> TOURGUIDESERVICE
getUserRewards ---> TOURGUIDESERVICE
getUserRewards ---> TOURGUIDESERVICE
getUserRewards ---> TOURGUIDESERVICE
getUserRewards ---> TOURGUIDESERVICE
getUserRewards ---> TOURGUIDESERVICE
getUserRewards ---> TOURGUIDESERVICE
getUserRewards ---> TOURGUIDESERVICE
getUserRewards ---> TOURGUIDESERVICE
getUserRewards ---> TOURGUIDESERVICE
getUserRewards ---> TOURGUIDESERVICE
getUserRewards ---> TOURGUIDESERVICE
getUserRewards ---> TOURGUIDESERVICE
getUserRewards ---> TOURGUIDESERVICE
getUserRewards ---> TOURGUIDESERVICE
getUserRewards ---> TOURGUIDESERVICE
getUserRewards ---> TOURGUIDESERVICE
getUserRewards ---> TOURGUIDESERVICE
getUserRewards ---> TOURGUIDESERVICE
getUserRewards ---> TOURGUIDESERVICE
getUserRewards ---> TOURGUIDESERVICE
getUserRewards ---> TOURGUIDESERVICE
getUserRewards ---> TOURGUIDESERVICE
getUserRewards ---> TOURGUIDESERVICE
getUserRewards ---> TOURGUIDESERVICE
getUserRewards ---> TOURGUIDESERVICE
getUserRewards ---> TOURGUIDESERVICE
getUserRewards ---> TOURGUIDESERVICE
getUserRewards ---> TOURGUIDESERVICE
getUserRewards ---> TOURGUIDESERVICE
getUserRewards ---> TOURGUIDESERVICE
getUserRewards ---> TOURGUIDESERVICE
getUserRewards ---> TOURGUIDESERVICE
getUserRewards ---> TOURGUIDESERVICE
getUserRewards ---> TOURGUIDESERVICE
getUserRewards ---> TOURGUIDESERVICE
getUserRewards ---> TOURGUIDESERVICE
getUserRewards ---> TOURGUIDESERVICE
getUserRewards ---> TOURGUIDESERVICE
getUserRewards ---> TOURGUIDESERVICE
getUserRewards ---> TOURGUIDESERVICE
getUserRewards ---> TOURGUIDESERVICE
getUserRewards ---> TOURGUIDESERVICE
getUserRewards ---> TOURGUIDESERVICE
getUserRewards ---> TOURGUIDESERVICE
getUserRewards ---> TOURGUIDESERVICE
getUserRewards ---> TOURGUIDESERVICE
getUserRewards ---> TOURGUIDESERVICE
getUserRewards ---> TOURGUIDESERVICE
getUserRewards ---> TOURGUIDESERVICE
getUserRewards ---> TOURGUIDESERVICE
getUserRewards ---> TOURGUIDESERVICE
getUserRewards ---> TOURGUIDESERVICE
getUserRewards ---> TOURGUIDESERVICE
getUserRewards ---> TOURGUIDESERVICE
getUserRewards ---> TOURGUIDESERVICE
getUserRewards ---> TOURGUIDESERVICE
getUserRewards ---> TOURGUIDESERVICE
getUserRewards ---> TOURGUIDESERVICE
getUserRewards ---> TOURGUIDESERVICE
getUserRewards ---> TOURGUIDESERVICE
getUserRewards ---> TOURGUIDESERVICE
getUserRewards ---> TOURGUIDESERVICE
getUserRewards ---> TOURGUIDESERVICE
getUserRewards ---> TOURGUIDESERVICE
getUserRewards ---> TOURGUIDESERVICE
getUserRewards ---> TOURGUIDESERVICE
getUserRewards ---> TOURGUIDESERVICE
getUserRewards ---> TOURGUIDESERVICE
getUserRewards ---> TOURGUIDESERVICE
getUserRewards ---> TOURGUIDESERVICE
getUserRewards ---> TOURGUIDESERVICE
getUserRewards ---> TOURGUIDESERVICE
getUserRewards ---> TOURGUIDESERVICE
getUserRewards ---> TOURGUIDESERVICE
getUserRewards ---> TOURGUIDESERVICE
getUserRewards ---> TOURGUIDESERVICE
getUserRewards ---> TOURGUIDESERVICE
getUserRewards ---> TOURGUIDESERVICE
getUserRewards ---> TOURGUIDESERVICE
getUserRewards ---> TOURGUIDESERVICE
getUserRewards ---> TOURGUIDESERVICE
getUserRewards ---> TOURGUIDESERVICE
getUserRewards ---> TOURGUIDESERVICE
getUserRewards ---> TOURGUIDESERVICE
getUserRewards ---> TOURGUIDESERVICE
getUserRewards ---> TOURGUIDESERVICE
getUserRewards ---> TOURGUIDESERVICE
getUserRewards ---> TOURGUIDESERVICE
getUserRewards ---> TOURGUIDESERVICE
getUserRewards ---> TOURGUIDESERVICE
getUserRewards ---> TOURGUIDESERVICE
getUserRewards ---> TOURGUIDESERVICE
getUserRewards ---> TOURGUIDESERVICE
getUserRewards ---> TOURGUIDESERVICE
getUserRewards ---> TOURGUIDESERVICE
getUserRewards ---> TOURGUIDESERVICE
getUserRewards ---> TOURGUIDESERVICE
getUserRewards ---> TOURGUIDESERVICE
getUserRewards ---> TOURGUIDESERVICE
getUserRewards ---> TOURGUIDESERVICE
getUserRewards ---> TOURGUIDESERVICE
getUserRewards ---> TOURGUIDESERVICE
getUserRewards ---> TOURGUIDESERVICE
getUserRewards ---> TOURGUIDESERVICE
getUserRewards ---> TOURGUIDESERVICE
getUserRewards ---> TOURGUIDESERVICE
getUserRewards ---> TOURGUIDESERVICE
getUserRewards ---> TOURGUIDESERVICE
getUserRewards ---> TOURGUIDESERVICE
getUserRewards ---> TOURGUIDESERVICE
getUserRewards ---> TOURGUIDESERVICE
getUserRewards ---> TOURGUIDESERVICE
getUserRewards ---> TOURGUIDESERVICE
getUserRewards ---> TOURGUIDESERVICE
getUserRewards ---> TOURGUIDESERVICE
getUserRewards ---> TOURGUIDESERVICE
getUserRewards ---> TOURGUIDESERVICE
getUserRewards ---> TOURGUIDESERVICE
getUserRewards ---> TOURGUIDESERVICE
getUserRewards ---> TOURGUIDESERVICE
getUserRewards ---> TOURGUIDESERVICE
getUserRewards ---> TOURGUIDESERVICE
getUserRewards ---> TOURGUIDESERVICE
getUserRewards ---> TOURGUIDESERVICE
getUserRewards ---> TOURGUIDESERVICE
getUserRewards ---> TOURGUIDESERVICE
getUserRewards ---> TOURGUIDESERVICE
getUserRewards ---> TOURGUIDESERVICE
getUserRewards ---> TOURGUIDESERVICE
getUserRewards ---> TOURGUIDESERVICE
getUserRewards ---> TOURGUIDESERVICE
getUserRewards ---> TOURGUIDESERVICE
getUserRewards ---> TOURGUIDESERVICE
getUserRewards ---> TOURGUIDESERVICE
getUserRewards ---> TOURGUIDESERVICE
getUserRewards ---> TOURGUIDESERVICE
getUserRewards ---> TOURGUIDESERVICE
getUserRewards ---> TOURGUIDESERVICE
getUserRewards ---> TOURGUIDESERVICE
getUserRewards ---> TOURGUIDESERVICE
getUserRewards ---> TOURGUIDESERVICE
getUserRewards ---> TOURGUIDESERVICE
getUserRewards ---> TOURGUIDESERVICE
getUserRewards ---> TOURGUIDESERVICE
getUserRewards ---> TOURGUIDESERVICE
getUserRewards ---> TOURGUIDESERVICE
getUserRewards ---> TOURGUIDESERVICE
getUserRewards ---> TOURGUIDESERVICE
getUserRewards ---> TOURGUIDESERVICE
getUserRewards ---> TOURGUIDESERVICE
getUserRewards ---> TOURGUIDESERVICE
getUserRewards ---> TOURGUIDESERVICE
getUserRewards ---> TOURGUIDESERVICE
getUserRewards ---> TOURGUIDESERVICE
getUserRewards ---> TOURGUIDESERVICE
getUserRewards ---> TOURGUIDESERVICE
getUserRewards ---> TOURGUIDESERVICE
getUserRewards ---> TOURGUIDESERVICE
getUserRewards ---> TOURGUIDESERVICE
getUserRewards ---> TOURGUIDESERVICE
getUserRewards ---> TOURGUIDESERVICE
getUserRewards ---> TOURGUIDESERVICE
getUserRewards ---> TOURGUIDESERVICE
getUserRewards ---> TOURGUIDESERVICE
getUserRewards ---> TOURGUIDESERVICE
getUserRewards ---> TOURGUIDESERVICE
getUserRewards ---> TOURGUIDESERVICE
getUserRewards ---> TOURGUIDESERVICE
getUserRewards ---> TOURGUIDESERVICE
getUserRewards ---> TOURGUIDESERVICE
getUserRewards ---> TOURGUIDESERVICE
getUserRewards ---> TOURGUIDESERVICE
getUserRewards ---> TOURGUIDESERVICE
getUserRewards ---> TOURGUIDESERVICE
getUserRewards ---> TOURGUIDESERVICE
getUserRewards ---> TOURGUIDESERVICE
getUserRewards ---> TOURGUIDESERVICE
getUserRewards ---> TOURGUIDESERVICE
getUserRewards ---> TOURGUIDESERVICE
getUserRewards ---> TOURGUIDESERVICE
getUserRewards ---> TOURGUIDESERVICE
getUserRewards ---> TOURGUIDESERVICE
getUserRewards ---> TOURGUIDESERVICE
getUserRewards ---> TOURGUIDESERVICE
getUserRewards ---> TOURGUIDESERVICE
getUserRewards ---> TOURGUIDESERVICE
getUserRewards ---> TOURGUIDESERVICE
getUserRewards ---> TOURGUIDESERVICE
getUserRewards ---> TOURGUIDESERVICE
getUserRewards ---> TOURGUIDESERVICE
getUserRewards ---> TOURGUIDESERVICE
getUserRewards ---> TOURGUIDESERVICE
getUserRewards ---> TOURGUIDESERVICE
getUserRewards ---> TOURGUIDESERVICE
getUserRewards ---> TOURGUIDESERVICE
getUserRewards ---> TOURGUIDESERVICE
getUserRewards ---> TOURGUIDESERVICE
getUserRewards ---> TOURGUIDESERVICE
getUserRewards ---> TOURGUIDESERVICE
getUserRewards ---> TOURGUIDESERVICE
getUserRewards ---> TOURGUIDESERVICE
getUserRewards ---> TOURGUIDESERVICE
getUserRewards ---> TOURGUIDESERVICE
getUserRewards ---> TOURGUIDESERVICE
getUserRewards ---> TOURGUIDESERVICE
getUserRewards ---> TOURGUIDESERVICE
getUserRewards ---> TOURGUIDESERVICE
getUserRewards ---> TOURGUIDESERVICE
getUserRewards ---> TOURGUIDESERVICE
getUserRewards ---> TOURGUIDESERVICE
getUserRewards ---> TOURGUIDESERVICE
getUserRewards ---> TOURGUIDESERVICE
getUserRewards ---> TOURGUIDESERVICE
getUserRewards ---> TOURGUIDESERVICE
getUserRewards ---> TOURGUIDESERVICE
getUserRewards ---> TOURGUIDESERVICE
getUserRewards ---> TOURGUIDESERVICE
getUserRewards ---> TOURGUIDESERVICE
getUserRewards ---> TOURGUIDESERVICE
getUserRewards ---> TOURGUIDESERVICE
getUserRewards ---> TOURGUIDESERVICE
getUserRewards ---> TOURGUIDESERVICE
getUserRewards ---> TOURGUIDESERVICE
getUserRewards ---> TOURGUIDESERVICE
getUserRewards ---> TOURGUIDESERVICE
getUserRewards ---> TOURGUIDESERVICE
getUserRewards ---> TOURGUIDESERVICE
getUserRewards ---> TOURGUIDESERVICE
getUserRewards ---> TOURGUIDESERVICE
getUserRewards ---> TOURGUIDESERVICE
getUserRewards ---> TOURGUIDESERVICE
getUserRewards ---> TOURGUIDESERVICE
getUserRewards ---> TOURGUIDESERVICE
getUserRewards ---> TOURGUIDESERVICE
getUserRewards ---> TOURGUIDESERVICE
getUserRewards ---> TOURGUIDESERVICE
getUserRewards ---> TOURGUIDESERVICE
getUserRewards ---> TOURGUIDESERVICE
getUserRewards ---> TOURGUIDESERVICE
getUserRewards ---> TOURGUIDESERVICE
getUserRewards ---> TOURGUIDESERVICE
getUserRewards ---> TOURGUIDESERVICE
getUserRewards ---> TOURGUIDESERVICE
getUserRewards ---> TOURGUIDESERVICE
getUserRewards ---> TOURGUIDESERVICE
getUserRewards ---> TOURGUIDESERVICE
getUserRewards ---> TOURGUIDESERVICE
getUserRewards ---> TOURGUIDESERVICE
getUserRewards ---> TOURGUIDESERVICE
getUserRewards ---> TOURGUIDESERVICE
getUserRewards ---> TOURGUIDESERVICE
getUserRewards ---> TOURGUIDESERVICE
getUserRewards ---> TOURGUIDESERVICE
getUserRewards ---> TOURGUIDESERVICE
getUserRewards ---> TOURGUIDESERVICE
getUserRewards ---> TOURGUIDESERVICE
getUserRewards ---> TOURGUIDESERVICE
getUserRewards ---> TOURGUIDESERVICE
getUserRewards ---> TOURGUIDESERVICE
getUserRewards ---> TOURGUIDESERVICE
getUserRewards ---> TOURGUIDESERVICE
getUserRewards ---> TOURGUIDESERVICE
getUserRewards ---> TOURGUIDESERVICE
getUserRewards ---> TOURGUIDESERVICE
getUserRewards ---> TOURGUIDESERVICE
getUserRewards ---> TOURGUIDESERVICE
getUserRewards ---> TOURGUIDESERVICE
getUserRewards ---> TOURGUIDESERVICE
getUserRewards ---> TOURGUIDESERVICE
getUserRewards ---> TOURGUIDESERVICE
getUserRewards ---> TOURGUIDESERVICE
getUserRewards ---> TOURGUIDESERVICE
getUserRewards ---> TOURGUIDESERVICE
getUserRewards ---> TOURGUIDESERVICE
getUserRewards ---> TOURGUIDESERVICE
getUserRewards ---> TOURGUIDESERVICE
getUserRewards ---> TOURGUIDESERVICE
getUserRewards ---> TOURGUIDESERVICE
getUserRewards ---> TOURGUIDESERVICE
getUserRewards ---> TOURGUIDESERVICE
getUserRewards ---> TOURGUIDESERVICE
getUserRewards ---> TOURGUIDESERVICE
getUserRewards ---> TOURGUIDESERVICE
getUserRewards ---> TOURGUIDESERVICE
getUserRewards ---> TOURGUIDESERVICE
getUserRewards ---> TOURGUIDESERVICE
getUserRewards ---> TOURGUIDESERVICE
getUserRewards ---> TOURGUIDESERVICE
getUserRewards ---> TOURGUIDESERVICE
getUserRewards ---> TOURGUIDESERVICE
getUserRewards ---> TOURGUIDESERVICE
getUserRewards ---> TOURGUIDESERVICE
getUserRewards ---> TOURGUIDESERVICE
getUserRewards ---> TOURGUIDESERVICE
getUserRewards ---> TOURGUIDESERVICE
getUserRewards ---> TOURGUIDESERVICE
getUserRewards ---> TOURGUIDESERVICE
getUserRewards ---> TOURGUIDESERVICE
getUserRewards ---> TOURGUIDESERVICE
getUserRewards ---> TOURGUIDESERVICE
getUserRewards ---> TOURGUIDESERVICE
getUserRewards ---> TOURGUIDESERVICE
getUserRewards ---> TOURGUIDESERVICE
getUserRewards ---> TOURGUIDESERVICE
getUserRewards ---> TOURGUIDESERVICE
getUserRewards ---> TOURGUIDESERVICE
getUserRewards ---> TOURGUIDESERVICE
getUserRewards ---> TOURGUIDESERVICE
getUserRewards ---> TOURGUIDESERVICE
getUserRewards ---> TOURGUIDESERVICE
getUserRewards ---> TOURGUIDESERVICE
getUserRewards ---> TOURGUIDESERVICE
getUserRewards ---> TOURGUIDESERVICE
getUserRewards ---> TOURGUIDESERVICE
getUserRewards ---> TOURGUIDESERVICE
getUserRewards ---> TOURGUIDESERVICE
getUserRewards ---> TOURGUIDESERVICE
getUserRewards ---> TOURGUIDESERVICE
getUserRewards ---> TOURGUIDESERVICE
getUserRewards ---> TOURGUIDESERVICE
getUserRewards ---> TOURGUIDESERVICE
getUserRewards ---> TOURGUIDESERVICE
getUserRewards ---> TOURGUIDESERVICE
getUserRewards ---> TOURGUIDESERVICE
getUserRewards ---> TOURGUIDESERVICE
getUserRewards ---> TOURGUIDESERVICE
getUserRewards ---> TOURGUIDESERVICE
getUserRewards ---> TOURGUIDESERVICE
getUserRewards ---> TOURGUIDESERVICE
getUserRewards ---> TOURGUIDESERVICE
getUserRewards ---> TOURGUIDESERVICE
getUserRewards ---> TOURGUIDESERVICE
getUserRewards ---> TOURGUIDESERVICE
getUserRewards ---> TOURGUIDESERVICE
getUserRewards ---> TOURGUIDESERVICE
getUserRewards ---> TOURGUIDESERVICE
getUserRewards ---> TOURGUIDESERVICE
getUserRewards ---> TOURGUIDESERVICE
getUserRewards ---> TOURGUIDESERVICE
getUserRewards ---> TOURGUIDESERVICE
getUserRewards ---> TOURGUIDESERVICE
getUserRewards ---> TOURGUIDESERVICE
getUserRewards ---> TOURGUIDESERVICE
getUserRewards ---> TOURGUIDESERVICE
getUserRewards ---> TOURGUIDESERVICE
getUserRewards ---> TOURGUIDESERVICE
getUserRewards ---> TOURGUIDESERVICE
getUserRewards ---> TOURGUIDESERVICE
getUserRewards ---> TOURGUIDESERVICE
getUserRewards ---> TOURGUIDESERVICE
getUserRewards ---> TOURGUIDESERVICE
getUserRewards ---> TOURGUIDESERVICE
getUserRewards ---> TOURGUIDESERVICE
getUserRewards ---> TOURGUIDESERVICE
getUserRewards ---> TOURGUIDESERVICE
getUserRewards ---> TOURGUIDESERVICE
getUserRewards ---> TOURGUIDESERVICE
getUserRewards ---> TOURGUIDESERVICE
getUserRewards ---> TOURGUIDESERVICE
getUserRewards ---> TOURGUIDESERVICE
getUserRewards ---> TOURGUIDESERVICE
getUserRewards ---> TOURGUIDESERVICE
getUserRewards ---> TOURGUIDESERVICE
getUserRewards ---> TOURGUIDESERVICE
getUserRewards ---> TOURGUIDESERVICE
getUserRewards ---> TOURGUIDESERVICE
getUserRewards ---> TOURGUIDESERVICE
getUserRewards ---> TOURGUIDESERVICE
getUserRewards ---> TOURGUIDESERVICE
getUserRewards ---> TOURGUIDESERVICE
getUserRewards ---> TOURGUIDESERVICE
getUserRewards ---> TOURGUIDESERVICE
getUserRewards ---> TOURGUIDESERVICE
getUserRewards ---> TOURGUIDESERVICE
getUserRewards ---> TOURGUIDESERVICE
getUserRewards ---> TOURGUIDESERVICE
getUserRewards ---> TOURGUIDESERVICE
getUserRewards ---> TOURGUIDESERVICE
getUserRewards ---> TOURGUIDESERVICE
getUserRewards ---> TOURGUIDESERVICE
getUserRewards ---> TOURGUIDESERVICE
getUserRewards ---> TOURGUIDESERVICE
getUserRewards ---> TOURGUIDESERVICE
getUserRewards ---> TOURGUIDESERVICE
getUserRewards ---> TOURGUIDESERVICE
getUserRewards ---> TOURGUIDESERVICE
getUserRewards ---> TOURGUIDESERVICE
getUserRewards ---> TOURGUIDESERVICE
getUserRewards ---> TOURGUIDESERVICE
getUserRewards ---> TOURGUIDESERVICE
getUserRewards ---> TOURGUIDESERVICE
getUserRewards ---> TOURGUIDESERVICE
getUserRewards ---> TOURGUIDESERVICE
getUserRewards ---> TOURGUIDESERVICE
getUserRewards ---> TOURGUIDESERVICE
getUserRewards ---> TOURGUIDESERVICE
getUserRewards ---> TOURGUIDESERVICE
getUserRewards ---> TOURGUIDESERVICE
getUserRewards ---> TOURGUIDESERVICE
getUserRewards ---> TOURGUIDESERVICE
getUserRewards ---> TOURGUIDESERVICE
getUserRewards ---> TOURGUIDESERVICE
getUserRewards ---> TOURGUIDESERVICE
getUserRewards ---> TOURGUIDESERVICE
getUserRewards ---> TOURGUIDESERVICE
getUserRewards ---> TOURGUIDESERVICE
getUserRewards ---> TOURGUIDESERVICE
getUserRewards ---> TOURGUIDESERVICE
getUserRewards ---> TOURGUIDESERVICE
getUserRewards ---> TOURGUIDESERVICE
getUserRewards ---> TOURGUIDESERVICE
getUserRewards ---> TOURGUIDESERVICE
getUserRewards ---> TOURGUIDESERVICE
getUserRewards ---> TOURGUIDESERVICE
getUserRewards ---> TOURGUIDESERVICE
getUserRewards ---> TOURGUIDESERVICE
getUserRewards ---> TOURGUIDESERVICE
getUserRewards ---> TOURGUIDESERVICE
getUserRewards ---> TOURGUIDESERVICE
getUserRewards ---> TOURGUIDESERVICE
getUserRewards ---> TOURGUIDESERVICE
getUserRewards ---> TOURGUIDESERVICE
getUserRewards ---> TOURGUIDESERVICE
getUserRewards ---> TOURGUIDESERVICE
getUserRewards ---> TOURGUIDESERVICE
getUserRewards ---> TOURGUIDESERVICE
getUserRewards ---> TOURGUIDESERVICE
getUserRewards ---> TOURGUIDESERVICE
getUserRewards ---> TOURGUIDESERVICE
getUserRewards ---> TOURGUIDESERVICE
getUserRewards ---> TOURGUIDESERVICE
getUserRewards ---> TOURGUIDESERVICE
getUserRewards ---> TOURGUIDESERVICE
getUserRewards ---> TOURGUIDESERVICE
getUserRewards ---> TOURGUIDESERVICE
getUserRewards ---> TOURGUIDESERVICE
getUserRewards ---> TOURGUIDESERVICE
getUserRewards ---> TOURGUIDESERVICE
getUserRewards ---> TOURGUIDESERVICE
getUserRewards ---> TOURGUIDESERVICE
getUserRewards ---> TOURGUIDESERVICE
getUserRewards ---> TOURGUIDESERVICE
getUserRewards ---> TOURGUIDESERVICE
getUserRewards ---> TOURGUIDESERVICE
getUserRewards ---> TOURGUIDESERVICE
getUserRewards ---> TOURGUIDESERVICE
getUserRewards ---> TOURGUIDESERVICE
getUserRewards ---> TOURGUIDESERVICE
getUserRewards ---> TOURGUIDESERVICE
getUserRewards ---> TOURGUIDESERVICE
getUserRewards ---> TOURGUIDESERVICE
getUserRewards ---> TOURGUIDESERVICE
getUserRewards ---> TOURGUIDESERVICE
getUserRewards ---> TOURGUIDESERVICE
getUserRewards ---> TOURGUIDESERVICE
getUserRewards ---> TOURGUIDESERVICE
getUserRewards ---> TOURGUIDESERVICE
getUserRewards ---> TOURGUIDESERVICE
getUserRewards ---> TOURGUIDESERVICE
getUserRewards ---> TOURGUIDESERVICE
getUserRewards ---> TOURGUIDESERVICE
getUserRewards ---> TOURGUIDESERVICE
getUserRewards ---> TOURGUIDESERVICE
getUserRewards ---> TOURGUIDESERVICE
getUserRewards ---> TOURGUIDESERVICE
getUserRewards ---> TOURGUIDESERVICE
getUserRewards ---> TOURGUIDESERVICE
getUserRewards ---> TOURGUIDESERVICE
getUserRewards ---> TOURGUIDESERVICE
getUserRewards ---> TOURGUIDESERVICE
getUserRewards ---> TOURGUIDESERVICE
getUserRewards ---> TOURGUIDESERVICE
getUserRewards ---> TOURGUIDESERVICE
getUserRewards ---> TOURGUIDESERVICE
getUserRewards ---> TOURGUIDESERVICE
getUserRewards ---> TOURGUIDESERVICE
getUserRewards ---> TOURGUIDESERVICE
getUserRewards ---> TOURGUIDESERVICE
getUserRewards ---> TOURGUIDESERVICE
getUserRewards ---> TOURGUIDESERVICE
getUserRewards ---> TOURGUIDESERVICE
getUserRewards ---> TOURGUIDESERVICE
getUserRewards ---> TOURGUIDESERVICE
getUserRewards ---> TOURGUIDESERVICE
getUserRewards ---> TOURGUIDESERVICE
getUserRewards ---> TOURGUIDESERVICE
getUserRewards ---> TOURGUIDESERVICE
getUserRewards ---> TOURGUIDESERVICE
getUserRewards ---> TOURGUIDESERVICE
getUserRewards ---> TOURGUIDESERVICE
getUserRewards ---> TOURGUIDESERVICE
getUserRewards ---> TOURGUIDESERVICE
getUserRewards ---> TOURGUIDESERVICE
getUserRewards ---> TOURGUIDESERVICE
getUserRewards ---> TOURGUIDESERVICE
getUserRewards ---> TOURGUIDESERVICE
getUserRewards ---> TOURGUIDESERVICE
getUserRewards ---> TOURGUIDESERVICE
getUserRewards ---> TOURGUIDESERVICE
getUserRewards ---> TOURGUIDESERVICE
getUserRewards ---> TOURGUIDESERVICE
getUserRewards ---> TOURGUIDESERVICE
getUserRewards ---> TOURGUIDESERVICE
getUserRewards ---> TOURGUIDESERVICE
getUserRewards ---> TOURGUIDESERVICE
getUserRewards ---> TOURGUIDESERVICE
getUserRewards ---> TOURGUIDESERVICE
getUserRewards ---> TOURGUIDESERVICE
getUserRewards ---> TOURGUIDESERVICE
getUserRewards ---> TOURGUIDESERVICE
getUserRewards ---> TOURGUIDESERVICE
getUserRewards ---> TOURGUIDESERVICE
getUserRewards ---> TOURGUIDESERVICE
getUserRewards ---> TOURGUIDESERVICE
getUserRewards ---> TOURGUIDESERVICE
getUserRewards ---> TOURGUIDESERVICE
getUserRewards ---> TOURGUIDESERVICE
getUserRewards ---> TOURGUIDESERVICE
getUserRewards ---> TOURGUIDESERVICE
getUserRewards ---> TOURGUIDESERVICE
getUserRewards ---> TOURGUIDESERVICE
getUserRewards ---> TOURGUIDESERVICE
getUserRewards ---> TOURGUIDESERVICE
getUserRewards ---> TOURGUIDESERVICE
getUserRewards ---> TOURGUIDESERVICE
getUserRewards ---> TOURGUIDESERVICE
getUserRewards ---> TOURGUIDESERVICE
getUserRewards ---> TOURGUIDESERVICE
getUserRewards ---> TOURGUIDESERVICE
getUserRewards ---> TOURGUIDESERVICE
getUserRewards ---> TOURGUIDESERVICE
getUserRewards ---> TOURGUIDESERVICE
getUserRewards ---> TOURGUIDESERVICE
getUserRewards ---> TOURGUIDESERVICE
getUserRewards ---> TOURGUIDESERVICE
getUserRewards ---> TOURGUIDESERVICE
getUserRewards ---> TOURGUIDESERVICE
getUserRewards ---> TOURGUIDESERVICE
getUserRewards ---> TOURGUIDESERVICE
getUserRewards ---> TOURGUIDESERVICE
getUserRewards ---> TOURGUIDESERVICE
getUserRewards ---> TOURGUIDESERVICE
getUserRewards ---> TOURGUIDESERVICE
getUserRewards ---> TOURGUIDESERVICE
getUserRewards ---> TOURGUIDESERVICE
getUserRewards ---> TOURGUIDESERVICE
getUserRewards ---> TOURGUIDESERVICE
getUserRewards ---> TOURGUIDESERVICE
getUserRewards ---> TOURGUIDESERVICE
getUserRewards ---> TOURGUIDESERVICE
getUserRewards ---> TOURGUIDESERVICE
getUserRewards ---> TOURGUIDESERVICE
getUserRewards ---> TOURGUIDESERVICE
getUserRewards ---> TOURGUIDESERVICE
getUserRewards ---> TOURGUIDESERVICE
getUserRewards ---> TOURGUIDESERVICE
getUserRewards ---> TOURGUIDESERVICE
getUserRewards ---> TOURGUIDESERVICE
getUserRewards ---> TOURGUIDESERVICE
getUserRewards ---> TOURGUIDESERVICE
getUserRewards ---> TOURGUIDESERVICE
getUserRewards ---> TOURGUIDESERVICE
getUserRewards ---> TOURGUIDESERVICE
getUserRewards ---> TOURGUIDESERVICE
getUserRewards ---> TOURGUIDESERVICE
getUserRewards ---> TOURGUIDESERVICE
getUserRewards ---> TOURGUIDESERVICE
getUserRewards ---> TOURGUIDESERVICE
getUserRewards ---> TOURGUIDESERVICE
getUserRewards ---> TOURGUIDESERVICE
getUserRewards ---> TOURGUIDESERVICE
getUserRewards ---> TOURGUIDESERVICE
getUserRewards ---> TOURGUIDESERVICE
getUserRewards ---> TOURGUIDESERVICE
getUserRewards ---> TOURGUIDESERVICE
getUserRewards ---> TOURGUIDESERVICE
getUserRewards ---> TOURGUIDESERVICE
getUserRewards ---> TOURGUIDESERVICE
getUserRewards ---> TOURGUIDESERVICE
getUserRewards ---> TOURGUIDESERVICE
getUserRewards ---> TOURGUIDESERVICE
getUserRewards ---> TOURGUIDESERVICE
getUserRewards ---> TOURGUIDESERVICE
getUserRewards ---> TOURGUIDESERVICE
getUserRewards ---> TOURGUIDESERVICE
getUserRewards ---> TOURGUIDESERVICE
getUserRewards ---> TOURGUIDESERVICE
getUserRewards ---> TOURGUIDESERVICE
getUserRewards ---> TOURGUIDESERVICE
getUserRewards ---> TOURGUIDESERVICE
getUserRewards ---> TOURGUIDESERVICE
getUserRewards ---> TOURGUIDESERVICE
getUserRewards ---> TOURGUIDESERVICE
getUserRewards ---> TOURGUIDESERVICE
getUserRewards ---> TOURGUIDESERVICE
getUserRewards ---> TOURGUIDESERVICE
getUserRewards ---> TOURGUIDESERVICE
getUserRewards ---> TOURGUIDESERVICE
getUserRewards ---> TOURGUIDESERVICE
getUserRewards ---> TOURGUIDESERVICE
getUserRewards ---> TOURGUIDESERVICE
getUserRewards ---> TOURGUIDESERVICE
getUserRewards ---> TOURGUIDESERVICE
getUserRewards ---> TOURGUIDESERVICE
getUserRewards ---> TOURGUIDESERVICE
getUserRewards ---> TOURGUIDESERVICE
getUserRewards ---> TOURGUIDESERVICE
getUserRewards ---> TOURGUIDESERVICE
getUserRewards ---> TOURGUIDESERVICE
getUserRewards ---> TOURGUIDESERVICE
getUserRewards ---> TOURGUIDESERVICE
getUserRewards ---> TOURGUIDESERVICE
getUserRewards ---> TOURGUIDESERVICE
getUserRewards ---> TOURGUIDESERVICE
getUserRewards ---> TOURGUIDESERVICE
getUserRewards ---> TOURGUIDESERVICE
getUserRewards ---> TOURGUIDESERVICE
getUserRewards ---> TOURGUIDESERVICE
getUserRewards ---> TOURGUIDESERVICE
getUserRewards ---> TOURGUIDESERVICE
getUserRewards ---> TOURGUIDESERVICE
getUserRewards ---> TOURGUIDESERVICE
getUserRewards ---> TOURGUIDESERVICE
getUserRewards ---> TOURGUIDESERVICE
getUserRewards ---> TOURGUIDESERVICE
getUserRewards ---> TOURGUIDESERVICE
getUserRewards ---> TOURGUIDESERVICE
getUserRewards ---> TOURGUIDESERVICE
getUserRewards ---> TOURGUIDESERVICE
getUserRewards ---> TOURGUIDESERVICE
getUserRewards ---> TOURGUIDESERVICE
getUserRewards ---> TOURGUIDESERVICE
getUserRewards ---> TOURGUIDESERVICE
getUserRewards ---> TOURGUIDESERVICE
getUserRewards ---> TOURGUIDESERVICE
getUserRewards ---> TOURGUIDESERVICE
getUserRewards ---> TOURGUIDESERVICE
getUserRewards ---> TOURGUIDESERVICE
getUserRewards ---> TOURGUIDESERVICE
getUserRewards ---> TOURGUIDESERVICE
getUserRewards ---> TOURGUIDESERVICE
getUserRewards ---> TOURGUIDESERVICE
getUserRewards ---> TOURGUIDESERVICE
getUserRewards ---> TOURGUIDESERVICE
getUserRewards ---> TOURGUIDESERVICE
getUserRewards ---> TOURGUIDESERVICE
getUserRewards ---> TOURGUIDESERVICE
getUserRewards ---> TOURGUIDESERVICE
getUserRewards ---> TOURGUIDESERVICE
getUserRewards ---> TOURGUIDESERVICE
getUserRewards ---> TOURGUIDESERVICE
getUserRewards ---> TOURGUIDESERVICE
getUserRewards ---> TOURGUIDESERVICE
getUserRewards ---> TOURGUIDESERVICE
getUserRewards ---> TOURGUIDESERVICE
getUserRewards ---> TOURGUIDESERVICE
getUserRewards ---> TOURGUIDESERVICE
getUserRewards ---> TOURGUIDESERVICE
getUserRewards ---> TOURGUIDESERVICE
getUserRewards ---> TOURGUIDESERVICE
getUserRewards ---> TOURGUIDESERVICE
getUserRewards ---> TOURGUIDESERVICE
getUserRewards ---> TOURGUIDESERVICE
getUserRewards ---> TOURGUIDESERVICE
getUserRewards ---> TOURGUIDESERVICE
getUserRewards ---> TOURGUIDESERVICE
getUserRewards ---> TOURGUIDESERVICE
getUserRewards ---> TOURGUIDESERVICE
getUserRewards ---> TOURGUIDESERVICE
getUserRewards ---> TOURGUIDESERVICE
getUserRewards ---> TOURGUIDESERVICE
getUserRewards ---> TOURGUIDESERVICE
getUserRewards ---> TOURGUIDESERVICE
getUserRewards ---> TOURGUIDESERVICE
getUserRewards ---> TOURGUIDESERVICE
getUserRewards ---> TOURGUIDESERVICE
getUserRewards ---> TOURGUIDESERVICE
getUserRewards ---> TOURGUIDESERVICE
getUserRewards ---> TOURGUIDESERVICE
getUserRewards ---> TOURGUIDESERVICE
getUserRewards ---> TOURGUIDESERVICE
getUserRewards ---> TOURGUIDESERVICE
getUserRewards ---> TOURGUIDESERVICE
getUserRewards ---> TOURGUIDESERVICE
getUserRewards ---> TOURGUIDESERVICE
getUserRewards ---> TOURGUIDESERVICE
getUserRewards ---> TOURGUIDESERVICE
getUserRewards ---> TOURGUIDESERVICE
getUserRewards ---> TOURGUIDESERVICE
getUserRewards ---> TOURGUIDESERVICE
getUserRewards ---> TOURGUIDESERVICE
getUserRewards ---> TOURGUIDESERVICE
getUserRewards ---> TOURGUIDESERVICE
getUserRewards ---> TOURGUIDESERVICE
getUserRewards ---> TOURGUIDESERVICE
getUserRewards ---> TOURGUIDESERVICE
getUserRewards ---> TOURGUIDESERVICE
getUserRewards ---> TOURGUIDESERVICE
getUserRewards ---> TOURGUIDESERVICE
getUserRewards ---> TOURGUIDESERVICE
getUserRewards ---> TOURGUIDESERVICE
getUserRewards ---> TOURGUIDESERVICE
getUserRewards ---> TOURGUIDESERVICE
getUserRewards ---> TOURGUIDESERVICE
getUserRewards ---> TOURGUIDESERVICE
getUserRewards ---> TOURGUIDESERVICE
getUserRewards ---> TOURGUIDESERVICE
getUserRewards ---> TOURGUIDESERVICE
getUserRewards ---> TOURGUIDESERVICE
getUserRewards ---> TOURGUIDESERVICE
getUserRewards ---> TOURGUIDESERVICE
getUserRewards ---> TOURGUIDESERVICE
getUserRewards ---> TOURGUIDESERVICE
getUserRewards ---> TOURGUIDESERVICE
getUserRewards ---> TOURGUIDESERVICE
getUserRewards ---> TOURGUIDESERVICE
getUserRewards ---> TOURGUIDESERVICE
getUserRewards ---> TOURGUIDESERVICE
getUserRewards ---> TOURGUIDESERVICE
getUserRewards ---> TOURGUIDESERVICE
getUserRewards ---> TOURGUIDESERVICE
getUserRewards ---> TOURGUIDESERVICE
getUserRewards ---> TOURGUIDESERVICE
getUserRewards ---> TOURGUIDESERVICE
getUserRewards ---> TOURGUIDESERVICE
getUserRewards ---> TOURGUIDESERVICE
getUserRewards ---> TOURGUIDESERVICE
getUserRewards ---> TOURGUIDESERVICE
getUserRewards ---> TOURGUIDESERVICE
getUserRewards ---> TOURGUIDESERVICE
getUserRewards ---> TOURGUIDESERVICE
getUserRewards ---> TOURGUIDESERVICE
getUserRewards ---> TOURGUIDESERVICE
getUserRewards ---> TOURGUIDESERVICE
getUserRewards ---> TOURGUIDESERVICE
getUserRewards ---> TOURGUIDESERVICE
getUserRewards ---> TOURGUIDESERVICE
getUserRewards ---> TOURGUIDESERVICE
getUserRewards ---> TOURGUIDESERVICE
getUserRewards ---> TOURGUIDESERVICE
getUserRewards ---> TOURGUIDESERVICE
getUserRewards ---> TOURGUIDESERVICE
getUserRewards ---> TOURGUIDESERVICE
getUserRewards ---> TOURGUIDESERVICE
getUserRewards ---> TOURGUIDESERVICE
getUserRewards ---> TOURGUIDESERVICE
getUserRewards ---> TOURGUIDESERVICE
getUserRewards ---> TOURGUIDESERVICE
getUserRewards ---> TOURGUIDESERVICE
getUserRewards ---> TOURGUIDESERVICE
getUserRewards ---> TOURGUIDESERVICE
getUserRewards ---> TOURGUIDESERVICE
getUserRewards ---> TOURGUIDESERVICE
getUserRewards ---> TOURGUIDESERVICE
getUserRewards ---> TOURGUIDESERVICE
getUserRewards ---> TOURGUIDESERVICE
getUserRewards ---> TOURGUIDESERVICE
getUserRewards ---> TOURGUIDESERVICE
getUserRewards ---> TOURGUIDESERVICE
getUserRewards ---> TOURGUIDESERVICE
getUserRewards ---> TOURGUIDESERVICE
getUserRewards ---> TOURGUIDESERVICE
getUserRewards ---> TOURGUIDESERVICE
getUserRewards ---> TOURGUIDESERVICE
getUserRewards ---> TOURGUIDESERVICE
getUserRewards ---> TOURGUIDESERVICE
getUserRewards ---> TOURGUIDESERVICE
getUserRewards ---> TOURGUIDESERVICE
getUserRewards ---> TOURGUIDESERVICE
getUserRewards ---> TOURGUIDESERVICE
getUserRewards ---> TOURGUIDESERVICE
getUserRewards ---> TOURGUIDESERVICE
getUserRewards ---> TOURGUIDESERVICE
getUserRewards ---> TOURGUIDESERVICE
getUserRewards ---> TOURGUIDESERVICE
getUserRewards ---> TOURGUIDESERVICE
getUserRewards ---> TOURGUIDESERVICE
getUserRewards ---> TOURGUIDESERVICE
getUserRewards ---> TOURGUIDESERVICE
getUserRewards ---> TOURGUIDESERVICE
getUserRewards ---> TOURGUIDESERVICE
getUserRewards ---> TOURGUIDESERVICE
getUserRewards ---> TOURGUIDESERVICE
getUserRewards ---> TOURGUIDESERVICE
getUserRewards ---> TOURGUIDESERVICE
getUserRewards ---> TOURGUIDESERVICE
getUserRewards ---> TOURGUIDESERVICE
getUserRewards ---> TOURGUIDESERVICE
getUserRewards ---> TOURGUIDESERVICE
getUserRewards ---> TOURGUIDESERVICE
getUserRewards ---> TOURGUIDESERVICE
getUserRewards ---> TOURGUIDESERVICE
getUserRewards ---> TOURGUIDESERVICE
getUserRewards ---> TOURGUIDESERVICE
getUserRewards ---> TOURGUIDESERVICE
getUserRewards ---> TOURGUIDESERVICE
getUserRewards ---> TOURGUIDESERVICE
getUserRewards ---> TOURGUIDESERVICE
getUserRewards ---> TOURGUIDESERVICE
getUserRewards ---> TOURGUIDESERVICE
getUserRewards ---> TOURGUIDESERVICE
getUserRewards ---> TOURGUIDESERVICE
getUserRewards ---> TOURGUIDESERVICE
getUserRewards ---> TOURGUIDESERVICE
getUserRewards ---> TOURGUIDESERVICE
getUserRewards ---> TOURGUIDESERVICE
getUserRewards ---> TOURGUIDESERVICE
getUserRewards ---> TOURGUIDESERVICE
getUserRewards ---> TOURGUIDESERVICE
getUserRewards ---> TOURGUIDESERVICE
getUserRewards ---> TOURGUIDESERVICE
getUserRewards ---> TOURGUIDESERVICE
getUserRewards ---> TOURGUIDESERVICE
getUserRewards ---> TOURGUIDESERVICE
getUserRewards ---> TOURGUIDESERVICE
getUserRewards ---> TOURGUIDESERVICE
getUserRewards ---> TOURGUIDESERVICE
getUserRewards ---> TOURGUIDESERVICE
getUserRewards ---> TOURGUIDESERVICE
getUserRewards ---> TOURGUIDESERVICE
getUserRewards ---> TOURGUIDESERVICE
getUserRewards ---> TOURGUIDESERVICE
getUserRewards ---> TOURGUIDESERVICE
getUserRewards ---> TOURGUIDESERVICE
getUserRewards ---> TOURGUIDESERVICE
getUserRewards ---> TOURGUIDESERVICE
getUserRewards ---> TOURGUIDESERVICE
getUserRewards ---> TOURGUIDESERVICE
getUserRewards ---> TOURGUIDESERVICE
getUserRewards ---> TOURGUIDESERVICE
getUserRewards ---> TOURGUIDESERVICE
getUserRewards ---> TOURGUIDESERVICE
getUserRewards ---> TOURGUIDESERVICE
getUserRewards ---> TOURGUIDESERVICE
getUserRewards ---> TOURGUIDESERVICE
getUserRewards ---> TOURGUIDESERVICE
getUserRewards ---> TOURGUIDESERVICE
getUserRewards ---> TOURGUIDESERVICE
getUserRewards ---> TOURGUIDESERVICE
getUserRewards ---> TOURGUIDESERVICE
getUserRewards ---> TOURGUIDESERVICE
getUserRewards ---> TOURGUIDESERVICE
getUserRewards ---> TOURGUIDESERVICE
getUserRewards ---> TOURGUIDESERVICE
getUserRewards ---> TOURGUIDESERVICE
getUserRewards ---> TOURGUIDESERVICE
getUserRewards ---> TOURGUIDESERVICE
getUserRewards ---> TOURGUIDESERVICE
getUserRewards ---> TOURGUIDESERVICE
getUserRewards ---> TOURGUIDESERVICE
getUserRewards ---> TOURGUIDESERVICE
getUserRewards ---> TOURGUIDESERVICE
getUserRewards ---> TOURGUIDESERVICE
getUserRewards ---> TOURGUIDESERVICE
getUserRewards ---> TOURGUIDESERVICE
getUserRewards ---> TOURGUIDESERVICE
getUserRewards ---> TOURGUIDESERVICE
getUserRewards ---> TOURGUIDESERVICE
getUserRewards ---> TOURGUIDESERVICE
getUserRewards ---> TOURGUIDESERVICE
getUserRewards ---> TOURGUIDESERVICE
getUserRewards ---> TOURGUIDESERVICE
getUserRewards ---> TOURGUIDESERVICE
getUserRewards ---> TOURGUIDESERVICE
getUserRewards ---> TOURGUIDESERVICE
getUserRewards ---> TOURGUIDESERVICE
getUserRewards ---> TOURGUIDESERVICE
getUserRewards ---> TOURGUIDESERVICE
getUserRewards ---> TOURGUIDESERVICE
getUserRewards ---> TOURGUIDESERVICE
getUserRewards ---> TOURGUIDESERVICE
getUserRewards ---> TOURGUIDESERVICE
getUserRewards ---> TOURGUIDESERVICE
getUserRewards ---> TOURGUIDESERVICE
getUserRewards ---> TOURGUIDESERVICE
getUserRewards ---> TOURGUIDESERVICE
getUserRewards ---> TOURGUIDESERVICE
getUserRewards ---> TOURGUIDESERVICE
getUserRewards ---> TOURGUIDESERVICE
getUserRewards ---> TOURGUIDESERVICE
getUserRewards ---> TOURGUIDESERVICE
getUserRewards ---> TOURGUIDESERVICE
getUserRewards ---> TOURGUIDESERVICE
getUserRewards ---> TOURGUIDESERVICE
getUserRewards ---> TOURGUIDESERVICE
getUserRewards ---> TOURGUIDESERVICE
getUserRewards ---> TOURGUIDESERVICE
getUserRewards ---> TOURGUIDESERVICE
getUserRewards ---> TOURGUIDESERVICE
getUserRewards ---> TOURGUIDESERVICE
getUserRewards ---> TOURGUIDESERVICE
getUserRewards ---> TOURGUIDESERVICE
getUserRewards ---> TOURGUIDESERVICE
getUserRewards ---> TOURGUIDESERVICE
getUserRewards ---> TOURGUIDESERVICE
getUserRewards ---> TOURGUIDESERVICE
getUserRewards ---> TOURGUIDESERVICE
getUserRewards ---> TOURGUIDESERVICE
getUserRewards ---> TOURGUIDESERVICE
getUserRewards ---> TOURGUIDESERVICE
getUserRewards ---> TOURGUIDESERVICE
getUserRewards ---> TOURGUIDESERVICE
getUserRewards ---> TOURGUIDESERVICE
getUserRewards ---> TOURGUIDESERVICE
getUserRewards ---> TOURGUIDESERVICE
getUserRewards ---> TOURGUIDESERVICE
getUserRewards ---> TOURGUIDESERVICE
getUserRewards ---> TOURGUIDESERVICE
getUserRewards ---> TOURGUIDESERVICE
getUserRewards ---> TOURGUIDESERVICE
getUserRewards ---> TOURGUIDESERVICE
getUserRewards ---> TOURGUIDESERVICE
getUserRewards ---> TOURGUIDESERVICE
getUserRewards ---> TOURGUIDESERVICE
getUserRewards ---> TOURGUIDESERVICE
getUserRewards ---> TOURGUIDESERVICE
getUserRewards ---> TOURGUIDESERVICE
getUserRewards ---> TOURGUIDESERVICE
getUserRewards ---> TOURGUIDESERVICE
getUserRewards ---> TOURGUIDESERVICE
getUserRewards ---> TOURGUIDESERVICE
getUserRewards ---> TOURGUIDESERVICE
getUserRewards ---> TOURGUIDESERVICE
getUserRewards ---> TOURGUIDESERVICE
getUserRewards ---> TOURGUIDESERVICE
getUserRewards ---> TOURGUIDESERVICE
getUserRewards ---> TOURGUIDESERVICE
getUserRewards ---> TOURGUIDESERVICE
getUserRewards ---> TOURGUIDESERVICE
getUserRewards ---> TOURGUIDESERVICE
getUserRewards ---> TOURGUIDESERVICE
getUserRewards ---> TOURGUIDESERVICE
getUserRewards ---> TOURGUIDESERVICE
getUserRewards ---> TOURGUIDESERVICE
getUserRewards ---> TOURGUIDESERVICE
getUserRewards ---> TOURGUIDESERVICE
getUserRewards ---> TOURGUIDESERVICE
getUserRewards ---> TOURGUIDESERVICE
getUserRewards ---> TOURGUIDESERVICE
getUserRewards ---> TOURGUIDESERVICE
getUserRewards ---> TOURGUIDESERVICE
getUserRewards ---> TOURGUIDESERVICE
getUserRewards ---> TOURGUIDESERVICE
getUserRewards ---> TOURGUIDESERVICE
getUserRewards ---> TOURGUIDESERVICE
getUserRewards ---> TOURGUIDESERVICE
getUserRewards ---> TOURGUIDESERVICE
getUserRewards ---> TOURGUIDESERVICE
getUserRewards ---> TOURGUIDESERVICE
getUserRewards ---> TOURGUIDESERVICE
getUserRewards ---> TOURGUIDESERVICE
getUserRewards ---> TOURGUIDESERVICE
getUserRewards ---> TOURGUIDESERVICE
getUserRewards ---> TOURGUIDESERVICE
getUserRewards ---> TOURGUIDESERVICE
getUserRewards ---> TOURGUIDESERVICE
getUserRewards ---> TOURGUIDESERVICE
getUserRewards ---> TOURGUIDESERVICE
getUserRewards ---> TOURGUIDESERVICE
getUserRewards ---> TOURGUIDESERVICE
getUserRewards ---> TOURGUIDESERVICE
getUserRewards ---> TOURGUIDESERVICE
getUserRewards ---> TOURGUIDESERVICE
getUserRewards ---> TOURGUIDESERVICE
getUserRewards ---> TOURGUIDESERVICE
getUserRewards ---> TOURGUIDESERVICE
getUserRewards ---> TOURGUIDESERVICE
getUserRewards ---> TOURGUIDESERVICE
getUserRewards ---> TOURGUIDESERVICE
getUserRewards ---> TOURGUIDESERVICE
getUserRewards ---> TOURGUIDESERVICE
getUserRewards ---> TOURGUIDESERVICE
getUserRewards ---> TOURGUIDESERVICE
getUserRewards ---> TOURGUIDESERVICE
getUserRewards ---> TOURGUIDESERVICE
getUserRewards ---> TOURGUIDESERVICE
getUserRewards ---> TOURGUIDESERVICE
getUserRewards ---> TOURGUIDESERVICE
getUserRewards ---> TOURGUIDESERVICE
getUserRewards ---> TOURGUIDESERVICE
getUserRewards ---> TOURGUIDESERVICE
getUserRewards ---> TOURGUIDESERVICE
getUserRewards ---> TOURGUIDESERVICE
getUserRewards ---> TOURGUIDESERVICE
getUserRewards ---> TOURGUIDESERVICE
getUserRewards ---> TOURGUIDESERVICE
getUserRewards ---> TOURGUIDESERVICE
getUserRewards ---> TOURGUIDESERVICE
getUserRewards ---> TOURGUIDESERVICE
getUserRewards ---> TOURGUIDESERVICE
getUserRewards ---> TOURGUIDESERVICE
getUserRewards ---> TOURGUIDESERVICE
getUserRewards ---> TOURGUIDESERVICE
getUserRewards ---> TOURGUIDESERVICE
getUserRewards ---> TOURGUIDESERVICE
getUserRewards ---> TOURGUIDESERVICE
getUserRewards ---> TOURGUIDESERVICE
getUserRewards ---> TOURGUIDESERVICE
getUserRewards ---> TOURGUIDESERVICE
getUserRewards ---> TOURGUIDESERVICE
getUserRewards ---> TOURGUIDESERVICE
getUserRewards ---> TOURGUIDESERVICE
getUserRewards ---> TOURGUIDESERVICE
getUserRewards ---> TOURGUIDESERVICE
getUserRewards ---> TOURGUIDESERVICE
getUserRewards ---> TOURGUIDESERVICE
getUserRewards ---> TOURGUIDESERVICE
getUserRewards ---> TOURGUIDESERVICE
getUserRewards ---> TOURGUIDESERVICE
getUserRewards ---> TOURGUIDESERVICE
getUserRewards ---> TOURGUIDESERVICE
getUserRewards ---> TOURGUIDESERVICE
getUserRewards ---> TOURGUIDESERVICE
getUserRewards ---> TOURGUIDESERVICE
getUserRewards ---> TOURGUIDESERVICE
getUserRewards ---> TOURGUIDESERVICE
getUserRewards ---> TOURGUIDESERVICE
getUserRewards ---> TOURGUIDESERVICE
getUserRewards ---> TOURGUIDESERVICE
getUserRewards ---> TOURGUIDESERVICE
getUserRewards ---> TOURGUIDESERVICE
getUserRewards ---> TOURGUIDESERVICE
getUserRewards ---> TOURGUIDESERVICE
getUserRewards ---> TOURGUIDESERVICE
getUserRewards ---> TOURGUIDESERVICE
getUserRewards ---> TOURGUIDESERVICE
getUserRewards ---> TOURGUIDESERVICE
getUserRewards ---> TOURGUIDESERVICE
getUserRewards ---> TOURGUIDESERVICE
getUserRewards ---> TOURGUIDESERVICE
getUserRewards ---> TOURGUIDESERVICE
getUserRewards ---> TOURGUIDESERVICE
getUserRewards ---> TOURGUIDESERVICE
getUserRewards ---> TOURGUIDESERVICE
getUserRewards ---> TOURGUIDESERVICE
getUserRewards ---> TOURGUIDESERVICE
getUserRewards ---> TOURGUIDESERVICE
getUserRewards ---> TOURGUIDESERVICE
getUserRewards ---> TOURGUIDESERVICE
getUserRewards ---> TOURGUIDESERVICE
getUserRewards ---> TOURGUIDESERVICE
getUserRewards ---> TOURGUIDESERVICE
getUserRewards ---> TOURGUIDESERVICE
getUserRewards ---> TOURGUIDESERVICE
getUserRewards ---> TOURGUIDESERVICE
getUserRewards ---> TOURGUIDESERVICE
getUserRewards ---> TOURGUIDESERVICE
getUserRewards ---> TOURGUIDESERVICE
getUserRewards ---> TOURGUIDESERVICE
getUserRewards ---> TOURGUIDESERVICE
getUserRewards ---> TOURGUIDESERVICE
getUserRewards ---> TOURGUIDESERVICE
getUserRewards ---> TOURGUIDESERVICE
getUserRewards ---> TOURGUIDESERVICE
getUserRewards ---> TOURGUIDESERVICE
getUserRewards ---> TOURGUIDESERVICE
getUserRewards ---> TOURGUIDESERVICE
getUserRewards ---> TOURGUIDESERVICE
getUserRewards ---> TOURGUIDESERVICE
getUserRewards ---> TOURGUIDESERVICE
getUserRewards ---> TOURGUIDESERVICE
getUserRewards ---> TOURGUIDESERVICE
getUserRewards ---> TOURGUIDESERVICE
getUserRewards ---> TOURGUIDESERVICE
getUserRewards ---> TOURGUIDESERVICE
getUserRewards ---> TOURGUIDESERVICE
getUserRewards ---> TOURGUIDESERVICE
getUserRewards ---> TOURGUIDESERVICE
getUserRewards ---> TOURGUIDESERVICE
getUserRewards ---> TOURGUIDESERVICE
getUserRewards ---> TOURGUIDESERVICE
getUserRewards ---> TOURGUIDESERVICE
getUserRewards ---> TOURGUIDESERVICE
getUserRewards ---> TOURGUIDESERVICE
getUserRewards ---> TOURGUIDESERVICE
getUserRewards ---> TOURGUIDESERVICE
getUserRewards ---> TOURGUIDESERVICE
getUserRewards ---> TOURGUIDESERVICE
getUserRewards ---> TOURGUIDESERVICE
getUserRewards ---> TOURGUIDESERVICE
getUserRewards ---> TOURGUIDESERVICE
getUserRewards ---> TOURGUIDESERVICE
getUserRewards ---> TOURGUIDESERVICE
getUserRewards ---> TOURGUIDESERVICE
getUserRewards ---> TOURGUIDESERVICE
getUserRewards ---> TOURGUIDESERVICE
getUserRewards ---> TOURGUIDESERVICE
getUserRewards ---> TOURGUIDESERVICE
getUserRewards ---> TOURGUIDESERVICE
getUserRewards ---> TOURGUIDESERVICE
getUserRewards ---> TOURGUIDESERVICE
getUserRewards ---> TOURGUIDESERVICE
getUserRewards ---> TOURGUIDESERVICE
getUserRewards ---> TOURGUIDESERVICE
getUserRewards ---> TOURGUIDESERVICE
getUserRewards ---> TOURGUIDESERVICE
getUserRewards ---> TOURGUIDESERVICE
getUserRewards ---> TOURGUIDESERVICE
getUserRewards ---> TOURGUIDESERVICE
getUserRewards ---> TOURGUIDESERVICE
getUserRewards ---> TOURGUIDESERVICE
getUserRewards ---> TOURGUIDESERVICE
getUserRewards ---> TOURGUIDESERVICE
getUserRewards ---> TOURGUIDESERVICE
getUserRewards ---> TOURGUIDESERVICE
getUserRewards ---> TOURGUIDESERVICE
getUserRewards ---> TOURGUIDESERVICE
getUserRewards ---> TOURGUIDESERVICE
getUserRewards ---> TOURGUIDESERVICE
getUserRewards ---> TOURGUIDESERVICE
getUserRewards ---> TOURGUIDESERVICE
getUserRewards ---> TOURGUIDESERVICE
getUserRewards ---> TOURGUIDESERVICE
getUserRewards ---> TOURGUIDESERVICE
getUserRewards ---> TOURGUIDESERVICE
getUserRewards ---> TOURGUIDESERVICE
getUserRewards ---> TOURGUIDESERVICE
getUserRewards ---> TOURGUIDESERVICE
getUserRewards ---> TOURGUIDESERVICE
getUserRewards ---> TOURGUIDESERVICE
getUserRewards ---> TOURGUIDESERVICE
getUserRewards ---> TOURGUIDESERVICE
getUserRewards ---> TOURGUIDESERVICE
getUserRewards ---> TOURGUIDESERVICE
getUserRewards ---> TOURGUIDESERVICE
getUserRewards ---> TOURGUIDESERVICE
getUserRewards ---> TOURGUIDESERVICE
getUserRewards ---> TOURGUIDESERVICE
getUserRewards ---> TOURGUIDESERVICE
getUserRewards ---> TOURGUIDESERVICE
getUserRewards ---> TOURGUIDESERVICE
getUserRewards ---> TOURGUIDESERVICE
getUserRewards ---> TOURGUIDESERVICE
getUserRewards ---> TOURGUIDESERVICE
getUserRewards ---> TOURGUIDESERVICE
getUserRewards ---> TOURGUIDESERVICE
getUserRewards ---> TOURGUIDESERVICE
getUserRewards ---> TOURGUIDESERVICE
getUserRewards ---> TOURGUIDESERVICE
getUserRewards ---> TOURGUIDESERVICE
getUserRewards ---> TOURGUIDESERVICE
getUserRewards ---> TOURGUIDESERVICE
getUserRewards ---> TOURGUIDESERVICE
getUserRewards ---> TOURGUIDESERVICE
getUserRewards ---> TOURGUIDESERVICE
getUserRewards ---> TOURGUIDESERVICE
getUserRewards ---> TOURGUIDESERVICE
getUserRewards ---> TOURGUIDESERVICE
getUserRewards ---> TOURGUIDESERVICE
getUserRewards ---> TOURGUIDESERVICE
getUserRewards ---> TOURGUIDESERVICE
getUserRewards ---> TOURGUIDESERVICE
getUserRewards ---> TOURGUIDESERVICE
getUserRewards ---> TOURGUIDESERVICE
getUserRewards ---> TOURGUIDESERVICE
getUserRewards ---> TOURGUIDESERVICE
getUserRewards ---> TOURGUIDESERVICE
getUserRewards ---> TOURGUIDESERVICE
getUserRewards ---> TOURGUIDESERVICE
getUserRewards ---> TOURGUIDESERVICE
getUserRewards ---> TOURGUIDESERVICE
getUserRewards ---> TOURGUIDESERVICE
getUserRewards ---> TOURGUIDESERVICE
getUserRewards ---> TOURGUIDESERVICE
getUserRewards ---> TOURGUIDESERVICE
getUserRewards ---> TOURGUIDESERVICE
getUserRewards ---> TOURGUIDESERVICE
getUserRewards ---> TOURGUIDESERVICE
getUserRewards ---> TOURGUIDESERVICE
getUserRewards ---> TOURGUIDESERVICE
getUserRewards ---> TOURGUIDESERVICE
getUserRewards ---> TOURGUIDESERVICE
getUserRewards ---> TOURGUIDESERVICE
getUserRewards ---> TOURGUIDESERVICE
getUserRewards ---> TOURGUIDESERVICE
getUserRewards ---> TOURGUIDESERVICE
getUserRewards ---> TOURGUIDESERVICE
getUserRewards ---> TOURGUIDESERVICE
getUserRewards ---> TOURGUIDESERVICE
getUserRewards ---> TOURGUIDESERVICE
getUserRewards ---> TOURGUIDESERVICE
getUserRewards ---> TOURGUIDESERVICE
getUserRewards ---> TOURGUIDESERVICE
getUserRewards ---> TOURGUIDESERVICE
getUserRewards ---> TOURGUIDESERVICE
getUserRewards ---> TOURGUIDESERVICE
getUserRewards ---> TOURGUIDESERVICE
getUserRewards ---> TOURGUIDESERVICE
getUserRewards ---> TOURGUIDESERVICE
getUserRewards ---> TOURGUIDESERVICE
getUserRewards ---> TOURGUIDESERVICE
getUserRewards ---> TOURGUIDESERVICE
getUserRewards ---> TOURGUIDESERVICE
getUserRewards ---> TOURGUIDESERVICE
getUserRewards ---> TOURGUIDESERVICE
getUserRewards ---> TOURGUIDESERVICE
getUserRewards ---> TOURGUIDESERVICE
getUserRewards ---> TOURGUIDESERVICE
getUserRewards ---> TOURGUIDESERVICE
getUserRewards ---> TOURGUIDESERVICE
getUserRewards ---> TOURGUIDESERVICE
getUserRewards ---> TOURGUIDESERVICE
getUserRewards ---> TOURGUIDESERVICE
getUserRewards ---> TOURGUIDESERVICE
getUserRewards ---> TOURGUIDESERVICE
getUserRewards ---> TOURGUIDESERVICE
getUserRewards ---> TOURGUIDESERVICE
getUserRewards ---> TOURGUIDESERVICE
getUserRewards ---> TOURGUIDESERVICE
getUserRewards ---> TOURGUIDESERVICE
getUserRewards ---> TOURGUIDESERVICE
getUserRewards ---> TOURGUIDESERVICE
getUserRewards ---> TOURGUIDESERVICE
getUserRewards ---> TOURGUIDESERVICE
getUserRewards ---> TOURGUIDESERVICE
getUserRewards ---> TOURGUIDESERVICE
getUserRewards ---> TOURGUIDESERVICE
getUserRewards ---> TOURGUIDESERVICE
getUserRewards ---> TOURGUIDESERVICE
getUserRewards ---> TOURGUIDESERVICE
getUserRewards ---> TOURGUIDESERVICE
getUserRewards ---> TOURGUIDESERVICE
getUserRewards ---> TOURGUIDESERVICE
getUserRewards ---> TOURGUIDESERVICE
getUserRewards ---> TOURGUIDESERVICE
getUserRewards ---> TOURGUIDESERVICE
getUserRewards ---> TOURGUIDESERVICE
getUserRewards ---> TOURGUIDESERVICE
getUserRewards ---> TOURGUIDESERVICE
getUserRewards ---> TOURGUIDESERVICE
getUserRewards ---> TOURGUIDESERVICE
getUserRewards ---> TOURGUIDESERVICE
getUserRewards ---> TOURGUIDESERVICE
getUserRewards ---> TOURGUIDESERVICE
getUserRewards ---> TOURGUIDESERVICE
getUserRewards ---> TOURGUIDESERVICE
getUserRewards ---> TOURGUIDESERVICE
getUserRewards ---> TOURGUIDESERVICE
getUserRewards ---> TOURGUIDESERVICE
getUserRewards ---> TOURGUIDESERVICE
getUserRewards ---> TOURGUIDESERVICE
getUserRewards ---> TOURGUIDESERVICE
getUserRewards ---> TOURGUIDESERVICE
getUserRewards ---> TOURGUIDESERVICE
getUserRewards ---> TOURGUIDESERVICE
getUserRewards ---> TOURGUIDESERVICE
getUserRewards ---> TOURGUIDESERVICE
getUserRewards ---> TOURGUIDESERVICE
getUserRewards ---> TOURGUIDESERVICE
getUserRewards ---> TOURGUIDESERVICE
getUserRewards ---> TOURGUIDESERVICE
getUserRewards ---> TOURGUIDESERVICE
getUserRewards ---> TOURGUIDESERVICE
getUserRewards ---> TOURGUIDESERVICE
getUserRewards ---> TOURGUIDESERVICE
getUserRewards ---> TOURGUIDESERVICE
getUserRewards ---> TOURGUIDESERVICE
getUserRewards ---> TOURGUIDESERVICE
getUserRewards ---> TOURGUIDESERVICE
getUserRewards ---> TOURGUIDESERVICE
getUserRewards ---> TOURGUIDESERVICE
getUserRewards ---> TOURGUIDESERVICE
getUserRewards ---> TOURGUIDESERVICE
getUserRewards ---> TOURGUIDESERVICE
getUserRewards ---> TOURGUIDESERVICE
getUserRewards ---> TOURGUIDESERVICE
getUserRewards ---> TOURGUIDESERVICE
getUserRewards ---> TOURGUIDESERVICE
getUserRewards ---> TOURGUIDESERVICE
getUserRewards ---> TOURGUIDESERVICE
getUserRewards ---> TOURGUIDESERVICE
getUserRewards ---> TOURGUIDESERVICE
getUserRewards ---> TOURGUIDESERVICE
getUserRewards ---> TOURGUIDESERVICE
getUserRewards ---> TOURGUIDESERVICE
getUserRewards ---> TOURGUIDESERVICE
getUserRewards ---> TOURGUIDESERVICE
getUserRewards ---> TOURGUIDESERVICE
getUserRewards ---> TOURGUIDESERVICE
getUserRewards ---> TOURGUIDESERVICE
getUserRewards ---> TOURGUIDESERVICE
getUserRewards ---> TOURGUIDESERVICE
getUserRewards ---> TOURGUIDESERVICE
getUserRewards ---> TOURGUIDESERVICE
getUserRewards ---> TOURGUIDESERVICE
getUserRewards ---> TOURGUIDESERVICE
getUserRewards ---> TOURGUIDESERVICE
getUserRewards ---> TOURGUIDESERVICE
getUserRewards ---> TOURGUIDESERVICE
getUserRewards ---> TOURGUIDESERVICE
getUserRewards ---> TOURGUIDESERVICE
getUserRewards ---> TOURGUIDESERVICE
getUserRewards ---> TOURGUIDESERVICE
getUserRewards ---> TOURGUIDESERVICE
getUserRewards ---> TOURGUIDESERVICE
getUserRewards ---> TOURGUIDESERVICE
getUserRewards ---> TOURGUIDESERVICE
getUserRewards ---> TOURGUIDESERVICE
getUserRewards ---> TOURGUIDESERVICE
getUserRewards ---> TOURGUIDESERVICE
getUserRewards ---> TOURGUIDESERVICE
getUserRewards ---> TOURGUIDESERVICE
getUserRewards ---> TOURGUIDESERVICE
getUserRewards ---> TOURGUIDESERVICE
getUserRewards ---> TOURGUIDESERVICE
getUserRewards ---> TOURGUIDESERVICE
getUserRewards ---> TOURGUIDESERVICE
getUserRewards ---> TOURGUIDESERVICE
getUserRewards ---> TOURGUIDESERVICE
getUserRewards ---> TOURGUIDESERVICE
getUserRewards ---> TOURGUIDESERVICE
getUserRewards ---> TOURGUIDESERVICE
getUserRewards ---> TOURGUIDESERVICE
getUserRewards ---> TOURGUIDESERVICE
getUserRewards ---> TOURGUIDESERVICE
getUserRewards ---> TOURGUIDESERVICE
getUserRewards ---> TOURGUIDESERVICE
getUserRewards ---> TOURGUIDESERVICE
getUserRewards ---> TOURGUIDESERVICE
getUserRewards ---> TOURGUIDESERVICE
getUserRewards ---> TOURGUIDESERVICE
getUserRewards ---> TOURGUIDESERVICE
getUserRewards ---> TOURGUIDESERVICE
getUserRewards ---> TOURGUIDESERVICE
getUserRewards ---> TOURGUIDESERVICE
getUserRewards ---> TOURGUIDESERVICE
getUserRewards ---> TOURGUIDESERVICE
getUserRewards ---> TOURGUIDESERVICE
getUserRewards ---> TOURGUIDESERVICE
getUserRewards ---> TOURGUIDESERVICE
getUserRewards ---> TOURGUIDESERVICE
getUserRewards ---> TOURGUIDESERVICE
getUserRewards ---> TOURGUIDESERVICE
getUserRewards ---> TOURGUIDESERVICE
getUserRewards ---> TOURGUIDESERVICE
getUserRewards ---> TOURGUIDESERVICE
getUserRewards ---> TOURGUIDESERVICE
getUserRewards ---> TOURGUIDESERVICE
getUserRewards ---> TOURGUIDESERVICE
getUserRewards ---> TOURGUIDESERVICE
getUserRewards ---> TOURGUIDESERVICE
getUserRewards ---> TOURGUIDESERVICE
getUserRewards ---> TOURGUIDESERVICE
getUserRewards ---> TOURGUIDESERVICE
getUserRewards ---> TOURGUIDESERVICE
getUserRewards ---> TOURGUIDESERVICE
getUserRewards ---> TOURGUIDESERVICE
getUserRewards ---> TOURGUIDESERVICE
getUserRewards ---> TOURGUIDESERVICE
getUserRewards ---> TOURGUIDESERVICE
getUserRewards ---> TOURGUIDESERVICE
getUserRewards ---> TOURGUIDESERVICE
getUserRewards ---> TOURGUIDESERVICE
getUserRewards ---> TOURGUIDESERVICE
getUserRewards ---> TOURGUIDESERVICE
getUserRewards ---> TOURGUIDESERVICE
getUserRewards ---> TOURGUIDESERVICE
getUserRewards ---> TOURGUIDESERVICE
getUserRewards ---> TOURGUIDESERVICE
getUserRewards ---> TOURGUIDESERVICE
getUserRewards ---> TOURGUIDESERVICE
getUserRewards ---> TOURGUIDESERVICE
getUserRewards ---> TOURGUIDESERVICE
getUserRewards ---> TOURGUIDESERVICE
getUserRewards ---> TOURGUIDESERVICE
getUserRewards ---> TOURGUIDESERVICE
getUserRewards ---> TOURGUIDESERVICE
getUserRewards ---> TOURGUIDESERVICE
getUserRewards ---> TOURGUIDESERVICE
getUserRewards ---> TOURGUIDESERVICE
getUserRewards ---> TOURGUIDESERVICE
getUserRewards ---> TOURGUIDESERVICE
getUserRewards ---> TOURGUIDESERVICE
getUserRewards ---> TOURGUIDESERVICE
getUserRewards ---> TOURGUIDESERVICE
getUserRewards ---> TOURGUIDESERVICE
getUserRewards ---> TOURGUIDESERVICE
getUserRewards ---> TOURGUIDESERVICE
getUserRewards ---> TOURGUIDESERVICE
getUserRewards ---> TOURGUIDESERVICE
getUserRewards ---> TOURGUIDESERVICE
getUserRewards ---> TOURGUIDESERVICE
getUserRewards ---> TOURGUIDESERVICE
getUserRewards ---> TOURGUIDESERVICE
getUserRewards ---> TOURGUIDESERVICE
getUserRewards ---> TOURGUIDESERVICE
getUserRewards ---> TOURGUIDESERVICE
getUserRewards ---> TOURGUIDESERVICE
getUserRewards ---> TOURGUIDESERVICE
getUserRewards ---> TOURGUIDESERVICE
getUserRewards ---> TOURGUIDESERVICE
getUserRewards ---> TOURGUIDESERVICE
getUserRewards ---> TOURGUIDESERVICE
getUserRewards ---> TOURGUIDESERVICE
getUserRewards ---> TOURGUIDESERVICE
getUserRewards ---> TOURGUIDESERVICE
getUserRewards ---> TOURGUIDESERVICE
getUserRewards ---> TOURGUIDESERVICE
getUserRewards ---> TOURGUIDESERVICE
getUserRewards ---> TOURGUIDESERVICE
getUserRewards ---> TOURGUIDESERVICE
getUserRewards ---> TOURGUIDESERVICE
getUserRewards ---> TOURGUIDESERVICE
getUserRewards ---> TOURGUIDESERVICE
getUserRewards ---> TOURGUIDESERVICE
getUserRewards ---> TOURGUIDESERVICE
getUserRewards ---> TOURGUIDESERVICE
getUserRewards ---> TOURGUIDESERVICE
getUserRewards ---> TOURGUIDESERVICE
getUserRewards ---> TOURGUIDESERVICE
getUserRewards ---> TOURGUIDESERVICE
getUserRewards ---> TOURGUIDESERVICE
getUserRewards ---> TOURGUIDESERVICE
getUserRewards ---> TOURGUIDESERVICE
getUserRewards ---> TOURGUIDESERVICE
getUserRewards ---> TOURGUIDESERVICE
getUserRewards ---> TOURGUIDESERVICE
getUserRewards ---> TOURGUIDESERVICE
getUserRewards ---> TOURGUIDESERVICE
getUserRewards ---> TOURGUIDESERVICE
getUserRewards ---> TOURGUIDESERVICE
getUserRewards ---> TOURGUIDESERVICE
getUserRewards ---> TOURGUIDESERVICE
getUserRewards ---> TOURGUIDESERVICE
getUserRewards ---> TOURGUIDESERVICE
getUserRewards ---> TOURGUIDESERVICE
getUserRewards ---> TOURGUIDESERVICE
getUserRewards ---> TOURGUIDESERVICE
getUserRewards ---> TOURGUIDESERVICE
getUserRewards ---> TOURGUIDESERVICE
getUserRewards ---> TOURGUIDESERVICE
getUserRewards ---> TOURGUIDESERVICE
getUserRewards ---> TOURGUIDESERVICE
getUserRewards ---> TOURGUIDESERVICE
getUserRewards ---> TOURGUIDESERVICE
getUserRewards ---> TOURGUIDESERVICE
getUserRewards ---> TOURGUIDESERVICE
getUserRewards ---> TOURGUIDESERVICE
getUserRewards ---> TOURGUIDESERVICE
getUserRewards ---> TOURGUIDESERVICE
getUserRewards ---> TOURGUIDESERVICE
getUserRewards ---> TOURGUIDESERVICE
getUserRewards ---> TOURGUIDESERVICE
getUserRewards ---> TOURGUIDESERVICE
getUserRewards ---> TOURGUIDESERVICE
getUserRewards ---> TOURGUIDESERVICE
getUserRewards ---> TOURGUIDESERVICE
getUserRewards ---> TOURGUIDESERVICE
getUserRewards ---> TOURGUIDESERVICE
getUserRewards ---> TOURGUIDESERVICE
getUserRewards ---> TOURGUIDESERVICE
getUserRewards ---> TOURGUIDESERVICE
getUserRewards ---> TOURGUIDESERVICE
getUserRewards ---> TOURGUIDESERVICE
getUserRewards ---> TOURGUIDESERVICE
getUserRewards ---> TOURGUIDESERVICE
getUserRewards ---> TOURGUIDESERVICE
getUserRewards ---> TOURGUIDESERVICE
getUserRewards ---> TOURGUIDESERVICE
getUserRewards ---> TOURGUIDESERVICE
getUserRewards ---> TOURGUIDESERVICE
getUserRewards ---> TOURGUIDESERVICE
getUserRewards ---> TOURGUIDESERVICE
getUserRewards ---> TOURGUIDESERVICE
getUserRewards ---> TOURGUIDESERVICE
getUserRewards ---> TOURGUIDESERVICE
getUserRewards ---> TOURGUIDESERVICE
getUserRewards ---> TOURGUIDESERVICE
getUserRewards ---> TOURGUIDESERVICE
getUserRewards ---> TOURGUIDESERVICE
getUserRewards ---> TOURGUIDESERVICE
getUserRewards ---> TOURGUIDESERVICE
getUserRewards ---> TOURGUIDESERVICE
getUserRewards ---> TOURGUIDESERVICE
getUserRewards ---> TOURGUIDESERVICE
getUserRewards ---> TOURGUIDESERVICE
getUserRewards ---> TOURGUIDESERVICE
getUserRewards ---> TOURGUIDESERVICE
getUserRewards ---> TOURGUIDESERVICE
getUserRewards ---> TOURGUIDESERVICE
getUserRewards ---> TOURGUIDESERVICE
getUserRewards ---> TOURGUIDESERVICE
getUserRewards ---> TOURGUIDESERVICE
getUserRewards ---> TOURGUIDESERVICE
getUserRewards ---> TOURGUIDESERVICE
getUserRewards ---> TOURGUIDESERVICE
getUserRewards ---> TOURGUIDESERVICE
getUserRewards ---> TOURGUIDESERVICE
getUserRewards ---> TOURGUIDESERVICE
getUserRewards ---> TOURGUIDESERVICE
getUserRewards ---> TOURGUIDESERVICE
getUserRewards ---> TOURGUIDESERVICE
getUserRewards ---> TOURGUIDESERVICE
getUserRewards ---> TOURGUIDESERVICE
getUserRewards ---> TOURGUIDESERVICE
getUserRewards ---> TOURGUIDESERVICE
getUserRewards ---> TOURGUIDESERVICE
getUserRewards ---> TOURGUIDESERVICE
getUserRewards ---> TOURGUIDESERVICE
getUserRewards ---> TOURGUIDESERVICE
getUserRewards ---> TOURGUIDESERVICE
getUserRewards ---> TOURGUIDESERVICE
getUserRewards ---> TOURGUIDESERVICE
getUserRewards ---> TOURGUIDESERVICE
getUserRewards ---> TOURGUIDESERVICE
getUserRewards ---> TOURGUIDESERVICE
getUserRewards ---> TOURGUIDESERVICE
getUserRewards ---> TOURGUIDESERVICE
getUserRewards ---> TOURGUIDESERVICE
getUserRewards ---> TOURGUIDESERVICE
getUserRewards ---> TOURGUIDESERVICE
getUserRewards ---> TOURGUIDESERVICE
getUserRewards ---> TOURGUIDESERVICE
getUserRewards ---> TOURGUIDESERVICE
getUserRewards ---> TOURGUIDESERVICE
getUserRewards ---> TOURGUIDESERVICE
getUserRewards ---> TOURGUIDESERVICE
getUserRewards ---> TOURGUIDESERVICE
getUserRewards ---> TOURGUIDESERVICE
getUserRewards ---> TOURGUIDESERVICE
getUserRewards ---> TOURGUIDESERVICE
getUserRewards ---> TOURGUIDESERVICE
getUserRewards ---> TOURGUIDESERVICE
getUserRewards ---> TOURGUIDESERVICE
getUserRewards ---> TOURGUIDESERVICE
getUserRewards ---> TOURGUIDESERVICE
getUserRewards ---> TOURGUIDESERVICE
getUserRewards ---> TOURGUIDESERVICE
getUserRewards ---> TOURGUIDESERVICE
getUserRewards ---> TOURGUIDESERVICE
getUserRewards ---> TOURGUIDESERVICE
getUserRewards ---> TOURGUIDESERVICE
getUserRewards ---> TOURGUIDESERVICE
getUserRewards ---> TOURGUIDESERVICE
getUserRewards ---> TOURGUIDESERVICE
getUserRewards ---> TOURGUIDESERVICE
getUserRewards ---> TOURGUIDESERVICE
getUserRewards ---> TOURGUIDESERVICE
getUserRewards ---> TOURGUIDESERVICE
getUserRewards ---> TOURGUIDESERVICE
getUserRewards ---> TOURGUIDESERVICE
getUserRewards ---> TOURGUIDESERVICE
getUserRewards ---> TOURGUIDESERVICE
getUserRewards ---> TOURGUIDESERVICE
getUserRewards ---> TOURGUIDESERVICE
getUserRewards ---> TOURGUIDESERVICE
getUserRewards ---> TOURGUIDESERVICE
getUserRewards ---> TOURGUIDESERVICE
getUserRewards ---> TOURGUIDESERVICE
getUserRewards ---> TOURGUIDESERVICE
getUserRewards ---> TOURGUIDESERVICE
getUserRewards ---> TOURGUIDESERVICE
getUserRewards ---> TOURGUIDESERVICE
getUserRewards ---> TOURGUIDESERVICE
getUserRewards ---> TOURGUIDESERVICE
getUserRewards ---> TOURGUIDESERVICE
getUserRewards ---> TOURGUIDESERVICE
getUserRewards ---> TOURGUIDESERVICE
getUserRewards ---> TOURGUIDESERVICE
getUserRewards ---> TOURGUIDESERVICE
getUserRewards ---> TOURGUIDESERVICE
getUserRewards ---> TOURGUIDESERVICE
getUserRewards ---> TOURGUIDESERVICE
getUserRewards ---> TOURGUIDESERVICE
getUserRewards ---> TOURGUIDESERVICE
getUserRewards ---> TOURGUIDESERVICE
getUserRewards ---> TOURGUIDESERVICE
getUserRewards ---> TOURGUIDESERVICE
getUserRewards ---> TOURGUIDESERVICE
getUserRewards ---> TOURGUIDESERVICE
getUserRewards ---> TOURGUIDESERVICE
getUserRewards ---> TOURGUIDESERVICE
getUserRewards ---> TOURGUIDESERVICE
getUserRewards ---> TOURGUIDESERVICE
getUserRewards ---> TOURGUIDESERVICE
getUserRewards ---> TOURGUIDESERVICE
getUserRewards ---> TOURGUIDESERVICE
getUserRewards ---> TOURGUIDESERVICE
getUserRewards ---> TOURGUIDESERVICE
getUserRewards ---> TOURGUIDESERVICE
getUserRewards ---> TOURGUIDESERVICE
getUserRewards ---> TOURGUIDESERVICE
getUserRewards ---> TOURGUIDESERVICE
getUserRewards ---> TOURGUIDESERVICE
getUserRewards ---> TOURGUIDESERVICE
getUserRewards ---> TOURGUIDESERVICE
getUserRewards ---> TOURGUIDESERVICE
getUserRewards ---> TOURGUIDESERVICE
getUserRewards ---> TOURGUIDESERVICE
getUserRewards ---> TOURGUIDESERVICE
getUserRewards ---> TOURGUIDESERVICE
getUserRewards ---> TOURGUIDESERVICE
getUserRewards ---> TOURGUIDESERVICE
getUserRewards ---> TOURGUIDESERVICE
getUserRewards ---> TOURGUIDESERVICE
getUserRewards ---> TOURGUIDESERVICE
getUserRewards ---> TOURGUIDESERVICE
getUserRewards ---> TOURGUIDESERVICE
getUserRewards ---> TOURGUIDESERVICE
getUserRewards ---> TOURGUIDESERVICE
getUserRewards ---> TOURGUIDESERVICE
getUserRewards ---> TOURGUIDESERVICE
getUserRewards ---> TOURGUIDESERVICE
getUserRewards ---> TOURGUIDESERVICE
getUserRewards ---> TOURGUIDESERVICE
getUserRewards ---> TOURGUIDESERVICE
getUserRewards ---> TOURGUIDESERVICE
getUserRewards ---> TOURGUIDESERVICE
getUserRewards ---> TOURGUIDESERVICE
getUserRewards ---> TOURGUIDESERVICE
getUserRewards ---> TOURGUIDESERVICE
getUserRewards ---> TOURGUIDESERVICE
getUserRewards ---> TOURGUIDESERVICE
getUserRewards ---> TOURGUIDESERVICE
getUserRewards ---> TOURGUIDESERVICE
getUserRewards ---> TOURGUIDESERVICE
getUserRewards ---> TOURGUIDESERVICE
getUserRewards ---> TOURGUIDESERVICE
getUserRewards ---> TOURGUIDESERVICE
getUserRewards ---> TOURGUIDESERVICE
getUserRewards ---> TOURGUIDESERVICE
getUserRewards ---> TOURGUIDESERVICE
getUserRewards ---> TOURGUIDESERVICE
getUserRewards ---> TOURGUIDESERVICE
getUserRewards ---> TOURGUIDESERVICE
getUserRewards ---> TOURGUIDESERVICE
getUserRewards ---> TOURGUIDESERVICE
getUserRewards ---> TOURGUIDESERVICE
getUserRewards ---> TOURGUIDESERVICE
getUserRewards ---> TOURGUIDESERVICE
getUserRewards ---> TOURGUIDESERVICE
getUserRewards ---> TOURGUIDESERVICE
getUserRewards ---> TOURGUIDESERVICE
getUserRewards ---> TOURGUIDESERVICE
getUserRewards ---> TOURGUIDESERVICE
getUserRewards ---> TOURGUIDESERVICE
getUserRewards ---> TOURGUIDESERVICE
getUserRewards ---> TOURGUIDESERVICE
getUserRewards ---> TOURGUIDESERVICE
getUserRewards ---> TOURGUIDESERVICE
getUserRewards ---> TOURGUIDESERVICE
getUserRewards ---> TOURGUIDESERVICE
getUserRewards ---> TOURGUIDESERVICE
getUserRewards ---> TOURGUIDESERVICE
getUserRewards ---> TOURGUIDESERVICE
getUserRewards ---> TOURGUIDESERVICE
getUserRewards ---> TOURGUIDESERVICE
getUserRewards ---> TOURGUIDESERVICE
getUserRewards ---> TOURGUIDESERVICE
getUserRewards ---> TOURGUIDESERVICE
getUserRewards ---> TOURGUIDESERVICE
getUserRewards ---> TOURGUIDESERVICE
getUserRewards ---> TOURGUIDESERVICE
getUserRewards ---> TOURGUIDESERVICE
getUserRewards ---> TOURGUIDESERVICE
getUserRewards ---> TOURGUIDESERVICE
getUserRewards ---> TOURGUIDESERVICE
getUserRewards ---> TOURGUIDESERVICE
getUserRewards ---> TOURGUIDESERVICE
getUserRewards ---> TOURGUIDESERVICE
getUserRewards ---> TOURGUIDESERVICE
getUserRewards ---> TOURGUIDESERVICE
getUserRewards ---> TOURGUIDESERVICE
getUserRewards ---> TOURGUIDESERVICE
getUserRewards ---> TOURGUIDESERVICE
getUserRewards ---> TOURGUIDESERVICE
getUserRewards ---> TOURGUIDESERVICE
getUserRewards ---> TOURGUIDESERVICE
getUserRewards ---> TOURGUIDESERVICE
getUserRewards ---> TOURGUIDESERVICE
getUserRewards ---> TOURGUIDESERVICE
getUserRewards ---> TOURGUIDESERVICE
getUserRewards ---> TOURGUIDESERVICE
getUserRewards ---> TOURGUIDESERVICE
getUserRewards ---> TOURGUIDESERVICE
getUserRewards ---> TOURGUIDESERVICE
getUserRewards ---> TOURGUIDESERVICE
getUserRewards ---> TOURGUIDESERVICE
getUserRewards ---> TOURGUIDESERVICE
getUserRewards ---> TOURGUIDESERVICE
getUserRewards ---> TOURGUIDESERVICE
getUserRewards ---> TOURGUIDESERVICE
getUserRewards ---> TOURGUIDESERVICE
getUserRewards ---> TOURGUIDESERVICE
getUserRewards ---> TOURGUIDESERVICE
getUserRewards ---> TOURGUIDESERVICE
getUserRewards ---> TOURGUIDESERVICE
getUserRewards ---> TOURGUIDESERVICE
getUserRewards ---> TOURGUIDESERVICE
getUserRewards ---> TOURGUIDESERVICE
getUserRewards ---> TOURGUIDESERVICE
getUserRewards ---> TOURGUIDESERVICE
getUserRewards ---> TOURGUIDESERVICE
getUserRewards ---> TOURGUIDESERVICE
getUserRewards ---> TOURGUIDESERVICE
getUserRewards ---> TOURGUIDESERVICE
getUserRewards ---> TOURGUIDESERVICE
getUserRewards ---> TOURGUIDESERVICE
getUserRewards ---> TOURGUIDESERVICE
getUserRewards ---> TOURGUIDESERVICE
getUserRewards ---> TOURGUIDESERVICE
getUserRewards ---> TOURGUIDESERVICE
getUserRewards ---> TOURGUIDESERVICE
getUserRewards ---> TOURGUIDESERVICE
getUserRewards ---> TOURGUIDESERVICE
getUserRewards ---> TOURGUIDESERVICE
getUserRewards ---> TOURGUIDESERVICE
getUserRewards ---> TOURGUIDESERVICE
getUserRewards ---> TOURGUIDESERVICE
getUserRewards ---> TOURGUIDESERVICE
getUserRewards ---> TOURGUIDESERVICE
getUserRewards ---> TOURGUIDESERVICE
getUserRewards ---> TOURGUIDESERVICE
getUserRewards ---> TOURGUIDESERVICE
getUserRewards ---> TOURGUIDESERVICE
getUserRewards ---> TOURGUIDESERVICE
getUserRewards ---> TOURGUIDESERVICE
getUserRewards ---> TOURGUIDESERVICE
getUserRewards ---> TOURGUIDESERVICE
getUserRewards ---> TOURGUIDESERVICE
getUserRewards ---> TOURGUIDESERVICE
getUserRewards ---> TOURGUIDESERVICE
getUserRewards ---> TOURGUIDESERVICE
getUserRewards ---> TOURGUIDESERVICE
getUserRewards ---> TOURGUIDESERVICE
getUserRewards ---> TOURGUIDESERVICE
getUserRewards ---> TOURGUIDESERVICE
getUserRewards ---> TOURGUIDESERVICE
getUserRewards ---> TOURGUIDESERVICE
getUserRewards ---> TOURGUIDESERVICE
getUserRewards ---> TOURGUIDESERVICE
getUserRewards ---> TOURGUIDESERVICE
getUserRewards ---> TOURGUIDESERVICE
getUserRewards ---> TOURGUIDESERVICE
getUserRewards ---> TOURGUIDESERVICE
getUserRewards ---> TOURGUIDESERVICE
getUserRewards ---> TOURGUIDESERVICE
getUserRewards ---> TOURGUIDESERVICE
getUserRewards ---> TOURGUIDESERVICE
getUserRewards ---> TOURGUIDESERVICE
getUserRewards ---> TOURGUIDESERVICE
getUserRewards ---> TOURGUIDESERVICE
getUserRewards ---> TOURGUIDESERVICE
getUserRewards ---> TOURGUIDESERVICE
getUserRewards ---> TOURGUIDESERVICE
getUserRewards ---> TOURGUIDESERVICE
getUserRewards ---> TOURGUIDESERVICE
getUserRewards ---> TOURGUIDESERVICE
getUserRewards ---> TOURGUIDESERVICE
getUserRewards ---> TOURGUIDESERVICE
getUserRewards ---> TOURGUIDESERVICE
getUserRewards ---> TOURGUIDESERVICE
getUserRewards ---> TOURGUIDESERVICE
getUserRewards ---> TOURGUIDESERVICE
getUserRewards ---> TOURGUIDESERVICE
getUserRewards ---> TOURGUIDESERVICE
getUserRewards ---> TOURGUIDESERVICE
getUserRewards ---> TOURGUIDESERVICE
getUserRewards ---> TOURGUIDESERVICE
getUserRewards ---> TOURGUIDESERVICE
getUserRewards ---> TOURGUIDESERVICE
getUserRewards ---> TOURGUIDESERVICE
getUserRewards ---> TOURGUIDESERVICE
getUserRewards ---> TOURGUIDESERVICE
getUserRewards ---> TOURGUIDESERVICE
getUserRewards ---> TOURGUIDESERVICE
getUserRewards ---> TOURGUIDESERVICE
getUserRewards ---> TOURGUIDESERVICE
getUserRewards ---> TOURGUIDESERVICE
getUserRewards ---> TOURGUIDESERVICE
getUserRewards ---> TOURGUIDESERVICE
getUserRewards ---> TOURGUIDESERVICE
getUserRewards ---> TOURGUIDESERVICE
getUserRewards ---> TOURGUIDESERVICE
getUserRewards ---> TOURGUIDESERVICE
getUserRewards ---> TOURGUIDESERVICE
getUserRewards ---> TOURGUIDESERVICE
getUserRewards ---> TOURGUIDESERVICE
getUserRewards ---> TOURGUIDESERVICE
getUserRewards ---> TOURGUIDESERVICE
getUserRewards ---> TOURGUIDESERVICE
getUserRewards ---> TOURGUIDESERVICE
getUserRewards ---> TOURGUIDESERVICE
getUserRewards ---> TOURGUIDESERVICE
getUserRewards ---> TOURGUIDESERVICE
getUserRewards ---> TOURGUIDESERVICE
getUserRewards ---> TOURGUIDESERVICE
getUserRewards ---> TOURGUIDESERVICE
getUserRewards ---> TOURGUIDESERVICE
getUserRewards ---> TOURGUIDESERVICE
getUserRewards ---> TOURGUIDESERVICE
getUserRewards ---> TOURGUIDESERVICE
getUserRewards ---> TOURGUIDESERVICE
getUserRewards ---> TOURGUIDESERVICE
getUserRewards ---> TOURGUIDESERVICE
getUserRewards ---> TOURGUIDESERVICE
getUserRewards ---> TOURGUIDESERVICE
getUserRewards ---> TOURGUIDESERVICE
getUserRewards ---> TOURGUIDESERVICE
getUserRewards ---> TOURGUIDESERVICE
getUserRewards ---> TOURGUIDESERVICE
getUserRewards ---> TOURGUIDESERVICE
getUserRewards ---> TOURGUIDESERVICE
getUserRewards ---> TOURGUIDESERVICE
getUserRewards ---> TOURGUIDESERVICE
getUserRewards ---> TOURGUIDESERVICE
getUserRewards ---> TOURGUIDESERVICE
getUserRewards ---> TOURGUIDESERVICE
getUserRewards ---> TOURGUIDESERVICE
getUserRewards ---> TOURGUIDESERVICE
getUserRewards ---> TOURGUIDESERVICE
getUserRewards ---> TOURGUIDESERVICE
getUserRewards ---> TOURGUIDESERVICE
getUserRewards ---> TOURGUIDESERVICE
getUserRewards ---> TOURGUIDESERVICE
getUserRewards ---> TOURGUIDESERVICE
getUserRewards ---> TOURGUIDESERVICE
getUserRewards ---> TOURGUIDESERVICE
getUserRewards ---> TOURGUIDESERVICE
getUserRewards ---> TOURGUIDESERVICE
getUserRewards ---> TOURGUIDESERVICE
getUserRewards ---> TOURGUIDESERVICE
getUserRewards ---> TOURGUIDESERVICE
getUserRewards ---> TOURGUIDESERVICE
getUserRewards ---> TOURGUIDESERVICE
getUserRewards ---> TOURGUIDESERVICE
getUserRewards ---> TOURGUIDESERVICE
getUserRewards ---> TOURGUIDESERVICE
getUserRewards ---> TOURGUIDESERVICE
getUserRewards ---> TOURGUIDESERVICE
getUserRewards ---> TOURGUIDESERVICE
getUserRewards ---> TOURGUIDESERVICE
getUserRewards ---> TOURGUIDESERVICE
getUserRewards ---> TOURGUIDESERVICE
getUserRewards ---> TOURGUIDESERVICE
getUserRewards ---> TOURGUIDESERVICE
getUserRewards ---> TOURGUIDESERVICE
getUserRewards ---> TOURGUIDESERVICE
getUserRewards ---> TOURGUIDESERVICE
getUserRewards ---> TOURGUIDESERVICE
getUserRewards ---> TOURGUIDESERVICE
getUserRewards ---> TOURGUIDESERVICE
getUserRewards ---> TOURGUIDESERVICE
getUserRewards ---> TOURGUIDESERVICE
getUserRewards ---> TOURGUIDESERVICE
getUserRewards ---> TOURGUIDESERVICE
getUserRewards ---> TOURGUIDESERVICE
getUserRewards ---> TOURGUIDESERVICE
getUserRewards ---> TOURGUIDESERVICE
getUserRewards ---> TOURGUIDESERVICE
getUserRewards ---> TOURGUIDESERVICE
getUserRewards ---> TOURGUIDESERVICE
getUserRewards ---> TOURGUIDESERVICE
getUserRewards ---> TOURGUIDESERVICE
getUserRewards ---> TOURGUIDESERVICE
getUserRewards ---> TOURGUIDESERVICE
getUserRewards ---> TOURGUIDESERVICE
getUserRewards ---> TOURGUIDESERVICE
getUserRewards ---> TOURGUIDESERVICE
getUserRewards ---> TOURGUIDESERVICE
getUserRewards ---> TOURGUIDESERVICE
getUserRewards ---> TOURGUIDESERVICE
getUserRewards ---> TOURGUIDESERVICE
getUserRewards ---> TOURGUIDESERVICE
getUserRewards ---> TOURGUIDESERVICE
getUserRewards ---> TOURGUIDESERVICE
getUserRewards ---> TOURGUIDESERVICE
getUserRewards ---> TOURGUIDESERVICE
getUserRewards ---> TOURGUIDESERVICE
getUserRewards ---> TOURGUIDESERVICE
getUserRewards ---> TOURGUIDESERVICE
getUserRewards ---> TOURGUIDESERVICE
getUserRewards ---> TOURGUIDESERVICE
getUserRewards ---> TOURGUIDESERVICE
getUserRewards ---> TOURGUIDESERVICE
getUserRewards ---> TOURGUIDESERVICE
getUserRewards ---> TOURGUIDESERVICE
getUserRewards ---> TOURGUIDESERVICE
getUserRewards ---> TOURGUIDESERVICE
getUserRewards ---> TOURGUIDESERVICE
getUserRewards ---> TOURGUIDESERVICE
getUserRewards ---> TOURGUIDESERVICE
getUserRewards ---> TOURGUIDESERVICE
getUserRewards ---> TOURGUIDESERVICE
getUserRewards ---> TOURGUIDESERVICE
getUserRewards ---> TOURGUIDESERVICE
getUserRewards ---> TOURGUIDESERVICE
getUserRewards ---> TOURGUIDESERVICE
getUserRewards ---> TOURGUIDESERVICE
getUserRewards ---> TOURGUIDESERVICE
getUserRewards ---> TOURGUIDESERVICE
getUserRewards ---> TOURGUIDESERVICE
getUserRewards ---> TOURGUIDESERVICE
getUserRewards ---> TOURGUIDESERVICE
getUserRewards ---> TOURGUIDESERVICE
getUserRewards ---> TOURGUIDESERVICE
getUserRewards ---> TOURGUIDESERVICE
getUserRewards ---> TOURGUIDESERVICE
getUserRewards ---> TOURGUIDESERVICE
getUserRewards ---> TOURGUIDESERVICE
getUserRewards ---> TOURGUIDESERVICE
getUserRewards ---> TOURGUIDESERVICE
getUserRewards ---> TOURGUIDESERVICE
getUserRewards ---> TOURGUIDESERVICE
getUserRewards ---> TOURGUIDESERVICE
getUserRewards ---> TOURGUIDESERVICE
getUserRewards ---> TOURGUIDESERVICE
getUserRewards ---> TOURGUIDESERVICE
getUserRewards ---> TOURGUIDESERVICE
getUserRewards ---> TOURGUIDESERVICE
getUserRewards ---> TOURGUIDESERVICE
getUserRewards ---> TOURGUIDESERVICE
getUserRewards ---> TOURGUIDESERVICE
getUserRewards ---> TOURGUIDESERVICE
getUserRewards ---> TOURGUIDESERVICE
getUserRewards ---> TOURGUIDESERVICE
getUserRewards ---> TOURGUIDESERVICE
getUserRewards ---> TOURGUIDESERVICE
getUserRewards ---> TOURGUIDESERVICE
getUserRewards ---> TOURGUIDESERVICE
getUserRewards ---> TOURGUIDESERVICE
getUserRewards ---> TOURGUIDESERVICE
getUserRewards ---> TOURGUIDESERVICE
getUserRewards ---> TOURGUIDESERVICE
getUserRewards ---> TOURGUIDESERVICE
getUserRewards ---> TOURGUIDESERVICE
getUserRewards ---> TOURGUIDESERVICE
getUserRewards ---> TOURGUIDESERVICE
getUserRewards ---> TOURGUIDESERVICE
getUserRewards ---> TOURGUIDESERVICE
getUserRewards ---> TOURGUIDESERVICE
getUserRewards ---> TOURGUIDESERVICE
getUserRewards ---> TOURGUIDESERVICE
getUserRewards ---> TOURGUIDESERVICE
getUserRewards ---> TOURGUIDESERVICE
getUserRewards ---> TOURGUIDESERVICE
getUserRewards ---> TOURGUIDESERVICE
getUserRewards ---> TOURGUIDESERVICE
getUserRewards ---> TOURGUIDESERVICE
getUserRewards ---> TOURGUIDESERVICE
getUserRewards ---> TOURGUIDESERVICE
getUserRewards ---> TOURGUIDESERVICE
getUserRewards ---> TOURGUIDESERVICE
getUserRewards ---> TOURGUIDESERVICE
getUserRewards ---> TOURGUIDESERVICE
getUserRewards ---> TOURGUIDESERVICE
getUserRewards ---> TOURGUIDESERVICE
getUserRewards ---> TOURGUIDESERVICE
getUserRewards ---> TOURGUIDESERVICE
getUserRewards ---> TOURGUIDESERVICE
getUserRewards ---> TOURGUIDESERVICE
getUserRewards ---> TOURGUIDESERVICE
getUserRewards ---> TOURGUIDESERVICE
getUserRewards ---> TOURGUIDESERVICE
getUserRewards ---> TOURGUIDESERVICE
getUserRewards ---> TOURGUIDESERVICE
getUserRewards ---> TOURGUIDESERVICE
getUserRewards ---> TOURGUIDESERVICE
getUserRewards ---> TOURGUIDESERVICE
getUserRewards ---> TOURGUIDESERVICE
getUserRewards ---> TOURGUIDESERVICE
getUserRewards ---> TOURGUIDESERVICE
getUserRewards ---> TOURGUIDESERVICE
getUserRewards ---> TOURGUIDESERVICE
getUserRewards ---> TOURGUIDESERVICE
getUserRewards ---> TOURGUIDESERVICE
getUserRewards ---> TOURGUIDESERVICE
getUserRewards ---> TOURGUIDESERVICE
getUserRewards ---> TOURGUIDESERVICE
getUserRewards ---> TOURGUIDESERVICE
getUserRewards ---> TOURGUIDESERVICE
getUserRewards ---> TOURGUIDESERVICE
getUserRewards ---> TOURGUIDESERVICE
getUserRewards ---> TOURGUIDESERVICE
getUserRewards ---> TOURGUIDESERVICE
getUserRewards ---> TOURGUIDESERVICE
getUserRewards ---> TOURGUIDESERVICE
getUserRewards ---> TOURGUIDESERVICE
getUserRewards ---> TOURGUIDESERVICE
getUserRewards ---> TOURGUIDESERVICE
getUserRewards ---> TOURGUIDESERVICE
getUserRewards ---> TOURGUIDESERVICE
getUserRewards ---> TOURGUIDESERVICE
getUserRewards ---> TOURGUIDESERVICE
getUserRewards ---> TOURGUIDESERVICE
getUserRewards ---> TOURGUIDESERVICE
getUserRewards ---> TOURGUIDESERVICE
getUserRewards ---> TOURGUIDESERVICE
getUserRewards ---> TOURGUIDESERVICE
getUserRewards ---> TOURGUIDESERVICE
getUserRewards ---> TOURGUIDESERVICE
getUserRewards ---> TOURGUIDESERVICE
getUserRewards ---> TOURGUIDESERVICE
getUserRewards ---> TOURGUIDESERVICE
getUserRewards ---> TOURGUIDESERVICE
getUserRewards ---> TOURGUIDESERVICE
getUserRewards ---> TOURGUIDESERVICE
getUserRewards ---> TOURGUIDESERVICE
getUserRewards ---> TOURGUIDESERVICE
getUserRewards ---> TOURGUIDESERVICE
getUserRewards ---> TOURGUIDESERVICE
getUserRewards ---> TOURGUIDESERVICE
getUserRewards ---> TOURGUIDESERVICE
getUserRewards ---> TOURGUIDESERVICE
getUserRewards ---> TOURGUIDESERVICE
getUserRewards ---> TOURGUIDESERVICE
getUserRewards ---> TOURGUIDESERVICE
getUserRewards ---> TOURGUIDESERVICE
getUserRewards ---> TOURGUIDESERVICE
getUserRewards ---> TOURGUIDESERVICE
getUserRewards ---> TOURGUIDESERVICE
getUserRewards ---> TOURGUIDESERVICE
getUserRewards ---> TOURGUIDESERVICE
getUserRewards ---> TOURGUIDESERVICE
getUserRewards ---> TOURGUIDESERVICE
getUserRewards ---> TOURGUIDESERVICE
getUserRewards ---> TOURGUIDESERVICE
getUserRewards ---> TOURGUIDESERVICE
getUserRewards ---> TOURGUIDESERVICE
getUserRewards ---> TOURGUIDESERVICE
getUserRewards ---> TOURGUIDESERVICE
getUserRewards ---> TOURGUIDESERVICE
getUserRewards ---> TOURGUIDESERVICE
getUserRewards ---> TOURGUIDESERVICE
getUserRewards ---> TOURGUIDESERVICE
getUserRewards ---> TOURGUIDESERVICE
getUserRewards ---> TOURGUIDESERVICE
getUserRewards ---> TOURGUIDESERVICE
getUserRewards ---> TOURGUIDESERVICE
getUserRewards ---> TOURGUIDESERVICE
getUserRewards ---> TOURGUIDESERVICE
getUserRewards ---> TOURGUIDESERVICE
getUserRewards ---> TOURGUIDESERVICE
getUserRewards ---> TOURGUIDESERVICE
getUserRewards ---> TOURGUIDESERVICE
getUserRewards ---> TOURGUIDESERVICE
getUserRewards ---> TOURGUIDESERVICE
getUserRewards ---> TOURGUIDESERVICE
getUserRewards ---> TOURGUIDESERVICE
getUserRewards ---> TOURGUIDESERVICE
getUserRewards ---> TOURGUIDESERVICE
getUserRewards ---> TOURGUIDESERVICE
getUserRewards ---> TOURGUIDESERVICE
getUserRewards ---> TOURGUIDESERVICE
getUserRewards ---> TOURGUIDESERVICE
getUserRewards ---> TOURGUIDESERVICE
getUserRewards ---> TOURGUIDESERVICE
getUserRewards ---> TOURGUIDESERVICE
getUserRewards ---> TOURGUIDESERVICE
getUserRewards ---> TOURGUIDESERVICE
getUserRewards ---> TOURGUIDESERVICE
getUserRewards ---> TOURGUIDESERVICE
getUserRewards ---> TOURGUIDESERVICE
getUserRewards ---> TOURGUIDESERVICE
getUserRewards ---> TOURGUIDESERVICE
getUserRewards ---> TOURGUIDESERVICE
getUserRewards ---> TOURGUIDESERVICE
getUserRewards ---> TOURGUIDESERVICE
getUserRewards ---> TOURGUIDESERVICE
getUserRewards ---> TOURGUIDESERVICE
getUserRewards ---> TOURGUIDESERVICE
getUserRewards ---> TOURGUIDESERVICE
getUserRewards ---> TOURGUIDESERVICE
getUserRewards ---> TOURGUIDESERVICE
getUserRewards ---> TOURGUIDESERVICE
getUserRewards ---> TOURGUIDESERVICE
getUserRewards ---> TOURGUIDESERVICE
getUserRewards ---> TOURGUIDESERVICE
getUserRewards ---> TOURGUIDESERVICE
getUserRewards ---> TOURGUIDESERVICE
getUserRewards ---> TOURGUIDESERVICE
getUserRewards ---> TOURGUIDESERVICE
getUserRewards ---> TOURGUIDESERVICE
getUserRewards ---> TOURGUIDESERVICE
getUserRewards ---> TOURGUIDESERVICE
getUserRewards ---> TOURGUIDESERVICE
getUserRewards ---> TOURGUIDESERVICE
getUserRewards ---> TOURGUIDESERVICE
getUserRewards ---> TOURGUIDESERVICE
getUserRewards ---> TOURGUIDESERVICE
getUserRewards ---> TOURGUIDESERVICE
getUserRewards ---> TOURGUIDESERVICE
getUserRewards ---> TOURGUIDESERVICE
getUserRewards ---> TOURGUIDESERVICE
getUserRewards ---> TOURGUIDESERVICE
getUserRewards ---> TOURGUIDESERVICE
getUserRewards ---> TOURGUIDESERVICE
getUserRewards ---> TOURGUIDESERVICE
getUserRewards ---> TOURGUIDESERVICE
getUserRewards ---> TOURGUIDESERVICE
getUserRewards ---> TOURGUIDESERVICE
getUserRewards ---> TOURGUIDESERVICE
getUserRewards ---> TOURGUIDESERVICE
getUserRewards ---> TOURGUIDESERVICE
getUserRewards ---> TOURGUIDESERVICE
getUserRewards ---> TOURGUIDESERVICE
getUserRewards ---> TOURGUIDESERVICE
getUserRewards ---> TOURGUIDESERVICE
getUserRewards ---> TOURGUIDESERVICE
getUserRewards ---> TOURGUIDESERVICE
getUserRewards ---> TOURGUIDESERVICE
getUserRewards ---> TOURGUIDESERVICE
getUserRewards ---> TOURGUIDESERVICE
getUserRewards ---> TOURGUIDESERVICE
getUserRewards ---> TOURGUIDESERVICE
getUserRewards ---> TOURGUIDESERVICE
getUserRewards ---> TOURGUIDESERVICE
getUserRewards ---> TOURGUIDESERVICE
getUserRewards ---> TOURGUIDESERVICE
getUserRewards ---> TOURGUIDESERVICE
getUserRewards ---> TOURGUIDESERVICE
getUserRewards ---> TOURGUIDESERVICE
getUserRewards ---> TOURGUIDESERVICE
getUserRewards ---> TOURGUIDESERVICE
getUserRewards ---> TOURGUIDESERVICE
getUserRewards ---> TOURGUIDESERVICE
getUserRewards ---> TOURGUIDESERVICE
getUserRewards ---> TOURGUIDESERVICE
getUserRewards ---> TOURGUIDESERVICE
getUserRewards ---> TOURGUIDESERVICE
getUserRewards ---> TOURGUIDESERVICE
getUserRewards ---> TOURGUIDESERVICE
getUserRewards ---> TOURGUIDESERVICE
getUserRewards ---> TOURGUIDESERVICE
getUserRewards ---> TOURGUIDESERVICE
getUserRewards ---> TOURGUIDESERVICE
getUserRewards ---> TOURGUIDESERVICE
getUserRewards ---> TOURGUIDESERVICE
getUserRewards ---> TOURGUIDESERVICE
getUserRewards ---> TOURGUIDESERVICE
getUserRewards ---> TOURGUIDESERVICE
getUserRewards ---> TOURGUIDESERVICE
getUserRewards ---> TOURGUIDESERVICE
getUserRewards ---> TOURGUIDESERVICE
getUserRewards ---> TOURGUIDESERVICE
getUserRewards ---> TOURGUIDESERVICE
getUserRewards ---> TOURGUIDESERVICE
getUserRewards ---> TOURGUIDESERVICE
getUserRewards ---> TOURGUIDESERVICE
getUserRewards ---> TOURGUIDESERVICE
getUserRewards ---> TOURGUIDESERVICE
getUserRewards ---> TOURGUIDESERVICE
getUserRewards ---> TOURGUIDESERVICE
getUserRewards ---> TOURGUIDESERVICE
getUserRewards ---> TOURGUIDESERVICE
getUserRewards ---> TOURGUIDESERVICE
getUserRewards ---> TOURGUIDESERVICE
getUserRewards ---> TOURGUIDESERVICE
getUserRewards ---> TOURGUIDESERVICE
getUserRewards ---> TOURGUIDESERVICE
getUserRewards ---> TOURGUIDESERVICE
getUserRewards ---> TOURGUIDESERVICE
getUserRewards ---> TOURGUIDESERVICE
getUserRewards ---> TOURGUIDESERVICE
getUserRewards ---> TOURGUIDESERVICE
getUserRewards ---> TOURGUIDESERVICE
getUserRewards ---> TOURGUIDESERVICE
getUserRewards ---> TOURGUIDESERVICE
getUserRewards ---> TOURGUIDESERVICE
getUserRewards ---> TOURGUIDESERVICE
getUserRewards ---> TOURGUIDESERVICE
getUserRewards ---> TOURGUIDESERVICE
getUserRewards ---> TOURGUIDESERVICE
getUserRewards ---> TOURGUIDESERVICE
getUserRewards ---> TOURGUIDESERVICE
getUserRewards ---> TOURGUIDESERVICE
getUserRewards ---> TOURGUIDESERVICE
getUserRewards ---> TOURGUIDESERVICE
getUserRewards ---> TOURGUIDESERVICE
getUserRewards ---> TOURGUIDESERVICE
getUserRewards ---> TOURGUIDESERVICE
getUserRewards ---> TOURGUIDESERVICE
getUserRewards ---> TOURGUIDESERVICE
getUserRewards ---> TOURGUIDESERVICE
getUserRewards ---> TOURGUIDESERVICE
getUserRewards ---> TOURGUIDESERVICE
getUserRewards ---> TOURGUIDESERVICE
getUserRewards ---> TOURGUIDESERVICE
getUserRewards ---> TOURGUIDESERVICE
getUserRewards ---> TOURGUIDESERVICE
getUserRewards ---> TOURGUIDESERVICE
getUserRewards ---> TOURGUIDESERVICE
getUserRewards ---> TOURGUIDESERVICE
getUserRewards ---> TOURGUIDESERVICE
getUserRewards ---> TOURGUIDESERVICE
getUserRewards ---> TOURGUIDESERVICE
getUserRewards ---> TOURGUIDESERVICE
getUserRewards ---> TOURGUIDESERVICE
getUserRewards ---> TOURGUIDESERVICE
getUserRewards ---> TOURGUIDESERVICE
getUserRewards ---> TOURGUIDESERVICE
getUserRewards ---> TOURGUIDESERVICE
getUserRewards ---> TOURGUIDESERVICE
getUserRewards ---> TOURGUIDESERVICE
getUserRewards ---> TOURGUIDESERVICE
getUserRewards ---> TOURGUIDESERVICE
getUserRewards ---> TOURGUIDESERVICE
getUserRewards ---> TOURGUIDESERVICE
getUserRewards ---> TOURGUIDESERVICE
getUserRewards ---> TOURGUIDESERVICE
getUserRewards ---> TOURGUIDESERVICE
getUserRewards ---> TOURGUIDESERVICE
getUserRewards ---> TOURGUIDESERVICE
getUserRewards ---> TOURGUIDESERVICE
getUserRewards ---> TOURGUIDESERVICE
getUserRewards ---> TOURGUIDESERVICE
getUserRewards ---> TOURGUIDESERVICE
getUserRewards ---> TOURGUIDESERVICE
getUserRewards ---> TOURGUIDESERVICE
getUserRewards ---> TOURGUIDESERVICE
getUserRewards ---> TOURGUIDESERVICE
getUserRewards ---> TOURGUIDESERVICE
getUserRewards ---> TOURGUIDESERVICE
getUserRewards ---> TOURGUIDESERVICE
getUserRewards ---> TOURGUIDESERVICE
getUserRewards ---> TOURGUIDESERVICE
getUserRewards ---> TOURGUIDESERVICE
getUserRewards ---> TOURGUIDESERVICE
getUserRewards ---> TOURGUIDESERVICE
getUserRewards ---> TOURGUIDESERVICE
getUserRewards ---> TOURGUIDESERVICE
getUserRewards ---> TOURGUIDESERVICE
getUserRewards ---> TOURGUIDESERVICE
getUserRewards ---> TOURGUIDESERVICE
getUserRewards ---> TOURGUIDESERVICE
getUserRewards ---> TOURGUIDESERVICE
getUserRewards ---> TOURGUIDESERVICE
getUserRewards ---> TOURGUIDESERVICE
getUserRewards ---> TOURGUIDESERVICE
getUserRewards ---> TOURGUIDESERVICE
getUserRewards ---> TOURGUIDESERVICE
getUserRewards ---> TOURGUIDESERVICE
getUserRewards ---> TOURGUIDESERVICE
getUserRewards ---> TOURGUIDESERVICE
getUserRewards ---> TOURGUIDESERVICE
getUserRewards ---> TOURGUIDESERVICE
getUserRewards ---> TOURGUIDESERVICE
getUserRewards ---> TOURGUIDESERVICE
getUserRewards ---> TOURGUIDESERVICE
getUserRewards ---> TOURGUIDESERVICE
getUserRewards ---> TOURGUIDESERVICE
getUserRewards ---> TOURGUIDESERVICE
getUserRewards ---> TOURGUIDESERVICE
getUserRewards ---> TOURGUIDESERVICE
getUserRewards ---> TOURGUIDESERVICE
getUserRewards ---> TOURGUIDESERVICE
getUserRewards ---> TOURGUIDESERVICE
getUserRewards ---> TOURGUIDESERVICE
getUserRewards ---> TOURGUIDESERVICE
getUserRewards ---> TOURGUIDESERVICE
getUserRewards ---> TOURGUIDESERVICE
getUserRewards ---> TOURGUIDESERVICE
getUserRewards ---> TOURGUIDESERVICE
getUserRewards ---> TOURGUIDESERVICE
getUserRewards ---> TOURGUIDESERVICE
getUserRewards ---> TOURGUIDESERVICE
getUserRewards ---> TOURGUIDESERVICE
getUserRewards ---> TOURGUIDESERVICE
getUserRewards ---> TOURGUIDESERVICE
getUserRewards ---> TOURGUIDESERVICE
getUserRewards ---> TOURGUIDESERVICE
getUserRewards ---> TOURGUIDESERVICE
getUserRewards ---> TOURGUIDESERVICE
getUserRewards ---> TOURGUIDESERVICE
getUserRewards ---> TOURGUIDESERVICE
getUserRewards ---> TOURGUIDESERVICE
getUserRewards ---> TOURGUIDESERVICE
getUserRewards ---> TOURGUIDESERVICE
getUserRewards ---> TOURGUIDESERVICE
getUserRewards ---> TOURGUIDESERVICE
getUserRewards ---> TOURGUIDESERVICE
getUserRewards ---> TOURGUIDESERVICE
getUserRewards ---> TOURGUIDESERVICE
getUserRewards ---> TOURGUIDESERVICE
getUserRewards ---> TOURGUIDESERVICE
getUserRewards ---> TOURGUIDESERVICE
getUserRewards ---> TOURGUIDESERVICE
getUserRewards ---> TOURGUIDESERVICE
getUserRewards ---> TOURGUIDESERVICE
getUserRewards ---> TOURGUIDESERVICE
getUserRewards ---> TOURGUIDESERVICE
getUserRewards ---> TOURGUIDESERVICE
getUserRewards ---> TOURGUIDESERVICE
getUserRewards ---> TOURGUIDESERVICE
getUserRewards ---> TOURGUIDESERVICE
getUserRewards ---> TOURGUIDESERVICE
getUserRewards ---> TOURGUIDESERVICE
getUserRewards ---> TOURGUIDESERVICE
getUserRewards ---> TOURGUIDESERVICE
getUserRewards ---> TOURGUIDESERVICE
getUserRewards ---> TOURGUIDESERVICE
getUserRewards ---> TOURGUIDESERVICE
getUserRewards ---> TOURGUIDESERVICE
getUserRewards ---> TOURGUIDESERVICE
getUserRewards ---> TOURGUIDESERVICE
getUserRewards ---> TOURGUIDESERVICE
getUserRewards ---> TOURGUIDESERVICE
getUserRewards ---> TOURGUIDESERVICE
getUserRewards ---> TOURGUIDESERVICE
getUserRewards ---> TOURGUIDESERVICE
getUserRewards ---> TOURGUIDESERVICE
getUserRewards ---> TOURGUIDESERVICE
getUserRewards ---> TOURGUIDESERVICE
getUserRewards ---> TOURGUIDESERVICE
getUserRewards ---> TOURGUIDESERVICE
getUserRewards ---> TOURGUIDESERVICE
getUserRewards ---> TOURGUIDESERVICE
getUserRewards ---> TOURGUIDESERVICE
getUserRewards ---> TOURGUIDESERVICE
getUserRewards ---> TOURGUIDESERVICE
getUserRewards ---> TOURGUIDESERVICE
getUserRewards ---> TOURGUIDESERVICE
getUserRewards ---> TOURGUIDESERVICE
getUserRewards ---> TOURGUIDESERVICE
getUserRewards ---> TOURGUIDESERVICE
getUserRewards ---> TOURGUIDESERVICE
getUserRewards ---> TOURGUIDESERVICE
getUserRewards ---> TOURGUIDESERVICE
getUserRewards ---> TOURGUIDESERVICE
getUserRewards ---> TOURGUIDESERVICE
getUserRewards ---> TOURGUIDESERVICE
getUserRewards ---> TOURGUIDESERVICE
getUserRewards ---> TOURGUIDESERVICE
getUserRewards ---> TOURGUIDESERVICE
getUserRewards ---> TOURGUIDESERVICE
getUserRewards ---> TOURGUIDESERVICE
getUserRewards ---> TOURGUIDESERVICE
getUserRewards ---> TOURGUIDESERVICE
getUserRewards ---> TOURGUIDESERVICE
getUserRewards ---> TOURGUIDESERVICE
getUserRewards ---> TOURGUIDESERVICE
getUserRewards ---> TOURGUIDESERVICE
getUserRewards ---> TOURGUIDESERVICE
getUserRewards ---> TOURGUIDESERVICE
getUserRewards ---> TOURGUIDESERVICE
getUserRewards ---> TOURGUIDESERVICE
getUserRewards ---> TOURGUIDESERVICE
getUserRewards ---> TOURGUIDESERVICE
getUserRewards ---> TOURGUIDESERVICE
getUserRewards ---> TOURGUIDESERVICE
getUserRewards ---> TOURGUIDESERVICE
getUserRewards ---> TOURGUIDESERVICE
getUserRewards ---> TOURGUIDESERVICE
getUserRewards ---> TOURGUIDESERVICE
getUserRewards ---> TOURGUIDESERVICE
getUserRewards ---> TOURGUIDESERVICE
getUserRewards ---> TOURGUIDESERVICE
getUserRewards ---> TOURGUIDESERVICE
getUserRewards ---> TOURGUIDESERVICE
getUserRewards ---> TOURGUIDESERVICE
getUserRewards ---> TOURGUIDESERVICE
getUserRewards ---> TOURGUIDESERVICE
getUserRewards ---> TOURGUIDESERVICE
getUserRewards ---> TOURGUIDESERVICE
getUserRewards ---> TOURGUIDESERVICE
getUserRewards ---> TOURGUIDESERVICE
getUserRewards ---> TOURGUIDESERVICE
getUserRewards ---> TOURGUIDESERVICE
getUserRewards ---> TOURGUIDESERVICE
getUserRewards ---> TOURGUIDESERVICE
getUserRewards ---> TOURGUIDESERVICE
getUserRewards ---> TOURGUIDESERVICE
getUserRewards ---> TOURGUIDESERVICE
getUserRewards ---> TOURGUIDESERVICE
getUserRewards ---> TOURGUIDESERVICE
getUserRewards ---> TOURGUIDESERVICE
getUserRewards ---> TOURGUIDESERVICE
getUserRewards ---> TOURGUIDESERVICE
getUserRewards ---> TOURGUIDESERVICE
getUserRewards ---> TOURGUIDESERVICE
getUserRewards ---> TOURGUIDESERVICE
getUserRewards ---> TOURGUIDESERVICE
getUserRewards ---> TOURGUIDESERVICE
getUserRewards ---> TOURGUIDESERVICE
getUserRewards ---> TOURGUIDESERVICE
getUserRewards ---> TOURGUIDESERVICE
getUserRewards ---> TOURGUIDESERVICE
getUserRewards ---> TOURGUIDESERVICE
getUserRewards ---> TOURGUIDESERVICE
getUserRewards ---> TOURGUIDESERVICE
getUserRewards ---> TOURGUIDESERVICE
getUserRewards ---> TOURGUIDESERVICE
getUserRewards ---> TOURGUIDESERVICE
getUserRewards ---> TOURGUIDESERVICE
getUserRewards ---> TOURGUIDESERVICE
getUserRewards ---> TOURGUIDESERVICE
getUserRewards ---> TOURGUIDESERVICE
getUserRewards ---> TOURGUIDESERVICE
getUserRewards ---> TOURGUIDESERVICE
getUserRewards ---> TOURGUIDESERVICE
getUserRewards ---> TOURGUIDESERVICE
getUserRewards ---> TOURGUIDESERVICE
getUserRewards ---> TOURGUIDESERVICE
getUserRewards ---> TOURGUIDESERVICE
getUserRewards ---> TOURGUIDESERVICE
getUserRewards ---> TOURGUIDESERVICE
getUserRewards ---> TOURGUIDESERVICE
getUserRewards ---> TOURGUIDESERVICE
getUserRewards ---> TOURGUIDESERVICE
getUserRewards ---> TOURGUIDESERVICE
getUserRewards ---> TOURGUIDESERVICE
getUserRewards ---> TOURGUIDESERVICE
getUserRewards ---> TOURGUIDESERVICE
getUserRewards ---> TOURGUIDESERVICE
getUserRewards ---> TOURGUIDESERVICE
getUserRewards ---> TOURGUIDESERVICE
getUserRewards ---> TOURGUIDESERVICE
getUserRewards ---> TOURGUIDESERVICE
getUserRewards ---> TOURGUIDESERVICE
getUserRewards ---> TOURGUIDESERVICE
getUserRewards ---> TOURGUIDESERVICE
getUserRewards ---> TOURGUIDESERVICE
getUserRewards ---> TOURGUIDESERVICE
getUserRewards ---> TOURGUIDESERVICE
getUserRewards ---> TOURGUIDESERVICE
getUserRewards ---> TOURGUIDESERVICE
getUserRewards ---> TOURGUIDESERVICE
getUserRewards ---> TOURGUIDESERVICE
getUserRewards ---> TOURGUIDESERVICE
getUserRewards ---> TOURGUIDESERVICE
getUserRewards ---> TOURGUIDESERVICE
getUserRewards ---> TOURGUIDESERVICE
getUserRewards ---> TOURGUIDESERVICE
getUserRewards ---> TOURGUIDESERVICE
getUserRewards ---> TOURGUIDESERVICE
getUserRewards ---> TOURGUIDESERVICE
getUserRewards ---> TOURGUIDESERVICE
getUserRewards ---> TOURGUIDESERVICE
getUserRewards ---> TOURGUIDESERVICE
getUserRewards ---> TOURGUIDESERVICE
getUserRewards ---> TOURGUIDESERVICE
getUserRewards ---> TOURGUIDESERVICE
getUserRewards ---> TOURGUIDESERVICE
getUserRewards ---> TOURGUIDESERVICE
getUserRewards ---> TOURGUIDESERVICE
getUserRewards ---> TOURGUIDESERVICE
getUserRewards ---> TOURGUIDESERVICE
getUserRewards ---> TOURGUIDESERVICE
getUserRewards ---> TOURGUIDESERVICE
getUserRewards ---> TOURGUIDESERVICE
getUserRewards ---> TOURGUIDESERVICE
getUserRewards ---> TOURGUIDESERVICE
getUserRewards ---> TOURGUIDESERVICE
getUserRewards ---> TOURGUIDESERVICE
getUserRewards ---> TOURGUIDESERVICE
getUserRewards ---> TOURGUIDESERVICE
getUserRewards ---> TOURGUIDESERVICE
getUserRewards ---> TOURGUIDESERVICE
getUserRewards ---> TOURGUIDESERVICE
getUserRewards ---> TOURGUIDESERVICE
getUserRewards ---> TOURGUIDESERVICE
getUserRewards ---> TOURGUIDESERVICE
getUserRewards ---> TOURGUIDESERVICE
getUserRewards ---> TOURGUIDESERVICE
getUserRewards ---> TOURGUIDESERVICE
getUserRewards ---> TOURGUIDESERVICE
getUserRewards ---> TOURGUIDESERVICE
getUserRewards ---> TOURGUIDESERVICE
getUserRewards ---> TOURGUIDESERVICE
getUserRewards ---> TOURGUIDESERVICE
getUserRewards ---> TOURGUIDESERVICE
getUserRewards ---> TOURGUIDESERVICE
getUserRewards ---> TOURGUIDESERVICE
getUserRewards ---> TOURGUIDESERVICE
getUserRewards ---> TOURGUIDESERVICE
getUserRewards ---> TOURGUIDESERVICE
getUserRewards ---> TOURGUIDESERVICE
getUserRewards ---> TOURGUIDESERVICE
getUserRewards ---> TOURGUIDESERVICE
getUserRewards ---> TOURGUIDESERVICE
getUserRewards ---> TOURGUIDESERVICE
getUserRewards ---> TOURGUIDESERVICE
getUserRewards ---> TOURGUIDESERVICE
getUserRewards ---> TOURGUIDESERVICE
getUserRewards ---> TOURGUIDESERVICE
getUserRewards ---> TOURGUIDESERVICE
getUserRewards ---> TOURGUIDESERVICE
getUserRewards ---> TOURGUIDESERVICE
getUserRewards ---> TOURGUIDESERVICE
getUserRewards ---> TOURGUIDESERVICE
getUserRewards ---> TOURGUIDESERVICE
getUserRewards ---> TOURGUIDESERVICE
getUserRewards ---> TOURGUIDESERVICE
getUserRewards ---> TOURGUIDESERVICE
getUserRewards ---> TOURGUIDESERVICE
getUserRewards ---> TOURGUIDESERVICE
getUserRewards ---> TOURGUIDESERVICE
getUserRewards ---> TOURGUIDESERVICE
getUserRewards ---> TOURGUIDESERVICE
getUserRewards ---> TOURGUIDESERVICE
getUserRewards ---> TOURGUIDESERVICE
getUserRewards ---> TOURGUIDESERVICE
getUserRewards ---> TOURGUIDESERVICE
getUserRewards ---> TOURGUIDESERVICE
getUserRewards ---> TOURGUIDESERVICE
getUserRewards ---> TOURGUIDESERVICE
getUserRewards ---> TOURGUIDESERVICE
getUserRewards ---> TOURGUIDESERVICE
getUserRewards ---> TOURGUIDESERVICE
getUserRewards ---> TOURGUIDESERVICE
getUserRewards ---> TOURGUIDESERVICE
getUserRewards ---> TOURGUIDESERVICE
getUserRewards ---> TOURGUIDESERVICE
getUserRewards ---> TOURGUIDESERVICE
getUserRewards ---> TOURGUIDESERVICE
getUserRewards ---> TOURGUIDESERVICE
getUserRewards ---> TOURGUIDESERVICE
getUserRewards ---> TOURGUIDESERVICE
getUserRewards ---> TOURGUIDESERVICE
getUserRewards ---> TOURGUIDESERVICE
getUserRewards ---> TOURGUIDESERVICE
getUserRewards ---> TOURGUIDESERVICE
getUserRewards ---> TOURGUIDESERVICE
getUserRewards ---> TOURGUIDESERVICE
getUserRewards ---> TOURGUIDESERVICE
getUserRewards ---> TOURGUIDESERVICE
getUserRewards ---> TOURGUIDESERVICE
getUserRewards ---> TOURGUIDESERVICE
getUserRewards ---> TOURGUIDESERVICE
getUserRewards ---> TOURGUIDESERVICE
getUserRewards ---> TOURGUIDESERVICE
getUserRewards ---> TOURGUIDESERVICE
getUserRewards ---> TOURGUIDESERVICE
getUserRewards ---> TOURGUIDESERVICE
getUserRewards ---> TOURGUIDESERVICE
getUserRewards ---> TOURGUIDESERVICE
getUserRewards ---> TOURGUIDESERVICE
getUserRewards ---> TOURGUIDESERVICE
getUserRewards ---> TOURGUIDESERVICE
getUserRewards ---> TOURGUIDESERVICE
getUserRewards ---> TOURGUIDESERVICE
getUserRewards ---> TOURGUIDESERVICE
getUserRewards ---> TOURGUIDESERVICE
getUserRewards ---> TOURGUIDESERVICE
getUserRewards ---> TOURGUIDESERVICE
getUserRewards ---> TOURGUIDESERVICE
getUserRewards ---> TOURGUIDESERVICE
getUserRewards ---> TOURGUIDESERVICE
getUserRewards ---> TOURGUIDESERVICE
getUserRewards ---> TOURGUIDESERVICE
getUserRewards ---> TOURGUIDESERVICE
getUserRewards ---> TOURGUIDESERVICE
getUserRewards ---> TOURGUIDESERVICE
getUserRewards ---> TOURGUIDESERVICE
getUserRewards ---> TOURGUIDESERVICE
getUserRewards ---> TOURGUIDESERVICE
getUserRewards ---> TOURGUIDESERVICE
getUserRewards ---> TOURGUIDESERVICE
getUserRewards ---> TOURGUIDESERVICE
getUserRewards ---> TOURGUIDESERVICE
getUserRewards ---> TOURGUIDESERVICE
getUserRewards ---> TOURGUIDESERVICE
getUserRewards ---> TOURGUIDESERVICE
getUserRewards ---> TOURGUIDESERVICE
getUserRewards ---> TOURGUIDESERVICE
getUserRewards ---> TOURGUIDESERVICE
getUserRewards ---> TOURGUIDESERVICE
getUserRewards ---> TOURGUIDESERVICE
getUserRewards ---> TOURGUIDESERVICE
getUserRewards ---> TOURGUIDESERVICE
getUserRewards ---> TOURGUIDESERVICE
getUserRewards ---> TOURGUIDESERVICE
getUserRewards ---> TOURGUIDESERVICE
getUserRewards ---> TOURGUIDESERVICE
getUserRewards ---> TOURGUIDESERVICE
getUserRewards ---> TOURGUIDESERVICE
getUserRewards ---> TOURGUIDESERVICE
getUserRewards ---> TOURGUIDESERVICE
getUserRewards ---> TOURGUIDESERVICE
getUserRewards ---> TOURGUIDESERVICE
getUserRewards ---> TOURGUIDESERVICE
getUserRewards ---> TOURGUIDESERVICE
getUserRewards ---> TOURGUIDESERVICE
getUserRewards ---> TOURGUIDESERVICE
getUserRewards ---> TOURGUIDESERVICE
getUserRewards ---> TOURGUIDESERVICE
getUserRewards ---> TOURGUIDESERVICE
getUserRewards ---> TOURGUIDESERVICE
getUserRewards ---> TOURGUIDESERVICE
getUserRewards ---> TOURGUIDESERVICE
getUserRewards ---> TOURGUIDESERVICE
getUserRewards ---> TOURGUIDESERVICE
getUserRewards ---> TOURGUIDESERVICE
getUserRewards ---> TOURGUIDESERVICE
getUserRewards ---> TOURGUIDESERVICE
getUserRewards ---> TOURGUIDESERVICE
getUserRewards ---> TOURGUIDESERVICE
getUserRewards ---> TOURGUIDESERVICE
getUserRewards ---> TOURGUIDESERVICE
getUserRewards ---> TOURGUIDESERVICE
getUserRewards ---> TOURGUIDESERVICE
getUserRewards ---> TOURGUIDESERVICE
getUserRewards ---> TOURGUIDESERVICE
getUserRewards ---> TOURGUIDESERVICE
getUserRewards ---> TOURGUIDESERVICE
getUserRewards ---> TOURGUIDESERVICE
getUserRewards ---> TOURGUIDESERVICE
getUserRewards ---> TOURGUIDESERVICE
getUserRewards ---> TOURGUIDESERVICE
getUserRewards ---> TOURGUIDESERVICE
getUserRewards ---> TOURGUIDESERVICE
getUserRewards ---> TOURGUIDESERVICE
getUserRewards ---> TOURGUIDESERVICE
getUserRewards ---> TOURGUIDESERVICE
getUserRewards ---> TOURGUIDESERVICE
getUserRewards ---> TOURGUIDESERVICE
getUserRewards ---> TOURGUIDESERVICE
getUserRewards ---> TOURGUIDESERVICE
getUserRewards ---> TOURGUIDESERVICE
getUserRewards ---> TOURGUIDESERVICE
getUserRewards ---> TOURGUIDESERVICE
getUserRewards ---> TOURGUIDESERVICE
getUserRewards ---> TOURGUIDESERVICE
getUserRewards ---> TOURGUIDESERVICE
getUserRewards ---> TOURGUIDESERVICE
getUserRewards ---> TOURGUIDESERVICE
getUserRewards ---> TOURGUIDESERVICE
getUserRewards ---> TOURGUIDESERVICE
getUserRewards ---> TOURGUIDESERVICE
getUserRewards ---> TOURGUIDESERVICE
getUserRewards ---> TOURGUIDESERVICE
getUserRewards ---> TOURGUIDESERVICE
getUserRewards ---> TOURGUIDESERVICE
getUserRewards ---> TOURGUIDESERVICE
getUserRewards ---> TOURGUIDESERVICE
getUserRewards ---> TOURGUIDESERVICE
getUserRewards ---> TOURGUIDESERVICE
getUserRewards ---> TOURGUIDESERVICE
getUserRewards ---> TOURGUIDESERVICE
getUserRewards ---> TOURGUIDESERVICE
getUserRewards ---> TOURGUIDESERVICE
getUserRewards ---> TOURGUIDESERVICE
getUserRewards ---> TOURGUIDESERVICE
getUserRewards ---> TOURGUIDESERVICE
getUserRewards ---> TOURGUIDESERVICE
getUserRewards ---> TOURGUIDESERVICE
getUserRewards ---> TOURGUIDESERVICE
getUserRewards ---> TOURGUIDESERVICE
getUserRewards ---> TOURGUIDESERVICE
getUserRewards ---> TOURGUIDESERVICE
getUserRewards ---> TOURGUIDESERVICE
getUserRewards ---> TOURGUIDESERVICE
getUserRewards ---> TOURGUIDESERVICE
getUserRewards ---> TOURGUIDESERVICE
getUserRewards ---> TOURGUIDESERVICE
getUserRewards ---> TOURGUIDESERVICE
getUserRewards ---> TOURGUIDESERVICE
getUserRewards ---> TOURGUIDESERVICE
getUserRewards ---> TOURGUIDESERVICE
getUserRewards ---> TOURGUIDESERVICE
getUserRewards ---> TOURGUIDESERVICE
getUserRewards ---> TOURGUIDESERVICE
getUserRewards ---> TOURGUIDESERVICE
getUserRewards ---> TOURGUIDESERVICE
getUserRewards ---> TOURGUIDESERVICE
getUserRewards ---> TOURGUIDESERVICE
getUserRewards ---> TOURGUIDESERVICE
getUserRewards ---> TOURGUIDESERVICE
getUserRewards ---> TOURGUIDESERVICE
getUserRewards ---> TOURGUIDESERVICE
getUserRewards ---> TOURGUIDESERVICE
getUserRewards ---> TOURGUIDESERVICE
getUserRewards ---> TOURGUIDESERVICE
getUserRewards ---> TOURGUIDESERVICE
getUserRewards ---> TOURGUIDESERVICE
getUserRewards ---> TOURGUIDESERVICE
getUserRewards ---> TOURGUIDESERVICE
getUserRewards ---> TOURGUIDESERVICE
getUserRewards ---> TOURGUIDESERVICE
getUserRewards ---> TOURGUIDESERVICE
getUserRewards ---> TOURGUIDESERVICE
getUserRewards ---> TOURGUIDESERVICE
getUserRewards ---> TOURGUIDESERVICE
getUserRewards ---> TOURGUIDESERVICE
getUserRewards ---> TOURGUIDESERVICE
getUserRewards ---> TOURGUIDESERVICE
getUserRewards ---> TOURGUIDESERVICE
getUserRewards ---> TOURGUIDESERVICE
getUserRewards ---> TOURGUIDESERVICE
getUserRewards ---> TOURGUIDESERVICE
getUserRewards ---> TOURGUIDESERVICE
getUserRewards ---> TOURGUIDESERVICE
getUserRewards ---> TOURGUIDESERVICE
getUserRewards ---> TOURGUIDESERVICE
getUserRewards ---> TOURGUIDESERVICE
getUserRewards ---> TOURGUIDESERVICE
getUserRewards ---> TOURGUIDESERVICE
getUserRewards ---> TOURGUIDESERVICE
getUserRewards ---> TOURGUIDESERVICE
getUserRewards ---> TOURGUIDESERVICE
getUserRewards ---> TOURGUIDESERVICE
getUserRewards ---> TOURGUIDESERVICE
getUserRewards ---> TOURGUIDESERVICE
getUserRewards ---> TOURGUIDESERVICE
getUserRewards ---> TOURGUIDESERVICE
getUserRewards ---> TOURGUIDESERVICE
getUserRewards ---> TOURGUIDESERVICE
getUserRewards ---> TOURGUIDESERVICE
getUserRewards ---> TOURGUIDESERVICE
getUserRewards ---> TOURGUIDESERVICE
getUserRewards ---> TOURGUIDESERVICE
getUserRewards ---> TOURGUIDESERVICE
getUserRewards ---> TOURGUIDESERVICE
getUserRewards ---> TOURGUIDESERVICE
getUserRewards ---> TOURGUIDESERVICE
getUserRewards ---> TOURGUIDESERVICE
getUserRewards ---> TOURGUIDESERVICE
getUserRewards ---> TOURGUIDESERVICE
getUserRewards ---> TOURGUIDESERVICE
getUserRewards ---> TOURGUIDESERVICE
getUserRewards ---> TOURGUIDESERVICE
getUserRewards ---> TOURGUIDESERVICE
getUserRewards ---> TOURGUIDESERVICE
getUserRewards ---> TOURGUIDESERVICE
getUserRewards ---> TOURGUIDESERVICE
getUserRewards ---> TOURGUIDESERVICE
getUserRewards ---> TOURGUIDESERVICE
getUserRewards ---> TOURGUIDESERVICE
getUserRewards ---> TOURGUIDESERVICE
getUserRewards ---> TOURGUIDESERVICE
getUserRewards ---> TOURGUIDESERVICE
getUserRewards ---> TOURGUIDESERVICE
getUserRewards ---> TOURGUIDESERVICE
getUserRewards ---> TOURGUIDESERVICE
getUserRewards ---> TOURGUIDESERVICE
getUserRewards ---> TOURGUIDESERVICE
getUserRewards ---> TOURGUIDESERVICE
getUserRewards ---> TOURGUIDESERVICE
getUserRewards ---> TOURGUIDESERVICE
getUserRewards ---> TOURGUIDESERVICE
getUserRewards ---> TOURGUIDESERVICE
getUserRewards ---> TOURGUIDESERVICE
getUserRewards ---> TOURGUIDESERVICE
getUserRewards ---> TOURGUIDESERVICE
getUserRewards ---> TOURGUIDESERVICE
getUserRewards ---> TOURGUIDESERVICE
getUserRewards ---> TOURGUIDESERVICE
getUserRewards ---> TOURGUIDESERVICE
getUserRewards ---> TOURGUIDESERVICE
getUserRewards ---> TOURGUIDESERVICE
getUserRewards ---> TOURGUIDESERVICE
getUserRewards ---> TOURGUIDESERVICE
getUserRewards ---> TOURGUIDESERVICE
getUserRewards ---> TOURGUIDESERVICE
getUserRewards ---> TOURGUIDESERVICE
getUserRewards ---> TOURGUIDESERVICE
getUserRewards ---> TOURGUIDESERVICE
getUserRewards ---> TOURGUIDESERVICE
getUserRewards ---> TOURGUIDESERVICE
getUserRewards ---> TOURGUIDESERVICE
getUserRewards ---> TOURGUIDESERVICE
getUserRewards ---> TOURGUIDESERVICE
getUserRewards ---> TOURGUIDESERVICE
getUserRewards ---> TOURGUIDESERVICE
getUserRewards ---> TOURGUIDESERVICE
getUserRewards ---> TOURGUIDESERVICE
getUserRewards ---> TOURGUIDESERVICE
getUserRewards ---> TOURGUIDESERVICE
getUserRewards ---> TOURGUIDESERVICE
getUserRewards ---> TOURGUIDESERVICE
getUserRewards ---> TOURGUIDESERVICE
getUserRewards ---> TOURGUIDESERVICE
getUserRewards ---> TOURGUIDESERVICE
getUserRewards ---> TOURGUIDESERVICE
getUserRewards ---> TOURGUIDESERVICE
getUserRewards ---> TOURGUIDESERVICE
getUserRewards ---> TOURGUIDESERVICE
getUserRewards ---> TOURGUIDESERVICE
getUserRewards ---> TOURGUIDESERVICE
getUserRewards ---> TOURGUIDESERVICE
getUserRewards ---> TOURGUIDESERVICE
getUserRewards ---> TOURGUIDESERVICE
getUserRewards ---> TOURGUIDESERVICE
getUserRewards ---> TOURGUIDESERVICE
getUserRewards ---> TOURGUIDESERVICE
getUserRewards ---> TOURGUIDESERVICE
getUserRewards ---> TOURGUIDESERVICE
getUserRewards ---> TOURGUIDESERVICE
getUserRewards ---> TOURGUIDESERVICE
getUserRewards ---> TOURGUIDESERVICE
getUserRewards ---> TOURGUIDESERVICE
getUserRewards ---> TOURGUIDESERVICE
getUserRewards ---> TOURGUIDESERVICE
getUserRewards ---> TOURGUIDESERVICE
getUserRewards ---> TOURGUIDESERVICE
getUserRewards ---> TOURGUIDESERVICE
getUserRewards ---> TOURGUIDESERVICE
getUserRewards ---> TOURGUIDESERVICE
getUserRewards ---> TOURGUIDESERVICE
getUserRewards ---> TOURGUIDESERVICE
getUserRewards ---> TOURGUIDESERVICE
getUserRewards ---> TOURGUIDESERVICE
getUserRewards ---> TOURGUIDESERVICE
getUserRewards ---> TOURGUIDESERVICE
getUserRewards ---> TOURGUIDESERVICE
getUserRewards ---> TOURGUIDESERVICE
getUserRewards ---> TOURGUIDESERVICE
getUserRewards ---> TOURGUIDESERVICE
getUserRewards ---> TOURGUIDESERVICE
getUserRewards ---> TOURGUIDESERVICE
getUserRewards ---> TOURGUIDESERVICE
getUserRewards ---> TOURGUIDESERVICE
getUserRewards ---> TOURGUIDESERVICE
getUserRewards ---> TOURGUIDESERVICE
getUserRewards ---> TOURGUIDESERVICE
getUserRewards ---> TOURGUIDESERVICE
getUserRewards ---> TOURGUIDESERVICE
getUserRewards ---> TOURGUIDESERVICE
getUserRewards ---> TOURGUIDESERVICE
getUserRewards ---> TOURGUIDESERVICE
getUserRewards ---> TOURGUIDESERVICE
getUserRewards ---> TOURGUIDESERVICE
getUserRewards ---> TOURGUIDESERVICE
getUserRewards ---> TOURGUIDESERVICE
getUserRewards ---> TOURGUIDESERVICE
getUserRewards ---> TOURGUIDESERVICE
getUserRewards ---> TOURGUIDESERVICE
getUserRewards ---> TOURGUIDESERVICE
getUserRewards ---> TOURGUIDESERVICE
getUserRewards ---> TOURGUIDESERVICE
getUserRewards ---> TOURGUIDESERVICE
getUserRewards ---> TOURGUIDESERVICE
getUserRewards ---> TOURGUIDESERVICE
getUserRewards ---> TOURGUIDESERVICE
getUserRewards ---> TOURGUIDESERVICE
getUserRewards ---> TOURGUIDESERVICE
getUserRewards ---> TOURGUIDESERVICE
getUserRewards ---> TOURGUIDESERVICE
getUserRewards ---> TOURGUIDESERVICE
getUserRewards ---> TOURGUIDESERVICE
getUserRewards ---> TOURGUIDESERVICE
getUserRewards ---> TOURGUIDESERVICE
getUserRewards ---> TOURGUIDESERVICE
getUserRewards ---> TOURGUIDESERVICE
getUserRewards ---> TOURGUIDESERVICE
getUserRewards ---> TOURGUIDESERVICE
getUserRewards ---> TOURGUIDESERVICE
getUserRewards ---> TOURGUIDESERVICE
getUserRewards ---> TOURGUIDESERVICE
getUserRewards ---> TOURGUIDESERVICE
getUserRewards ---> TOURGUIDESERVICE
getUserRewards ---> TOURGUIDESERVICE
getUserRewards ---> TOURGUIDESERVICE
getUserRewards ---> TOURGUIDESERVICE
getUserRewards ---> TOURGUIDESERVICE
getUserRewards ---> TOURGUIDESERVICE
getUserRewards ---> TOURGUIDESERVICE
getUserRewards ---> TOURGUIDESERVICE
getUserRewards ---> TOURGUIDESERVICE
getUserRewards ---> TOURGUIDESERVICE
getUserRewards ---> TOURGUIDESERVICE
getUserRewards ---> TOURGUIDESERVICE
getUserRewards ---> TOURGUIDESERVICE
getUserRewards ---> TOURGUIDESERVICE
getUserRewards ---> TOURGUIDESERVICE
getUserRewards ---> TOURGUIDESERVICE
getUserRewards ---> TOURGUIDESERVICE
getUserRewards ---> TOURGUIDESERVICE
getUserRewards ---> TOURGUIDESERVICE
getUserRewards ---> TOURGUIDESERVICE
getUserRewards ---> TOURGUIDESERVICE
getUserRewards ---> TOURGUIDESERVICE
getUserRewards ---> TOURGUIDESERVICE
getUserRewards ---> TOURGUIDESERVICE
getUserRewards ---> TOURGUIDESERVICE
getUserRewards ---> TOURGUIDESERVICE
getUserRewards ---> TOURGUIDESERVICE
getUserRewards ---> TOURGUIDESERVICE
getUserRewards ---> TOURGUIDESERVICE
getUserRewards ---> TOURGUIDESERVICE
getUserRewards ---> TOURGUIDESERVICE
getUserRewards ---> TOURGUIDESERVICE
getUserRewards ---> TOURGUIDESERVICE
getUserRewards ---> TOURGUIDESERVICE
getUserRewards ---> TOURGUIDESERVICE
getUserRewards ---> TOURGUIDESERVICE
getUserRewards ---> TOURGUIDESERVICE
getUserRewards ---> TOURGUIDESERVICE
getUserRewards ---> TOURGUIDESERVICE
getUserRewards ---> TOURGUIDESERVICE
getUserRewards ---> TOURGUIDESERVICE
getUserRewards ---> TOURGUIDESERVICE
getUserRewards ---> TOURGUIDESERVICE
getUserRewards ---> TOURGUIDESERVICE
getUserRewards ---> TOURGUIDESERVICE
getUserRewards ---> TOURGUIDESERVICE
getUserRewards ---> TOURGUIDESERVICE
getUserRewards ---> TOURGUIDESERVICE
getUserRewards ---> TOURGUIDESERVICE
getUserRewards ---> TOURGUIDESERVICE
getUserRewards ---> TOURGUIDESERVICE
getUserRewards ---> TOURGUIDESERVICE
getUserRewards ---> TOURGUIDESERVICE
getUserRewards ---> TOURGUIDESERVICE
getUserRewards ---> TOURGUIDESERVICE
getUserRewards ---> TOURGUIDESERVICE
getUserRewards ---> TOURGUIDESERVICE
getUserRewards ---> TOURGUIDESERVICE
getUserRewards ---> TOURGUIDESERVICE
getUserRewards ---> TOURGUIDESERVICE
getUserRewards ---> TOURGUIDESERVICE
getUserRewards ---> TOURGUIDESERVICE
getUserRewards ---> TOURGUIDESERVICE
getUserRewards ---> TOURGUIDESERVICE
getUserRewards ---> TOURGUIDESERVICE
getUserRewards ---> TOURGUIDESERVICE
getUserRewards ---> TOURGUIDESERVICE
getUserRewards ---> TOURGUIDESERVICE
getUserRewards ---> TOURGUIDESERVICE
getUserRewards ---> TOURGUIDESERVICE
getUserRewards ---> TOURGUIDESERVICE
getUserRewards ---> TOURGUIDESERVICE
getUserRewards ---> TOURGUIDESERVICE
getUserRewards ---> TOURGUIDESERVICE
getUserRewards ---> TOURGUIDESERVICE
getUserRewards ---> TOURGUIDESERVICE
getUserRewards ---> TOURGUIDESERVICE
getUserRewards ---> TOURGUIDESERVICE
getUserRewards ---> TOURGUIDESERVICE
getUserRewards ---> TOURGUIDESERVICE
getUserRewards ---> TOURGUIDESERVICE
getUserRewards ---> TOURGUIDESERVICE
getUserRewards ---> TOURGUIDESERVICE
getUserRewards ---> TOURGUIDESERVICE
getUserRewards ---> TOURGUIDESERVICE
getUserRewards ---> TOURGUIDESERVICE
getUserRewards ---> TOURGUIDESERVICE
getUserRewards ---> TOURGUIDESERVICE
getUserRewards ---> TOURGUIDESERVICE
getUserRewards ---> TOURGUIDESERVICE
getUserRewards ---> TOURGUIDESERVICE
getUserRewards ---> TOURGUIDESERVICE
getUserRewards ---> TOURGUIDESERVICE
getUserRewards ---> TOURGUIDESERVICE
getUserRewards ---> TOURGUIDESERVICE
getUserRewards ---> TOURGUIDESERVICE
getUserRewards ---> TOURGUIDESERVICE
getUserRewards ---> TOURGUIDESERVICE
getUserRewards ---> TOURGUIDESERVICE
getUserRewards ---> TOURGUIDESERVICE
getUserRewards ---> TOURGUIDESERVICE
getUserRewards ---> TOURGUIDESERVICE
getUserRewards ---> TOURGUIDESERVICE
getUserRewards ---> TOURGUIDESERVICE
getUserRewards ---> TOURGUIDESERVICE
getUserRewards ---> TOURGUIDESERVICE
getUserRewards ---> TOURGUIDESERVICE
getUserRewards ---> TOURGUIDESERVICE
getUserRewards ---> TOURGUIDESERVICE
getUserRewards ---> TOURGUIDESERVICE
getUserRewards ---> TOURGUIDESERVICE
getUserRewards ---> TOURGUIDESERVICE
getUserRewards ---> TOURGUIDESERVICE
getUserRewards ---> TOURGUIDESERVICE
getUserRewards ---> TOURGUIDESERVICE
getUserRewards ---> TOURGUIDESERVICE
getUserRewards ---> TOURGUIDESERVICE
getUserRewards ---> TOURGUIDESERVICE
getUserRewards ---> TOURGUIDESERVICE
getUserRewards ---> TOURGUIDESERVICE
getUserRewards ---> TOURGUIDESERVICE
getUserRewards ---> TOURGUIDESERVICE
getUserRewards ---> TOURGUIDESERVICE
getUserRewards ---> TOURGUIDESERVICE
getUserRewards ---> TOURGUIDESERVICE
getUserRewards ---> TOURGUIDESERVICE
getUserRewards ---> TOURGUIDESERVICE
getUserRewards ---> TOURGUIDESERVICE
getUserRewards ---> TOURGUIDESERVICE
getUserRewards ---> TOURGUIDESERVICE
getUserRewards ---> TOURGUIDESERVICE
getUserRewards ---> TOURGUIDESERVICE
getUserRewards ---> TOURGUIDESERVICE
getUserRewards ---> TOURGUIDESERVICE
getUserRewards ---> TOURGUIDESERVICE
getUserRewards ---> TOURGUIDESERVICE
getUserRewards ---> TOURGUIDESERVICE
getUserRewards ---> TOURGUIDESERVICE
getUserRewards ---> TOURGUIDESERVICE
getUserRewards ---> TOURGUIDESERVICE
getUserRewards ---> TOURGUIDESERVICE
getUserRewards ---> TOURGUIDESERVICE
getUserRewards ---> TOURGUIDESERVICE
getUserRewards ---> TOURGUIDESERVICE
getUserRewards ---> TOURGUIDESERVICE
getUserRewards ---> TOURGUIDESERVICE
getUserRewards ---> TOURGUIDESERVICE
getUserRewards ---> TOURGUIDESERVICE
getUserRewards ---> TOURGUIDESERVICE
getUserRewards ---> TOURGUIDESERVICE
getUserRewards ---> TOURGUIDESERVICE
getUserRewards ---> TOURGUIDESERVICE
getUserRewards ---> TOURGUIDESERVICE
getUserRewards ---> TOURGUIDESERVICE
getUserRewards ---> TOURGUIDESERVICE
getUserRewards ---> TOURGUIDESERVICE
getUserRewards ---> TOURGUIDESERVICE
getUserRewards ---> TOURGUIDESERVICE
getUserRewards ---> TOURGUIDESERVICE
getUserRewards ---> TOURGUIDESERVICE
getUserRewards ---> TOURGUIDESERVICE
getUserRewards ---> TOURGUIDESERVICE
getUserRewards ---> TOURGUIDESERVICE
getUserRewards ---> TOURGUIDESERVICE
getUserRewards ---> TOURGUIDESERVICE
getUserRewards ---> TOURGUIDESERVICE
getUserRewards ---> TOURGUIDESERVICE
getUserRewards ---> TOURGUIDESERVICE
getUserRewards ---> TOURGUIDESERVICE
getUserRewards ---> TOURGUIDESERVICE
getUserRewards ---> TOURGUIDESERVICE
getUserRewards ---> TOURGUIDESERVICE
getUserRewards ---> TOURGUIDESERVICE
getUserRewards ---> TOURGUIDESERVICE
getUserRewards ---> TOURGUIDESERVICE
getUserRewards ---> TOURGUIDESERVICE
getUserRewards ---> TOURGUIDESERVICE
getUserRewards ---> TOURGUIDESERVICE
getUserRewards ---> TOURGUIDESERVICE
getUserRewards ---> TOURGUIDESERVICE
getUserRewards ---> TOURGUIDESERVICE
getUserRewards ---> TOURGUIDESERVICE
getUserRewards ---> TOURGUIDESERVICE
getUserRewards ---> TOURGUIDESERVICE
getUserRewards ---> TOURGUIDESERVICE
getUserRewards ---> TOURGUIDESERVICE
getUserRewards ---> TOURGUIDESERVICE
getUserRewards ---> TOURGUIDESERVICE
getUserRewards ---> TOURGUIDESERVICE
getUserRewards ---> TOURGUIDESERVICE
getUserRewards ---> TOURGUIDESERVICE
getUserRewards ---> TOURGUIDESERVICE
getUserRewards ---> TOURGUIDESERVICE
getUserRewards ---> TOURGUIDESERVICE
getUserRewards ---> TOURGUIDESERVICE
getUserRewards ---> TOURGUIDESERVICE
getUserRewards ---> TOURGUIDESERVICE
getUserRewards ---> TOURGUIDESERVICE
getUserRewards ---> TOURGUIDESERVICE
getUserRewards ---> TOURGUIDESERVICE
getUserRewards ---> TOURGUIDESERVICE
getUserRewards ---> TOURGUIDESERVICE
getUserRewards ---> TOURGUIDESERVICE
getUserRewards ---> TOURGUIDESERVICE
getUserRewards ---> TOURGUIDESERVICE
getUserRewards ---> TOURGUIDESERVICE
getUserRewards ---> TOURGUIDESERVICE
getUserRewards ---> TOURGUIDESERVICE
getUserRewards ---> TOURGUIDESERVICE
getUserRewards ---> TOURGUIDESERVICE
getUserRewards ---> TOURGUIDESERVICE
getUserRewards ---> TOURGUIDESERVICE
getUserRewards ---> TOURGUIDESERVICE
getUserRewards ---> TOURGUIDESERVICE
getUserRewards ---> TOURGUIDESERVICE
getUserRewards ---> TOURGUIDESERVICE
getUserRewards ---> TOURGUIDESERVICE
getUserRewards ---> TOURGUIDESERVICE
getUserRewards ---> TOURGUIDESERVICE
getUserRewards ---> TOURGUIDESERVICE
getUserRewards ---> TOURGUIDESERVICE
getUserRewards ---> TOURGUIDESERVICE
getUserRewards ---> TOURGUIDESERVICE
getUserRewards ---> TOURGUIDESERVICE
getUserRewards ---> TOURGUIDESERVICE
getUserRewards ---> TOURGUIDESERVICE
getUserRewards ---> TOURGUIDESERVICE
getUserRewards ---> TOURGUIDESERVICE
getUserRewards ---> TOURGUIDESERVICE
getUserRewards ---> TOURGUIDESERVICE
getUserRewards ---> TOURGUIDESERVICE
getUserRewards ---> TOURGUIDESERVICE
getUserRewards ---> TOURGUIDESERVICE
getUserRewards ---> TOURGUIDESERVICE
getUserRewards ---> TOURGUIDESERVICE
getUserRewards ---> TOURGUIDESERVICE
getUserRewards ---> TOURGUIDESERVICE
getUserRewards ---> TOURGUIDESERVICE
getUserRewards ---> TOURGUIDESERVICE
getUserRewards ---> TOURGUIDESERVICE
getUserRewards ---> TOURGUIDESERVICE
getUserRewards ---> TOURGUIDESERVICE
getUserRewards ---> TOURGUIDESERVICE
getUserRewards ---> TOURGUIDESERVICE
getUserRewards ---> TOURGUIDESERVICE
getUserRewards ---> TOURGUIDESERVICE
getUserRewards ---> TOURGUIDESERVICE
getUserRewards ---> TOURGUIDESERVICE
getUserRewards ---> TOURGUIDESERVICE
getUserRewards ---> TOURGUIDESERVICE
getUserRewards ---> TOURGUIDESERVICE
getUserRewards ---> TOURGUIDESERVICE
getUserRewards ---> TOURGUIDESERVICE
getUserRewards ---> TOURGUIDESERVICE
getUserRewards ---> TOURGUIDESERVICE
getUserRewards ---> TOURGUIDESERVICE
getUserRewards ---> TOURGUIDESERVICE
getUserRewards ---> TOURGUIDESERVICE
getUserRewards ---> TOURGUIDESERVICE
getUserRewards ---> TOURGUIDESERVICE
getUserRewards ---> TOURGUIDESERVICE
getUserRewards ---> TOURGUIDESERVICE
getUserRewards ---> TOURGUIDESERVICE
getUserRewards ---> TOURGUIDESERVICE
getUserRewards ---> TOURGUIDESERVICE
getUserRewards ---> TOURGUIDESERVICE
getUserRewards ---> TOURGUIDESERVICE
getUserRewards ---> TOURGUIDESERVICE
getUserRewards ---> TOURGUIDESERVICE
getUserRewards ---> TOURGUIDESERVICE
getUserRewards ---> TOURGUIDESERVICE
getUserRewards ---> TOURGUIDESERVICE
getUserRewards ---> TOURGUIDESERVICE
getUserRewards ---> TOURGUIDESERVICE
getUserRewards ---> TOURGUIDESERVICE
getUserRewards ---> TOURGUIDESERVICE
getUserRewards ---> TOURGUIDESERVICE
getUserRewards ---> TOURGUIDESERVICE
getUserRewards ---> TOURGUIDESERVICE
getUserRewards ---> TOURGUIDESERVICE
getUserRewards ---> TOURGUIDESERVICE
getUserRewards ---> TOURGUIDESERVICE
getUserRewards ---> TOURGUIDESERVICE
getUserRewards ---> TOURGUIDESERVICE
getUserRewards ---> TOURGUIDESERVICE
getUserRewards ---> TOURGUIDESERVICE
getUserRewards ---> TOURGUIDESERVICE
getUserRewards ---> TOURGUIDESERVICE
getUserRewards ---> TOURGUIDESERVICE
getUserRewards ---> TOURGUIDESERVICE
getUserRewards ---> TOURGUIDESERVICE
getUserRewards ---> TOURGUIDESERVICE
getUserRewards ---> TOURGUIDESERVICE
getUserRewards ---> TOURGUIDESERVICE
getUserRewards ---> TOURGUIDESERVICE
getUserRewards ---> TOURGUIDESERVICE
getUserRewards ---> TOURGUIDESERVICE
getUserRewards ---> TOURGUIDESERVICE
getUserRewards ---> TOURGUIDESERVICE
getUserRewards ---> TOURGUIDESERVICE
getUserRewards ---> TOURGUIDESERVICE
getUserRewards ---> TOURGUIDESERVICE
getUserRewards ---> TOURGUIDESERVICE
getUserRewards ---> TOURGUIDESERVICE
getUserRewards ---> TOURGUIDESERVICE
getUserRewards ---> TOURGUIDESERVICE
getUserRewards ---> TOURGUIDESERVICE
getUserRewards ---> TOURGUIDESERVICE
getUserRewards ---> TOURGUIDESERVICE
getUserRewards ---> TOURGUIDESERVICE
getUserRewards ---> TOURGUIDESERVICE
getUserRewards ---> TOURGUIDESERVICE
getUserRewards ---> TOURGUIDESERVICE
getUserRewards ---> TOURGUIDESERVICE
getUserRewards ---> TOURGUIDESERVICE
getUserRewards ---> TOURGUIDESERVICE
getUserRewards ---> TOURGUIDESERVICE
getUserRewards ---> TOURGUIDESERVICE
getUserRewards ---> TOURGUIDESERVICE
getUserRewards ---> TOURGUIDESERVICE
getUserRewards ---> TOURGUIDESERVICE
getUserRewards ---> TOURGUIDESERVICE
getUserRewards ---> TOURGUIDESERVICE
getUserRewards ---> TOURGUIDESERVICE
getUserRewards ---> TOURGUIDESERVICE
getUserRewards ---> TOURGUIDESERVICE
getUserRewards ---> TOURGUIDESERVICE
getUserRewards ---> TOURGUIDESERVICE
getUserRewards ---> TOURGUIDESERVICE
getUserRewards ---> TOURGUIDESERVICE
getUserRewards ---> TOURGUIDESERVICE
getUserRewards ---> TOURGUIDESERVICE
getUserRewards ---> TOURGUIDESERVICE
getUserRewards ---> TOURGUIDESERVICE
getUserRewards ---> TOURGUIDESERVICE
getUserRewards ---> TOURGUIDESERVICE
getUserRewards ---> TOURGUIDESERVICE
getUserRewards ---> TOURGUIDESERVICE
getUserRewards ---> TOURGUIDESERVICE
getUserRewards ---> TOURGUIDESERVICE
getUserRewards ---> TOURGUIDESERVICE
getUserRewards ---> TOURGUIDESERVICE
getUserRewards ---> TOURGUIDESERVICE
getUserRewards ---> TOURGUIDESERVICE
getUserRewards ---> TOURGUIDESERVICE
getUserRewards ---> TOURGUIDESERVICE
getUserRewards ---> TOURGUIDESERVICE
getUserRewards ---> TOURGUIDESERVICE
getUserRewards ---> TOURGUIDESERVICE
getUserRewards ---> TOURGUIDESERVICE
getUserRewards ---> TOURGUIDESERVICE
getUserRewards ---> TOURGUIDESERVICE
getUserRewards ---> TOURGUIDESERVICE
getUserRewards ---> TOURGUIDESERVICE
getUserRewards ---> TOURGUIDESERVICE
getUserRewards ---> TOURGUIDESERVICE
getUserRewards ---> TOURGUIDESERVICE
getUserRewards ---> TOURGUIDESERVICE
getUserRewards ---> TOURGUIDESERVICE
getUserRewards ---> TOURGUIDESERVICE
getUserRewards ---> TOURGUIDESERVICE
getUserRewards ---> TOURGUIDESERVICE
getUserRewards ---> TOURGUIDESERVICE
getUserRewards ---> TOURGUIDESERVICE
getUserRewards ---> TOURGUIDESERVICE
getUserRewards ---> TOURGUIDESERVICE
getUserRewards ---> TOURGUIDESERVICE
getUserRewards ---> TOURGUIDESERVICE
getUserRewards ---> TOURGUIDESERVICE
getUserRewards ---> TOURGUIDESERVICE
getUserRewards ---> TOURGUIDESERVICE
getUserRewards ---> TOURGUIDESERVICE
getUserRewards ---> TOURGUIDESERVICE
getUserRewards ---> TOURGUIDESERVICE
getUserRewards ---> TOURGUIDESERVICE
getUserRewards ---> TOURGUIDESERVICE
getUserRewards ---> TOURGUIDESERVICE
getUserRewards ---> TOURGUIDESERVICE
getUserRewards ---> TOURGUIDESERVICE
getUserRewards ---> TOURGUIDESERVICE
getUserRewards ---> TOURGUIDESERVICE
getUserRewards ---> TOURGUIDESERVICE
getUserRewards ---> TOURGUIDESERVICE
getUserRewards ---> TOURGUIDESERVICE
getUserRewards ---> TOURGUIDESERVICE
getUserRewards ---> TOURGUIDESERVICE
getUserRewards ---> TOURGUIDESERVICE
getUserRewards ---> TOURGUIDESERVICE
getUserRewards ---> TOURGUIDESERVICE
getUserRewards ---> TOURGUIDESERVICE
getUserRewards ---> TOURGUIDESERVICE
getUserRewards ---> TOURGUIDESERVICE
getUserRewards ---> TOURGUIDESERVICE
getUserRewards ---> TOURGUIDESERVICE
getUserRewards ---> TOURGUIDESERVICE
getUserRewards ---> TOURGUIDESERVICE
getUserRewards ---> TOURGUIDESERVICE
getUserRewards ---> TOURGUIDESERVICE
getUserRewards ---> TOURGUIDESERVICE
getUserRewards ---> TOURGUIDESERVICE
getUserRewards ---> TOURGUIDESERVICE
getUserRewards ---> TOURGUIDESERVICE
getUserRewards ---> TOURGUIDESERVICE
getUserRewards ---> TOURGUIDESERVICE
getUserRewards ---> TOURGUIDESERVICE
getUserRewards ---> TOURGUIDESERVICE
getUserRewards ---> TOURGUIDESERVICE
getUserRewards ---> TOURGUIDESERVICE
getUserRewards ---> TOURGUIDESERVICE
getUserRewards ---> TOURGUIDESERVICE
getUserRewards ---> TOURGUIDESERVICE
getUserRewards ---> TOURGUIDESERVICE
getUserRewards ---> TOURGUIDESERVICE
getUserRewards ---> TOURGUIDESERVICE
getUserRewards ---> TOURGUIDESERVICE
getUserRewards ---> TOURGUIDESERVICE
getUserRewards ---> TOURGUIDESERVICE
getUserRewards ---> TOURGUIDESERVICE
getUserRewards ---> TOURGUIDESERVICE
getUserRewards ---> TOURGUIDESERVICE
getUserRewards ---> TOURGUIDESERVICE
getUserRewards ---> TOURGUIDESERVICE
getUserRewards ---> TOURGUIDESERVICE
getUserRewards ---> TOURGUIDESERVICE
getUserRewards ---> TOURGUIDESERVICE
getUserRewards ---> TOURGUIDESERVICE
getUserRewards ---> TOURGUIDESERVICE
getUserRewards ---> TOURGUIDESERVICE
getUserRewards ---> TOURGUIDESERVICE
getUserRewards ---> TOURGUIDESERVICE
getUserRewards ---> TOURGUIDESERVICE
getUserRewards ---> TOURGUIDESERVICE
getUserRewards ---> TOURGUIDESERVICE
getUserRewards ---> TOURGUIDESERVICE
getUserRewards ---> TOURGUIDESERVICE
getUserRewards ---> TOURGUIDESERVICE
getUserRewards ---> TOURGUIDESERVICE
getUserRewards ---> TOURGUIDESERVICE
getUserRewards ---> TOURGUIDESERVICE
getUserRewards ---> TOURGUIDESERVICE
getUserRewards ---> TOURGUIDESERVICE
getUserRewards ---> TOURGUIDESERVICE
getUserRewards ---> TOURGUIDESERVICE
getUserRewards ---> TOURGUIDESERVICE
getUserRewards ---> TOURGUIDESERVICE
getUserRewards ---> TOURGUIDESERVICE
getUserRewards ---> TOURGUIDESERVICE
getUserRewards ---> TOURGUIDESERVICE
getUserRewards ---> TOURGUIDESERVICE
getUserRewards ---> TOURGUIDESERVICE
getUserRewards ---> TOURGUIDESERVICE
getUserRewards ---> TOURGUIDESERVICE
getUserRewards ---> TOURGUIDESERVICE
getUserRewards ---> TOURGUIDESERVICE
getUserRewards ---> TOURGUIDESERVICE
getUserRewards ---> TOURGUIDESERVICE
getUserRewards ---> TOURGUIDESERVICE
getUserRewards ---> TOURGUIDESERVICE
getUserRewards ---> TOURGUIDESERVICE
getUserRewards ---> TOURGUIDESERVICE
getUserRewards ---> TOURGUIDESERVICE
getUserRewards ---> TOURGUIDESERVICE
getUserRewards ---> TOURGUIDESERVICE
getUserRewards ---> TOURGUIDESERVICE
getUserRewards ---> TOURGUIDESERVICE
getUserRewards ---> TOURGUIDESERVICE
getUserRewards ---> TOURGUIDESERVICE
getUserRewards ---> TOURGUIDESERVICE
getUserRewards ---> TOURGUIDESERVICE
getUserRewards ---> TOURGUIDESERVICE
getUserRewards ---> TOURGUIDESERVICE
getUserRewards ---> TOURGUIDESERVICE
getUserRewards ---> TOURGUIDESERVICE
getUserRewards ---> TOURGUIDESERVICE
getUserRewards ---> TOURGUIDESERVICE
getUserRewards ---> TOURGUIDESERVICE
getUserRewards ---> TOURGUIDESERVICE
getUserRewards ---> TOURGUIDESERVICE
getUserRewards ---> TOURGUIDESERVICE
getUserRewards ---> TOURGUIDESERVICE
getUserRewards ---> TOURGUIDESERVICE
getUserRewards ---> TOURGUIDESERVICE
getUserRewards ---> TOURGUIDESERVICE
getUserRewards ---> TOURGUIDESERVICE
getUserRewards ---> TOURGUIDESERVICE
getUserRewards ---> TOURGUIDESERVICE
getUserRewards ---> TOURGUIDESERVICE
getUserRewards ---> TOURGUIDESERVICE
getUserRewards ---> TOURGUIDESERVICE
getUserRewards ---> TOURGUIDESERVICE
getUserRewards ---> TOURGUIDESERVICE
getUserRewards ---> TOURGUIDESERVICE
getUserRewards ---> TOURGUIDESERVICE
getUserRewards ---> TOURGUIDESERVICE
getUserRewards ---> TOURGUIDESERVICE
getUserRewards ---> TOURGUIDESERVICE
getUserRewards ---> TOURGUIDESERVICE
getUserRewards ---> TOURGUIDESERVICE
getUserRewards ---> TOURGUIDESERVICE
getUserRewards ---> TOURGUIDESERVICE
getUserRewards ---> TOURGUIDESERVICE
getUserRewards ---> TOURGUIDESERVICE
getUserRewards ---> TOURGUIDESERVICE
getUserRewards ---> TOURGUIDESERVICE
getUserRewards ---> TOURGUIDESERVICE
getUserRewards ---> TOURGUIDESERVICE
getUserRewards ---> TOURGUIDESERVICE
getUserRewards ---> TOURGUIDESERVICE
getUserRewards ---> TOURGUIDESERVICE
getUserRewards ---> TOURGUIDESERVICE
getUserRewards ---> TOURGUIDESERVICE
getUserRewards ---> TOURGUIDESERVICE
getUserRewards ---> TOURGUIDESERVICE
getUserRewards ---> TOURGUIDESERVICE
getUserRewards ---> TOURGUIDESERVICE
getUserRewards ---> TOURGUIDESERVICE
getUserRewards ---> TOURGUIDESERVICE
getUserRewards ---> TOURGUIDESERVICE
getUserRewards ---> TOURGUIDESERVICE
getUserRewards ---> TOURGUIDESERVICE
getUserRewards ---> TOURGUIDESERVICE
getUserRewards ---> TOURGUIDESERVICE
getUserRewards ---> TOURGUIDESERVICE
getUserRewards ---> TOURGUIDESERVICE
getUserRewards ---> TOURGUIDESERVICE
getUserRewards ---> TOURGUIDESERVICE
getUserRewards ---> TOURGUIDESERVICE
getUserRewards ---> TOURGUIDESERVICE
getUserRewards ---> TOURGUIDESERVICE
getUserRewards ---> TOURGUIDESERVICE
getUserRewards ---> TOURGUIDESERVICE
getUserRewards ---> TOURGUIDESERVICE
getUserRewards ---> TOURGUIDESERVICE
getUserRewards ---> TOURGUIDESERVICE
getUserRewards ---> TOURGUIDESERVICE
getUserRewards ---> TOURGUIDESERVICE
getUserRewards ---> TOURGUIDESERVICE
getUserRewards ---> TOURGUIDESERVICE
getUserRewards ---> TOURGUIDESERVICE
getUserRewards ---> TOURGUIDESERVICE
getUserRewards ---> TOURGUIDESERVICE
getUserRewards ---> TOURGUIDESERVICE
getUserRewards ---> TOURGUIDESERVICE
getUserRewards ---> TOURGUIDESERVICE
getUserRewards ---> TOURGUIDESERVICE
getUserRewards ---> TOURGUIDESERVICE
getUserRewards ---> TOURGUIDESERVICE
getUserRewards ---> TOURGUIDESERVICE
getUserRewards ---> TOURGUIDESERVICE
getUserRewards ---> TOURGUIDESERVICE
getUserRewards ---> TOURGUIDESERVICE
getUserRewards ---> TOURGUIDESERVICE
getUserRewards ---> TOURGUIDESERVICE
getUserRewards ---> TOURGUIDESERVICE
getUserRewards ---> TOURGUIDESERVICE
getUserRewards ---> TOURGUIDESERVICE
getUserRewards ---> TOURGUIDESERVICE
getUserRewards ---> TOURGUIDESERVICE
getUserRewards ---> TOURGUIDESERVICE
getUserRewards ---> TOURGUIDESERVICE
getUserRewards ---> TOURGUIDESERVICE
getUserRewards ---> TOURGUIDESERVICE
getUserRewards ---> TOURGUIDESERVICE
getUserRewards ---> TOURGUIDESERVICE
getUserRewards ---> TOURGUIDESERVICE
getUserRewards ---> TOURGUIDESERVICE
getUserRewards ---> TOURGUIDESERVICE
getUserRewards ---> TOURGUIDESERVICE
getUserRewards ---> TOURGUIDESERVICE
getUserRewards ---> TOURGUIDESERVICE
getUserRewards ---> TOURGUIDESERVICE
getUserRewards ---> TOURGUIDESERVICE
getUserRewards ---> TOURGUIDESERVICE
getUserRewards ---> TOURGUIDESERVICE
getUserRewards ---> TOURGUIDESERVICE
getUserRewards ---> TOURGUIDESERVICE
getUserRewards ---> TOURGUIDESERVICE
getUserRewards ---> TOURGUIDESERVICE
getUserRewards ---> TOURGUIDESERVICE
getUserRewards ---> TOURGUIDESERVICE
getUserRewards ---> TOURGUIDESERVICE
getUserRewards ---> TOURGUIDESERVICE
getUserRewards ---> TOURGUIDESERVICE
getUserRewards ---> TOURGUIDESERVICE
getUserRewards ---> TOURGUIDESERVICE
getUserRewards ---> TOURGUIDESERVICE
getUserRewards ---> TOURGUIDESERVICE
getUserRewards ---> TOURGUIDESERVICE
getUserRewards ---> TOURGUIDESERVICE
getUserRewards ---> TOURGUIDESERVICE
getUserRewards ---> TOURGUIDESERVICE
getUserRewards ---> TOURGUIDESERVICE
getUserRewards ---> TOURGUIDESERVICE
getUserRewards ---> TOURGUIDESERVICE
getUserRewards ---> TOURGUIDESERVICE
getUserRewards ---> TOURGUIDESERVICE
getUserRewards ---> TOURGUIDESERVICE
getUserRewards ---> TOURGUIDESERVICE
getUserRewards ---> TOURGUIDESERVICE
getUserRewards ---> TOURGUIDESERVICE
getUserRewards ---> TOURGUIDESERVICE
getUserRewards ---> TOURGUIDESERVICE
getUserRewards ---> TOURGUIDESERVICE
getUserRewards ---> TOURGUIDESERVICE
getUserRewards ---> TOURGUIDESERVICE
getUserRewards ---> TOURGUIDESERVICE
getUserRewards ---> TOURGUIDESERVICE
getUserRewards ---> TOURGUIDESERVICE
getUserRewards ---> TOURGUIDESERVICE
getUserRewards ---> TOURGUIDESERVICE
getUserRewards ---> TOURGUIDESERVICE
getUserRewards ---> TOURGUIDESERVICE
getUserRewards ---> TOURGUIDESERVICE
getUserRewards ---> TOURGUIDESERVICE
getUserRewards ---> TOURGUIDESERVICE
getUserRewards ---> TOURGUIDESERVICE
getUserRewards ---> TOURGUIDESERVICE
getUserRewards ---> TOURGUIDESERVICE
getUserRewards ---> TOURGUIDESERVICE
getUserRewards ---> TOURGUIDESERVICE
getUserRewards ---> TOURGUIDESERVICE
getUserRewards ---> TOURGUIDESERVICE
getUserRewards ---> TOURGUIDESERVICE
getUserRewards ---> TOURGUIDESERVICE
getUserRewards ---> TOURGUIDESERVICE
getUserRewards ---> TOURGUIDESERVICE
getUserRewards ---> TOURGUIDESERVICE
getUserRewards ---> TOURGUIDESERVICE
getUserRewards ---> TOURGUIDESERVICE
getUserRewards ---> TOURGUIDESERVICE
getUserRewards ---> TOURGUIDESERVICE
getUserRewards ---> TOURGUIDESERVICE
getUserRewards ---> TOURGUIDESERVICE
getUserRewards ---> TOURGUIDESERVICE
getUserRewards ---> TOURGUIDESERVICE
getUserRewards ---> TOURGUIDESERVICE
getUserRewards ---> TOURGUIDESERVICE
getUserRewards ---> TOURGUIDESERVICE
getUserRewards ---> TOURGUIDESERVICE
getUserRewards ---> TOURGUIDESERVICE
getUserRewards ---> TOURGUIDESERVICE
getUserRewards ---> TOURGUIDESERVICE
getUserRewards ---> TOURGUIDESERVICE
getUserRewards ---> TOURGUIDESERVICE
getUserRewards ---> TOURGUIDESERVICE
getUserRewards ---> TOURGUIDESERVICE
getUserRewards ---> TOURGUIDESERVICE
getUserRewards ---> TOURGUIDESERVICE
getUserRewards ---> TOURGUIDESERVICE
getUserRewards ---> TOURGUIDESERVICE
getUserRewards ---> TOURGUIDESERVICE
getUserRewards ---> TOURGUIDESERVICE
getUserRewards ---> TOURGUIDESERVICE
getUserRewards ---> TOURGUIDESERVICE
getUserRewards ---> TOURGUIDESERVICE
getUserRewards ---> TOURGUIDESERVICE
getUserRewards ---> TOURGUIDESERVICE
getUserRewards ---> TOURGUIDESERVICE
getUserRewards ---> TOURGUIDESERVICE
getUserRewards ---> TOURGUIDESERVICE
getUserRewards ---> TOURGUIDESERVICE
getUserRewards ---> TOURGUIDESERVICE
getUserRewards ---> TOURGUIDESERVICE
getUserRewards ---> TOURGUIDESERVICE
getUserRewards ---> TOURGUIDESERVICE
getUserRewards ---> TOURGUIDESERVICE
getUserRewards ---> TOURGUIDESERVICE
getUserRewards ---> TOURGUIDESERVICE
getUserRewards ---> TOURGUIDESERVICE
getUserRewards ---> TOURGUIDESERVICE
getUserRewards ---> TOURGUIDESERVICE
getUserRewards ---> TOURGUIDESERVICE
getUserRewards ---> TOURGUIDESERVICE
getUserRewards ---> TOURGUIDESERVICE
getUserRewards ---> TOURGUIDESERVICE
getUserRewards ---> TOURGUIDESERVICE
getUserRewards ---> TOURGUIDESERVICE
getUserRewards ---> TOURGUIDESERVICE
getUserRewards ---> TOURGUIDESERVICE
getUserRewards ---> TOURGUIDESERVICE
getUserRewards ---> TOURGUIDESERVICE
getUserRewards ---> TOURGUIDESERVICE
getUserRewards ---> TOURGUIDESERVICE
getUserRewards ---> TOURGUIDESERVICE
getUserRewards ---> TOURGUIDESERVICE
getUserRewards ---> TOURGUIDESERVICE
getUserRewards ---> TOURGUIDESERVICE
getUserRewards ---> TOURGUIDESERVICE
getUserRewards ---> TOURGUIDESERVICE
getUserRewards ---> TOURGUIDESERVICE
getUserRewards ---> TOURGUIDESERVICE
getUserRewards ---> TOURGUIDESERVICE
getUserRewards ---> TOURGUIDESERVICE
getUserRewards ---> TOURGUIDESERVICE
getUserRewards ---> TOURGUIDESERVICE
getUserRewards ---> TOURGUIDESERVICE
getUserRewards ---> TOURGUIDESERVICE
getUserRewards ---> TOURGUIDESERVICE
getUserRewards ---> TOURGUIDESERVICE
getUserRewards ---> TOURGUIDESERVICE
getUserRewards ---> TOURGUIDESERVICE
getUserRewards ---> TOURGUIDESERVICE
getUserRewards ---> TOURGUIDESERVICE
getUserRewards ---> TOURGUIDESERVICE
getUserRewards ---> TOURGUIDESERVICE
getUserRewards ---> TOURGUIDESERVICE
getUserRewards ---> TOURGUIDESERVICE
getUserRewards ---> TOURGUIDESERVICE
getUserRewards ---> TOURGUIDESERVICE
getUserRewards ---> TOURGUIDESERVICE
getUserRewards ---> TOURGUIDESERVICE
getUserRewards ---> TOURGUIDESERVICE
getUserRewards ---> TOURGUIDESERVICE
getUserRewards ---> TOURGUIDESERVICE
getUserRewards ---> TOURGUIDESERVICE
getUserRewards ---> TOURGUIDESERVICE
getUserRewards ---> TOURGUIDESERVICE
getUserRewards ---> TOURGUIDESERVICE
getUserRewards ---> TOURGUIDESERVICE
getUserRewards ---> TOURGUIDESERVICE
getUserRewards ---> TOURGUIDESERVICE
getUserRewards ---> TOURGUIDESERVICE
getUserRewards ---> TOURGUIDESERVICE
getUserRewards ---> TOURGUIDESERVICE
getUserRewards ---> TOURGUIDESERVICE
getUserRewards ---> TOURGUIDESERVICE
getUserRewards ---> TOURGUIDESERVICE
getUserRewards ---> TOURGUIDESERVICE
getUserRewards ---> TOURGUIDESERVICE
getUserRewards ---> TOURGUIDESERVICE
getUserRewards ---> TOURGUIDESERVICE
getUserRewards ---> TOURGUIDESERVICE
getUserRewards ---> TOURGUIDESERVICE
getUserRewards ---> TOURGUIDESERVICE
getUserRewards ---> TOURGUIDESERVICE
getUserRewards ---> TOURGUIDESERVICE
getUserRewards ---> TOURGUIDESERVICE
getUserRewards ---> TOURGUIDESERVICE
getUserRewards ---> TOURGUIDESERVICE
getUserRewards ---> TOURGUIDESERVICE
getUserRewards ---> TOURGUIDESERVICE
getUserRewards ---> TOURGUIDESERVICE
getUserRewards ---> TOURGUIDESERVICE
getUserRewards ---> TOURGUIDESERVICE
getUserRewards ---> TOURGUIDESERVICE
getUserRewards ---> TOURGUIDESERVICE
getUserRewards ---> TOURGUIDESERVICE
getUserRewards ---> TOURGUIDESERVICE
getUserRewards ---> TOURGUIDESERVICE
getUserRewards ---> TOURGUIDESERVICE
getUserRewards ---> TOURGUIDESERVICE
getUserRewards ---> TOURGUIDESERVICE
getUserRewards ---> TOURGUIDESERVICE
getUserRewards ---> TOURGUIDESERVICE
getUserRewards ---> TOURGUIDESERVICE
getUserRewards ---> TOURGUIDESERVICE
getUserRewards ---> TOURGUIDESERVICE
getUserRewards ---> TOURGUIDESERVICE
getUserRewards ---> TOURGUIDESERVICE
getUserRewards ---> TOURGUIDESERVICE
getUserRewards ---> TOURGUIDESERVICE
getUserRewards ---> TOURGUIDESERVICE
getUserRewards ---> TOURGUIDESERVICE
getUserRewards ---> TOURGUIDESERVICE
getUserRewards ---> TOURGUIDESERVICE
getUserRewards ---> TOURGUIDESERVICE
getUserRewards ---> TOURGUIDESERVICE
getUserRewards ---> TOURGUIDESERVICE
getUserRewards ---> TOURGUIDESERVICE
getUserRewards ---> TOURGUIDESERVICE
getUserRewards ---> TOURGUIDESERVICE
getUserRewards ---> TOURGUIDESERVICE
getUserRewards ---> TOURGUIDESERVICE
getUserRewards ---> TOURGUIDESERVICE
getUserRewards ---> TOURGUIDESERVICE
getUserRewards ---> TOURGUIDESERVICE
getUserRewards ---> TOURGUIDESERVICE
getUserRewards ---> TOURGUIDESERVICE
getUserRewards ---> TOURGUIDESERVICE
getUserRewards ---> TOURGUIDESERVICE
getUserRewards ---> TOURGUIDESERVICE
getUserRewards ---> TOURGUIDESERVICE
getUserRewards ---> TOURGUIDESERVICE
getUserRewards ---> TOURGUIDESERVICE
getUserRewards ---> TOURGUIDESERVICE
getUserRewards ---> TOURGUIDESERVICE
getUserRewards ---> TOURGUIDESERVICE
getUserRewards ---> TOURGUIDESERVICE
getUserRewards ---> TOURGUIDESERVICE
getUserRewards ---> TOURGUIDESERVICE
getUserRewards ---> TOURGUIDESERVICE
getUserRewards ---> TOURGUIDESERVICE
getUserRewards ---> TOURGUIDESERVICE
getUserRewards ---> TOURGUIDESERVICE
getUserRewards ---> TOURGUIDESERVICE
getUserRewards ---> TOURGUIDESERVICE
getUserRewards ---> TOURGUIDESERVICE
getUserRewards ---> TOURGUIDESERVICE
getUserRewards ---> TOURGUIDESERVICE
getUserRewards ---> TOURGUIDESERVICE
getUserRewards ---> TOURGUIDESERVICE
getUserRewards ---> TOURGUIDESERVICE
getUserRewards ---> TOURGUIDESERVICE
getUserRewards ---> TOURGUIDESERVICE
getUserRewards ---> TOURGUIDESERVICE
getUserRewards ---> TOURGUIDESERVICE
getUserRewards ---> TOURGUIDESERVICE
getUserRewards ---> TOURGUIDESERVICE
getUserRewards ---> TOURGUIDESERVICE
getUserRewards ---> TOURGUIDESERVICE
getUserRewards ---> TOURGUIDESERVICE
getUserRewards ---> TOURGUIDESERVICE
getUserRewards ---> TOURGUIDESERVICE
getUserRewards ---> TOURGUIDESERVICE
getUserRewards ---> TOURGUIDESERVICE
getUserRewards ---> TOURGUIDESERVICE
getUserRewards ---> TOURGUIDESERVICE
getUserRewards ---> TOURGUIDESERVICE
getUserRewards ---> TOURGUIDESERVICE
getUserRewards ---> TOURGUIDESERVICE
getUserRewards ---> TOURGUIDESERVICE
getUserRewards ---> TOURGUIDESERVICE
getUserRewards ---> TOURGUIDESERVICE
getUserRewards ---> TOURGUIDESERVICE
getUserRewards ---> TOURGUIDESERVICE
getUserRewards ---> TOURGUIDESERVICE
getUserRewards ---> TOURGUIDESERVICE
getUserRewards ---> TOURGUIDESERVICE
getUserRewards ---> TOURGUIDESERVICE
getUserRewards ---> TOURGUIDESERVICE
getUserRewards ---> TOURGUIDESERVICE
getUserRewards ---> TOURGUIDESERVICE
getUserRewards ---> TOURGUIDESERVICE
getUserRewards ---> TOURGUIDESERVICE
getUserRewards ---> TOURGUIDESERVICE
getUserRewards ---> TOURGUIDESERVICE
getUserRewards ---> TOURGUIDESERVICE
getUserRewards ---> TOURGUIDESERVICE
getUserRewards ---> TOURGUIDESERVICE
getUserRewards ---> TOURGUIDESERVICE
getUserRewards ---> TOURGUIDESERVICE
getUserRewards ---> TOURGUIDESERVICE
getUserRewards ---> TOURGUIDESERVICE
getUserRewards ---> TOURGUIDESERVICE
getUserRewards ---> TOURGUIDESERVICE
getUserRewards ---> TOURGUIDESERVICE
getUserRewards ---> TOURGUIDESERVICE
getUserRewards ---> TOURGUIDESERVICE
getUserRewards ---> TOURGUIDESERVICE
getUserRewards ---> TOURGUIDESERVICE
getUserRewards ---> TOURGUIDESERVICE
getUserRewards ---> TOURGUIDESERVICE
getUserRewards ---> TOURGUIDESERVICE
getUserRewards ---> TOURGUIDESERVICE
getUserRewards ---> TOURGUIDESERVICE
getUserRewards ---> TOURGUIDESERVICE
getUserRewards ---> TOURGUIDESERVICE
getUserRewards ---> TOURGUIDESERVICE
getUserRewards ---> TOURGUIDESERVICE
getUserRewards ---> TOURGUIDESERVICE
getUserRewards ---> TOURGUIDESERVICE
getUserRewards ---> TOURGUIDESERVICE
getUserRewards ---> TOURGUIDESERVICE
getUserRewards ---> TOURGUIDESERVICE
getUserRewards ---> TOURGUIDESERVICE
getUserRewards ---> TOURGUIDESERVICE
getUserRewards ---> TOURGUIDESERVICE
getUserRewards ---> TOURGUIDESERVICE
getUserRewards ---> TOURGUIDESERVICE
getUserRewards ---> TOURGUIDESERVICE
getUserRewards ---> TOURGUIDESERVICE
getUserRewards ---> TOURGUIDESERVICE
getUserRewards ---> TOURGUIDESERVICE
getUserRewards ---> TOURGUIDESERVICE
getUserRewards ---> TOURGUIDESERVICE
getUserRewards ---> TOURGUIDESERVICE
getUserRewards ---> TOURGUIDESERVICE
getUserRewards ---> TOURGUIDESERVICE
getUserRewards ---> TOURGUIDESERVICE
getUserRewards ---> TOURGUIDESERVICE
getUserRewards ---> TOURGUIDESERVICE
getUserRewards ---> TOURGUIDESERVICE
getUserRewards ---> TOURGUIDESERVICE
getUserRewards ---> TOURGUIDESERVICE
getUserRewards ---> TOURGUIDESERVICE
getUserRewards ---> TOURGUIDESERVICE
getUserRewards ---> TOURGUIDESERVICE
getUserRewards ---> TOURGUIDESERVICE
getUserRewards ---> TOURGUIDESERVICE
getUserRewards ---> TOURGUIDESERVICE
getUserRewards ---> TOURGUIDESERVICE
getUserRewards ---> TOURGUIDESERVICE
getUserRewards ---> TOURGUIDESERVICE
getUserRewards ---> TOURGUIDESERVICE
getUserRewards ---> TOURGUIDESERVICE
getUserRewards ---> TOURGUIDESERVICE
getUserRewards ---> TOURGUIDESERVICE
getUserRewards ---> TOURGUIDESERVICE
getUserRewards ---> TOURGUIDESERVICE
getUserRewards ---> TOURGUIDESERVICE
getUserRewards ---> TOURGUIDESERVICE
getUserRewards ---> TOURGUIDESERVICE
getUserRewards ---> TOURGUIDESERVICE
getUserRewards ---> TOURGUIDESERVICE
getUserRewards ---> TOURGUIDESERVICE
getUserRewards ---> TOURGUIDESERVICE
getUserRewards ---> TOURGUIDESERVICE
getUserRewards ---> TOURGUIDESERVICE
getUserRewards ---> TOURGUIDESERVICE
getUserRewards ---> TOURGUIDESERVICE
getUserRewards ---> TOURGUIDESERVICE
getUserRewards ---> TOURGUIDESERVICE
getUserRewards ---> TOURGUIDESERVICE
getUserRewards ---> TOURGUIDESERVICE
getUserRewards ---> TOURGUIDESERVICE
getUserRewards ---> TOURGUIDESERVICE
getUserRewards ---> TOURGUIDESERVICE
getUserRewards ---> TOURGUIDESERVICE
getUserRewards ---> TOURGUIDESERVICE
getUserRewards ---> TOURGUIDESERVICE
getUserRewards ---> TOURGUIDESERVICE
getUserRewards ---> TOURGUIDESERVICE
getUserRewards ---> TOURGUIDESERVICE
getUserRewards ---> TOURGUIDESERVICE
getUserRewards ---> TOURGUIDESERVICE
getUserRewards ---> TOURGUIDESERVICE
getUserRewards ---> TOURGUIDESERVICE
getUserRewards ---> TOURGUIDESERVICE
getUserRewards ---> TOURGUIDESERVICE
getUserRewards ---> TOURGUIDESERVICE
getUserRewards ---> TOURGUIDESERVICE
getUserRewards ---> TOURGUIDESERVICE
getUserRewards ---> TOURGUIDESERVICE
getUserRewards ---> TOURGUIDESERVICE
getUserRewards ---> TOURGUIDESERVICE
getUserRewards ---> TOURGUIDESERVICE
getUserRewards ---> TOURGUIDESERVICE
getUserRewards ---> TOURGUIDESERVICE
getUserRewards ---> TOURGUIDESERVICE
getUserRewards ---> TOURGUIDESERVICE
getUserRewards ---> TOURGUIDESERVICE
getUserRewards ---> TOURGUIDESERVICE
getUserRewards ---> TOURGUIDESERVICE
getUserRewards ---> TOURGUIDESERVICE
getUserRewards ---> TOURGUIDESERVICE
getUserRewards ---> TOURGUIDESERVICE
getUserRewards ---> TOURGUIDESERVICE
getUserRewards ---> TOURGUIDESERVICE
getUserRewards ---> TOURGUIDESERVICE
getUserRewards ---> TOURGUIDESERVICE
getUserRewards ---> TOURGUIDESERVICE
getUserRewards ---> TOURGUIDESERVICE
getUserRewards ---> TOURGUIDESERVICE
getUserRewards ---> TOURGUIDESERVICE
getUserRewards ---> TOURGUIDESERVICE
getUserRewards ---> TOURGUIDESERVICE
getUserRewards ---> TOURGUIDESERVICE
getUserRewards ---> TOURGUIDESERVICE
getUserRewards ---> TOURGUIDESERVICE
getUserRewards ---> TOURGUIDESERVICE
getUserRewards ---> TOURGUIDESERVICE
getUserRewards ---> TOURGUIDESERVICE
getUserRewards ---> TOURGUIDESERVICE
getUserRewards ---> TOURGUIDESERVICE
getUserRewards ---> TOURGUIDESERVICE
getUserRewards ---> TOURGUIDESERVICE
getUserRewards ---> TOURGUIDESERVICE
getUserRewards ---> TOURGUIDESERVICE
getUserRewards ---> TOURGUIDESERVICE
getUserRewards ---> TOURGUIDESERVICE
getUserRewards ---> TOURGUIDESERVICE
getUserRewards ---> TOURGUIDESERVICE
getUserRewards ---> TOURGUIDESERVICE
getUserRewards ---> TOURGUIDESERVICE
getUserRewards ---> TOURGUIDESERVICE
getUserRewards ---> TOURGUIDESERVICE
getUserRewards ---> TOURGUIDESERVICE
getUserRewards ---> TOURGUIDESERVICE
getUserRewards ---> TOURGUIDESERVICE
getUserRewards ---> TOURGUIDESERVICE
getUserRewards ---> TOURGUIDESERVICE
getUserRewards ---> TOURGUIDESERVICE
getUserRewards ---> TOURGUIDESERVICE
getUserRewards ---> TOURGUIDESERVICE
getUserRewards ---> TOURGUIDESERVICE
getUserRewards ---> TOURGUIDESERVICE
getUserRewards ---> TOURGUIDESERVICE
getUserRewards ---> TOURGUIDESERVICE
getUserRewards ---> TOURGUIDESERVICE
getUserRewards ---> TOURGUIDESERVICE
getUserRewards ---> TOURGUIDESERVICE
getUserRewards ---> TOURGUIDESERVICE
getUserRewards ---> TOURGUIDESERVICE
getUserRewards ---> TOURGUIDESERVICE
getUserRewards ---> TOURGUIDESERVICE
getUserRewards ---> TOURGUIDESERVICE
getUserRewards ---> TOURGUIDESERVICE
getUserRewards ---> TOURGUIDESERVICE
getUserRewards ---> TOURGUIDESERVICE
getUserRewards ---> TOURGUIDESERVICE
getUserRewards ---> TOURGUIDESERVICE
getUserRewards ---> TOURGUIDESERVICE
getUserRewards ---> TOURGUIDESERVICE
getUserRewards ---> TOURGUIDESERVICE
getUserRewards ---> TOURGUIDESERVICE
getUserRewards ---> TOURGUIDESERVICE
getUserRewards ---> TOURGUIDESERVICE
getUserRewards ---> TOURGUIDESERVICE
getUserRewards ---> TOURGUIDESERVICE
getUserRewards ---> TOURGUIDESERVICE
getUserRewards ---> TOURGUIDESERVICE
getUserRewards ---> TOURGUIDESERVICE
getUserRewards ---> TOURGUIDESERVICE
getUserRewards ---> TOURGUIDESERVICE
getUserRewards ---> TOURGUIDESERVICE
getUserRewards ---> TOURGUIDESERVICE
getUserRewards ---> TOURGUIDESERVICE
getUserRewards ---> TOURGUIDESERVICE
getUserRewards ---> TOURGUIDESERVICE
getUserRewards ---> TOURGUIDESERVICE
getUserRewards ---> TOURGUIDESERVICE
getUserRewards ---> TOURGUIDESERVICE
getUserRewards ---> TOURGUIDESERVICE
getUserRewards ---> TOURGUIDESERVICE
getUserRewards ---> TOURGUIDESERVICE
getUserRewards ---> TOURGUIDESERVICE
getUserRewards ---> TOURGUIDESERVICE
getUserRewards ---> TOURGUIDESERVICE
getUserRewards ---> TOURGUIDESERVICE
getUserRewards ---> TOURGUIDESERVICE
getUserRewards ---> TOURGUIDESERVICE
getUserRewards ---> TOURGUIDESERVICE
getUserRewards ---> TOURGUIDESERVICE
getUserRewards ---> TOURGUIDESERVICE
getUserRewards ---> TOURGUIDESERVICE
getUserRewards ---> TOURGUIDESERVICE
getUserRewards ---> TOURGUIDESERVICE
getUserRewards ---> TOURGUIDESERVICE
getUserRewards ---> TOURGUIDESERVICE
getUserRewards ---> TOURGUIDESERVICE
getUserRewards ---> TOURGUIDESERVICE
getUserRewards ---> TOURGUIDESERVICE
getUserRewards ---> TOURGUIDESERVICE
getUserRewards ---> TOURGUIDESERVICE
getUserRewards ---> TOURGUIDESERVICE
getUserRewards ---> TOURGUIDESERVICE
getUserRewards ---> TOURGUIDESERVICE
getUserRewards ---> TOURGUIDESERVICE
getUserRewards ---> TOURGUIDESERVICE
getUserRewards ---> TOURGUIDESERVICE
getUserRewards ---> TOURGUIDESERVICE
getUserRewards ---> TOURGUIDESERVICE
getUserRewards ---> TOURGUIDESERVICE
getUserRewards ---> TOURGUIDESERVICE
getUserRewards ---> TOURGUIDESERVICE
getUserRewards ---> TOURGUIDESERVICE
getUserRewards ---> TOURGUIDESERVICE
getUserRewards ---> TOURGUIDESERVICE
getUserRewards ---> TOURGUIDESERVICE
getUserRewards ---> TOURGUIDESERVICE
getUserRewards ---> TOURGUIDESERVICE
getUserRewards ---> TOURGUIDESERVICE
getUserRewards ---> TOURGUIDESERVICE
getUserRewards ---> TOURGUIDESERVICE
getUserRewards ---> TOURGUIDESERVICE
getUserRewards ---> TOURGUIDESERVICE
getUserRewards ---> TOURGUIDESERVICE
getUserRewards ---> TOURGUIDESERVICE
getUserRewards ---> TOURGUIDESERVICE
getUserRewards ---> TOURGUIDESERVICE
getUserRewards ---> TOURGUIDESERVICE
getUserRewards ---> TOURGUIDESERVICE
getUserRewards ---> TOURGUIDESERVICE
getUserRewards ---> TOURGUIDESERVICE
getUserRewards ---> TOURGUIDESERVICE
getUserRewards ---> TOURGUIDESERVICE
getUserRewards ---> TOURGUIDESERVICE
getUserRewards ---> TOURGUIDESERVICE
getUserRewards ---> TOURGUIDESERVICE
getUserRewards ---> TOURGUIDESERVICE
getUserRewards ---> TOURGUIDESERVICE
getUserRewards ---> TOURGUIDESERVICE
getUserRewards ---> TOURGUIDESERVICE
getUserRewards ---> TOURGUIDESERVICE
getUserRewards ---> TOURGUIDESERVICE
getUserRewards ---> TOURGUIDESERVICE
getUserRewards ---> TOURGUIDESERVICE
getUserRewards ---> TOURGUIDESERVICE
getUserRewards ---> TOURGUIDESERVICE
getUserRewards ---> TOURGUIDESERVICE
getUserRewards ---> TOURGUIDESERVICE
getUserRewards ---> TOURGUIDESERVICE
getUserRewards ---> TOURGUIDESERVICE
getUserRewards ---> TOURGUIDESERVICE
getUserRewards ---> TOURGUIDESERVICE
getUserRewards ---> TOURGUIDESERVICE
getUserRewards ---> TOURGUIDESERVICE
getUserRewards ---> TOURGUIDESERVICE
getUserRewards ---> TOURGUIDESERVICE
getUserRewards ---> TOURGUIDESERVICE
getUserRewards ---> TOURGUIDESERVICE
getUserRewards ---> TOURGUIDESERVICE
getUserRewards ---> TOURGUIDESERVICE
getUserRewards ---> TOURGUIDESERVICE
getUserRewards ---> TOURGUIDESERVICE
getUserRewards ---> TOURGUIDESERVICE
getUserRewards ---> TOURGUIDESERVICE
getUserRewards ---> TOURGUIDESERVICE
getUserRewards ---> TOURGUIDESERVICE
getUserRewards ---> TOURGUIDESERVICE
getUserRewards ---> TOURGUIDESERVICE
getUserRewards ---> TOURGUIDESERVICE
getUserRewards ---> TOURGUIDESERVICE
getUserRewards ---> TOURGUIDESERVICE
getUserRewards ---> TOURGUIDESERVICE
getUserRewards ---> TOURGUIDESERVICE
getUserRewards ---> TOURGUIDESERVICE
getUserRewards ---> TOURGUIDESERVICE
getUserRewards ---> TOURGUIDESERVICE
getUserRewards ---> TOURGUIDESERVICE
getUserRewards ---> TOURGUIDESERVICE
getUserRewards ---> TOURGUIDESERVICE
getUserRewards ---> TOURGUIDESERVICE
getUserRewards ---> TOURGUIDESERVICE
getUserRewards ---> TOURGUIDESERVICE
getUserRewards ---> TOURGUIDESERVICE
getUserRewards ---> TOURGUIDESERVICE
getUserRewards ---> TOURGUIDESERVICE
getUserRewards ---> TOURGUIDESERVICE
getUserRewards ---> TOURGUIDESERVICE
getUserRewards ---> TOURGUIDESERVICE
getUserRewards ---> TOURGUIDESERVICE
getUserRewards ---> TOURGUIDESERVICE
getUserRewards ---> TOURGUIDESERVICE
getUserRewards ---> TOURGUIDESERVICE
getUserRewards ---> TOURGUIDESERVICE
getUserRewards ---> TOURGUIDESERVICE
getUserRewards ---> TOURGUIDESERVICE
getUserRewards ---> TOURGUIDESERVICE
getUserRewards ---> TOURGUIDESERVICE
getUserRewards ---> TOURGUIDESERVICE
getUserRewards ---> TOURGUIDESERVICE
getUserRewards ---> TOURGUIDESERVICE
getUserRewards ---> TOURGUIDESERVICE
getUserRewards ---> TOURGUIDESERVICE
getUserRewards ---> TOURGUIDESERVICE
getUserRewards ---> TOURGUIDESERVICE
getUserRewards ---> TOURGUIDESERVICE
getUserRewards ---> TOURGUIDESERVICE
getUserRewards ---> TOURGUIDESERVICE
getUserRewards ---> TOURGUIDESERVICE
getUserRewards ---> TOURGUIDESERVICE
getUserRewards ---> TOURGUIDESERVICE
getUserRewards ---> TOURGUIDESERVICE
getUserRewards ---> TOURGUIDESERVICE
getUserRewards ---> TOURGUIDESERVICE
getUserRewards ---> TOURGUIDESERVICE
getUserRewards ---> TOURGUIDESERVICE
getUserRewards ---> TOURGUIDESERVICE
getUserRewards ---> TOURGUIDESERVICE
getUserRewards ---> TOURGUIDESERVICE
getUserRewards ---> TOURGUIDESERVICE
getUserRewards ---> TOURGUIDESERVICE
getUserRewards ---> TOURGUIDESERVICE
getUserRewards ---> TOURGUIDESERVICE
getUserRewards ---> TOURGUIDESERVICE
getUserRewards ---> TOURGUIDESERVICE
getUserRewards ---> TOURGUIDESERVICE
getUserRewards ---> TOURGUIDESERVICE
getUserRewards ---> TOURGUIDESERVICE
getUserRewards ---> TOURGUIDESERVICE
getUserRewards ---> TOURGUIDESERVICE
getUserRewards ---> TOURGUIDESERVICE
getUserRewards ---> TOURGUIDESERVICE
getUserRewards ---> TOURGUIDESERVICE
getUserRewards ---> TOURGUIDESERVICE
getUserRewards ---> TOURGUIDESERVICE
getUserRewards ---> TOURGUIDESERVICE
getUserRewards ---> TOURGUIDESERVICE
getUserRewards ---> TOURGUIDESERVICE
getUserRewards ---> TOURGUIDESERVICE
getUserRewards ---> TOURGUIDESERVICE
getUserRewards ---> TOURGUIDESERVICE
getUserRewards ---> TOURGUIDESERVICE
getUserRewards ---> TOURGUIDESERVICE
getUserRewards ---> TOURGUIDESERVICE
getUserRewards ---> TOURGUIDESERVICE
getUserRewards ---> TOURGUIDESERVICE
getUserRewards ---> TOURGUIDESERVICE
getUserRewards ---> TOURGUIDESERVICE
getUserRewards ---> TOURGUIDESERVICE
getUserRewards ---> TOURGUIDESERVICE
getUserRewards ---> TOURGUIDESERVICE
getUserRewards ---> TOURGUIDESERVICE
getUserRewards ---> TOURGUIDESERVICE
getUserRewards ---> TOURGUIDESERVICE
getUserRewards ---> TOURGUIDESERVICE
getUserRewards ---> TOURGUIDESERVICE
getUserRewards ---> TOURGUIDESERVICE
getUserRewards ---> TOURGUIDESERVICE
getUserRewards ---> TOURGUIDESERVICE
getUserRewards ---> TOURGUIDESERVICE
getUserRewards ---> TOURGUIDESERVICE
getUserRewards ---> TOURGUIDESERVICE
getUserRewards ---> TOURGUIDESERVICE
getUserRewards ---> TOURGUIDESERVICE
getUserRewards ---> TOURGUIDESERVICE
getUserRewards ---> TOURGUIDESERVICE
getUserRewards ---> TOURGUIDESERVICE
getUserRewards ---> TOURGUIDESERVICE
getUserRewards ---> TOURGUIDESERVICE
getUserRewards ---> TOURGUIDESERVICE
getUserRewards ---> TOURGUIDESERVICE
getUserRewards ---> TOURGUIDESERVICE
getUserRewards ---> TOURGUIDESERVICE
getUserRewards ---> TOURGUIDESERVICE
getUserRewards ---> TOURGUIDESERVICE
getUserRewards ---> TOURGUIDESERVICE
getUserRewards ---> TOURGUIDESERVICE
getUserRewards ---> TOURGUIDESERVICE
getUserRewards ---> TOURGUIDESERVICE
getUserRewards ---> TOURGUIDESERVICE
getUserRewards ---> TOURGUIDESERVICE
getUserRewards ---> TOURGUIDESERVICE
getUserRewards ---> TOURGUIDESERVICE
getUserRewards ---> TOURGUIDESERVICE
getUserRewards ---> TOURGUIDESERVICE
getUserRewards ---> TOURGUIDESERVICE
getUserRewards ---> TOURGUIDESERVICE
getUserRewards ---> TOURGUIDESERVICE
getUserRewards ---> TOURGUIDESERVICE
getUserRewards ---> TOURGUIDESERVICE
getUserRewards ---> TOURGUIDESERVICE
getUserRewards ---> TOURGUIDESERVICE
getUserRewards ---> TOURGUIDESERVICE
getUserRewards ---> TOURGUIDESERVICE
getUserRewards ---> TOURGUIDESERVICE
getUserRewards ---> TOURGUIDESERVICE
getUserRewards ---> TOURGUIDESERVICE
getUserRewards ---> TOURGUIDESERVICE
getUserRewards ---> TOURGUIDESERVICE
getUserRewards ---> TOURGUIDESERVICE
getUserRewards ---> TOURGUIDESERVICE
getUserRewards ---> TOURGUIDESERVICE
getUserRewards ---> TOURGUIDESERVICE
getUserRewards ---> TOURGUIDESERVICE
getUserRewards ---> TOURGUIDESERVICE
getUserRewards ---> TOURGUIDESERVICE
getUserRewards ---> TOURGUIDESERVICE
getUserRewards ---> TOURGUIDESERVICE
getUserRewards ---> TOURGUIDESERVICE
getUserRewards ---> TOURGUIDESERVICE
getUserRewards ---> TOURGUIDESERVICE
getUserRewards ---> TOURGUIDESERVICE
getUserRewards ---> TOURGUIDESERVICE
getUserRewards ---> TOURGUIDESERVICE
getUserRewards ---> TOURGUIDESERVICE
getUserRewards ---> TOURGUIDESERVICE
getUserRewards ---> TOURGUIDESERVICE
getUserRewards ---> TOURGUIDESERVICE
getUserRewards ---> TOURGUIDESERVICE
getUserRewards ---> TOURGUIDESERVICE
getUserRewards ---> TOURGUIDESERVICE
getUserRewards ---> TOURGUIDESERVICE
getUserRewards ---> TOURGUIDESERVICE
getUserRewards ---> TOURGUIDESERVICE
getUserRewards ---> TOURGUIDESERVICE
getUserRewards ---> TOURGUIDESERVICE
getUserRewards ---> TOURGUIDESERVICE
getUserRewards ---> TOURGUIDESERVICE
getUserRewards ---> TOURGUIDESERVICE
getUserRewards ---> TOURGUIDESERVICE
getUserRewards ---> TOURGUIDESERVICE
getUserRewards ---> TOURGUIDESERVICE
getUserRewards ---> TOURGUIDESERVICE
getUserRewards ---> TOURGUIDESERVICE
getUserRewards ---> TOURGUIDESERVICE
getUserRewards ---> TOURGUIDESERVICE
getUserRewards ---> TOURGUIDESERVICE
getUserRewards ---> TOURGUIDESERVICE
getUserRewards ---> TOURGUIDESERVICE
getUserRewards ---> TOURGUIDESERVICE
getUserRewards ---> TOURGUIDESERVICE
getUserRewards ---> TOURGUIDESERVICE
getUserRewards ---> TOURGUIDESERVICE
getUserRewards ---> TOURGUIDESERVICE
getUserRewards ---> TOURGUIDESERVICE
getUserRewards ---> TOURGUIDESERVICE
getUserRewards ---> TOURGUIDESERVICE
getUserRewards ---> TOURGUIDESERVICE
getUserRewards ---> TOURGUIDESERVICE
getUserRewards ---> TOURGUIDESERVICE
getUserRewards ---> TOURGUIDESERVICE
getUserRewards ---> TOURGUIDESERVICE
getUserRewards ---> TOURGUIDESERVICE
getUserRewards ---> TOURGUIDESERVICE
getUserRewards ---> TOURGUIDESERVICE
getUserRewards ---> TOURGUIDESERVICE
getUserRewards ---> TOURGUIDESERVICE
getUserRewards ---> TOURGUIDESERVICE
getUserRewards ---> TOURGUIDESERVICE
getUserRewards ---> TOURGUIDESERVICE
getUserRewards ---> TOURGUIDESERVICE
getUserRewards ---> TOURGUIDESERVICE
getUserRewards ---> TOURGUIDESERVICE
getUserRewards ---> TOURGUIDESERVICE
getUserRewards ---> TOURGUIDESERVICE
getUserRewards ---> TOURGUIDESERVICE
getUserRewards ---> TOURGUIDESERVICE
getUserRewards ---> TOURGUIDESERVICE
getUserRewards ---> TOURGUIDESERVICE
getUserRewards ---> TOURGUIDESERVICE
getUserRewards ---> TOURGUIDESERVICE
getUserRewards ---> TOURGUIDESERVICE
getUserRewards ---> TOURGUIDESERVICE
getUserRewards ---> TOURGUIDESERVICE
getUserRewards ---> TOURGUIDESERVICE
getUserRewards ---> TOURGUIDESERVICE
getUserRewards ---> TOURGUIDESERVICE
getUserRewards ---> TOURGUIDESERVICE
getUserRewards ---> TOURGUIDESERVICE
getUserRewards ---> TOURGUIDESERVICE
getUserRewards ---> TOURGUIDESERVICE
getUserRewards ---> TOURGUIDESERVICE
getUserRewards ---> TOURGUIDESERVICE
getUserRewards ---> TOURGUIDESERVICE
getUserRewards ---> TOURGUIDESERVICE
getUserRewards ---> TOURGUIDESERVICE
getUserRewards ---> TOURGUIDESERVICE
getUserRewards ---> TOURGUIDESERVICE
getUserRewards ---> TOURGUIDESERVICE
getUserRewards ---> TOURGUIDESERVICE
getUserRewards ---> TOURGUIDESERVICE
getUserRewards ---> TOURGUIDESERVICE
getUserRewards ---> TOURGUIDESERVICE
getUserRewards ---> TOURGUIDESERVICE
getUserRewards ---> TOURGUIDESERVICE
getUserRewards ---> TOURGUIDESERVICE
getUserRewards ---> TOURGUIDESERVICE
getUserRewards ---> TOURGUIDESERVICE
getUserRewards ---> TOURGUIDESERVICE
getUserRewards ---> TOURGUIDESERVICE
getUserRewards ---> TOURGUIDESERVICE
getUserRewards ---> TOURGUIDESERVICE
getUserRewards ---> TOURGUIDESERVICE
getUserRewards ---> TOURGUIDESERVICE
getUserRewards ---> TOURGUIDESERVICE
getUserRewards ---> TOURGUIDESERVICE
getUserRewards ---> TOURGUIDESERVICE
getUserRewards ---> TOURGUIDESERVICE
getUserRewards ---> TOURGUIDESERVICE
getUserRewards ---> TOURGUIDESERVICE
getUserRewards ---> TOURGUIDESERVICE
getUserRewards ---> TOURGUIDESERVICE
getUserRewards ---> TOURGUIDESERVICE
getUserRewards ---> TOURGUIDESERVICE
getUserRewards ---> TOURGUIDESERVICE
getUserRewards ---> TOURGUIDESERVICE
getUserRewards ---> TOURGUIDESERVICE
getUserRewards ---> TOURGUIDESERVICE
getUserRewards ---> TOURGUIDESERVICE
getUserRewards ---> TOURGUIDESERVICE
getUserRewards ---> TOURGUIDESERVICE
getUserRewards ---> TOURGUIDESERVICE
getUserRewards ---> TOURGUIDESERVICE
getUserRewards ---> TOURGUIDESERVICE
getUserRewards ---> TOURGUIDESERVICE
getUserRewards ---> TOURGUIDESERVICE
getUserRewards ---> TOURGUIDESERVICE
getUserRewards ---> TOURGUIDESERVICE
getUserRewards ---> TOURGUIDESERVICE
getUserRewards ---> TOURGUIDESERVICE
getUserRewards ---> TOURGUIDESERVICE
getUserRewards ---> TOURGUIDESERVICE
getUserRewards ---> TOURGUIDESERVICE
getUserRewards ---> TOURGUIDESERVICE
getUserRewards ---> TOURGUIDESERVICE
getUserRewards ---> TOURGUIDESERVICE
getUserRewards ---> TOURGUIDESERVICE
getUserRewards ---> TOURGUIDESERVICE
getUserRewards ---> TOURGUIDESERVICE
getUserRewards ---> TOURGUIDESERVICE
getUserRewards ---> TOURGUIDESERVICE
getUserRewards ---> TOURGUIDESERVICE
getUserRewards ---> TOURGUIDESERVICE
getUserRewards ---> TOURGUIDESERVICE
getUserRewards ---> TOURGUIDESERVICE
getUserRewards ---> TOURGUIDESERVICE
getUserRewards ---> TOURGUIDESERVICE
getUserRewards ---> TOURGUIDESERVICE
getUserRewards ---> TOURGUIDESERVICE
getUserRewards ---> TOURGUIDESERVICE
getUserRewards ---> TOURGUIDESERVICE
getUserRewards ---> TOURGUIDESERVICE
getUserRewards ---> TOURGUIDESERVICE
getUserRewards ---> TOURGUIDESERVICE
getUserRewards ---> TOURGUIDESERVICE
getUserRewards ---> TOURGUIDESERVICE
getUserRewards ---> TOURGUIDESERVICE
getUserRewards ---> TOURGUIDESERVICE
getUserRewards ---> TOURGUIDESERVICE
getUserRewards ---> TOURGUIDESERVICE
getUserRewards ---> TOURGUIDESERVICE
getUserRewards ---> TOURGUIDESERVICE
getUserRewards ---> TOURGUIDESERVICE
getUserRewards ---> TOURGUIDESERVICE
getUserRewards ---> TOURGUIDESERVICE
getUserRewards ---> TOURGUIDESERVICE
getUserRewards ---> TOURGUIDESERVICE
getUserRewards ---> TOURGUIDESERVICE
getUserRewards ---> TOURGUIDESERVICE
getUserRewards ---> TOURGUIDESERVICE
getUserRewards ---> TOURGUIDESERVICE
getUserRewards ---> TOURGUIDESERVICE
getUserRewards ---> TOURGUIDESERVICE
getUserRewards ---> TOURGUIDESERVICE
getUserRewards ---> TOURGUIDESERVICE
getUserRewards ---> TOURGUIDESERVICE
getUserRewards ---> TOURGUIDESERVICE
getUserRewards ---> TOURGUIDESERVICE
getUserRewards ---> TOURGUIDESERVICE
getUserRewards ---> TOURGUIDESERVICE
getUserRewards ---> TOURGUIDESERVICE
getUserRewards ---> TOURGUIDESERVICE
getUserRewards ---> TOURGUIDESERVICE
getUserRewards ---> TOURGUIDESERVICE
getUserRewards ---> TOURGUIDESERVICE
getUserRewards ---> TOURGUIDESERVICE
getUserRewards ---> TOURGUIDESERVICE
getUserRewards ---> TOURGUIDESERVICE
getUserRewards ---> TOURGUIDESERVICE
getUserRewards ---> TOURGUIDESERVICE
getUserRewards ---> TOURGUIDESERVICE
getUserRewards ---> TOURGUIDESERVICE
getUserRewards ---> TOURGUIDESERVICE
getUserRewards ---> TOURGUIDESERVICE
getUserRewards ---> TOURGUIDESERVICE
getUserRewards ---> TOURGUIDESERVICE
getUserRewards ---> TOURGUIDESERVICE
getUserRewards ---> TOURGUIDESERVICE
getUserRewards ---> TOURGUIDESERVICE
getUserRewards ---> TOURGUIDESERVICE
getUserRewards ---> TOURGUIDESERVICE
getUserRewards ---> TOURGUIDESERVICE
getUserRewards ---> TOURGUIDESERVICE
getUserRewards ---> TOURGUIDESERVICE
getUserRewards ---> TOURGUIDESERVICE
getUserRewards ---> TOURGUIDESERVICE
getUserRewards ---> TOURGUIDESERVICE
getUserRewards ---> TOURGUIDESERVICE
getUserRewards ---> TOURGUIDESERVICE
getUserRewards ---> TOURGUIDESERVICE
getUserRewards ---> TOURGUIDESERVICE
getUserRewards ---> TOURGUIDESERVICE
getUserRewards ---> TOURGUIDESERVICE
getUserRewards ---> TOURGUIDESERVICE
getUserRewards ---> TOURGUIDESERVICE
getUserRewards ---> TOURGUIDESERVICE
getUserRewards ---> TOURGUIDESERVICE
getUserRewards ---> TOURGUIDESERVICE
getUserRewards ---> TOURGUIDESERVICE
getUserRewards ---> TOURGUIDESERVICE
getUserRewards ---> TOURGUIDESERVICE
getUserRewards ---> TOURGUIDESERVICE
getUserRewards ---> TOURGUIDESERVICE
getUserRewards ---> TOURGUIDESERVICE
getUserRewards ---> TOURGUIDESERVICE
getUserRewards ---> TOURGUIDESERVICE
getUserRewards ---> TOURGUIDESERVICE
getUserRewards ---> TOURGUIDESERVICE
getUserRewards ---> TOURGUIDESERVICE
getUserRewards ---> TOURGUIDESERVICE
getUserRewards ---> TOURGUIDESERVICE
getUserRewards ---> TOURGUIDESERVICE
getUserRewards ---> TOURGUIDESERVICE
getUserRewards ---> TOURGUIDESERVICE
getUserRewards ---> TOURGUIDESERVICE
getUserRewards ---> TOURGUIDESERVICE
getUserRewards ---> TOURGUIDESERVICE
getUserRewards ---> TOURGUIDESERVICE
getUserRewards ---> TOURGUIDESERVICE
getUserRewards ---> TOURGUIDESERVICE
getUserRewards ---> TOURGUIDESERVICE
getUserRewards ---> TOURGUIDESERVICE
getUserRewards ---> TOURGUIDESERVICE
getUserRewards ---> TOURGUIDESERVICE
getUserRewards ---> TOURGUIDESERVICE
getUserRewards ---> TOURGUIDESERVICE
getUserRewards ---> TOURGUIDESERVICE
getUserRewards ---> TOURGUIDESERVICE
getUserRewards ---> TOURGUIDESERVICE
getUserRewards ---> TOURGUIDESERVICE
getUserRewards ---> TOURGUIDESERVICE
getUserRewards ---> TOURGUIDESERVICE
getUserRewards ---> TOURGUIDESERVICE
getUserRewards ---> TOURGUIDESERVICE
getUserRewards ---> TOURGUIDESERVICE
getUserRewards ---> TOURGUIDESERVICE
getUserRewards ---> TOURGUIDESERVICE
getUserRewards ---> TOURGUIDESERVICE
getUserRewards ---> TOURGUIDESERVICE
getUserRewards ---> TOURGUIDESERVICE
getUserRewards ---> TOURGUIDESERVICE
getUserRewards ---> TOURGUIDESERVICE
getUserRewards ---> TOURGUIDESERVICE
getUserRewards ---> TOURGUIDESERVICE
getUserRewards ---> TOURGUIDESERVICE
getUserRewards ---> TOURGUIDESERVICE
getUserRewards ---> TOURGUIDESERVICE
getUserRewards ---> TOURGUIDESERVICE
getUserRewards ---> TOURGUIDESERVICE
getUserRewards ---> TOURGUIDESERVICE
getUserRewards ---> TOURGUIDESERVICE
getUserRewards ---> TOURGUIDESERVICE
getUserRewards ---> TOURGUIDESERVICE
getUserRewards ---> TOURGUIDESERVICE
getUserRewards ---> TOURGUIDESERVICE
getUserRewards ---> TOURGUIDESERVICE
getUserRewards ---> TOURGUIDESERVICE
getUserRewards ---> TOURGUIDESERVICE
getUserRewards ---> TOURGUIDESERVICE
getUserRewards ---> TOURGUIDESERVICE
getUserRewards ---> TOURGUIDESERVICE
getUserRewards ---> TOURGUIDESERVICE
getUserRewards ---> TOURGUIDESERVICE
getUserRewards ---> TOURGUIDESERVICE
getUserRewards ---> TOURGUIDESERVICE
getUserRewards ---> TOURGUIDESERVICE
getUserRewards ---> TOURGUIDESERVICE
getUserRewards ---> TOURGUIDESERVICE
getUserRewards ---> TOURGUIDESERVICE
getUserRewards ---> TOURGUIDESERVICE
getUserRewards ---> TOURGUIDESERVICE
getUserRewards ---> TOURGUIDESERVICE
getUserRewards ---> TOURGUIDESERVICE
getUserRewards ---> TOURGUIDESERVICE
getUserRewards ---> TOURGUIDESERVICE
getUserRewards ---> TOURGUIDESERVICE
getUserRewards ---> TOURGUIDESERVICE
getUserRewards ---> TOURGUIDESERVICE
getUserRewards ---> TOURGUIDESERVICE
getUserRewards ---> TOURGUIDESERVICE
getUserRewards ---> TOURGUIDESERVICE
getUserRewards ---> TOURGUIDESERVICE
getUserRewards ---> TOURGUIDESERVICE
getUserRewards ---> TOURGUIDESERVICE
getUserRewards ---> TOURGUIDESERVICE
getUserRewards ---> TOURGUIDESERVICE
getUserRewards ---> TOURGUIDESERVICE
getUserRewards ---> TOURGUIDESERVICE
getUserRewards ---> TOURGUIDESERVICE
getUserRewards ---> TOURGUIDESERVICE
getUserRewards ---> TOURGUIDESERVICE
getUserRewards ---> TOURGUIDESERVICE
getUserRewards ---> TOURGUIDESERVICE
getUserRewards ---> TOURGUIDESERVICE
getUserRewards ---> TOURGUIDESERVICE
getUserRewards ---> TOURGUIDESERVICE
getUserRewards ---> TOURGUIDESERVICE
getUserRewards ---> TOURGUIDESERVICE
getUserRewards ---> TOURGUIDESERVICE
getUserRewards ---> TOURGUIDESERVICE
getUserRewards ---> TOURGUIDESERVICE
getUserRewards ---> TOURGUIDESERVICE
getUserRewards ---> TOURGUIDESERVICE
getUserRewards ---> TOURGUIDESERVICE
getUserRewards ---> TOURGUIDESERVICE
getUserRewards ---> TOURGUIDESERVICE
getUserRewards ---> TOURGUIDESERVICE
getUserRewards ---> TOURGUIDESERVICE
getUserRewards ---> TOURGUIDESERVICE
getUserRewards ---> TOURGUIDESERVICE
getUserRewards ---> TOURGUIDESERVICE
getUserRewards ---> TOURGUIDESERVICE
getUserRewards ---> TOURGUIDESERVICE
getUserRewards ---> TOURGUIDESERVICE
getUserRewards ---> TOURGUIDESERVICE
getUserRewards ---> TOURGUIDESERVICE
getUserRewards ---> TOURGUIDESERVICE
getUserRewards ---> TOURGUIDESERVICE
getUserRewards ---> TOURGUIDESERVICE
getUserRewards ---> TOURGUIDESERVICE
getUserRewards ---> TOURGUIDESERVICE
getUserRewards ---> TOURGUIDESERVICE
getUserRewards ---> TOURGUIDESERVICE
getUserRewards ---> TOURGUIDESERVICE
getUserRewards ---> TOURGUIDESERVICE
getUserRewards ---> TOURGUIDESERVICE
getUserRewards ---> TOURGUIDESERVICE
getUserRewards ---> TOURGUIDESERVICE
getUserRewards ---> TOURGUIDESERVICE
getUserRewards ---> TOURGUIDESERVICE
getUserRewards ---> TOURGUIDESERVICE
getUserRewards ---> TOURGUIDESERVICE
getUserRewards ---> TOURGUIDESERVICE
getUserRewards ---> TOURGUIDESERVICE
getUserRewards ---> TOURGUIDESERVICE
getUserRewards ---> TOURGUIDESERVICE
getUserRewards ---> TOURGUIDESERVICE
getUserRewards ---> TOURGUIDESERVICE
getUserRewards ---> TOURGUIDESERVICE
getUserRewards ---> TOURGUIDESERVICE
getUserRewards ---> TOURGUIDESERVICE
getUserRewards ---> TOURGUIDESERVICE
getUserRewards ---> TOURGUIDESERVICE
getUserRewards ---> TOURGUIDESERVICE
getUserRewards ---> TOURGUIDESERVICE
getUserRewards ---> TOURGUIDESERVICE
getUserRewards ---> TOURGUIDESERVICE
getUserRewards ---> TOURGUIDESERVICE
getUserRewards ---> TOURGUIDESERVICE
getUserRewards ---> TOURGUIDESERVICE
getUserRewards ---> TOURGUIDESERVICE
getUserRewards ---> TOURGUIDESERVICE
getUserRewards ---> TOURGUIDESERVICE
getUserRewards ---> TOURGUIDESERVICE
getUserRewards ---> TOURGUIDESERVICE
getUserRewards ---> TOURGUIDESERVICE
getUserRewards ---> TOURGUIDESERVICE
getUserRewards ---> TOURGUIDESERVICE
getUserRewards ---> TOURGUIDESERVICE
getUserRewards ---> TOURGUIDESERVICE
getUserRewards ---> TOURGUIDESERVICE
getUserRewards ---> TOURGUIDESERVICE
getUserRewards ---> TOURGUIDESERVICE
getUserRewards ---> TOURGUIDESERVICE
getUserRewards ---> TOURGUIDESERVICE
getUserRewards ---> TOURGUIDESERVICE
getUserRewards ---> TOURGUIDESERVICE
getUserRewards ---> TOURGUIDESERVICE
getUserRewards ---> TOURGUIDESERVICE
getUserRewards ---> TOURGUIDESERVICE
getUserRewards ---> TOURGUIDESERVICE
getUserRewards ---> TOURGUIDESERVICE
getUserRewards ---> TOURGUIDESERVICE
getUserRewards ---> TOURGUIDESERVICE
getUserRewards ---> TOURGUIDESERVICE
getUserRewards ---> TOURGUIDESERVICE
getUserRewards ---> TOURGUIDESERVICE
getUserRewards ---> TOURGUIDESERVICE
getUserRewards ---> TOURGUIDESERVICE
getUserRewards ---> TOURGUIDESERVICE
getUserRewards ---> TOURGUIDESERVICE
getUserRewards ---> TOURGUIDESERVICE
getUserRewards ---> TOURGUIDESERVICE
getUserRewards ---> TOURGUIDESERVICE
getUserRewards ---> TOURGUIDESERVICE
getUserRewards ---> TOURGUIDESERVICE
getUserRewards ---> TOURGUIDESERVICE
getUserRewards ---> TOURGUIDESERVICE
getUserRewards ---> TOURGUIDESERVICE
getUserRewards ---> TOURGUIDESERVICE
getUserRewards ---> TOURGUIDESERVICE
getUserRewards ---> TOURGUIDESERVICE
getUserRewards ---> TOURGUIDESERVICE
getUserRewards ---> TOURGUIDESERVICE
getUserRewards ---> TOURGUIDESERVICE
getUserRewards ---> TOURGUIDESERVICE
getUserRewards ---> TOURGUIDESERVICE
getUserRewards ---> TOURGUIDESERVICE
getUserRewards ---> TOURGUIDESERVICE
getUserRewards ---> TOURGUIDESERVICE
getUserRewards ---> TOURGUIDESERVICE
getUserRewards ---> TOURGUIDESERVICE
getUserRewards ---> TOURGUIDESERVICE
getUserRewards ---> TOURGUIDESERVICE
getUserRewards ---> TOURGUIDESERVICE
getUserRewards ---> TOURGUIDESERVICE
getUserRewards ---> TOURGUIDESERVICE
getUserRewards ---> TOURGUIDESERVICE
getUserRewards ---> TOURGUIDESERVICE
getUserRewards ---> TOURGUIDESERVICE
getUserRewards ---> TOURGUIDESERVICE
getUserRewards ---> TOURGUIDESERVICE
getUserRewards ---> TOURGUIDESERVICE
getUserRewards ---> TOURGUIDESERVICE
getUserRewards ---> TOURGUIDESERVICE
getUserRewards ---> TOURGUIDESERVICE
getUserRewards ---> TOURGUIDESERVICE
getUserRewards ---> TOURGUIDESERVICE
getUserRewards ---> TOURGUIDESERVICE
getUserRewards ---> TOURGUIDESERVICE
getUserRewards ---> TOURGUIDESERVICE
getUserRewards ---> TOURGUIDESERVICE
getUserRewards ---> TOURGUIDESERVICE
getUserRewards ---> TOURGUIDESERVICE
getUserRewards ---> TOURGUIDESERVICE
getUserRewards ---> TOURGUIDESERVICE
getUserRewards ---> TOURGUIDESERVICE
getUserRewards ---> TOURGUIDESERVICE
getUserRewards ---> TOURGUIDESERVICE
getUserRewards ---> TOURGUIDESERVICE
getUserRewards ---> TOURGUIDESERVICE
getUserRewards ---> TOURGUIDESERVICE
getUserRewards ---> TOURGUIDESERVICE
getUserRewards ---> TOURGUIDESERVICE
getUserRewards ---> TOURGUIDESERVICE
getUserRewards ---> TOURGUIDESERVICE
getUserRewards ---> TOURGUIDESERVICE
getUserRewards ---> TOURGUIDESERVICE
getUserRewards ---> TOURGUIDESERVICE
getUserRewards ---> TOURGUIDESERVICE
getUserRewards ---> TOURGUIDESERVICE
getUserRewards ---> TOURGUIDESERVICE
getUserRewards ---> TOURGUIDESERVICE
getUserRewards ---> TOURGUIDESERVICE
getUserRewards ---> TOURGUIDESERVICE
getUserRewards ---> TOURGUIDESERVICE
getUserRewards ---> TOURGUIDESERVICE
getUserRewards ---> TOURGUIDESERVICE
getUserRewards ---> TOURGUIDESERVICE
getUserRewards ---> TOURGUIDESERVICE
getUserRewards ---> TOURGUIDESERVICE
getUserRewards ---> TOURGUIDESERVICE
getUserRewards ---> TOURGUIDESERVICE
getUserRewards ---> TOURGUIDESERVICE
getUserRewards ---> TOURGUIDESERVICE
getUserRewards ---> TOURGUIDESERVICE
getUserRewards ---> TOURGUIDESERVICE
getUserRewards ---> TOURGUIDESERVICE
getUserRewards ---> TOURGUIDESERVICE
getUserRewards ---> TOURGUIDESERVICE
getUserRewards ---> TOURGUIDESERVICE
getUserRewards ---> TOURGUIDESERVICE
getUserRewards ---> TOURGUIDESERVICE
getUserRewards ---> TOURGUIDESERVICE
getUserRewards ---> TOURGUIDESERVICE
getUserRewards ---> TOURGUIDESERVICE
getUserRewards ---> TOURGUIDESERVICE
getUserRewards ---> TOURGUIDESERVICE
getUserRewards ---> TOURGUIDESERVICE
getUserRewards ---> TOURGUIDESERVICE
getUserRewards ---> TOURGUIDESERVICE
getUserRewards ---> TOURGUIDESERVICE
getUserRewards ---> TOURGUIDESERVICE
getUserRewards ---> TOURGUIDESERVICE
getUserRewards ---> TOURGUIDESERVICE
getUserRewards ---> TOURGUIDESERVICE
getUserRewards ---> TOURGUIDESERVICE
getUserRewards ---> TOURGUIDESERVICE
getUserRewards ---> TOURGUIDESERVICE
getUserRewards ---> TOURGUIDESERVICE
getUserRewards ---> TOURGUIDESERVICE
getUserRewards ---> TOURGUIDESERVICE
getUserRewards ---> TOURGUIDESERVICE
getUserRewards ---> TOURGUIDESERVICE
getUserRewards ---> TOURGUIDESERVICE
getUserRewards ---> TOURGUIDESERVICE
getUserRewards ---> TOURGUIDESERVICE
getUserRewards ---> TOURGUIDESERVICE
getUserRewards ---> TOURGUIDESERVICE
getUserRewards ---> TOURGUIDESERVICE
getUserRewards ---> TOURGUIDESERVICE
getUserRewards ---> TOURGUIDESERVICE
getUserRewards ---> TOURGUIDESERVICE
getUserRewards ---> TOURGUIDESERVICE
getUserRewards ---> TOURGUIDESERVICE
getUserRewards ---> TOURGUIDESERVICE
getUserRewards ---> TOURGUIDESERVICE
getUserRewards ---> TOURGUIDESERVICE
getUserRewards ---> TOURGUIDESERVICE
getUserRewards ---> TOURGUIDESERVICE
getUserRewards ---> TOURGUIDESERVICE
getUserRewards ---> TOURGUIDESERVICE
getUserRewards ---> TOURGUIDESERVICE
getUserRewards ---> TOURGUIDESERVICE
getUserRewards ---> TOURGUIDESERVICE
getUserRewards ---> TOURGUIDESERVICE
getUserRewards ---> TOURGUIDESERVICE
getUserRewards ---> TOURGUIDESERVICE
getUserRewards ---> TOURGUIDESERVICE
getUserRewards ---> TOURGUIDESERVICE
getUserRewards ---> TOURGUIDESERVICE
getUserRewards ---> TOURGUIDESERVICE
getUserRewards ---> TOURGUIDESERVICE
getUserRewards ---> TOURGUIDESERVICE
getUserRewards ---> TOURGUIDESERVICE
getUserRewards ---> TOURGUIDESERVICE
getUserRewards ---> TOURGUIDESERVICE
getUserRewards ---> TOURGUIDESERVICE
getUserRewards ---> TOURGUIDESERVICE
getUserRewards ---> TOURGUIDESERVICE
getUserRewards ---> TOURGUIDESERVICE
getUserRewards ---> TOURGUIDESERVICE
getUserRewards ---> TOURGUIDESERVICE
getUserRewards ---> TOURGUIDESERVICE
getUserRewards ---> TOURGUIDESERVICE
getUserRewards ---> TOURGUIDESERVICE
getUserRewards ---> TOURGUIDESERVICE
getUserRewards ---> TOURGUIDESERVICE
getUserRewards ---> TOURGUIDESERVICE
getUserRewards ---> TOURGUIDESERVICE
getUserRewards ---> TOURGUIDESERVICE
getUserRewards ---> TOURGUIDESERVICE
getUserRewards ---> TOURGUIDESERVICE
getUserRewards ---> TOURGUIDESERVICE
getUserRewards ---> TOURGUIDESERVICE
getUserRewards ---> TOURGUIDESERVICE
getUserRewards ---> TOURGUIDESERVICE
getUserRewards ---> TOURGUIDESERVICE
getUserRewards ---> TOURGUIDESERVICE
getUserRewards ---> TOURGUIDESERVICE
getUserRewards ---> TOURGUIDESERVICE
getUserRewards ---> TOURGUIDESERVICE
getUserRewards ---> TOURGUIDESERVICE
getUserRewards ---> TOURGUIDESERVICE
getUserRewards ---> TOURGUIDESERVICE
getUserRewards ---> TOURGUIDESERVICE
getUserRewards ---> TOURGUIDESERVICE
getUserRewards ---> TOURGUIDESERVICE
getUserRewards ---> TOURGUIDESERVICE
getUserRewards ---> TOURGUIDESERVICE
getUserRewards ---> TOURGUIDESERVICE
getUserRewards ---> TOURGUIDESERVICE
getUserRewards ---> TOURGUIDESERVICE
getUserRewards ---> TOURGUIDESERVICE
getUserRewards ---> TOURGUIDESERVICE
getUserRewards ---> TOURGUIDESERVICE
getUserRewards ---> TOURGUIDESERVICE
getUserRewards ---> TOURGUIDESERVICE
getUserRewards ---> TOURGUIDESERVICE
getUserRewards ---> TOURGUIDESERVICE
getUserRewards ---> TOURGUIDESERVICE
getUserRewards ---> TOURGUIDESERVICE
getUserRewards ---> TOURGUIDESERVICE
getUserRewards ---> TOURGUIDESERVICE
getUserRewards ---> TOURGUIDESERVICE
getUserRewards ---> TOURGUIDESERVICE
getUserRewards ---> TOURGUIDESERVICE
getUserRewards ---> TOURGUIDESERVICE
getUserRewards ---> TOURGUIDESERVICE
getUserRewards ---> TOURGUIDESERVICE
getUserRewards ---> TOURGUIDESERVICE
getUserRewards ---> TOURGUIDESERVICE
getUserRewards ---> TOURGUIDESERVICE
getUserRewards ---> TOURGUIDESERVICE
getUserRewards ---> TOURGUIDESERVICE
getUserRewards ---> TOURGUIDESERVICE
getUserRewards ---> TOURGUIDESERVICE
getUserRewards ---> TOURGUIDESERVICE
getUserRewards ---> TOURGUIDESERVICE
getUserRewards ---> TOURGUIDESERVICE
getUserRewards ---> TOURGUIDESERVICE
getUserRewards ---> TOURGUIDESERVICE
getUserRewards ---> TOURGUIDESERVICE
getUserRewards ---> TOURGUIDESERVICE
getUserRewards ---> TOURGUIDESERVICE
getUserRewards ---> TOURGUIDESERVICE
getUserRewards ---> TOURGUIDESERVICE
getUserRewards ---> TOURGUIDESERVICE
getUserRewards ---> TOURGUIDESERVICE
getUserRewards ---> TOURGUIDESERVICE
getUserRewards ---> TOURGUIDESERVICE
getUserRewards ---> TOURGUIDESERVICE
getUserRewards ---> TOURGUIDESERVICE
getUserRewards ---> TOURGUIDESERVICE
getUserRewards ---> TOURGUIDESERVICE
getUserRewards ---> TOURGUIDESERVICE
getUserRewards ---> TOURGUIDESERVICE
getUserRewards ---> TOURGUIDESERVICE
getUserRewards ---> TOURGUIDESERVICE
getUserRewards ---> TOURGUIDESERVICE
getUserRewards ---> TOURGUIDESERVICE
getUserRewards ---> TOURGUIDESERVICE
getUserRewards ---> TOURGUIDESERVICE
getUserRewards ---> TOURGUIDESERVICE
getUserRewards ---> TOURGUIDESERVICE
getUserRewards ---> TOURGUIDESERVICE
getUserRewards ---> TOURGUIDESERVICE
getUserRewards ---> TOURGUIDESERVICE
getUserRewards ---> TOURGUIDESERVICE
getUserRewards ---> TOURGUIDESERVICE
getUserRewards ---> TOURGUIDESERVICE
getUserRewards ---> TOURGUIDESERVICE
getUserRewards ---> TOURGUIDESERVICE
getUserRewards ---> TOURGUIDESERVICE
getUserRewards ---> TOURGUIDESERVICE
getUserRewards ---> TOURGUIDESERVICE
getUserRewards ---> TOURGUIDESERVICE
getUserRewards ---> TOURGUIDESERVICE
getUserRewards ---> TOURGUIDESERVICE
getUserRewards ---> TOURGUIDESERVICE
getUserRewards ---> TOURGUIDESERVICE
getUserRewards ---> TOURGUIDESERVICE
getUserRewards ---> TOURGUIDESERVICE
getUserRewards ---> TOURGUIDESERVICE
getUserRewards ---> TOURGUIDESERVICE
getUserRewards ---> TOURGUIDESERVICE
getUserRewards ---> TOURGUIDESERVICE
getUserRewards ---> TOURGUIDESERVICE
getUserRewards ---> TOURGUIDESERVICE
getUserRewards ---> TOURGUIDESERVICE
getUserRewards ---> TOURGUIDESERVICE
getUserRewards ---> TOURGUIDESERVICE
getUserRewards ---> TOURGUIDESERVICE
getUserRewards ---> TOURGUIDESERVICE
getUserRewards ---> TOURGUIDESERVICE
getUserRewards ---> TOURGUIDESERVICE
getUserRewards ---> TOURGUIDESERVICE
getUserRewards ---> TOURGUIDESERVICE
getUserRewards ---> TOURGUIDESERVICE
getUserRewards ---> TOURGUIDESERVICE
getUserRewards ---> TOURGUIDESERVICE
getUserRewards ---> TOURGUIDESERVICE
getUserRewards ---> TOURGUIDESERVICE
getUserRewards ---> TOURGUIDESERVICE
getUserRewards ---> TOURGUIDESERVICE
getUserRewards ---> TOURGUIDESERVICE
getUserRewards ---> TOURGUIDESERVICE
getUserRewards ---> TOURGUIDESERVICE
getUserRewards ---> TOURGUIDESERVICE
getUserRewards ---> TOURGUIDESERVICE
getUserRewards ---> TOURGUIDESERVICE
getUserRewards ---> TOURGUIDESERVICE
getUserRewards ---> TOURGUIDESERVICE
getUserRewards ---> TOURGUIDESERVICE
getUserRewards ---> TOURGUIDESERVICE
getUserRewards ---> TOURGUIDESERVICE
getUserRewards ---> TOURGUIDESERVICE
getUserRewards ---> TOURGUIDESERVICE
getUserRewards ---> TOURGUIDESERVICE
getUserRewards ---> TOURGUIDESERVICE
getUserRewards ---> TOURGUIDESERVICE
getUserRewards ---> TOURGUIDESERVICE
getUserRewards ---> TOURGUIDESERVICE
getUserRewards ---> TOURGUIDESERVICE
getUserRewards ---> TOURGUIDESERVICE
getUserRewards ---> TOURGUIDESERVICE
getUserRewards ---> TOURGUIDESERVICE
getUserRewards ---> TOURGUIDESERVICE
getUserRewards ---> TOURGUIDESERVICE
getUserRewards ---> TOURGUIDESERVICE
getUserRewards ---> TOURGUIDESERVICE
getUserRewards ---> TOURGUIDESERVICE
getUserRewards ---> TOURGUIDESERVICE
getUserRewards ---> TOURGUIDESERVICE
getUserRewards ---> TOURGUIDESERVICE
getUserRewards ---> TOURGUIDESERVICE
getUserRewards ---> TOURGUIDESERVICE
getUserRewards ---> TOURGUIDESERVICE
getUserRewards ---> TOURGUIDESERVICE
getUserRewards ---> TOURGUIDESERVICE
getUserRewards ---> TOURGUIDESERVICE
getUserRewards ---> TOURGUIDESERVICE
getUserRewards ---> TOURGUIDESERVICE
getUserRewards ---> TOURGUIDESERVICE
getUserRewards ---> TOURGUIDESERVICE
getUserRewards ---> TOURGUIDESERVICE
getUserRewards ---> TOURGUIDESERVICE
getUserRewards ---> TOURGUIDESERVICE
getUserRewards ---> TOURGUIDESERVICE
getUserRewards ---> TOURGUIDESERVICE
getUserRewards ---> TOURGUIDESERVICE
getUserRewards ---> TOURGUIDESERVICE
getUserRewards ---> TOURGUIDESERVICE
getUserRewards ---> TOURGUIDESERVICE
getUserRewards ---> TOURGUIDESERVICE
getUserRewards ---> TOURGUIDESERVICE
getUserRewards ---> TOURGUIDESERVICE
getUserRewards ---> TOURGUIDESERVICE
getUserRewards ---> TOURGUIDESERVICE
getUserRewards ---> TOURGUIDESERVICE
getUserRewards ---> TOURGUIDESERVICE
getUserRewards ---> TOURGUIDESERVICE
getUserRewards ---> TOURGUIDESERVICE
getUserRewards ---> TOURGUIDESERVICE
getUserRewards ---> TOURGUIDESERVICE
getUserRewards ---> TOURGUIDESERVICE
getUserRewards ---> TOURGUIDESERVICE
getUserRewards ---> TOURGUIDESERVICE
getUserRewards ---> TOURGUIDESERVICE
getUserRewards ---> TOURGUIDESERVICE
getUserRewards ---> TOURGUIDESERVICE
getUserRewards ---> TOURGUIDESERVICE
getUserRewards ---> TOURGUIDESERVICE
getUserRewards ---> TOURGUIDESERVICE
getUserRewards ---> TOURGUIDESERVICE
getUserRewards ---> TOURGUIDESERVICE
getUserRewards ---> TOURGUIDESERVICE
getUserRewards ---> TOURGUIDESERVICE
getUserRewards ---> TOURGUIDESERVICE
getUserRewards ---> TOURGUIDESERVICE
getUserRewards ---> TOURGUIDESERVICE
getUserRewards ---> TOURGUIDESERVICE
getUserRewards ---> TOURGUIDESERVICE
getUserRewards ---> TOURGUIDESERVICE
getUserRewards ---> TOURGUIDESERVICE
getUserRewards ---> TOURGUIDESERVICE
getUserRewards ---> TOURGUIDESERVICE
getUserRewards ---> TOURGUIDESERVICE
getUserRewards ---> TOURGUIDESERVICE
getUserRewards ---> TOURGUIDESERVICE
getUserRewards ---> TOURGUIDESERVICE
getUserRewards ---> TOURGUIDESERVICE
getUserRewards ---> TOURGUIDESERVICE
getUserRewards ---> TOURGUIDESERVICE
getUserRewards ---> TOURGUIDESERVICE
getUserRewards ---> TOURGUIDESERVICE
getUserRewards ---> TOURGUIDESERVICE
getUserRewards ---> TOURGUIDESERVICE
getUserRewards ---> TOURGUIDESERVICE
getUserRewards ---> TOURGUIDESERVICE
getUserRewards ---> TOURGUIDESERVICE
getUserRewards ---> TOURGUIDESERVICE
getUserRewards ---> TOURGUIDESERVICE
getUserRewards ---> TOURGUIDESERVICE
getUserRewards ---> TOURGUIDESERVICE
getUserRewards ---> TOURGUIDESERVICE
getUserRewards ---> TOURGUIDESERVICE
getUserRewards ---> TOURGUIDESERVICE
getUserRewards ---> TOURGUIDESERVICE
getUserRewards ---> TOURGUIDESERVICE
getUserRewards ---> TOURGUIDESERVICE
getUserRewards ---> TOURGUIDESERVICE
getUserRewards ---> TOURGUIDESERVICE
getUserRewards ---> TOURGUIDESERVICE
getUserRewards ---> TOURGUIDESERVICE
getUserRewards ---> TOURGUIDESERVICE
getUserRewards ---> TOURGUIDESERVICE
getUserRewards ---> TOURGUIDESERVICE
getUserRewards ---> TOURGUIDESERVICE
getUserRewards ---> TOURGUIDESERVICE
getUserRewards ---> TOURGUIDESERVICE
getUserRewards ---> TOURGUIDESERVICE
getUserRewards ---> TOURGUIDESERVICE
getUserRewards ---> TOURGUIDESERVICE
getUserRewards ---> TOURGUIDESERVICE
getUserRewards ---> TOURGUIDESERVICE
getUserRewards ---> TOURGUIDESERVICE
getUserRewards ---> TOURGUIDESERVICE
getUserRewards ---> TOURGUIDESERVICE
getUserRewards ---> TOURGUIDESERVICE
getUserRewards ---> TOURGUIDESERVICE
getUserRewards ---> TOURGUIDESERVICE
getUserRewards ---> TOURGUIDESERVICE
getUserRewards ---> TOURGUIDESERVICE
getUserRewards ---> TOURGUIDESERVICE
getUserRewards ---> TOURGUIDESERVICE
getUserRewards ---> TOURGUIDESERVICE
getUserRewards ---> TOURGUIDESERVICE
getUserRewards ---> TOURGUIDESERVICE
getUserRewards ---> TOURGUIDESERVICE
getUserRewards ---> TOURGUIDESERVICE
getUserRewards ---> TOURGUIDESERVICE
getUserRewards ---> TOURGUIDESERVICE
getUserRewards ---> TOURGUIDESERVICE
getUserRewards ---> TOURGUIDESERVICE
getUserRewards ---> TOURGUIDESERVICE
getUserRewards ---> TOURGUIDESERVICE
getUserRewards ---> TOURGUIDESERVICE
getUserRewards ---> TOURGUIDESERVICE
getUserRewards ---> TOURGUIDESERVICE
getUserRewards ---> TOURGUIDESERVICE
getUserRewards ---> TOURGUIDESERVICE
getUserRewards ---> TOURGUIDESERVICE
getUserRewards ---> TOURGUIDESERVICE
getUserRewards ---> TOURGUIDESERVICE
getUserRewards ---> TOURGUIDESERVICE
getUserRewards ---> TOURGUIDESERVICE
getUserRewards ---> TOURGUIDESERVICE
getUserRewards ---> TOURGUIDESERVICE
getUserRewards ---> TOURGUIDESERVICE
getUserRewards ---> TOURGUIDESERVICE
getUserRewards ---> TOURGUIDESERVICE
getUserRewards ---> TOURGUIDESERVICE
getUserRewards ---> TOURGUIDESERVICE
getUserRewards ---> TOURGUIDESERVICE
getUserRewards ---> TOURGUIDESERVICE
getUserRewards ---> TOURGUIDESERVICE
getUserRewards ---> TOURGUIDESERVICE
getUserRewards ---> TOURGUIDESERVICE
getUserRewards ---> TOURGUIDESERVICE
getUserRewards ---> TOURGUIDESERVICE
getUserRewards ---> TOURGUIDESERVICE
getUserRewards ---> TOURGUIDESERVICE
getUserRewards ---> TOURGUIDESERVICE
getUserRewards ---> TOURGUIDESERVICE
getUserRewards ---> TOURGUIDESERVICE
getUserRewards ---> TOURGUIDESERVICE
getUserRewards ---> TOURGUIDESERVICE
getUserRewards ---> TOURGUIDESERVICE
getUserRewards ---> TOURGUIDESERVICE
getUserRewards ---> TOURGUIDESERVICE
getUserRewards ---> TOURGUIDESERVICE
getUserRewards ---> TOURGUIDESERVICE
getUserRewards ---> TOURGUIDESERVICE
getUserRewards ---> TOURGUIDESERVICE
getUserRewards ---> TOURGUIDESERVICE
getUserRewards ---> TOURGUIDESERVICE
getUserRewards ---> TOURGUIDESERVICE
getUserRewards ---> TOURGUIDESERVICE
getUserRewards ---> TOURGUIDESERVICE
getUserRewards ---> TOURGUIDESERVICE
getUserRewards ---> TOURGUIDESERVICE
getUserRewards ---> TOURGUIDESERVICE
getUserRewards ---> TOURGUIDESERVICE
getUserRewards ---> TOURGUIDESERVICE
getUserRewards ---> TOURGUIDESERVICE
getUserRewards ---> TOURGUIDESERVICE
getUserRewards ---> TOURGUIDESERVICE
getUserRewards ---> TOURGUIDESERVICE
getUserRewards ---> TOURGUIDESERVICE
getUserRewards ---> TOURGUIDESERVICE
getUserRewards ---> TOURGUIDESERVICE
getUserRewards ---> TOURGUIDESERVICE
getUserRewards ---> TOURGUIDESERVICE
getUserRewards ---> TOURGUIDESERVICE
getUserRewards ---> TOURGUIDESERVICE
getUserRewards ---> TOURGUIDESERVICE
getUserRewards ---> TOURGUIDESERVICE
getUserRewards ---> TOURGUIDESERVICE
getUserRewards ---> TOURGUIDESERVICE
getUserRewards ---> TOURGUIDESERVICE
getUserRewards ---> TOURGUIDESERVICE
getUserRewards ---> TOURGUIDESERVICE
getUserRewards ---> TOURGUIDESERVICE
getUserRewards ---> TOURGUIDESERVICE
getUserRewards ---> TOURGUIDESERVICE
getUserRewards ---> TOURGUIDESERVICE
getUserRewards ---> TOURGUIDESERVICE
getUserRewards ---> TOURGUIDESERVICE
getUserRewards ---> TOURGUIDESERVICE
getUserRewards ---> TOURGUIDESERVICE
getUserRewards ---> TOURGUIDESERVICE
getUserRewards ---> TOURGUIDESERVICE
getUserRewards ---> TOURGUIDESERVICE
getUserRewards ---> TOURGUIDESERVICE
getUserRewards ---> TOURGUIDESERVICE
getUserRewards ---> TOURGUIDESERVICE
getUserRewards ---> TOURGUIDESERVICE
getUserRewards ---> TOURGUIDESERVICE
getUserRewards ---> TOURGUIDESERVICE
getUserRewards ---> TOURGUIDESERVICE
getUserRewards ---> TOURGUIDESERVICE
getUserRewards ---> TOURGUIDESERVICE
getUserRewards ---> TOURGUIDESERVICE
getUserRewards ---> TOURGUIDESERVICE
getUserRewards ---> TOURGUIDESERVICE
getUserRewards ---> TOURGUIDESERVICE
getUserRewards ---> TOURGUIDESERVICE
getUserRewards ---> TOURGUIDESERVICE
getUserRewards ---> TOURGUIDESERVICE
getUserRewards ---> TOURGUIDESERVICE
getUserRewards ---> TOURGUIDESERVICE
getUserRewards ---> TOURGUIDESERVICE
getUserRewards ---> TOURGUIDESERVICE
getUserRewards ---> TOURGUIDESERVICE
getUserRewards ---> TOURGUIDESERVICE
getUserRewards ---> TOURGUIDESERVICE
getUserRewards ---> TOURGUIDESERVICE
getUserRewards ---> TOURGUIDESERVICE
getUserRewards ---> TOURGUIDESERVICE
getUserRewards ---> TOURGUIDESERVICE
getUserRewards ---> TOURGUIDESERVICE
getUserRewards ---> TOURGUIDESERVICE
getUserRewards ---> TOURGUIDESERVICE
getUserRewards ---> TOURGUIDESERVICE
getUserRewards ---> TOURGUIDESERVICE
getUserRewards ---> TOURGUIDESERVICE
getUserRewards ---> TOURGUIDESERVICE
getUserRewards ---> TOURGUIDESERVICE
getUserRewards ---> TOURGUIDESERVICE
getUserRewards ---> TOURGUIDESERVICE
getUserRewards ---> TOURGUIDESERVICE
getUserRewards ---> TOURGUIDESERVICE
getUserRewards ---> TOURGUIDESERVICE
getUserRewards ---> TOURGUIDESERVICE
getUserRewards ---> TOURGUIDESERVICE
getUserRewards ---> TOURGUIDESERVICE
getUserRewards ---> TOURGUIDESERVICE
getUserRewards ---> TOURGUIDESERVICE
getUserRewards ---> TOURGUIDESERVICE
getUserRewards ---> TOURGUIDESERVICE
getUserRewards ---> TOURGUIDESERVICE
getUserRewards ---> TOURGUIDESERVICE
getUserRewards ---> TOURGUIDESERVICE
getUserRewards ---> TOURGUIDESERVICE
getUserRewards ---> TOURGUIDESERVICE
getUserRewards ---> TOURGUIDESERVICE
getUserRewards ---> TOURGUIDESERVICE
getUserRewards ---> TOURGUIDESERVICE
getUserRewards ---> TOURGUIDESERVICE
getUserRewards ---> TOURGUIDESERVICE
getUserRewards ---> TOURGUIDESERVICE
getUserRewards ---> TOURGUIDESERVICE
getUserRewards ---> TOURGUIDESERVICE
getUserRewards ---> TOURGUIDESERVICE
getUserRewards ---> TOURGUIDESERVICE
getUserRewards ---> TOURGUIDESERVICE
getUserRewards ---> TOURGUIDESERVICE
getUserRewards ---> TOURGUIDESERVICE
getUserRewards ---> TOURGUIDESERVICE
getUserRewards ---> TOURGUIDESERVICE
getUserRewards ---> TOURGUIDESERVICE
getUserRewards ---> TOURGUIDESERVICE
getUserRewards ---> TOURGUIDESERVICE
getUserRewards ---> TOURGUIDESERVICE
getUserRewards ---> TOURGUIDESERVICE
getUserRewards ---> TOURGUIDESERVICE
getUserRewards ---> TOURGUIDESERVICE
getUserRewards ---> TOURGUIDESERVICE
getUserRewards ---> TOURGUIDESERVICE
getUserRewards ---> TOURGUIDESERVICE
getUserRewards ---> TOURGUIDESERVICE
getUserRewards ---> TOURGUIDESERVICE
getUserRewards ---> TOURGUIDESERVICE
getUserRewards ---> TOURGUIDESERVICE
getUserRewards ---> TOURGUIDESERVICE
getUserRewards ---> TOURGUIDESERVICE
getUserRewards ---> TOURGUIDESERVICE
getUserRewards ---> TOURGUIDESERVICE
getUserRewards ---> TOURGUIDESERVICE
getUserRewards ---> TOURGUIDESERVICE
getUserRewards ---> TOURGUIDESERVICE
getUserRewards ---> TOURGUIDESERVICE
getUserRewards ---> TOURGUIDESERVICE
getUserRewards ---> TOURGUIDESERVICE
getUserRewards ---> TOURGUIDESERVICE
getUserRewards ---> TOURGUIDESERVICE
getUserRewards ---> TOURGUIDESERVICE
getUserRewards ---> TOURGUIDESERVICE
getUserRewards ---> TOURGUIDESERVICE
getUserRewards ---> TOURGUIDESERVICE
getUserRewards ---> TOURGUIDESERVICE
getUserRewards ---> TOURGUIDESERVICE
getUserRewards ---> TOURGUIDESERVICE
getUserRewards ---> TOURGUIDESERVICE
getUserRewards ---> TOURGUIDESERVICE
getUserRewards ---> TOURGUIDESERVICE
getUserRewards ---> TOURGUIDESERVICE
getUserRewards ---> TOURGUIDESERVICE
getUserRewards ---> TOURGUIDESERVICE
getUserRewards ---> TOURGUIDESERVICE
getUserRewards ---> TOURGUIDESERVICE
getUserRewards ---> TOURGUIDESERVICE
getUserRewards ---> TOURGUIDESERVICE
getUserRewards ---> TOURGUIDESERVICE
getUserRewards ---> TOURGUIDESERVICE
getUserRewards ---> TOURGUIDESERVICE
getUserRewards ---> TOURGUIDESERVICE
getUserRewards ---> TOURGUIDESERVICE
getUserRewards ---> TOURGUIDESERVICE
getUserRewards ---> TOURGUIDESERVICE
getUserRewards ---> TOURGUIDESERVICE
getUserRewards ---> TOURGUIDESERVICE
getUserRewards ---> TOURGUIDESERVICE
getUserRewards ---> TOURGUIDESERVICE
getUserRewards ---> TOURGUIDESERVICE
getUserRewards ---> TOURGUIDESERVICE
getUserRewards ---> TOURGUIDESERVICE
getUserRewards ---> TOURGUIDESERVICE
getUserRewards ---> TOURGUIDESERVICE
getUserRewards ---> TOURGUIDESERVICE
getUserRewards ---> TOURGUIDESERVICE
getUserRewards ---> TOURGUIDESERVICE
getUserRewards ---> TOURGUIDESERVICE
getUserRewards ---> TOURGUIDESERVICE
getUserRewards ---> TOURGUIDESERVICE
getUserRewards ---> TOURGUIDESERVICE
getUserRewards ---> TOURGUIDESERVICE
getUserRewards ---> TOURGUIDESERVICE
getUserRewards ---> TOURGUIDESERVICE
getUserRewards ---> TOURGUIDESERVICE
getUserRewards ---> TOURGUIDESERVICE
getUserRewards ---> TOURGUIDESERVICE
getUserRewards ---> TOURGUIDESERVICE
getUserRewards ---> TOURGUIDESERVICE
getUserRewards ---> TOURGUIDESERVICE
getUserRewards ---> TOURGUIDESERVICE
getUserRewards ---> TOURGUIDESERVICE
getUserRewards ---> TOURGUIDESERVICE
getUserRewards ---> TOURGUIDESERVICE
getUserRewards ---> TOURGUIDESERVICE
getUserRewards ---> TOURGUIDESERVICE
getUserRewards ---> TOURGUIDESERVICE
getUserRewards ---> TOURGUIDESERVICE
getUserRewards ---> TOURGUIDESERVICE
getUserRewards ---> TOURGUIDESERVICE
getUserRewards ---> TOURGUIDESERVICE
getUserRewards ---> TOURGUIDESERVICE
getUserRewards ---> TOURGUIDESERVICE
getUserRewards ---> TOURGUIDESERVICE
getUserRewards ---> TOURGUIDESERVICE
getUserRewards ---> TOURGUIDESERVICE
getUserRewards ---> TOURGUIDESERVICE
getUserRewards ---> TOURGUIDESERVICE
getUserRewards ---> TOURGUIDESERVICE
getUserRewards ---> TOURGUIDESERVICE
getUserRewards ---> TOURGUIDESERVICE
getUserRewards ---> TOURGUIDESERVICE
getUserRewards ---> TOURGUIDESERVICE
getUserRewards ---> TOURGUIDESERVICE
getUserRewards ---> TOURGUIDESERVICE
getUserRewards ---> TOURGUIDESERVICE
getUserRewards ---> TOURGUIDESERVICE
getUserRewards ---> TOURGUIDESERVICE
getUserRewards ---> TOURGUIDESERVICE
getUserRewards ---> TOURGUIDESERVICE
getUserRewards ---> TOURGUIDESERVICE
getUserRewards ---> TOURGUIDESERVICE
getUserRewards ---> TOURGUIDESERVICE
getUserRewards ---> TOURGUIDESERVICE
getUserRewards ---> TOURGUIDESERVICE
getUserRewards ---> TOURGUIDESERVICE
getUserRewards ---> TOURGUIDESERVICE
getUserRewards ---> TOURGUIDESERVICE
getUserRewards ---> TOURGUIDESERVICE
getUserRewards ---> TOURGUIDESERVICE
getUserRewards ---> TOURGUIDESERVICE
getUserRewards ---> TOURGUIDESERVICE
getUserRewards ---> TOURGUIDESERVICE
getUserRewards ---> TOURGUIDESERVICE
getUserRewards ---> TOURGUIDESERVICE
getUserRewards ---> TOURGUIDESERVICE
getUserRewards ---> TOURGUIDESERVICE
getUserRewards ---> TOURGUIDESERVICE
getUserRewards ---> TOURGUIDESERVICE
getUserRewards ---> TOURGUIDESERVICE
getUserRewards ---> TOURGUIDESERVICE
getUserRewards ---> TOURGUIDESERVICE
getUserRewards ---> TOURGUIDESERVICE
getUserRewards ---> TOURGUIDESERVICE
getUserRewards ---> TOURGUIDESERVICE
getUserRewards ---> TOURGUIDESERVICE
getUserRewards ---> TOURGUIDESERVICE
getUserRewards ---> TOURGUIDESERVICE
getUserRewards ---> TOURGUIDESERVICE
getUserRewards ---> TOURGUIDESERVICE
getUserRewards ---> TOURGUIDESERVICE
getUserRewards ---> TOURGUIDESERVICE
getUserRewards ---> TOURGUIDESERVICE
getUserRewards ---> TOURGUIDESERVICE
getUserRewards ---> TOURGUIDESERVICE
getUserRewards ---> TOURGUIDESERVICE
getUserRewards ---> TOURGUIDESERVICE
getUserRewards ---> TOURGUIDESERVICE
getUserRewards ---> TOURGUIDESERVICE
getUserRewards ---> TOURGUIDESERVICE
getUserRewards ---> TOURGUIDESERVICE
getUserRewards ---> TOURGUIDESERVICE
getUserRewards ---> TOURGUIDESERVICE
getUserRewards ---> TOURGUIDESERVICE
getUserRewards ---> TOURGUIDESERVICE
getUserRewards ---> TOURGUIDESERVICE
getUserRewards ---> TOURGUIDESERVICE
getUserRewards ---> TOURGUIDESERVICE
getUserRewards ---> TOURGUIDESERVICE
getUserRewards ---> TOURGUIDESERVICE
getUserRewards ---> TOURGUIDESERVICE
getUserRewards ---> TOURGUIDESERVICE
getUserRewards ---> TOURGUIDESERVICE
getUserRewards ---> TOURGUIDESERVICE
getUserRewards ---> TOURGUIDESERVICE
getUserRewards ---> TOURGUIDESERVICE
getUserRewards ---> TOURGUIDESERVICE
getUserRewards ---> TOURGUIDESERVICE
getUserRewards ---> TOURGUIDESERVICE
getUserRewards ---> TOURGUIDESERVICE
getUserRewards ---> TOURGUIDESERVICE
getUserRewards ---> TOURGUIDESERVICE
getUserRewards ---> TOURGUIDESERVICE
getUserRewards ---> TOURGUIDESERVICE
getUserRewards ---> TOURGUIDESERVICE
getUserRewards ---> TOURGUIDESERVICE
getUserRewards ---> TOURGUIDESERVICE
getUserRewards ---> TOURGUIDESERVICE
getUserRewards ---> TOURGUIDESERVICE
getUserRewards ---> TOURGUIDESERVICE
getUserRewards ---> TOURGUIDESERVICE
getUserRewards ---> TOURGUIDESERVICE
getUserRewards ---> TOURGUIDESERVICE
getUserRewards ---> TOURGUIDESERVICE
getUserRewards ---> TOURGUIDESERVICE
getUserRewards ---> TOURGUIDESERVICE
getUserRewards ---> TOURGUIDESERVICE
getUserRewards ---> TOURGUIDESERVICE
getUserRewards ---> TOURGUIDESERVICE
getUserRewards ---> TOURGUIDESERVICE
getUserRewards ---> TOURGUIDESERVICE
getUserRewards ---> TOURGUIDESERVICE
getUserRewards ---> TOURGUIDESERVICE
getUserRewards ---> TOURGUIDESERVICE
getUserRewards ---> TOURGUIDESERVICE
getUserRewards ---> TOURGUIDESERVICE
getUserRewards ---> TOURGUIDESERVICE
getUserRewards ---> TOURGUIDESERVICE
getUserRewards ---> TOURGUIDESERVICE
getUserRewards ---> TOURGUIDESERVICE
getUserRewards ---> TOURGUIDESERVICE
getUserRewards ---> TOURGUIDESERVICE
getUserRewards ---> TOURGUIDESERVICE
getUserRewards ---> TOURGUIDESERVICE
getUserRewards ---> TOURGUIDESERVICE
getUserRewards ---> TOURGUIDESERVICE
getUserRewards ---> TOURGUIDESERVICE
getUserRewards ---> TOURGUIDESERVICE
getUserRewards ---> TOURGUIDESERVICE
getUserRewards ---> TOURGUIDESERVICE
getUserRewards ---> TOURGUIDESERVICE
getUserRewards ---> TOURGUIDESERVICE
getUserRewards ---> TOURGUIDESERVICE
getUserRewards ---> TOURGUIDESERVICE
getUserRewards ---> TOURGUIDESERVICE
getUserRewards ---> TOURGUIDESERVICE
getUserRewards ---> TOURGUIDESERVICE
getUserRewards ---> TOURGUIDESERVICE
getUserRewards ---> TOURGUIDESERVICE
getUserRewards ---> TOURGUIDESERVICE
getUserRewards ---> TOURGUIDESERVICE
getUserRewards ---> TOURGUIDESERVICE
getUserRewards ---> TOURGUIDESERVICE
getUserRewards ---> TOURGUIDESERVICE
getUserRewards ---> TOURGUIDESERVICE
getUserRewards ---> TOURGUIDESERVICE
getUserRewards ---> TOURGUIDESERVICE
getUserRewards ---> TOURGUIDESERVICE
getUserRewards ---> TOURGUIDESERVICE
getUserRewards ---> TOURGUIDESERVICE
getUserRewards ---> TOURGUIDESERVICE
getUserRewards ---> TOURGUIDESERVICE
getUserRewards ---> TOURGUIDESERVICE
getUserRewards ---> TOURGUIDESERVICE
getUserRewards ---> TOURGUIDESERVICE
getUserRewards ---> TOURGUIDESERVICE
getUserRewards ---> TOURGUIDESERVICE
getUserRewards ---> TOURGUIDESERVICE
getUserRewards ---> TOURGUIDESERVICE
getUserRewards ---> TOURGUIDESERVICE
getUserRewards ---> TOURGUIDESERVICE
getUserRewards ---> TOURGUIDESERVICE
getUserRewards ---> TOURGUIDESERVICE
getUserRewards ---> TOURGUIDESERVICE
getUserRewards ---> TOURGUIDESERVICE
getUserRewards ---> TOURGUIDESERVICE
getUserRewards ---> TOURGUIDESERVICE
getUserRewards ---> TOURGUIDESERVICE
getUserRewards ---> TOURGUIDESERVICE
getUserRewards ---> TOURGUIDESERVICE
getUserRewards ---> TOURGUIDESERVICE
getUserRewards ---> TOURGUIDESERVICE
getUserRewards ---> TOURGUIDESERVICE
getUserRewards ---> TOURGUIDESERVICE
getUserRewards ---> TOURGUIDESERVICE
getUserRewards ---> TOURGUIDESERVICE
getUserRewards ---> TOURGUIDESERVICE
getUserRewards ---> TOURGUIDESERVICE
getUserRewards ---> TOURGUIDESERVICE
getUserRewards ---> TOURGUIDESERVICE
getUserRewards ---> TOURGUIDESERVICE
getUserRewards ---> TOURGUIDESERVICE
getUserRewards ---> TOURGUIDESERVICE
getUserRewards ---> TOURGUIDESERVICE
getUserRewards ---> TOURGUIDESERVICE
getUserRewards ---> TOURGUIDESERVICE
getUserRewards ---> TOURGUIDESERVICE
getUserRewards ---> TOURGUIDESERVICE
getUserRewards ---> TOURGUIDESERVICE
getUserRewards ---> TOURGUIDESERVICE
getUserRewards ---> TOURGUIDESERVICE
getUserRewards ---> TOURGUIDESERVICE
getUserRewards ---> TOURGUIDESERVICE
getUserRewards ---> TOURGUIDESERVICE
getUserRewards ---> TOURGUIDESERVICE
getUserRewards ---> TOURGUIDESERVICE
getUserRewards ---> TOURGUIDESERVICE
getUserRewards ---> TOURGUIDESERVICE
getUserRewards ---> TOURGUIDESERVICE
getUserRewards ---> TOURGUIDESERVICE
getUserRewards ---> TOURGUIDESERVICE
getUserRewards ---> TOURGUIDESERVICE
getUserRewards ---> TOURGUIDESERVICE
getUserRewards ---> TOURGUIDESERVICE
getUserRewards ---> TOURGUIDESERVICE
getUserRewards ---> TOURGUIDESERVICE
getUserRewards ---> TOURGUIDESERVICE
getUserRewards ---> TOURGUIDESERVICE
getUserRewards ---> TOURGUIDESERVICE
getUserRewards ---> TOURGUIDESERVICE
getUserRewards ---> TOURGUIDESERVICE
getUserRewards ---> TOURGUIDESERVICE
getUserRewards ---> TOURGUIDESERVICE
getUserRewards ---> TOURGUIDESERVICE
getUserRewards ---> TOURGUIDESERVICE
getUserRewards ---> TOURGUIDESERVICE
getUserRewards ---> TOURGUIDESERVICE
getUserRewards ---> TOURGUIDESERVICE
getUserRewards ---> TOURGUIDESERVICE
getUserRewards ---> TOURGUIDESERVICE
getUserRewards ---> TOURGUIDESERVICE
getUserRewards ---> TOURGUIDESERVICE
getUserRewards ---> TOURGUIDESERVICE
getUserRewards ---> TOURGUIDESERVICE
getUserRewards ---> TOURGUIDESERVICE
getUserRewards ---> TOURGUIDESERVICE
getUserRewards ---> TOURGUIDESERVICE
getUserRewards ---> TOURGUIDESERVICE
getUserRewards ---> TOURGUIDESERVICE
getUserRewards ---> TOURGUIDESERVICE
getUserRewards ---> TOURGUIDESERVICE
getUserRewards ---> TOURGUIDESERVICE
getUserRewards ---> TOURGUIDESERVICE
getUserRewards ---> TOURGUIDESERVICE
getUserRewards ---> TOURGUIDESERVICE
getUserRewards ---> TOURGUIDESERVICE
getUserRewards ---> TOURGUIDESERVICE
getUserRewards ---> TOURGUIDESERVICE
getUserRewards ---> TOURGUIDESERVICE
getUserRewards ---> TOURGUIDESERVICE
getUserRewards ---> TOURGUIDESERVICE
getUserRewards ---> TOURGUIDESERVICE
getUserRewards ---> TOURGUIDESERVICE
getUserRewards ---> TOURGUIDESERVICE
getUserRewards ---> TOURGUIDESERVICE
getUserRewards ---> TOURGUIDESERVICE
getUserRewards ---> TOURGUIDESERVICE
getUserRewards ---> TOURGUIDESERVICE
getUserRewards ---> TOURGUIDESERVICE
getUserRewards ---> TOURGUIDESERVICE
getUserRewards ---> TOURGUIDESERVICE
getUserRewards ---> TOURGUIDESERVICE
getUserRewards ---> TOURGUIDESERVICE
getUserRewards ---> TOURGUIDESERVICE
getUserRewards ---> TOURGUIDESERVICE
getUserRewards ---> TOURGUIDESERVICE
getUserRewards ---> TOURGUIDESERVICE
getUserRewards ---> TOURGUIDESERVICE
getUserRewards ---> TOURGUIDESERVICE
getUserRewards ---> TOURGUIDESERVICE
getUserRewards ---> TOURGUIDESERVICE
getUserRewards ---> TOURGUIDESERVICE
getUserRewards ---> TOURGUIDESERVICE
getUserRewards ---> TOURGUIDESERVICE
getUserRewards ---> TOURGUIDESERVICE
getUserRewards ---> TOURGUIDESERVICE
getUserRewards ---> TOURGUIDESERVICE
getUserRewards ---> TOURGUIDESERVICE
getUserRewards ---> TOURGUIDESERVICE
getUserRewards ---> TOURGUIDESERVICE
getUserRewards ---> TOURGUIDESERVICE
getUserRewards ---> TOURGUIDESERVICE
getUserRewards ---> TOURGUIDESERVICE
getUserRewards ---> TOURGUIDESERVICE
getUserRewards ---> TOURGUIDESERVICE
getUserRewards ---> TOURGUIDESERVICE
getUserRewards ---> TOURGUIDESERVICE
getUserRewards ---> TOURGUIDESERVICE
getUserRewards ---> TOURGUIDESERVICE
getUserRewards ---> TOURGUIDESERVICE
getUserRewards ---> TOURGUIDESERVICE
getUserRewards ---> TOURGUIDESERVICE
getUserRewards ---> TOURGUIDESERVICE
getUserRewards ---> TOURGUIDESERVICE
getUserRewards ---> TOURGUIDESERVICE
getUserRewards ---> TOURGUIDESERVICE
getUserRewards ---> TOURGUIDESERVICE
getUserRewards ---> TOURGUIDESERVICE
getUserRewards ---> TOURGUIDESERVICE
getUserRewards ---> TOURGUIDESERVICE
getUserRewards ---> TOURGUIDESERVICE
getUserRewards ---> TOURGUIDESERVICE
getUserRewards ---> TOURGUIDESERVICE
getUserRewards ---> TOURGUIDESERVICE
getUserRewards ---> TOURGUIDESERVICE
getUserRewards ---> TOURGUIDESERVICE
getUserRewards ---> TOURGUIDESERVICE
getUserRewards ---> TOURGUIDESERVICE
getUserRewards ---> TOURGUIDESERVICE
getUserRewards ---> TOURGUIDESERVICE
getUserRewards ---> TOURGUIDESERVICE
getUserRewards ---> TOURGUIDESERVICE
getUserRewards ---> TOURGUIDESERVICE
getUserRewards ---> TOURGUIDESERVICE
getUserRewards ---> TOURGUIDESERVICE
getUserRewards ---> TOURGUIDESERVICE
getUserRewards ---> TOURGUIDESERVICE
getUserRewards ---> TOURGUIDESERVICE
getUserRewards ---> TOURGUIDESERVICE
getUserRewards ---> TOURGUIDESERVICE
getUserRewards ---> TOURGUIDESERVICE
getUserRewards ---> TOURGUIDESERVICE
getUserRewards ---> TOURGUIDESERVICE
getUserRewards ---> TOURGUIDESERVICE
getUserRewards ---> TOURGUIDESERVICE
getUserRewards ---> TOURGUIDESERVICE
getUserRewards ---> TOURGUIDESERVICE
getUserRewards ---> TOURGUIDESERVICE
getUserRewards ---> TOURGUIDESERVICE
getUserRewards ---> TOURGUIDESERVICE
getUserRewards ---> TOURGUIDESERVICE
getUserRewards ---> TOURGUIDESERVICE
getUserRewards ---> TOURGUIDESERVICE
getUserRewards ---> TOURGUIDESERVICE
getUserRewards ---> TOURGUIDESERVICE
getUserRewards ---> TOURGUIDESERVICE
getUserRewards ---> TOURGUIDESERVICE
getUserRewards ---> TOURGUIDESERVICE
getUserRewards ---> TOURGUIDESERVICE
getUserRewards ---> TOURGUIDESERVICE
getUserRewards ---> TOURGUIDESERVICE
getUserRewards ---> TOURGUIDESERVICE
getUserRewards ---> TOURGUIDESERVICE
getUserRewards ---> TOURGUIDESERVICE
getUserRewards ---> TOURGUIDESERVICE
getUserRewards ---> TOURGUIDESERVICE
getUserRewards ---> TOURGUIDESERVICE
getUserRewards ---> TOURGUIDESERVICE
getUserRewards ---> TOURGUIDESERVICE
getUserRewards ---> TOURGUIDESERVICE
getUserRewards ---> TOURGUIDESERVICE
getUserRewards ---> TOURGUIDESERVICE
getUserRewards ---> TOURGUIDESERVICE
getUserRewards ---> TOURGUIDESERVICE
getUserRewards ---> TOURGUIDESERVICE
getUserRewards ---> TOURGUIDESERVICE
getUserRewards ---> TOURGUIDESERVICE
getUserRewards ---> TOURGUIDESERVICE
getUserRewards ---> TOURGUIDESERVICE
getUserRewards ---> TOURGUIDESERVICE
getUserRewards ---> TOURGUIDESERVICE
getUserRewards ---> TOURGUIDESERVICE
getUserRewards ---> TOURGUIDESERVICE
getUserRewards ---> TOURGUIDESERVICE
getUserRewards ---> TOURGUIDESERVICE
getUserRewards ---> TOURGUIDESERVICE
getUserRewards ---> TOURGUIDESERVICE
getUserRewards ---> TOURGUIDESERVICE
getUserRewards ---> TOURGUIDESERVICE
getUserRewards ---> TOURGUIDESERVICE
getUserRewards ---> TOURGUIDESERVICE
getUserRewards ---> TOURGUIDESERVICE
getUserRewards ---> TOURGUIDESERVICE
getUserRewards ---> TOURGUIDESERVICE
getUserRewards ---> TOURGUIDESERVICE
getUserRewards ---> TOURGUIDESERVICE
getUserRewards ---> TOURGUIDESERVICE
getUserRewards ---> TOURGUIDESERVICE
getUserRewards ---> TOURGUIDESERVICE
getUserRewards ---> TOURGUIDESERVICE
getUserRewards ---> TOURGUIDESERVICE
getUserRewards ---> TOURGUIDESERVICE
getUserRewards ---> TOURGUIDESERVICE
getUserRewards ---> TOURGUIDESERVICE
getUserRewards ---> TOURGUIDESERVICE
getUserRewards ---> TOURGUIDESERVICE
getUserRewards ---> TOURGUIDESERVICE
getUserRewards ---> TOURGUIDESERVICE
getUserRewards ---> TOURGUIDESERVICE
getUserRewards ---> TOURGUIDESERVICE
getUserRewards ---> TOURGUIDESERVICE
getUserRewards ---> TOURGUIDESERVICE
getUserRewards ---> TOURGUIDESERVICE
getUserRewards ---> TOURGUIDESERVICE
getUserRewards ---> TOURGUIDESERVICE
getUserRewards ---> TOURGUIDESERVICE
getUserRewards ---> TOURGUIDESERVICE
getUserRewards ---> TOURGUIDESERVICE
getUserRewards ---> TOURGUIDESERVICE
getUserRewards ---> TOURGUIDESERVICE
getUserRewards ---> TOURGUIDESERVICE
getUserRewards ---> TOURGUIDESERVICE
getUserRewards ---> TOURGUIDESERVICE
getUserRewards ---> TOURGUIDESERVICE
getUserRewards ---> TOURGUIDESERVICE
getUserRewards ---> TOURGUIDESERVICE
getUserRewards ---> TOURGUIDESERVICE
getUserRewards ---> TOURGUIDESERVICE
getUserRewards ---> TOURGUIDESERVICE
getUserRewards ---> TOURGUIDESERVICE
getUserRewards ---> TOURGUIDESERVICE
getUserRewards ---> TOURGUIDESERVICE
getUserRewards ---> TOURGUIDESERVICE
getUserRewards ---> TOURGUIDESERVICE
getUserRewards ---> TOURGUIDESERVICE
getUserRewards ---> TOURGUIDESERVICE
getUserRewards ---> TOURGUIDESERVICE
getUserRewards ---> TOURGUIDESERVICE
getUserRewards ---> TOURGUIDESERVICE
getUserRewards ---> TOURGUIDESERVICE
getUserRewards ---> TOURGUIDESERVICE
getUserRewards ---> TOURGUIDESERVICE
getUserRewards ---> TOURGUIDESERVICE
getUserRewards ---> TOURGUIDESERVICE
getUserRewards ---> TOURGUIDESERVICE
getUserRewards ---> TOURGUIDESERVICE
getUserRewards ---> TOURGUIDESERVICE
getUserRewards ---> TOURGUIDESERVICE
getUserRewards ---> TOURGUIDESERVICE
getUserRewards ---> TOURGUIDESERVICE
getUserRewards ---> TOURGUIDESERVICE
getUserRewards ---> TOURGUIDESERVICE
getUserRewards ---> TOURGUIDESERVICE
getUserRewards ---> TOURGUIDESERVICE
getUserRewards ---> TOURGUIDESERVICE
getUserRewards ---> TOURGUIDESERVICE
getUserRewards ---> TOURGUIDESERVICE
getUserRewards ---> TOURGUIDESERVICE
getUserRewards ---> TOURGUIDESERVICE
getUserRewards ---> TOURGUIDESERVICE
getUserRewards ---> TOURGUIDESERVICE
getUserRewards ---> TOURGUIDESERVICE
getUserRewards ---> TOURGUIDESERVICE
getUserRewards ---> TOURGUIDESERVICE
getUserRewards ---> TOURGUIDESERVICE
getUserRewards ---> TOURGUIDESERVICE
getUserRewards ---> TOURGUIDESERVICE
getUserRewards ---> TOURGUIDESERVICE
getUserRewards ---> TOURGUIDESERVICE
getUserRewards ---> TOURGUIDESERVICE
getUserRewards ---> TOURGUIDESERVICE
getUserRewards ---> TOURGUIDESERVICE
getUserRewards ---> TOURGUIDESERVICE
getUserRewards ---> TOURGUIDESERVICE
getUserRewards ---> TOURGUIDESERVICE
getUserRewards ---> TOURGUIDESERVICE
getUserRewards ---> TOURGUIDESERVICE
getUserRewards ---> TOURGUIDESERVICE
getUserRewards ---> TOURGUIDESERVICE
getUserRewards ---> TOURGUIDESERVICE
getUserRewards ---> TOURGUIDESERVICE
getUserRewards ---> TOURGUIDESERVICE
getUserRewards ---> TOURGUIDESERVICE
getUserRewards ---> TOURGUIDESERVICE
getUserRewards ---> TOURGUIDESERVICE
getUserRewards ---> TOURGUIDESERVICE
getUserRewards ---> TOURGUIDESERVICE
getUserRewards ---> TOURGUIDESERVICE
getUserRewards ---> TOURGUIDESERVICE
getUserRewards ---> TOURGUIDESERVICE
getUserRewards ---> TOURGUIDESERVICE
getUserRewards ---> TOURGUIDESERVICE
getUserRewards ---> TOURGUIDESERVICE
getUserRewards ---> TOURGUIDESERVICE
getUserRewards ---> TOURGUIDESERVICE
getUserRewards ---> TOURGUIDESERVICE
getUserRewards ---> TOURGUIDESERVICE
getUserRewards ---> TOURGUIDESERVICE
getUserRewards ---> TOURGUIDESERVICE
getUserRewards ---> TOURGUIDESERVICE
getUserRewards ---> TOURGUIDESERVICE
getUserRewards ---> TOURGUIDESERVICE
getUserRewards ---> TOURGUIDESERVICE
getUserRewards ---> TOURGUIDESERVICE
getUserRewards ---> TOURGUIDESERVICE
getUserRewards ---> TOURGUIDESERVICE
getUserRewards ---> TOURGUIDESERVICE
getUserRewards ---> TOURGUIDESERVICE
getUserRewards ---> TOURGUIDESERVICE
getUserRewards ---> TOURGUIDESERVICE
getUserRewards ---> TOURGUIDESERVICE
getUserRewards ---> TOURGUIDESERVICE
getUserRewards ---> TOURGUIDESERVICE
getUserRewards ---> TOURGUIDESERVICE
getUserRewards ---> TOURGUIDESERVICE
getUserRewards ---> TOURGUIDESERVICE
getUserRewards ---> TOURGUIDESERVICE
getUserRewards ---> TOURGUIDESERVICE
getUserRewards ---> TOURGUIDESERVICE
getUserRewards ---> TOURGUIDESERVICE
getUserRewards ---> TOURGUIDESERVICE
getUserRewards ---> TOURGUIDESERVICE
getUserRewards ---> TOURGUIDESERVICE
getUserRewards ---> TOURGUIDESERVICE
getUserRewards ---> TOURGUIDESERVICE
getUserRewards ---> TOURGUIDESERVICE
getUserRewards ---> TOURGUIDESERVICE
getUserRewards ---> TOURGUIDESERVICE
getUserRewards ---> TOURGUIDESERVICE
getUserRewards ---> TOURGUIDESERVICE
getUserRewards ---> TOURGUIDESERVICE
getUserRewards ---> TOURGUIDESERVICE
getUserRewards ---> TOURGUIDESERVICE
getUserRewards ---> TOURGUIDESERVICE
getUserRewards ---> TOURGUIDESERVICE
getUserRewards ---> TOURGUIDESERVICE
getUserRewards ---> TOURGUIDESERVICE
getUserRewards ---> TOURGUIDESERVICE
getUserRewards ---> TOURGUIDESERVICE
getUserRewards ---> TOURGUIDESERVICE
getUserRewards ---> TOURGUIDESERVICE
getUserRewards ---> TOURGUIDESERVICE
getUserRewards ---> TOURGUIDESERVICE
getUserRewards ---> TOURGUIDESERVICE
getUserRewards ---> TOURGUIDESERVICE
getUserRewards ---> TOURGUIDESERVICE
getUserRewards ---> TOURGUIDESERVICE
getUserRewards ---> TOURGUIDESERVICE
getUserRewards ---> TOURGUIDESERVICE
getUserRewards ---> TOURGUIDESERVICE
getUserRewards ---> TOURGUIDESERVICE
getUserRewards ---> TOURGUIDESERVICE
getUserRewards ---> TOURGUIDESERVICE
getUserRewards ---> TOURGUIDESERVICE
getUserRewards ---> TOURGUIDESERVICE
getUserRewards ---> TOURGUIDESERVICE
getUserRewards ---> TOURGUIDESERVICE
getUserRewards ---> TOURGUIDESERVICE
getUserRewards ---> TOURGUIDESERVICE
getUserRewards ---> TOURGUIDESERVICE
getUserRewards ---> TOURGUIDESERVICE
getUserRewards ---> TOURGUIDESERVICE
getUserRewards ---> TOURGUIDESERVICE
getUserRewards ---> TOURGUIDESERVICE
getUserRewards ---> TOURGUIDESERVICE
getUserRewards ---> TOURGUIDESERVICE
getUserRewards ---> TOURGUIDESERVICE
getUserRewards ---> TOURGUIDESERVICE
getUserRewards ---> TOURGUIDESERVICE
getUserRewards ---> TOURGUIDESERVICE
getUserRewards ---> TOURGUIDESERVICE
getUserRewards ---> TOURGUIDESERVICE
getUserRewards ---> TOURGUIDESERVICE
getUserRewards ---> TOURGUIDESERVICE
getUserRewards ---> TOURGUIDESERVICE
getUserRewards ---> TOURGUIDESERVICE
getUserRewards ---> TOURGUIDESERVICE
getUserRewards ---> TOURGUIDESERVICE
getUserRewards ---> TOURGUIDESERVICE
getUserRewards ---> TOURGUIDESERVICE
getUserRewards ---> TOURGUIDESERVICE
getUserRewards ---> TOURGUIDESERVICE
getUserRewards ---> TOURGUIDESERVICE
getUserRewards ---> TOURGUIDESERVICE
getUserRewards ---> TOURGUIDESERVICE
getUserRewards ---> TOURGUIDESERVICE
getUserRewards ---> TOURGUIDESERVICE
getUserRewards ---> TOURGUIDESERVICE
getUserRewards ---> TOURGUIDESERVICE
getUserRewards ---> TOURGUIDESERVICE
getUserRewards ---> TOURGUIDESERVICE
getUserRewards ---> TOURGUIDESERVICE
getUserRewards ---> TOURGUIDESERVICE
getUserRewards ---> TOURGUIDESERVICE
getUserRewards ---> TOURGUIDESERVICE
getUserRewards ---> TOURGUIDESERVICE
getUserRewards ---> TOURGUIDESERVICE
getUserRewards ---> TOURGUIDESERVICE
getUserRewards ---> TOURGUIDESERVICE
getUserRewards ---> TOURGUIDESERVICE
getUserRewards ---> TOURGUIDESERVICE
getUserRewards ---> TOURGUIDESERVICE
getUserRewards ---> TOURGUIDESERVICE
getUserRewards ---> TOURGUIDESERVICE
getUserRewards ---> TOURGUIDESERVICE
getUserRewards ---> TOURGUIDESERVICE
getUserRewards ---> TOURGUIDESERVICE
getUserRewards ---> TOURGUIDESERVICE
getUserRewards ---> TOURGUIDESERVICE
getUserRewards ---> TOURGUIDESERVICE
getUserRewards ---> TOURGUIDESERVICE
getUserRewards ---> TOURGUIDESERVICE
getUserRewards ---> TOURGUIDESERVICE
getUserRewards ---> TOURGUIDESERVICE
getUserRewards ---> TOURGUIDESERVICE
getUserRewards ---> TOURGUIDESERVICE
getUserRewards ---> TOURGUIDESERVICE
getUserRewards ---> TOURGUIDESERVICE
getUserRewards ---> TOURGUIDESERVICE
getUserRewards ---> TOURGUIDESERVICE
getUserRewards ---> TOURGUIDESERVICE
getUserRewards ---> TOURGUIDESERVICE
getUserRewards ---> TOURGUIDESERVICE
getUserRewards ---> TOURGUIDESERVICE
getUserRewards ---> TOURGUIDESERVICE
getUserRewards ---> TOURGUIDESERVICE
getUserRewards ---> TOURGUIDESERVICE
getUserRewards ---> TOURGUIDESERVICE
getUserRewards ---> TOURGUIDESERVICE
getUserRewards ---> TOURGUIDESERVICE
getUserRewards ---> TOURGUIDESERVICE
getUserRewards ---> TOURGUIDESERVICE
getUserRewards ---> TOURGUIDESERVICE
getUserRewards ---> TOURGUIDESERVICE
getUserRewards ---> TOURGUIDESERVICE
getUserRewards ---> TOURGUIDESERVICE
getUserRewards ---> TOURGUIDESERVICE
getUserRewards ---> TOURGUIDESERVICE
getUserRewards ---> TOURGUIDESERVICE
getUserRewards ---> TOURGUIDESERVICE
getUserRewards ---> TOURGUIDESERVICE
getUserRewards ---> TOURGUIDESERVICE
getUserRewards ---> TOURGUIDESERVICE
getUserRewards ---> TOURGUIDESERVICE
getUserRewards ---> TOURGUIDESERVICE
getUserRewards ---> TOURGUIDESERVICE
getUserRewards ---> TOURGUIDESERVICE
getUserRewards ---> TOURGUIDESERVICE
getUserRewards ---> TOURGUIDESERVICE
getUserRewards ---> TOURGUIDESERVICE
getUserRewards ---> TOURGUIDESERVICE
getUserRewards ---> TOURGUIDESERVICE
getUserRewards ---> TOURGUIDESERVICE
getUserRewards ---> TOURGUIDESERVICE
getUserRewards ---> TOURGUIDESERVICE
getUserRewards ---> TOURGUIDESERVICE
getUserRewards ---> TOURGUIDESERVICE
getUserRewards ---> TOURGUIDESERVICE
getUserRewards ---> TOURGUIDESERVICE
getUserRewards ---> TOURGUIDESERVICE
getUserRewards ---> TOURGUIDESERVICE
getUserRewards ---> TOURGUIDESERVICE
getUserRewards ---> TOURGUIDESERVICE
getUserRewards ---> TOURGUIDESERVICE
getUserRewards ---> TOURGUIDESERVICE
getUserRewards ---> TOURGUIDESERVICE
getUserRewards ---> TOURGUIDESERVICE
getUserRewards ---> TOURGUIDESERVICE
getUserRewards ---> TOURGUIDESERVICE
getUserRewards ---> TOURGUIDESERVICE
getUserRewards ---> TOURGUIDESERVICE
getUserRewards ---> TOURGUIDESERVICE
getUserRewards ---> TOURGUIDESERVICE
getUserRewards ---> TOURGUIDESERVICE
getUserRewards ---> TOURGUIDESERVICE
getUserRewards ---> TOURGUIDESERVICE
getUserRewards ---> TOURGUIDESERVICE
getUserRewards ---> TOURGUIDESERVICE
getUserRewards ---> TOURGUIDESERVICE
getUserRewards ---> TOURGUIDESERVICE
getUserRewards ---> TOURGUIDESERVICE
getUserRewards ---> TOURGUIDESERVICE
getUserRewards ---> TOURGUIDESERVICE
getUserRewards ---> TOURGUIDESERVICE
getUserRewards ---> TOURGUIDESERVICE
getUserRewards ---> TOURGUIDESERVICE
getUserRewards ---> TOURGUIDESERVICE
getUserRewards ---> TOURGUIDESERVICE
getUserRewards ---> TOURGUIDESERVICE
getUserRewards ---> TOURGUIDESERVICE
getUserRewards ---> TOURGUIDESERVICE
getUserRewards ---> TOURGUIDESERVICE
getUserRewards ---> TOURGUIDESERVICE
getUserRewards ---> TOURGUIDESERVICE
getUserRewards ---> TOURGUIDESERVICE
getUserRewards ---> TOURGUIDESERVICE
getUserRewards ---> TOURGUIDESERVICE
getUserRewards ---> TOURGUIDESERVICE
getUserRewards ---> TOURGUIDESERVICE
getUserRewards ---> TOURGUIDESERVICE
getUserRewards ---> TOURGUIDESERVICE
getUserRewards ---> TOURGUIDESERVICE
getUserRewards ---> TOURGUIDESERVICE
getUserRewards ---> TOURGUIDESERVICE
getUserRewards ---> TOURGUIDESERVICE
getUserRewards ---> TOURGUIDESERVICE
getUserRewards ---> TOURGUIDESERVICE
getUserRewards ---> TOURGUIDESERVICE
getUserRewards ---> TOURGUIDESERVICE
getUserRewards ---> TOURGUIDESERVICE
getUserRewards ---> TOURGUIDESERVICE
getUserRewards ---> TOURGUIDESERVICE
getUserRewards ---> TOURGUIDESERVICE
getUserRewards ---> TOURGUIDESERVICE
getUserRewards ---> TOURGUIDESERVICE
getUserRewards ---> TOURGUIDESERVICE
getUserRewards ---> TOURGUIDESERVICE
getUserRewards ---> TOURGUIDESERVICE
getUserRewards ---> TOURGUIDESERVICE
getUserRewards ---> TOURGUIDESERVICE
getUserRewards ---> TOURGUIDESERVICE
getUserRewards ---> TOURGUIDESERVICE
getUserRewards ---> TOURGUIDESERVICE
getUserRewards ---> TOURGUIDESERVICE
getUserRewards ---> TOURGUIDESERVICE
getUserRewards ---> TOURGUIDESERVICE
getUserRewards ---> TOURGUIDESERVICE
getUserRewards ---> TOURGUIDESERVICE
getUserRewards ---> TOURGUIDESERVICE
getUserRewards ---> TOURGUIDESERVICE
getUserRewards ---> TOURGUIDESERVICE
getUserRewards ---> TOURGUIDESERVICE
getUserRewards ---> TOURGUIDESERVICE
getUserRewards ---> TOURGUIDESERVICE
getUserRewards ---> TOURGUIDESERVICE
getUserRewards ---> TOURGUIDESERVICE
getUserRewards ---> TOURGUIDESERVICE
getUserRewards ---> TOURGUIDESERVICE
getUserRewards ---> TOURGUIDESERVICE
getUserRewards ---> TOURGUIDESERVICE
getUserRewards ---> TOURGUIDESERVICE
getUserRewards ---> TOURGUIDESERVICE
getUserRewards ---> TOURGUIDESERVICE
getUserRewards ---> TOURGUIDESERVICE
getUserRewards ---> TOURGUIDESERVICE
getUserRewards ---> TOURGUIDESERVICE
getUserRewards ---> TOURGUIDESERVICE
getUserRewards ---> TOURGUIDESERVICE
getUserRewards ---> TOURGUIDESERVICE
getUserRewards ---> TOURGUIDESERVICE
getUserRewards ---> TOURGUIDESERVICE
getUserRewards ---> TOURGUIDESERVICE
getUserRewards ---> TOURGUIDESERVICE
getUserRewards ---> TOURGUIDESERVICE
getUserRewards ---> TOURGUIDESERVICE
getUserRewards ---> TOURGUIDESERVICE
getUserRewards ---> TOURGUIDESERVICE
getUserRewards ---> TOURGUIDESERVICE
getUserRewards ---> TOURGUIDESERVICE
getUserRewards ---> TOURGUIDESERVICE
getUserRewards ---> TOURGUIDESERVICE
getUserRewards ---> TOURGUIDESERVICE
getUserRewards ---> TOURGUIDESERVICE
getUserRewards ---> TOURGUIDESERVICE
getUserRewards ---> TOURGUIDESERVICE
getUserRewards ---> TOURGUIDESERVICE
getUserRewards ---> TOURGUIDESERVICE
getUserRewards ---> TOURGUIDESERVICE
getUserRewards ---> TOURGUIDESERVICE
getUserRewards ---> TOURGUIDESERVICE
getUserRewards ---> TOURGUIDESERVICE
getUserRewards ---> TOURGUIDESERVICE
getUserRewards ---> TOURGUIDESERVICE
getUserRewards ---> TOURGUIDESERVICE
getUserRewards ---> TOURGUIDESERVICE
getUserRewards ---> TOURGUIDESERVICE
getUserRewards ---> TOURGUIDESERVICE
getUserRewards ---> TOURGUIDESERVICE
getUserRewards ---> TOURGUIDESERVICE
getUserRewards ---> TOURGUIDESERVICE
getUserRewards ---> TOURGUIDESERVICE
getUserRewards ---> TOURGUIDESERVICE
getUserRewards ---> TOURGUIDESERVICE
getUserRewards ---> TOURGUIDESERVICE
getUserRewards ---> TOURGUIDESERVICE
getUserRewards ---> TOURGUIDESERVICE
getUserRewards ---> TOURGUIDESERVICE
getUserRewards ---> TOURGUIDESERVICE
getUserRewards ---> TOURGUIDESERVICE
getUserRewards ---> TOURGUIDESERVICE
getUserRewards ---> TOURGUIDESERVICE
getUserRewards ---> TOURGUIDESERVICE
getUserRewards ---> TOURGUIDESERVICE
getUserRewards ---> TOURGUIDESERVICE
getUserRewards ---> TOURGUIDESERVICE
getUserRewards ---> TOURGUIDESERVICE
getUserRewards ---> TOURGUIDESERVICE
getUserRewards ---> TOURGUIDESERVICE
getUserRewards ---> TOURGUIDESERVICE
getUserRewards ---> TOURGUIDESERVICE
getUserRewards ---> TOURGUIDESERVICE
getUserRewards ---> TOURGUIDESERVICE
getUserRewards ---> TOURGUIDESERVICE
getUserRewards ---> TOURGUIDESERVICE
getUserRewards ---> TOURGUIDESERVICE
getUserRewards ---> TOURGUIDESERVICE
getUserRewards ---> TOURGUIDESERVICE
getUserRewards ---> TOURGUIDESERVICE
getUserRewards ---> TOURGUIDESERVICE
getUserRewards ---> TOURGUIDESERVICE
getUserRewards ---> TOURGUIDESERVICE
getUserRewards ---> TOURGUIDESERVICE
getUserRewards ---> TOURGUIDESERVICE
getUserRewards ---> TOURGUIDESERVICE
getUserRewards ---> TOURGUIDESERVICE
getUserRewards ---> TOURGUIDESERVICE
getUserRewards ---> TOURGUIDESERVICE
getUserRewards ---> TOURGUIDESERVICE
getUserRewards ---> TOURGUIDESERVICE
getUserRewards ---> TOURGUIDESERVICE
getUserRewards ---> TOURGUIDESERVICE
getUserRewards ---> TOURGUIDESERVICE
getUserRewards ---> TOURGUIDESERVICE
getUserRewards ---> TOURGUIDESERVICE
getUserRewards ---> TOURGUIDESERVICE
getUserRewards ---> TOURGUIDESERVICE
getUserRewards ---> TOURGUIDESERVICE
getUserRewards ---> TOURGUIDESERVICE
getUserRewards ---> TOURGUIDESERVICE
getUserRewards ---> TOURGUIDESERVICE
getUserRewards ---> TOURGUIDESERVICE
getUserRewards ---> TOURGUIDESERVICE
getUserRewards ---> TOURGUIDESERVICE
getUserRewards ---> TOURGUIDESERVICE
getUserRewards ---> TOURGUIDESERVICE
getUserRewards ---> TOURGUIDESERVICE
getUserRewards ---> TOURGUIDESERVICE
getUserRewards ---> TOURGUIDESERVICE
getUserRewards ---> TOURGUIDESERVICE
getUserRewards ---> TOURGUIDESERVICE
getUserRewards ---> TOURGUIDESERVICE
getUserRewards ---> TOURGUIDESERVICE
getUserRewards ---> TOURGUIDESERVICE
getUserRewards ---> TOURGUIDESERVICE
getUserRewards ---> TOURGUIDESERVICE
getUserRewards ---> TOURGUIDESERVICE
getUserRewards ---> TOURGUIDESERVICE
getUserRewards ---> TOURGUIDESERVICE
getUserRewards ---> TOURGUIDESERVICE
getUserRewards ---> TOURGUIDESERVICE
getUserRewards ---> TOURGUIDESERVICE
getUserRewards ---> TOURGUIDESERVICE
getUserRewards ---> TOURGUIDESERVICE
getUserRewards ---> TOURGUIDESERVICE
getUserRewards ---> TOURGUIDESERVICE
getUserRewards ---> TOURGUIDESERVICE
getUserRewards ---> TOURGUIDESERVICE
getUserRewards ---> TOURGUIDESERVICE
getUserRewards ---> TOURGUIDESERVICE
getUserRewards ---> TOURGUIDESERVICE
getUserRewards ---> TOURGUIDESERVICE
getUserRewards ---> TOURGUIDESERVICE
getUserRewards ---> TOURGUIDESERVICE
getUserRewards ---> TOURGUIDESERVICE
getUserRewards ---> TOURGUIDESERVICE
getUserRewards ---> TOURGUIDESERVICE
getUserRewards ---> TOURGUIDESERVICE
getUserRewards ---> TOURGUIDESERVICE
getUserRewards ---> TOURGUIDESERVICE
getUserRewards ---> TOURGUIDESERVICE
getUserRewards ---> TOURGUIDESERVICE
getUserRewards ---> TOURGUIDESERVICE
getUserRewards ---> TOURGUIDESERVICE
getUserRewards ---> TOURGUIDESERVICE
getUserRewards ---> TOURGUIDESERVICE
getUserRewards ---> TOURGUIDESERVICE
getUserRewards ---> TOURGUIDESERVICE
getUserRewards ---> TOURGUIDESERVICE
getUserRewards ---> TOURGUIDESERVICE
getUserRewards ---> TOURGUIDESERVICE
getUserRewards ---> TOURGUIDESERVICE
getUserRewards ---> TOURGUIDESERVICE
getUserRewards ---> TOURGUIDESERVICE
getUserRewards ---> TOURGUIDESERVICE
getUserRewards ---> TOURGUIDESERVICE
getUserRewards ---> TOURGUIDESERVICE
getUserRewards ---> TOURGUIDESERVICE
getUserRewards ---> TOURGUIDESERVICE
getUserRewards ---> TOURGUIDESERVICE
getUserRewards ---> TOURGUIDESERVICE
getUserRewards ---> TOURGUIDESERVICE
getUserRewards ---> TOURGUIDESERVICE
getUserRewards ---> TOURGUIDESERVICE
getUserRewards ---> TOURGUIDESERVICE
getUserRewards ---> TOURGUIDESERVICE
getUserRewards ---> TOURGUIDESERVICE
getUserRewards ---> TOURGUIDESERVICE
getUserRewards ---> TOURGUIDESERVICE
getUserRewards ---> TOURGUIDESERVICE
getUserRewards ---> TOURGUIDESERVICE
getUserRewards ---> TOURGUIDESERVICE
getUserRewards ---> TOURGUIDESERVICE
getUserRewards ---> TOURGUIDESERVICE
getUserRewards ---> TOURGUIDESERVICE
getUserRewards ---> TOURGUIDESERVICE
getUserRewards ---> TOURGUIDESERVICE
getUserRewards ---> TOURGUIDESERVICE
getUserRewards ---> TOURGUIDESERVICE
getUserRewards ---> TOURGUIDESERVICE
getUserRewards ---> TOURGUIDESERVICE
getUserRewards ---> TOURGUIDESERVICE
getUserRewards ---> TOURGUIDESERVICE
getUserRewards ---> TOURGUIDESERVICE
getUserRewards ---> TOURGUIDESERVICE
getUserRewards ---> TOURGUIDESERVICE
getUserRewards ---> TOURGUIDESERVICE
getUserRewards ---> TOURGUIDESERVICE
getUserRewards ---> TOURGUIDESERVICE
getUserRewards ---> TOURGUIDESERVICE
getUserRewards ---> TOURGUIDESERVICE
getUserRewards ---> TOURGUIDESERVICE
getUserRewards ---> TOURGUIDESERVICE
getUserRewards ---> TOURGUIDESERVICE
getUserRewards ---> TOURGUIDESERVICE
getUserRewards ---> TOURGUIDESERVICE
getUserRewards ---> TOURGUIDESERVICE
getUserRewards ---> TOURGUIDESERVICE
getUserRewards ---> TOURGUIDESERVICE
getUserRewards ---> TOURGUIDESERVICE
getUserRewards ---> TOURGUIDESERVICE
getUserRewards ---> TOURGUIDESERVICE
getUserRewards ---> TOURGUIDESERVICE
getUserRewards ---> TOURGUIDESERVICE
getUserRewards ---> TOURGUIDESERVICE
getUserRewards ---> TOURGUIDESERVICE
getUserRewards ---> TOURGUIDESERVICE
getUserRewards ---> TOURGUIDESERVICE
getUserRewards ---> TOURGUIDESERVICE
getUserRewards ---> TOURGUIDESERVICE
getUserRewards ---> TOURGUIDESERVICE
getUserRewards ---> TOURGUIDESERVICE
getUserRewards ---> TOURGUIDESERVICE
getUserRewards ---> TOURGUIDESERVICE
getUserRewards ---> TOURGUIDESERVICE
getUserRewards ---> TOURGUIDESERVICE
getUserRewards ---> TOURGUIDESERVICE
getUserRewards ---> TOURGUIDESERVICE
getUserRewards ---> TOURGUIDESERVICE
getUserRewards ---> TOURGUIDESERVICE
getUserRewards ---> TOURGUIDESERVICE
getUserRewards ---> TOURGUIDESERVICE
getUserRewards ---> TOURGUIDESERVICE
getUserRewards ---> TOURGUIDESERVICE
getUserRewards ---> TOURGUIDESERVICE
getUserRewards ---> TOURGUIDESERVICE
getUserRewards ---> TOURGUIDESERVICE
getUserRewards ---> TOURGUIDESERVICE
getUserRewards ---> TOURGUIDESERVICE
getUserRewards ---> TOURGUIDESERVICE
getUserRewards ---> TOURGUIDESERVICE
getUserRewards ---> TOURGUIDESERVICE
getUserRewards ---> TOURGUIDESERVICE
getUserRewards ---> TOURGUIDESERVICE
getUserRewards ---> TOURGUIDESERVICE
getUserRewards ---> TOURGUIDESERVICE
getUserRewards ---> TOURGUIDESERVICE
getUserRewards ---> TOURGUIDESERVICE
getUserRewards ---> TOURGUIDESERVICE
getUserRewards ---> TOURGUIDESERVICE
getUserRewards ---> TOURGUIDESERVICE
getUserRewards ---> TOURGUIDESERVICE
getUserRewards ---> TOURGUIDESERVICE
getUserRewards ---> TOURGUIDESERVICE
getUserRewards ---> TOURGUIDESERVICE
getUserRewards ---> TOURGUIDESERVICE
getUserRewards ---> TOURGUIDESERVICE
getUserRewards ---> TOURGUIDESERVICE
getUserRewards ---> TOURGUIDESERVICE
getUserRewards ---> TOURGUIDESERVICE
getUserRewards ---> TOURGUIDESERVICE
getUserRewards ---> TOURGUIDESERVICE
getUserRewards ---> TOURGUIDESERVICE
getUserRewards ---> TOURGUIDESERVICE
getUserRewards ---> TOURGUIDESERVICE
getUserRewards ---> TOURGUIDESERVICE
getUserRewards ---> TOURGUIDESERVICE
getUserRewards ---> TOURGUIDESERVICE
getUserRewards ---> TOURGUIDESERVICE
getUserRewards ---> TOURGUIDESERVICE
getUserRewards ---> TOURGUIDESERVICE
getUserRewards ---> TOURGUIDESERVICE
getUserRewards ---> TOURGUIDESERVICE
getUserRewards ---> TOURGUIDESERVICE
getUserRewards ---> TOURGUIDESERVICE
getUserRewards ---> TOURGUIDESERVICE
getUserRewards ---> TOURGUIDESERVICE
getUserRewards ---> TOURGUIDESERVICE
getUserRewards ---> TOURGUIDESERVICE
getUserRewards ---> TOURGUIDESERVICE
getUserRewards ---> TOURGUIDESERVICE
getUserRewards ---> TOURGUIDESERVICE
getUserRewards ---> TOURGUIDESERVICE
getUserRewards ---> TOURGUIDESERVICE
getUserRewards ---> TOURGUIDESERVICE
getUserRewards ---> TOURGUIDESERVICE
getUserRewards ---> TOURGUIDESERVICE
getUserRewards ---> TOURGUIDESERVICE
getUserRewards ---> TOURGUIDESERVICE
getUserRewards ---> TOURGUIDESERVICE
getUserRewards ---> TOURGUIDESERVICE
getUserRewards ---> TOURGUIDESERVICE
getUserRewards ---> TOURGUIDESERVICE
getUserRewards ---> TOURGUIDESERVICE
getUserRewards ---> TOURGUIDESERVICE
getUserRewards ---> TOURGUIDESERVICE
getUserRewards ---> TOURGUIDESERVICE
getUserRewards ---> TOURGUIDESERVICE
getUserRewards ---> TOURGUIDESERVICE
getUserRewards ---> TOURGUIDESERVICE
getUserRewards ---> TOURGUIDESERVICE
getUserRewards ---> TOURGUIDESERVICE
getUserRewards ---> TOURGUIDESERVICE
getUserRewards ---> TOURGUIDESERVICE
getUserRewards ---> TOURGUIDESERVICE
getUserRewards ---> TOURGUIDESERVICE
getUserRewards ---> TOURGUIDESERVICE
getUserRewards ---> TOURGUIDESERVICE
getUserRewards ---> TOURGUIDESERVICE
getUserRewards ---> TOURGUIDESERVICE
getUserRewards ---> TOURGUIDESERVICE
getUserRewards ---> TOURGUIDESERVICE
getUserRewards ---> TOURGUIDESERVICE
getUserRewards ---> TOURGUIDESERVICE
getUserRewards ---> TOURGUIDESERVICE
getUserRewards ---> TOURGUIDESERVICE
getUserRewards ---> TOURGUIDESERVICE
getUserRewards ---> TOURGUIDESERVICE
getUserRewards ---> TOURGUIDESERVICE
getUserRewards ---> TOURGUIDESERVICE
getUserRewards ---> TOURGUIDESERVICE
getUserRewards ---> TOURGUIDESERVICE
getUserRewards ---> TOURGUIDESERVICE
getUserRewards ---> TOURGUIDESERVICE
getUserRewards ---> TOURGUIDESERVICE
getUserRewards ---> TOURGUIDESERVICE
getUserRewards ---> TOURGUIDESERVICE
getUserRewards ---> TOURGUIDESERVICE
getUserRewards ---> TOURGUIDESERVICE
getUserRewards ---> TOURGUIDESERVICE
getUserRewards ---> TOURGUIDESERVICE
getUserRewards ---> TOURGUIDESERVICE
getUserRewards ---> TOURGUIDESERVICE
getUserRewards ---> TOURGUIDESERVICE
getUserRewards ---> TOURGUIDESERVICE
getUserRewards ---> TOURGUIDESERVICE
getUserRewards ---> TOURGUIDESERVICE
getUserRewards ---> TOURGUIDESERVICE
getUserRewards ---> TOURGUIDESERVICE
getUserRewards ---> TOURGUIDESERVICE
getUserRewards ---> TOURGUIDESERVICE
getUserRewards ---> TOURGUIDESERVICE
getUserRewards ---> TOURGUIDESERVICE
getUserRewards ---> TOURGUIDESERVICE
getUserRewards ---> TOURGUIDESERVICE
getUserRewards ---> TOURGUIDESERVICE
getUserRewards ---> TOURGUIDESERVICE
getUserRewards ---> TOURGUIDESERVICE
getUserRewards ---> TOURGUIDESERVICE
getUserRewards ---> TOURGUIDESERVICE
getUserRewards ---> TOURGUIDESERVICE
getUserRewards ---> TOURGUIDESERVICE
getUserRewards ---> TOURGUIDESERVICE
getUserRewards ---> TOURGUIDESERVICE
getUserRewards ---> TOURGUIDESERVICE
getUserRewards ---> TOURGUIDESERVICE
getUserRewards ---> TOURGUIDESERVICE
getUserRewards ---> TOURGUIDESERVICE
getUserRewards ---> TOURGUIDESERVICE
getUserRewards ---> TOURGUIDESERVICE
getUserRewards ---> TOURGUIDESERVICE
getUserRewards ---> TOURGUIDESERVICE
getUserRewards ---> TOURGUIDESERVICE
getUserRewards ---> TOURGUIDESERVICE
getUserRewards ---> TOURGUIDESERVICE
getUserRewards ---> TOURGUIDESERVICE
getUserRewards ---> TOURGUIDESERVICE
getUserRewards ---> TOURGUIDESERVICE
getUserRewards ---> TOURGUIDESERVICE
getUserRewards ---> TOURGUIDESERVICE
getUserRewards ---> TOURGUIDESERVICE
getUserRewards ---> TOURGUIDESERVICE
getUserRewards ---> TOURGUIDESERVICE
getUserRewards ---> TOURGUIDESERVICE
getUserRewards ---> TOURGUIDESERVICE
getUserRewards ---> TOURGUIDESERVICE
getUserRewards ---> TOURGUIDESERVICE
getUserRewards ---> TOURGUIDESERVICE
getUserRewards ---> TOURGUIDESERVICE
getUserRewards ---> TOURGUIDESERVICE
getUserRewards ---> TOURGUIDESERVICE
getUserRewards ---> TOURGUIDESERVICE
getUserRewards ---> TOURGUIDESERVICE
getUserRewards ---> TOURGUIDESERVICE
getUserRewards ---> TOURGUIDESERVICE
getUserRewards ---> TOURGUIDESERVICE
getUserRewards ---> TOURGUIDESERVICE
getUserRewards ---> TOURGUIDESERVICE
getUserRewards ---> TOURGUIDESERVICE
getUserRewards ---> TOURGUIDESERVICE
getUserRewards ---> TOURGUIDESERVICE
getUserRewards ---> TOURGUIDESERVICE
getUserRewards ---> TOURGUIDESERVICE
getUserRewards ---> TOURGUIDESERVICE
getUserRewards ---> TOURGUIDESERVICE
getUserRewards ---> TOURGUIDESERVICE
getUserRewards ---> TOURGUIDESERVICE
getUserRewards ---> TOURGUIDESERVICE
getUserRewards ---> TOURGUIDESERVICE
getUserRewards ---> TOURGUIDESERVICE
getUserRewards ---> TOURGUIDESERVICE
getUserRewards ---> TOURGUIDESERVICE
getUserRewards ---> TOURGUIDESERVICE
getUserRewards ---> TOURGUIDESERVICE
getUserRewards ---> TOURGUIDESERVICE
getUserRewards ---> TOURGUIDESERVICE
getUserRewards ---> TOURGUIDESERVICE
getUserRewards ---> TOURGUIDESERVICE
getUserRewards ---> TOURGUIDESERVICE
getUserRewards ---> TOURGUIDESERVICE
getUserRewards ---> TOURGUIDESERVICE
getUserRewards ---> TOURGUIDESERVICE
getUserRewards ---> TOURGUIDESERVICE
getUserRewards ---> TOURGUIDESERVICE
getUserRewards ---> TOURGUIDESERVICE
getUserRewards ---> TOURGUIDESERVICE
getUserRewards ---> TOURGUIDESERVICE
getUserRewards ---> TOURGUIDESERVICE
getUserRewards ---> TOURGUIDESERVICE
getUserRewards ---> TOURGUIDESERVICE
getUserRewards ---> TOURGUIDESERVICE
getUserRewards ---> TOURGUIDESERVICE
getUserRewards ---> TOURGUIDESERVICE
getUserRewards ---> TOURGUIDESERVICE
getUserRewards ---> TOURGUIDESERVICE
getUserRewards ---> TOURGUIDESERVICE
getUserRewards ---> TOURGUIDESERVICE
getUserRewards ---> TOURGUIDESERVICE
getUserRewards ---> TOURGUIDESERVICE
getUserRewards ---> TOURGUIDESERVICE
getUserRewards ---> TOURGUIDESERVICE
getUserRewards ---> TOURGUIDESERVICE
getUserRewards ---> TOURGUIDESERVICE
getUserRewards ---> TOURGUIDESERVICE
getUserRewards ---> TOURGUIDESERVICE
getUserRewards ---> TOURGUIDESERVICE
getUserRewards ---> TOURGUIDESERVICE
getUserRewards ---> TOURGUIDESERVICE
getUserRewards ---> TOURGUIDESERVICE
getUserRewards ---> TOURGUIDESERVICE
getUserRewards ---> TOURGUIDESERVICE
getUserRewards ---> TOURGUIDESERVICE
getUserRewards ---> TOURGUIDESERVICE
getUserRewards ---> TOURGUIDESERVICE
getUserRewards ---> TOURGUIDESERVICE
getUserRewards ---> TOURGUIDESERVICE
getUserRewards ---> TOURGUIDESERVICE
getUserRewards ---> TOURGUIDESERVICE
getUserRewards ---> TOURGUIDESERVICE
getUserRewards ---> TOURGUIDESERVICE
getUserRewards ---> TOURGUIDESERVICE
getUserRewards ---> TOURGUIDESERVICE
getUserRewards ---> TOURGUIDESERVICE
getUserRewards ---> TOURGUIDESERVICE
getUserRewards ---> TOURGUIDESERVICE
getUserRewards ---> TOURGUIDESERVICE
getUserRewards ---> TOURGUIDESERVICE
getUserRewards ---> TOURGUIDESERVICE
getUserRewards ---> TOURGUIDESERVICE
getUserRewards ---> TOURGUIDESERVICE
getUserRewards ---> TOURGUIDESERVICE
getUserRewards ---> TOURGUIDESERVICE
getUserRewards ---> TOURGUIDESERVICE
getUserRewards ---> TOURGUIDESERVICE
getUserRewards ---> TOURGUIDESERVICE
getUserRewards ---> TOURGUIDESERVICE
getUserRewards ---> TOURGUIDESERVICE
getUserRewards ---> TOURGUIDESERVICE
getUserRewards ---> TOURGUIDESERVICE
getUserRewards ---> TOURGUIDESERVICE
getUserRewards ---> TOURGUIDESERVICE
getUserRewards ---> TOURGUIDESERVICE
getUserRewards ---> TOURGUIDESERVICE
getUserRewards ---> TOURGUIDESERVICE
getUserRewards ---> TOURGUIDESERVICE
getUserRewards ---> TOURGUIDESERVICE
getUserRewards ---> TOURGUIDESERVICE
getUserRewards ---> TOURGUIDESERVICE
getUserRewards ---> TOURGUIDESERVICE
getUserRewards ---> TOURGUIDESERVICE
getUserRewards ---> TOURGUIDESERVICE
getUserRewards ---> TOURGUIDESERVICE
getUserRewards ---> TOURGUIDESERVICE
getUserRewards ---> TOURGUIDESERVICE
getUserRewards ---> TOURGUIDESERVICE
getUserRewards ---> TOURGUIDESERVICE
getUserRewards ---> TOURGUIDESERVICE
getUserRewards ---> TOURGUIDESERVICE
getUserRewards ---> TOURGUIDESERVICE
getUserRewards ---> TOURGUIDESERVICE
getUserRewards ---> TOURGUIDESERVICE
getUserRewards ---> TOURGUIDESERVICE
getUserRewards ---> TOURGUIDESERVICE
getUserRewards ---> TOURGUIDESERVICE
getUserRewards ---> TOURGUIDESERVICE
getUserRewards ---> TOURGUIDESERVICE
getUserRewards ---> TOURGUIDESERVICE
getUserRewards ---> TOURGUIDESERVICE
getUserRewards ---> TOURGUIDESERVICE
getUserRewards ---> TOURGUIDESERVICE
getUserRewards ---> TOURGUIDESERVICE
getUserRewards ---> TOURGUIDESERVICE
getUserRewards ---> TOURGUIDESERVICE
getUserRewards ---> TOURGUIDESERVICE
getUserRewards ---> TOURGUIDESERVICE
getUserRewards ---> TOURGUIDESERVICE
getUserRewards ---> TOURGUIDESERVICE
getUserRewards ---> TOURGUIDESERVICE
getUserRewards ---> TOURGUIDESERVICE
getUserRewards ---> TOURGUIDESERVICE
getUserRewards ---> TOURGUIDESERVICE
getUserRewards ---> TOURGUIDESERVICE
getUserRewards ---> TOURGUIDESERVICE
getUserRewards ---> TOURGUIDESERVICE
getUserRewards ---> TOURGUIDESERVICE
getUserRewards ---> TOURGUIDESERVICE
getUserRewards ---> TOURGUIDESERVICE
getUserRewards ---> TOURGUIDESERVICE
getUserRewards ---> TOURGUIDESERVICE
getUserRewards ---> TOURGUIDESERVICE
getUserRewards ---> TOURGUIDESERVICE
getUserRewards ---> TOURGUIDESERVICE
getUserRewards ---> TOURGUIDESERVICE
getUserRewards ---> TOURGUIDESERVICE
getUserRewards ---> TOURGUIDESERVICE
getUserRewards ---> TOURGUIDESERVICE
getUserRewards ---> TOURGUIDESERVICE
getUserRewards ---> TOURGUIDESERVICE
getUserRewards ---> TOURGUIDESERVICE
getUserRewards ---> TOURGUIDESERVICE
getUserRewards ---> TOURGUIDESERVICE
getUserRewards ---> TOURGUIDESERVICE
getUserRewards ---> TOURGUIDESERVICE
getUserRewards ---> TOURGUIDESERVICE
getUserRewards ---> TOURGUIDESERVICE
getUserRewards ---> TOURGUIDESERVICE
getUserRewards ---> TOURGUIDESERVICE
getUserRewards ---> TOURGUIDESERVICE
getUserRewards ---> TOURGUIDESERVICE
getUserRewards ---> TOURGUIDESERVICE
getUserRewards ---> TOURGUIDESERVICE
getUserRewards ---> TOURGUIDESERVICE
getUserRewards ---> TOURGUIDESERVICE
getUserRewards ---> TOURGUIDESERVICE
getUserRewards ---> TOURGUIDESERVICE
getUserRewards ---> TOURGUIDESERVICE
getUserRewards ---> TOURGUIDESERVICE
getUserRewards ---> TOURGUIDESERVICE
getUserRewards ---> TOURGUIDESERVICE
getUserRewards ---> TOURGUIDESERVICE
getUserRewards ---> TOURGUIDESERVICE
getUserRewards ---> TOURGUIDESERVICE
getUserRewards ---> TOURGUIDESERVICE
getUserRewards ---> TOURGUIDESERVICE
getUserRewards ---> TOURGUIDESERVICE
getUserRewards ---> TOURGUIDESERVICE
getUserRewards ---> TOURGUIDESERVICE
getUserRewards ---> TOURGUIDESERVICE
getUserRewards ---> TOURGUIDESERVICE
getUserRewards ---> TOURGUIDESERVICE
getUserRewards ---> TOURGUIDESERVICE
getUserRewards ---> TOURGUIDESERVICE
getUserRewards ---> TOURGUIDESERVICE
getUserRewards ---> TOURGUIDESERVICE
getUserRewards ---> TOURGUIDESERVICE
getUserRewards ---> TOURGUIDESERVICE
getUserRewards ---> TOURGUIDESERVICE
getUserRewards ---> TOURGUIDESERVICE
getUserRewards ---> TOURGUIDESERVICE
getUserRewards ---> TOURGUIDESERVICE
getUserRewards ---> TOURGUIDESERVICE
getUserRewards ---> TOURGUIDESERVICE
getUserRewards ---> TOURGUIDESERVICE
getUserRewards ---> TOURGUIDESERVICE
getUserRewards ---> TOURGUIDESERVICE
getUserRewards ---> TOURGUIDESERVICE
getUserRewards ---> TOURGUIDESERVICE
getUserRewards ---> TOURGUIDESERVICE
getUserRewards ---> TOURGUIDESERVICE
getUserRewards ---> TOURGUIDESERVICE
getUserRewards ---> TOURGUIDESERVICE
getUserRewards ---> TOURGUIDESERVICE
getUserRewards ---> TOURGUIDESERVICE
getUserRewards ---> TOURGUIDESERVICE
getUserRewards ---> TOURGUIDESERVICE
getUserRewards ---> TOURGUIDESERVICE
getUserRewards ---> TOURGUIDESERVICE
getUserRewards ---> TOURGUIDESERVICE
getUserRewards ---> TOURGUIDESERVICE
getUserRewards ---> TOURGUIDESERVICE
getUserRewards ---> TOURGUIDESERVICE
getUserRewards ---> TOURGUIDESERVICE
getUserRewards ---> TOURGUIDESERVICE
getUserRewards ---> TOURGUIDESERVICE
getUserRewards ---> TOURGUIDESERVICE
getUserRewards ---> TOURGUIDESERVICE
getUserRewards ---> TOURGUIDESERVICE
getUserRewards ---> TOURGUIDESERVICE
getUserRewards ---> TOURGUIDESERVICE
getUserRewards ---> TOURGUIDESERVICE
getUserRewards ---> TOURGUIDESERVICE
getUserRewards ---> TOURGUIDESERVICE
getUserRewards ---> TOURGUIDESERVICE
getUserRewards ---> TOURGUIDESERVICE
getUserRewards ---> TOURGUIDESERVICE
getUserRewards ---> TOURGUIDESERVICE
getUserRewards ---> TOURGUIDESERVICE
getUserRewards ---> TOURGUIDESERVICE
getUserRewards ---> TOURGUIDESERVICE
getUserRewards ---> TOURGUIDESERVICE
getUserRewards ---> TOURGUIDESERVICE
getUserRewards ---> TOURGUIDESERVICE
getUserRewards ---> TOURGUIDESERVICE
getUserRewards ---> TOURGUIDESERVICE
getUserRewards ---> TOURGUIDESERVICE
getUserRewards ---> TOURGUIDESERVICE
getUserRewards ---> TOURGUIDESERVICE
getUserRewards ---> TOURGUIDESERVICE
getUserRewards ---> TOURGUIDESERVICE
getUserRewards ---> TOURGUIDESERVICE
getUserRewards ---> TOURGUIDESERVICE
getUserRewards ---> TOURGUIDESERVICE
getUserRewards ---> TOURGUIDESERVICE
getUserRewards ---> TOURGUIDESERVICE
getUserRewards ---> TOURGUIDESERVICE
getUserRewards ---> TOURGUIDESERVICE
getUserRewards ---> TOURGUIDESERVICE
getUserRewards ---> TOURGUIDESERVICE
getUserRewards ---> TOURGUIDESERVICE
getUserRewards ---> TOURGUIDESERVICE
getUserRewards ---> TOURGUIDESERVICE
getUserRewards ---> TOURGUIDESERVICE
getUserRewards ---> TOURGUIDESERVICE
getUserRewards ---> TOURGUIDESERVICE
getUserRewards ---> TOURGUIDESERVICE
getUserRewards ---> TOURGUIDESERVICE
getUserRewards ---> TOURGUIDESERVICE
getUserRewards ---> TOURGUIDESERVICE
getUserRewards ---> TOURGUIDESERVICE
getUserRewards ---> TOURGUIDESERVICE
getUserRewards ---> TOURGUIDESERVICE
getUserRewards ---> TOURGUIDESERVICE
getUserRewards ---> TOURGUIDESERVICE
getUserRewards ---> TOURGUIDESERVICE
getUserRewards ---> TOURGUIDESERVICE
getUserRewards ---> TOURGUIDESERVICE
getUserRewards ---> TOURGUIDESERVICE
getUserRewards ---> TOURGUIDESERVICE
getUserRewards ---> TOURGUIDESERVICE
getUserRewards ---> TOURGUIDESERVICE
getUserRewards ---> TOURGUIDESERVICE
getUserRewards ---> TOURGUIDESERVICE
getUserRewards ---> TOURGUIDESERVICE
getUserRewards ---> TOURGUIDESERVICE
getUserRewards ---> TOURGUIDESERVICE
getUserRewards ---> TOURGUIDESERVICE
getUserRewards ---> TOURGUIDESERVICE
getUserRewards ---> TOURGUIDESERVICE
getUserRewards ---> TOURGUIDESERVICE
getUserRewards ---> TOURGUIDESERVICE
getUserRewards ---> TOURGUIDESERVICE
getUserRewards ---> TOURGUIDESERVICE
getUserRewards ---> TOURGUIDESERVICE
getUserRewards ---> TOURGUIDESERVICE
getUserRewards ---> TOURGUIDESERVICE
getUserRewards ---> TOURGUIDESERVICE
getUserRewards ---> TOURGUIDESERVICE
getUserRewards ---> TOURGUIDESERVICE
getUserRewards ---> TOURGUIDESERVICE
getUserRewards ---> TOURGUIDESERVICE
getUserRewards ---> TOURGUIDESERVICE
getUserRewards ---> TOURGUIDESERVICE
getUserRewards ---> TOURGUIDESERVICE
getUserRewards ---> TOURGUIDESERVICE
getUserRewards ---> TOURGUIDESERVICE
getUserRewards ---> TOURGUIDESERVICE
getUserRewards ---> TOURGUIDESERVICE
getUserRewards ---> TOURGUIDESERVICE
getUserRewards ---> TOURGUIDESERVICE
getUserRewards ---> TOURGUIDESERVICE
getUserRewards ---> TOURGUIDESERVICE
getUserRewards ---> TOURGUIDESERVICE
getUserRewards ---> TOURGUIDESERVICE
getUserRewards ---> TOURGUIDESERVICE
getUserRewards ---> TOURGUIDESERVICE
getUserRewards ---> TOURGUIDESERVICE
getUserRewards ---> TOURGUIDESERVICE
getUserRewards ---> TOURGUIDESERVICE
getUserRewards ---> TOURGUIDESERVICE
getUserRewards ---> TOURGUIDESERVICE
getUserRewards ---> TOURGUIDESERVICE
getUserRewards ---> TOURGUIDESERVICE
getUserRewards ---> TOURGUIDESERVICE
getUserRewards ---> TOURGUIDESERVICE
getUserRewards ---> TOURGUIDESERVICE
getUserRewards ---> TOURGUIDESERVICE
getUserRewards ---> TOURGUIDESERVICE
getUserRewards ---> TOURGUIDESERVICE
getUserRewards ---> TOURGUIDESERVICE
getUserRewards ---> TOURGUIDESERVICE
getUserRewards ---> TOURGUIDESERVICE
getUserRewards ---> TOURGUIDESERVICE
getUserRewards ---> TOURGUIDESERVICE
getUserRewards ---> TOURGUIDESERVICE
getUserRewards ---> TOURGUIDESERVICE
getUserRewards ---> TOURGUIDESERVICE
getUserRewards ---> TOURGUIDESERVICE
getUserRewards ---> TOURGUIDESERVICE
getUserRewards ---> TOURGUIDESERVICE
getUserRewards ---> TOURGUIDESERVICE
getUserRewards ---> TOURGUIDESERVICE
getUserRewards ---> TOURGUIDESERVICE
getUserRewards ---> TOURGUIDESERVICE
getUserRewards ---> TOURGUIDESERVICE
getUserRewards ---> TOURGUIDESERVICE
getUserRewards ---> TOURGUIDESERVICE
getUserRewards ---> TOURGUIDESERVICE
getUserRewards ---> TOURGUIDESERVICE
getUserRewards ---> TOURGUIDESERVICE
getUserRewards ---> TOURGUIDESERVICE
getUserRewards ---> TOURGUIDESERVICE
getUserRewards ---> TOURGUIDESERVICE
getUserRewards ---> TOURGUIDESERVICE
getUserRewards ---> TOURGUIDESERVICE
getUserRewards ---> TOURGUIDESERVICE
getUserRewards ---> TOURGUIDESERVICE
getUserRewards ---> TOURGUIDESERVICE
getUserRewards ---> TOURGUIDESERVICE
getUserRewards ---> TOURGUIDESERVICE
getUserRewards ---> TOURGUIDESERVICE
getUserRewards ---> TOURGUIDESERVICE
getUserRewards ---> TOURGUIDESERVICE
getUserRewards ---> TOURGUIDESERVICE
getUserRewards ---> TOURGUIDESERVICE
getUserRewards ---> TOURGUIDESERVICE
getUserRewards ---> TOURGUIDESERVICE
getUserRewards ---> TOURGUIDESERVICE
getUserRewards ---> TOURGUIDESERVICE
getUserRewards ---> TOURGUIDESERVICE
getUserRewards ---> TOURGUIDESERVICE
getUserRewards ---> TOURGUIDESERVICE
getUserRewards ---> TOURGUIDESERVICE
getUserRewards ---> TOURGUIDESERVICE
getUserRewards ---> TOURGUIDESERVICE
getUserRewards ---> TOURGUIDESERVICE
getUserRewards ---> TOURGUIDESERVICE
getUserRewards ---> TOURGUIDESERVICE
getUserRewards ---> TOURGUIDESERVICE
getUserRewards ---> TOURGUIDESERVICE
getUserRewards ---> TOURGUIDESERVICE
getUserRewards ---> TOURGUIDESERVICE
getUserRewards ---> TOURGUIDESERVICE
getUserRewards ---> TOURGUIDESERVICE
getUserRewards ---> TOURGUIDESERVICE
getUserRewards ---> TOURGUIDESERVICE
getUserRewards ---> TOURGUIDESERVICE
getUserRewards ---> TOURGUIDESERVICE
getUserRewards ---> TOURGUIDESERVICE
getUserRewards ---> TOURGUIDESERVICE
getUserRewards ---> TOURGUIDESERVICE
getUserRewards ---> TOURGUIDESERVICE
getUserRewards ---> TOURGUIDESERVICE
getUserRewards ---> TOURGUIDESERVICE
getUserRewards ---> TOURGUIDESERVICE
getUserRewards ---> TOURGUIDESERVICE
getUserRewards ---> TOURGUIDESERVICE
getUserRewards ---> TOURGUIDESERVICE
getUserRewards ---> TOURGUIDESERVICE
getUserRewards ---> TOURGUIDESERVICE
getUserRewards ---> TOURGUIDESERVICE
getUserRewards ---> TOURGUIDESERVICE
getUserRewards ---> TOURGUIDESERVICE
getUserRewards ---> TOURGUIDESERVICE
getUserRewards ---> TOURGUIDESERVICE
getUserRewards ---> TOURGUIDESERVICE
getUserRewards ---> TOURGUIDESERVICE
getUserRewards ---> TOURGUIDESERVICE
getUserRewards ---> TOURGUIDESERVICE
getUserRewards ---> TOURGUIDESERVICE
getUserRewards ---> TOURGUIDESERVICE
getUserRewards ---> TOURGUIDESERVICE
getUserRewards ---> TOURGUIDESERVICE
getUserRewards ---> TOURGUIDESERVICE
getUserRewards ---> TOURGUIDESERVICE
getUserRewards ---> TOURGUIDESERVICE
getUserRewards ---> TOURGUIDESERVICE
getUserRewards ---> TOURGUIDESERVICE
getUserRewards ---> TOURGUIDESERVICE
getUserRewards ---> TOURGUIDESERVICE
getUserRewards ---> TOURGUIDESERVICE
getUserRewards ---> TOURGUIDESERVICE
getUserRewards ---> TOURGUIDESERVICE
getUserRewards ---> TOURGUIDESERVICE
getUserRewards ---> TOURGUIDESERVICE
getUserRewards ---> TOURGUIDESERVICE
getUserRewards ---> TOURGUIDESERVICE
getUserRewards ---> TOURGUIDESERVICE
getUserRewards ---> TOURGUIDESERVICE
getUserRewards ---> TOURGUIDESERVICE
getUserRewards ---> TOURGUIDESERVICE
getUserRewards ---> TOURGUIDESERVICE
getUserRewards ---> TOURGUIDESERVICE
getUserRewards ---> TOURGUIDESERVICE
getUserRewards ---> TOURGUIDESERVICE
getUserRewards ---> TOURGUIDESERVICE
getUserRewards ---> TOURGUIDESERVICE
getUserRewards ---> TOURGUIDESERVICE
getUserRewards ---> TOURGUIDESERVICE
getUserRewards ---> TOURGUIDESERVICE
getUserRewards ---> TOURGUIDESERVICE
getUserRewards ---> TOURGUIDESERVICE
getUserRewards ---> TOURGUIDESERVICE
getUserRewards ---> TOURGUIDESERVICE
getUserRewards ---> TOURGUIDESERVICE
getUserRewards ---> TOURGUIDESERVICE
getUserRewards ---> TOURGUIDESERVICE
getUserRewards ---> TOURGUIDESERVICE
getUserRewards ---> TOURGUIDESERVICE
getUserRewards ---> TOURGUIDESERVICE
getUserRewards ---> TOURGUIDESERVICE
getUserRewards ---> TOURGUIDESERVICE
getUserRewards ---> TOURGUIDESERVICE
getUserRewards ---> TOURGUIDESERVICE
getUserRewards ---> TOURGUIDESERVICE
getUserRewards ---> TOURGUIDESERVICE
getUserRewards ---> TOURGUIDESERVICE
getUserRewards ---> TOURGUIDESERVICE
getUserRewards ---> TOURGUIDESERVICE
getUserRewards ---> TOURGUIDESERVICE
getUserRewards ---> TOURGUIDESERVICE
getUserRewards ---> TOURGUIDESERVICE
getUserRewards ---> TOURGUIDESERVICE
getUserRewards ---> TOURGUIDESERVICE
getUserRewards ---> TOURGUIDESERVICE
getUserRewards ---> TOURGUIDESERVICE
getUserRewards ---> TOURGUIDESERVICE
getUserRewards ---> TOURGUIDESERVICE
getUserRewards ---> TOURGUIDESERVICE
getUserRewards ---> TOURGUIDESERVICE
getUserRewards ---> TOURGUIDESERVICE
getUserRewards ---> TOURGUIDESERVICE
getUserRewards ---> TOURGUIDESERVICE
getUserRewards ---> TOURGUIDESERVICE
getUserRewards ---> TOURGUIDESERVICE
getUserRewards ---> TOURGUIDESERVICE
getUserRewards ---> TOURGUIDESERVICE
getUserRewards ---> TOURGUIDESERVICE
getUserRewards ---> TOURGUIDESERVICE
getUserRewards ---> TOURGUIDESERVICE
getUserRewards ---> TOURGUIDESERVICE
getUserRewards ---> TOURGUIDESERVICE
getUserRewards ---> TOURGUIDESERVICE
getUserRewards ---> TOURGUIDESERVICE
getUserRewards ---> TOURGUIDESERVICE
getUserRewards ---> TOURGUIDESERVICE
getUserRewards ---> TOURGUIDESERVICE
getUserRewards ---> TOURGUIDESERVICE
getUserRewards ---> TOURGUIDESERVICE
getUserRewards ---> TOURGUIDESERVICE
getUserRewards ---> TOURGUIDESERVICE
getUserRewards ---> TOURGUIDESERVICE
getUserRewards ---> TOURGUIDESERVICE
getUserRewards ---> TOURGUIDESERVICE
getUserRewards ---> TOURGUIDESERVICE
getUserRewards ---> TOURGUIDESERVICE
getUserRewards ---> TOURGUIDESERVICE
getUserRewards ---> TOURGUIDESERVICE
getUserRewards ---> TOURGUIDESERVICE
getUserRewards ---> TOURGUIDESERVICE
getUserRewards ---> TOURGUIDESERVICE
getUserRewards ---> TOURGUIDESERVICE
getUserRewards ---> TOURGUIDESERVICE
getUserRewards ---> TOURGUIDESERVICE
getUserRewards ---> TOURGUIDESERVICE
getUserRewards ---> TOURGUIDESERVICE
getUserRewards ---> TOURGUIDESERVICE
getUserRewards ---> TOURGUIDESERVICE
getUserRewards ---> TOURGUIDESERVICE
getUserRewards ---> TOURGUIDESERVICE
getUserRewards ---> TOURGUIDESERVICE
getUserRewards ---> TOURGUIDESERVICE
getUserRewards ---> TOURGUIDESERVICE
getUserRewards ---> TOURGUIDESERVICE
getUserRewards ---> TOURGUIDESERVICE
getUserRewards ---> TOURGUIDESERVICE
getUserRewards ---> TOURGUIDESERVICE
getUserRewards ---> TOURGUIDESERVICE
getUserRewards ---> TOURGUIDESERVICE
getUserRewards ---> TOURGUIDESERVICE
getUserRewards ---> TOURGUIDESERVICE
getUserRewards ---> TOURGUIDESERVICE
getUserRewards ---> TOURGUIDESERVICE
getUserRewards ---> TOURGUIDESERVICE
getUserRewards ---> TOURGUIDESERVICE
getUserRewards ---> TOURGUIDESERVICE
getUserRewards ---> TOURGUIDESERVICE
getUserRewards ---> TOURGUIDESERVICE
getUserRewards ---> TOURGUIDESERVICE
getUserRewards ---> TOURGUIDESERVICE
getUserRewards ---> TOURGUIDESERVICE
getUserRewards ---> TOURGUIDESERVICE
getUserRewards ---> TOURGUIDESERVICE
getUserRewards ---> TOURGUIDESERVICE
getUserRewards ---> TOURGUIDESERVICE
getUserRewards ---> TOURGUIDESERVICE
getUserRewards ---> TOURGUIDESERVICE
getUserRewards ---> TOURGUIDESERVICE
getUserRewards ---> TOURGUIDESERVICE
getUserRewards ---> TOURGUIDESERVICE
getUserRewards ---> TOURGUIDESERVICE
getUserRewards ---> TOURGUIDESERVICE
getUserRewards ---> TOURGUIDESERVICE
getUserRewards ---> TOURGUIDESERVICE
getUserRewards ---> TOURGUIDESERVICE
getUserRewards ---> TOURGUIDESERVICE
getUserRewards ---> TOURGUIDESERVICE
getUserRewards ---> TOURGUIDESERVICE
getUserRewards ---> TOURGUIDESERVICE
getUserRewards ---> TOURGUIDESERVICE
getUserRewards ---> TOURGUIDESERVICE
getUserRewards ---> TOURGUIDESERVICE
getUserRewards ---> TOURGUIDESERVICE
getUserRewards ---> TOURGUIDESERVICE
getUserRewards ---> TOURGUIDESERVICE
getUserRewards ---> TOURGUIDESERVICE
getUserRewards ---> TOURGUIDESERVICE
getUserRewards ---> TOURGUIDESERVICE
getUserRewards ---> TOURGUIDESERVICE
getUserRewards ---> TOURGUIDESERVICE
getUserRewards ---> TOURGUIDESERVICE
getUserRewards ---> TOURGUIDESERVICE
getUserRewards ---> TOURGUIDESERVICE
getUserRewards ---> TOURGUIDESERVICE
getUserRewards ---> TOURGUIDESERVICE
getUserRewards ---> TOURGUIDESERVICE
getUserRewards ---> TOURGUIDESERVICE
getUserRewards ---> TOURGUIDESERVICE
getUserRewards ---> TOURGUIDESERVICE
getUserRewards ---> TOURGUIDESERVICE
getUserRewards ---> TOURGUIDESERVICE
getUserRewards ---> TOURGUIDESERVICE
getUserRewards ---> TOURGUIDESERVICE
getUserRewards ---> TOURGUIDESERVICE
getUserRewards ---> TOURGUIDESERVICE
getUserRewards ---> TOURGUIDESERVICE
getUserRewards ---> TOURGUIDESERVICE
getUserRewards ---> TOURGUIDESERVICE
getUserRewards ---> TOURGUIDESERVICE
getUserRewards ---> TOURGUIDESERVICE
getUserRewards ---> TOURGUIDESERVICE
getUserRewards ---> TOURGUIDESERVICE
getUserRewards ---> TOURGUIDESERVICE
getUserRewards ---> TOURGUIDESERVICE
getUserRewards ---> TOURGUIDESERVICE
getUserRewards ---> TOURGUIDESERVICE
getUserRewards ---> TOURGUIDESERVICE
getUserRewards ---> TOURGUIDESERVICE
getUserRewards ---> TOURGUIDESERVICE
getUserRewards ---> TOURGUIDESERVICE
getUserRewards ---> TOURGUIDESERVICE
getUserRewards ---> TOURGUIDESERVICE
getUserRewards ---> TOURGUIDESERVICE
getUserRewards ---> TOURGUIDESERVICE
getUserRewards ---> TOURGUIDESERVICE
getUserRewards ---> TOURGUIDESERVICE
getUserRewards ---> TOURGUIDESERVICE
getUserRewards ---> TOURGUIDESERVICE
getUserRewards ---> TOURGUIDESERVICE
getUserRewards ---> TOURGUIDESERVICE
getUserRewards ---> TOURGUIDESERVICE
getUserRewards ---> TOURGUIDESERVICE
getUserRewards ---> TOURGUIDESERVICE
getUserRewards ---> TOURGUIDESERVICE
getUserRewards ---> TOURGUIDESERVICE
getUserRewards ---> TOURGUIDESERVICE
getUserRewards ---> TOURGUIDESERVICE
getUserRewards ---> TOURGUIDESERVICE
getUserRewards ---> TOURGUIDESERVICE
getUserRewards ---> TOURGUIDESERVICE
getUserRewards ---> TOURGUIDESERVICE
getUserRewards ---> TOURGUIDESERVICE
getUserRewards ---> TOURGUIDESERVICE
getUserRewards ---> TOURGUIDESERVICE
getUserRewards ---> TOURGUIDESERVICE
getUserRewards ---> TOURGUIDESERVICE
getUserRewards ---> TOURGUIDESERVICE
getUserRewards ---> TOURGUIDESERVICE
getUserRewards ---> TOURGUIDESERVICE
getUserRewards ---> TOURGUIDESERVICE
getUserRewards ---> TOURGUIDESERVICE
getUserRewards ---> TOURGUIDESERVICE
getUserRewards ---> TOURGUIDESERVICE
getUserRewards ---> TOURGUIDESERVICE
getUserRewards ---> TOURGUIDESERVICE
getUserRewards ---> TOURGUIDESERVICE
getUserRewards ---> TOURGUIDESERVICE
getUserRewards ---> TOURGUIDESERVICE
getUserRewards ---> TOURGUIDESERVICE
getUserRewards ---> TOURGUIDESERVICE
getUserRewards ---> TOURGUIDESERVICE
getUserRewards ---> TOURGUIDESERVICE
getUserRewards ---> TOURGUIDESERVICE
getUserRewards ---> TOURGUIDESERVICE
getUserRewards ---> TOURGUIDESERVICE
getUserRewards ---> TOURGUIDESERVICE
getUserRewards ---> TOURGUIDESERVICE
getUserRewards ---> TOURGUIDESERVICE
getUserRewards ---> TOURGUIDESERVICE
getUserRewards ---> TOURGUIDESERVICE
getUserRewards ---> TOURGUIDESERVICE
getUserRewards ---> TOURGUIDESERVICE
getUserRewards ---> TOURGUIDESERVICE
getUserRewards ---> TOURGUIDESERVICE
getUserRewards ---> TOURGUIDESERVICE
getUserRewards ---> TOURGUIDESERVICE
getUserRewards ---> TOURGUIDESERVICE
getUserRewards ---> TOURGUIDESERVICE
getUserRewards ---> TOURGUIDESERVICE
getUserRewards ---> TOURGUIDESERVICE
getUserRewards ---> TOURGUIDESERVICE
getUserRewards ---> TOURGUIDESERVICE
getUserRewards ---> TOURGUIDESERVICE
getUserRewards ---> TOURGUIDESERVICE
getUserRewards ---> TOURGUIDESERVICE
getUserRewards ---> TOURGUIDESERVICE
getUserRewards ---> TOURGUIDESERVICE
getUserRewards ---> TOURGUIDESERVICE
getUserRewards ---> TOURGUIDESERVICE
getUserRewards ---> TOURGUIDESERVICE
getUserRewards ---> TOURGUIDESERVICE
getUserRewards ---> TOURGUIDESERVICE
getUserRewards ---> TOURGUIDESERVICE
getUserRewards ---> TOURGUIDESERVICE
getUserRewards ---> TOURGUIDESERVICE
getUserRewards ---> TOURGUIDESERVICE
getUserRewards ---> TOURGUIDESERVICE
getUserRewards ---> TOURGUIDESERVICE
getUserRewards ---> TOURGUIDESERVICE
getUserRewards ---> TOURGUIDESERVICE
getUserRewards ---> TOURGUIDESERVICE
getUserRewards ---> TOURGUIDESERVICE
getUserRewards ---> TOURGUIDESERVICE
getUserRewards ---> TOURGUIDESERVICE
getUserRewards ---> TOURGUIDESERVICE
getUserRewards ---> TOURGUIDESERVICE
getUserRewards ---> TOURGUIDESERVICE
getUserRewards ---> TOURGUIDESERVICE
getUserRewards ---> TOURGUIDESERVICE
getUserRewards ---> TOURGUIDESERVICE
getUserRewards ---> TOURGUIDESERVICE
getUserRewards ---> TOURGUIDESERVICE
getUserRewards ---> TOURGUIDESERVICE
getUserRewards ---> TOURGUIDESERVICE
getUserRewards ---> TOURGUIDESERVICE
getUserRewards ---> TOURGUIDESERVICE
getUserRewards ---> TOURGUIDESERVICE
getUserRewards ---> TOURGUIDESERVICE
getUserRewards ---> TOURGUIDESERVICE
getUserRewards ---> TOURGUIDESERVICE
getUserRewards ---> TOURGUIDESERVICE
getUserRewards ---> TOURGUIDESERVICE
getUserRewards ---> TOURGUIDESERVICE
getUserRewards ---> TOURGUIDESERVICE
getUserRewards ---> TOURGUIDESERVICE
getUserRewards ---> TOURGUIDESERVICE
getUserRewards ---> TOURGUIDESERVICE
getUserRewards ---> TOURGUIDESERVICE
getUserRewards ---> TOURGUIDESERVICE
getUserRewards ---> TOURGUIDESERVICE
getUserRewards ---> TOURGUIDESERVICE
getUserRewards ---> TOURGUIDESERVICE
getUserRewards ---> TOURGUIDESERVICE
getUserRewards ---> TOURGUIDESERVICE
getUserRewards ---> TOURGUIDESERVICE
getUserRewards ---> TOURGUIDESERVICE
getUserRewards ---> TOURGUIDESERVICE
getUserRewards ---> TOURGUIDESERVICE
getUserRewards ---> TOURGUIDESERVICE
getUserRewards ---> TOURGUIDESERVICE
getUserRewards ---> TOURGUIDESERVICE
getUserRewards ---> TOURGUIDESERVICE
getUserRewards ---> TOURGUIDESERVICE
getUserRewards ---> TOURGUIDESERVICE
getUserRewards ---> TOURGUIDESERVICE
getUserRewards ---> TOURGUIDESERVICE
getUserRewards ---> TOURGUIDESERVICE
getUserRewards ---> TOURGUIDESERVICE
getUserRewards ---> TOURGUIDESERVICE
getUserRewards ---> TOURGUIDESERVICE
getUserRewards ---> TOURGUIDESERVICE
getUserRewards ---> TOURGUIDESERVICE
getUserRewards ---> TOURGUIDESERVICE
getUserRewards ---> TOURGUIDESERVICE
getUserRewards ---> TOURGUIDESERVICE
getUserRewards ---> TOURGUIDESERVICE
getUserRewards ---> TOURGUIDESERVICE
getUserRewards ---> TOURGUIDESERVICE
getUserRewards ---> TOURGUIDESERVICE
getUserRewards ---> TOURGUIDESERVICE
getUserRewards ---> TOURGUIDESERVICE
getUserRewards ---> TOURGUIDESERVICE
getUserRewards ---> TOURGUIDESERVICE
getUserRewards ---> TOURGUIDESERVICE
getUserRewards ---> TOURGUIDESERVICE
getUserRewards ---> TOURGUIDESERVICE
getUserRewards ---> TOURGUIDESERVICE
getUserRewards ---> TOURGUIDESERVICE
getUserRewards ---> TOURGUIDESERVICE
getUserRewards ---> TOURGUIDESERVICE
getUserRewards ---> TOURGUIDESERVICE
getUserRewards ---> TOURGUIDESERVICE
getUserRewards ---> TOURGUIDESERVICE
getUserRewards ---> TOURGUIDESERVICE
getUserRewards ---> TOURGUIDESERVICE
getUserRewards ---> TOURGUIDESERVICE
getUserRewards ---> TOURGUIDESERVICE
getUserRewards ---> TOURGUIDESERVICE
getUserRewards ---> TOURGUIDESERVICE
getUserRewards ---> TOURGUIDESERVICE
getUserRewards ---> TOURGUIDESERVICE
getUserRewards ---> TOURGUIDESERVICE
getUserRewards ---> TOURGUIDESERVICE
getUserRewards ---> TOURGUIDESERVICE
getUserRewards ---> TOURGUIDESERVICE
getUserRewards ---> TOURGUIDESERVICE
getUserRewards ---> TOURGUIDESERVICE
getUserRewards ---> TOURGUIDESERVICE
getUserRewards ---> TOURGUIDESERVICE
getUserRewards ---> TOURGUIDESERVICE
getUserRewards ---> TOURGUIDESERVICE
getUserRewards ---> TOURGUIDESERVICE
getUserRewards ---> TOURGUIDESERVICE
getUserRewards ---> TOURGUIDESERVICE
getUserRewards ---> TOURGUIDESERVICE
getUserRewards ---> TOURGUIDESERVICE
getUserRewards ---> TOURGUIDESERVICE
getUserRewards ---> TOURGUIDESERVICE
getUserRewards ---> TOURGUIDESERVICE
getUserRewards ---> TOURGUIDESERVICE
getUserRewards ---> TOURGUIDESERVICE
getUserRewards ---> TOURGUIDESERVICE
getUserRewards ---> TOURGUIDESERVICE
getUserRewards ---> TOURGUIDESERVICE
getUserRewards ---> TOURGUIDESERVICE
getUserRewards ---> TOURGUIDESERVICE
getUserRewards ---> TOURGUIDESERVICE
getUserRewards ---> TOURGUIDESERVICE
getUserRewards ---> TOURGUIDESERVICE
getUserRewards ---> TOURGUIDESERVICE
getUserRewards ---> TOURGUIDESERVICE
getUserRewards ---> TOURGUIDESERVICE
getUserRewards ---> TOURGUIDESERVICE
getUserRewards ---> TOURGUIDESERVICE
getUserRewards ---> TOURGUIDESERVICE
getUserRewards ---> TOURGUIDESERVICE
getUserRewards ---> TOURGUIDESERVICE
getUserRewards ---> TOURGUIDESERVICE
getUserRewards ---> TOURGUIDESERVICE
getUserRewards ---> TOURGUIDESERVICE
getUserRewards ---> TOURGUIDESERVICE
getUserRewards ---> TOURGUIDESERVICE
getUserRewards ---> TOURGUIDESERVICE
getUserRewards ---> TOURGUIDESERVICE
getUserRewards ---> TOURGUIDESERVICE
getUserRewards ---> TOURGUIDESERVICE
getUserRewards ---> TOURGUIDESERVICE
getUserRewards ---> TOURGUIDESERVICE
getUserRewards ---> TOURGUIDESERVICE
getUserRewards ---> TOURGUIDESERVICE
getUserRewards ---> TOURGUIDESERVICE
getUserRewards ---> TOURGUIDESERVICE
getUserRewards ---> TOURGUIDESERVICE
getUserRewards ---> TOURGUIDESERVICE
getUserRewards ---> TOURGUIDESERVICE
getUserRewards ---> TOURGUIDESERVICE
getUserRewards ---> TOURGUIDESERVICE
getUserRewards ---> TOURGUIDESERVICE
getUserRewards ---> TOURGUIDESERVICE
getUserRewards ---> TOURGUIDESERVICE
getUserRewards ---> TOURGUIDESERVICE
getUserRewards ---> TOURGUIDESERVICE
getUserRewards ---> TOURGUIDESERVICE
getUserRewards ---> TOURGUIDESERVICE
getUserRewards ---> TOURGUIDESERVICE
getUserRewards ---> TOURGUIDESERVICE
getUserRewards ---> TOURGUIDESERVICE
getUserRewards ---> TOURGUIDESERVICE
getUserRewards ---> TOURGUIDESERVICE
getUserRewards ---> TOURGUIDESERVICE
getUserRewards ---> TOURGUIDESERVICE
getUserRewards ---> TOURGUIDESERVICE
getUserRewards ---> TOURGUIDESERVICE
getUserRewards ---> TOURGUIDESERVICE
getUserRewards ---> TOURGUIDESERVICE
getUserRewards ---> TOURGUIDESERVICE
getUserRewards ---> TOURGUIDESERVICE
getUserRewards ---> TOURGUIDESERVICE
getUserRewards ---> TOURGUIDESERVICE
getUserRewards ---> TOURGUIDESERVICE
getUserRewards ---> TOURGUIDESERVICE
getUserRewards ---> TOURGUIDESERVICE
getUserRewards ---> TOURGUIDESERVICE
getUserRewards ---> TOURGUIDESERVICE
getUserRewards ---> TOURGUIDESERVICE
getUserRewards ---> TOURGUIDESERVICE
getUserRewards ---> TOURGUIDESERVICE
getUserRewards ---> TOURGUIDESERVICE
getUserRewards ---> TOURGUIDESERVICE
getUserRewards ---> TOURGUIDESERVICE
getUserRewards ---> TOURGUIDESERVICE
getUserRewards ---> TOURGUIDESERVICE
getUserRewards ---> TOURGUIDESERVICE
getUserRewards ---> TOURGUIDESERVICE
getUserRewards ---> TOURGUIDESERVICE
getUserRewards ---> TOURGUIDESERVICE
getUserRewards ---> TOURGUIDESERVICE
getUserRewards ---> TOURGUIDESERVICE
getUserRewards ---> TOURGUIDESERVICE
getUserRewards ---> TOURGUIDESERVICE
getUserRewards ---> TOURGUIDESERVICE
getUserRewards ---> TOURGUIDESERVICE
getUserRewards ---> TOURGUIDESERVICE
getUserRewards ---> TOURGUIDESERVICE
getUserRewards ---> TOURGUIDESERVICE
getUserRewards ---> TOURGUIDESERVICE
getUserRewards ---> TOURGUIDESERVICE
getUserRewards ---> TOURGUIDESERVICE
getUserRewards ---> TOURGUIDESERVICE
getUserRewards ---> TOURGUIDESERVICE
getUserRewards ---> TOURGUIDESERVICE
getUserRewards ---> TOURGUIDESERVICE
getUserRewards ---> TOURGUIDESERVICE
getUserRewards ---> TOURGUIDESERVICE
getUserRewards ---> TOURGUIDESERVICE
getUserRewards ---> TOURGUIDESERVICE
getUserRewards ---> TOURGUIDESERVICE
getUserRewards ---> TOURGUIDESERVICE
getUserRewards ---> TOURGUIDESERVICE
getUserRewards ---> TOURGUIDESERVICE
getUserRewards ---> TOURGUIDESERVICE
getUserRewards ---> TOURGUIDESERVICE
getUserRewards ---> TOURGUIDESERVICE
getUserRewards ---> TOURGUIDESERVICE
getUserRewards ---> TOURGUIDESERVICE
getUserRewards ---> TOURGUIDESERVICE
getUserRewards ---> TOURGUIDESERVICE
getUserRewards ---> TOURGUIDESERVICE
getUserRewards ---> TOURGUIDESERVICE
getUserRewards ---> TOURGUIDESERVICE
getUserRewards ---> TOURGUIDESERVICE
getUserRewards ---> TOURGUIDESERVICE
getUserRewards ---> TOURGUIDESERVICE
getUserRewards ---> TOURGUIDESERVICE
getUserRewards ---> TOURGUIDESERVICE
getUserRewards ---> TOURGUIDESERVICE
getUserRewards ---> TOURGUIDESERVICE
getUserRewards ---> TOURGUIDESERVICE
getUserRewards ---> TOURGUIDESERVICE
getUserRewards ---> TOURGUIDESERVICE
getUserRewards ---> TOURGUIDESERVICE
getUserRewards ---> TOURGUIDESERVICE
getUserRewards ---> TOURGUIDESERVICE
getUserRewards ---> TOURGUIDESERVICE
getUserRewards ---> TOURGUIDESERVICE
getUserRewards ---> TOURGUIDESERVICE
getUserRewards ---> TOURGUIDESERVICE
getUserRewards ---> TOURGUIDESERVICE
getUserRewards ---> TOURGUIDESERVICE
getUserRewards ---> TOURGUIDESERVICE
getUserRewards ---> TOURGUIDESERVICE
getUserRewards ---> TOURGUIDESERVICE
getUserRewards ---> TOURGUIDESERVICE
getUserRewards ---> TOURGUIDESERVICE
getUserRewards ---> TOURGUIDESERVICE
getUserRewards ---> TOURGUIDESERVICE
getUserRewards ---> TOURGUIDESERVICE
getUserRewards ---> TOURGUIDESERVICE
getUserRewards ---> TOURGUIDESERVICE
getUserRewards ---> TOURGUIDESERVICE
getUserRewards ---> TOURGUIDESERVICE
getUserRewards ---> TOURGUIDESERVICE
getUserRewards ---> TOURGUIDESERVICE
getUserRewards ---> TOURGUIDESERVICE
getUserRewards ---> TOURGUIDESERVICE
getUserRewards ---> TOURGUIDESERVICE
getUserRewards ---> TOURGUIDESERVICE
getUserRewards ---> TOURGUIDESERVICE
getUserRewards ---> TOURGUIDESERVICE
getUserRewards ---> TOURGUIDESERVICE
getUserRewards ---> TOURGUIDESERVICE
getUserRewards ---> TOURGUIDESERVICE
getUserRewards ---> TOURGUIDESERVICE
getUserRewards ---> TOURGUIDESERVICE
getUserRewards ---> TOURGUIDESERVICE
getUserRewards ---> TOURGUIDESERVICE
getUserRewards ---> TOURGUIDESERVICE
getUserRewards ---> TOURGUIDESERVICE
getUserRewards ---> TOURGUIDESERVICE
getUserRewards ---> TOURGUIDESERVICE
getUserRewards ---> TOURGUIDESERVICE
getUserRewards ---> TOURGUIDESERVICE
getUserRewards ---> TOURGUIDESERVICE
getUserRewards ---> TOURGUIDESERVICE
getUserRewards ---> TOURGUIDESERVICE
getUserRewards ---> TOURGUIDESERVICE
getUserRewards ---> TOURGUIDESERVICE
getUserRewards ---> TOURGUIDESERVICE
getUserRewards ---> TOURGUIDESERVICE
getUserRewards ---> TOURGUIDESERVICE
getUserRewards ---> TOURGUIDESERVICE
getUserRewards ---> TOURGUIDESERVICE
getUserRewards ---> TOURGUIDESERVICE
getUserRewards ---> TOURGUIDESERVICE
getUserRewards ---> TOURGUIDESERVICE
getUserRewards ---> TOURGUIDESERVICE
getUserRewards ---> TOURGUIDESERVICE
getUserRewards ---> TOURGUIDESERVICE
getUserRewards ---> TOURGUIDESERVICE
getUserRewards ---> TOURGUIDESERVICE
getUserRewards ---> TOURGUIDESERVICE
getUserRewards ---> TOURGUIDESERVICE
getUserRewards ---> TOURGUIDESERVICE
getUserRewards ---> TOURGUIDESERVICE
getUserRewards ---> TOURGUIDESERVICE
getUserRewards ---> TOURGUIDESERVICE
getUserRewards ---> TOURGUIDESERVICE
getUserRewards ---> TOURGUIDESERVICE
getUserRewards ---> TOURGUIDESERVICE
getUserRewards ---> TOURGUIDESERVICE
getUserRewards ---> TOURGUIDESERVICE
getUserRewards ---> TOURGUIDESERVICE
getUserRewards ---> TOURGUIDESERVICE
getUserRewards ---> TOURGUIDESERVICE
getUserRewards ---> TOURGUIDESERVICE
getUserRewards ---> TOURGUIDESERVICE
getUserRewards ---> TOURGUIDESERVICE
getUserRewards ---> TOURGUIDESERVICE
getUserRewards ---> TOURGUIDESERVICE
getUserRewards ---> TOURGUIDESERVICE
getUserRewards ---> TOURGUIDESERVICE
getUserRewards ---> TOURGUIDESERVICE
getUserRewards ---> TOURGUIDESERVICE
getUserRewards ---> TOURGUIDESERVICE
getUserRewards ---> TOURGUIDESERVICE
getUserRewards ---> TOURGUIDESERVICE
getUserRewards ---> TOURGUIDESERVICE
getUserRewards ---> TOURGUIDESERVICE
getUserRewards ---> TOURGUIDESERVICE
getUserRewards ---> TOURGUIDESERVICE
getUserRewards ---> TOURGUIDESERVICE
getUserRewards ---> TOURGUIDESERVICE
getUserRewards ---> TOURGUIDESERVICE
getUserRewards ---> TOURGUIDESERVICE
getUserRewards ---> TOURGUIDESERVICE
getUserRewards ---> TOURGUIDESERVICE
getUserRewards ---> TOURGUIDESERVICE
getUserRewards ---> TOURGUIDESERVICE
getUserRewards ---> TOURGUIDESERVICE
getUserRewards ---> TOURGUIDESERVICE
getUserRewards ---> TOURGUIDESERVICE
getUserRewards ---> TOURGUIDESERVICE
getUserRewards ---> TOURGUIDESERVICE
getUserRewards ---> TOURGUIDESERVICE
getUserRewards ---> TOURGUIDESERVICE
getUserRewards ---> TOURGUIDESERVICE
getUserRewards ---> TOURGUIDESERVICE
getUserRewards ---> TOURGUIDESERVICE
getUserRewards ---> TOURGUIDESERVICE
getUserRewards ---> TOURGUIDESERVICE
getUserRewards ---> TOURGUIDESERVICE
getUserRewards ---> TOURGUIDESERVICE
getUserRewards ---> TOURGUIDESERVICE
getUserRewards ---> TOURGUIDESERVICE
getUserRewards ---> TOURGUIDESERVICE
getUserRewards ---> TOURGUIDESERVICE
getUserRewards ---> TOURGUIDESERVICE
getUserRewards ---> TOURGUIDESERVICE
getUserRewards ---> TOURGUIDESERVICE
getUserRewards ---> TOURGUIDESERVICE
getUserRewards ---> TOURGUIDESERVICE
getUserRewards ---> TOURGUIDESERVICE
getUserRewards ---> TOURGUIDESERVICE
getUserRewards ---> TOURGUIDESERVICE
getUserRewards ---> TOURGUIDESERVICE
getUserRewards ---> TOURGUIDESERVICE
getUserRewards ---> TOURGUIDESERVICE
getUserRewards ---> TOURGUIDESERVICE
getUserRewards ---> TOURGUIDESERVICE
getUserRewards ---> TOURGUIDESERVICE
getUserRewards ---> TOURGUIDESERVICE
getUserRewards ---> TOURGUIDESERVICE
getUserRewards ---> TOURGUIDESERVICE
getUserRewards ---> TOURGUIDESERVICE
getUserRewards ---> TOURGUIDESERVICE
getUserRewards ---> TOURGUIDESERVICE
getUserRewards ---> TOURGUIDESERVICE
getUserRewards ---> TOURGUIDESERVICE
getUserRewards ---> TOURGUIDESERVICE
getUserRewards ---> TOURGUIDESERVICE
getUserRewards ---> TOURGUIDESERVICE
getUserRewards ---> TOURGUIDESERVICE
getUserRewards ---> TOURGUIDESERVICE
getUserRewards ---> TOURGUIDESERVICE
getUserRewards ---> TOURGUIDESERVICE
getUserRewards ---> TOURGUIDESERVICE
getUserRewards ---> TOURGUIDESERVICE
getUserRewards ---> TOURGUIDESERVICE
getUserRewards ---> TOURGUIDESERVICE
getUserRewards ---> TOURGUIDESERVICE
getUserRewards ---> TOURGUIDESERVICE
getUserRewards ---> TOURGUIDESERVICE
getUserRewards ---> TOURGUIDESERVICE
getUserRewards ---> TOURGUIDESERVICE
getUserRewards ---> TOURGUIDESERVICE
getUserRewards ---> TOURGUIDESERVICE
getUserRewards ---> TOURGUIDESERVICE
getUserRewards ---> TOURGUIDESERVICE
getUserRewards ---> TOURGUIDESERVICE
getUserRewards ---> TOURGUIDESERVICE
getUserRewards ---> TOURGUIDESERVICE
getUserRewards ---> TOURGUIDESERVICE
getUserRewards ---> TOURGUIDESERVICE
getUserRewards ---> TOURGUIDESERVICE
getUserRewards ---> TOURGUIDESERVICE
getUserRewards ---> TOURGUIDESERVICE
getUserRewards ---> TOURGUIDESERVICE
getUserRewards ---> TOURGUIDESERVICE
getUserRewards ---> TOURGUIDESERVICE
getUserRewards ---> TOURGUIDESERVICE
getUserRewards ---> TOURGUIDESERVICE
getUserRewards ---> TOURGUIDESERVICE
getUserRewards ---> TOURGUIDESERVICE
getUserRewards ---> TOURGUIDESERVICE
getUserRewards ---> TOURGUIDESERVICE
getUserRewards ---> TOURGUIDESERVICE
getUserRewards ---> TOURGUIDESERVICE
getUserRewards ---> TOURGUIDESERVICE
getUserRewards ---> TOURGUIDESERVICE
getUserRewards ---> TOURGUIDESERVICE
getUserRewards ---> TOURGUIDESERVICE
getUserRewards ---> TOURGUIDESERVICE
getUserRewards ---> TOURGUIDESERVICE
getUserRewards ---> TOURGUIDESERVICE
getUserRewards ---> TOURGUIDESERVICE
getUserRewards ---> TOURGUIDESERVICE
getUserRewards ---> TOURGUIDESERVICE
getUserRewards ---> TOURGUIDESERVICE
getUserRewards ---> TOURGUIDESERVICE
getUserRewards ---> TOURGUIDESERVICE
getUserRewards ---> TOURGUIDESERVICE
getUserRewards ---> TOURGUIDESERVICE
getUserRewards ---> TOURGUIDESERVICE
getUserRewards ---> TOURGUIDESERVICE
getUserRewards ---> TOURGUIDESERVICE
getUserRewards ---> TOURGUIDESERVICE
getUserRewards ---> TOURGUIDESERVICE
getUserRewards ---> TOURGUIDESERVICE
getUserRewards ---> TOURGUIDESERVICE
getUserRewards ---> TOURGUIDESERVICE
getUserRewards ---> TOURGUIDESERVICE
getUserRewards ---> TOURGUIDESERVICE
getUserRewards ---> TOURGUIDESERVICE
getUserRewards ---> TOURGUIDESERVICE
getUserRewards ---> TOURGUIDESERVICE
getUserRewards ---> TOURGUIDESERVICE
getUserRewards ---> TOURGUIDESERVICE
getUserRewards ---> TOURGUIDESERVICE
getUserRewards ---> TOURGUIDESERVICE
getUserRewards ---> TOURGUIDESERVICE
getUserRewards ---> TOURGUIDESERVICE
getUserRewards ---> TOURGUIDESERVICE
getUserRewards ---> TOURGUIDESERVICE
getUserRewards ---> TOURGUIDESERVICE
getUserRewards ---> TOURGUIDESERVICE
getUserRewards ---> TOURGUIDESERVICE
getUserRewards ---> TOURGUIDESERVICE
getUserRewards ---> TOURGUIDESERVICE
getUserRewards ---> TOURGUIDESERVICE
getUserRewards ---> TOURGUIDESERVICE
getUserRewards ---> TOURGUIDESERVICE
getUserRewards ---> TOURGUIDESERVICE
getUserRewards ---> TOURGUIDESERVICE
getUserRewards ---> TOURGUIDESERVICE
getUserRewards ---> TOURGUIDESERVICE
getUserRewards ---> TOURGUIDESERVICE
getUserRewards ---> TOURGUIDESERVICE
getUserRewards ---> TOURGUIDESERVICE
getUserRewards ---> TOURGUIDESERVICE
getUserRewards ---> TOURGUIDESERVICE
getUserRewards ---> TOURGUIDESERVICE
getUserRewards ---> TOURGUIDESERVICE
getUserRewards ---> TOURGUIDESERVICE
getUserRewards ---> TOURGUIDESERVICE
getUserRewards ---> TOURGUIDESERVICE
getUserRewards ---> TOURGUIDESERVICE
getUserRewards ---> TOURGUIDESERVICE
getUserRewards ---> TOURGUIDESERVICE
getUserRewards ---> TOURGUIDESERVICE
getUserRewards ---> TOURGUIDESERVICE
getUserRewards ---> TOURGUIDESERVICE
getUserRewards ---> TOURGUIDESERVICE
getUserRewards ---> TOURGUIDESERVICE
getUserRewards ---> TOURGUIDESERVICE
getUserRewards ---> TOURGUIDESERVICE
getUserRewards ---> TOURGUIDESERVICE
getUserRewards ---> TOURGUIDESERVICE
getUserRewards ---> TOURGUIDESERVICE
getUserRewards ---> TOURGUIDESERVICE
getUserRewards ---> TOURGUIDESERVICE
getUserRewards ---> TOURGUIDESERVICE
getUserRewards ---> TOURGUIDESERVICE
getUserRewards ---> TOURGUIDESERVICE
getUserRewards ---> TOURGUIDESERVICE
getUserRewards ---> TOURGUIDESERVICE
getUserRewards ---> TOURGUIDESERVICE
getUserRewards ---> TOURGUIDESERVICE
getUserRewards ---> TOURGUIDESERVICE
getUserRewards ---> TOURGUIDESERVICE
getUserRewards ---> TOURGUIDESERVICE
getUserRewards ---> TOURGUIDESERVICE
getUserRewards ---> TOURGUIDESERVICE
getUserRewards ---> TOURGUIDESERVICE
getUserRewards ---> TOURGUIDESERVICE
getUserRewards ---> TOURGUIDESERVICE
getUserRewards ---> TOURGUIDESERVICE
getUserRewards ---> TOURGUIDESERVICE
getUserRewards ---> TOURGUIDESERVICE
getUserRewards ---> TOURGUIDESERVICE
getUserRewards ---> TOURGUIDESERVICE
getUserRewards ---> TOURGUIDESERVICE
getUserRewards ---> TOURGUIDESERVICE
getUserRewards ---> TOURGUIDESERVICE
getUserRewards ---> TOURGUIDESERVICE
getUserRewards ---> TOURGUIDESERVICE
getUserRewards ---> TOURGUIDESERVICE
getUserRewards ---> TOURGUIDESERVICE
getUserRewards ---> TOURGUIDESERVICE
getUserRewards ---> TOURGUIDESERVICE
getUserRewards ---> TOURGUIDESERVICE
getUserRewards ---> TOURGUIDESERVICE
getUserRewards ---> TOURGUIDESERVICE
getUserRewards ---> TOURGUIDESERVICE
getUserRewards ---> TOURGUIDESERVICE
getUserRewards ---> TOURGUIDESERVICE
getUserRewards ---> TOURGUIDESERVICE
getUserRewards ---> TOURGUIDESERVICE
getUserRewards ---> TOURGUIDESERVICE
getUserRewards ---> TOURGUIDESERVICE
getUserRewards ---> TOURGUIDESERVICE
getUserRewards ---> TOURGUIDESERVICE
getUserRewards ---> TOURGUIDESERVICE
getUserRewards ---> TOURGUIDESERVICE
getUserRewards ---> TOURGUIDESERVICE
getUserRewards ---> TOURGUIDESERVICE
getUserRewards ---> TOURGUIDESERVICE
getUserRewards ---> TOURGUIDESERVICE
getUserRewards ---> TOURGUIDESERVICE
getUserRewards ---> TOURGUIDESERVICE
getUserRewards ---> TOURGUIDESERVICE
getUserRewards ---> TOURGUIDESERVICE
getUserRewards ---> TOURGUIDESERVICE
getUserRewards ---> TOURGUIDESERVICE
getUserRewards ---> TOURGUIDESERVICE
getUserRewards ---> TOURGUIDESERVICE
getUserRewards ---> TOURGUIDESERVICE
getUserRewards ---> TOURGUIDESERVICE
getUserRewards ---> TOURGUIDESERVICE
getUserRewards ---> TOURGUIDESERVICE
getUserRewards ---> TOURGUIDESERVICE
getUserRewards ---> TOURGUIDESERVICE
getUserRewards ---> TOURGUIDESERVICE
getUserRewards ---> TOURGUIDESERVICE
getUserRewards ---> TOURGUIDESERVICE
getUserRewards ---> TOURGUIDESERVICE
getUserRewards ---> TOURGUIDESERVICE
getUserRewards ---> TOURGUIDESERVICE
getUserRewards ---> TOURGUIDESERVICE
getUserRewards ---> TOURGUIDESERVICE
getUserRewards ---> TOURGUIDESERVICE
getUserRewards ---> TOURGUIDESERVICE
getUserRewards ---> TOURGUIDESERVICE
getUserRewards ---> TOURGUIDESERVICE
getUserRewards ---> TOURGUIDESERVICE
getUserRewards ---> TOURGUIDESERVICE
getUserRewards ---> TOURGUIDESERVICE
getUserRewards ---> TOURGUIDESERVICE
getUserRewards ---> TOURGUIDESERVICE
getUserRewards ---> TOURGUIDESERVICE
getUserRewards ---> TOURGUIDESERVICE
getUserRewards ---> TOURGUIDESERVICE
getUserRewards ---> TOURGUIDESERVICE
getUserRewards ---> TOURGUIDESERVICE
getUserRewards ---> TOURGUIDESERVICE
getUserRewards ---> TOURGUIDESERVICE
getUserRewards ---> TOURGUIDESERVICE
getUserRewards ---> TOURGUIDESERVICE
getUserRewards ---> TOURGUIDESERVICE
getUserRewards ---> TOURGUIDESERVICE
getUserRewards ---> TOURGUIDESERVICE
getUserRewards ---> TOURGUIDESERVICE
getUserRewards ---> TOURGUIDESERVICE
getUserRewards ---> TOURGUIDESERVICE
getUserRewards ---> TOURGUIDESERVICE
getUserRewards ---> TOURGUIDESERVICE
getUserRewards ---> TOURGUIDESERVICE
getUserRewards ---> TOURGUIDESERVICE
getUserRewards ---> TOURGUIDESERVICE
getUserRewards ---> TOURGUIDESERVICE
getUserRewards ---> TOURGUIDESERVICE
getUserRewards ---> TOURGUIDESERVICE
getUserRewards ---> TOURGUIDESERVICE
getUserRewards ---> TOURGUIDESERVICE
getUserRewards ---> TOURGUIDESERVICE
getUserRewards ---> TOURGUIDESERVICE
getUserRewards ---> TOURGUIDESERVICE
getUserRewards ---> TOURGUIDESERVICE
getUserRewards ---> TOURGUIDESERVICE
getUserRewards ---> TOURGUIDESERVICE
getUserRewards ---> TOURGUIDESERVICE
getUserRewards ---> TOURGUIDESERVICE
getUserRewards ---> TOURGUIDESERVICE
getUserRewards ---> TOURGUIDESERVICE
getUserRewards ---> TOURGUIDESERVICE
getUserRewards ---> TOURGUIDESERVICE
getUserRewards ---> TOURGUIDESERVICE
getUserRewards ---> TOURGUIDESERVICE
getUserRewards ---> TOURGUIDESERVICE
getUserRewards ---> TOURGUIDESERVICE
getUserRewards ---> TOURGUIDESERVICE
getUserRewards ---> TOURGUIDESERVICE
getUserRewards ---> TOURGUIDESERVICE
getUserRewards ---> TOURGUIDESERVICE
getUserRewards ---> TOURGUIDESERVICE
getUserRewards ---> TOURGUIDESERVICE
getUserRewards ---> TOURGUIDESERVICE
getUserRewards ---> TOURGUIDESERVICE
getUserRewards ---> TOURGUIDESERVICE
getUserRewards ---> TOURGUIDESERVICE
getUserRewards ---> TOURGUIDESERVICE
getUserRewards ---> TOURGUIDESERVICE
getUserRewards ---> TOURGUIDESERVICE
getUserRewards ---> TOURGUIDESERVICE
getUserRewards ---> TOURGUIDESERVICE
getUserRewards ---> TOURGUIDESERVICE
getUserRewards ---> TOURGUIDESERVICE
getUserRewards ---> TOURGUIDESERVICE
getUserRewards ---> TOURGUIDESERVICE
getUserRewards ---> TOURGUIDESERVICE
getUserRewards ---> TOURGUIDESERVICE
getUserRewards ---> TOURGUIDESERVICE
getUserRewards ---> TOURGUIDESERVICE
getUserRewards ---> TOURGUIDESERVICE
getUserRewards ---> TOURGUIDESERVICE
getUserRewards ---> TOURGUIDESERVICE
getUserRewards ---> TOURGUIDESERVICE
getUserRewards ---> TOURGUIDESERVICE
getUserRewards ---> TOURGUIDESERVICE
getUserRewards ---> TOURGUIDESERVICE
getUserRewards ---> TOURGUIDESERVICE
getUserRewards ---> TOURGUIDESERVICE
getUserRewards ---> TOURGUIDESERVICE
getUserRewards ---> TOURGUIDESERVICE
getUserRewards ---> TOURGUIDESERVICE
getUserRewards ---> TOURGUIDESERVICE
getUserRewards ---> TOURGUIDESERVICE
getUserRewards ---> TOURGUIDESERVICE
getUserRewards ---> TOURGUIDESERVICE
getUserRewards ---> TOURGUIDESERVICE
getUserRewards ---> TOURGUIDESERVICE
getUserRewards ---> TOURGUIDESERVICE
getUserRewards ---> TOURGUIDESERVICE
getUserRewards ---> TOURGUIDESERVICE
getUserRewards ---> TOURGUIDESERVICE
getUserRewards ---> TOURGUIDESERVICE
getUserRewards ---> TOURGUIDESERVICE
getUserRewards ---> TOURGUIDESERVICE
getUserRewards ---> TOURGUIDESERVICE
getUserRewards ---> TOURGUIDESERVICE
getUserRewards ---> TOURGUIDESERVICE
getUserRewards ---> TOURGUIDESERVICE
getUserRewards ---> TOURGUIDESERVICE
getUserRewards ---> TOURGUIDESERVICE
getUserRewards ---> TOURGUIDESERVICE
getUserRewards ---> TOURGUIDESERVICE
getUserRewards ---> TOURGUIDESERVICE
getUserRewards ---> TOURGUIDESERVICE
getUserRewards ---> TOURGUIDESERVICE
getUserRewards ---> TOURGUIDESERVICE
getUserRewards ---> TOURGUIDESERVICE
getUserRewards ---> TOURGUIDESERVICE
getUserRewards ---> TOURGUIDESERVICE
getUserRewards ---> TOURGUIDESERVICE
getUserRewards ---> TOURGUIDESERVICE
getUserRewards ---> TOURGUIDESERVICE
getUserRewards ---> TOURGUIDESERVICE
getUserRewards ---> TOURGUIDESERVICE
getUserRewards ---> TOURGUIDESERVICE
getUserRewards ---> TOURGUIDESERVICE
getUserRewards ---> TOURGUIDESERVICE
getUserRewards ---> TOURGUIDESERVICE
getUserRewards ---> TOURGUIDESERVICE
getUserRewards ---> TOURGUIDESERVICE
getUserRewards ---> TOURGUIDESERVICE
getUserRewards ---> TOURGUIDESERVICE
getUserRewards ---> TOURGUIDESERVICE
getUserRewards ---> TOURGUIDESERVICE
getUserRewards ---> TOURGUIDESERVICE
getUserRewards ---> TOURGUIDESERVICE
getUserRewards ---> TOURGUIDESERVICE
getUserRewards ---> TOURGUIDESERVICE
getUserRewards ---> TOURGUIDESERVICE
getUserRewards ---> TOURGUIDESERVICE
getUserRewards ---> TOURGUIDESERVICE
getUserRewards ---> TOURGUIDESERVICE
getUserRewards ---> TOURGUIDESERVICE
getUserRewards ---> TOURGUIDESERVICE
getUserRewards ---> TOURGUIDESERVICE
getUserRewards ---> TOURGUIDESERVICE
getUserRewards ---> TOURGUIDESERVICE
getUserRewards ---> TOURGUIDESERVICE
getUserRewards ---> TOURGUIDESERVICE
getUserRewards ---> TOURGUIDESERVICE
getUserRewards ---> TOURGUIDESERVICE
getUserRewards ---> TOURGUIDESERVICE
getUserRewards ---> TOURGUIDESERVICE
getUserRewards ---> TOURGUIDESERVICE
getUserRewards ---> TOURGUIDESERVICE
getUserRewards ---> TOURGUIDESERVICE
getUserRewards ---> TOURGUIDESERVICE
getUserRewards ---> TOURGUIDESERVICE
getUserRewards ---> TOURGUIDESERVICE
getUserRewards ---> TOURGUIDESERVICE
getUserRewards ---> TOURGUIDESERVICE
getUserRewards ---> TOURGUIDESERVICE
getUserRewards ---> TOURGUIDESERVICE
getUserRewards ---> TOURGUIDESERVICE
getUserRewards ---> TOURGUIDESERVICE
getUserRewards ---> TOURGUIDESERVICE
getUserRewards ---> TOURGUIDESERVICE
getUserRewards ---> TOURGUIDESERVICE
getUserRewards ---> TOURGUIDESERVICE
getUserRewards ---> TOURGUIDESERVICE
getUserRewards ---> TOURGUIDESERVICE
getUserRewards ---> TOURGUIDESERVICE
getUserRewards ---> TOURGUIDESERVICE
getUserRewards ---> TOURGUIDESERVICE
getUserRewards ---> TOURGUIDESERVICE
getUserRewards ---> TOURGUIDESERVICE
getUserRewards ---> TOURGUIDESERVICE
getUserRewards ---> TOURGUIDESERVICE
getUserRewards ---> TOURGUIDESERVICE
getUserRewards ---> TOURGUIDESERVICE
getUserRewards ---> TOURGUIDESERVICE
getUserRewards ---> TOURGUIDESERVICE
getUserRewards ---> TOURGUIDESERVICE
getUserRewards ---> TOURGUIDESERVICE
getUserRewards ---> TOURGUIDESERVICE
getUserRewards ---> TOURGUIDESERVICE
getUserRewards ---> TOURGUIDESERVICE
getUserRewards ---> TOURGUIDESERVICE
getUserRewards ---> TOURGUIDESERVICE
getUserRewards ---> TOURGUIDESERVICE
getUserRewards ---> TOURGUIDESERVICE
getUserRewards ---> TOURGUIDESERVICE
getUserRewards ---> TOURGUIDESERVICE
getUserRewards ---> TOURGUIDESERVICE
getUserRewards ---> TOURGUIDESERVICE
getUserRewards ---> TOURGUIDESERVICE
getUserRewards ---> TOURGUIDESERVICE
getUserRewards ---> TOURGUIDESERVICE
getUserRewards ---> TOURGUIDESERVICE
getUserRewards ---> TOURGUIDESERVICE
getUserRewards ---> TOURGUIDESERVICE
getUserRewards ---> TOURGUIDESERVICE
getUserRewards ---> TOURGUIDESERVICE
getUserRewards ---> TOURGUIDESERVICE
getUserRewards ---> TOURGUIDESERVICE
getUserRewards ---> TOURGUIDESERVICE
getUserRewards ---> TOURGUIDESERVICE
getUserRewards ---> TOURGUIDESERVICE
getUserRewards ---> TOURGUIDESERVICE
getUserRewards ---> TOURGUIDESERVICE
getUserRewards ---> TOURGUIDESERVICE
getUserRewards ---> TOURGUIDESERVICE
getUserRewards ---> TOURGUIDESERVICE
getUserRewards ---> TOURGUIDESERVICE
getUserRewards ---> TOURGUIDESERVICE
getUserRewards ---> TOURGUIDESERVICE
getUserRewards ---> TOURGUIDESERVICE
getUserRewards ---> TOURGUIDESERVICE
getUserRewards ---> TOURGUIDESERVICE
getUserRewards ---> TOURGUIDESERVICE
getUserRewards ---> TOURGUIDESERVICE
getUserRewards ---> TOURGUIDESERVICE
getUserRewards ---> TOURGUIDESERVICE
getUserRewards ---> TOURGUIDESERVICE
getUserRewards ---> TOURGUIDESERVICE
getUserRewards ---> TOURGUIDESERVICE
getUserRewards ---> TOURGUIDESERVICE
getUserRewards ---> TOURGUIDESERVICE
getUserRewards ---> TOURGUIDESERVICE
getUserRewards ---> TOURGUIDESERVICE
getUserRewards ---> TOURGUIDESERVICE
getUserRewards ---> TOURGUIDESERVICE
getUserRewards ---> TOURGUIDESERVICE
getUserRewards ---> TOURGUIDESERVICE
getUserRewards ---> TOURGUIDESERVICE
getUserRewards ---> TOURGUIDESERVICE
getUserRewards ---> TOURGUIDESERVICE
getUserRewards ---> TOURGUIDESERVICE
getUserRewards ---> TOURGUIDESERVICE
getUserRewards ---> TOURGUIDESERVICE
getUserRewards ---> TOURGUIDESERVICE
getUserRewards ---> TOURGUIDESERVICE
getUserRewards ---> TOURGUIDESERVICE
getUserRewards ---> TOURGUIDESERVICE
getUserRewards ---> TOURGUIDESERVICE
getUserRewards ---> TOURGUIDESERVICE
getUserRewards ---> TOURGUIDESERVICE
getUserRewards ---> TOURGUIDESERVICE
getUserRewards ---> TOURGUIDESERVICE
getUserRewards ---> TOURGUIDESERVICE
getUserRewards ---> TOURGUIDESERVICE
getUserRewards ---> TOURGUIDESERVICE
getUserRewards ---> TOURGUIDESERVICE
getUserRewards ---> TOURGUIDESERVICE
getUserRewards ---> TOURGUIDESERVICE
getUserRewards ---> TOURGUIDESERVICE
getUserRewards ---> TOURGUIDESERVICE
getUserRewards ---> TOURGUIDESERVICE
getUserRewards ---> TOURGUIDESERVICE
getUserRewards ---> TOURGUIDESERVICE
getUserRewards ---> TOURGUIDESERVICE
getUserRewards ---> TOURGUIDESERVICE
getUserRewards ---> TOURGUIDESERVICE
getUserRewards ---> TOURGUIDESERVICE
getUserRewards ---> TOURGUIDESERVICE
getUserRewards ---> TOURGUIDESERVICE
getUserRewards ---> TOURGUIDESERVICE
getUserRewards ---> TOURGUIDESERVICE
getUserRewards ---> TOURGUIDESERVICE
getUserRewards ---> TOURGUIDESERVICE
getUserRewards ---> TOURGUIDESERVICE
getUserRewards ---> TOURGUIDESERVICE
getUserRewards ---> TOURGUIDESERVICE
getUserRewards ---> TOURGUIDESERVICE
getUserRewards ---> TOURGUIDESERVICE
getUserRewards ---> TOURGUIDESERVICE
getUserRewards ---> TOURGUIDESERVICE
getUserRewards ---> TOURGUIDESERVICE
getUserRewards ---> TOURGUIDESERVICE
getUserRewards ---> TOURGUIDESERVICE
getUserRewards ---> TOURGUIDESERVICE
getUserRewards ---> TOURGUIDESERVICE
getUserRewards ---> TOURGUIDESERVICE
getUserRewards ---> TOURGUIDESERVICE
getUserRewards ---> TOURGUIDESERVICE
getUserRewards ---> TOURGUIDESERVICE
getUserRewards ---> TOURGUIDESERVICE
getUserRewards ---> TOURGUIDESERVICE
getUserRewards ---> TOURGUIDESERVICE
getUserRewards ---> TOURGUIDESERVICE
getUserRewards ---> TOURGUIDESERVICE
getUserRewards ---> TOURGUIDESERVICE
getUserRewards ---> TOURGUIDESERVICE
getUserRewards ---> TOURGUIDESERVICE
getUserRewards ---> TOURGUIDESERVICE
getUserRewards ---> TOURGUIDESERVICE
getUserRewards ---> TOURGUIDESERVICE
getUserRewards ---> TOURGUIDESERVICE
getUserRewards ---> TOURGUIDESERVICE
getUserRewards ---> TOURGUIDESERVICE
getUserRewards ---> TOURGUIDESERVICE
getUserRewards ---> TOURGUIDESERVICE
getUserRewards ---> TOURGUIDESERVICE
getUserRewards ---> TOURGUIDESERVICE
getUserRewards ---> TOURGUIDESERVICE
getUserRewards ---> TOURGUIDESERVICE
getUserRewards ---> TOURGUIDESERVICE
getUserRewards ---> TOURGUIDESERVICE
getUserRewards ---> TOURGUIDESERVICE
getUserRewards ---> TOURGUIDESERVICE
getUserRewards ---> TOURGUIDESERVICE
getUserRewards ---> TOURGUIDESERVICE
getUserRewards ---> TOURGUIDESERVICE
getUserRewards ---> TOURGUIDESERVICE
getUserRewards ---> TOURGUIDESERVICE
getUserRewards ---> TOURGUIDESERVICE
getUserRewards ---> TOURGUIDESERVICE
getUserRewards ---> TOURGUIDESERVICE
getUserRewards ---> TOURGUIDESERVICE
getUserRewards ---> TOURGUIDESERVICE
getUserRewards ---> TOURGUIDESERVICE
getUserRewards ---> TOURGUIDESERVICE
getUserRewards ---> TOURGUIDESERVICE
getUserRewards ---> TOURGUIDESERVICE
getUserRewards ---> TOURGUIDESERVICE
getUserRewards ---> TOURGUIDESERVICE
getUserRewards ---> TOURGUIDESERVICE
getUserRewards ---> TOURGUIDESERVICE
getUserRewards ---> TOURGUIDESERVICE
getUserRewards ---> TOURGUIDESERVICE
getUserRewards ---> TOURGUIDESERVICE
getUserRewards ---> TOURGUIDESERVICE
getUserRewards ---> TOURGUIDESERVICE
getUserRewards ---> TOURGUIDESERVICE
getUserRewards ---> TOURGUIDESERVICE
getUserRewards ---> TOURGUIDESERVICE
getUserRewards ---> TOURGUIDESERVICE
getUserRewards ---> TOURGUIDESERVICE
getUserRewards ---> TOURGUIDESERVICE
getUserRewards ---> TOURGUIDESERVICE
getUserRewards ---> TOURGUIDESERVICE
getUserRewards ---> TOURGUIDESERVICE
getUserRewards ---> TOURGUIDESERVICE
getUserRewards ---> TOURGUIDESERVICE
getUserRewards ---> TOURGUIDESERVICE
getUserRewards ---> TOURGUIDESERVICE
getUserRewards ---> TOURGUIDESERVICE
getUserRewards ---> TOURGUIDESERVICE
getUserRewards ---> TOURGUIDESERVICE
getUserRewards ---> TOURGUIDESERVICE
getUserRewards ---> TOURGUIDESERVICE
getUserRewards ---> TOURGUIDESERVICE
getUserRewards ---> TOURGUIDESERVICE
getUserRewards ---> TOURGUIDESERVICE
getUserRewards ---> TOURGUIDESERVICE
getUserRewards ---> TOURGUIDESERVICE
getUserRewards ---> TOURGUIDESERVICE
getUserRewards ---> TOURGUIDESERVICE
getUserRewards ---> TOURGUIDESERVICE
getUserRewards ---> TOURGUIDESERVICE
getUserRewards ---> TOURGUIDESERVICE
getUserRewards ---> TOURGUIDESERVICE
getUserRewards ---> TOURGUIDESERVICE
getUserRewards ---> TOURGUIDESERVICE
getUserRewards ---> TOURGUIDESERVICE
getUserRewards ---> TOURGUIDESERVICE
getUserRewards ---> TOURGUIDESERVICE
getUserRewards ---> TOURGUIDESERVICE
getUserRewards ---> TOURGUIDESERVICE
getUserRewards ---> TOURGUIDESERVICE
getUserRewards ---> TOURGUIDESERVICE
getUserRewards ---> TOURGUIDESERVICE
getUserRewards ---> TOURGUIDESERVICE
getUserRewards ---> TOURGUIDESERVICE
getUserRewards ---> TOURGUIDESERVICE
getUserRewards ---> TOURGUIDESERVICE
getUserRewards ---> TOURGUIDESERVICE
getUserRewards ---> TOURGUIDESERVICE
getUserRewards ---> TOURGUIDESERVICE
getUserRewards ---> TOURGUIDESERVICE
getUserRewards ---> TOURGUIDESERVICE
getUserRewards ---> TOURGUIDESERVICE
getUserRewards ---> TOURGUIDESERVICE
getUserRewards ---> TOURGUIDESERVICE
getUserRewards ---> TOURGUIDESERVICE
getUserRewards ---> TOURGUIDESERVICE
getUserRewards ---> TOURGUIDESERVICE
getUserRewards ---> TOURGUIDESERVICE
getUserRewards ---> TOURGUIDESERVICE
getUserRewards ---> TOURGUIDESERVICE
getUserRewards ---> TOURGUIDESERVICE
getUserRewards ---> TOURGUIDESERVICE
getUserRewards ---> TOURGUIDESERVICE
getUserRewards ---> TOURGUIDESERVICE
getUserRewards ---> TOURGUIDESERVICE
getUserRewards ---> TOURGUIDESERVICE
getUserRewards ---> TOURGUIDESERVICE
getUserRewards ---> TOURGUIDESERVICE
getUserRewards ---> TOURGUIDESERVICE
getUserRewards ---> TOURGUIDESERVICE
getUserRewards ---> TOURGUIDESERVICE
getUserRewards ---> TOURGUIDESERVICE
getUserRewards ---> TOURGUIDESERVICE
getUserRewards ---> TOURGUIDESERVICE
getUserRewards ---> TOURGUIDESERVICE
getUserRewards ---> TOURGUIDESERVICE
getUserRewards ---> TOURGUIDESERVICE
getUserRewards ---> TOURGUIDESERVICE
getUserRewards ---> TOURGUIDESERVICE
getUserRewards ---> TOURGUIDESERVICE
getUserRewards ---> TOURGUIDESERVICE
getUserRewards ---> TOURGUIDESERVICE
getUserRewards ---> TOURGUIDESERVICE
getUserRewards ---> TOURGUIDESERVICE
getUserRewards ---> TOURGUIDESERVICE
getUserRewards ---> TOURGUIDESERVICE
getUserRewards ---> TOURGUIDESERVICE
getUserRewards ---> TOURGUIDESERVICE
getUserRewards ---> TOURGUIDESERVICE
getUserRewards ---> TOURGUIDESERVICE
getUserRewards ---> TOURGUIDESERVICE
getUserRewards ---> TOURGUIDESERVICE
getUserRewards ---> TOURGUIDESERVICE
getUserRewards ---> TOURGUIDESERVICE
getUserRewards ---> TOURGUIDESERVICE
getUserRewards ---> TOURGUIDESERVICE
getUserRewards ---> TOURGUIDESERVICE
getUserRewards ---> TOURGUIDESERVICE
getUserRewards ---> TOURGUIDESERVICE
getUserRewards ---> TOURGUIDESERVICE
getUserRewards ---> TOURGUIDESERVICE
getUserRewards ---> TOURGUIDESERVICE
getUserRewards ---> TOURGUIDESERVICE
getUserRewards ---> TOURGUIDESERVICE
getUserRewards ---> TOURGUIDESERVICE
getUserRewards ---> TOURGUIDESERVICE
getUserRewards ---> TOURGUIDESERVICE
getUserRewards ---> TOURGUIDESERVICE
getUserRewards ---> TOURGUIDESERVICE
getUserRewards ---> TOURGUIDESERVICE
getUserRewards ---> TOURGUIDESERVICE
getUserRewards ---> TOURGUIDESERVICE
getUserRewards ---> TOURGUIDESERVICE
getUserRewards ---> TOURGUIDESERVICE
getUserRewards ---> TOURGUIDESERVICE
getUserRewards ---> TOURGUIDESERVICE
getUserRewards ---> TOURGUIDESERVICE
getUserRewards ---> TOURGUIDESERVICE
getUserRewards ---> TOURGUIDESERVICE
getUserRewards ---> TOURGUIDESERVICE
getUserRewards ---> TOURGUIDESERVICE
getUserRewards ---> TOURGUIDESERVICE
getUserRewards ---> TOURGUIDESERVICE
getUserRewards ---> TOURGUIDESERVICE
getUserRewards ---> TOURGUIDESERVICE
getUserRewards ---> TOURGUIDESERVICE
getUserRewards ---> TOURGUIDESERVICE
getUserRewards ---> TOURGUIDESERVICE
getUserRewards ---> TOURGUIDESERVICE
getUserRewards ---> TOURGUIDESERVICE
getUserRewards ---> TOURGUIDESERVICE
getUserRewards ---> TOURGUIDESERVICE
getUserRewards ---> TOURGUIDESERVICE
getUserRewards ---> TOURGUIDESERVICE
getUserRewards ---> TOURGUIDESERVICE
getUserRewards ---> TOURGUIDESERVICE
getUserRewards ---> TOURGUIDESERVICE
getUserRewards ---> TOURGUIDESERVICE
getUserRewards ---> TOURGUIDESERVICE
getUserRewards ---> TOURGUIDESERVICE
getUserRewards ---> TOURGUIDESERVICE
getUserRewards ---> TOURGUIDESERVICE
getUserRewards ---> TOURGUIDESERVICE
getUserRewards ---> TOURGUIDESERVICE
getUserRewards ---> TOURGUIDESERVICE
getUserRewards ---> TOURGUIDESERVICE
getUserRewards ---> TOURGUIDESERVICE
getUserRewards ---> TOURGUIDESERVICE
getUserRewards ---> TOURGUIDESERVICE
getUserRewards ---> TOURGUIDESERVICE
getUserRewards ---> TOURGUIDESERVICE
getUserRewards ---> TOURGUIDESERVICE
getUserRewards ---> TOURGUIDESERVICE
getUserRewards ---> TOURGUIDESERVICE
getUserRewards ---> TOURGUIDESERVICE
getUserRewards ---> TOURGUIDESERVICE
getUserRewards ---> TOURGUIDESERVICE
getUserRewards ---> TOURGUIDESERVICE
getUserRewards ---> TOURGUIDESERVICE
getUserRewards ---> TOURGUIDESERVICE
getUserRewards ---> TOURGUIDESERVICE
getUserRewards ---> TOURGUIDESERVICE
getUserRewards ---> TOURGUIDESERVICE
getUserRewards ---> TOURGUIDESERVICE
getUserRewards ---> TOURGUIDESERVICE
getUserRewards ---> TOURGUIDESERVICE
getUserRewards ---> TOURGUIDESERVICE
getUserRewards ---> TOURGUIDESERVICE
getUserRewards ---> TOURGUIDESERVICE
getUserRewards ---> TOURGUIDESERVICE
getUserRewards ---> TOURGUIDESERVICE
getUserRewards ---> TOURGUIDESERVICE
getUserRewards ---> TOURGUIDESERVICE
getUserRewards ---> TOURGUIDESERVICE
getUserRewards ---> TOURGUIDESERVICE
getUserRewards ---> TOURGUIDESERVICE
getUserRewards ---> TOURGUIDESERVICE
getUserRewards ---> TOURGUIDESERVICE
getUserRewards ---> TOURGUIDESERVICE
getUserRewards ---> TOURGUIDESERVICE
getUserRewards ---> TOURGUIDESERVICE
getUserRewards ---> TOURGUIDESERVICE
getUserRewards ---> TOURGUIDESERVICE
getUserRewards ---> TOURGUIDESERVICE
getUserRewards ---> TOURGUIDESERVICE
getUserRewards ---> TOURGUIDESERVICE
getUserRewards ---> TOURGUIDESERVICE
getUserRewards ---> TOURGUIDESERVICE
getUserRewards ---> TOURGUIDESERVICE
getUserRewards ---> TOURGUIDESERVICE
getUserRewards ---> TOURGUIDESERVICE
getUserRewards ---> TOURGUIDESERVICE
getUserRewards ---> TOURGUIDESERVICE
getUserRewards ---> TOURGUIDESERVICE
getUserRewards ---> TOURGUIDESERVICE
getUserRewards ---> TOURGUIDESERVICE
getUserRewards ---> TOURGUIDESERVICE
getUserRewards ---> TOURGUIDESERVICE
getUserRewards ---> TOURGUIDESERVICE
getUserRewards ---> TOURGUIDESERVICE
getUserRewards ---> TOURGUIDESERVICE
getUserRewards ---> TOURGUIDESERVICE
getUserRewards ---> TOURGUIDESERVICE
getUserRewards ---> TOURGUIDESERVICE
getUserRewards ---> TOURGUIDESERVICE
getUserRewards ---> TOURGUIDESERVICE
getUserRewards ---> TOURGUIDESERVICE
getUserRewards ---> TOURGUIDESERVICE
getUserRewards ---> TOURGUIDESERVICE
getUserRewards ---> TOURGUIDESERVICE
getUserRewards ---> TOURGUIDESERVICE
getUserRewards ---> TOURGUIDESERVICE
getUserRewards ---> TOURGUIDESERVICE
getUserRewards ---> TOURGUIDESERVICE
getUserRewards ---> TOURGUIDESERVICE
getUserRewards ---> TOURGUIDESERVICE
getUserRewards ---> TOURGUIDESERVICE
getUserRewards ---> TOURGUIDESERVICE
getUserRewards ---> TOURGUIDESERVICE
getUserRewards ---> TOURGUIDESERVICE
getUserRewards ---> TOURGUIDESERVICE
getUserRewards ---> TOURGUIDESERVICE
getUserRewards ---> TOURGUIDESERVICE
getUserRewards ---> TOURGUIDESERVICE
getUserRewards ---> TOURGUIDESERVICE
getUserRewards ---> TOURGUIDESERVICE
getUserRewards ---> TOURGUIDESERVICE
getUserRewards ---> TOURGUIDESERVICE
getUserRewards ---> TOURGUIDESERVICE
getUserRewards ---> TOURGUIDESERVICE
getUserRewards ---> TOURGUIDESERVICE
getUserRewards ---> TOURGUIDESERVICE
getUserRewards ---> TOURGUIDESERVICE
getUserRewards ---> TOURGUIDESERVICE
getUserRewards ---> TOURGUIDESERVICE
getUserRewards ---> TOURGUIDESERVICE
getUserRewards ---> TOURGUIDESERVICE
getUserRewards ---> TOURGUIDESERVICE
getUserRewards ---> TOURGUIDESERVICE
getUserRewards ---> TOURGUIDESERVICE
getUserRewards ---> TOURGUIDESERVICE
getUserRewards ---> TOURGUIDESERVICE
getUserRewards ---> TOURGUIDESERVICE
getUserRewards ---> TOURGUIDESERVICE
getUserRewards ---> TOURGUIDESERVICE
getUserRewards ---> TOURGUIDESERVICE
getUserRewards ---> TOURGUIDESERVICE
getUserRewards ---> TOURGUIDESERVICE
getUserRewards ---> TOURGUIDESERVICE
getUserRewards ---> TOURGUIDESERVICE
getUserRewards ---> TOURGUIDESERVICE
getUserRewards ---> TOURGUIDESERVICE
getUserRewards ---> TOURGUIDESERVICE
getUserRewards ---> TOURGUIDESERVICE
getUserRewards ---> TOURGUIDESERVICE
getUserRewards ---> TOURGUIDESERVICE
getUserRewards ---> TOURGUIDESERVICE
getUserRewards ---> TOURGUIDESERVICE
getUserRewards ---> TOURGUIDESERVICE
getUserRewards ---> TOURGUIDESERVICE
getUserRewards ---> TOURGUIDESERVICE
getUserRewards ---> TOURGUIDESERVICE
getUserRewards ---> TOURGUIDESERVICE
getUserRewards ---> TOURGUIDESERVICE
getUserRewards ---> TOURGUIDESERVICE
getUserRewards ---> TOURGUIDESERVICE
getUserRewards ---> TOURGUIDESERVICE
getUserRewards ---> TOURGUIDESERVICE
getUserRewards ---> TOURGUIDESERVICE
getUserRewards ---> TOURGUIDESERVICE
getUserRewards ---> TOURGUIDESERVICE
getUserRewards ---> TOURGUIDESERVICE
getUserRewards ---> TOURGUIDESERVICE
getUserRewards ---> TOURGUIDESERVICE
getUserRewards ---> TOURGUIDESERVICE
getUserRewards ---> TOURGUIDESERVICE
getUserRewards ---> TOURGUIDESERVICE
getUserRewards ---> TOURGUIDESERVICE
getUserRewards ---> TOURGUIDESERVICE
getUserRewards ---> TOURGUIDESERVICE
getUserRewards ---> TOURGUIDESERVICE
getUserRewards ---> TOURGUIDESERVICE
getUserRewards ---> TOURGUIDESERVICE
getUserRewards ---> TOURGUIDESERVICE
getUserRewards ---> TOURGUIDESERVICE
getUserRewards ---> TOURGUIDESERVICE
getUserRewards ---> TOURGUIDESERVICE
getUserRewards ---> TOURGUIDESERVICE
getUserRewards ---> TOURGUIDESERVICE
getUserRewards ---> TOURGUIDESERVICE
getUserRewards ---> TOURGUIDESERVICE
getUserRewards ---> TOURGUIDESERVICE
getUserRewards ---> TOURGUIDESERVICE
getUserRewards ---> TOURGUIDESERVICE
getUserRewards ---> TOURGUIDESERVICE
getUserRewards ---> TOURGUIDESERVICE
getUserRewards ---> TOURGUIDESERVICE
getUserRewards ---> TOURGUIDESERVICE
getUserRewards ---> TOURGUIDESERVICE
getUserRewards ---> TOURGUIDESERVICE
getUserRewards ---> TOURGUIDESERVICE
getUserRewards ---> TOURGUIDESERVICE
getUserRewards ---> TOURGUIDESERVICE
getUserRewards ---> TOURGUIDESERVICE
getUserRewards ---> TOURGUIDESERVICE
getUserRewards ---> TOURGUIDESERVICE
getUserRewards ---> TOURGUIDESERVICE
getUserRewards ---> TOURGUIDESERVICE
getUserRewards ---> TOURGUIDESERVICE
getUserRewards ---> TOURGUIDESERVICE
getUserRewards ---> TOURGUIDESERVICE
getUserRewards ---> TOURGUIDESERVICE
getUserRewards ---> TOURGUIDESERVICE
getUserRewards ---> TOURGUIDESERVICE
getUserRewards ---> TOURGUIDESERVICE
getUserRewards ---> TOURGUIDESERVICE
getUserRewards ---> TOURGUIDESERVICE
getUserRewards ---> TOURGUIDESERVICE
getUserRewards ---> TOURGUIDESERVICE
getUserRewards ---> TOURGUIDESERVICE
getUserRewards ---> TOURGUIDESERVICE
getUserRewards ---> TOURGUIDESERVICE
getUserRewards ---> TOURGUIDESERVICE
getUserRewards ---> TOURGUIDESERVICE
getUserRewards ---> TOURGUIDESERVICE
getUserRewards ---> TOURGUIDESERVICE
getUserRewards ---> TOURGUIDESERVICE
getUserRewards ---> TOURGUIDESERVICE
getUserRewards ---> TOURGUIDESERVICE
getUserRewards ---> TOURGUIDESERVICE
getUserRewards ---> TOURGUIDESERVICE
getUserRewards ---> TOURGUIDESERVICE
getUserRewards ---> TOURGUIDESERVICE
getUserRewards ---> TOURGUIDESERVICE
getUserRewards ---> TOURGUIDESERVICE
getUserRewards ---> TOURGUIDESERVICE
getUserRewards ---> TOURGUIDESERVICE
getUserRewards ---> TOURGUIDESERVICE
getUserRewards ---> TOURGUIDESERVICE
getUserRewards ---> TOURGUIDESERVICE
getUserRewards ---> TOURGUIDESERVICE
getUserRewards ---> TOURGUIDESERVICE
getUserRewards ---> TOURGUIDESERVICE
getUserRewards ---> TOURGUIDESERVICE
getUserRewards ---> TOURGUIDESERVICE
getUserRewards ---> TOURGUIDESERVICE
getUserRewards ---> TOURGUIDESERVICE
getUserRewards ---> TOURGUIDESERVICE
getUserRewards ---> TOURGUIDESERVICE
getUserRewards ---> TOURGUIDESERVICE
getUserRewards ---> TOURGUIDESERVICE
getUserRewards ---> TOURGUIDESERVICE
getUserRewards ---> TOURGUIDESERVICE
getUserRewards ---> TOURGUIDESERVICE
getUserRewards ---> TOURGUIDESERVICE
getUserRewards ---> TOURGUIDESERVICE
getUserRewards ---> TOURGUIDESERVICE
getUserRewards ---> TOURGUIDESERVICE
getUserRewards ---> TOURGUIDESERVICE
getUserRewards ---> TOURGUIDESERVICE
getUserRewards ---> TOURGUIDESERVICE
getUserRewards ---> TOURGUIDESERVICE
getUserRewards ---> TOURGUIDESERVICE
getUserRewards ---> TOURGUIDESERVICE
getUserRewards ---> TOURGUIDESERVICE
getUserRewards ---> TOURGUIDESERVICE
getUserRewards ---> TOURGUIDESERVICE
getUserRewards ---> TOURGUIDESERVICE
getUserRewards ---> TOURGUIDESERVICE
getUserRewards ---> TOURGUIDESERVICE
getUserRewards ---> TOURGUIDESERVICE
getUserRewards ---> TOURGUIDESERVICE
getUserRewards ---> TOURGUIDESERVICE
getUserRewards ---> TOURGUIDESERVICE
getUserRewards ---> TOURGUIDESERVICE
getUserRewards ---> TOURGUIDESERVICE
getUserRewards ---> TOURGUIDESERVICE
getUserRewards ---> TOURGUIDESERVICE
getUserRewards ---> TOURGUIDESERVICE
getUserRewards ---> TOURGUIDESERVICE
getUserRewards ---> TOURGUIDESERVICE
getUserRewards ---> TOURGUIDESERVICE
getUserRewards ---> TOURGUIDESERVICE
getUserRewards ---> TOURGUIDESERVICE
getUserRewards ---> TOURGUIDESERVICE
getUserRewards ---> TOURGUIDESERVICE
getUserRewards ---> TOURGUIDESERVICE
getUserRewards ---> TOURGUIDESERVICE
getUserRewards ---> TOURGUIDESERVICE
getUserRewards ---> TOURGUIDESERVICE
getUserRewards ---> TOURGUIDESERVICE
getUserRewards ---> TOURGUIDESERVICE
getUserRewards ---> TOURGUIDESERVICE
getUserRewards ---> TOURGUIDESERVICE
getUserRewards ---> TOURGUIDESERVICE
getUserRewards ---> TOURGUIDESERVICE
getUserRewards ---> TOURGUIDESERVICE
getUserRewards ---> TOURGUIDESERVICE
getUserRewards ---> TOURGUIDESERVICE
getUserRewards ---> TOURGUIDESERVICE
getUserRewards ---> TOURGUIDESERVICE
getUserRewards ---> TOURGUIDESERVICE
getUserRewards ---> TOURGUIDESERVICE
getUserRewards ---> TOURGUIDESERVICE
getUserRewards ---> TOURGUIDESERVICE
getUserRewards ---> TOURGUIDESERVICE
getUserRewards ---> TOURGUIDESERVICE
getUserRewards ---> TOURGUIDESERVICE
getUserRewards ---> TOURGUIDESERVICE
getUserRewards ---> TOURGUIDESERVICE
getUserRewards ---> TOURGUIDESERVICE
getUserRewards ---> TOURGUIDESERVICE
getUserRewards ---> TOURGUIDESERVICE
getUserRewards ---> TOURGUIDESERVICE
getUserRewards ---> TOURGUIDESERVICE
getUserRewards ---> TOURGUIDESERVICE
getUserRewards ---> TOURGUIDESERVICE
getUserRewards ---> TOURGUIDESERVICE
getUserRewards ---> TOURGUIDESERVICE
getUserRewards ---> TOURGUIDESERVICE
getUserRewards ---> TOURGUIDESERVICE
getUserRewards ---> TOURGUIDESERVICE
getUserRewards ---> TOURGUIDESERVICE
getUserRewards ---> TOURGUIDESERVICE
getUserRewards ---> TOURGUIDESERVICE
getUserRewards ---> TOURGUIDESERVICE
getUserRewards ---> TOURGUIDESERVICE
getUserRewards ---> TOURGUIDESERVICE
getUserRewards ---> TOURGUIDESERVICE
getUserRewards ---> TOURGUIDESERVICE
getUserRewards ---> TOURGUIDESERVICE
getUserRewards ---> TOURGUIDESERVICE
getUserRewards ---> TOURGUIDESERVICE
getUserRewards ---> TOURGUIDESERVICE
getUserRewards ---> TOURGUIDESERVICE
getUserRewards ---> TOURGUIDESERVICE
getUserRewards ---> TOURGUIDESERVICE
getUserRewards ---> TOURGUIDESERVICE
getUserRewards ---> TOURGUIDESERVICE
getUserRewards ---> TOURGUIDESERVICE
getUserRewards ---> TOURGUIDESERVICE
getUserRewards ---> TOURGUIDESERVICE
getUserRewards ---> TOURGUIDESERVICE
getUserRewards ---> TOURGUIDESERVICE
getUserRewards ---> TOURGUIDESERVICE
getUserRewards ---> TOURGUIDESERVICE
getUserRewards ---> TOURGUIDESERVICE
getUserRewards ---> TOURGUIDESERVICE
getUserRewards ---> TOURGUIDESERVICE
getUserRewards ---> TOURGUIDESERVICE
getUserRewards ---> TOURGUIDESERVICE
getUserRewards ---> TOURGUIDESERVICE
getUserRewards ---> TOURGUIDESERVICE
getUserRewards ---> TOURGUIDESERVICE
getUserRewards ---> TOURGUIDESERVICE
getUserRewards ---> TOURGUIDESERVICE
getUserRewards ---> TOURGUIDESERVICE
getUserRewards ---> TOURGUIDESERVICE
getUserRewards ---> TOURGUIDESERVICE
getUserRewards ---> TOURGUIDESERVICE
getUserRewards ---> TOURGUIDESERVICE
getUserRewards ---> TOURGUIDESERVICE
getUserRewards ---> TOURGUIDESERVICE
getUserRewards ---> TOURGUIDESERVICE
getUserRewards ---> TOURGUIDESERVICE
getUserRewards ---> TOURGUIDESERVICE
getUserRewards ---> TOURGUIDESERVICE
getUserRewards ---> TOURGUIDESERVICE
getUserRewards ---> TOURGUIDESERVICE
getUserRewards ---> TOURGUIDESERVICE
getUserRewards ---> TOURGUIDESERVICE
getUserRewards ---> TOURGUIDESERVICE
getUserRewards ---> TOURGUIDESERVICE
getUserRewards ---> TOURGUIDESERVICE
getUserRewards ---> TOURGUIDESERVICE
getUserRewards ---> TOURGUIDESERVICE
getUserRewards ---> TOURGUIDESERVICE
getUserRewards ---> TOURGUIDESERVICE
getUserRewards ---> TOURGUIDESERVICE
getUserRewards ---> TOURGUIDESERVICE
getUserRewards ---> TOURGUIDESERVICE
getUserRewards ---> TOURGUIDESERVICE
getUserRewards ---> TOURGUIDESERVICE
getUserRewards ---> TOURGUIDESERVICE
getUserRewards ---> TOURGUIDESERVICE
getUserRewards ---> TOURGUIDESERVICE
getUserRewards ---> TOURGUIDESERVICE
getUserRewards ---> TOURGUIDESERVICE
getUserRewards ---> TOURGUIDESERVICE
getUserRewards ---> TOURGUIDESERVICE
getUserRewards ---> TOURGUIDESERVICE
getUserRewards ---> TOURGUIDESERVICE
getUserRewards ---> TOURGUIDESERVICE
getUserRewards ---> TOURGUIDESERVICE
getUserRewards ---> TOURGUIDESERVICE
getUserRewards ---> TOURGUIDESERVICE
getUserRewards ---> TOURGUIDESERVICE
getUserRewards ---> TOURGUIDESERVICE
getUserRewards ---> TOURGUIDESERVICE
getUserRewards ---> TOURGUIDESERVICE
getUserRewards ---> TOURGUIDESERVICE
getUserRewards ---> TOURGUIDESERVICE
getUserRewards ---> TOURGUIDESERVICE
getUserRewards ---> TOURGUIDESERVICE
getUserRewards ---> TOURGUIDESERVICE
getUserRewards ---> TOURGUIDESERVICE
getUserRewards ---> TOURGUIDESERVICE
getUserRewards ---> TOURGUIDESERVICE
getUserRewards ---> TOURGUIDESERVICE
getUserRewards ---> TOURGUIDESERVICE
getUserRewards ---> TOURGUIDESERVICE
getUserRewards ---> TOURGUIDESERVICE
getUserRewards ---> TOURGUIDESERVICE
getUserRewards ---> TOURGUIDESERVICE
getUserRewards ---> TOURGUIDESERVICE
getUserRewards ---> TOURGUIDESERVICE
getUserRewards ---> TOURGUIDESERVICE
getUserRewards ---> TOURGUIDESERVICE
getUserRewards ---> TOURGUIDESERVICE
getUserRewards ---> TOURGUIDESERVICE
getUserRewards ---> TOURGUIDESERVICE
getUserRewards ---> TOURGUIDESERVICE
getUserRewards ---> TOURGUIDESERVICE
getUserRewards ---> TOURGUIDESERVICE
getUserRewards ---> TOURGUIDESERVICE
getUserRewards ---> TOURGUIDESERVICE
getUserRewards ---> TOURGUIDESERVICE
getUserRewards ---> TOURGUIDESERVICE
getUserRewards ---> TOURGUIDESERVICE
getUserRewards ---> TOURGUIDESERVICE
getUserRewards ---> TOURGUIDESERVICE
getUserRewards ---> TOURGUIDESERVICE
getUserRewards ---> TOURGUIDESERVICE
getUserRewards ---> TOURGUIDESERVICE
getUserRewards ---> TOURGUIDESERVICE
getUserRewards ---> TOURGUIDESERVICE
getUserRewards ---> TOURGUIDESERVICE
getUserRewards ---> TOURGUIDESERVICE
getUserRewards ---> TOURGUIDESERVICE
getUserRewards ---> TOURGUIDESERVICE
getUserRewards ---> TOURGUIDESERVICE
getUserRewards ---> TOURGUIDESERVICE
getUserRewards ---> TOURGUIDESERVICE
getUserRewards ---> TOURGUIDESERVICE
getUserRewards ---> TOURGUIDESERVICE
getUserRewards ---> TOURGUIDESERVICE
getUserRewards ---> TOURGUIDESERVICE
getUserRewards ---> TOURGUIDESERVICE
getUserRewards ---> TOURGUIDESERVICE
getUserRewards ---> TOURGUIDESERVICE
getUserRewards ---> TOURGUIDESERVICE
getUserRewards ---> TOURGUIDESERVICE
getUserRewards ---> TOURGUIDESERVICE
getUserRewards ---> TOURGUIDESERVICE
getUserRewards ---> TOURGUIDESERVICE
getUserRewards ---> TOURGUIDESERVICE
getUserRewards ---> TOURGUIDESERVICE
getUserRewards ---> TOURGUIDESERVICE
getUserRewards ---> TOURGUIDESERVICE
getUserRewards ---> TOURGUIDESERVICE
getUserRewards ---> TOURGUIDESERVICE
getUserRewards ---> TOURGUIDESERVICE
getUserRewards ---> TOURGUIDESERVICE
getUserRewards ---> TOURGUIDESERVICE
getUserRewards ---> TOURGUIDESERVICE
getUserRewards ---> TOURGUIDESERVICE
getUserRewards ---> TOURGUIDESERVICE
getUserRewards ---> TOURGUIDESERVICE
getUserRewards ---> TOURGUIDESERVICE
getUserRewards ---> TOURGUIDESERVICE
getUserRewards ---> TOURGUIDESERVICE
getUserRewards ---> TOURGUIDESERVICE
getUserRewards ---> TOURGUIDESERVICE
getUserRewards ---> TOURGUIDESERVICE
getUserRewards ---> TOURGUIDESERVICE
getUserRewards ---> TOURGUIDESERVICE
getUserRewards ---> TOURGUIDESERVICE
getUserRewards ---> TOURGUIDESERVICE
getUserRewards ---> TOURGUIDESERVICE
getUserRewards ---> TOURGUIDESERVICE
getUserRewards ---> TOURGUIDESERVICE
getUserRewards ---> TOURGUIDESERVICE
getUserRewards ---> TOURGUIDESERVICE
getUserRewards ---> TOURGUIDESERVICE
getUserRewards ---> TOURGUIDESERVICE
getUserRewards ---> TOURGUIDESERVICE
getUserRewards ---> TOURGUIDESERVICE
getUserRewards ---> TOURGUIDESERVICE
getUserRewards ---> TOURGUIDESERVICE
getUserRewards ---> TOURGUIDESERVICE
getUserRewards ---> TOURGUIDESERVICE
getUserRewards ---> TOURGUIDESERVICE
getUserRewards ---> TOURGUIDESERVICE
getUserRewards ---> TOURGUIDESERVICE
getUserRewards ---> TOURGUIDESERVICE
getUserRewards ---> TOURGUIDESERVICE
getUserRewards ---> TOURGUIDESERVICE
getUserRewards ---> TOURGUIDESERVICE
getUserRewards ---> TOURGUIDESERVICE
getUserRewards ---> TOURGUIDESERVICE
getUserRewards ---> TOURGUIDESERVICE
getUserRewards ---> TOURGUIDESERVICE
getUserRewards ---> TOURGUIDESERVICE
getUserRewards ---> TOURGUIDESERVICE
getUserRewards ---> TOURGUIDESERVICE
getUserRewards ---> TOURGUIDESERVICE
getUserRewards ---> TOURGUIDESERVICE
getUserRewards ---> TOURGUIDESERVICE
getUserRewards ---> TOURGUIDESERVICE
getUserRewards ---> TOURGUIDESERVICE
getUserRewards ---> TOURGUIDESERVICE
getUserRewards ---> TOURGUIDESERVICE
getUserRewards ---> TOURGUIDESERVICE
getUserRewards ---> TOURGUIDESERVICE
getUserRewards ---> TOURGUIDESERVICE
getUserRewards ---> TOURGUIDESERVICE
getUserRewards ---> TOURGUIDESERVICE
getUserRewards ---> TOURGUIDESERVICE
getUserRewards ---> TOURGUIDESERVICE
getUserRewards ---> TOURGUIDESERVICE
getUserRewards ---> TOURGUIDESERVICE
getUserRewards ---> TOURGUIDESERVICE
getUserRewards ---> TOURGUIDESERVICE
getUserRewards ---> TOURGUIDESERVICE
getUserRewards ---> TOURGUIDESERVICE
getUserRewards ---> TOURGUIDESERVICE
getUserRewards ---> TOURGUIDESERVICE
getUserRewards ---> TOURGUIDESERVICE
getUserRewards ---> TOURGUIDESERVICE
getUserRewards ---> TOURGUIDESERVICE
getUserRewards ---> TOURGUIDESERVICE
getUserRewards ---> TOURGUIDESERVICE
getUserRewards ---> TOURGUIDESERVICE
getUserRewards ---> TOURGUIDESERVICE
getUserRewards ---> TOURGUIDESERVICE
getUserRewards ---> TOURGUIDESERVICE
getUserRewards ---> TOURGUIDESERVICE
getUserRewards ---> TOURGUIDESERVICE
getUserRewards ---> TOURGUIDESERVICE
getUserRewards ---> TOURGUIDESERVICE
getUserRewards ---> TOURGUIDESERVICE
getUserRewards ---> TOURGUIDESERVICE
getUserRewards ---> TOURGUIDESERVICE
getUserRewards ---> TOURGUIDESERVICE
getUserRewards ---> TOURGUIDESERVICE
getUserRewards ---> TOURGUIDESERVICE
getUserRewards ---> TOURGUIDESERVICE
getUserRewards ---> TOURGUIDESERVICE
getUserRewards ---> TOURGUIDESERVICE
getUserRewards ---> TOURGUIDESERVICE
getUserRewards ---> TOURGUIDESERVICE
getUserRewards ---> TOURGUIDESERVICE
getUserRewards ---> TOURGUIDESERVICE
getUserRewards ---> TOURGUIDESERVICE
getUserRewards ---> TOURGUIDESERVICE
getUserRewards ---> TOURGUIDESERVICE
getUserRewards ---> TOURGUIDESERVICE
getUserRewards ---> TOURGUIDESERVICE
getUserRewards ---> TOURGUIDESERVICE
getUserRewards ---> TOURGUIDESERVICE
getUserRewards ---> TOURGUIDESERVICE
getUserRewards ---> TOURGUIDESERVICE
getUserRewards ---> TOURGUIDESERVICE
getUserRewards ---> TOURGUIDESERVICE
getUserRewards ---> TOURGUIDESERVICE
getUserRewards ---> TOURGUIDESERVICE
getUserRewards ---> TOURGUIDESERVICE
getUserRewards ---> TOURGUIDESERVICE
getUserRewards ---> TOURGUIDESERVICE
getUserRewards ---> TOURGUIDESERVICE
getUserRewards ---> TOURGUIDESERVICE
getUserRewards ---> TOURGUIDESERVICE
getUserRewards ---> TOURGUIDESERVICE
getUserRewards ---> TOURGUIDESERVICE
getUserRewards ---> TOURGUIDESERVICE
getUserRewards ---> TOURGUIDESERVICE
getUserRewards ---> TOURGUIDESERVICE
getUserRewards ---> TOURGUIDESERVICE
getUserRewards ---> TOURGUIDESERVICE
getUserRewards ---> TOURGUIDESERVICE
getUserRewards ---> TOURGUIDESERVICE
getUserRewards ---> TOURGUIDESERVICE
getUserRewards ---> TOURGUIDESERVICE
getUserRewards ---> TOURGUIDESERVICE
getUserRewards ---> TOURGUIDESERVICE
getUserRewards ---> TOURGUIDESERVICE
getUserRewards ---> TOURGUIDESERVICE
getUserRewards ---> TOURGUIDESERVICE
getUserRewards ---> TOURGUIDESERVICE
getUserRewards ---> TOURGUIDESERVICE
getUserRewards ---> TOURGUIDESERVICE
getUserRewards ---> TOURGUIDESERVICE
getUserRewards ---> TOURGUIDESERVICE
getUserRewards ---> TOURGUIDESERVICE
getUserRewards ---> TOURGUIDESERVICE
getUserRewards ---> TOURGUIDESERVICE
getUserRewards ---> TOURGUIDESERVICE
getUserRewards ---> TOURGUIDESERVICE
getUserRewards ---> TOURGUIDESERVICE
getUserRewards ---> TOURGUIDESERVICE
getUserRewards ---> TOURGUIDESERVICE
getUserRewards ---> TOURGUIDESERVICE
getUserRewards ---> TOURGUIDESERVICE
getUserRewards ---> TOURGUIDESERVICE
getUserRewards ---> TOURGUIDESERVICE
getUserRewards ---> TOURGUIDESERVICE
getUserRewards ---> TOURGUIDESERVICE
getUserRewards ---> TOURGUIDESERVICE
getUserRewards ---> TOURGUIDESERVICE
getUserRewards ---> TOURGUIDESERVICE
getUserRewards ---> TOURGUIDESERVICE
getUserRewards ---> TOURGUIDESERVICE
getUserRewards ---> TOURGUIDESERVICE
getUserRewards ---> TOURGUIDESERVICE
getUserRewards ---> TOURGUIDESERVICE
getUserRewards ---> TOURGUIDESERVICE
getUserRewards ---> TOURGUIDESERVICE
getUserRewards ---> TOURGUIDESERVICE
getUserRewards ---> TOURGUIDESERVICE
getUserRewards ---> TOURGUIDESERVICE
getUserRewards ---> TOURGUIDESERVICE
getUserRewards ---> TOURGUIDESERVICE
getUserRewards ---> TOURGUIDESERVICE
getUserRewards ---> TOURGUIDESERVICE
getUserRewards ---> TOURGUIDESERVICE
getUserRewards ---> TOURGUIDESERVICE
getUserRewards ---> TOURGUIDESERVICE
getUserRewards ---> TOURGUIDESERVICE
getUserRewards ---> TOURGUIDESERVICE
getUserRewards ---> TOURGUIDESERVICE
getUserRewards ---> TOURGUIDESERVICE
getUserRewards ---> TOURGUIDESERVICE
getUserRewards ---> TOURGUIDESERVICE
getUserRewards ---> TOURGUIDESERVICE
getUserRewards ---> TOURGUIDESERVICE
getUserRewards ---> TOURGUIDESERVICE
getUserRewards ---> TOURGUIDESERVICE
getUserRewards ---> TOURGUIDESERVICE
getUserRewards ---> TOURGUIDESERVICE
getUserRewards ---> TOURGUIDESERVICE
getUserRewards ---> TOURGUIDESERVICE
getUserRewards ---> TOURGUIDESERVICE
getUserRewards ---> TOURGUIDESERVICE
getUserRewards ---> TOURGUIDESERVICE
getUserRewards ---> TOURGUIDESERVICE
getUserRewards ---> TOURGUIDESERVICE
getUserRewards ---> TOURGUIDESERVICE
getUserRewards ---> TOURGUIDESERVICE
getUserRewards ---> TOURGUIDESERVICE
getUserRewards ---> TOURGUIDESERVICE
getUserRewards ---> TOURGUIDESERVICE
getUserRewards ---> TOURGUIDESERVICE
getUserRewards ---> TOURGUIDESERVICE
getUserRewards ---> TOURGUIDESERVICE
getUserRewards ---> TOURGUIDESERVICE
getUserRewards ---> TOURGUIDESERVICE
getUserRewards ---> TOURGUIDESERVICE
getUserRewards ---> TOURGUIDESERVICE
getUserRewards ---> TOURGUIDESERVICE
getUserRewards ---> TOURGUIDESERVICE
getUserRewards ---> TOURGUIDESERVICE
getUserRewards ---> TOURGUIDESERVICE
getUserRewards ---> TOURGUIDESERVICE
getUserRewards ---> TOURGUIDESERVICE
getUserRewards ---> TOURGUIDESERVICE
getUserRewards ---> TOURGUIDESERVICE
getUserRewards ---> TOURGUIDESERVICE
getUserRewards ---> TOURGUIDESERVICE
getUserRewards ---> TOURGUIDESERVICE
getUserRewards ---> TOURGUIDESERVICE
getUserRewards ---> TOURGUIDESERVICE
getUserRewards ---> TOURGUIDESERVICE
getUserRewards ---> TOURGUIDESERVICE
getUserRewards ---> TOURGUIDESERVICE
getUserRewards ---> TOURGUIDESERVICE
getUserRewards ---> TOURGUIDESERVICE
getUserRewards ---> TOURGUIDESERVICE
getUserRewards ---> TOURGUIDESERVICE
getUserRewards ---> TOURGUIDESERVICE
getUserRewards ---> TOURGUIDESERVICE
getUserRewards ---> TOURGUIDESERVICE
getUserRewards ---> TOURGUIDESERVICE
getUserRewards ---> TOURGUIDESERVICE
getUserRewards ---> TOURGUIDESERVICE
getUserRewards ---> TOURGUIDESERVICE
getUserRewards ---> TOURGUIDESERVICE
getUserRewards ---> TOURGUIDESERVICE
getUserRewards ---> TOURGUIDESERVICE
getUserRewards ---> TOURGUIDESERVICE
getUserRewards ---> TOURGUIDESERVICE
getUserRewards ---> TOURGUIDESERVICE
getUserRewards ---> TOURGUIDESERVICE
getUserRewards ---> TOURGUIDESERVICE
getUserRewards ---> TOURGUIDESERVICE
getUserRewards ---> TOURGUIDESERVICE
getUserRewards ---> TOURGUIDESERVICE
getUserRewards ---> TOURGUIDESERVICE
getUserRewards ---> TOURGUIDESERVICE
getUserRewards ---> TOURGUIDESERVICE
getUserRewards ---> TOURGUIDESERVICE
getUserRewards ---> TOURGUIDESERVICE
getUserRewards ---> TOURGUIDESERVICE
getUserRewards ---> TOURGUIDESERVICE
getUserRewards ---> TOURGUIDESERVICE
getUserRewards ---> TOURGUIDESERVICE
getUserRewards ---> TOURGUIDESERVICE
getUserRewards ---> TOURGUIDESERVICE
getUserRewards ---> TOURGUIDESERVICE
getUserRewards ---> TOURGUIDESERVICE
getUserRewards ---> TOURGUIDESERVICE
getUserRewards ---> TOURGUIDESERVICE
getUserRewards ---> TOURGUIDESERVICE
getUserRewards ---> TOURGUIDESERVICE
getUserRewards ---> TOURGUIDESERVICE
getUserRewards ---> TOURGUIDESERVICE
getUserRewards ---> TOURGUIDESERVICE
getUserRewards ---> TOURGUIDESERVICE
getUserRewards ---> TOURGUIDESERVICE
getUserRewards ---> TOURGUIDESERVICE
getUserRewards ---> TOURGUIDESERVICE
getUserRewards ---> TOURGUIDESERVICE
getUserRewards ---> TOURGUIDESERVICE
getUserRewards ---> TOURGUIDESERVICE
getUserRewards ---> TOURGUIDESERVICE
getUserRewards ---> TOURGUIDESERVICE
getUserRewards ---> TOURGUIDESERVICE
getUserRewards ---> TOURGUIDESERVICE
getUserRewards ---> TOURGUIDESERVICE
getUserRewards ---> TOURGUIDESERVICE
getUserRewards ---> TOURGUIDESERVICE
getUserRewards ---> TOURGUIDESERVICE
getUserRewards ---> TOURGUIDESERVICE
getUserRewards ---> TOURGUIDESERVICE
getUserRewards ---> TOURGUIDESERVICE
getUserRewards ---> TOURGUIDESERVICE
getUserRewards ---> TOURGUIDESERVICE
getUserRewards ---> TOURGUIDESERVICE
getUserRewards ---> TOURGUIDESERVICE
getUserRewards ---> TOURGUIDESERVICE
getUserRewards ---> TOURGUIDESERVICE
getUserRewards ---> TOURGUIDESERVICE
getUserRewards ---> TOURGUIDESERVICE
getUserRewards ---> TOURGUIDESERVICE
getUserRewards ---> TOURGUIDESERVICE
getUserRewards ---> TOURGUIDESERVICE
getUserRewards ---> TOURGUIDESERVICE
getUserRewards ---> TOURGUIDESERVICE
getUserRewards ---> TOURGUIDESERVICE
getUserRewards ---> TOURGUIDESERVICE
getUserRewards ---> TOURGUIDESERVICE
getUserRewards ---> TOURGUIDESERVICE
getUserRewards ---> TOURGUIDESERVICE
getUserRewards ---> TOURGUIDESERVICE
getUserRewards ---> TOURGUIDESERVICE
getUserRewards ---> TOURGUIDESERVICE
getUserRewards ---> TOURGUIDESERVICE
getUserRewards ---> TOURGUIDESERVICE
getUserRewards ---> TOURGUIDESERVICE
getUserRewards ---> TOURGUIDESERVICE
getUserRewards ---> TOURGUIDESERVICE
getUserRewards ---> TOURGUIDESERVICE
getUserRewards ---> TOURGUIDESERVICE
getUserRewards ---> TOURGUIDESERVICE
getUserRewards ---> TOURGUIDESERVICE
getUserRewards ---> TOURGUIDESERVICE
getUserRewards ---> TOURGUIDESERVICE
getUserRewards ---> TOURGUIDESERVICE
getUserRewards ---> TOURGUIDESERVICE
getUserRewards ---> TOURGUIDESERVICE
getUserRewards ---> TOURGUIDESERVICE
getUserRewards ---> TOURGUIDESERVICE
getUserRewards ---> TOURGUIDESERVICE
getUserRewards ---> TOURGUIDESERVICE
getUserRewards ---> TOURGUIDESERVICE
getUserRewards ---> TOURGUIDESERVICE
getUserRewards ---> TOURGUIDESERVICE
getUserRewards ---> TOURGUIDESERVICE
getUserRewards ---> TOURGUIDESERVICE
getUserRewards ---> TOURGUIDESERVICE
getUserRewards ---> TOURGUIDESERVICE
getUserRewards ---> TOURGUIDESERVICE
getUserRewards ---> TOURGUIDESERVICE
getUserRewards ---> TOURGUIDESERVICE
getUserRewards ---> TOURGUIDESERVICE
getUserRewards ---> TOURGUIDESERVICE
getUserRewards ---> TOURGUIDESERVICE
getUserRewards ---> TOURGUIDESERVICE
getUserRewards ---> TOURGUIDESERVICE
getUserRewards ---> TOURGUIDESERVICE
getUserRewards ---> TOURGUIDESERVICE
getUserRewards ---> TOURGUIDESERVICE
getUserRewards ---> TOURGUIDESERVICE
getUserRewards ---> TOURGUIDESERVICE
getUserRewards ---> TOURGUIDESERVICE
getUserRewards ---> TOURGUIDESERVICE
getUserRewards ---> TOURGUIDESERVICE
getUserRewards ---> TOURGUIDESERVICE
getUserRewards ---> TOURGUIDESERVICE
getUserRewards ---> TOURGUIDESERVICE
getUserRewards ---> TOURGUIDESERVICE
getUserRewards ---> TOURGUIDESERVICE
getUserRewards ---> TOURGUIDESERVICE
getUserRewards ---> TOURGUIDESERVICE
getUserRewards ---> TOURGUIDESERVICE
getUserRewards ---> TOURGUIDESERVICE
getUserRewards ---> TOURGUIDESERVICE
getUserRewards ---> TOURGUIDESERVICE
getUserRewards ---> TOURGUIDESERVICE
getUserRewards ---> TOURGUIDESERVICE
getUserRewards ---> TOURGUIDESERVICE
getUserRewards ---> TOURGUIDESERVICE
getUserRewards ---> TOURGUIDESERVICE
getUserRewards ---> TOURGUIDESERVICE
getUserRewards ---> TOURGUIDESERVICE
getUserRewards ---> TOURGUIDESERVICE
getUserRewards ---> TOURGUIDESERVICE
getUserRewards ---> TOURGUIDESERVICE
getUserRewards ---> TOURGUIDESERVICE
getUserRewards ---> TOURGUIDESERVICE
getUserRewards ---> TOURGUIDESERVICE
getUserRewards ---> TOURGUIDESERVICE
getUserRewards ---> TOURGUIDESERVICE
getUserRewards ---> TOURGUIDESERVICE
getUserRewards ---> TOURGUIDESERVICE
getUserRewards ---> TOURGUIDESERVICE
getUserRewards ---> TOURGUIDESERVICE
getUserRewards ---> TOURGUIDESERVICE
getUserRewards ---> TOURGUIDESERVICE
getUserRewards ---> TOURGUIDESERVICE
getUserRewards ---> TOURGUIDESERVICE
getUserRewards ---> TOURGUIDESERVICE
getUserRewards ---> TOURGUIDESERVICE
getUserRewards ---> TOURGUIDESERVICE
getUserRewards ---> TOURGUIDESERVICE
getUserRewards ---> TOURGUIDESERVICE
getUserRewards ---> TOURGUIDESERVICE
getUserRewards ---> TOURGUIDESERVICE
getUserRewards ---> TOURGUIDESERVICE
getUserRewards ---> TOURGUIDESERVICE
getUserRewards ---> TOURGUIDESERVICE
getUserRewards ---> TOURGUIDESERVICE
getUserRewards ---> TOURGUIDESERVICE
getUserRewards ---> TOURGUIDESERVICE
getUserRewards ---> TOURGUIDESERVICE
getUserRewards ---> TOURGUIDESERVICE
getUserRewards ---> TOURGUIDESERVICE
getUserRewards ---> TOURGUIDESERVICE
getUserRewards ---> TOURGUIDESERVICE
getUserRewards ---> TOURGUIDESERVICE
getUserRewards ---> TOURGUIDESERVICE
getUserRewards ---> TOURGUIDESERVICE
getUserRewards ---> TOURGUIDESERVICE
getUserRewards ---> TOURGUIDESERVICE
getUserRewards ---> TOURGUIDESERVICE
getUserRewards ---> TOURGUIDESERVICE
getUserRewards ---> TOURGUIDESERVICE
getUserRewards ---> TOURGUIDESERVICE
getUserRewards ---> TOURGUIDESERVICE
getUserRewards ---> TOURGUIDESERVICE
getUserRewards ---> TOURGUIDESERVICE
getUserRewards ---> TOURGUIDESERVICE
getUserRewards ---> TOURGUIDESERVICE
getUserRewards ---> TOURGUIDESERVICE
getUserRewards ---> TOURGUIDESERVICE
getUserRewards ---> TOURGUIDESERVICE
getUserRewards ---> TOURGUIDESERVICE
getUserRewards ---> TOURGUIDESERVICE
getUserRewards ---> TOURGUIDESERVICE
getUserRewards ---> TOURGUIDESERVICE
getUserRewards ---> TOURGUIDESERVICE
getUserRewards ---> TOURGUIDESERVICE
getUserRewards ---> TOURGUIDESERVICE
getUserRewards ---> TOURGUIDESERVICE
getUserRewards ---> TOURGUIDESERVICE
getUserRewards ---> TOURGUIDESERVICE
getUserRewards ---> TOURGUIDESERVICE
getUserRewards ---> TOURGUIDESERVICE
getUserRewards ---> TOURGUIDESERVICE
getUserRewards ---> TOURGUIDESERVICE
getUserRewards ---> TOURGUIDESERVICE
getUserRewards ---> TOURGUIDESERVICE
getUserRewards ---> TOURGUIDESERVICE
getUserRewards ---> TOURGUIDESERVICE
getUserRewards ---> TOURGUIDESERVICE
getUserRewards ---> TOURGUIDESERVICE
getUserRewards ---> TOURGUIDESERVICE
getUserRewards ---> TOURGUIDESERVICE
getUserRewards ---> TOURGUIDESERVICE
getUserRewards ---> TOURGUIDESERVICE
getUserRewards ---> TOURGUIDESERVICE
getUserRewards ---> TOURGUIDESERVICE
getUserRewards ---> TOURGUIDESERVICE
getUserRewards ---> TOURGUIDESERVICE
getUserRewards ---> TOURGUIDESERVICE
getUserRewards ---> TOURGUIDESERVICE
getUserRewards ---> TOURGUIDESERVICE
getUserRewards ---> TOURGUIDESERVICE
getUserRewards ---> TOURGUIDESERVICE
getUserRewards ---> TOURGUIDESERVICE
getUserRewards ---> TOURGUIDESERVICE
getUserRewards ---> TOURGUIDESERVICE
getUserRewards ---> TOURGUIDESERVICE
getUserRewards ---> TOURGUIDESERVICE
getUserRewards ---> TOURGUIDESERVICE
getUserRewards ---> TOURGUIDESERVICE
getUserRewards ---> TOURGUIDESERVICE
getUserRewards ---> TOURGUIDESERVICE
getUserRewards ---> TOURGUIDESERVICE
getUserRewards ---> TOURGUIDESERVICE
getUserRewards ---> TOURGUIDESERVICE
getUserRewards ---> TOURGUIDESERVICE
getUserRewards ---> TOURGUIDESERVICE
getUserRewards ---> TOURGUIDESERVICE
getUserRewards ---> TOURGUIDESERVICE
getUserRewards ---> TOURGUIDESERVICE
getUserRewards ---> TOURGUIDESERVICE
getUserRewards ---> TOURGUIDESERVICE
getUserRewards ---> TOURGUIDESERVICE
getUserRewards ---> TOURGUIDESERVICE
getUserRewards ---> TOURGUIDESERVICE
getUserRewards ---> TOURGUIDESERVICE
getUserRewards ---> TOURGUIDESERVICE
getUserRewards ---> TOURGUIDESERVICE
getUserRewards ---> TOURGUIDESERVICE
getUserRewards ---> TOURGUIDESERVICE
getUserRewards ---> TOURGUIDESERVICE
getUserRewards ---> TOURGUIDESERVICE
getUserRewards ---> TOURGUIDESERVICE
getUserRewards ---> TOURGUIDESERVICE
getUserRewards ---> TOURGUIDESERVICE
getUserRewards ---> TOURGUIDESERVICE
getUserRewards ---> TOURGUIDESERVICE
getUserRewards ---> TOURGUIDESERVICE
getUserRewards ---> TOURGUIDESERVICE
getUserRewards ---> TOURGUIDESERVICE
getUserRewards ---> TOURGUIDESERVICE
getUserRewards ---> TOURGUIDESERVICE
getUserRewards ---> TOURGUIDESERVICE
getUserRewards ---> TOURGUIDESERVICE
getUserRewards ---> TOURGUIDESERVICE
getUserRewards ---> TOURGUIDESERVICE
getUserRewards ---> TOURGUIDESERVICE
getUserRewards ---> TOURGUIDESERVICE
getUserRewards ---> TOURGUIDESERVICE
getUserRewards ---> TOURGUIDESERVICE
getUserRewards ---> TOURGUIDESERVICE
getUserRewards ---> TOURGUIDESERVICE
getUserRewards ---> TOURGUIDESERVICE
getUserRewards ---> TOURGUIDESERVICE
getUserRewards ---> TOURGUIDESERVICE
getUserRewards ---> TOURGUIDESERVICE
getUserRewards ---> TOURGUIDESERVICE
getUserRewards ---> TOURGUIDESERVICE
getUserRewards ---> TOURGUIDESERVICE
getUserRewards ---> TOURGUIDESERVICE
getUserRewards ---> TOURGUIDESERVICE
getUserRewards ---> TOURGUIDESERVICE
getUserRewards ---> TOURGUIDESERVICE
getUserRewards ---> TOURGUIDESERVICE
getUserRewards ---> TOURGUIDESERVICE
getUserRewards ---> TOURGUIDESERVICE
getUserRewards ---> TOURGUIDESERVICE
getUserRewards ---> TOURGUIDESERVICE
getUserRewards ---> TOURGUIDESERVICE
getUserRewards ---> TOURGUIDESERVICE
getUserRewards ---> TOURGUIDESERVICE
getUserRewards ---> TOURGUIDESERVICE
getUserRewards ---> TOURGUIDESERVICE
getUserRewards ---> TOURGUIDESERVICE
getUserRewards ---> TOURGUIDESERVICE
getUserRewards ---> TOURGUIDESERVICE
getUserRewards ---> TOURGUIDESERVICE
getUserRewards ---> TOURGUIDESERVICE
getUserRewards ---> TOURGUIDESERVICE
getUserRewards ---> TOURGUIDESERVICE
getUserRewards ---> TOURGUIDESERVICE
getUserRewards ---> TOURGUIDESERVICE
getUserRewards ---> TOURGUIDESERVICE
getUserRewards ---> TOURGUIDESERVICE
getUserRewards ---> TOURGUIDESERVICE
getUserRewards ---> TOURGUIDESERVICE
getUserRewards ---> TOURGUIDESERVICE
getUserRewards ---> TOURGUIDESERVICE
getUserRewards ---> TOURGUIDESERVICE
getUserRewards ---> TOURGUIDESERVICE
getUserRewards ---> TOURGUIDESERVICE
getUserRewards ---> TOURGUIDESERVICE
getUserRewards ---> TOURGUIDESERVICE
getUserRewards ---> TOURGUIDESERVICE
getUserRewards ---> TOURGUIDESERVICE
getUserRewards ---> TOURGUIDESERVICE
getUserRewards ---> TOURGUIDESERVICE
getUserRewards ---> TOURGUIDESERVICE
getUserRewards ---> TOURGUIDESERVICE
getUserRewards ---> TOURGUIDESERVICE
getUserRewards ---> TOURGUIDESERVICE
getUserRewards ---> TOURGUIDESERVICE
getUserRewards ---> TOURGUIDESERVICE
getUserRewards ---> TOURGUIDESERVICE
getUserRewards ---> TOURGUIDESERVICE
getUserRewards ---> TOURGUIDESERVICE
getUserRewards ---> TOURGUIDESERVICE
getUserRewards ---> TOURGUIDESERVICE
getUserRewards ---> TOURGUIDESERVICE
getUserRewards ---> TOURGUIDESERVICE
getUserRewards ---> TOURGUIDESERVICE
getUserRewards ---> TOURGUIDESERVICE
getUserRewards ---> TOURGUIDESERVICE
getUserRewards ---> TOURGUIDESERVICE
getUserRewards ---> TOURGUIDESERVICE
getUserRewards ---> TOURGUIDESERVICE
getUserRewards ---> TOURGUIDESERVICE
getUserRewards ---> TOURGUIDESERVICE
getUserRewards ---> TOURGUIDESERVICE
getUserRewards ---> TOURGUIDESERVICE
getUserRewards ---> TOURGUIDESERVICE
getUserRewards ---> TOURGUIDESERVICE
getUserRewards ---> TOURGUIDESERVICE
getUserRewards ---> TOURGUIDESERVICE
getUserRewards ---> TOURGUIDESERVICE
getUserRewards ---> TOURGUIDESERVICE
getUserRewards ---> TOURGUIDESERVICE
getUserRewards ---> TOURGUIDESERVICE
getUserRewards ---> TOURGUIDESERVICE
getUserRewards ---> TOURGUIDESERVICE
getUserRewards ---> TOURGUIDESERVICE
getUserRewards ---> TOURGUIDESERVICE
getUserRewards ---> TOURGUIDESERVICE
getUserRewards ---> TOURGUIDESERVICE
getUserRewards ---> TOURGUIDESERVICE
getUserRewards ---> TOURGUIDESERVICE
getUserRewards ---> TOURGUIDESERVICE
getUserRewards ---> TOURGUIDESERVICE
getUserRewards ---> TOURGUIDESERVICE
getUserRewards ---> TOURGUIDESERVICE
getUserRewards ---> TOURGUIDESERVICE
getUserRewards ---> TOURGUIDESERVICE
getUserRewards ---> TOURGUIDESERVICE
getUserRewards ---> TOURGUIDESERVICE
getUserRewards ---> TOURGUIDESERVICE
getUserRewards ---> TOURGUIDESERVICE
getUserRewards ---> TOURGUIDESERVICE
getUserRewards ---> TOURGUIDESERVICE
getUserRewards ---> TOURGUIDESERVICE
getUserRewards ---> TOURGUIDESERVICE
getUserRewards ---> TOURGUIDESERVICE
getUserRewards ---> TOURGUIDESERVICE
getUserRewards ---> TOURGUIDESERVICE
getUserRewards ---> TOURGUIDESERVICE
getUserRewards ---> TOURGUIDESERVICE
getUserRewards ---> TOURGUIDESERVICE
getUserRewards ---> TOURGUIDESERVICE
getUserRewards ---> TOURGUIDESERVICE
getUserRewards ---> TOURGUIDESERVICE
getUserRewards ---> TOURGUIDESERVICE
getUserRewards ---> TOURGUIDESERVICE
getUserRewards ---> TOURGUIDESERVICE
getUserRewards ---> TOURGUIDESERVICE
getUserRewards ---> TOURGUIDESERVICE
getUserRewards ---> TOURGUIDESERVICE
getUserRewards ---> TOURGUIDESERVICE
getUserRewards ---> TOURGUIDESERVICE
getUserRewards ---> TOURGUIDESERVICE
getUserRewards ---> TOURGUIDESERVICE
getUserRewards ---> TOURGUIDESERVICE
getUserRewards ---> TOURGUIDESERVICE
getUserRewards ---> TOURGUIDESERVICE
getUserRewards ---> TOURGUIDESERVICE
getUserRewards ---> TOURGUIDESERVICE
getUserRewards ---> TOURGUIDESERVICE
getUserRewards ---> TOURGUIDESERVICE
getUserRewards ---> TOURGUIDESERVICE
getUserRewards ---> TOURGUIDESERVICE
getUserRewards ---> TOURGUIDESERVICE
getUserRewards ---> TOURGUIDESERVICE
getUserRewards ---> TOURGUIDESERVICE
getUserRewards ---> TOURGUIDESERVICE
getUserRewards ---> TOURGUIDESERVICE
getUserRewards ---> TOURGUIDESERVICE
getUserRewards ---> TOURGUIDESERVICE
getUserRewards ---> TOURGUIDESERVICE
getUserRewards ---> TOURGUIDESERVICE
getUserRewards ---> TOURGUIDESERVICE
getUserRewards ---> TOURGUIDESERVICE
getUserRewards ---> TOURGUIDESERVICE
getUserRewards ---> TOURGUIDESERVICE
getUserRewards ---> TOURGUIDESERVICE
getUserRewards ---> TOURGUIDESERVICE
getUserRewards ---> TOURGUIDESERVICE
getUserRewards ---> TOURGUIDESERVICE
getUserRewards ---> TOURGUIDESERVICE
getUserRewards ---> TOURGUIDESERVICE
getUserRewards ---> TOURGUIDESERVICE
getUserRewards ---> TOURGUIDESERVICE
getUserRewards ---> TOURGUIDESERVICE
getUserRewards ---> TOURGUIDESERVICE
getUserRewards ---> TOURGUIDESERVICE
getUserRewards ---> TOURGUIDESERVICE
getUserRewards ---> TOURGUIDESERVICE
getUserRewards ---> TOURGUIDESERVICE
getUserRewards ---> TOURGUIDESERVICE
getUserRewards ---> TOURGUIDESERVICE
getUserRewards ---> TOURGUIDESERVICE
getUserRewards ---> TOURGUIDESERVICE
getUserRewards ---> TOURGUIDESERVICE
getUserRewards ---> TOURGUIDESERVICE
getUserRewards ---> TOURGUIDESERVICE
getUserRewards ---> TOURGUIDESERVICE
getUserRewards ---> TOURGUIDESERVICE
getUserRewards ---> TOURGUIDESERVICE
getUserRewards ---> TOURGUIDESERVICE
getUserRewards ---> TOURGUIDESERVICE
getUserRewards ---> TOURGUIDESERVICE
getUserRewards ---> TOURGUIDESERVICE
getUserRewards ---> TOURGUIDESERVICE
getUserRewards ---> TOURGUIDESERVICE
getUserRewards ---> TOURGUIDESERVICE
getUserRewards ---> TOURGUIDESERVICE
getUserRewards ---> TOURGUIDESERVICE
getUserRewards ---> TOURGUIDESERVICE
getUserRewards ---> TOURGUIDESERVICE
getUserRewards ---> TOURGUIDESERVICE
getUserRewards ---> TOURGUIDESERVICE
getUserRewards ---> TOURGUIDESERVICE
getUserRewards ---> TOURGUIDESERVICE
getUserRewards ---> TOURGUIDESERVICE
getUserRewards ---> TOURGUIDESERVICE
getUserRewards ---> TOURGUIDESERVICE
getUserRewards ---> TOURGUIDESERVICE
getUserRewards ---> TOURGUIDESERVICE
getUserRewards ---> TOURGUIDESERVICE
getUserRewards ---> TOURGUIDESERVICE
getUserRewards ---> TOURGUIDESERVICE
getUserRewards ---> TOURGUIDESERVICE
getUserRewards ---> TOURGUIDESERVICE
getUserRewards ---> TOURGUIDESERVICE
getUserRewards ---> TOURGUIDESERVICE
getUserRewards ---> TOURGUIDESERVICE
getUserRewards ---> TOURGUIDESERVICE
getUserRewards ---> TOURGUIDESERVICE
getUserRewards ---> TOURGUIDESERVICE
getUserRewards ---> TOURGUIDESERVICE
getUserRewards ---> TOURGUIDESERVICE
getUserRewards ---> TOURGUIDESERVICE
getUserRewards ---> TOURGUIDESERVICE
getUserRewards ---> TOURGUIDESERVICE
getUserRewards ---> TOURGUIDESERVICE
getUserRewards ---> TOURGUIDESERVICE
getUserRewards ---> TOURGUIDESERVICE
getUserRewards ---> TOURGUIDESERVICE
getUserRewards ---> TOURGUIDESERVICE
getUserRewards ---> TOURGUIDESERVICE
getUserRewards ---> TOURGUIDESERVICE
getUserRewards ---> TOURGUIDESERVICE
getUserRewards ---> TOURGUIDESERVICE
getUserRewards ---> TOURGUIDESERVICE
getUserRewards ---> TOURGUIDESERVICE
getUserRewards ---> TOURGUIDESERVICE
getUserRewards ---> TOURGUIDESERVICE
getUserRewards ---> TOURGUIDESERVICE
getUserRewards ---> TOURGUIDESERVICE
getUserRewards ---> TOURGUIDESERVICE
getUserRewards ---> TOURGUIDESERVICE
getUserRewards ---> TOURGUIDESERVICE
getUserRewards ---> TOURGUIDESERVICE
getUserRewards ---> TOURGUIDESERVICE
getUserRewards ---> TOURGUIDESERVICE
getUserRewards ---> TOURGUIDESERVICE
getUserRewards ---> TOURGUIDESERVICE
getUserRewards ---> TOURGUIDESERVICE
getUserRewards ---> TOURGUIDESERVICE
getUserRewards ---> TOURGUIDESERVICE
getUserRewards ---> TOURGUIDESERVICE
getUserRewards ---> TOURGUIDESERVICE
getUserRewards ---> TOURGUIDESERVICE
getUserRewards ---> TOURGUIDESERVICE
getUserRewards ---> TOURGUIDESERVICE
getUserRewards ---> TOURGUIDESERVICE
getUserRewards ---> TOURGUIDESERVICE
getUserRewards ---> TOURGUIDESERVICE
getUserRewards ---> TOURGUIDESERVICE
getUserRewards ---> TOURGUIDESERVICE
getUserRewards ---> TOURGUIDESERVICE
getUserRewards ---> TOURGUIDESERVICE
getUserRewards ---> TOURGUIDESERVICE
getUserRewards ---> TOURGUIDESERVICE
getUserRewards ---> TOURGUIDESERVICE
getUserRewards ---> TOURGUIDESERVICE
getUserRewards ---> TOURGUIDESERVICE
getUserRewards ---> TOURGUIDESERVICE
getUserRewards ---> TOURGUIDESERVICE
getUserRewards ---> TOURGUIDESERVICE
getUserRewards ---> TOURGUIDESERVICE
getUserRewards ---> TOURGUIDESERVICE
getUserRewards ---> TOURGUIDESERVICE
getUserRewards ---> TOURGUIDESERVICE
getUserRewards ---> TOURGUIDESERVICE
getUserRewards ---> TOURGUIDESERVICE
getUserRewards ---> TOURGUIDESERVICE
getUserRewards ---> TOURGUIDESERVICE
getUserRewards ---> TOURGUIDESERVICE
getUserRewards ---> TOURGUIDESERVICE
getUserRewards ---> TOURGUIDESERVICE
getUserRewards ---> TOURGUIDESERVICE
getUserRewards ---> TOURGUIDESERVICE
getUserRewards ---> TOURGUIDESERVICE
getUserRewards ---> TOURGUIDESERVICE
getUserRewards ---> TOURGUIDESERVICE
getUserRewards ---> TOURGUIDESERVICE
getUserRewards ---> TOURGUIDESERVICE
getUserRewards ---> TOURGUIDESERVICE
getUserRewards ---> TOURGUIDESERVICE
getUserRewards ---> TOURGUIDESERVICE
getUserRewards ---> TOURGUIDESERVICE
getUserRewards ---> TOURGUIDESERVICE
getUserRewards ---> TOURGUIDESERVICE
getUserRewards ---> TOURGUIDESERVICE
getUserRewards ---> TOURGUIDESERVICE
getUserRewards ---> TOURGUIDESERVICE
getUserRewards ---> TOURGUIDESERVICE
getUserRewards ---> TOURGUIDESERVICE
getUserRewards ---> TOURGUIDESERVICE
getUserRewards ---> TOURGUIDESERVICE
getUserRewards ---> TOURGUIDESERVICE
getUserRewards ---> TOURGUIDESERVICE
getUserRewards ---> TOURGUIDESERVICE
getUserRewards ---> TOURGUIDESERVICE
getUserRewards ---> TOURGUIDESERVICE
getUserRewards ---> TOURGUIDESERVICE
getUserRewards ---> TOURGUIDESERVICE
getUserRewards ---> TOURGUIDESERVICE
getUserRewards ---> TOURGUIDESERVICE
getUserRewards ---> TOURGUIDESERVICE
getUserRewards ---> TOURGUIDESERVICE
getUserRewards ---> TOURGUIDESERVICE
getUserRewards ---> TOURGUIDESERVICE
getUserRewards ---> TOURGUIDESERVICE
getUserRewards ---> TOURGUIDESERVICE
getUserRewards ---> TOURGUIDESERVICE
getUserRewards ---> TOURGUIDESERVICE
getUserRewards ---> TOURGUIDESERVICE
getUserRewards ---> TOURGUIDESERVICE
getUserRewards ---> TOURGUIDESERVICE
getUserRewards ---> TOURGUIDESERVICE
getUserRewards ---> TOURGUIDESERVICE
getUserRewards ---> TOURGUIDESERVICE
getUserRewards ---> TOURGUIDESERVICE
getUserRewards ---> TOURGUIDESERVICE
getUserRewards ---> TOURGUIDESERVICE
getUserRewards ---> TOURGUIDESERVICE
getUserRewards ---> TOURGUIDESERVICE
getUserRewards ---> TOURGUIDESERVICE
getUserRewards ---> TOURGUIDESERVICE
getUserRewards ---> TOURGUIDESERVICE
getUserRewards ---> TOURGUIDESERVICE
getUserRewards ---> TOURGUIDESERVICE
getUserRewards ---> TOURGUIDESERVICE
getUserRewards ---> TOURGUIDESERVICE
getUserRewards ---> TOURGUIDESERVICE
getUserRewards ---> TOURGUIDESERVICE
getUserRewards ---> TOURGUIDESERVICE
getUserRewards ---> TOURGUIDESERVICE
getUserRewards ---> TOURGUIDESERVICE
getUserRewards ---> TOURGUIDESERVICE
getUserRewards ---> TOURGUIDESERVICE
getUserRewards ---> TOURGUIDESERVICE
getUserRewards ---> TOURGUIDESERVICE
getUserRewards ---> TOURGUIDESERVICE
getUserRewards ---> TOURGUIDESERVICE
getUserRewards ---> TOURGUIDESERVICE
getUserRewards ---> TOURGUIDESERVICE
getUserRewards ---> TOURGUIDESERVICE
getUserRewards ---> TOURGUIDESERVICE
getUserRewards ---> TOURGUIDESERVICE
getUserRewards ---> TOURGUIDESERVICE
getUserRewards ---> TOURGUIDESERVICE
getUserRewards ---> TOURGUIDESERVICE
getUserRewards ---> TOURGUIDESERVICE
getUserRewards ---> TOURGUIDESERVICE
getUserRewards ---> TOURGUIDESERVICE
getUserRewards ---> TOURGUIDESERVICE
getUserRewards ---> TOURGUIDESERVICE
getUserRewards ---> TOURGUIDESERVICE
getUserRewards ---> TOURGUIDESERVICE
getUserRewards ---> TOURGUIDESERVICE
getUserRewards ---> TOURGUIDESERVICE
getUserRewards ---> TOURGUIDESERVICE
getUserRewards ---> TOURGUIDESERVICE
getUserRewards ---> TOURGUIDESERVICE
getUserRewards ---> TOURGUIDESERVICE
getUserRewards ---> TOURGUIDESERVICE
getUserRewards ---> TOURGUIDESERVICE
getUserRewards ---> TOURGUIDESERVICE
getUserRewards ---> TOURGUIDESERVICE
getUserRewards ---> TOURGUIDESERVICE
getUserRewards ---> TOURGUIDESERVICE
getUserRewards ---> TOURGUIDESERVICE
getUserRewards ---> TOURGUIDESERVICE
getUserRewards ---> TOURGUIDESERVICE
getUserRewards ---> TOURGUIDESERVICE
getUserRewards ---> TOURGUIDESERVICE
getUserRewards ---> TOURGUIDESERVICE
getUserRewards ---> TOURGUIDESERVICE
getUserRewards ---> TOURGUIDESERVICE
getUserRewards ---> TOURGUIDESERVICE
getUserRewards ---> TOURGUIDESERVICE
getUserRewards ---> TOURGUIDESERVICE
getUserRewards ---> TOURGUIDESERVICE
getUserRewards ---> TOURGUIDESERVICE
getUserRewards ---> TOURGUIDESERVICE
getUserRewards ---> TOURGUIDESERVICE
getUserRewards ---> TOURGUIDESERVICE
getUserRewards ---> TOURGUIDESERVICE
getUserRewards ---> TOURGUIDESERVICE
getUserRewards ---> TOURGUIDESERVICE
getUserRewards ---> TOURGUIDESERVICE
getUserRewards ---> TOURGUIDESERVICE
getUserRewards ---> TOURGUIDESERVICE
getUserRewards ---> TOURGUIDESERVICE
getUserRewards ---> TOURGUIDESERVICE
getUserRewards ---> TOURGUIDESERVICE
getUserRewards ---> TOURGUIDESERVICE
getUserRewards ---> TOURGUIDESERVICE
getUserRewards ---> TOURGUIDESERVICE
getUserRewards ---> TOURGUIDESERVICE
getUserRewards ---> TOURGUIDESERVICE
getUserRewards ---> TOURGUIDESERVICE
getUserRewards ---> TOURGUIDESERVICE
getUserRewards ---> TOURGUIDESERVICE
getUserRewards ---> TOURGUIDESERVICE
getUserRewards ---> TOURGUIDESERVICE
getUserRewards ---> TOURGUIDESERVICE
getUserRewards ---> TOURGUIDESERVICE
getUserRewards ---> TOURGUIDESERVICE
getUserRewards ---> TOURGUIDESERVICE
getUserRewards ---> TOURGUIDESERVICE
getUserRewards ---> TOURGUIDESERVICE
getUserRewards ---> TOURGUIDESERVICE
getUserRewards ---> TOURGUIDESERVICE
getUserRewards ---> TOURGUIDESERVICE
getUserRewards ---> TOURGUIDESERVICE
getUserRewards ---> TOURGUIDESERVICE
getUserRewards ---> TOURGUIDESERVICE
getUserRewards ---> TOURGUIDESERVICE
getUserRewards ---> TOURGUIDESERVICE
getUserRewards ---> TOURGUIDESERVICE
getUserRewards ---> TOURGUIDESERVICE
getUserRewards ---> TOURGUIDESERVICE
getUserRewards ---> TOURGUIDESERVICE
getUserRewards ---> TOURGUIDESERVICE
getUserRewards ---> TOURGUIDESERVICE
getUserRewards ---> TOURGUIDESERVICE
getUserRewards ---> TOURGUIDESERVICE
getUserRewards ---> TOURGUIDESERVICE
getUserRewards ---> TOURGUIDESERVICE
getUserRewards ---> TOURGUIDESERVICE
getUserRewards ---> TOURGUIDESERVICE
getUserRewards ---> TOURGUIDESERVICE
getUserRewards ---> TOURGUIDESERVICE
getUserRewards ---> TOURGUIDESERVICE
getUserRewards ---> TOURGUIDESERVICE
getUserRewards ---> TOURGUIDESERVICE
getUserRewards ---> TOURGUIDESERVICE
getUserRewards ---> TOURGUIDESERVICE
getUserRewards ---> TOURGUIDESERVICE
getUserRewards ---> TOURGUIDESERVICE
getUserRewards ---> TOURGUIDESERVICE
getUserRewards ---> TOURGUIDESERVICE
getUserRewards ---> TOURGUIDESERVICE
getUserRewards ---> TOURGUIDESERVICE
getUserRewards ---> TOURGUIDESERVICE
getUserRewards ---> TOURGUIDESERVICE
getUserRewards ---> TOURGUIDESERVICE
getUserRewards ---> TOURGUIDESERVICE
getUserRewards ---> TOURGUIDESERVICE
getUserRewards ---> TOURGUIDESERVICE
getUserRewards ---> TOURGUIDESERVICE
getUserRewards ---> TOURGUIDESERVICE
getUserRewards ---> TOURGUIDESERVICE
getUserRewards ---> TOURGUIDESERVICE
getUserRewards ---> TOURGUIDESERVICE
getUserRewards ---> TOURGUIDESERVICE
getUserRewards ---> TOURGUIDESERVICE
getUserRewards ---> TOURGUIDESERVICE
getUserRewards ---> TOURGUIDESERVICE
getUserRewards ---> TOURGUIDESERVICE
getUserRewards ---> TOURGUIDESERVICE
getUserRewards ---> TOURGUIDESERVICE
getUserRewards ---> TOURGUIDESERVICE
getUserRewards ---> TOURGUIDESERVICE
getUserRewards ---> TOURGUIDESERVICE
getUserRewards ---> TOURGUIDESERVICE
getUserRewards ---> TOURGUIDESERVICE
getUserRewards ---> TOURGUIDESERVICE
getUserRewards ---> TOURGUIDESERVICE
getUserRewards ---> TOURGUIDESERVICE
getUserRewards ---> TOURGUIDESERVICE
getUserRewards ---> TOURGUIDESERVICE
getUserRewards ---> TOURGUIDESERVICE
getUserRewards ---> TOURGUIDESERVICE
getUserRewards ---> TOURGUIDESERVICE
getUserRewards ---> TOURGUIDESERVICE
getUserRewards ---> TOURGUIDESERVICE
getUserRewards ---> TOURGUIDESERVICE
getUserRewards ---> TOURGUIDESERVICE
getUserRewards ---> TOURGUIDESERVICE
getUserRewards ---> TOURGUIDESERVICE
getUserRewards ---> TOURGUIDESERVICE
getUserRewards ---> TOURGUIDESERVICE
getUserRewards ---> TOURGUIDESERVICE
getUserRewards ---> TOURGUIDESERVICE
getUserRewards ---> TOURGUIDESERVICE
getUserRewards ---> TOURGUIDESERVICE
getUserRewards ---> TOURGUIDESERVICE
getUserRewards ---> TOURGUIDESERVICE
getUserRewards ---> TOURGUIDESERVICE
getUserRewards ---> TOURGUIDESERVICE
getUserRewards ---> TOURGUIDESERVICE
getUserRewards ---> TOURGUIDESERVICE
getUserRewards ---> TOURGUIDESERVICE
getUserRewards ---> TOURGUIDESERVICE
getUserRewards ---> TOURGUIDESERVICE
getUserRewards ---> TOURGUIDESERVICE
getUserRewards ---> TOURGUIDESERVICE
getUserRewards ---> TOURGUIDESERVICE
getUserRewards ---> TOURGUIDESERVICE
getUserRewards ---> TOURGUIDESERVICE
getUserRewards ---> TOURGUIDESERVICE
getUserRewards ---> TOURGUIDESERVICE
getUserRewards ---> TOURGUIDESERVICE
getUserRewards ---> TOURGUIDESERVICE
getUserRewards ---> TOURGUIDESERVICE
getUserRewards ---> TOURGUIDESERVICE
getUserRewards ---> TOURGUIDESERVICE
getUserRewards ---> TOURGUIDESERVICE
getUserRewards ---> TOURGUIDESERVICE
getUserRewards ---> TOURGUIDESERVICE
getUserRewards ---> TOURGUIDESERVICE
getUserRewards ---> TOURGUIDESERVICE
getUserRewards ---> TOURGUIDESERVICE
getUserRewards ---> TOURGUIDESERVICE
getUserRewards ---> TOURGUIDESERVICE
getUserRewards ---> TOURGUIDESERVICE
getUserRewards ---> TOURGUIDESERVICE
getUserRewards ---> TOURGUIDESERVICE
getUserRewards ---> TOURGUIDESERVICE
getUserRewards ---> TOURGUIDESERVICE
getUserRewards ---> TOURGUIDESERVICE
getUserRewards ---> TOURGUIDESERVICE
getUserRewards ---> TOURGUIDESERVICE
getUserRewards ---> TOURGUIDESERVICE
getUserRewards ---> TOURGUIDESERVICE
getUserRewards ---> TOURGUIDESERVICE
getUserRewards ---> TOURGUIDESERVICE
getUserRewards ---> TOURGUIDESERVICE
getUserRewards ---> TOURGUIDESERVICE
getUserRewards ---> TOURGUIDESERVICE
getUserRewards ---> TOURGUIDESERVICE
getUserRewards ---> TOURGUIDESERVICE
getUserRewards ---> TOURGUIDESERVICE
getUserRewards ---> TOURGUIDESERVICE
getUserRewards ---> TOURGUIDESERVICE
getUserRewards ---> TOURGUIDESERVICE
getUserRewards ---> TOURGUIDESERVICE
getUserRewards ---> TOURGUIDESERVICE
getUserRewards ---> TOURGUIDESERVICE
getUserRewards ---> TOURGUIDESERVICE
getUserRewards ---> TOURGUIDESERVICE
getUserRewards ---> TOURGUIDESERVICE
getUserRewards ---> TOURGUIDESERVICE
getUserRewards ---> TOURGUIDESERVICE
getUserRewards ---> TOURGUIDESERVICE
getUserRewards ---> TOURGUIDESERVICE
getUserRewards ---> TOURGUIDESERVICE
getUserRewards ---> TOURGUIDESERVICE
getUserRewards ---> TOURGUIDESERVICE
getUserRewards ---> TOURGUIDESERVICE
getUserRewards ---> TOURGUIDESERVICE
getUserRewards ---> TOURGUIDESERVICE
getUserRewards ---> TOURGUIDESERVICE
getUserRewards ---> TOURGUIDESERVICE
getUserRewards ---> TOURGUIDESERVICE
getUserRewards ---> TOURGUIDESERVICE
getUserRewards ---> TOURGUIDESERVICE
getUserRewards ---> TOURGUIDESERVICE
getUserRewards ---> TOURGUIDESERVICE
getUserRewards ---> TOURGUIDESERVICE
getUserRewards ---> TOURGUIDESERVICE
getUserRewards ---> TOURGUIDESERVICE
getUserRewards ---> TOURGUIDESERVICE
getUserRewards ---> TOURGUIDESERVICE
getUserRewards ---> TOURGUIDESERVICE
getUserRewards ---> TOURGUIDESERVICE
getUserRewards ---> TOURGUIDESERVICE
getUserRewards ---> TOURGUIDESERVICE
getUserRewards ---> TOURGUIDESERVICE
getUserRewards ---> TOURGUIDESERVICE
getUserRewards ---> TOURGUIDESERVICE
getUserRewards ---> TOURGUIDESERVICE
getUserRewards ---> TOURGUIDESERVICE
getUserRewards ---> TOURGUIDESERVICE
getUserRewards ---> TOURGUIDESERVICE
getUserRewards ---> TOURGUIDESERVICE
getUserRewards ---> TOURGUIDESERVICE
getUserRewards ---> TOURGUIDESERVICE
getUserRewards ---> TOURGUIDESERVICE
getUserRewards ---> TOURGUIDESERVICE
getUserRewards ---> TOURGUIDESERVICE
getUserRewards ---> TOURGUIDESERVICE
getUserRewards ---> TOURGUIDESERVICE
getUserRewards ---> TOURGUIDESERVICE
getUserRewards ---> TOURGUIDESERVICE
getUserRewards ---> TOURGUIDESERVICE
getUserRewards ---> TOURGUIDESERVICE
getUserRewards ---> TOURGUIDESERVICE
getUserRewards ---> TOURGUIDESERVICE
getUserRewards ---> TOURGUIDESERVICE
getUserRewards ---> TOURGUIDESERVICE
getUserRewards ---> TOURGUIDESERVICE
getUserRewards ---> TOURGUIDESERVICE
getUserRewards ---> TOURGUIDESERVICE
getUserRewards ---> TOURGUIDESERVICE
getUserRewards ---> TOURGUIDESERVICE
getUserRewards ---> TOURGUIDESERVICE
getUserRewards ---> TOURGUIDESERVICE
getUserRewards ---> TOURGUIDESERVICE
getUserRewards ---> TOURGUIDESERVICE
getUserRewards ---> TOURGUIDESERVICE
getUserRewards ---> TOURGUIDESERVICE
getUserRewards ---> TOURGUIDESERVICE
getUserRewards ---> TOURGUIDESERVICE
getUserRewards ---> TOURGUIDESERVICE
getUserRewards ---> TOURGUIDESERVICE
getUserRewards ---> TOURGUIDESERVICE
getUserRewards ---> TOURGUIDESERVICE
getUserRewards ---> TOURGUIDESERVICE
getUserRewards ---> TOURGUIDESERVICE
getUserRewards ---> TOURGUIDESERVICE
getUserRewards ---> TOURGUIDESERVICE
getUserRewards ---> TOURGUIDESERVICE
getUserRewards ---> TOURGUIDESERVICE
getUserRewards ---> TOURGUIDESERVICE
getUserRewards ---> TOURGUIDESERVICE
getUserRewards ---> TOURGUIDESERVICE
getUserRewards ---> TOURGUIDESERVICE
getUserRewards ---> TOURGUIDESERVICE
getUserRewards ---> TOURGUIDESERVICE
getUserRewards ---> TOURGUIDESERVICE
getUserRewards ---> TOURGUIDESERVICE
getUserRewards ---> TOURGUIDESERVICE
getUserRewards ---> TOURGUIDESERVICE
getUserRewards ---> TOURGUIDESERVICE
getUserRewards ---> TOURGUIDESERVICE
getUserRewards ---> TOURGUIDESERVICE
getUserRewards ---> TOURGUIDESERVICE
getUserRewards ---> TOURGUIDESERVICE
getUserRewards ---> TOURGUIDESERVICE
getUserRewards ---> TOURGUIDESERVICE
getUserRewards ---> TOURGUIDESERVICE
getUserRewards ---> TOURGUIDESERVICE
getUserRewards ---> TOURGUIDESERVICE
getUserRewards ---> TOURGUIDESERVICE
getUserRewards ---> TOURGUIDESERVICE
getUserRewards ---> TOURGUIDESERVICE
getUserRewards ---> TOURGUIDESERVICE
getUserRewards ---> TOURGUIDESERVICE
getUserRewards ---> TOURGUIDESERVICE
getUserRewards ---> TOURGUIDESERVICE
getUserRewards ---> TOURGUIDESERVICE
getUserRewards ---> TOURGUIDESERVICE
getUserRewards ---> TOURGUIDESERVICE
getUserRewards ---> TOURGUIDESERVICE
getUserRewards ---> TOURGUIDESERVICE
getUserRewards ---> TOURGUIDESERVICE
getUserRewards ---> TOURGUIDESERVICE
getUserRewards ---> TOURGUIDESERVICE
getUserRewards ---> TOURGUIDESERVICE
getUserRewards ---> TOURGUIDESERVICE
getUserRewards ---> TOURGUIDESERVICE
getUserRewards ---> TOURGUIDESERVICE
getUserRewards ---> TOURGUIDESERVICE
getUserRewards ---> TOURGUIDESERVICE
getUserRewards ---> TOURGUIDESERVICE
getUserRewards ---> TOURGUIDESERVICE
getUserRewards ---> TOURGUIDESERVICE
getUserRewards ---> TOURGUIDESERVICE
getUserRewards ---> TOURGUIDESERVICE
getUserRewards ---> TOURGUIDESERVICE
getUserRewards ---> TOURGUIDESERVICE
getUserRewards ---> TOURGUIDESERVICE
getUserRewards ---> TOURGUIDESERVICE
getUserRewards ---> TOURGUIDESERVICE
getUserRewards ---> TOURGUIDESERVICE
getUserRewards ---> TOURGUIDESERVICE
getUserRewards ---> TOURGUIDESERVICE
getUserRewards ---> TOURGUIDESERVICE
getUserRewards ---> TOURGUIDESERVICE
getUserRewards ---> TOURGUIDESERVICE
getUserRewards ---> TOURGUIDESERVICE
getUserRewards ---> TOURGUIDESERVICE
getUserRewards ---> TOURGUIDESERVICE
getUserRewards ---> TOURGUIDESERVICE
getUserRewards ---> TOURGUIDESERVICE
getUserRewards ---> TOURGUIDESERVICE
getUserRewards ---> TOURGUIDESERVICE
getUserRewards ---> TOURGUIDESERVICE
getUserRewards ---> TOURGUIDESERVICE
getUserRewards ---> TOURGUIDESERVICE
getUserRewards ---> TOURGUIDESERVICE
getUserRewards ---> TOURGUIDESERVICE
getUserRewards ---> TOURGUIDESERVICE
getUserRewards ---> TOURGUIDESERVICE
getUserRewards ---> TOURGUIDESERVICE
getUserRewards ---> TOURGUIDESERVICE
getUserRewards ---> TOURGUIDESERVICE
getUserRewards ---> TOURGUIDESERVICE
getUserRewards ---> TOURGUIDESERVICE
getUserRewards ---> TOURGUIDESERVICE
getUserRewards ---> TOURGUIDESERVICE
getUserRewards ---> TOURGUIDESERVICE
getUserRewards ---> TOURGUIDESERVICE
getUserRewards ---> TOURGUIDESERVICE
getUserRewards ---> TOURGUIDESERVICE
getUserRewards ---> TOURGUIDESERVICE
getUserRewards ---> TOURGUIDESERVICE
getUserRewards ---> TOURGUIDESERVICE
getUserRewards ---> TOURGUIDESERVICE
getUserRewards ---> TOURGUIDESERVICE
getUserRewards ---> TOURGUIDESERVICE
getUserRewards ---> TOURGUIDESERVICE
getUserRewards ---> TOURGUIDESERVICE
getUserRewards ---> TOURGUIDESERVICE
getUserRewards ---> TOURGUIDESERVICE
getUserRewards ---> TOURGUIDESERVICE
getUserRewards ---> TOURGUIDESERVICE
getUserRewards ---> TOURGUIDESERVICE
getUserRewards ---> TOURGUIDESERVICE
getUserRewards ---> TOURGUIDESERVICE
getUserRewards ---> TOURGUIDESERVICE
getUserRewards ---> TOURGUIDESERVICE
getUserRewards ---> TOURGUIDESERVICE
getUserRewards ---> TOURGUIDESERVICE
getUserRewards ---> TOURGUIDESERVICE
getUserRewards ---> TOURGUIDESERVICE
getUserRewards ---> TOURGUIDESERVICE
getUserRewards ---> TOURGUIDESERVICE
getUserRewards ---> TOURGUIDESERVICE
getUserRewards ---> TOURGUIDESERVICE
getUserRewards ---> TOURGUIDESERVICE
getUserRewards ---> TOURGUIDESERVICE
getUserRewards ---> TOURGUIDESERVICE
getUserRewards ---> TOURGUIDESERVICE
getUserRewards ---> TOURGUIDESERVICE
getUserRewards ---> TOURGUIDESERVICE
getUserRewards ---> TOURGUIDESERVICE
getUserRewards ---> TOURGUIDESERVICE
getUserRewards ---> TOURGUIDESERVICE
getUserRewards ---> TOURGUIDESERVICE
getUserRewards ---> TOURGUIDESERVICE
getUserRewards ---> TOURGUIDESERVICE
getUserRewards ---> TOURGUIDESERVICE
getUserRewards ---> TOURGUIDESERVICE
getUserRewards ---> TOURGUIDESERVICE
getUserRewards ---> TOURGUIDESERVICE
getUserRewards ---> TOURGUIDESERVICE
getUserRewards ---> TOURGUIDESERVICE
getUserRewards ---> TOURGUIDESERVICE
getUserRewards ---> TOURGUIDESERVICE
getUserRewards ---> TOURGUIDESERVICE
getUserRewards ---> TOURGUIDESERVICE
getUserRewards ---> TOURGUIDESERVICE
getUserRewards ---> TOURGUIDESERVICE
getUserRewards ---> TOURGUIDESERVICE
getUserRewards ---> TOURGUIDESERVICE
getUserRewards ---> TOURGUIDESERVICE
getUserRewards ---> TOURGUIDESERVICE
getUserRewards ---> TOURGUIDESERVICE
getUserRewards ---> TOURGUIDESERVICE
getUserRewards ---> TOURGUIDESERVICE
getUserRewards ---> TOURGUIDESERVICE
getUserRewards ---> TOURGUIDESERVICE
getUserRewards ---> TOURGUIDESERVICE
getUserRewards ---> TOURGUIDESERVICE
getUserRewards ---> TOURGUIDESERVICE
getUserRewards ---> TOURGUIDESERVICE
getUserRewards ---> TOURGUIDESERVICE
getUserRewards ---> TOURGUIDESERVICE
getUserRewards ---> TOURGUIDESERVICE
getUserRewards ---> TOURGUIDESERVICE
getUserRewards ---> TOURGUIDESERVICE
getUserRewards ---> TOURGUIDESERVICE
getUserRewards ---> TOURGUIDESERVICE
getUserRewards ---> TOURGUIDESERVICE
getUserRewards ---> TOURGUIDESERVICE
getUserRewards ---> TOURGUIDESERVICE
getUserRewards ---> TOURGUIDESERVICE
getUserRewards ---> TOURGUIDESERVICE
getUserRewards ---> TOURGUIDESERVICE
getUserRewards ---> TOURGUIDESERVICE
getUserRewards ---> TOURGUIDESERVICE
getUserRewards ---> TOURGUIDESERVICE
getUserRewards ---> TOURGUIDESERVICE
getUserRewards ---> TOURGUIDESERVICE
getUserRewards ---> TOURGUIDESERVICE
getUserRewards ---> TOURGUIDESERVICE
getUserRewards ---> TOURGUIDESERVICE
getUserRewards ---> TOURGUIDESERVICE
getUserRewards ---> TOURGUIDESERVICE
getUserRewards ---> TOURGUIDESERVICE
getUserRewards ---> TOURGUIDESERVICE
getUserRewards ---> TOURGUIDESERVICE
getUserRewards ---> TOURGUIDESERVICE
getUserRewards ---> TOURGUIDESERVICE
getUserRewards ---> TOURGUIDESERVICE
getUserRewards ---> TOURGUIDESERVICE
getUserRewards ---> TOURGUIDESERVICE
getUserRewards ---> TOURGUIDESERVICE
getUserRewards ---> TOURGUIDESERVICE
getUserRewards ---> TOURGUIDESERVICE
getUserRewards ---> TOURGUIDESERVICE
getUserRewards ---> TOURGUIDESERVICE
getUserRewards ---> TOURGUIDESERVICE
getUserRewards ---> TOURGUIDESERVICE
getUserRewards ---> TOURGUIDESERVICE
getUserRewards ---> TOURGUIDESERVICE
getUserRewards ---> TOURGUIDESERVICE
getUserRewards ---> TOURGUIDESERVICE
getUserRewards ---> TOURGUIDESERVICE
getUserRewards ---> TOURGUIDESERVICE
getUserRewards ---> TOURGUIDESERVICE
getUserRewards ---> TOURGUIDESERVICE
getUserRewards ---> TOURGUIDESERVICE
getUserRewards ---> TOURGUIDESERVICE
getUserRewards ---> TOURGUIDESERVICE
getUserRewards ---> TOURGUIDESERVICE
getUserRewards ---> TOURGUIDESERVICE
getUserRewards ---> TOURGUIDESERVICE
getUserRewards ---> TOURGUIDESERVICE
getUserRewards ---> TOURGUIDESERVICE
getUserRewards ---> TOURGUIDESERVICE
getUserRewards ---> TOURGUIDESERVICE
getUserRewards ---> TOURGUIDESERVICE
getUserRewards ---> TOURGUIDESERVICE
getUserRewards ---> TOURGUIDESERVICE
getUserRewards ---> TOURGUIDESERVICE
getUserRewards ---> TOURGUIDESERVICE
getUserRewards ---> TOURGUIDESERVICE
getUserRewards ---> TOURGUIDESERVICE
getUserRewards ---> TOURGUIDESERVICE
getUserRewards ---> TOURGUIDESERVICE
getUserRewards ---> TOURGUIDESERVICE
getUserRewards ---> TOURGUIDESERVICE
getUserRewards ---> TOURGUIDESERVICE
getUserRewards ---> TOURGUIDESERVICE
getUserRewards ---> TOURGUIDESERVICE
getUserRewards ---> TOURGUIDESERVICE
getUserRewards ---> TOURGUIDESERVICE
getUserRewards ---> TOURGUIDESERVICE
getUserRewards ---> TOURGUIDESERVICE
getUserRewards ---> TOURGUIDESERVICE
getUserRewards ---> TOURGUIDESERVICE
getUserRewards ---> TOURGUIDESERVICE
getUserRewards ---> TOURGUIDESERVICE
getUserRewards ---> TOURGUIDESERVICE
getUserRewards ---> TOURGUIDESERVICE
getUserRewards ---> TOURGUIDESERVICE
getUserRewards ---> TOURGUIDESERVICE
getUserRewards ---> TOURGUIDESERVICE
getUserRewards ---> TOURGUIDESERVICE
getUserRewards ---> TOURGUIDESERVICE
getUserRewards ---> TOURGUIDESERVICE
getUserRewards ---> TOURGUIDESERVICE
getUserRewards ---> TOURGUIDESERVICE
getUserRewards ---> TOURGUIDESERVICE
getUserRewards ---> TOURGUIDESERVICE
getUserRewards ---> TOURGUIDESERVICE
getUserRewards ---> TOURGUIDESERVICE
getUserRewards ---> TOURGUIDESERVICE
getUserRewards ---> TOURGUIDESERVICE
getUserRewards ---> TOURGUIDESERVICE
getUserRewards ---> TOURGUIDESERVICE
getUserRewards ---> TOURGUIDESERVICE
getUserRewards ---> TOURGUIDESERVICE
getUserRewards ---> TOURGUIDESERVICE
getUserRewards ---> TOURGUIDESERVICE
getUserRewards ---> TOURGUIDESERVICE
getUserRewards ---> TOURGUIDESERVICE
getUserRewards ---> TOURGUIDESERVICE
getUserRewards ---> TOURGUIDESERVICE
getUserRewards ---> TOURGUIDESERVICE
getUserRewards ---> TOURGUIDESERVICE
getUserRewards ---> TOURGUIDESERVICE
getUserRewards ---> TOURGUIDESERVICE
getUserRewards ---> TOURGUIDESERVICE
getUserRewards ---> TOURGUIDESERVICE
getUserRewards ---> TOURGUIDESERVICE
getUserRewards ---> TOURGUIDESERVICE
getUserRewards ---> TOURGUIDESERVICE
getUserRewards ---> TOURGUIDESERVICE
getUserRewards ---> TOURGUIDESERVICE
getUserRewards ---> TOURGUIDESERVICE
getUserRewards ---> TOURGUIDESERVICE
getUserRewards ---> TOURGUIDESERVICE
getUserRewards ---> TOURGUIDESERVICE
getUserRewards ---> TOURGUIDESERVICE
getUserRewards ---> TOURGUIDESERVICE
getUserRewards ---> TOURGUIDESERVICE
getUserRewards ---> TOURGUIDESERVICE
getUserRewards ---> TOURGUIDESERVICE
getUserRewards ---> TOURGUIDESERVICE
getUserRewards ---> TOURGUIDESERVICE
getUserRewards ---> TOURGUIDESERVICE
getUserRewards ---> TOURGUIDESERVICE
getUserRewards ---> TOURGUIDESERVICE
getUserRewards ---> TOURGUIDESERVICE
getUserRewards ---> TOURGUIDESERVICE
getUserRewards ---> TOURGUIDESERVICE
getUserRewards ---> TOURGUIDESERVICE
getUserRewards ---> TOURGUIDESERVICE
getUserRewards ---> TOURGUIDESERVICE
getUserRewards ---> TOURGUIDESERVICE
getUserRewards ---> TOURGUIDESERVICE
getUserRewards ---> TOURGUIDESERVICE
getUserRewards ---> TOURGUIDESERVICE
getUserRewards ---> TOURGUIDESERVICE
getUserRewards ---> TOURGUIDESERVICE
getUserRewards ---> TOURGUIDESERVICE
getUserRewards ---> TOURGUIDESERVICE
getUserRewards ---> TOURGUIDESERVICE
getUserRewards ---> TOURGUIDESERVICE
getUserRewards ---> TOURGUIDESERVICE
getUserRewards ---> TOURGUIDESERVICE
getUserRewards ---> TOURGUIDESERVICE
getUserRewards ---> TOURGUIDESERVICE
getUserRewards ---> TOURGUIDESERVICE
getUserRewards ---> TOURGUIDESERVICE
getUserRewards ---> TOURGUIDESERVICE
getUserRewards ---> TOURGUIDESERVICE
getUserRewards ---> TOURGUIDESERVICE
getUserRewards ---> TOURGUIDESERVICE
getUserRewards ---> TOURGUIDESERVICE
getUserRewards ---> TOURGUIDESERVICE
getUserRewards ---> TOURGUIDESERVICE
getUserRewards ---> TOURGUIDESERVICE
getUserRewards ---> TOURGUIDESERVICE
getUserRewards ---> TOURGUIDESERVICE
getUserRewards ---> TOURGUIDESERVICE
getUserRewards ---> TOURGUIDESERVICE
getUserRewards ---> TOURGUIDESERVICE
getUserRewards ---> TOURGUIDESERVICE
getUserRewards ---> TOURGUIDESERVICE
getUserRewards ---> TOURGUIDESERVICE
getUserRewards ---> TOURGUIDESERVICE
getUserRewards ---> TOURGUIDESERVICE
getUserRewards ---> TOURGUIDESERVICE
getUserRewards ---> TOURGUIDESERVICE
getUserRewards ---> TOURGUIDESERVICE
getUserRewards ---> TOURGUIDESERVICE
getUserRewards ---> TOURGUIDESERVICE
getUserRewards ---> TOURGUIDESERVICE
getUserRewards ---> TOURGUIDESERVICE
getUserRewards ---> TOURGUIDESERVICE
getUserRewards ---> TOURGUIDESERVICE
getUserRewards ---> TOURGUIDESERVICE
getUserRewards ---> TOURGUIDESERVICE
getUserRewards ---> TOURGUIDESERVICE
getUserRewards ---> TOURGUIDESERVICE
getUserRewards ---> TOURGUIDESERVICE
getUserRewards ---> TOURGUIDESERVICE
getUserRewards ---> TOURGUIDESERVICE
getUserRewards ---> TOURGUIDESERVICE
getUserRewards ---> TOURGUIDESERVICE
getUserRewards ---> TOURGUIDESERVICE
getUserRewards ---> TOURGUIDESERVICE
getUserRewards ---> TOURGUIDESERVICE
getUserRewards ---> TOURGUIDESERVICE
getUserRewards ---> TOURGUIDESERVICE
getUserRewards ---> TOURGUIDESERVICE
getUserRewards ---> TOURGUIDESERVICE
getUserRewards ---> TOURGUIDESERVICE
getUserRewards ---> TOURGUIDESERVICE
getUserRewards ---> TOURGUIDESERVICE
getUserRewards ---> TOURGUIDESERVICE
getUserRewards ---> TOURGUIDESERVICE
getUserRewards ---> TOURGUIDESERVICE
getUserRewards ---> TOURGUIDESERVICE
getUserRewards ---> TOURGUIDESERVICE
getUserRewards ---> TOURGUIDESERVICE
getUserRewards ---> TOURGUIDESERVICE
getUserRewards ---> TOURGUIDESERVICE
getUserRewards ---> TOURGUIDESERVICE
getUserRewards ---> TOURGUIDESERVICE
getUserRewards ---> TOURGUIDESERVICE
getUserRewards ---> TOURGUIDESERVICE
getUserRewards ---> TOURGUIDESERVICE
getUserRewards ---> TOURGUIDESERVICE
getUserRewards ---> TOURGUIDESERVICE
getUserRewards ---> TOURGUIDESERVICE
getUserRewards ---> TOURGUIDESERVICE
getUserRewards ---> TOURGUIDESERVICE
getUserRewards ---> TOURGUIDESERVICE
getUserRewards ---> TOURGUIDESERVICE
getUserRewards ---> TOURGUIDESERVICE
getUserRewards ---> TOURGUIDESERVICE
getUserRewards ---> TOURGUIDESERVICE
getUserRewards ---> TOURGUIDESERVICE
getUserRewards ---> TOURGUIDESERVICE
getUserRewards ---> TOURGUIDESERVICE
getUserRewards ---> TOURGUIDESERVICE
getUserRewards ---> TOURGUIDESERVICE
getUserRewards ---> TOURGUIDESERVICE
getUserRewards ---> TOURGUIDESERVICE
getUserRewards ---> TOURGUIDESERVICE
getUserRewards ---> TOURGUIDESERVICE
getUserRewards ---> TOURGUIDESERVICE
getUserRewards ---> TOURGUIDESERVICE
getUserRewards ---> TOURGUIDESERVICE
getUserRewards ---> TOURGUIDESERVICE
getUserRewards ---> TOURGUIDESERVICE
getUserRewards ---> TOURGUIDESERVICE
getUserRewards ---> TOURGUIDESERVICE
getUserRewards ---> TOURGUIDESERVICE
getUserRewards ---> TOURGUIDESERVICE
getUserRewards ---> TOURGUIDESERVICE
getUserRewards ---> TOURGUIDESERVICE
getUserRewards ---> TOURGUIDESERVICE
getUserRewards ---> TOURGUIDESERVICE
getUserRewards ---> TOURGUIDESERVICE
getUserRewards ---> TOURGUIDESERVICE
getUserRewards ---> TOURGUIDESERVICE
getUserRewards ---> TOURGUIDESERVICE
getUserRewards ---> TOURGUIDESERVICE
getUserRewards ---> TOURGUIDESERVICE
getUserRewards ---> TOURGUIDESERVICE
getUserRewards ---> TOURGUIDESERVICE
getUserRewards ---> TOURGUIDESERVICE
getUserRewards ---> TOURGUIDESERVICE
getUserRewards ---> TOURGUIDESERVICE
getUserRewards ---> TOURGUIDESERVICE
getUserRewards ---> TOURGUIDESERVICE
getUserRewards ---> TOURGUIDESERVICE
getUserRewards ---> TOURGUIDESERVICE
getUserRewards ---> TOURGUIDESERVICE
getUserRewards ---> TOURGUIDESERVICE
getUserRewards ---> TOURGUIDESERVICE
getUserRewards ---> TOURGUIDESERVICE
getUserRewards ---> TOURGUIDESERVICE
getUserRewards ---> TOURGUIDESERVICE
getUserRewards ---> TOURGUIDESERVICE
getUserRewards ---> TOURGUIDESERVICE
getUserRewards ---> TOURGUIDESERVICE
getUserRewards ---> TOURGUIDESERVICE
getUserRewards ---> TOURGUIDESERVICE
getUserRewards ---> TOURGUIDESERVICE
getUserRewards ---> TOURGUIDESERVICE
getUserRewards ---> TOURGUIDESERVICE
getUserRewards ---> TOURGUIDESERVICE
getUserRewards ---> TOURGUIDESERVICE
getUserRewards ---> TOURGUIDESERVICE
getUserRewards ---> TOURGUIDESERVICE
getUserRewards ---> TOURGUIDESERVICE
getUserRewards ---> TOURGUIDESERVICE
getUserRewards ---> TOURGUIDESERVICE
getUserRewards ---> TOURGUIDESERVICE
getUserRewards ---> TOURGUIDESERVICE
getUserRewards ---> TOURGUIDESERVICE
getUserRewards ---> TOURGUIDESERVICE
getUserRewards ---> TOURGUIDESERVICE
getUserRewards ---> TOURGUIDESERVICE
getUserRewards ---> TOURGUIDESERVICE
getUserRewards ---> TOURGUIDESERVICE
getUserRewards ---> TOURGUIDESERVICE
getUserRewards ---> TOURGUIDESERVICE
getUserRewards ---> TOURGUIDESERVICE
getUserRewards ---> TOURGUIDESERVICE
getUserRewards ---> TOURGUIDESERVICE
getUserRewards ---> TOURGUIDESERVICE
getUserRewards ---> TOURGUIDESERVICE
getUserRewards ---> TOURGUIDESERVICE
getUserRewards ---> TOURGUIDESERVICE
getUserRewards ---> TOURGUIDESERVICE
getUserRewards ---> TOURGUIDESERVICE
getUserRewards ---> TOURGUIDESERVICE
getUserRewards ---> TOURGUIDESERVICE
getUserRewards ---> TOURGUIDESERVICE
getUserRewards ---> TOURGUIDESERVICE
getUserRewards ---> TOURGUIDESERVICE
getUserRewards ---> TOURGUIDESERVICE
getUserRewards ---> TOURGUIDESERVICE
getUserRewards ---> TOURGUIDESERVICE
getUserRewards ---> TOURGUIDESERVICE
getUserRewards ---> TOURGUIDESERVICE
getUserRewards ---> TOURGUIDESERVICE
getUserRewards ---> TOURGUIDESERVICE
getUserRewards ---> TOURGUIDESERVICE
getUserRewards ---> TOURGUIDESERVICE
getUserRewards ---> TOURGUIDESERVICE
getUserRewards ---> TOURGUIDESERVICE
getUserRewards ---> TOURGUIDESERVICE
getUserRewards ---> TOURGUIDESERVICE
getUserRewards ---> TOURGUIDESERVICE
getUserRewards ---> TOURGUIDESERVICE
getUserRewards ---> TOURGUIDESERVICE
getUserRewards ---> TOURGUIDESERVICE
getUserRewards ---> TOURGUIDESERVICE
getUserRewards ---> TOURGUIDESERVICE
getUserRewards ---> TOURGUIDESERVICE
getUserRewards ---> TOURGUIDESERVICE
getUserRewards ---> TOURGUIDESERVICE
getUserRewards ---> TOURGUIDESERVICE
getUserRewards ---> TOURGUIDESERVICE
getUserRewards ---> TOURGUIDESERVICE
getUserRewards ---> TOURGUIDESERVICE
getUserRewards ---> TOURGUIDESERVICE
getUserRewards ---> TOURGUIDESERVICE
getUserRewards ---> TOURGUIDESERVICE
getUserRewards ---> TOURGUIDESERVICE
getUserRewards ---> TOURGUIDESERVICE
getUserRewards ---> TOURGUIDESERVICE
getUserRewards ---> TOURGUIDESERVICE
getUserRewards ---> TOURGUIDESERVICE
getUserRewards ---> TOURGUIDESERVICE
getUserRewards ---> TOURGUIDESERVICE
getUserRewards ---> TOURGUIDESERVICE
getUserRewards ---> TOURGUIDESERVICE
getUserRewards ---> TOURGUIDESERVICE
getUserRewards ---> TOURGUIDESERVICE
getUserRewards ---> TOURGUIDESERVICE
getUserRewards ---> TOURGUIDESERVICE
getUserRewards ---> TOURGUIDESERVICE
getUserRewards ---> TOURGUIDESERVICE
getUserRewards ---> TOURGUIDESERVICE
getUserRewards ---> TOURGUIDESERVICE
getUserRewards ---> TOURGUIDESERVICE
getUserRewards ---> TOURGUIDESERVICE
getUserRewards ---> TOURGUIDESERVICE
getUserRewards ---> TOURGUIDESERVICE
getUserRewards ---> TOURGUIDESERVICE
getUserRewards ---> TOURGUIDESERVICE
getUserRewards ---> TOURGUIDESERVICE
getUserRewards ---> TOURGUIDESERVICE
getUserRewards ---> TOURGUIDESERVICE
getUserRewards ---> TOURGUIDESERVICE
getUserRewards ---> TOURGUIDESERVICE
getUserRewards ---> TOURGUIDESERVICE
getUserRewards ---> TOURGUIDESERVICE
getUserRewards ---> TOURGUIDESERVICE
getUserRewards ---> TOURGUIDESERVICE
getUserRewards ---> TOURGUIDESERVICE
getUserRewards ---> TOURGUIDESERVICE
getUserRewards ---> TOURGUIDESERVICE
getUserRewards ---> TOURGUIDESERVICE
getUserRewards ---> TOURGUIDESERVICE
getUserRewards ---> TOURGUIDESERVICE
getUserRewards ---> TOURGUIDESERVICE
getUserRewards ---> TOURGUIDESERVICE
getUserRewards ---> TOURGUIDESERVICE
getUserRewards ---> TOURGUIDESERVICE
getUserRewards ---> TOURGUIDESERVICE
getUserRewards ---> TOURGUIDESERVICE
getUserRewards ---> TOURGUIDESERVICE
getUserRewards ---> TOURGUIDESERVICE
getUserRewards ---> TOURGUIDESERVICE
getUserRewards ---> TOURGUIDESERVICE
getUserRewards ---> TOURGUIDESERVICE
getUserRewards ---> TOURGUIDESERVICE
getUserRewards ---> TOURGUIDESERVICE
getUserRewards ---> TOURGUIDESERVICE
getUserRewards ---> TOURGUIDESERVICE
getUserRewards ---> TOURGUIDESERVICE
getUserRewards ---> TOURGUIDESERVICE
getUserRewards ---> TOURGUIDESERVICE
getUserRewards ---> TOURGUIDESERVICE
getUserRewards ---> TOURGUIDESERVICE
getUserRewards ---> TOURGUIDESERVICE
getUserRewards ---> TOURGUIDESERVICE
getUserRewards ---> TOURGUIDESERVICE
getUserRewards ---> TOURGUIDESERVICE
getUserRewards ---> TOURGUIDESERVICE
getUserRewards ---> TOURGUIDESERVICE
getUserRewards ---> TOURGUIDESERVICE
getUserRewards ---> TOURGUIDESERVICE
getUserRewards ---> TOURGUIDESERVICE
getUserRewards ---> TOURGUIDESERVICE
getUserRewards ---> TOURGUIDESERVICE
getUserRewards ---> TOURGUIDESERVICE
getUserRewards ---> TOURGUIDESERVICE
getUserRewards ---> TOURGUIDESERVICE
getUserRewards ---> TOURGUIDESERVICE
getUserRewards ---> TOURGUIDESERVICE
getUserRewards ---> TOURGUIDESERVICE
getUserRewards ---> TOURGUIDESERVICE
getUserRewards ---> TOURGUIDESERVICE
getUserRewards ---> TOURGUIDESERVICE
getUserRewards ---> TOURGUIDESERVICE
getUserRewards ---> TOURGUIDESERVICE
getUserRewards ---> TOURGUIDESERVICE
getUserRewards ---> TOURGUIDESERVICE
getUserRewards ---> TOURGUIDESERVICE
getUserRewards ---> TOURGUIDESERVICE
getUserRewards ---> TOURGUIDESERVICE
getUserRewards ---> TOURGUIDESERVICE
getUserRewards ---> TOURGUIDESERVICE
getUserRewards ---> TOURGUIDESERVICE
getUserRewards ---> TOURGUIDESERVICE
getUserRewards ---> TOURGUIDESERVICE
getUserRewards ---> TOURGUIDESERVICE
getUserRewards ---> TOURGUIDESERVICE
getUserRewards ---> TOURGUIDESERVICE
getUserRewards ---> TOURGUIDESERVICE
getUserRewards ---> TOURGUIDESERVICE
getUserRewards ---> TOURGUIDESERVICE
getUserRewards ---> TOURGUIDESERVICE
getUserRewards ---> TOURGUIDESERVICE
getUserRewards ---> TOURGUIDESERVICE
getUserRewards ---> TOURGUIDESERVICE
getUserRewards ---> TOURGUIDESERVICE
getUserRewards ---> TOURGUIDESERVICE
getUserRewards ---> TOURGUIDESERVICE
getUserRewards ---> TOURGUIDESERVICE
getUserRewards ---> TOURGUIDESERVICE
getUserRewards ---> TOURGUIDESERVICE
getUserRewards ---> TOURGUIDESERVICE
getUserRewards ---> TOURGUIDESERVICE
getUserRewards ---> TOURGUIDESERVICE
getUserRewards ---> TOURGUIDESERVICE
getUserRewards ---> TOURGUIDESERVICE
getUserRewards ---> TOURGUIDESERVICE
getUserRewards ---> TOURGUIDESERVICE
getUserRewards ---> TOURGUIDESERVICE
getUserRewards ---> TOURGUIDESERVICE
getUserRewards ---> TOURGUIDESERVICE
getUserRewards ---> TOURGUIDESERVICE
getUserRewards ---> TOURGUIDESERVICE
getUserRewards ---> TOURGUIDESERVICE
getUserRewards ---> TOURGUIDESERVICE
getUserRewards ---> TOURGUIDESERVICE
getUserRewards ---> TOURGUIDESERVICE
getUserRewards ---> TOURGUIDESERVICE
getUserRewards ---> TOURGUIDESERVICE
getUserRewards ---> TOURGUIDESERVICE
getUserRewards ---> TOURGUIDESERVICE
getUserRewards ---> TOURGUIDESERVICE
getUserRewards ---> TOURGUIDESERVICE
getUserRewards ---> TOURGUIDESERVICE
getUserRewards ---> TOURGUIDESERVICE
getUserRewards ---> TOURGUIDESERVICE
getUserRewards ---> TOURGUIDESERVICE
getUserRewards ---> TOURGUIDESERVICE
getUserRewards ---> TOURGUIDESERVICE
getUserRewards ---> TOURGUIDESERVICE
getUserRewards ---> TOURGUIDESERVICE
getUserRewards ---> TOURGUIDESERVICE
getUserRewards ---> TOURGUIDESERVICE
getUserRewards ---> TOURGUIDESERVICE
getUserRewards ---> TOURGUIDESERVICE
getUserRewards ---> TOURGUIDESERVICE
getUserRewards ---> TOURGUIDESERVICE
getUserRewards ---> TOURGUIDESERVICE
getUserRewards ---> TOURGUIDESERVICE
getUserRewards ---> TOURGUIDESERVICE
getUserRewards ---> TOURGUIDESERVICE
getUserRewards ---> TOURGUIDESERVICE
getUserRewards ---> TOURGUIDESERVICE
getUserRewards ---> TOURGUIDESERVICE
getUserRewards ---> TOURGUIDESERVICE
getUserRewards ---> TOURGUIDESERVICE
getUserRewards ---> TOURGUIDESERVICE
getUserRewards ---> TOURGUIDESERVICE
getUserRewards ---> TOURGUIDESERVICE
getUserRewards ---> TOURGUIDESERVICE
getUserRewards ---> TOURGUIDESERVICE
getUserRewards ---> TOURGUIDESERVICE
getUserRewards ---> TOURGUIDESERVICE
getUserRewards ---> TOURGUIDESERVICE
getUserRewards ---> TOURGUIDESERVICE
getUserRewards ---> TOURGUIDESERVICE
getUserRewards ---> TOURGUIDESERVICE
getUserRewards ---> TOURGUIDESERVICE
getUserRewards ---> TOURGUIDESERVICE
getUserRewards ---> TOURGUIDESERVICE
getUserRewards ---> TOURGUIDESERVICE
getUserRewards ---> TOURGUIDESERVICE
getUserRewards ---> TOURGUIDESERVICE
getUserRewards ---> TOURGUIDESERVICE
getUserRewards ---> TOURGUIDESERVICE
getUserRewards ---> TOURGUIDESERVICE
getUserRewards ---> TOURGUIDESERVICE
getUserRewards ---> TOURGUIDESERVICE
getUserRewards ---> TOURGUIDESERVICE
getUserRewards ---> TOURGUIDESERVICE
getUserRewards ---> TOURGUIDESERVICE
getUserRewards ---> TOURGUIDESERVICE
getUserRewards ---> TOURGUIDESERVICE
getUserRewards ---> TOURGUIDESERVICE
getUserRewards ---> TOURGUIDESERVICE
getUserRewards ---> TOURGUIDESERVICE
getUserRewards ---> TOURGUIDESERVICE
getUserRewards ---> TOURGUIDESERVICE
getUserRewards ---> TOURGUIDESERVICE
getUserRewards ---> TOURGUIDESERVICE
getUserRewards ---> TOURGUIDESERVICE
getUserRewards ---> TOURGUIDESERVICE
getUserRewards ---> TOURGUIDESERVICE
getUserRewards ---> TOURGUIDESERVICE
getUserRewards ---> TOURGUIDESERVICE
getUserRewards ---> TOURGUIDESERVICE
getUserRewards ---> TOURGUIDESERVICE
getUserRewards ---> TOURGUIDESERVICE
getUserRewards ---> TOURGUIDESERVICE
getUserRewards ---> TOURGUIDESERVICE
getUserRewards ---> TOURGUIDESERVICE
getUserRewards ---> TOURGUIDESERVICE
getUserRewards ---> TOURGUIDESERVICE
getUserRewards ---> TOURGUIDESERVICE
getUserRewards ---> TOURGUIDESERVICE
getUserRewards ---> TOURGUIDESERVICE
getUserRewards ---> TOURGUIDESERVICE
getUserRewards ---> TOURGUIDESERVICE
getUserRewards ---> TOURGUIDESERVICE
getUserRewards ---> TOURGUIDESERVICE
getUserRewards ---> TOURGUIDESERVICE
getUserRewards ---> TOURGUIDESERVICE
getUserRewards ---> TOURGUIDESERVICE
getUserRewards ---> TOURGUIDESERVICE
getUserRewards ---> TOURGUIDESERVICE
getUserRewards ---> TOURGUIDESERVICE
getUserRewards ---> TOURGUIDESERVICE
getUserRewards ---> TOURGUIDESERVICE
getUserRewards ---> TOURGUIDESERVICE
getUserRewards ---> TOURGUIDESERVICE
getUserRewards ---> TOURGUIDESERVICE
getUserRewards ---> TOURGUIDESERVICE
getUserRewards ---> TOURGUIDESERVICE
getUserRewards ---> TOURGUIDESERVICE
getUserRewards ---> TOURGUIDESERVICE
getUserRewards ---> TOURGUIDESERVICE
getUserRewards ---> TOURGUIDESERVICE
getUserRewards ---> TOURGUIDESERVICE
getUserRewards ---> TOURGUIDESERVICE
getUserRewards ---> TOURGUIDESERVICE
getUserRewards ---> TOURGUIDESERVICE
getUserRewards ---> TOURGUIDESERVICE
getUserRewards ---> TOURGUIDESERVICE
getUserRewards ---> TOURGUIDESERVICE
getUserRewards ---> TOURGUIDESERVICE
getUserRewards ---> TOURGUIDESERVICE
getUserRewards ---> TOURGUIDESERVICE
getUserRewards ---> TOURGUIDESERVICE
getUserRewards ---> TOURGUIDESERVICE
getUserRewards ---> TOURGUIDESERVICE
getUserRewards ---> TOURGUIDESERVICE
getUserRewards ---> TOURGUIDESERVICE
getUserRewards ---> TOURGUIDESERVICE
getUserRewards ---> TOURGUIDESERVICE
getUserRewards ---> TOURGUIDESERVICE
getUserRewards ---> TOURGUIDESERVICE
getUserRewards ---> TOURGUIDESERVICE
getUserRewards ---> TOURGUIDESERVICE
getUserRewards ---> TOURGUIDESERVICE
getUserRewards ---> TOURGUIDESERVICE
getUserRewards ---> TOURGUIDESERVICE
getUserRewards ---> TOURGUIDESERVICE
getUserRewards ---> TOURGUIDESERVICE
getUserRewards ---> TOURGUIDESERVICE
getUserRewards ---> TOURGUIDESERVICE
getUserRewards ---> TOURGUIDESERVICE
getUserRewards ---> TOURGUIDESERVICE
getUserRewards ---> TOURGUIDESERVICE
getUserRewards ---> TOURGUIDESERVICE
getUserRewards ---> TOURGUIDESERVICE
getUserRewards ---> TOURGUIDESERVICE
getUserRewards ---> TOURGUIDESERVICE
getUserRewards ---> TOURGUIDESERVICE
getUserRewards ---> TOURGUIDESERVICE
getUserRewards ---> TOURGUIDESERVICE
getUserRewards ---> TOURGUIDESERVICE
getUserRewards ---> TOURGUIDESERVICE
getUserRewards ---> TOURGUIDESERVICE
getUserRewards ---> TOURGUIDESERVICE
getUserRewards ---> TOURGUIDESERVICE
getUserRewards ---> TOURGUIDESERVICE
getUserRewards ---> TOURGUIDESERVICE
getUserRewards ---> TOURGUIDESERVICE
getUserRewards ---> TOURGUIDESERVICE
getUserRewards ---> TOURGUIDESERVICE
getUserRewards ---> TOURGUIDESERVICE
getUserRewards ---> TOURGUIDESERVICE
getUserRewards ---> TOURGUIDESERVICE
getUserRewards ---> TOURGUIDESERVICE
getUserRewards ---> TOURGUIDESERVICE
getUserRewards ---> TOURGUIDESERVICE
getUserRewards ---> TOURGUIDESERVICE
getUserRewards ---> TOURGUIDESERVICE
getUserRewards ---> TOURGUIDESERVICE
getUserRewards ---> TOURGUIDESERVICE
getUserRewards ---> TOURGUIDESERVICE
getUserRewards ---> TOURGUIDESERVICE
getUserRewards ---> TOURGUIDESERVICE
getUserRewards ---> TOURGUIDESERVICE
getUserRewards ---> TOURGUIDESERVICE
getUserRewards ---> TOURGUIDESERVICE
getUserRewards ---> TOURGUIDESERVICE
getUserRewards ---> TOURGUIDESERVICE
getUserRewards ---> TOURGUIDESERVICE
getUserRewards ---> TOURGUIDESERVICE
getUserRewards ---> TOURGUIDESERVICE
getUserRewards ---> TOURGUIDESERVICE
getUserRewards ---> TOURGUIDESERVICE
getUserRewards ---> TOURGUIDESERVICE
getUserRewards ---> TOURGUIDESERVICE
getUserRewards ---> TOURGUIDESERVICE
getUserRewards ---> TOURGUIDESERVICE
getUserRewards ---> TOURGUIDESERVICE
getUserRewards ---> TOURGUIDESERVICE
getUserRewards ---> TOURGUIDESERVICE
getUserRewards ---> TOURGUIDESERVICE
getUserRewards ---> TOURGUIDESERVICE
getUserRewards ---> TOURGUIDESERVICE
getUserRewards ---> TOURGUIDESERVICE
getUserRewards ---> TOURGUIDESERVICE
getUserRewards ---> TOURGUIDESERVICE
getUserRewards ---> TOURGUIDESERVICE
getUserRewards ---> TOURGUIDESERVICE
getUserRewards ---> TOURGUIDESERVICE
getUserRewards ---> TOURGUIDESERVICE
getUserRewards ---> TOURGUIDESERVICE
getUserRewards ---> TOURGUIDESERVICE
getUserRewards ---> TOURGUIDESERVICE
getUserRewards ---> TOURGUIDESERVICE
getUserRewards ---> TOURGUIDESERVICE
getUserRewards ---> TOURGUIDESERVICE
getUserRewards ---> TOURGUIDESERVICE
getUserRewards ---> TOURGUIDESERVICE
getUserRewards ---> TOURGUIDESERVICE
getUserRewards ---> TOURGUIDESERVICE
getUserRewards ---> TOURGUIDESERVICE
getUserRewards ---> TOURGUIDESERVICE
getUserRewards ---> TOURGUIDESERVICE
getUserRewards ---> TOURGUIDESERVICE
getUserRewards ---> TOURGUIDESERVICE
getUserRewards ---> TOURGUIDESERVICE
getUserRewards ---> TOURGUIDESERVICE
getUserRewards ---> TOURGUIDESERVICE
getUserRewards ---> TOURGUIDESERVICE
getUserRewards ---> TOURGUIDESERVICE
getUserRewards ---> TOURGUIDESERVICE
getUserRewards ---> TOURGUIDESERVICE
getUserRewards ---> TOURGUIDESERVICE
getUserRewards ---> TOURGUIDESERVICE
getUserRewards ---> TOURGUIDESERVICE
getUserRewards ---> TOURGUIDESERVICE
getUserRewards ---> TOURGUIDESERVICE
getUserRewards ---> TOURGUIDESERVICE
getUserRewards ---> TOURGUIDESERVICE
getUserRewards ---> TOURGUIDESERVICE
getUserRewards ---> TOURGUIDESERVICE
getUserRewards ---> TOURGUIDESERVICE
getUserRewards ---> TOURGUIDESERVICE
getUserRewards ---> TOURGUIDESERVICE
getUserRewards ---> TOURGUIDESERVICE
getUserRewards ---> TOURGUIDESERVICE
getUserRewards ---> TOURGUIDESERVICE
getUserRewards ---> TOURGUIDESERVICE
getUserRewards ---> TOURGUIDESERVICE
getUserRewards ---> TOURGUIDESERVICE
getUserRewards ---> TOURGUIDESERVICE
getUserRewards ---> TOURGUIDESERVICE
getUserRewards ---> TOURGUIDESERVICE
getUserRewards ---> TOURGUIDESERVICE
getUserRewards ---> TOURGUIDESERVICE
getUserRewards ---> TOURGUIDESERVICE
getUserRewards ---> TOURGUIDESERVICE
getUserRewards ---> TOURGUIDESERVICE
getUserRewards ---> TOURGUIDESERVICE
getUserRewards ---> TOURGUIDESERVICE
getUserRewards ---> TOURGUIDESERVICE
getUserRewards ---> TOURGUIDESERVICE
getUserRewards ---> TOURGUIDESERVICE
getUserRewards ---> TOURGUIDESERVICE
getUserRewards ---> TOURGUIDESERVICE
getUserRewards ---> TOURGUIDESERVICE
getUserRewards ---> TOURGUIDESERVICE
getUserRewards ---> TOURGUIDESERVICE
getUserRewards ---> TOURGUIDESERVICE
getUserRewards ---> TOURGUIDESERVICE
getUserRewards ---> TOURGUIDESERVICE
getUserRewards ---> TOURGUIDESERVICE
getUserRewards ---> TOURGUIDESERVICE
getUserRewards ---> TOURGUIDESERVICE
getUserRewards ---> TOURGUIDESERVICE
getUserRewards ---> TOURGUIDESERVICE
getUserRewards ---> TOURGUIDESERVICE
getUserRewards ---> TOURGUIDESERVICE
getUserRewards ---> TOURGUIDESERVICE
getUserRewards ---> TOURGUIDESERVICE
getUserRewards ---> TOURGUIDESERVICE
getUserRewards ---> TOURGUIDESERVICE
getUserRewards ---> TOURGUIDESERVICE
getUserRewards ---> TOURGUIDESERVICE
getUserRewards ---> TOURGUIDESERVICE
getUserRewards ---> TOURGUIDESERVICE
getUserRewards ---> TOURGUIDESERVICE
getUserRewards ---> TOURGUIDESERVICE
getUserRewards ---> TOURGUIDESERVICE
getUserRewards ---> TOURGUIDESERVICE
getUserRewards ---> TOURGUIDESERVICE
getUserRewards ---> TOURGUIDESERVICE
getUserRewards ---> TOURGUIDESERVICE
getUserRewards ---> TOURGUIDESERVICE
getUserRewards ---> TOURGUIDESERVICE
getUserRewards ---> TOURGUIDESERVICE
getUserRewards ---> TOURGUIDESERVICE
getUserRewards ---> TOURGUIDESERVICE
getUserRewards ---> TOURGUIDESERVICE
getUserRewards ---> TOURGUIDESERVICE
getUserRewards ---> TOURGUIDESERVICE
getUserRewards ---> TOURGUIDESERVICE
getUserRewards ---> TOURGUIDESERVICE
getUserRewards ---> TOURGUIDESERVICE
getUserRewards ---> TOURGUIDESERVICE
getUserRewards ---> TOURGUIDESERVICE
getUserRewards ---> TOURGUIDESERVICE
getUserRewards ---> TOURGUIDESERVICE
getUserRewards ---> TOURGUIDESERVICE
getUserRewards ---> TOURGUIDESERVICE
getUserRewards ---> TOURGUIDESERVICE
getUserRewards ---> TOURGUIDESERVICE
getUserRewards ---> TOURGUIDESERVICE
getUserRewards ---> TOURGUIDESERVICE
getUserRewards ---> TOURGUIDESERVICE
getUserRewards ---> TOURGUIDESERVICE
getUserRewards ---> TOURGUIDESERVICE
getUserRewards ---> TOURGUIDESERVICE
getUserRewards ---> TOURGUIDESERVICE
getUserRewards ---> TOURGUIDESERVICE
getUserRewards ---> TOURGUIDESERVICE
getUserRewards ---> TOURGUIDESERVICE
getUserRewards ---> TOURGUIDESERVICE
getUserRewards ---> TOURGUIDESERVICE
getUserRewards ---> TOURGUIDESERVICE
getUserRewards ---> TOURGUIDESERVICE
getUserRewards ---> TOURGUIDESERVICE
getUserRewards ---> TOURGUIDESERVICE
getUserRewards ---> TOURGUIDESERVICE
getUserRewards ---> TOURGUIDESERVICE
getUserRewards ---> TOURGUIDESERVICE
getUserRewards ---> TOURGUIDESERVICE
getUserRewards ---> TOURGUIDESERVICE
getUserRewards ---> TOURGUIDESERVICE
getUserRewards ---> TOURGUIDESERVICE
getUserRewards ---> TOURGUIDESERVICE
getUserRewards ---> TOURGUIDESERVICE
getUserRewards ---> TOURGUIDESERVICE
getUserRewards ---> TOURGUIDESERVICE
getUserRewards ---> TOURGUIDESERVICE
getUserRewards ---> TOURGUIDESERVICE
getUserRewards ---> TOURGUIDESERVICE
getUserRewards ---> TOURGUIDESERVICE
getUserRewards ---> TOURGUIDESERVICE
getUserRewards ---> TOURGUIDESERVICE
getUserRewards ---> TOURGUIDESERVICE
getUserRewards ---> TOURGUIDESERVICE
getUserRewards ---> TOURGUIDESERVICE
getUserRewards ---> TOURGUIDESERVICE
getUserRewards ---> TOURGUIDESERVICE
getUserRewards ---> TOURGUIDESERVICE
getUserRewards ---> TOURGUIDESERVICE
getUserRewards ---> TOURGUIDESERVICE
getUserRewards ---> TOURGUIDESERVICE
getUserRewards ---> TOURGUIDESERVICE
getUserRewards ---> TOURGUIDESERVICE
getUserRewards ---> TOURGUIDESERVICE
getUserRewards ---> TOURGUIDESERVICE
getUserRewards ---> TOURGUIDESERVICE
getUserRewards ---> TOURGUIDESERVICE
getUserRewards ---> TOURGUIDESERVICE
getUserRewards ---> TOURGUIDESERVICE
getUserRewards ---> TOURGUIDESERVICE
getUserRewards ---> TOURGUIDESERVICE
getUserRewards ---> TOURGUIDESERVICE
getUserRewards ---> TOURGUIDESERVICE
getUserRewards ---> TOURGUIDESERVICE
getUserRewards ---> TOURGUIDESERVICE
getUserRewards ---> TOURGUIDESERVICE
getUserRewards ---> TOURGUIDESERVICE
getUserRewards ---> TOURGUIDESERVICE
getUserRewards ---> TOURGUIDESERVICE
getUserRewards ---> TOURGUIDESERVICE
getUserRewards ---> TOURGUIDESERVICE
getUserRewards ---> TOURGUIDESERVICE
getUserRewards ---> TOURGUIDESERVICE
getUserRewards ---> TOURGUIDESERVICE
getUserRewards ---> TOURGUIDESERVICE
getUserRewards ---> TOURGUIDESERVICE
getUserRewards ---> TOURGUIDESERVICE
getUserRewards ---> TOURGUIDESERVICE
getUserRewards ---> TOURGUIDESERVICE
getUserRewards ---> TOURGUIDESERVICE
getUserRewards ---> TOURGUIDESERVICE
getUserRewards ---> TOURGUIDESERVICE
getUserRewards ---> TOURGUIDESERVICE
getUserRewards ---> TOURGUIDESERVICE
getUserRewards ---> TOURGUIDESERVICE
getUserRewards ---> TOURGUIDESERVICE
getUserRewards ---> TOURGUIDESERVICE
getUserRewards ---> TOURGUIDESERVICE
getUserRewards ---> TOURGUIDESERVICE
getUserRewards ---> TOURGUIDESERVICE
getUserRewards ---> TOURGUIDESERVICE
getUserRewards ---> TOURGUIDESERVICE
getUserRewards ---> TOURGUIDESERVICE
getUserRewards ---> TOURGUIDESERVICE
getUserRewards ---> TOURGUIDESERVICE
getUserRewards ---> TOURGUIDESERVICE
getUserRewards ---> TOURGUIDESERVICE
getUserRewards ---> TOURGUIDESERVICE
getUserRewards ---> TOURGUIDESERVICE
getUserRewards ---> TOURGUIDESERVICE
getUserRewards ---> TOURGUIDESERVICE
getUserRewards ---> TOURGUIDESERVICE
getUserRewards ---> TOURGUIDESERVICE
getUserRewards ---> TOURGUIDESERVICE
getUserRewards ---> TOURGUIDESERVICE
getUserRewards ---> TOURGUIDESERVICE
getUserRewards ---> TOURGUIDESERVICE
getUserRewards ---> TOURGUIDESERVICE
getUserRewards ---> TOURGUIDESERVICE
getUserRewards ---> TOURGUIDESERVICE
getUserRewards ---> TOURGUIDESERVICE
getUserRewards ---> TOURGUIDESERVICE
getUserRewards ---> TOURGUIDESERVICE
getUserRewards ---> TOURGUIDESERVICE
getUserRewards ---> TOURGUIDESERVICE
getUserRewards ---> TOURGUIDESERVICE
getUserRewards ---> TOURGUIDESERVICE
getUserRewards ---> TOURGUIDESERVICE
getUserRewards ---> TOURGUIDESERVICE
getUserRewards ---> TOURGUIDESERVICE
getUserRewards ---> TOURGUIDESERVICE
getUserRewards ---> TOURGUIDESERVICE
getUserRewards ---> TOURGUIDESERVICE
getUserRewards ---> TOURGUIDESERVICE
getUserRewards ---> TOURGUIDESERVICE
getUserRewards ---> TOURGUIDESERVICE
getUserRewards ---> TOURGUIDESERVICE
getUserRewards ---> TOURGUIDESERVICE
getUserRewards ---> TOURGUIDESERVICE
getUserRewards ---> TOURGUIDESERVICE
getUserRewards ---> TOURGUIDESERVICE
getUserRewards ---> TOURGUIDESERVICE
getUserRewards ---> TOURGUIDESERVICE
getUserRewards ---> TOURGUIDESERVICE
getUserRewards ---> TOURGUIDESERVICE
getUserRewards ---> TOURGUIDESERVICE
getUserRewards ---> TOURGUIDESERVICE
getUserRewards ---> TOURGUIDESERVICE
getUserRewards ---> TOURGUIDESERVICE
getUserRewards ---> TOURGUIDESERVICE
getUserRewards ---> TOURGUIDESERVICE
getUserRewards ---> TOURGUIDESERVICE
getUserRewards ---> TOURGUIDESERVICE
getUserRewards ---> TOURGUIDESERVICE
getUserRewards ---> TOURGUIDESERVICE
getUserRewards ---> TOURGUIDESERVICE
getUserRewards ---> TOURGUIDESERVICE
getUserRewards ---> TOURGUIDESERVICE
getUserRewards ---> TOURGUIDESERVICE
getUserRewards ---> TOURGUIDESERVICE
getUserRewards ---> TOURGUIDESERVICE
getUserRewards ---> TOURGUIDESERVICE
getUserRewards ---> TOURGUIDESERVICE
getUserRewards ---> TOURGUIDESERVICE
getUserRewards ---> TOURGUIDESERVICE
getUserRewards ---> TOURGUIDESERVICE
getUserRewards ---> TOURGUIDESERVICE
getUserRewards ---> TOURGUIDESERVICE
getUserRewards ---> TOURGUIDESERVICE
getUserRewards ---> TOURGUIDESERVICE
getUserRewards ---> TOURGUIDESERVICE
getUserRewards ---> TOURGUIDESERVICE
getUserRewards ---> TOURGUIDESERVICE
getUserRewards ---> TOURGUIDESERVICE
getUserRewards ---> TOURGUIDESERVICE
getUserRewards ---> TOURGUIDESERVICE
getUserRewards ---> TOURGUIDESERVICE
getUserRewards ---> TOURGUIDESERVICE
getUserRewards ---> TOURGUIDESERVICE
getUserRewards ---> TOURGUIDESERVICE
getUserRewards ---> TOURGUIDESERVICE
getUserRewards ---> TOURGUIDESERVICE
getUserRewards ---> TOURGUIDESERVICE
getUserRewards ---> TOURGUIDESERVICE
getUserRewards ---> TOURGUIDESERVICE
getUserRewards ---> TOURGUIDESERVICE
getUserRewards ---> TOURGUIDESERVICE
getUserRewards ---> TOURGUIDESERVICE
getUserRewards ---> TOURGUIDESERVICE
getUserRewards ---> TOURGUIDESERVICE
getUserRewards ---> TOURGUIDESERVICE
getUserRewards ---> TOURGUIDESERVICE
getUserRewards ---> TOURGUIDESERVICE
getUserRewards ---> TOURGUIDESERVICE
getUserRewards ---> TOURGUIDESERVICE
getUserRewards ---> TOURGUIDESERVICE
getUserRewards ---> TOURGUIDESERVICE
getUserRewards ---> TOURGUIDESERVICE
getUserRewards ---> TOURGUIDESERVICE
getUserRewards ---> TOURGUIDESERVICE
getUserRewards ---> TOURGUIDESERVICE
getUserRewards ---> TOURGUIDESERVICE
getUserRewards ---> TOURGUIDESERVICE
getUserRewards ---> TOURGUIDESERVICE
getUserRewards ---> TOURGUIDESERVICE
getUserRewards ---> TOURGUIDESERVICE
getUserRewards ---> TOURGUIDESERVICE
getUserRewards ---> TOURGUIDESERVICE
getUserRewards ---> TOURGUIDESERVICE
getUserRewards ---> TOURGUIDESERVICE
getUserRewards ---> TOURGUIDESERVICE
getUserRewards ---> TOURGUIDESERVICE
getUserRewards ---> TOURGUIDESERVICE
getUserRewards ---> TOURGUIDESERVICE
getUserRewards ---> TOURGUIDESERVICE
getUserRewards ---> TOURGUIDESERVICE
getUserRewards ---> TOURGUIDESERVICE
getUserRewards ---> TOURGUIDESERVICE
getUserRewards ---> TOURGUIDESERVICE
getUserRewards ---> TOURGUIDESERVICE
getUserRewards ---> TOURGUIDESERVICE
getUserRewards ---> TOURGUIDESERVICE
getUserRewards ---> TOURGUIDESERVICE
getUserRewards ---> TOURGUIDESERVICE
getUserRewards ---> TOURGUIDESERVICE
getUserRewards ---> TOURGUIDESERVICE
getUserRewards ---> TOURGUIDESERVICE
getUserRewards ---> TOURGUIDESERVICE
getUserRewards ---> TOURGUIDESERVICE
getUserRewards ---> TOURGUIDESERVICE
getUserRewards ---> TOURGUIDESERVICE
getUserRewards ---> TOURGUIDESERVICE
getUserRewards ---> TOURGUIDESERVICE
getUserRewards ---> TOURGUIDESERVICE
getUserRewards ---> TOURGUIDESERVICE
getUserRewards ---> TOURGUIDESERVICE
getUserRewards ---> TOURGUIDESERVICE
getUserRewards ---> TOURGUIDESERVICE
getUserRewards ---> TOURGUIDESERVICE
getUserRewards ---> TOURGUIDESERVICE
getUserRewards ---> TOURGUIDESERVICE
getUserRewards ---> TOURGUIDESERVICE
getUserRewards ---> TOURGUIDESERVICE
getUserRewards ---> TOURGUIDESERVICE
getUserRewards ---> TOURGUIDESERVICE
getUserRewards ---> TOURGUIDESERVICE
getUserRewards ---> TOURGUIDESERVICE
getUserRewards ---> TOURGUIDESERVICE
getUserRewards ---> TOURGUIDESERVICE
getUserRewards ---> TOURGUIDESERVICE
getUserRewards ---> TOURGUIDESERVICE
getUserRewards ---> TOURGUIDESERVICE
getUserRewards ---> TOURGUIDESERVICE
getUserRewards ---> TOURGUIDESERVICE
getUserRewards ---> TOURGUIDESERVICE
getUserRewards ---> TOURGUIDESERVICE
getUserRewards ---> TOURGUIDESERVICE
getUserRewards ---> TOURGUIDESERVICE
getUserRewards ---> TOURGUIDESERVICE
getUserRewards ---> TOURGUIDESERVICE
getUserRewards ---> TOURGUIDESERVICE
getUserRewards ---> TOURGUIDESERVICE
getUserRewards ---> TOURGUIDESERVICE
getUserRewards ---> TOURGUIDESERVICE
getUserRewards ---> TOURGUIDESERVICE
getUserRewards ---> TOURGUIDESERVICE
getUserRewards ---> TOURGUIDESERVICE
getUserRewards ---> TOURGUIDESERVICE
getUserRewards ---> TOURGUIDESERVICE
getUserRewards ---> TOURGUIDESERVICE
getUserRewards ---> TOURGUIDESERVICE
getUserRewards ---> TOURGUIDESERVICE
getUserRewards ---> TOURGUIDESERVICE
getUserRewards ---> TOURGUIDESERVICE
getUserRewards ---> TOURGUIDESERVICE
getUserRewards ---> TOURGUIDESERVICE
getUserRewards ---> TOURGUIDESERVICE
getUserRewards ---> TOURGUIDESERVICE
getUserRewards ---> TOURGUIDESERVICE
getUserRewards ---> TOURGUIDESERVICE
getUserRewards ---> TOURGUIDESERVICE
getUserRewards ---> TOURGUIDESERVICE
getUserRewards ---> TOURGUIDESERVICE
getUserRewards ---> TOURGUIDESERVICE
getUserRewards ---> TOURGUIDESERVICE
getUserRewards ---> TOURGUIDESERVICE
getUserRewards ---> TOURGUIDESERVICE
getUserRewards ---> TOURGUIDESERVICE
getUserRewards ---> TOURGUIDESERVICE
getUserRewards ---> TOURGUIDESERVICE
getUserRewards ---> TOURGUIDESERVICE
getUserRewards ---> TOURGUIDESERVICE
getUserRewards ---> TOURGUIDESERVICE
getUserRewards ---> TOURGUIDESERVICE
getUserRewards ---> TOURGUIDESERVICE
getUserRewards ---> TOURGUIDESERVICE
getUserRewards ---> TOURGUIDESERVICE
getUserRewards ---> TOURGUIDESERVICE
getUserRewards ---> TOURGUIDESERVICE
getUserRewards ---> TOURGUIDESERVICE
getUserRewards ---> TOURGUIDESERVICE
getUserRewards ---> TOURGUIDESERVICE
getUserRewards ---> TOURGUIDESERVICE
getUserRewards ---> TOURGUIDESERVICE
getUserRewards ---> TOURGUIDESERVICE
getUserRewards ---> TOURGUIDESERVICE
getUserRewards ---> TOURGUIDESERVICE
getUserRewards ---> TOURGUIDESERVICE
getUserRewards ---> TOURGUIDESERVICE
getUserRewards ---> TOURGUIDESERVICE
getUserRewards ---> TOURGUIDESERVICE
getUserRewards ---> TOURGUIDESERVICE
getUserRewards ---> TOURGUIDESERVICE
getUserRewards ---> TOURGUIDESERVICE
getUserRewards ---> TOURGUIDESERVICE
getUserRewards ---> TOURGUIDESERVICE
getUserRewards ---> TOURGUIDESERVICE
getUserRewards ---> TOURGUIDESERVICE
getUserRewards ---> TOURGUIDESERVICE
getUserRewards ---> TOURGUIDESERVICE
getUserRewards ---> TOURGUIDESERVICE
getUserRewards ---> TOURGUIDESERVICE
getUserRewards ---> TOURGUIDESERVICE
getUserRewards ---> TOURGUIDESERVICE
getUserRewards ---> TOURGUIDESERVICE
getUserRewards ---> TOURGUIDESERVICE
getUserRewards ---> TOURGUIDESERVICE
getUserRewards ---> TOURGUIDESERVICE
getUserRewards ---> TOURGUIDESERVICE
getUserRewards ---> TOURGUIDESERVICE
getUserRewards ---> TOURGUIDESERVICE
getUserRewards ---> TOURGUIDESERVICE
getUserRewards ---> TOURGUIDESERVICE
getUserRewards ---> TOURGUIDESERVICE
getUserRewards ---> TOURGUIDESERVICE
getUserRewards ---> TOURGUIDESERVICE
getUserRewards ---> TOURGUIDESERVICE
getUserRewards ---> TOURGUIDESERVICE
getUserRewards ---> TOURGUIDESERVICE
getUserRewards ---> TOURGUIDESERVICE
getUserRewards ---> TOURGUIDESERVICE
getUserRewards ---> TOURGUIDESERVICE
getUserRewards ---> TOURGUIDESERVICE
getUserRewards ---> TOURGUIDESERVICE
getUserRewards ---> TOURGUIDESERVICE
getUserRewards ---> TOURGUIDESERVICE
getUserRewards ---> TOURGUIDESERVICE
getUserRewards ---> TOURGUIDESERVICE
getUserRewards ---> TOURGUIDESERVICE
getUserRewards ---> TOURGUIDESERVICE
getUserRewards ---> TOURGUIDESERVICE
getUserRewards ---> TOURGUIDESERVICE
getUserRewards ---> TOURGUIDESERVICE
getUserRewards ---> TOURGUIDESERVICE
getUserRewards ---> TOURGUIDESERVICE
getUserRewards ---> TOURGUIDESERVICE
getUserRewards ---> TOURGUIDESERVICE
getUserRewards ---> TOURGUIDESERVICE
getUserRewards ---> TOURGUIDESERVICE
getUserRewards ---> TOURGUIDESERVICE
getUserRewards ---> TOURGUIDESERVICE
getUserRewards ---> TOURGUIDESERVICE
getUserRewards ---> TOURGUIDESERVICE
getUserRewards ---> TOURGUIDESERVICE
getUserRewards ---> TOURGUIDESERVICE
getUserRewards ---> TOURGUIDESERVICE
getUserRewards ---> TOURGUIDESERVICE
getUserRewards ---> TOURGUIDESERVICE
getUserRewards ---> TOURGUIDESERVICE
getUserRewards ---> TOURGUIDESERVICE
getUserRewards ---> TOURGUIDESERVICE
getUserRewards ---> TOURGUIDESERVICE
getUserRewards ---> TOURGUIDESERVICE
getUserRewards ---> TOURGUIDESERVICE
getUserRewards ---> TOURGUIDESERVICE
getUserRewards ---> TOURGUIDESERVICE
getUserRewards ---> TOURGUIDESERVICE
getUserRewards ---> TOURGUIDESERVICE
getUserRewards ---> TOURGUIDESERVICE
getUserRewards ---> TOURGUIDESERVICE
getUserRewards ---> TOURGUIDESERVICE
getUserRewards ---> TOURGUIDESERVICE
getUserRewards ---> TOURGUIDESERVICE
getUserRewards ---> TOURGUIDESERVICE
getUserRewards ---> TOURGUIDESERVICE
getUserRewards ---> TOURGUIDESERVICE
getUserRewards ---> TOURGUIDESERVICE
getUserRewards ---> TOURGUIDESERVICE
getUserRewards ---> TOURGUIDESERVICE
getUserRewards ---> TOURGUIDESERVICE
getUserRewards ---> TOURGUIDESERVICE
getUserRewards ---> TOURGUIDESERVICE
getUserRewards ---> TOURGUIDESERVICE
getUserRewards ---> TOURGUIDESERVICE
getUserRewards ---> TOURGUIDESERVICE
getUserRewards ---> TOURGUIDESERVICE
getUserRewards ---> TOURGUIDESERVICE
getUserRewards ---> TOURGUIDESERVICE
getUserRewards ---> TOURGUIDESERVICE
getUserRewards ---> TOURGUIDESERVICE
getUserRewards ---> TOURGUIDESERVICE
getUserRewards ---> TOURGUIDESERVICE
getUserRewards ---> TOURGUIDESERVICE
getUserRewards ---> TOURGUIDESERVICE
getUserRewards ---> TOURGUIDESERVICE
getUserRewards ---> TOURGUIDESERVICE
getUserRewards ---> TOURGUIDESERVICE
getUserRewards ---> TOURGUIDESERVICE
getUserRewards ---> TOURGUIDESERVICE
getUserRewards ---> TOURGUIDESERVICE
getUserRewards ---> TOURGUIDESERVICE
getUserRewards ---> TOURGUIDESERVICE
getUserRewards ---> TOURGUIDESERVICE
getUserRewards ---> TOURGUIDESERVICE
getUserRewards ---> TOURGUIDESERVICE
getUserRewards ---> TOURGUIDESERVICE
getUserRewards ---> TOURGUIDESERVICE
getUserRewards ---> TOURGUIDESERVICE
getUserRewards ---> TOURGUIDESERVICE
getUserRewards ---> TOURGUIDESERVICE
getUserRewards ---> TOURGUIDESERVICE
getUserRewards ---> TOURGUIDESERVICE
getUserRewards ---> TOURGUIDESERVICE
getUserRewards ---> TOURGUIDESERVICE
getUserRewards ---> TOURGUIDESERVICE
getUserRewards ---> TOURGUIDESERVICE
getUserRewards ---> TOURGUIDESERVICE
getUserRewards ---> TOURGUIDESERVICE
getUserRewards ---> TOURGUIDESERVICE
getUserRewards ---> TOURGUIDESERVICE
getUserRewards ---> TOURGUIDESERVICE
getUserRewards ---> TOURGUIDESERVICE
getUserRewards ---> TOURGUIDESERVICE
getUserRewards ---> TOURGUIDESERVICE
getUserRewards ---> TOURGUIDESERVICE
getUserRewards ---> TOURGUIDESERVICE
getUserRewards ---> TOURGUIDESERVICE
getUserRewards ---> TOURGUIDESERVICE
getUserRewards ---> TOURGUIDESERVICE
getUserRewards ---> TOURGUIDESERVICE
getUserRewards ---> TOURGUIDESERVICE
getUserRewards ---> TOURGUIDESERVICE
getUserRewards ---> TOURGUIDESERVICE
getUserRewards ---> TOURGUIDESERVICE
getUserRewards ---> TOURGUIDESERVICE
getUserRewards ---> TOURGUIDESERVICE
getUserRewards ---> TOURGUIDESERVICE
getUserRewards ---> TOURGUIDESERVICE
getUserRewards ---> TOURGUIDESERVICE
getUserRewards ---> TOURGUIDESERVICE
getUserRewards ---> TOURGUIDESERVICE
getUserRewards ---> TOURGUIDESERVICE
getUserRewards ---> TOURGUIDESERVICE
getUserRewards ---> TOURGUIDESERVICE
getUserRewards ---> TOURGUIDESERVICE
getUserRewards ---> TOURGUIDESERVICE
getUserRewards ---> TOURGUIDESERVICE
getUserRewards ---> TOURGUIDESERVICE
getUserRewards ---> TOURGUIDESERVICE
getUserRewards ---> TOURGUIDESERVICE
getUserRewards ---> TOURGUIDESERVICE
getUserRewards ---> TOURGUIDESERVICE
getUserRewards ---> TOURGUIDESERVICE
getUserRewards ---> TOURGUIDESERVICE
getUserRewards ---> TOURGUIDESERVICE
getUserRewards ---> TOURGUIDESERVICE
getUserRewards ---> TOURGUIDESERVICE
getUserRewards ---> TOURGUIDESERVICE
getUserRewards ---> TOURGUIDESERVICE
getUserRewards ---> TOURGUIDESERVICE
getUserRewards ---> TOURGUIDESERVICE
getUserRewards ---> TOURGUIDESERVICE
getUserRewards ---> TOURGUIDESERVICE
getUserRewards ---> TOURGUIDESERVICE
getUserRewards ---> TOURGUIDESERVICE
getUserRewards ---> TOURGUIDESERVICE
getUserRewards ---> TOURGUIDESERVICE
getUserRewards ---> TOURGUIDESERVICE
getUserRewards ---> TOURGUIDESERVICE
getUserRewards ---> TOURGUIDESERVICE
getUserRewards ---> TOURGUIDESERVICE
getUserRewards ---> TOURGUIDESERVICE
getUserRewards ---> TOURGUIDESERVICE
getUserRewards ---> TOURGUIDESERVICE
getUserRewards ---> TOURGUIDESERVICE
getUserRewards ---> TOURGUIDESERVICE
getUserRewards ---> TOURGUIDESERVICE
getUserRewards ---> TOURGUIDESERVICE
getUserRewards ---> TOURGUIDESERVICE
getUserRewards ---> TOURGUIDESERVICE
getUserRewards ---> TOURGUIDESERVICE
getUserRewards ---> TOURGUIDESERVICE
getUserRewards ---> TOURGUIDESERVICE
getUserRewards ---> TOURGUIDESERVICE
getUserRewards ---> TOURGUIDESERVICE
getUserRewards ---> TOURGUIDESERVICE
getUserRewards ---> TOURGUIDESERVICE
getUserRewards ---> TOURGUIDESERVICE
getUserRewards ---> TOURGUIDESERVICE
getUserRewards ---> TOURGUIDESERVICE
getUserRewards ---> TOURGUIDESERVICE
getUserRewards ---> TOURGUIDESERVICE
getUserRewards ---> TOURGUIDESERVICE
getUserRewards ---> TOURGUIDESERVICE
getUserRewards ---> TOURGUIDESERVICE
getUserRewards ---> TOURGUIDESERVICE
getUserRewards ---> TOURGUIDESERVICE
getUserRewards ---> TOURGUIDESERVICE
getUserRewards ---> TOURGUIDESERVICE
getUserRewards ---> TOURGUIDESERVICE
getUserRewards ---> TOURGUIDESERVICE
getUserRewards ---> TOURGUIDESERVICE
getUserRewards ---> TOURGUIDESERVICE
getUserRewards ---> TOURGUIDESERVICE
getUserRewards ---> TOURGUIDESERVICE
getUserRewards ---> TOURGUIDESERVICE
getUserRewards ---> TOURGUIDESERVICE
getUserRewards ---> TOURGUIDESERVICE
getUserRewards ---> TOURGUIDESERVICE
getUserRewards ---> TOURGUIDESERVICE
getUserRewards ---> TOURGUIDESERVICE
getUserRewards ---> TOURGUIDESERVICE
getUserRewards ---> TOURGUIDESERVICE
getUserRewards ---> TOURGUIDESERVICE
getUserRewards ---> TOURGUIDESERVICE
getUserRewards ---> TOURGUIDESERVICE
getUserRewards ---> TOURGUIDESERVICE
getUserRewards ---> TOURGUIDESERVICE
getUserRewards ---> TOURGUIDESERVICE
getUserRewards ---> TOURGUIDESERVICE
getUserRewards ---> TOURGUIDESERVICE
getUserRewards ---> TOURGUIDESERVICE
getUserRewards ---> TOURGUIDESERVICE
getUserRewards ---> TOURGUIDESERVICE
getUserRewards ---> TOURGUIDESERVICE
getUserRewards ---> TOURGUIDESERVICE
getUserRewards ---> TOURGUIDESERVICE
getUserRewards ---> TOURGUIDESERVICE
getUserRewards ---> TOURGUIDESERVICE
getUserRewards ---> TOURGUIDESERVICE
getUserRewards ---> TOURGUIDESERVICE
getUserRewards ---> TOURGUIDESERVICE
getUserRewards ---> TOURGUIDESERVICE
getUserRewards ---> TOURGUIDESERVICE
getUserRewards ---> TOURGUIDESERVICE
getUserRewards ---> TOURGUIDESERVICE
getUserRewards ---> TOURGUIDESERVICE
getUserRewards ---> TOURGUIDESERVICE
getUserRewards ---> TOURGUIDESERVICE
getUserRewards ---> TOURGUIDESERVICE
getUserRewards ---> TOURGUIDESERVICE
getUserRewards ---> TOURGUIDESERVICE
getUserRewards ---> TOURGUIDESERVICE
getUserRewards ---> TOURGUIDESERVICE
getUserRewards ---> TOURGUIDESERVICE
getUserRewards ---> TOURGUIDESERVICE
getUserRewards ---> TOURGUIDESERVICE
getUserRewards ---> TOURGUIDESERVICE
getUserRewards ---> TOURGUIDESERVICE
getUserRewards ---> TOURGUIDESERVICE
getUserRewards ---> TOURGUIDESERVICE
getUserRewards ---> TOURGUIDESERVICE
getUserRewards ---> TOURGUIDESERVICE
getUserRewards ---> TOURGUIDESERVICE
getUserRewards ---> TOURGUIDESERVICE
getUserRewards ---> TOURGUIDESERVICE
getUserRewards ---> TOURGUIDESERVICE
getUserRewards ---> TOURGUIDESERVICE
getUserRewards ---> TOURGUIDESERVICE
getUserRewards ---> TOURGUIDESERVICE
getUserRewards ---> TOURGUIDESERVICE
getUserRewards ---> TOURGUIDESERVICE
getUserRewards ---> TOURGUIDESERVICE
getUserRewards ---> TOURGUIDESERVICE
getUserRewards ---> TOURGUIDESERVICE
getUserRewards ---> TOURGUIDESERVICE
getUserRewards ---> TOURGUIDESERVICE
getUserRewards ---> TOURGUIDESERVICE
getUserRewards ---> TOURGUIDESERVICE
getUserRewards ---> TOURGUIDESERVICE
getUserRewards ---> TOURGUIDESERVICE
getUserRewards ---> TOURGUIDESERVICE
getUserRewards ---> TOURGUIDESERVICE
getUserRewards ---> TOURGUIDESERVICE
getUserRewards ---> TOURGUIDESERVICE
getUserRewards ---> TOURGUIDESERVICE
getUserRewards ---> TOURGUIDESERVICE
getUserRewards ---> TOURGUIDESERVICE
getUserRewards ---> TOURGUIDESERVICE
getUserRewards ---> TOURGUIDESERVICE
getUserRewards ---> TOURGUIDESERVICE
getUserRewards ---> TOURGUIDESERVICE
getUserRewards ---> TOURGUIDESERVICE
getUserRewards ---> TOURGUIDESERVICE
getUserRewards ---> TOURGUIDESERVICE
getUserRewards ---> TOURGUIDESERVICE
getUserRewards ---> TOURGUIDESERVICE
getUserRewards ---> TOURGUIDESERVICE
getUserRewards ---> TOURGUIDESERVICE
getUserRewards ---> TOURGUIDESERVICE
getUserRewards ---> TOURGUIDESERVICE
getUserRewards ---> TOURGUIDESERVICE
getUserRewards ---> TOURGUIDESERVICE
getUserRewards ---> TOURGUIDESERVICE
getUserRewards ---> TOURGUIDESERVICE
getUserRewards ---> TOURGUIDESERVICE
getUserRewards ---> TOURGUIDESERVICE
getUserRewards ---> TOURGUIDESERVICE
getUserRewards ---> TOURGUIDESERVICE
getUserRewards ---> TOURGUIDESERVICE
getUserRewards ---> TOURGUIDESERVICE
getUserRewards ---> TOURGUIDESERVICE
getUserRewards ---> TOURGUIDESERVICE
getUserRewards ---> TOURGUIDESERVICE
getUserRewards ---> TOURGUIDESERVICE
getUserRewards ---> TOURGUIDESERVICE
getUserRewards ---> TOURGUIDESERVICE
getUserRewards ---> TOURGUIDESERVICE
getUserRewards ---> TOURGUIDESERVICE
getUserRewards ---> TOURGUIDESERVICE
getUserRewards ---> TOURGUIDESERVICE
getUserRewards ---> TOURGUIDESERVICE
getUserRewards ---> TOURGUIDESERVICE
getUserRewards ---> TOURGUIDESERVICE
getUserRewards ---> TOURGUIDESERVICE
getUserRewards ---> TOURGUIDESERVICE
getUserRewards ---> TOURGUIDESERVICE
getUserRewards ---> TOURGUIDESERVICE
getUserRewards ---> TOURGUIDESERVICE
getUserRewards ---> TOURGUIDESERVICE
getUserRewards ---> TOURGUIDESERVICE
getUserRewards ---> TOURGUIDESERVICE
getUserRewards ---> TOURGUIDESERVICE
getUserRewards ---> TOURGUIDESERVICE
getUserRewards ---> TOURGUIDESERVICE
getUserRewards ---> TOURGUIDESERVICE
getUserRewards ---> TOURGUIDESERVICE
getUserRewards ---> TOURGUIDESERVICE
getUserRewards ---> TOURGUIDESERVICE
getUserRewards ---> TOURGUIDESERVICE
getUserRewards ---> TOURGUIDESERVICE
getUserRewards ---> TOURGUIDESERVICE
getUserRewards ---> TOURGUIDESERVICE
getUserRewards ---> TOURGUIDESERVICE
getUserRewards ---> TOURGUIDESERVICE
getUserRewards ---> TOURGUIDESERVICE
getUserRewards ---> TOURGUIDESERVICE
getUserRewards ---> TOURGUIDESERVICE
getUserRewards ---> TOURGUIDESERVICE
getUserRewards ---> TOURGUIDESERVICE
getUserRewards ---> TOURGUIDESERVICE
getUserRewards ---> TOURGUIDESERVICE
getUserRewards ---> TOURGUIDESERVICE
getUserRewards ---> TOURGUIDESERVICE
getUserRewards ---> TOURGUIDESERVICE
getUserRewards ---> TOURGUIDESERVICE
getUserRewards ---> TOURGUIDESERVICE
getUserRewards ---> TOURGUIDESERVICE
getUserRewards ---> TOURGUIDESERVICE
getUserRewards ---> TOURGUIDESERVICE
getUserRewards ---> TOURGUIDESERVICE
getUserRewards ---> TOURGUIDESERVICE
getUserRewards ---> TOURGUIDESERVICE
getUserRewards ---> TOURGUIDESERVICE
getUserRewards ---> TOURGUIDESERVICE
getUserRewards ---> TOURGUIDESERVICE
getUserRewards ---> TOURGUIDESERVICE
getUserRewards ---> TOURGUIDESERVICE
getUserRewards ---> TOURGUIDESERVICE
getUserRewards ---> TOURGUIDESERVICE
getUserRewards ---> TOURGUIDESERVICE
getUserRewards ---> TOURGUIDESERVICE
getUserRewards ---> TOURGUIDESERVICE
getUserRewards ---> TOURGUIDESERVICE
getUserRewards ---> TOURGUIDESERVICE
getUserRewards ---> TOURGUIDESERVICE
getUserRewards ---> TOURGUIDESERVICE
getUserRewards ---> TOURGUIDESERVICE
getUserRewards ---> TOURGUIDESERVICE
getUserRewards ---> TOURGUIDESERVICE
getUserRewards ---> TOURGUIDESERVICE
getUserRewards ---> TOURGUIDESERVICE
getUserRewards ---> TOURGUIDESERVICE
getUserRewards ---> TOURGUIDESERVICE
getUserRewards ---> TOURGUIDESERVICE
getUserRewards ---> TOURGUIDESERVICE
getUserRewards ---> TOURGUIDESERVICE
getUserRewards ---> TOURGUIDESERVICE
getUserRewards ---> TOURGUIDESERVICE
getUserRewards ---> TOURGUIDESERVICE
getUserRewards ---> TOURGUIDESERVICE
getUserRewards ---> TOURGUIDESERVICE
getUserRewards ---> TOURGUIDESERVICE
getUserRewards ---> TOURGUIDESERVICE
getUserRewards ---> TOURGUIDESERVICE
getUserRewards ---> TOURGUIDESERVICE
getUserRewards ---> TOURGUIDESERVICE
getUserRewards ---> TOURGUIDESERVICE
getUserRewards ---> TOURGUIDESERVICE
getUserRewards ---> TOURGUIDESERVICE
getUserRewards ---> TOURGUIDESERVICE
getUserRewards ---> TOURGUIDESERVICE
getUserRewards ---> TOURGUIDESERVICE
getUserRewards ---> TOURGUIDESERVICE
getUserRewards ---> TOURGUIDESERVICE
getUserRewards ---> TOURGUIDESERVICE
getUserRewards ---> TOURGUIDESERVICE
getUserRewards ---> TOURGUIDESERVICE
getUserRewards ---> TOURGUIDESERVICE
getUserRewards ---> TOURGUIDESERVICE
getUserRewards ---> TOURGUIDESERVICE
getUserRewards ---> TOURGUIDESERVICE
getUserRewards ---> TOURGUIDESERVICE
getUserRewards ---> TOURGUIDESERVICE
getUserRewards ---> TOURGUIDESERVICE
getUserRewards ---> TOURGUIDESERVICE
getUserRewards ---> TOURGUIDESERVICE
getUserRewards ---> TOURGUIDESERVICE
getUserRewards ---> TOURGUIDESERVICE
getUserRewards ---> TOURGUIDESERVICE
getUserRewards ---> TOURGUIDESERVICE
getUserRewards ---> TOURGUIDESERVICE
getUserRewards ---> TOURGUIDESERVICE
getUserRewards ---> TOURGUIDESERVICE
getUserRewards ---> TOURGUIDESERVICE
getUserRewards ---> TOURGUIDESERVICE
getUserRewards ---> TOURGUIDESERVICE
getUserRewards ---> TOURGUIDESERVICE
getUserRewards ---> TOURGUIDESERVICE
getUserRewards ---> TOURGUIDESERVICE
getUserRewards ---> TOURGUIDESERVICE
getUserRewards ---> TOURGUIDESERVICE
getUserRewards ---> TOURGUIDESERVICE
getUserRewards ---> TOURGUIDESERVICE
getUserRewards ---> TOURGUIDESERVICE
getUserRewards ---> TOURGUIDESERVICE
getUserRewards ---> TOURGUIDESERVICE
getUserRewards ---> TOURGUIDESERVICE
getUserRewards ---> TOURGUIDESERVICE
getUserRewards ---> TOURGUIDESERVICE
getUserRewards ---> TOURGUIDESERVICE
getUserRewards ---> TOURGUIDESERVICE
getUserRewards ---> TOURGUIDESERVICE
getUserRewards ---> TOURGUIDESERVICE
getUserRewards ---> TOURGUIDESERVICE
getUserRewards ---> TOURGUIDESERVICE
getUserRewards ---> TOURGUIDESERVICE
getUserRewards ---> TOURGUIDESERVICE
getUserRewards ---> TOURGUIDESERVICE
getUserRewards ---> TOURGUIDESERVICE
getUserRewards ---> TOURGUIDESERVICE
getUserRewards ---> TOURGUIDESERVICE
getUserRewards ---> TOURGUIDESERVICE
getUserRewards ---> TOURGUIDESERVICE
getUserRewards ---> TOURGUIDESERVICE
getUserRewards ---> TOURGUIDESERVICE
getUserRewards ---> TOURGUIDESERVICE
getUserRewards ---> TOURGUIDESERVICE
getUserRewards ---> TOURGUIDESERVICE
getUserRewards ---> TOURGUIDESERVICE
getUserRewards ---> TOURGUIDESERVICE
getUserRewards ---> TOURGUIDESERVICE
getUserRewards ---> TOURGUIDESERVICE
getUserRewards ---> TOURGUIDESERVICE
getUserRewards ---> TOURGUIDESERVICE
getUserRewards ---> TOURGUIDESERVICE
getUserRewards ---> TOURGUIDESERVICE
getUserRewards ---> TOURGUIDESERVICE
getUserRewards ---> TOURGUIDESERVICE
getUserRewards ---> TOURGUIDESERVICE
getUserRewards ---> TOURGUIDESERVICE
getUserRewards ---> TOURGUIDESERVICE
getUserRewards ---> TOURGUIDESERVICE
getUserRewards ---> TOURGUIDESERVICE
getUserRewards ---> TOURGUIDESERVICE
getUserRewards ---> TOURGUIDESERVICE
getUserRewards ---> TOURGUIDESERVICE
getUserRewards ---> TOURGUIDESERVICE
getUserRewards ---> TOURGUIDESERVICE
getUserRewards ---> TOURGUIDESERVICE
getUserRewards ---> TOURGUIDESERVICE
getUserRewards ---> TOURGUIDESERVICE
getUserRewards ---> TOURGUIDESERVICE
getUserRewards ---> TOURGUIDESERVICE
getUserRewards ---> TOURGUIDESERVICE
getUserRewards ---> TOURGUIDESERVICE
getUserRewards ---> TOURGUIDESERVICE
getUserRewards ---> TOURGUIDESERVICE
getUserRewards ---> TOURGUIDESERVICE
getUserRewards ---> TOURGUIDESERVICE
getUserRewards ---> TOURGUIDESERVICE
getUserRewards ---> TOURGUIDESERVICE
getUserRewards ---> TOURGUIDESERVICE
getUserRewards ---> TOURGUIDESERVICE
getUserRewards ---> TOURGUIDESERVICE
getUserRewards ---> TOURGUIDESERVICE
getUserRewards ---> TOURGUIDESERVICE
getUserRewards ---> TOURGUIDESERVICE
getUserRewards ---> TOURGUIDESERVICE
getUserRewards ---> TOURGUIDESERVICE
getUserRewards ---> TOURGUIDESERVICE
getUserRewards ---> TOURGUIDESERVICE
getUserRewards ---> TOURGUIDESERVICE
getUserRewards ---> TOURGUIDESERVICE
getUserRewards ---> TOURGUIDESERVICE
getUserRewards ---> TOURGUIDESERVICE
getUserRewards ---> TOURGUIDESERVICE
getUserRewards ---> TOURGUIDESERVICE
getUserRewards ---> TOURGUIDESERVICE
getUserRewards ---> TOURGUIDESERVICE
getUserRewards ---> TOURGUIDESERVICE
getUserRewards ---> TOURGUIDESERVICE
getUserRewards ---> TOURGUIDESERVICE
getUserRewards ---> TOURGUIDESERVICE
getUserRewards ---> TOURGUIDESERVICE
getUserRewards ---> TOURGUIDESERVICE
getUserRewards ---> TOURGUIDESERVICE
getUserRewards ---> TOURGUIDESERVICE
getUserRewards ---> TOURGUIDESERVICE
getUserRewards ---> TOURGUIDESERVICE
getUserRewards ---> TOURGUIDESERVICE
getUserRewards ---> TOURGUIDESERVICE
getUserRewards ---> TOURGUIDESERVICE
getUserRewards ---> TOURGUIDESERVICE
getUserRewards ---> TOURGUIDESERVICE
getUserRewards ---> TOURGUIDESERVICE
getUserRewards ---> TOURGUIDESERVICE
getUserRewards ---> TOURGUIDESERVICE
getUserRewards ---> TOURGUIDESERVICE
getUserRewards ---> TOURGUIDESERVICE
getUserRewards ---> TOURGUIDESERVICE
getUserRewards ---> TOURGUIDESERVICE
getUserRewards ---> TOURGUIDESERVICE
getUserRewards ---> TOURGUIDESERVICE
getUserRewards ---> TOURGUIDESERVICE
getUserRewards ---> TOURGUIDESERVICE
getUserRewards ---> TOURGUIDESERVICE
getUserRewards ---> TOURGUIDESERVICE
getUserRewards ---> TOURGUIDESERVICE
getUserRewards ---> TOURGUIDESERVICE
getUserRewards ---> TOURGUIDESERVICE
getUserRewards ---> TOURGUIDESERVICE
getUserRewards ---> TOURGUIDESERVICE
getUserRewards ---> TOURGUIDESERVICE
getUserRewards ---> TOURGUIDESERVICE
getUserRewards ---> TOURGUIDESERVICE
getUserRewards ---> TOURGUIDESERVICE
getUserRewards ---> TOURGUIDESERVICE
getUserRewards ---> TOURGUIDESERVICE
getUserRewards ---> TOURGUIDESERVICE
getUserRewards ---> TOURGUIDESERVICE
getUserRewards ---> TOURGUIDESERVICE
getUserRewards ---> TOURGUIDESERVICE
getUserRewards ---> TOURGUIDESERVICE
getUserRewards ---> TOURGUIDESERVICE
getUserRewards ---> TOURGUIDESERVICE
getUserRewards ---> TOURGUIDESERVICE
getUserRewards ---> TOURGUIDESERVICE
getUserRewards ---> TOURGUIDESERVICE
getUserRewards ---> TOURGUIDESERVICE
getUserRewards ---> TOURGUIDESERVICE
getUserRewards ---> TOURGUIDESERVICE
getUserRewards ---> TOURGUIDESERVICE
getUserRewards ---> TOURGUIDESERVICE
getUserRewards ---> TOURGUIDESERVICE
getUserRewards ---> TOURGUIDESERVICE
getUserRewards ---> TOURGUIDESERVICE
getUserRewards ---> TOURGUIDESERVICE
getUserRewards ---> TOURGUIDESERVICE
getUserRewards ---> TOURGUIDESERVICE
getUserRewards ---> TOURGUIDESERVICE
getUserRewards ---> TOURGUIDESERVICE
getUserRewards ---> TOURGUIDESERVICE
getUserRewards ---> TOURGUIDESERVICE
getUserRewards ---> TOURGUIDESERVICE
getUserRewards ---> TOURGUIDESERVICE
getUserRewards ---> TOURGUIDESERVICE
getUserRewards ---> TOURGUIDESERVICE
getUserRewards ---> TOURGUIDESERVICE
getUserRewards ---> TOURGUIDESERVICE
getUserRewards ---> TOURGUIDESERVICE
getUserRewards ---> TOURGUIDESERVICE
getUserRewards ---> TOURGUIDESERVICE
getUserRewards ---> TOURGUIDESERVICE
getUserRewards ---> TOURGUIDESERVICE
getUserRewards ---> TOURGUIDESERVICE
getUserRewards ---> TOURGUIDESERVICE
getUserRewards ---> TOURGUIDESERVICE
getUserRewards ---> TOURGUIDESERVICE
getUserRewards ---> TOURGUIDESERVICE
getUserRewards ---> TOURGUIDESERVICE
getUserRewards ---> TOURGUIDESERVICE
getUserRewards ---> TOURGUIDESERVICE
getUserRewards ---> TOURGUIDESERVICE
getUserRewards ---> TOURGUIDESERVICE
getUserRewards ---> TOURGUIDESERVICE
getUserRewards ---> TOURGUIDESERVICE
getUserRewards ---> TOURGUIDESERVICE
getUserRewards ---> TOURGUIDESERVICE
getUserRewards ---> TOURGUIDESERVICE
getUserRewards ---> TOURGUIDESERVICE
getUserRewards ---> TOURGUIDESERVICE
getUserRewards ---> TOURGUIDESERVICE
getUserRewards ---> TOURGUIDESERVICE
getUserRewards ---> TOURGUIDESERVICE
getUserRewards ---> TOURGUIDESERVICE
getUserRewards ---> TOURGUIDESERVICE
getUserRewards ---> TOURGUIDESERVICE
getUserRewards ---> TOURGUIDESERVICE
getUserRewards ---> TOURGUIDESERVICE
getUserRewards ---> TOURGUIDESERVICE
getUserRewards ---> TOURGUIDESERVICE
getUserRewards ---> TOURGUIDESERVICE
getUserRewards ---> TOURGUIDESERVICE
getUserRewards ---> TOURGUIDESERVICE
getUserRewards ---> TOURGUIDESERVICE
getUserRewards ---> TOURGUIDESERVICE
getUserRewards ---> TOURGUIDESERVICE
getUserRewards ---> TOURGUIDESERVICE
getUserRewards ---> TOURGUIDESERVICE
getUserRewards ---> TOURGUIDESERVICE
getUserRewards ---> TOURGUIDESERVICE
getUserRewards ---> TOURGUIDESERVICE
getUserRewards ---> TOURGUIDESERVICE
getUserRewards ---> TOURGUIDESERVICE
getUserRewards ---> TOURGUIDESERVICE
getUserRewards ---> TOURGUIDESERVICE
getUserRewards ---> TOURGUIDESERVICE
getUserRewards ---> TOURGUIDESERVICE
getUserRewards ---> TOURGUIDESERVICE
getUserRewards ---> TOURGUIDESERVICE
getUserRewards ---> TOURGUIDESERVICE
getUserRewards ---> TOURGUIDESERVICE
getUserRewards ---> TOURGUIDESERVICE
getUserRewards ---> TOURGUIDESERVICE
getUserRewards ---> TOURGUIDESERVICE
getUserRewards ---> TOURGUIDESERVICE
getUserRewards ---> TOURGUIDESERVICE
getUserRewards ---> TOURGUIDESERVICE
getUserRewards ---> TOURGUIDESERVICE
getUserRewards ---> TOURGUIDESERVICE
getUserRewards ---> TOURGUIDESERVICE
getUserRewards ---> TOURGUIDESERVICE
getUserRewards ---> TOURGUIDESERVICE
getUserRewards ---> TOURGUIDESERVICE
getUserRewards ---> TOURGUIDESERVICE
getUserRewards ---> TOURGUIDESERVICE
getUserRewards ---> TOURGUIDESERVICE
getUserRewards ---> TOURGUIDESERVICE
getUserRewards ---> TOURGUIDESERVICE
getUserRewards ---> TOURGUIDESERVICE
getUserRewards ---> TOURGUIDESERVICE
getUserRewards ---> TOURGUIDESERVICE
getUserRewards ---> TOURGUIDESERVICE
getUserRewards ---> TOURGUIDESERVICE
getUserRewards ---> TOURGUIDESERVICE
getUserRewards ---> TOURGUIDESERVICE
getUserRewards ---> TOURGUIDESERVICE
getUserRewards ---> TOURGUIDESERVICE
getUserRewards ---> TOURGUIDESERVICE
getUserRewards ---> TOURGUIDESERVICE
getUserRewards ---> TOURGUIDESERVICE
getUserRewards ---> TOURGUIDESERVICE
getUserRewards ---> TOURGUIDESERVICE
getUserRewards ---> TOURGUIDESERVICE
getUserRewards ---> TOURGUIDESERVICE
getUserRewards ---> TOURGUIDESERVICE
getUserRewards ---> TOURGUIDESERVICE
getUserRewards ---> TOURGUIDESERVICE
getUserRewards ---> TOURGUIDESERVICE
getUserRewards ---> TOURGUIDESERVICE
getUserRewards ---> TOURGUIDESERVICE
getUserRewards ---> TOURGUIDESERVICE
getUserRewards ---> TOURGUIDESERVICE
getUserRewards ---> TOURGUIDESERVICE
getUserRewards ---> TOURGUIDESERVICE
getUserRewards ---> TOURGUIDESERVICE
getUserRewards ---> TOURGUIDESERVICE
getUserRewards ---> TOURGUIDESERVICE
getUserRewards ---> TOURGUIDESERVICE
getUserRewards ---> TOURGUIDESERVICE
getUserRewards ---> TOURGUIDESERVICE
getUserRewards ---> TOURGUIDESERVICE
getUserRewards ---> TOURGUIDESERVICE
getUserRewards ---> TOURGUIDESERVICE
getUserRewards ---> TOURGUIDESERVICE
getUserRewards ---> TOURGUIDESERVICE
getUserRewards ---> TOURGUIDESERVICE
getUserRewards ---> TOURGUIDESERVICE
getUserRewards ---> TOURGUIDESERVICE
getUserRewards ---> TOURGUIDESERVICE
getUserRewards ---> TOURGUIDESERVICE
getUserRewards ---> TOURGUIDESERVICE
getUserRewards ---> TOURGUIDESERVICE
getUserRewards ---> TOURGUIDESERVICE
getUserRewards ---> TOURGUIDESERVICE
getUserRewards ---> TOURGUIDESERVICE
getUserRewards ---> TOURGUIDESERVICE
getUserRewards ---> TOURGUIDESERVICE
getUserRewards ---> TOURGUIDESERVICE
getUserRewards ---> TOURGUIDESERVICE
getUserRewards ---> TOURGUIDESERVICE
getUserRewards ---> TOURGUIDESERVICE
getUserRewards ---> TOURGUIDESERVICE
getUserRewards ---> TOURGUIDESERVICE
getUserRewards ---> TOURGUIDESERVICE
getUserRewards ---> TOURGUIDESERVICE
getUserRewards ---> TOURGUIDESERVICE
getUserRewards ---> TOURGUIDESERVICE
getUserRewards ---> TOURGUIDESERVICE
getUserRewards ---> TOURGUIDESERVICE
getUserRewards ---> TOURGUIDESERVICE
getUserRewards ---> TOURGUIDESERVICE
getUserRewards ---> TOURGUIDESERVICE
getUserRewards ---> TOURGUIDESERVICE
getUserRewards ---> TOURGUIDESERVICE
getUserRewards ---> TOURGUIDESERVICE
getUserRewards ---> TOURGUIDESERVICE
getUserRewards ---> TOURGUIDESERVICE
getUserRewards ---> TOURGUIDESERVICE
getUserRewards ---> TOURGUIDESERVICE
getUserRewards ---> TOURGUIDESERVICE
getUserRewards ---> TOURGUIDESERVICE
getUserRewards ---> TOURGUIDESERVICE
getUserRewards ---> TOURGUIDESERVICE
getUserRewards ---> TOURGUIDESERVICE
getUserRewards ---> TOURGUIDESERVICE
getUserRewards ---> TOURGUIDESERVICE
getUserRewards ---> TOURGUIDESERVICE
getUserRewards ---> TOURGUIDESERVICE
getUserRewards ---> TOURGUIDESERVICE
getUserRewards ---> TOURGUIDESERVICE
getUserRewards ---> TOURGUIDESERVICE
getUserRewards ---> TOURGUIDESERVICE
getUserRewards ---> TOURGUIDESERVICE
getUserRewards ---> TOURGUIDESERVICE
getUserRewards ---> TOURGUIDESERVICE
getUserRewards ---> TOURGUIDESERVICE
getUserRewards ---> TOURGUIDESERVICE
getUserRewards ---> TOURGUIDESERVICE
getUserRewards ---> TOURGUIDESERVICE
getUserRewards ---> TOURGUIDESERVICE
getUserRewards ---> TOURGUIDESERVICE
getUserRewards ---> TOURGUIDESERVICE
getUserRewards ---> TOURGUIDESERVICE
getUserRewards ---> TOURGUIDESERVICE
getUserRewards ---> TOURGUIDESERVICE
getUserRewards ---> TOURGUIDESERVICE
getUserRewards ---> TOURGUIDESERVICE
getUserRewards ---> TOURGUIDESERVICE
getUserRewards ---> TOURGUIDESERVICE
getUserRewards ---> TOURGUIDESERVICE
getUserRewards ---> TOURGUIDESERVICE
getUserRewards ---> TOURGUIDESERVICE
getUserRewards ---> TOURGUIDESERVICE
getUserRewards ---> TOURGUIDESERVICE
getUserRewards ---> TOURGUIDESERVICE
getUserRewards ---> TOURGUIDESERVICE
getUserRewards ---> TOURGUIDESERVICE
getUserRewards ---> TOURGUIDESERVICE
getUserRewards ---> TOURGUIDESERVICE
getUserRewards ---> TOURGUIDESERVICE
getUserRewards ---> TOURGUIDESERVICE
getUserRewards ---> TOURGUIDESERVICE
getUserRewards ---> TOURGUIDESERVICE
getUserRewards ---> TOURGUIDESERVICE
getUserRewards ---> TOURGUIDESERVICE
getUserRewards ---> TOURGUIDESERVICE
getUserRewards ---> TOURGUIDESERVICE
getUserRewards ---> TOURGUIDESERVICE
getUserRewards ---> TOURGUIDESERVICE
getUserRewards ---> TOURGUIDESERVICE
getUserRewards ---> TOURGUIDESERVICE
getUserRewards ---> TOURGUIDESERVICE
getUserRewards ---> TOURGUIDESERVICE
getUserRewards ---> TOURGUIDESERVICE
getUserRewards ---> TOURGUIDESERVICE
getUserRewards ---> TOURGUIDESERVICE
getUserRewards ---> TOURGUIDESERVICE
getUserRewards ---> TOURGUIDESERVICE
getUserRewards ---> TOURGUIDESERVICE
getUserRewards ---> TOURGUIDESERVICE
getUserRewards ---> TOURGUIDESERVICE
getUserRewards ---> TOURGUIDESERVICE
getUserRewards ---> TOURGUIDESERVICE
getUserRewards ---> TOURGUIDESERVICE
getUserRewards ---> TOURGUIDESERVICE
getUserRewards ---> TOURGUIDESERVICE
getUserRewards ---> TOURGUIDESERVICE
getUserRewards ---> TOURGUIDESERVICE
getUserRewards ---> TOURGUIDESERVICE
getUserRewards ---> TOURGUIDESERVICE
getUserRewards ---> TOURGUIDESERVICE
getUserRewards ---> TOURGUIDESERVICE
getUserRewards ---> TOURGUIDESERVICE
getUserRewards ---> TOURGUIDESERVICE
getUserRewards ---> TOURGUIDESERVICE
getUserRewards ---> TOURGUIDESERVICE
getUserRewards ---> TOURGUIDESERVICE
getUserRewards ---> TOURGUIDESERVICE
getUserRewards ---> TOURGUIDESERVICE
getUserRewards ---> TOURGUIDESERVICE
getUserRewards ---> TOURGUIDESERVICE
getUserRewards ---> TOURGUIDESERVICE
getUserRewards ---> TOURGUIDESERVICE
getUserRewards ---> TOURGUIDESERVICE
getUserRewards ---> TOURGUIDESERVICE
getUserRewards ---> TOURGUIDESERVICE
getUserRewards ---> TOURGUIDESERVICE
getUserRewards ---> TOURGUIDESERVICE
getUserRewards ---> TOURGUIDESERVICE
getUserRewards ---> TOURGUIDESERVICE
getUserRewards ---> TOURGUIDESERVICE
getUserRewards ---> TOURGUIDESERVICE
getUserRewards ---> TOURGUIDESERVICE
getUserRewards ---> TOURGUIDESERVICE
getUserRewards ---> TOURGUIDESERVICE
getUserRewards ---> TOURGUIDESERVICE
getUserRewards ---> TOURGUIDESERVICE
getUserRewards ---> TOURGUIDESERVICE
getUserRewards ---> TOURGUIDESERVICE
getUserRewards ---> TOURGUIDESERVICE
getUserRewards ---> TOURGUIDESERVICE
getUserRewards ---> TOURGUIDESERVICE
getUserRewards ---> TOURGUIDESERVICE
getUserRewards ---> TOURGUIDESERVICE
getUserRewards ---> TOURGUIDESERVICE
getUserRewards ---> TOURGUIDESERVICE
getUserRewards ---> TOURGUIDESERVICE
getUserRewards ---> TOURGUIDESERVICE
getUserRewards ---> TOURGUIDESERVICE
getUserRewards ---> TOURGUIDESERVICE
getUserRewards ---> TOURGUIDESERVICE
getUserRewards ---> TOURGUIDESERVICE
getUserRewards ---> TOURGUIDESERVICE
getUserRewards ---> TOURGUIDESERVICE
getUserRewards ---> TOURGUIDESERVICE
getUserRewards ---> TOURGUIDESERVICE
getUserRewards ---> TOURGUIDESERVICE
getUserRewards ---> TOURGUIDESERVICE
getUserRewards ---> TOURGUIDESERVICE
getUserRewards ---> TOURGUIDESERVICE
getUserRewards ---> TOURGUIDESERVICE
getUserRewards ---> TOURGUIDESERVICE
getUserRewards ---> TOURGUIDESERVICE
getUserRewards ---> TOURGUIDESERVICE
getUserRewards ---> TOURGUIDESERVICE
getUserRewards ---> TOURGUIDESERVICE
getUserRewards ---> TOURGUIDESERVICE
getUserRewards ---> TOURGUIDESERVICE
getUserRewards ---> TOURGUIDESERVICE
getUserRewards ---> TOURGUIDESERVICE
getUserRewards ---> TOURGUIDESERVICE
getUserRewards ---> TOURGUIDESERVICE
getUserRewards ---> TOURGUIDESERVICE
getUserRewards ---> TOURGUIDESERVICE
getUserRewards ---> TOURGUIDESERVICE
getUserRewards ---> TOURGUIDESERVICE
getUserRewards ---> TOURGUIDESERVICE
getUserRewards ---> TOURGUIDESERVICE
getUserRewards ---> TOURGUIDESERVICE
getUserRewards ---> TOURGUIDESERVICE
getUserRewards ---> TOURGUIDESERVICE
getUserRewards ---> TOURGUIDESERVICE
getUserRewards ---> TOURGUIDESERVICE
getUserRewards ---> TOURGUIDESERVICE
getUserRewards ---> TOURGUIDESERVICE
getUserRewards ---> TOURGUIDESERVICE
getUserRewards ---> TOURGUIDESERVICE
getUserRewards ---> TOURGUIDESERVICE
getUserRewards ---> TOURGUIDESERVICE
getUserRewards ---> TOURGUIDESERVICE
getUserRewards ---> TOURGUIDESERVICE
getUserRewards ---> TOURGUIDESERVICE
getUserRewards ---> TOURGUIDESERVICE
getUserRewards ---> TOURGUIDESERVICE
getUserRewards ---> TOURGUIDESERVICE
getUserRewards ---> TOURGUIDESERVICE
getUserRewards ---> TOURGUIDESERVICE
getUserRewards ---> TOURGUIDESERVICE
getUserRewards ---> TOURGUIDESERVICE
getUserRewards ---> TOURGUIDESERVICE
getUserRewards ---> TOURGUIDESERVICE
getUserRewards ---> TOURGUIDESERVICE
getUserRewards ---> TOURGUIDESERVICE
getUserRewards ---> TOURGUIDESERVICE
getUserRewards ---> TOURGUIDESERVICE
getUserRewards ---> TOURGUIDESERVICE
getUserRewards ---> TOURGUIDESERVICE
getUserRewards ---> TOURGUIDESERVICE
getUserRewards ---> TOURGUIDESERVICE
getUserRewards ---> TOURGUIDESERVICE
getUserRewards ---> TOURGUIDESERVICE
getUserRewards ---> TOURGUIDESERVICE
getUserRewards ---> TOURGUIDESERVICE
getUserRewards ---> TOURGUIDESERVICE
getUserRewards ---> TOURGUIDESERVICE
getUserRewards ---> TOURGUIDESERVICE
getUserRewards ---> TOURGUIDESERVICE
getUserRewards ---> TOURGUIDESERVICE
getUserRewards ---> TOURGUIDESERVICE
getUserRewards ---> TOURGUIDESERVICE
getUserRewards ---> TOURGUIDESERVICE
getUserRewards ---> TOURGUIDESERVICE
getUserRewards ---> TOURGUIDESERVICE
getUserRewards ---> TOURGUIDESERVICE
getUserRewards ---> TOURGUIDESERVICE
getUserRewards ---> TOURGUIDESERVICE
getUserRewards ---> TOURGUIDESERVICE
getUserRewards ---> TOURGUIDESERVICE
getUserRewards ---> TOURGUIDESERVICE
getUserRewards ---> TOURGUIDESERVICE
getUserRewards ---> TOURGUIDESERVICE
getUserRewards ---> TOURGUIDESERVICE
getUserRewards ---> TOURGUIDESERVICE
getUserRewards ---> TOURGUIDESERVICE
getUserRewards ---> TOURGUIDESERVICE
getUserRewards ---> TOURGUIDESERVICE
getUserRewards ---> TOURGUIDESERVICE
getUserRewards ---> TOURGUIDESERVICE
getUserRewards ---> TOURGUIDESERVICE
getUserRewards ---> TOURGUIDESERVICE
getUserRewards ---> TOURGUIDESERVICE
getUserRewards ---> TOURGUIDESERVICE
getUserRewards ---> TOURGUIDESERVICE
getUserRewards ---> TOURGUIDESERVICE
getUserRewards ---> TOURGUIDESERVICE
getUserRewards ---> TOURGUIDESERVICE
getUserRewards ---> TOURGUIDESERVICE
getUserRewards ---> TOURGUIDESERVICE
getUserRewards ---> TOURGUIDESERVICE
getUserRewards ---> TOURGUIDESERVICE
getUserRewards ---> TOURGUIDESERVICE
getUserRewards ---> TOURGUIDESERVICE
getUserRewards ---> TOURGUIDESERVICE
getUserRewards ---> TOURGUIDESERVICE
getUserRewards ---> TOURGUIDESERVICE
getUserRewards ---> TOURGUIDESERVICE
getUserRewards ---> TOURGUIDESERVICE
getUserRewards ---> TOURGUIDESERVICE
getUserRewards ---> TOURGUIDESERVICE
getUserRewards ---> TOURGUIDESERVICE
getUserRewards ---> TOURGUIDESERVICE
getUserRewards ---> TOURGUIDESERVICE
getUserRewards ---> TOURGUIDESERVICE
getUserRewards ---> TOURGUIDESERVICE
getUserRewards ---> TOURGUIDESERVICE
getUserRewards ---> TOURGUIDESERVICE
getUserRewards ---> TOURGUIDESERVICE
getUserRewards ---> TOURGUIDESERVICE
getUserRewards ---> TOURGUIDESERVICE
getUserRewards ---> TOURGUIDESERVICE
getUserRewards ---> TOURGUIDESERVICE
getUserRewards ---> TOURGUIDESERVICE
getUserRewards ---> TOURGUIDESERVICE
getUserRewards ---> TOURGUIDESERVICE
getUserRewards ---> TOURGUIDESERVICE
getUserRewards ---> TOURGUIDESERVICE
getUserRewards ---> TOURGUIDESERVICE
getUserRewards ---> TOURGUIDESERVICE
getUserRewards ---> TOURGUIDESERVICE
getUserRewards ---> TOURGUIDESERVICE
getUserRewards ---> TOURGUIDESERVICE
getUserRewards ---> TOURGUIDESERVICE
getUserRewards ---> TOURGUIDESERVICE
getUserRewards ---> TOURGUIDESERVICE
getUserRewards ---> TOURGUIDESERVICE
getUserRewards ---> TOURGUIDESERVICE
getUserRewards ---> TOURGUIDESERVICE
getUserRewards ---> TOURGUIDESERVICE
getUserRewards ---> TOURGUIDESERVICE
getUserRewards ---> TOURGUIDESERVICE
getUserRewards ---> TOURGUIDESERVICE
getUserRewards ---> TOURGUIDESERVICE
getUserRewards ---> TOURGUIDESERVICE
getUserRewards ---> TOURGUIDESERVICE
getUserRewards ---> TOURGUIDESERVICE
getUserRewards ---> TOURGUIDESERVICE
getUserRewards ---> TOURGUIDESERVICE
getUserRewards ---> TOURGUIDESERVICE
getUserRewards ---> TOURGUIDESERVICE
getUserRewards ---> TOURGUIDESERVICE
getUserRewards ---> TOURGUIDESERVICE
getUserRewards ---> TOURGUIDESERVICE
getUserRewards ---> TOURGUIDESERVICE
getUserRewards ---> TOURGUIDESERVICE
getUserRewards ---> TOURGUIDESERVICE
getUserRewards ---> TOURGUIDESERVICE
getUserRewards ---> TOURGUIDESERVICE
getUserRewards ---> TOURGUIDESERVICE
getUserRewards ---> TOURGUIDESERVICE
getUserRewards ---> TOURGUIDESERVICE
getUserRewards ---> TOURGUIDESERVICE
getUserRewards ---> TOURGUIDESERVICE
getUserRewards ---> TOURGUIDESERVICE
getUserRewards ---> TOURGUIDESERVICE
getUserRewards ---> TOURGUIDESERVICE
getUserRewards ---> TOURGUIDESERVICE
getUserRewards ---> TOURGUIDESERVICE
getUserRewards ---> TOURGUIDESERVICE
getUserRewards ---> TOURGUIDESERVICE
getUserRewards ---> TOURGUIDESERVICE
getUserRewards ---> TOURGUIDESERVICE
getUserRewards ---> TOURGUIDESERVICE
getUserRewards ---> TOURGUIDESERVICE
getUserRewards ---> TOURGUIDESERVICE
getUserRewards ---> TOURGUIDESERVICE
getUserRewards ---> TOURGUIDESERVICE
getUserRewards ---> TOURGUIDESERVICE
getUserRewards ---> TOURGUIDESERVICE
getUserRewards ---> TOURGUIDESERVICE
getUserRewards ---> TOURGUIDESERVICE
getUserRewards ---> TOURGUIDESERVICE
getUserRewards ---> TOURGUIDESERVICE
getUserRewards ---> TOURGUIDESERVICE
getUserRewards ---> TOURGUIDESERVICE
getUserRewards ---> TOURGUIDESERVICE
getUserRewards ---> TOURGUIDESERVICE
getUserRewards ---> TOURGUIDESERVICE
getUserRewards ---> TOURGUIDESERVICE
getUserRewards ---> TOURGUIDESERVICE
getUserRewards ---> TOURGUIDESERVICE
getUserRewards ---> TOURGUIDESERVICE
getUserRewards ---> TOURGUIDESERVICE
getUserRewards ---> TOURGUIDESERVICE
getUserRewards ---> TOURGUIDESERVICE
getUserRewards ---> TOURGUIDESERVICE
getUserRewards ---> TOURGUIDESERVICE
getUserRewards ---> TOURGUIDESERVICE
getUserRewards ---> TOURGUIDESERVICE
getUserRewards ---> TOURGUIDESERVICE
getUserRewards ---> TOURGUIDESERVICE
getUserRewards ---> TOURGUIDESERVICE
getUserRewards ---> TOURGUIDESERVICE
getUserRewards ---> TOURGUIDESERVICE
getUserRewards ---> TOURGUIDESERVICE
getUserRewards ---> TOURGUIDESERVICE
getUserRewards ---> TOURGUIDESERVICE
getUserRewards ---> TOURGUIDESERVICE
getUserRewards ---> TOURGUIDESERVICE
getUserRewards ---> TOURGUIDESERVICE
getUserRewards ---> TOURGUIDESERVICE
getUserRewards ---> TOURGUIDESERVICE
getUserRewards ---> TOURGUIDESERVICE
getUserRewards ---> TOURGUIDESERVICE
getUserRewards ---> TOURGUIDESERVICE
getUserRewards ---> TOURGUIDESERVICE
getUserRewards ---> TOURGUIDESERVICE
getUserRewards ---> TOURGUIDESERVICE
getUserRewards ---> TOURGUIDESERVICE
getUserRewards ---> TOURGUIDESERVICE
getUserRewards ---> TOURGUIDESERVICE
getUserRewards ---> TOURGUIDESERVICE
getUserRewards ---> TOURGUIDESERVICE
getUserRewards ---> TOURGUIDESERVICE
getUserRewards ---> TOURGUIDESERVICE
getUserRewards ---> TOURGUIDESERVICE
getUserRewards ---> TOURGUIDESERVICE
getUserRewards ---> TOURGUIDESERVICE
getUserRewards ---> TOURGUIDESERVICE
getUserRewards ---> TOURGUIDESERVICE
getUserRewards ---> TOURGUIDESERVICE
getUserRewards ---> TOURGUIDESERVICE
getUserRewards ---> TOURGUIDESERVICE
getUserRewards ---> TOURGUIDESERVICE
getUserRewards ---> TOURGUIDESERVICE
getUserRewards ---> TOURGUIDESERVICE
getUserRewards ---> TOURGUIDESERVICE
getUserRewards ---> TOURGUIDESERVICE
getUserRewards ---> TOURGUIDESERVICE
getUserRewards ---> TOURGUIDESERVICE
getUserRewards ---> TOURGUIDESERVICE
getUserRewards ---> TOURGUIDESERVICE
getUserRewards ---> TOURGUIDESERVICE
getUserRewards ---> TOURGUIDESERVICE
getUserRewards ---> TOURGUIDESERVICE
getUserRewards ---> TOURGUIDESERVICE
getUserRewards ---> TOURGUIDESERVICE
getUserRewards ---> TOURGUIDESERVICE
getUserRewards ---> TOURGUIDESERVICE
getUserRewards ---> TOURGUIDESERVICE
getUserRewards ---> TOURGUIDESERVICE
getUserRewards ---> TOURGUIDESERVICE
getUserRewards ---> TOURGUIDESERVICE
getUserRewards ---> TOURGUIDESERVICE
getUserRewards ---> TOURGUIDESERVICE
getUserRewards ---> TOURGUIDESERVICE
getUserRewards ---> TOURGUIDESERVICE
getUserRewards ---> TOURGUIDESERVICE
getUserRewards ---> TOURGUIDESERVICE
getUserRewards ---> TOURGUIDESERVICE
getUserRewards ---> TOURGUIDESERVICE
getUserRewards ---> TOURGUIDESERVICE
getUserRewards ---> TOURGUIDESERVICE
getUserRewards ---> TOURGUIDESERVICE
getUserRewards ---> TOURGUIDESERVICE
getUserRewards ---> TOURGUIDESERVICE
getUserRewards ---> TOURGUIDESERVICE
getUserRewards ---> TOURGUIDESERVICE
getUserRewards ---> TOURGUIDESERVICE
getUserRewards ---> TOURGUIDESERVICE
getUserRewards ---> TOURGUIDESERVICE
getUserRewards ---> TOURGUIDESERVICE
getUserRewards ---> TOURGUIDESERVICE
getUserRewards ---> TOURGUIDESERVICE
getUserRewards ---> TOURGUIDESERVICE
getUserRewards ---> TOURGUIDESERVICE
getUserRewards ---> TOURGUIDESERVICE
getUserRewards ---> TOURGUIDESERVICE
getUserRewards ---> TOURGUIDESERVICE
getUserRewards ---> TOURGUIDESERVICE
getUserRewards ---> TOURGUIDESERVICE
getUserRewards ---> TOURGUIDESERVICE
getUserRewards ---> TOURGUIDESERVICE
getUserRewards ---> TOURGUIDESERVICE
getUserRewards ---> TOURGUIDESERVICE
getUserRewards ---> TOURGUIDESERVICE
getUserRewards ---> TOURGUIDESERVICE
getUserRewards ---> TOURGUIDESERVICE
getUserRewards ---> TOURGUIDESERVICE
getUserRewards ---> TOURGUIDESERVICE
getUserRewards ---> TOURGUIDESERVICE
getUserRewards ---> TOURGUIDESERVICE
getUserRewards ---> TOURGUIDESERVICE
getUserRewards ---> TOURGUIDESERVICE
getUserRewards ---> TOURGUIDESERVICE
getUserRewards ---> TOURGUIDESERVICE
getUserRewards ---> TOURGUIDESERVICE
getUserRewards ---> TOURGUIDESERVICE
getUserRewards ---> TOURGUIDESERVICE
getUserRewards ---> TOURGUIDESERVICE
getUserRewards ---> TOURGUIDESERVICE
getUserRewards ---> TOURGUIDESERVICE
getUserRewards ---> TOURGUIDESERVICE
getUserRewards ---> TOURGUIDESERVICE
getUserRewards ---> TOURGUIDESERVICE
getUserRewards ---> TOURGUIDESERVICE
getUserRewards ---> TOURGUIDESERVICE
getUserRewards ---> TOURGUIDESERVICE
getUserRewards ---> TOURGUIDESERVICE
getUserRewards ---> TOURGUIDESERVICE
getUserRewards ---> TOURGUIDESERVICE
getUserRewards ---> TOURGUIDESERVICE
getUserRewards ---> TOURGUIDESERVICE
getUserRewards ---> TOURGUIDESERVICE
getUserRewards ---> TOURGUIDESERVICE
getUserRewards ---> TOURGUIDESERVICE
getUserRewards ---> TOURGUIDESERVICE
getUserRewards ---> TOURGUIDESERVICE
getUserRewards ---> TOURGUIDESERVICE
getUserRewards ---> TOURGUIDESERVICE
getUserRewards ---> TOURGUIDESERVICE
getUserRewards ---> TOURGUIDESERVICE
getUserRewards ---> TOURGUIDESERVICE
getUserRewards ---> TOURGUIDESERVICE
getUserRewards ---> TOURGUIDESERVICE
getUserRewards ---> TOURGUIDESERVICE
getUserRewards ---> TOURGUIDESERVICE
getUserRewards ---> TOURGUIDESERVICE
getUserRewards ---> TOURGUIDESERVICE
getUserRewards ---> TOURGUIDESERVICE
getUserRewards ---> TOURGUIDESERVICE
getUserRewards ---> TOURGUIDESERVICE
getUserRewards ---> TOURGUIDESERVICE
getUserRewards ---> TOURGUIDESERVICE
getUserRewards ---> TOURGUIDESERVICE
getUserRewards ---> TOURGUIDESERVICE
getUserRewards ---> TOURGUIDESERVICE
getUserRewards ---> TOURGUIDESERVICE
getUserRewards ---> TOURGUIDESERVICE
getUserRewards ---> TOURGUIDESERVICE
getUserRewards ---> TOURGUIDESERVICE
getUserRewards ---> TOURGUIDESERVICE
getUserRewards ---> TOURGUIDESERVICE
getUserRewards ---> TOURGUIDESERVICE
getUserRewards ---> TOURGUIDESERVICE
getUserRewards ---> TOURGUIDESERVICE
getUserRewards ---> TOURGUIDESERVICE
getUserRewards ---> TOURGUIDESERVICE
getUserRewards ---> TOURGUIDESERVICE
getUserRewards ---> TOURGUIDESERVICE
getUserRewards ---> TOURGUIDESERVICE
getUserRewards ---> TOURGUIDESERVICE
getUserRewards ---> TOURGUIDESERVICE
getUserRewards ---> TOURGUIDESERVICE
getUserRewards ---> TOURGUIDESERVICE
getUserRewards ---> TOURGUIDESERVICE
getUserRewards ---> TOURGUIDESERVICE
getUserRewards ---> TOURGUIDESERVICE
getUserRewards ---> TOURGUIDESERVICE
getUserRewards ---> TOURGUIDESERVICE
getUserRewards ---> TOURGUIDESERVICE
getUserRewards ---> TOURGUIDESERVICE
getUserRewards ---> TOURGUIDESERVICE
getUserRewards ---> TOURGUIDESERVICE
getUserRewards ---> TOURGUIDESERVICE
getUserRewards ---> TOURGUIDESERVICE
getUserRewards ---> TOURGUIDESERVICE
getUserRewards ---> TOURGUIDESERVICE
getUserRewards ---> TOURGUIDESERVICE
getUserRewards ---> TOURGUIDESERVICE
getUserRewards ---> TOURGUIDESERVICE
getUserRewards ---> TOURGUIDESERVICE
getUserRewards ---> TOURGUIDESERVICE
getUserRewards ---> TOURGUIDESERVICE
getUserRewards ---> TOURGUIDESERVICE
getUserRewards ---> TOURGUIDESERVICE
getUserRewards ---> TOURGUIDESERVICE
getUserRewards ---> TOURGUIDESERVICE
getUserRewards ---> TOURGUIDESERVICE
getUserRewards ---> TOURGUIDESERVICE
getUserRewards ---> TOURGUIDESERVICE
getUserRewards ---> TOURGUIDESERVICE
getUserRewards ---> TOURGUIDESERVICE
getUserRewards ---> TOURGUIDESERVICE
getUserRewards ---> TOURGUIDESERVICE
getUserRewards ---> TOURGUIDESERVICE
getUserRewards ---> TOURGUIDESERVICE
getUserRewards ---> TOURGUIDESERVICE
getUserRewards ---> TOURGUIDESERVICE
getUserRewards ---> TOURGUIDESERVICE
getUserRewards ---> TOURGUIDESERVICE
getUserRewards ---> TOURGUIDESERVICE
getUserRewards ---> TOURGUIDESERVICE
getUserRewards ---> TOURGUIDESERVICE
getUserRewards ---> TOURGUIDESERVICE
getUserRewards ---> TOURGUIDESERVICE
getUserRewards ---> TOURGUIDESERVICE
getUserRewards ---> TOURGUIDESERVICE
getUserRewards ---> TOURGUIDESERVICE
getUserRewards ---> TOURGUIDESERVICE
getUserRewards ---> TOURGUIDESERVICE
getUserRewards ---> TOURGUIDESERVICE
getUserRewards ---> TOURGUIDESERVICE
getUserRewards ---> TOURGUIDESERVICE
getUserRewards ---> TOURGUIDESERVICE
getUserRewards ---> TOURGUIDESERVICE
getUserRewards ---> TOURGUIDESERVICE
getUserRewards ---> TOURGUIDESERVICE
getUserRewards ---> TOURGUIDESERVICE
getUserRewards ---> TOURGUIDESERVICE
getUserRewards ---> TOURGUIDESERVICE
getUserRewards ---> TOURGUIDESERVICE
getUserRewards ---> TOURGUIDESERVICE
getUserRewards ---> TOURGUIDESERVICE
getUserRewards ---> TOURGUIDESERVICE
getUserRewards ---> TOURGUIDESERVICE
getUserRewards ---> TOURGUIDESERVICE
getUserRewards ---> TOURGUIDESERVICE
getUserRewards ---> TOURGUIDESERVICE
getUserRewards ---> TOURGUIDESERVICE
getUserRewards ---> TOURGUIDESERVICE
getUserRewards ---> TOURGUIDESERVICE
getUserRewards ---> TOURGUIDESERVICE
getUserRewards ---> TOURGUIDESERVICE
getUserRewards ---> TOURGUIDESERVICE
getUserRewards ---> TOURGUIDESERVICE
getUserRewards ---> TOURGUIDESERVICE
getUserRewards ---> TOURGUIDESERVICE
getUserRewards ---> TOURGUIDESERVICE
getUserRewards ---> TOURGUIDESERVICE
getUserRewards ---> TOURGUIDESERVICE
getUserRewards ---> TOURGUIDESERVICE
getUserRewards ---> TOURGUIDESERVICE
getUserRewards ---> TOURGUIDESERVICE
getUserRewards ---> TOURGUIDESERVICE
getUserRewards ---> TOURGUIDESERVICE
getUserRewards ---> TOURGUIDESERVICE
getUserRewards ---> TOURGUIDESERVICE
getUserRewards ---> TOURGUIDESERVICE
getUserRewards ---> TOURGUIDESERVICE
getUserRewards ---> TOURGUIDESERVICE
getUserRewards ---> TOURGUIDESERVICE
getUserRewards ---> TOURGUIDESERVICE
getUserRewards ---> TOURGUIDESERVICE
getUserRewards ---> TOURGUIDESERVICE
getUserRewards ---> TOURGUIDESERVICE
getUserRewards ---> TOURGUIDESERVICE
getUserRewards ---> TOURGUIDESERVICE
getUserRewards ---> TOURGUIDESERVICE
getUserRewards ---> TOURGUIDESERVICE
getUserRewards ---> TOURGUIDESERVICE
getUserRewards ---> TOURGUIDESERVICE
getUserRewards ---> TOURGUIDESERVICE
getUserRewards ---> TOURGUIDESERVICE
getUserRewards ---> TOURGUIDESERVICE
getUserRewards ---> TOURGUIDESERVICE
getUserRewards ---> TOURGUIDESERVICE
getUserRewards ---> TOURGUIDESERVICE
getUserRewards ---> TOURGUIDESERVICE
getUserRewards ---> TOURGUIDESERVICE
getUserRewards ---> TOURGUIDESERVICE
getUserRewards ---> TOURGUIDESERVICE
getUserRewards ---> TOURGUIDESERVICE
getUserRewards ---> TOURGUIDESERVICE
getUserRewards ---> TOURGUIDESERVICE
getUserRewards ---> TOURGUIDESERVICE
getUserRewards ---> TOURGUIDESERVICE
getUserRewards ---> TOURGUIDESERVICE
getUserRewards ---> TOURGUIDESERVICE
getUserRewards ---> TOURGUIDESERVICE
getUserRewards ---> TOURGUIDESERVICE
getUserRewards ---> TOURGUIDESERVICE
getUserRewards ---> TOURGUIDESERVICE
getUserRewards ---> TOURGUIDESERVICE
getUserRewards ---> TOURGUIDESERVICE
getUserRewards ---> TOURGUIDESERVICE
getUserRewards ---> TOURGUIDESERVICE
getUserRewards ---> TOURGUIDESERVICE
getUserRewards ---> TOURGUIDESERVICE
getUserRewards ---> TOURGUIDESERVICE
getUserRewards ---> TOURGUIDESERVICE
getUserRewards ---> TOURGUIDESERVICE
getUserRewards ---> TOURGUIDESERVICE
getUserRewards ---> TOURGUIDESERVICE
getUserRewards ---> TOURGUIDESERVICE
getUserRewards ---> TOURGUIDESERVICE
getUserRewards ---> TOURGUIDESERVICE
getUserRewards ---> TOURGUIDESERVICE
getUserRewards ---> TOURGUIDESERVICE
getUserRewards ---> TOURGUIDESERVICE
getUserRewards ---> TOURGUIDESERVICE
getUserRewards ---> TOURGUIDESERVICE
getUserRewards ---> TOURGUIDESERVICE
getUserRewards ---> TOURGUIDESERVICE
getUserRewards ---> TOURGUIDESERVICE
getUserRewards ---> TOURGUIDESERVICE
getUserRewards ---> TOURGUIDESERVICE
getUserRewards ---> TOURGUIDESERVICE
getUserRewards ---> TOURGUIDESERVICE
getUserRewards ---> TOURGUIDESERVICE
getUserRewards ---> TOURGUIDESERVICE
getUserRewards ---> TOURGUIDESERVICE
getUserRewards ---> TOURGUIDESERVICE
getUserRewards ---> TOURGUIDESERVICE
getUserRewards ---> TOURGUIDESERVICE
getUserRewards ---> TOURGUIDESERVICE
getUserRewards ---> TOURGUIDESERVICE
getUserRewards ---> TOURGUIDESERVICE
getUserRewards ---> TOURGUIDESERVICE
getUserRewards ---> TOURGUIDESERVICE
getUserRewards ---> TOURGUIDESERVICE
getUserRewards ---> TOURGUIDESERVICE
getUserRewards ---> TOURGUIDESERVICE
getUserRewards ---> TOURGUIDESERVICE
getUserRewards ---> TOURGUIDESERVICE
getUserRewards ---> TOURGUIDESERVICE
getUserRewards ---> TOURGUIDESERVICE
getUserRewards ---> TOURGUIDESERVICE
getUserRewards ---> TOURGUIDESERVICE
getUserRewards ---> TOURGUIDESERVICE
getUserRewards ---> TOURGUIDESERVICE
getUserRewards ---> TOURGUIDESERVICE
getUserRewards ---> TOURGUIDESERVICE
getUserRewards ---> TOURGUIDESERVICE
getUserRewards ---> TOURGUIDESERVICE
getUserRewards ---> TOURGUIDESERVICE
getUserRewards ---> TOURGUIDESERVICE
getUserRewards ---> TOURGUIDESERVICE
getUserRewards ---> TOURGUIDESERVICE
getUserRewards ---> TOURGUIDESERVICE
getUserRewards ---> TOURGUIDESERVICE
getUserRewards ---> TOURGUIDESERVICE
getUserRewards ---> TOURGUIDESERVICE
getUserRewards ---> TOURGUIDESERVICE
getUserRewards ---> TOURGUIDESERVICE
getUserRewards ---> TOURGUIDESERVICE
getUserRewards ---> TOURGUIDESERVICE
getUserRewards ---> TOURGUIDESERVICE
getUserRewards ---> TOURGUIDESERVICE
getUserRewards ---> TOURGUIDESERVICE
getUserRewards ---> TOURGUIDESERVICE
getUserRewards ---> TOURGUIDESERVICE
getUserRewards ---> TOURGUIDESERVICE
getUserRewards ---> TOURGUIDESERVICE
getUserRewards ---> TOURGUIDESERVICE
getUserRewards ---> TOURGUIDESERVICE
getUserRewards ---> TOURGUIDESERVICE
getUserRewards ---> TOURGUIDESERVICE
getUserRewards ---> TOURGUIDESERVICE
getUserRewards ---> TOURGUIDESERVICE
getUserRewards ---> TOURGUIDESERVICE
getUserRewards ---> TOURGUIDESERVICE
getUserRewards ---> TOURGUIDESERVICE
getUserRewards ---> TOURGUIDESERVICE
getUserRewards ---> TOURGUIDESERVICE
getUserRewards ---> TOURGUIDESERVICE
getUserRewards ---> TOURGUIDESERVICE
getUserRewards ---> TOURGUIDESERVICE
getUserRewards ---> TOURGUIDESERVICE
getUserRewards ---> TOURGUIDESERVICE
getUserRewards ---> TOURGUIDESERVICE
getUserRewards ---> TOURGUIDESERVICE
getUserRewards ---> TOURGUIDESERVICE
getUserRewards ---> TOURGUIDESERVICE
getUserRewards ---> TOURGUIDESERVICE
getUserRewards ---> TOURGUIDESERVICE
getUserRewards ---> TOURGUIDESERVICE
getUserRewards ---> TOURGUIDESERVICE
getUserRewards ---> TOURGUIDESERVICE
getUserRewards ---> TOURGUIDESERVICE
getUserRewards ---> TOURGUIDESERVICE
getUserRewards ---> TOURGUIDESERVICE
getUserRewards ---> TOURGUIDESERVICE
getUserRewards ---> TOURGUIDESERVICE
getUserRewards ---> TOURGUIDESERVICE
getUserRewards ---> TOURGUIDESERVICE
getUserRewards ---> TOURGUIDESERVICE
getUserRewards ---> TOURGUIDESERVICE
getUserRewards ---> TOURGUIDESERVICE
getUserRewards ---> TOURGUIDESERVICE
getUserRewards ---> TOURGUIDESERVICE
getUserRewards ---> TOURGUIDESERVICE
getUserRewards ---> TOURGUIDESERVICE
getUserRewards ---> TOURGUIDESERVICE
getUserRewards ---> TOURGUIDESERVICE
getUserRewards ---> TOURGUIDESERVICE
getUserRewards ---> TOURGUIDESERVICE
getUserRewards ---> TOURGUIDESERVICE
getUserRewards ---> TOURGUIDESERVICE
getUserRewards ---> TOURGUIDESERVICE
getUserRewards ---> TOURGUIDESERVICE
getUserRewards ---> TOURGUIDESERVICE
getUserRewards ---> TOURGUIDESERVICE
getUserRewards ---> TOURGUIDESERVICE
getUserRewards ---> TOURGUIDESERVICE
getUserRewards ---> TOURGUIDESERVICE
getUserRewards ---> TOURGUIDESERVICE
getUserRewards ---> TOURGUIDESERVICE
getUserRewards ---> TOURGUIDESERVICE
getUserRewards ---> TOURGUIDESERVICE
getUserRewards ---> TOURGUIDESERVICE
getUserRewards ---> TOURGUIDESERVICE
getUserRewards ---> TOURGUIDESERVICE
getUserRewards ---> TOURGUIDESERVICE
getUserRewards ---> TOURGUIDESERVICE
getUserRewards ---> TOURGUIDESERVICE
getUserRewards ---> TOURGUIDESERVICE
getUserRewards ---> TOURGUIDESERVICE
getUserRewards ---> TOURGUIDESERVICE
getUserRewards ---> TOURGUIDESERVICE
getUserRewards ---> TOURGUIDESERVICE
getUserRewards ---> TOURGUIDESERVICE
getUserRewards ---> TOURGUIDESERVICE
getUserRewards ---> TOURGUIDESERVICE
getUserRewards ---> TOURGUIDESERVICE
getUserRewards ---> TOURGUIDESERVICE
getUserRewards ---> TOURGUIDESERVICE
getUserRewards ---> TOURGUIDESERVICE
getUserRewards ---> TOURGUIDESERVICE
getUserRewards ---> TOURGUIDESERVICE
getUserRewards ---> TOURGUIDESERVICE
getUserRewards ---> TOURGUIDESERVICE
getUserRewards ---> TOURGUIDESERVICE
getUserRewards ---> TOURGUIDESERVICE
getUserRewards ---> TOURGUIDESERVICE
getUserRewards ---> TOURGUIDESERVICE
getUserRewards ---> TOURGUIDESERVICE
getUserRewards ---> TOURGUIDESERVICE
getUserRewards ---> TOURGUIDESERVICE
getUserRewards ---> TOURGUIDESERVICE
getUserRewards ---> TOURGUIDESERVICE
getUserRewards ---> TOURGUIDESERVICE
getUserRewards ---> TOURGUIDESERVICE
getUserRewards ---> TOURGUIDESERVICE
getUserRewards ---> TOURGUIDESERVICE
getUserRewards ---> TOURGUIDESERVICE
getUserRewards ---> TOURGUIDESERVICE
getUserRewards ---> TOURGUIDESERVICE
getUserRewards ---> TOURGUIDESERVICE
getUserRewards ---> TOURGUIDESERVICE
getUserRewards ---> TOURGUIDESERVICE
getUserRewards ---> TOURGUIDESERVICE
getUserRewards ---> TOURGUIDESERVICE
getUserRewards ---> TOURGUIDESERVICE
getUserRewards ---> TOURGUIDESERVICE
getUserRewards ---> TOURGUIDESERVICE
getUserRewards ---> TOURGUIDESERVICE
getUserRewards ---> TOURGUIDESERVICE
getUserRewards ---> TOURGUIDESERVICE
getUserRewards ---> TOURGUIDESERVICE
getUserRewards ---> TOURGUIDESERVICE
getUserRewards ---> TOURGUIDESERVICE
getUserRewards ---> TOURGUIDESERVICE
getUserRewards ---> TOURGUIDESERVICE
getUserRewards ---> TOURGUIDESERVICE
getUserRewards ---> TOURGUIDESERVICE
getUserRewards ---> TOURGUIDESERVICE
getUserRewards ---> TOURGUIDESERVICE
getUserRewards ---> TOURGUIDESERVICE
getUserRewards ---> TOURGUIDESERVICE
getUserRewards ---> TOURGUIDESERVICE
getUserRewards ---> TOURGUIDESERVICE
getUserRewards ---> TOURGUIDESERVICE
getUserRewards ---> TOURGUIDESERVICE
getUserRewards ---> TOURGUIDESERVICE
getUserRewards ---> TOURGUIDESERVICE
getUserRewards ---> TOURGUIDESERVICE
getUserRewards ---> TOURGUIDESERVICE
getUserRewards ---> TOURGUIDESERVICE
getUserRewards ---> TOURGUIDESERVICE
getUserRewards ---> TOURGUIDESERVICE
getUserRewards ---> TOURGUIDESERVICE
getUserRewards ---> TOURGUIDESERVICE
getUserRewards ---> TOURGUIDESERVICE
getUserRewards ---> TOURGUIDESERVICE
getUserRewards ---> TOURGUIDESERVICE
getUserRewards ---> TOURGUIDESERVICE
getUserRewards ---> TOURGUIDESERVICE
getUserRewards ---> TOURGUIDESERVICE
getUserRewards ---> TOURGUIDESERVICE
getUserRewards ---> TOURGUIDESERVICE
getUserRewards ---> TOURGUIDESERVICE
getUserRewards ---> TOURGUIDESERVICE
getUserRewards ---> TOURGUIDESERVICE
getUserRewards ---> TOURGUIDESERVICE
getUserRewards ---> TOURGUIDESERVICE
getUserRewards ---> TOURGUIDESERVICE
getUserRewards ---> TOURGUIDESERVICE
getUserRewards ---> TOURGUIDESERVICE
getUserRewards ---> TOURGUIDESERVICE
getUserRewards ---> TOURGUIDESERVICE
getUserRewards ---> TOURGUIDESERVICE
getUserRewards ---> TOURGUIDESERVICE
getUserRewards ---> TOURGUIDESERVICE
getUserRewards ---> TOURGUIDESERVICE
getUserRewards ---> TOURGUIDESERVICE
getUserRewards ---> TOURGUIDESERVICE
getUserRewards ---> TOURGUIDESERVICE
getUserRewards ---> TOURGUIDESERVICE
getUserRewards ---> TOURGUIDESERVICE
getUserRewards ---> TOURGUIDESERVICE
getUserRewards ---> TOURGUIDESERVICE
getUserRewards ---> TOURGUIDESERVICE
getUserRewards ---> TOURGUIDESERVICE
getUserRewards ---> TOURGUIDESERVICE
getUserRewards ---> TOURGUIDESERVICE
getUserRewards ---> TOURGUIDESERVICE
getUserRewards ---> TOURGUIDESERVICE
getUserRewards ---> TOURGUIDESERVICE
getUserRewards ---> TOURGUIDESERVICE
getUserRewards ---> TOURGUIDESERVICE
getUserRewards ---> TOURGUIDESERVICE
getUserRewards ---> TOURGUIDESERVICE
getUserRewards ---> TOURGUIDESERVICE
getUserRewards ---> TOURGUIDESERVICE
getUserRewards ---> TOURGUIDESERVICE
getUserRewards ---> TOURGUIDESERVICE
getUserRewards ---> TOURGUIDESERVICE
getUserRewards ---> TOURGUIDESERVICE
getUserRewards ---> TOURGUIDESERVICE
getUserRewards ---> TOURGUIDESERVICE
getUserRewards ---> TOURGUIDESERVICE
getUserRewards ---> TOURGUIDESERVICE
getUserRewards ---> TOURGUIDESERVICE
getUserRewards ---> TOURGUIDESERVICE
getUserRewards ---> TOURGUIDESERVICE
getUserRewards ---> TOURGUIDESERVICE
getUserRewards ---> TOURGUIDESERVICE
getUserRewards ---> TOURGUIDESERVICE
getUserRewards ---> TOURGUIDESERVICE
getUserRewards ---> TOURGUIDESERVICE
getUserRewards ---> TOURGUIDESERVICE
getUserRewards ---> TOURGUIDESERVICE
getUserRewards ---> TOURGUIDESERVICE
getUserRewards ---> TOURGUIDESERVICE
getUserRewards ---> TOURGUIDESERVICE
getUserRewards ---> TOURGUIDESERVICE
getUserRewards ---> TOURGUIDESERVICE
getUserRewards ---> TOURGUIDESERVICE
getUserRewards ---> TOURGUIDESERVICE
getUserRewards ---> TOURGUIDESERVICE
getUserRewards ---> TOURGUIDESERVICE
getUserRewards ---> TOURGUIDESERVICE
getUserRewards ---> TOURGUIDESERVICE
getUserRewards ---> TOURGUIDESERVICE
getUserRewards ---> TOURGUIDESERVICE
getUserRewards ---> TOURGUIDESERVICE
getUserRewards ---> TOURGUIDESERVICE
getUserRewards ---> TOURGUIDESERVICE
getUserRewards ---> TOURGUIDESERVICE
getUserRewards ---> TOURGUIDESERVICE
getUserRewards ---> TOURGUIDESERVICE
getUserRewards ---> TOURGUIDESERVICE
getUserRewards ---> TOURGUIDESERVICE
getUserRewards ---> TOURGUIDESERVICE
getUserRewards ---> TOURGUIDESERVICE
getUserRewards ---> TOURGUIDESERVICE
getUserRewards ---> TOURGUIDESERVICE
getUserRewards ---> TOURGUIDESERVICE
getUserRewards ---> TOURGUIDESERVICE
getUserRewards ---> TOURGUIDESERVICE
getUserRewards ---> TOURGUIDESERVICE
getUserRewards ---> TOURGUIDESERVICE
getUserRewards ---> TOURGUIDESERVICE
getUserRewards ---> TOURGUIDESERVICE
getUserRewards ---> TOURGUIDESERVICE
getUserRewards ---> TOURGUIDESERVICE
getUserRewards ---> TOURGUIDESERVICE
getUserRewards ---> TOURGUIDESERVICE
getUserRewards ---> TOURGUIDESERVICE
getUserRewards ---> TOURGUIDESERVICE
getUserRewards ---> TOURGUIDESERVICE
getUserRewards ---> TOURGUIDESERVICE
getUserRewards ---> TOURGUIDESERVICE
getUserRewards ---> TOURGUIDESERVICE
getUserRewards ---> TOURGUIDESERVICE
getUserRewards ---> TOURGUIDESERVICE
getUserRewards ---> TOURGUIDESERVICE
getUserRewards ---> TOURGUIDESERVICE
getUserRewards ---> TOURGUIDESERVICE
getUserRewards ---> TOURGUIDESERVICE
getUserRewards ---> TOURGUIDESERVICE
getUserRewards ---> TOURGUIDESERVICE
getUserRewards ---> TOURGUIDESERVICE
getUserRewards ---> TOURGUIDESERVICE
getUserRewards ---> TOURGUIDESERVICE
getUserRewards ---> TOURGUIDESERVICE
getUserRewards ---> TOURGUIDESERVICE
getUserRewards ---> TOURGUIDESERVICE
getUserRewards ---> TOURGUIDESERVICE
getUserRewards ---> TOURGUIDESERVICE
getUserRewards ---> TOURGUIDESERVICE
getUserRewards ---> TOURGUIDESERVICE
getUserRewards ---> TOURGUIDESERVICE
getUserRewards ---> TOURGUIDESERVICE
getUserRewards ---> TOURGUIDESERVICE
getUserRewards ---> TOURGUIDESERVICE
getUserRewards ---> TOURGUIDESERVICE
getUserRewards ---> TOURGUIDESERVICE
getUserRewards ---> TOURGUIDESERVICE
getUserRewards ---> TOURGUIDESERVICE
getUserRewards ---> TOURGUIDESERVICE
getUserRewards ---> TOURGUIDESERVICE
getUserRewards ---> TOURGUIDESERVICE
getUserRewards ---> TOURGUIDESERVICE
getUserRewards ---> TOURGUIDESERVICE
getUserRewards ---> TOURGUIDESERVICE
getUserRewards ---> TOURGUIDESERVICE
getUserRewards ---> TOURGUIDESERVICE
getUserRewards ---> TOURGUIDESERVICE
getUserRewards ---> TOURGUIDESERVICE
getUserRewards ---> TOURGUIDESERVICE
getUserRewards ---> TOURGUIDESERVICE
getUserRewards ---> TOURGUIDESERVICE
getUserRewards ---> TOURGUIDESERVICE
getUserRewards ---> TOURGUIDESERVICE
getUserRewards ---> TOURGUIDESERVICE
getUserRewards ---> TOURGUIDESERVICE
getUserRewards ---> TOURGUIDESERVICE
getUserRewards ---> TOURGUIDESERVICE
getUserRewards ---> TOURGUIDESERVICE
getUserRewards ---> TOURGUIDESERVICE
getUserRewards ---> TOURGUIDESERVICE
getUserRewards ---> TOURGUIDESERVICE
getUserRewards ---> TOURGUIDESERVICE
getUserRewards ---> TOURGUIDESERVICE
getUserRewards ---> TOURGUIDESERVICE
getUserRewards ---> TOURGUIDESERVICE
getUserRewards ---> TOURGUIDESERVICE
getUserRewards ---> TOURGUIDESERVICE
getUserRewards ---> TOURGUIDESERVICE
getUserRewards ---> TOURGUIDESERVICE
getUserRewards ---> TOURGUIDESERVICE
getUserRewards ---> TOURGUIDESERVICE
getUserRewards ---> TOURGUIDESERVICE
getUserRewards ---> TOURGUIDESERVICE
getUserRewards ---> TOURGUIDESERVICE
getUserRewards ---> TOURGUIDESERVICE
getUserRewards ---> TOURGUIDESERVICE
getUserRewards ---> TOURGUIDESERVICE
getUserRewards ---> TOURGUIDESERVICE
getUserRewards ---> TOURGUIDESERVICE
getUserRewards ---> TOURGUIDESERVICE
getUserRewards ---> TOURGUIDESERVICE
getUserRewards ---> TOURGUIDESERVICE
getUserRewards ---> TOURGUIDESERVICE
getUserRewards ---> TOURGUIDESERVICE
getUserRewards ---> TOURGUIDESERVICE
getUserRewards ---> TOURGUIDESERVICE
getUserRewards ---> TOURGUIDESERVICE
getUserRewards ---> TOURGUIDESERVICE
getUserRewards ---> TOURGUIDESERVICE
getUserRewards ---> TOURGUIDESERVICE
getUserRewards ---> TOURGUIDESERVICE
getUserRewards ---> TOURGUIDESERVICE
getUserRewards ---> TOURGUIDESERVICE
getUserRewards ---> TOURGUIDESERVICE
getUserRewards ---> TOURGUIDESERVICE
getUserRewards ---> TOURGUIDESERVICE
getUserRewards ---> TOURGUIDESERVICE
getUserRewards ---> TOURGUIDESERVICE
getUserRewards ---> TOURGUIDESERVICE
getUserRewards ---> TOURGUIDESERVICE
getUserRewards ---> TOURGUIDESERVICE
getUserRewards ---> TOURGUIDESERVICE
getUserRewards ---> TOURGUIDESERVICE
getUserRewards ---> TOURGUIDESERVICE
getUserRewards ---> TOURGUIDESERVICE
getUserRewards ---> TOURGUIDESERVICE
getUserRewards ---> TOURGUIDESERVICE
getUserRewards ---> TOURGUIDESERVICE
getUserRewards ---> TOURGUIDESERVICE
getUserRewards ---> TOURGUIDESERVICE
getUserRewards ---> TOURGUIDESERVICE
getUserRewards ---> TOURGUIDESERVICE
getUserRewards ---> TOURGUIDESERVICE
getUserRewards ---> TOURGUIDESERVICE
getUserRewards ---> TOURGUIDESERVICE
getUserRewards ---> TOURGUIDESERVICE
getUserRewards ---> TOURGUIDESERVICE
getUserRewards ---> TOURGUIDESERVICE
getUserRewards ---> TOURGUIDESERVICE
getUserRewards ---> TOURGUIDESERVICE
getUserRewards ---> TOURGUIDESERVICE
getUserRewards ---> TOURGUIDESERVICE
getUserRewards ---> TOURGUIDESERVICE
getUserRewards ---> TOURGUIDESERVICE
getUserRewards ---> TOURGUIDESERVICE
getUserRewards ---> TOURGUIDESERVICE
getUserRewards ---> TOURGUIDESERVICE
getUserRewards ---> TOURGUIDESERVICE
getUserRewards ---> TOURGUIDESERVICE
getUserRewards ---> TOURGUIDESERVICE
getUserRewards ---> TOURGUIDESERVICE
getUserRewards ---> TOURGUIDESERVICE
getUserRewards ---> TOURGUIDESERVICE
getUserRewards ---> TOURGUIDESERVICE
getUserRewards ---> TOURGUIDESERVICE
getUserRewards ---> TOURGUIDESERVICE
getUserRewards ---> TOURGUIDESERVICE
getUserRewards ---> TOURGUIDESERVICE
getUserRewards ---> TOURGUIDESERVICE
getUserRewards ---> TOURGUIDESERVICE
getUserRewards ---> TOURGUIDESERVICE
getUserRewards ---> TOURGUIDESERVICE
getUserRewards ---> TOURGUIDESERVICE
getUserRewards ---> TOURGUIDESERVICE
getUserRewards ---> TOURGUIDESERVICE
getUserRewards ---> TOURGUIDESERVICE
getUserRewards ---> TOURGUIDESERVICE
getUserRewards ---> TOURGUIDESERVICE
getUserRewards ---> TOURGUIDESERVICE
getUserRewards ---> TOURGUIDESERVICE
getUserRewards ---> TOURGUIDESERVICE
getUserRewards ---> TOURGUIDESERVICE
getUserRewards ---> TOURGUIDESERVICE
getUserRewards ---> TOURGUIDESERVICE
getUserRewards ---> TOURGUIDESERVICE
getUserRewards ---> TOURGUIDESERVICE
getUserRewards ---> TOURGUIDESERVICE
getUserRewards ---> TOURGUIDESERVICE
getUserRewards ---> TOURGUIDESERVICE
getUserRewards ---> TOURGUIDESERVICE
getUserRewards ---> TOURGUIDESERVICE
getUserRewards ---> TOURGUIDESERVICE
getUserRewards ---> TOURGUIDESERVICE
getUserRewards ---> TOURGUIDESERVICE
getUserRewards ---> TOURGUIDESERVICE
getUserRewards ---> TOURGUIDESERVICE
getUserRewards ---> TOURGUIDESERVICE
getUserRewards ---> TOURGUIDESERVICE
getUserRewards ---> TOURGUIDESERVICE
getUserRewards ---> TOURGUIDESERVICE
getUserRewards ---> TOURGUIDESERVICE
getUserRewards ---> TOURGUIDESERVICE
getUserRewards ---> TOURGUIDESERVICE
getUserRewards ---> TOURGUIDESERVICE
getUserRewards ---> TOURGUIDESERVICE
getUserRewards ---> TOURGUIDESERVICE
getUserRewards ---> TOURGUIDESERVICE
getUserRewards ---> TOURGUIDESERVICE
getUserRewards ---> TOURGUIDESERVICE
getUserRewards ---> TOURGUIDESERVICE
getUserRewards ---> TOURGUIDESERVICE
getUserRewards ---> TOURGUIDESERVICE
getUserRewards ---> TOURGUIDESERVICE
getUserRewards ---> TOURGUIDESERVICE
getUserRewards ---> TOURGUIDESERVICE
getUserRewards ---> TOURGUIDESERVICE
getUserRewards ---> TOURGUIDESERVICE
getUserRewards ---> TOURGUIDESERVICE
getUserRewards ---> TOURGUIDESERVICE
getUserRewards ---> TOURGUIDESERVICE
getUserRewards ---> TOURGUIDESERVICE
getUserRewards ---> TOURGUIDESERVICE
getUserRewards ---> TOURGUIDESERVICE
getUserRewards ---> TOURGUIDESERVICE
getUserRewards ---> TOURGUIDESERVICE
getUserRewards ---> TOURGUIDESERVICE
getUserRewards ---> TOURGUIDESERVICE
getUserRewards ---> TOURGUIDESERVICE
getUserRewards ---> TOURGUIDESERVICE
getUserRewards ---> TOURGUIDESERVICE
getUserRewards ---> TOURGUIDESERVICE
getUserRewards ---> TOURGUIDESERVICE
getUserRewards ---> TOURGUIDESERVICE
getUserRewards ---> TOURGUIDESERVICE
getUserRewards ---> TOURGUIDESERVICE
getUserRewards ---> TOURGUIDESERVICE
getUserRewards ---> TOURGUIDESERVICE
getUserRewards ---> TOURGUIDESERVICE
getUserRewards ---> TOURGUIDESERVICE
getUserRewards ---> TOURGUIDESERVICE
getUserRewards ---> TOURGUIDESERVICE
getUserRewards ---> TOURGUIDESERVICE
getUserRewards ---> TOURGUIDESERVICE
getUserRewards ---> TOURGUIDESERVICE
getUserRewards ---> TOURGUIDESERVICE
getUserRewards ---> TOURGUIDESERVICE
getUserRewards ---> TOURGUIDESERVICE
getUserRewards ---> TOURGUIDESERVICE
getUserRewards ---> TOURGUIDESERVICE
getUserRewards ---> TOURGUIDESERVICE
getUserRewards ---> TOURGUIDESERVICE
getUserRewards ---> TOURGUIDESERVICE
getUserRewards ---> TOURGUIDESERVICE
getUserRewards ---> TOURGUIDESERVICE
getUserRewards ---> TOURGUIDESERVICE
getUserRewards ---> TOURGUIDESERVICE
getUserRewards ---> TOURGUIDESERVICE
getUserRewards ---> TOURGUIDESERVICE
getUserRewards ---> TOURGUIDESERVICE
getUserRewards ---> TOURGUIDESERVICE
getUserRewards ---> TOURGUIDESERVICE
getUserRewards ---> TOURGUIDESERVICE
getUserRewards ---> TOURGUIDESERVICE
getUserRewards ---> TOURGUIDESERVICE
getUserRewards ---> TOURGUIDESERVICE
getUserRewards ---> TOURGUIDESERVICE
getUserRewards ---> TOURGUIDESERVICE
getUserRewards ---> TOURGUIDESERVICE
getUserRewards ---> TOURGUIDESERVICE
getUserRewards ---> TOURGUIDESERVICE
getUserRewards ---> TOURGUIDESERVICE
getUserRewards ---> TOURGUIDESERVICE
getUserRewards ---> TOURGUIDESERVICE
getUserRewards ---> TOURGUIDESERVICE
getUserRewards ---> TOURGUIDESERVICE
getUserRewards ---> TOURGUIDESERVICE
getUserRewards ---> TOURGUIDESERVICE
getUserRewards ---> TOURGUIDESERVICE
getUserRewards ---> TOURGUIDESERVICE
getUserRewards ---> TOURGUIDESERVICE
getUserRewards ---> TOURGUIDESERVICE
getUserRewards ---> TOURGUIDESERVICE
getUserRewards ---> TOURGUIDESERVICE
getUserRewards ---> TOURGUIDESERVICE
getUserRewards ---> TOURGUIDESERVICE
getUserRewards ---> TOURGUIDESERVICE
getUserRewards ---> TOURGUIDESERVICE
getUserRewards ---> TOURGUIDESERVICE
getUserRewards ---> TOURGUIDESERVICE
getUserRewards ---> TOURGUIDESERVICE
getUserRewards ---> TOURGUIDESERVICE
getUserRewards ---> TOURGUIDESERVICE
getUserRewards ---> TOURGUIDESERVICE
getUserRewards ---> TOURGUIDESERVICE
getUserRewards ---> TOURGUIDESERVICE
getUserRewards ---> TOURGUIDESERVICE
getUserRewards ---> TOURGUIDESERVICE
getUserRewards ---> TOURGUIDESERVICE
getUserRewards ---> TOURGUIDESERVICE
getUserRewards ---> TOURGUIDESERVICE
getUserRewards ---> TOURGUIDESERVICE
getUserRewards ---> TOURGUIDESERVICE
getUserRewards ---> TOURGUIDESERVICE
getUserRewards ---> TOURGUIDESERVICE
getUserRewards ---> TOURGUIDESERVICE
getUserRewards ---> TOURGUIDESERVICE
getUserRewards ---> TOURGUIDESERVICE
getUserRewards ---> TOURGUIDESERVICE
getUserRewards ---> TOURGUIDESERVICE
getUserRewards ---> TOURGUIDESERVICE
getUserRewards ---> TOURGUIDESERVICE
getUserRewards ---> TOURGUIDESERVICE
getUserRewards ---> TOURGUIDESERVICE
getUserRewards ---> TOURGUIDESERVICE
getUserRewards ---> TOURGUIDESERVICE
getUserRewards ---> TOURGUIDESERVICE
getUserRewards ---> TOURGUIDESERVICE
getUserRewards ---> TOURGUIDESERVICE
getUserRewards ---> TOURGUIDESERVICE
getUserRewards ---> TOURGUIDESERVICE
getUserRewards ---> TOURGUIDESERVICE
getUserRewards ---> TOURGUIDESERVICE
getUserRewards ---> TOURGUIDESERVICE
getUserRewards ---> TOURGUIDESERVICE
getUserRewards ---> TOURGUIDESERVICE
getUserRewards ---> TOURGUIDESERVICE
getUserRewards ---> TOURGUIDESERVICE
getUserRewards ---> TOURGUIDESERVICE
getUserRewards ---> TOURGUIDESERVICE
getUserRewards ---> TOURGUIDESERVICE
getUserRewards ---> TOURGUIDESERVICE
getUserRewards ---> TOURGUIDESERVICE
getUserRewards ---> TOURGUIDESERVICE
getUserRewards ---> TOURGUIDESERVICE
getUserRewards ---> TOURGUIDESERVICE
getUserRewards ---> TOURGUIDESERVICE
getUserRewards ---> TOURGUIDESERVICE
getUserRewards ---> TOURGUIDESERVICE
getUserRewards ---> TOURGUIDESERVICE
getUserRewards ---> TOURGUIDESERVICE
getUserRewards ---> TOURGUIDESERVICE
getUserRewards ---> TOURGUIDESERVICE
getUserRewards ---> TOURGUIDESERVICE
getUserRewards ---> TOURGUIDESERVICE
getUserRewards ---> TOURGUIDESERVICE
getUserRewards ---> TOURGUIDESERVICE
getUserRewards ---> TOURGUIDESERVICE
getUserRewards ---> TOURGUIDESERVICE
getUserRewards ---> TOURGUIDESERVICE
getUserRewards ---> TOURGUIDESERVICE
getUserRewards ---> TOURGUIDESERVICE
getUserRewards ---> TOURGUIDESERVICE
getUserRewards ---> TOURGUIDESERVICE
getUserRewards ---> TOURGUIDESERVICE
getUserRewards ---> TOURGUIDESERVICE
getUserRewards ---> TOURGUIDESERVICE
getUserRewards ---> TOURGUIDESERVICE
getUserRewards ---> TOURGUIDESERVICE
getUserRewards ---> TOURGUIDESERVICE
getUserRewards ---> TOURGUIDESERVICE
getUserRewards ---> TOURGUIDESERVICE
getUserRewards ---> TOURGUIDESERVICE
getUserRewards ---> TOURGUIDESERVICE
getUserRewards ---> TOURGUIDESERVICE
getUserRewards ---> TOURGUIDESERVICE
getUserRewards ---> TOURGUIDESERVICE
getUserRewards ---> TOURGUIDESERVICE
getUserRewards ---> TOURGUIDESERVICE
getUserRewards ---> TOURGUIDESERVICE
getUserRewards ---> TOURGUIDESERVICE
getUserRewards ---> TOURGUIDESERVICE
getUserRewards ---> TOURGUIDESERVICE
getUserRewards ---> TOURGUIDESERVICE
getUserRewards ---> TOURGUIDESERVICE
getUserRewards ---> TOURGUIDESERVICE
getUserRewards ---> TOURGUIDESERVICE
getUserRewards ---> TOURGUIDESERVICE
getUserRewards ---> TOURGUIDESERVICE
getUserRewards ---> TOURGUIDESERVICE
getUserRewards ---> TOURGUIDESERVICE
getUserRewards ---> TOURGUIDESERVICE
getUserRewards ---> TOURGUIDESERVICE
getUserRewards ---> TOURGUIDESERVICE
getUserRewards ---> TOURGUIDESERVICE
getUserRewards ---> TOURGUIDESERVICE
getUserRewards ---> TOURGUIDESERVICE
getUserRewards ---> TOURGUIDESERVICE
getUserRewards ---> TOURGUIDESERVICE
getUserRewards ---> TOURGUIDESERVICE
getUserRewards ---> TOURGUIDESERVICE
getUserRewards ---> TOURGUIDESERVICE
getUserRewards ---> TOURGUIDESERVICE
getUserRewards ---> TOURGUIDESERVICE
getUserRewards ---> TOURGUIDESERVICE
getUserRewards ---> TOURGUIDESERVICE
getUserRewards ---> TOURGUIDESERVICE
getUserRewards ---> TOURGUIDESERVICE
getUserRewards ---> TOURGUIDESERVICE
getUserRewards ---> TOURGUIDESERVICE
getUserRewards ---> TOURGUIDESERVICE
getUserRewards ---> TOURGUIDESERVICE
getUserRewards ---> TOURGUIDESERVICE
getUserRewards ---> TOURGUIDESERVICE
getUserRewards ---> TOURGUIDESERVICE
getUserRewards ---> TOURGUIDESERVICE
getUserRewards ---> TOURGUIDESERVICE
getUserRewards ---> TOURGUIDESERVICE
getUserRewards ---> TOURGUIDESERVICE
getUserRewards ---> TOURGUIDESERVICE
getUserRewards ---> TOURGUIDESERVICE
getUserRewards ---> TOURGUIDESERVICE
getUserRewards ---> TOURGUIDESERVICE
getUserRewards ---> TOURGUIDESERVICE
getUserRewards ---> TOURGUIDESERVICE
getUserRewards ---> TOURGUIDESERVICE
getUserRewards ---> TOURGUIDESERVICE
getUserRewards ---> TOURGUIDESERVICE
getUserRewards ---> TOURGUIDESERVICE
getUserRewards ---> TOURGUIDESERVICE
getUserRewards ---> TOURGUIDESERVICE
getUserRewards ---> TOURGUIDESERVICE
getUserRewards ---> TOURGUIDESERVICE
getUserRewards ---> TOURGUIDESERVICE
getUserRewards ---> TOURGUIDESERVICE
getUserRewards ---> TOURGUIDESERVICE
getUserRewards ---> TOURGUIDESERVICE
getUserRewards ---> TOURGUIDESERVICE
getUserRewards ---> TOURGUIDESERVICE
getUserRewards ---> TOURGUIDESERVICE
getUserRewards ---> TOURGUIDESERVICE
getUserRewards ---> TOURGUIDESERVICE
getUserRewards ---> TOURGUIDESERVICE
getUserRewards ---> TOURGUIDESERVICE
getUserRewards ---> TOURGUIDESERVICE
getUserRewards ---> TOURGUIDESERVICE
getUserRewards ---> TOURGUIDESERVICE
getUserRewards ---> TOURGUIDESERVICE
getUserRewards ---> TOURGUIDESERVICE
getUserRewards ---> TOURGUIDESERVICE
getUserRewards ---> TOURGUIDESERVICE
getUserRewards ---> TOURGUIDESERVICE
getUserRewards ---> TOURGUIDESERVICE
getUserRewards ---> TOURGUIDESERVICE
getUserRewards ---> TOURGUIDESERVICE
getUserRewards ---> TOURGUIDESERVICE
getUserRewards ---> TOURGUIDESERVICE
getUserRewards ---> TOURGUIDESERVICE
getUserRewards ---> TOURGUIDESERVICE
getUserRewards ---> TOURGUIDESERVICE
getUserRewards ---> TOURGUIDESERVICE
getUserRewards ---> TOURGUIDESERVICE
getUserRewards ---> TOURGUIDESERVICE
getUserRewards ---> TOURGUIDESERVICE
getUserRewards ---> TOURGUIDESERVICE
getUserRewards ---> TOURGUIDESERVICE
getUserRewards ---> TOURGUIDESERVICE
getUserRewards ---> TOURGUIDESERVICE
getUserRewards ---> TOURGUIDESERVICE
getUserRewards ---> TOURGUIDESERVICE
getUserRewards ---> TOURGUIDESERVICE
getUserRewards ---> TOURGUIDESERVICE
getUserRewards ---> TOURGUIDESERVICE
getUserRewards ---> TOURGUIDESERVICE
getUserRewards ---> TOURGUIDESERVICE
getUserRewards ---> TOURGUIDESERVICE
getUserRewards ---> TOURGUIDESERVICE
getUserRewards ---> TOURGUIDESERVICE
getUserRewards ---> TOURGUIDESERVICE
getUserRewards ---> TOURGUIDESERVICE
getUserRewards ---> TOURGUIDESERVICE
getUserRewards ---> TOURGUIDESERVICE
getUserRewards ---> TOURGUIDESERVICE
getUserRewards ---> TOURGUIDESERVICE
getUserRewards ---> TOURGUIDESERVICE
getUserRewards ---> TOURGUIDESERVICE
getUserRewards ---> TOURGUIDESERVICE
getUserRewards ---> TOURGUIDESERVICE
getUserRewards ---> TOURGUIDESERVICE
getUserRewards ---> TOURGUIDESERVICE
getUserRewards ---> TOURGUIDESERVICE
getUserRewards ---> TOURGUIDESERVICE
getUserRewards ---> TOURGUIDESERVICE
getUserRewards ---> TOURGUIDESERVICE
getUserRewards ---> TOURGUIDESERVICE
getUserRewards ---> TOURGUIDESERVICE
getUserRewards ---> TOURGUIDESERVICE
getUserRewards ---> TOURGUIDESERVICE
getUserRewards ---> TOURGUIDESERVICE
getUserRewards ---> TOURGUIDESERVICE
getUserRewards ---> TOURGUIDESERVICE
getUserRewards ---> TOURGUIDESERVICE
getUserRewards ---> TOURGUIDESERVICE
getUserRewards ---> TOURGUIDESERVICE
getUserRewards ---> TOURGUIDESERVICE
getUserRewards ---> TOURGUIDESERVICE
getUserRewards ---> TOURGUIDESERVICE
getUserRewards ---> TOURGUIDESERVICE
getUserRewards ---> TOURGUIDESERVICE
getUserRewards ---> TOURGUIDESERVICE
getUserRewards ---> TOURGUIDESERVICE
getUserRewards ---> TOURGUIDESERVICE
getUserRewards ---> TOURGUIDESERVICE
getUserRewards ---> TOURGUIDESERVICE
getUserRewards ---> TOURGUIDESERVICE
getUserRewards ---> TOURGUIDESERVICE
getUserRewards ---> TOURGUIDESERVICE
getUserRewards ---> TOURGUIDESERVICE
getUserRewards ---> TOURGUIDESERVICE
getUserRewards ---> TOURGUIDESERVICE
getUserRewards ---> TOURGUIDESERVICE
getUserRewards ---> TOURGUIDESERVICE
getUserRewards ---> TOURGUIDESERVICE
getUserRewards ---> TOURGUIDESERVICE
getUserRewards ---> TOURGUIDESERVICE
getUserRewards ---> TOURGUIDESERVICE
getUserRewards ---> TOURGUIDESERVICE
getUserRewards ---> TOURGUIDESERVICE
getUserRewards ---> TOURGUIDESERVICE
getUserRewards ---> TOURGUIDESERVICE
getUserRewards ---> TOURGUIDESERVICE
getUserRewards ---> TOURGUIDESERVICE
getUserRewards ---> TOURGUIDESERVICE
getUserRewards ---> TOURGUIDESERVICE
getUserRewards ---> TOURGUIDESERVICE
getUserRewards ---> TOURGUIDESERVICE
getUserRewards ---> TOURGUIDESERVICE
getUserRewards ---> TOURGUIDESERVICE
getUserRewards ---> TOURGUIDESERVICE
getUserRewards ---> TOURGUIDESERVICE
getUserRewards ---> TOURGUIDESERVICE
getUserRewards ---> TOURGUIDESERVICE
getUserRewards ---> TOURGUIDESERVICE
getUserRewards ---> TOURGUIDESERVICE
getUserRewards ---> TOURGUIDESERVICE
getUserRewards ---> TOURGUIDESERVICE
getUserRewards ---> TOURGUIDESERVICE
getUserRewards ---> TOURGUIDESERVICE
getUserRewards ---> TOURGUIDESERVICE
getUserRewards ---> TOURGUIDESERVICE
getUserRewards ---> TOURGUIDESERVICE
getUserRewards ---> TOURGUIDESERVICE
getUserRewards ---> TOURGUIDESERVICE
getUserRewards ---> TOURGUIDESERVICE
getUserRewards ---> TOURGUIDESERVICE
getUserRewards ---> TOURGUIDESERVICE
getUserRewards ---> TOURGUIDESERVICE
getUserRewards ---> TOURGUIDESERVICE
getUserRewards ---> TOURGUIDESERVICE
getUserRewards ---> TOURGUIDESERVICE
getUserRewards ---> TOURGUIDESERVICE
getUserRewards ---> TOURGUIDESERVICE
getUserRewards ---> TOURGUIDESERVICE
getUserRewards ---> TOURGUIDESERVICE
getUserRewards ---> TOURGUIDESERVICE
getUserRewards ---> TOURGUIDESERVICE
getUserRewards ---> TOURGUIDESERVICE
getUserRewards ---> TOURGUIDESERVICE
getUserRewards ---> TOURGUIDESERVICE
getUserRewards ---> TOURGUIDESERVICE
getUserRewards ---> TOURGUIDESERVICE
getUserRewards ---> TOURGUIDESERVICE
getUserRewards ---> TOURGUIDESERVICE
getUserRewards ---> TOURGUIDESERVICE
getUserRewards ---> TOURGUIDESERVICE
getUserRewards ---> TOURGUIDESERVICE
getUserRewards ---> TOURGUIDESERVICE
getUserRewards ---> TOURGUIDESERVICE
getUserRewards ---> TOURGUIDESERVICE
getUserRewards ---> TOURGUIDESERVICE
getUserRewards ---> TOURGUIDESERVICE
getUserRewards ---> TOURGUIDESERVICE
getUserRewards ---> TOURGUIDESERVICE
getUserRewards ---> TOURGUIDESERVICE
getUserRewards ---> TOURGUIDESERVICE
getUserRewards ---> TOURGUIDESERVICE
getUserRewards ---> TOURGUIDESERVICE
getUserRewards ---> TOURGUIDESERVICE
getUserRewards ---> TOURGUIDESERVICE
getUserRewards ---> TOURGUIDESERVICE
getUserRewards ---> TOURGUIDESERVICE
getUserRewards ---> TOURGUIDESERVICE
getUserRewards ---> TOURGUIDESERVICE
getUserRewards ---> TOURGUIDESERVICE
getUserRewards ---> TOURGUIDESERVICE
getUserRewards ---> TOURGUIDESERVICE
getUserRewards ---> TOURGUIDESERVICE
getUserRewards ---> TOURGUIDESERVICE
getUserRewards ---> TOURGUIDESERVICE
getUserRewards ---> TOURGUIDESERVICE
getUserRewards ---> TOURGUIDESERVICE
getUserRewards ---> TOURGUIDESERVICE
getUserRewards ---> TOURGUIDESERVICE
getUserRewards ---> TOURGUIDESERVICE
getUserRewards ---> TOURGUIDESERVICE
getUserRewards ---> TOURGUIDESERVICE
getUserRewards ---> TOURGUIDESERVICE
getUserRewards ---> TOURGUIDESERVICE
getUserRewards ---> TOURGUIDESERVICE
getUserRewards ---> TOURGUIDESERVICE
getUserRewards ---> TOURGUIDESERVICE
getUserRewards ---> TOURGUIDESERVICE
getUserRewards ---> TOURGUIDESERVICE
getUserRewards ---> TOURGUIDESERVICE
getUserRewards ---> TOURGUIDESERVICE
getUserRewards ---> TOURGUIDESERVICE
getUserRewards ---> TOURGUIDESERVICE
getUserRewards ---> TOURGUIDESERVICE
getUserRewards ---> TOURGUIDESERVICE
getUserRewards ---> TOURGUIDESERVICE
getUserRewards ---> TOURGUIDESERVICE
getUserRewards ---> TOURGUIDESERVICE
getUserRewards ---> TOURGUIDESERVICE
getUserRewards ---> TOURGUIDESERVICE
getUserRewards ---> TOURGUIDESERVICE
getUserRewards ---> TOURGUIDESERVICE
getUserRewards ---> TOURGUIDESERVICE
getUserRewards ---> TOURGUIDESERVICE
getUserRewards ---> TOURGUIDESERVICE
getUserRewards ---> TOURGUIDESERVICE
getUserRewards ---> TOURGUIDESERVICE
getUserRewards ---> TOURGUIDESERVICE
getUserRewards ---> TOURGUIDESERVICE
getUserRewards ---> TOURGUIDESERVICE
getUserRewards ---> TOURGUIDESERVICE
getUserRewards ---> TOURGUIDESERVICE
getUserRewards ---> TOURGUIDESERVICE
getUserRewards ---> TOURGUIDESERVICE
getUserRewards ---> TOURGUIDESERVICE
getUserRewards ---> TOURGUIDESERVICE
getUserRewards ---> TOURGUIDESERVICE
getUserRewards ---> TOURGUIDESERVICE
getUserRewards ---> TOURGUIDESERVICE
getUserRewards ---> TOURGUIDESERVICE
getUserRewards ---> TOURGUIDESERVICE
getUserRewards ---> TOURGUIDESERVICE
getUserRewards ---> TOURGUIDESERVICE
getUserRewards ---> TOURGUIDESERVICE
getUserRewards ---> TOURGUIDESERVICE
getUserRewards ---> TOURGUIDESERVICE
getUserRewards ---> TOURGUIDESERVICE
getUserRewards ---> TOURGUIDESERVICE
getUserRewards ---> TOURGUIDESERVICE
getUserRewards ---> TOURGUIDESERVICE
getUserRewards ---> TOURGUIDESERVICE
getUserRewards ---> TOURGUIDESERVICE
getUserRewards ---> TOURGUIDESERVICE
getUserRewards ---> TOURGUIDESERVICE
getUserRewards ---> TOURGUIDESERVICE
getUserRewards ---> TOURGUIDESERVICE
getUserRewards ---> TOURGUIDESERVICE
getUserRewards ---> TOURGUIDESERVICE
getUserRewards ---> TOURGUIDESERVICE
getUserRewards ---> TOURGUIDESERVICE
getUserRewards ---> TOURGUIDESERVICE
getUserRewards ---> TOURGUIDESERVICE
getUserRewards ---> TOURGUIDESERVICE
getUserRewards ---> TOURGUIDESERVICE
getUserRewards ---> TOURGUIDESERVICE
getUserRewards ---> TOURGUIDESERVICE
getUserRewards ---> TOURGUIDESERVICE
getUserRewards ---> TOURGUIDESERVICE
getUserRewards ---> TOURGUIDESERVICE
getUserRewards ---> TOURGUIDESERVICE
getUserRewards ---> TOURGUIDESERVICE
getUserRewards ---> TOURGUIDESERVICE
getUserRewards ---> TOURGUIDESERVICE
getUserRewards ---> TOURGUIDESERVICE
getUserRewards ---> TOURGUIDESERVICE
getUserRewards ---> TOURGUIDESERVICE
getUserRewards ---> TOURGUIDESERVICE
getUserRewards ---> TOURGUIDESERVICE
getUserRewards ---> TOURGUIDESERVICE
getUserRewards ---> TOURGUIDESERVICE
getUserRewards ---> TOURGUIDESERVICE
getUserRewards ---> TOURGUIDESERVICE
getUserRewards ---> TOURGUIDESERVICE
getUserRewards ---> TOURGUIDESERVICE
getUserRewards ---> TOURGUIDESERVICE
getUserRewards ---> TOURGUIDESERVICE
getUserRewards ---> TOURGUIDESERVICE
getUserRewards ---> TOURGUIDESERVICE
getUserRewards ---> TOURGUIDESERVICE
getUserRewards ---> TOURGUIDESERVICE
getUserRewards ---> TOURGUIDESERVICE
getUserRewards ---> TOURGUIDESERVICE
getUserRewards ---> TOURGUIDESERVICE
getUserRewards ---> TOURGUIDESERVICE
getUserRewards ---> TOURGUIDESERVICE
getUserRewards ---> TOURGUIDESERVICE
getUserRewards ---> TOURGUIDESERVICE
getUserRewards ---> TOURGUIDESERVICE
getUserRewards ---> TOURGUIDESERVICE
getUserRewards ---> TOURGUIDESERVICE
getUserRewards ---> TOURGUIDESERVICE
getUserRewards ---> TOURGUIDESERVICE
getUserRewards ---> TOURGUIDESERVICE
getUserRewards ---> TOURGUIDESERVICE
getUserRewards ---> TOURGUIDESERVICE
getUserRewards ---> TOURGUIDESERVICE
getUserRewards ---> TOURGUIDESERVICE
getUserRewards ---> TOURGUIDESERVICE
getUserRewards ---> TOURGUIDESERVICE
getUserRewards ---> TOURGUIDESERVICE
getUserRewards ---> TOURGUIDESERVICE
getUserRewards ---> TOURGUIDESERVICE
getUserRewards ---> TOURGUIDESERVICE
getUserRewards ---> TOURGUIDESERVICE
getUserRewards ---> TOURGUIDESERVICE
getUserRewards ---> TOURGUIDESERVICE
getUserRewards ---> TOURGUIDESERVICE
getUserRewards ---> TOURGUIDESERVICE
getUserRewards ---> TOURGUIDESERVICE
getUserRewards ---> TOURGUIDESERVICE
getUserRewards ---> TOURGUIDESERVICE
getUserRewards ---> TOURGUIDESERVICE
getUserRewards ---> TOURGUIDESERVICE
getUserRewards ---> TOURGUIDESERVICE
getUserRewards ---> TOURGUIDESERVICE
getUserRewards ---> TOURGUIDESERVICE
getUserRewards ---> TOURGUIDESERVICE
getUserRewards ---> TOURGUIDESERVICE
getUserRewards ---> TOURGUIDESERVICE
getUserRewards ---> TOURGUIDESERVICE
getUserRewards ---> TOURGUIDESERVICE
getUserRewards ---> TOURGUIDESERVICE
getUserRewards ---> TOURGUIDESERVICE
getUserRewards ---> TOURGUIDESERVICE
getUserRewards ---> TOURGUIDESERVICE
getUserRewards ---> TOURGUIDESERVICE
getUserRewards ---> TOURGUIDESERVICE
getUserRewards ---> TOURGUIDESERVICE
getUserRewards ---> TOURGUIDESERVICE
getUserRewards ---> TOURGUIDESERVICE
getUserRewards ---> TOURGUIDESERVICE
getUserRewards ---> TOURGUIDESERVICE
getUserRewards ---> TOURGUIDESERVICE
getUserRewards ---> TOURGUIDESERVICE
getUserRewards ---> TOURGUIDESERVICE
getUserRewards ---> TOURGUIDESERVICE
getUserRewards ---> TOURGUIDESERVICE
getUserRewards ---> TOURGUIDESERVICE
getUserRewards ---> TOURGUIDESERVICE
getUserRewards ---> TOURGUIDESERVICE
getUserRewards ---> TOURGUIDESERVICE
getUserRewards ---> TOURGUIDESERVICE
getUserRewards ---> TOURGUIDESERVICE
getUserRewards ---> TOURGUIDESERVICE
getUserRewards ---> TOURGUIDESERVICE
getUserRewards ---> TOURGUIDESERVICE
getUserRewards ---> TOURGUIDESERVICE
getUserRewards ---> TOURGUIDESERVICE
getUserRewards ---> TOURGUIDESERVICE
getUserRewards ---> TOURGUIDESERVICE
getUserRewards ---> TOURGUIDESERVICE
getUserRewards ---> TOURGUIDESERVICE
getUserRewards ---> TOURGUIDESERVICE
getUserRewards ---> TOURGUIDESERVICE
getUserRewards ---> TOURGUIDESERVICE
getUserRewards ---> TOURGUIDESERVICE
getUserRewards ---> TOURGUIDESERVICE
getUserRewards ---> TOURGUIDESERVICE
getUserRewards ---> TOURGUIDESERVICE
getUserRewards ---> TOURGUIDESERVICE
getUserRewards ---> TOURGUIDESERVICE
getUserRewards ---> TOURGUIDESERVICE
getUserRewards ---> TOURGUIDESERVICE
getUserRewards ---> TOURGUIDESERVICE
getUserRewards ---> TOURGUIDESERVICE
getUserRewards ---> TOURGUIDESERVICE
getUserRewards ---> TOURGUIDESERVICE
getUserRewards ---> TOURGUIDESERVICE
getUserRewards ---> TOURGUIDESERVICE
getUserRewards ---> TOURGUIDESERVICE
getUserRewards ---> TOURGUIDESERVICE
getUserRewards ---> TOURGUIDESERVICE
getUserRewards ---> TOURGUIDESERVICE
getUserRewards ---> TOURGUIDESERVICE
getUserRewards ---> TOURGUIDESERVICE
getUserRewards ---> TOURGUIDESERVICE
getUserRewards ---> TOURGUIDESERVICE
getUserRewards ---> TOURGUIDESERVICE
getUserRewards ---> TOURGUIDESERVICE
getUserRewards ---> TOURGUIDESERVICE
getUserRewards ---> TOURGUIDESERVICE
getUserRewards ---> TOURGUIDESERVICE
getUserRewards ---> TOURGUIDESERVICE
getUserRewards ---> TOURGUIDESERVICE
getUserRewards ---> TOURGUIDESERVICE
getUserRewards ---> TOURGUIDESERVICE
getUserRewards ---> TOURGUIDESERVICE
getUserRewards ---> TOURGUIDESERVICE
getUserRewards ---> TOURGUIDESERVICE
getUserRewards ---> TOURGUIDESERVICE
getUserRewards ---> TOURGUIDESERVICE
getUserRewards ---> TOURGUIDESERVICE
getUserRewards ---> TOURGUIDESERVICE
getUserRewards ---> TOURGUIDESERVICE
getUserRewards ---> TOURGUIDESERVICE
getUserRewards ---> TOURGUIDESERVICE
getUserRewards ---> TOURGUIDESERVICE
getUserRewards ---> TOURGUIDESERVICE
getUserRewards ---> TOURGUIDESERVICE
getUserRewards ---> TOURGUIDESERVICE
getUserRewards ---> TOURGUIDESERVICE
getUserRewards ---> TOURGUIDESERVICE
getUserRewards ---> TOURGUIDESERVICE
getUserRewards ---> TOURGUIDESERVICE
getUserRewards ---> TOURGUIDESERVICE
getUserRewards ---> TOURGUIDESERVICE
getUserRewards ---> TOURGUIDESERVICE
getUserRewards ---> TOURGUIDESERVICE
getUserRewards ---> TOURGUIDESERVICE
getUserRewards ---> TOURGUIDESERVICE
getUserRewards ---> TOURGUIDESERVICE
getUserRewards ---> TOURGUIDESERVICE
getUserRewards ---> TOURGUIDESERVICE
getUserRewards ---> TOURGUIDESERVICE
getUserRewards ---> TOURGUIDESERVICE
getUserRewards ---> TOURGUIDESERVICE
getUserRewards ---> TOURGUIDESERVICE
getUserRewards ---> TOURGUIDESERVICE
getUserRewards ---> TOURGUIDESERVICE
getUserRewards ---> TOURGUIDESERVICE
getUserRewards ---> TOURGUIDESERVICE
getUserRewards ---> TOURGUIDESERVICE
getUserRewards ---> TOURGUIDESERVICE
getUserRewards ---> TOURGUIDESERVICE
getUserRewards ---> TOURGUIDESERVICE
getUserRewards ---> TOURGUIDESERVICE
getUserRewards ---> TOURGUIDESERVICE
getUserRewards ---> TOURGUIDESERVICE
getUserRewards ---> TOURGUIDESERVICE
getUserRewards ---> TOURGUIDESERVICE
getUserRewards ---> TOURGUIDESERVICE
getUserRewards ---> TOURGUIDESERVICE
getUserRewards ---> TOURGUIDESERVICE
getUserRewards ---> TOURGUIDESERVICE
getUserRewards ---> TOURGUIDESERVICE
getUserRewards ---> TOURGUIDESERVICE
getUserRewards ---> TOURGUIDESERVICE
getUserRewards ---> TOURGUIDESERVICE
getUserRewards ---> TOURGUIDESERVICE
getUserRewards ---> TOURGUIDESERVICE
getUserRewards ---> TOURGUIDESERVICE
getUserRewards ---> TOURGUIDESERVICE
getUserRewards ---> TOURGUIDESERVICE
getUserRewards ---> TOURGUIDESERVICE
getUserRewards ---> TOURGUIDESERVICE
getUserRewards ---> TOURGUIDESERVICE
getUserRewards ---> TOURGUIDESERVICE
getUserRewards ---> TOURGUIDESERVICE
getUserRewards ---> TOURGUIDESERVICE
getUserRewards ---> TOURGUIDESERVICE
getUserRewards ---> TOURGUIDESERVICE
getUserRewards ---> TOURGUIDESERVICE
getUserRewards ---> TOURGUIDESERVICE
getUserRewards ---> TOURGUIDESERVICE
getUserRewards ---> TOURGUIDESERVICE
getUserRewards ---> TOURGUIDESERVICE
getUserRewards ---> TOURGUIDESERVICE
getUserRewards ---> TOURGUIDESERVICE
getUserRewards ---> TOURGUIDESERVICE
getUserRewards ---> TOURGUIDESERVICE
getUserRewards ---> TOURGUIDESERVICE
getUserRewards ---> TOURGUIDESERVICE
getUserRewards ---> TOURGUIDESERVICE
getUserRewards ---> TOURGUIDESERVICE
getUserRewards ---> TOURGUIDESERVICE
getUserRewards ---> TOURGUIDESERVICE
getUserRewards ---> TOURGUIDESERVICE
getUserRewards ---> TOURGUIDESERVICE
getUserRewards ---> TOURGUIDESERVICE
getUserRewards ---> TOURGUIDESERVICE
getUserRewards ---> TOURGUIDESERVICE
getUserRewards ---> TOURGUIDESERVICE
getUserRewards ---> TOURGUIDESERVICE
getUserRewards ---> TOURGUIDESERVICE
getUserRewards ---> TOURGUIDESERVICE
getUserRewards ---> TOURGUIDESERVICE
getUserRewards ---> TOURGUIDESERVICE
getUserRewards ---> TOURGUIDESERVICE
getUserRewards ---> TOURGUIDESERVICE
getUserRewards ---> TOURGUIDESERVICE
getUserRewards ---> TOURGUIDESERVICE
getUserRewards ---> TOURGUIDESERVICE
getUserRewards ---> TOURGUIDESERVICE
getUserRewards ---> TOURGUIDESERVICE
getUserRewards ---> TOURGUIDESERVICE
getUserRewards ---> TOURGUIDESERVICE
getUserRewards ---> TOURGUIDESERVICE
getUserRewards ---> TOURGUIDESERVICE
getUserRewards ---> TOURGUIDESERVICE
getUserRewards ---> TOURGUIDESERVICE
getUserRewards ---> TOURGUIDESERVICE
getUserRewards ---> TOURGUIDESERVICE
getUserRewards ---> TOURGUIDESERVICE
getUserRewards ---> TOURGUIDESERVICE
getUserRewards ---> TOURGUIDESERVICE
getUserRewards ---> TOURGUIDESERVICE
getUserRewards ---> TOURGUIDESERVICE
getUserRewards ---> TOURGUIDESERVICE
getUserRewards ---> TOURGUIDESERVICE
getUserRewards ---> TOURGUIDESERVICE
getUserRewards ---> TOURGUIDESERVICE
getUserRewards ---> TOURGUIDESERVICE
getUserRewards ---> TOURGUIDESERVICE
getUserRewards ---> TOURGUIDESERVICE
getUserRewards ---> TOURGUIDESERVICE
getUserRewards ---> TOURGUIDESERVICE
getUserRewards ---> TOURGUIDESERVICE
getUserRewards ---> TOURGUIDESERVICE
getUserRewards ---> TOURGUIDESERVICE
getUserRewards ---> TOURGUIDESERVICE
getUserRewards ---> TOURGUIDESERVICE
getUserRewards ---> TOURGUIDESERVICE
getUserRewards ---> TOURGUIDESERVICE
getUserRewards ---> TOURGUIDESERVICE
getUserRewards ---> TOURGUIDESERVICE
getUserRewards ---> TOURGUIDESERVICE
getUserRewards ---> TOURGUIDESERVICE
getUserRewards ---> TOURGUIDESERVICE
getUserRewards ---> TOURGUIDESERVICE
getUserRewards ---> TOURGUIDESERVICE
getUserRewards ---> TOURGUIDESERVICE
getUserRewards ---> TOURGUIDESERVICE
getUserRewards ---> TOURGUIDESERVICE
getUserRewards ---> TOURGUIDESERVICE
getUserRewards ---> TOURGUIDESERVICE
getUserRewards ---> TOURGUIDESERVICE
getUserRewards ---> TOURGUIDESERVICE
getUserRewards ---> TOURGUIDESERVICE
getUserRewards ---> TOURGUIDESERVICE
getUserRewards ---> TOURGUIDESERVICE
getUserRewards ---> TOURGUIDESERVICE
getUserRewards ---> TOURGUIDESERVICE
getUserRewards ---> TOURGUIDESERVICE
getUserRewards ---> TOURGUIDESERVICE
getUserRewards ---> TOURGUIDESERVICE
getUserRewards ---> TOURGUIDESERVICE
getUserRewards ---> TOURGUIDESERVICE
getUserRewards ---> TOURGUIDESERVICE
getUserRewards ---> TOURGUIDESERVICE
getUserRewards ---> TOURGUIDESERVICE
getUserRewards ---> TOURGUIDESERVICE
getUserRewards ---> TOURGUIDESERVICE
getUserRewards ---> TOURGUIDESERVICE
getUserRewards ---> TOURGUIDESERVICE
getUserRewards ---> TOURGUIDESERVICE
getUserRewards ---> TOURGUIDESERVICE
getUserRewards ---> TOURGUIDESERVICE
getUserRewards ---> TOURGUIDESERVICE
getUserRewards ---> TOURGUIDESERVICE
getUserRewards ---> TOURGUIDESERVICE
getUserRewards ---> TOURGUIDESERVICE
getUserRewards ---> TOURGUIDESERVICE
getUserRewards ---> TOURGUIDESERVICE
getUserRewards ---> TOURGUIDESERVICE
getUserRewards ---> TOURGUIDESERVICE
getUserRewards ---> TOURGUIDESERVICE
getUserRewards ---> TOURGUIDESERVICE
getUserRewards ---> TOURGUIDESERVICE
getUserRewards ---> TOURGUIDESERVICE
getUserRewards ---> TOURGUIDESERVICE
getUserRewards ---> TOURGUIDESERVICE
getUserRewards ---> TOURGUIDESERVICE
getUserRewards ---> TOURGUIDESERVICE
getUserRewards ---> TOURGUIDESERVICE
getUserRewards ---> TOURGUIDESERVICE
getUserRewards ---> TOURGUIDESERVICE
getUserRewards ---> TOURGUIDESERVICE
getUserRewards ---> TOURGUIDESERVICE
getUserRewards ---> TOURGUIDESERVICE
getUserRewards ---> TOURGUIDESERVICE
getUserRewards ---> TOURGUIDESERVICE
getUserRewards ---> TOURGUIDESERVICE
getUserRewards ---> TOURGUIDESERVICE
getUserRewards ---> TOURGUIDESERVICE
getUserRewards ---> TOURGUIDESERVICE
getUserRewards ---> TOURGUIDESERVICE
getUserRewards ---> TOURGUIDESERVICE
getUserRewards ---> TOURGUIDESERVICE
getUserRewards ---> TOURGUIDESERVICE
getUserRewards ---> TOURGUIDESERVICE
getUserRewards ---> TOURGUIDESERVICE
getUserRewards ---> TOURGUIDESERVICE
getUserRewards ---> TOURGUIDESERVICE
getUserRewards ---> TOURGUIDESERVICE
getUserRewards ---> TOURGUIDESERVICE
getUserRewards ---> TOURGUIDESERVICE
getUserRewards ---> TOURGUIDESERVICE
getUserRewards ---> TOURGUIDESERVICE
getUserRewards ---> TOURGUIDESERVICE
getUserRewards ---> TOURGUIDESERVICE
getUserRewards ---> TOURGUIDESERVICE
getUserRewards ---> TOURGUIDESERVICE
getUserRewards ---> TOURGUIDESERVICE
getUserRewards ---> TOURGUIDESERVICE
getUserRewards ---> TOURGUIDESERVICE
getUserRewards ---> TOURGUIDESERVICE
getUserRewards ---> TOURGUIDESERVICE
getUserRewards ---> TOURGUIDESERVICE
getUserRewards ---> TOURGUIDESERVICE
getUserRewards ---> TOURGUIDESERVICE
getUserRewards ---> TOURGUIDESERVICE
getUserRewards ---> TOURGUIDESERVICE
getUserRewards ---> TOURGUIDESERVICE
getUserRewards ---> TOURGUIDESERVICE
getUserRewards ---> TOURGUIDESERVICE
getUserRewards ---> TOURGUIDESERVICE
getUserRewards ---> TOURGUIDESERVICE
getUserRewards ---> TOURGUIDESERVICE
getUserRewards ---> TOURGUIDESERVICE
getUserRewards ---> TOURGUIDESERVICE
getUserRewards ---> TOURGUIDESERVICE
getUserRewards ---> TOURGUIDESERVICE
getUserRewards ---> TOURGUIDESERVICE
getUserRewards ---> TOURGUIDESERVICE
getUserRewards ---> TOURGUIDESERVICE
getUserRewards ---> TOURGUIDESERVICE
getUserRewards ---> TOURGUIDESERVICE
getUserRewards ---> TOURGUIDESERVICE
getUserRewards ---> TOURGUIDESERVICE
getUserRewards ---> TOURGUIDESERVICE
getUserRewards ---> TOURGUIDESERVICE
getUserRewards ---> TOURGUIDESERVICE
getUserRewards ---> TOURGUIDESERVICE
getUserRewards ---> TOURGUIDESERVICE
getUserRewards ---> TOURGUIDESERVICE
getUserRewards ---> TOURGUIDESERVICE
getUserRewards ---> TOURGUIDESERVICE
getUserRewards ---> TOURGUIDESERVICE
getUserRewards ---> TOURGUIDESERVICE
getUserRewards ---> TOURGUIDESERVICE
getUserRewards ---> TOURGUIDESERVICE
getUserRewards ---> TOURGUIDESERVICE
getUserRewards ---> TOURGUIDESERVICE
getUserRewards ---> TOURGUIDESERVICE
getUserRewards ---> TOURGUIDESERVICE
getUserRewards ---> TOURGUIDESERVICE
getUserRewards ---> TOURGUIDESERVICE
getUserRewards ---> TOURGUIDESERVICE
getUserRewards ---> TOURGUIDESERVICE
getUserRewards ---> TOURGUIDESERVICE
getUserRewards ---> TOURGUIDESERVICE
getUserRewards ---> TOURGUIDESERVICE
getUserRewards ---> TOURGUIDESERVICE
getUserRewards ---> TOURGUIDESERVICE
getUserRewards ---> TOURGUIDESERVICE
getUserRewards ---> TOURGUIDESERVICE
getUserRewards ---> TOURGUIDESERVICE
getUserRewards ---> TOURGUIDESERVICE
getUserRewards ---> TOURGUIDESERVICE
getUserRewards ---> TOURGUIDESERVICE
getUserRewards ---> TOURGUIDESERVICE
getUserRewards ---> TOURGUIDESERVICE
getUserRewards ---> TOURGUIDESERVICE
getUserRewards ---> TOURGUIDESERVICE
getUserRewards ---> TOURGUIDESERVICE
getUserRewards ---> TOURGUIDESERVICE
getUserRewards ---> TOURGUIDESERVICE
getUserRewards ---> TOURGUIDESERVICE
getUserRewards ---> TOURGUIDESERVICE
getUserRewards ---> TOURGUIDESERVICE
getUserRewards ---> TOURGUIDESERVICE
getUserRewards ---> TOURGUIDESERVICE
getUserRewards ---> TOURGUIDESERVICE
getUserRewards ---> TOURGUIDESERVICE
getUserRewards ---> TOURGUIDESERVICE
getUserRewards ---> TOURGUIDESERVICE
getUserRewards ---> TOURGUIDESERVICE
getUserRewards ---> TOURGUIDESERVICE
getUserRewards ---> TOURGUIDESERVICE
getUserRewards ---> TOURGUIDESERVICE
getUserRewards ---> TOURGUIDESERVICE
getUserRewards ---> TOURGUIDESERVICE
getUserRewards ---> TOURGUIDESERVICE
getUserRewards ---> TOURGUIDESERVICE
getUserRewards ---> TOURGUIDESERVICE
getUserRewards ---> TOURGUIDESERVICE
getUserRewards ---> TOURGUIDESERVICE
getUserRewards ---> TOURGUIDESERVICE
getUserRewards ---> TOURGUIDESERVICE
getUserRewards ---> TOURGUIDESERVICE
getUserRewards ---> TOURGUIDESERVICE
getUserRewards ---> TOURGUIDESERVICE
getUserRewards ---> TOURGUIDESERVICE
getUserRewards ---> TOURGUIDESERVICE
getUserRewards ---> TOURGUIDESERVICE
getUserRewards ---> TOURGUIDESERVICE
getUserRewards ---> TOURGUIDESERVICE
getUserRewards ---> TOURGUIDESERVICE
getUserRewards ---> TOURGUIDESERVICE
getUserRewards ---> TOURGUIDESERVICE
getUserRewards ---> TOURGUIDESERVICE
getUserRewards ---> TOURGUIDESERVICE
getUserRewards ---> TOURGUIDESERVICE
getUserRewards ---> TOURGUIDESERVICE
getUserRewards ---> TOURGUIDESERVICE
getUserRewards ---> TOURGUIDESERVICE
getUserRewards ---> TOURGUIDESERVICE
getUserRewards ---> TOURGUIDESERVICE
getUserRewards ---> TOURGUIDESERVICE
getUserRewards ---> TOURGUIDESERVICE
getUserRewards ---> TOURGUIDESERVICE
getUserRewards ---> TOURGUIDESERVICE
getUserRewards ---> TOURGUIDESERVICE
getUserRewards ---> TOURGUIDESERVICE
getUserRewards ---> TOURGUIDESERVICE
getUserRewards ---> TOURGUIDESERVICE
getUserRewards ---> TOURGUIDESERVICE
getUserRewards ---> TOURGUIDESERVICE
getUserRewards ---> TOURGUIDESERVICE
getUserRewards ---> TOURGUIDESERVICE
getUserRewards ---> TOURGUIDESERVICE
getUserRewards ---> TOURGUIDESERVICE
getUserRewards ---> TOURGUIDESERVICE
getUserRewards ---> TOURGUIDESERVICE
getUserRewards ---> TOURGUIDESERVICE
getUserRewards ---> TOURGUIDESERVICE
getUserRewards ---> TOURGUIDESERVICE
getUserRewards ---> TOURGUIDESERVICE
getUserRewards ---> TOURGUIDESERVICE
getUserRewards ---> TOURGUIDESERVICE
getUserRewards ---> TOURGUIDESERVICE
getUserRewards ---> TOURGUIDESERVICE
getUserRewards ---> TOURGUIDESERVICE
getUserRewards ---> TOURGUIDESERVICE
getUserRewards ---> TOURGUIDESERVICE
getUserRewards ---> TOURGUIDESERVICE
getUserRewards ---> TOURGUIDESERVICE
getUserRewards ---> TOURGUIDESERVICE
getUserRewards ---> TOURGUIDESERVICE
getUserRewards ---> TOURGUIDESERVICE
getUserRewards ---> TOURGUIDESERVICE
getUserRewards ---> TOURGUIDESERVICE
getUserRewards ---> TOURGUIDESERVICE
getUserRewards ---> TOURGUIDESERVICE
getUserRewards ---> TOURGUIDESERVICE
getUserRewards ---> TOURGUIDESERVICE
getUserRewards ---> TOURGUIDESERVICE
getUserRewards ---> TOURGUIDESERVICE
getUserRewards ---> TOURGUIDESERVICE
getUserRewards ---> TOURGUIDESERVICE
getUserRewards ---> TOURGUIDESERVICE
getUserRewards ---> TOURGUIDESERVICE
getUserRewards ---> TOURGUIDESERVICE
getUserRewards ---> TOURGUIDESERVICE
getUserRewards ---> TOURGUIDESERVICE
getUserRewards ---> TOURGUIDESERVICE
getUserRewards ---> TOURGUIDESERVICE
getUserRewards ---> TOURGUIDESERVICE
getUserRewards ---> TOURGUIDESERVICE
getUserRewards ---> TOURGUIDESERVICE
getUserRewards ---> TOURGUIDESERVICE
getUserRewards ---> TOURGUIDESERVICE
getUserRewards ---> TOURGUIDESERVICE
getUserRewards ---> TOURGUIDESERVICE
getUserRewards ---> TOURGUIDESERVICE
getUserRewards ---> TOURGUIDESERVICE
getUserRewards ---> TOURGUIDESERVICE
getUserRewards ---> TOURGUIDESERVICE
getUserRewards ---> TOURGUIDESERVICE
getUserRewards ---> TOURGUIDESERVICE
getUserRewards ---> TOURGUIDESERVICE
getUserRewards ---> TOURGUIDESERVICE
getUserRewards ---> TOURGUIDESERVICE
getUserRewards ---> TOURGUIDESERVICE
getUserRewards ---> TOURGUIDESERVICE
getUserRewards ---> TOURGUIDESERVICE
getUserRewards ---> TOURGUIDESERVICE
getUserRewards ---> TOURGUIDESERVICE
getUserRewards ---> TOURGUIDESERVICE
getUserRewards ---> TOURGUIDESERVICE
getUserRewards ---> TOURGUIDESERVICE
getUserRewards ---> TOURGUIDESERVICE
getUserRewards ---> TOURGUIDESERVICE
getUserRewards ---> TOURGUIDESERVICE
getUserRewards ---> TOURGUIDESERVICE
getUserRewards ---> TOURGUIDESERVICE
getUserRewards ---> TOURGUIDESERVICE
getUserRewards ---> TOURGUIDESERVICE
getUserRewards ---> TOURGUIDESERVICE
getUserRewards ---> TOURGUIDESERVICE
getUserRewards ---> TOURGUIDESERVICE
getUserRewards ---> TOURGUIDESERVICE
getUserRewards ---> TOURGUIDESERVICE
getUserRewards ---> TOURGUIDESERVICE
getUserRewards ---> TOURGUIDESERVICE
getUserRewards ---> TOURGUIDESERVICE
getUserRewards ---> TOURGUIDESERVICE
getUserRewards ---> TOURGUIDESERVICE
getUserRewards ---> TOURGUIDESERVICE
getUserRewards ---> TOURGUIDESERVICE
getUserRewards ---> TOURGUIDESERVICE
getUserRewards ---> TOURGUIDESERVICE
getUserRewards ---> TOURGUIDESERVICE
getUserRewards ---> TOURGUIDESERVICE
getUserRewards ---> TOURGUIDESERVICE
getUserRewards ---> TOURGUIDESERVICE
getUserRewards ---> TOURGUIDESERVICE
getUserRewards ---> TOURGUIDESERVICE
getUserRewards ---> TOURGUIDESERVICE
getUserRewards ---> TOURGUIDESERVICE
getUserRewards ---> TOURGUIDESERVICE
getUserRewards ---> TOURGUIDESERVICE
getUserRewards ---> TOURGUIDESERVICE
getUserRewards ---> TOURGUIDESERVICE
getUserRewards ---> TOURGUIDESERVICE
getUserRewards ---> TOURGUIDESERVICE
getUserRewards ---> TOURGUIDESERVICE
getUserRewards ---> TOURGUIDESERVICE
getUserRewards ---> TOURGUIDESERVICE
getUserRewards ---> TOURGUIDESERVICE
getUserRewards ---> TOURGUIDESERVICE
getUserRewards ---> TOURGUIDESERVICE
getUserRewards ---> TOURGUIDESERVICE
getUserRewards ---> TOURGUIDESERVICE
getUserRewards ---> TOURGUIDESERVICE
getUserRewards ---> TOURGUIDESERVICE
getUserRewards ---> TOURGUIDESERVICE
getUserRewards ---> TOURGUIDESERVICE
getUserRewards ---> TOURGUIDESERVICE
getUserRewards ---> TOURGUIDESERVICE
getUserRewards ---> TOURGUIDESERVICE
getUserRewards ---> TOURGUIDESERVICE
getUserRewards ---> TOURGUIDESERVICE
getUserRewards ---> TOURGUIDESERVICE
getUserRewards ---> TOURGUIDESERVICE
getUserRewards ---> TOURGUIDESERVICE
getUserRewards ---> TOURGUIDESERVICE
getUserRewards ---> TOURGUIDESERVICE
getUserRewards ---> TOURGUIDESERVICE
getUserRewards ---> TOURGUIDESERVICE
getUserRewards ---> TOURGUIDESERVICE
getUserRewards ---> TOURGUIDESERVICE
getUserRewards ---> TOURGUIDESERVICE
getUserRewards ---> TOURGUIDESERVICE
getUserRewards ---> TOURGUIDESERVICE
getUserRewards ---> TOURGUIDESERVICE
getUserRewards ---> TOURGUIDESERVICE
getUserRewards ---> TOURGUIDESERVICE
getUserRewards ---> TOURGUIDESERVICE
getUserRewards ---> TOURGUIDESERVICE
getUserRewards ---> TOURGUIDESERVICE
getUserRewards ---> TOURGUIDESERVICE
getUserRewards ---> TOURGUIDESERVICE
getUserRewards ---> TOURGUIDESERVICE
getUserRewards ---> TOURGUIDESERVICE
getUserRewards ---> TOURGUIDESERVICE
getUserRewards ---> TOURGUIDESERVICE
getUserRewards ---> TOURGUIDESERVICE
getUserRewards ---> TOURGUIDESERVICE
getUserRewards ---> TOURGUIDESERVICE
getUserRewards ---> TOURGUIDESERVICE
getUserRewards ---> TOURGUIDESERVICE
getUserRewards ---> TOURGUIDESERVICE
getUserRewards ---> TOURGUIDESERVICE
getUserRewards ---> TOURGUIDESERVICE
getUserRewards ---> TOURGUIDESERVICE
getUserRewards ---> TOURGUIDESERVICE
getUserRewards ---> TOURGUIDESERVICE
getUserRewards ---> TOURGUIDESERVICE
getUserRewards ---> TOURGUIDESERVICE
getUserRewards ---> TOURGUIDESERVICE
getUserRewards ---> TOURGUIDESERVICE
getUserRewards ---> TOURGUIDESERVICE
getUserRewards ---> TOURGUIDESERVICE
getUserRewards ---> TOURGUIDESERVICE
getUserRewards ---> TOURGUIDESERVICE
getUserRewards ---> TOURGUIDESERVICE
getUserRewards ---> TOURGUIDESERVICE
getUserRewards ---> TOURGUIDESERVICE
getUserRewards ---> TOURGUIDESERVICE
getUserRewards ---> TOURGUIDESERVICE
getUserRewards ---> TOURGUIDESERVICE
getUserRewards ---> TOURGUIDESERVICE
getUserRewards ---> TOURGUIDESERVICE
getUserRewards ---> TOURGUIDESERVICE
getUserRewards ---> TOURGUIDESERVICE
getUserRewards ---> TOURGUIDESERVICE
getUserRewards ---> TOURGUIDESERVICE
getUserRewards ---> TOURGUIDESERVICE
getUserRewards ---> TOURGUIDESERVICE
getUserRewards ---> TOURGUIDESERVICE
getUserRewards ---> TOURGUIDESERVICE
getUserRewards ---> TOURGUIDESERVICE
getUserRewards ---> TOURGUIDESERVICE
getUserRewards ---> TOURGUIDESERVICE
getUserRewards ---> TOURGUIDESERVICE
getUserRewards ---> TOURGUIDESERVICE
getUserRewards ---> TOURGUIDESERVICE
getUserRewards ---> TOURGUIDESERVICE
getUserRewards ---> TOURGUIDESERVICE
getUserRewards ---> TOURGUIDESERVICE
getUserRewards ---> TOURGUIDESERVICE
getUserRewards ---> TOURGUIDESERVICE
getUserRewards ---> TOURGUIDESERVICE
getUserRewards ---> TOURGUIDESERVICE
getUserRewards ---> TOURGUIDESERVICE
getUserRewards ---> TOURGUIDESERVICE
getUserRewards ---> TOURGUIDESERVICE
getUserRewards ---> TOURGUIDESERVICE
getUserRewards ---> TOURGUIDESERVICE
getUserRewards ---> TOURGUIDESERVICE
getUserRewards ---> TOURGUIDESERVICE
getUserRewards ---> TOURGUIDESERVICE
getUserRewards ---> TOURGUIDESERVICE
getUserRewards ---> TOURGUIDESERVICE
getUserRewards ---> TOURGUIDESERVICE
getUserRewards ---> TOURGUIDESERVICE
getUserRewards ---> TOURGUIDESERVICE
getUserRewards ---> TOURGUIDESERVICE
getUserRewards ---> TOURGUIDESERVICE
getUserRewards ---> TOURGUIDESERVICE
getUserRewards ---> TOURGUIDESERVICE
getUserRewards ---> TOURGUIDESERVICE
getUserRewards ---> TOURGUIDESERVICE
getUserRewards ---> TOURGUIDESERVICE
getUserRewards ---> TOURGUIDESERVICE
getUserRewards ---> TOURGUIDESERVICE
getUserRewards ---> TOURGUIDESERVICE
getUserRewards ---> TOURGUIDESERVICE
getUserRewards ---> TOURGUIDESERVICE
getUserRewards ---> TOURGUIDESERVICE
getUserRewards ---> TOURGUIDESERVICE
getUserRewards ---> TOURGUIDESERVICE
getUserRewards ---> TOURGUIDESERVICE
getUserRewards ---> TOURGUIDESERVICE
getUserRewards ---> TOURGUIDESERVICE
getUserRewards ---> TOURGUIDESERVICE
getUserRewards ---> TOURGUIDESERVICE
getUserRewards ---> TOURGUIDESERVICE
getUserRewards ---> TOURGUIDESERVICE
getUserRewards ---> TOURGUIDESERVICE
getUserRewards ---> TOURGUIDESERVICE
getUserRewards ---> TOURGUIDESERVICE
getUserRewards ---> TOURGUIDESERVICE
getUserRewards ---> TOURGUIDESERVICE
getUserRewards ---> TOURGUIDESERVICE
getUserRewards ---> TOURGUIDESERVICE
getUserRewards ---> TOURGUIDESERVICE
getUserRewards ---> TOURGUIDESERVICE
getUserRewards ---> TOURGUIDESERVICE
getUserRewards ---> TOURGUIDESERVICE
getUserRewards ---> TOURGUIDESERVICE
getUserRewards ---> TOURGUIDESERVICE
getUserRewards ---> TOURGUIDESERVICE
getUserRewards ---> TOURGUIDESERVICE
getUserRewards ---> TOURGUIDESERVICE
getUserRewards ---> TOURGUIDESERVICE
getUserRewards ---> TOURGUIDESERVICE
getUserRewards ---> TOURGUIDESERVICE
getUserRewards ---> TOURGUIDESERVICE
getUserRewards ---> TOURGUIDESERVICE
getUserRewards ---> TOURGUIDESERVICE
getUserRewards ---> TOURGUIDESERVICE
getUserRewards ---> TOURGUIDESERVICE
getUserRewards ---> TOURGUIDESERVICE
getUserRewards ---> TOURGUIDESERVICE
getUserRewards ---> TOURGUIDESERVICE
getUserRewards ---> TOURGUIDESERVICE
getUserRewards ---> TOURGUIDESERVICE
getUserRewards ---> TOURGUIDESERVICE
getUserRewards ---> TOURGUIDESERVICE
getUserRewards ---> TOURGUIDESERVICE
getUserRewards ---> TOURGUIDESERVICE
getUserRewards ---> TOURGUIDESERVICE
getUserRewards ---> TOURGUIDESERVICE
getUserRewards ---> TOURGUIDESERVICE
getUserRewards ---> TOURGUIDESERVICE
getUserRewards ---> TOURGUIDESERVICE
getUserRewards ---> TOURGUIDESERVICE
getUserRewards ---> TOURGUIDESERVICE
getUserRewards ---> TOURGUIDESERVICE
getUserRewards ---> TOURGUIDESERVICE
getUserRewards ---> TOURGUIDESERVICE
getUserRewards ---> TOURGUIDESERVICE
getUserRewards ---> TOURGUIDESERVICE
getUserRewards ---> TOURGUIDESERVICE
getUserRewards ---> TOURGUIDESERVICE
getUserRewards ---> TOURGUIDESERVICE
getUserRewards ---> TOURGUIDESERVICE
getUserRewards ---> TOURGUIDESERVICE
getUserRewards ---> TOURGUIDESERVICE
getUserRewards ---> TOURGUIDESERVICE
getUserRewards ---> TOURGUIDESERVICE
getUserRewards ---> TOURGUIDESERVICE
getUserRewards ---> TOURGUIDESERVICE
getUserRewards ---> TOURGUIDESERVICE
getUserRewards ---> TOURGUIDESERVICE
getUserRewards ---> TOURGUIDESERVICE
getUserRewards ---> TOURGUIDESERVICE
getUserRewards ---> TOURGUIDESERVICE
getUserRewards ---> TOURGUIDESERVICE
getUserRewards ---> TOURGUIDESERVICE
getUserRewards ---> TOURGUIDESERVICE
getUserRewards ---> TOURGUIDESERVICE
getUserRewards ---> TOURGUIDESERVICE
getUserRewards ---> TOURGUIDESERVICE
getUserRewards ---> TOURGUIDESERVICE
getUserRewards ---> TOURGUIDESERVICE
getUserRewards ---> TOURGUIDESERVICE
getUserRewards ---> TOURGUIDESERVICE
getUserRewards ---> TOURGUIDESERVICE
getUserRewards ---> TOURGUIDESERVICE
getUserRewards ---> TOURGUIDESERVICE
getUserRewards ---> TOURGUIDESERVICE
getUserRewards ---> TOURGUIDESERVICE
getUserRewards ---> TOURGUIDESERVICE
getUserRewards ---> TOURGUIDESERVICE
getUserRewards ---> TOURGUIDESERVICE
getUserRewards ---> TOURGUIDESERVICE
getUserRewards ---> TOURGUIDESERVICE
getUserRewards ---> TOURGUIDESERVICE
getUserRewards ---> TOURGUIDESERVICE
getUserRewards ---> TOURGUIDESERVICE
getUserRewards ---> TOURGUIDESERVICE
getUserRewards ---> TOURGUIDESERVICE
getUserRewards ---> TOURGUIDESERVICE
getUserRewards ---> TOURGUIDESERVICE
getUserRewards ---> TOURGUIDESERVICE
getUserRewards ---> TOURGUIDESERVICE
getUserRewards ---> TOURGUIDESERVICE
getUserRewards ---> TOURGUIDESERVICE
getUserRewards ---> TOURGUIDESERVICE
getUserRewards ---> TOURGUIDESERVICE
getUserRewards ---> TOURGUIDESERVICE
getUserRewards ---> TOURGUIDESERVICE
getUserRewards ---> TOURGUIDESERVICE
getUserRewards ---> TOURGUIDESERVICE
getUserRewards ---> TOURGUIDESERVICE
getUserRewards ---> TOURGUIDESERVICE
getUserRewards ---> TOURGUIDESERVICE
getUserRewards ---> TOURGUIDESERVICE
getUserRewards ---> TOURGUIDESERVICE
getUserRewards ---> TOURGUIDESERVICE
getUserRewards ---> TOURGUIDESERVICE
getUserRewards ---> TOURGUIDESERVICE
getUserRewards ---> TOURGUIDESERVICE
getUserRewards ---> TOURGUIDESERVICE
getUserRewards ---> TOURGUIDESERVICE
getUserRewards ---> TOURGUIDESERVICE
getUserRewards ---> TOURGUIDESERVICE
getUserRewards ---> TOURGUIDESERVICE
getUserRewards ---> TOURGUIDESERVICE
getUserRewards ---> TOURGUIDESERVICE
getUserRewards ---> TOURGUIDESERVICE
getUserRewards ---> TOURGUIDESERVICE
getUserRewards ---> TOURGUIDESERVICE
getUserRewards ---> TOURGUIDESERVICE
getUserRewards ---> TOURGUIDESERVICE
getUserRewards ---> TOURGUIDESERVICE
getUserRewards ---> TOURGUIDESERVICE
getUserRewards ---> TOURGUIDESERVICE
getUserRewards ---> TOURGUIDESERVICE
getUserRewards ---> TOURGUIDESERVICE
getUserRewards ---> TOURGUIDESERVICE
getUserRewards ---> TOURGUIDESERVICE
getUserRewards ---> TOURGUIDESERVICE
getUserRewards ---> TOURGUIDESERVICE
getUserRewards ---> TOURGUIDESERVICE
getUserRewards ---> TOURGUIDESERVICE
getUserRewards ---> TOURGUIDESERVICE
getUserRewards ---> TOURGUIDESERVICE
getUserRewards ---> TOURGUIDESERVICE
getUserRewards ---> TOURGUIDESERVICE
getUserRewards ---> TOURGUIDESERVICE
getUserRewards ---> TOURGUIDESERVICE
getUserRewards ---> TOURGUIDESERVICE
getUserRewards ---> TOURGUIDESERVICE
getUserRewards ---> TOURGUIDESERVICE
getUserRewards ---> TOURGUIDESERVICE
getUserRewards ---> TOURGUIDESERVICE
getUserRewards ---> TOURGUIDESERVICE
getUserRewards ---> TOURGUIDESERVICE
getUserRewards ---> TOURGUIDESERVICE
getUserRewards ---> TOURGUIDESERVICE
getUserRewards ---> TOURGUIDESERVICE
getUserRewards ---> TOURGUIDESERVICE
getUserRewards ---> TOURGUIDESERVICE
getUserRewards ---> TOURGUIDESERVICE
getUserRewards ---> TOURGUIDESERVICE
getUserRewards ---> TOURGUIDESERVICE
getUserRewards ---> TOURGUIDESERVICE
getUserRewards ---> TOURGUIDESERVICE
getUserRewards ---> TOURGUIDESERVICE
getUserRewards ---> TOURGUIDESERVICE
getUserRewards ---> TOURGUIDESERVICE
getUserRewards ---> TOURGUIDESERVICE
getUserRewards ---> TOURGUIDESERVICE
getUserRewards ---> TOURGUIDESERVICE
getUserRewards ---> TOURGUIDESERVICE
getUserRewards ---> TOURGUIDESERVICE
getUserRewards ---> TOURGUIDESERVICE
getUserRewards ---> TOURGUIDESERVICE
getUserRewards ---> TOURGUIDESERVICE
getUserRewards ---> TOURGUIDESERVICE
getUserRewards ---> TOURGUIDESERVICE
getUserRewards ---> TOURGUIDESERVICE
getUserRewards ---> TOURGUIDESERVICE
getUserRewards ---> TOURGUIDESERVICE
getUserRewards ---> TOURGUIDESERVICE
getUserRewards ---> TOURGUIDESERVICE
getUserRewards ---> TOURGUIDESERVICE
getUserRewards ---> TOURGUIDESERVICE
getUserRewards ---> TOURGUIDESERVICE
getUserRewards ---> TOURGUIDESERVICE
getUserRewards ---> TOURGUIDESERVICE
getUserRewards ---> TOURGUIDESERVICE
getUserRewards ---> TOURGUIDESERVICE
getUserRewards ---> TOURGUIDESERVICE
getUserRewards ---> TOURGUIDESERVICE
getUserRewards ---> TOURGUIDESERVICE
getUserRewards ---> TOURGUIDESERVICE
getUserRewards ---> TOURGUIDESERVICE
getUserRewards ---> TOURGUIDESERVICE
getUserRewards ---> TOURGUIDESERVICE
getUserRewards ---> TOURGUIDESERVICE
getUserRewards ---> TOURGUIDESERVICE
getUserRewards ---> TOURGUIDESERVICE
getUserRewards ---> TOURGUIDESERVICE
getUserRewards ---> TOURGUIDESERVICE
getUserRewards ---> TOURGUIDESERVICE
getUserRewards ---> TOURGUIDESERVICE
getUserRewards ---> TOURGUIDESERVICE
getUserRewards ---> TOURGUIDESERVICE
getUserRewards ---> TOURGUIDESERVICE
getUserRewards ---> TOURGUIDESERVICE
getUserRewards ---> TOURGUIDESERVICE
getUserRewards ---> TOURGUIDESERVICE
getUserRewards ---> TOURGUIDESERVICE
getUserRewards ---> TOURGUIDESERVICE
getUserRewards ---> TOURGUIDESERVICE
getUserRewards ---> TOURGUIDESERVICE
getUserRewards ---> TOURGUIDESERVICE
getUserRewards ---> TOURGUIDESERVICE
getUserRewards ---> TOURGUIDESERVICE
getUserRewards ---> TOURGUIDESERVICE
getUserRewards ---> TOURGUIDESERVICE
getUserRewards ---> TOURGUIDESERVICE
getUserRewards ---> TOURGUIDESERVICE
getUserRewards ---> TOURGUIDESERVICE
getUserRewards ---> TOURGUIDESERVICE
getUserRewards ---> TOURGUIDESERVICE
getUserRewards ---> TOURGUIDESERVICE
getUserRewards ---> TOURGUIDESERVICE
getUserRewards ---> TOURGUIDESERVICE
getUserRewards ---> TOURGUIDESERVICE
getUserRewards ---> TOURGUIDESERVICE
getUserRewards ---> TOURGUIDESERVICE
getUserRewards ---> TOURGUIDESERVICE
getUserRewards ---> TOURGUIDESERVICE
getUserRewards ---> TOURGUIDESERVICE
getUserRewards ---> TOURGUIDESERVICE
getUserRewards ---> TOURGUIDESERVICE
getUserRewards ---> TOURGUIDESERVICE
getUserRewards ---> TOURGUIDESERVICE
getUserRewards ---> TOURGUIDESERVICE
getUserRewards ---> TOURGUIDESERVICE
getUserRewards ---> TOURGUIDESERVICE
getUserRewards ---> TOURGUIDESERVICE
getUserRewards ---> TOURGUIDESERVICE
getUserRewards ---> TOURGUIDESERVICE
getUserRewards ---> TOURGUIDESERVICE
getUserRewards ---> TOURGUIDESERVICE
getUserRewards ---> TOURGUIDESERVICE
getUserRewards ---> TOURGUIDESERVICE
getUserRewards ---> TOURGUIDESERVICE
getUserRewards ---> TOURGUIDESERVICE
getUserRewards ---> TOURGUIDESERVICE
getUserRewards ---> TOURGUIDESERVICE
getUserRewards ---> TOURGUIDESERVICE
getUserRewards ---> TOURGUIDESERVICE
getUserRewards ---> TOURGUIDESERVICE
getUserRewards ---> TOURGUIDESERVICE
getUserRewards ---> TOURGUIDESERVICE
getUserRewards ---> TOURGUIDESERVICE
getUserRewards ---> TOURGUIDESERVICE
getUserRewards ---> TOURGUIDESERVICE
getUserRewards ---> TOURGUIDESERVICE
getUserRewards ---> TOURGUIDESERVICE
getUserRewards ---> TOURGUIDESERVICE
getUserRewards ---> TOURGUIDESERVICE
getUserRewards ---> TOURGUIDESERVICE
getUserRewards ---> TOURGUIDESERVICE
getUserRewards ---> TOURGUIDESERVICE
getUserRewards ---> TOURGUIDESERVICE
getUserRewards ---> TOURGUIDESERVICE
getUserRewards ---> TOURGUIDESERVICE
getUserRewards ---> TOURGUIDESERVICE
getUserRewards ---> TOURGUIDESERVICE
getUserRewards ---> TOURGUIDESERVICE
getUserRewards ---> TOURGUIDESERVICE
getUserRewards ---> TOURGUIDESERVICE
getUserRewards ---> TOURGUIDESERVICE
getUserRewards ---> TOURGUIDESERVICE
getUserRewards ---> TOURGUIDESERVICE
getUserRewards ---> TOURGUIDESERVICE
getUserRewards ---> TOURGUIDESERVICE
getUserRewards ---> TOURGUIDESERVICE
getUserRewards ---> TOURGUIDESERVICE
getUserRewards ---> TOURGUIDESERVICE
getUserRewards ---> TOURGUIDESERVICE
getUserRewards ---> TOURGUIDESERVICE
getUserRewards ---> TOURGUIDESERVICE
getUserRewards ---> TOURGUIDESERVICE
getUserRewards ---> TOURGUIDESERVICE
getUserRewards ---> TOURGUIDESERVICE
getUserRewards ---> TOURGUIDESERVICE
getUserRewards ---> TOURGUIDESERVICE
getUserRewards ---> TOURGUIDESERVICE
getUserRewards ---> TOURGUIDESERVICE
getUserRewards ---> TOURGUIDESERVICE
getUserRewards ---> TOURGUIDESERVICE
getUserRewards ---> TOURGUIDESERVICE
getUserRewards ---> TOURGUIDESERVICE
getUserRewards ---> TOURGUIDESERVICE
getUserRewards ---> TOURGUIDESERVICE
getUserRewards ---> TOURGUIDESERVICE
getUserRewards ---> TOURGUIDESERVICE
getUserRewards ---> TOURGUIDESERVICE
getUserRewards ---> TOURGUIDESERVICE
getUserRewards ---> TOURGUIDESERVICE
getUserRewards ---> TOURGUIDESERVICE
getUserRewards ---> TOURGUIDESERVICE
getUserRewards ---> TOURGUIDESERVICE
getUserRewards ---> TOURGUIDESERVICE
getUserRewards ---> TOURGUIDESERVICE
getUserRewards ---> TOURGUIDESERVICE
getUserRewards ---> TOURGUIDESERVICE
getUserRewards ---> TOURGUIDESERVICE
getUserRewards ---> TOURGUIDESERVICE
getUserRewards ---> TOURGUIDESERVICE
getUserRewards ---> TOURGUIDESERVICE
getUserRewards ---> TOURGUIDESERVICE
getUserRewards ---> TOURGUIDESERVICE
getUserRewards ---> TOURGUIDESERVICE
getUserRewards ---> TOURGUIDESERVICE
getUserRewards ---> TOURGUIDESERVICE
getUserRewards ---> TOURGUIDESERVICE
getUserRewards ---> TOURGUIDESERVICE
getUserRewards ---> TOURGUIDESERVICE
getUserRewards ---> TOURGUIDESERVICE
getUserRewards ---> TOURGUIDESERVICE
getUserRewards ---> TOURGUIDESERVICE
getUserRewards ---> TOURGUIDESERVICE
getUserRewards ---> TOURGUIDESERVICE
getUserRewards ---> TOURGUIDESERVICE
getUserRewards ---> TOURGUIDESERVICE
getUserRewards ---> TOURGUIDESERVICE
getUserRewards ---> TOURGUIDESERVICE
getUserRewards ---> TOURGUIDESERVICE
getUserRewards ---> TOURGUIDESERVICE
getUserRewards ---> TOURGUIDESERVICE
getUserRewards ---> TOURGUIDESERVICE
getUserRewards ---> TOURGUIDESERVICE
getUserRewards ---> TOURGUIDESERVICE
getUserRewards ---> TOURGUIDESERVICE
getUserRewards ---> TOURGUIDESERVICE
getUserRewards ---> TOURGUIDESERVICE
getUserRewards ---> TOURGUIDESERVICE
getUserRewards ---> TOURGUIDESERVICE
getUserRewards ---> TOURGUIDESERVICE
getUserRewards ---> TOURGUIDESERVICE
getUserRewards ---> TOURGUIDESERVICE
getUserRewards ---> TOURGUIDESERVICE
getUserRewards ---> TOURGUIDESERVICE
getUserRewards ---> TOURGUIDESERVICE
getUserRewards ---> TOURGUIDESERVICE
getUserRewards ---> TOURGUIDESERVICE
getUserRewards ---> TOURGUIDESERVICE
getUserRewards ---> TOURGUIDESERVICE
getUserRewards ---> TOURGUIDESERVICE
getUserRewards ---> TOURGUIDESERVICE
getUserRewards ---> TOURGUIDESERVICE
getUserRewards ---> TOURGUIDESERVICE
getUserRewards ---> TOURGUIDESERVICE
getUserRewards ---> TOURGUIDESERVICE
getUserRewards ---> TOURGUIDESERVICE
getUserRewards ---> TOURGUIDESERVICE
getUserRewards ---> TOURGUIDESERVICE
getUserRewards ---> TOURGUIDESERVICE
getUserRewards ---> TOURGUIDESERVICE
getUserRewards ---> TOURGUIDESERVICE
getUserRewards ---> TOURGUIDESERVICE
getUserRewards ---> TOURGUIDESERVICE
getUserRewards ---> TOURGUIDESERVICE
getUserRewards ---> TOURGUIDESERVICE
getUserRewards ---> TOURGUIDESERVICE
getUserRewards ---> TOURGUIDESERVICE
getUserRewards ---> TOURGUIDESERVICE
getUserRewards ---> TOURGUIDESERVICE
getUserRewards ---> TOURGUIDESERVICE
getUserRewards ---> TOURGUIDESERVICE
getUserRewards ---> TOURGUIDESERVICE
getUserRewards ---> TOURGUIDESERVICE
getUserRewards ---> TOURGUIDESERVICE
getUserRewards ---> TOURGUIDESERVICE
getUserRewards ---> TOURGUIDESERVICE
getUserRewards ---> TOURGUIDESERVICE
getUserRewards ---> TOURGUIDESERVICE
getUserRewards ---> TOURGUIDESERVICE
getUserRewards ---> TOURGUIDESERVICE
getUserRewards ---> TOURGUIDESERVICE
getUserRewards ---> TOURGUIDESERVICE
getUserRewards ---> TOURGUIDESERVICE
getUserRewards ---> TOURGUIDESERVICE
getUserRewards ---> TOURGUIDESERVICE
getUserRewards ---> TOURGUIDESERVICE
getUserRewards ---> TOURGUIDESERVICE
getUserRewards ---> TOURGUIDESERVICE
getUserRewards ---> TOURGUIDESERVICE
getUserRewards ---> TOURGUIDESERVICE
getUserRewards ---> TOURGUIDESERVICE
getUserRewards ---> TOURGUIDESERVICE
getUserRewards ---> TOURGUIDESERVICE
getUserRewards ---> TOURGUIDESERVICE
getUserRewards ---> TOURGUIDESERVICE
getUserRewards ---> TOURGUIDESERVICE
getUserRewards ---> TOURGUIDESERVICE
getUserRewards ---> TOURGUIDESERVICE
getUserRewards ---> TOURGUIDESERVICE
getUserRewards ---> TOURGUIDESERVICE
getUserRewards ---> TOURGUIDESERVICE
getUserRewards ---> TOURGUIDESERVICE
getUserRewards ---> TOURGUIDESERVICE
getUserRewards ---> TOURGUIDESERVICE
getUserRewards ---> TOURGUIDESERVICE
getUserRewards ---> TOURGUIDESERVICE
getUserRewards ---> TOURGUIDESERVICE
getUserRewards ---> TOURGUIDESERVICE
getUserRewards ---> TOURGUIDESERVICE
getUserRewards ---> TOURGUIDESERVICE
getUserRewards ---> TOURGUIDESERVICE
getUserRewards ---> TOURGUIDESERVICE
getUserRewards ---> TOURGUIDESERVICE
getUserRewards ---> TOURGUIDESERVICE
getUserRewards ---> TOURGUIDESERVICE
getUserRewards ---> TOURGUIDESERVICE
getUserRewards ---> TOURGUIDESERVICE
getUserRewards ---> TOURGUIDESERVICE
getUserRewards ---> TOURGUIDESERVICE
getUserRewards ---> TOURGUIDESERVICE
getUserRewards ---> TOURGUIDESERVICE
getUserRewards ---> TOURGUIDESERVICE
getUserRewards ---> TOURGUIDESERVICE
getUserRewards ---> TOURGUIDESERVICE
getUserRewards ---> TOURGUIDESERVICE
getUserRewards ---> TOURGUIDESERVICE
getUserRewards ---> TOURGUIDESERVICE
getUserRewards ---> TOURGUIDESERVICE
getUserRewards ---> TOURGUIDESERVICE
getUserRewards ---> TOURGUIDESERVICE
getUserRewards ---> TOURGUIDESERVICE
getUserRewards ---> TOURGUIDESERVICE
getUserRewards ---> TOURGUIDESERVICE
getUserRewards ---> TOURGUIDESERVICE
getUserRewards ---> TOURGUIDESERVICE
getUserRewards ---> TOURGUIDESERVICE
getUserRewards ---> TOURGUIDESERVICE
getUserRewards ---> TOURGUIDESERVICE
getUserRewards ---> TOURGUIDESERVICE
getUserRewards ---> TOURGUIDESERVICE
getUserRewards ---> TOURGUIDESERVICE
getUserRewards ---> TOURGUIDESERVICE
getUserRewards ---> TOURGUIDESERVICE
getUserRewards ---> TOURGUIDESERVICE
getUserRewards ---> TOURGUIDESERVICE
getUserRewards ---> TOURGUIDESERVICE
getUserRewards ---> TOURGUIDESERVICE
getUserRewards ---> TOURGUIDESERVICE
getUserRewards ---> TOURGUIDESERVICE
getUserRewards ---> TOURGUIDESERVICE
getUserRewards ---> TOURGUIDESERVICE
getUserRewards ---> TOURGUIDESERVICE
getUserRewards ---> TOURGUIDESERVICE
getUserRewards ---> TOURGUIDESERVICE
getUserRewards ---> TOURGUIDESERVICE
getUserRewards ---> TOURGUIDESERVICE
getUserRewards ---> TOURGUIDESERVICE
getUserRewards ---> TOURGUIDESERVICE
getUserRewards ---> TOURGUIDESERVICE
getUserRewards ---> TOURGUIDESERVICE
getUserRewards ---> TOURGUIDESERVICE
getUserRewards ---> TOURGUIDESERVICE
getUserRewards ---> TOURGUIDESERVICE
getUserRewards ---> TOURGUIDESERVICE
getUserRewards ---> TOURGUIDESERVICE
getUserRewards ---> TOURGUIDESERVICE
getUserRewards ---> TOURGUIDESERVICE
getUserRewards ---> TOURGUIDESERVICE
getUserRewards ---> TOURGUIDESERVICE
getUserRewards ---> TOURGUIDESERVICE
getUserRewards ---> TOURGUIDESERVICE
getUserRewards ---> TOURGUIDESERVICE
getUserRewards ---> TOURGUIDESERVICE
getUserRewards ---> TOURGUIDESERVICE
getUserRewards ---> TOURGUIDESERVICE
getUserRewards ---> TOURGUIDESERVICE
getUserRewards ---> TOURGUIDESERVICE
getUserRewards ---> TOURGUIDESERVICE
getUserRewards ---> TOURGUIDESERVICE
getUserRewards ---> TOURGUIDESERVICE
getUserRewards ---> TOURGUIDESERVICE
getUserRewards ---> TOURGUIDESERVICE
getUserRewards ---> TOURGUIDESERVICE
getUserRewards ---> TOURGUIDESERVICE
getUserRewards ---> TOURGUIDESERVICE
getUserRewards ---> TOURGUIDESERVICE
getUserRewards ---> TOURGUIDESERVICE
getUserRewards ---> TOURGUIDESERVICE
getUserRewards ---> TOURGUIDESERVICE
getUserRewards ---> TOURGUIDESERVICE
getUserRewards ---> TOURGUIDESERVICE
getUserRewards ---> TOURGUIDESERVICE
getUserRewards ---> TOURGUIDESERVICE
getUserRewards ---> TOURGUIDESERVICE
getUserRewards ---> TOURGUIDESERVICE
getUserRewards ---> TOURGUIDESERVICE
getUserRewards ---> TOURGUIDESERVICE
getUserRewards ---> TOURGUIDESERVICE
getUserRewards ---> TOURGUIDESERVICE
getUserRewards ---> TOURGUIDESERVICE
getUserRewards ---> TOURGUIDESERVICE
getUserRewards ---> TOURGUIDESERVICE
getUserRewards ---> TOURGUIDESERVICE
getUserRewards ---> TOURGUIDESERVICE
getUserRewards ---> TOURGUIDESERVICE
getUserRewards ---> TOURGUIDESERVICE
getUserRewards ---> TOURGUIDESERVICE
getUserRewards ---> TOURGUIDESERVICE
getUserRewards ---> TOURGUIDESERVICE
getUserRewards ---> TOURGUIDESERVICE
getUserRewards ---> TOURGUIDESERVICE
getUserRewards ---> TOURGUIDESERVICE
getUserRewards ---> TOURGUIDESERVICE
getUserRewards ---> TOURGUIDESERVICE
getUserRewards ---> TOURGUIDESERVICE
getUserRewards ---> TOURGUIDESERVICE
getUserRewards ---> TOURGUIDESERVICE
getUserRewards ---> TOURGUIDESERVICE
getUserRewards ---> TOURGUIDESERVICE
getUserRewards ---> TOURGUIDESERVICE
getUserRewards ---> TOURGUIDESERVICE
getUserRewards ---> TOURGUIDESERVICE
getUserRewards ---> TOURGUIDESERVICE
getUserRewards ---> TOURGUIDESERVICE
getUserRewards ---> TOURGUIDESERVICE
getUserRewards ---> TOURGUIDESERVICE
getUserRewards ---> TOURGUIDESERVICE
getUserRewards ---> TOURGUIDESERVICE
getUserRewards ---> TOURGUIDESERVICE
getUserRewards ---> TOURGUIDESERVICE
getUserRewards ---> TOURGUIDESERVICE
getUserRewards ---> TOURGUIDESERVICE
getUserRewards ---> TOURGUIDESERVICE
getUserRewards ---> TOURGUIDESERVICE
getUserRewards ---> TOURGUIDESERVICE
getUserRewards ---> TOURGUIDESERVICE
getUserRewards ---> TOURGUIDESERVICE
getUserRewards ---> TOURGUIDESERVICE
getUserRewards ---> TOURGUIDESERVICE
getUserRewards ---> TOURGUIDESERVICE
getUserRewards ---> TOURGUIDESERVICE
getUserRewards ---> TOURGUIDESERVICE
getUserRewards ---> TOURGUIDESERVICE
getUserRewards ---> TOURGUIDESERVICE
getUserRewards ---> TOURGUIDESERVICE
getUserRewards ---> TOURGUIDESERVICE
getUserRewards ---> TOURGUIDESERVICE
getUserRewards ---> TOURGUIDESERVICE
getUserRewards ---> TOURGUIDESERVICE
getUserRewards ---> TOURGUIDESERVICE
getUserRewards ---> TOURGUIDESERVICE
getUserRewards ---> TOURGUIDESERVICE
getUserRewards ---> TOURGUIDESERVICE
getUserRewards ---> TOURGUIDESERVICE
getUserRewards ---> TOURGUIDESERVICE
getUserRewards ---> TOURGUIDESERVICE
getUserRewards ---> TOURGUIDESERVICE
getUserRewards ---> TOURGUIDESERVICE
getUserRewards ---> TOURGUIDESERVICE
getUserRewards ---> TOURGUIDESERVICE
getUserRewards ---> TOURGUIDESERVICE
getUserRewards ---> TOURGUIDESERVICE
getUserRewards ---> TOURGUIDESERVICE
getUserRewards ---> TOURGUIDESERVICE
getUserRewards ---> TOURGUIDESERVICE
getUserRewards ---> TOURGUIDESERVICE
getUserRewards ---> TOURGUIDESERVICE
getUserRewards ---> TOURGUIDESERVICE
getUserRewards ---> TOURGUIDESERVICE
getUserRewards ---> TOURGUIDESERVICE
getUserRewards ---> TOURGUIDESERVICE
getUserRewards ---> TOURGUIDESERVICE
getUserRewards ---> TOURGUIDESERVICE
getUserRewards ---> TOURGUIDESERVICE
getUserRewards ---> TOURGUIDESERVICE
getUserRewards ---> TOURGUIDESERVICE
getUserRewards ---> TOURGUIDESERVICE
getUserRewards ---> TOURGUIDESERVICE
getUserRewards ---> TOURGUIDESERVICE
getUserRewards ---> TOURGUIDESERVICE
getUserRewards ---> TOURGUIDESERVICE
getUserRewards ---> TOURGUIDESERVICE
getUserRewards ---> TOURGUIDESERVICE
getUserRewards ---> TOURGUIDESERVICE
getUserRewards ---> TOURGUIDESERVICE
getUserRewards ---> TOURGUIDESERVICE
getUserRewards ---> TOURGUIDESERVICE
getUserRewards ---> TOURGUIDESERVICE
getUserRewards ---> TOURGUIDESERVICE
getUserRewards ---> TOURGUIDESERVICE
getUserRewards ---> TOURGUIDESERVICE
getUserRewards ---> TOURGUIDESERVICE
getUserRewards ---> TOURGUIDESERVICE
getUserRewards ---> TOURGUIDESERVICE
getUserRewards ---> TOURGUIDESERVICE
getUserRewards ---> TOURGUIDESERVICE
getUserRewards ---> TOURGUIDESERVICE
getUserRewards ---> TOURGUIDESERVICE
getUserRewards ---> TOURGUIDESERVICE
getUserRewards ---> TOURGUIDESERVICE
getUserRewards ---> TOURGUIDESERVICE
getUserRewards ---> TOURGUIDESERVICE
getUserRewards ---> TOURGUIDESERVICE
getUserRewards ---> TOURGUIDESERVICE
getUserRewards ---> TOURGUIDESERVICE
getUserRewards ---> TOURGUIDESERVICE
getUserRewards ---> TOURGUIDESERVICE
getUserRewards ---> TOURGUIDESERVICE
getUserRewards ---> TOURGUIDESERVICE
getUserRewards ---> TOURGUIDESERVICE
getUserRewards ---> TOURGUIDESERVICE
getUserRewards ---> TOURGUIDESERVICE
getUserRewards ---> TOURGUIDESERVICE
getUserRewards ---> TOURGUIDESERVICE
getUserRewards ---> TOURGUIDESERVICE
getUserRewards ---> TOURGUIDESERVICE
getUserRewards ---> TOURGUIDESERVICE
getUserRewards ---> TOURGUIDESERVICE
getUserRewards ---> TOURGUIDESERVICE
getUserRewards ---> TOURGUIDESERVICE
getUserRewards ---> TOURGUIDESERVICE
getUserRewards ---> TOURGUIDESERVICE
getUserRewards ---> TOURGUIDESERVICE
getUserRewards ---> TOURGUIDESERVICE
getUserRewards ---> TOURGUIDESERVICE
getUserRewards ---> TOURGUIDESERVICE
getUserRewards ---> TOURGUIDESERVICE
getUserRewards ---> TOURGUIDESERVICE
getUserRewards ---> TOURGUIDESERVICE
getUserRewards ---> TOURGUIDESERVICE
getUserRewards ---> TOURGUIDESERVICE
getUserRewards ---> TOURGUIDESERVICE
getUserRewards ---> TOURGUIDESERVICE
getUserRewards ---> TOURGUIDESERVICE
getUserRewards ---> TOURGUIDESERVICE
getUserRewards ---> TOURGUIDESERVICE
getUserRewards ---> TOURGUIDESERVICE
getUserRewards ---> TOURGUIDESERVICE
getUserRewards ---> TOURGUIDESERVICE
getUserRewards ---> TOURGUIDESERVICE
getUserRewards ---> TOURGUIDESERVICE
getUserRewards ---> TOURGUIDESERVICE
getUserRewards ---> TOURGUIDESERVICE
getUserRewards ---> TOURGUIDESERVICE
getUserRewards ---> TOURGUIDESERVICE
getUserRewards ---> TOURGUIDESERVICE
getUserRewards ---> TOURGUIDESERVICE
getUserRewards ---> TOURGUIDESERVICE
getUserRewards ---> TOURGUIDESERVICE
getUserRewards ---> TOURGUIDESERVICE
getUserRewards ---> TOURGUIDESERVICE
getUserRewards ---> TOURGUIDESERVICE
getUserRewards ---> TOURGUIDESERVICE
getUserRewards ---> TOURGUIDESERVICE
getUserRewards ---> TOURGUIDESERVICE
getUserRewards ---> TOURGUIDESERVICE
getUserRewards ---> TOURGUIDESERVICE
getUserRewards ---> TOURGUIDESERVICE
getUserRewards ---> TOURGUIDESERVICE
getUserRewards ---> TOURGUIDESERVICE
getUserRewards ---> TOURGUIDESERVICE
getUserRewards ---> TOURGUIDESERVICE
getUserRewards ---> TOURGUIDESERVICE
getUserRewards ---> TOURGUIDESERVICE
getUserRewards ---> TOURGUIDESERVICE
getUserRewards ---> TOURGUIDESERVICE
getUserRewards ---> TOURGUIDESERVICE
getUserRewards ---> TOURGUIDESERVICE
getUserRewards ---> TOURGUIDESERVICE
getUserRewards ---> TOURGUIDESERVICE
getUserRewards ---> TOURGUIDESERVICE
getUserRewards ---> TOURGUIDESERVICE
getUserRewards ---> TOURGUIDESERVICE
getUserRewards ---> TOURGUIDESERVICE
getUserRewards ---> TOURGUIDESERVICE
getUserRewards ---> TOURGUIDESERVICE
getUserRewards ---> TOURGUIDESERVICE
getUserRewards ---> TOURGUIDESERVICE
getUserRewards ---> TOURGUIDESERVICE
getUserRewards ---> TOURGUIDESERVICE
getUserRewards ---> TOURGUIDESERVICE
getUserRewards ---> TOURGUIDESERVICE
getUserRewards ---> TOURGUIDESERVICE
getUserRewards ---> TOURGUIDESERVICE
getUserRewards ---> TOURGUIDESERVICE
getUserRewards ---> TOURGUIDESERVICE
getUserRewards ---> TOURGUIDESERVICE
getUserRewards ---> TOURGUIDESERVICE
getUserRewards ---> TOURGUIDESERVICE
getUserRewards ---> TOURGUIDESERVICE
getUserRewards ---> TOURGUIDESERVICE
getUserRewards ---> TOURGUIDESERVICE
getUserRewards ---> TOURGUIDESERVICE
getUserRewards ---> TOURGUIDESERVICE
getUserRewards ---> TOURGUIDESERVICE
getUserRewards ---> TOURGUIDESERVICE
getUserRewards ---> TOURGUIDESERVICE
getUserRewards ---> TOURGUIDESERVICE
getUserRewards ---> TOURGUIDESERVICE
getUserRewards ---> TOURGUIDESERVICE
getUserRewards ---> TOURGUIDESERVICE
getUserRewards ---> TOURGUIDESERVICE
getUserRewards ---> TOURGUIDESERVICE
getUserRewards ---> TOURGUIDESERVICE
getUserRewards ---> TOURGUIDESERVICE
getUserRewards ---> TOURGUIDESERVICE
getUserRewards ---> TOURGUIDESERVICE
getUserRewards ---> TOURGUIDESERVICE
getUserRewards ---> TOURGUIDESERVICE
getUserRewards ---> TOURGUIDESERVICE
getUserRewards ---> TOURGUIDESERVICE
getUserRewards ---> TOURGUIDESERVICE
getUserRewards ---> TOURGUIDESERVICE
getUserRewards ---> TOURGUIDESERVICE
getUserRewards ---> TOURGUIDESERVICE
getUserRewards ---> TOURGUIDESERVICE
getUserRewards ---> TOURGUIDESERVICE
getUserRewards ---> TOURGUIDESERVICE
getUserRewards ---> TOURGUIDESERVICE
getUserRewards ---> TOURGUIDESERVICE
getUserRewards ---> TOURGUIDESERVICE
getUserRewards ---> TOURGUIDESERVICE
getUserRewards ---> TOURGUIDESERVICE
getUserRewards ---> TOURGUIDESERVICE
getUserRewards ---> TOURGUIDESERVICE
getUserRewards ---> TOURGUIDESERVICE
getUserRewards ---> TOURGUIDESERVICE
getUserRewards ---> TOURGUIDESERVICE
getUserRewards ---> TOURGUIDESERVICE
getUserRewards ---> TOURGUIDESERVICE
getUserRewards ---> TOURGUIDESERVICE
getUserRewards ---> TOURGUIDESERVICE
getUserRewards ---> TOURGUIDESERVICE
getUserRewards ---> TOURGUIDESERVICE
getUserRewards ---> TOURGUIDESERVICE
getUserRewards ---> TOURGUIDESERVICE
getUserRewards ---> TOURGUIDESERVICE
getUserRewards ---> TOURGUIDESERVICE
getUserRewards ---> TOURGUIDESERVICE
getUserRewards ---> TOURGUIDESERVICE
getUserRewards ---> TOURGUIDESERVICE
getUserRewards ---> TOURGUIDESERVICE
getUserRewards ---> TOURGUIDESERVICE
getUserRewards ---> TOURGUIDESERVICE
getUserRewards ---> TOURGUIDESERVICE
getUserRewards ---> TOURGUIDESERVICE
getUserRewards ---> TOURGUIDESERVICE
getUserRewards ---> TOURGUIDESERVICE
getUserRewards ---> TOURGUIDESERVICE
getUserRewards ---> TOURGUIDESERVICE
getUserRewards ---> TOURGUIDESERVICE
getUserRewards ---> TOURGUIDESERVICE
getUserRewards ---> TOURGUIDESERVICE
getUserRewards ---> TOURGUIDESERVICE
getUserRewards ---> TOURGUIDESERVICE
getUserRewards ---> TOURGUIDESERVICE
getUserRewards ---> TOURGUIDESERVICE
getUserRewards ---> TOURGUIDESERVICE
getUserRewards ---> TOURGUIDESERVICE
getUserRewards ---> TOURGUIDESERVICE
getUserRewards ---> TOURGUIDESERVICE
getUserRewards ---> TOURGUIDESERVICE
getUserRewards ---> TOURGUIDESERVICE
getUserRewards ---> TOURGUIDESERVICE
getUserRewards ---> TOURGUIDESERVICE
getUserRewards ---> TOURGUIDESERVICE
getUserRewards ---> TOURGUIDESERVICE
getUserRewards ---> TOURGUIDESERVICE
getUserRewards ---> TOURGUIDESERVICE
getUserRewards ---> TOURGUIDESERVICE
getUserRewards ---> TOURGUIDESERVICE
getUserRewards ---> TOURGUIDESERVICE
getUserRewards ---> TOURGUIDESERVICE
getUserRewards ---> TOURGUIDESERVICE
getUserRewards ---> TOURGUIDESERVICE
getUserRewards ---> TOURGUIDESERVICE
getUserRewards ---> TOURGUIDESERVICE
getUserRewards ---> TOURGUIDESERVICE
getUserRewards ---> TOURGUIDESERVICE
getUserRewards ---> TOURGUIDESERVICE
getUserRewards ---> TOURGUIDESERVICE
getUserRewards ---> TOURGUIDESERVICE
getUserRewards ---> TOURGUIDESERVICE
getUserRewards ---> TOURGUIDESERVICE
getUserRewards ---> TOURGUIDESERVICE
getUserRewards ---> TOURGUIDESERVICE
getUserRewards ---> TOURGUIDESERVICE
getUserRewards ---> TOURGUIDESERVICE
getUserRewards ---> TOURGUIDESERVICE
getUserRewards ---> TOURGUIDESERVICE
getUserRewards ---> TOURGUIDESERVICE
getUserRewards ---> TOURGUIDESERVICE
getUserRewards ---> TOURGUIDESERVICE
getUserRewards ---> TOURGUIDESERVICE
getUserRewards ---> TOURGUIDESERVICE
getUserRewards ---> TOURGUIDESERVICE
getUserRewards ---> TOURGUIDESERVICE
getUserRewards ---> TOURGUIDESERVICE
getUserRewards ---> TOURGUIDESERVICE
getUserRewards ---> TOURGUIDESERVICE
getUserRewards ---> TOURGUIDESERVICE
getUserRewards ---> TOURGUIDESERVICE
getUserRewards ---> TOURGUIDESERVICE
getUserRewards ---> TOURGUIDESERVICE
getUserRewards ---> TOURGUIDESERVICE
getUserRewards ---> TOURGUIDESERVICE
getUserRewards ---> TOURGUIDESERVICE
getUserRewards ---> TOURGUIDESERVICE
getUserRewards ---> TOURGUIDESERVICE
getUserRewards ---> TOURGUIDESERVICE
getUserRewards ---> TOURGUIDESERVICE
getUserRewards ---> TOURGUIDESERVICE
getUserRewards ---> TOURGUIDESERVICE
getUserRewards ---> TOURGUIDESERVICE
getUserRewards ---> TOURGUIDESERVICE
getUserRewards ---> TOURGUIDESERVICE
getUserRewards ---> TOURGUIDESERVICE
getUserRewards ---> TOURGUIDESERVICE
getUserRewards ---> TOURGUIDESERVICE
getUserRewards ---> TOURGUIDESERVICE
getUserRewards ---> TOURGUIDESERVICE
getUserRewards ---> TOURGUIDESERVICE
getUserRewards ---> TOURGUIDESERVICE
getUserRewards ---> TOURGUIDESERVICE
getUserRewards ---> TOURGUIDESERVICE
getUserRewards ---> TOURGUIDESERVICE
getUserRewards ---> TOURGUIDESERVICE
getUserRewards ---> TOURGUIDESERVICE
getUserRewards ---> TOURGUIDESERVICE
getUserRewards ---> TOURGUIDESERVICE
getUserRewards ---> TOURGUIDESERVICE
getUserRewards ---> TOURGUIDESERVICE
getUserRewards ---> TOURGUIDESERVICE
getUserRewards ---> TOURGUIDESERVICE
getUserRewards ---> TOURGUIDESERVICE
getUserRewards ---> TOURGUIDESERVICE
getUserRewards ---> TOURGUIDESERVICE
getUserRewards ---> TOURGUIDESERVICE
getUserRewards ---> TOURGUIDESERVICE
getUserRewards ---> TOURGUIDESERVICE
getUserRewards ---> TOURGUIDESERVICE
getUserRewards ---> TOURGUIDESERVICE
getUserRewards ---> TOURGUIDESERVICE
getUserRewards ---> TOURGUIDESERVICE
getUserRewards ---> TOURGUIDESERVICE
getUserRewards ---> TOURGUIDESERVICE
getUserRewards ---> TOURGUIDESERVICE
getUserRewards ---> TOURGUIDESERVICE
getUserRewards ---> TOURGUIDESERVICE
getUserRewards ---> TOURGUIDESERVICE
getUserRewards ---> TOURGUIDESERVICE
getUserRewards ---> TOURGUIDESERVICE
getUserRewards ---> TOURGUIDESERVICE
getUserRewards ---> TOURGUIDESERVICE
getUserRewards ---> TOURGUIDESERVICE
getUserRewards ---> TOURGUIDESERVICE
getUserRewards ---> TOURGUIDESERVICE
getUserRewards ---> TOURGUIDESERVICE
getUserRewards ---> TOURGUIDESERVICE
getUserRewards ---> TOURGUIDESERVICE
getUserRewards ---> TOURGUIDESERVICE
getUserRewards ---> TOURGUIDESERVICE
getUserRewards ---> TOURGUIDESERVICE
getUserRewards ---> TOURGUIDESERVICE
getUserRewards ---> TOURGUIDESERVICE
getUserRewards ---> TOURGUIDESERVICE
getUserRewards ---> TOURGUIDESERVICE
getUserRewards ---> TOURGUIDESERVICE
getUserRewards ---> TOURGUIDESERVICE
getUserRewards ---> TOURGUIDESERVICE
getUserRewards ---> TOURGUIDESERVICE
getUserRewards ---> TOURGUIDESERVICE
getUserRewards ---> TOURGUIDESERVICE
getUserRewards ---> TOURGUIDESERVICE
getUserRewards ---> TOURGUIDESERVICE
getUserRewards ---> TOURGUIDESERVICE
getUserRewards ---> TOURGUIDESERVICE
getUserRewards ---> TOURGUIDESERVICE
getUserRewards ---> TOURGUIDESERVICE
getUserRewards ---> TOURGUIDESERVICE
getUserRewards ---> TOURGUIDESERVICE
getUserRewards ---> TOURGUIDESERVICE
getUserRewards ---> TOURGUIDESERVICE
getUserRewards ---> TOURGUIDESERVICE
getUserRewards ---> TOURGUIDESERVICE
getUserRewards ---> TOURGUIDESERVICE
getUserRewards ---> TOURGUIDESERVICE
getUserRewards ---> TOURGUIDESERVICE
getUserRewards ---> TOURGUIDESERVICE
getUserRewards ---> TOURGUIDESERVICE
getUserRewards ---> TOURGUIDESERVICE
getUserRewards ---> TOURGUIDESERVICE
getUserRewards ---> TOURGUIDESERVICE
getUserRewards ---> TOURGUIDESERVICE
getUserRewards ---> TOURGUIDESERVICE
getUserRewards ---> TOURGUIDESERVICE
getUserRewards ---> TOURGUIDESERVICE
getUserRewards ---> TOURGUIDESERVICE
getUserRewards ---> TOURGUIDESERVICE
getUserRewards ---> TOURGUIDESERVICE
getUserRewards ---> TOURGUIDESERVICE
getUserRewards ---> TOURGUIDESERVICE
getUserRewards ---> TOURGUIDESERVICE
getUserRewards ---> TOURGUIDESERVICE
getUserRewards ---> TOURGUIDESERVICE
getUserRewards ---> TOURGUIDESERVICE
getUserRewards ---> TOURGUIDESERVICE
getUserRewards ---> TOURGUIDESERVICE
getUserRewards ---> TOURGUIDESERVICE
getUserRewards ---> TOURGUIDESERVICE
getUserRewards ---> TOURGUIDESERVICE
getUserRewards ---> TOURGUIDESERVICE
getUserRewards ---> TOURGUIDESERVICE
getUserRewards ---> TOURGUIDESERVICE
getUserRewards ---> TOURGUIDESERVICE
getUserRewards ---> TOURGUIDESERVICE
getUserRewards ---> TOURGUIDESERVICE
getUserRewards ---> TOURGUIDESERVICE
getUserRewards ---> TOURGUIDESERVICE
getUserRewards ---> TOURGUIDESERVICE
getUserRewards ---> TOURGUIDESERVICE
getUserRewards ---> TOURGUIDESERVICE
getUserRewards ---> TOURGUIDESERVICE
getUserRewards ---> TOURGUIDESERVICE
getUserRewards ---> TOURGUIDESERVICE
getUserRewards ---> TOURGUIDESERVICE
getUserRewards ---> TOURGUIDESERVICE
getUserRewards ---> TOURGUIDESERVICE
getUserRewards ---> TOURGUIDESERVICE
getUserRewards ---> TOURGUIDESERVICE
getUserRewards ---> TOURGUIDESERVICE
getUserRewards ---> TOURGUIDESERVICE
getUserRewards ---> TOURGUIDESERVICE
getUserRewards ---> TOURGUIDESERVICE
getUserRewards ---> TOURGUIDESERVICE
getUserRewards ---> TOURGUIDESERVICE
getUserRewards ---> TOURGUIDESERVICE
getUserRewards ---> TOURGUIDESERVICE
getUserRewards ---> TOURGUIDESERVICE
getUserRewards ---> TOURGUIDESERVICE
getUserRewards ---> TOURGUIDESERVICE
getUserRewards ---> TOURGUIDESERVICE
getUserRewards ---> TOURGUIDESERVICE
getUserRewards ---> TOURGUIDESERVICE
getUserRewards ---> TOURGUIDESERVICE
getUserRewards ---> TOURGUIDESERVICE
getUserRewards ---> TOURGUIDESERVICE
getUserRewards ---> TOURGUIDESERVICE
getUserRewards ---> TOURGUIDESERVICE
getUserRewards ---> TOURGUIDESERVICE
getUserRewards ---> TOURGUIDESERVICE
getUserRewards ---> TOURGUIDESERVICE
getUserRewards ---> TOURGUIDESERVICE
getUserRewards ---> TOURGUIDESERVICE
getUserRewards ---> TOURGUIDESERVICE
getUserRewards ---> TOURGUIDESERVICE
getUserRewards ---> TOURGUIDESERVICE
getUserRewards ---> TOURGUIDESERVICE
getUserRewards ---> TOURGUIDESERVICE
getUserRewards ---> TOURGUIDESERVICE
getUserRewards ---> TOURGUIDESERVICE
getUserRewards ---> TOURGUIDESERVICE
getUserRewards ---> TOURGUIDESERVICE
getUserRewards ---> TOURGUIDESERVICE
getUserRewards ---> TOURGUIDESERVICE
getUserRewards ---> TOURGUIDESERVICE
getUserRewards ---> TOURGUIDESERVICE
getUserRewards ---> TOURGUIDESERVICE
getUserRewards ---> TOURGUIDESERVICE
getUserRewards ---> TOURGUIDESERVICE
getUserRewards ---> TOURGUIDESERVICE
getUserRewards ---> TOURGUIDESERVICE
getUserRewards ---> TOURGUIDESERVICE
getUserRewards ---> TOURGUIDESERVICE
getUserRewards ---> TOURGUIDESERVICE
getUserRewards ---> TOURGUIDESERVICE
getUserRewards ---> TOURGUIDESERVICE
getUserRewards ---> TOURGUIDESERVICE
getUserRewards ---> TOURGUIDESERVICE
getUserRewards ---> TOURGUIDESERVICE
getUserRewards ---> TOURGUIDESERVICE
getUserRewards ---> TOURGUIDESERVICE
getUserRewards ---> TOURGUIDESERVICE
getUserRewards ---> TOURGUIDESERVICE
getUserRewards ---> TOURGUIDESERVICE
getUserRewards ---> TOURGUIDESERVICE
getUserRewards ---> TOURGUIDESERVICE
getUserRewards ---> TOURGUIDESERVICE
getUserRewards ---> TOURGUIDESERVICE
getUserRewards ---> TOURGUIDESERVICE
getUserRewards ---> TOURGUIDESERVICE
getUserRewards ---> TOURGUIDESERVICE
getUserRewards ---> TOURGUIDESERVICE
getUserRewards ---> TOURGUIDESERVICE
getUserRewards ---> TOURGUIDESERVICE
getUserRewards ---> TOURGUIDESERVICE
getUserRewards ---> TOURGUIDESERVICE
getUserRewards ---> TOURGUIDESERVICE
getUserRewards ---> TOURGUIDESERVICE
getUserRewards ---> TOURGUIDESERVICE
getUserRewards ---> TOURGUIDESERVICE
getUserRewards ---> TOURGUIDESERVICE
getUserRewards ---> TOURGUIDESERVICE
getUserRewards ---> TOURGUIDESERVICE
getUserRewards ---> TOURGUIDESERVICE
getUserRewards ---> TOURGUIDESERVICE
getUserRewards ---> TOURGUIDESERVICE
getUserRewards ---> TOURGUIDESERVICE
getUserRewards ---> TOURGUIDESERVICE
getUserRewards ---> TOURGUIDESERVICE
getUserRewards ---> TOURGUIDESERVICE
getUserRewards ---> TOURGUIDESERVICE
getUserRewards ---> TOURGUIDESERVICE
getUserRewards ---> TOURGUIDESERVICE
getUserRewards ---> TOURGUIDESERVICE
getUserRewards ---> TOURGUIDESERVICE
getUserRewards ---> TOURGUIDESERVICE
getUserRewards ---> TOURGUIDESERVICE
getUserRewards ---> TOURGUIDESERVICE
getUserRewards ---> TOURGUIDESERVICE
getUserRewards ---> TOURGUIDESERVICE
getUserRewards ---> TOURGUIDESERVICE
getUserRewards ---> TOURGUIDESERVICE
getUserRewards ---> TOURGUIDESERVICE
getUserRewards ---> TOURGUIDESERVICE
getUserRewards ---> TOURGUIDESERVICE
getUserRewards ---> TOURGUIDESERVICE
getUserRewards ---> TOURGUIDESERVICE
getUserRewards ---> TOURGUIDESERVICE
getUserRewards ---> TOURGUIDESERVICE
getUserRewards ---> TOURGUIDESERVICE
getUserRewards ---> TOURGUIDESERVICE
getUserRewards ---> TOURGUIDESERVICE
getUserRewards ---> TOURGUIDESERVICE
getUserRewards ---> TOURGUIDESERVICE
getUserRewards ---> TOURGUIDESERVICE
getUserRewards ---> TOURGUIDESERVICE
getUserRewards ---> TOURGUIDESERVICE
getUserRewards ---> TOURGUIDESERVICE
getUserRewards ---> TOURGUIDESERVICE
getUserRewards ---> TOURGUIDESERVICE
getUserRewards ---> TOURGUIDESERVICE
getUserRewards ---> TOURGUIDESERVICE
getUserRewards ---> TOURGUIDESERVICE
getUserRewards ---> TOURGUIDESERVICE
getUserRewards ---> TOURGUIDESERVICE
getUserRewards ---> TOURGUIDESERVICE
getUserRewards ---> TOURGUIDESERVICE
getUserRewards ---> TOURGUIDESERVICE
getUserRewards ---> TOURGUIDESERVICE
getUserRewards ---> TOURGUIDESERVICE
getUserRewards ---> TOURGUIDESERVICE
getUserRewards ---> TOURGUIDESERVICE
getUserRewards ---> TOURGUIDESERVICE
getUserRewards ---> TOURGUIDESERVICE
getUserRewards ---> TOURGUIDESERVICE
getUserRewards ---> TOURGUIDESERVICE
getUserRewards ---> TOURGUIDESERVICE
getUserRewards ---> TOURGUIDESERVICE
getUserRewards ---> TOURGUIDESERVICE
getUserRewards ---> TOURGUIDESERVICE
getUserRewards ---> TOURGUIDESERVICE
getUserRewards ---> TOURGUIDESERVICE
getUserRewards ---> TOURGUIDESERVICE
getUserRewards ---> TOURGUIDESERVICE
getUserRewards ---> TOURGUIDESERVICE
getUserRewards ---> TOURGUIDESERVICE
getUserRewards ---> TOURGUIDESERVICE
getUserRewards ---> TOURGUIDESERVICE
getUserRewards ---> TOURGUIDESERVICE
getUserRewards ---> TOURGUIDESERVICE
getUserRewards ---> TOURGUIDESERVICE
getUserRewards ---> TOURGUIDESERVICE
getUserRewards ---> TOURGUIDESERVICE
getUserRewards ---> TOURGUIDESERVICE
getUserRewards ---> TOURGUIDESERVICE
getUserRewards ---> TOURGUIDESERVICE
getUserRewards ---> TOURGUIDESERVICE
getUserRewards ---> TOURGUIDESERVICE
getUserRewards ---> TOURGUIDESERVICE
getUserRewards ---> TOURGUIDESERVICE
getUserRewards ---> TOURGUIDESERVICE
getUserRewards ---> TOURGUIDESERVICE
getUserRewards ---> TOURGUIDESERVICE
getUserRewards ---> TOURGUIDESERVICE
getUserRewards ---> TOURGUIDESERVICE
getUserRewards ---> TOURGUIDESERVICE
getUserRewards ---> TOURGUIDESERVICE
getUserRewards ---> TOURGUIDESERVICE
getUserRewards ---> TOURGUIDESERVICE
getUserRewards ---> TOURGUIDESERVICE
getUserRewards ---> TOURGUIDESERVICE
getUserRewards ---> TOURGUIDESERVICE
getUserRewards ---> TOURGUIDESERVICE
getUserRewards ---> TOURGUIDESERVICE
getUserRewards ---> TOURGUIDESERVICE
getUserRewards ---> TOURGUIDESERVICE
getUserRewards ---> TOURGUIDESERVICE
getUserRewards ---> TOURGUIDESERVICE
getUserRewards ---> TOURGUIDESERVICE
getUserRewards ---> TOURGUIDESERVICE
getUserRewards ---> TOURGUIDESERVICE
getUserRewards ---> TOURGUIDESERVICE
getUserRewards ---> TOURGUIDESERVICE
getUserRewards ---> TOURGUIDESERVICE
getUserRewards ---> TOURGUIDESERVICE
getUserRewards ---> TOURGUIDESERVICE
getUserRewards ---> TOURGUIDESERVICE
getUserRewards ---> TOURGUIDESERVICE
getUserRewards ---> TOURGUIDESERVICE
getUserRewards ---> TOURGUIDESERVICE
getUserRewards ---> TOURGUIDESERVICE
getUserRewards ---> TOURGUIDESERVICE
getUserRewards ---> TOURGUIDESERVICE
getUserRewards ---> TOURGUIDESERVICE
getUserRewards ---> TOURGUIDESERVICE
getUserRewards ---> TOURGUIDESERVICE
getUserRewards ---> TOURGUIDESERVICE
getUserRewards ---> TOURGUIDESERVICE
getUserRewards ---> TOURGUIDESERVICE
getUserRewards ---> TOURGUIDESERVICE
getUserRewards ---> TOURGUIDESERVICE
getUserRewards ---> TOURGUIDESERVICE
getUserRewards ---> TOURGUIDESERVICE
getUserRewards ---> TOURGUIDESERVICE
getUserRewards ---> TOURGUIDESERVICE
getUserRewards ---> TOURGUIDESERVICE
getUserRewards ---> TOURGUIDESERVICE
getUserRewards ---> TOURGUIDESERVICE
getUserRewards ---> TOURGUIDESERVICE
getUserRewards ---> TOURGUIDESERVICE
getUserRewards ---> TOURGUIDESERVICE
getUserRewards ---> TOURGUIDESERVICE
getUserRewards ---> TOURGUIDESERVICE
getUserRewards ---> TOURGUIDESERVICE
getUserRewards ---> TOURGUIDESERVICE
getUserRewards ---> TOURGUIDESERVICE
getUserRewards ---> TOURGUIDESERVICE
getUserRewards ---> TOURGUIDESERVICE
getUserRewards ---> TOURGUIDESERVICE
getUserRewards ---> TOURGUIDESERVICE
getUserRewards ---> TOURGUIDESERVICE
getUserRewards ---> TOURGUIDESERVICE
getUserRewards ---> TOURGUIDESERVICE
getUserRewards ---> TOURGUIDESERVICE
getUserRewards ---> TOURGUIDESERVICE
getUserRewards ---> TOURGUIDESERVICE
getUserRewards ---> TOURGUIDESERVICE
getUserRewards ---> TOURGUIDESERVICE
getUserRewards ---> TOURGUIDESERVICE
getUserRewards ---> TOURGUIDESERVICE
getUserRewards ---> TOURGUIDESERVICE
getUserRewards ---> TOURGUIDESERVICE
getUserRewards ---> TOURGUIDESERVICE
getUserRewards ---> TOURGUIDESERVICE
getUserRewards ---> TOURGUIDESERVICE
getUserRewards ---> TOURGUIDESERVICE
getUserRewards ---> TOURGUIDESERVICE
getUserRewards ---> TOURGUIDESERVICE
getUserRewards ---> TOURGUIDESERVICE
getUserRewards ---> TOURGUIDESERVICE
getUserRewards ---> TOURGUIDESERVICE
getUserRewards ---> TOURGUIDESERVICE
getUserRewards ---> TOURGUIDESERVICE
getUserRewards ---> TOURGUIDESERVICE
getUserRewards ---> TOURGUIDESERVICE
getUserRewards ---> TOURGUIDESERVICE
getUserRewards ---> TOURGUIDESERVICE
getUserRewards ---> TOURGUIDESERVICE
getUserRewards ---> TOURGUIDESERVICE
getUserRewards ---> TOURGUIDESERVICE
getUserRewards ---> TOURGUIDESERVICE
getUserRewards ---> TOURGUIDESERVICE
getUserRewards ---> TOURGUIDESERVICE
getUserRewards ---> TOURGUIDESERVICE
getUserRewards ---> TOURGUIDESERVICE
getUserRewards ---> TOURGUIDESERVICE
getUserRewards ---> TOURGUIDESERVICE
getUserRewards ---> TOURGUIDESERVICE
getUserRewards ---> TOURGUIDESERVICE
getUserRewards ---> TOURGUIDESERVICE
getUserRewards ---> TOURGUIDESERVICE
getUserRewards ---> TOURGUIDESERVICE
getUserRewards ---> TOURGUIDESERVICE
getUserRewards ---> TOURGUIDESERVICE
getUserRewards ---> TOURGUIDESERVICE
getUserRewards ---> TOURGUIDESERVICE
getUserRewards ---> TOURGUIDESERVICE
getUserRewards ---> TOURGUIDESERVICE
getUserRewards ---> TOURGUIDESERVICE
getUserRewards ---> TOURGUIDESERVICE
getUserRewards ---> TOURGUIDESERVICE
getUserRewards ---> TOURGUIDESERVICE
getUserRewards ---> TOURGUIDESERVICE
getUserRewards ---> TOURGUIDESERVICE
getUserRewards ---> TOURGUIDESERVICE
getUserRewards ---> TOURGUIDESERVICE
getUserRewards ---> TOURGUIDESERVICE
getUserRewards ---> TOURGUIDESERVICE
getUserRewards ---> TOURGUIDESERVICE
getUserRewards ---> TOURGUIDESERVICE
getUserRewards ---> TOURGUIDESERVICE
getUserRewards ---> TOURGUIDESERVICE
getUserRewards ---> TOURGUIDESERVICE
getUserRewards ---> TOURGUIDESERVICE
getUserRewards ---> TOURGUIDESERVICE
getUserRewards ---> TOURGUIDESERVICE
getUserRewards ---> TOURGUIDESERVICE
getUserRewards ---> TOURGUIDESERVICE
getUserRewards ---> TOURGUIDESERVICE
getUserRewards ---> TOURGUIDESERVICE
getUserRewards ---> TOURGUIDESERVICE
getUserRewards ---> TOURGUIDESERVICE
getUserRewards ---> TOURGUIDESERVICE
getUserRewards ---> TOURGUIDESERVICE
getUserRewards ---> TOURGUIDESERVICE
getUserRewards ---> TOURGUIDESERVICE
getUserRewards ---> TOURGUIDESERVICE
getUserRewards ---> TOURGUIDESERVICE
getUserRewards ---> TOURGUIDESERVICE
getUserRewards ---> TOURGUIDESERVICE
getUserRewards ---> TOURGUIDESERVICE
getUserRewards ---> TOURGUIDESERVICE
getUserRewards ---> TOURGUIDESERVICE
getUserRewards ---> TOURGUIDESERVICE
getUserRewards ---> TOURGUIDESERVICE
getUserRewards ---> TOURGUIDESERVICE
getUserRewards ---> TOURGUIDESERVICE
getUserRewards ---> TOURGUIDESERVICE
getUserRewards ---> TOURGUIDESERVICE
getUserRewards ---> TOURGUIDESERVICE
getUserRewards ---> TOURGUIDESERVICE
getUserRewards ---> TOURGUIDESERVICE
getUserRewards ---> TOURGUIDESERVICE
getUserRewards ---> TOURGUIDESERVICE
getUserRewards ---> TOURGUIDESERVICE
getUserRewards ---> TOURGUIDESERVICE
getUserRewards ---> TOURGUIDESERVICE
getUserRewards ---> TOURGUIDESERVICE
getUserRewards ---> TOURGUIDESERVICE
getUserRewards ---> TOURGUIDESERVICE
getUserRewards ---> TOURGUIDESERVICE
getUserRewards ---> TOURGUIDESERVICE
getUserRewards ---> TOURGUIDESERVICE
getUserRewards ---> TOURGUIDESERVICE
getUserRewards ---> TOURGUIDESERVICE
getUserRewards ---> TOURGUIDESERVICE
getUserRewards ---> TOURGUIDESERVICE
getUserRewards ---> TOURGUIDESERVICE
getUserRewards ---> TOURGUIDESERVICE
getUserRewards ---> TOURGUIDESERVICE
getUserRewards ---> TOURGUIDESERVICE
getUserRewards ---> TOURGUIDESERVICE
getUserRewards ---> TOURGUIDESERVICE
getUserRewards ---> TOURGUIDESERVICE
getUserRewards ---> TOURGUIDESERVICE
getUserRewards ---> TOURGUIDESERVICE
getUserRewards ---> TOURGUIDESERVICE
getUserRewards ---> TOURGUIDESERVICE
getUserRewards ---> TOURGUIDESERVICE
getUserRewards ---> TOURGUIDESERVICE
getUserRewards ---> TOURGUIDESERVICE
getUserRewards ---> TOURGUIDESERVICE
getUserRewards ---> TOURGUIDESERVICE
getUserRewards ---> TOURGUIDESERVICE
getUserRewards ---> TOURGUIDESERVICE
getUserRewards ---> TOURGUIDESERVICE
getUserRewards ---> TOURGUIDESERVICE
getUserRewards ---> TOURGUIDESERVICE
getUserRewards ---> TOURGUIDESERVICE
getUserRewards ---> TOURGUIDESERVICE
getUserRewards ---> TOURGUIDESERVICE
getUserRewards ---> TOURGUIDESERVICE
getUserRewards ---> TOURGUIDESERVICE
getUserRewards ---> TOURGUIDESERVICE
getUserRewards ---> TOURGUIDESERVICE
getUserRewards ---> TOURGUIDESERVICE
getUserRewards ---> TOURGUIDESERVICE
getUserRewards ---> TOURGUIDESERVICE
getUserRewards ---> TOURGUIDESERVICE
getUserRewards ---> TOURGUIDESERVICE
getUserRewards ---> TOURGUIDESERVICE
getUserRewards ---> TOURGUIDESERVICE
getUserRewards ---> TOURGUIDESERVICE
getUserRewards ---> TOURGUIDESERVICE
getUserRewards ---> TOURGUIDESERVICE
getUserRewards ---> TOURGUIDESERVICE
getUserRewards ---> TOURGUIDESERVICE
getUserRewards ---> TOURGUIDESERVICE
getUserRewards ---> TOURGUIDESERVICE
getUserRewards ---> TOURGUIDESERVICE
getUserRewards ---> TOURGUIDESERVICE
getUserRewards ---> TOURGUIDESERVICE
getUserRewards ---> TOURGUIDESERVICE
getUserRewards ---> TOURGUIDESERVICE
getUserRewards ---> TOURGUIDESERVICE
getUserRewards ---> TOURGUIDESERVICE
getUserRewards ---> TOURGUIDESERVICE
getUserRewards ---> TOURGUIDESERVICE
getUserRewards ---> TOURGUIDESERVICE
getUserRewards ---> TOURGUIDESERVICE
getUserRewards ---> TOURGUIDESERVICE
getUserRewards ---> TOURGUIDESERVICE
getUserRewards ---> TOURGUIDESERVICE
getUserRewards ---> TOURGUIDESERVICE
getUserRewards ---> TOURGUIDESERVICE
getUserRewards ---> TOURGUIDESERVICE
getUserRewards ---> TOURGUIDESERVICE
getUserRewards ---> TOURGUIDESERVICE
getUserRewards ---> TOURGUIDESERVICE
getUserRewards ---> TOURGUIDESERVICE
getUserRewards ---> TOURGUIDESERVICE
getUserRewards ---> TOURGUIDESERVICE
getUserRewards ---> TOURGUIDESERVICE
getUserRewards ---> TOURGUIDESERVICE
getUserRewards ---> TOURGUIDESERVICE
getUserRewards ---> TOURGUIDESERVICE
getUserRewards ---> TOURGUIDESERVICE
getUserRewards ---> TOURGUIDESERVICE
getUserRewards ---> TOURGUIDESERVICE
getUserRewards ---> TOURGUIDESERVICE
getUserRewards ---> TOURGUIDESERVICE
getUserRewards ---> TOURGUIDESERVICE
getUserRewards ---> TOURGUIDESERVICE
getUserRewards ---> TOURGUIDESERVICE
getUserRewards ---> TOURGUIDESERVICE
getUserRewards ---> TOURGUIDESERVICE
getUserRewards ---> TOURGUIDESERVICE
getUserRewards ---> TOURGUIDESERVICE
getUserRewards ---> TOURGUIDESERVICE
getUserRewards ---> TOURGUIDESERVICE
getUserRewards ---> TOURGUIDESERVICE
getUserRewards ---> TOURGUIDESERVICE
getUserRewards ---> TOURGUIDESERVICE
getUserRewards ---> TOURGUIDESERVICE
getUserRewards ---> TOURGUIDESERVICE
getUserRewards ---> TOURGUIDESERVICE
getUserRewards ---> TOURGUIDESERVICE
getUserRewards ---> TOURGUIDESERVICE
getUserRewards ---> TOURGUIDESERVICE
getUserRewards ---> TOURGUIDESERVICE
getUserRewards ---> TOURGUIDESERVICE
getUserRewards ---> TOURGUIDESERVICE
getUserRewards ---> TOURGUIDESERVICE
getUserRewards ---> TOURGUIDESERVICE
getUserRewards ---> TOURGUIDESERVICE
getUserRewards ---> TOURGUIDESERVICE
getUserRewards ---> TOURGUIDESERVICE
getUserRewards ---> TOURGUIDESERVICE
getUserRewards ---> TOURGUIDESERVICE
getUserRewards ---> TOURGUIDESERVICE
getUserRewards ---> TOURGUIDESERVICE
getUserRewards ---> TOURGUIDESERVICE
getUserRewards ---> TOURGUIDESERVICE
getUserRewards ---> TOURGUIDESERVICE
getUserRewards ---> TOURGUIDESERVICE
getUserRewards ---> TOURGUIDESERVICE
getUserRewards ---> TOURGUIDESERVICE
getUserRewards ---> TOURGUIDESERVICE
getUserRewards ---> TOURGUIDESERVICE
getUserRewards ---> TOURGUIDESERVICE
getUserRewards ---> TOURGUIDESERVICE
getUserRewards ---> TOURGUIDESERVICE
getUserRewards ---> TOURGUIDESERVICE
getUserRewards ---> TOURGUIDESERVICE
getUserRewards ---> TOURGUIDESERVICE
getUserRewards ---> TOURGUIDESERVICE
getUserRewards ---> TOURGUIDESERVICE
getUserRewards ---> TOURGUIDESERVICE
getUserRewards ---> TOURGUIDESERVICE
getUserRewards ---> TOURGUIDESERVICE
getUserRewards ---> TOURGUIDESERVICE
getUserRewards ---> TOURGUIDESERVICE
getUserRewards ---> TOURGUIDESERVICE
getUserRewards ---> TOURGUIDESERVICE
getUserRewards ---> TOURGUIDESERVICE
getUserRewards ---> TOURGUIDESERVICE
getUserRewards ---> TOURGUIDESERVICE
getUserRewards ---> TOURGUIDESERVICE
getUserRewards ---> TOURGUIDESERVICE
getUserRewards ---> TOURGUIDESERVICE
getUserRewards ---> TOURGUIDESERVICE
getUserRewards ---> TOURGUIDESERVICE
getUserRewards ---> TOURGUIDESERVICE
getUserRewards ---> TOURGUIDESERVICE
getUserRewards ---> TOURGUIDESERVICE
getUserRewards ---> TOURGUIDESERVICE
getUserRewards ---> TOURGUIDESERVICE
getUserRewards ---> TOURGUIDESERVICE
getUserRewards ---> TOURGUIDESERVICE
getUserRewards ---> TOURGUIDESERVICE
getUserRewards ---> TOURGUIDESERVICE
getUserRewards ---> TOURGUIDESERVICE
getUserRewards ---> TOURGUIDESERVICE
getUserRewards ---> TOURGUIDESERVICE
getUserRewards ---> TOURGUIDESERVICE
getUserRewards ---> TOURGUIDESERVICE
getUserRewards ---> TOURGUIDESERVICE
getUserRewards ---> TOURGUIDESERVICE
getUserRewards ---> TOURGUIDESERVICE
getUserRewards ---> TOURGUIDESERVICE
getUserRewards ---> TOURGUIDESERVICE
getUserRewards ---> TOURGUIDESERVICE
getUserRewards ---> TOURGUIDESERVICE
getUserRewards ---> TOURGUIDESERVICE
getUserRewards ---> TOURGUIDESERVICE
getUserRewards ---> TOURGUIDESERVICE
getUserRewards ---> TOURGUIDESERVICE
getUserRewards ---> TOURGUIDESERVICE
getUserRewards ---> TOURGUIDESERVICE
getUserRewards ---> TOURGUIDESERVICE
getUserRewards ---> TOURGUIDESERVICE
getUserRewards ---> TOURGUIDESERVICE
getUserRewards ---> TOURGUIDESERVICE
getUserRewards ---> TOURGUIDESERVICE
getUserRewards ---> TOURGUIDESERVICE
getUserRewards ---> TOURGUIDESERVICE
getUserRewards ---> TOURGUIDESERVICE
getUserRewards ---> TOURGUIDESERVICE
getUserRewards ---> TOURGUIDESERVICE
getUserRewards ---> TOURGUIDESERVICE
getUserRewards ---> TOURGUIDESERVICE
getUserRewards ---> TOURGUIDESERVICE
getUserRewards ---> TOURGUIDESERVICE
getUserRewards ---> TOURGUIDESERVICE
getUserRewards ---> TOURGUIDESERVICE
getUserRewards ---> TOURGUIDESERVICE
getUserRewards ---> TOURGUIDESERVICE
getUserRewards ---> TOURGUIDESERVICE
getUserRewards ---> TOURGUIDESERVICE
getUserRewards ---> TOURGUIDESERVICE
getUserRewards ---> TOURGUIDESERVICE
getUserRewards ---> TOURGUIDESERVICE
getUserRewards ---> TOURGUIDESERVICE
getUserRewards ---> TOURGUIDESERVICE
getUserRewards ---> TOURGUIDESERVICE
getUserRewards ---> TOURGUIDESERVICE
getUserRewards ---> TOURGUIDESERVICE
getUserRewards ---> TOURGUIDESERVICE
getUserRewards ---> TOURGUIDESERVICE
getUserRewards ---> TOURGUIDESERVICE
getUserRewards ---> TOURGUIDESERVICE
getUserRewards ---> TOURGUIDESERVICE
getUserRewards ---> TOURGUIDESERVICE
getUserRewards ---> TOURGUIDESERVICE
getUserRewards ---> TOURGUIDESERVICE
getUserRewards ---> TOURGUIDESERVICE
getUserRewards ---> TOURGUIDESERVICE
getUserRewards ---> TOURGUIDESERVICE
getUserRewards ---> TOURGUIDESERVICE
getUserRewards ---> TOURGUIDESERVICE
getUserRewards ---> TOURGUIDESERVICE
getUserRewards ---> TOURGUIDESERVICE
getUserRewards ---> TOURGUIDESERVICE
getUserRewards ---> TOURGUIDESERVICE
getUserRewards ---> TOURGUIDESERVICE
getUserRewards ---> TOURGUIDESERVICE
getUserRewards ---> TOURGUIDESERVICE
getUserRewards ---> TOURGUIDESERVICE
getUserRewards ---> TOURGUIDESERVICE
getUserRewards ---> TOURGUIDESERVICE
getUserRewards ---> TOURGUIDESERVICE
getUserRewards ---> TOURGUIDESERVICE
getUserRewards ---> TOURGUIDESERVICE
getUserRewards ---> TOURGUIDESERVICE
getUserRewards ---> TOURGUIDESERVICE
getUserRewards ---> TOURGUIDESERVICE
getUserRewards ---> TOURGUIDESERVICE
getUserRewards ---> TOURGUIDESERVICE
getUserRewards ---> TOURGUIDESERVICE
getUserRewards ---> TOURGUIDESERVICE
getUserRewards ---> TOURGUIDESERVICE
getUserRewards ---> TOURGUIDESERVICE
getUserRewards ---> TOURGUIDESERVICE
getUserRewards ---> TOURGUIDESERVICE
getUserRewards ---> TOURGUIDESERVICE
getUserRewards ---> TOURGUIDESERVICE
getUserRewards ---> TOURGUIDESERVICE
getUserRewards ---> TOURGUIDESERVICE
getUserRewards ---> TOURGUIDESERVICE
getUserRewards ---> TOURGUIDESERVICE
getUserRewards ---> TOURGUIDESERVICE
getUserRewards ---> TOURGUIDESERVICE
getUserRewards ---> TOURGUIDESERVICE
getUserRewards ---> TOURGUIDESERVICE
getUserRewards ---> TOURGUIDESERVICE
getUserRewards ---> TOURGUIDESERVICE
getUserRewards ---> TOURGUIDESERVICE
getUserRewards ---> TOURGUIDESERVICE
getUserRewards ---> TOURGUIDESERVICE
getUserRewards ---> TOURGUIDESERVICE
getUserRewards ---> TOURGUIDESERVICE
getUserRewards ---> TOURGUIDESERVICE
getUserRewards ---> TOURGUIDESERVICE
getUserRewards ---> TOURGUIDESERVICE
getUserRewards ---> TOURGUIDESERVICE
getUserRewards ---> TOURGUIDESERVICE
getUserRewards ---> TOURGUIDESERVICE
getUserRewards ---> TOURGUIDESERVICE
getUserRewards ---> TOURGUIDESERVICE
getUserRewards ---> TOURGUIDESERVICE
getUserRewards ---> TOURGUIDESERVICE
getUserRewards ---> TOURGUIDESERVICE
getUserRewards ---> TOURGUIDESERVICE
getUserRewards ---> TOURGUIDESERVICE
getUserRewards ---> TOURGUIDESERVICE
getUserRewards ---> TOURGUIDESERVICE
getUserRewards ---> TOURGUIDESERVICE
getUserRewards ---> TOURGUIDESERVICE
getUserRewards ---> TOURGUIDESERVICE
getUserRewards ---> TOURGUIDESERVICE
getUserRewards ---> TOURGUIDESERVICE
getUserRewards ---> TOURGUIDESERVICE
getUserRewards ---> TOURGUIDESERVICE
getUserRewards ---> TOURGUIDESERVICE
getUserRewards ---> TOURGUIDESERVICE
getUserRewards ---> TOURGUIDESERVICE
getUserRewards ---> TOURGUIDESERVICE
getUserRewards ---> TOURGUIDESERVICE
getUserRewards ---> TOURGUIDESERVICE
getUserRewards ---> TOURGUIDESERVICE
getUserRewards ---> TOURGUIDESERVICE
getUserRewards ---> TOURGUIDESERVICE
getUserRewards ---> TOURGUIDESERVICE
getUserRewards ---> TOURGUIDESERVICE
getUserRewards ---> TOURGUIDESERVICE
getUserRewards ---> TOURGUIDESERVICE
getUserRewards ---> TOURGUIDESERVICE
getUserRewards ---> TOURGUIDESERVICE
getUserRewards ---> TOURGUIDESERVICE
getUserRewards ---> TOURGUIDESERVICE
getUserRewards ---> TOURGUIDESERVICE
getUserRewards ---> TOURGUIDESERVICE
getUserRewards ---> TOURGUIDESERVICE
getUserRewards ---> TOURGUIDESERVICE
getUserRewards ---> TOURGUIDESERVICE
getUserRewards ---> TOURGUIDESERVICE
getUserRewards ---> TOURGUIDESERVICE
getUserRewards ---> TOURGUIDESERVICE
getUserRewards ---> TOURGUIDESERVICE
getUserRewards ---> TOURGUIDESERVICE
getUserRewards ---> TOURGUIDESERVICE
getUserRewards ---> TOURGUIDESERVICE
getUserRewards ---> TOURGUIDESERVICE
getUserRewards ---> TOURGUIDESERVICE
getUserRewards ---> TOURGUIDESERVICE
getUserRewards ---> TOURGUIDESERVICE
getUserRewards ---> TOURGUIDESERVICE
getUserRewards ---> TOURGUIDESERVICE
getUserRewards ---> TOURGUIDESERVICE
getUserRewards ---> TOURGUIDESERVICE
getUserRewards ---> TOURGUIDESERVICE
getUserRewards ---> TOURGUIDESERVICE
getUserRewards ---> TOURGUIDESERVICE
getUserRewards ---> TOURGUIDESERVICE
getUserRewards ---> TOURGUIDESERVICE
getUserRewards ---> TOURGUIDESERVICE
getUserRewards ---> TOURGUIDESERVICE
getUserRewards ---> TOURGUIDESERVICE
getUserRewards ---> TOURGUIDESERVICE
getUserRewards ---> TOURGUIDESERVICE
getUserRewards ---> TOURGUIDESERVICE
getUserRewards ---> TOURGUIDESERVICE
getUserRewards ---> TOURGUIDESERVICE
getUserRewards ---> TOURGUIDESERVICE
getUserRewards ---> TOURGUIDESERVICE
getUserRewards ---> TOURGUIDESERVICE
getUserRewards ---> TOURGUIDESERVICE
getUserRewards ---> TOURGUIDESERVICE
getUserRewards ---> TOURGUIDESERVICE
getUserRewards ---> TOURGUIDESERVICE
getUserRewards ---> TOURGUIDESERVICE
getUserRewards ---> TOURGUIDESERVICE
getUserRewards ---> TOURGUIDESERVICE
getUserRewards ---> TOURGUIDESERVICE
getUserRewards ---> TOURGUIDESERVICE
getUserRewards ---> TOURGUIDESERVICE
getUserRewards ---> TOURGUIDESERVICE
getUserRewards ---> TOURGUIDESERVICE
getUserRewards ---> TOURGUIDESERVICE
getUserRewards ---> TOURGUIDESERVICE
getUserRewards ---> TOURGUIDESERVICE
getUserRewards ---> TOURGUIDESERVICE
getUserRewards ---> TOURGUIDESERVICE
getUserRewards ---> TOURGUIDESERVICE
getUserRewards ---> TOURGUIDESERVICE
getUserRewards ---> TOURGUIDESERVICE
getUserRewards ---> TOURGUIDESERVICE
getUserRewards ---> TOURGUIDESERVICE
getUserRewards ---> TOURGUIDESERVICE
getUserRewards ---> TOURGUIDESERVICE
getUserRewards ---> TOURGUIDESERVICE
getUserRewards ---> TOURGUIDESERVICE
getUserRewards ---> TOURGUIDESERVICE
getUserRewards ---> TOURGUIDESERVICE
getUserRewards ---> TOURGUIDESERVICE
getUserRewards ---> TOURGUIDESERVICE
getUserRewards ---> TOURGUIDESERVICE
getUserRewards ---> TOURGUIDESERVICE
getUserRewards ---> TOURGUIDESERVICE
getUserRewards ---> TOURGUIDESERVICE
getUserRewards ---> TOURGUIDESERVICE
getUserRewards ---> TOURGUIDESERVICE
getUserRewards ---> TOURGUIDESERVICE
getUserRewards ---> TOURGUIDESERVICE
getUserRewards ---> TOURGUIDESERVICE
getUserRewards ---> TOURGUIDESERVICE
getUserRewards ---> TOURGUIDESERVICE
getUserRewards ---> TOURGUIDESERVICE
getUserRewards ---> TOURGUIDESERVICE
getUserRewards ---> TOURGUIDESERVICE
getUserRewards ---> TOURGUIDESERVICE
getUserRewards ---> TOURGUIDESERVICE
getUserRewards ---> TOURGUIDESERVICE
getUserRewards ---> TOURGUIDESERVICE
getUserRewards ---> TOURGUIDESERVICE
getUserRewards ---> TOURGUIDESERVICE
getUserRewards ---> TOURGUIDESERVICE
getUserRewards ---> TOURGUIDESERVICE
getUserRewards ---> TOURGUIDESERVICE
getUserRewards ---> TOURGUIDESERVICE
getUserRewards ---> TOURGUIDESERVICE
getUserRewards ---> TOURGUIDESERVICE
getUserRewards ---> TOURGUIDESERVICE
getUserRewards ---> TOURGUIDESERVICE
getUserRewards ---> TOURGUIDESERVICE
getUserRewards ---> TOURGUIDESERVICE
getUserRewards ---> TOURGUIDESERVICE
getUserRewards ---> TOURGUIDESERVICE
getUserRewards ---> TOURGUIDESERVICE
getUserRewards ---> TOURGUIDESERVICE
getUserRewards ---> TOURGUIDESERVICE
getUserRewards ---> TOURGUIDESERVICE
getUserRewards ---> TOURGUIDESERVICE
getUserRewards ---> TOURGUIDESERVICE
getUserRewards ---> TOURGUIDESERVICE
getUserRewards ---> TOURGUIDESERVICE
getUserRewards ---> TOURGUIDESERVICE
getUserRewards ---> TOURGUIDESERVICE
getUserRewards ---> TOURGUIDESERVICE
getUserRewards ---> TOURGUIDESERVICE
getUserRewards ---> TOURGUIDESERVICE
getUserRewards ---> TOURGUIDESERVICE
getUserRewards ---> TOURGUIDESERVICE
getUserRewards ---> TOURGUIDESERVICE
getUserRewards ---> TOURGUIDESERVICE
getUserRewards ---> TOURGUIDESERVICE
getUserRewards ---> TOURGUIDESERVICE
getUserRewards ---> TOURGUIDESERVICE
getUserRewards ---> TOURGUIDESERVICE
getUserRewards ---> TOURGUIDESERVICE
getUserRewards ---> TOURGUIDESERVICE
getUserRewards ---> TOURGUIDESERVICE
getUserRewards ---> TOURGUIDESERVICE
getUserRewards ---> TOURGUIDESERVICE
getUserRewards ---> TOURGUIDESERVICE
getUserRewards ---> TOURGUIDESERVICE
getUserRewards ---> TOURGUIDESERVICE
getUserRewards ---> TOURGUIDESERVICE
getUserRewards ---> TOURGUIDESERVICE
getUserRewards ---> TOURGUIDESERVICE
getUserRewards ---> TOURGUIDESERVICE
getUserRewards ---> TOURGUIDESERVICE
getUserRewards ---> TOURGUIDESERVICE
getUserRewards ---> TOURGUIDESERVICE
getUserRewards ---> TOURGUIDESERVICE
getUserRewards ---> TOURGUIDESERVICE
getUserRewards ---> TOURGUIDESERVICE
getUserRewards ---> TOURGUIDESERVICE
getUserRewards ---> TOURGUIDESERVICE
getUserRewards ---> TOURGUIDESERVICE
getUserRewards ---> TOURGUIDESERVICE
getUserRewards ---> TOURGUIDESERVICE
getUserRewards ---> TOURGUIDESERVICE
getUserRewards ---> TOURGUIDESERVICE
getUserRewards ---> TOURGUIDESERVICE
getUserRewards ---> TOURGUIDESERVICE
getUserRewards ---> TOURGUIDESERVICE
getUserRewards ---> TOURGUIDESERVICE
getUserRewards ---> TOURGUIDESERVICE
getUserRewards ---> TOURGUIDESERVICE
getUserRewards ---> TOURGUIDESERVICE
getUserRewards ---> TOURGUIDESERVICE
getUserRewards ---> TOURGUIDESERVICE
getUserRewards ---> TOURGUIDESERVICE
getUserRewards ---> TOURGUIDESERVICE
getUserRewards ---> TOURGUIDESERVICE
getUserRewards ---> TOURGUIDESERVICE
getUserRewards ---> TOURGUIDESERVICE
getUserRewards ---> TOURGUIDESERVICE
getUserRewards ---> TOURGUIDESERVICE
getUserRewards ---> TOURGUIDESERVICE
getUserRewards ---> TOURGUIDESERVICE
getUserRewards ---> TOURGUIDESERVICE
getUserRewards ---> TOURGUIDESERVICE
getUserRewards ---> TOURGUIDESERVICE
getUserRewards ---> TOURGUIDESERVICE
getUserRewards ---> TOURGUIDESERVICE
getUserRewards ---> TOURGUIDESERVICE
getUserRewards ---> TOURGUIDESERVICE
getUserRewards ---> TOURGUIDESERVICE
getUserRewards ---> TOURGUIDESERVICE
getUserRewards ---> TOURGUIDESERVICE
getUserRewards ---> TOURGUIDESERVICE
getUserRewards ---> TOURGUIDESERVICE
getUserRewards ---> TOURGUIDESERVICE
getUserRewards ---> TOURGUIDESERVICE
getUserRewards ---> TOURGUIDESERVICE
getUserRewards ---> TOURGUIDESERVICE
getUserRewards ---> TOURGUIDESERVICE
getUserRewards ---> TOURGUIDESERVICE
getUserRewards ---> TOURGUIDESERVICE
getUserRewards ---> TOURGUIDESERVICE
getUserRewards ---> TOURGUIDESERVICE
getUserRewards ---> TOURGUIDESERVICE
getUserRewards ---> TOURGUIDESERVICE
getUserRewards ---> TOURGUIDESERVICE
getUserRewards ---> TOURGUIDESERVICE
getUserRewards ---> TOURGUIDESERVICE
getUserRewards ---> TOURGUIDESERVICE
getUserRewards ---> TOURGUIDESERVICE
getUserRewards ---> TOURGUIDESERVICE
getUserRewards ---> TOURGUIDESERVICE
getUserRewards ---> TOURGUIDESERVICE
getUserRewards ---> TOURGUIDESERVICE
getUserRewards ---> TOURGUIDESERVICE
getUserRewards ---> TOURGUIDESERVICE
getUserRewards ---> TOURGUIDESERVICE
getUserRewards ---> TOURGUIDESERVICE
getUserRewards ---> TOURGUIDESERVICE
getUserRewards ---> TOURGUIDESERVICE
getUserRewards ---> TOURGUIDESERVICE
getUserRewards ---> TOURGUIDESERVICE
getUserRewards ---> TOURGUIDESERVICE
getUserRewards ---> TOURGUIDESERVICE
getUserRewards ---> TOURGUIDESERVICE
getUserRewards ---> TOURGUIDESERVICE
getUserRewards ---> TOURGUIDESERVICE
getUserRewards ---> TOURGUIDESERVICE
getUserRewards ---> TOURGUIDESERVICE
getUserRewards ---> TOURGUIDESERVICE
getUserRewards ---> TOURGUIDESERVICE
getUserRewards ---> TOURGUIDESERVICE
getUserRewards ---> TOURGUIDESERVICE
getUserRewards ---> TOURGUIDESERVICE
getUserRewards ---> TOURGUIDESERVICE
getUserRewards ---> TOURGUIDESERVICE
getUserRewards ---> TOURGUIDESERVICE
getUserRewards ---> TOURGUIDESERVICE
getUserRewards ---> TOURGUIDESERVICE
getUserRewards ---> TOURGUIDESERVICE
getUserRewards ---> TOURGUIDESERVICE
getUserRewards ---> TOURGUIDESERVICE
getUserRewards ---> TOURGUIDESERVICE
getUserRewards ---> TOURGUIDESERVICE
getUserRewards ---> TOURGUIDESERVICE
getUserRewards ---> TOURGUIDESERVICE
getUserRewards ---> TOURGUIDESERVICE
getUserRewards ---> TOURGUIDESERVICE
getUserRewards ---> TOURGUIDESERVICE
getUserRewards ---> TOURGUIDESERVICE
getUserRewards ---> TOURGUIDESERVICE
getUserRewards ---> TOURGUIDESERVICE
getUserRewards ---> TOURGUIDESERVICE
getUserRewards ---> TOURGUIDESERVICE
getUserRewards ---> TOURGUIDESERVICE
getUserRewards ---> TOURGUIDESERVICE
getUserRewards ---> TOURGUIDESERVICE
getUserRewards ---> TOURGUIDESERVICE
getUserRewards ---> TOURGUIDESERVICE
getUserRewards ---> TOURGUIDESERVICE
getUserRewards ---> TOURGUIDESERVICE
getUserRewards ---> TOURGUIDESERVICE
getUserRewards ---> TOURGUIDESERVICE
getUserRewards ---> TOURGUIDESERVICE
getUserRewards ---> TOURGUIDESERVICE
getUserRewards ---> TOURGUIDESERVICE
getUserRewards ---> TOURGUIDESERVICE
getUserRewards ---> TOURGUIDESERVICE
getUserRewards ---> TOURGUIDESERVICE
getUserRewards ---> TOURGUIDESERVICE
getUserRewards ---> TOURGUIDESERVICE
getUserRewards ---> TOURGUIDESERVICE
getUserRewards ---> TOURGUIDESERVICE
getUserRewards ---> TOURGUIDESERVICE
getUserRewards ---> TOURGUIDESERVICE
getUserRewards ---> TOURGUIDESERVICE
getUserRewards ---> TOURGUIDESERVICE
getUserRewards ---> TOURGUIDESERVICE
getUserRewards ---> TOURGUIDESERVICE
getUserRewards ---> TOURGUIDESERVICE
getUserRewards ---> TOURGUIDESERVICE
getUserRewards ---> TOURGUIDESERVICE
getUserRewards ---> TOURGUIDESERVICE
getUserRewards ---> TOURGUIDESERVICE
getUserRewards ---> TOURGUIDESERVICE
getUserRewards ---> TOURGUIDESERVICE
getUserRewards ---> TOURGUIDESERVICE
getUserRewards ---> TOURGUIDESERVICE
getUserRewards ---> TOURGUIDESERVICE
getUserRewards ---> TOURGUIDESERVICE
getUserRewards ---> TOURGUIDESERVICE
getUserRewards ---> TOURGUIDESERVICE
getUserRewards ---> TOURGUIDESERVICE
getUserRewards ---> TOURGUIDESERVICE
getUserRewards ---> TOURGUIDESERVICE
getUserRewards ---> TOURGUIDESERVICE
getUserRewards ---> TOURGUIDESERVICE
getUserRewards ---> TOURGUIDESERVICE
getUserRewards ---> TOURGUIDESERVICE
getUserRewards ---> TOURGUIDESERVICE
getUserRewards ---> TOURGUIDESERVICE
getUserRewards ---> TOURGUIDESERVICE
getUserRewards ---> TOURGUIDESERVICE
getUserRewards ---> TOURGUIDESERVICE
getUserRewards ---> TOURGUIDESERVICE
getUserRewards ---> TOURGUIDESERVICE
getUserRewards ---> TOURGUIDESERVICE
getUserRewards ---> TOURGUIDESERVICE
getUserRewards ---> TOURGUIDESERVICE
getUserRewards ---> TOURGUIDESERVICE
getUserRewards ---> TOURGUIDESERVICE
getUserRewards ---> TOURGUIDESERVICE
getUserRewards ---> TOURGUIDESERVICE
getUserRewards ---> TOURGUIDESERVICE
getUserRewards ---> TOURGUIDESERVICE
getUserRewards ---> TOURGUIDESERVICE
getUserRewards ---> TOURGUIDESERVICE
getUserRewards ---> TOURGUIDESERVICE
getUserRewards ---> TOURGUIDESERVICE
getUserRewards ---> TOURGUIDESERVICE
getUserRewards ---> TOURGUIDESERVICE
getUserRewards ---> TOURGUIDESERVICE
getUserRewards ---> TOURGUIDESERVICE
getUserRewards ---> TOURGUIDESERVICE
getUserRewards ---> TOURGUIDESERVICE
getUserRewards ---> TOURGUIDESERVICE
getUserRewards ---> TOURGUIDESERVICE
getUserRewards ---> TOURGUIDESERVICE
getUserRewards ---> TOURGUIDESERVICE
getUserRewards ---> TOURGUIDESERVICE
getUserRewards ---> TOURGUIDESERVICE
getUserRewards ---> TOURGUIDESERVICE
getUserRewards ---> TOURGUIDESERVICE
getUserRewards ---> TOURGUIDESERVICE
getUserRewards ---> TOURGUIDESERVICE
getUserRewards ---> TOURGUIDESERVICE
getUserRewards ---> TOURGUIDESERVICE
getUserRewards ---> TOURGUIDESERVICE
getUserRewards ---> TOURGUIDESERVICE
getUserRewards ---> TOURGUIDESERVICE
getUserRewards ---> TOURGUIDESERVICE
getUserRewards ---> TOURGUIDESERVICE
getUserRewards ---> TOURGUIDESERVICE
getUserRewards ---> TOURGUIDESERVICE
getUserRewards ---> TOURGUIDESERVICE
getUserRewards ---> TOURGUIDESERVICE
getUserRewards ---> TOURGUIDESERVICE
getUserRewards ---> TOURGUIDESERVICE
getUserRewards ---> TOURGUIDESERVICE
getUserRewards ---> TOURGUIDESERVICE
getUserRewards ---> TOURGUIDESERVICE
getUserRewards ---> TOURGUIDESERVICE
getUserRewards ---> TOURGUIDESERVICE
getUserRewards ---> TOURGUIDESERVICE
getUserRewards ---> TOURGUIDESERVICE
getUserRewards ---> TOURGUIDESERVICE
getUserRewards ---> TOURGUIDESERVICE
getUserRewards ---> TOURGUIDESERVICE
getUserRewards ---> TOURGUIDESERVICE
getUserRewards ---> TOURGUIDESERVICE
getUserRewards ---> TOURGUIDESERVICE
getUserRewards ---> TOURGUIDESERVICE
getUserRewards ---> TOURGUIDESERVICE
getUserRewards ---> TOURGUIDESERVICE
getUserRewards ---> TOURGUIDESERVICE
getUserRewards ---> TOURGUIDESERVICE
getUserRewards ---> TOURGUIDESERVICE
getUserRewards ---> TOURGUIDESERVICE
getUserRewards ---> TOURGUIDESERVICE
getUserRewards ---> TOURGUIDESERVICE
getUserRewards ---> TOURGUIDESERVICE
getUserRewards ---> TOURGUIDESERVICE
getUserRewards ---> TOURGUIDESERVICE
getUserRewards ---> TOURGUIDESERVICE
getUserRewards ---> TOURGUIDESERVICE
getUserRewards ---> TOURGUIDESERVICE
getUserRewards ---> TOURGUIDESERVICE
getUserRewards ---> TOURGUIDESERVICE
getUserRewards ---> TOURGUIDESERVICE
getUserRewards ---> TOURGUIDESERVICE
getUserRewards ---> TOURGUIDESERVICE
getUserRewards ---> TOURGUIDESERVICE
getUserRewards ---> TOURGUIDESERVICE
getUserRewards ---> TOURGUIDESERVICE
getUserRewards ---> TOURGUIDESERVICE
getUserRewards ---> TOURGUIDESERVICE
getUserRewards ---> TOURGUIDESERVICE
getUserRewards ---> TOURGUIDESERVICE
getUserRewards ---> TOURGUIDESERVICE
getUserRewards ---> TOURGUIDESERVICE
getUserRewards ---> TOURGUIDESERVICE
getUserRewards ---> TOURGUIDESERVICE
getUserRewards ---> TOURGUIDESERVICE
getUserRewards ---> TOURGUIDESERVICE
getUserRewards ---> TOURGUIDESERVICE
getUserRewards ---> TOURGUIDESERVICE
getUserRewards ---> TOURGUIDESERVICE
getUserRewards ---> TOURGUIDESERVICE
getUserRewards ---> TOURGUIDESERVICE
getUserRewards ---> TOURGUIDESERVICE
getUserRewards ---> TOURGUIDESERVICE
getUserRewards ---> TOURGUIDESERVICE
getUserRewards ---> TOURGUIDESERVICE
getUserRewards ---> TOURGUIDESERVICE
getUserRewards ---> TOURGUIDESERVICE
getUserRewards ---> TOURGUIDESERVICE
getUserRewards ---> TOURGUIDESERVICE
getUserRewards ---> TOURGUIDESERVICE
getUserRewards ---> TOURGUIDESERVICE
getUserRewards ---> TOURGUIDESERVICE
getUserRewards ---> TOURGUIDESERVICE
getUserRewards ---> TOURGUIDESERVICE
getUserRewards ---> TOURGUIDESERVICE
getUserRewards ---> TOURGUIDESERVICE
getUserRewards ---> TOURGUIDESERVICE
getUserRewards ---> TOURGUIDESERVICE
getUserRewards ---> TOURGUIDESERVICE
getUserRewards ---> TOURGUIDESERVICE
getUserRewards ---> TOURGUIDESERVICE
getUserRewards ---> TOURGUIDESERVICE
getUserRewards ---> TOURGUIDESERVICE
getUserRewards ---> TOURGUIDESERVICE
getUserRewards ---> TOURGUIDESERVICE
getUserRewards ---> TOURGUIDESERVICE
getUserRewards ---> TOURGUIDESERVICE
getUserRewards ---> TOURGUIDESERVICE
getUserRewards ---> TOURGUIDESERVICE
getUserRewards ---> TOURGUIDESERVICE
getUserRewards ---> TOURGUIDESERVICE
getUserRewards ---> TOURGUIDESERVICE
getUserRewards ---> TOURGUIDESERVICE
getUserRewards ---> TOURGUIDESERVICE
getUserRewards ---> TOURGUIDESERVICE
getUserRewards ---> TOURGUIDESERVICE
getUserRewards ---> TOURGUIDESERVICE
getUserRewards ---> TOURGUIDESERVICE
getUserRewards ---> TOURGUIDESERVICE
getUserRewards ---> TOURGUIDESERVICE
getUserRewards ---> TOURGUIDESERVICE
getUserRewards ---> TOURGUIDESERVICE
getUserRewards ---> TOURGUIDESERVICE
getUserRewards ---> TOURGUIDESERVICE
getUserRewards ---> TOURGUIDESERVICE
getUserRewards ---> TOURGUIDESERVICE
getUserRewards ---> TOURGUIDESERVICE
getUserRewards ---> TOURGUIDESERVICE
getUserRewards ---> TOURGUIDESERVICE
getUserRewards ---> TOURGUIDESERVICE
getUserRewards ---> TOURGUIDESERVICE
getUserRewards ---> TOURGUIDESERVICE
getUserRewards ---> TOURGUIDESERVICE
getUserRewards ---> TOURGUIDESERVICE
getUserRewards ---> TOURGUIDESERVICE
getUserRewards ---> TOURGUIDESERVICE
getUserRewards ---> TOURGUIDESERVICE
getUserRewards ---> TOURGUIDESERVICE
getUserRewards ---> TOURGUIDESERVICE
getUserRewards ---> TOURGUIDESERVICE
getUserRewards ---> TOURGUIDESERVICE
getUserRewards ---> TOURGUIDESERVICE
getUserRewards ---> TOURGUIDESERVICE
getUserRewards ---> TOURGUIDESERVICE
getUserRewards ---> TOURGUIDESERVICE
getUserRewards ---> TOURGUIDESERVICE
getUserRewards ---> TOURGUIDESERVICE
getUserRewards ---> TOURGUIDESERVICE
getUserRewards ---> TOURGUIDESERVICE
getUserRewards ---> TOURGUIDESERVICE
getUserRewards ---> TOURGUIDESERVICE
getUserRewards ---> TOURGUIDESERVICE
getUserRewards ---> TOURGUIDESERVICE
getUserRewards ---> TOURGUIDESERVICE
getUserRewards ---> TOURGUIDESERVICE
getUserRewards ---> TOURGUIDESERVICE
getUserRewards ---> TOURGUIDESERVICE
getUserRewards ---> TOURGUIDESERVICE
getUserRewards ---> TOURGUIDESERVICE
getUserRewards ---> TOURGUIDESERVICE
getUserRewards ---> TOURGUIDESERVICE
getUserRewards ---> TOURGUIDESERVICE
getUserRewards ---> TOURGUIDESERVICE
getUserRewards ---> TOURGUIDESERVICE
getUserRewards ---> TOURGUIDESERVICE
getUserRewards ---> TOURGUIDESERVICE
getUserRewards ---> TOURGUIDESERVICE
getUserRewards ---> TOURGUIDESERVICE
getUserRewards ---> TOURGUIDESERVICE
getUserRewards ---> TOURGUIDESERVICE
getUserRewards ---> TOURGUIDESERVICE
getUserRewards ---> TOURGUIDESERVICE
getUserRewards ---> TOURGUIDESERVICE
getUserRewards ---> TOURGUIDESERVICE
getUserRewards ---> TOURGUIDESERVICE
getUserRewards ---> TOURGUIDESERVICE
getUserRewards ---> TOURGUIDESERVICE
getUserRewards ---> TOURGUIDESERVICE
getUserRewards ---> TOURGUIDESERVICE
getUserRewards ---> TOURGUIDESERVICE
getUserRewards ---> TOURGUIDESERVICE
getUserRewards ---> TOURGUIDESERVICE
getUserRewards ---> TOURGUIDESERVICE
getUserRewards ---> TOURGUIDESERVICE
getUserRewards ---> TOURGUIDESERVICE
getUserRewards ---> TOURGUIDESERVICE
getUserRewards ---> TOURGUIDESERVICE
getUserRewards ---> TOURGUIDESERVICE
getUserRewards ---> TOURGUIDESERVICE
getUserRewards ---> TOURGUIDESERVICE
getUserRewards ---> TOURGUIDESERVICE
getUserRewards ---> TOURGUIDESERVICE
getUserRewards ---> TOURGUIDESERVICE
getUserRewards ---> TOURGUIDESERVICE
getUserRewards ---> TOURGUIDESERVICE
getUserRewards ---> TOURGUIDESERVICE
getUserRewards ---> TOURGUIDESERVICE
getUserRewards ---> TOURGUIDESERVICE
getUserRewards ---> TOURGUIDESERVICE
getUserRewards ---> TOURGUIDESERVICE
getUserRewards ---> TOURGUIDESERVICE
getUserRewards ---> TOURGUIDESERVICE
getUserRewards ---> TOURGUIDESERVICE
getUserRewards ---> TOURGUIDESERVICE
getUserRewards ---> TOURGUIDESERVICE
getUserRewards ---> TOURGUIDESERVICE
getUserRewards ---> TOURGUIDESERVICE
getUserRewards ---> TOURGUIDESERVICE
getUserRewards ---> TOURGUIDESERVICE
getUserRewards ---> TOURGUIDESERVICE
getUserRewards ---> TOURGUIDESERVICE
getUserRewards ---> TOURGUIDESERVICE
getUserRewards ---> TOURGUIDESERVICE
getUserRewards ---> TOURGUIDESERVICE
getUserRewards ---> TOURGUIDESERVICE
getUserRewards ---> TOURGUIDESERVICE
getUserRewards ---> TOURGUIDESERVICE
getUserRewards ---> TOURGUIDESERVICE
getUserRewards ---> TOURGUIDESERVICE
getUserRewards ---> TOURGUIDESERVICE
getUserRewards ---> TOURGUIDESERVICE
getUserRewards ---> TOURGUIDESERVICE
getUserRewards ---> TOURGUIDESERVICE
getUserRewards ---> TOURGUIDESERVICE
getUserRewards ---> TOURGUIDESERVICE
getUserRewards ---> TOURGUIDESERVICE
getUserRewards ---> TOURGUIDESERVICE
getUserRewards ---> TOURGUIDESERVICE
getUserRewards ---> TOURGUIDESERVICE
getUserRewards ---> TOURGUIDESERVICE
getUserRewards ---> TOURGUIDESERVICE
getUserRewards ---> TOURGUIDESERVICE
getUserRewards ---> TOURGUIDESERVICE
getUserRewards ---> TOURGUIDESERVICE
getUserRewards ---> TOURGUIDESERVICE
getUserRewards ---> TOURGUIDESERVICE
getUserRewards ---> TOURGUIDESERVICE
getUserRewards ---> TOURGUIDESERVICE
getUserRewards ---> TOURGUIDESERVICE
getUserRewards ---> TOURGUIDESERVICE
getUserRewards ---> TOURGUIDESERVICE
getUserRewards ---> TOURGUIDESERVICE
getUserRewards ---> TOURGUIDESERVICE
getUserRewards ---> TOURGUIDESERVICE
getUserRewards ---> TOURGUIDESERVICE
getUserRewards ---> TOURGUIDESERVICE
getUserRewards ---> TOURGUIDESERVICE
getUserRewards ---> TOURGUIDESERVICE
getUserRewards ---> TOURGUIDESERVICE
getUserRewards ---> TOURGUIDESERVICE
getUserRewards ---> TOURGUIDESERVICE
getUserRewards ---> TOURGUIDESERVICE
getUserRewards ---> TOURGUIDESERVICE
getUserRewards ---> TOURGUIDESERVICE
getUserRewards ---> TOURGUIDESERVICE
getUserRewards ---> TOURGUIDESERVICE
getUserRewards ---> TOURGUIDESERVICE
getUserRewards ---> TOURGUIDESERVICE
getUserRewards ---> TOURGUIDESERVICE
getUserRewards ---> TOURGUIDESERVICE
getUserRewards ---> TOURGUIDESERVICE
getUserRewards ---> TOURGUIDESERVICE
getUserRewards ---> TOURGUIDESERVICE
getUserRewards ---> TOURGUIDESERVICE
getUserRewards ---> TOURGUIDESERVICE
getUserRewards ---> TOURGUIDESERVICE
getUserRewards ---> TOURGUIDESERVICE
getUserRewards ---> TOURGUIDESERVICE
getUserRewards ---> TOURGUIDESERVICE
getUserRewards ---> TOURGUIDESERVICE
getUserRewards ---> TOURGUIDESERVICE
getUserRewards ---> TOURGUIDESERVICE
getUserRewards ---> TOURGUIDESERVICE
getUserRewards ---> TOURGUIDESERVICE
getUserRewards ---> TOURGUIDESERVICE
getUserRewards ---> TOURGUIDESERVICE
getUserRewards ---> TOURGUIDESERVICE
getUserRewards ---> TOURGUIDESERVICE
getUserRewards ---> TOURGUIDESERVICE
getUserRewards ---> TOURGUIDESERVICE
getUserRewards ---> TOURGUIDESERVICE
getUserRewards ---> TOURGUIDESERVICE
getUserRewards ---> TOURGUIDESERVICE
getUserRewards ---> TOURGUIDESERVICE
getUserRewards ---> TOURGUIDESERVICE
getUserRewards ---> TOURGUIDESERVICE
getUserRewards ---> TOURGUIDESERVICE
getUserRewards ---> TOURGUIDESERVICE
getUserRewards ---> TOURGUIDESERVICE
getUserRewards ---> TOURGUIDESERVICE
getUserRewards ---> TOURGUIDESERVICE
getUserRewards ---> TOURGUIDESERVICE
getUserRewards ---> TOURGUIDESERVICE
getUserRewards ---> TOURGUIDESERVICE
getUserRewards ---> TOURGUIDESERVICE
getUserRewards ---> TOURGUIDESERVICE
getUserRewards ---> TOURGUIDESERVICE
getUserRewards ---> TOURGUIDESERVICE
getUserRewards ---> TOURGUIDESERVICE
getUserRewards ---> TOURGUIDESERVICE
getUserRewards ---> TOURGUIDESERVICE
getUserRewards ---> TOURGUIDESERVICE
getUserRewards ---> TOURGUIDESERVICE
getUserRewards ---> TOURGUIDESERVICE
getUserRewards ---> TOURGUIDESERVICE
getUserRewards ---> TOURGUIDESERVICE
getUserRewards ---> TOURGUIDESERVICE
getUserRewards ---> TOURGUIDESERVICE
getUserRewards ---> TOURGUIDESERVICE
getUserRewards ---> TOURGUIDESERVICE
getUserRewards ---> TOURGUIDESERVICE
getUserRewards ---> TOURGUIDESERVICE
getUserRewards ---> TOURGUIDESERVICE
getUserRewards ---> TOURGUIDESERVICE
getUserRewards ---> TOURGUIDESERVICE
getUserRewards ---> TOURGUIDESERVICE
getUserRewards ---> TOURGUIDESERVICE
getUserRewards ---> TOURGUIDESERVICE
getUserRewards ---> TOURGUIDESERVICE
getUserRewards ---> TOURGUIDESERVICE
getUserRewards ---> TOURGUIDESERVICE
getUserRewards ---> TOURGUIDESERVICE
getUserRewards ---> TOURGUIDESERVICE
getUserRewards ---> TOURGUIDESERVICE
getUserRewards ---> TOURGUIDESERVICE
getUserRewards ---> TOURGUIDESERVICE
getUserRewards ---> TOURGUIDESERVICE
getUserRewards ---> TOURGUIDESERVICE
getUserRewards ---> TOURGUIDESERVICE
getUserRewards ---> TOURGUIDESERVICE
getUserRewards ---> TOURGUIDESERVICE
getUserRewards ---> TOURGUIDESERVICE
getUserRewards ---> TOURGUIDESERVICE
getUserRewards ---> TOURGUIDESERVICE
getUserRewards ---> TOURGUIDESERVICE
getUserRewards ---> TOURGUIDESERVICE
getUserRewards ---> TOURGUIDESERVICE
getUserRewards ---> TOURGUIDESERVICE
getUserRewards ---> TOURGUIDESERVICE
getUserRewards ---> TOURGUIDESERVICE
getUserRewards ---> TOURGUIDESERVICE
getUserRewards ---> TOURGUIDESERVICE
getUserRewards ---> TOURGUIDESERVICE
getUserRewards ---> TOURGUIDESERVICE
getUserRewards ---> TOURGUIDESERVICE
getUserRewards ---> TOURGUIDESERVICE
getUserRewards ---> TOURGUIDESERVICE
getUserRewards ---> TOURGUIDESERVICE
getUserRewards ---> TOURGUIDESERVICE
getUserRewards ---> TOURGUIDESERVICE
getUserRewards ---> TOURGUIDESERVICE
getUserRewards ---> TOURGUIDESERVICE
getUserRewards ---> TOURGUIDESERVICE
getUserRewards ---> TOURGUIDESERVICE
getUserRewards ---> TOURGUIDESERVICE
getUserRewards ---> TOURGUIDESERVICE
getUserRewards ---> TOURGUIDESERVICE
getUserRewards ---> TOURGUIDESERVICE
getUserRewards ---> TOURGUIDESERVICE
getUserRewards ---> TOURGUIDESERVICE
getUserRewards ---> TOURGUIDESERVICE
getUserRewards ---> TOURGUIDESERVICE
getUserRewards ---> TOURGUIDESERVICE
getUserRewards ---> TOURGUIDESERVICE
getUserRewards ---> TOURGUIDESERVICE
getUserRewards ---> TOURGUIDESERVICE
getUserRewards ---> TOURGUIDESERVICE
getUserRewards ---> TOURGUIDESERVICE
getUserRewards ---> TOURGUIDESERVICE
getUserRewards ---> TOURGUIDESERVICE
getUserRewards ---> TOURGUIDESERVICE
getUserRewards ---> TOURGUIDESERVICE
getUserRewards ---> TOURGUIDESERVICE
getUserRewards ---> TOURGUIDESERVICE
getUserRewards ---> TOURGUIDESERVICE
getUserRewards ---> TOURGUIDESERVICE
getUserRewards ---> TOURGUIDESERVICE
getUserRewards ---> TOURGUIDESERVICE
getUserRewards ---> TOURGUIDESERVICE
getUserRewards ---> TOURGUIDESERVICE
getUserRewards ---> TOURGUIDESERVICE
getUserRewards ---> TOURGUIDESERVICE
getUserRewards ---> TOURGUIDESERVICE
getUserRewards ---> TOURGUIDESERVICE
getUserRewards ---> TOURGUIDESERVICE
getUserRewards ---> TOURGUIDESERVICE
getUserRewards ---> TOURGUIDESERVICE
getUserRewards ---> TOURGUIDESERVICE
getUserRewards ---> TOURGUIDESERVICE
getUserRewards ---> TOURGUIDESERVICE
getUserRewards ---> TOURGUIDESERVICE
getUserRewards ---> TOURGUIDESERVICE
getUserRewards ---> TOURGUIDESERVICE
getUserRewards ---> TOURGUIDESERVICE
getUserRewards ---> TOURGUIDESERVICE
getUserRewards ---> TOURGUIDESERVICE
getUserRewards ---> TOURGUIDESERVICE
getUserRewards ---> TOURGUIDESERVICE
getUserRewards ---> TOURGUIDESERVICE
getUserRewards ---> TOURGUIDESERVICE
getUserRewards ---> TOURGUIDESERVICE
getUserRewards ---> TOURGUIDESERVICE
getUserRewards ---> TOURGUIDESERVICE
getUserRewards ---> TOURGUIDESERVICE
getUserRewards ---> TOURGUIDESERVICE
getUserRewards ---> TOURGUIDESERVICE
getUserRewards ---> TOURGUIDESERVICE
getUserRewards ---> TOURGUIDESERVICE
getUserRewards ---> TOURGUIDESERVICE
getUserRewards ---> TOURGUIDESERVICE
getUserRewards ---> TOURGUIDESERVICE
getUserRewards ---> TOURGUIDESERVICE
getUserRewards ---> TOURGUIDESERVICE
getUserRewards ---> TOURGUIDESERVICE
getUserRewards ---> TOURGUIDESERVICE
getUserRewards ---> TOURGUIDESERVICE
getUserRewards ---> TOURGUIDESERVICE
getUserRewards ---> TOURGUIDESERVICE
getUserRewards ---> TOURGUIDESERVICE
getUserRewards ---> TOURGUIDESERVICE
getUserRewards ---> TOURGUIDESERVICE
getUserRewards ---> TOURGUIDESERVICE
getUserRewards ---> TOURGUIDESERVICE
getUserRewards ---> TOURGUIDESERVICE
getUserRewards ---> TOURGUIDESERVICE
getUserRewards ---> TOURGUIDESERVICE
getUserRewards ---> TOURGUIDESERVICE
getUserRewards ---> TOURGUIDESERVICE
getUserRewards ---> TOURGUIDESERVICE
getUserRewards ---> TOURGUIDESERVICE
getUserRewards ---> TOURGUIDESERVICE
getUserRewards ---> TOURGUIDESERVICE
getUserRewards ---> TOURGUIDESERVICE
getUserRewards ---> TOURGUIDESERVICE
getUserRewards ---> TOURGUIDESERVICE
getUserRewards ---> TOURGUIDESERVICE
getUserRewards ---> TOURGUIDESERVICE
getUserRewards ---> TOURGUIDESERVICE
getUserRewards ---> TOURGUIDESERVICE
getUserRewards ---> TOURGUIDESERVICE
getUserRewards ---> TOURGUIDESERVICE
getUserRewards ---> TOURGUIDESERVICE
getUserRewards ---> TOURGUIDESERVICE
getUserRewards ---> TOURGUIDESERVICE
getUserRewards ---> TOURGUIDESERVICE
getUserRewards ---> TOURGUIDESERVICE
getUserRewards ---> TOURGUIDESERVICE
getUserRewards ---> TOURGUIDESERVICE
getUserRewards ---> TOURGUIDESERVICE
getUserRewards ---> TOURGUIDESERVICE
getUserRewards ---> TOURGUIDESERVICE
getUserRewards ---> TOURGUIDESERVICE
getUserRewards ---> TOURGUIDESERVICE
getUserRewards ---> TOURGUIDESERVICE
getUserRewards ---> TOURGUIDESERVICE
getUserRewards ---> TOURGUIDESERVICE
getUserRewards ---> TOURGUIDESERVICE
getUserRewards ---> TOURGUIDESERVICE
getUserRewards ---> TOURGUIDESERVICE
getUserRewards ---> TOURGUIDESERVICE
getUserRewards ---> TOURGUIDESERVICE
getUserRewards ---> TOURGUIDESERVICE
getUserRewards ---> TOURGUIDESERVICE
getUserRewards ---> TOURGUIDESERVICE
getUserRewards ---> TOURGUIDESERVICE
getUserRewards ---> TOURGUIDESERVICE
getUserRewards ---> TOURGUIDESERVICE
getUserRewards ---> TOURGUIDESERVICE
getUserRewards ---> TOURGUIDESERVICE
getUserRewards ---> TOURGUIDESERVICE
getUserRewards ---> TOURGUIDESERVICE
getUserRewards ---> TOURGUIDESERVICE
getUserRewards ---> TOURGUIDESERVICE
getUserRewards ---> TOURGUIDESERVICE
getUserRewards ---> TOURGUIDESERVICE
getUserRewards ---> TOURGUIDESERVICE
getUserRewards ---> TOURGUIDESERVICE
getUserRewards ---> TOURGUIDESERVICE
getUserRewards ---> TOURGUIDESERVICE
getUserRewards ---> TOURGUIDESERVICE
getUserRewards ---> TOURGUIDESERVICE
getUserRewards ---> TOURGUIDESERVICE
getUserRewards ---> TOURGUIDESERVICE
getUserRewards ---> TOURGUIDESERVICE
getUserRewards ---> TOURGUIDESERVICE
getUserRewards ---> TOURGUIDESERVICE
getUserRewards ---> TOURGUIDESERVICE
getUserRewards ---> TOURGUIDESERVICE
getUserRewards ---> TOURGUIDESERVICE
getUserRewards ---> TOURGUIDESERVICE
getUserRewards ---> TOURGUIDESERVICE
getUserRewards ---> TOURGUIDESERVICE
getUserRewards ---> TOURGUIDESERVICE
getUserRewards ---> TOURGUIDESERVICE
getUserRewards ---> TOURGUIDESERVICE
getUserRewards ---> TOURGUIDESERVICE
getUserRewards ---> TOURGUIDESERVICE
getUserRewards ---> TOURGUIDESERVICE
getUserRewards ---> TOURGUIDESERVICE
getUserRewards ---> TOURGUIDESERVICE
getUserRewards ---> TOURGUIDESERVICE
getUserRewards ---> TOURGUIDESERVICE
getUserRewards ---> TOURGUIDESERVICE
getUserRewards ---> TOURGUIDESERVICE
getUserRewards ---> TOURGUIDESERVICE
getUserRewards ---> TOURGUIDESERVICE
getUserRewards ---> TOURGUIDESERVICE
getUserRewards ---> TOURGUIDESERVICE
getUserRewards ---> TOURGUIDESERVICE
getUserRewards ---> TOURGUIDESERVICE
getUserRewards ---> TOURGUIDESERVICE
getUserRewards ---> TOURGUIDESERVICE
getUserRewards ---> TOURGUIDESERVICE
getUserRewards ---> TOURGUIDESERVICE
getUserRewards ---> TOURGUIDESERVICE
getUserRewards ---> TOURGUIDESERVICE
getUserRewards ---> TOURGUIDESERVICE
getUserRewards ---> TOURGUIDESERVICE
getUserRewards ---> TOURGUIDESERVICE
getUserRewards ---> TOURGUIDESERVICE
getUserRewards ---> TOURGUIDESERVICE
getUserRewards ---> TOURGUIDESERVICE
getUserRewards ---> TOURGUIDESERVICE
getUserRewards ---> TOURGUIDESERVICE
getUserRewards ---> TOURGUIDESERVICE
getUserRewards ---> TOURGUIDESERVICE
getUserRewards ---> TOURGUIDESERVICE
getUserRewards ---> TOURGUIDESERVICE
getUserRewards ---> TOURGUIDESERVICE
getUserRewards ---> TOURGUIDESERVICE
getUserRewards ---> TOURGUIDESERVICE
getUserRewards ---> TOURGUIDESERVICE
getUserRewards ---> TOURGUIDESERVICE
getUserRewards ---> TOURGUIDESERVICE
getUserRewards ---> TOURGUIDESERVICE
getUserRewards ---> TOURGUIDESERVICE
getUserRewards ---> TOURGUIDESERVICE
getUserRewards ---> TOURGUIDESERVICE
getUserRewards ---> TOURGUIDESERVICE
getUserRewards ---> TOURGUIDESERVICE
getUserRewards ---> TOURGUIDESERVICE
getUserRewards ---> TOURGUIDESERVICE
getUserRewards ---> TOURGUIDESERVICE
getUserRewards ---> TOURGUIDESERVICE
getUserRewards ---> TOURGUIDESERVICE
getUserRewards ---> TOURGUIDESERVICE
getUserRewards ---> TOURGUIDESERVICE
getUserRewards ---> TOURGUIDESERVICE
getUserRewards ---> TOURGUIDESERVICE
getUserRewards ---> TOURGUIDESERVICE
getUserRewards ---> TOURGUIDESERVICE
getUserRewards ---> TOURGUIDESERVICE
getUserRewards ---> TOURGUIDESERVICE
getUserRewards ---> TOURGUIDESERVICE
getUserRewards ---> TOURGUIDESERVICE
getUserRewards ---> TOURGUIDESERVICE
getUserRewards ---> TOURGUIDESERVICE
getUserRewards ---> TOURGUIDESERVICE
getUserRewards ---> TOURGUIDESERVICE
getUserRewards ---> TOURGUIDESERVICE
getUserRewards ---> TOURGUIDESERVICE
getUserRewards ---> TOURGUIDESERVICE
getUserRewards ---> TOURGUIDESERVICE
getUserRewards ---> TOURGUIDESERVICE
getUserRewards ---> TOURGUIDESERVICE
getUserRewards ---> TOURGUIDESERVICE
getUserRewards ---> TOURGUIDESERVICE
getUserRewards ---> TOURGUIDESERVICE
getUserRewards ---> TOURGUIDESERVICE
getUserRewards ---> TOURGUIDESERVICE
getUserRewards ---> TOURGUIDESERVICE
getUserRewards ---> TOURGUIDESERVICE
getUserRewards ---> TOURGUIDESERVICE
getUserRewards ---> TOURGUIDESERVICE
getUserRewards ---> TOURGUIDESERVICE
getUserRewards ---> TOURGUIDESERVICE
getUserRewards ---> TOURGUIDESERVICE
getUserRewards ---> TOURGUIDESERVICE
getUserRewards ---> TOURGUIDESERVICE
getUserRewards ---> TOURGUIDESERVICE
getUserRewards ---> TOURGUIDESERVICE
getUserRewards ---> TOURGUIDESERVICE
getUserRewards ---> TOURGUIDESERVICE
getUserRewards ---> TOURGUIDESERVICE
getUserRewards ---> TOURGUIDESERVICE
getUserRewards ---> TOURGUIDESERVICE
getUserRewards ---> TOURGUIDESERVICE
getUserRewards ---> TOURGUIDESERVICE
getUserRewards ---> TOURGUIDESERVICE
getUserRewards ---> TOURGUIDESERVICE
getUserRewards ---> TOURGUIDESERVICE
getUserRewards ---> TOURGUIDESERVICE
getUserRewards ---> TOURGUIDESERVICE
getUserRewards ---> TOURGUIDESERVICE
getUserRewards ---> TOURGUIDESERVICE
getUserRewards ---> TOURGUIDESERVICE
getUserRewards ---> TOURGUIDESERVICE
getUserRewards ---> TOURGUIDESERVICE
getUserRewards ---> TOURGUIDESERVICE
getUserRewards ---> TOURGUIDESERVICE
getUserRewards ---> TOURGUIDESERVICE
getUserRewards ---> TOURGUIDESERVICE
getUserRewards ---> TOURGUIDESERVICE
getUserRewards ---> TOURGUIDESERVICE
getUserRewards ---> TOURGUIDESERVICE
getUserRewards ---> TOURGUIDESERVICE
getUserRewards ---> TOURGUIDESERVICE
getUserRewards ---> TOURGUIDESERVICE
getUserRewards ---> TOURGUIDESERVICE
getUserRewards ---> TOURGUIDESERVICE
getUserRewards ---> TOURGUIDESERVICE
getUserRewards ---> TOURGUIDESERVICE
getUserRewards ---> TOURGUIDESERVICE
getUserRewards ---> TOURGUIDESERVICE
getUserRewards ---> TOURGUIDESERVICE
getUserRewards ---> TOURGUIDESERVICE
getUserRewards ---> TOURGUIDESERVICE
getUserRewards ---> TOURGUIDESERVICE
getUserRewards ---> TOURGUIDESERVICE
getUserRewards ---> TOURGUIDESERVICE
getUserRewards ---> TOURGUIDESERVICE
getUserRewards ---> TOURGUIDESERVICE
getUserRewards ---> TOURGUIDESERVICE
getUserRewards ---> TOURGUIDESERVICE
getUserRewards ---> TOURGUIDESERVICE
getUserRewards ---> TOURGUIDESERVICE
getUserRewards ---> TOURGUIDESERVICE
getUserRewards ---> TOURGUIDESERVICE
getUserRewards ---> TOURGUIDESERVICE
getUserRewards ---> TOURGUIDESERVICE
getUserRewards ---> TOURGUIDESERVICE
getUserRewards ---> TOURGUIDESERVICE
getUserRewards ---> TOURGUIDESERVICE
getUserRewards ---> TOURGUIDESERVICE
getUserRewards ---> TOURGUIDESERVICE
getUserRewards ---> TOURGUIDESERVICE
getUserRewards ---> TOURGUIDESERVICE
getUserRewards ---> TOURGUIDESERVICE
getUserRewards ---> TOURGUIDESERVICE
getUserRewards ---> TOURGUIDESERVICE
getUserRewards ---> TOURGUIDESERVICE
getUserRewards ---> TOURGUIDESERVICE
getUserRewards ---> TOURGUIDESERVICE
getUserRewards ---> TOURGUIDESERVICE
getUserRewards ---> TOURGUIDESERVICE
getUserRewards ---> TOURGUIDESERVICE
getUserRewards ---> TOURGUIDESERVICE
getUserRewards ---> TOURGUIDESERVICE
getUserRewards ---> TOURGUIDESERVICE
getUserRewards ---> TOURGUIDESERVICE
getUserRewards ---> TOURGUIDESERVICE
getUserRewards ---> TOURGUIDESERVICE
getUserRewards ---> TOURGUIDESERVICE
getUserRewards ---> TOURGUIDESERVICE
getUserRewards ---> TOURGUIDESERVICE
getUserRewards ---> TOURGUIDESERVICE
getUserRewards ---> TOURGUIDESERVICE
getUserRewards ---> TOURGUIDESERVICE
getUserRewards ---> TOURGUIDESERVICE
getUserRewards ---> TOURGUIDESERVICE
getUserRewards ---> TOURGUIDESERVICE
getUserRewards ---> TOURGUIDESERVICE
getUserRewards ---> TOURGUIDESERVICE
getUserRewards ---> TOURGUIDESERVICE
getUserRewards ---> TOURGUIDESERVICE
getUserRewards ---> TOURGUIDESERVICE
getUserRewards ---> TOURGUIDESERVICE
getUserRewards ---> TOURGUIDESERVICE
getUserRewards ---> TOURGUIDESERVICE
getUserRewards ---> TOURGUIDESERVICE
getUserRewards ---> TOURGUIDESERVICE
getUserRewards ---> TOURGUIDESERVICE
getUserRewards ---> TOURGUIDESERVICE
getUserRewards ---> TOURGUIDESERVICE
getUserRewards ---> TOURGUIDESERVICE
getUserRewards ---> TOURGUIDESERVICE
getUserRewards ---> TOURGUIDESERVICE
getUserRewards ---> TOURGUIDESERVICE
getUserRewards ---> TOURGUIDESERVICE
getUserRewards ---> TOURGUIDESERVICE
getUserRewards ---> TOURGUIDESERVICE
getUserRewards ---> TOURGUIDESERVICE
getUserRewards ---> TOURGUIDESERVICE
getUserRewards ---> TOURGUIDESERVICE
getUserRewards ---> TOURGUIDESERVICE
getUserRewards ---> TOURGUIDESERVICE
getUserRewards ---> TOURGUIDESERVICE
getUserRewards ---> TOURGUIDESERVICE
getUserRewards ---> TOURGUIDESERVICE
getUserRewards ---> TOURGUIDESERVICE
getUserRewards ---> TOURGUIDESERVICE
getUserRewards ---> TOURGUIDESERVICE
getUserRewards ---> TOURGUIDESERVICE
getUserRewards ---> TOURGUIDESERVICE
getUserRewards ---> TOURGUIDESERVICE
getUserRewards ---> TOURGUIDESERVICE
getUserRewards ---> TOURGUIDESERVICE
getUserRewards ---> TOURGUIDESERVICE
getUserRewards ---> TOURGUIDESERVICE
getUserRewards ---> TOURGUIDESERVICE
getUserRewards ---> TOURGUIDESERVICE
getUserRewards ---> TOURGUIDESERVICE
getUserRewards ---> TOURGUIDESERVICE
getUserRewards ---> TOURGUIDESERVICE
getUserRewards ---> TOURGUIDESERVICE
getUserRewards ---> TOURGUIDESERVICE
getUserRewards ---> TOURGUIDESERVICE
getUserRewards ---> TOURGUIDESERVICE
getUserRewards ---> TOURGUIDESERVICE
getUserRewards ---> TOURGUIDESERVICE
getUserRewards ---> TOURGUIDESERVICE
getUserRewards ---> TOURGUIDESERVICE
getUserRewards ---> TOURGUIDESERVICE
getUserRewards ---> TOURGUIDESERVICE
getUserRewards ---> TOURGUIDESERVICE
getUserRewards ---> TOURGUIDESERVICE
getUserRewards ---> TOURGUIDESERVICE
getUserRewards ---> TOURGUIDESERVICE
getUserRewards ---> TOURGUIDESERVICE
getUserRewards ---> TOURGUIDESERVICE
getUserRewards ---> TOURGUIDESERVICE
getUserRewards ---> TOURGUIDESERVICE
getUserRewards ---> TOURGUIDESERVICE
getUserRewards ---> TOURGUIDESERVICE
getUserRewards ---> TOURGUIDESERVICE
getUserRewards ---> TOURGUIDESERVICE
getUserRewards ---> TOURGUIDESERVICE
getUserRewards ---> TOURGUIDESERVICE
getUserRewards ---> TOURGUIDESERVICE
getUserRewards ---> TOURGUIDESERVICE
getUserRewards ---> TOURGUIDESERVICE
getUserRewards ---> TOURGUIDESERVICE
getUserRewards ---> TOURGUIDESERVICE
getUserRewards ---> TOURGUIDESERVICE
getUserRewards ---> TOURGUIDESERVICE
getUserRewards ---> TOURGUIDESERVICE
getUserRewards ---> TOURGUIDESERVICE
getUserRewards ---> TOURGUIDESERVICE
getUserRewards ---> TOURGUIDESERVICE
getUserRewards ---> TOURGUIDESERVICE
getUserRewards ---> TOURGUIDESERVICE
getUserRewards ---> TOURGUIDESERVICE
getUserRewards ---> TOURGUIDESERVICE
getUserRewards ---> TOURGUIDESERVICE
getUserRewards ---> TOURGUIDESERVICE
getUserRewards ---> TOURGUIDESERVICE
getUserRewards ---> TOURGUIDESERVICE
getUserRewards ---> TOURGUIDESERVICE
getUserRewards ---> TOURGUIDESERVICE
getUserRewards ---> TOURGUIDESERVICE
getUserRewards ---> TOURGUIDESERVICE
getUserRewards ---> TOURGUIDESERVICE
getUserRewards ---> TOURGUIDESERVICE
getUserRewards ---> TOURGUIDESERVICE
getUserRewards ---> TOURGUIDESERVICE
getUserRewards ---> TOURGUIDESERVICE
getUserRewards ---> TOURGUIDESERVICE
getUserRewards ---> TOURGUIDESERVICE
getUserRewards ---> TOURGUIDESERVICE
getUserRewards ---> TOURGUIDESERVICE
getUserRewards ---> TOURGUIDESERVICE
getUserRewards ---> TOURGUIDESERVICE
getUserRewards ---> TOURGUIDESERVICE
getUserRewards ---> TOURGUIDESERVICE
getUserRewards ---> TOURGUIDESERVICE
getUserRewards ---> TOURGUIDESERVICE
getUserRewards ---> TOURGUIDESERVICE
getUserRewards ---> TOURGUIDESERVICE
getUserRewards ---> TOURGUIDESERVICE
getUserRewards ---> TOURGUIDESERVICE
getUserRewards ---> TOURGUIDESERVICE
getUserRewards ---> TOURGUIDESERVICE
getUserRewards ---> TOURGUIDESERVICE
getUserRewards ---> TOURGUIDESERVICE
getUserRewards ---> TOURGUIDESERVICE
getUserRewards ---> TOURGUIDESERVICE
getUserRewards ---> TOURGUIDESERVICE
getUserRewards ---> TOURGUIDESERVICE
getUserRewards ---> TOURGUIDESERVICE
getUserRewards ---> TOURGUIDESERVICE
getUserRewards ---> TOURGUIDESERVICE
getUserRewards ---> TOURGUIDESERVICE
getUserRewards ---> TOURGUIDESERVICE
getUserRewards ---> TOURGUIDESERVICE
getUserRewards ---> TOURGUIDESERVICE
getUserRewards ---> TOURGUIDESERVICE
getUserRewards ---> TOURGUIDESERVICE
getUserRewards ---> TOURGUIDESERVICE
getUserRewards ---> TOURGUIDESERVICE
getUserRewards ---> TOURGUIDESERVICE
getUserRewards ---> TOURGUIDESERVICE
getUserRewards ---> TOURGUIDESERVICE
getUserRewards ---> TOURGUIDESERVICE
getUserRewards ---> TOURGUIDESERVICE
getUserRewards ---> TOURGUIDESERVICE
getUserRewards ---> TOURGUIDESERVICE
getUserRewards ---> TOURGUIDESERVICE
getUserRewards ---> TOURGUIDESERVICE
getUserRewards ---> TOURGUIDESERVICE
getUserRewards ---> TOURGUIDESERVICE
getUserRewards ---> TOURGUIDESERVICE
getUserRewards ---> TOURGUIDESERVICE
getUserRewards ---> TOURGUIDESERVICE
getUserRewards ---> TOURGUIDESERVICE
getUserRewards ---> TOURGUIDESERVICE
getUserRewards ---> TOURGUIDESERVICE
getUserRewards ---> TOURGUIDESERVICE
getUserRewards ---> TOURGUIDESERVICE
getUserRewards ---> TOURGUIDESERVICE
getUserRewards ---> TOURGUIDESERVICE
getUserRewards ---> TOURGUIDESERVICE
getUserRewards ---> TOURGUIDESERVICE
getUserRewards ---> TOURGUIDESERVICE
getUserRewards ---> TOURGUIDESERVICE
getUserRewards ---> TOURGUIDESERVICE
getUserRewards ---> TOURGUIDESERVICE
getUserRewards ---> TOURGUIDESERVICE
getUserRewards ---> TOURGUIDESERVICE
getUserRewards ---> TOURGUIDESERVICE
getUserRewards ---> TOURGUIDESERVICE
getUserRewards ---> TOURGUIDESERVICE
getUserRewards ---> TOURGUIDESERVICE
getUserRewards ---> TOURGUIDESERVICE
getUserRewards ---> TOURGUIDESERVICE
getUserRewards ---> TOURGUIDESERVICE
getUserRewards ---> TOURGUIDESERVICE
getUserRewards ---> TOURGUIDESERVICE
getUserRewards ---> TOURGUIDESERVICE
getUserRewards ---> TOURGUIDESERVICE
getUserRewards ---> TOURGUIDESERVICE
getUserRewards ---> TOURGUIDESERVICE
getUserRewards ---> TOURGUIDESERVICE
getUserRewards ---> TOURGUIDESERVICE
getUserRewards ---> TOURGUIDESERVICE
getUserRewards ---> TOURGUIDESERVICE
getUserRewards ---> TOURGUIDESERVICE
getUserRewards ---> TOURGUIDESERVICE
getUserRewards ---> TOURGUIDESERVICE
getUserRewards ---> TOURGUIDESERVICE
getUserRewards ---> TOURGUIDESERVICE
getUserRewards ---> TOURGUIDESERVICE
getUserRewards ---> TOURGUIDESERVICE
getUserRewards ---> TOURGUIDESERVICE
getUserRewards ---> TOURGUIDESERVICE
getUserRewards ---> TOURGUIDESERVICE
getUserRewards ---> TOURGUIDESERVICE
getUserRewards ---> TOURGUIDESERVICE
getUserRewards ---> TOURGUIDESERVICE
getUserRewards ---> TOURGUIDESERVICE
getUserRewards ---> TOURGUIDESERVICE
getUserRewards ---> TOURGUIDESERVICE
getUserRewards ---> TOURGUIDESERVICE
getUserRewards ---> TOURGUIDESERVICE
getUserRewards ---> TOURGUIDESERVICE
getUserRewards ---> TOURGUIDESERVICE
getUserRewards ---> TOURGUIDESERVICE
getUserRewards ---> TOURGUIDESERVICE
getUserRewards ---> TOURGUIDESERVICE
getUserRewards ---> TOURGUIDESERVICE
getUserRewards ---> TOURGUIDESERVICE
getUserRewards ---> TOURGUIDESERVICE
getUserRewards ---> TOURGUIDESERVICE
getUserRewards ---> TOURGUIDESERVICE
getUserRewards ---> TOURGUIDESERVICE
getUserRewards ---> TOURGUIDESERVICE
getUserRewards ---> TOURGUIDESERVICE
getUserRewards ---> TOURGUIDESERVICE
getUserRewards ---> TOURGUIDESERVICE
getUserRewards ---> TOURGUIDESERVICE
getUserRewards ---> TOURGUIDESERVICE
getUserRewards ---> TOURGUIDESERVICE
getUserRewards ---> TOURGUIDESERVICE
getUserRewards ---> TOURGUIDESERVICE
getUserRewards ---> TOURGUIDESERVICE
getUserRewards ---> TOURGUIDESERVICE
getUserRewards ---> TOURGUIDESERVICE
getUserRewards ---> TOURGUIDESERVICE
getUserRewards ---> TOURGUIDESERVICE
getUserRewards ---> TOURGUIDESERVICE
getUserRewards ---> TOURGUIDESERVICE
getUserRewards ---> TOURGUIDESERVICE
getUserRewards ---> TOURGUIDESERVICE
getUserRewards ---> TOURGUIDESERVICE
getUserRewards ---> TOURGUIDESERVICE
getUserRewards ---> TOURGUIDESERVICE
getUserRewards ---> TOURGUIDESERVICE
getUserRewards ---> TOURGUIDESERVICE
getUserRewards ---> TOURGUIDESERVICE
getUserRewards ---> TOURGUIDESERVICE
getUserRewards ---> TOURGUIDESERVICE
getUserRewards ---> TOURGUIDESERVICE
getUserRewards ---> TOURGUIDESERVICE
getUserRewards ---> TOURGUIDESERVICE
getUserRewards ---> TOURGUIDESERVICE
getUserRewards ---> TOURGUIDESERVICE
getUserRewards ---> TOURGUIDESERVICE
getUserRewards ---> TOURGUIDESERVICE
getUserRewards ---> TOURGUIDESERVICE
getUserRewards ---> TOURGUIDESERVICE
getUserRewards ---> TOURGUIDESERVICE
getUserRewards ---> TOURGUIDESERVICE
getUserRewards ---> TOURGUIDESERVICE
getUserRewards ---> TOURGUIDESERVICE
getUserRewards ---> TOURGUIDESERVICE
getUserRewards ---> TOURGUIDESERVICE
getUserRewards ---> TOURGUIDESERVICE
getUserRewards ---> TOURGUIDESERVICE
getUserRewards ---> TOURGUIDESERVICE
getUserRewards ---> TOURGUIDESERVICE
getUserRewards ---> TOURGUIDESERVICE
getUserRewards ---> TOURGUIDESERVICE
getUserRewards ---> TOURGUIDESERVICE
getUserRewards ---> TOURGUIDESERVICE
getUserRewards ---> TOURGUIDESERVICE
getUserRewards ---> TOURGUIDESERVICE
getUserRewards ---> TOURGUIDESERVICE
getUserRewards ---> TOURGUIDESERVICE
getUserRewards ---> TOURGUIDESERVICE
getUserRewards ---> TOURGUIDESERVICE
getUserRewards ---> TOURGUIDESERVICE
getUserRewards ---> TOURGUIDESERVICE
getUserRewards ---> TOURGUIDESERVICE
getUserRewards ---> TOURGUIDESERVICE
getUserRewards ---> TOURGUIDESERVICE
getUserRewards ---> TOURGUIDESERVICE
getUserRewards ---> TOURGUIDESERVICE
getUserRewards ---> TOURGUIDESERVICE
getUserRewards ---> TOURGUIDESERVICE
getUserRewards ---> TOURGUIDESERVICE
getUserRewards ---> TOURGUIDESERVICE
getUserRewards ---> TOURGUIDESERVICE
getUserRewards ---> TOURGUIDESERVICE
getUserRewards ---> TOURGUIDESERVICE
getUserRewards ---> TOURGUIDESERVICE
getUserRewards ---> TOURGUIDESERVICE
getUserRewards ---> TOURGUIDESERVICE
getUserRewards ---> TOURGUIDESERVICE
getUserRewards ---> TOURGUIDESERVICE
getUserRewards ---> TOURGUIDESERVICE
getUserRewards ---> TOURGUIDESERVICE
getUserRewards ---> TOURGUIDESERVICE
getUserRewards ---> TOURGUIDESERVICE
getUserRewards ---> TOURGUIDESERVICE
getUserRewards ---> TOURGUIDESERVICE
getUserRewards ---> TOURGUIDESERVICE
getUserRewards ---> TOURGUIDESERVICE
getUserRewards ---> TOURGUIDESERVICE
getUserRewards ---> TOURGUIDESERVICE
getUserRewards ---> TOURGUIDESERVICE
getUserRewards ---> TOURGUIDESERVICE
getUserRewards ---> TOURGUIDESERVICE
getUserRewards ---> TOURGUIDESERVICE
getUserRewards ---> TOURGUIDESERVICE
getUserRewards ---> TOURGUIDESERVICE
getUserRewards ---> TOURGUIDESERVICE
getUserRewards ---> TOURGUIDESERVICE
getUserRewards ---> TOURGUIDESERVICE
getUserRewards ---> TOURGUIDESERVICE
getUserRewards ---> TOURGUIDESERVICE
getUserRewards ---> TOURGUIDESERVICE
getUserRewards ---> TOURGUIDESERVICE
getUserRewards ---> TOURGUIDESERVICE
getUserRewards ---> TOURGUIDESERVICE
getUserRewards ---> TOURGUIDESERVICE
getUserRewards ---> TOURGUIDESERVICE
getUserRewards ---> TOURGUIDESERVICE
getUserRewards ---> TOURGUIDESERVICE
getUserRewards ---> TOURGUIDESERVICE
getUserRewards ---> TOURGUIDESERVICE
getUserRewards ---> TOURGUIDESERVICE
getUserRewards ---> TOURGUIDESERVICE
getUserRewards ---> TOURGUIDESERVICE
getUserRewards ---> TOURGUIDESERVICE
getUserRewards ---> TOURGUIDESERVICE
getUserRewards ---> TOURGUIDESERVICE
getUserRewards ---> TOURGUIDESERVICE
getUserRewards ---> TOURGUIDESERVICE
getUserRewards ---> TOURGUIDESERVICE
getUserRewards ---> TOURGUIDESERVICE
getUserRewards ---> TOURGUIDESERVICE
getUserRewards ---> TOURGUIDESERVICE
getUserRewards ---> TOURGUIDESERVICE
getUserRewards ---> TOURGUIDESERVICE
getUserRewards ---> TOURGUIDESERVICE
getUserRewards ---> TOURGUIDESERVICE
getUserRewards ---> TOURGUIDESERVICE
getUserRewards ---> TOURGUIDESERVICE
getUserRewards ---> TOURGUIDESERVICE
getUserRewards ---> TOURGUIDESERVICE
getUserRewards ---> TOURGUIDESERVICE
getUserRewards ---> TOURGUIDESERVICE
getUserRewards ---> TOURGUIDESERVICE
getUserRewards ---> TOURGUIDESERVICE
getUserRewards ---> TOURGUIDESERVICE
getUserRewards ---> TOURGUIDESERVICE
getUserRewards ---> TOURGUIDESERVICE
getUserRewards ---> TOURGUIDESERVICE
getUserRewards ---> TOURGUIDESERVICE
getUserRewards ---> TOURGUIDESERVICE
getUserRewards ---> TOURGUIDESERVICE
getUserRewards ---> TOURGUIDESERVICE
getUserRewards ---> TOURGUIDESERVICE
getUserRewards ---> TOURGUIDESERVICE
getUserRewards ---> TOURGUIDESERVICE
getUserRewards ---> TOURGUIDESERVICE
getUserRewards ---> TOURGUIDESERVICE
getUserRewards ---> TOURGUIDESERVICE
getUserRewards ---> TOURGUIDESERVICE
getUserRewards ---> TOURGUIDESERVICE
getUserRewards ---> TOURGUIDESERVICE
getUserRewards ---> TOURGUIDESERVICE
getUserRewards ---> TOURGUIDESERVICE
getUserRewards ---> TOURGUIDESERVICE
getUserRewards ---> TOURGUIDESERVICE
getUserRewards ---> TOURGUIDESERVICE
getUserRewards ---> TOURGUIDESERVICE
getUserRewards ---> TOURGUIDESERVICE
getUserRewards ---> TOURGUIDESERVICE
getUserRewards ---> TOURGUIDESERVICE
getUserRewards ---> TOURGUIDESERVICE
getUserRewards ---> TOURGUIDESERVICE
getUserRewards ---> TOURGUIDESERVICE
getUserRewards ---> TOURGUIDESERVICE
getUserRewards ---> TOURGUIDESERVICE
getUserRewards ---> TOURGUIDESERVICE
getUserRewards ---> TOURGUIDESERVICE
getUserRewards ---> TOURGUIDESERVICE
getUserRewards ---> TOURGUIDESERVICE
getUserRewards ---> TOURGUIDESERVICE
getUserRewards ---> TOURGUIDESERVICE
getUserRewards ---> TOURGUIDESERVICE
getUserRewards ---> TOURGUIDESERVICE
getUserRewards ---> TOURGUIDESERVICE
getUserRewards ---> TOURGUIDESERVICE
getUserRewards ---> TOURGUIDESERVICE
getUserRewards ---> TOURGUIDESERVICE
getUserRewards ---> TOURGUIDESERVICE
getUserRewards ---> TOURGUIDESERVICE
getUserRewards ---> TOURGUIDESERVICE
getUserRewards ---> TOURGUIDESERVICE
getUserRewards ---> TOURGUIDESERVICE
getUserRewards ---> TOURGUIDESERVICE
getUserRewards ---> TOURGUIDESERVICE
getUserRewards ---> TOURGUIDESERVICE
getUserRewards ---> TOURGUIDESERVICE
getUserRewards ---> TOURGUIDESERVICE
getUserRewards ---> TOURGUIDESERVICE
getUserRewards ---> TOURGUIDESERVICE
getUserRewards ---> TOURGUIDESERVICE
getUserRewards ---> TOURGUIDESERVICE
getUserRewards ---> TOURGUIDESERVICE
getUserRewards ---> TOURGUIDESERVICE
getUserRewards ---> TOURGUIDESERVICE
getUserRewards ---> TOURGUIDESERVICE
getUserRewards ---> TOURGUIDESERVICE
getUserRewards ---> TOURGUIDESERVICE
getUserRewards ---> TOURGUIDESERVICE
getUserRewards ---> TOURGUIDESERVICE
getUserRewards ---> TOURGUIDESERVICE
getUserRewards ---> TOURGUIDESERVICE
getUserRewards ---> TOURGUIDESERVICE
getUserRewards ---> TOURGUIDESERVICE
getUserRewards ---> TOURGUIDESERVICE
getUserRewards ---> TOURGUIDESERVICE
getUserRewards ---> TOURGUIDESERVICE
getUserRewards ---> TOURGUIDESERVICE
getUserRewards ---> TOURGUIDESERVICE
getUserRewards ---> TOURGUIDESERVICE
getUserRewards ---> TOURGUIDESERVICE
getUserRewards ---> TOURGUIDESERVICE
getUserRewards ---> TOURGUIDESERVICE
getUserRewards ---> TOURGUIDESERVICE
getUserRewards ---> TOURGUIDESERVICE
getUserRewards ---> TOURGUIDESERVICE
getUserRewards ---> TOURGUIDESERVICE
getUserRewards ---> TOURGUIDESERVICE
getUserRewards ---> TOURGUIDESERVICE
getUserRewards ---> TOURGUIDESERVICE
getUserRewards ---> TOURGUIDESERVICE
getUserRewards ---> TOURGUIDESERVICE
getUserRewards ---> TOURGUIDESERVICE
getUserRewards ---> TOURGUIDESERVICE
getUserRewards ---> TOURGUIDESERVICE
getUserRewards ---> TOURGUIDESERVICE
getUserRewards ---> TOURGUIDESERVICE
getUserRewards ---> TOURGUIDESERVICE
getUserRewards ---> TOURGUIDESERVICE
getUserRewards ---> TOURGUIDESERVICE
getUserRewards ---> TOURGUIDESERVICE
getUserRewards ---> TOURGUIDESERVICE
getUserRewards ---> TOURGUIDESERVICE
getUserRewards ---> TOURGUIDESERVICE
getUserRewards ---> TOURGUIDESERVICE
getUserRewards ---> TOURGUIDESERVICE
getUserRewards ---> TOURGUIDESERVICE
getUserRewards ---> TOURGUIDESERVICE
getUserRewards ---> TOURGUIDESERVICE
getUserRewards ---> TOURGUIDESERVICE
getUserRewards ---> TOURGUIDESERVICE
getUserRewards ---> TOURGUIDESERVICE
getUserRewards ---> TOURGUIDESERVICE
getUserRewards ---> TOURGUIDESERVICE
getUserRewards ---> TOURGUIDESERVICE
getUserRewards ---> TOURGUIDESERVICE
getUserRewards ---> TOURGUIDESERVICE
getUserRewards ---> TOURGUIDESERVICE
getUserRewards ---> TOURGUIDESERVICE
getUserRewards ---> TOURGUIDESERVICE
getUserRewards ---> TOURGUIDESERVICE
getUserRewards ---> TOURGUIDESERVICE
getUserRewards ---> TOURGUIDESERVICE
getUserRewards ---> TOURGUIDESERVICE
getUserRewards ---> TOURGUIDESERVICE
getUserRewards ---> TOURGUIDESERVICE
getUserRewards ---> TOURGUIDESERVICE
getUserRewards ---> TOURGUIDESERVICE
getUserRewards ---> TOURGUIDESERVICE
getUserRewards ---> TOURGUIDESERVICE
getUserRewards ---> TOURGUIDESERVICE
getUserRewards ---> TOURGUIDESERVICE
getUserRewards ---> TOURGUIDESERVICE
getUserRewards ---> TOURGUIDESERVICE
getUserRewards ---> TOURGUIDESERVICE
getUserRewards ---> TOURGUIDESERVICE
getUserRewards ---> TOURGUIDESERVICE
getUserRewards ---> TOURGUIDESERVICE
getUserRewards ---> TOURGUIDESERVICE
getUserRewards ---> TOURGUIDESERVICE
getUserRewards ---> TOURGUIDESERVICE
getUserRewards ---> TOURGUIDESERVICE
getUserRewards ---> TOURGUIDESERVICE
getUserRewards ---> TOURGUIDESERVICE
getUserRewards ---> TOURGUIDESERVICE
getUserRewards ---> TOURGUIDESERVICE
getUserRewards ---> TOURGUIDESERVICE
getUserRewards ---> TOURGUIDESERVICE
getUserRewards ---> TOURGUIDESERVICE
getUserRewards ---> TOURGUIDESERVICE
getUserRewards ---> TOURGUIDESERVICE
getUserRewards ---> TOURGUIDESERVICE
getUserRewards ---> TOURGUIDESERVICE
getUserRewards ---> TOURGUIDESERVICE
getUserRewards ---> TOURGUIDESERVICE
getUserRewards ---> TOURGUIDESERVICE
getUserRewards ---> TOURGUIDESERVICE
getUserRewards ---> TOURGUIDESERVICE
getUserRewards ---> TOURGUIDESERVICE
getUserRewards ---> TOURGUIDESERVICE
getUserRewards ---> TOURGUIDESERVICE
getUserRewards ---> TOURGUIDESERVICE
getUserRewards ---> TOURGUIDESERVICE
getUserRewards ---> TOURGUIDESERVICE
getUserRewards ---> TOURGUIDESERVICE
getUserRewards ---> TOURGUIDESERVICE
getUserRewards ---> TOURGUIDESERVICE
getUserRewards ---> TOURGUIDESERVICE
getUserRewards ---> TOURGUIDESERVICE
getUserRewards ---> TOURGUIDESERVICE
getUserRewards ---> TOURGUIDESERVICE
getUserRewards ---> TOURGUIDESERVICE
getUserRewards ---> TOURGUIDESERVICE
getUserRewards ---> TOURGUIDESERVICE
getUserRewards ---> TOURGUIDESERVICE
getUserRewards ---> TOURGUIDESERVICE
getUserRewards ---> TOURGUIDESERVICE
getUserRewards ---> TOURGUIDESERVICE
getUserRewards ---> TOURGUIDESERVICE
getUserRewards ---> TOURGUIDESERVICE
getUserRewards ---> TOURGUIDESERVICE
getUserRewards ---> TOURGUIDESERVICE
getUserRewards ---> TOURGUIDESERVICE
getUserRewards ---> TOURGUIDESERVICE
getUserRewards ---> TOURGUIDESERVICE
getUserRewards ---> TOURGUIDESERVICE
getUserRewards ---> TOURGUIDESERVICE
getUserRewards ---> TOURGUIDESERVICE
getUserRewards ---> TOURGUIDESERVICE
getUserRewards ---> TOURGUIDESERVICE
getUserRewards ---> TOURGUIDESERVICE
getUserRewards ---> TOURGUIDESERVICE
getUserRewards ---> TOURGUIDESERVICE
getUserRewards ---> TOURGUIDESERVICE
getUserRewards ---> TOURGUIDESERVICE
getUserRewards ---> TOURGUIDESERVICE
getUserRewards ---> TOURGUIDESERVICE
getUserRewards ---> TOURGUIDESERVICE
getUserRewards ---> TOURGUIDESERVICE
getUserRewards ---> TOURGUIDESERVICE
getUserRewards ---> TOURGUIDESERVICE
getUserRewards ---> TOURGUIDESERVICE
getUserRewards ---> TOURGUIDESERVICE
getUserRewards ---> TOURGUIDESERVICE
getUserRewards ---> TOURGUIDESERVICE
getUserRewards ---> TOURGUIDESERVICE
getUserRewards ---> TOURGUIDESERVICE
getUserRewards ---> TOURGUIDESERVICE
getUserRewards ---> TOURGUIDESERVICE
getUserRewards ---> TOURGUIDESERVICE
getUserRewards ---> TOURGUIDESERVICE
getUserRewards ---> TOURGUIDESERVICE
getUserRewards ---> TOURGUIDESERVICE
getUserRewards ---> TOURGUIDESERVICE
getUserRewards ---> TOURGUIDESERVICE
getUserRewards ---> TOURGUIDESERVICE
getUserRewards ---> TOURGUIDESERVICE
getUserRewards ---> TOURGUIDESERVICE
getUserRewards ---> TOURGUIDESERVICE
getUserRewards ---> TOURGUIDESERVICE
getUserRewards ---> TOURGUIDESERVICE
getUserRewards ---> TOURGUIDESERVICE
getUserRewards ---> TOURGUIDESERVICE
getUserRewards ---> TOURGUIDESERVICE
getUserRewards ---> TOURGUIDESERVICE
getUserRewards ---> TOURGUIDESERVICE
getUserRewards ---> TOURGUIDESERVICE
getUserRewards ---> TOURGUIDESERVICE
getUserRewards ---> TOURGUIDESERVICE
getUserRewards ---> TOURGUIDESERVICE
getUserRewards ---> TOURGUIDESERVICE
getUserRewards ---> TOURGUIDESERVICE
getUserRewards ---> TOURGUIDESERVICE
getUserRewards ---> TOURGUIDESERVICE
getUserRewards ---> TOURGUIDESERVICE
getUserRewards ---> TOURGUIDESERVICE
getUserRewards ---> TOURGUIDESERVICE
getUserRewards ---> TOURGUIDESERVICE
getUserRewards ---> TOURGUIDESERVICE
getUserRewards ---> TOURGUIDESERVICE
getUserRewards ---> TOURGUIDESERVICE
getUserRewards ---> TOURGUIDESERVICE
getUserRewards ---> TOURGUIDESERVICE
getUserRewards ---> TOURGUIDESERVICE
getUserRewards ---> TOURGUIDESERVICE
getUserRewards ---> TOURGUIDESERVICE
getUserRewards ---> TOURGUIDESERVICE
getUserRewards ---> TOURGUIDESERVICE
getUserRewards ---> TOURGUIDESERVICE
getUserRewards ---> TOURGUIDESERVICE
getUserRewards ---> TOURGUIDESERVICE
getUserRewards ---> TOURGUIDESERVICE
getUserRewards ---> TOURGUIDESERVICE
getUserRewards ---> TOURGUIDESERVICE
getUserRewards ---> TOURGUIDESERVICE
getUserRewards ---> TOURGUIDESERVICE
getUserRewards ---> TOURGUIDESERVICE
getUserRewards ---> TOURGUIDESERVICE
getUserRewards ---> TOURGUIDESERVICE
getUserRewards ---> TOURGUIDESERVICE
getUserRewards ---> TOURGUIDESERVICE
getUserRewards ---> TOURGUIDESERVICE
getUserRewards ---> TOURGUIDESERVICE
getUserRewards ---> TOURGUIDESERVICE
getUserRewards ---> TOURGUIDESERVICE
getUserRewards ---> TOURGUIDESERVICE
getUserRewards ---> TOURGUIDESERVICE
getUserRewards ---> TOURGUIDESERVICE
getUserRewards ---> TOURGUIDESERVICE
getUserRewards ---> TOURGUIDESERVICE
getUserRewards ---> TOURGUIDESERVICE
getUserRewards ---> TOURGUIDESERVICE
getUserRewards ---> TOURGUIDESERVICE
getUserRewards ---> TOURGUIDESERVICE
getUserRewards ---> TOURGUIDESERVICE
getUserRewards ---> TOURGUIDESERVICE
getUserRewards ---> TOURGUIDESERVICE
getUserRewards ---> TOURGUIDESERVICE
getUserRewards ---> TOURGUIDESERVICE
getUserRewards ---> TOURGUIDESERVICE
getUserRewards ---> TOURGUIDESERVICE
getUserRewards ---> TOURGUIDESERVICE
getUserRewards ---> TOURGUIDESERVICE
getUserRewards ---> TOURGUIDESERVICE
getUserRewards ---> TOURGUIDESERVICE
getUserRewards ---> TOURGUIDESERVICE
getUserRewards ---> TOURGUIDESERVICE
getUserRewards ---> TOURGUIDESERVICE
getUserRewards ---> TOURGUIDESERVICE
getUserRewards ---> TOURGUIDESERVICE
getUserRewards ---> TOURGUIDESERVICE
getUserRewards ---> TOURGUIDESERVICE
getUserRewards ---> TOURGUIDESERVICE
getUserRewards ---> TOURGUIDESERVICE
getUserRewards ---> TOURGUIDESERVICE
getUserRewards ---> TOURGUIDESERVICE
getUserRewards ---> TOURGUIDESERVICE
getUserRewards ---> TOURGUIDESERVICE
getUserRewards ---> TOURGUIDESERVICE
getUserRewards ---> TOURGUIDESERVICE
getUserRewards ---> TOURGUIDESERVICE
getUserRewards ---> TOURGUIDESERVICE
getUserRewards ---> TOURGUIDESERVICE
getUserRewards ---> TOURGUIDESERVICE
getUserRewards ---> TOURGUIDESERVICE
getUserRewards ---> TOURGUIDESERVICE
getUserRewards ---> TOURGUIDESERVICE
getUserRewards ---> TOURGUIDESERVICE
getUserRewards ---> TOURGUIDESERVICE
getUserRewards ---> TOURGUIDESERVICE
getUserRewards ---> TOURGUIDESERVICE
getUserRewards ---> TOURGUIDESERVICE
getUserRewards ---> TOURGUIDESERVICE
getUserRewards ---> TOURGUIDESERVICE
getUserRewards ---> TOURGUIDESERVICE
getUserRewards ---> TOURGUIDESERVICE
getUserRewards ---> TOURGUIDESERVICE
getUserRewards ---> TOURGUIDESERVICE
getUserRewards ---> TOURGUIDESERVICE
getUserRewards ---> TOURGUIDESERVICE
getUserRewards ---> TOURGUIDESERVICE
getUserRewards ---> TOURGUIDESERVICE
getUserRewards ---> TOURGUIDESERVICE
getUserRewards ---> TOURGUIDESERVICE
getUserRewards ---> TOURGUIDESERVICE
getUserRewards ---> TOURGUIDESERVICE
getUserRewards ---> TOURGUIDESERVICE
getUserRewards ---> TOURGUIDESERVICE
getUserRewards ---> TOURGUIDESERVICE
getUserRewards ---> TOURGUIDESERVICE
getUserRewards ---> TOURGUIDESERVICE
getUserRewards ---> TOURGUIDESERVICE
getUserRewards ---> TOURGUIDESERVICE
getUserRewards ---> TOURGUIDESERVICE
getUserRewards ---> TOURGUIDESERVICE
getUserRewards ---> TOURGUIDESERVICE
getUserRewards ---> TOURGUIDESERVICE
getUserRewards ---> TOURGUIDESERVICE
getUserRewards ---> TOURGUIDESERVICE
getUserRewards ---> TOURGUIDESERVICE
getUserRewards ---> TOURGUIDESERVICE
getUserRewards ---> TOURGUIDESERVICE
getUserRewards ---> TOURGUIDESERVICE
getUserRewards ---> TOURGUIDESERVICE
getUserRewards ---> TOURGUIDESERVICE
getUserRewards ---> TOURGUIDESERVICE
getUserRewards ---> TOURGUIDESERVICE
getUserRewards ---> TOURGUIDESERVICE
getUserRewards ---> TOURGUIDESERVICE
getUserRewards ---> TOURGUIDESERVICE
getUserRewards ---> TOURGUIDESERVICE
getUserRewards ---> TOURGUIDESERVICE
getUserRewards ---> TOURGUIDESERVICE
getUserRewards ---> TOURGUIDESERVICE
getUserRewards ---> TOURGUIDESERVICE
getUserRewards ---> TOURGUIDESERVICE
getUserRewards ---> TOURGUIDESERVICE
getUserRewards ---> TOURGUIDESERVICE
getUserRewards ---> TOURGUIDESERVICE
getUserRewards ---> TOURGUIDESERVICE
getUserRewards ---> TOURGUIDESERVICE
getUserRewards ---> TOURGUIDESERVICE
getUserRewards ---> TOURGUIDESERVICE
getUserRewards ---> TOURGUIDESERVICE
getUserRewards ---> TOURGUIDESERVICE
getUserRewards ---> TOURGUIDESERVICE
getUserRewards ---> TOURGUIDESERVICE
getUserRewards ---> TOURGUIDESERVICE
getUserRewards ---> TOURGUIDESERVICE
getUserRewards ---> TOURGUIDESERVICE
getUserRewards ---> TOURGUIDESERVICE
getUserRewards ---> TOURGUIDESERVICE
getUserRewards ---> TOURGUIDESERVICE
getUserRewards ---> TOURGUIDESERVICE
getUserRewards ---> TOURGUIDESERVICE
getUserRewards ---> TOURGUIDESERVICE
getUserRewards ---> TOURGUIDESERVICE
getUserRewards ---> TOURGUIDESERVICE
getUserRewards ---> TOURGUIDESERVICE
getUserRewards ---> TOURGUIDESERVICE
getUserRewards ---> TOURGUIDESERVICE
getUserRewards ---> TOURGUIDESERVICE
getUserRewards ---> TOURGUIDESERVICE
getUserRewards ---> TOURGUIDESERVICE
getUserRewards ---> TOURGUIDESERVICE
getUserRewards ---> TOURGUIDESERVICE
getUserRewards ---> TOURGUIDESERVICE
getUserRewards ---> TOURGUIDESERVICE
getUserRewards ---> TOURGUIDESERVICE
getUserRewards ---> TOURGUIDESERVICE
getUserRewards ---> TOURGUIDESERVICE
getUserRewards ---> TOURGUIDESERVICE
getUserRewards ---> TOURGUIDESERVICE
getUserRewards ---> TOURGUIDESERVICE
getUserRewards ---> TOURGUIDESERVICE
getUserRewards ---> TOURGUIDESERVICE
getUserRewards ---> TOURGUIDESERVICE
getUserRewards ---> TOURGUIDESERVICE
getUserRewards ---> TOURGUIDESERVICE
getUserRewards ---> TOURGUIDESERVICE
getUserRewards ---> TOURGUIDESERVICE
getUserRewards ---> TOURGUIDESERVICE
getUserRewards ---> TOURGUIDESERVICE
getUserRewards ---> TOURGUIDESERVICE
getUserRewards ---> TOURGUIDESERVICE
getUserRewards ---> TOURGUIDESERVICE
getUserRewards ---> TOURGUIDESERVICE
getUserRewards ---> TOURGUIDESERVICE
getUserRewards ---> TOURGUIDESERVICE
getUserRewards ---> TOURGUIDESERVICE
getUserRewards ---> TOURGUIDESERVICE
getUserRewards ---> TOURGUIDESERVICE
getUserRewards ---> TOURGUIDESERVICE
getUserRewards ---> TOURGUIDESERVICE
getUserRewards ---> TOURGUIDESERVICE
getUserRewards ---> TOURGUIDESERVICE
getUserRewards ---> TOURGUIDESERVICE
getUserRewards ---> TOURGUIDESERVICE
getUserRewards ---> TOURGUIDESERVICE
getUserRewards ---> TOURGUIDESERVICE
getUserRewards ---> TOURGUIDESERVICE
getUserRewards ---> TOURGUIDESERVICE
getUserRewards ---> TOURGUIDESERVICE
getUserRewards ---> TOURGUIDESERVICE
getUserRewards ---> TOURGUIDESERVICE
getUserRewards ---> TOURGUIDESERVICE
getUserRewards ---> TOURGUIDESERVICE
getUserRewards ---> TOURGUIDESERVICE
getUserRewards ---> TOURGUIDESERVICE
getUserRewards ---> TOURGUIDESERVICE
getUserRewards ---> TOURGUIDESERVICE
getUserRewards ---> TOURGUIDESERVICE
getUserRewards ---> TOURGUIDESERVICE
getUserRewards ---> TOURGUIDESERVICE
getUserRewards ---> TOURGUIDESERVICE
getUserRewards ---> TOURGUIDESERVICE
getUserRewards ---> TOURGUIDESERVICE
getUserRewards ---> TOURGUIDESERVICE
getUserRewards ---> TOURGUIDESERVICE
getUserRewards ---> TOURGUIDESERVICE
getUserRewards ---> TOURGUIDESERVICE
getUserRewards ---> TOURGUIDESERVICE
getUserRewards ---> TOURGUIDESERVICE
getUserRewards ---> TOURGUIDESERVICE
getUserRewards ---> TOURGUIDESERVICE
getUserRewards ---> TOURGUIDESERVICE
getUserRewards ---> TOURGUIDESERVICE
getUserRewards ---> TOURGUIDESERVICE
getUserRewards ---> TOURGUIDESERVICE
getUserRewards ---> TOURGUIDESERVICE
getUserRewards ---> TOURGUIDESERVICE
getUserRewards ---> TOURGUIDESERVICE
getUserRewards ---> TOURGUIDESERVICE
getUserRewards ---> TOURGUIDESERVICE
getUserRewards ---> TOURGUIDESERVICE
getUserRewards ---> TOURGUIDESERVICE
getUserRewards ---> TOURGUIDESERVICE
getUserRewards ---> TOURGUIDESERVICE
getUserRewards ---> TOURGUIDESERVICE
getUserRewards ---> TOURGUIDESERVICE
getUserRewards ---> TOURGUIDESERVICE
getUserRewards ---> TOURGUIDESERVICE
getUserRewards ---> TOURGUIDESERVICE
getUserRewards ---> TOURGUIDESERVICE
getUserRewards ---> TOURGUIDESERVICE
getUserRewards ---> TOURGUIDESERVICE
getUserRewards ---> TOURGUIDESERVICE
getUserRewards ---> TOURGUIDESERVICE
getUserRewards ---> TOURGUIDESERVICE
getUserRewards ---> TOURGUIDESERVICE
getUserRewards ---> TOURGUIDESERVICE
getUserRewards ---> TOURGUIDESERVICE
getUserRewards ---> TOURGUIDESERVICE
getUserRewards ---> TOURGUIDESERVICE
getUserRewards ---> TOURGUIDESERVICE
getUserRewards ---> TOURGUIDESERVICE
getUserRewards ---> TOURGUIDESERVICE
getUserRewards ---> TOURGUIDESERVICE
getUserRewards ---> TOURGUIDESERVICE
getUserRewards ---> TOURGUIDESERVICE
getUserRewards ---> TOURGUIDESERVICE
getUserRewards ---> TOURGUIDESERVICE
getUserRewards ---> TOURGUIDESERVICE
getUserRewards ---> TOURGUIDESERVICE
getUserRewards ---> TOURGUIDESERVICE
getUserRewards ---> TOURGUIDESERVICE
getUserRewards ---> TOURGUIDESERVICE
getUserRewards ---> TOURGUIDESERVICE
getUserRewards ---> TOURGUIDESERVICE
getUserRewards ---> TOURGUIDESERVICE
getUserRewards ---> TOURGUIDESERVICE
getUserRewards ---> TOURGUIDESERVICE
getUserRewards ---> TOURGUIDESERVICE
getUserRewards ---> TOURGUIDESERVICE
getUserRewards ---> TOURGUIDESERVICE
getUserRewards ---> TOURGUIDESERVICE
getUserRewards ---> TOURGUIDESERVICE
getUserRewards ---> TOURGUIDESERVICE
getUserRewards ---> TOURGUIDESERVICE
getUserRewards ---> TOURGUIDESERVICE
getUserRewards ---> TOURGUIDESERVICE
getUserRewards ---> TOURGUIDESERVICE
getUserRewards ---> TOURGUIDESERVICE
getUserRewards ---> TOURGUIDESERVICE
getUserRewards ---> TOURGUIDESERVICE
getUserRewards ---> TOURGUIDESERVICE
getUserRewards ---> TOURGUIDESERVICE
getUserRewards ---> TOURGUIDESERVICE
getUserRewards ---> TOURGUIDESERVICE
getUserRewards ---> TOURGUIDESERVICE
getUserRewards ---> TOURGUIDESERVICE
getUserRewards ---> TOURGUIDESERVICE
getUserRewards ---> TOURGUIDESERVICE
getUserRewards ---> TOURGUIDESERVICE
getUserRewards ---> TOURGUIDESERVICE
getUserRewards ---> TOURGUIDESERVICE
getUserRewards ---> TOURGUIDESERVICE
getUserRewards ---> TOURGUIDESERVICE
getUserRewards ---> TOURGUIDESERVICE
getUserRewards ---> TOURGUIDESERVICE
getUserRewards ---> TOURGUIDESERVICE
getUserRewards ---> TOURGUIDESERVICE
getUserRewards ---> TOURGUIDESERVICE
getUserRewards ---> TOURGUIDESERVICE
getUserRewards ---> TOURGUIDESERVICE
getUserRewards ---> TOURGUIDESERVICE
getUserRewards ---> TOURGUIDESERVICE
getUserRewards ---> TOURGUIDESERVICE
getUserRewards ---> TOURGUIDESERVICE
getUserRewards ---> TOURGUIDESERVICE
getUserRewards ---> TOURGUIDESERVICE
getUserRewards ---> TOURGUIDESERVICE
getUserRewards ---> TOURGUIDESERVICE
getUserRewards ---> TOURGUIDESERVICE
getUserRewards ---> TOURGUIDESERVICE
getUserRewards ---> TOURGUIDESERVICE
getUserRewards ---> TOURGUIDESERVICE
getUserRewards ---> TOURGUIDESERVICE
getUserRewards ---> TOURGUIDESERVICE
getUserRewards ---> TOURGUIDESERVICE
getUserRewards ---> TOURGUIDESERVICE
getUserRewards ---> TOURGUIDESERVICE
getUserRewards ---> TOURGUIDESERVICE
getUserRewards ---> TOURGUIDESERVICE
getUserRewards ---> TOURGUIDESERVICE
getUserRewards ---> TOURGUIDESERVICE
getUserRewards ---> TOURGUIDESERVICE
getUserRewards ---> TOURGUIDESERVICE
getUserRewards ---> TOURGUIDESERVICE
getUserRewards ---> TOURGUIDESERVICE
getUserRewards ---> TOURGUIDESERVICE
getUserRewards ---> TOURGUIDESERVICE
getUserRewards ---> TOURGUIDESERVICE
getUserRewards ---> TOURGUIDESERVICE
getUserRewards ---> TOURGUIDESERVICE
getUserRewards ---> TOURGUIDESERVICE
getUserRewards ---> TOURGUIDESERVICE
getUserRewards ---> TOURGUIDESERVICE
getUserRewards ---> TOURGUIDESERVICE
getUserRewards ---> TOURGUIDESERVICE
getUserRewards ---> TOURGUIDESERVICE
getUserRewards ---> TOURGUIDESERVICE
getUserRewards ---> TOURGUIDESERVICE
getUserRewards ---> TOURGUIDESERVICE
getUserRewards ---> TOURGUIDESERVICE
getUserRewards ---> TOURGUIDESERVICE
getUserRewards ---> TOURGUIDESERVICE
getUserRewards ---> TOURGUIDESERVICE
getUserRewards ---> TOURGUIDESERVICE
getUserRewards ---> TOURGUIDESERVICE
getUserRewards ---> TOURGUIDESERVICE
getUserRewards ---> TOURGUIDESERVICE
getUserRewards ---> TOURGUIDESERVICE
getUserRewards ---> TOURGUIDESERVICE
getUserRewards ---> TOURGUIDESERVICE
getUserRewards ---> TOURGUIDESERVICE
getUserRewards ---> TOURGUIDESERVICE
getUserRewards ---> TOURGUIDESERVICE
getUserRewards ---> TOURGUIDESERVICE
getUserRewards ---> TOURGUIDESERVICE
getUserRewards ---> TOURGUIDESERVICE
getUserRewards ---> TOURGUIDESERVICE
getUserRewards ---> TOURGUIDESERVICE
getUserRewards ---> TOURGUIDESERVICE
getUserRewards ---> TOURGUIDESERVICE
getUserRewards ---> TOURGUIDESERVICE
getUserRewards ---> TOURGUIDESERVICE
getUserRewards ---> TOURGUIDESERVICE
getUserRewards ---> TOURGUIDESERVICE
getUserRewards ---> TOURGUIDESERVICE
getUserRewards ---> TOURGUIDESERVICE
getUserRewards ---> TOURGUIDESERVICE
getUserRewards ---> TOURGUIDESERVICE
getUserRewards ---> TOURGUIDESERVICE
getUserRewards ---> TOURGUIDESERVICE
getUserRewards ---> TOURGUIDESERVICE
getUserRewards ---> TOURGUIDESERVICE
getUserRewards ---> TOURGUIDESERVICE
getUserRewards ---> TOURGUIDESERVICE
getUserRewards ---> TOURGUIDESERVICE
getUserRewards ---> TOURGUIDESERVICE
getUserRewards ---> TOURGUIDESERVICE
getUserRewards ---> TOURGUIDESERVICE
getUserRewards ---> TOURGUIDESERVICE
getUserRewards ---> TOURGUIDESERVICE
getUserRewards ---> TOURGUIDESERVICE
getUserRewards ---> TOURGUIDESERVICE
getUserRewards ---> TOURGUIDESERVICE
getUserRewards ---> TOURGUIDESERVICE
getUserRewards ---> TOURGUIDESERVICE
getUserRewards ---> TOURGUIDESERVICE
getUserRewards ---> TOURGUIDESERVICE
getUserRewards ---> TOURGUIDESERVICE
getUserRewards ---> TOURGUIDESERVICE
getUserRewards ---> TOURGUIDESERVICE
getUserRewards ---> TOURGUIDESERVICE
getUserRewards ---> TOURGUIDESERVICE
getUserRewards ---> TOURGUIDESERVICE
getUserRewards ---> TOURGUIDESERVICE
getUserRewards ---> TOURGUIDESERVICE
getUserRewards ---> TOURGUIDESERVICE
getUserRewards ---> TOURGUIDESERVICE
getUserRewards ---> TOURGUIDESERVICE
getUserRewards ---> TOURGUIDESERVICE
getUserRewards ---> TOURGUIDESERVICE
getUserRewards ---> TOURGUIDESERVICE
getUserRewards ---> TOURGUIDESERVICE
getUserRewards ---> TOURGUIDESERVICE
getUserRewards ---> TOURGUIDESERVICE
getUserRewards ---> TOURGUIDESERVICE
getUserRewards ---> TOURGUIDESERVICE
getUserRewards ---> TOURGUIDESERVICE
getUserRewards ---> TOURGUIDESERVICE
getUserRewards ---> TOURGUIDESERVICE
getUserRewards ---> TOURGUIDESERVICE
getUserRewards ---> TOURGUIDESERVICE
getUserRewards ---> TOURGUIDESERVICE
getUserRewards ---> TOURGUIDESERVICE
getUserRewards ---> TOURGUIDESERVICE
getUserRewards ---> TOURGUIDESERVICE
getUserRewards ---> TOURGUIDESERVICE
getUserRewards ---> TOURGUIDESERVICE
getUserRewards ---> TOURGUIDESERVICE
getUserRewards ---> TOURGUIDESERVICE
getUserRewards ---> TOURGUIDESERVICE
getUserRewards ---> TOURGUIDESERVICE
getUserRewards ---> TOURGUIDESERVICE
getUserRewards ---> TOURGUIDESERVICE
getUserRewards ---> TOURGUIDESERVICE
getUserRewards ---> TOURGUIDESERVICE
getUserRewards ---> TOURGUIDESERVICE
getUserRewards ---> TOURGUIDESERVICE
getUserRewards ---> TOURGUIDESERVICE
getUserRewards ---> TOURGUIDESERVICE
getUserRewards ---> TOURGUIDESERVICE
getUserRewards ---> TOURGUIDESERVICE
getUserRewards ---> TOURGUIDESERVICE
getUserRewards ---> TOURGUIDESERVICE
getUserRewards ---> TOURGUIDESERVICE
getUserRewards ---> TOURGUIDESERVICE
getUserRewards ---> TOURGUIDESERVICE
getUserRewards ---> TOURGUIDESERVICE
getUserRewards ---> TOURGUIDESERVICE
getUserRewards ---> TOURGUIDESERVICE
getUserRewards ---> TOURGUIDESERVICE
getUserRewards ---> TOURGUIDESERVICE
getUserRewards ---> TOURGUIDESERVICE
getUserRewards ---> TOURGUIDESERVICE
getUserRewards ---> TOURGUIDESERVICE
getUserRewards ---> TOURGUIDESERVICE
getUserRewards ---> TOURGUIDESERVICE
getUserRewards ---> TOURGUIDESERVICE
getUserRewards ---> TOURGUIDESERVICE
getUserRewards ---> TOURGUIDESERVICE
getUserRewards ---> TOURGUIDESERVICE
getUserRewards ---> TOURGUIDESERVICE
getUserRewards ---> TOURGUIDESERVICE
getUserRewards ---> TOURGUIDESERVICE
getUserRewards ---> TOURGUIDESERVICE
getUserRewards ---> TOURGUIDESERVICE
getUserRewards ---> TOURGUIDESERVICE
getUserRewards ---> TOURGUIDESERVICE
getUserRewards ---> TOURGUIDESERVICE
getUserRewards ---> TOURGUIDESERVICE
getUserRewards ---> TOURGUIDESERVICE
getUserRewards ---> TOURGUIDESERVICE
getUserRewards ---> TOURGUIDESERVICE
getUserRewards ---> TOURGUIDESERVICE
getUserRewards ---> TOURGUIDESERVICE
getUserRewards ---> TOURGUIDESERVICE
getUserRewards ---> TOURGUIDESERVICE
getUserRewards ---> TOURGUIDESERVICE
getUserRewards ---> TOURGUIDESERVICE
getUserRewards ---> TOURGUIDESERVICE
getUserRewards ---> TOURGUIDESERVICE
getUserRewards ---> TOURGUIDESERVICE
getUserRewards ---> TOURGUIDESERVICE
getUserRewards ---> TOURGUIDESERVICE
getUserRewards ---> TOURGUIDESERVICE
getUserRewards ---> TOURGUIDESERVICE
getUserRewards ---> TOURGUIDESERVICE
getUserRewards ---> TOURGUIDESERVICE
getUserRewards ---> TOURGUIDESERVICE
getUserRewards ---> TOURGUIDESERVICE
getUserRewards ---> TOURGUIDESERVICE
getUserRewards ---> TOURGUIDESERVICE
getUserRewards ---> TOURGUIDESERVICE
getUserRewards ---> TOURGUIDESERVICE
getUserRewards ---> TOURGUIDESERVICE
getUserRewards ---> TOURGUIDESERVICE
getUserRewards ---> TOURGUIDESERVICE
getUserRewards ---> TOURGUIDESERVICE
getUserRewards ---> TOURGUIDESERVICE
getUserRewards ---> TOURGUIDESERVICE
getUserRewards ---> TOURGUIDESERVICE
getUserRewards ---> TOURGUIDESERVICE
getUserRewards ---> TOURGUIDESERVICE
getUserRewards ---> TOURGUIDESERVICE
getUserRewards ---> TOURGUIDESERVICE
getUserRewards ---> TOURGUIDESERVICE
getUserRewards ---> TOURGUIDESERVICE
getUserRewards ---> TOURGUIDESERVICE
getUserRewards ---> TOURGUIDESERVICE
getUserRewards ---> TOURGUIDESERVICE
getUserRewards ---> TOURGUIDESERVICE
getUserRewards ---> TOURGUIDESERVICE
getUserRewards ---> TOURGUIDESERVICE
getUserRewards ---> TOURGUIDESERVICE
getUserRewards ---> TOURGUIDESERVICE
getUserRewards ---> TOURGUIDESERVICE
getUserRewards ---> TOURGUIDESERVICE
getUserRewards ---> TOURGUIDESERVICE
getUserRewards ---> TOURGUIDESERVICE
getUserRewards ---> TOURGUIDESERVICE
getUserRewards ---> TOURGUIDESERVICE
getUserRewards ---> TOURGUIDESERVICE
getUserRewards ---> TOURGUIDESERVICE
getUserRewards ---> TOURGUIDESERVICE
getUserRewards ---> TOURGUIDESERVICE
getUserRewards ---> TOURGUIDESERVICE
getUserRewards ---> TOURGUIDESERVICE
getUserRewards ---> TOURGUIDESERVICE
getUserRewards ---> TOURGUIDESERVICE
getUserRewards ---> TOURGUIDESERVICE
getUserRewards ---> TOURGUIDESERVICE
getUserRewards ---> TOURGUIDESERVICE
getUserRewards ---> TOURGUIDESERVICE
getUserRewards ---> TOURGUIDESERVICE
getUserRewards ---> TOURGUIDESERVICE
getUserRewards ---> TOURGUIDESERVICE
getUserRewards ---> TOURGUIDESERVICE
getUserRewards ---> TOURGUIDESERVICE
getUserRewards ---> TOURGUIDESERVICE
getUserRewards ---> TOURGUIDESERVICE
getUserRewards ---> TOURGUIDESERVICE
getUserRewards ---> TOURGUIDESERVICE
getUserRewards ---> TOURGUIDESERVICE
getUserRewards ---> TOURGUIDESERVICE
getUserRewards ---> TOURGUIDESERVICE
getUserRewards ---> TOURGUIDESERVICE
getUserRewards ---> TOURGUIDESERVICE
getUserRewards ---> TOURGUIDESERVICE
getUserRewards ---> TOURGUIDESERVICE
getUserRewards ---> TOURGUIDESERVICE
getUserRewards ---> TOURGUIDESERVICE
getUserRewards ---> TOURGUIDESERVICE
getUserRewards ---> TOURGUIDESERVICE
getUserRewards ---> TOURGUIDESERVICE
getUserRewards ---> TOURGUIDESERVICE
getUserRewards ---> TOURGUIDESERVICE
getUserRewards ---> TOURGUIDESERVICE
getUserRewards ---> TOURGUIDESERVICE
getUserRewards ---> TOURGUIDESERVICE
getUserRewards ---> TOURGUIDESERVICE
getUserRewards ---> TOURGUIDESERVICE
getUserRewards ---> TOURGUIDESERVICE
getUserRewards ---> TOURGUIDESERVICE
getUserRewards ---> TOURGUIDESERVICE
getUserRewards ---> TOURGUIDESERVICE
getUserRewards ---> TOURGUIDESERVICE
getUserRewards ---> TOURGUIDESERVICE
getUserRewards ---> TOURGUIDESERVICE
getUserRewards ---> TOURGUIDESERVICE
getUserRewards ---> TOURGUIDESERVICE
getUserRewards ---> TOURGUIDESERVICE
getUserRewards ---> TOURGUIDESERVICE
getUserRewards ---> TOURGUIDESERVICE
getUserRewards ---> TOURGUIDESERVICE
getUserRewards ---> TOURGUIDESERVICE
getUserRewards ---> TOURGUIDESERVICE
getUserRewards ---> TOURGUIDESERVICE
getUserRewards ---> TOURGUIDESERVICE
getUserRewards ---> TOURGUIDESERVICE
getUserRewards ---> TOURGUIDESERVICE
getUserRewards ---> TOURGUIDESERVICE
getUserRewards ---> TOURGUIDESERVICE
getUserRewards ---> TOURGUIDESERVICE
getUserRewards ---> TOURGUIDESERVICE
getUserRewards ---> TOURGUIDESERVICE
getUserRewards ---> TOURGUIDESERVICE
getUserRewards ---> TOURGUIDESERVICE
getUserRewards ---> TOURGUIDESERVICE
getUserRewards ---> TOURGUIDESERVICE
getUserRewards ---> TOURGUIDESERVICE
getUserRewards ---> TOURGUIDESERVICE
getUserRewards ---> TOURGUIDESERVICE
getUserRewards ---> TOURGUIDESERVICE
getUserRewards ---> TOURGUIDESERVICE
getUserRewards ---> TOURGUIDESERVICE
getUserRewards ---> TOURGUIDESERVICE
getUserRewards ---> TOURGUIDESERVICE
getUserRewards ---> TOURGUIDESERVICE
getUserRewards ---> TOURGUIDESERVICE
getUserRewards ---> TOURGUIDESERVICE
getUserRewards ---> TOURGUIDESERVICE
getUserRewards ---> TOURGUIDESERVICE
getUserRewards ---> TOURGUIDESERVICE
getUserRewards ---> TOURGUIDESERVICE
getUserRewards ---> TOURGUIDESERVICE
getUserRewards ---> TOURGUIDESERVICE
getUserRewards ---> TOURGUIDESERVICE
getUserRewards ---> TOURGUIDESERVICE
getUserRewards ---> TOURGUIDESERVICE
getUserRewards ---> TOURGUIDESERVICE
getUserRewards ---> TOURGUIDESERVICE
getUserRewards ---> TOURGUIDESERVICE
getUserRewards ---> TOURGUIDESERVICE
getUserRewards ---> TOURGUIDESERVICE
getUserRewards ---> TOURGUIDESERVICE
getUserRewards ---> TOURGUIDESERVICE
getUserRewards ---> TOURGUIDESERVICE
getUserRewards ---> TOURGUIDESERVICE
getUserRewards ---> TOURGUIDESERVICE
getUserRewards ---> TOURGUIDESERVICE
getUserRewards ---> TOURGUIDESERVICE
getUserRewards ---> TOURGUIDESERVICE
getUserRewards ---> TOURGUIDESERVICE
getUserRewards ---> TOURGUIDESERVICE
getUserRewards ---> TOURGUIDESERVICE
getUserRewards ---> TOURGUIDESERVICE
getUserRewards ---> TOURGUIDESERVICE
getUserRewards ---> TOURGUIDESERVICE
getUserRewards ---> TOURGUIDESERVICE
getUserRewards ---> TOURGUIDESERVICE
getUserRewards ---> TOURGUIDESERVICE
getUserRewards ---> TOURGUIDESERVICE
getUserRewards ---> TOURGUIDESERVICE
getUserRewards ---> TOURGUIDESERVICE
getUserRewards ---> TOURGUIDESERVICE
getUserRewards ---> TOURGUIDESERVICE
getUserRewards ---> TOURGUIDESERVICE
getUserRewards ---> TOURGUIDESERVICE
getUserRewards ---> TOURGUIDESERVICE
getUserRewards ---> TOURGUIDESERVICE
getUserRewards ---> TOURGUIDESERVICE
getUserRewards ---> TOURGUIDESERVICE
getUserRewards ---> TOURGUIDESERVICE
getUserRewards ---> TOURGUIDESERVICE
getUserRewards ---> TOURGUIDESERVICE
getUserRewards ---> TOURGUIDESERVICE
getUserRewards ---> TOURGUIDESERVICE
getUserRewards ---> TOURGUIDESERVICE
getUserRewards ---> TOURGUIDESERVICE
getUserRewards ---> TOURGUIDESERVICE
getUserRewards ---> TOURGUIDESERVICE
getUserRewards ---> TOURGUIDESERVICE
getUserRewards ---> TOURGUIDESERVICE
getUserRewards ---> TOURGUIDESERVICE
getUserRewards ---> TOURGUIDESERVICE
getUserRewards ---> TOURGUIDESERVICE
getUserRewards ---> TOURGUIDESERVICE
getUserRewards ---> TOURGUIDESERVICE
getUserRewards ---> TOURGUIDESERVICE
getUserRewards ---> TOURGUIDESERVICE
getUserRewards ---> TOURGUIDESERVICE
getUserRewards ---> TOURGUIDESERVICE
getUserRewards ---> TOURGUIDESERVICE
getUserRewards ---> TOURGUIDESERVICE
getUserRewards ---> TOURGUIDESERVICE
getUserRewards ---> TOURGUIDESERVICE
getUserRewards ---> TOURGUIDESERVICE
getUserRewards ---> TOURGUIDESERVICE
getUserRewards ---> TOURGUIDESERVICE
getUserRewards ---> TOURGUIDESERVICE
getUserRewards ---> TOURGUIDESERVICE
getUserRewards ---> TOURGUIDESERVICE
getUserRewards ---> TOURGUIDESERVICE
getUserRewards ---> TOURGUIDESERVICE
getUserRewards ---> TOURGUIDESERVICE
getUserRewards ---> TOURGUIDESERVICE
getUserRewards ---> TOURGUIDESERVICE
getUserRewards ---> TOURGUIDESERVICE
getUserRewards ---> TOURGUIDESERVICE
getUserRewards ---> TOURGUIDESERVICE
getUserRewards ---> TOURGUIDESERVICE
getUserRewards ---> TOURGUIDESERVICE
getUserRewards ---> TOURGUIDESERVICE
getUserRewards ---> TOURGUIDESERVICE
getUserRewards ---> TOURGUIDESERVICE
getUserRewards ---> TOURGUIDESERVICE
getUserRewards ---> TOURGUIDESERVICE
getUserRewards ---> TOURGUIDESERVICE
getUserRewards ---> TOURGUIDESERVICE
getUserRewards ---> TOURGUIDESERVICE
getUserRewards ---> TOURGUIDESERVICE
getUserRewards ---> TOURGUIDESERVICE
getUserRewards ---> TOURGUIDESERVICE
getUserRewards ---> TOURGUIDESERVICE
getUserRewards ---> TOURGUIDESERVICE
getUserRewards ---> TOURGUIDESERVICE
getUserRewards ---> TOURGUIDESERVICE
getUserRewards ---> TOURGUIDESERVICE
getUserRewards ---> TOURGUIDESERVICE
getUserRewards ---> TOURGUIDESERVICE
getUserRewards ---> TOURGUIDESERVICE
getUserRewards ---> TOURGUIDESERVICE
getUserRewards ---> TOURGUIDESERVICE
getUserRewards ---> TOURGUIDESERVICE
getUserRewards ---> TOURGUIDESERVICE
getUserRewards ---> TOURGUIDESERVICE
getUserRewards ---> TOURGUIDESERVICE
getUserRewards ---> TOURGUIDESERVICE
getUserRewards ---> TOURGUIDESERVICE
getUserRewards ---> TOURGUIDESERVICE
getUserRewards ---> TOURGUIDESERVICE
getUserRewards ---> TOURGUIDESERVICE
getUserRewards ---> TOURGUIDESERVICE
getUserRewards ---> TOURGUIDESERVICE
getUserRewards ---> TOURGUIDESERVICE
getUserRewards ---> TOURGUIDESERVICE
getUserRewards ---> TOURGUIDESERVICE
getUserRewards ---> TOURGUIDESERVICE
getUserRewards ---> TOURGUIDESERVICE
getUserRewards ---> TOURGUIDESERVICE
getUserRewards ---> TOURGUIDESERVICE
getUserRewards ---> TOURGUIDESERVICE
getUserRewards ---> TOURGUIDESERVICE
getUserRewards ---> TOURGUIDESERVICE
getUserRewards ---> TOURGUIDESERVICE
getUserRewards ---> TOURGUIDESERVICE
getUserRewards ---> TOURGUIDESERVICE
getUserRewards ---> TOURGUIDESERVICE
getUserRewards ---> TOURGUIDESERVICE
getUserRewards ---> TOURGUIDESERVICE
getUserRewards ---> TOURGUIDESERVICE
getUserRewards ---> TOURGUIDESERVICE
getUserRewards ---> TOURGUIDESERVICE
getUserRewards ---> TOURGUIDESERVICE
getUserRewards ---> TOURGUIDESERVICE
getUserRewards ---> TOURGUIDESERVICE
getUserRewards ---> TOURGUIDESERVICE
getUserRewards ---> TOURGUIDESERVICE
getUserRewards ---> TOURGUIDESERVICE
getUserRewards ---> TOURGUIDESERVICE
getUserRewards ---> TOURGUIDESERVICE
getUserRewards ---> TOURGUIDESERVICE
getUserRewards ---> TOURGUIDESERVICE
getUserRewards ---> TOURGUIDESERVICE
getUserRewards ---> TOURGUIDESERVICE
getUserRewards ---> TOURGUIDESERVICE
getUserRewards ---> TOURGUIDESERVICE
getUserRewards ---> TOURGUIDESERVICE
getUserRewards ---> TOURGUIDESERVICE
getUserRewards ---> TOURGUIDESERVICE
getUserRewards ---> TOURGUIDESERVICE
getUserRewards ---> TOURGUIDESERVICE
getUserRewards ---> TOURGUIDESERVICE
getUserRewards ---> TOURGUIDESERVICE
getUserRewards ---> TOURGUIDESERVICE
getUserRewards ---> TOURGUIDESERVICE
getUserRewards ---> TOURGUIDESERVICE
getUserRewards ---> TOURGUIDESERVICE
getUserRewards ---> TOURGUIDESERVICE
getUserRewards ---> TOURGUIDESERVICE
getUserRewards ---> TOURGUIDESERVICE
getUserRewards ---> TOURGUIDESERVICE
getUserRewards ---> TOURGUIDESERVICE
getUserRewards ---> TOURGUIDESERVICE
getUserRewards ---> TOURGUIDESERVICE
getUserRewards ---> TOURGUIDESERVICE
getUserRewards ---> TOURGUIDESERVICE
getUserRewards ---> TOURGUIDESERVICE
getUserRewards ---> TOURGUIDESERVICE
getUserRewards ---> TOURGUIDESERVICE
getUserRewards ---> TOURGUIDESERVICE
getUserRewards ---> TOURGUIDESERVICE
getUserRewards ---> TOURGUIDESERVICE
getUserRewards ---> TOURGUIDESERVICE
getUserRewards ---> TOURGUIDESERVICE
getUserRewards ---> TOURGUIDESERVICE
getUserRewards ---> TOURGUIDESERVICE
getUserRewards ---> TOURGUIDESERVICE
getUserRewards ---> TOURGUIDESERVICE
getUserRewards ---> TOURGUIDESERVICE
getUserRewards ---> TOURGUIDESERVICE
getUserRewards ---> TOURGUIDESERVICE
getUserRewards ---> TOURGUIDESERVICE
getUserRewards ---> TOURGUIDESERVICE
getUserRewards ---> TOURGUIDESERVICE
getUserRewards ---> TOURGUIDESERVICE
getUserRewards ---> TOURGUIDESERVICE
getUserRewards ---> TOURGUIDESERVICE
getUserRewards ---> TOURGUIDESERVICE
getUserRewards ---> TOURGUIDESERVICE
getUserRewards ---> TOURGUIDESERVICE
getUserRewards ---> TOURGUIDESERVICE
getUserRewards ---> TOURGUIDESERVICE
getUserRewards ---> TOURGUIDESERVICE
getUserRewards ---> TOURGUIDESERVICE
getUserRewards ---> TOURGUIDESERVICE
getUserRewards ---> TOURGUIDESERVICE
getUserRewards ---> TOURGUIDESERVICE
getUserRewards ---> TOURGUIDESERVICE
getUserRewards ---> TOURGUIDESERVICE
getUserRewards ---> TOURGUIDESERVICE
getUserRewards ---> TOURGUIDESERVICE
getUserRewards ---> TOURGUIDESERVICE
getUserRewards ---> TOURGUIDESERVICE
getUserRewards ---> TOURGUIDESERVICE
getUserRewards ---> TOURGUIDESERVICE
getUserRewards ---> TOURGUIDESERVICE
getUserRewards ---> TOURGUIDESERVICE
getUserRewards ---> TOURGUIDESERVICE
getUserRewards ---> TOURGUIDESERVICE
getUserRewards ---> TOURGUIDESERVICE
getUserRewards ---> TOURGUIDESERVICE
getUserRewards ---> TOURGUIDESERVICE
getUserRewards ---> TOURGUIDESERVICE
getUserRewards ---> TOURGUIDESERVICE
getUserRewards ---> TOURGUIDESERVICE
getUserRewards ---> TOURGUIDESERVICE
getUserRewards ---> TOURGUIDESERVICE
getUserRewards ---> TOURGUIDESERVICE
getUserRewards ---> TOURGUIDESERVICE
getUserRewards ---> TOURGUIDESERVICE
getUserRewards ---> TOURGUIDESERVICE
getUserRewards ---> TOURGUIDESERVICE
getUserRewards ---> TOURGUIDESERVICE
getUserRewards ---> TOURGUIDESERVICE
getUserRewards ---> TOURGUIDESERVICE
getUserRewards ---> TOURGUIDESERVICE
getUserRewards ---> TOURGUIDESERVICE
getUserRewards ---> TOURGUIDESERVICE
getUserRewards ---> TOURGUIDESERVICE
getUserRewards ---> TOURGUIDESERVICE
getUserRewards ---> TOURGUIDESERVICE
getUserRewards ---> TOURGUIDESERVICE
getUserRewards ---> TOURGUIDESERVICE
getUserRewards ---> TOURGUIDESERVICE
getUserRewards ---> TOURGUIDESERVICE
getUserRewards ---> TOURGUIDESERVICE
getUserRewards ---> TOURGUIDESERVICE
getUserRewards ---> TOURGUIDESERVICE
getUserRewards ---> TOURGUIDESERVICE
getUserRewards ---> TOURGUIDESERVICE
getUserRewards ---> TOURGUIDESERVICE
getUserRewards ---> TOURGUIDESERVICE
getUserRewards ---> TOURGUIDESERVICE
getUserRewards ---> TOURGUIDESERVICE
getUserRewards ---> TOURGUIDESERVICE
getUserRewards ---> TOURGUIDESERVICE
getUserRewards ---> TOURGUIDESERVICE
getUserRewards ---> TOURGUIDESERVICE
getUserRewards ---> TOURGUIDESERVICE
getUserRewards ---> TOURGUIDESERVICE
getUserRewards ---> TOURGUIDESERVICE
getUserRewards ---> TOURGUIDESERVICE
getUserRewards ---> TOURGUIDESERVICE
getUserRewards ---> TOURGUIDESERVICE
getUserRewards ---> TOURGUIDESERVICE
getUserRewards ---> TOURGUIDESERVICE
getUserRewards ---> TOURGUIDESERVICE
getUserRewards ---> TOURGUIDESERVICE
getUserRewards ---> TOURGUIDESERVICE
getUserRewards ---> TOURGUIDESERVICE
getUserRewards ---> TOURGUIDESERVICE
getUserRewards ---> TOURGUIDESERVICE
getUserRewards ---> TOURGUIDESERVICE
getUserRewards ---> TOURGUIDESERVICE
getUserRewards ---> TOURGUIDESERVICE
getUserRewards ---> TOURGUIDESERVICE
getUserRewards ---> TOURGUIDESERVICE
getUserRewards ---> TOURGUIDESERVICE
getUserRewards ---> TOURGUIDESERVICE
getUserRewards ---> TOURGUIDESERVICE
getUserRewards ---> TOURGUIDESERVICE
getUserRewards ---> TOURGUIDESERVICE
getUserRewards ---> TOURGUIDESERVICE
getUserRewards ---> TOURGUIDESERVICE
getUserRewards ---> TOURGUIDESERVICE
getUserRewards ---> TOURGUIDESERVICE
getUserRewards ---> TOURGUIDESERVICE
getUserRewards ---> TOURGUIDESERVICE
getUserRewards ---> TOURGUIDESERVICE
getUserRewards ---> TOURGUIDESERVICE
getUserRewards ---> TOURGUIDESERVICE
getUserRewards ---> TOURGUIDESERVICE
getUserRewards ---> TOURGUIDESERVICE
getUserRewards ---> TOURGUIDESERVICE
getUserRewards ---> TOURGUIDESERVICE
getUserRewards ---> TOURGUIDESERVICE
getUserRewards ---> TOURGUIDESERVICE
getUserRewards ---> TOURGUIDESERVICE
getUserRewards ---> TOURGUIDESERVICE
getUserRewards ---> TOURGUIDESERVICE
getUserRewards ---> TOURGUIDESERVICE
getUserRewards ---> TOURGUIDESERVICE
getUserRewards ---> TOURGUIDESERVICE
getUserRewards ---> TOURGUIDESERVICE
getUserRewards ---> TOURGUIDESERVICE
getUserRewards ---> TOURGUIDESERVICE
getUserRewards ---> TOURGUIDESERVICE
getUserRewards ---> TOURGUIDESERVICE
getUserRewards ---> TOURGUIDESERVICE
getUserRewards ---> TOURGUIDESERVICE
getUserRewards ---> TOURGUIDESERVICE
getUserRewards ---> TOURGUIDESERVICE
getUserRewards ---> TOURGUIDESERVICE
getUserRewards ---> TOURGUIDESERVICE
getUserRewards ---> TOURGUIDESERVICE
getUserRewards ---> TOURGUIDESERVICE
getUserRewards ---> TOURGUIDESERVICE
getUserRewards ---> TOURGUIDESERVICE
getUserRewards ---> TOURGUIDESERVICE
getUserRewards ---> TOURGUIDESERVICE
getUserRewards ---> TOURGUIDESERVICE
getUserRewards ---> TOURGUIDESERVICE
getUserRewards ---> TOURGUIDESERVICE
getUserRewards ---> TOURGUIDESERVICE
getUserRewards ---> TOURGUIDESERVICE
getUserRewards ---> TOURGUIDESERVICE
getUserRewards ---> TOURGUIDESERVICE
getUserRewards ---> TOURGUIDESERVICE
getUserRewards ---> TOURGUIDESERVICE
getUserRewards ---> TOURGUIDESERVICE
getUserRewards ---> TOURGUIDESERVICE
getUserRewards ---> TOURGUIDESERVICE
getUserRewards ---> TOURGUIDESERVICE
getUserRewards ---> TOURGUIDESERVICE
getUserRewards ---> TOURGUIDESERVICE
getUserRewards ---> TOURGUIDESERVICE
getUserRewards ---> TOURGUIDESERVICE
getUserRewards ---> TOURGUIDESERVICE
getUserRewards ---> TOURGUIDESERVICE
getUserRewards ---> TOURGUIDESERVICE
getUserRewards ---> TOURGUIDESERVICE
getUserRewards ---> TOURGUIDESERVICE
getUserRewards ---> TOURGUIDESERVICE
getUserRewards ---> TOURGUIDESERVICE
getUserRewards ---> TOURGUIDESERVICE
getUserRewards ---> TOURGUIDESERVICE
getUserRewards ---> TOURGUIDESERVICE
getUserRewards ---> TOURGUIDESERVICE
getUserRewards ---> TOURGUIDESERVICE
getUserRewards ---> TOURGUIDESERVICE
getUserRewards ---> TOURGUIDESERVICE
getUserRewards ---> TOURGUIDESERVICE
getUserRewards ---> TOURGUIDESERVICE
getUserRewards ---> TOURGUIDESERVICE
getUserRewards ---> TOURGUIDESERVICE
getUserRewards ---> TOURGUIDESERVICE
getUserRewards ---> TOURGUIDESERVICE
getUserRewards ---> TOURGUIDESERVICE
getUserRewards ---> TOURGUIDESERVICE
getUserRewards ---> TOURGUIDESERVICE
getUserRewards ---> TOURGUIDESERVICE
getUserRewards ---> TOURGUIDESERVICE
getUserRewards ---> TOURGUIDESERVICE
getUserRewards ---> TOURGUIDESERVICE
getUserRewards ---> TOURGUIDESERVICE
getUserRewards ---> TOURGUIDESERVICE
getUserRewards ---> TOURGUIDESERVICE
getUserRewards ---> TOURGUIDESERVICE
getUserRewards ---> TOURGUIDESERVICE
getUserRewards ---> TOURGUIDESERVICE
getUserRewards ---> TOURGUIDESERVICE
getUserRewards ---> TOURGUIDESERVICE
getUserRewards ---> TOURGUIDESERVICE
getUserRewards ---> TOURGUIDESERVICE
getUserRewards ---> TOURGUIDESERVICE
getUserRewards ---> TOURGUIDESERVICE
getUserRewards ---> TOURGUIDESERVICE
getUserRewards ---> TOURGUIDESERVICE
getUserRewards ---> TOURGUIDESERVICE
getUserRewards ---> TOURGUIDESERVICE
getUserRewards ---> TOURGUIDESERVICE
getUserRewards ---> TOURGUIDESERVICE
getUserRewards ---> TOURGUIDESERVICE
getUserRewards ---> TOURGUIDESERVICE
getUserRewards ---> TOURGUIDESERVICE
getUserRewards ---> TOURGUIDESERVICE
getUserRewards ---> TOURGUIDESERVICE
getUserRewards ---> TOURGUIDESERVICE
getUserRewards ---> TOURGUIDESERVICE
getUserRewards ---> TOURGUIDESERVICE
getUserRewards ---> TOURGUIDESERVICE
getUserRewards ---> TOURGUIDESERVICE
getUserRewards ---> TOURGUIDESERVICE
getUserRewards ---> TOURGUIDESERVICE
getUserRewards ---> TOURGUIDESERVICE
getUserRewards ---> TOURGUIDESERVICE
getUserRewards ---> TOURGUIDESERVICE
getUserRewards ---> TOURGUIDESERVICE
getUserRewards ---> TOURGUIDESERVICE
getUserRewards ---> TOURGUIDESERVICE
getUserRewards ---> TOURGUIDESERVICE
getUserRewards ---> TOURGUIDESERVICE
getUserRewards ---> TOURGUIDESERVICE
getUserRewards ---> TOURGUIDESERVICE
getUserRewards ---> TOURGUIDESERVICE
getUserRewards ---> TOURGUIDESERVICE
getUserRewards ---> TOURGUIDESERVICE
getUserRewards ---> TOURGUIDESERVICE
getUserRewards ---> TOURGUIDESERVICE
getUserRewards ---> TOURGUIDESERVICE
getUserRewards ---> TOURGUIDESERVICE
getUserRewards ---> TOURGUIDESERVICE
getUserRewards ---> TOURGUIDESERVICE
getUserRewards ---> TOURGUIDESERVICE
getUserRewards ---> TOURGUIDESERVICE
getUserRewards ---> TOURGUIDESERVICE
getUserRewards ---> TOURGUIDESERVICE
getUserRewards ---> TOURGUIDESERVICE
getUserRewards ---> TOURGUIDESERVICE
getUserRewards ---> TOURGUIDESERVICE
getUserRewards ---> TOURGUIDESERVICE
getUserRewards ---> TOURGUIDESERVICE
getUserRewards ---> TOURGUIDESERVICE
getUserRewards ---> TOURGUIDESERVICE
getUserRewards ---> TOURGUIDESERVICE
getUserRewards ---> TOURGUIDESERVICE
getUserRewards ---> TOURGUIDESERVICE
getUserRewards ---> TOURGUIDESERVICE
getUserRewards ---> TOURGUIDESERVICE
getUserRewards ---> TOURGUIDESERVICE
getUserRewards ---> TOURGUIDESERVICE
getUserRewards ---> TOURGUIDESERVICE
getUserRewards ---> TOURGUIDESERVICE
getUserRewards ---> TOURGUIDESERVICE
getUserRewards ---> TOURGUIDESERVICE
getUserRewards ---> TOURGUIDESERVICE
getUserRewards ---> TOURGUIDESERVICE
getUserRewards ---> TOURGUIDESERVICE
getUserRewards ---> TOURGUIDESERVICE
getUserRewards ---> TOURGUIDESERVICE
getUserRewards ---> TOURGUIDESERVICE
getUserRewards ---> TOURGUIDESERVICE
getUserRewards ---> TOURGUIDESERVICE
getUserRewards ---> TOURGUIDESERVICE
getUserRewards ---> TOURGUIDESERVICE
getUserRewards ---> TOURGUIDESERVICE
getUserRewards ---> TOURGUIDESERVICE
getUserRewards ---> TOURGUIDESERVICE
getUserRewards ---> TOURGUIDESERVICE
getUserRewards ---> TOURGUIDESERVICE
getUserRewards ---> TOURGUIDESERVICE
getUserRewards ---> TOURGUIDESERVICE
getUserRewards ---> TOURGUIDESERVICE
getUserRewards ---> TOURGUIDESERVICE
getUserRewards ---> TOURGUIDESERVICE
getUserRewards ---> TOURGUIDESERVICE
getUserRewards ---> TOURGUIDESERVICE
getUserRewards ---> TOURGUIDESERVICE
getUserRewards ---> TOURGUIDESERVICE
getUserRewards ---> TOURGUIDESERVICE
getUserRewards ---> TOURGUIDESERVICE
getUserRewards ---> TOURGUIDESERVICE
getUserRewards ---> TOURGUIDESERVICE
getUserRewards ---> TOURGUIDESERVICE
getUserRewards ---> TOURGUIDESERVICE
getUserRewards ---> TOURGUIDESERVICE
getUserRewards ---> TOURGUIDESERVICE
getUserRewards ---> TOURGUIDESERVICE
getUserRewards ---> TOURGUIDESERVICE
getUserRewards ---> TOURGUIDESERVICE
getUserRewards ---> TOURGUIDESERVICE
getUserRewards ---> TOURGUIDESERVICE
getUserRewards ---> TOURGUIDESERVICE
getUserRewards ---> TOURGUIDESERVICE
getUserRewards ---> TOURGUIDESERVICE
getUserRewards ---> TOURGUIDESERVICE
getUserRewards ---> TOURGUIDESERVICE
getUserRewards ---> TOURGUIDESERVICE
getUserRewards ---> TOURGUIDESERVICE
getUserRewards ---> TOURGUIDESERVICE
getUserRewards ---> TOURGUIDESERVICE
getUserRewards ---> TOURGUIDESERVICE
getUserRewards ---> TOURGUIDESERVICE
getUserRewards ---> TOURGUIDESERVICE
getUserRewards ---> TOURGUIDESERVICE
getUserRewards ---> TOURGUIDESERVICE
getUserRewards ---> TOURGUIDESERVICE
getUserRewards ---> TOURGUIDESERVICE
getUserRewards ---> TOURGUIDESERVICE
getUserRewards ---> TOURGUIDESERVICE
getUserRewards ---> TOURGUIDESERVICE
getUserRewards ---> TOURGUIDESERVICE
getUserRewards ---> TOURGUIDESERVICE
getUserRewards ---> TOURGUIDESERVICE
getUserRewards ---> TOURGUIDESERVICE
getUserRewards ---> TOURGUIDESERVICE
getUserRewards ---> TOURGUIDESERVICE
getUserRewards ---> TOURGUIDESERVICE
getUserRewards ---> TOURGUIDESERVICE
getUserRewards ---> TOURGUIDESERVICE
getUserRewards ---> TOURGUIDESERVICE
getUserRewards ---> TOURGUIDESERVICE
getUserRewards ---> TOURGUIDESERVICE
getUserRewards ---> TOURGUIDESERVICE
getUserRewards ---> TOURGUIDESERVICE
getUserRewards ---> TOURGUIDESERVICE
getUserRewards ---> TOURGUIDESERVICE
getUserRewards ---> TOURGUIDESERVICE
getUserRewards ---> TOURGUIDESERVICE
getUserRewards ---> TOURGUIDESERVICE
getUserRewards ---> TOURGUIDESERVICE
getUserRewards ---> TOURGUIDESERVICE
getUserRewards ---> TOURGUIDESERVICE
getUserRewards ---> TOURGUIDESERVICE
getUserRewards ---> TOURGUIDESERVICE
getUserRewards ---> TOURGUIDESERVICE
getUserRewards ---> TOURGUIDESERVICE
getUserRewards ---> TOURGUIDESERVICE
getUserRewards ---> TOURGUIDESERVICE
getUserRewards ---> TOURGUIDESERVICE
getUserRewards ---> TOURGUIDESERVICE
getUserRewards ---> TOURGUIDESERVICE
getUserRewards ---> TOURGUIDESERVICE
getUserRewards ---> TOURGUIDESERVICE
getUserRewards ---> TOURGUIDESERVICE
getUserRewards ---> TOURGUIDESERVICE
getUserRewards ---> TOURGUIDESERVICE
getUserRewards ---> TOURGUIDESERVICE
getUserRewards ---> TOURGUIDESERVICE
getUserRewards ---> TOURGUIDESERVICE
getUserRewards ---> TOURGUIDESERVICE
getUserRewards ---> TOURGUIDESERVICE
getUserRewards ---> TOURGUIDESERVICE
getUserRewards ---> TOURGUIDESERVICE
getUserRewards ---> TOURGUIDESERVICE
getUserRewards ---> TOURGUIDESERVICE
getUserRewards ---> TOURGUIDESERVICE
getUserRewards ---> TOURGUIDESERVICE
getUserRewards ---> TOURGUIDESERVICE
getUserRewards ---> TOURGUIDESERVICE
getUserRewards ---> TOURGUIDESERVICE
getUserRewards ---> TOURGUIDESERVICE
getUserRewards ---> TOURGUIDESERVICE
getUserRewards ---> TOURGUIDESERVICE
getUserRewards ---> TOURGUIDESERVICE
getUserRewards ---> TOURGUIDESERVICE
getUserRewards ---> TOURGUIDESERVICE
getUserRewards ---> TOURGUIDESERVICE
getUserRewards ---> TOURGUIDESERVICE
getUserRewards ---> TOURGUIDESERVICE
getUserRewards ---> TOURGUIDESERVICE
getUserRewards ---> TOURGUIDESERVICE
getUserRewards ---> TOURGUIDESERVICE
getUserRewards ---> TOURGUIDESERVICE
getUserRewards ---> TOURGUIDESERVICE
getUserRewards ---> TOURGUIDESERVICE
getUserRewards ---> TOURGUIDESERVICE
getUserRewards ---> TOURGUIDESERVICE
getUserRewards ---> TOURGUIDESERVICE
getUserRewards ---> TOURGUIDESERVICE
getUserRewards ---> TOURGUIDESERVICE
getUserRewards ---> TOURGUIDESERVICE
getUserRewards ---> TOURGUIDESERVICE
getUserRewards ---> TOURGUIDESERVICE
getUserRewards ---> TOURGUIDESERVICE
getUserRewards ---> TOURGUIDESERVICE
getUserRewards ---> TOURGUIDESERVICE
getUserRewards ---> TOURGUIDESERVICE
getUserRewards ---> TOURGUIDESERVICE
getUserRewards ---> TOURGUIDESERVICE
getUserRewards ---> TOURGUIDESERVICE
getUserRewards ---> TOURGUIDESERVICE
getUserRewards ---> TOURGUIDESERVICE
getUserRewards ---> TOURGUIDESERVICE
getUserRewards ---> TOURGUIDESERVICE
getUserRewards ---> TOURGUIDESERVICE
getUserRewards ---> TOURGUIDESERVICE
getUserRewards ---> TOURGUIDESERVICE
getUserRewards ---> TOURGUIDESERVICE
getUserRewards ---> TOURGUIDESERVICE
getUserRewards ---> TOURGUIDESERVICE
getUserRewards ---> TOURGUIDESERVICE
getUserRewards ---> TOURGUIDESERVICE
getUserRewards ---> TOURGUIDESERVICE
getUserRewards ---> TOURGUIDESERVICE
getUserRewards ---> TOURGUIDESERVICE
getUserRewards ---> TOURGUIDESERVICE
getUserRewards ---> TOURGUIDESERVICE
getUserRewards ---> TOURGUIDESERVICE
getUserRewards ---> TOURGUIDESERVICE
getUserRewards ---> TOURGUIDESERVICE
getUserRewards ---> TOURGUIDESERVICE
getUserRewards ---> TOURGUIDESERVICE
getUserRewards ---> TOURGUIDESERVICE
getUserRewards ---> TOURGUIDESERVICE
getUserRewards ---> TOURGUIDESERVICE
getUserRewards ---> TOURGUIDESERVICE
getUserRewards ---> TOURGUIDESERVICE
getUserRewards ---> TOURGUIDESERVICE
getUserRewards ---> TOURGUIDESERVICE
getUserRewards ---> TOURGUIDESERVICE
getUserRewards ---> TOURGUIDESERVICE
getUserRewards ---> TOURGUIDESERVICE
getUserRewards ---> TOURGUIDESERVICE
getUserRewards ---> TOURGUIDESERVICE
getUserRewards ---> TOURGUIDESERVICE
getUserRewards ---> TOURGUIDESERVICE
getUserRewards ---> TOURGUIDESERVICE
getUserRewards ---> TOURGUIDESERVICE
getUserRewards ---> TOURGUIDESERVICE
getUserRewards ---> TOURGUIDESERVICE
getUserRewards ---> TOURGUIDESERVICE
getUserRewards ---> TOURGUIDESERVICE
getUserRewards ---> TOURGUIDESERVICE
getUserRewards ---> TOURGUIDESERVICE
getUserRewards ---> TOURGUIDESERVICE
getUserRewards ---> TOURGUIDESERVICE
getUserRewards ---> TOURGUIDESERVICE
getUserRewards ---> TOURGUIDESERVICE
getUserRewards ---> TOURGUIDESERVICE
getUserRewards ---> TOURGUIDESERVICE
getUserRewards ---> TOURGUIDESERVICE
getUserRewards ---> TOURGUIDESERVICE
getUserRewards ---> TOURGUIDESERVICE
getUserRewards ---> TOURGUIDESERVICE
getUserRewards ---> TOURGUIDESERVICE
getUserRewards ---> TOURGUIDESERVICE
getUserRewards ---> TOURGUIDESERVICE
getUserRewards ---> TOURGUIDESERVICE
getUserRewards ---> TOURGUIDESERVICE
getUserRewards ---> TOURGUIDESERVICE
getUserRewards ---> TOURGUIDESERVICE
getUserRewards ---> TOURGUIDESERVICE
getUserRewards ---> TOURGUIDESERVICE
getUserRewards ---> TOURGUIDESERVICE
getUserRewards ---> TOURGUIDESERVICE
getUserRewards ---> TOURGUIDESERVICE
getUserRewards ---> TOURGUIDESERVICE
getUserRewards ---> TOURGUIDESERVICE
getUserRewards ---> TOURGUIDESERVICE
getUserRewards ---> TOURGUIDESERVICE
getUserRewards ---> TOURGUIDESERVICE
getUserRewards ---> TOURGUIDESERVICE
getUserRewards ---> TOURGUIDESERVICE
getUserRewards ---> TOURGUIDESERVICE
getUserRewards ---> TOURGUIDESERVICE
getUserRewards ---> TOURGUIDESERVICE
getUserRewards ---> TOURGUIDESERVICE
getUserRewards ---> TOURGUIDESERVICE
getUserRewards ---> TOURGUIDESERVICE
getUserRewards ---> TOURGUIDESERVICE
getUserRewards ---> TOURGUIDESERVICE
getUserRewards ---> TOURGUIDESERVICE
getUserRewards ---> TOURGUIDESERVICE
getUserRewards ---> TOURGUIDESERVICE
getUserRewards ---> TOURGUIDESERVICE
getUserRewards ---> TOURGUIDESERVICE
getUserRewards ---> TOURGUIDESERVICE
getUserRewards ---> TOURGUIDESERVICE
getUserRewards ---> TOURGUIDESERVICE
getUserRewards ---> TOURGUIDESERVICE
getUserRewards ---> TOURGUIDESERVICE
getUserRewards ---> TOURGUIDESERVICE
getUserRewards ---> TOURGUIDESERVICE
getUserRewards ---> TOURGUIDESERVICE
getUserRewards ---> TOURGUIDESERVICE
getUserRewards ---> TOURGUIDESERVICE
getUserRewards ---> TOURGUIDESERVICE
getUserRewards ---> TOURGUIDESERVICE
getUserRewards ---> TOURGUIDESERVICE
getUserRewards ---> TOURGUIDESERVICE
getUserRewards ---> TOURGUIDESERVICE
getUserRewards ---> TOURGUIDESERVICE
getUserRewards ---> TOURGUIDESERVICE
getUserRewards ---> TOURGUIDESERVICE
getUserRewards ---> TOURGUIDESERVICE
getUserRewards ---> TOURGUIDESERVICE
getUserRewards ---> TOURGUIDESERVICE
getUserRewards ---> TOURGUIDESERVICE
getUserRewards ---> TOURGUIDESERVICE
getUserRewards ---> TOURGUIDESERVICE
getUserRewards ---> TOURGUIDESERVICE
getUserRewards ---> TOURGUIDESERVICE
getUserRewards ---> TOURGUIDESERVICE
getUserRewards ---> TOURGUIDESERVICE
getUserRewards ---> TOURGUIDESERVICE
getUserRewards ---> TOURGUIDESERVICE
getUserRewards ---> TOURGUIDESERVICE
getUserRewards ---> TOURGUIDESERVICE
getUserRewards ---> TOURGUIDESERVICE
getUserRewards ---> TOURGUIDESERVICE
getUserRewards ---> TOURGUIDESERVICE
getUserRewards ---> TOURGUIDESERVICE
getUserRewards ---> TOURGUIDESERVICE
getUserRewards ---> TOURGUIDESERVICE
getUserRewards ---> TOURGUIDESERVICE
getUserRewards ---> TOURGUIDESERVICE
getUserRewards ---> TOURGUIDESERVICE
getUserRewards ---> TOURGUIDESERVICE
getUserRewards ---> TOURGUIDESERVICE
getUserRewards ---> TOURGUIDESERVICE
getUserRewards ---> TOURGUIDESERVICE
getUserRewards ---> TOURGUIDESERVICE
getUserRewards ---> TOURGUIDESERVICE
getUserRewards ---> TOURGUIDESERVICE
getUserRewards ---> TOURGUIDESERVICE
getUserRewards ---> TOURGUIDESERVICE
getUserRewards ---> TOURGUIDESERVICE
getUserRewards ---> TOURGUIDESERVICE
getUserRewards ---> TOURGUIDESERVICE
getUserRewards ---> TOURGUIDESERVICE
getUserRewards ---> TOURGUIDESERVICE
getUserRewards ---> TOURGUIDESERVICE
getUserRewards ---> TOURGUIDESERVICE
getUserRewards ---> TOURGUIDESERVICE
getUserRewards ---> TOURGUIDESERVICE
getUserRewards ---> TOURGUIDESERVICE
getUserRewards ---> TOURGUIDESERVICE
getUserRewards ---> TOURGUIDESERVICE
getUserRewards ---> TOURGUIDESERVICE
getUserRewards ---> TOURGUIDESERVICE
getUserRewards ---> TOURGUIDESERVICE
getUserRewards ---> TOURGUIDESERVICE
getUserRewards ---> TOURGUIDESERVICE
getUserRewards ---> TOURGUIDESERVICE
getUserRewards ---> TOURGUIDESERVICE
getUserRewards ---> TOURGUIDESERVICE
getUserRewards ---> TOURGUIDESERVICE
getUserRewards ---> TOURGUIDESERVICE
getUserRewards ---> TOURGUIDESERVICE
getUserRewards ---> TOURGUIDESERVICE
getUserRewards ---> TOURGUIDESERVICE
getUserRewards ---> TOURGUIDESERVICE
getUserRewards ---> TOURGUIDESERVICE
getUserRewards ---> TOURGUIDESERVICE
getUserRewards ---> TOURGUIDESERVICE
getUserRewards ---> TOURGUIDESERVICE
getUserRewards ---> TOURGUIDESERVICE
getUserRewards ---> TOURGUIDESERVICE
getUserRewards ---> TOURGUIDESERVICE
getUserRewards ---> TOURGUIDESERVICE
getUserRewards ---> TOURGUIDESERVICE
getUserRewards ---> TOURGUIDESERVICE
getUserRewards ---> TOURGUIDESERVICE
getUserRewards ---> TOURGUIDESERVICE
getUserRewards ---> TOURGUIDESERVICE
getUserRewards ---> TOURGUIDESERVICE
getUserRewards ---> TOURGUIDESERVICE
getUserRewards ---> TOURGUIDESERVICE
getUserRewards ---> TOURGUIDESERVICE
getUserRewards ---> TOURGUIDESERVICE
getUserRewards ---> TOURGUIDESERVICE
getUserRewards ---> TOURGUIDESERVICE
getUserRewards ---> TOURGUIDESERVICE
getUserRewards ---> TOURGUIDESERVICE
getUserRewards ---> TOURGUIDESERVICE
getUserRewards ---> TOURGUIDESERVICE
getUserRewards ---> TOURGUIDESERVICE
getUserRewards ---> TOURGUIDESERVICE
getUserRewards ---> TOURGUIDESERVICE
getUserRewards ---> TOURGUIDESERVICE
getUserRewards ---> TOURGUIDESERVICE
getUserRewards ---> TOURGUIDESERVICE
getUserRewards ---> TOURGUIDESERVICE
getUserRewards ---> TOURGUIDESERVICE
getUserRewards ---> TOURGUIDESERVICE
getUserRewards ---> TOURGUIDESERVICE
getUserRewards ---> TOURGUIDESERVICE
getUserRewards ---> TOURGUIDESERVICE
getUserRewards ---> TOURGUIDESERVICE
getUserRewards ---> TOURGUIDESERVICE
getUserRewards ---> TOURGUIDESERVICE
getUserRewards ---> TOURGUIDESERVICE
getUserRewards ---> TOURGUIDESERVICE
getUserRewards ---> TOURGUIDESERVICE
getUserRewards ---> TOURGUIDESERVICE
getUserRewards ---> TOURGUIDESERVICE
getUserRewards ---> TOURGUIDESERVICE
getUserRewards ---> TOURGUIDESERVICE
getUserRewards ---> TOURGUIDESERVICE
getUserRewards ---> TOURGUIDESERVICE
getUserRewards ---> TOURGUIDESERVICE
getUserRewards ---> TOURGUIDESERVICE
getUserRewards ---> TOURGUIDESERVICE
getUserRewards ---> TOURGUIDESERVICE
getUserRewards ---> TOURGUIDESERVICE
getUserRewards ---> TOURGUIDESERVICE
getUserRewards ---> TOURGUIDESERVICE
getUserRewards ---> TOURGUIDESERVICE
getUserRewards ---> TOURGUIDESERVICE
getUserRewards ---> TOURGUIDESERVICE
getUserRewards ---> TOURGUIDESERVICE
getUserRewards ---> TOURGUIDESERVICE
getUserRewards ---> TOURGUIDESERVICE
getUserRewards ---> TOURGUIDESERVICE
getUserRewards ---> TOURGUIDESERVICE
getUserRewards ---> TOURGUIDESERVICE
getUserRewards ---> TOURGUIDESERVICE
getUserRewards ---> TOURGUIDESERVICE
getUserRewards ---> TOURGUIDESERVICE
getUserRewards ---> TOURGUIDESERVICE
getUserRewards ---> TOURGUIDESERVICE
getUserRewards ---> TOURGUIDESERVICE
getUserRewards ---> TOURGUIDESERVICE
getUserRewards ---> TOURGUIDESERVICE
getUserRewards ---> TOURGUIDESERVICE
getUserRewards ---> TOURGUIDESERVICE
getUserRewards ---> TOURGUIDESERVICE
getUserRewards ---> TOURGUIDESERVICE
getUserRewards ---> TOURGUIDESERVICE
getUserRewards ---> TOURGUIDESERVICE
getUserRewards ---> TOURGUIDESERVICE
getUserRewards ---> TOURGUIDESERVICE
getUserRewards ---> TOURGUIDESERVICE
getUserRewards ---> TOURGUIDESERVICE
getUserRewards ---> TOURGUIDESERVICE
getUserRewards ---> TOURGUIDESERVICE
getUserRewards ---> TOURGUIDESERVICE
getUserRewards ---> TOURGUIDESERVICE
getUserRewards ---> TOURGUIDESERVICE
getUserRewards ---> TOURGUIDESERVICE
getUserRewards ---> TOURGUIDESERVICE
getUserRewards ---> TOURGUIDESERVICE
getUserRewards ---> TOURGUIDESERVICE
getUserRewards ---> TOURGUIDESERVICE
getUserRewards ---> TOURGUIDESERVICE
getUserRewards ---> TOURGUIDESERVICE
getUserRewards ---> TOURGUIDESERVICE
getUserRewards ---> TOURGUIDESERVICE
getUserRewards ---> TOURGUIDESERVICE
getUserRewards ---> TOURGUIDESERVICE
getUserRewards ---> TOURGUIDESERVICE
getUserRewards ---> TOURGUIDESERVICE
getUserRewards ---> TOURGUIDESERVICE
getUserRewards ---> TOURGUIDESERVICE
getUserRewards ---> TOURGUIDESERVICE
getUserRewards ---> TOURGUIDESERVICE
getUserRewards ---> TOURGUIDESERVICE
getUserRewards ---> TOURGUIDESERVICE
getUserRewards ---> TOURGUIDESERVICE
getUserRewards ---> TOURGUIDESERVICE
getUserRewards ---> TOURGUIDESERVICE
getUserRewards ---> TOURGUIDESERVICE
getUserRewards ---> TOURGUIDESERVICE
getUserRewards ---> TOURGUIDESERVICE
getUserRewards ---> TOURGUIDESERVICE
getUserRewards ---> TOURGUIDESERVICE
getUserRewards ---> TOURGUIDESERVICE
getUserRewards ---> TOURGUIDESERVICE
getUserRewards ---> TOURGUIDESERVICE
getUserRewards ---> TOURGUIDESERVICE
getUserRewards ---> TOURGUIDESERVICE
getUserRewards ---> TOURGUIDESERVICE
getUserRewards ---> TOURGUIDESERVICE
getUserRewards ---> TOURGUIDESERVICE
getUserRewards ---> TOURGUIDESERVICE
getUserRewards ---> TOURGUIDESERVICE
getUserRewards ---> TOURGUIDESERVICE
getUserRewards ---> TOURGUIDESERVICE
getUserRewards ---> TOURGUIDESERVICE
getUserRewards ---> TOURGUIDESERVICE
getUserRewards ---> TOURGUIDESERVICE
getUserRewards ---> TOURGUIDESERVICE
getUserRewards ---> TOURGUIDESERVICE
getUserRewards ---> TOURGUIDESERVICE
getUserRewards ---> TOURGUIDESERVICE
getUserRewards ---> TOURGUIDESERVICE
getUserRewards ---> TOURGUIDESERVICE
getUserRewards ---> TOURGUIDESERVICE
getUserRewards ---> TOURGUIDESERVICE
getUserRewards ---> TOURGUIDESERVICE
getUserRewards ---> TOURGUIDESERVICE
getUserRewards ---> TOURGUIDESERVICE
getUserRewards ---> TOURGUIDESERVICE
getUserRewards ---> TOURGUIDESERVICE
getUserRewards ---> TOURGUIDESERVICE
getUserRewards ---> TOURGUIDESERVICE
getUserRewards ---> TOURGUIDESERVICE
getUserRewards ---> TOURGUIDESERVICE
getUserRewards ---> TOURGUIDESERVICE
getUserRewards ---> TOURGUIDESERVICE
getUserRewards ---> TOURGUIDESERVICE
getUserRewards ---> TOURGUIDESERVICE
getUserRewards ---> TOURGUIDESERVICE
getUserRewards ---> TOURGUIDESERVICE
getUserRewards ---> TOURGUIDESERVICE
getUserRewards ---> TOURGUIDESERVICE
getUserRewards ---> TOURGUIDESERVICE
getUserRewards ---> TOURGUIDESERVICE
getUserRewards ---> TOURGUIDESERVICE
getUserRewards ---> TOURGUIDESERVICE
getUserRewards ---> TOURGUIDESERVICE
getUserRewards ---> TOURGUIDESERVICE
getUserRewards ---> TOURGUIDESERVICE
getUserRewards ---> TOURGUIDESERVICE
getUserRewards ---> TOURGUIDESERVICE
getUserRewards ---> TOURGUIDESERVICE
getUserRewards ---> TOURGUIDESERVICE
getUserRewards ---> TOURGUIDESERVICE
getUserRewards ---> TOURGUIDESERVICE
getUserRewards ---> TOURGUIDESERVICE
getUserRewards ---> TOURGUIDESERVICE
getUserRewards ---> TOURGUIDESERVICE
getUserRewards ---> TOURGUIDESERVICE
getUserRewards ---> TOURGUIDESERVICE
getUserRewards ---> TOURGUIDESERVICE
getUserRewards ---> TOURGUIDESERVICE
getUserRewards ---> TOURGUIDESERVICE
getUserRewards ---> TOURGUIDESERVICE
getUserRewards ---> TOURGUIDESERVICE
getUserRewards ---> TOURGUIDESERVICE
getUserRewards ---> TOURGUIDESERVICE
getUserRewards ---> TOURGUIDESERVICE
getUserRewards ---> TOURGUIDESERVICE
getUserRewards ---> TOURGUIDESERVICE
getUserRewards ---> TOURGUIDESERVICE
getUserRewards ---> TOURGUIDESERVICE
getUserRewards ---> TOURGUIDESERVICE
getUserRewards ---> TOURGUIDESERVICE
getUserRewards ---> TOURGUIDESERVICE
getUserRewards ---> TOURGUIDESERVICE
getUserRewards ---> TOURGUIDESERVICE
getUserRewards ---> TOURGUIDESERVICE
getUserRewards ---> TOURGUIDESERVICE
getUserRewards ---> TOURGUIDESERVICE
getUserRewards ---> TOURGUIDESERVICE
getUserRewards ---> TOURGUIDESERVICE
getUserRewards ---> TOURGUIDESERVICE
getUserRewards ---> TOURGUIDESERVICE
getUserRewards ---> TOURGUIDESERVICE
getUserRewards ---> TOURGUIDESERVICE
getUserRewards ---> TOURGUIDESERVICE
getUserRewards ---> TOURGUIDESERVICE
getUserRewards ---> TOURGUIDESERVICE
getUserRewards ---> TOURGUIDESERVICE
getUserRewards ---> TOURGUIDESERVICE
getUserRewards ---> TOURGUIDESERVICE
getUserRewards ---> TOURGUIDESERVICE
getUserRewards ---> TOURGUIDESERVICE
getUserRewards ---> TOURGUIDESERVICE
getUserRewards ---> TOURGUIDESERVICE
getUserRewards ---> TOURGUIDESERVICE
getUserRewards ---> TOURGUIDESERVICE
getUserRewards ---> TOURGUIDESERVICE
getUserRewards ---> TOURGUIDESERVICE
getUserRewards ---> TOURGUIDESERVICE
getUserRewards ---> TOURGUIDESERVICE
getUserRewards ---> TOURGUIDESERVICE
getUserRewards ---> TOURGUIDESERVICE
getUserRewards ---> TOURGUIDESERVICE
getUserRewards ---> TOURGUIDESERVICE
getUserRewards ---> TOURGUIDESERVICE
getUserRewards ---> TOURGUIDESERVICE
getUserRewards ---> TOURGUIDESERVICE
getUserRewards ---> TOURGUIDESERVICE
getUserRewards ---> TOURGUIDESERVICE
getUserRewards ---> TOURGUIDESERVICE
getUserRewards ---> TOURGUIDESERVICE
getUserRewards ---> TOURGUIDESERVICE
getUserRewards ---> TOURGUIDESERVICE
getUserRewards ---> TOURGUIDESERVICE
getUserRewards ---> TOURGUIDESERVICE
getUserRewards ---> TOURGUIDESERVICE
getUserRewards ---> TOURGUIDESERVICE
getUserRewards ---> TOURGUIDESERVICE
getUserRewards ---> TOURGUIDESERVICE
getUserRewards ---> TOURGUIDESERVICE
getUserRewards ---> TOURGUIDESERVICE
getUserRewards ---> TOURGUIDESERVICE
getUserRewards ---> TOURGUIDESERVICE
getUserRewards ---> TOURGUIDESERVICE
getUserRewards ---> TOURGUIDESERVICE
getUserRewards ---> TOURGUIDESERVICE
getUserRewards ---> TOURGUIDESERVICE
getUserRewards ---> TOURGUIDESERVICE
getUserRewards ---> TOURGUIDESERVICE
getUserRewards ---> TOURGUIDESERVICE
getUserRewards ---> TOURGUIDESERVICE
getUserRewards ---> TOURGUIDESERVICE
getUserRewards ---> TOURGUIDESERVICE
getUserRewards ---> TOURGUIDESERVICE
getUserRewards ---> TOURGUIDESERVICE
getUserRewards ---> TOURGUIDESERVICE
getUserRewards ---> TOURGUIDESERVICE
getUserRewards ---> TOURGUIDESERVICE
getUserRewards ---> TOURGUIDESERVICE
getUserRewards ---> TOURGUIDESERVICE
getUserRewards ---> TOURGUIDESERVICE
getUserRewards ---> TOURGUIDESERVICE
getUserRewards ---> TOURGUIDESERVICE
getUserRewards ---> TOURGUIDESERVICE
getUserRewards ---> TOURGUIDESERVICE
getUserRewards ---> TOURGUIDESERVICE
getUserRewards ---> TOURGUIDESERVICE
getUserRewards ---> TOURGUIDESERVICE
getUserRewards ---> TOURGUIDESERVICE
getUserRewards ---> TOURGUIDESERVICE
getUserRewards ---> TOURGUIDESERVICE
getUserRewards ---> TOURGUIDESERVICE
getUserRewards ---> TOURGUIDESERVICE
getUserRewards ---> TOURGUIDESERVICE
getUserRewards ---> TOURGUIDESERVICE
getUserRewards ---> TOURGUIDESERVICE
getUserRewards ---> TOURGUIDESERVICE
getUserRewards ---> TOURGUIDESERVICE
getUserRewards ---> TOURGUIDESERVICE
getUserRewards ---> TOURGUIDESERVICE
getUserRewards ---> TOURGUIDESERVICE
getUserRewards ---> TOURGUIDESERVICE
getUserRewards ---> TOURGUIDESERVICE
getUserRewards ---> TOURGUIDESERVICE
getUserRewards ---> TOURGUIDESERVICE
getUserRewards ---> TOURGUIDESERVICE
getUserRewards ---> TOURGUIDESERVICE
getUserRewards ---> TOURGUIDESERVICE
getUserRewards ---> TOURGUIDESERVICE
getUserRewards ---> TOURGUIDESERVICE
getUserRewards ---> TOURGUIDESERVICE
getUserRewards ---> TOURGUIDESERVICE
getUserRewards ---> TOURGUIDESERVICE
getUserRewards ---> TOURGUIDESERVICE
getUserRewards ---> TOURGUIDESERVICE
getUserRewards ---> TOURGUIDESERVICE
getUserRewards ---> TOURGUIDESERVICE
getUserRewards ---> TOURGUIDESERVICE
getUserRewards ---> TOURGUIDESERVICE
getUserRewards ---> TOURGUIDESERVICE
getUserRewards ---> TOURGUIDESERVICE
getUserRewards ---> TOURGUIDESERVICE
getUserRewards ---> TOURGUIDESERVICE
getUserRewards ---> TOURGUIDESERVICE
getUserRewards ---> TOURGUIDESERVICE
getUserRewards ---> TOURGUIDESERVICE
getUserRewards ---> TOURGUIDESERVICE
getUserRewards ---> TOURGUIDESERVICE
getUserRewards ---> TOURGUIDESERVICE
getUserRewards ---> TOURGUIDESERVICE
getUserRewards ---> TOURGUIDESERVICE
getUserRewards ---> TOURGUIDESERVICE
getUserRewards ---> TOURGUIDESERVICE
getUserRewards ---> TOURGUIDESERVICE
getUserRewards ---> TOURGUIDESERVICE
getUserRewards ---> TOURGUIDESERVICE
getUserRewards ---> TOURGUIDESERVICE
getUserRewards ---> TOURGUIDESERVICE
getUserRewards ---> TOURGUIDESERVICE
getUserRewards ---> TOURGUIDESERVICE
getUserRewards ---> TOURGUIDESERVICE
getUserRewards ---> TOURGUIDESERVICE
getUserRewards ---> TOURGUIDESERVICE
getUserRewards ---> TOURGUIDESERVICE
getUserRewards ---> TOURGUIDESERVICE
getUserRewards ---> TOURGUIDESERVICE
getUserRewards ---> TOURGUIDESERVICE
getUserRewards ---> TOURGUIDESERVICE
getUserRewards ---> TOURGUIDESERVICE
getUserRewards ---> TOURGUIDESERVICE
getUserRewards ---> TOURGUIDESERVICE
getUserRewards ---> TOURGUIDESERVICE
getUserRewards ---> TOURGUIDESERVICE
getUserRewards ---> TOURGUIDESERVICE
getUserRewards ---> TOURGUIDESERVICE
getUserRewards ---> TOURGUIDESERVICE
getUserRewards ---> TOURGUIDESERVICE
getUserRewards ---> TOURGUIDESERVICE
getUserRewards ---> TOURGUIDESERVICE
getUserRewards ---> TOURGUIDESERVICE
getUserRewards ---> TOURGUIDESERVICE
getUserRewards ---> TOURGUIDESERVICE
getUserRewards ---> TOURGUIDESERVICE
getUserRewards ---> TOURGUIDESERVICE
getUserRewards ---> TOURGUIDESERVICE
getUserRewards ---> TOURGUIDESERVICE
getUserRewards ---> TOURGUIDESERVICE
getUserRewards ---> TOURGUIDESERVICE
getUserRewards ---> TOURGUIDESERVICE
getUserRewards ---> TOURGUIDESERVICE
getUserRewards ---> TOURGUIDESERVICE
getUserRewards ---> TOURGUIDESERVICE
getUserRewards ---> TOURGUIDESERVICE
getUserRewards ---> TOURGUIDESERVICE
getUserRewards ---> TOURGUIDESERVICE
getUserRewards ---> TOURGUIDESERVICE
getUserRewards ---> TOURGUIDESERVICE
getUserRewards ---> TOURGUIDESERVICE
getUserRewards ---> TOURGUIDESERVICE
getUserRewards ---> TOURGUIDESERVICE
getUserRewards ---> TOURGUIDESERVICE
getUserRewards ---> TOURGUIDESERVICE
getUserRewards ---> TOURGUIDESERVICE
getUserRewards ---> TOURGUIDESERVICE
getUserRewards ---> TOURGUIDESERVICE
getUserRewards ---> TOURGUIDESERVICE
getUserRewards ---> TOURGUIDESERVICE
getUserRewards ---> TOURGUIDESERVICE
getUserRewards ---> TOURGUIDESERVICE
getUserRewards ---> TOURGUIDESERVICE
getUserRewards ---> TOURGUIDESERVICE
getUserRewards ---> TOURGUIDESERVICE
getUserRewards ---> TOURGUIDESERVICE
getUserRewards ---> TOURGUIDESERVICE
getUserRewards ---> TOURGUIDESERVICE
getUserRewards ---> TOURGUIDESERVICE
getUserRewards ---> TOURGUIDESERVICE
getUserRewards ---> TOURGUIDESERVICE
getUserRewards ---> TOURGUIDESERVICE
getUserRewards ---> TOURGUIDESERVICE
getUserRewards ---> TOURGUIDESERVICE
getUserRewards ---> TOURGUIDESERVICE
getUserRewards ---> TOURGUIDESERVICE
getUserRewards ---> TOURGUIDESERVICE
getUserRewards ---> TOURGUIDESERVICE
getUserRewards ---> TOURGUIDESERVICE
getUserRewards ---> TOURGUIDESERVICE
getUserRewards ---> TOURGUIDESERVICE
getUserRewards ---> TOURGUIDESERVICE
getUserRewards ---> TOURGUIDESERVICE
getUserRewards ---> TOURGUIDESERVICE
getUserRewards ---> TOURGUIDESERVICE
getUserRewards ---> TOURGUIDESERVICE
getUserRewards ---> TOURGUIDESERVICE
getUserRewards ---> TOURGUIDESERVICE
getUserRewards ---> TOURGUIDESERVICE
getUserRewards ---> TOURGUIDESERVICE
getUserRewards ---> TOURGUIDESERVICE
getUserRewards ---> TOURGUIDESERVICE
getUserRewards ---> TOURGUIDESERVICE
getUserRewards ---> TOURGUIDESERVICE
getUserRewards ---> TOURGUIDESERVICE
getUserRewards ---> TOURGUIDESERVICE
getUserRewards ---> TOURGUIDESERVICE
getUserRewards ---> TOURGUIDESERVICE
getUserRewards ---> TOURGUIDESERVICE
getUserRewards ---> TOURGUIDESERVICE
getUserRewards ---> TOURGUIDESERVICE
getUserRewards ---> TOURGUIDESERVICE
getUserRewards ---> TOURGUIDESERVICE
getUserRewards ---> TOURGUIDESERVICE
getUserRewards ---> TOURGUIDESERVICE
getUserRewards ---> TOURGUIDESERVICE
getUserRewards ---> TOURGUIDESERVICE
getUserRewards ---> TOURGUIDESERVICE
getUserRewards ---> TOURGUIDESERVICE
getUserRewards ---> TOURGUIDESERVICE
getUserRewards ---> TOURGUIDESERVICE
getUserRewards ---> TOURGUIDESERVICE
getUserRewards ---> TOURGUIDESERVICE
getUserRewards ---> TOURGUIDESERVICE
getUserRewards ---> TOURGUIDESERVICE
getUserRewards ---> TOURGUIDESERVICE
getUserRewards ---> TOURGUIDESERVICE
getUserRewards ---> TOURGUIDESERVICE
getUserRewards ---> TOURGUIDESERVICE
getUserRewards ---> TOURGUIDESERVICE
getUserRewards ---> TOURGUIDESERVICE
getUserRewards ---> TOURGUIDESERVICE
getUserRewards ---> TOURGUIDESERVICE
getUserRewards ---> TOURGUIDESERVICE
getUserRewards ---> TOURGUIDESERVICE
getUserRewards ---> TOURGUIDESERVICE
getUserRewards ---> TOURGUIDESERVICE
getUserRewards ---> TOURGUIDESERVICE
getUserRewards ---> TOURGUIDESERVICE
getUserRewards ---> TOURGUIDESERVICE
getUserRewards ---> TOURGUIDESERVICE
getUserRewards ---> TOURGUIDESERVICE
getUserRewards ---> TOURGUIDESERVICE
getUserRewards ---> TOURGUIDESERVICE
getUserRewards ---> TOURGUIDESERVICE
getUserRewards ---> TOURGUIDESERVICE
getUserRewards ---> TOURGUIDESERVICE
getUserRewards ---> TOURGUIDESERVICE
getUserRewards ---> TOURGUIDESERVICE
getUserRewards ---> TOURGUIDESERVICE
getUserRewards ---> TOURGUIDESERVICE
getUserRewards ---> TOURGUIDESERVICE
getUserRewards ---> TOURGUIDESERVICE
getUserRewards ---> TOURGUIDESERVICE
getUserRewards ---> TOURGUIDESERVICE
getUserRewards ---> TOURGUIDESERVICE
getUserRewards ---> TOURGUIDESERVICE
getUserRewards ---> TOURGUIDESERVICE
getUserRewards ---> TOURGUIDESERVICE
getUserRewards ---> TOURGUIDESERVICE
getUserRewards ---> TOURGUIDESERVICE
getUserRewards ---> TOURGUIDESERVICE
getUserRewards ---> TOURGUIDESERVICE
getUserRewards ---> TOURGUIDESERVICE
getUserRewards ---> TOURGUIDESERVICE
getUserRewards ---> TOURGUIDESERVICE
getUserRewards ---> TOURGUIDESERVICE
getUserRewards ---> TOURGUIDESERVICE
getUserRewards ---> TOURGUIDESERVICE
getUserRewards ---> TOURGUIDESERVICE
getUserRewards ---> TOURGUIDESERVICE
getUserRewards ---> TOURGUIDESERVICE
getUserRewards ---> TOURGUIDESERVICE
getUserRewards ---> TOURGUIDESERVICE
getUserRewards ---> TOURGUIDESERVICE
getUserRewards ---> TOURGUIDESERVICE
getUserRewards ---> TOURGUIDESERVICE
getUserRewards ---> TOURGUIDESERVICE
getUserRewards ---> TOURGUIDESERVICE
getUserRewards ---> TOURGUIDESERVICE
getUserRewards ---> TOURGUIDESERVICE
getUserRewards ---> TOURGUIDESERVICE
getUserRewards ---> TOURGUIDESERVICE
getUserRewards ---> TOURGUIDESERVICE
getUserRewards ---> TOURGUIDESERVICE
getUserRewards ---> TOURGUIDESERVICE
getUserRewards ---> TOURGUIDESERVICE
getUserRewards ---> TOURGUIDESERVICE
getUserRewards ---> TOURGUIDESERVICE
getUserRewards ---> TOURGUIDESERVICE
getUserRewards ---> TOURGUIDESERVICE
getUserRewards ---> TOURGUIDESERVICE
getUserRewards ---> TOURGUIDESERVICE
getUserRewards ---> TOURGUIDESERVICE
getUserRewards ---> TOURGUIDESERVICE
getUserRewards ---> TOURGUIDESERVICE
getUserRewards ---> TOURGUIDESERVICE
getUserRewards ---> TOURGUIDESERVICE
getUserRewards ---> TOURGUIDESERVICE
getUserRewards ---> TOURGUIDESERVICE
getUserRewards ---> TOURGUIDESERVICE
getUserRewards ---> TOURGUIDESERVICE
getUserRewards ---> TOURGUIDESERVICE
getUserRewards ---> TOURGUIDESERVICE
getUserRewards ---> TOURGUIDESERVICE
getUserRewards ---> TOURGUIDESERVICE
getUserRewards ---> TOURGUIDESERVICE
getUserRewards ---> TOURGUIDESERVICE
getUserRewards ---> TOURGUIDESERVICE
getUserRewards ---> TOURGUIDESERVICE
getUserRewards ---> TOURGUIDESERVICE
getUserRewards ---> TOURGUIDESERVICE
getUserRewards ---> TOURGUIDESERVICE
getUserRewards ---> TOURGUIDESERVICE
getUserRewards ---> TOURGUIDESERVICE
getUserRewards ---> TOURGUIDESERVICE
getUserRewards ---> TOURGUIDESERVICE
getUserRewards ---> TOURGUIDESERVICE
getUserRewards ---> TOURGUIDESERVICE
getUserRewards ---> TOURGUIDESERVICE
getUserRewards ---> TOURGUIDESERVICE
getUserRewards ---> TOURGUIDESERVICE
getUserRewards ---> TOURGUIDESERVICE
getUserRewards ---> TOURGUIDESERVICE
getUserRewards ---> TOURGUIDESERVICE
getUserRewards ---> TOURGUIDESERVICE
getUserRewards ---> TOURGUIDESERVICE
getUserRewards ---> TOURGUIDESERVICE
getUserRewards ---> TOURGUIDESERVICE
getUserRewards ---> TOURGUIDESERVICE
getUserRewards ---> TOURGUIDESERVICE
getUserRewards ---> TOURGUIDESERVICE
getUserRewards ---> TOURGUIDESERVICE
getUserRewards ---> TOURGUIDESERVICE
getUserRewards ---> TOURGUIDESERVICE
getUserRewards ---> TOURGUIDESERVICE
getUserRewards ---> TOURGUIDESERVICE
getUserRewards ---> TOURGUIDESERVICE
getUserRewards ---> TOURGUIDESERVICE
getUserRewards ---> TOURGUIDESERVICE
getUserRewards ---> TOURGUIDESERVICE
getUserRewards ---> TOURGUIDESERVICE
getUserRewards ---> TOURGUIDESERVICE
getUserRewards ---> TOURGUIDESERVICE
getUserRewards ---> TOURGUIDESERVICE
getUserRewards ---> TOURGUIDESERVICE
getUserRewards ---> TOURGUIDESERVICE
getUserRewards ---> TOURGUIDESERVICE
getUserRewards ---> TOURGUIDESERVICE
getUserRewards ---> TOURGUIDESERVICE
getUserRewards ---> TOURGUIDESERVICE
getUserRewards ---> TOURGUIDESERVICE
getUserRewards ---> TOURGUIDESERVICE
getUserRewards ---> TOURGUIDESERVICE
getUserRewards ---> TOURGUIDESERVICE
getUserRewards ---> TOURGUIDESERVICE
getUserRewards ---> TOURGUIDESERVICE
getUserRewards ---> TOURGUIDESERVICE
getUserRewards ---> TOURGUIDESERVICE
getUserRewards ---> TOURGUIDESERVICE
getUserRewards ---> TOURGUIDESERVICE
getUserRewards ---> TOURGUIDESERVICE
getUserRewards ---> TOURGUIDESERVICE
getUserRewards ---> TOURGUIDESERVICE
getUserRewards ---> TOURGUIDESERVICE
getUserRewards ---> TOURGUIDESERVICE
getUserRewards ---> TOURGUIDESERVICE
getUserRewards ---> TOURGUIDESERVICE
getUserRewards ---> TOURGUIDESERVICE
getUserRewards ---> TOURGUIDESERVICE
getUserRewards ---> TOURGUIDESERVICE
getUserRewards ---> TOURGUIDESERVICE
getUserRewards ---> TOURGUIDESERVICE
getUserRewards ---> TOURGUIDESERVICE
getUserRewards ---> TOURGUIDESERVICE
getUserRewards ---> TOURGUIDESERVICE
getUserRewards ---> TOURGUIDESERVICE
getUserRewards ---> TOURGUIDESERVICE
getUserRewards ---> TOURGUIDESERVICE
getUserRewards ---> TOURGUIDESERVICE
getUserRewards ---> TOURGUIDESERVICE
getUserRewards ---> TOURGUIDESERVICE
getUserRewards ---> TOURGUIDESERVICE
getUserRewards ---> TOURGUIDESERVICE
getUserRewards ---> TOURGUIDESERVICE
getUserRewards ---> TOURGUIDESERVICE
getUserRewards ---> TOURGUIDESERVICE
getUserRewards ---> TOURGUIDESERVICE
getUserRewards ---> TOURGUIDESERVICE
getUserRewards ---> TOURGUIDESERVICE
getUserRewards ---> TOURGUIDESERVICE
getUserRewards ---> TOURGUIDESERVICE
getUserRewards ---> TOURGUIDESERVICE
getUserRewards ---> TOURGUIDESERVICE
getUserRewards ---> TOURGUIDESERVICE
getUserRewards ---> TOURGUIDESERVICE
getUserRewards ---> TOURGUIDESERVICE
getUserRewards ---> TOURGUIDESERVICE
getUserRewards ---> TOURGUIDESERVICE
getUserRewards ---> TOURGUIDESERVICE
getUserRewards ---> TOURGUIDESERVICE
getUserRewards ---> TOURGUIDESERVICE
getUserRewards ---> TOURGUIDESERVICE
getUserRewards ---> TOURGUIDESERVICE
getUserRewards ---> TOURGUIDESERVICE
getUserRewards ---> TOURGUIDESERVICE
getUserRewards ---> TOURGUIDESERVICE
getUserRewards ---> TOURGUIDESERVICE
getUserRewards ---> TOURGUIDESERVICE
getUserRewards ---> TOURGUIDESERVICE
getUserRewards ---> TOURGUIDESERVICE
getUserRewards ---> TOURGUIDESERVICE
getUserRewards ---> TOURGUIDESERVICE
getUserRewards ---> TOURGUIDESERVICE
getUserRewards ---> TOURGUIDESERVICE
getUserRewards ---> TOURGUIDESERVICE
getUserRewards ---> TOURGUIDESERVICE
getUserRewards ---> TOURGUIDESERVICE
getUserRewards ---> TOURGUIDESERVICE
getUserRewards ---> TOURGUIDESERVICE
getUserRewards ---> TOURGUIDESERVICE
getUserRewards ---> TOURGUIDESERVICE
getUserRewards ---> TOURGUIDESERVICE
getUserRewards ---> TOURGUIDESERVICE
getUserRewards ---> TOURGUIDESERVICE
getUserRewards ---> TOURGUIDESERVICE
getUserRewards ---> TOURGUIDESERVICE
getUserRewards ---> TOURGUIDESERVICE
getUserRewards ---> TOURGUIDESERVICE
getUserRewards ---> TOURGUIDESERVICE
getUserRewards ---> TOURGUIDESERVICE
getUserRewards ---> TOURGUIDESERVICE
getUserRewards ---> TOURGUIDESERVICE
getUserRewards ---> TOURGUIDESERVICE
getUserRewards ---> TOURGUIDESERVICE
getUserRewards ---> TOURGUIDESERVICE
getUserRewards ---> TOURGUIDESERVICE
getUserRewards ---> TOURGUIDESERVICE
getUserRewards ---> TOURGUIDESERVICE
getUserRewards ---> TOURGUIDESERVICE
getUserRewards ---> TOURGUIDESERVICE
getUserRewards ---> TOURGUIDESERVICE
getUserRewards ---> TOURGUIDESERVICE
getUserRewards ---> TOURGUIDESERVICE
getUserRewards ---> TOURGUIDESERVICE
getUserRewards ---> TOURGUIDESERVICE
getUserRewards ---> TOURGUIDESERVICE
getUserRewards ---> TOURGUIDESERVICE
getUserRewards ---> TOURGUIDESERVICE
getUserRewards ---> TOURGUIDESERVICE
getUserRewards ---> TOURGUIDESERVICE
getUserRewards ---> TOURGUIDESERVICE
getUserRewards ---> TOURGUIDESERVICE
getUserRewards ---> TOURGUIDESERVICE
getUserRewards ---> TOURGUIDESERVICE
getUserRewards ---> TOURGUIDESERVICE
getUserRewards ---> TOURGUIDESERVICE
getUserRewards ---> TOURGUIDESERVICE
getUserRewards ---> TOURGUIDESERVICE
getUserRewards ---> TOURGUIDESERVICE
getUserRewards ---> TOURGUIDESERVICE
getUserRewards ---> TOURGUIDESERVICE
getUserRewards ---> TOURGUIDESERVICE
getUserRewards ---> TOURGUIDESERVICE
getUserRewards ---> TOURGUIDESERVICE
getUserRewards ---> TOURGUIDESERVICE
getUserRewards ---> TOURGUIDESERVICE
getUserRewards ---> TOURGUIDESERVICE
getUserRewards ---> TOURGUIDESERVICE
getUserRewards ---> TOURGUIDESERVICE
getUserRewards ---> TOURGUIDESERVICE
getUserRewards ---> TOURGUIDESERVICE
getUserRewards ---> TOURGUIDESERVICE
getUserRewards ---> TOURGUIDESERVICE
getUserRewards ---> TOURGUIDESERVICE
getUserRewards ---> TOURGUIDESERVICE
getUserRewards ---> TOURGUIDESERVICE
getUserRewards ---> TOURGUIDESERVICE
getUserRewards ---> TOURGUIDESERVICE
getUserRewards ---> TOURGUIDESERVICE
getUserRewards ---> TOURGUIDESERVICE
getUserRewards ---> TOURGUIDESERVICE
getUserRewards ---> TOURGUIDESERVICE
getUserRewards ---> TOURGUIDESERVICE
getUserRewards ---> TOURGUIDESERVICE
getUserRewards ---> TOURGUIDESERVICE
getUserRewards ---> TOURGUIDESERVICE
getUserRewards ---> TOURGUIDESERVICE
getUserRewards ---> TOURGUIDESERVICE
getUserRewards ---> TOURGUIDESERVICE
getUserRewards ---> TOURGUIDESERVICE
getUserRewards ---> TOURGUIDESERVICE
getUserRewards ---> TOURGUIDESERVICE
getUserRewards ---> TOURGUIDESERVICE
getUserRewards ---> TOURGUIDESERVICE
getUserRewards ---> TOURGUIDESERVICE
getUserRewards ---> TOURGUIDESERVICE
getUserRewards ---> TOURGUIDESERVICE
getUserRewards ---> TOURGUIDESERVICE
getUserRewards ---> TOURGUIDESERVICE
getUserRewards ---> TOURGUIDESERVICE
getUserRewards ---> TOURGUIDESERVICE
getUserRewards ---> TOURGUIDESERVICE
getUserRewards ---> TOURGUIDESERVICE
getUserRewards ---> TOURGUIDESERVICE
getUserRewards ---> TOURGUIDESERVICE
getUserRewards ---> TOURGUIDESERVICE
getUserRewards ---> TOURGUIDESERVICE
getUserRewards ---> TOURGUIDESERVICE
getUserRewards ---> TOURGUIDESERVICE
getUserRewards ---> TOURGUIDESERVICE
getUserRewards ---> TOURGUIDESERVICE
getUserRewards ---> TOURGUIDESERVICE
getUserRewards ---> TOURGUIDESERVICE
getUserRewards ---> TOURGUIDESERVICE
getUserRewards ---> TOURGUIDESERVICE
getUserRewards ---> TOURGUIDESERVICE
getUserRewards ---> TOURGUIDESERVICE
getUserRewards ---> TOURGUIDESERVICE
getUserRewards ---> TOURGUIDESERVICE
getUserRewards ---> TOURGUIDESERVICE
getUserRewards ---> TOURGUIDESERVICE
getUserRewards ---> TOURGUIDESERVICE
getUserRewards ---> TOURGUIDESERVICE
getUserRewards ---> TOURGUIDESERVICE
getUserRewards ---> TOURGUIDESERVICE
getUserRewards ---> TOURGUIDESERVICE
getUserRewards ---> TOURGUIDESERVICE
getUserRewards ---> TOURGUIDESERVICE
getUserRewards ---> TOURGUIDESERVICE
getUserRewards ---> TOURGUIDESERVICE
getUserRewards ---> TOURGUIDESERVICE
getUserRewards ---> TOURGUIDESERVICE
getUserRewards ---> TOURGUIDESERVICE
getUserRewards ---> TOURGUIDESERVICE
getUserRewards ---> TOURGUIDESERVICE
getUserRewards ---> TOURGUIDESERVICE
getUserRewards ---> TOURGUIDESERVICE
getUserRewards ---> TOURGUIDESERVICE
getUserRewards ---> TOURGUIDESERVICE
getUserRewards ---> TOURGUIDESERVICE
getUserRewards ---> TOURGUIDESERVICE
getUserRewards ---> TOURGUIDESERVICE
getUserRewards ---> TOURGUIDESERVICE
getUserRewards ---> TOURGUIDESERVICE
getUserRewards ---> TOURGUIDESERVICE
getUserRewards ---> TOURGUIDESERVICE
getUserRewards ---> TOURGUIDESERVICE
getUserRewards ---> TOURGUIDESERVICE
getUserRewards ---> TOURGUIDESERVICE
getUserRewards ---> TOURGUIDESERVICE
getUserRewards ---> TOURGUIDESERVICE
getUserRewards ---> TOURGUIDESERVICE
getUserRewards ---> TOURGUIDESERVICE
getUserRewards ---> TOURGUIDESERVICE
getUserRewards ---> TOURGUIDESERVICE
getUserRewards ---> TOURGUIDESERVICE
getUserRewards ---> TOURGUIDESERVICE
getUserRewards ---> TOURGUIDESERVICE
getUserRewards ---> TOURGUIDESERVICE
getUserRewards ---> TOURGUIDESERVICE
getUserRewards ---> TOURGUIDESERVICE
getUserRewards ---> TOURGUIDESERVICE
getUserRewards ---> TOURGUIDESERVICE
getUserRewards ---> TOURGUIDESERVICE
getUserRewards ---> TOURGUIDESERVICE
getUserRewards ---> TOURGUIDESERVICE
getUserRewards ---> TOURGUIDESERVICE
getUserRewards ---> TOURGUIDESERVICE
getUserRewards ---> TOURGUIDESERVICE
getUserRewards ---> TOURGUIDESERVICE
getUserRewards ---> TOURGUIDESERVICE
getUserRewards ---> TOURGUIDESERVICE
getUserRewards ---> TOURGUIDESERVICE
getUserRewards ---> TOURGUIDESERVICE
getUserRewards ---> TOURGUIDESERVICE
getUserRewards ---> TOURGUIDESERVICE
getUserRewards ---> TOURGUIDESERVICE
getUserRewards ---> TOURGUIDESERVICE
getUserRewards ---> TOURGUIDESERVICE
getUserRewards ---> TOURGUIDESERVICE
getUserRewards ---> TOURGUIDESERVICE
getUserRewards ---> TOURGUIDESERVICE
getUserRewards ---> TOURGUIDESERVICE
getUserRewards ---> TOURGUIDESERVICE
getUserRewards ---> TOURGUIDESERVICE
getUserRewards ---> TOURGUIDESERVICE
getUserRewards ---> TOURGUIDESERVICE
getUserRewards ---> TOURGUIDESERVICE
getUserRewards ---> TOURGUIDESERVICE
getUserRewards ---> TOURGUIDESERVICE
getUserRewards ---> TOURGUIDESERVICE
getUserRewards ---> TOURGUIDESERVICE
getUserRewards ---> TOURGUIDESERVICE
getUserRewards ---> TOURGUIDESERVICE
getUserRewards ---> TOURGUIDESERVICE
getUserRewards ---> TOURGUIDESERVICE
getUserRewards ---> TOURGUIDESERVICE
getUserRewards ---> TOURGUIDESERVICE
getUserRewards ---> TOURGUIDESERVICE
getUserRewards ---> TOURGUIDESERVICE
getUserRewards ---> TOURGUIDESERVICE
getUserRewards ---> TOURGUIDESERVICE
getUserRewards ---> TOURGUIDESERVICE
getUserRewards ---> TOURGUIDESERVICE
getUserRewards ---> TOURGUIDESERVICE
getUserRewards ---> TOURGUIDESERVICE
getUserRewards ---> TOURGUIDESERVICE
getUserRewards ---> TOURGUIDESERVICE
getUserRewards ---> TOURGUIDESERVICE
getUserRewards ---> TOURGUIDESERVICE
getUserRewards ---> TOURGUIDESERVICE
getUserRewards ---> TOURGUIDESERVICE
getUserRewards ---> TOURGUIDESERVICE
getUserRewards ---> TOURGUIDESERVICE
getUserRewards ---> TOURGUIDESERVICE
getUserRewards ---> TOURGUIDESERVICE
getUserRewards ---> TOURGUIDESERVICE
getUserRewards ---> TOURGUIDESERVICE
getUserRewards ---> TOURGUIDESERVICE
getUserRewards ---> TOURGUIDESERVICE
getUserRewards ---> TOURGUIDESERVICE
getUserRewards ---> TOURGUIDESERVICE
getUserRewards ---> TOURGUIDESERVICE
getUserRewards ---> TOURGUIDESERVICE
getUserRewards ---> TOURGUIDESERVICE
getUserRewards ---> TOURGUIDESERVICE
getUserRewards ---> TOURGUIDESERVICE
getUserRewards ---> TOURGUIDESERVICE
getUserRewards ---> TOURGUIDESERVICE
getUserRewards ---> TOURGUIDESERVICE
getUserRewards ---> TOURGUIDESERVICE
getUserRewards ---> TOURGUIDESERVICE
getUserRewards ---> TOURGUIDESERVICE
getUserRewards ---> TOURGUIDESERVICE
getUserRewards ---> TOURGUIDESERVICE
getUserRewards ---> TOURGUIDESERVICE
getUserRewards ---> TOURGUIDESERVICE
getUserRewards ---> TOURGUIDESERVICE
getUserRewards ---> TOURGUIDESERVICE
getUserRewards ---> TOURGUIDESERVICE
getUserRewards ---> TOURGUIDESERVICE
getUserRewards ---> TOURGUIDESERVICE
getUserRewards ---> TOURGUIDESERVICE
getUserRewards ---> TOURGUIDESERVICE
getUserRewards ---> TOURGUIDESERVICE
getUserRewards ---> TOURGUIDESERVICE
getUserRewards ---> TOURGUIDESERVICE
getUserRewards ---> TOURGUIDESERVICE
getUserRewards ---> TOURGUIDESERVICE
getUserRewards ---> TOURGUIDESERVICE
getUserRewards ---> TOURGUIDESERVICE
getUserRewards ---> TOURGUIDESERVICE
getUserRewards ---> TOURGUIDESERVICE
getUserRewards ---> TOURGUIDESERVICE
getUserRewards ---> TOURGUIDESERVICE
getUserRewards ---> TOURGUIDESERVICE
getUserRewards ---> TOURGUIDESERVICE
getUserRewards ---> TOURGUIDESERVICE
getUserRewards ---> TOURGUIDESERVICE
getUserRewards ---> TOURGUIDESERVICE
getUserRewards ---> TOURGUIDESERVICE
getUserRewards ---> TOURGUIDESERVICE
getUserRewards ---> TOURGUIDESERVICE
getUserRewards ---> TOURGUIDESERVICE
getUserRewards ---> TOURGUIDESERVICE
getUserRewards ---> TOURGUIDESERVICE
getUserRewards ---> TOURGUIDESERVICE
getUserRewards ---> TOURGUIDESERVICE
getUserRewards ---> TOURGUIDESERVICE
getUserRewards ---> TOURGUIDESERVICE
getUserRewards ---> TOURGUIDESERVICE
getUserRewards ---> TOURGUIDESERVICE
getUserRewards ---> TOURGUIDESERVICE
getUserRewards ---> TOURGUIDESERVICE
getUserRewards ---> TOURGUIDESERVICE
getUserRewards ---> TOURGUIDESERVICE
getUserRewards ---> TOURGUIDESERVICE
getUserRewards ---> TOURGUIDESERVICE
getUserRewards ---> TOURGUIDESERVICE
getUserRewards ---> TOURGUIDESERVICE
getUserRewards ---> TOURGUIDESERVICE
getUserRewards ---> TOURGUIDESERVICE
getUserRewards ---> TOURGUIDESERVICE
getUserRewards ---> TOURGUIDESERVICE
getUserRewards ---> TOURGUIDESERVICE
getUserRewards ---> TOURGUIDESERVICE
getUserRewards ---> TOURGUIDESERVICE
getUserRewards ---> TOURGUIDESERVICE
getUserRewards ---> TOURGUIDESERVICE
getUserRewards ---> TOURGUIDESERVICE
getUserRewards ---> TOURGUIDESERVICE
getUserRewards ---> TOURGUIDESERVICE
getUserRewards ---> TOURGUIDESERVICE
getUserRewards ---> TOURGUIDESERVICE
getUserRewards ---> TOURGUIDESERVICE
getUserRewards ---> TOURGUIDESERVICE
getUserRewards ---> TOURGUIDESERVICE
getUserRewards ---> TOURGUIDESERVICE
getUserRewards ---> TOURGUIDESERVICE
getUserRewards ---> TOURGUIDESERVICE
getUserRewards ---> TOURGUIDESERVICE
getUserRewards ---> TOURGUIDESERVICE
getUserRewards ---> TOURGUIDESERVICE
getUserRewards ---> TOURGUIDESERVICE
getUserRewards ---> TOURGUIDESERVICE
getUserRewards ---> TOURGUIDESERVICE
getUserRewards ---> TOURGUIDESERVICE
getUserRewards ---> TOURGUIDESERVICE
getUserRewards ---> TOURGUIDESERVICE
getUserRewards ---> TOURGUIDESERVICE
getUserRewards ---> TOURGUIDESERVICE
getUserRewards ---> TOURGUIDESERVICE
getUserRewards ---> TOURGUIDESERVICE
getUserRewards ---> TOURGUIDESERVICE
getUserRewards ---> TOURGUIDESERVICE
getUserRewards ---> TOURGUIDESERVICE
getUserRewards ---> TOURGUIDESERVICE
getUserRewards ---> TOURGUIDESERVICE
getUserRewards ---> TOURGUIDESERVICE
getUserRewards ---> TOURGUIDESERVICE
getUserRewards ---> TOURGUIDESERVICE
getUserRewards ---> TOURGUIDESERVICE
getUserRewards ---> TOURGUIDESERVICE
getUserRewards ---> TOURGUIDESERVICE
getUserRewards ---> TOURGUIDESERVICE
getUserRewards ---> TOURGUIDESERVICE
getUserRewards ---> TOURGUIDESERVICE
getUserRewards ---> TOURGUIDESERVICE
getUserRewards ---> TOURGUIDESERVICE
getUserRewards ---> TOURGUIDESERVICE
getUserRewards ---> TOURGUIDESERVICE
getUserRewards ---> TOURGUIDESERVICE
getUserRewards ---> TOURGUIDESERVICE
getUserRewards ---> TOURGUIDESERVICE
getUserRewards ---> TOURGUIDESERVICE
getUserRewards ---> TOURGUIDESERVICE
getUserRewards ---> TOURGUIDESERVICE
getUserRewards ---> TOURGUIDESERVICE
getUserRewards ---> TOURGUIDESERVICE
getUserRewards ---> TOURGUIDESERVICE
getUserRewards ---> TOURGUIDESERVICE
getUserRewards ---> TOURGUIDESERVICE
getUserRewards ---> TOURGUIDESERVICE
getUserRewards ---> TOURGUIDESERVICE
getUserRewards ---> TOURGUIDESERVICE
getUserRewards ---> TOURGUIDESERVICE
getUserRewards ---> TOURGUIDESERVICE
getUserRewards ---> TOURGUIDESERVICE
getUserRewards ---> TOURGUIDESERVICE
getUserRewards ---> TOURGUIDESERVICE
getUserRewards ---> TOURGUIDESERVICE
getUserRewards ---> TOURGUIDESERVICE
getUserRewards ---> TOURGUIDESERVICE
getUserRewards ---> TOURGUIDESERVICE
getUserRewards ---> TOURGUIDESERVICE
getUserRewards ---> TOURGUIDESERVICE
getUserRewards ---> TOURGUIDESERVICE
getUserRewards ---> TOURGUIDESERVICE
getUserRewards ---> TOURGUIDESERVICE
getUserRewards ---> TOURGUIDESERVICE
getUserRewards ---> TOURGUIDESERVICE
getUserRewards ---> TOURGUIDESERVICE
getUserRewards ---> TOURGUIDESERVICE
getUserRewards ---> TOURGUIDESERVICE
getUserRewards ---> TOURGUIDESERVICE
getUserRewards ---> TOURGUIDESERVICE
getUserRewards ---> TOURGUIDESERVICE
getUserRewards ---> TOURGUIDESERVICE
getUserRewards ---> TOURGUIDESERVICE
getUserRewards ---> TOURGUIDESERVICE
getUserRewards ---> TOURGUIDESERVICE
getUserRewards ---> TOURGUIDESERVICE
getUserRewards ---> TOURGUIDESERVICE
getUserRewards ---> TOURGUIDESERVICE
getUserRewards ---> TOURGUIDESERVICE
getUserRewards ---> TOURGUIDESERVICE
getUserRewards ---> TOURGUIDESERVICE
getUserRewards ---> TOURGUIDESERVICE
getUserRewards ---> TOURGUIDESERVICE
getUserRewards ---> TOURGUIDESERVICE
getUserRewards ---> TOURGUIDESERVICE
getUserRewards ---> TOURGUIDESERVICE
getUserRewards ---> TOURGUIDESERVICE
getUserRewards ---> TOURGUIDESERVICE
getUserRewards ---> TOURGUIDESERVICE
getUserRewards ---> TOURGUIDESERVICE
getUserRewards ---> TOURGUIDESERVICE
getUserRewards ---> TOURGUIDESERVICE
getUserRewards ---> TOURGUIDESERVICE
getUserRewards ---> TOURGUIDESERVICE
getUserRewards ---> TOURGUIDESERVICE
getUserRewards ---> TOURGUIDESERVICE
getUserRewards ---> TOURGUIDESERVICE
getUserRewards ---> TOURGUIDESERVICE
getUserRewards ---> TOURGUIDESERVICE
getUserRewards ---> TOURGUIDESERVICE
getUserRewards ---> TOURGUIDESERVICE
getUserRewards ---> TOURGUIDESERVICE
getUserRewards ---> TOURGUIDESERVICE
getUserRewards ---> TOURGUIDESERVICE
getUserRewards ---> TOURGUIDESERVICE
getUserRewards ---> TOURGUIDESERVICE
getUserRewards ---> TOURGUIDESERVICE
getUserRewards ---> TOURGUIDESERVICE
getUserRewards ---> TOURGUIDESERVICE
getUserRewards ---> TOURGUIDESERVICE
getUserRewards ---> TOURGUIDESERVICE
getUserRewards ---> TOURGUIDESERVICE
getUserRewards ---> TOURGUIDESERVICE
getUserRewards ---> TOURGUIDESERVICE
getUserRewards ---> TOURGUIDESERVICE
getUserRewards ---> TOURGUIDESERVICE
getUserRewards ---> TOURGUIDESERVICE
getUserRewards ---> TOURGUIDESERVICE
getUserRewards ---> TOURGUIDESERVICE
getUserRewards ---> TOURGUIDESERVICE
getUserRewards ---> TOURGUIDESERVICE
getUserRewards ---> TOURGUIDESERVICE
getUserRewards ---> TOURGUIDESERVICE
getUserRewards ---> TOURGUIDESERVICE
getUserRewards ---> TOURGUIDESERVICE
getUserRewards ---> TOURGUIDESERVICE
getUserRewards ---> TOURGUIDESERVICE
getUserRewards ---> TOURGUIDESERVICE
getUserRewards ---> TOURGUIDESERVICE
getUserRewards ---> TOURGUIDESERVICE
getUserRewards ---> TOURGUIDESERVICE
getUserRewards ---> TOURGUIDESERVICE
getUserRewards ---> TOURGUIDESERVICE
getUserRewards ---> TOURGUIDESERVICE
getUserRewards ---> TOURGUIDESERVICE
getUserRewards ---> TOURGUIDESERVICE
getUserRewards ---> TOURGUIDESERVICE
getUserRewards ---> TOURGUIDESERVICE
getUserRewards ---> TOURGUIDESERVICE
getUserRewards ---> TOURGUIDESERVICE
getUserRewards ---> TOURGUIDESERVICE
getUserRewards ---> TOURGUIDESERVICE
getUserRewards ---> TOURGUIDESERVICE
getUserRewards ---> TOURGUIDESERVICE
getUserRewards ---> TOURGUIDESERVICE
getUserRewards ---> TOURGUIDESERVICE
getUserRewards ---> TOURGUIDESERVICE
getUserRewards ---> TOURGUIDESERVICE
getUserRewards ---> TOURGUIDESERVICE
getUserRewards ---> TOURGUIDESERVICE
getUserRewards ---> TOURGUIDESERVICE
getUserRewards ---> TOURGUIDESERVICE
getUserRewards ---> TOURGUIDESERVICE
getUserRewards ---> TOURGUIDESERVICE
getUserRewards ---> TOURGUIDESERVICE
getUserRewards ---> TOURGUIDESERVICE
getUserRewards ---> TOURGUIDESERVICE
getUserRewards ---> TOURGUIDESERVICE
getUserRewards ---> TOURGUIDESERVICE
getUserRewards ---> TOURGUIDESERVICE
getUserRewards ---> TOURGUIDESERVICE
getUserRewards ---> TOURGUIDESERVICE
getUserRewards ---> TOURGUIDESERVICE
getUserRewards ---> TOURGUIDESERVICE
getUserRewards ---> TOURGUIDESERVICE
getUserRewards ---> TOURGUIDESERVICE
getUserRewards ---> TOURGUIDESERVICE
getUserRewards ---> TOURGUIDESERVICE
getUserRewards ---> TOURGUIDESERVICE
getUserRewards ---> TOURGUIDESERVICE
getUserRewards ---> TOURGUIDESERVICE
getUserRewards ---> TOURGUIDESERVICE
getUserRewards ---> TOURGUIDESERVICE
getUserRewards ---> TOURGUIDESERVICE
getUserRewards ---> TOURGUIDESERVICE
getUserRewards ---> TOURGUIDESERVICE
getUserRewards ---> TOURGUIDESERVICE
getUserRewards ---> TOURGUIDESERVICE
getUserRewards ---> TOURGUIDESERVICE
getUserRewards ---> TOURGUIDESERVICE
getUserRewards ---> TOURGUIDESERVICE
getUserRewards ---> TOURGUIDESERVICE
getUserRewards ---> TOURGUIDESERVICE
getUserRewards ---> TOURGUIDESERVICE
getUserRewards ---> TOURGUIDESERVICE
getUserRewards ---> TOURGUIDESERVICE
getUserRewards ---> TOURGUIDESERVICE
getUserRewards ---> TOURGUIDESERVICE
getUserRewards ---> TOURGUIDESERVICE
getUserRewards ---> TOURGUIDESERVICE
getUserRewards ---> TOURGUIDESERVICE
getUserRewards ---> TOURGUIDESERVICE
getUserRewards ---> TOURGUIDESERVICE
getUserRewards ---> TOURGUIDESERVICE
getUserRewards ---> TOURGUIDESERVICE
getUserRewards ---> TOURGUIDESERVICE
getUserRewards ---> TOURGUIDESERVICE
getUserRewards ---> TOURGUIDESERVICE
getUserRewards ---> TOURGUIDESERVICE
getUserRewards ---> TOURGUIDESERVICE
getUserRewards ---> TOURGUIDESERVICE
getUserRewards ---> TOURGUIDESERVICE
getUserRewards ---> TOURGUIDESERVICE
getUserRewards ---> TOURGUIDESERVICE
getUserRewards ---> TOURGUIDESERVICE
getUserRewards ---> TOURGUIDESERVICE
getUserRewards ---> TOURGUIDESERVICE
getUserRewards ---> TOURGUIDESERVICE
getUserRewards ---> TOURGUIDESERVICE
getUserRewards ---> TOURGUIDESERVICE
getUserRewards ---> TOURGUIDESERVICE
getUserRewards ---> TOURGUIDESERVICE
getUserRewards ---> TOURGUIDESERVICE
getUserRewards ---> TOURGUIDESERVICE
getUserRewards ---> TOURGUIDESERVICE
getUserRewards ---> TOURGUIDESERVICE
getUserRewards ---> TOURGUIDESERVICE
getUserRewards ---> TOURGUIDESERVICE
getUserRewards ---> TOURGUIDESERVICE
getUserRewards ---> TOURGUIDESERVICE
getUserRewards ---> TOURGUIDESERVICE
getUserRewards ---> TOURGUIDESERVICE
getUserRewards ---> TOURGUIDESERVICE
getUserRewards ---> TOURGUIDESERVICE
getUserRewards ---> TOURGUIDESERVICE
getUserRewards ---> TOURGUIDESERVICE
getUserRewards ---> TOURGUIDESERVICE
getUserRewards ---> TOURGUIDESERVICE
getUserRewards ---> TOURGUIDESERVICE
getUserRewards ---> TOURGUIDESERVICE
getUserRewards ---> TOURGUIDESERVICE
getUserRewards ---> TOURGUIDESERVICE
getUserRewards ---> TOURGUIDESERVICE
getUserRewards ---> TOURGUIDESERVICE
getUserRewards ---> TOURGUIDESERVICE
getUserRewards ---> TOURGUIDESERVICE
getUserRewards ---> TOURGUIDESERVICE
getUserRewards ---> TOURGUIDESERVICE
getUserRewards ---> TOURGUIDESERVICE
getUserRewards ---> TOURGUIDESERVICE
getUserRewards ---> TOURGUIDESERVICE
getUserRewards ---> TOURGUIDESERVICE
getUserRewards ---> TOURGUIDESERVICE
getUserRewards ---> TOURGUIDESERVICE
getUserRewards ---> TOURGUIDESERVICE
getUserRewards ---> TOURGUIDESERVICE
getUserRewards ---> TOURGUIDESERVICE
getUserRewards ---> TOURGUIDESERVICE
getUserRewards ---> TOURGUIDESERVICE
getUserRewards ---> TOURGUIDESERVICE
getUserRewards ---> TOURGUIDESERVICE
getUserRewards ---> TOURGUIDESERVICE
getUserRewards ---> TOURGUIDESERVICE
getUserRewards ---> TOURGUIDESERVICE
getUserRewards ---> TOURGUIDESERVICE
getUserRewards ---> TOURGUIDESERVICE
getUserRewards ---> TOURGUIDESERVICE
getUserRewards ---> TOURGUIDESERVICE
getUserRewards ---> TOURGUIDESERVICE
getUserRewards ---> TOURGUIDESERVICE
getUserRewards ---> TOURGUIDESERVICE
getUserRewards ---> TOURGUIDESERVICE
getUserRewards ---> TOURGUIDESERVICE
getUserRewards ---> TOURGUIDESERVICE
getUserRewards ---> TOURGUIDESERVICE
getUserRewards ---> TOURGUIDESERVICE
getUserRewards ---> TOURGUIDESERVICE
getUserRewards ---> TOURGUIDESERVICE
getUserRewards ---> TOURGUIDESERVICE
getUserRewards ---> TOURGUIDESERVICE
getUserRewards ---> TOURGUIDESERVICE
getUserRewards ---> TOURGUIDESERVICE
getUserRewards ---> TOURGUIDESERVICE
getUserRewards ---> TOURGUIDESERVICE
getUserRewards ---> TOURGUIDESERVICE
getUserRewards ---> TOURGUIDESERVICE
getUserRewards ---> TOURGUIDESERVICE
getUserRewards ---> TOURGUIDESERVICE
getUserRewards ---> TOURGUIDESERVICE
getUserRewards ---> TOURGUIDESERVICE
getUserRewards ---> TOURGUIDESERVICE
getUserRewards ---> TOURGUIDESERVICE
getUserRewards ---> TOURGUIDESERVICE
getUserRewards ---> TOURGUIDESERVICE
getUserRewards ---> TOURGUIDESERVICE
getUserRewards ---> TOURGUIDESERVICE
getUserRewards ---> TOURGUIDESERVICE
getUserRewards ---> TOURGUIDESERVICE
getUserRewards ---> TOURGUIDESERVICE
getUserRewards ---> TOURGUIDESERVICE
getUserRewards ---> TOURGUIDESERVICE
getUserRewards ---> TOURGUIDESERVICE
getUserRewards ---> TOURGUIDESERVICE
getUserRewards ---> TOURGUIDESERVICE
getUserRewards ---> TOURGUIDESERVICE
getUserRewards ---> TOURGUIDESERVICE
getUserRewards ---> TOURGUIDESERVICE
getUserRewards ---> TOURGUIDESERVICE
getUserRewards ---> TOURGUIDESERVICE
getUserRewards ---> TOURGUIDESERVICE
getUserRewards ---> TOURGUIDESERVICE
getUserRewards ---> TOURGUIDESERVICE
getUserRewards ---> TOURGUIDESERVICE
getUserRewards ---> TOURGUIDESERVICE
getUserRewards ---> TOURGUIDESERVICE
getUserRewards ---> TOURGUIDESERVICE
getUserRewards ---> TOURGUIDESERVICE
getUserRewards ---> TOURGUIDESERVICE
getUserRewards ---> TOURGUIDESERVICE
getUserRewards ---> TOURGUIDESERVICE
getUserRewards ---> TOURGUIDESERVICE
getUserRewards ---> TOURGUIDESERVICE
getUserRewards ---> TOURGUIDESERVICE
getUserRewards ---> TOURGUIDESERVICE
getUserRewards ---> TOURGUIDESERVICE
getUserRewards ---> TOURGUIDESERVICE
getUserRewards ---> TOURGUIDESERVICE
getUserRewards ---> TOURGUIDESERVICE
getUserRewards ---> TOURGUIDESERVICE
getUserRewards ---> TOURGUIDESERVICE
getUserRewards ---> TOURGUIDESERVICE
getUserRewards ---> TOURGUIDESERVICE
getUserRewards ---> TOURGUIDESERVICE
getUserRewards ---> TOURGUIDESERVICE
getUserRewards ---> TOURGUIDESERVICE
getUserRewards ---> TOURGUIDESERVICE
getUserRewards ---> TOURGUIDESERVICE
getUserRewards ---> TOURGUIDESERVICE
getUserRewards ---> TOURGUIDESERVICE
getUserRewards ---> TOURGUIDESERVICE
getUserRewards ---> TOURGUIDESERVICE
getUserRewards ---> TOURGUIDESERVICE
getUserRewards ---> TOURGUIDESERVICE
getUserRewards ---> TOURGUIDESERVICE
getUserRewards ---> TOURGUIDESERVICE
getUserRewards ---> TOURGUIDESERVICE
getUserRewards ---> TOURGUIDESERVICE
getUserRewards ---> TOURGUIDESERVICE
getUserRewards ---> TOURGUIDESERVICE
getUserRewards ---> TOURGUIDESERVICE
getUserRewards ---> TOURGUIDESERVICE
getUserRewards ---> TOURGUIDESERVICE
getUserRewards ---> TOURGUIDESERVICE
getUserRewards ---> TOURGUIDESERVICE
getUserRewards ---> TOURGUIDESERVICE
getUserRewards ---> TOURGUIDESERVICE
getUserRewards ---> TOURGUIDESERVICE
getUserRewards ---> TOURGUIDESERVICE
getUserRewards ---> TOURGUIDESERVICE
getUserRewards ---> TOURGUIDESERVICE
getUserRewards ---> TOURGUIDESERVICE
getUserRewards ---> TOURGUIDESERVICE
getUserRewards ---> TOURGUIDESERVICE
getUserRewards ---> TOURGUIDESERVICE
getUserRewards ---> TOURGUIDESERVICE
getUserRewards ---> TOURGUIDESERVICE
getUserRewards ---> TOURGUIDESERVICE
getUserRewards ---> TOURGUIDESERVICE
getUserRewards ---> TOURGUIDESERVICE
getUserRewards ---> TOURGUIDESERVICE
getUserRewards ---> TOURGUIDESERVICE
getUserRewards ---> TOURGUIDESERVICE
getUserRewards ---> TOURGUIDESERVICE
getUserRewards ---> TOURGUIDESERVICE
getUserRewards ---> TOURGUIDESERVICE
getUserRewards ---> TOURGUIDESERVICE
getUserRewards ---> TOURGUIDESERVICE
getUserRewards ---> TOURGUIDESERVICE
getUserRewards ---> TOURGUIDESERVICE
getUserRewards ---> TOURGUIDESERVICE
getUserRewards ---> TOURGUIDESERVICE
getUserRewards ---> TOURGUIDESERVICE
getUserRewards ---> TOURGUIDESERVICE
getUserRewards ---> TOURGUIDESERVICE
getUserRewards ---> TOURGUIDESERVICE
getUserRewards ---> TOURGUIDESERVICE
getUserRewards ---> TOURGUIDESERVICE
getUserRewards ---> TOURGUIDESERVICE
getUserRewards ---> TOURGUIDESERVICE
getUserRewards ---> TOURGUIDESERVICE
getUserRewards ---> TOURGUIDESERVICE
getUserRewards ---> TOURGUIDESERVICE
getUserRewards ---> TOURGUIDESERVICE
getUserRewards ---> TOURGUIDESERVICE
getUserRewards ---> TOURGUIDESERVICE
getUserRewards ---> TOURGUIDESERVICE
getUserRewards ---> TOURGUIDESERVICE
getUserRewards ---> TOURGUIDESERVICE
getUserRewards ---> TOURGUIDESERVICE
getUserRewards ---> TOURGUIDESERVICE
getUserRewards ---> TOURGUIDESERVICE
getUserRewards ---> TOURGUIDESERVICE
getUserRewards ---> TOURGUIDESERVICE
getUserRewards ---> TOURGUIDESERVICE
getUserRewards ---> TOURGUIDESERVICE
getUserRewards ---> TOURGUIDESERVICE
getUserRewards ---> TOURGUIDESERVICE
getUserRewards ---> TOURGUIDESERVICE
getUserRewards ---> TOURGUIDESERVICE
getUserRewards ---> TOURGUIDESERVICE
getUserRewards ---> TOURGUIDESERVICE
getUserRewards ---> TOURGUIDESERVICE
getUserRewards ---> TOURGUIDESERVICE
getUserRewards ---> TOURGUIDESERVICE
getUserRewards ---> TOURGUIDESERVICE
getUserRewards ---> TOURGUIDESERVICE
getUserRewards ---> TOURGUIDESERVICE
getUserRewards ---> TOURGUIDESERVICE
getUserRewards ---> TOURGUIDESERVICE
getUserRewards ---> TOURGUIDESERVICE
getUserRewards ---> TOURGUIDESERVICE
getUserRewards ---> TOURGUIDESERVICE
getUserRewards ---> TOURGUIDESERVICE
getUserRewards ---> TOURGUIDESERVICE
getUserRewards ---> TOURGUIDESERVICE
getUserRewards ---> TOURGUIDESERVICE
getUserRewards ---> TOURGUIDESERVICE
getUserRewards ---> TOURGUIDESERVICE
getUserRewards ---> TOURGUIDESERVICE
getUserRewards ---> TOURGUIDESERVICE
getUserRewards ---> TOURGUIDESERVICE
getUserRewards ---> TOURGUIDESERVICE
getUserRewards ---> TOURGUIDESERVICE
getUserRewards ---> TOURGUIDESERVICE
getUserRewards ---> TOURGUIDESERVICE
getUserRewards ---> TOURGUIDESERVICE
getUserRewards ---> TOURGUIDESERVICE
getUserRewards ---> TOURGUIDESERVICE
getUserRewards ---> TOURGUIDESERVICE
getUserRewards ---> TOURGUIDESERVICE
getUserRewards ---> TOURGUIDESERVICE
getUserRewards ---> TOURGUIDESERVICE
getUserRewards ---> TOURGUIDESERVICE
getUserRewards ---> TOURGUIDESERVICE
getUserRewards ---> TOURGUIDESERVICE
getUserRewards ---> TOURGUIDESERVICE
getUserRewards ---> TOURGUIDESERVICE
getUserRewards ---> TOURGUIDESERVICE
getUserRewards ---> TOURGUIDESERVICE
getUserRewards ---> TOURGUIDESERVICE
getUserRewards ---> TOURGUIDESERVICE
getUserRewards ---> TOURGUIDESERVICE
getUserRewards ---> TOURGUIDESERVICE
getUserRewards ---> TOURGUIDESERVICE
getUserRewards ---> TOURGUIDESERVICE
getUserRewards ---> TOURGUIDESERVICE
getUserRewards ---> TOURGUIDESERVICE
getUserRewards ---> TOURGUIDESERVICE
getUserRewards ---> TOURGUIDESERVICE
getUserRewards ---> TOURGUIDESERVICE
getUserRewards ---> TOURGUIDESERVICE
getUserRewards ---> TOURGUIDESERVICE
getUserRewards ---> TOURGUIDESERVICE
getUserRewards ---> TOURGUIDESERVICE
getUserRewards ---> TOURGUIDESERVICE
getUserRewards ---> TOURGUIDESERVICE
getUserRewards ---> TOURGUIDESERVICE
getUserRewards ---> TOURGUIDESERVICE
getUserRewards ---> TOURGUIDESERVICE
getUserRewards ---> TOURGUIDESERVICE
getUserRewards ---> TOURGUIDESERVICE
getUserRewards ---> TOURGUIDESERVICE
getUserRewards ---> TOURGUIDESERVICE
getUserRewards ---> TOURGUIDESERVICE
getUserRewards ---> TOURGUIDESERVICE
getUserRewards ---> TOURGUIDESERVICE
getUserRewards ---> TOURGUIDESERVICE
getUserRewards ---> TOURGUIDESERVICE
getUserRewards ---> TOURGUIDESERVICE
getUserRewards ---> TOURGUIDESERVICE
getUserRewards ---> TOURGUIDESERVICE
getUserRewards ---> TOURGUIDESERVICE
getUserRewards ---> TOURGUIDESERVICE
getUserRewards ---> TOURGUIDESERVICE
getUserRewards ---> TOURGUIDESERVICE
getUserRewards ---> TOURGUIDESERVICE
getUserRewards ---> TOURGUIDESERVICE
getUserRewards ---> TOURGUIDESERVICE
getUserRewards ---> TOURGUIDESERVICE
getUserRewards ---> TOURGUIDESERVICE
getUserRewards ---> TOURGUIDESERVICE
getUserRewards ---> TOURGUIDESERVICE
getUserRewards ---> TOURGUIDESERVICE
getUserRewards ---> TOURGUIDESERVICE
getUserRewards ---> TOURGUIDESERVICE
getUserRewards ---> TOURGUIDESERVICE
getUserRewards ---> TOURGUIDESERVICE
getUserRewards ---> TOURGUIDESERVICE
getUserRewards ---> TOURGUIDESERVICE
getUserRewards ---> TOURGUIDESERVICE
getUserRewards ---> TOURGUIDESERVICE
getUserRewards ---> TOURGUIDESERVICE
getUserRewards ---> TOURGUIDESERVICE
getUserRewards ---> TOURGUIDESERVICE
getUserRewards ---> TOURGUIDESERVICE
getUserRewards ---> TOURGUIDESERVICE
getUserRewards ---> TOURGUIDESERVICE
getUserRewards ---> TOURGUIDESERVICE
getUserRewards ---> TOURGUIDESERVICE
getUserRewards ---> TOURGUIDESERVICE
getUserRewards ---> TOURGUIDESERVICE
getUserRewards ---> TOURGUIDESERVICE
getUserRewards ---> TOURGUIDESERVICE
getUserRewards ---> TOURGUIDESERVICE
getUserRewards ---> TOURGUIDESERVICE
getUserRewards ---> TOURGUIDESERVICE
getUserRewards ---> TOURGUIDESERVICE
getUserRewards ---> TOURGUIDESERVICE
getUserRewards ---> TOURGUIDESERVICE
getUserRewards ---> TOURGUIDESERVICE
getUserRewards ---> TOURGUIDESERVICE
getUserRewards ---> TOURGUIDESERVICE
getUserRewards ---> TOURGUIDESERVICE
getUserRewards ---> TOURGUIDESERVICE
getUserRewards ---> TOURGUIDESERVICE
getUserRewards ---> TOURGUIDESERVICE
getUserRewards ---> TOURGUIDESERVICE
getUserRewards ---> TOURGUIDESERVICE
getUserRewards ---> TOURGUIDESERVICE
getUserRewards ---> TOURGUIDESERVICE
getUserRewards ---> TOURGUIDESERVICE
getUserRewards ---> TOURGUIDESERVICE
getUserRewards ---> TOURGUIDESERVICE
getUserRewards ---> TOURGUIDESERVICE
getUserRewards ---> TOURGUIDESERVICE
getUserRewards ---> TOURGUIDESERVICE
getUserRewards ---> TOURGUIDESERVICE
getUserRewards ---> TOURGUIDESERVICE
getUserRewards ---> TOURGUIDESERVICE
getUserRewards ---> TOURGUIDESERVICE
getUserRewards ---> TOURGUIDESERVICE
getUserRewards ---> TOURGUIDESERVICE
getUserRewards ---> TOURGUIDESERVICE
getUserRewards ---> TOURGUIDESERVICE
getUserRewards ---> TOURGUIDESERVICE
getUserRewards ---> TOURGUIDESERVICE
getUserRewards ---> TOURGUIDESERVICE
getUserRewards ---> TOURGUIDESERVICE
getUserRewards ---> TOURGUIDESERVICE
getUserRewards ---> TOURGUIDESERVICE
getUserRewards ---> TOURGUIDESERVICE
getUserRewards ---> TOURGUIDESERVICE
getUserRewards ---> TOURGUIDESERVICE
getUserRewards ---> TOURGUIDESERVICE
getUserRewards ---> TOURGUIDESERVICE
getUserRewards ---> TOURGUIDESERVICE
getUserRewards ---> TOURGUIDESERVICE
getUserRewards ---> TOURGUIDESERVICE
getUserRewards ---> TOURGUIDESERVICE
getUserRewards ---> TOURGUIDESERVICE
getUserRewards ---> TOURGUIDESERVICE
getUserRewards ---> TOURGUIDESERVICE
getUserRewards ---> TOURGUIDESERVICE
getUserRewards ---> TOURGUIDESERVICE
getUserRewards ---> TOURGUIDESERVICE
getUserRewards ---> TOURGUIDESERVICE
getUserRewards ---> TOURGUIDESERVICE
getUserRewards ---> TOURGUIDESERVICE
getUserRewards ---> TOURGUIDESERVICE
getUserRewards ---> TOURGUIDESERVICE
getUserRewards ---> TOURGUIDESERVICE
getUserRewards ---> TOURGUIDESERVICE
getUserRewards ---> TOURGUIDESERVICE
getUserRewards ---> TOURGUIDESERVICE
getUserRewards ---> TOURGUIDESERVICE
getUserRewards ---> TOURGUIDESERVICE
getUserRewards ---> TOURGUIDESERVICE
getUserRewards ---> TOURGUIDESERVICE
getUserRewards ---> TOURGUIDESERVICE
getUserRewards ---> TOURGUIDESERVICE
getUserRewards ---> TOURGUIDESERVICE
getUserRewards ---> TOURGUIDESERVICE
getUserRewards ---> TOURGUIDESERVICE
getUserRewards ---> TOURGUIDESERVICE
getUserRewards ---> TOURGUIDESERVICE
getUserRewards ---> TOURGUIDESERVICE
getUserRewards ---> TOURGUIDESERVICE
getUserRewards ---> TOURGUIDESERVICE
getUserRewards ---> TOURGUIDESERVICE
getUserRewards ---> TOURGUIDESERVICE
getUserRewards ---> TOURGUIDESERVICE
getUserRewards ---> TOURGUIDESERVICE
getUserRewards ---> TOURGUIDESERVICE
getUserRewards ---> TOURGUIDESERVICE
getUserRewards ---> TOURGUIDESERVICE
getUserRewards ---> TOURGUIDESERVICE
getUserRewards ---> TOURGUIDESERVICE
getUserRewards ---> TOURGUIDESERVICE
getUserRewards ---> TOURGUIDESERVICE
getUserRewards ---> TOURGUIDESERVICE
getUserRewards ---> TOURGUIDESERVICE
getUserRewards ---> TOURGUIDESERVICE
getUserRewards ---> TOURGUIDESERVICE
getUserRewards ---> TOURGUIDESERVICE
getUserRewards ---> TOURGUIDESERVICE
getUserRewards ---> TOURGUIDESERVICE
getUserRewards ---> TOURGUIDESERVICE
getUserRewards ---> TOURGUIDESERVICE
getUserRewards ---> TOURGUIDESERVICE
getUserRewards ---> TOURGUIDESERVICE
getUserRewards ---> TOURGUIDESERVICE
getUserRewards ---> TOURGUIDESERVICE
getUserRewards ---> TOURGUIDESERVICE
getUserRewards ---> TOURGUIDESERVICE
getUserRewards ---> TOURGUIDESERVICE
getUserRewards ---> TOURGUIDESERVICE
getUserRewards ---> TOURGUIDESERVICE
getUserRewards ---> TOURGUIDESERVICE
getUserRewards ---> TOURGUIDESERVICE
getUserRewards ---> TOURGUIDESERVICE
getUserRewards ---> TOURGUIDESERVICE
getUserRewards ---> TOURGUIDESERVICE
getUserRewards ---> TOURGUIDESERVICE
getUserRewards ---> TOURGUIDESERVICE
getUserRewards ---> TOURGUIDESERVICE
getUserRewards ---> TOURGUIDESERVICE
getUserRewards ---> TOURGUIDESERVICE
getUserRewards ---> TOURGUIDESERVICE
getUserRewards ---> TOURGUIDESERVICE
getUserRewards ---> TOURGUIDESERVICE
getUserRewards ---> TOURGUIDESERVICE
getUserRewards ---> TOURGUIDESERVICE
getUserRewards ---> TOURGUIDESERVICE
getUserRewards ---> TOURGUIDESERVICE
getUserRewards ---> TOURGUIDESERVICE
getUserRewards ---> TOURGUIDESERVICE
getUserRewards ---> TOURGUIDESERVICE
getUserRewards ---> TOURGUIDESERVICE
getUserRewards ---> TOURGUIDESERVICE
getUserRewards ---> TOURGUIDESERVICE
getUserRewards ---> TOURGUIDESERVICE
getUserRewards ---> TOURGUIDESERVICE
getUserRewards ---> TOURGUIDESERVICE
getUserRewards ---> TOURGUIDESERVICE
getUserRewards ---> TOURGUIDESERVICE
getUserRewards ---> TOURGUIDESERVICE
getUserRewards ---> TOURGUIDESERVICE
getUserRewards ---> TOURGUIDESERVICE
getUserRewards ---> TOURGUIDESERVICE
getUserRewards ---> TOURGUIDESERVICE
getUserRewards ---> TOURGUIDESERVICE
getUserRewards ---> TOURGUIDESERVICE
getUserRewards ---> TOURGUIDESERVICE
getUserRewards ---> TOURGUIDESERVICE
getUserRewards ---> TOURGUIDESERVICE
getUserRewards ---> TOURGUIDESERVICE
getUserRewards ---> TOURGUIDESERVICE
getUserRewards ---> TOURGUIDESERVICE
getUserRewards ---> TOURGUIDESERVICE
getUserRewards ---> TOURGUIDESERVICE
getUserRewards ---> TOURGUIDESERVICE
getUserRewards ---> TOURGUIDESERVICE
getUserRewards ---> TOURGUIDESERVICE
getUserRewards ---> TOURGUIDESERVICE
getUserRewards ---> TOURGUIDESERVICE
getUserRewards ---> TOURGUIDESERVICE
getUserRewards ---> TOURGUIDESERVICE
getUserRewards ---> TOURGUIDESERVICE
getUserRewards ---> TOURGUIDESERVICE
getUserRewards ---> TOURGUIDESERVICE
getUserRewards ---> TOURGUIDESERVICE
getUserRewards ---> TOURGUIDESERVICE
getUserRewards ---> TOURGUIDESERVICE
getUserRewards ---> TOURGUIDESERVICE
getUserRewards ---> TOURGUIDESERVICE
getUserRewards ---> TOURGUIDESERVICE
getUserRewards ---> TOURGUIDESERVICE
getUserRewards ---> TOURGUIDESERVICE
getUserRewards ---> TOURGUIDESERVICE
getUserRewards ---> TOURGUIDESERVICE
getUserRewards ---> TOURGUIDESERVICE
getUserRewards ---> TOURGUIDESERVICE
getUserRewards ---> TOURGUIDESERVICE
getUserRewards ---> TOURGUIDESERVICE
getUserRewards ---> TOURGUIDESERVICE
getUserRewards ---> TOURGUIDESERVICE
getUserRewards ---> TOURGUIDESERVICE
getUserRewards ---> TOURGUIDESERVICE
getUserRewards ---> TOURGUIDESERVICE
getUserRewards ---> TOURGUIDESERVICE
getUserRewards ---> TOURGUIDESERVICE
getUserRewards ---> TOURGUIDESERVICE
getUserRewards ---> TOURGUIDESERVICE
getUserRewards ---> TOURGUIDESERVICE
getUserRewards ---> TOURGUIDESERVICE
getUserRewards ---> TOURGUIDESERVICE
getUserRewards ---> TOURGUIDESERVICE
getUserRewards ---> TOURGUIDESERVICE
getUserRewards ---> TOURGUIDESERVICE
getUserRewards ---> TOURGUIDESERVICE
getUserRewards ---> TOURGUIDESERVICE
getUserRewards ---> TOURGUIDESERVICE
getUserRewards ---> TOURGUIDESERVICE
getUserRewards ---> TOURGUIDESERVICE
getUserRewards ---> TOURGUIDESERVICE
getUserRewards ---> TOURGUIDESERVICE
getUserRewards ---> TOURGUIDESERVICE
getUserRewards ---> TOURGUIDESERVICE
getUserRewards ---> TOURGUIDESERVICE
getUserRewards ---> TOURGUIDESERVICE
getUserRewards ---> TOURGUIDESERVICE
getUserRewards ---> TOURGUIDESERVICE
getUserRewards ---> TOURGUIDESERVICE
getUserRewards ---> TOURGUIDESERVICE
getUserRewards ---> TOURGUIDESERVICE
getUserRewards ---> TOURGUIDESERVICE
getUserRewards ---> TOURGUIDESERVICE
getUserRewards ---> TOURGUIDESERVICE
getUserRewards ---> TOURGUIDESERVICE
getUserRewards ---> TOURGUIDESERVICE
getUserRewards ---> TOURGUIDESERVICE
getUserRewards ---> TOURGUIDESERVICE
getUserRewards ---> TOURGUIDESERVICE
getUserRewards ---> TOURGUIDESERVICE
getUserRewards ---> TOURGUIDESERVICE
getUserRewards ---> TOURGUIDESERVICE
getUserRewards ---> TOURGUIDESERVICE
getUserRewards ---> TOURGUIDESERVICE
getUserRewards ---> TOURGUIDESERVICE
getUserRewards ---> TOURGUIDESERVICE
getUserRewards ---> TOURGUIDESERVICE
getUserRewards ---> TOURGUIDESERVICE
getUserRewards ---> TOURGUIDESERVICE
getUserRewards ---> TOURGUIDESERVICE
getUserRewards ---> TOURGUIDESERVICE
getUserRewards ---> TOURGUIDESERVICE
getUserRewards ---> TOURGUIDESERVICE
getUserRewards ---> TOURGUIDESERVICE
getUserRewards ---> TOURGUIDESERVICE
getUserRewards ---> TOURGUIDESERVICE
getUserRewards ---> TOURGUIDESERVICE
getUserRewards ---> TOURGUIDESERVICE
getUserRewards ---> TOURGUIDESERVICE
getUserRewards ---> TOURGUIDESERVICE
getUserRewards ---> TOURGUIDESERVICE
getUserRewards ---> TOURGUIDESERVICE
getUserRewards ---> TOURGUIDESERVICE
getUserRewards ---> TOURGUIDESERVICE
getUserRewards ---> TOURGUIDESERVICE
getUserRewards ---> TOURGUIDESERVICE
getUserRewards ---> TOURGUIDESERVICE
getUserRewards ---> TOURGUIDESERVICE
getUserRewards ---> TOURGUIDESERVICE
getUserRewards ---> TOURGUIDESERVICE
getUserRewards ---> TOURGUIDESERVICE
getUserRewards ---> TOURGUIDESERVICE
getUserRewards ---> TOURGUIDESERVICE
getUserRewards ---> TOURGUIDESERVICE
getUserRewards ---> TOURGUIDESERVICE
getUserRewards ---> TOURGUIDESERVICE
getUserRewards ---> TOURGUIDESERVICE
getUserRewards ---> TOURGUIDESERVICE
getUserRewards ---> TOURGUIDESERVICE
getUserRewards ---> TOURGUIDESERVICE
getUserRewards ---> TOURGUIDESERVICE
getUserRewards ---> TOURGUIDESERVICE
getUserRewards ---> TOURGUIDESERVICE
getUserRewards ---> TOURGUIDESERVICE
getUserRewards ---> TOURGUIDESERVICE
getUserRewards ---> TOURGUIDESERVICE
getUserRewards ---> TOURGUIDESERVICE
getUserRewards ---> TOURGUIDESERVICE
getUserRewards ---> TOURGUIDESERVICE
getUserRewards ---> TOURGUIDESERVICE
getUserRewards ---> TOURGUIDESERVICE
getUserRewards ---> TOURGUIDESERVICE
getUserRewards ---> TOURGUIDESERVICE
getUserRewards ---> TOURGUIDESERVICE
getUserRewards ---> TOURGUIDESERVICE
getUserRewards ---> TOURGUIDESERVICE
getUserRewards ---> TOURGUIDESERVICE
getUserRewards ---> TOURGUIDESERVICE
getUserRewards ---> TOURGUIDESERVICE
getUserRewards ---> TOURGUIDESERVICE
getUserRewards ---> TOURGUIDESERVICE
getUserRewards ---> TOURGUIDESERVICE
getUserRewards ---> TOURGUIDESERVICE
getUserRewards ---> TOURGUIDESERVICE
getUserRewards ---> TOURGUIDESERVICE
getUserRewards ---> TOURGUIDESERVICE
getUserRewards ---> TOURGUIDESERVICE
getUserRewards ---> TOURGUIDESERVICE
getUserRewards ---> TOURGUIDESERVICE
getUserRewards ---> TOURGUIDESERVICE
getUserRewards ---> TOURGUIDESERVICE
getUserRewards ---> TOURGUIDESERVICE
getUserRewards ---> TOURGUIDESERVICE
getUserRewards ---> TOURGUIDESERVICE
getUserRewards ---> TOURGUIDESERVICE
getUserRewards ---> TOURGUIDESERVICE
getUserRewards ---> TOURGUIDESERVICE
getUserRewards ---> TOURGUIDESERVICE
getUserRewards ---> TOURGUIDESERVICE
getUserRewards ---> TOURGUIDESERVICE
getUserRewards ---> TOURGUIDESERVICE
getUserRewards ---> TOURGUIDESERVICE
getUserRewards ---> TOURGUIDESERVICE
getUserRewards ---> TOURGUIDESERVICE
getUserRewards ---> TOURGUIDESERVICE
getUserRewards ---> TOURGUIDESERVICE
getUserRewards ---> TOURGUIDESERVICE
getUserRewards ---> TOURGUIDESERVICE
getUserRewards ---> TOURGUIDESERVICE
getUserRewards ---> TOURGUIDESERVICE
getUserRewards ---> TOURGUIDESERVICE
getUserRewards ---> TOURGUIDESERVICE
getUserRewards ---> TOURGUIDESERVICE
getUserRewards ---> TOURGUIDESERVICE
getUserRewards ---> TOURGUIDESERVICE
getUserRewards ---> TOURGUIDESERVICE
getUserRewards ---> TOURGUIDESERVICE
getUserRewards ---> TOURGUIDESERVICE
getUserRewards ---> TOURGUIDESERVICE
getUserRewards ---> TOURGUIDESERVICE
getUserRewards ---> TOURGUIDESERVICE
getUserRewards ---> TOURGUIDESERVICE
getUserRewards ---> TOURGUIDESERVICE
getUserRewards ---> TOURGUIDESERVICE
getUserRewards ---> TOURGUIDESERVICE
getUserRewards ---> TOURGUIDESERVICE
getUserRewards ---> TOURGUIDESERVICE
getUserRewards ---> TOURGUIDESERVICE
getUserRewards ---> TOURGUIDESERVICE
getUserRewards ---> TOURGUIDESERVICE
getUserRewards ---> TOURGUIDESERVICE
getUserRewards ---> TOURGUIDESERVICE
getUserRewards ---> TOURGUIDESERVICE
getUserRewards ---> TOURGUIDESERVICE
getUserRewards ---> TOURGUIDESERVICE
getUserRewards ---> TOURGUIDESERVICE
getUserRewards ---> TOURGUIDESERVICE
getUserRewards ---> TOURGUIDESERVICE
getUserRewards ---> TOURGUIDESERVICE
getUserRewards ---> TOURGUIDESERVICE
getUserRewards ---> TOURGUIDESERVICE
getUserRewards ---> TOURGUIDESERVICE
getUserRewards ---> TOURGUIDESERVICE
getUserRewards ---> TOURGUIDESERVICE
getUserRewards ---> TOURGUIDESERVICE
getUserRewards ---> TOURGUIDESERVICE
getUserRewards ---> TOURGUIDESERVICE
getUserRewards ---> TOURGUIDESERVICE
getUserRewards ---> TOURGUIDESERVICE
getUserRewards ---> TOURGUIDESERVICE
getUserRewards ---> TOURGUIDESERVICE
getUserRewards ---> TOURGUIDESERVICE
getUserRewards ---> TOURGUIDESERVICE
getUserRewards ---> TOURGUIDESERVICE
getUserRewards ---> TOURGUIDESERVICE
getUserRewards ---> TOURGUIDESERVICE
getUserRewards ---> TOURGUIDESERVICE
getUserRewards ---> TOURGUIDESERVICE
getUserRewards ---> TOURGUIDESERVICE
getUserRewards ---> TOURGUIDESERVICE
getUserRewards ---> TOURGUIDESERVICE
getUserRewards ---> TOURGUIDESERVICE
getUserRewards ---> TOURGUIDESERVICE
getUserRewards ---> TOURGUIDESERVICE
getUserRewards ---> TOURGUIDESERVICE
getUserRewards ---> TOURGUIDESERVICE
getUserRewards ---> TOURGUIDESERVICE
getUserRewards ---> TOURGUIDESERVICE
getUserRewards ---> TOURGUIDESERVICE
getUserRewards ---> TOURGUIDESERVICE
getUserRewards ---> TOURGUIDESERVICE
getUserRewards ---> TOURGUIDESERVICE
getUserRewards ---> TOURGUIDESERVICE
getUserRewards ---> TOURGUIDESERVICE
getUserRewards ---> TOURGUIDESERVICE
getUserRewards ---> TOURGUIDESERVICE
getUserRewards ---> TOURGUIDESERVICE
getUserRewards ---> TOURGUIDESERVICE
getUserRewards ---> TOURGUIDESERVICE
getUserRewards ---> TOURGUIDESERVICE
getUserRewards ---> TOURGUIDESERVICE
getUserRewards ---> TOURGUIDESERVICE
getUserRewards ---> TOURGUIDESERVICE
getUserRewards ---> TOURGUIDESERVICE
getUserRewards ---> TOURGUIDESERVICE
getUserRewards ---> TOURGUIDESERVICE
getUserRewards ---> TOURGUIDESERVICE
getUserRewards ---> TOURGUIDESERVICE
getUserRewards ---> TOURGUIDESERVICE
getUserRewards ---> TOURGUIDESERVICE
getUserRewards ---> TOURGUIDESERVICE
getUserRewards ---> TOURGUIDESERVICE
getUserRewards ---> TOURGUIDESERVICE
getUserRewards ---> TOURGUIDESERVICE
getUserRewards ---> TOURGUIDESERVICE
getUserRewards ---> TOURGUIDESERVICE
getUserRewards ---> TOURGUIDESERVICE
getUserRewards ---> TOURGUIDESERVICE
getUserRewards ---> TOURGUIDESERVICE
getUserRewards ---> TOURGUIDESERVICE
getUserRewards ---> TOURGUIDESERVICE
getUserRewards ---> TOURGUIDESERVICE
getUserRewards ---> TOURGUIDESERVICE
getUserRewards ---> TOURGUIDESERVICE
getUserRewards ---> TOURGUIDESERVICE
getUserRewards ---> TOURGUIDESERVICE
getUserRewards ---> TOURGUIDESERVICE
getUserRewards ---> TOURGUIDESERVICE
getUserRewards ---> TOURGUIDESERVICE
getUserRewards ---> TOURGUIDESERVICE
getUserRewards ---> TOURGUIDESERVICE
getUserRewards ---> TOURGUIDESERVICE
getUserRewards ---> TOURGUIDESERVICE
getUserRewards ---> TOURGUIDESERVICE
getUserRewards ---> TOURGUIDESERVICE
getUserRewards ---> TOURGUIDESERVICE
getUserRewards ---> TOURGUIDESERVICE
getUserRewards ---> TOURGUIDESERVICE
getUserRewards ---> TOURGUIDESERVICE
getUserRewards ---> TOURGUIDESERVICE
getUserRewards ---> TOURGUIDESERVICE
getUserRewards ---> TOURGUIDESERVICE
getUserRewards ---> TOURGUIDESERVICE
getUserRewards ---> TOURGUIDESERVICE
getUserRewards ---> TOURGUIDESERVICE
getUserRewards ---> TOURGUIDESERVICE
getUserRewards ---> TOURGUIDESERVICE
getUserRewards ---> TOURGUIDESERVICE
getUserRewards ---> TOURGUIDESERVICE
getUserRewards ---> TOURGUIDESERVICE
getUserRewards ---> TOURGUIDESERVICE
getUserRewards ---> TOURGUIDESERVICE
getUserRewards ---> TOURGUIDESERVICE
getUserRewards ---> TOURGUIDESERVICE
getUserRewards ---> TOURGUIDESERVICE
getUserRewards ---> TOURGUIDESERVICE
getUserRewards ---> TOURGUIDESERVICE
getUserRewards ---> TOURGUIDESERVICE
getUserRewards ---> TOURGUIDESERVICE
getUserRewards ---> TOURGUIDESERVICE
getUserRewards ---> TOURGUIDESERVICE
getUserRewards ---> TOURGUIDESERVICE
getUserRewards ---> TOURGUIDESERVICE
getUserRewards ---> TOURGUIDESERVICE
getUserRewards ---> TOURGUIDESERVICE
getUserRewards ---> TOURGUIDESERVICE
getUserRewards ---> TOURGUIDESERVICE
getUserRewards ---> TOURGUIDESERVICE
getUserRewards ---> TOURGUIDESERVICE
getUserRewards ---> TOURGUIDESERVICE
getUserRewards ---> TOURGUIDESERVICE
getUserRewards ---> TOURGUIDESERVICE
getUserRewards ---> TOURGUIDESERVICE
getUserRewards ---> TOURGUIDESERVICE
getUserRewards ---> TOURGUIDESERVICE
getUserRewards ---> TOURGUIDESERVICE
getUserRewards ---> TOURGUIDESERVICE
getUserRewards ---> TOURGUIDESERVICE
getUserRewards ---> TOURGUIDESERVICE
getUserRewards ---> TOURGUIDESERVICE
getUserRewards ---> TOURGUIDESERVICE
getUserRewards ---> TOURGUIDESERVICE
getUserRewards ---> TOURGUIDESERVICE
getUserRewards ---> TOURGUIDESERVICE
getUserRewards ---> TOURGUIDESERVICE
getUserRewards ---> TOURGUIDESERVICE
getUserRewards ---> TOURGUIDESERVICE
getUserRewards ---> TOURGUIDESERVICE
getUserRewards ---> TOURGUIDESERVICE
getUserRewards ---> TOURGUIDESERVICE
getUserRewards ---> TOURGUIDESERVICE
getUserRewards ---> TOURGUIDESERVICE
getUserRewards ---> TOURGUIDESERVICE
getUserRewards ---> TOURGUIDESERVICE
getUserRewards ---> TOURGUIDESERVICE
getUserRewards ---> TOURGUIDESERVICE
getUserRewards ---> TOURGUIDESERVICE
getUserRewards ---> TOURGUIDESERVICE
getUserRewards ---> TOURGUIDESERVICE
getUserRewards ---> TOURGUIDESERVICE
getUserRewards ---> TOURGUIDESERVICE
getUserRewards ---> TOURGUIDESERVICE
getUserRewards ---> TOURGUIDESERVICE
getUserRewards ---> TOURGUIDESERVICE
getUserRewards ---> TOURGUIDESERVICE
getUserRewards ---> TOURGUIDESERVICE
getUserRewards ---> TOURGUIDESERVICE
getUserRewards ---> TOURGUIDESERVICE
getUserRewards ---> TOURGUIDESERVICE
getUserRewards ---> TOURGUIDESERVICE
getUserRewards ---> TOURGUIDESERVICE
getUserRewards ---> TOURGUIDESERVICE
getUserRewards ---> TOURGUIDESERVICE
getUserRewards ---> TOURGUIDESERVICE
getUserRewards ---> TOURGUIDESERVICE
getUserRewards ---> TOURGUIDESERVICE
getUserRewards ---> TOURGUIDESERVICE
getUserRewards ---> TOURGUIDESERVICE
getUserRewards ---> TOURGUIDESERVICE
getUserRewards ---> TOURGUIDESERVICE
getUserRewards ---> TOURGUIDESERVICE
getUserRewards ---> TOURGUIDESERVICE
getUserRewards ---> TOURGUIDESERVICE
getUserRewards ---> TOURGUIDESERVICE
getUserRewards ---> TOURGUIDESERVICE
getUserRewards ---> TOURGUIDESERVICE
getUserRewards ---> TOURGUIDESERVICE
getUserRewards ---> TOURGUIDESERVICE
getUserRewards ---> TOURGUIDESERVICE
getUserRewards ---> TOURGUIDESERVICE
getUserRewards ---> TOURGUIDESERVICE
getUserRewards ---> TOURGUIDESERVICE
getUserRewards ---> TOURGUIDESERVICE
getUserRewards ---> TOURGUIDESERVICE
getUserRewards ---> TOURGUIDESERVICE
getUserRewards ---> TOURGUIDESERVICE
getUserRewards ---> TOURGUIDESERVICE
getUserRewards ---> TOURGUIDESERVICE
getUserRewards ---> TOURGUIDESERVICE
getUserRewards ---> TOURGUIDESERVICE
getUserRewards ---> TOURGUIDESERVICE
getUserRewards ---> TOURGUIDESERVICE
getUserRewards ---> TOURGUIDESERVICE
getUserRewards ---> TOURGUIDESERVICE
getUserRewards ---> TOURGUIDESERVICE
getUserRewards ---> TOURGUIDESERVICE
getUserRewards ---> TOURGUIDESERVICE
getUserRewards ---> TOURGUIDESERVICE
getUserRewards ---> TOURGUIDESERVICE
getUserRewards ---> TOURGUIDESERVICE
getUserRewards ---> TOURGUIDESERVICE
getUserRewards ---> TOURGUIDESERVICE
getUserRewards ---> TOURGUIDESERVICE
getUserRewards ---> TOURGUIDESERVICE
getUserRewards ---> TOURGUIDESERVICE
getUserRewards ---> TOURGUIDESERVICE
getUserRewards ---> TOURGUIDESERVICE
getUserRewards ---> TOURGUIDESERVICE
getUserRewards ---> TOURGUIDESERVICE
getUserRewards ---> TOURGUIDESERVICE
getUserRewards ---> TOURGUIDESERVICE
getUserRewards ---> TOURGUIDESERVICE
getUserRewards ---> TOURGUIDESERVICE
getUserRewards ---> TOURGUIDESERVICE
getUserRewards ---> TOURGUIDESERVICE
getUserRewards ---> TOURGUIDESERVICE
getUserRewards ---> TOURGUIDESERVICE
getUserRewards ---> TOURGUIDESERVICE
getUserRewards ---> TOURGUIDESERVICE
getUserRewards ---> TOURGUIDESERVICE
getUserRewards ---> TOURGUIDESERVICE
getUserRewards ---> TOURGUIDESERVICE
getUserRewards ---> TOURGUIDESERVICE
getUserRewards ---> TOURGUIDESERVICE
getUserRewards ---> TOURGUIDESERVICE
getUserRewards ---> TOURGUIDESERVICE
getUserRewards ---> TOURGUIDESERVICE
getUserRewards ---> TOURGUIDESERVICE
getUserRewards ---> TOURGUIDESERVICE
getUserRewards ---> TOURGUIDESERVICE
getUserRewards ---> TOURGUIDESERVICE
getUserRewards ---> TOURGUIDESERVICE
getUserRewards ---> TOURGUIDESERVICE
getUserRewards ---> TOURGUIDESERVICE
getUserRewards ---> TOURGUIDESERVICE
getUserRewards ---> TOURGUIDESERVICE
getUserRewards ---> TOURGUIDESERVICE
getUserRewards ---> TOURGUIDESERVICE
getUserRewards ---> TOURGUIDESERVICE
getUserRewards ---> TOURGUIDESERVICE
getUserRewards ---> TOURGUIDESERVICE
getUserRewards ---> TOURGUIDESERVICE
getUserRewards ---> TOURGUIDESERVICE
getUserRewards ---> TOURGUIDESERVICE
getUserRewards ---> TOURGUIDESERVICE
getUserRewards ---> TOURGUIDESERVICE
getUserRewards ---> TOURGUIDESERVICE
getUserRewards ---> TOURGUIDESERVICE
getUserRewards ---> TOURGUIDESERVICE
getUserRewards ---> TOURGUIDESERVICE
getUserRewards ---> TOURGUIDESERVICE
getUserRewards ---> TOURGUIDESERVICE
getUserRewards ---> TOURGUIDESERVICE
getUserRewards ---> TOURGUIDESERVICE
getUserRewards ---> TOURGUIDESERVICE
getUserRewards ---> TOURGUIDESERVICE
getUserRewards ---> TOURGUIDESERVICE
getUserRewards ---> TOURGUIDESERVICE
getUserRewards ---> TOURGUIDESERVICE
getUserRewards ---> TOURGUIDESERVICE
getUserRewards ---> TOURGUIDESERVICE
getUserRewards ---> TOURGUIDESERVICE
getUserRewards ---> TOURGUIDESERVICE
getUserRewards ---> TOURGUIDESERVICE
getUserRewards ---> TOURGUIDESERVICE
getUserRewards ---> TOURGUIDESERVICE
getUserRewards ---> TOURGUIDESERVICE
getUserRewards ---> TOURGUIDESERVICE
getUserRewards ---> TOURGUIDESERVICE
getUserRewards ---> TOURGUIDESERVICE
getUserRewards ---> TOURGUIDESERVICE
getUserRewards ---> TOURGUIDESERVICE
getUserRewards ---> TOURGUIDESERVICE
getUserRewards ---> TOURGUIDESERVICE
getUserRewards ---> TOURGUIDESERVICE
getUserRewards ---> TOURGUIDESERVICE
getUserRewards ---> TOURGUIDESERVICE
getUserRewards ---> TOURGUIDESERVICE
getUserRewards ---> TOURGUIDESERVICE
getUserRewards ---> TOURGUIDESERVICE
getUserRewards ---> TOURGUIDESERVICE
getUserRewards ---> TOURGUIDESERVICE
getUserRewards ---> TOURGUIDESERVICE
getUserRewards ---> TOURGUIDESERVICE
getUserRewards ---> TOURGUIDESERVICE
getUserRewards ---> TOURGUIDESERVICE
getUserRewards ---> TOURGUIDESERVICE
getUserRewards ---> TOURGUIDESERVICE
getUserRewards ---> TOURGUIDESERVICE
getUserRewards ---> TOURGUIDESERVICE
getUserRewards ---> TOURGUIDESERVICE
getUserRewards ---> TOURGUIDESERVICE
getUserRewards ---> TOURGUIDESERVICE
getUserRewards ---> TOURGUIDESERVICE
getUserRewards ---> TOURGUIDESERVICE
getUserRewards ---> TOURGUIDESERVICE
getUserRewards ---> TOURGUIDESERVICE
getUserRewards ---> TOURGUIDESERVICE
getUserRewards ---> TOURGUIDESERVICE
getUserRewards ---> TOURGUIDESERVICE
getUserRewards ---> TOURGUIDESERVICE
getUserRewards ---> TOURGUIDESERVICE
getUserRewards ---> TOURGUIDESERVICE
getUserRewards ---> TOURGUIDESERVICE
getUserRewards ---> TOURGUIDESERVICE
getUserRewards ---> TOURGUIDESERVICE
getUserRewards ---> TOURGUIDESERVICE
getUserRewards ---> TOURGUIDESERVICE
getUserRewards ---> TOURGUIDESERVICE
getUserRewards ---> TOURGUIDESERVICE
getUserRewards ---> TOURGUIDESERVICE
getUserRewards ---> TOURGUIDESERVICE
getUserRewards ---> TOURGUIDESERVICE
getUserRewards ---> TOURGUIDESERVICE
getUserRewards ---> TOURGUIDESERVICE
getUserRewards ---> TOURGUIDESERVICE
getUserRewards ---> TOURGUIDESERVICE
getUserRewards ---> TOURGUIDESERVICE
getUserRewards ---> TOURGUIDESERVICE
getUserRewards ---> TOURGUIDESERVICE
getUserRewards ---> TOURGUIDESERVICE
getUserRewards ---> TOURGUIDESERVICE
getUserRewards ---> TOURGUIDESERVICE
getUserRewards ---> TOURGUIDESERVICE
getUserRewards ---> TOURGUIDESERVICE
getUserRewards ---> TOURGUIDESERVICE
getUserRewards ---> TOURGUIDESERVICE
getUserRewards ---> TOURGUIDESERVICE
getUserRewards ---> TOURGUIDESERVICE
getUserRewards ---> TOURGUIDESERVICE
getUserRewards ---> TOURGUIDESERVICE
getUserRewards ---> TOURGUIDESERVICE
getUserRewards ---> TOURGUIDESERVICE
getUserRewards ---> TOURGUIDESERVICE
getUserRewards ---> TOURGUIDESERVICE
getUserRewards ---> TOURGUIDESERVICE
getUserRewards ---> TOURGUIDESERVICE
getUserRewards ---> TOURGUIDESERVICE
getUserRewards ---> TOURGUIDESERVICE
getUserRewards ---> TOURGUIDESERVICE
getUserRewards ---> TOURGUIDESERVICE
getUserRewards ---> TOURGUIDESERVICE
getUserRewards ---> TOURGUIDESERVICE
getUserRewards ---> TOURGUIDESERVICE
getUserRewards ---> TOURGUIDESERVICE
getUserRewards ---> TOURGUIDESERVICE
getUserRewards ---> TOURGUIDESERVICE
getUserRewards ---> TOURGUIDESERVICE
getUserRewards ---> TOURGUIDESERVICE
getUserRewards ---> TOURGUIDESERVICE
getUserRewards ---> TOURGUIDESERVICE
getUserRewards ---> TOURGUIDESERVICE
getUserRewards ---> TOURGUIDESERVICE
getUserRewards ---> TOURGUIDESERVICE
getUserRewards ---> TOURGUIDESERVICE
getUserRewards ---> TOURGUIDESERVICE
getUserRewards ---> TOURGUIDESERVICE
getUserRewards ---> TOURGUIDESERVICE
getUserRewards ---> TOURGUIDESERVICE
getUserRewards ---> TOURGUIDESERVICE
getUserRewards ---> TOURGUIDESERVICE
getUserRewards ---> TOURGUIDESERVICE
getUserRewards ---> TOURGUIDESERVICE
getUserRewards ---> TOURGUIDESERVICE
getUserRewards ---> TOURGUIDESERVICE
getUserRewards ---> TOURGUIDESERVICE
getUserRewards ---> TOURGUIDESERVICE
getUserRewards ---> TOURGUIDESERVICE
getUserRewards ---> TOURGUIDESERVICE
getUserRewards ---> TOURGUIDESERVICE
getUserRewards ---> TOURGUIDESERVICE
getUserRewards ---> TOURGUIDESERVICE
getUserRewards ---> TOURGUIDESERVICE
getUserRewards ---> TOURGUIDESERVICE
getUserRewards ---> TOURGUIDESERVICE
getUserRewards ---> TOURGUIDESERVICE
getUserRewards ---> TOURGUIDESERVICE
getUserRewards ---> TOURGUIDESERVICE
getUserRewards ---> TOURGUIDESERVICE
getUserRewards ---> TOURGUIDESERVICE
getUserRewards ---> TOURGUIDESERVICE
getUserRewards ---> TOURGUIDESERVICE
getUserRewards ---> TOURGUIDESERVICE
getUserRewards ---> TOURGUIDESERVICE
getUserRewards ---> TOURGUIDESERVICE
getUserRewards ---> TOURGUIDESERVICE
getUserRewards ---> TOURGUIDESERVICE
getUserRewards ---> TOURGUIDESERVICE
getUserRewards ---> TOURGUIDESERVICE
getUserRewards ---> TOURGUIDESERVICE
getUserRewards ---> TOURGUIDESERVICE
getUserRewards ---> TOURGUIDESERVICE
getUserRewards ---> TOURGUIDESERVICE
getUserRewards ---> TOURGUIDESERVICE
getUserRewards ---> TOURGUIDESERVICE
getUserRewards ---> TOURGUIDESERVICE
getUserRewards ---> TOURGUIDESERVICE
getUserRewards ---> TOURGUIDESERVICE
getUserRewards ---> TOURGUIDESERVICE
getUserRewards ---> TOURGUIDESERVICE
getUserRewards ---> TOURGUIDESERVICE
getUserRewards ---> TOURGUIDESERVICE
getUserRewards ---> TOURGUIDESERVICE
getUserRewards ---> TOURGUIDESERVICE
getUserRewards ---> TOURGUIDESERVICE
getUserRewards ---> TOURGUIDESERVICE
getUserRewards ---> TOURGUIDESERVICE
getUserRewards ---> TOURGUIDESERVICE
getUserRewards ---> TOURGUIDESERVICE
getUserRewards ---> TOURGUIDESERVICE
getUserRewards ---> TOURGUIDESERVICE
getUserRewards ---> TOURGUIDESERVICE
getUserRewards ---> TOURGUIDESERVICE
getUserRewards ---> TOURGUIDESERVICE
getUserRewards ---> TOURGUIDESERVICE
getUserRewards ---> TOURGUIDESERVICE
getUserRewards ---> TOURGUIDESERVICE
getUserRewards ---> TOURGUIDESERVICE
getUserRewards ---> TOURGUIDESERVICE
getUserRewards ---> TOURGUIDESERVICE
getUserRewards ---> TOURGUIDESERVICE
getUserRewards ---> TOURGUIDESERVICE
getUserRewards ---> TOURGUIDESERVICE
getUserRewards ---> TOURGUIDESERVICE
getUserRewards ---> TOURGUIDESERVICE
getUserRewards ---> TOURGUIDESERVICE
getUserRewards ---> TOURGUIDESERVICE
getUserRewards ---> TOURGUIDESERVICE
getUserRewards ---> TOURGUIDESERVICE
getUserRewards ---> TOURGUIDESERVICE
getUserRewards ---> TOURGUIDESERVICE
getUserRewards ---> TOURGUIDESERVICE
getUserRewards ---> TOURGUIDESERVICE
getUserRewards ---> TOURGUIDESERVICE
getUserRewards ---> TOURGUIDESERVICE
getUserRewards ---> TOURGUIDESERVICE
getUserRewards ---> TOURGUIDESERVICE
getUserRewards ---> TOURGUIDESERVICE
getUserRewards ---> TOURGUIDESERVICE
getUserRewards ---> TOURGUIDESERVICE
getUserRewards ---> TOURGUIDESERVICE
getUserRewards ---> TOURGUIDESERVICE
getUserRewards ---> TOURGUIDESERVICE
getUserRewards ---> TOURGUIDESERVICE
getUserRewards ---> TOURGUIDESERVICE
getUserRewards ---> TOURGUIDESERVICE
getUserRewards ---> TOURGUIDESERVICE
getUserRewards ---> TOURGUIDESERVICE
getUserRewards ---> TOURGUIDESERVICE
getUserRewards ---> TOURGUIDESERVICE
getUserRewards ---> TOURGUIDESERVICE
getUserRewards ---> TOURGUIDESERVICE
getUserRewards ---> TOURGUIDESERVICE
getUserRewards ---> TOURGUIDESERVICE
getUserRewards ---> TOURGUIDESERVICE
getUserRewards ---> TOURGUIDESERVICE
getUserRewards ---> TOURGUIDESERVICE
getUserRewards ---> TOURGUIDESERVICE
getUserRewards ---> TOURGUIDESERVICE
getUserRewards ---> TOURGUIDESERVICE
getUserRewards ---> TOURGUIDESERVICE
getUserRewards ---> TOURGUIDESERVICE
getUserRewards ---> TOURGUIDESERVICE
getUserRewards ---> TOURGUIDESERVICE
getUserRewards ---> TOURGUIDESERVICE
getUserRewards ---> TOURGUIDESERVICE
getUserRewards ---> TOURGUIDESERVICE
getUserRewards ---> TOURGUIDESERVICE
getUserRewards ---> TOURGUIDESERVICE
getUserRewards ---> TOURGUIDESERVICE
getUserRewards ---> TOURGUIDESERVICE
getUserRewards ---> TOURGUIDESERVICE
getUserRewards ---> TOURGUIDESERVICE
getUserRewards ---> TOURGUIDESERVICE
getUserRewards ---> TOURGUIDESERVICE
getUserRewards ---> TOURGUIDESERVICE
getUserRewards ---> TOURGUIDESERVICE
getUserRewards ---> TOURGUIDESERVICE
getUserRewards ---> TOURGUIDESERVICE
getUserRewards ---> TOURGUIDESERVICE
getUserRewards ---> TOURGUIDESERVICE
getUserRewards ---> TOURGUIDESERVICE
getUserRewards ---> TOURGUIDESERVICE
getUserRewards ---> TOURGUIDESERVICE
getUserRewards ---> TOURGUIDESERVICE
getUserRewards ---> TOURGUIDESERVICE
getUserRewards ---> TOURGUIDESERVICE
getUserRewards ---> TOURGUIDESERVICE
getUserRewards ---> TOURGUIDESERVICE
getUserRewards ---> TOURGUIDESERVICE
getUserRewards ---> TOURGUIDESERVICE
getUserRewards ---> TOURGUIDESERVICE
getUserRewards ---> TOURGUIDESERVICE
getUserRewards ---> TOURGUIDESERVICE
getUserRewards ---> TOURGUIDESERVICE
getUserRewards ---> TOURGUIDESERVICE
getUserRewards ---> TOURGUIDESERVICE
getUserRewards ---> TOURGUIDESERVICE
getUserRewards ---> TOURGUIDESERVICE
getUserRewards ---> TOURGUIDESERVICE
getUserRewards ---> TOURGUIDESERVICE
getUserRewards ---> TOURGUIDESERVICE
getUserRewards ---> TOURGUIDESERVICE
getUserRewards ---> TOURGUIDESERVICE
getUserRewards ---> TOURGUIDESERVICE
getUserRewards ---> TOURGUIDESERVICE
getUserRewards ---> TOURGUIDESERVICE
getUserRewards ---> TOURGUIDESERVICE
getUserRewards ---> TOURGUIDESERVICE
getUserRewards ---> TOURGUIDESERVICE
getUserRewards ---> TOURGUIDESERVICE
getUserRewards ---> TOURGUIDESERVICE
getUserRewards ---> TOURGUIDESERVICE
getUserRewards ---> TOURGUIDESERVICE
getUserRewards ---> TOURGUIDESERVICE
getUserRewards ---> TOURGUIDESERVICE
getUserRewards ---> TOURGUIDESERVICE
getUserRewards ---> TOURGUIDESERVICE
getUserRewards ---> TOURGUIDESERVICE
getUserRewards ---> TOURGUIDESERVICE
getUserRewards ---> TOURGUIDESERVICE
getUserRewards ---> TOURGUIDESERVICE
getUserRewards ---> TOURGUIDESERVICE
getUserRewards ---> TOURGUIDESERVICE
getUserRewards ---> TOURGUIDESERVICE
getUserRewards ---> TOURGUIDESERVICE
getUserRewards ---> TOURGUIDESERVICE
getUserRewards ---> TOURGUIDESERVICE
getUserRewards ---> TOURGUIDESERVICE
getUserRewards ---> TOURGUIDESERVICE
getUserRewards ---> TOURGUIDESERVICE
getUserRewards ---> TOURGUIDESERVICE
getUserRewards ---> TOURGUIDESERVICE
getUserRewards ---> TOURGUIDESERVICE
getUserRewards ---> TOURGUIDESERVICE
getUserRewards ---> TOURGUIDESERVICE
getUserRewards ---> TOURGUIDESERVICE
getUserRewards ---> TOURGUIDESERVICE
getUserRewards ---> TOURGUIDESERVICE
getUserRewards ---> TOURGUIDESERVICE
getUserRewards ---> TOURGUIDESERVICE
getUserRewards ---> TOURGUIDESERVICE
getUserRewards ---> TOURGUIDESERVICE
getUserRewards ---> TOURGUIDESERVICE
getUserRewards ---> TOURGUIDESERVICE
getUserRewards ---> TOURGUIDESERVICE
getUserRewards ---> TOURGUIDESERVICE
getUserRewards ---> TOURGUIDESERVICE
getUserRewards ---> TOURGUIDESERVICE
getUserRewards ---> TOURGUIDESERVICE
getUserRewards ---> TOURGUIDESERVICE
getUserRewards ---> TOURGUIDESERVICE
getUserRewards ---> TOURGUIDESERVICE
getUserRewards ---> TOURGUIDESERVICE
getUserRewards ---> TOURGUIDESERVICE
getUserRewards ---> TOURGUIDESERVICE
getUserRewards ---> TOURGUIDESERVICE
getUserRewards ---> TOURGUIDESERVICE
getUserRewards ---> TOURGUIDESERVICE
getUserRewards ---> TOURGUIDESERVICE
getUserRewards ---> TOURGUIDESERVICE
getUserRewards ---> TOURGUIDESERVICE
getUserRewards ---> TOURGUIDESERVICE
getUserRewards ---> TOURGUIDESERVICE
getUserRewards ---> TOURGUIDESERVICE
getUserRewards ---> TOURGUIDESERVICE
getUserRewards ---> TOURGUIDESERVICE
getUserRewards ---> TOURGUIDESERVICE
getUserRewards ---> TOURGUIDESERVICE
getUserRewards ---> TOURGUIDESERVICE
getUserRewards ---> TOURGUIDESERVICE
getUserRewards ---> TOURGUIDESERVICE
getUserRewards ---> TOURGUIDESERVICE
getUserRewards ---> TOURGUIDESERVICE
getUserRewards ---> TOURGUIDESERVICE
getUserRewards ---> TOURGUIDESERVICE
getUserRewards ---> TOURGUIDESERVICE
getUserRewards ---> TOURGUIDESERVICE
getUserRewards ---> TOURGUIDESERVICE
getUserRewards ---> TOURGUIDESERVICE
getUserRewards ---> TOURGUIDESERVICE
getUserRewards ---> TOURGUIDESERVICE
getUserRewards ---> TOURGUIDESERVICE
getUserRewards ---> TOURGUIDESERVICE
getUserRewards ---> TOURGUIDESERVICE
getUserRewards ---> TOURGUIDESERVICE
getUserRewards ---> TOURGUIDESERVICE
getUserRewards ---> TOURGUIDESERVICE
getUserRewards ---> TOURGUIDESERVICE
getUserRewards ---> TOURGUIDESERVICE
getUserRewards ---> TOURGUIDESERVICE
getUserRewards ---> TOURGUIDESERVICE
getUserRewards ---> TOURGUIDESERVICE
getUserRewards ---> TOURGUIDESERVICE
getUserRewards ---> TOURGUIDESERVICE
getUserRewards ---> TOURGUIDESERVICE
getUserRewards ---> TOURGUIDESERVICE
getUserRewards ---> TOURGUIDESERVICE
getUserRewards ---> TOURGUIDESERVICE
getUserRewards ---> TOURGUIDESERVICE
getUserRewards ---> TOURGUIDESERVICE
getUserRewards ---> TOURGUIDESERVICE
getUserRewards ---> TOURGUIDESERVICE
getUserRewards ---> TOURGUIDESERVICE
getUserRewards ---> TOURGUIDESERVICE
getUserRewards ---> TOURGUIDESERVICE
getUserRewards ---> TOURGUIDESERVICE
getUserRewards ---> TOURGUIDESERVICE
getUserRewards ---> TOURGUIDESERVICE
getUserRewards ---> TOURGUIDESERVICE
getUserRewards ---> TOURGUIDESERVICE
getUserRewards ---> TOURGUIDESERVICE
getUserRewards ---> TOURGUIDESERVICE
getUserRewards ---> TOURGUIDESERVICE
getUserRewards ---> TOURGUIDESERVICE
getUserRewards ---> TOURGUIDESERVICE
getUserRewards ---> TOURGUIDESERVICE
getUserRewards ---> TOURGUIDESERVICE
getUserRewards ---> TOURGUIDESERVICE
getUserRewards ---> TOURGUIDESERVICE
getUserRewards ---> TOURGUIDESERVICE
getUserRewards ---> TOURGUIDESERVICE
getUserRewards ---> TOURGUIDESERVICE
getUserRewards ---> TOURGUIDESERVICE
getUserRewards ---> TOURGUIDESERVICE
getUserRewards ---> TOURGUIDESERVICE
getUserRewards ---> TOURGUIDESERVICE
getUserRewards ---> TOURGUIDESERVICE
getUserRewards ---> TOURGUIDESERVICE
getUserRewards ---> TOURGUIDESERVICE
getUserRewards ---> TOURGUIDESERVICE
getUserRewards ---> TOURGUIDESERVICE
getUserRewards ---> TOURGUIDESERVICE
getUserRewards ---> TOURGUIDESERVICE
getUserRewards ---> TOURGUIDESERVICE
getUserRewards ---> TOURGUIDESERVICE
getUserRewards ---> TOURGUIDESERVICE
getUserRewards ---> TOURGUIDESERVICE
getUserRewards ---> TOURGUIDESERVICE
getUserRewards ---> TOURGUIDESERVICE
getUserRewards ---> TOURGUIDESERVICE
getUserRewards ---> TOURGUIDESERVICE
getUserRewards ---> TOURGUIDESERVICE
getUserRewards ---> TOURGUIDESERVICE
getUserRewards ---> TOURGUIDESERVICE
getUserRewards ---> TOURGUIDESERVICE
getUserRewards ---> TOURGUIDESERVICE
getUserRewards ---> TOURGUIDESERVICE
getUserRewards ---> TOURGUIDESERVICE
getUserRewards ---> TOURGUIDESERVICE
getUserRewards ---> TOURGUIDESERVICE
getUserRewards ---> TOURGUIDESERVICE
getUserRewards ---> TOURGUIDESERVICE
getUserRewards ---> TOURGUIDESERVICE
getUserRewards ---> TOURGUIDESERVICE
getUserRewards ---> TOURGUIDESERVICE
getUserRewards ---> TOURGUIDESERVICE
getUserRewards ---> TOURGUIDESERVICE
getUserRewards ---> TOURGUIDESERVICE
getUserRewards ---> TOURGUIDESERVICE
getUserRewards ---> TOURGUIDESERVICE
getUserRewards ---> TOURGUIDESERVICE
getUserRewards ---> TOURGUIDESERVICE
getUserRewards ---> TOURGUIDESERVICE
getUserRewards ---> TOURGUIDESERVICE
getUserRewards ---> TOURGUIDESERVICE
getUserRewards ---> TOURGUIDESERVICE
getUserRewards ---> TOURGUIDESERVICE
getUserRewards ---> TOURGUIDESERVICE
getUserRewards ---> TOURGUIDESERVICE
getUserRewards ---> TOURGUIDESERVICE
getUserRewards ---> TOURGUIDESERVICE
getUserRewards ---> TOURGUIDESERVICE
getUserRewards ---> TOURGUIDESERVICE
getUserRewards ---> TOURGUIDESERVICE
getUserRewards ---> TOURGUIDESERVICE
getUserRewards ---> TOURGUIDESERVICE
getUserRewards ---> TOURGUIDESERVICE
getUserRewards ---> TOURGUIDESERVICE
getUserRewards ---> TOURGUIDESERVICE
getUserRewards ---> TOURGUIDESERVICE
getUserRewards ---> TOURGUIDESERVICE
getUserRewards ---> TOURGUIDESERVICE
getUserRewards ---> TOURGUIDESERVICE
getUserRewards ---> TOURGUIDESERVICE
getUserRewards ---> TOURGUIDESERVICE
getUserRewards ---> TOURGUIDESERVICE
getUserRewards ---> TOURGUIDESERVICE
getUserRewards ---> TOURGUIDESERVICE
getUserRewards ---> TOURGUIDESERVICE
getUserRewards ---> TOURGUIDESERVICE
getUserRewards ---> TOURGUIDESERVICE
getUserRewards ---> TOURGUIDESERVICE
getUserRewards ---> TOURGUIDESERVICE
getUserRewards ---> TOURGUIDESERVICE
getUserRewards ---> TOURGUIDESERVICE
getUserRewards ---> TOURGUIDESERVICE
getUserRewards ---> TOURGUIDESERVICE
getUserRewards ---> TOURGUIDESERVICE
getUserRewards ---> TOURGUIDESERVICE
getUserRewards ---> TOURGUIDESERVICE
getUserRewards ---> TOURGUIDESERVICE
getUserRewards ---> TOURGUIDESERVICE
getUserRewards ---> TOURGUIDESERVICE
getUserRewards ---> TOURGUIDESERVICE
getUserRewards ---> TOURGUIDESERVICE
getUserRewards ---> TOURGUIDESERVICE
getUserRewards ---> TOURGUIDESERVICE
getUserRewards ---> TOURGUIDESERVICE
getUserRewards ---> TOURGUIDESERVICE
getUserRewards ---> TOURGUIDESERVICE
getUserRewards ---> TOURGUIDESERVICE
getUserRewards ---> TOURGUIDESERVICE
getUserRewards ---> TOURGUIDESERVICE
getUserRewards ---> TOURGUIDESERVICE
getUserRewards ---> TOURGUIDESERVICE
getUserRewards ---> TOURGUIDESERVICE
getUserRewards ---> TOURGUIDESERVICE
getUserRewards ---> TOURGUIDESERVICE
getUserRewards ---> TOURGUIDESERVICE
getUserRewards ---> TOURGUIDESERVICE
getUserRewards ---> TOURGUIDESERVICE
getUserRewards ---> TOURGUIDESERVICE
getUserRewards ---> TOURGUIDESERVICE
getUserRewards ---> TOURGUIDESERVICE
getUserRewards ---> TOURGUIDESERVICE
getUserRewards ---> TOURGUIDESERVICE
getUserRewards ---> TOURGUIDESERVICE
getUserRewards ---> TOURGUIDESERVICE
getUserRewards ---> TOURGUIDESERVICE
getUserRewards ---> TOURGUIDESERVICE
getUserRewards ---> TOURGUIDESERVICE
getUserRewards ---> TOURGUIDESERVICE
getUserRewards ---> TOURGUIDESERVICE
getUserRewards ---> TOURGUIDESERVICE
getUserRewards ---> TOURGUIDESERVICE
getUserRewards ---> TOURGUIDESERVICE
getUserRewards ---> TOURGUIDESERVICE
getUserRewards ---> TOURGUIDESERVICE
getUserRewards ---> TOURGUIDESERVICE
getUserRewards ---> TOURGUIDESERVICE
getUserRewards ---> TOURGUIDESERVICE
getUserRewards ---> TOURGUIDESERVICE
getUserRewards ---> TOURGUIDESERVICE
getUserRewards ---> TOURGUIDESERVICE
getUserRewards ---> TOURGUIDESERVICE
getUserRewards ---> TOURGUIDESERVICE
getUserRewards ---> TOURGUIDESERVICE
getUserRewards ---> TOURGUIDESERVICE
getUserRewards ---> TOURGUIDESERVICE
getUserRewards ---> TOURGUIDESERVICE
getUserRewards ---> TOURGUIDESERVICE
getUserRewards ---> TOURGUIDESERVICE
getUserRewards ---> TOURGUIDESERVICE
getUserRewards ---> TOURGUIDESERVICE
getUserRewards ---> TOURGUIDESERVICE
getUserRewards ---> TOURGUIDESERVICE
getUserRewards ---> TOURGUIDESERVICE
getUserRewards ---> TOURGUIDESERVICE
getUserRewards ---> TOURGUIDESERVICE
getUserRewards ---> TOURGUIDESERVICE
getUserRewards ---> TOURGUIDESERVICE
getUserRewards ---> TOURGUIDESERVICE
getUserRewards ---> TOURGUIDESERVICE
getUserRewards ---> TOURGUIDESERVICE
getUserRewards ---> TOURGUIDESERVICE
getUserRewards ---> TOURGUIDESERVICE
getUserRewards ---> TOURGUIDESERVICE
getUserRewards ---> TOURGUIDESERVICE
getUserRewards ---> TOURGUIDESERVICE
getUserRewards ---> TOURGUIDESERVICE
getUserRewards ---> TOURGUIDESERVICE
getUserRewards ---> TOURGUIDESERVICE
getUserRewards ---> TOURGUIDESERVICE
getUserRewards ---> TOURGUIDESERVICE
getUserRewards ---> TOURGUIDESERVICE
getUserRewards ---> TOURGUIDESERVICE
getUserRewards ---> TOURGUIDESERVICE
getUserRewards ---> TOURGUIDESERVICE
getUserRewards ---> TOURGUIDESERVICE
getUserRewards ---> TOURGUIDESERVICE
getUserRewards ---> TOURGUIDESERVICE
getUserRewards ---> TOURGUIDESERVICE
getUserRewards ---> TOURGUIDESERVICE
getUserRewards ---> TOURGUIDESERVICE
getUserRewards ---> TOURGUIDESERVICE
getUserRewards ---> TOURGUIDESERVICE
getUserRewards ---> TOURGUIDESERVICE
getUserRewards ---> TOURGUIDESERVICE
getUserRewards ---> TOURGUIDESERVICE
getUserRewards ---> TOURGUIDESERVICE
getUserRewards ---> TOURGUIDESERVICE
getUserRewards ---> TOURGUIDESERVICE
getUserRewards ---> TOURGUIDESERVICE
getUserRewards ---> TOURGUIDESERVICE
getUserRewards ---> TOURGUIDESERVICE
getUserRewards ---> TOURGUIDESERVICE
getUserRewards ---> TOURGUIDESERVICE
getUserRewards ---> TOURGUIDESERVICE
getUserRewards ---> TOURGUIDESERVICE
getUserRewards ---> TOURGUIDESERVICE
getUserRewards ---> TOURGUIDESERVICE
getUserRewards ---> TOURGUIDESERVICE
getUserRewards ---> TOURGUIDESERVICE
getUserRewards ---> TOURGUIDESERVICE
getUserRewards ---> TOURGUIDESERVICE
getUserRewards ---> TOURGUIDESERVICE
getUserRewards ---> TOURGUIDESERVICE
getUserRewards ---> TOURGUIDESERVICE
getUserRewards ---> TOURGUIDESERVICE
getUserRewards ---> TOURGUIDESERVICE
getUserRewards ---> TOURGUIDESERVICE
getUserRewards ---> TOURGUIDESERVICE
getUserRewards ---> TOURGUIDESERVICE
getUserRewards ---> TOURGUIDESERVICE
getUserRewards ---> TOURGUIDESERVICE
getUserRewards ---> TOURGUIDESERVICE
getUserRewards ---> TOURGUIDESERVICE
getUserRewards ---> TOURGUIDESERVICE
getUserRewards ---> TOURGUIDESERVICE
getUserRewards ---> TOURGUIDESERVICE
getUserRewards ---> TOURGUIDESERVICE
getUserRewards ---> TOURGUIDESERVICE
getUserRewards ---> TOURGUIDESERVICE
getUserRewards ---> TOURGUIDESERVICE
getUserRewards ---> TOURGUIDESERVICE
getUserRewards ---> TOURGUIDESERVICE
getUserRewards ---> TOURGUIDESERVICE
getUserRewards ---> TOURGUIDESERVICE
getUserRewards ---> TOURGUIDESERVICE
getUserRewards ---> TOURGUIDESERVICE
getUserRewards ---> TOURGUIDESERVICE
getUserRewards ---> TOURGUIDESERVICE
getUserRewards ---> TOURGUIDESERVICE
getUserRewards ---> TOURGUIDESERVICE
getUserRewards ---> TOURGUIDESERVICE
getUserRewards ---> TOURGUIDESERVICE
getUserRewards ---> TOURGUIDESERVICE
getUserRewards ---> TOURGUIDESERVICE
getUserRewards ---> TOURGUIDESERVICE
getUserRewards ---> TOURGUIDESERVICE
getUserRewards ---> TOURGUIDESERVICE
getUserRewards ---> TOURGUIDESERVICE
getUserRewards ---> TOURGUIDESERVICE
getUserRewards ---> TOURGUIDESERVICE
getUserRewards ---> TOURGUIDESERVICE
getUserRewards ---> TOURGUIDESERVICE
getUserRewards ---> TOURGUIDESERVICE
getUserRewards ---> TOURGUIDESERVICE
getUserRewards ---> TOURGUIDESERVICE
getUserRewards ---> TOURGUIDESERVICE
getUserRewards ---> TOURGUIDESERVICE
getUserRewards ---> TOURGUIDESERVICE
getUserRewards ---> TOURGUIDESERVICE
getUserRewards ---> TOURGUIDESERVICE
getUserRewards ---> TOURGUIDESERVICE
getUserRewards ---> TOURGUIDESERVICE
getUserRewards ---> TOURGUIDESERVICE
getUserRewards ---> TOURGUIDESERVICE
getUserRewards ---> TOURGUIDESERVICE
getUserRewards ---> TOURGUIDESERVICE
getUserRewards ---> TOURGUIDESERVICE
getUserRewards ---> TOURGUIDESERVICE
getUserRewards ---> TOURGUIDESERVICE
getUserRewards ---> TOURGUIDESERVICE
getUserRewards ---> TOURGUIDESERVICE
getUserRewards ---> TOURGUIDESERVICE
getUserRewards ---> TOURGUIDESERVICE
getUserRewards ---> TOURGUIDESERVICE
getUserRewards ---> TOURGUIDESERVICE
getUserRewards ---> TOURGUIDESERVICE
getUserRewards ---> TOURGUIDESERVICE
getUserRewards ---> TOURGUIDESERVICE
getUserRewards ---> TOURGUIDESERVICE
getUserRewards ---> TOURGUIDESERVICE
getUserRewards ---> TOURGUIDESERVICE
getUserRewards ---> TOURGUIDESERVICE
getUserRewards ---> TOURGUIDESERVICE
getUserRewards ---> TOURGUIDESERVICE
getUserRewards ---> TOURGUIDESERVICE
getUserRewards ---> TOURGUIDESERVICE
getUserRewards ---> TOURGUIDESERVICE
getUserRewards ---> TOURGUIDESERVICE
getUserRewards ---> TOURGUIDESERVICE
getUserRewards ---> TOURGUIDESERVICE
getUserRewards ---> TOURGUIDESERVICE
getUserRewards ---> TOURGUIDESERVICE
getUserRewards ---> TOURGUIDESERVICE
getUserRewards ---> TOURGUIDESERVICE
getUserRewards ---> TOURGUIDESERVICE
getUserRewards ---> TOURGUIDESERVICE
getUserRewards ---> TOURGUIDESERVICE
getUserRewards ---> TOURGUIDESERVICE
getUserRewards ---> TOURGUIDESERVICE
getUserRewards ---> TOURGUIDESERVICE
getUserRewards ---> TOURGUIDESERVICE
getUserRewards ---> TOURGUIDESERVICE
getUserRewards ---> TOURGUIDESERVICE
getUserRewards ---> TOURGUIDESERVICE
getUserRewards ---> TOURGUIDESERVICE
getUserRewards ---> TOURGUIDESERVICE
getUserRewards ---> TOURGUIDESERVICE
getUserRewards ---> TOURGUIDESERVICE
getUserRewards ---> TOURGUIDESERVICE
getUserRewards ---> TOURGUIDESERVICE
getUserRewards ---> TOURGUIDESERVICE
getUserRewards ---> TOURGUIDESERVICE
getUserRewards ---> TOURGUIDESERVICE
getUserRewards ---> TOURGUIDESERVICE
getUserRewards ---> TOURGUIDESERVICE
getUserRewards ---> TOURGUIDESERVICE
getUserRewards ---> TOURGUIDESERVICE
getUserRewards ---> TOURGUIDESERVICE
getUserRewards ---> TOURGUIDESERVICE
getUserRewards ---> TOURGUIDESERVICE
getUserRewards ---> TOURGUIDESERVICE
getUserRewards ---> TOURGUIDESERVICE
getUserRewards ---> TOURGUIDESERVICE
getUserRewards ---> TOURGUIDESERVICE
getUserRewards ---> TOURGUIDESERVICE
getUserRewards ---> TOURGUIDESERVICE
getUserRewards ---> TOURGUIDESERVICE
getUserRewards ---> TOURGUIDESERVICE
getUserRewards ---> TOURGUIDESERVICE
getUserRewards ---> TOURGUIDESERVICE
getUserRewards ---> TOURGUIDESERVICE
getUserRewards ---> TOURGUIDESERVICE
getUserRewards ---> TOURGUIDESERVICE
getUserRewards ---> TOURGUIDESERVICE
getUserRewards ---> TOURGUIDESERVICE
getUserRewards ---> TOURGUIDESERVICE
getUserRewards ---> TOURGUIDESERVICE
getUserRewards ---> TOURGUIDESERVICE
getUserRewards ---> TOURGUIDESERVICE
getUserRewards ---> TOURGUIDESERVICE
getUserRewards ---> TOURGUIDESERVICE
getUserRewards ---> TOURGUIDESERVICE
getUserRewards ---> TOURGUIDESERVICE
getUserRewards ---> TOURGUIDESERVICE
getUserRewards ---> TOURGUIDESERVICE
getUserRewards ---> TOURGUIDESERVICE
getUserRewards ---> TOURGUIDESERVICE
getUserRewards ---> TOURGUIDESERVICE
getUserRewards ---> TOURGUIDESERVICE
getUserRewards ---> TOURGUIDESERVICE
getUserRewards ---> TOURGUIDESERVICE
getUserRewards ---> TOURGUIDESERVICE
getUserRewards ---> TOURGUIDESERVICE
getUserRewards ---> TOURGUIDESERVICE
getUserRewards ---> TOURGUIDESERVICE
getUserRewards ---> TOURGUIDESERVICE
getUserRewards ---> TOURGUIDESERVICE
getUserRewards ---> TOURGUIDESERVICE
getUserRewards ---> TOURGUIDESERVICE
getUserRewards ---> TOURGUIDESERVICE
getUserRewards ---> TOURGUIDESERVICE
getUserRewards ---> TOURGUIDESERVICE
getUserRewards ---> TOURGUIDESERVICE
getUserRewards ---> TOURGUIDESERVICE
getUserRewards ---> TOURGUIDESERVICE
getUserRewards ---> TOURGUIDESERVICE
getUserRewards ---> TOURGUIDESERVICE
getUserRewards ---> TOURGUIDESERVICE
getUserRewards ---> TOURGUIDESERVICE
getUserRewards ---> TOURGUIDESERVICE
getUserRewards ---> TOURGUIDESERVICE
getUserRewards ---> TOURGUIDESERVICE
getUserRewards ---> TOURGUIDESERVICE
getUserRewards ---> TOURGUIDESERVICE
getUserRewards ---> TOURGUIDESERVICE
getUserRewards ---> TOURGUIDESERVICE
getUserRewards ---> TOURGUIDESERVICE
getUserRewards ---> TOURGUIDESERVICE
getUserRewards ---> TOURGUIDESERVICE
getUserRewards ---> TOURGUIDESERVICE
getUserRewards ---> TOURGUIDESERVICE
getUserRewards ---> TOURGUIDESERVICE
getUserRewards ---> TOURGUIDESERVICE
getUserRewards ---> TOURGUIDESERVICE
getUserRewards ---> TOURGUIDESERVICE
getUserRewards ---> TOURGUIDESERVICE
getUserRewards ---> TOURGUIDESERVICE
getUserRewards ---> TOURGUIDESERVICE
getUserRewards ---> TOURGUIDESERVICE
getUserRewards ---> TOURGUIDESERVICE
getUserRewards ---> TOURGUIDESERVICE
getUserRewards ---> TOURGUIDESERVICE
getUserRewards ---> TOURGUIDESERVICE
getUserRewards ---> TOURGUIDESERVICE
getUserRewards ---> TOURGUIDESERVICE
getUserRewards ---> TOURGUIDESERVICE
getUserRewards ---> TOURGUIDESERVICE
getUserRewards ---> TOURGUIDESERVICE
getUserRewards ---> TOURGUIDESERVICE
getUserRewards ---> TOURGUIDESERVICE
getUserRewards ---> TOURGUIDESERVICE
getUserRewards ---> TOURGUIDESERVICE
getUserRewards ---> TOURGUIDESERVICE
getUserRewards ---> TOURGUIDESERVICE
getUserRewards ---> TOURGUIDESERVICE
getUserRewards ---> TOURGUIDESERVICE
getUserRewards ---> TOURGUIDESERVICE
getUserRewards ---> TOURGUIDESERVICE
getUserRewards ---> TOURGUIDESERVICE
getUserRewards ---> TOURGUIDESERVICE
getUserRewards ---> TOURGUIDESERVICE
getUserRewards ---> TOURGUIDESERVICE
getUserRewards ---> TOURGUIDESERVICE
getUserRewards ---> TOURGUIDESERVICE
getUserRewards ---> TOURGUIDESERVICE
getUserRewards ---> TOURGUIDESERVICE
getUserRewards ---> TOURGUIDESERVICE
getUserRewards ---> TOURGUIDESERVICE
getUserRewards ---> TOURGUIDESERVICE
getUserRewards ---> TOURGUIDESERVICE
getUserRewards ---> TOURGUIDESERVICE
getUserRewards ---> TOURGUIDESERVICE
getUserRewards ---> TOURGUIDESERVICE
getUserRewards ---> TOURGUIDESERVICE
getUserRewards ---> TOURGUIDESERVICE
getUserRewards ---> TOURGUIDESERVICE
getUserRewards ---> TOURGUIDESERVICE
getUserRewards ---> TOURGUIDESERVICE
getUserRewards ---> TOURGUIDESERVICE
getUserRewards ---> TOURGUIDESERVICE
getUserRewards ---> TOURGUIDESERVICE
getUserRewards ---> TOURGUIDESERVICE
getUserRewards ---> TOURGUIDESERVICE
getUserRewards ---> TOURGUIDESERVICE
getUserRewards ---> TOURGUIDESERVICE
getUserRewards ---> TOURGUIDESERVICE
getUserRewards ---> TOURGUIDESERVICE
getUserRewards ---> TOURGUIDESERVICE
getUserRewards ---> TOURGUIDESERVICE
getUserRewards ---> TOURGUIDESERVICE
getUserRewards ---> TOURGUIDESERVICE
getUserRewards ---> TOURGUIDESERVICE
getUserRewards ---> TOURGUIDESERVICE
getUserRewards ---> TOURGUIDESERVICE
getUserRewards ---> TOURGUIDESERVICE
getUserRewards ---> TOURGUIDESERVICE
getUserRewards ---> TOURGUIDESERVICE
getUserRewards ---> TOURGUIDESERVICE
getUserRewards ---> TOURGUIDESERVICE
getUserRewards ---> TOURGUIDESERVICE
getUserRewards ---> TOURGUIDESERVICE
getUserRewards ---> TOURGUIDESERVICE
getUserRewards ---> TOURGUIDESERVICE
getUserRewards ---> TOURGUIDESERVICE
getUserRewards ---> TOURGUIDESERVICE
getUserRewards ---> TOURGUIDESERVICE
getUserRewards ---> TOURGUIDESERVICE
getUserRewards ---> TOURGUIDESERVICE
getUserRewards ---> TOURGUIDESERVICE
getUserRewards ---> TOURGUIDESERVICE
getUserRewards ---> TOURGUIDESERVICE
getUserRewards ---> TOURGUIDESERVICE
getUserRewards ---> TOURGUIDESERVICE
getUserRewards ---> TOURGUIDESERVICE
getUserRewards ---> TOURGUIDESERVICE
getUserRewards ---> TOURGUIDESERVICE
getUserRewards ---> TOURGUIDESERVICE
getUserRewards ---> TOURGUIDESERVICE
getUserRewards ---> TOURGUIDESERVICE
getUserRewards ---> TOURGUIDESERVICE
getUserRewards ---> TOURGUIDESERVICE
getUserRewards ---> TOURGUIDESERVICE
getUserRewards ---> TOURGUIDESERVICE
getUserRewards ---> TOURGUIDESERVICE
getUserRewards ---> TOURGUIDESERVICE
getUserRewards ---> TOURGUIDESERVICE
getUserRewards ---> TOURGUIDESERVICE
getUserRewards ---> TOURGUIDESERVICE
getUserRewards ---> TOURGUIDESERVICE
getUserRewards ---> TOURGUIDESERVICE
getUserRewards ---> TOURGUIDESERVICE
getUserRewards ---> TOURGUIDESERVICE
getUserRewards ---> TOURGUIDESERVICE
getUserRewards ---> TOURGUIDESERVICE
getUserRewards ---> TOURGUIDESERVICE
getUserRewards ---> TOURGUIDESERVICE
getUserRewards ---> TOURGUIDESERVICE
getUserRewards ---> TOURGUIDESERVICE
getUserRewards ---> TOURGUIDESERVICE
getUserRewards ---> TOURGUIDESERVICE
getUserRewards ---> TOURGUIDESERVICE
getUserRewards ---> TOURGUIDESERVICE
getUserRewards ---> TOURGUIDESERVICE
getUserRewards ---> TOURGUIDESERVICE
getUserRewards ---> TOURGUIDESERVICE
getUserRewards ---> TOURGUIDESERVICE
getUserRewards ---> TOURGUIDESERVICE
getUserRewards ---> TOURGUIDESERVICE
getUserRewards ---> TOURGUIDESERVICE
getUserRewards ---> TOURGUIDESERVICE
getUserRewards ---> TOURGUIDESERVICE
getUserRewards ---> TOURGUIDESERVICE
getUserRewards ---> TOURGUIDESERVICE
getUserRewards ---> TOURGUIDESERVICE
getUserRewards ---> TOURGUIDESERVICE
getUserRewards ---> TOURGUIDESERVICE
getUserRewards ---> TOURGUIDESERVICE
getUserRewards ---> TOURGUIDESERVICE
getUserRewards ---> TOURGUIDESERVICE
getUserRewards ---> TOURGUIDESERVICE
getUserRewards ---> TOURGUIDESERVICE
getUserRewards ---> TOURGUIDESERVICE
getUserRewards ---> TOURGUIDESERVICE
getUserRewards ---> TOURGUIDESERVICE
getUserRewards ---> TOURGUIDESERVICE
getUserRewards ---> TOURGUIDESERVICE
getUserRewards ---> TOURGUIDESERVICE
getUserRewards ---> TOURGUIDESERVICE
getUserRewards ---> TOURGUIDESERVICE
getUserRewards ---> TOURGUIDESERVICE
getUserRewards ---> TOURGUIDESERVICE
getUserRewards ---> TOURGUIDESERVICE
getUserRewards ---> TOURGUIDESERVICE
getUserRewards ---> TOURGUIDESERVICE
getUserRewards ---> TOURGUIDESERVICE
getUserRewards ---> TOURGUIDESERVICE
getUserRewards ---> TOURGUIDESERVICE
getUserRewards ---> TOURGUIDESERVICE
getUserRewards ---> TOURGUIDESERVICE
getUserRewards ---> TOURGUIDESERVICE
getUserRewards ---> TOURGUIDESERVICE
getUserRewards ---> TOURGUIDESERVICE
getUserRewards ---> TOURGUIDESERVICE
getUserRewards ---> TOURGUIDESERVICE
getUserRewards ---> TOURGUIDESERVICE
getUserRewards ---> TOURGUIDESERVICE
getUserRewards ---> TOURGUIDESERVICE
getUserRewards ---> TOURGUIDESERVICE
getUserRewards ---> TOURGUIDESERVICE
getUserRewards ---> TOURGUIDESERVICE
getUserRewards ---> TOURGUIDESERVICE
getUserRewards ---> TOURGUIDESERVICE
getUserRewards ---> TOURGUIDESERVICE
getUserRewards ---> TOURGUIDESERVICE
getUserRewards ---> TOURGUIDESERVICE
getUserRewards ---> TOURGUIDESERVICE
getUserRewards ---> TOURGUIDESERVICE
getUserRewards ---> TOURGUIDESERVICE
getUserRewards ---> TOURGUIDESERVICE
getUserRewards ---> TOURGUIDESERVICE
getUserRewards ---> TOURGUIDESERVICE
getUserRewards ---> TOURGUIDESERVICE
getUserRewards ---> TOURGUIDESERVICE
getUserRewards ---> TOURGUIDESERVICE
getUserRewards ---> TOURGUIDESERVICE
getUserRewards ---> TOURGUIDESERVICE
getUserRewards ---> TOURGUIDESERVICE
getUserRewards ---> TOURGUIDESERVICE
getUserRewards ---> TOURGUIDESERVICE
getUserRewards ---> TOURGUIDESERVICE
getUserRewards ---> TOURGUIDESERVICE
getUserRewards ---> TOURGUIDESERVICE
getUserRewards ---> TOURGUIDESERVICE
getUserRewards ---> TOURGUIDESERVICE
getUserRewards ---> TOURGUIDESERVICE
getUserRewards ---> TOURGUIDESERVICE
getUserRewards ---> TOURGUIDESERVICE
getUserRewards ---> TOURGUIDESERVICE
getUserRewards ---> TOURGUIDESERVICE
getUserRewards ---> TOURGUIDESERVICE
getUserRewards ---> TOURGUIDESERVICE
getUserRewards ---> TOURGUIDESERVICE
getUserRewards ---> TOURGUIDESERVICE
getUserRewards ---> TOURGUIDESERVICE
getUserRewards ---> TOURGUIDESERVICE
getUserRewards ---> TOURGUIDESERVICE
getUserRewards ---> TOURGUIDESERVICE
getUserRewards ---> TOURGUIDESERVICE
getUserRewards ---> TOURGUIDESERVICE
getUserRewards ---> TOURGUIDESERVICE
getUserRewards ---> TOURGUIDESERVICE
getUserRewards ---> TOURGUIDESERVICE
getUserRewards ---> TOURGUIDESERVICE
getUserRewards ---> TOURGUIDESERVICE
getUserRewards ---> TOURGUIDESERVICE
getUserRewards ---> TOURGUIDESERVICE
getUserRewards ---> TOURGUIDESERVICE
getUserRewards ---> TOURGUIDESERVICE
getUserRewards ---> TOURGUIDESERVICE
getUserRewards ---> TOURGUIDESERVICE
getUserRewards ---> TOURGUIDESERVICE
getUserRewards ---> TOURGUIDESERVICE
getUserRewards ---> TOURGUIDESERVICE
getUserRewards ---> TOURGUIDESERVICE
getUserRewards ---> TOURGUIDESERVICE
getUserRewards ---> TOURGUIDESERVICE
getUserRewards ---> TOURGUIDESERVICE
getUserRewards ---> TOURGUIDESERVICE
getUserRewards ---> TOURGUIDESERVICE
getUserRewards ---> TOURGUIDESERVICE
getUserRewards ---> TOURGUIDESERVICE
getUserRewards ---> TOURGUIDESERVICE
getUserRewards ---> TOURGUIDESERVICE
getUserRewards ---> TOURGUIDESERVICE
getUserRewards ---> TOURGUIDESERVICE
getUserRewards ---> TOURGUIDESERVICE
getUserRewards ---> TOURGUIDESERVICE
getUserRewards ---> TOURGUIDESERVICE
getUserRewards ---> TOURGUIDESERVICE
getUserRewards ---> TOURGUIDESERVICE
getUserRewards ---> TOURGUIDESERVICE
getUserRewards ---> TOURGUIDESERVICE
getUserRewards ---> TOURGUIDESERVICE
getUserRewards ---> TOURGUIDESERVICE
getUserRewards ---> TOURGUIDESERVICE
getUserRewards ---> TOURGUIDESERVICE
getUserRewards ---> TOURGUIDESERVICE
getUserRewards ---> TOURGUIDESERVICE
getUserRewards ---> TOURGUIDESERVICE
getUserRewards ---> TOURGUIDESERVICE
getUserRewards ---> TOURGUIDESERVICE
getUserRewards ---> TOURGUIDESERVICE
getUserRewards ---> TOURGUIDESERVICE
getUserRewards ---> TOURGUIDESERVICE
getUserRewards ---> TOURGUIDESERVICE
getUserRewards ---> TOURGUIDESERVICE
getUserRewards ---> TOURGUIDESERVICE
getUserRewards ---> TOURGUIDESERVICE
getUserRewards ---> TOURGUIDESERVICE
getUserRewards ---> TOURGUIDESERVICE
getUserRewards ---> TOURGUIDESERVICE
getUserRewards ---> TOURGUIDESERVICE
getUserRewards ---> TOURGUIDESERVICE
getUserRewards ---> TOURGUIDESERVICE
getUserRewards ---> TOURGUIDESERVICE
getUserRewards ---> TOURGUIDESERVICE
getUserRewards ---> TOURGUIDESERVICE
getUserRewards ---> TOURGUIDESERVICE
getUserRewards ---> TOURGUIDESERVICE
getUserRewards ---> TOURGUIDESERVICE
getUserRewards ---> TOURGUIDESERVICE
getUserRewards ---> TOURGUIDESERVICE
getUserRewards ---> TOURGUIDESERVICE
getUserRewards ---> TOURGUIDESERVICE
getUserRewards ---> TOURGUIDESERVICE
getUserRewards ---> TOURGUIDESERVICE
getUserRewards ---> TOURGUIDESERVICE
getUserRewards ---> TOURGUIDESERVICE
getUserRewards ---> TOURGUIDESERVICE
getUserRewards ---> TOURGUIDESERVICE
getUserRewards ---> TOURGUIDESERVICE
getUserRewards ---> TOURGUIDESERVICE
getUserRewards ---> TOURGUIDESERVICE
getUserRewards ---> TOURGUIDESERVICE
getUserRewards ---> TOURGUIDESERVICE
getUserRewards ---> TOURGUIDESERVICE
getUserRewards ---> TOURGUIDESERVICE
getUserRewards ---> TOURGUIDESERVICE
getUserRewards ---> TOURGUIDESERVICE
getUserRewards ---> TOURGUIDESERVICE
getUserRewards ---> TOURGUIDESERVICE
getUserRewards ---> TOURGUIDESERVICE
getUserRewards ---> TOURGUIDESERVICE
getUserRewards ---> TOURGUIDESERVICE
getUserRewards ---> TOURGUIDESERVICE
getUserRewards ---> TOURGUIDESERVICE
getUserRewards ---> TOURGUIDESERVICE
getUserRewards ---> TOURGUIDESERVICE
getUserRewards ---> TOURGUIDESERVICE
getUserRewards ---> TOURGUIDESERVICE
getUserRewards ---> TOURGUIDESERVICE
getUserRewards ---> TOURGUIDESERVICE
getUserRewards ---> TOURGUIDESERVICE
getUserRewards ---> TOURGUIDESERVICE
getUserRewards ---> TOURGUIDESERVICE
getUserRewards ---> TOURGUIDESERVICE
getUserRewards ---> TOURGUIDESERVICE
getUserRewards ---> TOURGUIDESERVICE
getUserRewards ---> TOURGUIDESERVICE
getUserRewards ---> TOURGUIDESERVICE
getUserRewards ---> TOURGUIDESERVICE
getUserRewards ---> TOURGUIDESERVICE
getUserRewards ---> TOURGUIDESERVICE
getUserRewards ---> TOURGUIDESERVICE
getUserRewards ---> TOURGUIDESERVICE
getUserRewards ---> TOURGUIDESERVICE
getUserRewards ---> TOURGUIDESERVICE
getUserRewards ---> TOURGUIDESERVICE
getUserRewards ---> TOURGUIDESERVICE
getUserRewards ---> TOURGUIDESERVICE
getUserRewards ---> TOURGUIDESERVICE
getUserRewards ---> TOURGUIDESERVICE
getUserRewards ---> TOURGUIDESERVICE
getUserRewards ---> TOURGUIDESERVICE
getUserRewards ---> TOURGUIDESERVICE
getUserRewards ---> TOURGUIDESERVICE
getUserRewards ---> TOURGUIDESERVICE
getUserRewards ---> TOURGUIDESERVICE
getUserRewards ---> TOURGUIDESERVICE
getUserRewards ---> TOURGUIDESERVICE
getUserRewards ---> TOURGUIDESERVICE
getUserRewards ---> TOURGUIDESERVICE
getUserRewards ---> TOURGUIDESERVICE
getUserRewards ---> TOURGUIDESERVICE
getUserRewards ---> TOURGUIDESERVICE
getUserRewards ---> TOURGUIDESERVICE
getUserRewards ---> TOURGUIDESERVICE
getUserRewards ---> TOURGUIDESERVICE
getUserRewards ---> TOURGUIDESERVICE
getUserRewards ---> TOURGUIDESERVICE
getUserRewards ---> TOURGUIDESERVICE
getUserRewards ---> TOURGUIDESERVICE
getUserRewards ---> TOURGUIDESERVICE
getUserRewards ---> TOURGUIDESERVICE
getUserRewards ---> TOURGUIDESERVICE
getUserRewards ---> TOURGUIDESERVICE
getUserRewards ---> TOURGUIDESERVICE
getUserRewards ---> TOURGUIDESERVICE
getUserRewards ---> TOURGUIDESERVICE
getUserRewards ---> TOURGUIDESERVICE
getUserRewards ---> TOURGUIDESERVICE
getUserRewards ---> TOURGUIDESERVICE
getUserRewards ---> TOURGUIDESERVICE
getUserRewards ---> TOURGUIDESERVICE
getUserRewards ---> TOURGUIDESERVICE
getUserRewards ---> TOURGUIDESERVICE
getUserRewards ---> TOURGUIDESERVICE
getUserRewards ---> TOURGUIDESERVICE
getUserRewards ---> TOURGUIDESERVICE
getUserRewards ---> TOURGUIDESERVICE
getUserRewards ---> TOURGUIDESERVICE
getUserRewards ---> TOURGUIDESERVICE
getUserRewards ---> TOURGUIDESERVICE
getUserRewards ---> TOURGUIDESERVICE
getUserRewards ---> TOURGUIDESERVICE
getUserRewards ---> TOURGUIDESERVICE
getUserRewards ---> TOURGUIDESERVICE
getUserRewards ---> TOURGUIDESERVICE
getUserRewards ---> TOURGUIDESERVICE
getUserRewards ---> TOURGUIDESERVICE
getUserRewards ---> TOURGUIDESERVICE
getUserRewards ---> TOURGUIDESERVICE
getUserRewards ---> TOURGUIDESERVICE
getUserRewards ---> TOURGUIDESERVICE
getUserRewards ---> TOURGUIDESERVICE
getUserRewards ---> TOURGUIDESERVICE
getUserRewards ---> TOURGUIDESERVICE
getUserRewards ---> TOURGUIDESERVICE
getUserRewards ---> TOURGUIDESERVICE
getUserRewards ---> TOURGUIDESERVICE
getUserRewards ---> TOURGUIDESERVICE
getUserRewards ---> TOURGUIDESERVICE
getUserRewards ---> TOURGUIDESERVICE
getUserRewards ---> TOURGUIDESERVICE
getUserRewards ---> TOURGUIDESERVICE
getUserRewards ---> TOURGUIDESERVICE
getUserRewards ---> TOURGUIDESERVICE
getUserRewards ---> TOURGUIDESERVICE
getUserRewards ---> TOURGUIDESERVICE
getUserRewards ---> TOURGUIDESERVICE
getUserRewards ---> TOURGUIDESERVICE
getUserRewards ---> TOURGUIDESERVICE
getUserRewards ---> TOURGUIDESERVICE
getUserRewards ---> TOURGUIDESERVICE
getUserRewards ---> TOURGUIDESERVICE
getUserRewards ---> TOURGUIDESERVICE
getUserRewards ---> TOURGUIDESERVICE
getUserRewards ---> TOURGUIDESERVICE
getUserRewards ---> TOURGUIDESERVICE
getUserRewards ---> TOURGUIDESERVICE
getUserRewards ---> TOURGUIDESERVICE
getUserRewards ---> TOURGUIDESERVICE
getUserRewards ---> TOURGUIDESERVICE
getUserRewards ---> TOURGUIDESERVICE
getUserRewards ---> TOURGUIDESERVICE
getUserRewards ---> TOURGUIDESERVICE
getUserRewards ---> TOURGUIDESERVICE
getUserRewards ---> TOURGUIDESERVICE
getUserRewards ---> TOURGUIDESERVICE
getUserRewards ---> TOURGUIDESERVICE
getUserRewards ---> TOURGUIDESERVICE
getUserRewards ---> TOURGUIDESERVICE
getUserRewards ---> TOURGUIDESERVICE
getUserRewards ---> TOURGUIDESERVICE
getUserRewards ---> TOURGUIDESERVICE
getUserRewards ---> TOURGUIDESERVICE
getUserRewards ---> TOURGUIDESERVICE
getUserRewards ---> TOURGUIDESERVICE
getUserRewards ---> TOURGUIDESERVICE
getUserRewards ---> TOURGUIDESERVICE
getUserRewards ---> TOURGUIDESERVICE
getUserRewards ---> TOURGUIDESERVICE
getUserRewards ---> TOURGUIDESERVICE
getUserRewards ---> TOURGUIDESERVICE
getUserRewards ---> TOURGUIDESERVICE
getUserRewards ---> TOURGUIDESERVICE
getUserRewards ---> TOURGUIDESERVICE
getUserRewards ---> TOURGUIDESERVICE
getUserRewards ---> TOURGUIDESERVICE
getUserRewards ---> TOURGUIDESERVICE
getUserRewards ---> TOURGUIDESERVICE
getUserRewards ---> TOURGUIDESERVICE
getUserRewards ---> TOURGUIDESERVICE
getUserRewards ---> TOURGUIDESERVICE
getUserRewards ---> TOURGUIDESERVICE
getUserRewards ---> TOURGUIDESERVICE
getUserRewards ---> TOURGUIDESERVICE
getUserRewards ---> TOURGUIDESERVICE
getUserRewards ---> TOURGUIDESERVICE
getUserRewards ---> TOURGUIDESERVICE
getUserRewards ---> TOURGUIDESERVICE
getUserRewards ---> TOURGUIDESERVICE
getUserRewards ---> TOURGUIDESERVICE
getUserRewards ---> TOURGUIDESERVICE
getUserRewards ---> TOURGUIDESERVICE
getUserRewards ---> TOURGUIDESERVICE
getUserRewards ---> TOURGUIDESERVICE
getUserRewards ---> TOURGUIDESERVICE
getUserRewards ---> TOURGUIDESERVICE
getUserRewards ---> TOURGUIDESERVICE
getUserRewards ---> TOURGUIDESERVICE
getUserRewards ---> TOURGUIDESERVICE
getUserRewards ---> TOURGUIDESERVICE
getUserRewards ---> TOURGUIDESERVICE
getUserRewards ---> TOURGUIDESERVICE
getUserRewards ---> TOURGUIDESERVICE
getUserRewards ---> TOURGUIDESERVICE
getUserRewards ---> TOURGUIDESERVICE
getUserRewards ---> TOURGUIDESERVICE
getUserRewards ---> TOURGUIDESERVICE
getUserRewards ---> TOURGUIDESERVICE
getUserRewards ---> TOURGUIDESERVICE
getUserRewards ---> TOURGUIDESERVICE
getUserRewards ---> TOURGUIDESERVICE
getUserRewards ---> TOURGUIDESERVICE
getUserRewards ---> TOURGUIDESERVICE
getUserRewards ---> TOURGUIDESERVICE
getUserRewards ---> TOURGUIDESERVICE
getUserRewards ---> TOURGUIDESERVICE
getUserRewards ---> TOURGUIDESERVICE
getUserRewards ---> TOURGUIDESERVICE
getUserRewards ---> TOURGUIDESERVICE
getUserRewards ---> TOURGUIDESERVICE
getUserRewards ---> TOURGUIDESERVICE
getUserRewards ---> TOURGUIDESERVICE
getUserRewards ---> TOURGUIDESERVICE
getUserRewards ---> TOURGUIDESERVICE
getUserRewards ---> TOURGUIDESERVICE
getUserRewards ---> TOURGUIDESERVICE
getUserRewards ---> TOURGUIDESERVICE
getUserRewards ---> TOURGUIDESERVICE
getUserRewards ---> TOURGUIDESERVICE
getUserRewards ---> TOURGUIDESERVICE
getUserRewards ---> TOURGUIDESERVICE
getUserRewards ---> TOURGUIDESERVICE
getUserRewards ---> TOURGUIDESERVICE
getUserRewards ---> TOURGUIDESERVICE
getUserRewards ---> TOURGUIDESERVICE
getUserRewards ---> TOURGUIDESERVICE
getUserRewards ---> TOURGUIDESERVICE
getUserRewards ---> TOURGUIDESERVICE
getUserRewards ---> TOURGUIDESERVICE
getUserRewards ---> TOURGUIDESERVICE
getUserRewards ---> TOURGUIDESERVICE
getUserRewards ---> TOURGUIDESERVICE
getUserRewards ---> TOURGUIDESERVICE
getUserRewards ---> TOURGUIDESERVICE
getUserRewards ---> TOURGUIDESERVICE
getUserRewards ---> TOURGUIDESERVICE
getUserRewards ---> TOURGUIDESERVICE
getUserRewards ---> TOURGUIDESERVICE
getUserRewards ---> TOURGUIDESERVICE
getUserRewards ---> TOURGUIDESERVICE
getUserRewards ---> TOURGUIDESERVICE
getUserRewards ---> TOURGUIDESERVICE
getUserRewards ---> TOURGUIDESERVICE
getUserRewards ---> TOURGUIDESERVICE
getUserRewards ---> TOURGUIDESERVICE
getUserRewards ---> TOURGUIDESERVICE
getUserRewards ---> TOURGUIDESERVICE
getUserRewards ---> TOURGUIDESERVICE
getUserRewards ---> TOURGUIDESERVICE
getUserRewards ---> TOURGUIDESERVICE
getUserRewards ---> TOURGUIDESERVICE
getUserRewards ---> TOURGUIDESERVICE
getUserRewards ---> TOURGUIDESERVICE
getUserRewards ---> TOURGUIDESERVICE
getUserRewards ---> TOURGUIDESERVICE
getUserRewards ---> TOURGUIDESERVICE
getUserRewards ---> TOURGUIDESERVICE
getUserRewards ---> TOURGUIDESERVICE
getUserRewards ---> TOURGUIDESERVICE
getUserRewards ---> TOURGUIDESERVICE
getUserRewards ---> TOURGUIDESERVICE
getUserRewards ---> TOURGUIDESERVICE
getUserRewards ---> TOURGUIDESERVICE
getUserRewards ---> TOURGUIDESERVICE
getUserRewards ---> TOURGUIDESERVICE
getUserRewards ---> TOURGUIDESERVICE
getUserRewards ---> TOURGUIDESERVICE
getUserRewards ---> TOURGUIDESERVICE
getUserRewards ---> TOURGUIDESERVICE
getUserRewards ---> TOURGUIDESERVICE
getUserRewards ---> TOURGUIDESERVICE
getUserRewards ---> TOURGUIDESERVICE
getUserRewards ---> TOURGUIDESERVICE
getUserRewards ---> TOURGUIDESERVICE
getUserRewards ---> TOURGUIDESERVICE
getUserRewards ---> TOURGUIDESERVICE
getUserRewards ---> TOURGUIDESERVICE
getUserRewards ---> TOURGUIDESERVICE
getUserRewards ---> TOURGUIDESERVICE
getUserRewards ---> TOURGUIDESERVICE
getUserRewards ---> TOURGUIDESERVICE
getUserRewards ---> TOURGUIDESERVICE
getUserRewards ---> TOURGUIDESERVICE
getUserRewards ---> TOURGUIDESERVICE
getUserRewards ---> TOURGUIDESERVICE
getUserRewards ---> TOURGUIDESERVICE
getUserRewards ---> TOURGUIDESERVICE
getUserRewards ---> TOURGUIDESERVICE
getUserRewards ---> TOURGUIDESERVICE
getUserRewards ---> TOURGUIDESERVICE
getUserRewards ---> TOURGUIDESERVICE
getUserRewards ---> TOURGUIDESERVICE
getUserRewards ---> TOURGUIDESERVICE
getUserRewards ---> TOURGUIDESERVICE
getUserRewards ---> TOURGUIDESERVICE
getUserRewards ---> TOURGUIDESERVICE
getUserRewards ---> TOURGUIDESERVICE
getUserRewards ---> TOURGUIDESERVICE
getUserRewards ---> TOURGUIDESERVICE
getUserRewards ---> TOURGUIDESERVICE
getUserRewards ---> TOURGUIDESERVICE
getUserRewards ---> TOURGUIDESERVICE
getUserRewards ---> TOURGUIDESERVICE
getUserRewards ---> TOURGUIDESERVICE
getUserRewards ---> TOURGUIDESERVICE
getUserRewards ---> TOURGUIDESERVICE
getUserRewards ---> TOURGUIDESERVICE
getUserRewards ---> TOURGUIDESERVICE
getUserRewards ---> TOURGUIDESERVICE
getUserRewards ---> TOURGUIDESERVICE
getUserRewards ---> TOURGUIDESERVICE
getUserRewards ---> TOURGUIDESERVICE
getUserRewards ---> TOURGUIDESERVICE
getUserRewards ---> TOURGUIDESERVICE
getUserRewards ---> TOURGUIDESERVICE
getUserRewards ---> TOURGUIDESERVICE
getUserRewards ---> TOURGUIDESERVICE
getUserRewards ---> TOURGUIDESERVICE
getUserRewards ---> TOURGUIDESERVICE
getUserRewards ---> TOURGUIDESERVICE
getUserRewards ---> TOURGUIDESERVICE
getUserRewards ---> TOURGUIDESERVICE
getUserRewards ---> TOURGUIDESERVICE
getUserRewards ---> TOURGUIDESERVICE
getUserRewards ---> TOURGUIDESERVICE
getUserRewards ---> TOURGUIDESERVICE
getUserRewards ---> TOURGUIDESERVICE
getUserRewards ---> TOURGUIDESERVICE
getUserRewards ---> TOURGUIDESERVICE
getUserRewards ---> TOURGUIDESERVICE
getUserRewards ---> TOURGUIDESERVICE
getUserRewards ---> TOURGUIDESERVICE
getUserRewards ---> TOURGUIDESERVICE
getUserRewards ---> TOURGUIDESERVICE
getUserRewards ---> TOURGUIDESERVICE
getUserRewards ---> TOURGUIDESERVICE
getUserRewards ---> TOURGUIDESERVICE
getUserRewards ---> TOURGUIDESERVICE
getUserRewards ---> TOURGUIDESERVICE
getUserRewards ---> TOURGUIDESERVICE
getUserRewards ---> TOURGUIDESERVICE
getUserRewards ---> TOURGUIDESERVICE
getUserRewards ---> TOURGUIDESERVICE
getUserRewards ---> TOURGUIDESERVICE
getUserRewards ---> TOURGUIDESERVICE
getUserRewards ---> TOURGUIDESERVICE
getUserRewards ---> TOURGUIDESERVICE
getUserRewards ---> TOURGUIDESERVICE
getUserRewards ---> TOURGUIDESERVICE
getUserRewards ---> TOURGUIDESERVICE
getUserRewards ---> TOURGUIDESERVICE
getUserRewards ---> TOURGUIDESERVICE
getUserRewards ---> TOURGUIDESERVICE
getUserRewards ---> TOURGUIDESERVICE
getUserRewards ---> TOURGUIDESERVICE
getUserRewards ---> TOURGUIDESERVICE
getUserRewards ---> TOURGUIDESERVICE
getUserRewards ---> TOURGUIDESERVICE
getUserRewards ---> TOURGUIDESERVICE
getUserRewards ---> TOURGUIDESERVICE
getUserRewards ---> TOURGUIDESERVICE
getUserRewards ---> TOURGUIDESERVICE
getUserRewards ---> TOURGUIDESERVICE
getUserRewards ---> TOURGUIDESERVICE
getUserRewards ---> TOURGUIDESERVICE
getUserRewards ---> TOURGUIDESERVICE
getUserRewards ---> TOURGUIDESERVICE
getUserRewards ---> TOURGUIDESERVICE
getUserRewards ---> TOURGUIDESERVICE
getUserRewards ---> TOURGUIDESERVICE
getUserRewards ---> TOURGUIDESERVICE
getUserRewards ---> TOURGUIDESERVICE
getUserRewards ---> TOURGUIDESERVICE
getUserRewards ---> TOURGUIDESERVICE
getUserRewards ---> TOURGUIDESERVICE
getUserRewards ---> TOURGUIDESERVICE
getUserRewards ---> TOURGUIDESERVICE
getUserRewards ---> TOURGUIDESERVICE
getUserRewards ---> TOURGUIDESERVICE
getUserRewards ---> TOURGUIDESERVICE
getUserRewards ---> TOURGUIDESERVICE
getUserRewards ---> TOURGUIDESERVICE
getUserRewards ---> TOURGUIDESERVICE
getUserRewards ---> TOURGUIDESERVICE
getUserRewards ---> TOURGUIDESERVICE
getUserRewards ---> TOURGUIDESERVICE
getUserRewards ---> TOURGUIDESERVICE
getUserRewards ---> TOURGUIDESERVICE
getUserRewards ---> TOURGUIDESERVICE
getUserRewards ---> TOURGUIDESERVICE
getUserRewards ---> TOURGUIDESERVICE
getUserRewards ---> TOURGUIDESERVICE
getUserRewards ---> TOURGUIDESERVICE
getUserRewards ---> TOURGUIDESERVICE
getUserRewards ---> TOURGUIDESERVICE
getUserRewards ---> TOURGUIDESERVICE
getUserRewards ---> TOURGUIDESERVICE
getUserRewards ---> TOURGUIDESERVICE
getUserRewards ---> TOURGUIDESERVICE
getUserRewards ---> TOURGUIDESERVICE
getUserRewards ---> TOURGUIDESERVICE
getUserRewards ---> TOURGUIDESERVICE
getUserRewards ---> TOURGUIDESERVICE
getUserRewards ---> TOURGUIDESERVICE
getUserRewards ---> TOURGUIDESERVICE
getUserRewards ---> TOURGUIDESERVICE
getUserRewards ---> TOURGUIDESERVICE
getUserRewards ---> TOURGUIDESERVICE
getUserRewards ---> TOURGUIDESERVICE
getUserRewards ---> TOURGUIDESERVICE
getUserRewards ---> TOURGUIDESERVICE
getUserRewards ---> TOURGUIDESERVICE
getUserRewards ---> TOURGUIDESERVICE
getUserRewards ---> TOURGUIDESERVICE
getUserRewards ---> TOURGUIDESERVICE
getUserRewards ---> TOURGUIDESERVICE
getUserRewards ---> TOURGUIDESERVICE
getUserRewards ---> TOURGUIDESERVICE
getUserRewards ---> TOURGUIDESERVICE
getUserRewards ---> TOURGUIDESERVICE
getUserRewards ---> TOURGUIDESERVICE
getUserRewards ---> TOURGUIDESERVICE
getUserRewards ---> TOURGUIDESERVICE
getUserRewards ---> TOURGUIDESERVICE
getUserRewards ---> TOURGUIDESERVICE
getUserRewards ---> TOURGUIDESERVICE
getUserRewards ---> TOURGUIDESERVICE
getUserRewards ---> TOURGUIDESERVICE
getUserRewards ---> TOURGUIDESERVICE
getUserRewards ---> TOURGUIDESERVICE
getUserRewards ---> TOURGUIDESERVICE
getUserRewards ---> TOURGUIDESERVICE
getUserRewards ---> TOURGUIDESERVICE
getUserRewards ---> TOURGUIDESERVICE
getUserRewards ---> TOURGUIDESERVICE
getUserRewards ---> TOURGUIDESERVICE
getUserRewards ---> TOURGUIDESERVICE
getUserRewards ---> TOURGUIDESERVICE
getUserRewards ---> TOURGUIDESERVICE
getUserRewards ---> TOURGUIDESERVICE
getUserRewards ---> TOURGUIDESERVICE
getUserRewards ---> TOURGUIDESERVICE
getUserRewards ---> TOURGUIDESERVICE
getUserRewards ---> TOURGUIDESERVICE
getUserRewards ---> TOURGUIDESERVICE
getUserRewards ---> TOURGUIDESERVICE
getUserRewards ---> TOURGUIDESERVICE
getUserRewards ---> TOURGUIDESERVICE
getUserRewards ---> TOURGUIDESERVICE
getUserRewards ---> TOURGUIDESERVICE
getUserRewards ---> TOURGUIDESERVICE
getUserRewards ---> TOURGUIDESERVICE
getUserRewards ---> TOURGUIDESERVICE
getUserRewards ---> TOURGUIDESERVICE
getUserRewards ---> TOURGUIDESERVICE
getUserRewards ---> TOURGUIDESERVICE
getUserRewards ---> TOURGUIDESERVICE
getUserRewards ---> TOURGUIDESERVICE
getUserRewards ---> TOURGUIDESERVICE
getUserRewards ---> TOURGUIDESERVICE
getUserRewards ---> TOURGUIDESERVICE
getUserRewards ---> TOURGUIDESERVICE
getUserRewards ---> TOURGUIDESERVICE
getUserRewards ---> TOURGUIDESERVICE
getUserRewards ---> TOURGUIDESERVICE
getUserRewards ---> TOURGUIDESERVICE
getUserRewards ---> TOURGUIDESERVICE
getUserRewards ---> TOURGUIDESERVICE
getUserRewards ---> TOURGUIDESERVICE
getUserRewards ---> TOURGUIDESERVICE
getUserRewards ---> TOURGUIDESERVICE
getUserRewards ---> TOURGUIDESERVICE
getUserRewards ---> TOURGUIDESERVICE
getUserRewards ---> TOURGUIDESERVICE
getUserRewards ---> TOURGUIDESERVICE
getUserRewards ---> TOURGUIDESERVICE
getUserRewards ---> TOURGUIDESERVICE
getUserRewards ---> TOURGUIDESERVICE
getUserRewards ---> TOURGUIDESERVICE
getUserRewards ---> TOURGUIDESERVICE
getUserRewards ---> TOURGUIDESERVICE
getUserRewards ---> TOURGUIDESERVICE
getUserRewards ---> TOURGUIDESERVICE
getUserRewards ---> TOURGUIDESERVICE
getUserRewards ---> TOURGUIDESERVICE
getUserRewards ---> TOURGUIDESERVICE
getUserRewards ---> TOURGUIDESERVICE
getUserRewards ---> TOURGUIDESERVICE
getUserRewards ---> TOURGUIDESERVICE
getUserRewards ---> TOURGUIDESERVICE
getUserRewards ---> TOURGUIDESERVICE
getUserRewards ---> TOURGUIDESERVICE
getUserRewards ---> TOURGUIDESERVICE
getUserRewards ---> TOURGUIDESERVICE
getUserRewards ---> TOURGUIDESERVICE
getUserRewards ---> TOURGUIDESERVICE
getUserRewards ---> TOURGUIDESERVICE
getUserRewards ---> TOURGUIDESERVICE
getUserRewards ---> TOURGUIDESERVICE
getUserRewards ---> TOURGUIDESERVICE
getUserRewards ---> TOURGUIDESERVICE
getUserRewards ---> TOURGUIDESERVICE
getUserRewards ---> TOURGUIDESERVICE
getUserRewards ---> TOURGUIDESERVICE
getUserRewards ---> TOURGUIDESERVICE
getUserRewards ---> TOURGUIDESERVICE
getUserRewards ---> TOURGUIDESERVICE
getUserRewards ---> TOURGUIDESERVICE
getUserRewards ---> TOURGUIDESERVICE
getUserRewards ---> TOURGUIDESERVICE
getUserRewards ---> TOURGUIDESERVICE
getUserRewards ---> TOURGUIDESERVICE
getUserRewards ---> TOURGUIDESERVICE
getUserRewards ---> TOURGUIDESERVICE
getUserRewards ---> TOURGUIDESERVICE
getUserRewards ---> TOURGUIDESERVICE
getUserRewards ---> TOURGUIDESERVICE
getUserRewards ---> TOURGUIDESERVICE
getUserRewards ---> TOURGUIDESERVICE
getUserRewards ---> TOURGUIDESERVICE
getUserRewards ---> TOURGUIDESERVICE
getUserRewards ---> TOURGUIDESERVICE
getUserRewards ---> TOURGUIDESERVICE
getUserRewards ---> TOURGUIDESERVICE
getUserRewards ---> TOURGUIDESERVICE
getUserRewards ---> TOURGUIDESERVICE
getUserRewards ---> TOURGUIDESERVICE
getUserRewards ---> TOURGUIDESERVICE
getUserRewards ---> TOURGUIDESERVICE
getUserRewards ---> TOURGUIDESERVICE
getUserRewards ---> TOURGUIDESERVICE
getUserRewards ---> TOURGUIDESERVICE
getUserRewards ---> TOURGUIDESERVICE
getUserRewards ---> TOURGUIDESERVICE
getUserRewards ---> TOURGUIDESERVICE
getUserRewards ---> TOURGUIDESERVICE
getUserRewards ---> TOURGUIDESERVICE
getUserRewards ---> TOURGUIDESERVICE
getUserRewards ---> TOURGUIDESERVICE
getUserRewards ---> TOURGUIDESERVICE
getUserRewards ---> TOURGUIDESERVICE
getUserRewards ---> TOURGUIDESERVICE
getUserRewards ---> TOURGUIDESERVICE
getUserRewards ---> TOURGUIDESERVICE
getUserRewards ---> TOURGUIDESERVICE
getUserRewards ---> TOURGUIDESERVICE
getUserRewards ---> TOURGUIDESERVICE
getUserRewards ---> TOURGUIDESERVICE
getUserRewards ---> TOURGUIDESERVICE
getUserRewards ---> TOURGUIDESERVICE
getUserRewards ---> TOURGUIDESERVICE
getUserRewards ---> TOURGUIDESERVICE
getUserRewards ---> TOURGUIDESERVICE
getUserRewards ---> TOURGUIDESERVICE
getUserRewards ---> TOURGUIDESERVICE
getUserRewards ---> TOURGUIDESERVICE
getUserRewards ---> TOURGUIDESERVICE
getUserRewards ---> TOURGUIDESERVICE
getUserRewards ---> TOURGUIDESERVICE
getUserRewards ---> TOURGUIDESERVICE
getUserRewards ---> TOURGUIDESERVICE
getUserRewards ---> TOURGUIDESERVICE
getUserRewards ---> TOURGUIDESERVICE
getUserRewards ---> TOURGUIDESERVICE
getUserRewards ---> TOURGUIDESERVICE
getUserRewards ---> TOURGUIDESERVICE
getUserRewards ---> TOURGUIDESERVICE
getUserRewards ---> TOURGUIDESERVICE
getUserRewards ---> TOURGUIDESERVICE
getUserRewards ---> TOURGUIDESERVICE
getUserRewards ---> TOURGUIDESERVICE
getUserRewards ---> TOURGUIDESERVICE
getUserRewards ---> TOURGUIDESERVICE
getUserRewards ---> TOURGUIDESERVICE
getUserRewards ---> TOURGUIDESERVICE
getUserRewards ---> TOURGUIDESERVICE
getUserRewards ---> TOURGUIDESERVICE
getUserRewards ---> TOURGUIDESERVICE
getUserRewards ---> TOURGUIDESERVICE
getUserRewards ---> TOURGUIDESERVICE
getUserRewards ---> TOURGUIDESERVICE
getUserRewards ---> TOURGUIDESERVICE
getUserRewards ---> TOURGUIDESERVICE
getUserRewards ---> TOURGUIDESERVICE
getUserRewards ---> TOURGUIDESERVICE
getUserRewards ---> TOURGUIDESERVICE
getUserRewards ---> TOURGUIDESERVICE
getUserRewards ---> TOURGUIDESERVICE
getUserRewards ---> TOURGUIDESERVICE
getUserRewards ---> TOURGUIDESERVICE
getUserRewards ---> TOURGUIDESERVICE
getUserRewards ---> TOURGUIDESERVICE
getUserRewards ---> TOURGUIDESERVICE
getUserRewards ---> TOURGUIDESERVICE
getUserRewards ---> TOURGUIDESERVICE
getUserRewards ---> TOURGUIDESERVICE
getUserRewards ---> TOURGUIDESERVICE
getUserRewards ---> TOURGUIDESERVICE
getUserRewards ---> TOURGUIDESERVICE
getUserRewards ---> TOURGUIDESERVICE
getUserRewards ---> TOURGUIDESERVICE
getUserRewards ---> TOURGUIDESERVICE
getUserRewards ---> TOURGUIDESERVICE
getUserRewards ---> TOURGUIDESERVICE
getUserRewards ---> TOURGUIDESERVICE
getUserRewards ---> TOURGUIDESERVICE
getUserRewards ---> TOURGUIDESERVICE
getUserRewards ---> TOURGUIDESERVICE
getUserRewards ---> TOURGUIDESERVICE
getUserRewards ---> TOURGUIDESERVICE
getUserRewards ---> TOURGUIDESERVICE
getUserRewards ---> TOURGUIDESERVICE
getUserRewards ---> TOURGUIDESERVICE
getUserRewards ---> TOURGUIDESERVICE
getUserRewards ---> TOURGUIDESERVICE
getUserRewards ---> TOURGUIDESERVICE
getUserRewards ---> TOURGUIDESERVICE
getUserRewards ---> TOURGUIDESERVICE
getUserRewards ---> TOURGUIDESERVICE
getUserRewards ---> TOURGUIDESERVICE
getUserRewards ---> TOURGUIDESERVICE
getUserRewards ---> TOURGUIDESERVICE
getUserRewards ---> TOURGUIDESERVICE
getUserRewards ---> TOURGUIDESERVICE
getUserRewards ---> TOURGUIDESERVICE
getUserRewards ---> TOURGUIDESERVICE
getUserRewards ---> TOURGUIDESERVICE
getUserRewards ---> TOURGUIDESERVICE
getUserRewards ---> TOURGUIDESERVICE
getUserRewards ---> TOURGUIDESERVICE
getUserRewards ---> TOURGUIDESERVICE
getUserRewards ---> TOURGUIDESERVICE
getUserRewards ---> TOURGUIDESERVICE
getUserRewards ---> TOURGUIDESERVICE
getUserRewards ---> TOURGUIDESERVICE
getUserRewards ---> TOURGUIDESERVICE
getUserRewards ---> TOURGUIDESERVICE
getUserRewards ---> TOURGUIDESERVICE
getUserRewards ---> TOURGUIDESERVICE
getUserRewards ---> TOURGUIDESERVICE
getUserRewards ---> TOURGUIDESERVICE
getUserRewards ---> TOURGUIDESERVICE
getUserRewards ---> TOURGUIDESERVICE
getUserRewards ---> TOURGUIDESERVICE
getUserRewards ---> TOURGUIDESERVICE
getUserRewards ---> TOURGUIDESERVICE
getUserRewards ---> TOURGUIDESERVICE
getUserRewards ---> TOURGUIDESERVICE
getUserRewards ---> TOURGUIDESERVICE
getUserRewards ---> TOURGUIDESERVICE
getUserRewards ---> TOURGUIDESERVICE
getUserRewards ---> TOURGUIDESERVICE
getUserRewards ---> TOURGUIDESERVICE
getUserRewards ---> TOURGUIDESERVICE
getUserRewards ---> TOURGUIDESERVICE
getUserRewards ---> TOURGUIDESERVICE
getUserRewards ---> TOURGUIDESERVICE
getUserRewards ---> TOURGUIDESERVICE
getUserRewards ---> TOURGUIDESERVICE
getUserRewards ---> TOURGUIDESERVICE
getUserRewards ---> TOURGUIDESERVICE
getUserRewards ---> TOURGUIDESERVICE
getUserRewards ---> TOURGUIDESERVICE
getUserRewards ---> TOURGUIDESERVICE
getUserRewards ---> TOURGUIDESERVICE
getUserRewards ---> TOURGUIDESERVICE
getUserRewards ---> TOURGUIDESERVICE
getUserRewards ---> TOURGUIDESERVICE
getUserRewards ---> TOURGUIDESERVICE
getUserRewards ---> TOURGUIDESERVICE
getUserRewards ---> TOURGUIDESERVICE
getUserRewards ---> TOURGUIDESERVICE
getUserRewards ---> TOURGUIDESERVICE
getUserRewards ---> TOURGUIDESERVICE
getUserRewards ---> TOURGUIDESERVICE
getUserRewards ---> TOURGUIDESERVICE
getUserRewards ---> TOURGUIDESERVICE
getUserRewards ---> TOURGUIDESERVICE
getUserRewards ---> TOURGUIDESERVICE
getUserRewards ---> TOURGUIDESERVICE
getUserRewards ---> TOURGUIDESERVICE
getUserRewards ---> TOURGUIDESERVICE
getUserRewards ---> TOURGUIDESERVICE
getUserRewards ---> TOURGUIDESERVICE
getUserRewards ---> TOURGUIDESERVICE
getUserRewards ---> TOURGUIDESERVICE
getUserRewards ---> TOURGUIDESERVICE
getUserRewards ---> TOURGUIDESERVICE
getUserRewards ---> TOURGUIDESERVICE
getUserRewards ---> TOURGUIDESERVICE
getUserRewards ---> TOURGUIDESERVICE
getUserRewards ---> TOURGUIDESERVICE
getUserRewards ---> TOURGUIDESERVICE
getUserRewards ---> TOURGUIDESERVICE
getUserRewards ---> TOURGUIDESERVICE
getUserRewards ---> TOURGUIDESERVICE
getUserRewards ---> TOURGUIDESERVICE
getUserRewards ---> TOURGUIDESERVICE
getUserRewards ---> TOURGUIDESERVICE
getUserRewards ---> TOURGUIDESERVICE
getUserRewards ---> TOURGUIDESERVICE
getUserRewards ---> TOURGUIDESERVICE
getUserRewards ---> TOURGUIDESERVICE
getUserRewards ---> TOURGUIDESERVICE
getUserRewards ---> TOURGUIDESERVICE
getUserRewards ---> TOURGUIDESERVICE
getUserRewards ---> TOURGUIDESERVICE
getUserRewards ---> TOURGUIDESERVICE
getUserRewards ---> TOURGUIDESERVICE
getUserRewards ---> TOURGUIDESERVICE
getUserRewards ---> TOURGUIDESERVICE
getUserRewards ---> TOURGUIDESERVICE
getUserRewards ---> TOURGUIDESERVICE
getUserRewards ---> TOURGUIDESERVICE
getUserRewards ---> TOURGUIDESERVICE
getUserRewards ---> TOURGUIDESERVICE
getUserRewards ---> TOURGUIDESERVICE
getUserRewards ---> TOURGUIDESERVICE
getUserRewards ---> TOURGUIDESERVICE
getUserRewards ---> TOURGUIDESERVICE
getUserRewards ---> TOURGUIDESERVICE
getUserRewards ---> TOURGUIDESERVICE
getUserRewards ---> TOURGUIDESERVICE
getUserRewards ---> TOURGUIDESERVICE
getUserRewards ---> TOURGUIDESERVICE
getUserRewards ---> TOURGUIDESERVICE
getUserRewards ---> TOURGUIDESERVICE
getUserRewards ---> TOURGUIDESERVICE
getUserRewards ---> TOURGUIDESERVICE
getUserRewards ---> TOURGUIDESERVICE
getUserRewards ---> TOURGUIDESERVICE
getUserRewards ---> TOURGUIDESERVICE
getUserRewards ---> TOURGUIDESERVICE
getUserRewards ---> TOURGUIDESERVICE
getUserRewards ---> TOURGUIDESERVICE
getUserRewards ---> TOURGUIDESERVICE
getUserRewards ---> TOURGUIDESERVICE
getUserRewards ---> TOURGUIDESERVICE
getUserRewards ---> TOURGUIDESERVICE
getUserRewards ---> TOURGUIDESERVICE
getUserRewards ---> TOURGUIDESERVICE
getUserRewards ---> TOURGUIDESERVICE
getUserRewards ---> TOURGUIDESERVICE
getUserRewards ---> TOURGUIDESERVICE
getUserRewards ---> TOURGUIDESERVICE
getUserRewards ---> TOURGUIDESERVICE
getUserRewards ---> TOURGUIDESERVICE
getUserRewards ---> TOURGUIDESERVICE
getUserRewards ---> TOURGUIDESERVICE
getUserRewards ---> TOURGUIDESERVICE
getUserRewards ---> TOURGUIDESERVICE
getUserRewards ---> TOURGUIDESERVICE
getUserRewards ---> TOURGUIDESERVICE
getUserRewards ---> TOURGUIDESERVICE
getUserRewards ---> TOURGUIDESERVICE
getUserRewards ---> TOURGUIDESERVICE
getUserRewards ---> TOURGUIDESERVICE
getUserRewards ---> TOURGUIDESERVICE
getUserRewards ---> TOURGUIDESERVICE
getUserRewards ---> TOURGUIDESERVICE
getUserRewards ---> TOURGUIDESERVICE
getUserRewards ---> TOURGUIDESERVICE
getUserRewards ---> TOURGUIDESERVICE
getUserRewards ---> TOURGUIDESERVICE
getUserRewards ---> TOURGUIDESERVICE
getUserRewards ---> TOURGUIDESERVICE
getUserRewards ---> TOURGUIDESERVICE
getUserRewards ---> TOURGUIDESERVICE
getUserRewards ---> TOURGUIDESERVICE
getUserRewards ---> TOURGUIDESERVICE
getUserRewards ---> TOURGUIDESERVICE
getUserRewards ---> TOURGUIDESERVICE
getUserRewards ---> TOURGUIDESERVICE
getUserRewards ---> TOURGUIDESERVICE
getUserRewards ---> TOURGUIDESERVICE
getUserRewards ---> TOURGUIDESERVICE
getUserRewards ---> TOURGUIDESERVICE
getUserRewards ---> TOURGUIDESERVICE
getUserRewards ---> TOURGUIDESERVICE
getUserRewards ---> TOURGUIDESERVICE
getUserRewards ---> TOURGUIDESERVICE
getUserRewards ---> TOURGUIDESERVICE
getUserRewards ---> TOURGUIDESERVICE
getUserRewards ---> TOURGUIDESERVICE
getUserRewards ---> TOURGUIDESERVICE
getUserRewards ---> TOURGUIDESERVICE
getUserRewards ---> TOURGUIDESERVICE
getUserRewards ---> TOURGUIDESERVICE
getUserRewards ---> TOURGUIDESERVICE
getUserRewards ---> TOURGUIDESERVICE
getUserRewards ---> TOURGUIDESERVICE
getUserRewards ---> TOURGUIDESERVICE
getUserRewards ---> TOURGUIDESERVICE
getUserRewards ---> TOURGUIDESERVICE
getUserRewards ---> TOURGUIDESERVICE
getUserRewards ---> TOURGUIDESERVICE
getUserRewards ---> TOURGUIDESERVICE
getUserRewards ---> TOURGUIDESERVICE
getUserRewards ---> TOURGUIDESERVICE
getUserRewards ---> TOURGUIDESERVICE
getUserRewards ---> TOURGUIDESERVICE
getUserRewards ---> TOURGUIDESERVICE
getUserRewards ---> TOURGUIDESERVICE
getUserRewards ---> TOURGUIDESERVICE
getUserRewards ---> TOURGUIDESERVICE
getUserRewards ---> TOURGUIDESERVICE
getUserRewards ---> TOURGUIDESERVICE
getUserRewards ---> TOURGUIDESERVICE
getUserRewards ---> TOURGUIDESERVICE
getUserRewards ---> TOURGUIDESERVICE
getUserRewards ---> TOURGUIDESERVICE
getUserRewards ---> TOURGUIDESERVICE
getUserRewards ---> TOURGUIDESERVICE
getUserRewards ---> TOURGUIDESERVICE
getUserRewards ---> TOURGUIDESERVICE
getUserRewards ---> TOURGUIDESERVICE
getUserRewards ---> TOURGUIDESERVICE
getUserRewards ---> TOURGUIDESERVICE
getUserRewards ---> TOURGUIDESERVICE
getUserRewards ---> TOURGUIDESERVICE
getUserRewards ---> TOURGUIDESERVICE
getUserRewards ---> TOURGUIDESERVICE
getUserRewards ---> TOURGUIDESERVICE
getUserRewards ---> TOURGUIDESERVICE
getUserRewards ---> TOURGUIDESERVICE
getUserRewards ---> TOURGUIDESERVICE
getUserRewards ---> TOURGUIDESERVICE
getUserRewards ---> TOURGUIDESERVICE
getUserRewards ---> TOURGUIDESERVICE
getUserRewards ---> TOURGUIDESERVICE
getUserRewards ---> TOURGUIDESERVICE
getUserRewards ---> TOURGUIDESERVICE
getUserRewards ---> TOURGUIDESERVICE
getUserRewards ---> TOURGUIDESERVICE
getUserRewards ---> TOURGUIDESERVICE
getUserRewards ---> TOURGUIDESERVICE
getUserRewards ---> TOURGUIDESERVICE
getUserRewards ---> TOURGUIDESERVICE
getUserRewards ---> TOURGUIDESERVICE
getUserRewards ---> TOURGUIDESERVICE
getUserRewards ---> TOURGUIDESERVICE
getUserRewards ---> TOURGUIDESERVICE
getUserRewards ---> TOURGUIDESERVICE
getUserRewards ---> TOURGUIDESERVICE
getUserRewards ---> TOURGUIDESERVICE
getUserRewards ---> TOURGUIDESERVICE
getUserRewards ---> TOURGUIDESERVICE
getUserRewards ---> TOURGUIDESERVICE
getUserRewards ---> TOURGUIDESERVICE
getUserRewards ---> TOURGUIDESERVICE
getUserRewards ---> TOURGUIDESERVICE
getUserRewards ---> TOURGUIDESERVICE
getUserRewards ---> TOURGUIDESERVICE
getUserRewards ---> TOURGUIDESERVICE
getUserRewards ---> TOURGUIDESERVICE
getUserRewards ---> TOURGUIDESERVICE
getUserRewards ---> TOURGUIDESERVICE
getUserRewards ---> TOURGUIDESERVICE
getUserRewards ---> TOURGUIDESERVICE
getUserRewards ---> TOURGUIDESERVICE
getUserRewards ---> TOURGUIDESERVICE
getUserRewards ---> TOURGUIDESERVICE
getUserRewards ---> TOURGUIDESERVICE
getUserRewards ---> TOURGUIDESERVICE
getUserRewards ---> TOURGUIDESERVICE
getUserRewards ---> TOURGUIDESERVICE
getUserRewards ---> TOURGUIDESERVICE
getUserRewards ---> TOURGUIDESERVICE
getUserRewards ---> TOURGUIDESERVICE
getUserRewards ---> TOURGUIDESERVICE
getUserRewards ---> TOURGUIDESERVICE
getUserRewards ---> TOURGUIDESERVICE
getUserRewards ---> TOURGUIDESERVICE
getUserRewards ---> TOURGUIDESERVICE
getUserRewards ---> TOURGUIDESERVICE
getUserRewards ---> TOURGUIDESERVICE
getUserRewards ---> TOURGUIDESERVICE
getUserRewards ---> TOURGUIDESERVICE
getUserRewards ---> TOURGUIDESERVICE
getUserRewards ---> TOURGUIDESERVICE
getUserRewards ---> TOURGUIDESERVICE
getUserRewards ---> TOURGUIDESERVICE
getUserRewards ---> TOURGUIDESERVICE
getUserRewards ---> TOURGUIDESERVICE
getUserRewards ---> TOURGUIDESERVICE
getUserRewards ---> TOURGUIDESERVICE
getUserRewards ---> TOURGUIDESERVICE
getUserRewards ---> TOURGUIDESERVICE
getUserRewards ---> TOURGUIDESERVICE
getUserRewards ---> TOURGUIDESERVICE
getUserRewards ---> TOURGUIDESERVICE
getUserRewards ---> TOURGUIDESERVICE
getUserRewards ---> TOURGUIDESERVICE
getUserRewards ---> TOURGUIDESERVICE
getUserRewards ---> TOURGUIDESERVICE
getUserRewards ---> TOURGUIDESERVICE
getUserRewards ---> TOURGUIDESERVICE
getUserRewards ---> TOURGUIDESERVICE
getUserRewards ---> TOURGUIDESERVICE
getUserRewards ---> TOURGUIDESERVICE
getUserRewards ---> TOURGUIDESERVICE
getUserRewards ---> TOURGUIDESERVICE
getUserRewards ---> TOURGUIDESERVICE
getUserRewards ---> TOURGUIDESERVICE
getUserRewards ---> TOURGUIDESERVICE
getUserRewards ---> TOURGUIDESERVICE
getUserRewards ---> TOURGUIDESERVICE
getUserRewards ---> TOURGUIDESERVICE
getUserRewards ---> TOURGUIDESERVICE
getUserRewards ---> TOURGUIDESERVICE
getUserRewards ---> TOURGUIDESERVICE
getUserRewards ---> TOURGUIDESERVICE
getUserRewards ---> TOURGUIDESERVICE
getUserRewards ---> TOURGUIDESERVICE
getUserRewards ---> TOURGUIDESERVICE
getUserRewards ---> TOURGUIDESERVICE
getUserRewards ---> TOURGUIDESERVICE
getUserRewards ---> TOURGUIDESERVICE
getUserRewards ---> TOURGUIDESERVICE
getUserRewards ---> TOURGUIDESERVICE
getUserRewards ---> TOURGUIDESERVICE
getUserRewards ---> TOURGUIDESERVICE
getUserRewards ---> TOURGUIDESERVICE
getUserRewards ---> TOURGUIDESERVICE
getUserRewards ---> TOURGUIDESERVICE
getUserRewards ---> TOURGUIDESERVICE
getUserRewards ---> TOURGUIDESERVICE
getUserRewards ---> TOURGUIDESERVICE
getUserRewards ---> TOURGUIDESERVICE
getUserRewards ---> TOURGUIDESERVICE
getUserRewards ---> TOURGUIDESERVICE
getUserRewards ---> TOURGUIDESERVICE
getUserRewards ---> TOURGUIDESERVICE
getUserRewards ---> TOURGUIDESERVICE
getUserRewards ---> TOURGUIDESERVICE
getUserRewards ---> TOURGUIDESERVICE
getUserRewards ---> TOURGUIDESERVICE
getUserRewards ---> TOURGUIDESERVICE
getUserRewards ---> TOURGUIDESERVICE
getUserRewards ---> TOURGUIDESERVICE
getUserRewards ---> TOURGUIDESERVICE
getUserRewards ---> TOURGUIDESERVICE
getUserRewards ---> TOURGUIDESERVICE
getUserRewards ---> TOURGUIDESERVICE
getUserRewards ---> TOURGUIDESERVICE
getUserRewards ---> TOURGUIDESERVICE
getUserRewards ---> TOURGUIDESERVICE
getUserRewards ---> TOURGUIDESERVICE
getUserRewards ---> TOURGUIDESERVICE
getUserRewards ---> TOURGUIDESERVICE
getUserRewards ---> TOURGUIDESERVICE
getUserRewards ---> TOURGUIDESERVICE
getUserRewards ---> TOURGUIDESERVICE
getUserRewards ---> TOURGUIDESERVICE
getUserRewards ---> TOURGUIDESERVICE
getUserRewards ---> TOURGUIDESERVICE
getUserRewards ---> TOURGUIDESERVICE
getUserRewards ---> TOURGUIDESERVICE
getUserRewards ---> TOURGUIDESERVICE
getUserRewards ---> TOURGUIDESERVICE
getUserRewards ---> TOURGUIDESERVICE
getUserRewards ---> TOURGUIDESERVICE
getUserRewards ---> TOURGUIDESERVICE
getUserRewards ---> TOURGUIDESERVICE
getUserRewards ---> TOURGUIDESERVICE
getUserRewards ---> TOURGUIDESERVICE
getUserRewards ---> TOURGUIDESERVICE
getUserRewards ---> TOURGUIDESERVICE
getUserRewards ---> TOURGUIDESERVICE
getUserRewards ---> TOURGUIDESERVICE
getUserRewards ---> TOURGUIDESERVICE
getUserRewards ---> TOURGUIDESERVICE
getUserRewards ---> TOURGUIDESERVICE
getUserRewards ---> TOURGUIDESERVICE
getUserRewards ---> TOURGUIDESERVICE
getUserRewards ---> TOURGUIDESERVICE
getUserRewards ---> TOURGUIDESERVICE
getUserRewards ---> TOURGUIDESERVICE
getUserRewards ---> TOURGUIDESERVICE
getUserRewards ---> TOURGUIDESERVICE
getUserRewards ---> TOURGUIDESERVICE
getUserRewards ---> TOURGUIDESERVICE
getUserRewards ---> TOURGUIDESERVICE
getUserRewards ---> TOURGUIDESERVICE
getUserRewards ---> TOURGUIDESERVICE
getUserRewards ---> TOURGUIDESERVICE
getUserRewards ---> TOURGUIDESERVICE
getUserRewards ---> TOURGUIDESERVICE
getUserRewards ---> TOURGUIDESERVICE
getUserRewards ---> TOURGUIDESERVICE
getUserRewards ---> TOURGUIDESERVICE
getUserRewards ---> TOURGUIDESERVICE
getUserRewards ---> TOURGUIDESERVICE
getUserRewards ---> TOURGUIDESERVICE
getUserRewards ---> TOURGUIDESERVICE
getUserRewards ---> TOURGUIDESERVICE
getUserRewards ---> TOURGUIDESERVICE
getUserRewards ---> TOURGUIDESERVICE
getUserRewards ---> TOURGUIDESERVICE
getUserRewards ---> TOURGUIDESERVICE
getUserRewards ---> TOURGUIDESERVICE
getUserRewards ---> TOURGUIDESERVICE
getUserRewards ---> TOURGUIDESERVICE
getUserRewards ---> TOURGUIDESERVICE
getUserRewards ---> TOURGUIDESERVICE
getUserRewards ---> TOURGUIDESERVICE
getUserRewards ---> TOURGUIDESERVICE
getUserRewards ---> TOURGUIDESERVICE
getUserRewards ---> TOURGUIDESERVICE
getUserRewards ---> TOURGUIDESERVICE
getUserRewards ---> TOURGUIDESERVICE
getUserRewards ---> TOURGUIDESERVICE
getUserRewards ---> TOURGUIDESERVICE
getUserRewards ---> TOURGUIDESERVICE
getUserRewards ---> TOURGUIDESERVICE
getUserRewards ---> TOURGUIDESERVICE
getUserRewards ---> TOURGUIDESERVICE
getUserRewards ---> TOURGUIDESERVICE
getUserRewards ---> TOURGUIDESERVICE
getUserRewards ---> TOURGUIDESERVICE
getUserRewards ---> TOURGUIDESERVICE
getUserRewards ---> TOURGUIDESERVICE
getUserRewards ---> TOURGUIDESERVICE
getUserRewards ---> TOURGUIDESERVICE
getUserRewards ---> TOURGUIDESERVICE
getUserRewards ---> TOURGUIDESERVICE
getUserRewards ---> TOURGUIDESERVICE
getUserRewards ---> TOURGUIDESERVICE
getUserRewards ---> TOURGUIDESERVICE
getUserRewards ---> TOURGUIDESERVICE
getUserRewards ---> TOURGUIDESERVICE
getUserRewards ---> TOURGUIDESERVICE
getUserRewards ---> TOURGUIDESERVICE
getUserRewards ---> TOURGUIDESERVICE
getUserRewards ---> TOURGUIDESERVICE
getUserRewards ---> TOURGUIDESERVICE
getUserRewards ---> TOURGUIDESERVICE
getUserRewards ---> TOURGUIDESERVICE
getUserRewards ---> TOURGUIDESERVICE
getUserRewards ---> TOURGUIDESERVICE
getUserRewards ---> TOURGUIDESERVICE
getUserRewards ---> TOURGUIDESERVICE
getUserRewards ---> TOURGUIDESERVICE
getUserRewards ---> TOURGUIDESERVICE
getUserRewards ---> TOURGUIDESERVICE
getUserRewards ---> TOURGUIDESERVICE
getUserRewards ---> TOURGUIDESERVICE
getUserRewards ---> TOURGUIDESERVICE
getUserRewards ---> TOURGUIDESERVICE
getUserRewards ---> TOURGUIDESERVICE
getUserRewards ---> TOURGUIDESERVICE
getUserRewards ---> TOURGUIDESERVICE
getUserRewards ---> TOURGUIDESERVICE
getUserRewards ---> TOURGUIDESERVICE
getUserRewards ---> TOURGUIDESERVICE
getUserRewards ---> TOURGUIDESERVICE
getUserRewards ---> TOURGUIDESERVICE
getUserRewards ---> TOURGUIDESERVICE
getUserRewards ---> TOURGUIDESERVICE
getUserRewards ---> TOURGUIDESERVICE
getUserRewards ---> TOURGUIDESERVICE
getUserRewards ---> TOURGUIDESERVICE
getUserRewards ---> TOURGUIDESERVICE
getUserRewards ---> TOURGUIDESERVICE
getUserRewards ---> TOURGUIDESERVICE
getUserRewards ---> TOURGUIDESERVICE
getUserRewards ---> TOURGUIDESERVICE
getUserRewards ---> TOURGUIDESERVICE
getUserRewards ---> TOURGUIDESERVICE
getUserRewards ---> TOURGUIDESERVICE
getUserRewards ---> TOURGUIDESERVICE
getUserRewards ---> TOURGUIDESERVICE
getUserRewards ---> TOURGUIDESERVICE
getUserRewards ---> TOURGUIDESERVICE
getUserRewards ---> TOURGUIDESERVICE
getUserRewards ---> TOURGUIDESERVICE
getUserRewards ---> TOURGUIDESERVICE
getUserRewards ---> TOURGUIDESERVICE
getUserRewards ---> TOURGUIDESERVICE
getUserRewards ---> TOURGUIDESERVICE
getUserRewards ---> TOURGUIDESERVICE
getUserRewards ---> TOURGUIDESERVICE
getUserRewards ---> TOURGUIDESERVICE
getUserRewards ---> TOURGUIDESERVICE
getUserRewards ---> TOURGUIDESERVICE
getUserRewards ---> TOURGUIDESERVICE
getUserRewards ---> TOURGUIDESERVICE
getUserRewards ---> TOURGUIDESERVICE
getUserRewards ---> TOURGUIDESERVICE
getUserRewards ---> TOURGUIDESERVICE
getUserRewards ---> TOURGUIDESERVICE
getUserRewards ---> TOURGUIDESERVICE
getUserRewards ---> TOURGUIDESERVICE
getUserRewards ---> TOURGUIDESERVICE
getUserRewards ---> TOURGUIDESERVICE
getUserRewards ---> TOURGUIDESERVICE
getUserRewards ---> TOURGUIDESERVICE
getUserRewards ---> TOURGUIDESERVICE
getUserRewards ---> TOURGUIDESERVICE
getUserRewards ---> TOURGUIDESERVICE
getUserRewards ---> TOURGUIDESERVICE
getUserRewards ---> TOURGUIDESERVICE
getUserRewards ---> TOURGUIDESERVICE
getUserRewards ---> TOURGUIDESERVICE
getUserRewards ---> TOURGUIDESERVICE
getUserRewards ---> TOURGUIDESERVICE
getUserRewards ---> TOURGUIDESERVICE
getUserRewards ---> TOURGUIDESERVICE
getUserRewards ---> TOURGUIDESERVICE
getUserRewards ---> TOURGUIDESERVICE
getUserRewards ---> TOURGUIDESERVICE
getUserRewards ---> TOURGUIDESERVICE
getUserRewards ---> TOURGUIDESERVICE
getUserRewards ---> TOURGUIDESERVICE
getUserRewards ---> TOURGUIDESERVICE
getUserRewards ---> TOURGUIDESERVICE
getUserRewards ---> TOURGUIDESERVICE
getUserRewards ---> TOURGUIDESERVICE
getUserRewards ---> TOURGUIDESERVICE
getUserRewards ---> TOURGUIDESERVICE
getUserRewards ---> TOURGUIDESERVICE
getUserRewards ---> TOURGUIDESERVICE
getUserRewards ---> TOURGUIDESERVICE
getUserRewards ---> TOURGUIDESERVICE
getUserRewards ---> TOURGUIDESERVICE
getUserRewards ---> TOURGUIDESERVICE
getUserRewards ---> TOURGUIDESERVICE
getUserRewards ---> TOURGUIDESERVICE
getUserRewards ---> TOURGUIDESERVICE
getUserRewards ---> TOURGUIDESERVICE
getUserRewards ---> TOURGUIDESERVICE
getUserRewards ---> TOURGUIDESERVICE
getUserRewards ---> TOURGUIDESERVICE
getUserRewards ---> TOURGUIDESERVICE
getUserRewards ---> TOURGUIDESERVICE
getUserRewards ---> TOURGUIDESERVICE
getUserRewards ---> TOURGUIDESERVICE
getUserRewards ---> TOURGUIDESERVICE
getUserRewards ---> TOURGUIDESERVICE
getUserRewards ---> TOURGUIDESERVICE
getUserRewards ---> TOURGUIDESERVICE
getUserRewards ---> TOURGUIDESERVICE
getUserRewards ---> TOURGUIDESERVICE
getUserRewards ---> TOURGUIDESERVICE
getUserRewards ---> TOURGUIDESERVICE
getUserRewards ---> TOURGUIDESERVICE
getUserRewards ---> TOURGUIDESERVICE
getUserRewards ---> TOURGUIDESERVICE
getUserRewards ---> TOURGUIDESERVICE
getUserRewards ---> TOURGUIDESERVICE
getUserRewards ---> TOURGUIDESERVICE
getUserRewards ---> TOURGUIDESERVICE
getUserRewards ---> TOURGUIDESERVICE
getUserRewards ---> TOURGUIDESERVICE
getUserRewards ---> TOURGUIDESERVICE
getUserRewards ---> TOURGUIDESERVICE
getUserRewards ---> TOURGUIDESERVICE
getUserRewards ---> TOURGUIDESERVICE
getUserRewards ---> TOURGUIDESERVICE
getUserRewards ---> TOURGUIDESERVICE
getUserRewards ---> TOURGUIDESERVICE
getUserRewards ---> TOURGUIDESERVICE
getUserRewards ---> TOURGUIDESERVICE
getUserRewards ---> TOURGUIDESERVICE
getUserRewards ---> TOURGUIDESERVICE
getUserRewards ---> TOURGUIDESERVICE
getUserRewards ---> TOURGUIDESERVICE
getUserRewards ---> TOURGUIDESERVICE
getUserRewards ---> TOURGUIDESERVICE
getUserRewards ---> TOURGUIDESERVICE
getUserRewards ---> TOURGUIDESERVICE
getUserRewards ---> TOURGUIDESERVICE
getUserRewards ---> TOURGUIDESERVICE
getUserRewards ---> TOURGUIDESERVICE
getUserRewards ---> TOURGUIDESERVICE
getUserRewards ---> TOURGUIDESERVICE
getUserRewards ---> TOURGUIDESERVICE
getUserRewards ---> TOURGUIDESERVICE
getUserRewards ---> TOURGUIDESERVICE
getUserRewards ---> TOURGUIDESERVICE
getUserRewards ---> TOURGUIDESERVICE
getUserRewards ---> TOURGUIDESERVICE
getUserRewards ---> TOURGUIDESERVICE
getUserRewards ---> TOURGUIDESERVICE
getUserRewards ---> TOURGUIDESERVICE
getUserRewards ---> TOURGUIDESERVICE
getUserRewards ---> TOURGUIDESERVICE
getUserRewards ---> TOURGUIDESERVICE
getUserRewards ---> TOURGUIDESERVICE
getUserRewards ---> TOURGUIDESERVICE
getUserRewards ---> TOURGUIDESERVICE
getUserRewards ---> TOURGUIDESERVICE
getUserRewards ---> TOURGUIDESERVICE
getUserRewards ---> TOURGUIDESERVICE
getUserRewards ---> TOURGUIDESERVICE
getUserRewards ---> TOURGUIDESERVICE
getUserRewards ---> TOURGUIDESERVICE
getUserRewards ---> TOURGUIDESERVICE
getUserRewards ---> TOURGUIDESERVICE
getUserRewards ---> TOURGUIDESERVICE
getUserRewards ---> TOURGUIDESERVICE
getUserRewards ---> TOURGUIDESERVICE
getUserRewards ---> TOURGUIDESERVICE
getUserRewards ---> TOURGUIDESERVICE
getUserRewards ---> TOURGUIDESERVICE
getUserRewards ---> TOURGUIDESERVICE
getUserRewards ---> TOURGUIDESERVICE
getUserRewards ---> TOURGUIDESERVICE
getUserRewards ---> TOURGUIDESERVICE
getUserRewards ---> TOURGUIDESERVICE
getUserRewards ---> TOURGUIDESERVICE
getUserRewards ---> TOURGUIDESERVICE
getUserRewards ---> TOURGUIDESERVICE
getUserRewards ---> TOURGUIDESERVICE
getUserRewards ---> TOURGUIDESERVICE
getUserRewards ---> TOURGUIDESERVICE
getUserRewards ---> TOURGUIDESERVICE
getUserRewards ---> TOURGUIDESERVICE
getUserRewards ---> TOURGUIDESERVICE
getUserRewards ---> TOURGUIDESERVICE
getUserRewards ---> TOURGUIDESERVICE
getUserRewards ---> TOURGUIDESERVICE
getUserRewards ---> TOURGUIDESERVICE
getUserRewards ---> TOURGUIDESERVICE
getUserRewards ---> TOURGUIDESERVICE
getUserRewards ---> TOURGUIDESERVICE
getUserRewards ---> TOURGUIDESERVICE
getUserRewards ---> TOURGUIDESERVICE
getUserRewards ---> TOURGUIDESERVICE
getUserRewards ---> TOURGUIDESERVICE
getUserRewards ---> TOURGUIDESERVICE
getUserRewards ---> TOURGUIDESERVICE
getUserRewards ---> TOURGUIDESERVICE
getUserRewards ---> TOURGUIDESERVICE
getUserRewards ---> TOURGUIDESERVICE
getUserRewards ---> TOURGUIDESERVICE
getUserRewards ---> TOURGUIDESERVICE
getUserRewards ---> TOURGUIDESERVICE
getUserRewards ---> TOURGUIDESERVICE
getUserRewards ---> TOURGUIDESERVICE
getUserRewards ---> TOURGUIDESERVICE
getUserRewards ---> TOURGUIDESERVICE
getUserRewards ---> TOURGUIDESERVICE
getUserRewards ---> TOURGUIDESERVICE
getUserRewards ---> TOURGUIDESERVICE
getUserRewards ---> TOURGUIDESERVICE
getUserRewards ---> TOURGUIDESERVICE
getUserRewards ---> TOURGUIDESERVICE
getUserRewards ---> TOURGUIDESERVICE
getUserRewards ---> TOURGUIDESERVICE
getUserRewards ---> TOURGUIDESERVICE
getUserRewards ---> TOURGUIDESERVICE
getUserRewards ---> TOURGUIDESERVICE
getUserRewards ---> TOURGUIDESERVICE
getUserRewards ---> TOURGUIDESERVICE
getUserRewards ---> TOURGUIDESERVICE
getUserRewards ---> TOURGUIDESERVICE
getUserRewards ---> TOURGUIDESERVICE
getUserRewards ---> TOURGUIDESERVICE
getUserRewards ---> TOURGUIDESERVICE
getUserRewards ---> TOURGUIDESERVICE
getUserRewards ---> TOURGUIDESERVICE
getUserRewards ---> TOURGUIDESERVICE
getUserRewards ---> TOURGUIDESERVICE
getUserRewards ---> TOURGUIDESERVICE
getUserRewards ---> TOURGUIDESERVICE
getUserRewards ---> TOURGUIDESERVICE
getUserRewards ---> TOURGUIDESERVICE
getUserRewards ---> TOURGUIDESERVICE
getUserRewards ---> TOURGUIDESERVICE
getUserRewards ---> TOURGUIDESERVICE
getUserRewards ---> TOURGUIDESERVICE
getUserRewards ---> TOURGUIDESERVICE
getUserRewards ---> TOURGUIDESERVICE
getUserRewards ---> TOURGUIDESERVICE
getUserRewards ---> TOURGUIDESERVICE
getUserRewards ---> TOURGUIDESERVICE
getUserRewards ---> TOURGUIDESERVICE
getUserRewards ---> TOURGUIDESERVICE
getUserRewards ---> TOURGUIDESERVICE
getUserRewards ---> TOURGUIDESERVICE
getUserRewards ---> TOURGUIDESERVICE
getUserRewards ---> TOURGUIDESERVICE
getUserRewards ---> TOURGUIDESERVICE
getUserRewards ---> TOURGUIDESERVICE
getUserRewards ---> TOURGUIDESERVICE
getUserRewards ---> TOURGUIDESERVICE
getUserRewards ---> TOURGUIDESERVICE
getUserRewards ---> TOURGUIDESERVICE
getUserRewards ---> TOURGUIDESERVICE
getUserRewards ---> TOURGUIDESERVICE
getUserRewards ---> TOURGUIDESERVICE
getUserRewards ---> TOURGUIDESERVICE
getUserRewards ---> TOURGUIDESERVICE
getUserRewards ---> TOURGUIDESERVICE
getUserRewards ---> TOURGUIDESERVICE
getUserRewards ---> TOURGUIDESERVICE
getUserRewards ---> TOURGUIDESERVICE
getUserRewards ---> TOURGUIDESERVICE
getUserRewards ---> TOURGUIDESERVICE
getUserRewards ---> TOURGUIDESERVICE
getUserRewards ---> TOURGUIDESERVICE
getUserRewards ---> TOURGUIDESERVICE
getUserRewards ---> TOURGUIDESERVICE
getUserRewards ---> TOURGUIDESERVICE
getUserRewards ---> TOURGUIDESERVICE
getUserRewards ---> TOURGUIDESERVICE
getUserRewards ---> TOURGUIDESERVICE
getUserRewards ---> TOURGUIDESERVICE
getUserRewards ---> TOURGUIDESERVICE
getUserRewards ---> TOURGUIDESERVICE
getUserRewards ---> TOURGUIDESERVICE
getUserRewards ---> TOURGUIDESERVICE
getUserRewards ---> TOURGUIDESERVICE
getUserRewards ---> TOURGUIDESERVICE
getUserRewards ---> TOURGUIDESERVICE
getUserRewards ---> TOURGUIDESERVICE
getUserRewards ---> TOURGUIDESERVICE
getUserRewards ---> TOURGUIDESERVICE
getUserRewards ---> TOURGUIDESERVICE
getUserRewards ---> TOURGUIDESERVICE
getUserRewards ---> TOURGUIDESERVICE
getUserRewards ---> TOURGUIDESERVICE
getUserRewards ---> TOURGUIDESERVICE
getUserRewards ---> TOURGUIDESERVICE
getUserRewards ---> TOURGUIDESERVICE
getUserRewards ---> TOURGUIDESERVICE
getUserRewards ---> TOURGUIDESERVICE
getUserRewards ---> TOURGUIDESERVICE
getUserRewards ---> TOURGUIDESERVICE
getUserRewards ---> TOURGUIDESERVICE
getUserRewards ---> TOURGUIDESERVICE
getUserRewards ---> TOURGUIDESERVICE
getUserRewards ---> TOURGUIDESERVICE
getUserRewards ---> TOURGUIDESERVICE
getUserRewards ---> TOURGUIDESERVICE
getUserRewards ---> TOURGUIDESERVICE
getUserRewards ---> TOURGUIDESERVICE
getUserRewards ---> TOURGUIDESERVICE
getUserRewards ---> TOURGUIDESERVICE
getUserRewards ---> TOURGUIDESERVICE
getUserRewards ---> TOURGUIDESERVICE
getUserRewards ---> TOURGUIDESERVICE
getUserRewards ---> TOURGUIDESERVICE
getUserRewards ---> TOURGUIDESERVICE
getUserRewards ---> TOURGUIDESERVICE
getUserRewards ---> TOURGUIDESERVICE
getUserRewards ---> TOURGUIDESERVICE
getUserRewards ---> TOURGUIDESERVICE
getUserRewards ---> TOURGUIDESERVICE
getUserRewards ---> TOURGUIDESERVICE
getUserRewards ---> TOURGUIDESERVICE
getUserRewards ---> TOURGUIDESERVICE
getUserRewards ---> TOURGUIDESERVICE
getUserRewards ---> TOURGUIDESERVICE
getUserRewards ---> TOURGUIDESERVICE
getUserRewards ---> TOURGUIDESERVICE
getUserRewards ---> TOURGUIDESERVICE
getUserRewards ---> TOURGUIDESERVICE
getUserRewards ---> TOURGUIDESERVICE
getUserRewards ---> TOURGUIDESERVICE
getUserRewards ---> TOURGUIDESERVICE
getUserRewards ---> TOURGUIDESERVICE
getUserRewards ---> TOURGUIDESERVICE
getUserRewards ---> TOURGUIDESERVICE
getUserRewards ---> TOURGUIDESERVICE
getUserRewards ---> TOURGUIDESERVICE
getUserRewards ---> TOURGUIDESERVICE
getUserRewards ---> TOURGUIDESERVICE
getUserRewards ---> TOURGUIDESERVICE
getUserRewards ---> TOURGUIDESERVICE
getUserRewards ---> TOURGUIDESERVICE
getUserRewards ---> TOURGUIDESERVICE
getUserRewards ---> TOURGUIDESERVICE
getUserRewards ---> TOURGUIDESERVICE
getUserRewards ---> TOURGUIDESERVICE
getUserRewards ---> TOURGUIDESERVICE
getUserRewards ---> TOURGUIDESERVICE
getUserRewards ---> TOURGUIDESERVICE
getUserRewards ---> TOURGUIDESERVICE
getUserRewards ---> TOURGUIDESERVICE
getUserRewards ---> TOURGUIDESERVICE
getUserRewards ---> TOURGUIDESERVICE
getUserRewards ---> TOURGUIDESERVICE
getUserRewards ---> TOURGUIDESERVICE
getUserRewards ---> TOURGUIDESERVICE
getUserRewards ---> TOURGUIDESERVICE
getUserRewards ---> TOURGUIDESERVICE
getUserRewards ---> TOURGUIDESERVICE
getUserRewards ---> TOURGUIDESERVICE
getUserRewards ---> TOURGUIDESERVICE
getUserRewards ---> TOURGUIDESERVICE
getUserRewards ---> TOURGUIDESERVICE
getUserRewards ---> TOURGUIDESERVICE
getUserRewards ---> TOURGUIDESERVICE
getUserRewards ---> TOURGUIDESERVICE
getUserRewards ---> TOURGUIDESERVICE
getUserRewards ---> TOURGUIDESERVICE
getUserRewards ---> TOURGUIDESERVICE
getUserRewards ---> TOURGUIDESERVICE
getUserRewards ---> TOURGUIDESERVICE
getUserRewards ---> TOURGUIDESERVICE
getUserRewards ---> TOURGUIDESERVICE
getUserRewards ---> TOURGUIDESERVICE
getUserRewards ---> TOURGUIDESERVICE
getUserRewards ---> TOURGUIDESERVICE
getUserRewards ---> TOURGUIDESERVICE
getUserRewards ---> TOURGUIDESERVICE
getUserRewards ---> TOURGUIDESERVICE
getUserRewards ---> TOURGUIDESERVICE
getUserRewards ---> TOURGUIDESERVICE
getUserRewards ---> TOURGUIDESERVICE
getUserRewards ---> TOURGUIDESERVICE
getUserRewards ---> TOURGUIDESERVICE
getUserRewards ---> TOURGUIDESERVICE
getUserRewards ---> TOURGUIDESERVICE
getUserRewards ---> TOURGUIDESERVICE
getUserRewards ---> TOURGUIDESERVICE
getUserRewards ---> TOURGUIDESERVICE
getUserRewards ---> TOURGUIDESERVICE
getUserRewards ---> TOURGUIDESERVICE
getUserRewards ---> TOURGUIDESERVICE
getUserRewards ---> TOURGUIDESERVICE
getUserRewards ---> TOURGUIDESERVICE
getUserRewards ---> TOURGUIDESERVICE
getUserRewards ---> TOURGUIDESERVICE
getUserRewards ---> TOURGUIDESERVICE
getUserRewards ---> TOURGUIDESERVICE
getUserRewards ---> TOURGUIDESERVICE
getUserRewards ---> TOURGUIDESERVICE
getUserRewards ---> TOURGUIDESERVICE
getUserRewards ---> TOURGUIDESERVICE
getUserRewards ---> TOURGUIDESERVICE
getUserRewards ---> TOURGUIDESERVICE
getUserRewards ---> TOURGUIDESERVICE
getUserRewards ---> TOURGUIDESERVICE
getUserRewards ---> TOURGUIDESERVICE
getUserRewards ---> TOURGUIDESERVICE
getUserRewards ---> TOURGUIDESERVICE
getUserRewards ---> TOURGUIDESERVICE
getUserRewards ---> TOURGUIDESERVICE
getUserRewards ---> TOURGUIDESERVICE
getUserRewards ---> TOURGUIDESERVICE
getUserRewards ---> TOURGUIDESERVICE
getUserRewards ---> TOURGUIDESERVICE
getUserRewards ---> TOURGUIDESERVICE
getUserRewards ---> TOURGUIDESERVICE
getUserRewards ---> TOURGUIDESERVICE
getUserRewards ---> TOURGUIDESERVICE
getUserRewards ---> TOURGUIDESERVICE
getUserRewards ---> TOURGUIDESERVICE
getUserRewards ---> TOURGUIDESERVICE
getUserRewards ---> TOURGUIDESERVICE
getUserRewards ---> TOURGUIDESERVICE
getUserRewards ---> TOURGUIDESERVICE
getUserRewards ---> TOURGUIDESERVICE
getUserRewards ---> TOURGUIDESERVICE
getUserRewards ---> TOURGUIDESERVICE
getUserRewards ---> TOURGUIDESERVICE
getUserRewards ---> TOURGUIDESERVICE
getUserRewards ---> TOURGUIDESERVICE
getUserRewards ---> TOURGUIDESERVICE
getUserRewards ---> TOURGUIDESERVICE
getUserRewards ---> TOURGUIDESERVICE
getUserRewards ---> TOURGUIDESERVICE
getUserRewards ---> TOURGUIDESERVICE
getUserRewards ---> TOURGUIDESERVICE
getUserRewards ---> TOURGUIDESERVICE
getUserRewards ---> TOURGUIDESERVICE
getUserRewards ---> TOURGUIDESERVICE
getUserRewards ---> TOURGUIDESERVICE
getUserRewards ---> TOURGUIDESERVICE
getUserRewards ---> TOURGUIDESERVICE
getUserRewards ---> TOURGUIDESERVICE
getUserRewards ---> TOURGUIDESERVICE
getUserRewards ---> TOURGUIDESERVICE
getUserRewards ---> TOURGUIDESERVICE
getUserRewards ---> TOURGUIDESERVICE
getUserRewards ---> TOURGUIDESERVICE
getUserRewards ---> TOURGUIDESERVICE
getUserRewards ---> TOURGUIDESERVICE
getUserRewards ---> TOURGUIDESERVICE
getUserRewards ---> TOURGUIDESERVICE
getUserRewards ---> TOURGUIDESERVICE
getUserRewards ---> TOURGUIDESERVICE
getUserRewards ---> TOURGUIDESERVICE
getUserRewards ---> TOURGUIDESERVICE
getUserRewards ---> TOURGUIDESERVICE
getUserRewards ---> TOURGUIDESERVICE
getUserRewards ---> TOURGUIDESERVICE
getUserRewards ---> TOURGUIDESERVICE
getUserRewards ---> TOURGUIDESERVICE
getUserRewards ---> TOURGUIDESERVICE
getUserRewards ---> TOURGUIDESERVICE
getUserRewards ---> TOURGUIDESERVICE
getUserRewards ---> TOURGUIDESERVICE
getUserRewards ---> TOURGUIDESERVICE
getUserRewards ---> TOURGUIDESERVICE
getUserRewards ---> TOURGUIDESERVICE
getUserRewards ---> TOURGUIDESERVICE
getUserRewards ---> TOURGUIDESERVICE
getUserRewards ---> TOURGUIDESERVICE
getUserRewards ---> TOURGUIDESERVICE
getUserRewards ---> TOURGUIDESERVICE
getUserRewards ---> TOURGUIDESERVICE
getUserRewards ---> TOURGUIDESERVICE
getUserRewards ---> TOURGUIDESERVICE
getUserRewards ---> TOURGUIDESERVICE
getUserRewards ---> TOURGUIDESERVICE
getUserRewards ---> TOURGUIDESERVICE
getUserRewards ---> TOURGUIDESERVICE
getUserRewards ---> TOURGUIDESERVICE
getUserRewards ---> TOURGUIDESERVICE
getUserRewards ---> TOURGUIDESERVICE
getUserRewards ---> TOURGUIDESERVICE
getUserRewards ---> TOURGUIDESERVICE
getUserRewards ---> TOURGUIDESERVICE
getUserRewards ---> TOURGUIDESERVICE
getUserRewards ---> TOURGUIDESERVICE
getUserRewards ---> TOURGUIDESERVICE
getUserRewards ---> TOURGUIDESERVICE
getUserRewards ---> TOURGUIDESERVICE
getUserRewards ---> TOURGUIDESERVICE
getUserRewards ---> TOURGUIDESERVICE
getUserRewards ---> TOURGUIDESERVICE
getUserRewards ---> TOURGUIDESERVICE
getUserRewards ---> TOURGUIDESERVICE
getUserRewards ---> TOURGUIDESERVICE
getUserRewards ---> TOURGUIDESERVICE
getUserRewards ---> TOURGUIDESERVICE
getUserRewards ---> TOURGUIDESERVICE
getUserRewards ---> TOURGUIDESERVICE
getUserRewards ---> TOURGUIDESERVICE
getUserRewards ---> TOURGUIDESERVICE
getUserRewards ---> TOURGUIDESERVICE
getUserRewards ---> TOURGUIDESERVICE
getUserRewards ---> TOURGUIDESERVICE
getUserRewards ---> TOURGUIDESERVICE
getUserRewards ---> TOURGUIDESERVICE
getUserRewards ---> TOURGUIDESERVICE
getUserRewards ---> TOURGUIDESERVICE
getUserRewards ---> TOURGUIDESERVICE
getUserRewards ---> TOURGUIDESERVICE
getUserRewards ---> TOURGUIDESERVICE
getUserRewards ---> TOURGUIDESERVICE
getUserRewards ---> TOURGUIDESERVICE
getUserRewards ---> TOURGUIDESERVICE
getUserRewards ---> TOURGUIDESERVICE
getUserRewards ---> TOURGUIDESERVICE
getUserRewards ---> TOURGUIDESERVICE
getUserRewards ---> TOURGUIDESERVICE
getUserRewards ---> TOURGUIDESERVICE
getUserRewards ---> TOURGUIDESERVICE
getUserRewards ---> TOURGUIDESERVICE
getUserRewards ---> TOURGUIDESERVICE
getUserRewards ---> TOURGUIDESERVICE
getUserRewards ---> TOURGUIDESERVICE
getUserRewards ---> TOURGUIDESERVICE
getUserRewards ---> TOURGUIDESERVICE
getUserRewards ---> TOURGUIDESERVICE
getUserRewards ---> TOURGUIDESERVICE
getUserRewards ---> TOURGUIDESERVICE
getUserRewards ---> TOURGUIDESERVICE
getUserRewards ---> TOURGUIDESERVICE
getUserRewards ---> TOURGUIDESERVICE
getUserRewards ---> TOURGUIDESERVICE
getUserRewards ---> TOURGUIDESERVICE
getUserRewards ---> TOURGUIDESERVICE
getUserRewards ---> TOURGUIDESERVICE
getUserRewards ---> TOURGUIDESERVICE
getUserRewards ---> TOURGUIDESERVICE
getUserRewards ---> TOURGUIDESERVICE
getUserRewards ---> TOURGUIDESERVICE
getUserRewards ---> TOURGUIDESERVICE
getUserRewards ---> TOURGUIDESERVICE
getUserRewards ---> TOURGUIDESERVICE
getUserRewards ---> TOURGUIDESERVICE
getUserRewards ---> TOURGUIDESERVICE
getUserRewards ---> TOURGUIDESERVICE
getUserRewards ---> TOURGUIDESERVICE
getUserRewards ---> TOURGUIDESERVICE
getUserRewards ---> TOURGUIDESERVICE
getUserRewards ---> TOURGUIDESERVICE
getUserRewards ---> TOURGUIDESERVICE
getUserRewards ---> TOURGUIDESERVICE
getUserRewards ---> TOURGUIDESERVICE
getUserRewards ---> TOURGUIDESERVICE
getUserRewards ---> TOURGUIDESERVICE
getUserRewards ---> TOURGUIDESERVICE
getUserRewards ---> TOURGUIDESERVICE
getUserRewards ---> TOURGUIDESERVICE
getUserRewards ---> TOURGUIDESERVICE
getUserRewards ---> TOURGUIDESERVICE
getUserRewards ---> TOURGUIDESERVICE
getUserRewards ---> TOURGUIDESERVICE
getUserRewards ---> TOURGUIDESERVICE
getUserRewards ---> TOURGUIDESERVICE
getUserRewards ---> TOURGUIDESERVICE
getUserRewards ---> TOURGUIDESERVICE
getUserRewards ---> TOURGUIDESERVICE
getUserRewards ---> TOURGUIDESERVICE
getUserRewards ---> TOURGUIDESERVICE
getUserRewards ---> TOURGUIDESERVICE
getUserRewards ---> TOURGUIDESERVICE
getUserRewards ---> TOURGUIDESERVICE
getUserRewards ---> TOURGUIDESERVICE
getUserRewards ---> TOURGUIDESERVICE
getUserRewards ---> TOURGUIDESERVICE
getUserRewards ---> TOURGUIDESERVICE
getUserRewards ---> TOURGUIDESERVICE
getUserRewards ---> TOURGUIDESERVICE
getUserRewards ---> TOURGUIDESERVICE
getUserRewards ---> TOURGUIDESERVICE
getUserRewards ---> TOURGUIDESERVICE
getUserRewards ---> TOURGUIDESERVICE
getUserRewards ---> TOURGUIDESERVICE
getUserRewards ---> TOURGUIDESERVICE
getUserRewards ---> TOURGUIDESERVICE
getUserRewards ---> TOURGUIDESERVICE
getUserRewards ---> TOURGUIDESERVICE
getUserRewards ---> TOURGUIDESERVICE
getUserRewards ---> TOURGUIDESERVICE
getUserRewards ---> TOURGUIDESERVICE
getUserRewards ---> TOURGUIDESERVICE
getUserRewards ---> TOURGUIDESERVICE
getUserRewards ---> TOURGUIDESERVICE
getUserRewards ---> TOURGUIDESERVICE
getUserRewards ---> TOURGUIDESERVICE
getUserRewards ---> TOURGUIDESERVICE
getUserRewards ---> TOURGUIDESERVICE
getUserRewards ---> TOURGUIDESERVICE
getUserRewards ---> TOURGUIDESERVICE
getUserRewards ---> TOURGUIDESERVICE
getUserRewards ---> TOURGUIDESERVICE
getUserRewards ---> TOURGUIDESERVICE
getUserRewards ---> TOURGUIDESERVICE
getUserRewards ---> TOURGUIDESERVICE
getUserRewards ---> TOURGUIDESERVICE
getUserRewards ---> TOURGUIDESERVICE
getUserRewards ---> TOURGUIDESERVICE
getUserRewards ---> TOURGUIDESERVICE
getUserRewards ---> TOURGUIDESERVICE
getUserRewards ---> TOURGUIDESERVICE
getUserRewards ---> TOURGUIDESERVICE
getUserRewards ---> TOURGUIDESERVICE
getUserRewards ---> TOURGUIDESERVICE
getUserRewards ---> TOURGUIDESERVICE
getUserRewards ---> TOURGUIDESERVICE
getUserRewards ---> TOURGUIDESERVICE
getUserRewards ---> TOURGUIDESERVICE
getUserRewards ---> TOURGUIDESERVICE
getUserRewards ---> TOURGUIDESERVICE
getUserRewards ---> TOURGUIDESERVICE
getUserRewards ---> TOURGUIDESERVICE
getUserRewards ---> TOURGUIDESERVICE
getUserRewards ---> TOURGUIDESERVICE
getUserRewards ---> TOURGUIDESERVICE
getUserRewards ---> TOURGUIDESERVICE
getUserRewards ---> TOURGUIDESERVICE
getUserRewards ---> TOURGUIDESERVICE
getUserRewards ---> TOURGUIDESERVICE
getUserRewards ---> TOURGUIDESERVICE
getUserRewards ---> TOURGUIDESERVICE
getUserRewards ---> TOURGUIDESERVICE
getUserRewards ---> TOURGUIDESERVICE
getUserRewards ---> TOURGUIDESERVICE
getUserRewards ---> TOURGUIDESERVICE
getUserRewards ---> TOURGUIDESERVICE
getUserRewards ---> TOURGUIDESERVICE
getUserRewards ---> TOURGUIDESERVICE
getUserRewards ---> TOURGUIDESERVICE
getUserRewards ---> TOURGUIDESERVICE
getUserRewards ---> TOURGUIDESERVICE
getUserRewards ---> TOURGUIDESERVICE
getUserRewards ---> TOURGUIDESERVICE
getUserRewards ---> TOURGUIDESERVICE
getUserRewards ---> TOURGUIDESERVICE
getUserRewards ---> TOURGUIDESERVICE
getUserRewards ---> TOURGUIDESERVICE
getUserRewards ---> TOURGUIDESERVICE
getUserRewards ---> TOURGUIDESERVICE
getUserRewards ---> TOURGUIDESERVICE
getUserRewards ---> TOURGUIDESERVICE
getUserRewards ---> TOURGUIDESERVICE
getUserRewards ---> TOURGUIDESERVICE
getUserRewards ---> TOURGUIDESERVICE
getUserRewards ---> TOURGUIDESERVICE
getUserRewards ---> TOURGUIDESERVICE
getUserRewards ---> TOURGUIDESERVICE
getUserRewards ---> TOURGUIDESERVICE
getUserRewards ---> TOURGUIDESERVICE
getUserRewards ---> TOURGUIDESERVICE
getUserRewards ---> TOURGUIDESERVICE
getUserRewards ---> TOURGUIDESERVICE
getUserRewards ---> TOURGUIDESERVICE
getUserRewards ---> TOURGUIDESERVICE
getUserRewards ---> TOURGUIDESERVICE
getUserRewards ---> TOURGUIDESERVICE
getUserRewards ---> TOURGUIDESERVICE
getUserRewards ---> TOURGUIDESERVICE
getUserRewards ---> TOURGUIDESERVICE
getUserRewards ---> TOURGUIDESERVICE
getUserRewards ---> TOURGUIDESERVICE
getUserRewards ---> TOURGUIDESERVICE
getUserRewards ---> TOURGUIDESERVICE
getUserRewards ---> TOURGUIDESERVICE
getUserRewards ---> TOURGUIDESERVICE
getUserRewards ---> TOURGUIDESERVICE
getUserRewards ---> TOURGUIDESERVICE
getUserRewards ---> TOURGUIDESERVICE
getUserRewards ---> TOURGUIDESERVICE
getUserRewards ---> TOURGUIDESERVICE
getUserRewards ---> TOURGUIDESERVICE
getUserRewards ---> TOURGUIDESERVICE
getUserRewards ---> TOURGUIDESERVICE
getUserRewards ---> TOURGUIDESERVICE
getUserRewards ---> TOURGUIDESERVICE
getUserRewards ---> TOURGUIDESERVICE
getUserRewards ---> TOURGUIDESERVICE
getUserRewards ---> TOURGUIDESERVICE
getUserRewards ---> TOURGUIDESERVICE
getUserRewards ---> TOURGUIDESERVICE
getUserRewards ---> TOURGUIDESERVICE
getUserRewards ---> TOURGUIDESERVICE
getUserRewards ---> TOURGUIDESERVICE
getUserRewards ---> TOURGUIDESERVICE
getUserRewards ---> TOURGUIDESERVICE
getUserRewards ---> TOURGUIDESERVICE
getUserRewards ---> TOURGUIDESERVICE
getUserRewards ---> TOURGUIDESERVICE
getUserRewards ---> TOURGUIDESERVICE
getUserRewards ---> TOURGUIDESERVICE
getUserRewards ---> TOURGUIDESERVICE
getUserRewards ---> TOURGUIDESERVICE
getUserRewards ---> TOURGUIDESERVICE
getUserRewards ---> TOURGUIDESERVICE
getUserRewards ---> TOURGUIDESERVICE
getUserRewards ---> TOURGUIDESERVICE
getUserRewards ---> TOURGUIDESERVICE
getUserRewards ---> TOURGUIDESERVICE
getUserRewards ---> TOURGUIDESERVICE
getUserRewards ---> TOURGUIDESERVICE
getUserRewards ---> TOURGUIDESERVICE
getUserRewards ---> TOURGUIDESERVICE
getUserRewards ---> TOURGUIDESERVICE
getUserRewards ---> TOURGUIDESERVICE
getUserRewards ---> TOURGUIDESERVICE
getUserRewards ---> TOURGUIDESERVICE
getUserRewards ---> TOURGUIDESERVICE
getUserRewards ---> TOURGUIDESERVICE
getUserRewards ---> TOURGUIDESERVICE
getUserRewards ---> TOURGUIDESERVICE
getUserRewards ---> TOURGUIDESERVICE
getUserRewards ---> TOURGUIDESERVICE
getUserRewards ---> TOURGUIDESERVICE
getUserRewards ---> TOURGUIDESERVICE
getUserRewards ---> TOURGUIDESERVICE
getUserRewards ---> TOURGUIDESERVICE
getUserRewards ---> TOURGUIDESERVICE
getUserRewards ---> TOURGUIDESERVICE
getUserRewards ---> TOURGUIDESERVICE
getUserRewards ---> TOURGUIDESERVICE
getUserRewards ---> TOURGUIDESERVICE
getUserRewards ---> TOURGUIDESERVICE
getUserRewards ---> TOURGUIDESERVICE
getUserRewards ---> TOURGUIDESERVICE
getUserRewards ---> TOURGUIDESERVICE
getUserRewards ---> TOURGUIDESERVICE
getUserRewards ---> TOURGUIDESERVICE
getUserRewards ---> TOURGUIDESERVICE
getUserRewards ---> TOURGUIDESERVICE
getUserRewards ---> TOURGUIDESERVICE
getUserRewards ---> TOURGUIDESERVICE
getUserRewards ---> TOURGUIDESERVICE
getUserRewards ---> TOURGUIDESERVICE
getUserRewards ---> TOURGUIDESERVICE
getUserRewards ---> TOURGUIDESERVICE
getUserRewards ---> TOURGUIDESERVICE
getUserRewards ---> TOURGUIDESERVICE
getUserRewards ---> TOURGUIDESERVICE
getUserRewards ---> TOURGUIDESERVICE
getUserRewards ---> TOURGUIDESERVICE
getUserRewards ---> TOURGUIDESERVICE
getUserRewards ---> TOURGUIDESERVICE
getUserRewards ---> TOURGUIDESERVICE
getUserRewards ---> TOURGUIDESERVICE
getUserRewards ---> TOURGUIDESERVICE
getUserRewards ---> TOURGUIDESERVICE
getUserRewards ---> TOURGUIDESERVICE
getUserRewards ---> TOURGUIDESERVICE
getUserRewards ---> TOURGUIDESERVICE
getUserRewards ---> TOURGUIDESERVICE
getUserRewards ---> TOURGUIDESERVICE
getUserRewards ---> TOURGUIDESERVICE
getUserRewards ---> TOURGUIDESERVICE
getUserRewards ---> TOURGUIDESERVICE
getUserRewards ---> TOURGUIDESERVICE
getUserRewards ---> TOURGUIDESERVICE
getUserRewards ---> TOURGUIDESERVICE
getUserRewards ---> TOURGUIDESERVICE
getUserRewards ---> TOURGUIDESERVICE
getUserRewards ---> TOURGUIDESERVICE
getUserRewards ---> TOURGUIDESERVICE
getUserRewards ---> TOURGUIDESERVICE
getUserRewards ---> TOURGUIDESERVICE
getUserRewards ---> TOURGUIDESERVICE
getUserRewards ---> TOURGUIDESERVICE
getUserRewards ---> TOURGUIDESERVICE
getUserRewards ---> TOURGUIDESERVICE
getUserRewards ---> TOURGUIDESERVICE
getUserRewards ---> TOURGUIDESERVICE
getUserRewards ---> TOURGUIDESERVICE
getUserRewards ---> TOURGUIDESERVICE
getUserRewards ---> TOURGUIDESERVICE
getUserRewards ---> TOURGUIDESERVICE
getUserRewards ---> TOURGUIDESERVICE
getUserRewards ---> TOURGUIDESERVICE
getUserRewards ---> TOURGUIDESERVICE
getUserRewards ---> TOURGUIDESERVICE
getUserRewards ---> TOURGUIDESERVICE
getUserRewards ---> TOURGUIDESERVICE
getUserRewards ---> TOURGUIDESERVICE
getUserRewards ---> TOURGUIDESERVICE
getUserRewards ---> TOURGUIDESERVICE
getUserRewards ---> TOURGUIDESERVICE
getUserRewards ---> TOURGUIDESERVICE
getUserRewards ---> TOURGUIDESERVICE
getUserRewards ---> TOURGUIDESERVICE
getUserRewards ---> TOURGUIDESERVICE
getUserRewards ---> TOURGUIDESERVICE
getUserRewards ---> TOURGUIDESERVICE
getUserRewards ---> TOURGUIDESERVICE
getUserRewards ---> TOURGUIDESERVICE
getUserRewards ---> TOURGUIDESERVICE
getUserRewards ---> TOURGUIDESERVICE
getUserRewards ---> TOURGUIDESERVICE
getUserRewards ---> TOURGUIDESERVICE
getUserRewards ---> TOURGUIDESERVICE
getUserRewards ---> TOURGUIDESERVICE
getUserRewards ---> TOURGUIDESERVICE
getUserRewards ---> TOURGUIDESERVICE
getUserRewards ---> TOURGUIDESERVICE
getUserRewards ---> TOURGUIDESERVICE
getUserRewards ---> TOURGUIDESERVICE
getUserRewards ---> TOURGUIDESERVICE
getUserRewards ---> TOURGUIDESERVICE
getUserRewards ---> TOURGUIDESERVICE
getUserRewards ---> TOURGUIDESERVICE
getUserRewards ---> TOURGUIDESERVICE
getUserRewards ---> TOURGUIDESERVICE
getUserRewards ---> TOURGUIDESERVICE
getUserRewards ---> TOURGUIDESERVICE
getUserRewards ---> TOURGUIDESERVICE
getUserRewards ---> TOURGUIDESERVICE
getUserRewards ---> TOURGUIDESERVICE
getUserRewards ---> TOURGUIDESERVICE
getUserRewards ---> TOURGUIDESERVICE
getUserRewards ---> TOURGUIDESERVICE
getUserRewards ---> TOURGUIDESERVICE
getUserRewards ---> TOURGUIDESERVICE
getUserRewards ---> TOURGUIDESERVICE
getUserRewards ---> TOURGUIDESERVICE
getUserRewards ---> TOURGUIDESERVICE
getUserRewards ---> TOURGUIDESERVICE
getUserRewards ---> TOURGUIDESERVICE
getUserRewards ---> TOURGUIDESERVICE
getUserRewards ---> TOURGUIDESERVICE
getUserRewards ---> TOURGUIDESERVICE
getUserRewards ---> TOURGUIDESERVICE
getUserRewards ---> TOURGUIDESERVICE
getUserRewards ---> TOURGUIDESERVICE
getUserRewards ---> TOURGUIDESERVICE
getUserRewards ---> TOURGUIDESERVICE
getUserRewards ---> TOURGUIDESERVICE
getUserRewards ---> TOURGUIDESERVICE
getUserRewards ---> TOURGUIDESERVICE
getUserRewards ---> TOURGUIDESERVICE
getUserRewards ---> TOURGUIDESERVICE
getUserRewards ---> TOURGUIDESERVICE
getUserRewards ---> TOURGUIDESERVICE
getUserRewards ---> TOURGUIDESERVICE
getUserRewards ---> TOURGUIDESERVICE
getUserRewards ---> TOURGUIDESERVICE
getUserRewards ---> TOURGUIDESERVICE
getUserRewards ---> TOURGUIDESERVICE
getUserRewards ---> TOURGUIDESERVICE
getUserRewards ---> TOURGUIDESERVICE
getUserRewards ---> TOURGUIDESERVICE
getUserRewards ---> TOURGUIDESERVICE
getUserRewards ---> TOURGUIDESERVICE
getUserRewards ---> TOURGUIDESERVICE
getUserRewards ---> TOURGUIDESERVICE
getUserRewards ---> TOURGUIDESERVICE
getUserRewards ---> TOURGUIDESERVICE
getUserRewards ---> TOURGUIDESERVICE
getUserRewards ---> TOURGUIDESERVICE
getUserRewards ---> TOURGUIDESERVICE
getUserRewards ---> TOURGUIDESERVICE
getUserRewards ---> TOURGUIDESERVICE
getUserRewards ---> TOURGUIDESERVICE
getUserRewards ---> TOURGUIDESERVICE
getUserRewards ---> TOURGUIDESERVICE
getUserRewards ---> TOURGUIDESERVICE
getUserRewards ---> TOURGUIDESERVICE
getUserRewards ---> TOURGUIDESERVICE
getUserRewards ---> TOURGUIDESERVICE
getUserRewards ---> TOURGUIDESERVICE
getUserRewards ---> TOURGUIDESERVICE
getUserRewards ---> TOURGUIDESERVICE
getUserRewards ---> TOURGUIDESERVICE
getUserRewards ---> TOURGUIDESERVICE
getUserRewards ---> TOURGUIDESERVICE
getUserRewards ---> TOURGUIDESERVICE
getUserRewards ---> TOURGUIDESERVICE
getUserRewards ---> TOURGUIDESERVICE
getUserRewards ---> TOURGUIDESERVICE
getUserRewards ---> TOURGUIDESERVICE
getUserRewards ---> TOURGUIDESERVICE
getUserRewards ---> TOURGUIDESERVICE
getUserRewards ---> TOURGUIDESERVICE
getUserRewards ---> TOURGUIDESERVICE
getUserRewards ---> TOURGUIDESERVICE
getUserRewards ---> TOURGUIDESERVICE
getUserRewards ---> TOURGUIDESERVICE
getUserRewards ---> TOURGUIDESERVICE
getUserRewards ---> TOURGUIDESERVICE
getUserRewards ---> TOURGUIDESERVICE
getUserRewards ---> TOURGUIDESERVICE
getUserRewards ---> TOURGUIDESERVICE
getUserRewards ---> TOURGUIDESERVICE
getUserRewards ---> TOURGUIDESERVICE
getUserRewards ---> TOURGUIDESERVICE
getUserRewards ---> TOURGUIDESERVICE
getUserRewards ---> TOURGUIDESERVICE
getUserRewards ---> TOURGUIDESERVICE
getUserRewards ---> TOURGUIDESERVICE
getUserRewards ---> TOURGUIDESERVICE
getUserRewards ---> TOURGUIDESERVICE
getUserRewards ---> TOURGUIDESERVICE
getUserRewards ---> TOURGUIDESERVICE
getUserRewards ---> TOURGUIDESERVICE
getUserRewards ---> TOURGUIDESERVICE
getUserRewards ---> TOURGUIDESERVICE
getUserRewards ---> TOURGUIDESERVICE
getUserRewards ---> TOURGUIDESERVICE
getUserRewards ---> TOURGUIDESERVICE
getUserRewards ---> TOURGUIDESERVICE
getUserRewards ---> TOURGUIDESERVICE
getUserRewards ---> TOURGUIDESERVICE
getUserRewards ---> TOURGUIDESERVICE
getUserRewards ---> TOURGUIDESERVICE
getUserRewards ---> TOURGUIDESERVICE
getUserRewards ---> TOURGUIDESERVICE
getUserRewards ---> TOURGUIDESERVICE
getUserRewards ---> TOURGUIDESERVICE
getUserRewards ---> TOURGUIDESERVICE
getUserRewards ---> TOURGUIDESERVICE
getUserRewards ---> TOURGUIDESERVICE
getUserRewards ---> TOURGUIDESERVICE
getUserRewards ---> TOURGUIDESERVICE
getUserRewards ---> TOURGUIDESERVICE
getUserRewards ---> TOURGUIDESERVICE
getUserRewards ---> TOURGUIDESERVICE
getUserRewards ---> TOURGUIDESERVICE
getUserRewards ---> TOURGUIDESERVICE
getUserRewards ---> TOURGUIDESERVICE
getUserRewards ---> TOURGUIDESERVICE
getUserRewards ---> TOURGUIDESERVICE
getUserRewards ---> TOURGUIDESERVICE
getUserRewards ---> TOURGUIDESERVICE
getUserRewards ---> TOURGUIDESERVICE
getUserRewards ---> TOURGUIDESERVICE
getUserRewards ---> TOURGUIDESERVICE
getUserRewards ---> TOURGUIDESERVICE
getUserRewards ---> TOURGUIDESERVICE
getUserRewards ---> TOURGUIDESERVICE
getUserRewards ---> TOURGUIDESERVICE
getUserRewards ---> TOURGUIDESERVICE
getUserRewards ---> TOURGUIDESERVICE
getUserRewards ---> TOURGUIDESERVICE
getUserRewards ---> TOURGUIDESERVICE
getUserRewards ---> TOURGUIDESERVICE
getUserRewards ---> TOURGUIDESERVICE
getUserRewards ---> TOURGUIDESERVICE
getUserRewards ---> TOURGUIDESERVICE
getUserRewards ---> TOURGUIDESERVICE
getUserRewards ---> TOURGUIDESERVICE
getUserRewards ---> TOURGUIDESERVICE
getUserRewards ---> TOURGUIDESERVICE
getUserRewards ---> TOURGUIDESERVICE
getUserRewards ---> TOURGUIDESERVICE
getUserRewards ---> TOURGUIDESERVICE
getUserRewards ---> TOURGUIDESERVICE
getUserRewards ---> TOURGUIDESERVICE
getUserRewards ---> TOURGUIDESERVICE
getUserRewards ---> TOURGUIDESERVICE
getUserRewards ---> TOURGUIDESERVICE
getUserRewards ---> TOURGUIDESERVICE
getUserRewards ---> TOURGUIDESERVICE
getUserRewards ---> TOURGUIDESERVICE
getUserRewards ---> TOURGUIDESERVICE
getUserRewards ---> TOURGUIDESERVICE
getUserRewards ---> TOURGUIDESERVICE
getUserRewards ---> TOURGUIDESERVICE
getUserRewards ---> TOURGUIDESERVICE
getUserRewards ---> TOURGUIDESERVICE
getUserRewards ---> TOURGUIDESERVICE
getUserRewards ---> TOURGUIDESERVICE
getUserRewards ---> TOURGUIDESERVICE
getUserRewards ---> TOURGUIDESERVICE
getUserRewards ---> TOURGUIDESERVICE
getUserRewards ---> TOURGUIDESERVICE
getUserRewards ---> TOURGUIDESERVICE
getUserRewards ---> TOURGUIDESERVICE
getUserRewards ---> TOURGUIDESERVICE
getUserRewards ---> TOURGUIDESERVICE
getUserRewards ---> TOURGUIDESERVICE
getUserRewards ---> TOURGUIDESERVICE
getUserRewards ---> TOURGUIDESERVICE
getUserRewards ---> TOURGUIDESERVICE
getUserRewards ---> TOURGUIDESERVICE
getUserRewards ---> TOURGUIDESERVICE
getUserRewards ---> TOURGUIDESERVICE
getUserRewards ---> TOURGUIDESERVICE
getUserRewards ---> TOURGUIDESERVICE
getUserRewards ---> TOURGUIDESERVICE
getUserRewards ---> TOURGUIDESERVICE
getUserRewards ---> TOURGUIDESERVICE
getUserRewards ---> TOURGUIDESERVICE
getUserRewards ---> TOURGUIDESERVICE
getUserRewards ---> TOURGUIDESERVICE
getUserRewards ---> TOURGUIDESERVICE
getUserRewards ---> TOURGUIDESERVICE
getUserRewards ---> TOURGUIDESERVICE
getUserRewards ---> TOURGUIDESERVICE
getUserRewards ---> TOURGUIDESERVICE
getUserRewards ---> TOURGUIDESERVICE
getUserRewards ---> TOURGUIDESERVICE
getUserRewards ---> TOURGUIDESERVICE
getUserRewards ---> TOURGUIDESERVICE
getUserRewards ---> TOURGUIDESERVICE
getUserRewards ---> TOURGUIDESERVICE
getUserRewards ---> TOURGUIDESERVICE
getUserRewards ---> TOURGUIDESERVICE
getUserRewards ---> TOURGUIDESERVICE
getUserRewards ---> TOURGUIDESERVICE
getUserRewards ---> TOURGUIDESERVICE
getUserRewards ---> TOURGUIDESERVICE
getUserRewards ---> TOURGUIDESERVICE
getUserRewards ---> TOURGUIDESERVICE
getUserRewards ---> TOURGUIDESERVICE
getUserRewards ---> TOURGUIDESERVICE
getUserRewards ---> TOURGUIDESERVICE
getUserRewards ---> TOURGUIDESERVICE
getUserRewards ---> TOURGUIDESERVICE
getUserRewards ---> TOURGUIDESERVICE
getUserRewards ---> TOURGUIDESERVICE
getUserRewards ---> TOURGUIDESERVICE
getUserRewards ---> TOURGUIDESERVICE
getUserRewards ---> TOURGUIDESERVICE
getUserRewards ---> TOURGUIDESERVICE
getUserRewards ---> TOURGUIDESERVICE
getUserRewards ---> TOURGUIDESERVICE
getUserRewards ---> TOURGUIDESERVICE
getUserRewards ---> TOURGUIDESERVICE
getUserRewards ---> TOURGUIDESERVICE
getUserRewards ---> TOURGUIDESERVICE
getUserRewards ---> TOURGUIDESERVICE
getUserRewards ---> TOURGUIDESERVICE
getUserRewards ---> TOURGUIDESERVICE
getUserRewards ---> TOURGUIDESERVICE
getUserRewards ---> TOURGUIDESERVICE
getUserRewards ---> TOURGUIDESERVICE
getUserRewards ---> TOURGUIDESERVICE
getUserRewards ---> TOURGUIDESERVICE
getUserRewards ---> TOURGUIDESERVICE
getUserRewards ---> TOURGUIDESERVICE
getUserRewards ---> TOURGUIDESERVICE
getUserRewards ---> TOURGUIDESERVICE
getUserRewards ---> TOURGUIDESERVICE
getUserRewards ---> TOURGUIDESERVICE
getUserRewards ---> TOURGUIDESERVICE
getUserRewards ---> TOURGUIDESERVICE
getUserRewards ---> TOURGUIDESERVICE
getUserRewards ---> TOURGUIDESERVICE
getUserRewards ---> TOURGUIDESERVICE
getUserRewards ---> TOURGUIDESERVICE
getUserRewards ---> TOURGUIDESERVICE
getUserRewards ---> TOURGUIDESERVICE
getUserRewards ---> TOURGUIDESERVICE
getUserRewards ---> TOURGUIDESERVICE
getUserRewards ---> TOURGUIDESERVICE
getUserRewards ---> TOURGUIDESERVICE
getUserRewards ---> TOURGUIDESERVICE
getUserRewards ---> TOURGUIDESERVICE
getUserRewards ---> TOURGUIDESERVICE
getUserRewards ---> TOURGUIDESERVICE
getUserRewards ---> TOURGUIDESERVICE
getUserRewards ---> TOURGUIDESERVICE
getUserRewards ---> TOURGUIDESERVICE
getUserRewards ---> TOURGUIDESERVICE
getUserRewards ---> TOURGUIDESERVICE
getUserRewards ---> TOURGUIDESERVICE
getUserRewards ---> TOURGUIDESERVICE
getUserRewards ---> TOURGUIDESERVICE
getUserRewards ---> TOURGUIDESERVICE
getUserRewards ---> TOURGUIDESERVICE
getUserRewards ---> TOURGUIDESERVICE
getUserRewards ---> TOURGUIDESERVICE
getUserRewards ---> TOURGUIDESERVICE
getUserRewards ---> TOURGUIDESERVICE
getUserRewards ---> TOURGUIDESERVICE
getUserRewards ---> TOURGUIDESERVICE
getUserRewards ---> TOURGUIDESERVICE
getUserRewards ---> TOURGUIDESERVICE
getUserRewards ---> TOURGUIDESERVICE
getUserRewards ---> TOURGUIDESERVICE
getUserRewards ---> TOURGUIDESERVICE
getUserRewards ---> TOURGUIDESERVICE
getUserRewards ---> TOURGUIDESERVICE
getUserRewards ---> TOURGUIDESERVICE
getUserRewards ---> TOURGUIDESERVICE
getUserRewards ---> TOURGUIDESERVICE
getUserRewards ---> TOURGUIDESERVICE
getUserRewards ---> TOURGUIDESERVICE
getUserRewards ---> TOURGUIDESERVICE
getUserRewards ---> TOURGUIDESERVICE
getUserRewards ---> TOURGUIDESERVICE
getUserRewards ---> TOURGUIDESERVICE
getUserRewards ---> TOURGUIDESERVICE
getUserRewards ---> TOURGUIDESERVICE
getUserRewards ---> TOURGUIDESERVICE
getUserRewards ---> TOURGUIDESERVICE
getUserRewards ---> TOURGUIDESERVICE
getUserRewards ---> TOURGUIDESERVICE
getUserRewards ---> TOURGUIDESERVICE
getUserRewards ---> TOURGUIDESERVICE
getUserRewards ---> TOURGUIDESERVICE
getUserRewards ---> TOURGUIDESERVICE
getUserRewards ---> TOURGUIDESERVICE
getUserRewards ---> TOURGUIDESERVICE
getUserRewards ---> TOURGUIDESERVICE
getUserRewards ---> TOURGUIDESERVICE
getUserRewards ---> TOURGUIDESERVICE
getUserRewards ---> TOURGUIDESERVICE
getUserRewards ---> TOURGUIDESERVICE
getUserRewards ---> TOURGUIDESERVICE
getUserRewards ---> TOURGUIDESERVICE
getUserRewards ---> TOURGUIDESERVICE
getUserRewards ---> TOURGUIDESERVICE
getUserRewards ---> TOURGUIDESERVICE
getUserRewards ---> TOURGUIDESERVICE
getUserRewards ---> TOURGUIDESERVICE
getUserRewards ---> TOURGUIDESERVICE
getUserRewards ---> TOURGUIDESERVICE
getUserRewards ---> TOURGUIDESERVICE
getUserRewards ---> TOURGUIDESERVICE
getUserRewards ---> TOURGUIDESERVICE
getUserRewards ---> TOURGUIDESERVICE
getUserRewards ---> TOURGUIDESERVICE
getUserRewards ---> TOURGUIDESERVICE
getUserRewards ---> TOURGUIDESERVICE
getUserRewards ---> TOURGUIDESERVICE
getUserRewards ---> TOURGUIDESERVICE
getUserRewards ---> TOURGUIDESERVICE
getUserRewards ---> TOURGUIDESERVICE
getUserRewards ---> TOURGUIDESERVICE
getUserRewards ---> TOURGUIDESERVICE
getUserRewards ---> TOURGUIDESERVICE
getUserRewards ---> TOURGUIDESERVICE
getUserRewards ---> TOURGUIDESERVICE
getUserRewards ---> TOURGUIDESERVICE
getUserRewards ---> TOURGUIDESERVICE
getUserRewards ---> TOURGUIDESERVICE
getUserRewards ---> TOURGUIDESERVICE
getUserRewards ---> TOURGUIDESERVICE
getUserRewards ---> TOURGUIDESERVICE
getUserRewards ---> TOURGUIDESERVICE
getUserRewards ---> TOURGUIDESERVICE
getUserRewards ---> TOURGUIDESERVICE
getUserRewards ---> TOURGUIDESERVICE
getUserRewards ---> TOURGUIDESERVICE
getUserRewards ---> TOURGUIDESERVICE
getUserRewards ---> TOURGUIDESERVICE
getUserRewards ---> TOURGUIDESERVICE
getUserRewards ---> TOURGUIDESERVICE
getUserRewards ---> TOURGUIDESERVICE
getUserRewards ---> TOURGUIDESERVICE
getUserRewards ---> TOURGUIDESERVICE
getUserRewards ---> TOURGUIDESERVICE
getUserRewards ---> TOURGUIDESERVICE
getUserRewards ---> TOURGUIDESERVICE
getUserRewards ---> TOURGUIDESERVICE
getUserRewards ---> TOURGUIDESERVICE
getUserRewards ---> TOURGUIDESERVICE
getUserRewards ---> TOURGUIDESERVICE
getUserRewards ---> TOURGUIDESERVICE
getUserRewards ---> TOURGUIDESERVICE
getUserRewards ---> TOURGUIDESERVICE
getUserRewards ---> TOURGUIDESERVICE
getUserRewards ---> TOURGUIDESERVICE
getUserRewards ---> TOURGUIDESERVICE
getUserRewards ---> TOURGUIDESERVICE
getUserRewards ---> TOURGUIDESERVICE
getUserRewards ---> TOURGUIDESERVICE
getUserRewards ---> TOURGUIDESERVICE
getUserRewards ---> TOURGUIDESERVICE
getUserRewards ---> TOURGUIDESERVICE
getUserRewards ---> TOURGUIDESERVICE
getUserRewards ---> TOURGUIDESERVICE
getUserRewards ---> TOURGUIDESERVICE
getUserRewards ---> TOURGUIDESERVICE
getUserRewards ---> TOURGUIDESERVICE
getUserRewards ---> TOURGUIDESERVICE
getUserRewards ---> TOURGUIDESERVICE
getUserRewards ---> TOURGUIDESERVICE
getUserRewards ---> TOURGUIDESERVICE
getUserRewards ---> TOURGUIDESERVICE
getUserRewards ---> TOURGUIDESERVICE
getUserRewards ---> TOURGUIDESERVICE
getUserRewards ---> TOURGUIDESERVICE
getUserRewards ---> TOURGUIDESERVICE
getUserRewards ---> TOURGUIDESERVICE
getUserRewards ---> TOURGUIDESERVICE
getUserRewards ---> TOURGUIDESERVICE
getUserRewards ---> TOURGUIDESERVICE
getUserRewards ---> TOURGUIDESERVICE
getUserRewards ---> TOURGUIDESERVICE
getUserRewards ---> TOURGUIDESERVICE
getUserRewards ---> TOURGUIDESERVICE
getUserRewards ---> TOURGUIDESERVICE
getUserRewards ---> TOURGUIDESERVICE
getUserRewards ---> TOURGUIDESERVICE
getUserRewards ---> TOURGUIDESERVICE
getUserRewards ---> TOURGUIDESERVICE
getUserRewards ---> TOURGUIDESERVICE
getUserRewards ---> TOURGUIDESERVICE
getUserRewards ---> TOURGUIDESERVICE
getUserRewards ---> TOURGUIDESERVICE
getUserRewards ---> TOURGUIDESERVICE
getUserRewards ---> TOURGUIDESERVICE
getUserRewards ---> TOURGUIDESERVICE
getUserRewards ---> TOURGUIDESERVICE
getUserRewards ---> TOURGUIDESERVICE
getUserRewards ---> TOURGUIDESERVICE
getUserRewards ---> TOURGUIDESERVICE
getUserRewards ---> TOURGUIDESERVICE
getUserRewards ---> TOURGUIDESERVICE
getUserRewards ---> TOURGUIDESERVICE
getUserRewards ---> TOURGUIDESERVICE
getUserRewards ---> TOURGUIDESERVICE
getUserRewards ---> TOURGUIDESERVICE
getUserRewards ---> TOURGUIDESERVICE
getUserRewards ---> TOURGUIDESERVICE
getUserRewards ---> TOURGUIDESERVICE
getUserRewards ---> TOURGUIDESERVICE
getUserRewards ---> TOURGUIDESERVICE
getUserRewards ---> TOURGUIDESERVICE
getUserRewards ---> TOURGUIDESERVICE
getUserRewards ---> TOURGUIDESERVICE
getUserRewards ---> TOURGUIDESERVICE
getUserRewards ---> TOURGUIDESERVICE
getUserRewards ---> TOURGUIDESERVICE
getUserRewards ---> TOURGUIDESERVICE
getUserRewards ---> TOURGUIDESERVICE
getUserRewards ---> TOURGUIDESERVICE
getUserRewards ---> TOURGUIDESERVICE
getUserRewards ---> TOURGUIDESERVICE
getUserRewards ---> TOURGUIDESERVICE
getUserRewards ---> TOURGUIDESERVICE
getUserRewards ---> TOURGUIDESERVICE
getUserRewards ---> TOURGUIDESERVICE
getUserRewards ---> TOURGUIDESERVICE
getUserRewards ---> TOURGUIDESERVICE
getUserRewards ---> TOURGUIDESERVICE
getUserRewards ---> TOURGUIDESERVICE
getUserRewards ---> TOURGUIDESERVICE
getUserRewards ---> TOURGUIDESERVICE
getUserRewards ---> TOURGUIDESERVICE
getUserRewards ---> TOURGUIDESERVICE
getUserRewards ---> TOURGUIDESERVICE
getUserRewards ---> TOURGUIDESERVICE
getUserRewards ---> TOURGUIDESERVICE
getUserRewards ---> TOURGUIDESERVICE
getUserRewards ---> TOURGUIDESERVICE
getUserRewards ---> TOURGUIDESERVICE
getUserRewards ---> TOURGUIDESERVICE
getUserRewards ---> TOURGUIDESERVICE
getUserRewards ---> TOURGUIDESERVICE
getUserRewards ---> TOURGUIDESERVICE
getUserRewards ---> TOURGUIDESERVICE
getUserRewards ---> TOURGUIDESERVICE
getUserRewards ---> TOURGUIDESERVICE
getUserRewards ---> TOURGUIDESERVICE
getUserRewards ---> TOURGUIDESERVICE
getUserRewards ---> TOURGUIDESERVICE
getUserRewards ---> TOURGUIDESERVICE
getUserRewards ---> TOURGUIDESERVICE
getUserRewards ---> TOURGUIDESERVICE
getUserRewards ---> TOURGUIDESERVICE
getUserRewards ---> TOURGUIDESERVICE
getUserRewards ---> TOURGUIDESERVICE
getUserRewards ---> TOURGUIDESERVICE
getUserRewards ---> TOURGUIDESERVICE
getUserRewards ---> TOURGUIDESERVICE
getUserRewards ---> TOURGUIDESERVICE
getUserRewards ---> TOURGUIDESERVICE
getUserRewards ---> TOURGUIDESERVICE
getUserRewards ---> TOURGUIDESERVICE
getUserRewards ---> TOURGUIDESERVICE
getUserRewards ---> TOURGUIDESERVICE
getUserRewards ---> TOURGUIDESERVICE
getUserRewards ---> TOURGUIDESERVICE
getUserRewards ---> TOURGUIDESERVICE
getUserRewards ---> TOURGUIDESERVICE
getUserRewards ---> TOURGUIDESERVICE
getUserRewards ---> TOURGUIDESERVICE
getUserRewards ---> TOURGUIDESERVICE
getUserRewards ---> TOURGUIDESERVICE
getUserRewards ---> TOURGUIDESERVICE
getUserRewards ---> TOURGUIDESERVICE
getUserRewards ---> TOURGUIDESERVICE
getUserRewards ---> TOURGUIDESERVICE
getUserRewards ---> TOURGUIDESERVICE
getUserRewards ---> TOURGUIDESERVICE
getUserRewards ---> TOURGUIDESERVICE
getUserRewards ---> TOURGUIDESERVICE
getUserRewards ---> TOURGUIDESERVICE
getUserRewards ---> TOURGUIDESERVICE
getUserRewards ---> TOURGUIDESERVICE
getUserRewards ---> TOURGUIDESERVICE
getUserRewards ---> TOURGUIDESERVICE
getUserRewards ---> TOURGUIDESERVICE
getUserRewards ---> TOURGUIDESERVICE
getUserRewards ---> TOURGUIDESERVICE
getUserRewards ---> TOURGUIDESERVICE
getUserRewards ---> TOURGUIDESERVICE
getUserRewards ---> TOURGUIDESERVICE
getUserRewards ---> TOURGUIDESERVICE
getUserRewards ---> TOURGUIDESERVICE
getUserRewards ---> TOURGUIDESERVICE
getUserRewards ---> TOURGUIDESERVICE
getUserRewards ---> TOURGUIDESERVICE
getUserRewards ---> TOURGUIDESERVICE
getUserRewards ---> TOURGUIDESERVICE
getUserRewards ---> TOURGUIDESERVICE
getUserRewards ---> TOURGUIDESERVICE
getUserRewards ---> TOURGUIDESERVICE
getUserRewards ---> TOURGUIDESERVICE
getUserRewards ---> TOURGUIDESERVICE
getUserRewards ---> TOURGUIDESERVICE
getUserRewards ---> TOURGUIDESERVICE
getUserRewards ---> TOURGUIDESERVICE
getUserRewards ---> TOURGUIDESERVICE
getUserRewards ---> TOURGUIDESERVICE
getUserRewards ---> TOURGUIDESERVICE
getUserRewards ---> TOURGUIDESERVICE
getUserRewards ---> TOURGUIDESERVICE
getUserRewards ---> TOURGUIDESERVICE
getUserRewards ---> TOURGUIDESERVICE
getUserRewards ---> TOURGUIDESERVICE
getUserRewards ---> TOURGUIDESERVICE
getUserRewards ---> TOURGUIDESERVICE
getUserRewards ---> TOURGUIDESERVICE
getUserRewards ---> TOURGUIDESERVICE
getUserRewards ---> TOURGUIDESERVICE
getUserRewards ---> TOURGUIDESERVICE
getUserRewards ---> TOURGUIDESERVICE
getUserRewards ---> TOURGUIDESERVICE
getUserRewards ---> TOURGUIDESERVICE
getUserRewards ---> TOURGUIDESERVICE
getUserRewards ---> TOURGUIDESERVICE
getUserRewards ---> TOURGUIDESERVICE
getUserRewards ---> TOURGUIDESERVICE
getUserRewards ---> TOURGUIDESERVICE
getUserRewards ---> TOURGUIDESERVICE
getUserRewards ---> TOURGUIDESERVICE
getUserRewards ---> TOURGUIDESERVICE
getUserRewards ---> TOURGUIDESERVICE
getUserRewards ---> TOURGUIDESERVICE
getUserRewards ---> TOURGUIDESERVICE
getUserRewards ---> TOURGUIDESERVICE
getUserRewards ---> TOURGUIDESERVICE
getUserRewards ---> TOURGUIDESERVICE
getUserRewards ---> TOURGUIDESERVICE
getUserRewards ---> TOURGUIDESERVICE
getUserRewards ---> TOURGUIDESERVICE
getUserRewards ---> TOURGUIDESERVICE
getUserRewards ---> TOURGUIDESERVICE
getUserRewards ---> TOURGUIDESERVICE
getUserRewards ---> TOURGUIDESERVICE
getUserRewards ---> TOURGUIDESERVICE
getUserRewards ---> TOURGUIDESERVICE
getUserRewards ---> TOURGUIDESERVICE
getUserRewards ---> TOURGUIDESERVICE
getUserRewards ---> TOURGUIDESERVICE
getUserRewards ---> TOURGUIDESERVICE
getUserRewards ---> TOURGUIDESERVICE
getUserRewards ---> TOURGUIDESERVICE
getUserRewards ---> TOURGUIDESERVICE
getUserRewards ---> TOURGUIDESERVICE
getUserRewards ---> TOURGUIDESERVICE
getUserRewards ---> TOURGUIDESERVICE
getUserRewards ---> TOURGUIDESERVICE
getUserRewards ---> TOURGUIDESERVICE
getUserRewards ---> TOURGUIDESERVICE
getUserRewards ---> TOURGUIDESERVICE
getUserRewards ---> TOURGUIDESERVICE
getUserRewards ---> TOURGUIDESERVICE
getUserRewards ---> TOURGUIDESERVICE
getUserRewards ---> TOURGUIDESERVICE
getUserRewards ---> TOURGUIDESERVICE
getUserRewards ---> TOURGUIDESERVICE
getUserRewards ---> TOURGUIDESERVICE
getUserRewards ---> TOURGUIDESERVICE
getUserRewards ---> TOURGUIDESERVICE
getUserRewards ---> TOURGUIDESERVICE
getUserRewards ---> TOURGUIDESERVICE
getUserRewards ---> TOURGUIDESERVICE
getUserRewards ---> TOURGUIDESERVICE
getUserRewards ---> TOURGUIDESERVICE
getUserRewards ---> TOURGUIDESERVICE
getUserRewards ---> TOURGUIDESERVICE
getUserRewards ---> TOURGUIDESERVICE
getUserRewards ---> TOURGUIDESERVICE
getUserRewards ---> TOURGUIDESERVICE
getUserRewards ---> TOURGUIDESERVICE
getUserRewards ---> TOURGUIDESERVICE
getUserRewards ---> TOURGUIDESERVICE
getUserRewards ---> TOURGUIDESERVICE
getUserRewards ---> TOURGUIDESERVICE
getUserRewards ---> TOURGUIDESERVICE
getUserRewards ---> TOURGUIDESERVICE
getUserRewards ---> TOURGUIDESERVICE
getUserRewards ---> TOURGUIDESERVICE
getUserRewards ---> TOURGUIDESERVICE
getUserRewards ---> TOURGUIDESERVICE
getUserRewards ---> TOURGUIDESERVICE
getUserRewards ---> TOURGUIDESERVICE
getUserRewards ---> TOURGUIDESERVICE
getUserRewards ---> TOURGUIDESERVICE
getUserRewards ---> TOURGUIDESERVICE
getUserRewards ---> TOURGUIDESERVICE
getUserRewards ---> TOURGUIDESERVICE
getUserRewards ---> TOURGUIDESERVICE
getUserRewards ---> TOURGUIDESERVICE
getUserRewards ---> TOURGUIDESERVICE
getUserRewards ---> TOURGUIDESERVICE
getUserRewards ---> TOURGUIDESERVICE
getUserRewards ---> TOURGUIDESERVICE
getUserRewards ---> TOURGUIDESERVICE
getUserRewards ---> TOURGUIDESERVICE
getUserRewards ---> TOURGUIDESERVICE
getUserRewards ---> TOURGUIDESERVICE
getUserRewards ---> TOURGUIDESERVICE
getUserRewards ---> TOURGUIDESERVICE
getUserRewards ---> TOURGUIDESERVICE
getUserRewards ---> TOURGUIDESERVICE
getUserRewards ---> TOURGUIDESERVICE
getUserRewards ---> TOURGUIDESERVICE
getUserRewards ---> TOURGUIDESERVICE
getUserRewards ---> TOURGUIDESERVICE
getUserRewards ---> TOURGUIDESERVICE
getUserRewards ---> TOURGUIDESERVICE
getUserRewards ---> TOURGUIDESERVICE
getUserRewards ---> TOURGUIDESERVICE
getUserRewards ---> TOURGUIDESERVICE
getUserRewards ---> TOURGUIDESERVICE
getUserRewards ---> TOURGUIDESERVICE
getUserRewards ---> TOURGUIDESERVICE
getUserRewards ---> TOURGUIDESERVICE
getUserRewards ---> TOURGUIDESERVICE
getUserRewards ---> TOURGUIDESERVICE
getUserRewards ---> TOURGUIDESERVICE
getUserRewards ---> TOURGUIDESERVICE
getUserRewards ---> TOURGUIDESERVICE
getUserRewards ---> TOURGUIDESERVICE
getUserRewards ---> TOURGUIDESERVICE
getUserRewards ---> TOURGUIDESERVICE
getUserRewards ---> TOURGUIDESERVICE
getUserRewards ---> TOURGUIDESERVICE
getUserRewards ---> TOURGUIDESERVICE
getUserRewards ---> TOURGUIDESERVICE
getUserRewards ---> TOURGUIDESERVICE
getUserRewards ---> TOURGUIDESERVICE
getUserRewards ---> TOURGUIDESERVICE
getUserRewards ---> TOURGUIDESERVICE
getUserRewards ---> TOURGUIDESERVICE
getUserRewards ---> TOURGUIDESERVICE
getUserRewards ---> TOURGUIDESERVICE
getUserRewards ---> TOURGUIDESERVICE
getUserRewards ---> TOURGUIDESERVICE
getUserRewards ---> TOURGUIDESERVICE
getUserRewards ---> TOURGUIDESERVICE
getUserRewards ---> TOURGUIDESERVICE
getUserRewards ---> TOURGUIDESERVICE
getUserRewards ---> TOURGUIDESERVICE
getUserRewards ---> TOURGUIDESERVICE
getUserRewards ---> TOURGUIDESERVICE
getUserRewards ---> TOURGUIDESERVICE
getUserRewards ---> TOURGUIDESERVICE
getUserRewards ---> TOURGUIDESERVICE
getUserRewards ---> TOURGUIDESERVICE
getUserRewards ---> TOURGUIDESERVICE
getUserRewards ---> TOURGUIDESERVICE
getUserRewards ---> TOURGUIDESERVICE
getUserRewards ---> TOURGUIDESERVICE
getUserRewards ---> TOURGUIDESERVICE
getUserRewards ---> TOURGUIDESERVICE
getUserRewards ---> TOURGUIDESERVICE
getUserRewards ---> TOURGUIDESERVICE
getUserRewards ---> TOURGUIDESERVICE
getUserRewards ---> TOURGUIDESERVICE
getUserRewards ---> TOURGUIDESERVICE
getUserRewards ---> TOURGUIDESERVICE
getUserRewards ---> TOURGUIDESERVICE
getUserRewards ---> TOURGUIDESERVICE
getUserRewards ---> TOURGUIDESERVICE
getUserRewards ---> TOURGUIDESERVICE
getUserRewards ---> TOURGUIDESERVICE
getUserRewards ---> TOURGUIDESERVICE
getUserRewards ---> TOURGUIDESERVICE
getUserRewards ---> TOURGUIDESERVICE
getUserRewards ---> TOURGUIDESERVICE
getUserRewards ---> TOURGUIDESERVICE
getUserRewards ---> TOURGUIDESERVICE
getUserRewards ---> TOURGUIDESERVICE
getUserRewards ---> TOURGUIDESERVICE
getUserRewards ---> TOURGUIDESERVICE
getUserRewards ---> TOURGUIDESERVICE
getUserRewards ---> TOURGUIDESERVICE
getUserRewards ---> TOURGUIDESERVICE
getUserRewards ---> TOURGUIDESERVICE
getUserRewards ---> TOURGUIDESERVICE
getUserRewards ---> TOURGUIDESERVICE
getUserRewards ---> TOURGUIDESERVICE
getUserRewards ---> TOURGUIDESERVICE
getUserRewards ---> TOURGUIDESERVICE
getUserRewards ---> TOURGUIDESERVICE
getUserRewards ---> TOURGUIDESERVICE
getUserRewards ---> TOURGUIDESERVICE
getUserRewards ---> TOURGUIDESERVICE
getUserRewards ---> TOURGUIDESERVICE
getUserRewards ---> TOURGUIDESERVICE
getUserRewards ---> TOURGUIDESERVICE
getUserRewards ---> TOURGUIDESERVICE
getUserRewards ---> TOURGUIDESERVICE
getUserRewards ---> TOURGUIDESERVICE
getUserRewards ---> TOURGUIDESERVICE
getUserRewards ---> TOURGUIDESERVICE
getUserRewards ---> TOURGUIDESERVICE
getUserRewards ---> TOURGUIDESERVICE
getUserRewards ---> TOURGUIDESERVICE
getUserRewards ---> TOURGUIDESERVICE
getUserRewards ---> TOURGUIDESERVICE
getUserRewards ---> TOURGUIDESERVICE
getUserRewards ---> TOURGUIDESERVICE
getUserRewards ---> TOURGUIDESERVICE
getUserRewards ---> TOURGUIDESERVICE
getUserRewards ---> TOURGUIDESERVICE
getUserRewards ---> TOURGUIDESERVICE
getUserRewards ---> TOURGUIDESERVICE
getUserRewards ---> TOURGUIDESERVICE
getUserRewards ---> TOURGUIDESERVICE
getUserRewards ---> TOURGUIDESERVICE
getUserRewards ---> TOURGUIDESERVICE
getUserRewards ---> TOURGUIDESERVICE
getUserRewards ---> TOURGUIDESERVICE
getUserRewards ---> TOURGUIDESERVICE
getUserRewards ---> TOURGUIDESERVICE
getUserRewards ---> TOURGUIDESERVICE
getUserRewards ---> TOURGUIDESERVICE
getUserRewards ---> TOURGUIDESERVICE
getUserRewards ---> TOURGUIDESERVICE
getUserRewards ---> TOURGUIDESERVICE
getUserRewards ---> TOURGUIDESERVICE
getUserRewards ---> TOURGUIDESERVICE
getUserRewards ---> TOURGUIDESERVICE
getUserRewards ---> TOURGUIDESERVICE
getUserRewards ---> TOURGUIDESERVICE
getUserRewards ---> TOURGUIDESERVICE
getUserRewards ---> TOURGUIDESERVICE
getUserRewards ---> TOURGUIDESERVICE
getUserRewards ---> TOURGUIDESERVICE
getUserRewards ---> TOURGUIDESERVICE
getUserRewards ---> TOURGUIDESERVICE
getUserRewards ---> TOURGUIDESERVICE
getUserRewards ---> TOURGUIDESERVICE
getUserRewards ---> TOURGUIDESERVICE
getUserRewards ---> TOURGUIDESERVICE
getUserRewards ---> TOURGUIDESERVICE
getUserRewards ---> TOURGUIDESERVICE
getUserRewards ---> TOURGUIDESERVICE
getUserRewards ---> TOURGUIDESERVICE
getUserRewards ---> TOURGUIDESERVICE
getUserRewards ---> TOURGUIDESERVICE
getUserRewards ---> TOURGUIDESERVICE
getUserRewards ---> TOURGUIDESERVICE
getUserRewards ---> TOURGUIDESERVICE
getUserRewards ---> TOURGUIDESERVICE
getUserRewards ---> TOURGUIDESERVICE
getUserRewards ---> TOURGUIDESERVICE
getUserRewards ---> TOURGUIDESERVICE
getUserRewards ---> TOURGUIDESERVICE
getUserRewards ---> TOURGUIDESERVICE
getUserRewards ---> TOURGUIDESERVICE
getUserRewards ---> TOURGUIDESERVICE
getUserRewards ---> TOURGUIDESERVICE
getUserRewards ---> TOURGUIDESERVICE
getUserRewards ---> TOURGUIDESERVICE
getUserRewards ---> TOURGUIDESERVICE
getUserRewards ---> TOURGUIDESERVICE
getUserRewards ---> TOURGUIDESERVICE
getUserRewards ---> TOURGUIDESERVICE
getUserRewards ---> TOURGUIDESERVICE
getUserRewards ---> TOURGUIDESERVICE
getUserRewards ---> TOURGUIDESERVICE
getUserRewards ---> TOURGUIDESERVICE
getUserRewards ---> TOURGUIDESERVICE
getUserRewards ---> TOURGUIDESERVICE
getUserRewards ---> TOURGUIDESERVICE
getUserRewards ---> TOURGUIDESERVICE
getUserRewards ---> TOURGUIDESERVICE
getUserRewards ---> TOURGUIDESERVICE
getUserRewards ---> TOURGUIDESERVICE
getUserRewards ---> TOURGUIDESERVICE
getUserRewards ---> TOURGUIDESERVICE
getUserRewards ---> TOURGUIDESERVICE
getUserRewards ---> TOURGUIDESERVICE
getUserRewards ---> TOURGUIDESERVICE
getUserRewards ---> TOURGUIDESERVICE
getUserRewards ---> TOURGUIDESERVICE
getUserRewards ---> TOURGUIDESERVICE
getUserRewards ---> TOURGUIDESERVICE
getUserRewards ---> TOURGUIDESERVICE
getUserRewards ---> TOURGUIDESERVICE
getUserRewards ---> TOURGUIDESERVICE
getUserRewards ---> TOURGUIDESERVICE
getUserRewards ---> TOURGUIDESERVICE
getUserRewards ---> TOURGUIDESERVICE
getUserRewards ---> TOURGUIDESERVICE
getUserRewards ---> TOURGUIDESERVICE
getUserRewards ---> TOURGUIDESERVICE
getUserRewards ---> TOURGUIDESERVICE
getUserRewards ---> TOURGUIDESERVICE
getUserRewards ---> TOURGUIDESERVICE
getUserRewards ---> TOURGUIDESERVICE
getUserRewards ---> TOURGUIDESERVICE
getUserRewards ---> TOURGUIDESERVICE
getUserRewards ---> TOURGUIDESERVICE
getUserRewards ---> TOURGUIDESERVICE
getUserRewards ---> TOURGUIDESERVICE
getUserRewards ---> TOURGUIDESERVICE
getUserRewards ---> TOURGUIDESERVICE
getUserRewards ---> TOURGUIDESERVICE
getUserRewards ---> TOURGUIDESERVICE
getUserRewards ---> TOURGUIDESERVICE
getUserRewards ---> TOURGUIDESERVICE
getUserRewards ---> TOURGUIDESERVICE
getUserRewards ---> TOURGUIDESERVICE
getUserRewards ---> TOURGUIDESERVICE
getUserRewards ---> TOURGUIDESERVICE
getUserRewards ---> TOURGUIDESERVICE
getUserRewards ---> TOURGUIDESERVICE
getUserRewards ---> TOURGUIDESERVICE
getUserRewards ---> TOURGUIDESERVICE
getUserRewards ---> TOURGUIDESERVICE
getUserRewards ---> TOURGUIDESERVICE
getUserRewards ---> TOURGUIDESERVICE
getUserRewards ---> TOURGUIDESERVICE
getUserRewards ---> TOURGUIDESERVICE
getUserRewards ---> TOURGUIDESERVICE
getUserRewards ---> TOURGUIDESERVICE
getUserRewards ---> TOURGUIDESERVICE
getUserRewards ---> TOURGUIDESERVICE
getUserRewards ---> TOURGUIDESERVICE
getUserRewards ---> TOURGUIDESERVICE
getUserRewards ---> TOURGUIDESERVICE
getUserRewards ---> TOURGUIDESERVICE
getUserRewards ---> TOURGUIDESERVICE
getUserRewards ---> TOURGUIDESERVICE
getUserRewards ---> TOURGUIDESERVICE
getUserRewards ---> TOURGUIDESERVICE
getUserRewards ---> TOURGUIDESERVICE
getUserRewards ---> TOURGUIDESERVICE
getUserRewards ---> TOURGUIDESERVICE
getUserRewards ---> TOURGUIDESERVICE
getUserRewards ---> TOURGUIDESERVICE
getUserRewards ---> TOURGUIDESERVICE
getUserRewards ---> TOURGUIDESERVICE
getUserRewards ---> TOURGUIDESERVICE
getUserRewards ---> TOURGUIDESERVICE
getUserRewards ---> TOURGUIDESERVICE
getUserRewards ---> TOURGUIDESERVICE
getUserRewards ---> TOURGUIDESERVICE
getUserRewards ---> TOURGUIDESERVICE
getUserRewards ---> TOURGUIDESERVICE
getUserRewards ---> TOURGUIDESERVICE
getUserRewards ---> TOURGUIDESERVICE
getUserRewards ---> TOURGUIDESERVICE
getUserRewards ---> TOURGUIDESERVICE
getUserRewards ---> TOURGUIDESERVICE
getUserRewards ---> TOURGUIDESERVICE
getUserRewards ---> TOURGUIDESERVICE
getUserRewards ---> TOURGUIDESERVICE
getUserRewards ---> TOURGUIDESERVICE
getUserRewards ---> TOURGUIDESERVICE
getUserRewards ---> TOURGUIDESERVICE
getUserRewards ---> TOURGUIDESERVICE
getUserRewards ---> TOURGUIDESERVICE
getUserRewards ---> TOURGUIDESERVICE
getUserRewards ---> TOURGUIDESERVICE
getUserRewards ---> TOURGUIDESERVICE
getUserRewards ---> TOURGUIDESERVICE
getUserRewards ---> TOURGUIDESERVICE
getUserRewards ---> TOURGUIDESERVICE
getUserRewards ---> TOURGUIDESERVICE
getUserRewards ---> TOURGUIDESERVICE
getUserRewards ---> TOURGUIDESERVICE
getUserRewards ---> TOURGUIDESERVICE
getUserRewards ---> TOURGUIDESERVICE
getUserRewards ---> TOURGUIDESERVICE
getUserRewards ---> TOURGUIDESERVICE
getUserRewards ---> TOURGUIDESERVICE
getUserRewards ---> TOURGUIDESERVICE
getUserRewards ---> TOURGUIDESERVICE
getUserRewards ---> TOURGUIDESERVICE
getUserRewards ---> TOURGUIDESERVICE
getUserRewards ---> TOURGUIDESERVICE
getUserRewards ---> TOURGUIDESERVICE
getUserRewards ---> TOURGUIDESERVICE
getUserRewards ---> TOURGUIDESERVICE
getUserRewards ---> TOURGUIDESERVICE
getUserRewards ---> TOURGUIDESERVICE
getUserRewards ---> TOURGUIDESERVICE
getUserRewards ---> TOURGUIDESERVICE
getUserRewards ---> TOURGUIDESERVICE
getUserRewards ---> TOURGUIDESERVICE
getUserRewards ---> TOURGUIDESERVICE
getUserRewards ---> TOURGUIDESERVICE
getUserRewards ---> TOURGUIDESERVICE
getUserRewards ---> TOURGUIDESERVICE
getUserRewards ---> TOURGUIDESERVICE
getUserRewards ---> TOURGUIDESERVICE
getUserRewards ---> TOURGUIDESERVICE
getUserRewards ---> TOURGUIDESERVICE
getUserRewards ---> TOURGUIDESERVICE
getUserRewards ---> TOURGUIDESERVICE
getUserRewards ---> TOURGUIDESERVICE
getUserRewards ---> TOURGUIDESERVICE
getUserRewards ---> TOURGUIDESERVICE
getUserRewards ---> TOURGUIDESERVICE
getUserRewards ---> TOURGUIDESERVICE
getUserRewards ---> TOURGUIDESERVICE
getUserRewards ---> TOURGUIDESERVICE
getUserRewards ---> TOURGUIDESERVICE
getUserRewards ---> TOURGUIDESERVICE
getUserRewards ---> TOURGUIDESERVICE
getUserRewards ---> TOURGUIDESERVICE
getUserRewards ---> TOURGUIDESERVICE
getUserRewards ---> TOURGUIDESERVICE
getUserRewards ---> TOURGUIDESERVICE
getUserRewards ---> TOURGUIDESERVICE
getUserRewards ---> TOURGUIDESERVICE
getUserRewards ---> TOURGUIDESERVICE
getUserRewards ---> TOURGUIDESERVICE
getUserRewards ---> TOURGUIDESERVICE
getUserRewards ---> TOURGUIDESERVICE
getUserRewards ---> TOURGUIDESERVICE
getUserRewards ---> TOURGUIDESERVICE
getUserRewards ---> TOURGUIDESERVICE
getUserRewards ---> TOURGUIDESERVICE
getUserRewards ---> TOURGUIDESERVICE
getUserRewards ---> TOURGUIDESERVICE
getUserRewards ---> TOURGUIDESERVICE
getUserRewards ---> TOURGUIDESERVICE
getUserRewards ---> TOURGUIDESERVICE
getUserRewards ---> TOURGUIDESERVICE
getUserRewards ---> TOURGUIDESERVICE
getUserRewards ---> TOURGUIDESERVICE
getUserRewards ---> TOURGUIDESERVICE
getUserRewards ---> TOURGUIDESERVICE
getUserRewards ---> TOURGUIDESERVICE
getUserRewards ---> TOURGUIDESERVICE
getUserRewards ---> TOURGUIDESERVICE
getUserRewards ---> TOURGUIDESERVICE
getUserRewards ---> TOURGUIDESERVICE
getUserRewards ---> TOURGUIDESERVICE
getUserRewards ---> TOURGUIDESERVICE
getUserRewards ---> TOURGUIDESERVICE
getUserRewards ---> TOURGUIDESERVICE
getUserRewards ---> TOURGUIDESERVICE
getUserRewards ---> TOURGUIDESERVICE
getUserRewards ---> TOURGUIDESERVICE
getUserRewards ---> TOURGUIDESERVICE
getUserRewards ---> TOURGUIDESERVICE
getUserRewards ---> TOURGUIDESERVICE
getUserRewards ---> TOURGUIDESERVICE
getUserRewards ---> TOURGUIDESERVICE
getUserRewards ---> TOURGUIDESERVICE
getUserRewards ---> TOURGUIDESERVICE
getUserRewards ---> TOURGUIDESERVICE
getUserRewards ---> TOURGUIDESERVICE
getUserRewards ---> TOURGUIDESERVICE
getUserRewards ---> TOURGUIDESERVICE
getUserRewards ---> TOURGUIDESERVICE
getUserRewards ---> TOURGUIDESERVICE
getUserRewards ---> TOURGUIDESERVICE
getUserRewards ---> TOURGUIDESERVICE
getUserRewards ---> TOURGUIDESERVICE
getUserRewards ---> TOURGUIDESERVICE
getUserRewards ---> TOURGUIDESERVICE
getUserRewards ---> TOURGUIDESERVICE
getUserRewards ---> TOURGUIDESERVICE
getUserRewards ---> TOURGUIDESERVICE
getUserRewards ---> TOURGUIDESERVICE
getUserRewards ---> TOURGUIDESERVICE
getUserRewards ---> TOURGUIDESERVICE
getUserRewards ---> TOURGUIDESERVICE
getUserRewards ---> TOURGUIDESERVICE
getUserRewards ---> TOURGUIDESERVICE
getUserRewards ---> TOURGUIDESERVICE
getUserRewards ---> TOURGUIDESERVICE
getUserRewards ---> TOURGUIDESERVICE
getUserRewards ---> TOURGUIDESERVICE
getUserRewards ---> TOURGUIDESERVICE
getUserRewards ---> TOURGUIDESERVICE
getUserRewards ---> TOURGUIDESERVICE
getUserRewards ---> TOURGUIDESERVICE
getUserRewards ---> TOURGUIDESERVICE
getUserRewards ---> TOURGUIDESERVICE
getUserRewards ---> TOURGUIDESERVICE
getUserRewards ---> TOURGUIDESERVICE
getUserRewards ---> TOURGUIDESERVICE
getUserRewards ---> TOURGUIDESERVICE
getUserRewards ---> TOURGUIDESERVICE
getUserRewards ---> TOURGUIDESERVICE
getUserRewards ---> TOURGUIDESERVICE
getUserRewards ---> TOURGUIDESERVICE
getUserRewards ---> TOURGUIDESERVICE
getUserRewards ---> TOURGUIDESERVICE
getUserRewards ---> TOURGUIDESERVICE
getUserRewards ---> TOURGUIDESERVICE
getUserRewards ---> TOURGUIDESERVICE
getUserRewards ---> TOURGUIDESERVICE
getUserRewards ---> TOURGUIDESERVICE
getUserRewards ---> TOURGUIDESERVICE
getUserRewards ---> TOURGUIDESERVICE
getUserRewards ---> TOURGUIDESERVICE
getUserRewards ---> TOURGUIDESERVICE
getUserRewards ---> TOURGUIDESERVICE
getUserRewards ---> TOURGUIDESERVICE
getUserRewards ---> TOURGUIDESERVICE
getUserRewards ---> TOURGUIDESERVICE
getUserRewards ---> TOURGUIDESERVICE
getUserRewards ---> TOURGUIDESERVICE
getUserRewards ---> TOURGUIDESERVICE
getUserRewards ---> TOURGUIDESERVICE
getUserRewards ---> TOURGUIDESERVICE
getUserRewards ---> TOURGUIDESERVICE
getUserRewards ---> TOURGUIDESERVICE
getUserRewards ---> TOURGUIDESERVICE
getUserRewards ---> TOURGUIDESERVICE
getUserRewards ---> TOURGUIDESERVICE
getUserRewards ---> TOURGUIDESERVICE
getUserRewards ---> TOURGUIDESERVICE
getUserRewards ---> TOURGUIDESERVICE
getUserRewards ---> TOURGUIDESERVICE
getUserRewards ---> TOURGUIDESERVICE
getUserRewards ---> TOURGUIDESERVICE
getUserRewards ---> TOURGUIDESERVICE
getUserRewards ---> TOURGUIDESERVICE
getUserRewards ---> TOURGUIDESERVICE
getUserRewards ---> TOURGUIDESERVICE
getUserRewards ---> TOURGUIDESERVICE
getUserRewards ---> TOURGUIDESERVICE
getUserRewards ---> TOURGUIDESERVICE
getUserRewards ---> TOURGUIDESERVICE
getUserRewards ---> TOURGUIDESERVICE
getUserRewards ---> TOURGUIDESERVICE
getUserRewards ---> TOURGUIDESERVICE
getUserRewards ---> TOURGUIDESERVICE
getUserRewards ---> TOURGUIDESERVICE
getUserRewards ---> TOURGUIDESERVICE
getUserRewards ---> TOURGUIDESERVICE
getUserRewards ---> TOURGUIDESERVICE
getUserRewards ---> TOURGUIDESERVICE
getUserRewards ---> TOURGUIDESERVICE
getUserRewards ---> TOURGUIDESERVICE
getUserRewards ---> TOURGUIDESERVICE
getUserRewards ---> TOURGUIDESERVICE
getUserRewards ---> TOURGUIDESERVICE
getUserRewards ---> TOURGUIDESERVICE
getUserRewards ---> TOURGUIDESERVICE
getUserRewards ---> TOURGUIDESERVICE
getUserRewards ---> TOURGUIDESERVICE
getUserRewards ---> TOURGUIDESERVICE
getUserRewards ---> TOURGUIDESERVICE
getUserRewards ---> TOURGUIDESERVICE
getUserRewards ---> TOURGUIDESERVICE
getUserRewards ---> TOURGUIDESERVICE
getUserRewards ---> TOURGUIDESERVICE
getUserRewards ---> TOURGUIDESERVICE
getUserRewards ---> TOURGUIDESERVICE
getUserRewards ---> TOURGUIDESERVICE
getUserRewards ---> TOURGUIDESERVICE
getUserRewards ---> TOURGUIDESERVICE
getUserRewards ---> TOURGUIDESERVICE
getUserRewards ---> TOURGUIDESERVICE
getUserRewards ---> TOURGUIDESERVICE
getUserRewards ---> TOURGUIDESERVICE
getUserRewards ---> TOURGUIDESERVICE
getUserRewards ---> TOURGUIDESERVICE
getUserRewards ---> TOURGUIDESERVICE
getUserRewards ---> TOURGUIDESERVICE
getUserRewards ---> TOURGUIDESERVICE
getUserRewards ---> TOURGUIDESERVICE
getUserRewards ---> TOURGUIDESERVICE
getUserRewards ---> TOURGUIDESERVICE
getUserRewards ---> TOURGUIDESERVICE
getUserRewards ---> TOURGUIDESERVICE
getUserRewards ---> TOURGUIDESERVICE
getUserRewards ---> TOURGUIDESERVICE
getUserRewards ---> TOURGUIDESERVICE
getUserRewards ---> TOURGUIDESERVICE
getUserRewards ---> TOURGUIDESERVICE
getUserRewards ---> TOURGUIDESERVICE
getUserRewards ---> TOURGUIDESERVICE
getUserRewards ---> TOURGUIDESERVICE
getUserRewards ---> TOURGUIDESERVICE
getUserRewards ---> TOURGUIDESERVICE
getUserRewards ---> TOURGUIDESERVICE
getUserRewards ---> TOURGUIDESERVICE
getUserRewards ---> TOURGUIDESERVICE
getUserRewards ---> TOURGUIDESERVICE
getUserRewards ---> TOURGUIDESERVICE
getUserRewards ---> TOURGUIDESERVICE
getUserRewards ---> TOURGUIDESERVICE
getUserRewards ---> TOURGUIDESERVICE
getUserRewards ---> TOURGUIDESERVICE
getUserRewards ---> TOURGUIDESERVICE
getUserRewards ---> TOURGUIDESERVICE
getUserRewards ---> TOURGUIDESERVICE
getUserRewards ---> TOURGUIDESERVICE
getUserRewards ---> TOURGUIDESERVICE
getUserRewards ---> TOURGUIDESERVICE
getUserRewards ---> TOURGUIDESERVICE
getUserRewards ---> TOURGUIDESERVICE
getUserRewards ---> TOURGUIDESERVICE
getUserRewards ---> TOURGUIDESERVICE
getUserRewards ---> TOURGUIDESERVICE
getUserRewards ---> TOURGUIDESERVICE
getUserRewards ---> TOURGUIDESERVICE
getUserRewards ---> TOURGUIDESERVICE
getUserRewards ---> TOURGUIDESERVICE
getUserRewards ---> TOURGUIDESERVICE
getUserRewards ---> TOURGUIDESERVICE
getUserRewards ---> TOURGUIDESERVICE
getUserRewards ---> TOURGUIDESERVICE
getUserRewards ---> TOURGUIDESERVICE
getUserRewards ---> TOURGUIDESERVICE
getUserRewards ---> TOURGUIDESERVICE
getUserRewards ---> TOURGUIDESERVICE
getUserRewards ---> TOURGUIDESERVICE
getUserRewards ---> TOURGUIDESERVICE
getUserRewards ---> TOURGUIDESERVICE
getUserRewards ---> TOURGUIDESERVICE
getUserRewards ---> TOURGUIDESERVICE
getUserRewards ---> TOURGUIDESERVICE
getUserRewards ---> TOURGUIDESERVICE
getUserRewards ---> TOURGUIDESERVICE
getUserRewards ---> TOURGUIDESERVICE
getUserRewards ---> TOURGUIDESERVICE
getUserRewards ---> TOURGUIDESERVICE
getUserRewards ---> TOURGUIDESERVICE
getUserRewards ---> TOURGUIDESERVICE
getUserRewards ---> TOURGUIDESERVICE
getUserRewards ---> TOURGUIDESERVICE
getUserRewards ---> TOURGUIDESERVICE
getUserRewards ---> TOURGUIDESERVICE
getUserRewards ---> TOURGUIDESERVICE
getUserRewards ---> TOURGUIDESERVICE
getUserRewards ---> TOURGUIDESERVICE
getUserRewards ---> TOURGUIDESERVICE
getUserRewards ---> TOURGUIDESERVICE
getUserRewards ---> TOURGUIDESERVICE
getUserRewards ---> TOURGUIDESERVICE
getUserRewards ---> TOURGUIDESERVICE
getUserRewards ---> TOURGUIDESERVICE
getUserRewards ---> TOURGUIDESERVICE
getUserRewards ---> TOURGUIDESERVICE
getUserRewards ---> TOURGUIDESERVICE
getUserRewards ---> TOURGUIDESERVICE
getUserRewards ---> TOURGUIDESERVICE
getUserRewards ---> TOURGUIDESERVICE
getUserRewards ---> TOURGUIDESERVICE
getUserRewards ---> TOURGUIDESERVICE
getUserRewards ---> TOURGUIDESERVICE
getUserRewards ---> TOURGUIDESERVICE
getUserRewards ---> TOURGUIDESERVICE
getUserRewards ---> TOURGUIDESERVICE
getUserRewards ---> TOURGUIDESERVICE
getUserRewards ---> TOURGUIDESERVICE
getUserRewards ---> TOURGUIDESERVICE
getUserRewards ---> TOURGUIDESERVICE
getUserRewards ---> TOURGUIDESERVICE
getUserRewards ---> TOURGUIDESERVICE
getUserRewards ---> TOURGUIDESERVICE
getUserRewards ---> TOURGUIDESERVICE
getUserRewards ---> TOURGUIDESERVICE
getUserRewards ---> TOURGUIDESERVICE
getUserRewards ---> TOURGUIDESERVICE
getUserRewards ---> TOURGUIDESERVICE
getUserRewards ---> TOURGUIDESERVICE
getUserRewards ---> TOURGUIDESERVICE
getUserRewards ---> TOURGUIDESERVICE
getUserRewards ---> TOURGUIDESERVICE
getUserRewards ---> TOURGUIDESERVICE
getUserRewards ---> TOURGUIDESERVICE
getUserRewards ---> TOURGUIDESERVICE
getUserRewards ---> TOURGUIDESERVICE
getUserRewards ---> TOURGUIDESERVICE
getUserRewards ---> TOURGUIDESERVICE
getUserRewards ---> TOURGUIDESERVICE
getUserRewards ---> TOURGUIDESERVICE
getUserRewards ---> TOURGUIDESERVICE
getUserRewards ---> TOURGUIDESERVICE
getUserRewards ---> TOURGUIDESERVICE
getUserRewards ---> TOURGUIDESERVICE
getUserRewards ---> TOURGUIDESERVICE
getUserRewards ---> TOURGUIDESERVICE
getUserRewards ---> TOURGUIDESERVICE
getUserRewards ---> TOURGUIDESERVICE
getUserRewards ---> TOURGUIDESERVICE
getUserRewards ---> TOURGUIDESERVICE
getUserRewards ---> TOURGUIDESERVICE
getUserRewards ---> TOURGUIDESERVICE
getUserRewards ---> TOURGUIDESERVICE
getUserRewards ---> TOURGUIDESERVICE
getUserRewards ---> TOURGUIDESERVICE
getUserRewards ---> TOURGUIDESERVICE
getUserRewards ---> TOURGUIDESERVICE
getUserRewards ---> TOURGUIDESERVICE
getUserRewards ---> TOURGUIDESERVICE
getUserRewards ---> TOURGUIDESERVICE
getUserRewards ---> TOURGUIDESERVICE
getUserRewards ---> TOURGUIDESERVICE
getUserRewards ---> TOURGUIDESERVICE
getUserRewards ---> TOURGUIDESERVICE
getUserRewards ---> TOURGUIDESERVICE
getUserRewards ---> TOURGUIDESERVICE
getUserRewards ---> TOURGUIDESERVICE
getUserRewards ---> TOURGUIDESERVICE
getUserRewards ---> TOURGUIDESERVICE
getUserRewards ---> TOURGUIDESERVICE
getUserRewards ---> TOURGUIDESERVICE
getUserRewards ---> TOURGUIDESERVICE
getUserRewards ---> TOURGUIDESERVICE
getUserRewards ---> TOURGUIDESERVICE
getUserRewards ---> TOURGUIDESERVICE
getUserRewards ---> TOURGUIDESERVICE
getUserRewards ---> TOURGUIDESERVICE
getUserRewards ---> TOURGUIDESERVICE
getUserRewards ---> TOURGUIDESERVICE
getUserRewards ---> TOURGUIDESERVICE
getUserRewards ---> TOURGUIDESERVICE
getUserRewards ---> TOURGUIDESERVICE
getUserRewards ---> TOURGUIDESERVICE
getUserRewards ---> TOURGUIDESERVICE
getUserRewards ---> TOURGUIDESERVICE
getUserRewards ---> TOURGUIDESERVICE
getUserRewards ---> TOURGUIDESERVICE
getUserRewards ---> TOURGUIDESERVICE
getUserRewards ---> TOURGUIDESERVICE
getUserRewards ---> TOURGUIDESERVICE
getUserRewards ---> TOURGUIDESERVICE
getUserRewards ---> TOURGUIDESERVICE
getUserRewards ---> TOURGUIDESERVICE
getUserRewards ---> TOURGUIDESERVICE
getUserRewards ---> TOURGUIDESERVICE
getUserRewards ---> TOURGUIDESERVICE
getUserRewards ---> TOURGUIDESERVICE
getUserRewards ---> TOURGUIDESERVICE
getUserRewards ---> TOURGUIDESERVICE
getUserRewards ---> TOURGUIDESERVICE
getUserRewards ---> TOURGUIDESERVICE
getUserRewards ---> TOURGUIDESERVICE
getUserRewards ---> TOURGUIDESERVICE
getUserRewards ---> TOURGUIDESERVICE
getUserRewards ---> TOURGUIDESERVICE
getUserRewards ---> TOURGUIDESERVICE
getUserRewards ---> TOURGUIDESERVICE
getUserRewards ---> TOURGUIDESERVICE
getUserRewards ---> TOURGUIDESERVICE
getUserRewards ---> TOURGUIDESERVICE
getUserRewards ---> TOURGUIDESERVICE
getUserRewards ---> TOURGUIDESERVICE
getUserRewards ---> TOURGUIDESERVICE
getUserRewards ---> TOURGUIDESERVICE
getUserRewards ---> TOURGUIDESERVICE
getUserRewards ---> TOURGUIDESERVICE
getUserRewards ---> TOURGUIDESERVICE
getUserRewards ---> TOURGUIDESERVICE
getUserRewards ---> TOURGUIDESERVICE
getUserRewards ---> TOURGUIDESERVICE
getUserRewards ---> TOURGUIDESERVICE
getUserRewards ---> TOURGUIDESERVICE
getUserRewards ---> TOURGUIDESERVICE
getUserRewards ---> TOURGUIDESERVICE
getUserRewards ---> TOURGUIDESERVICE
getUserRewards ---> TOURGUIDESERVICE
getUserRewards ---> TOURGUIDESERVICE
getUserRewards ---> TOURGUIDESERVICE
getUserRewards ---> TOURGUIDESERVICE
getUserRewards ---> TOURGUIDESERVICE
getUserRewards ---> TOURGUIDESERVICE
getUserRewards ---> TOURGUIDESERVICE
getUserRewards ---> TOURGUIDESERVICE
getUserRewards ---> TOURGUIDESERVICE
getUserRewards ---> TOURGUIDESERVICE
getUserRewards ---> TOURGUIDESERVICE
getUserRewards ---> TOURGUIDESERVICE
getUserRewards ---> TOURGUIDESERVICE
getUserRewards ---> TOURGUIDESERVICE
getUserRewards ---> TOURGUIDESERVICE
getUserRewards ---> TOURGUIDESERVICE
getUserRewards ---> TOURGUIDESERVICE
getUserRewards ---> TOURGUIDESERVICE
getUserRewards ---> TOURGUIDESERVICE
getUserRewards ---> TOURGUIDESERVICE
getUserRewards ---> TOURGUIDESERVICE
getUserRewards ---> TOURGUIDESERVICE
getUserRewards ---> TOURGUIDESERVICE
getUserRewards ---> TOURGUIDESERVICE
getUserRewards ---> TOURGUIDESERVICE
getUserRewards ---> TOURGUIDESERVICE
getUserRewards ---> TOURGUIDESERVICE
getUserRewards ---> TOURGUIDESERVICE
getUserRewards ---> TOURGUIDESERVICE
getUserRewards ---> TOURGUIDESERVICE
getUserRewards ---> TOURGUIDESERVICE
getUserRewards ---> TOURGUIDESERVICE
getUserRewards ---> TOURGUIDESERVICE
getUserRewards ---> TOURGUIDESERVICE
getUserRewards ---> TOURGUIDESERVICE
getUserRewards ---> TOURGUIDESERVICE
getUserRewards ---> TOURGUIDESERVICE
getUserRewards ---> TOURGUIDESERVICE
getUserRewards ---> TOURGUIDESERVICE
getUserRewards ---> TOURGUIDESERVICE
getUserRewards ---> TOURGUIDESERVICE
getUserRewards ---> TOURGUIDESERVICE
getUserRewards ---> TOURGUIDESERVICE
getUserRewards ---> TOURGUIDESERVICE
getUserRewards ---> TOURGUIDESERVICE
getUserRewards ---> TOURGUIDESERVICE
getUserRewards ---> TOURGUIDESERVICE
getUserRewards ---> TOURGUIDESERVICE
getUserRewards ---> TOURGUIDESERVICE
getUserRewards ---> TOURGUIDESERVICE
getUserRewards ---> TOURGUIDESERVICE
getUserRewards ---> TOURGUIDESERVICE
getUserRewards ---> TOURGUIDESERVICE
getUserRewards ---> TOURGUIDESERVICE
getUserRewards ---> TOURGUIDESERVICE
getUserRewards ---> TOURGUIDESERVICE
getUserRewards ---> TOURGUIDESERVICE
getUserRewards ---> TOURGUIDESERVICE
getUserRewards ---> TOURGUIDESERVICE
getUserRewards ---> TOURGUIDESERVICE
getUserRewards ---> TOURGUIDESERVICE
getUserRewards ---> TOURGUIDESERVICE
getUserRewards ---> TOURGUIDESERVICE
getUserRewards ---> TOURGUIDESERVICE
getUserRewards ---> TOURGUIDESERVICE
getUserRewards ---> TOURGUIDESERVICE
getUserRewards ---> TOURGUIDESERVICE
getUserRewards ---> TOURGUIDESERVICE
getUserRewards ---> TOURGUIDESERVICE
getUserRewards ---> TOURGUIDESERVICE
getUserRewards ---> TOURGUIDESERVICE
getUserRewards ---> TOURGUIDESERVICE
getUserRewards ---> TOURGUIDESERVICE
getUserRewards ---> TOURGUIDESERVICE
getUserRewards ---> TOURGUIDESERVICE
getUserRewards ---> TOURGUIDESERVICE
getUserRewards ---> TOURGUIDESERVICE
getUserRewards ---> TOURGUIDESERVICE
getUserRewards ---> TOURGUIDESERVICE
getUserRewards ---> TOURGUIDESERVICE
getUserRewards ---> TOURGUIDESERVICE
getUserRewards ---> TOURGUIDESERVICE
getUserRewards ---> TOURGUIDESERVICE
getUserRewards ---> TOURGUIDESERVICE
getUserRewards ---> TOURGUIDESERVICE
getUserRewards ---> TOURGUIDESERVICE
getUserRewards ---> TOURGUIDESERVICE
getUserRewards ---> TOURGUIDESERVICE
getUserRewards ---> TOURGUIDESERVICE
getUserRewards ---> TOURGUIDESERVICE
getUserRewards ---> TOURGUIDESERVICE
getUserRewards ---> TOURGUIDESERVICE
getUserRewards ---> TOURGUIDESERVICE
getUserRewards ---> TOURGUIDESERVICE
getUserRewards ---> TOURGUIDESERVICE
getUserRewards ---> TOURGUIDESERVICE
getUserRewards ---> TOURGUIDESERVICE
getUserRewards ---> TOURGUIDESERVICE
getUserRewards ---> TOURGUIDESERVICE
getUserRewards ---> TOURGUIDESERVICE
getUserRewards ---> TOURGUIDESERVICE
getUserRewards ---> TOURGUIDESERVICE
getUserRewards ---> TOURGUIDESERVICE
getUserRewards ---> TOURGUIDESERVICE
getUserRewards ---> TOURGUIDESERVICE
getUserRewards ---> TOURGUIDESERVICE
getUserRewards ---> TOURGUIDESERVICE
getUserRewards ---> TOURGUIDESERVICE
getUserRewards ---> TOURGUIDESERVICE
getUserRewards ---> TOURGUIDESERVICE
getUserRewards ---> TOURGUIDESERVICE
getUserRewards ---> TOURGUIDESERVICE
getUserRewards ---> TOURGUIDESERVICE
getUserRewards ---> TOURGUIDESERVICE
getUserRewards ---> TOURGUIDESERVICE
getUserRewards ---> TOURGUIDESERVICE
getUserRewards ---> TOURGUIDESERVICE
getUserRewards ---> TOURGUIDESERVICE
getUserRewards ---> TOURGUIDESERVICE
getUserRewards ---> TOURGUIDESERVICE
getUserRewards ---> TOURGUIDESERVICE
getUserRewards ---> TOURGUIDESERVICE
getUserRewards ---> TOURGUIDESERVICE
getUserRewards ---> TOURGUIDESERVICE
getUserRewards ---> TOURGUIDESERVICE
getUserRewards ---> TOURGUIDESERVICE
getUserRewards ---> TOURGUIDESERVICE
getUserRewards ---> TOURGUIDESERVICE
getUserRewards ---> TOURGUIDESERVICE
getUserRewards ---> TOURGUIDESERVICE
getUserRewards ---> TOURGUIDESERVICE
getUserRewards ---> TOURGUIDESERVICE
getUserRewards ---> TOURGUIDESERVICE
getUserRewards ---> TOURGUIDESERVICE
getUserRewards ---> TOURGUIDESERVICE
getUserRewards ---> TOURGUIDESERVICE
getUserRewards ---> TOURGUIDESERVICE
getUserRewards ---> TOURGUIDESERVICE
getUserRewards ---> TOURGUIDESERVICE
getUserRewards ---> TOURGUIDESERVICE
getUserRewards ---> TOURGUIDESERVICE
getUserRewards ---> TOURGUIDESERVICE
getUserRewards ---> TOURGUIDESERVICE
getUserRewards ---> TOURGUIDESERVICE
getUserRewards ---> TOURGUIDESERVICE
getUserRewards ---> TOURGUIDESERVICE
getUserRewards ---> TOURGUIDESERVICE
getUserRewards ---> TOURGUIDESERVICE
getUserRewards ---> TOURGUIDESERVICE
getUserRewards ---> TOURGUIDESERVICE
getUserRewards ---> TOURGUIDESERVICE
getUserRewards ---> TOURGUIDESERVICE
getUserRewards ---> TOURGUIDESERVICE
getUserRewards ---> TOURGUIDESERVICE
getUserRewards ---> TOURGUIDESERVICE
getUserRewards ---> TOURGUIDESERVICE
getUserRewards ---> TOURGUIDESERVICE
getUserRewards ---> TOURGUIDESERVICE
getUserRewards ---> TOURGUIDESERVICE
getUserRewards ---> TOURGUIDESERVICE
getUserRewards ---> TOURGUIDESERVICE
getUserRewards ---> TOURGUIDESERVICE
getUserRewards ---> TOURGUIDESERVICE
getUserRewards ---> TOURGUIDESERVICE
getUserRewards ---> TOURGUIDESERVICE
getUserRewards ---> TOURGUIDESERVICE
getUserRewards ---> TOURGUIDESERVICE
getUserRewards ---> TOURGUIDESERVICE
getUserRewards ---> TOURGUIDESERVICE
getUserRewards ---> TOURGUIDESERVICE
getUserRewards ---> TOURGUIDESERVICE
getUserRewards ---> TOURGUIDESERVICE
getUserRewards ---> TOURGUIDESERVICE
getUserRewards ---> TOURGUIDESERVICE
getUserRewards ---> TOURGUIDESERVICE
getUserRewards ---> TOURGUIDESERVICE
getUserRewards ---> TOURGUIDESERVICE
getUserRewards ---> TOURGUIDESERVICE
getUserRewards ---> TOURGUIDESERVICE
getUserRewards ---> TOURGUIDESERVICE
getUserRewards ---> TOURGUIDESERVICE
getUserRewards ---> TOURGUIDESERVICE
getUserRewards ---> TOURGUIDESERVICE
getUserRewards ---> TOURGUIDESERVICE
getUserRewards ---> TOURGUIDESERVICE
getUserRewards ---> TOURGUIDESERVICE
getUserRewards ---> TOURGUIDESERVICE
getUserRewards ---> TOURGUIDESERVICE
getUserRewards ---> TOURGUIDESERVICE
getUserRewards ---> TOURGUIDESERVICE
getUserRewards ---> TOURGUIDESERVICE
getUserRewards ---> TOURGUIDESERVICE
getUserRewards ---> TOURGUIDESERVICE
getUserRewards ---> TOURGUIDESERVICE
getUserRewards ---> TOURGUIDESERVICE
getUserRewards ---> TOURGUIDESERVICE
getUserRewards ---> TOURGUIDESERVICE
getUserRewards ---> TOURGUIDESERVICE
getUserRewards ---> TOURGUIDESERVICE
getUserRewards ---> TOURGUIDESERVICE
getUserRewards ---> TOURGUIDESERVICE
getUserRewards ---> TOURGUIDESERVICE
getUserRewards ---> TOURGUIDESERVICE
getUserRewards ---> TOURGUIDESERVICE
getUserRewards ---> TOURGUIDESERVICE
getUserRewards ---> TOURGUIDESERVICE
getUserRewards ---> TOURGUIDESERVICE
getUserRewards ---> TOURGUIDESERVICE
getUserRewards ---> TOURGUIDESERVICE
getUserRewards ---> TOURGUIDESERVICE
getUserRewards ---> TOURGUIDESERVICE
getUserRewards ---> TOURGUIDESERVICE
getUserRewards ---> TOURGUIDESERVICE
getUserRewards ---> TOURGUIDESERVICE
getUserRewards ---> TOURGUIDESERVICE
getUserRewards ---> TOURGUIDESERVICE
getUserRewards ---> TOURGUIDESERVICE
getUserRewards ---> TOURGUIDESERVICE
getUserRewards ---> TOURGUIDESERVICE
getUserRewards ---> TOURGUIDESERVICE
getUserRewards ---> TOURGUIDESERVICE
getUserRewards ---> TOURGUIDESERVICE
getUserRewards ---> TOURGUIDESERVICE
getUserRewards ---> TOURGUIDESERVICE
getUserRewards ---> TOURGUIDESERVICE
getUserRewards ---> TOURGUIDESERVICE
getUserRewards ---> TOURGUIDESERVICE
getUserRewards ---> TOURGUIDESERVICE
getUserRewards ---> TOURGUIDESERVICE
getUserRewards ---> TOURGUIDESERVICE
getUserRewards ---> TOURGUIDESERVICE
getUserRewards ---> TOURGUIDESERVICE
getUserRewards ---> TOURGUIDESERVICE
getUserRewards ---> TOURGUIDESERVICE
getUserRewards ---> TOURGUIDESERVICE
getUserRewards ---> TOURGUIDESERVICE
getUserRewards ---> TOURGUIDESERVICE
getUserRewards ---> TOURGUIDESERVICE
getUserRewards ---> TOURGUIDESERVICE
getUserRewards ---> TOURGUIDESERVICE
getUserRewards ---> TOURGUIDESERVICE
getUserRewards ---> TOURGUIDESERVICE
getUserRewards ---> TOURGUIDESERVICE
getUserRewards ---> TOURGUIDESERVICE
getUserRewards ---> TOURGUIDESERVICE
getUserRewards ---> TOURGUIDESERVICE
getUserRewards ---> TOURGUIDESERVICE
getUserRewards ---> TOURGUIDESERVICE
getUserRewards ---> TOURGUIDESERVICE
getUserRewards ---> TOURGUIDESERVICE
getUserRewards ---> TOURGUIDESERVICE
getUserRewards ---> TOURGUIDESERVICE
getUserRewards ---> TOURGUIDESERVICE
getUserRewards ---> TOURGUIDESERVICE
getUserRewards ---> TOURGUIDESERVICE
getUserRewards ---> TOURGUIDESERVICE
getUserRewards ---> TOURGUIDESERVICE
getUserRewards ---> TOURGUIDESERVICE
getUserRewards ---> TOURGUIDESERVICE
getUserRewards ---> TOURGUIDESERVICE
getUserRewards ---> TOURGUIDESERVICE
getUserRewards ---> TOURGUIDESERVICE
getUserRewards ---> TOURGUIDESERVICE
getUserRewards ---> TOURGUIDESERVICE
getUserRewards ---> TOURGUIDESERVICE
getUserRewards ---> TOURGUIDESERVICE
getUserRewards ---> TOURGUIDESERVICE
getUserRewards ---> TOURGUIDESERVICE
getUserRewards ---> TOURGUIDESERVICE
getUserRewards ---> TOURGUIDESERVICE
getUserRewards ---> TOURGUIDESERVICE
getUserRewards ---> TOURGUIDESERVICE
getUserRewards ---> TOURGUIDESERVICE
getUserRewards ---> TOURGUIDESERVICE
getUserRewards ---> TOURGUIDESERVICE
getUserRewards ---> TOURGUIDESERVICE
getUserRewards ---> TOURGUIDESERVICE
getUserRewards ---> TOURGUIDESERVICE
getUserRewards ---> TOURGUIDESERVICE
getUserRewards ---> TOURGUIDESERVICE
getUserRewards ---> TOURGUIDESERVICE
getUserRewards ---> TOURGUIDESERVICE
getUserRewards ---> TOURGUIDESERVICE
getUserRewards ---> TOURGUIDESERVICE
getUserRewards ---> TOURGUIDESERVICE
getUserRewards ---> TOURGUIDESERVICE
getUserRewards ---> TOURGUIDESERVICE
getUserRewards ---> TOURGUIDESERVICE
getUserRewards ---> TOURGUIDESERVICE
getUserRewards ---> TOURGUIDESERVICE
getUserRewards ---> TOURGUIDESERVICE
getUserRewards ---> TOURGUIDESERVICE
getUserRewards ---> TOURGUIDESERVICE
getUserRewards ---> TOURGUIDESERVICE
getUserRewards ---> TOURGUIDESERVICE
getUserRewards ---> TOURGUIDESERVICE
getUserRewards ---> TOURGUIDESERVICE
getUserRewards ---> TOURGUIDESERVICE
getUserRewards ---> TOURGUIDESERVICE
getUserRewards ---> TOURGUIDESERVICE
getUserRewards ---> TOURGUIDESERVICE
getUserRewards ---> TOURGUIDESERVICE
getUserRewards ---> TOURGUIDESERVICE
getUserRewards ---> TOURGUIDESERVICE
getUserRewards ---> TOURGUIDESERVICE
getUserRewards ---> TOURGUIDESERVICE
getUserRewards ---> TOURGUIDESERVICE
getUserRewards ---> TOURGUIDESERVICE
getUserRewards ---> TOURGUIDESERVICE
getUserRewards ---> TOURGUIDESERVICE
getUserRewards ---> TOURGUIDESERVICE
getUserRewards ---> TOURGUIDESERVICE
getUserRewards ---> TOURGUIDESERVICE
getUserRewards ---> TOURGUIDESERVICE
getUserRewards ---> TOURGUIDESERVICE
getUserRewards ---> TOURGUIDESERVICE
getUserRewards ---> TOURGUIDESERVICE
getUserRewards ---> TOURGUIDESERVICE
getUserRewards ---> TOURGUIDESERVICE
getUserRewards ---> TOURGUIDESERVICE
getUserRewards ---> TOURGUIDESERVICE
getUserRewards ---> TOURGUIDESERVICE
getUserRewards ---> TOURGUIDESERVICE
getUserRewards ---> TOURGUIDESERVICE
getUserRewards ---> TOURGUIDESERVICE
getUserRewards ---> TOURGUIDESERVICE
getUserRewards ---> TOURGUIDESERVICE
getUserRewards ---> TOURGUIDESERVICE
getUserRewards ---> TOURGUIDESERVICE
getUserRewards ---> TOURGUIDESERVICE
getUserRewards ---> TOURGUIDESERVICE
getUserRewards ---> TOURGUIDESERVICE
getUserRewards ---> TOURGUIDESERVICE
getUserRewards ---> TOURGUIDESERVICE
getUserRewards ---> TOURGUIDESERVICE
getUserRewards ---> TOURGUIDESERVICE
getUserRewards ---> TOURGUIDESERVICE
getUserRewards ---> TOURGUIDESERVICE
getUserRewards ---> TOURGUIDESERVICE
getUserRewards ---> TOURGUIDESERVICE
getUserRewards ---> TOURGUIDESERVICE
getUserRewards ---> TOURGUIDESERVICE
getUserRewards ---> TOURGUIDESERVICE
getUserRewards ---> TOURGUIDESERVICE
getUserRewards ---> TOURGUIDESERVICE
getUserRewards ---> TOURGUIDESERVICE
getUserRewards ---> TOURGUIDESERVICE
getUserRewards ---> TOURGUIDESERVICE
getUserRewards ---> TOURGUIDESERVICE
getUserRewards ---> TOURGUIDESERVICE
getUserRewards ---> TOURGUIDESERVICE
getUserRewards ---> TOURGUIDESERVICE
getUserRewards ---> TOURGUIDESERVICE
getUserRewards ---> TOURGUIDESERVICE
getUserRewards ---> TOURGUIDESERVICE
getUserRewards ---> TOURGUIDESERVICE
getUserRewards ---> TOURGUIDESERVICE
getUserRewards ---> TOURGUIDESERVICE
getUserRewards ---> TOURGUIDESERVICE
getUserRewards ---> TOURGUIDESERVICE
getUserRewards ---> TOURGUIDESERVICE
getUserRewards ---> TOURGUIDESERVICE
getUserRewards ---> TOURGUIDESERVICE
getUserRewards ---> TOURGUIDESERVICE
getUserRewards ---> TOURGUIDESERVICE
getUserRewards ---> TOURGUIDESERVICE
getUserRewards ---> TOURGUIDESERVICE
getUserRewards ---> TOURGUIDESERVICE
getUserRewards ---> TOURGUIDESERVICE
getUserRewards ---> TOURGUIDESERVICE
getUserRewards ---> TOURGUIDESERVICE
getUserRewards ---> TOURGUIDESERVICE
getUserRewards ---> TOURGUIDESERVICE
getUserRewards ---> TOURGUIDESERVICE
getUserRewards ---> TOURGUIDESERVICE
getUserRewards ---> TOURGUIDESERVICE
getUserRewards ---> TOURGUIDESERVICE
getUserRewards ---> TOURGUIDESERVICE
getUserRewards ---> TOURGUIDESERVICE
getUserRewards ---> TOURGUIDESERVICE
getUserRewards ---> TOURGUIDESERVICE
getUserRewards ---> TOURGUIDESERVICE
getUserRewards ---> TOURGUIDESERVICE
getUserRewards ---> TOURGUIDESERVICE
getUserRewards ---> TOURGUIDESERVICE
getUserRewards ---> TOURGUIDESERVICE
getUserRewards ---> TOURGUIDESERVICE
getUserRewards ---> TOURGUIDESERVICE
getUserRewards ---> TOURGUIDESERVICE
getUserRewards ---> TOURGUIDESERVICE
getUserRewards ---> TOURGUIDESERVICE
getUserRewards ---> TOURGUIDESERVICE
getUserRewards ---> TOURGUIDESERVICE
getUserRewards ---> TOURGUIDESERVICE
getUserRewards ---> TOURGUIDESERVICE
getUserRewards ---> TOURGUIDESERVICE
getUserRewards ---> TOURGUIDESERVICE
getUserRewards ---> TOURGUIDESERVICE
getUserRewards ---> TOURGUIDESERVICE
getUserRewards ---> TOURGUIDESERVICE
getUserRewards ---> TOURGUIDESERVICE
getUserRewards ---> TOURGUIDESERVICE
getUserRewards ---> TOURGUIDESERVICE
getUserRewards ---> TOURGUIDESERVICE
getUserRewards ---> TOURGUIDESERVICE
getUserRewards ---> TOURGUIDESERVICE
getUserRewards ---> TOURGUIDESERVICE
getUserRewards ---> TOURGUIDESERVICE
getUserRewards ---> TOURGUIDESERVICE
getUserRewards ---> TOURGUIDESERVICE
getUserRewards ---> TOURGUIDESERVICE
getUserRewards ---> TOURGUIDESERVICE
getUserRewards ---> TOURGUIDESERVICE
getUserRewards ---> TOURGUIDESERVICE
getUserRewards ---> TOURGUIDESERVICE
getUserRewards ---> TOURGUIDESERVICE
getUserRewards ---> TOURGUIDESERVICE
getUserRewards ---> TOURGUIDESERVICE
getUserRewards ---> TOURGUIDESERVICE
getUserRewards ---> TOURGUIDESERVICE
getUserRewards ---> TOURGUIDESERVICE
getUserRewards ---> TOURGUIDESERVICE
getUserRewards ---> TOURGUIDESERVICE
getUserRewards ---> TOURGUIDESERVICE
getUserRewards ---> TOURGUIDESERVICE
getUserRewards ---> TOURGUIDESERVICE
getUserRewards ---> TOURGUIDESERVICE
getUserRewards ---> TOURGUIDESERVICE
getUserRewards ---> TOURGUIDESERVICE
getUserRewards ---> TOURGUIDESERVICE
getUserRewards ---> TOURGUIDESERVICE
getUserRewards ---> TOURGUIDESERVICE
getUserRewards ---> TOURGUIDESERVICE
getUserRewards ---> TOURGUIDESERVICE
getUserRewards ---> TOURGUIDESERVICE
getUserRewards ---> TOURGUIDESERVICE
getUserRewards ---> TOURGUIDESERVICE
getUserRewards ---> TOURGUIDESERVICE
getUserRewards ---> TOURGUIDESERVICE
getUserRewards ---> TOURGUIDESERVICE
getUserRewards ---> TOURGUIDESERVICE
getUserRewards ---> TOURGUIDESERVICE
getUserRewards ---> TOURGUIDESERVICE
getUserRewards ---> TOURGUIDESERVICE
getUserRewards ---> TOURGUIDESERVICE
getUserRewards ---> TOURGUIDESERVICE
getUserRewards ---> TOURGUIDESERVICE
getUserRewards ---> TOURGUIDESERVICE
getUserRewards ---> TOURGUIDESERVICE
getUserRewards ---> TOURGUIDESERVICE
getUserRewards ---> TOURGUIDESERVICE
getUserRewards ---> TOURGUIDESERVICE
getUserRewards ---> TOURGUIDESERVICE
getUserRewards ---> TOURGUIDESERVICE
getUserRewards ---> TOURGUIDESERVICE
getUserRewards ---> TOURGUIDESERVICE
getUserRewards ---> TOURGUIDESERVICE
getUserRewards ---> TOURGUIDESERVICE
getUserRewards ---> TOURGUIDESERVICE
getUserRewards ---> TOURGUIDESERVICE
getUserRewards ---> TOURGUIDESERVICE
getUserRewards ---> TOURGUIDESERVICE
getUserRewards ---> TOURGUIDESERVICE
getUserRewards ---> TOURGUIDESERVICE
getUserRewards ---> TOURGUIDESERVICE
getUserRewards ---> TOURGUIDESERVICE
getUserRewards ---> TOURGUIDESERVICE
getUserRewards ---> TOURGUIDESERVICE
getUserRewards ---> TOURGUIDESERVICE
getUserRewards ---> TOURGUIDESERVICE
getUserRewards ---> TOURGUIDESERVICE
getUserRewards ---> TOURGUIDESERVICE
getUserRewards ---> TOURGUIDESERVICE
getUserRewards ---> TOURGUIDESERVICE
getUserRewards ---> TOURGUIDESERVICE
getUserRewards ---> TOURGUIDESERVICE
getUserRewards ---> TOURGUIDESERVICE
getUserRewards ---> TOURGUIDESERVICE
getUserRewards ---> TOURGUIDESERVICE
getUserRewards ---> TOURGUIDESERVICE
getUserRewards ---> TOURGUIDESERVICE
getUserRewards ---> TOURGUIDESERVICE
getUserRewards ---> TOURGUIDESERVICE
getUserRewards ---> TOURGUIDESERVICE
getUserRewards ---> TOURGUIDESERVICE
getUserRewards ---> TOURGUIDESERVICE
getUserRewards ---> TOURGUIDESERVICE
getUserRewards ---> TOURGUIDESERVICE
getUserRewards ---> TOURGUIDESERVICE
getUserRewards ---> TOURGUIDESERVICE
getUserRewards ---> TOURGUIDESERVICE
getUserRewards ---> TOURGUIDESERVICE
getUserRewards ---> TOURGUIDESERVICE
getUserRewards ---> TOURGUIDESERVICE
getUserRewards ---> TOURGUIDESERVICE
getUserRewards ---> TOURGUIDESERVICE
getUserRewards ---> TOURGUIDESERVICE
getUserRewards ---> TOURGUIDESERVICE
getUserRewards ---> TOURGUIDESERVICE
getUserRewards ---> TOURGUIDESERVICE
getUserRewards ---> TOURGUIDESERVICE
getUserRewards ---> TOURGUIDESERVICE
getUserRewards ---> TOURGUIDESERVICE
getUserRewards ---> TOURGUIDESERVICE
getUserRewards ---> TOURGUIDESERVICE
getUserRewards ---> TOURGUIDESERVICE
getUserRewards ---> TOURGUIDESERVICE
getUserRewards ---> TOURGUIDESERVICE
getUserRewards ---> TOURGUIDESERVICE
getUserRewards ---> TOURGUIDESERVICE
getUserRewards ---> TOURGUIDESERVICE
getUserRewards ---> TOURGUIDESERVICE
getUserRewards ---> TOURGUIDESERVICE
getUserRewards ---> TOURGUIDESERVICE
getUserRewards ---> TOURGUIDESERVICE
getUserRewards ---> TOURGUIDESERVICE
getUserRewards ---> TOURGUIDESERVICE
getUserRewards ---> TOURGUIDESERVICE
getUserRewards ---> TOURGUIDESERVICE
getUserRewards ---> TOURGUIDESERVICE
getUserRewards ---> TOURGUIDESERVICE
getUserRewards ---> TOURGUIDESERVICE
getUserRewards ---> TOURGUIDESERVICE
getUserRewards ---> TOURGUIDESERVICE
getUserRewards ---> TOURGUIDESERVICE
getUserRewards ---> TOURGUIDESERVICE
getUserRewards ---> TOURGUIDESERVICE
getUserRewards ---> TOURGUIDESERVICE
getUserRewards ---> TOURGUIDESERVICE
getUserRewards ---> TOURGUIDESERVICE
getUserRewards ---> TOURGUIDESERVICE
getUserRewards ---> TOURGUIDESERVICE
getUserRewards ---> TOURGUIDESERVICE
getUserRewards ---> TOURGUIDESERVICE
getUserRewards ---> TOURGUIDESERVICE
getUserRewards ---> TOURGUIDESERVICE
getUserRewards ---> TOURGUIDESERVICE
getUserRewards ---> TOURGUIDESERVICE
getUserRewards ---> TOURGUIDESERVICE
getUserRewards ---> TOURGUIDESERVICE
getUserRewards ---> TOURGUIDESERVICE
getUserRewards ---> TOURGUIDESERVICE
getUserRewards ---> TOURGUIDESERVICE
getUserRewards ---> TOURGUIDESERVICE
getUserRewards ---> TOURGUIDESERVICE
getUserRewards ---> TOURGUIDESERVICE
getUserRewards ---> TOURGUIDESERVICE
getUserRewards ---> TOURGUIDESERVICE
getUserRewards ---> TOURGUIDESERVICE
getUserRewards ---> TOURGUIDESERVICE
getUserRewards ---> TOURGUIDESERVICE
getUserRewards ---> TOURGUIDESERVICE
getUserRewards ---> TOURGUIDESERVICE
getUserRewards ---> TOURGUIDESERVICE
getUserRewards ---> TOURGUIDESERVICE
getUserRewards ---> TOURGUIDESERVICE
getUserRewards ---> TOURGUIDESERVICE
getUserRewards ---> TOURGUIDESERVICE
getUserRewards ---> TOURGUIDESERVICE
getUserRewards ---> TOURGUIDESERVICE
getUserRewards ---> TOURGUIDESERVICE
getUserRewards ---> TOURGUIDESERVICE
getUserRewards ---> TOURGUIDESERVICE
getUserRewards ---> TOURGUIDESERVICE
getUserRewards ---> TOURGUIDESERVICE
getUserRewards ---> TOURGUIDESERVICE
getUserRewards ---> TOURGUIDESERVICE
getUserRewards ---> TOURGUIDESERVICE
getUserRewards ---> TOURGUIDESERVICE
getUserRewards ---> TOURGUIDESERVICE
getUserRewards ---> TOURGUIDESERVICE
getUserRewards ---> TOURGUIDESERVICE
getUserRewards ---> TOURGUIDESERVICE
getUserRewards ---> TOURGUIDESERVICE
getUserRewards ---> TOURGUIDESERVICE
getUserRewards ---> TOURGUIDESERVICE
getUserRewards ---> TOURGUIDESERVICE
getUserRewards ---> TOURGUIDESERVICE
getUserRewards ---> TOURGUIDESERVICE
getUserRewards ---> TOURGUIDESERVICE
getUserRewards ---> TOURGUIDESERVICE
getUserRewards ---> TOURGUIDESERVICE
getUserRewards ---> TOURGUIDESERVICE
getUserRewards ---> TOURGUIDESERVICE
getUserRewards ---> TOURGUIDESERVICE
getUserRewards ---> TOURGUIDESERVICE
getUserRewards ---> TOURGUIDESERVICE
getUserRewards ---> TOURGUIDESERVICE
getUserRewards ---> TOURGUIDESERVICE
getUserRewards ---> TOURGUIDESERVICE
getUserRewards ---> TOURGUIDESERVICE
getUserRewards ---> TOURGUIDESERVICE
getUserRewards ---> TOURGUIDESERVICE
getUserRewards ---> TOURGUIDESERVICE
getUserRewards ---> TOURGUIDESERVICE
getUserRewards ---> TOURGUIDESERVICE
getUserRewards ---> TOURGUIDESERVICE
getUserRewards ---> TOURGUIDESERVICE
getUserRewards ---> TOURGUIDESERVICE
getUserRewards ---> TOURGUIDESERVICE
getUserRewards ---> TOURGUIDESERVICE
getUserRewards ---> TOURGUIDESERVICE
getUserRewards ---> TOURGUIDESERVICE
getUserRewards ---> TOURGUIDESERVICE
getUserRewards ---> TOURGUIDESERVICE
getUserRewards ---> TOURGUIDESERVICE
getUserRewards ---> TOURGUIDESERVICE
getUserRewards ---> TOURGUIDESERVICE
getUserRewards ---> TOURGUIDESERVICE
getUserRewards ---> TOURGUIDESERVICE
getUserRewards ---> TOURGUIDESERVICE
getUserRewards ---> TOURGUIDESERVICE
getUserRewards ---> TOURGUIDESERVICE
getUserRewards ---> TOURGUIDESERVICE
getUserRewards ---> TOURGUIDESERVICE
getUserRewards ---> TOURGUIDESERVICE
getUserRewards ---> TOURGUIDESERVICE
getUserRewards ---> TOURGUIDESERVICE
getUserRewards ---> TOURGUIDESERVICE
getUserRewards ---> TOURGUIDESERVICE
getUserRewards ---> TOURGUIDESERVICE
getUserRewards ---> TOURGUIDESERVICE
getUserRewards ---> TOURGUIDESERVICE
getUserRewards ---> TOURGUIDESERVICE
getUserRewards ---> TOURGUIDESERVICE
getUserRewards ---> TOURGUIDESERVICE
getUserRewards ---> TOURGUIDESERVICE
getUserRewards ---> TOURGUIDESERVICE
getUserRewards ---> TOURGUIDESERVICE
getUserRewards ---> TOURGUIDESERVICE
getUserRewards ---> TOURGUIDESERVICE
getUserRewards ---> TOURGUIDESERVICE
getUserRewards ---> TOURGUIDESERVICE
getUserRewards ---> TOURGUIDESERVICE
getUserRewards ---> TOURGUIDESERVICE
getUserRewards ---> TOURGUIDESERVICE
getUserRewards ---> TOURGUIDESERVICE
getUserRewards ---> TOURGUIDESERVICE
getUserRewards ---> TOURGUIDESERVICE
getUserRewards ---> TOURGUIDESERVICE
getUserRewards ---> TOURGUIDESERVICE
getUserRewards ---> TOURGUIDESERVICE
getUserRewards ---> TOURGUIDESERVICE
getUserRewards ---> TOURGUIDESERVICE
getUserRewards ---> TOURGUIDESERVICE
getUserRewards ---> TOURGUIDESERVICE
getUserRewards ---> TOURGUIDESERVICE
getUserRewards ---> TOURGUIDESERVICE
getUserRewards ---> TOURGUIDESERVICE
getUserRewards ---> TOURGUIDESERVICE
getUserRewards ---> TOURGUIDESERVICE
getUserRewards ---> TOURGUIDESERVICE
getUserRewards ---> TOURGUIDESERVICE
getUserRewards ---> TOURGUIDESERVICE
getUserRewards ---> TOURGUIDESERVICE
getUserRewards ---> TOURGUIDESERVICE
getUserRewards ---> TOURGUIDESERVICE
getUserRewards ---> TOURGUIDESERVICE
getUserRewards ---> TOURGUIDESERVICE
getUserRewards ---> TOURGUIDESERVICE
getUserRewards ---> TOURGUIDESERVICE
getUserRewards ---> TOURGUIDESERVICE
getUserRewards ---> TOURGUIDESERVICE
getUserRewards ---> TOURGUIDESERVICE
getUserRewards ---> TOURGUIDESERVICE
getUserRewards ---> TOURGUIDESERVICE
getUserRewards ---> TOURGUIDESERVICE
getUserRewards ---> TOURGUIDESERVICE
getUserRewards ---> TOURGUIDESERVICE
getUserRewards ---> TOURGUIDESERVICE
getUserRewards ---> TOURGUIDESERVICE
getUserRewards ---> TOURGUIDESERVICE
getUserRewards ---> TOURGUIDESERVICE
getUserRewards ---> TOURGUIDESERVICE
getUserRewards ---> TOURGUIDESERVICE
getUserRewards ---> TOURGUIDESERVICE
getUserRewards ---> TOURGUIDESERVICE
getUserRewards ---> TOURGUIDESERVICE
getUserRewards ---> TOURGUIDESERVICE
getUserRewards ---> TOURGUIDESERVICE
getUserRewards ---> TOURGUIDESERVICE
getUserRewards ---> TOURGUIDESERVICE
getUserRewards ---> TOURGUIDESERVICE
getUserRewards ---> TOURGUIDESERVICE
getUserRewards ---> TOURGUIDESERVICE
getUserRewards ---> TOURGUIDESERVICE
getUserRewards ---> TOURGUIDESERVICE
getUserRewards ---> TOURGUIDESERVICE
getUserRewards ---> TOURGUIDESERVICE
getUserRewards ---> TOURGUIDESERVICE
getUserRewards ---> TOURGUIDESERVICE
getUserRewards ---> TOURGUIDESERVICE
getUserRewards ---> TOURGUIDESERVICE
getUserRewards ---> TOURGUIDESERVICE
getUserRewards ---> TOURGUIDESERVICE
getUserRewards ---> TOURGUIDESERVICE
getUserRewards ---> TOURGUIDESERVICE
getUserRewards ---> TOURGUIDESERVICE
getUserRewards ---> TOURGUIDESERVICE
getUserRewards ---> TOURGUIDESERVICE
getUserRewards ---> TOURGUIDESERVICE
getUserRewards ---> TOURGUIDESERVICE
getUserRewards ---> TOURGUIDESERVICE
getUserRewards ---> TOURGUIDESERVICE
getUserRewards ---> TOURGUIDESERVICE
getUserRewards ---> TOURGUIDESERVICE
getUserRewards ---> TOURGUIDESERVICE
getUserRewards ---> TOURGUIDESERVICE
getUserRewards ---> TOURGUIDESERVICE
getUserRewards ---> TOURGUIDESERVICE
getUserRewards ---> TOURGUIDESERVICE
getUserRewards ---> TOURGUIDESERVICE
getUserRewards ---> TOURGUIDESERVICE
getUserRewards ---> TOURGUIDESERVICE
getUserRewards ---> TOURGUIDESERVICE
getUserRewards ---> TOURGUIDESERVICE
getUserRewards ---> TOURGUIDESERVICE
getUserRewards ---> TOURGUIDESERVICE
getUserRewards ---> TOURGUIDESERVICE
getUserRewards ---> TOURGUIDESERVICE
getUserRewards ---> TOURGUIDESERVICE
getUserRewards ---> TOURGUIDESERVICE
getUserRewards ---> TOURGUIDESERVICE
getUserRewards ---> TOURGUIDESERVICE
getUserRewards ---> TOURGUIDESERVICE
getUserRewards ---> TOURGUIDESERVICE
getUserRewards ---> TOURGUIDESERVICE
getUserRewards ---> TOURGUIDESERVICE
getUserRewards ---> TOURGUIDESERVICE
getUserRewards ---> TOURGUIDESERVICE
getUserRewards ---> TOURGUIDESERVICE
getUserRewards ---> TOURGUIDESERVICE
getUserRewards ---> TOURGUIDESERVICE
getUserRewards ---> TOURGUIDESERVICE
getUserRewards ---> TOURGUIDESERVICE
getUserRewards ---> TOURGUIDESERVICE
getUserRewards ---> TOURGUIDESERVICE
getUserRewards ---> TOURGUIDESERVICE
getUserRewards ---> TOURGUIDESERVICE
getUserRewards ---> TOURGUIDESERVICE
getUserRewards ---> TOURGUIDESERVICE
getUserRewards ---> TOURGUIDESERVICE
getUserRewards ---> TOURGUIDESERVICE
getUserRewards ---> TOURGUIDESERVICE
getUserRewards ---> TOURGUIDESERVICE
getUserRewards ---> TOURGUIDESERVICE
getUserRewards ---> TOURGUIDESERVICE
getUserRewards ---> TOURGUIDESERVICE
getUserRewards ---> TOURGUIDESERVICE
getUserRewards ---> TOURGUIDESERVICE
getUserRewards ---> TOURGUIDESERVICE
getUserRewards ---> TOURGUIDESERVICE
getUserRewards ---> TOURGUIDESERVICE
getUserRewards ---> TOURGUIDESERVICE
getUserRewards ---> TOURGUIDESERVICE
getUserRewards ---> TOURGUIDESERVICE
getUserRewards ---> TOURGUIDESERVICE
getUserRewards ---> TOURGUIDESERVICE
getUserRewards ---> TOURGUIDESERVICE
getUserRewards ---> TOURGUIDESERVICE
getUserRewards ---> TOURGUIDESERVICE
getUserRewards ---> TOURGUIDESERVICE
getUserRewards ---> TOURGUIDESERVICE
getUserRewards ---> TOURGUIDESERVICE
getUserRewards ---> TOURGUIDESERVICE
getUserRewards ---> TOURGUIDESERVICE
getUserRewards ---> TOURGUIDESERVICE
getUserRewards ---> TOURGUIDESERVICE
getUserRewards ---> TOURGUIDESERVICE
getUserRewards ---> TOURGUIDESERVICE
getUserRewards ---> TOURGUIDESERVICE
getUserRewards ---> TOURGUIDESERVICE
getUserRewards ---> TOURGUIDESERVICE
getUserRewards ---> TOURGUIDESERVICE
getUserRewards ---> TOURGUIDESERVICE
getUserRewards ---> TOURGUIDESERVICE
getUserRewards ---> TOURGUIDESERVICE
getUserRewards ---> TOURGUIDESERVICE
getUserRewards ---> TOURGUIDESERVICE
getUserRewards ---> TOURGUIDESERVICE
getUserRewards ---> TOURGUIDESERVICE
getUserRewards ---> TOURGUIDESERVICE
getUserRewards ---> TOURGUIDESERVICE
getUserRewards ---> TOURGUIDESERVICE
getUserRewards ---> TOURGUIDESERVICE
getUserRewards ---> TOURGUIDESERVICE
getUserRewards ---> TOURGUIDESERVICE
getUserRewards ---> TOURGUIDESERVICE
getUserRewards ---> TOURGUIDESERVICE
getUserRewards ---> TOURGUIDESERVICE
getUserRewards ---> TOURGUIDESERVICE
getUserRewards ---> TOURGUIDESERVICE
getUserRewards ---> TOURGUIDESERVICE
getUserRewards ---> TOURGUIDESERVICE
getUserRewards ---> TOURGUIDESERVICE
getUserRewards ---> TOURGUIDESERVICE
getUserRewards ---> TOURGUIDESERVICE
getUserRewards ---> TOURGUIDESERVICE
getUserRewards ---> TOURGUIDESERVICE
getUserRewards ---> TOURGUIDESERVICE
getUserRewards ---> TOURGUIDESERVICE
getUserRewards ---> TOURGUIDESERVICE
getUserRewards ---> TOURGUIDESERVICE
getUserRewards ---> TOURGUIDESERVICE
getUserRewards ---> TOURGUIDESERVICE
getUserRewards ---> TOURGUIDESERVICE
getUserRewards ---> TOURGUIDESERVICE
getUserRewards ---> TOURGUIDESERVICE
getUserRewards ---> TOURGUIDESERVICE
getUserRewards ---> TOURGUIDESERVICE
getUserRewards ---> TOURGUIDESERVICE
getUserRewards ---> TOURGUIDESERVICE
getUserRewards ---> TOURGUIDESERVICE
getUserRewards ---> TOURGUIDESERVICE
getUserRewards ---> TOURGUIDESERVICE
getUserRewards ---> TOURGUIDESERVICE
getUserRewards ---> TOURGUIDESERVICE
getUserRewards ---> TOURGUIDESERVICE
getUserRewards ---> TOURGUIDESERVICE
getUserRewards ---> TOURGUIDESERVICE
getUserRewards ---> TOURGUIDESERVICE
getUserRewards ---> TOURGUIDESERVICE
getUserRewards ---> TOURGUIDESERVICE
getUserRewards ---> TOURGUIDESERVICE
getUserRewards ---> TOURGUIDESERVICE
getUserRewards ---> TOURGUIDESERVICE
getUserRewards ---> TOURGUIDESERVICE
getUserRewards ---> TOURGUIDESERVICE
getUserRewards ---> TOURGUIDESERVICE
getUserRewards ---> TOURGUIDESERVICE
getUserRewards ---> TOURGUIDESERVICE
getUserRewards ---> TOURGUIDESERVICE
getUserRewards ---> TOURGUIDESERVICE
getUserRewards ---> TOURGUIDESERVICE
getUserRewards ---> TOURGUIDESERVICE
getUserRewards ---> TOURGUIDESERVICE
getUserRewards ---> TOURGUIDESERVICE
getUserRewards ---> TOURGUIDESERVICE
getUserRewards ---> TOURGUIDESERVICE
getUserRewards ---> TOURGUIDESERVICE
getUserRewards ---> TOURGUIDESERVICE
getUserRewards ---> TOURGUIDESERVICE
getUserRewards ---> TOURGUIDESERVICE
getUserRewards ---> TOURGUIDESERVICE
getUserRewards ---> TOURGUIDESERVICE
getUserRewards ---> TOURGUIDESERVICE
getUserRewards ---> TOURGUIDESERVICE
getUserRewards ---> TOURGUIDESERVICE
getUserRewards ---> TOURGUIDESERVICE
getUserRewards ---> TOURGUIDESERVICE
getUserRewards ---> TOURGUIDESERVICE
getUserRewards ---> TOURGUIDESERVICE
getUserRewards ---> TOURGUIDESERVICE
getUserRewards ---> TOURGUIDESERVICE
getUserRewards ---> TOURGUIDESERVICE
getUserRewards ---> TOURGUIDESERVICE
getUserRewards ---> TOURGUIDESERVICE
getUserRewards ---> TOURGUIDESERVICE
getUserRewards ---> TOURGUIDESERVICE
getUserRewards ---> TOURGUIDESERVICE
getUserRewards ---> TOURGUIDESERVICE
getUserRewards ---> TOURGUIDESERVICE
getUserRewards ---> TOURGUIDESERVICE
getUserRewards ---> TOURGUIDESERVICE
getUserRewards ---> TOURGUIDESERVICE
getUserRewards ---> TOURGUIDESERVICE
getUserRewards ---> TOURGUIDESERVICE
getUserRewards ---> TOURGUIDESERVICE
getUserRewards ---> TOURGUIDESERVICE
getUserRewards ---> TOURGUIDESERVICE
getUserRewards ---> TOURGUIDESERVICE
getUserRewards ---> TOURGUIDESERVICE
getUserRewards ---> TOURGUIDESERVICE
getUserRewards ---> TOURGUIDESERVICE
getUserRewards ---> TOURGUIDESERVICE
getUserRewards ---> TOURGUIDESERVICE
getUserRewards ---> TOURGUIDESERVICE
getUserRewards ---> TOURGUIDESERVICE
getUserRewards ---> TOURGUIDESERVICE
getUserRewards ---> TOURGUIDESERVICE
getUserRewards ---> TOURGUIDESERVICE
getUserRewards ---> TOURGUIDESERVICE
getUserRewards ---> TOURGUIDESERVICE
getUserRewards ---> TOURGUIDESERVICE
getUserRewards ---> TOURGUIDESERVICE
getUserRewards ---> TOURGUIDESERVICE
getUserRewards ---> TOURGUIDESERVICE
getUserRewards ---> TOURGUIDESERVICE
getUserRewards ---> TOURGUIDESERVICE
getUserRewards ---> TOURGUIDESERVICE
getUserRewards ---> TOURGUIDESERVICE
getUserRewards ---> TOURGUIDESERVICE
getUserRewards ---> TOURGUIDESERVICE
getUserRewards ---> TOURGUIDESERVICE
getUserRewards ---> TOURGUIDESERVICE
getUserRewards ---> TOURGUIDESERVICE
getUserRewards ---> TOURGUIDESERVICE
getUserRewards ---> TOURGUIDESERVICE
getUserRewards ---> TOURGUIDESERVICE
getUserRewards ---> TOURGUIDESERVICE
getUserRewards ---> TOURGUIDESERVICE
getUserRewards ---> TOURGUIDESERVICE
getUserRewards ---> TOURGUIDESERVICE
getUserRewards ---> TOURGUIDESERVICE
getUserRewards ---> TOURGUIDESERVICE
getUserRewards ---> TOURGUIDESERVICE
getUserRewards ---> TOURGUIDESERVICE
getUserRewards ---> TOURGUIDESERVICE
getUserRewards ---> TOURGUIDESERVICE
getUserRewards ---> TOURGUIDESERVICE
getUserRewards ---> TOURGUIDESERVICE
getUserRewards ---> TOURGUIDESERVICE
getUserRewards ---> TOURGUIDESERVICE
getUserRewards ---> TOURGUIDESERVICE
getUserRewards ---> TOURGUIDESERVICE
getUserRewards ---> TOURGUIDESERVICE
getUserRewards ---> TOURGUIDESERVICE
getUserRewards ---> TOURGUIDESERVICE
getUserRewards ---> TOURGUIDESERVICE
getUserRewards ---> TOURGUIDESERVICE
getUserRewards ---> TOURGUIDESERVICE
getUserRewards ---> TOURGUIDESERVICE
getUserRewards ---> TOURGUIDESERVICE
getUserRewards ---> TOURGUIDESERVICE
getUserRewards ---> TOURGUIDESERVICE
getUserRewards ---> TOURGUIDESERVICE
getUserRewards ---> TOURGUIDESERVICE
getUserRewards ---> TOURGUIDESERVICE
getUserRewards ---> TOURGUIDESERVICE
getUserRewards ---> TOURGUIDESERVICE
getUserRewards ---> TOURGUIDESERVICE
getUserRewards ---> TOURGUIDESERVICE
getUserRewards ---> TOURGUIDESERVICE
getUserRewards ---> TOURGUIDESERVICE
getUserRewards ---> TOURGUIDESERVICE
getUserRewards ---> TOURGUIDESERVICE
getUserRewards ---> TOURGUIDESERVICE
getUserRewards ---> TOURGUIDESERVICE
getUserRewards ---> TOURGUIDESERVICE
getUserRewards ---> TOURGUIDESERVICE
getUserRewards ---> TOURGUIDESERVICE
getUserRewards ---> TOURGUIDESERVICE
getUserRewards ---> TOURGUIDESERVICE
getUserRewards ---> TOURGUIDESERVICE
getUserRewards ---> TOURGUIDESERVICE
getUserRewards ---> TOURGUIDESERVICE
getUserRewards ---> TOURGUIDESERVICE
getUserRewards ---> TOURGUIDESERVICE
getUserRewards ---> TOURGUIDESERVICE
getUserRewards ---> TOURGUIDESERVICE
getUserRewards ---> TOURGUIDESERVICE
getUserRewards ---> TOURGUIDESERVICE
getUserRewards ---> TOURGUIDESERVICE
getUserRewards ---> TOURGUIDESERVICE
getUserRewards ---> TOURGUIDESERVICE
getUserRewards ---> TOURGUIDESERVICE
getUserRewards ---> TOURGUIDESERVICE
getUserRewards ---> TOURGUIDESERVICE
getUserRewards ---> TOURGUIDESERVICE
getUserRewards ---> TOURGUIDESERVICE
getUserRewards ---> TOURGUIDESERVICE
getUserRewards ---> TOURGUIDESERVICE
getUserRewards ---> TOURGUIDESERVICE
getUserRewards ---> TOURGUIDESERVICE
getUserRewards ---> TOURGUIDESERVICE
getUserRewards ---> TOURGUIDESERVICE
getUserRewards ---> TOURGUIDESERVICE
getUserRewards ---> TOURGUIDESERVICE
getUserRewards ---> TOURGUIDESERVICE
getUserRewards ---> TOURGUIDESERVICE
getUserRewards ---> TOURGUIDESERVICE
getUserRewards ---> TOURGUIDESERVICE
getUserRewards ---> TOURGUIDESERVICE
getUserRewards ---> TOURGUIDESERVICE
getUserRewards ---> TOURGUIDESERVICE
getUserRewards ---> TOURGUIDESERVICE
getUserRewards ---> TOURGUIDESERVICE
getUserRewards ---> TOURGUIDESERVICE
getUserRewards ---> TOURGUIDESERVICE
getUserRewards ---> TOURGUIDESERVICE
getUserRewards ---> TOURGUIDESERVICE
getUserRewards ---> TOURGUIDESERVICE
getUserRewards ---> TOURGUIDESERVICE
getUserRewards ---> TOURGUIDESERVICE
getUserRewards ---> TOURGUIDESERVICE
getUserRewards ---> TOURGUIDESERVICE
getUserRewards ---> TOURGUIDESERVICE
getUserRewards ---> TOURGUIDESERVICE
getUserRewards ---> TOURGUIDESERVICE
getUserRewards ---> TOURGUIDESERVICE
getUserRewards ---> TOURGUIDESERVICE
getUserRewards ---> TOURGUIDESERVICE
getUserRewards ---> TOURGUIDESERVICE
getUserRewards ---> TOURGUIDESERVICE
getUserRewards ---> TOURGUIDESERVICE
getUserRewards ---> TOURGUIDESERVICE
getUserRewards ---> TOURGUIDESERVICE
getUserRewards ---> TOURGUIDESERVICE
getUserRewards ---> TOURGUIDESERVICE
getUserRewards ---> TOURGUIDESERVICE
getUserRewards ---> TOURGUIDESERVICE
getUserRewards ---> TOURGUIDESERVICE
getUserRewards ---> TOURGUIDESERVICE
getUserRewards ---> TOURGUIDESERVICE
getUserRewards ---> TOURGUIDESERVICE
getUserRewards ---> TOURGUIDESERVICE
getUserRewards ---> TOURGUIDESERVICE
getUserRewards ---> TOURGUIDESERVICE
getUserRewards ---> TOURGUIDESERVICE
getUserRewards ---> TOURGUIDESERVICE
getUserRewards ---> TOURGUIDESERVICE
getUserRewards ---> TOURGUIDESERVICE
getUserRewards ---> TOURGUIDESERVICE
getUserRewards ---> TOURGUIDESERVICE
getUserRewards ---> TOURGUIDESERVICE
getUserRewards ---> TOURGUIDESERVICE
getUserRewards ---> TOURGUIDESERVICE
getUserRewards ---> TOURGUIDESERVICE
getUserRewards ---> TOURGUIDESERVICE
getUserRewards ---> TOURGUIDESERVICE
getUserRewards ---> TOURGUIDESERVICE
getUserRewards ---> TOURGUIDESERVICE
getUserRewards ---> TOURGUIDESERVICE
getUserRewards ---> TOURGUIDESERVICE
getUserRewards ---> TOURGUIDESERVICE
getUserRewards ---> TOURGUIDESERVICE
getUserRewards ---> TOURGUIDESERVICE
getUserRewards ---> TOURGUIDESERVICE
getUserRewards ---> TOURGUIDESERVICE
getUserRewards ---> TOURGUIDESERVICE
getUserRewards ---> TOURGUIDESERVICE
getUserRewards ---> TOURGUIDESERVICE
getUserRewards ---> TOURGUIDESERVICE
getUserRewards ---> TOURGUIDESERVICE
getUserRewards ---> TOURGUIDESERVICE
getUserRewards ---> TOURGUIDESERVICE
getUserRewards ---> TOURGUIDESERVICE
getUserRewards ---> TOURGUIDESERVICE
getUserRewards ---> TOURGUIDESERVICE
getUserRewards ---> TOURGUIDESERVICE
getUserRewards ---> TOURGUIDESERVICE
getUserRewards ---> TOURGUIDESERVICE
getUserRewards ---> TOURGUIDESERVICE
getUserRewards ---> TOURGUIDESERVICE
getUserRewards ---> TOURGUIDESERVICE
getUserRewards ---> TOURGUIDESERVICE
getUserRewards ---> TOURGUIDESERVICE
getUserRewards ---> TOURGUIDESERVICE
getUserRewards ---> TOURGUIDESERVICE
getUserRewards ---> TOURGUIDESERVICE
getUserRewards ---> TOURGUIDESERVICE
getUserRewards ---> TOURGUIDESERVICE
getUserRewards ---> TOURGUIDESERVICE
getUserRewards ---> TOURGUIDESERVICE
getUserRewards ---> TOURGUIDESERVICE
getUserRewards ---> TOURGUIDESERVICE
getUserRewards ---> TOURGUIDESERVICE
getUserRewards ---> TOURGUIDESERVICE
getUserRewards ---> TOURGUIDESERVICE
getUserRewards ---> TOURGUIDESERVICE
getUserRewards ---> TOURGUIDESERVICE
getUserRewards ---> TOURGUIDESERVICE
getUserRewards ---> TOURGUIDESERVICE
getUserRewards ---> TOURGUIDESERVICE
getUserRewards ---> TOURGUIDESERVICE
getUserRewards ---> TOURGUIDESERVICE
getUserRewards ---> TOURGUIDESERVICE
getUserRewards ---> TOURGUIDESERVICE
getUserRewards ---> TOURGUIDESERVICE
getUserRewards ---> TOURGUIDESERVICE
getUserRewards ---> TOURGUIDESERVICE
getUserRewards ---> TOURGUIDESERVICE
getUserRewards ---> TOURGUIDESERVICE
getUserRewards ---> TOURGUIDESERVICE
getUserRewards ---> TOURGUIDESERVICE
getUserRewards ---> TOURGUIDESERVICE
getUserRewards ---> TOURGUIDESERVICE
getUserRewards ---> TOURGUIDESERVICE
getUserRewards ---> TOURGUIDESERVICE
getUserRewards ---> TOURGUIDESERVICE
getUserRewards ---> TOURGUIDESERVICE
getUserRewards ---> TOURGUIDESERVICE
getUserRewards ---> TOURGUIDESERVICE
getUserRewards ---> TOURGUIDESERVICE
getUserRewards ---> TOURGUIDESERVICE
getUserRewards ---> TOURGUIDESERVICE
getUserRewards ---> TOURGUIDESERVICE
getUserRewards ---> TOURGUIDESERVICE
getUserRewards ---> TOURGUIDESERVICE
getUserRewards ---> TOURGUIDESERVICE
getUserRewards ---> TOURGUIDESERVICE
getUserRewards ---> TOURGUIDESERVICE
getUserRewards ---> TOURGUIDESERVICE
getUserRewards ---> TOURGUIDESERVICE
getUserRewards ---> TOURGUIDESERVICE
getUserRewards ---> TOURGUIDESERVICE
getUserRewards ---> TOURGUIDESERVICE
getUserRewards ---> TOURGUIDESERVICE
getUserRewards ---> TOURGUIDESERVICE
getUserRewards ---> TOURGUIDESERVICE
getUserRewards ---> TOURGUIDESERVICE
getUserRewards ---> TOURGUIDESERVICE
getUserRewards ---> TOURGUIDESERVICE
getUserRewards ---> TOURGUIDESERVICE
getUserRewards ---> TOURGUIDESERVICE
getUserRewards ---> TOURGUIDESERVICE
getUserRewards ---> TOURGUIDESERVICE
getUserRewards ---> TOURGUIDESERVICE
getUserRewards ---> TOURGUIDESERVICE
getUserRewards ---> TOURGUIDESERVICE
getUserRewards ---> TOURGUIDESERVICE
getUserRewards ---> TOURGUIDESERVICE
getUserRewards ---> TOURGUIDESERVICE
getUserRewards ---> TOURGUIDESERVICE
getUserRewards ---> TOURGUIDESERVICE
getUserRewards ---> TOURGUIDESERVICE
getUserRewards ---> TOURGUIDESERVICE
getUserRewards ---> TOURGUIDESERVICE
getUserRewards ---> TOURGUIDESERVICE
getUserRewards ---> TOURGUIDESERVICE
getUserRewards ---> TOURGUIDESERVICE
getUserRewards ---> TOURGUIDESERVICE
getUserRewards ---> TOURGUIDESERVICE
getUserRewards ---> TOURGUIDESERVICE
getUserRewards ---> TOURGUIDESERVICE
getUserRewards ---> TOURGUIDESERVICE
getUserRewards ---> TOURGUIDESERVICE
getUserRewards ---> TOURGUIDESERVICE
getUserRewards ---> TOURGUIDESERVICE
getUserRewards ---> TOURGUIDESERVICE
getUserRewards ---> TOURGUIDESERVICE
getUserRewards ---> TOURGUIDESERVICE
getUserRewards ---> TOURGUIDESERVICE
getUserRewards ---> TOURGUIDESERVICE
getUserRewards ---> TOURGUIDESERVICE
getUserRewards ---> TOURGUIDESERVICE
getUserRewards ---> TOURGUIDESERVICE
getUserRewards ---> TOURGUIDESERVICE
getUserRewards ---> TOURGUIDESERVICE
getUserRewards ---> TOURGUIDESERVICE
getUserRewards ---> TOURGUIDESERVICE
getUserRewards ---> TOURGUIDESERVICE
getUserRewards ---> TOURGUIDESERVICE
getUserRewards ---> TOURGUIDESERVICE
getUserRewards ---> TOURGUIDESERVICE
getUserRewards ---> TOURGUIDESERVICE
getUserRewards ---> TOURGUIDESERVICE
getUserRewards ---> TOURGUIDESERVICE
getUserRewards ---> TOURGUIDESERVICE
getUserRewards ---> TOURGUIDESERVICE
getUserRewards ---> TOURGUIDESERVICE
getUserRewards ---> TOURGUIDESERVICE
getUserRewards ---> TOURGUIDESERVICE
getUserRewards ---> TOURGUIDESERVICE
getUserRewards ---> TOURGUIDESERVICE
getUserRewards ---> TOURGUIDESERVICE
getUserRewards ---> TOURGUIDESERVICE
getUserRewards ---> TOURGUIDESERVICE
getUserRewards ---> TOURGUIDESERVICE
getUserRewards ---> TOURGUIDESERVICE
getUserRewards ---> TOURGUIDESERVICE
getUserRewards ---> TOURGUIDESERVICE
getUserRewards ---> TOURGUIDESERVICE
getUserRewards ---> TOURGUIDESERVICE
getUserRewards ---> TOURGUIDESERVICE
getUserRewards ---> TOURGUIDESERVICE
getUserRewards ---> TOURGUIDESERVICE
getUserRewards ---> TOURGUIDESERVICE
getUserRewards ---> TOURGUIDESERVICE
getUserRewards ---> TOURGUIDESERVICE
getUserRewards ---> TOURGUIDESERVICE
getUserRewards ---> TOURGUIDESERVICE
getUserRewards ---> TOURGUIDESERVICE
getUserRewards ---> TOURGUIDESERVICE
getUserRewards ---> TOURGUIDESERVICE
getUserRewards ---> TOURGUIDESERVICE
getUserRewards ---> TOURGUIDESERVICE
getUserRewards ---> TOURGUIDESERVICE
getUserRewards ---> TOURGUIDESERVICE
getUserRewards ---> TOURGUIDESERVICE
getUserRewards ---> TOURGUIDESERVICE
getUserRewards ---> TOURGUIDESERVICE
getUserRewards ---> TOURGUIDESERVICE
getUserRewards ---> TOURGUIDESERVICE
getUserRewards ---> TOURGUIDESERVICE
getUserRewards ---> TOURGUIDESERVICE
getUserRewards ---> TOURGUIDESERVICE
getUserRewards ---> TOURGUIDESERVICE
getUserRewards ---> TOURGUIDESERVICE
getUserRewards ---> TOURGUIDESERVICE
getUserRewards ---> TOURGUIDESERVICE
getUserRewards ---> TOURGUIDESERVICE
getUserRewards ---> TOURGUIDESERVICE
getUserRewards ---> TOURGUIDESERVICE
getUserRewards ---> TOURGUIDESERVICE
getUserRewards ---> TOURGUIDESERVICE
getUserRewards ---> TOURGUIDESERVICE
getUserRewards ---> TOURGUIDESERVICE
getUserRewards ---> TOURGUIDESERVICE
getUserRewards ---> TOURGUIDESERVICE
getUserRewards ---> TOURGUIDESERVICE
getUserRewards ---> TOURGUIDESERVICE
getUserRewards ---> TOURGUIDESERVICE
getUserRewards ---> TOURGUIDESERVICE
getUserRewards ---> TOURGUIDESERVICE
getUserRewards ---> TOURGUIDESERVICE
getUserRewards ---> TOURGUIDESERVICE
getUserRewards ---> TOURGUIDESERVICE
getUserRewards ---> TOURGUIDESERVICE
getUserRewards ---> TOURGUIDESERVICE
getUserRewards ---> TOURGUIDESERVICE
getUserRewards ---> TOURGUIDESERVICE
getUserRewards ---> TOURGUIDESERVICE
getUserRewards ---> TOURGUIDESERVICE
getUserRewards ---> TOURGUIDESERVICE
getUserRewards ---> TOURGUIDESERVICE
getUserRewards ---> TOURGUIDESERVICE
getUserRewards ---> TOURGUIDESERVICE
getUserRewards ---> TOURGUIDESERVICE
getUserRewards ---> TOURGUIDESERVICE
getUserRewards ---> TOURGUIDESERVICE
getUserRewards ---> TOURGUIDESERVICE
getUserRewards ---> TOURGUIDESERVICE
getUserRewards ---> TOURGUIDESERVICE
getUserRewards ---> TOURGUIDESERVICE
getUserRewards ---> TOURGUIDESERVICE
getUserRewards ---> TOURGUIDESERVICE
getUserRewards ---> TOURGUIDESERVICE
getUserRewards ---> TOURGUIDESERVICE
getUserRewards ---> TOURGUIDESERVICE
getUserRewards ---> TOURGUIDESERVICE
getUserRewards ---> TOURGUIDESERVICE
getUserRewards ---> TOURGUIDESERVICE
getUserRewards ---> TOURGUIDESERVICE
getUserRewards ---> TOURGUIDESERVICE
getUserRewards ---> TOURGUIDESERVICE
getUserRewards ---> TOURGUIDESERVICE
getUserRewards ---> TOURGUIDESERVICE
getUserRewards ---> TOURGUIDESERVICE
getUserRewards ---> TOURGUIDESERVICE
getUserRewards ---> TOURGUIDESERVICE
getUserRewards ---> TOURGUIDESERVICE
getUserRewards ---> TOURGUIDESERVICE
getUserRewards ---> TOURGUIDESERVICE
getUserRewards ---> TOURGUIDESERVICE
getUserRewards ---> TOURGUIDESERVICE
getUserRewards ---> TOURGUIDESERVICE
getUserRewards ---> TOURGUIDESERVICE
getUserRewards ---> TOURGUIDESERVICE
getUserRewards ---> TOURGUIDESERVICE
getUserRewards ---> TOURGUIDESERVICE
getUserRewards ---> TOURGUIDESERVICE
getUserRewards ---> TOURGUIDESERVICE
getUserRewards ---> TOURGUIDESERVICE
getUserRewards ---> TOURGUIDESERVICE
getUserRewards ---> TOURGUIDESERVICE
getUserRewards ---> TOURGUIDESERVICE
getUserRewards ---> TOURGUIDESERVICE
getUserRewards ---> TOURGUIDESERVICE
getUserRewards ---> TOURGUIDESERVICE
getUserRewards ---> TOURGUIDESERVICE
getUserRewards ---> TOURGUIDESERVICE
getUserRewards ---> TOURGUIDESERVICE
getUserRewards ---> TOURGUIDESERVICE
getUserRewards ---> TOURGUIDESERVICE
getUserRewards ---> TOURGUIDESERVICE
getUserRewards ---> TOURGUIDESERVICE
getUserRewards ---> TOURGUIDESERVICE
getUserRewards ---> TOURGUIDESERVICE
getUserRewards ---> TOURGUIDESERVICE
getUserRewards ---> TOURGUIDESERVICE
getUserRewards ---> TOURGUIDESERVICE
getUserRewards ---> TOURGUIDESERVICE
getUserRewards ---> TOURGUIDESERVICE
getUserRewards ---> TOURGUIDESERVICE
getUserRewards ---> TOURGUIDESERVICE
getUserRewards ---> TOURGUIDESERVICE
getUserRewards ---> TOURGUIDESERVICE
getUserRewards ---> TOURGUIDESERVICE
getUserRewards ---> TOURGUIDESERVICE
getUserRewards ---> TOURGUIDESERVICE
getUserRewards ---> TOURGUIDESERVICE
getUserRewards ---> TOURGUIDESERVICE
getUserRewards ---> TOURGUIDESERVICE
getUserRewards ---> TOURGUIDESERVICE
getUserRewards ---> TOURGUIDESERVICE
getUserRewards ---> TOURGUIDESERVICE
getUserRewards ---> TOURGUIDESERVICE
getUserRewards ---> TOURGUIDESERVICE
getUserRewards ---> TOURGUIDESERVICE
getUserRewards ---> TOURGUIDESERVICE
getUserRewards ---> TOURGUIDESERVICE
getUserRewards ---> TOURGUIDESERVICE
getUserRewards ---> TOURGUIDESERVICE
getUserRewards ---> TOURGUIDESERVICE
getUserRewards ---> TOURGUIDESERVICE
getUserRewards ---> TOURGUIDESERVICE
getUserRewards ---> TOURGUIDESERVICE
getUserRewards ---> TOURGUIDESERVICE
getUserRewards ---> TOURGUIDESERVICE
getUserRewards ---> TOURGUIDESERVICE
getUserRewards ---> TOURGUIDESERVICE
getUserRewards ---> TOURGUIDESERVICE
getUserRewards ---> TOURGUIDESERVICE
getUserRewards ---> TOURGUIDESERVICE
getUserRewards ---> TOURGUIDESERVICE
getUserRewards ---> TOURGUIDESERVICE
getUserRewards ---> TOURGUIDESERVICE
getUserRewards ---> TOURGUIDESERVICE
getUserRewards ---> TOURGUIDESERVICE
getUserRewards ---> TOURGUIDESERVICE
getUserRewards ---> TOURGUIDESERVICE
getUserRewards ---> TOURGUIDESERVICE
getUserRewards ---> TOURGUIDESERVICE
getUserRewards ---> TOURGUIDESERVICE
getUserRewards ---> TOURGUIDESERVICE
getUserRewards ---> TOURGUIDESERVICE
getUserRewards ---> TOURGUIDESERVICE
getUserRewards ---> TOURGUIDESERVICE
getUserRewards ---> TOURGUIDESERVICE
getUserRewards ---> TOURGUIDESERVICE
getUserRewards ---> TOURGUIDESERVICE
getUserRewards ---> TOURGUIDESERVICE
getUserRewards ---> TOURGUIDESERVICE
getUserRewards ---> TOURGUIDESERVICE
getUserRewards ---> TOURGUIDESERVICE
getUserRewards ---> TOURGUIDESERVICE
getUserRewards ---> TOURGUIDESERVICE
getUserRewards ---> TOURGUIDESERVICE
getUserRewards ---> TOURGUIDESERVICE
getUserRewards ---> TOURGUIDESERVICE
getUserRewards ---> TOURGUIDESERVICE
getUserRewards ---> TOURGUIDESERVICE
getUserRewards ---> TOURGUIDESERVICE
getUserRewards ---> TOURGUIDESERVICE
getUserRewards ---> TOURGUIDESERVICE
getUserRewards ---> TOURGUIDESERVICE
getUserRewards ---> TOURGUIDESERVICE
getUserRewards ---> TOURGUIDESERVICE
getUserRewards ---> TOURGUIDESERVICE
getUserRewards ---> TOURGUIDESERVICE
getUserRewards ---> TOURGUIDESERVICE
getUserRewards ---> TOURGUIDESERVICE
getUserRewards ---> TOURGUIDESERVICE
getUserRewards ---> TOURGUIDESERVICE
getUserRewards ---> TOURGUIDESERVICE
getUserRewards ---> TOURGUIDESERVICE
getUserRewards ---> TOURGUIDESERVICE
getUserRewards ---> TOURGUIDESERVICE
getUserRewards ---> TOURGUIDESERVICE
getUserRewards ---> TOURGUIDESERVICE
getUserRewards ---> TOURGUIDESERVICE
getUserRewards ---> TOURGUIDESERVICE
getUserRewards ---> TOURGUIDESERVICE
getUserRewards ---> TOURGUIDESERVICE
getUserRewards ---> TOURGUIDESERVICE
getUserRewards ---> TOURGUIDESERVICE
getUserRewards ---> TOURGUIDESERVICE
getUserRewards ---> TOURGUIDESERVICE
getUserRewards ---> TOURGUIDESERVICE
getUserRewards ---> TOURGUIDESERVICE
getUserRewards ---> TOURGUIDESERVICE
getUserRewards ---> TOURGUIDESERVICE
getUserRewards ---> TOURGUIDESERVICE
getUserRewards ---> TOURGUIDESERVICE
getUserRewards ---> TOURGUIDESERVICE
getUserRewards ---> TOURGUIDESERVICE
getUserRewards ---> TOURGUIDESERVICE
getUserRewards ---> TOURGUIDESERVICE
getUserRewards ---> TOURGUIDESERVICE
getUserRewards ---> TOURGUIDESERVICE
getUserRewards ---> TOURGUIDESERVICE
getUserRewards ---> TOURGUIDESERVICE
getUserRewards ---> TOURGUIDESERVICE
getUserRewards ---> TOURGUIDESERVICE
getUserRewards ---> TOURGUIDESERVICE
getUserRewards ---> TOURGUIDESERVICE
getUserRewards ---> TOURGUIDESERVICE
getUserRewards ---> TOURGUIDESERVICE
getUserRewards ---> TOURGUIDESERVICE
getUserRewards ---> TOURGUIDESERVICE
getUserRewards ---> TOURGUIDESERVICE
getUserRewards ---> TOURGUIDESERVICE
getUserRewards ---> TOURGUIDESERVICE
getUserRewards ---> TOURGUIDESERVICE
getUserRewards ---> TOURGUIDESERVICE
getUserRewards ---> TOURGUIDESERVICE
getUserRewards ---> TOURGUIDESERVICE
getUserRewards ---> TOURGUIDESERVICE
getUserRewards ---> TOURGUIDESERVICE
getUserRewards ---> TOURGUIDESERVICE
getUserRewards ---> TOURGUIDESERVICE
getUserRewards ---> TOURGUIDESERVICE
getUserRewards ---> TOURGUIDESERVICE
getUserRewards ---> TOURGUIDESERVICE
getUserRewards ---> TOURGUIDESERVICE
getUserRewards ---> TOURGUIDESERVICE
getUserRewards ---> TOURGUIDESERVICE
getUserRewards ---> TOURGUIDESERVICE
getUserRewards ---> TOURGUIDESERVICE
getUserRewards ---> TOURGUIDESERVICE
getUserRewards ---> TOURGUIDESERVICE
getUserRewards ---> TOURGUIDESERVICE
getUserRewards ---> TOURGUIDESERVICE
getUserRewards ---> TOURGUIDESERVICE
getUserRewards ---> TOURGUIDESERVICE
getUserRewards ---> TOURGUIDESERVICE
getUserRewards ---> TOURGUIDESERVICE
getUserRewards ---> TOURGUIDESERVICE
getUserRewards ---> TOURGUIDESERVICE
getUserRewards ---> TOURGUIDESERVICE
getUserRewards ---> TOURGUIDESERVICE
getUserRewards ---> TOURGUIDESERVICE
getUserRewards ---> TOURGUIDESERVICE
getUserRewards ---> TOURGUIDESERVICE
getUserRewards ---> TOURGUIDESERVICE
getUserRewards ---> TOURGUIDESERVICE
getUserRewards ---> TOURGUIDESERVICE
getUserRewards ---> TOURGUIDESERVICE
getUserRewards ---> TOURGUIDESERVICE
getUserRewards ---> TOURGUIDESERVICE
getUserRewards ---> TOURGUIDESERVICE
getUserRewards ---> TOURGUIDESERVICE
getUserRewards ---> TOURGUIDESERVICE
getUserRewards ---> TOURGUIDESERVICE
getUserRewards ---> TOURGUIDESERVICE
getUserRewards ---> TOURGUIDESERVICE
getUserRewards ---> TOURGUIDESERVICE
getUserRewards ---> TOURGUIDESERVICE
getUserRewards ---> TOURGUIDESERVICE
getUserRewards ---> TOURGUIDESERVICE
getUserRewards ---> TOURGUIDESERVICE
getUserRewards ---> TOURGUIDESERVICE
getUserRewards ---> TOURGUIDESERVICE
getUserRewards ---> TOURGUIDESERVICE
getUserRewards ---> TOURGUIDESERVICE
getUserRewards ---> TOURGUIDESERVICE
getUserRewards ---> TOURGUIDESERVICE
getUserRewards ---> TOURGUIDESERVICE
getUserRewards ---> TOURGUIDESERVICE
getUserRewards ---> TOURGUIDESERVICE
getUserRewards ---> TOURGUIDESERVICE
getUserRewards ---> TOURGUIDESERVICE
getUserRewards ---> TOURGUIDESERVICE
getUserRewards ---> TOURGUIDESERVICE
getUserRewards ---> TOURGUIDESERVICE
getUserRewards ---> TOURGUIDESERVICE
getUserRewards ---> TOURGUIDESERVICE
getUserRewards ---> TOURGUIDESERVICE
getUserRewards ---> TOURGUIDESERVICE
getUserRewards ---> TOURGUIDESERVICE
getUserRewards ---> TOURGUIDESERVICE
getUserRewards ---> TOURGUIDESERVICE
getUserRewards ---> TOURGUIDESERVICE
getUserRewards ---> TOURGUIDESERVICE
getUserRewards ---> TOURGUIDESERVICE
getUserRewards ---> TOURGUIDESERVICE
getUserRewards ---> TOURGUIDESERVICE
getUserRewards ---> TOURGUIDESERVICE
getUserRewards ---> TOURGUIDESERVICE
getUserRewards ---> TOURGUIDESERVICE
getUserRewards ---> TOURGUIDESERVICE
getUserRewards ---> TOURGUIDESERVICE
getUserRewards ---> TOURGUIDESERVICE
getUserRewards ---> TOURGUIDESERVICE
getUserRewards ---> TOURGUIDESERVICE
getUserRewards ---> TOURGUIDESERVICE
getUserRewards ---> TOURGUIDESERVICE
getUserRewards ---> TOURGUIDESERVICE
getUserRewards ---> TOURGUIDESERVICE
getUserRewards ---> TOURGUIDESERVICE
getUserRewards ---> TOURGUIDESERVICE
getUserRewards ---> TOURGUIDESERVICE
getUserRewards ---> TOURGUIDESERVICE
getUserRewards ---> TOURGUIDESERVICE
getUserRewards ---> TOURGUIDESERVICE
getUserRewards ---> TOURGUIDESERVICE
getUserRewards ---> TOURGUIDESERVICE
getUserRewards ---> TOURGUIDESERVICE
getUserRewards ---> TOURGUIDESERVICE
getUserRewards ---> TOURGUIDESERVICE
getUserRewards ---> TOURGUIDESERVICE
getUserRewards ---> TOURGUIDESERVICE
getUserRewards ---> TOURGUIDESERVICE
getUserRewards ---> TOURGUIDESERVICE
getUserRewards ---> TOURGUIDESERVICE
getUserRewards ---> TOURGUIDESERVICE
getUserRewards ---> TOURGUIDESERVICE
getUserRewards ---> TOURGUIDESERVICE
getUserRewards ---> TOURGUIDESERVICE
getUserRewards ---> TOURGUIDESERVICE
getUserRewards ---> TOURGUIDESERVICE
getUserRewards ---> TOURGUIDESERVICE
getUserRewards ---> TOURGUIDESERVICE
getUserRewards ---> TOURGUIDESERVICE
getUserRewards ---> TOURGUIDESERVICE
getUserRewards ---> TOURGUIDESERVICE
getUserRewards ---> TOURGUIDESERVICE
getUserRewards ---> TOURGUIDESERVICE
getUserRewards ---> TOURGUIDESERVICE
getUserRewards ---> TOURGUIDESERVICE
getUserRewards ---> TOURGUIDESERVICE
getUserRewards ---> TOURGUIDESERVICE
getUserRewards ---> TOURGUIDESERVICE
getUserRewards ---> TOURGUIDESERVICE
getUserRewards ---> TOURGUIDESERVICE
getUserRewards ---> TOURGUIDESERVICE
getUserRewards ---> TOURGUIDESERVICE
getUserRewards ---> TOURGUIDESERVICE
getUserRewards ---> TOURGUIDESERVICE
getUserRewards ---> TOURGUIDESERVICE
getUserRewards ---> TOURGUIDESERVICE
getUserRewards ---> TOURGUIDESERVICE
getUserRewards ---> TOURGUIDESERVICE
getUserRewards ---> TOURGUIDESERVICE
getUserRewards ---> TOURGUIDESERVICE
getUserRewards ---> TOURGUIDESERVICE
getUserRewards ---> TOURGUIDESERVICE
getUserRewards ---> TOURGUIDESERVICE
getUserRewards ---> TOURGUIDESERVICE
getUserRewards ---> TOURGUIDESERVICE
getUserRewards ---> TOURGUIDESERVICE
getUserRewards ---> TOURGUIDESERVICE
getUserRewards ---> TOURGUIDESERVICE
getUserRewards ---> TOURGUIDESERVICE
getUserRewards ---> TOURGUIDESERVICE
getUserRewards ---> TOURGUIDESERVICE
getUserRewards ---> TOURGUIDESERVICE
getUserRewards ---> TOURGUIDESERVICE
getUserRewards ---> TOURGUIDESERVICE
getUserRewards ---> TOURGUIDESERVICE
getUserRewards ---> TOURGUIDESERVICE
getUserRewards ---> TOURGUIDESERVICE
getUserRewards ---> TOURGUIDESERVICE
getUserRewards ---> TOURGUIDESERVICE
getUserRewards ---> TOURGUIDESERVICE
getUserRewards ---> TOURGUIDESERVICE
getUserRewards ---> TOURGUIDESERVICE
getUserRewards ---> TOURGUIDESERVICE
getUserRewards ---> TOURGUIDESERVICE
getUserRewards ---> TOURGUIDESERVICE
getUserRewards ---> TOURGUIDESERVICE
getUserRewards ---> TOURGUIDESERVICE
getUserRewards ---> TOURGUIDESERVICE
getUserRewards ---> TOURGUIDESERVICE
getUserRewards ---> TOURGUIDESERVICE
getUserRewards ---> TOURGUIDESERVICE
getUserRewards ---> TOURGUIDESERVICE
getUserRewards ---> TOURGUIDESERVICE
getUserRewards ---> TOURGUIDESERVICE
getUserRewards ---> TOURGUIDESERVICE
getUserRewards ---> TOURGUIDESERVICE
getUserRewards ---> TOURGUIDESERVICE
getUserRewards ---> TOURGUIDESERVICE
getUserRewards ---> TOURGUIDESERVICE
getUserRewards ---> TOURGUIDESERVICE
getUserRewards ---> TOURGUIDESERVICE
getUserRewards ---> TOURGUIDESERVICE
getUserRewards ---> TOURGUIDESERVICE
getUserRewards ---> TOURGUIDESERVICE
getUserRewards ---> TOURGUIDESERVICE
getUserRewards ---> TOURGUIDESERVICE
getUserRewards ---> TOURGUIDESERVICE
getUserRewards ---> TOURGUIDESERVICE
getUserRewards ---> TOURGUIDESERVICE
getUserRewards ---> TOURGUIDESERVICE
getUserRewards ---> TOURGUIDESERVICE
getUserRewards ---> TOURGUIDESERVICE
getUserRewards ---> TOURGUIDESERVICE
getUserRewards ---> TOURGUIDESERVICE
getUserRewards ---> TOURGUIDESERVICE
getUserRewards ---> TOURGUIDESERVICE
getUserRewards ---> TOURGUIDESERVICE
getUserRewards ---> TOURGUIDESERVICE
getUserRewards ---> TOURGUIDESERVICE
getUserRewards ---> TOURGUIDESERVICE
getUserRewards ---> TOURGUIDESERVICE
getUserRewards ---> TOURGUIDESERVICE
getUserRewards ---> TOURGUIDESERVICE
getUserRewards ---> TOURGUIDESERVICE
getUserRewards ---> TOURGUIDESERVICE
getUserRewards ---> TOURGUIDESERVICE
getUserRewards ---> TOURGUIDESERVICE
getUserRewards ---> TOURGUIDESERVICE
getUserRewards ---> TOURGUIDESERVICE
getUserRewards ---> TOURGUIDESERVICE
getUserRewards ---> TOURGUIDESERVICE
getUserRewards ---> TOURGUIDESERVICE
getUserRewards ---> TOURGUIDESERVICE
getUserRewards ---> TOURGUIDESERVICE
getUserRewards ---> TOURGUIDESERVICE
getUserRewards ---> TOURGUIDESERVICE
getUserRewards ---> TOURGUIDESERVICE
getUserRewards ---> TOURGUIDESERVICE
getUserRewards ---> TOURGUIDESERVICE
getUserRewards ---> TOURGUIDESERVICE
getUserRewards ---> TOURGUIDESERVICE
getUserRewards ---> TOURGUIDESERVICE
getUserRewards ---> TOURGUIDESERVICE
getUserRewards ---> TOURGUIDESERVICE
getUserRewards ---> TOURGUIDESERVICE
getUserRewards ---> TOURGUIDESERVICE
getUserRewards ---> TOURGUIDESERVICE
getUserRewards ---> TOURGUIDESERVICE
getUserRewards ---> TOURGUIDESERVICE
getUserRewards ---> TOURGUIDESERVICE
getUserRewards ---> TOURGUIDESERVICE
getUserRewards ---> TOURGUIDESERVICE
getUserRewards ---> TOURGUIDESERVICE
getUserRewards ---> TOURGUIDESERVICE
getUserRewards ---> TOURGUIDESERVICE
getUserRewards ---> TOURGUIDESERVICE
getUserRewards ---> TOURGUIDESERVICE
getUserRewards ---> TOURGUIDESERVICE
getUserRewards ---> TOURGUIDESERVICE
getUserRewards ---> TOURGUIDESERVICE
getUserRewards ---> TOURGUIDESERVICE
getUserRewards ---> TOURGUIDESERVICE
getUserRewards ---> TOURGUIDESERVICE
getUserRewards ---> TOURGUIDESERVICE
getUserRewards ---> TOURGUIDESERVICE
getUserRewards ---> TOURGUIDESERVICE
getUserRewards ---> TOURGUIDESERVICE
getUserRewards ---> TOURGUIDESERVICE
getUserRewards ---> TOURGUIDESERVICE
getUserRewards ---> TOURGUIDESERVICE
getUserRewards ---> TOURGUIDESERVICE
getUserRewards ---> TOURGUIDESERVICE
getUserRewards ---> TOURGUIDESERVICE
getUserRewards ---> TOURGUIDESERVICE
getUserRewards ---> TOURGUIDESERVICE
getUserRewards ---> TOURGUIDESERVICE
getUserRewards ---> TOURGUIDESERVICE
getUserRewards ---> TOURGUIDESERVICE
getUserRewards ---> TOURGUIDESERVICE
getUserRewards ---> TOURGUIDESERVICE
getUserRewards ---> TOURGUIDESERVICE
getUserRewards ---> TOURGUIDESERVICE
getUserRewards ---> TOURGUIDESERVICE
getUserRewards ---> TOURGUIDESERVICE
getUserRewards ---> TOURGUIDESERVICE
getUserRewards ---> TOURGUIDESERVICE
getUserRewards ---> TOURGUIDESERVICE
getUserRewards ---> TOURGUIDESERVICE
getUserRewards ---> TOURGUIDESERVICE
getUserRewards ---> TOURGUIDESERVICE
getUserRewards ---> TOURGUIDESERVICE
getUserRewards ---> TOURGUIDESERVICE
getUserRewards ---> TOURGUIDESERVICE
getUserRewards ---> TOURGUIDESERVICE
getUserRewards ---> TOURGUIDESERVICE
getUserRewards ---> TOURGUIDESERVICE
getUserRewards ---> TOURGUIDESERVICE
getUserRewards ---> TOURGUIDESERVICE
getUserRewards ---> TOURGUIDESERVICE
getUserRewards ---> TOURGUIDESERVICE
getUserRewards ---> TOURGUIDESERVICE
getUserRewards ---> TOURGUIDESERVICE
getUserRewards ---> TOURGUIDESERVICE
getUserRewards ---> TOURGUIDESERVICE
getUserRewards ---> TOURGUIDESERVICE
getUserRewards ---> TOURGUIDESERVICE
getUserRewards ---> TOURGUIDESERVICE
getUserRewards ---> TOURGUIDESERVICE
getUserRewards ---> TOURGUIDESERVICE
getUserRewards ---> TOURGUIDESERVICE
getUserRewards ---> TOURGUIDESERVICE
getUserRewards ---> TOURGUIDESERVICE
getUserRewards ---> TOURGUIDESERVICE
getUserRewards ---> TOURGUIDESERVICE
getUserRewards ---> TOURGUIDESERVICE
getUserRewards ---> TOURGUIDESERVICE
getUserRewards ---> TOURGUIDESERVICE
getUserRewards ---> TOURGUIDESERVICE
getUserRewards ---> TOURGUIDESERVICE
getUserRewards ---> TOURGUIDESERVICE
getUserRewards ---> TOURGUIDESERVICE
getUserRewards ---> TOURGUIDESERVICE
getUserRewards ---> TOURGUIDESERVICE
getUserRewards ---> TOURGUIDESERVICE
getUserRewards ---> TOURGUIDESERVICE
getUserRewards ---> TOURGUIDESERVICE
getUserRewards ---> TOURGUIDESERVICE
getUserRewards ---> TOURGUIDESERVICE
getUserRewards ---> TOURGUIDESERVICE
getUserRewards ---> TOURGUIDESERVICE
getUserRewards ---> TOURGUIDESERVICE
getUserRewards ---> TOURGUIDESERVICE
getUserRewards ---> TOURGUIDESERVICE
getUserRewards ---> TOURGUIDESERVICE
getUserRewards ---> TOURGUIDESERVICE
getUserRewards ---> TOURGUIDESERVICE
getUserRewards ---> TOURGUIDESERVICE
getUserRewards ---> TOURGUIDESERVICE
getUserRewards ---> TOURGUIDESERVICE
getUserRewards ---> TOURGUIDESERVICE
getUserRewards ---> TOURGUIDESERVICE
getUserRewards ---> TOURGUIDESERVICE
getUserRewards ---> TOURGUIDESERVICE
getUserRewards ---> TOURGUIDESERVICE
getUserRewards ---> TOURGUIDESERVICE
getUserRewards ---> TOURGUIDESERVICE
getUserRewards ---> TOURGUIDESERVICE
getUserRewards ---> TOURGUIDESERVICE
getUserRewards ---> TOURGUIDESERVICE
getUserRewards ---> TOURGUIDESERVICE
getUserRewards ---> TOURGUIDESERVICE
getUserRewards ---> TOURGUIDESERVICE
getUserRewards ---> TOURGUIDESERVICE
getUserRewards ---> TOURGUIDESERVICE
getUserRewards ---> TOURGUIDESERVICE
getUserRewards ---> TOURGUIDESERVICE
getUserRewards ---> TOURGUIDESERVICE
getUserRewards ---> TOURGUIDESERVICE
getUserRewards ---> TOURGUIDESERVICE
getUserRewards ---> TOURGUIDESERVICE
getUserRewards ---> TOURGUIDESERVICE
getUserRewards ---> TOURGUIDESERVICE
getUserRewards ---> TOURGUIDESERVICE
getUserRewards ---> TOURGUIDESERVICE
getUserRewards ---> TOURGUIDESERVICE
getUserRewards ---> TOURGUIDESERVICE
getUserRewards ---> TOURGUIDESERVICE
getUserRewards ---> TOURGUIDESERVICE
getUserRewards ---> TOURGUIDESERVICE
getUserRewards ---> TOURGUIDESERVICE
getUserRewards ---> TOURGUIDESERVICE
getUserRewards ---> TOURGUIDESERVICE
getUserRewards ---> TOURGUIDESERVICE
getUserRewards ---> TOURGUIDESERVICE
getUserRewards ---> TOURGUIDESERVICE
getUserRewards ---> TOURGUIDESERVICE
getUserRewards ---> TOURGUIDESERVICE
getUserRewards ---> TOURGUIDESERVICE
getUserRewards ---> TOURGUIDESERVICE
getUserRewards ---> TOURGUIDESERVICE
getUserRewards ---> TOURGUIDESERVICE
getUserRewards ---> TOURGUIDESERVICE
getUserRewards ---> TOURGUIDESERVICE
getUserRewards ---> TOURGUIDESERVICE
getUserRewards ---> TOURGUIDESERVICE
getUserRewards ---> TOURGUIDESERVICE
getUserRewards ---> TOURGUIDESERVICE
getUserRewards ---> TOURGUIDESERVICE
getUserRewards ---> TOURGUIDESERVICE
getUserRewards ---> TOURGUIDESERVICE
getUserRewards ---> TOURGUIDESERVICE
getUserRewards ---> TOURGUIDESERVICE
getUserRewards ---> TOURGUIDESERVICE
getUserRewards ---> TOURGUIDESERVICE
getUserRewards ---> TOURGUIDESERVICE
getUserRewards ---> TOURGUIDESERVICE
getUserRewards ---> TOURGUIDESERVICE
getUserRewards ---> TOURGUIDESERVICE
getUserRewards ---> TOURGUIDESERVICE
getUserRewards ---> TOURGUIDESERVICE
getUserRewards ---> TOURGUIDESERVICE
getUserRewards ---> TOURGUIDESERVICE
getUserRewards ---> TOURGUIDESERVICE
getUserRewards ---> TOURGUIDESERVICE
getUserRewards ---> TOURGUIDESERVICE
getUserRewards ---> TOURGUIDESERVICE
getUserRewards ---> TOURGUIDESERVICE
getUserRewards ---> TOURGUIDESERVICE
getUserRewards ---> TOURGUIDESERVICE
getUserRewards ---> TOURGUIDESERVICE
getUserRewards ---> TOURGUIDESERVICE
getUserRewards ---> TOURGUIDESERVICE
getUserRewards ---> TOURGUIDESERVICE
getUserRewards ---> TOURGUIDESERVICE
getUserRewards ---> TOURGUIDESERVICE
getUserRewards ---> TOURGUIDESERVICE
getUserRewards ---> TOURGUIDESERVICE
getUserRewards ---> TOURGUIDESERVICE
getUserRewards ---> TOURGUIDESERVICE
getUserRewards ---> TOURGUIDESERVICE
getUserRewards ---> TOURGUIDESERVICE
getUserRewards ---> TOURGUIDESERVICE
getUserRewards ---> TOURGUIDESERVICE
getUserRewards ---> TOURGUIDESERVICE
getUserRewards ---> TOURGUIDESERVICE
getUserRewards ---> TOURGUIDESERVICE
getUserRewards ---> TOURGUIDESERVICE
getUserRewards ---> TOURGUIDESERVICE
getUserRewards ---> TOURGUIDESERVICE
getUserRewards ---> TOURGUIDESERVICE
getUserRewards ---> TOURGUIDESERVICE
getUserRewards ---> TOURGUIDESERVICE
getUserRewards ---> TOURGUIDESERVICE
getUserRewards ---> TOURGUIDESERVICE
getUserRewards ---> TOURGUIDESERVICE
getUserRewards ---> TOURGUIDESERVICE
getUserRewards ---> TOURGUIDESERVICE
getUserRewards ---> TOURGUIDESERVICE
getUserRewards ---> TOURGUIDESERVICE
getUserRewards ---> TOURGUIDESERVICE
getUserRewards ---> TOURGUIDESERVICE
getUserRewards ---> TOURGUIDESERVICE
getUserRewards ---> TOURGUIDESERVICE
getUserRewards ---> TOURGUIDESERVICE
getUserRewards ---> TOURGUIDESERVICE
getUserRewards ---> TOURGUIDESERVICE
getUserRewards ---> TOURGUIDESERVICE
getUserRewards ---> TOURGUIDESERVICE
getUserRewards ---> TOURGUIDESERVICE
getUserRewards ---> TOURGUIDESERVICE
getUserRewards ---> TOURGUIDESERVICE
getUserRewards ---> TOURGUIDESERVICE
getUserRewards ---> TOURGUIDESERVICE
getUserRewards ---> TOURGUIDESERVICE
getUserRewards ---> TOURGUIDESERVICE
getUserRewards ---> TOURGUIDESERVICE
getUserRewards ---> TOURGUIDESERVICE
getUserRewards ---> TOURGUIDESERVICE
getUserRewards ---> TOURGUIDESERVICE
getUserRewards ---> TOURGUIDESERVICE
getUserRewards ---> TOURGUIDESERVICE
getUserRewards ---> TOURGUIDESERVICE
getUserRewards ---> TOURGUIDESERVICE
getUserRewards ---> TOURGUIDESERVICE
getUserRewards ---> TOURGUIDESERVICE
getUserRewards ---> TOURGUIDESERVICE
getUserRewards ---> TOURGUIDESERVICE
getUserRewards ---> TOURGUIDESERVICE
getUserRewards ---> TOURGUIDESERVICE
getUserRewards ---> TOURGUIDESERVICE
getUserRewards ---> TOURGUIDESERVICE
getUserRewards ---> TOURGUIDESERVICE
getUserRewards ---> TOURGUIDESERVICE
getUserRewards ---> TOURGUIDESERVICE
getUserRewards ---> TOURGUIDESERVICE
getUserRewards ---> TOURGUIDESERVICE
getUserRewards ---> TOURGUIDESERVICE
getUserRewards ---> TOURGUIDESERVICE
getUserRewards ---> TOURGUIDESERVICE
getUserRewards ---> TOURGUIDESERVICE
getUserRewards ---> TOURGUIDESERVICE
getUserRewards ---> TOURGUIDESERVICE
getUserRewards ---> TOURGUIDESERVICE
getUserRewards ---> TOURGUIDESERVICE
getUserRewards ---> TOURGUIDESERVICE
getUserRewards ---> TOURGUIDESERVICE
getUserRewards ---> TOURGUIDESERVICE
getUserRewards ---> TOURGUIDESERVICE
getUserRewards ---> TOURGUIDESERVICE
getUserRewards ---> TOURGUIDESERVICE
getUserRewards ---> TOURGUIDESERVICE
getUserRewards ---> TOURGUIDESERVICE
getUserRewards ---> TOURGUIDESERVICE
getUserRewards ---> TOURGUIDESERVICE
getUserRewards ---> TOURGUIDESERVICE
getUserRewards ---> TOURGUIDESERVICE
getUserRewards ---> TOURGUIDESERVICE
getUserRewards ---> TOURGUIDESERVICE
getUserRewards ---> TOURGUIDESERVICE
getUserRewards ---> TOURGUIDESERVICE
getUserRewards ---> TOURGUIDESERVICE
getUserRewards ---> TOURGUIDESERVICE
getUserRewards ---> TOURGUIDESERVICE
getUserRewards ---> TOURGUIDESERVICE
getUserRewards ---> TOURGUIDESERVICE
getUserRewards ---> TOURGUIDESERVICE
getUserRewards ---> TOURGUIDESERVICE
getUserRewards ---> TOURGUIDESERVICE
getUserRewards ---> TOURGUIDESERVICE
getUserRewards ---> TOURGUIDESERVICE
getUserRewards ---> TOURGUIDESERVICE
getUserRewards ---> TOURGUIDESERVICE
getUserRewards ---> TOURGUIDESERVICE
getUserRewards ---> TOURGUIDESERVICE
getUserRewards ---> TOURGUIDESERVICE
getUserRewards ---> TOURGUIDESERVICE
getUserRewards ---> TOURGUIDESERVICE
getUserRewards ---> TOURGUIDESERVICE
getUserRewards ---> TOURGUIDESERVICE
getUserRewards ---> TOURGUIDESERVICE
getUserRewards ---> TOURGUIDESERVICE
getUserRewards ---> TOURGUIDESERVICE
getUserRewards ---> TOURGUIDESERVICE
getUserRewards ---> TOURGUIDESERVICE
getUserRewards ---> TOURGUIDESERVICE
getUserRewards ---> TOURGUIDESERVICE
getUserRewards ---> TOURGUIDESERVICE
getUserRewards ---> TOURGUIDESERVICE
getUserRewards ---> TOURGUIDESERVICE
getUserRewards ---> TOURGUIDESERVICE
getUserRewards ---> TOURGUIDESERVICE
getUserRewards ---> TOURGUIDESERVICE
getUserRewards ---> TOURGUIDESERVICE
getUserRewards ---> TOURGUIDESERVICE
getUserRewards ---> TOURGUIDESERVICE
getUserRewards ---> TOURGUIDESERVICE
getUserRewards ---> TOURGUIDESERVICE
getUserRewards ---> TOURGUIDESERVICE
getUserRewards ---> TOURGUIDESERVICE
getUserRewards ---> TOURGUIDESERVICE
getUserRewards ---> TOURGUIDESERVICE
getUserRewards ---> TOURGUIDESERVICE
getUserRewards ---> TOURGUIDESERVICE
getUserRewards ---> TOURGUIDESERVICE
getUserRewards ---> TOURGUIDESERVICE
getUserRewards ---> TOURGUIDESERVICE
getUserRewards ---> TOURGUIDESERVICE
getUserRewards ---> TOURGUIDESERVICE
getUserRewards ---> TOURGUIDESERVICE
getUserRewards ---> TOURGUIDESERVICE
getUserRewards ---> TOURGUIDESERVICE
getUserRewards ---> TOURGUIDESERVICE
getUserRewards ---> TOURGUIDESERVICE
getUserRewards ---> TOURGUIDESERVICE
getUserRewards ---> TOURGUIDESERVICE
getUserRewards ---> TOURGUIDESERVICE
getUserRewards ---> TOURGUIDESERVICE
getUserRewards ---> TOURGUIDESERVICE
getUserRewards ---> TOURGUIDESERVICE
getUserRewards ---> TOURGUIDESERVICE
getUserRewards ---> TOURGUIDESERVICE
getUserRewards ---> TOURGUIDESERVICE
getUserRewards ---> TOURGUIDESERVICE
getUserRewards ---> TOURGUIDESERVICE
getUserRewards ---> TOURGUIDESERVICE
getUserRewards ---> TOURGUIDESERVICE
getUserRewards ---> TOURGUIDESERVICE
getUserRewards ---> TOURGUIDESERVICE
getUserRewards ---> TOURGUIDESERVICE
getUserRewards ---> TOURGUIDESERVICE
getUserRewards ---> TOURGUIDESERVICE
getUserRewards ---> TOURGUIDESERVICE
getUserRewards ---> TOURGUIDESERVICE
getUserRewards ---> TOURGUIDESERVICE
getUserRewards ---> TOURGUIDESERVICE
getUserRewards ---> TOURGUIDESERVICE
getUserRewards ---> TOURGUIDESERVICE
getUserRewards ---> TOURGUIDESERVICE
getUserRewards ---> TOURGUIDESERVICE
getUserRewards ---> TOURGUIDESERVICE
getUserRewards ---> TOURGUIDESERVICE
getUserRewards ---> TOURGUIDESERVICE
getUserRewards ---> TOURGUIDESERVICE
getUserRewards ---> TOURGUIDESERVICE
getUserRewards ---> TOURGUIDESERVICE
getUserRewards ---> TOURGUIDESERVICE
getUserRewards ---> TOURGUIDESERVICE
getUserRewards ---> TOURGUIDESERVICE
getUserRewards ---> TOURGUIDESERVICE
getUserRewards ---> TOURGUIDESERVICE
getUserRewards ---> TOURGUIDESERVICE
getUserRewards ---> TOURGUIDESERVICE
getUserRewards ---> TOURGUIDESERVICE
getUserRewards ---> TOURGUIDESERVICE
getUserRewards ---> TOURGUIDESERVICE
getUserRewards ---> TOURGUIDESERVICE
getUserRewards ---> TOURGUIDESERVICE
getUserRewards ---> TOURGUIDESERVICE
getUserRewards ---> TOURGUIDESERVICE
getUserRewards ---> TOURGUIDESERVICE
getUserRewards ---> TOURGUIDESERVICE
getUserRewards ---> TOURGUIDESERVICE
getUserRewards ---> TOURGUIDESERVICE
getUserRewards ---> TOURGUIDESERVICE
getUserRewards ---> TOURGUIDESERVICE
getUserRewards ---> TOURGUIDESERVICE
getUserRewards ---> TOURGUIDESERVICE
getUserRewards ---> TOURGUIDESERVICE
getUserRewards ---> TOURGUIDESERVICE
getUserRewards ---> TOURGUIDESERVICE
getUserRewards ---> TOURGUIDESERVICE
getUserRewards ---> TOURGUIDESERVICE
getUserRewards ---> TOURGUIDESERVICE
getUserRewards ---> TOURGUIDESERVICE
getUserRewards ---> TOURGUIDESERVICE
getUserRewards ---> TOURGUIDESERVICE
getUserRewards ---> TOURGUIDESERVICE
getUserRewards ---> TOURGUIDESERVICE
getUserRewards ---> TOURGUIDESERVICE
getUserRewards ---> TOURGUIDESERVICE
getUserRewards ---> TOURGUIDESERVICE
getUserRewards ---> TOURGUIDESERVICE
getUserRewards ---> TOURGUIDESERVICE
getUserRewards ---> TOURGUIDESERVICE
getUserRewards ---> TOURGUIDESERVICE
getUserRewards ---> TOURGUIDESERVICE
getUserRewards ---> TOURGUIDESERVICE
getUserRewards ---> TOURGUIDESERVICE
getUserRewards ---> TOURGUIDESERVICE
getUserRewards ---> TOURGUIDESERVICE
getUserRewards ---> TOURGUIDESERVICE
getUserRewards ---> TOURGUIDESERVICE
getUserRewards ---> TOURGUIDESERVICE
getUserRewards ---> TOURGUIDESERVICE
getUserRewards ---> TOURGUIDESERVICE
getUserRewards ---> TOURGUIDESERVICE
getUserRewards ---> TOURGUIDESERVICE
getUserRewards ---> TOURGUIDESERVICE
getUserRewards ---> TOURGUIDESERVICE
getUserRewards ---> TOURGUIDESERVICE
getUserRewards ---> TOURGUIDESERVICE
getUserRewards ---> TOURGUIDESERVICE
getUserRewards ---> TOURGUIDESERVICE
getUserRewards ---> TOURGUIDESERVICE
getUserRewards ---> TOURGUIDESERVICE
getUserRewards ---> TOURGUIDESERVICE
getUserRewards ---> TOURGUIDESERVICE
getUserRewards ---> TOURGUIDESERVICE
getUserRewards ---> TOURGUIDESERVICE
getUserRewards ---> TOURGUIDESERVICE
getUserRewards ---> TOURGUIDESERVICE
getUserRewards ---> TOURGUIDESERVICE
getUserRewards ---> TOURGUIDESERVICE
getUserRewards ---> TOURGUIDESERVICE
getUserRewards ---> TOURGUIDESERVICE
getUserRewards ---> TOURGUIDESERVICE
getUserRewards ---> TOURGUIDESERVICE
getUserRewards ---> TOURGUIDESERVICE
getUserRewards ---> TOURGUIDESERVICE
getUserRewards ---> TOURGUIDESERVICE
getUserRewards ---> TOURGUIDESERVICE
getUserRewards ---> TOURGUIDESERVICE
getUserRewards ---> TOURGUIDESERVICE
getUserRewards ---> TOURGUIDESERVICE
getUserRewards ---> TOURGUIDESERVICE
getUserRewards ---> TOURGUIDESERVICE
getUserRewards ---> TOURGUIDESERVICE
getUserRewards ---> TOURGUIDESERVICE
getUserRewards ---> TOURGUIDESERVICE
getUserRewards ---> TOURGUIDESERVICE
getUserRewards ---> TOURGUIDESERVICE
getUserRewards ---> TOURGUIDESERVICE
getUserRewards ---> TOURGUIDESERVICE
getUserRewards ---> TOURGUIDESERVICE
getUserRewards ---> TOURGUIDESERVICE
getUserRewards ---> TOURGUIDESERVICE
getUserRewards ---> TOURGUIDESERVICE
getUserRewards ---> TOURGUIDESERVICE
getUserRewards ---> TOURGUIDESERVICE
getUserRewards ---> TOURGUIDESERVICE
getUserRewards ---> TOURGUIDESERVICE
getUserRewards ---> TOURGUIDESERVICE
getUserRewards ---> TOURGUIDESERVICE
getUserRewards ---> TOURGUIDESERVICE
getUserRewards ---> TOURGUIDESERVICE
getUserRewards ---> TOURGUIDESERVICE
getUserRewards ---> TOURGUIDESERVICE
getUserRewards ---> TOURGUIDESERVICE
getUserRewards ---> TOURGUIDESERVICE
getUserRewards ---> TOURGUIDESERVICE
getUserRewards ---> TOURGUIDESERVICE
getUserRewards ---> TOURGUIDESERVICE
getUserRewards ---> TOURGUIDESERVICE
getUserRewards ---> TOURGUIDESERVICE
getUserRewards ---> TOURGUIDESERVICE
getUserRewards ---> TOURGUIDESERVICE
getUserRewards ---> TOURGUIDESERVICE
getUserRewards ---> TOURGUIDESERVICE
getUserRewards ---> TOURGUIDESERVICE
getUserRewards ---> TOURGUIDESERVICE
getUserRewards ---> TOURGUIDESERVICE
getUserRewards ---> TOURGUIDESERVICE
getUserRewards ---> TOURGUIDESERVICE
getUserRewards ---> TOURGUIDESERVICE
getUserRewards ---> TOURGUIDESERVICE
getUserRewards ---> TOURGUIDESERVICE
getUserRewards ---> TOURGUIDESERVICE
getUserRewards ---> TOURGUIDESERVICE
getUserRewards ---> TOURGUIDESERVICE
getUserRewards ---> TOURGUIDESERVICE
getUserRewards ---> TOURGUIDESERVICE
getUserRewards ---> TOURGUIDESERVICE
getUserRewards ---> TOURGUIDESERVICE
getUserRewards ---> TOURGUIDESERVICE
getUserRewards ---> TOURGUIDESERVICE
getUserRewards ---> TOURGUIDESERVICE
getUserRewards ---> TOURGUIDESERVICE
getUserRewards ---> TOURGUIDESERVICE
getUserRewards ---> TOURGUIDESERVICE
getUserRewards ---> TOURGUIDESERVICE
getUserRewards ---> TOURGUIDESERVICE
getUserRewards ---> TOURGUIDESERVICE
getUserRewards ---> TOURGUIDESERVICE
getUserRewards ---> TOURGUIDESERVICE
getUserRewards ---> TOURGUIDESERVICE
getUserRewards ---> TOURGUIDESERVICE
getUserRewards ---> TOURGUIDESERVICE
getUserRewards ---> TOURGUIDESERVICE
getUserRewards ---> TOURGUIDESERVICE
getUserRewards ---> TOURGUIDESERVICE
getUserRewards ---> TOURGUIDESERVICE
getUserRewards ---> TOURGUIDESERVICE
getUserRewards ---> TOURGUIDESERVICE
getUserRewards ---> TOURGUIDESERVICE
getUserRewards ---> TOURGUIDESERVICE
getUserRewards ---> TOURGUIDESERVICE
getUserRewards ---> TOURGUIDESERVICE
getUserRewards ---> TOURGUIDESERVICE
getUserRewards ---> TOURGUIDESERVICE
getUserRewards ---> TOURGUIDESERVICE
getUserRewards ---> TOURGUIDESERVICE
getUserRewards ---> TOURGUIDESERVICE
getUserRewards ---> TOURGUIDESERVICE
getUserRewards ---> TOURGUIDESERVICE
getUserRewards ---> TOURGUIDESERVICE
getUserRewards ---> TOURGUIDESERVICE
getUserRewards ---> TOURGUIDESERVICE
getUserRewards ---> TOURGUIDESERVICE
getUserRewards ---> TOURGUIDESERVICE
getUserRewards ---> TOURGUIDESERVICE
getUserRewards ---> TOURGUIDESERVICE
getUserRewards ---> TOURGUIDESERVICE
getUserRewards ---> TOURGUIDESERVICE
getUserRewards ---> TOURGUIDESERVICE
getUserRewards ---> TOURGUIDESERVICE
getUserRewards ---> TOURGUIDESERVICE
getUserRewards ---> TOURGUIDESERVICE
getUserRewards ---> TOURGUIDESERVICE
getUserRewards ---> TOURGUIDESERVICE
getUserRewards ---> TOURGUIDESERVICE
getUserRewards ---> TOURGUIDESERVICE
getUserRewards ---> TOURGUIDESERVICE
getUserRewards ---> TOURGUIDESERVICE
getUserRewards ---> TOURGUIDESERVICE
getUserRewards ---> TOURGUIDESERVICE
getUserRewards ---> TOURGUIDESERVICE
getUserRewards ---> TOURGUIDESERVICE
getUserRewards ---> TOURGUIDESERVICE
getUserRewards ---> TOURGUIDESERVICE
getUserRewards ---> TOURGUIDESERVICE
getUserRewards ---> TOURGUIDESERVICE
getUserRewards ---> TOURGUIDESERVICE
getUserRewards ---> TOURGUIDESERVICE
getUserRewards ---> TOURGUIDESERVICE
getUserRewards ---> TOURGUIDESERVICE
getUserRewards ---> TOURGUIDESERVICE
getUserRewards ---> TOURGUIDESERVICE
getUserRewards ---> TOURGUIDESERVICE
getUserRewards ---> TOURGUIDESERVICE
getUserRewards ---> TOURGUIDESERVICE
getUserRewards ---> TOURGUIDESERVICE
getUserRewards ---> TOURGUIDESERVICE
getUserRewards ---> TOURGUIDESERVICE
getUserRewards ---> TOURGUIDESERVICE
getUserRewards ---> TOURGUIDESERVICE
getUserRewards ---> TOURGUIDESERVICE
getUserRewards ---> TOURGUIDESERVICE
getUserRewards ---> TOURGUIDESERVICE
getUserRewards ---> TOURGUIDESERVICE
getUserRewards ---> TOURGUIDESERVICE
getUserRewards ---> TOURGUIDESERVICE
getUserRewards ---> TOURGUIDESERVICE
getUserRewards ---> TOURGUIDESERVICE
getUserRewards ---> TOURGUIDESERVICE
getUserRewards ---> TOURGUIDESERVICE
getUserRewards ---> TOURGUIDESERVICE
getUserRewards ---> TOURGUIDESERVICE
getUserRewards ---> TOURGUIDESERVICE
getUserRewards ---> TOURGUIDESERVICE
getUserRewards ---> TOURGUIDESERVICE
getUserRewards ---> TOURGUIDESERVICE
getUserRewards ---> TOURGUIDESERVICE
getUserRewards ---> TOURGUIDESERVICE
getUserRewards ---> TOURGUIDESERVICE
getUserRewards ---> TOURGUIDESERVICE
getUserRewards ---> TOURGUIDESERVICE
getUserRewards ---> TOURGUIDESERVICE
getUserRewards ---> TOURGUIDESERVICE
getUserRewards ---> TOURGUIDESERVICE
getUserRewards ---> TOURGUIDESERVICE
getUserRewards ---> TOURGUIDESERVICE
getUserRewards ---> TOURGUIDESERVICE
getUserRewards ---> TOURGUIDESERVICE
getUserRewards ---> TOURGUIDESERVICE
getUserRewards ---> TOURGUIDESERVICE
getUserRewards ---> TOURGUIDESERVICE
getUserRewards ---> TOURGUIDESERVICE
getUserRewards ---> TOURGUIDESERVICE
getUserRewards ---> TOURGUIDESERVICE
getUserRewards ---> TOURGUIDESERVICE
getUserRewards ---> TOURGUIDESERVICE
getUserRewards ---> TOURGUIDESERVICE
getUserRewards ---> TOURGUIDESERVICE
getUserRewards ---> TOURGUIDESERVICE
getUserRewards ---> TOURGUIDESERVICE
getUserRewards ---> TOURGUIDESERVICE
getUserRewards ---> TOURGUIDESERVICE
getUserRewards ---> TOURGUIDESERVICE
getUserRewards ---> TOURGUIDESERVICE
getUserRewards ---> TOURGUIDESERVICE
getUserRewards ---> TOURGUIDESERVICE
getUserRewards ---> TOURGUIDESERVICE
getUserRewards ---> TOURGUIDESERVICE
getUserRewards ---> TOURGUIDESERVICE
getUserRewards ---> TOURGUIDESERVICE
getUserRewards ---> TOURGUIDESERVICE
getUserRewards ---> TOURGUIDESERVICE
getUserRewards ---> TOURGUIDESERVICE
getUserRewards ---> TOURGUIDESERVICE
getUserRewards ---> TOURGUIDESERVICE
getUserRewards ---> TOURGUIDESERVICE
getUserRewards ---> TOURGUIDESERVICE
getUserRewards ---> TOURGUIDESERVICE
getUserRewards ---> TOURGUIDESERVICE
getUserRewards ---> TOURGUIDESERVICE
getUserRewards ---> TOURGUIDESERVICE
getUserRewards ---> TOURGUIDESERVICE
getUserRewards ---> TOURGUIDESERVICE
getUserRewards ---> TOURGUIDESERVICE
getUserRewards ---> TOURGUIDESERVICE
getUserRewards ---> TOURGUIDESERVICE
getUserRewards ---> TOURGUIDESERVICE
getUserRewards ---> TOURGUIDESERVICE
getUserRewards ---> TOURGUIDESERVICE
getUserRewards ---> TOURGUIDESERVICE
getUserRewards ---> TOURGUIDESERVICE
getUserRewards ---> TOURGUIDESERVICE
getUserRewards ---> TOURGUIDESERVICE
getUserRewards ---> TOURGUIDESERVICE
getUserRewards ---> TOURGUIDESERVICE
getUserRewards ---> TOURGUIDESERVICE
getUserRewards ---> TOURGUIDESERVICE
getUserRewards ---> TOURGUIDESERVICE
getUserRewards ---> TOURGUIDESERVICE
getUserRewards ---> TOURGUIDESERVICE
getUserRewards ---> TOURGUIDESERVICE
getUserRewards ---> TOURGUIDESERVICE
getUserRewards ---> TOURGUIDESERVICE
getUserRewards ---> TOURGUIDESERVICE
getUserRewards ---> TOURGUIDESERVICE
getUserRewards ---> TOURGUIDESERVICE
getUserRewards ---> TOURGUIDESERVICE
getUserRewards ---> TOURGUIDESERVICE
getUserRewards ---> TOURGUIDESERVICE
getUserRewards ---> TOURGUIDESERVICE
getUserRewards ---> TOURGUIDESERVICE
getUserRewards ---> TOURGUIDESERVICE
getUserRewards ---> TOURGUIDESERVICE
getUserRewards ---> TOURGUIDESERVICE
getUserRewards ---> TOURGUIDESERVICE
getUserRewards ---> TOURGUIDESERVICE
getUserRewards ---> TOURGUIDESERVICE
getUserRewards ---> TOURGUIDESERVICE
getUserRewards ---> TOURGUIDESERVICE
getUserRewards ---> TOURGUIDESERVICE
getUserRewards ---> TOURGUIDESERVICE
getUserRewards ---> TOURGUIDESERVICE
getUserRewards ---> TOURGUIDESERVICE
getUserRewards ---> TOURGUIDESERVICE
getUserRewards ---> TOURGUIDESERVICE
getUserRewards ---> TOURGUIDESERVICE
getUserRewards ---> TOURGUIDESERVICE
getUserRewards ---> TOURGUIDESERVICE
getUserRewards ---> TOURGUIDESERVICE
getUserRewards ---> TOURGUIDESERVICE
getUserRewards ---> TOURGUIDESERVICE
getUserRewards ---> TOURGUIDESERVICE
getUserRewards ---> TOURGUIDESERVICE
getUserRewards ---> TOURGUIDESERVICE
getUserRewards ---> TOURGUIDESERVICE
getUserRewards ---> TOURGUIDESERVICE
getUserRewards ---> TOURGUIDESERVICE
getUserRewards ---> TOURGUIDESERVICE
getUserRewards ---> TOURGUIDESERVICE
getUserRewards ---> TOURGUIDESERVICE
getUserRewards ---> TOURGUIDESERVICE
getUserRewards ---> TOURGUIDESERVICE
getUserRewards ---> TOURGUIDESERVICE
getUserRewards ---> TOURGUIDESERVICE
getUserRewards ---> TOURGUIDESERVICE
getUserRewards ---> TOURGUIDESERVICE
getUserRewards ---> TOURGUIDESERVICE
getUserRewards ---> TOURGUIDESERVICE
getUserRewards ---> TOURGUIDESERVICE
getUserRewards ---> TOURGUIDESERVICE
getUserRewards ---> TOURGUIDESERVICE
getUserRewards ---> TOURGUIDESERVICE
getUserRewards ---> TOURGUIDESERVICE
getUserRewards ---> TOURGUIDESERVICE
getUserRewards ---> TOURGUIDESERVICE
getUserRewards ---> TOURGUIDESERVICE
getUserRewards ---> TOURGUIDESERVICE
getUserRewards ---> TOURGUIDESERVICE
getUserRewards ---> TOURGUIDESERVICE
getUserRewards ---> TOURGUIDESERVICE
getUserRewards ---> TOURGUIDESERVICE
getUserRewards ---> TOURGUIDESERVICE
getUserRewards ---> TOURGUIDESERVICE
getUserRewards ---> TOURGUIDESERVICE
getUserRewards ---> TOURGUIDESERVICE
getUserRewards ---> TOURGUIDESERVICE
getUserRewards ---> TOURGUIDESERVICE
getUserRewards ---> TOURGUIDESERVICE
getUserRewards ---> TOURGUIDESERVICE
getUserRewards ---> TOURGUIDESERVICE
getUserRewards ---> TOURGUIDESERVICE
getUserRewards ---> TOURGUIDESERVICE
getUserRewards ---> TOURGUIDESERVICE
getUserRewards ---> TOURGUIDESERVICE
getUserRewards ---> TOURGUIDESERVICE
getUserRewards ---> TOURGUIDESERVICE
getUserRewards ---> TOURGUIDESERVICE
getUserRewards ---> TOURGUIDESERVICE
getUserRewards ---> TOURGUIDESERVICE
getUserRewards ---> TOURGUIDESERVICE
getUserRewards ---> TOURGUIDESERVICE
getUserRewards ---> TOURGUIDESERVICE
getUserRewards ---> TOURGUIDESERVICE
getUserRewards ---> TOURGUIDESERVICE
getUserRewards ---> TOURGUIDESERVICE
getUserRewards ---> TOURGUIDESERVICE
getUserRewards ---> TOURGUIDESERVICE
getUserRewards ---> TOURGUIDESERVICE
getUserRewards ---> TOURGUIDESERVICE
getUserRewards ---> TOURGUIDESERVICE
getUserRewards ---> TOURGUIDESERVICE
getUserRewards ---> TOURGUIDESERVICE
getUserRewards ---> TOURGUIDESERVICE
getUserRewards ---> TOURGUIDESERVICE
getUserRewards ---> TOURGUIDESERVICE
getUserRewards ---> TOURGUIDESERVICE
getUserRewards ---> TOURGUIDESERVICE
getUserRewards ---> TOURGUIDESERVICE
getUserRewards ---> TOURGUIDESERVICE
getUserRewards ---> TOURGUIDESERVICE
getUserRewards ---> TOURGUIDESERVICE
getUserRewards ---> TOURGUIDESERVICE
getUserRewards ---> TOURGUIDESERVICE
getUserRewards ---> TOURGUIDESERVICE
getUserRewards ---> TOURGUIDESERVICE
getUserRewards ---> TOURGUIDESERVICE
getUserRewards ---> TOURGUIDESERVICE
getUserRewards ---> TOURGUIDESERVICE
getUserRewards ---> TOURGUIDESERVICE
getUserRewards ---> TOURGUIDESERVICE
getUserRewards ---> TOURGUIDESERVICE
getUserRewards ---> TOURGUIDESERVICE
getUserRewards ---> TOURGUIDESERVICE
getUserRewards ---> TOURGUIDESERVICE
getUserRewards ---> TOURGUIDESERVICE
getUserRewards ---> TOURGUIDESERVICE
getUserRewards ---> TOURGUIDESERVICE
getUserRewards ---> TOURGUIDESERVICE
getUserRewards ---> TOURGUIDESERVICE
getUserRewards ---> TOURGUIDESERVICE
getUserRewards ---> TOURGUIDESERVICE
getUserRewards ---> TOURGUIDESERVICE
getUserRewards ---> TOURGUIDESERVICE
getUserRewards ---> TOURGUIDESERVICE
getUserRewards ---> TOURGUIDESERVICE
getUserRewards ---> TOURGUIDESERVICE
getUserRewards ---> TOURGUIDESERVICE
getUserRewards ---> TOURGUIDESERVICE
getUserRewards ---> TOURGUIDESERVICE
getUserRewards ---> TOURGUIDESERVICE
getUserRewards ---> TOURGUIDESERVICE
getUserRewards ---> TOURGUIDESERVICE
getUserRewards ---> TOURGUIDESERVICE
getUserRewards ---> TOURGUIDESERVICE
getUserRewards ---> TOURGUIDESERVICE
getUserRewards ---> TOURGUIDESERVICE
getUserRewards ---> TOURGUIDESERVICE
getUserRewards ---> TOURGUIDESERVICE
getUserRewards ---> TOURGUIDESERVICE
getUserRewards ---> TOURGUIDESERVICE
getUserRewards ---> TOURGUIDESERVICE
getUserRewards ---> TOURGUIDESERVICE
getUserRewards ---> TOURGUIDESERVICE
getUserRewards ---> TOURGUIDESERVICE
getUserRewards ---> TOURGUIDESERVICE
getUserRewards ---> TOURGUIDESERVICE
getUserRewards ---> TOURGUIDESERVICE
getUserRewards ---> TOURGUIDESERVICE
getUserRewards ---> TOURGUIDESERVICE
getUserRewards ---> TOURGUIDESERVICE
getUserRewards ---> TOURGUIDESERVICE
getUserRewards ---> TOURGUIDESERVICE
getUserRewards ---> TOURGUIDESERVICE
getUserRewards ---> TOURGUIDESERVICE
getUserRewards ---> TOURGUIDESERVICE
getUserRewards ---> TOURGUIDESERVICE
getUserRewards ---> TOURGUIDESERVICE
getUserRewards ---> TOURGUIDESERVICE
getUserRewards ---> TOURGUIDESERVICE
getUserRewards ---> TOURGUIDESERVICE
getUserRewards ---> TOURGUIDESERVICE
getUserRewards ---> TOURGUIDESERVICE
getUserRewards ---> TOURGUIDESERVICE
getUserRewards ---> TOURGUIDESERVICE
getUserRewards ---> TOURGUIDESERVICE
getUserRewards ---> TOURGUIDESERVICE
getUserRewards ---> TOURGUIDESERVICE
getUserRewards ---> TOURGUIDESERVICE
getUserRewards ---> TOURGUIDESERVICE
getUserRewards ---> TOURGUIDESERVICE
getUserRewards ---> TOURGUIDESERVICE
getUserRewards ---> TOURGUIDESERVICE
getUserRewards ---> TOURGUIDESERVICE
getUserRewards ---> TOURGUIDESERVICE
getUserRewards ---> TOURGUIDESERVICE
getUserRewards ---> TOURGUIDESERVICE
getUserRewards ---> TOURGUIDESERVICE
getUserRewards ---> TOURGUIDESERVICE
getUserRewards ---> TOURGUIDESERVICE
getUserRewards ---> TOURGUIDESERVICE
getUserRewards ---> TOURGUIDESERVICE
getUserRewards ---> TOURGUIDESERVICE
getUserRewards ---> TOURGUIDESERVICE
getUserRewards ---> TOURGUIDESERVICE
getUserRewards ---> TOURGUIDESERVICE
getUserRewards ---> TOURGUIDESERVICE
getUserRewards ---> TOURGUIDESERVICE
getUserRewards ---> TOURGUIDESERVICE
getUserRewards ---> TOURGUIDESERVICE
getUserRewards ---> TOURGUIDESERVICE
getUserRewards ---> TOURGUIDESERVICE
getUserRewards ---> TOURGUIDESERVICE
getUserRewards ---> TOURGUIDESERVICE
getUserRewards ---> TOURGUIDESERVICE
getUserRewards ---> TOURGUIDESERVICE
getUserRewards ---> TOURGUIDESERVICE
getUserRewards ---> TOURGUIDESERVICE
getUserRewards ---> TOURGUIDESERVICE
getUserRewards ---> TOURGUIDESERVICE
getUserRewards ---> TOURGUIDESERVICE
getUserRewards ---> TOURGUIDESERVICE
getUserRewards ---> TOURGUIDESERVICE
getUserRewards ---> TOURGUIDESERVICE
getUserRewards ---> TOURGUIDESERVICE
getUserRewards ---> TOURGUIDESERVICE
getUserRewards ---> TOURGUIDESERVICE
getUserRewards ---> TOURGUIDESERVICE
getUserRewards ---> TOURGUIDESERVICE
getUserRewards ---> TOURGUIDESERVICE
getUserRewards ---> TOURGUIDESERVICE
getUserRewards ---> TOURGUIDESERVICE
getUserRewards ---> TOURGUIDESERVICE
getUserRewards ---> TOURGUIDESERVICE
getUserRewards ---> TOURGUIDESERVICE
getUserRewards ---> TOURGUIDESERVICE
getUserRewards ---> TOURGUIDESERVICE
getUserRewards ---> TOURGUIDESERVICE
getUserRewards ---> TOURGUIDESERVICE
getUserRewards ---> TOURGUIDESERVICE
getUserRewards ---> TOURGUIDESERVICE
getUserRewards ---> TOURGUIDESERVICE
getUserRewards ---> TOURGUIDESERVICE
getUserRewards ---> TOURGUIDESERVICE
getUserRewards ---> TOURGUIDESERVICE
getUserRewards ---> TOURGUIDESERVICE
getUserRewards ---> TOURGUIDESERVICE
getUserRewards ---> TOURGUIDESERVICE
getUserRewards ---> TOURGUIDESERVICE
getUserRewards ---> TOURGUIDESERVICE
getUserRewards ---> TOURGUIDESERVICE
getUserRewards ---> TOURGUIDESERVICE
getUserRewards ---> TOURGUIDESERVICE
getUserRewards ---> TOURGUIDESERVICE
getUserRewards ---> TOURGUIDESERVICE
getUserRewards ---> TOURGUIDESERVICE
getUserRewards ---> TOURGUIDESERVICE
getUserRewards ---> TOURGUIDESERVICE
getUserRewards ---> TOURGUIDESERVICE
getUserRewards ---> TOURGUIDESERVICE
getUserRewards ---> TOURGUIDESERVICE
getUserRewards ---> TOURGUIDESERVICE
getUserRewards ---> TOURGUIDESERVICE
getUserRewards ---> TOURGUIDESERVICE
getUserRewards ---> TOURGUIDESERVICE
getUserRewards ---> TOURGUIDESERVICE
getUserRewards ---> TOURGUIDESERVICE
getUserRewards ---> TOURGUIDESERVICE
getUserRewards ---> TOURGUIDESERVICE
getUserRewards ---> TOURGUIDESERVICE
getUserRewards ---> TOURGUIDESERVICE
getUserRewards ---> TOURGUIDESERVICE
getUserRewards ---> TOURGUIDESERVICE
getUserRewards ---> TOURGUIDESERVICE
getUserRewards ---> TOURGUIDESERVICE
getUserRewards ---> TOURGUIDESERVICE
getUserRewards ---> TOURGUIDESERVICE
getUserRewards ---> TOURGUIDESERVICE
getUserRewards ---> TOURGUIDESERVICE
getUserRewards ---> TOURGUIDESERVICE
getUserRewards ---> TOURGUIDESERVICE
getUserRewards ---> TOURGUIDESERVICE
getUserRewards ---> TOURGUIDESERVICE
getUserRewards ---> TOURGUIDESERVICE
getUserRewards ---> TOURGUIDESERVICE
getUserRewards ---> TOURGUIDESERVICE
getUserRewards ---> TOURGUIDESERVICE
getUserRewards ---> TOURGUIDESERVICE
getUserRewards ---> TOURGUIDESERVICE
getUserRewards ---> TOURGUIDESERVICE
getUserRewards ---> TOURGUIDESERVICE
getUserRewards ---> TOURGUIDESERVICE
getUserRewards ---> TOURGUIDESERVICE
getUserRewards ---> TOURGUIDESERVICE
getUserRewards ---> TOURGUIDESERVICE
getUserRewards ---> TOURGUIDESERVICE
getUserRewards ---> TOURGUIDESERVICE
getUserRewards ---> TOURGUIDESERVICE
getUserRewards ---> TOURGUIDESERVICE
getUserRewards ---> TOURGUIDESERVICE
getUserRewards ---> TOURGUIDESERVICE
getUserRewards ---> TOURGUIDESERVICE
getUserRewards ---> TOURGUIDESERVICE
getUserRewards ---> TOURGUIDESERVICE
getUserRewards ---> TOURGUIDESERVICE
getUserRewards ---> TOURGUIDESERVICE
getUserRewards ---> TOURGUIDESERVICE
getUserRewards ---> TOURGUIDESERVICE
getUserRewards ---> TOURGUIDESERVICE
getUserRewards ---> TOURGUIDESERVICE
getUserRewards ---> TOURGUIDESERVICE
getUserRewards ---> TOURGUIDESERVICE
getUserRewards ---> TOURGUIDESERVICE
getUserRewards ---> TOURGUIDESERVICE
getUserRewards ---> TOURGUIDESERVICE
getUserRewards ---> TOURGUIDESERVICE
getUserRewards ---> TOURGUIDESERVICE
getUserRewards ---> TOURGUIDESERVICE
getUserRewards ---> TOURGUIDESERVICE
getUserRewards ---> TOURGUIDESERVICE
getUserRewards ---> TOURGUIDESERVICE
getUserRewards ---> TOURGUIDESERVICE
getUserRewards ---> TOURGUIDESERVICE
getUserRewards ---> TOURGUIDESERVICE
getUserRewards ---> TOURGUIDESERVICE
getUserRewards ---> TOURGUIDESERVICE
getUserRewards ---> TOURGUIDESERVICE
getUserRewards ---> TOURGUIDESERVICE
getUserRewards ---> TOURGUIDESERVICE
getUserRewards ---> TOURGUIDESERVICE
getUserRewards ---> TOURGUIDESERVICE
getUserRewards ---> TOURGUIDESERVICE
getUserRewards ---> TOURGUIDESERVICE
getUserRewards ---> TOURGUIDESERVICE
getUserRewards ---> TOURGUIDESERVICE
getUserRewards ---> TOURGUIDESERVICE
getUserRewards ---> TOURGUIDESERVICE
getUserRewards ---> TOURGUIDESERVICE
getUserRewards ---> TOURGUIDESERVICE
getUserRewards ---> TOURGUIDESERVICE
getUserRewards ---> TOURGUIDESERVICE
getUserRewards ---> TOURGUIDESERVICE
getUserRewards ---> TOURGUIDESERVICE
getUserRewards ---> TOURGUIDESERVICE
getUserRewards ---> TOURGUIDESERVICE
getUserRewards ---> TOURGUIDESERVICE
getUserRewards ---> TOURGUIDESERVICE
getUserRewards ---> TOURGUIDESERVICE
getUserRewards ---> TOURGUIDESERVICE
getUserRewards ---> TOURGUIDESERVICE
getUserRewards ---> TOURGUIDESERVICE
getUserRewards ---> TOURGUIDESERVICE
getUserRewards ---> TOURGUIDESERVICE
getUserRewards ---> TOURGUIDESERVICE
getUserRewards ---> TOURGUIDESERVICE
getUserRewards ---> TOURGUIDESERVICE
getUserRewards ---> TOURGUIDESERVICE
getUserRewards ---> TOURGUIDESERVICE
getUserRewards ---> TOURGUIDESERVICE
getUserRewards ---> TOURGUIDESERVICE
getUserRewards ---> TOURGUIDESERVICE
getUserRewards ---> TOURGUIDESERVICE
getUserRewards ---> TOURGUIDESERVICE
getUserRewards ---> TOURGUIDESERVICE
getUserRewards ---> TOURGUIDESERVICE
getUserRewards ---> TOURGUIDESERVICE
getUserRewards ---> TOURGUIDESERVICE
getUserRewards ---> TOURGUIDESERVICE
getUserRewards ---> TOURGUIDESERVICE
getUserRewards ---> TOURGUIDESERVICE
getUserRewards ---> TOURGUIDESERVICE
getUserRewards ---> TOURGUIDESERVICE
getUserRewards ---> TOURGUIDESERVICE
getUserRewards ---> TOURGUIDESERVICE
getUserRewards ---> TOURGUIDESERVICE
getUserRewards ---> TOURGUIDESERVICE
getUserRewards ---> TOURGUIDESERVICE
getUserRewards ---> TOURGUIDESERVICE
getUserRewards ---> TOURGUIDESERVICE
getUserRewards ---> TOURGUIDESERVICE
getUserRewards ---> TOURGUIDESERVICE
getUserRewards ---> TOURGUIDESERVICE
getUserRewards ---> TOURGUIDESERVICE
getUserRewards ---> TOURGUIDESERVICE
getUserRewards ---> TOURGUIDESERVICE
getUserRewards ---> TOURGUIDESERVICE
getUserRewards ---> TOURGUIDESERVICE
getUserRewards ---> TOURGUIDESERVICE
getUserRewards ---> TOURGUIDESERVICE
getUserRewards ---> TOURGUIDESERVICE
getUserRewards ---> TOURGUIDESERVICE
getUserRewards ---> TOURGUIDESERVICE
getUserRewards ---> TOURGUIDESERVICE
getUserRewards ---> TOURGUIDESERVICE
getUserRewards ---> TOURGUIDESERVICE
getUserRewards ---> TOURGUIDESERVICE
getUserRewards ---> TOURGUIDESERVICE
getUserRewards ---> TOURGUIDESERVICE
getUserRewards ---> TOURGUIDESERVICE
getUserRewards ---> TOURGUIDESERVICE
getUserRewards ---> TOURGUIDESERVICE
getUserRewards ---> TOURGUIDESERVICE
getUserRewards ---> TOURGUIDESERVICE
getUserRewards ---> TOURGUIDESERVICE
getUserRewards ---> TOURGUIDESERVICE
getUserRewards ---> TOURGUIDESERVICE
getUserRewards ---> TOURGUIDESERVICE
getUserRewards ---> TOURGUIDESERVICE
getUserRewards ---> TOURGUIDESERVICE
getUserRewards ---> TOURGUIDESERVICE
getUserRewards ---> TOURGUIDESERVICE
getUserRewards ---> TOURGUIDESERVICE
getUserRewards ---> TOURGUIDESERVICE
getUserRewards ---> TOURGUIDESERVICE
getUserRewards ---> TOURGUIDESERVICE
getUserRewards ---> TOURGUIDESERVICE
getUserRewards ---> TOURGUIDESERVICE
getUserRewards ---> TOURGUIDESERVICE
getUserRewards ---> TOURGUIDESERVICE
getUserRewards ---> TOURGUIDESERVICE
getUserRewards ---> TOURGUIDESERVICE
getUserRewards ---> TOURGUIDESERVICE
getUserRewards ---> TOURGUIDESERVICE
getUserRewards ---> TOURGUIDESERVICE
getUserRewards ---> TOURGUIDESERVICE
getUserRewards ---> TOURGUIDESERVICE
getUserRewards ---> TOURGUIDESERVICE
getUserRewards ---> TOURGUIDESERVICE
getUserRewards ---> TOURGUIDESERVICE
getUserRewards ---> TOURGUIDESERVICE
getUserRewards ---> TOURGUIDESERVICE
getUserRewards ---> TOURGUIDESERVICE
getUserRewards ---> TOURGUIDESERVICE
getUserRewards ---> TOURGUIDESERVICE
getUserRewards ---> TOURGUIDESERVICE
getUserRewards ---> TOURGUIDESERVICE
getUserRewards ---> TOURGUIDESERVICE
getUserRewards ---> TOURGUIDESERVICE
getUserRewards ---> TOURGUIDESERVICE
getUserRewards ---> TOURGUIDESERVICE
getUserRewards ---> TOURGUIDESERVICE
getUserRewards ---> TOURGUIDESERVICE
getUserRewards ---> TOURGUIDESERVICE
getUserRewards ---> TOURGUIDESERVICE
getUserRewards ---> TOURGUIDESERVICE
getUserRewards ---> TOURGUIDESERVICE
getUserRewards ---> TOURGUIDESERVICE
getUserRewards ---> TOURGUIDESERVICE
getUserRewards ---> TOURGUIDESERVICE
getUserRewards ---> TOURGUIDESERVICE
getUserRewards ---> TOURGUIDESERVICE
getUserRewards ---> TOURGUIDESERVICE
getUserRewards ---> TOURGUIDESERVICE
getUserRewards ---> TOURGUIDESERVICE
getUserRewards ---> TOURGUIDESERVICE
getUserRewards ---> TOURGUIDESERVICE
getUserRewards ---> TOURGUIDESERVICE
getUserRewards ---> TOURGUIDESERVICE
getUserRewards ---> TOURGUIDESERVICE
getUserRewards ---> TOURGUIDESERVICE
getUserRewards ---> TOURGUIDESERVICE
getUserRewards ---> TOURGUIDESERVICE
getUserRewards ---> TOURGUIDESERVICE
getUserRewards ---> TOURGUIDESERVICE
getUserRewards ---> TOURGUIDESERVICE
getUserRewards ---> TOURGUIDESERVICE
getUserRewards ---> TOURGUIDESERVICE
getUserRewards ---> TOURGUIDESERVICE
getUserRewards ---> TOURGUIDESERVICE
getUserRewards ---> TOURGUIDESERVICE
getUserRewards ---> TOURGUIDESERVICE
getUserRewards ---> TOURGUIDESERVICE
getUserRewards ---> TOURGUIDESERVICE
getUserRewards ---> TOURGUIDESERVICE
getUserRewards ---> TOURGUIDESERVICE
getUserRewards ---> TOURGUIDESERVICE
getUserRewards ---> TOURGUIDESERVICE
getUserRewards ---> TOURGUIDESERVICE
getUserRewards ---> TOURGUIDESERVICE
getUserRewards ---> TOURGUIDESERVICE
getUserRewards ---> TOURGUIDESERVICE
getUserRewards ---> TOURGUIDESERVICE
getUserRewards ---> TOURGUIDESERVICE
getUserRewards ---> TOURGUIDESERVICE
getUserRewards ---> TOURGUIDESERVICE
getUserRewards ---> TOURGUIDESERVICE
getUserRewards ---> TOURGUIDESERVICE
getUserRewards ---> TOURGUIDESERVICE
getUserRewards ---> TOURGUIDESERVICE
getUserRewards ---> TOURGUIDESERVICE
getUserRewards ---> TOURGUIDESERVICE
getUserRewards ---> TOURGUIDESERVICE
getUserRewards ---> TOURGUIDESERVICE
getUserRewards ---> TOURGUIDESERVICE
getUserRewards ---> TOURGUIDESERVICE
getUserRewards ---> TOURGUIDESERVICE
getUserRewards ---> TOURGUIDESERVICE
getUserRewards ---> TOURGUIDESERVICE
getUserRewards ---> TOURGUIDESERVICE
getUserRewards ---> TOURGUIDESERVICE
getUserRewards ---> TOURGUIDESERVICE
getUserRewards ---> TOURGUIDESERVICE
getUserRewards ---> TOURGUIDESERVICE
getUserRewards ---> TOURGUIDESERVICE
getUserRewards ---> TOURGUIDESERVICE
getUserRewards ---> TOURGUIDESERVICE
getUserRewards ---> TOURGUIDESERVICE
getUserRewards ---> TOURGUIDESERVICE
getUserRewards ---> TOURGUIDESERVICE
getUserRewards ---> TOURGUIDESERVICE
getUserRewards ---> TOURGUIDESERVICE
getUserRewards ---> TOURGUIDESERVICE
getUserRewards ---> TOURGUIDESERVICE
getUserRewards ---> TOURGUIDESERVICE
getUserRewards ---> TOURGUIDESERVICE
getUserRewards ---> TOURGUIDESERVICE
getUserRewards ---> TOURGUIDESERVICE
getUserRewards ---> TOURGUIDESERVICE
getUserRewards ---> TOURGUIDESERVICE
getUserRewards ---> TOURGUIDESERVICE
getUserRewards ---> TOURGUIDESERVICE
getUserRewards ---> TOURGUIDESERVICE
getUserRewards ---> TOURGUIDESERVICE
getUserRewards ---> TOURGUIDESERVICE
getUserRewards ---> TOURGUIDESERVICE
getUserRewards ---> TOURGUIDESERVICE
getUserRewards ---> TOURGUIDESERVICE
getUserRewards ---> TOURGUIDESERVICE
getUserRewards ---> TOURGUIDESERVICE
getUserRewards ---> TOURGUIDESERVICE
getUserRewards ---> TOURGUIDESERVICE
getUserRewards ---> TOURGUIDESERVICE
getUserRewards ---> TOURGUIDESERVICE
getUserRewards ---> TOURGUIDESERVICE
getUserRewards ---> TOURGUIDESERVICE
getUserRewards ---> TOURGUIDESERVICE
getUserRewards ---> TOURGUIDESERVICE
getUserRewards ---> TOURGUIDESERVICE
getUserRewards ---> TOURGUIDESERVICE
getUserRewards ---> TOURGUIDESERVICE
getUserRewards ---> TOURGUIDESERVICE
getUserRewards ---> TOURGUIDESERVICE
getUserRewards ---> TOURGUIDESERVICE
getUserRewards ---> TOURGUIDESERVICE
getUserRewards ---> TOURGUIDESERVICE
getUserRewards ---> TOURGUIDESERVICE
getUserRewards ---> TOURGUIDESERVICE
getUserRewards ---> TOURGUIDESERVICE
getUserRewards ---> TOURGUIDESERVICE
getUserRewards ---> TOURGUIDESERVICE
getUserRewards ---> TOURGUIDESERVICE
getUserRewards ---> TOURGUIDESERVICE
getUserRewards ---> TOURGUIDESERVICE
getUserRewards ---> TOURGUIDESERVICE
getUserRewards ---> TOURGUIDESERVICE
getUserRewards ---> TOURGUIDESERVICE
getUserRewards ---> TOURGUIDESERVICE
getUserRewards ---> TOURGUIDESERVICE
getUserRewards ---> TOURGUIDESERVICE
getUserRewards ---> TOURGUIDESERVICE
getUserRewards ---> TOURGUIDESERVICE
getUserRewards ---> TOURGUIDESERVICE
getUserRewards ---> TOURGUIDESERVICE
getUserRewards ---> TOURGUIDESERVICE
getUserRewards ---> TOURGUIDESERVICE
getUserRewards ---> TOURGUIDESERVICE
getUserRewards ---> TOURGUIDESERVICE
getUserRewards ---> TOURGUIDESERVICE
getUserRewards ---> TOURGUIDESERVICE
getUserRewards ---> TOURGUIDESERVICE
getUserRewards ---> TOURGUIDESERVICE
getUserRewards ---> TOURGUIDESERVICE
getUserRewards ---> TOURGUIDESERVICE
getUserRewards ---> TOURGUIDESERVICE
getUserRewards ---> TOURGUIDESERVICE
getUserRewards ---> TOURGUIDESERVICE
getUserRewards ---> TOURGUIDESERVICE
getUserRewards ---> TOURGUIDESERVICE
getUserRewards ---> TOURGUIDESERVICE
getUserRewards ---> TOURGUIDESERVICE
getUserRewards ---> TOURGUIDESERVICE
getUserRewards ---> TOURGUIDESERVICE
getUserRewards ---> TOURGUIDESERVICE
getUserRewards ---> TOURGUIDESERVICE
getUserRewards ---> TOURGUIDESERVICE
getUserRewards ---> TOURGUIDESERVICE
getUserRewards ---> TOURGUIDESERVICE
getUserRewards ---> TOURGUIDESERVICE
getUserRewards ---> TOURGUIDESERVICE
getUserRewards ---> TOURGUIDESERVICE
getUserRewards ---> TOURGUIDESERVICE
getUserRewards ---> TOURGUIDESERVICE
getUserRewards ---> TOURGUIDESERVICE
getUserRewards ---> TOURGUIDESERVICE
getUserRewards ---> TOURGUIDESERVICE
getUserRewards ---> TOURGUIDESERVICE
getUserRewards ---> TOURGUIDESERVICE
getUserRewards ---> TOURGUIDESERVICE
getUserRewards ---> TOURGUIDESERVICE
getUserRewards ---> TOURGUIDESERVICE
getUserRewards ---> TOURGUIDESERVICE
getUserRewards ---> TOURGUIDESERVICE
getUserRewards ---> TOURGUIDESERVICE
getUserRewards ---> TOURGUIDESERVICE
getUserRewards ---> TOURGUIDESERVICE
getUserRewards ---> TOURGUIDESERVICE
getUserRewards ---> TOURGUIDESERVICE
getUserRewards ---> TOURGUIDESERVICE
getUserRewards ---> TOURGUIDESERVICE
getUserRewards ---> TOURGUIDESERVICE
getUserRewards ---> TOURGUIDESERVICE
getUserRewards ---> TOURGUIDESERVICE
getUserRewards ---> TOURGUIDESERVICE
getUserRewards ---> TOURGUIDESERVICE
getUserRewards ---> TOURGUIDESERVICE
getUserRewards ---> TOURGUIDESERVICE
getUserRewards ---> TOURGUIDESERVICE
getUserRewards ---> TOURGUIDESERVICE
getUserRewards ---> TOURGUIDESERVICE
getUserRewards ---> TOURGUIDESERVICE
getUserRewards ---> TOURGUIDESERVICE
getUserRewards ---> TOURGUIDESERVICE
getUserRewards ---> TOURGUIDESERVICE
getUserRewards ---> TOURGUIDESERVICE
getUserRewards ---> TOURGUIDESERVICE
getUserRewards ---> TOURGUIDESERVICE
getUserRewards ---> TOURGUIDESERVICE
getUserRewards ---> TOURGUIDESERVICE
getUserRewards ---> TOURGUIDESERVICE
getUserRewards ---> TOURGUIDESERVICE
getUserRewards ---> TOURGUIDESERVICE
getUserRewards ---> TOURGUIDESERVICE
getUserRewards ---> TOURGUIDESERVICE
getUserRewards ---> TOURGUIDESERVICE
getUserRewards ---> TOURGUIDESERVICE
getUserRewards ---> TOURGUIDESERVICE
getUserRewards ---> TOURGUIDESERVICE
getUserRewards ---> TOURGUIDESERVICE
getUserRewards ---> TOURGUIDESERVICE
getUserRewards ---> TOURGUIDESERVICE
getUserRewards ---> TOURGUIDESERVICE
getUserRewards ---> TOURGUIDESERVICE
getUserRewards ---> TOURGUIDESERVICE
getUserRewards ---> TOURGUIDESERVICE
getUserRewards ---> TOURGUIDESERVICE
getUserRewards ---> TOURGUIDESERVICE
getUserRewards ---> TOURGUIDESERVICE
getUserRewards ---> TOURGUIDESERVICE
getUserRewards ---> TOURGUIDESERVICE
getUserRewards ---> TOURGUIDESERVICE
getUserRewards ---> TOURGUIDESERVICE
getUserRewards ---> TOURGUIDESERVICE
getUserRewards ---> TOURGUIDESERVICE
getUserRewards ---> TOURGUIDESERVICE
getUserRewards ---> TOURGUIDESERVICE
getUserRewards ---> TOURGUIDESERVICE
getUserRewards ---> TOURGUIDESERVICE
getUserRewards ---> TOURGUIDESERVICE
getUserRewards ---> TOURGUIDESERVICE
getUserRewards ---> TOURGUIDESERVICE
getUserRewards ---> TOURGUIDESERVICE
getUserRewards ---> TOURGUIDESERVICE
getUserRewards ---> TOURGUIDESERVICE
getUserRewards ---> TOURGUIDESERVICE
getUserRewards ---> TOURGUIDESERVICE
getUserRewards ---> TOURGUIDESERVICE
getUserRewards ---> TOURGUIDESERVICE
getUserRewards ---> TOURGUIDESERVICE
getUserRewards ---> TOURGUIDESERVICE
getUserRewards ---> TOURGUIDESERVICE
getUserRewards ---> TOURGUIDESERVICE
getUserRewards ---> TOURGUIDESERVICE
getUserRewards ---> TOURGUIDESERVICE
getUserRewards ---> TOURGUIDESERVICE
getUserRewards ---> TOURGUIDESERVICE
getUserRewards ---> TOURGUIDESERVICE
getUserRewards ---> TOURGUIDESERVICE
getUserRewards ---> TOURGUIDESERVICE
getUserRewards ---> TOURGUIDESERVICE
getUserRewards ---> TOURGUIDESERVICE
getUserRewards ---> TOURGUIDESERVICE
getUserRewards ---> TOURGUIDESERVICE
getUserRewards ---> TOURGUIDESERVICE
getUserRewards ---> TOURGUIDESERVICE
getUserRewards ---> TOURGUIDESERVICE
getUserRewards ---> TOURGUIDESERVICE
getUserRewards ---> TOURGUIDESERVICE
getUserRewards ---> TOURGUIDESERVICE
getUserRewards ---> TOURGUIDESERVICE
getUserRewards ---> TOURGUIDESERVICE
getUserRewards ---> TOURGUIDESERVICE
getUserRewards ---> TOURGUIDESERVICE
getUserRewards ---> TOURGUIDESERVICE
getUserRewards ---> TOURGUIDESERVICE
getUserRewards ---> TOURGUIDESERVICE
getUserRewards ---> TOURGUIDESERVICE
getUserRewards ---> TOURGUIDESERVICE
getUserRewards ---> TOURGUIDESERVICE
getUserRewards ---> TOURGUIDESERVICE
getUserRewards ---> TOURGUIDESERVICE
getUserRewards ---> TOURGUIDESERVICE
getUserRewards ---> TOURGUIDESERVICE
getUserRewards ---> TOURGUIDESERVICE
getUserRewards ---> TOURGUIDESERVICE
getUserRewards ---> TOURGUIDESERVICE
getUserRewards ---> TOURGUIDESERVICE
getUserRewards ---> TOURGUIDESERVICE
getUserRewards ---> TOURGUIDESERVICE
getUserRewards ---> TOURGUIDESERVICE
getUserRewards ---> TOURGUIDESERVICE
getUserRewards ---> TOURGUIDESERVICE
getUserRewards ---> TOURGUIDESERVICE
getUserRewards ---> TOURGUIDESERVICE
getUserRewards ---> TOURGUIDESERVICE
getUserRewards ---> TOURGUIDESERVICE
getUserRewards ---> TOURGUIDESERVICE
getUserRewards ---> TOURGUIDESERVICE
getUserRewards ---> TOURGUIDESERVICE
getUserRewards ---> TOURGUIDESERVICE
getUserRewards ---> TOURGUIDESERVICE
getUserRewards ---> TOURGUIDESERVICE
getUserRewards ---> TOURGUIDESERVICE
getUserRewards ---> TOURGUIDESERVICE
getUserRewards ---> TOURGUIDESERVICE
getUserRewards ---> TOURGUIDESERVICE
getUserRewards ---> TOURGUIDESERVICE
getUserRewards ---> TOURGUIDESERVICE
getUserRewards ---> TOURGUIDESERVICE
getUserRewards ---> TOURGUIDESERVICE
getUserRewards ---> TOURGUIDESERVICE
getUserRewards ---> TOURGUIDESERVICE
getUserRewards ---> TOURGUIDESERVICE
getUserRewards ---> TOURGUIDESERVICE
getUserRewards ---> TOURGUIDESERVICE
getUserRewards ---> TOURGUIDESERVICE
getUserRewards ---> TOURGUIDESERVICE
getUserRewards ---> TOURGUIDESERVICE
getUserRewards ---> TOURGUIDESERVICE
getUserRewards ---> TOURGUIDESERVICE
getUserRewards ---> TOURGUIDESERVICE
getUserRewards ---> TOURGUIDESERVICE
getUserRewards ---> TOURGUIDESERVICE
getUserRewards ---> TOURGUIDESERVICE
getUserRewards ---> TOURGUIDESERVICE
getUserRewards ---> TOURGUIDESERVICE
getUserRewards ---> TOURGUIDESERVICE
getUserRewards ---> TOURGUIDESERVICE
getUserRewards ---> TOURGUIDESERVICE
getUserRewards ---> TOURGUIDESERVICE
getUserRewards ---> TOURGUIDESERVICE
getUserRewards ---> TOURGUIDESERVICE
getUserRewards ---> TOURGUIDESERVICE
getUserRewards ---> TOURGUIDESERVICE
getUserRewards ---> TOURGUIDESERVICE
getUserRewards ---> TOURGUIDESERVICE
getUserRewards ---> TOURGUIDESERVICE
getUserRewards ---> TOURGUIDESERVICE
getUserRewards ---> TOURGUIDESERVICE
getUserRewards ---> TOURGUIDESERVICE
getUserRewards ---> TOURGUIDESERVICE
getUserRewards ---> TOURGUIDESERVICE
getUserRewards ---> TOURGUIDESERVICE
getUserRewards ---> TOURGUIDESERVICE
getUserRewards ---> TOURGUIDESERVICE
getUserRewards ---> TOURGUIDESERVICE
getUserRewards ---> TOURGUIDESERVICE
getUserRewards ---> TOURGUIDESERVICE
getUserRewards ---> TOURGUIDESERVICE
getUserRewards ---> TOURGUIDESERVICE
getUserRewards ---> TOURGUIDESERVICE
getUserRewards ---> TOURGUIDESERVICE
getUserRewards ---> TOURGUIDESERVICE
getUserRewards ---> TOURGUIDESERVICE
getUserRewards ---> TOURGUIDESERVICE
getUserRewards ---> TOURGUIDESERVICE
getUserRewards ---> TOURGUIDESERVICE
getUserRewards ---> TOURGUIDESERVICE
getUserRewards ---> TOURGUIDESERVICE
getUserRewards ---> TOURGUIDESERVICE
getUserRewards ---> TOURGUIDESERVICE
getUserRewards ---> TOURGUIDESERVICE
getUserRewards ---> TOURGUIDESERVICE
getUserRewards ---> TOURGUIDESERVICE
getUserRewards ---> TOURGUIDESERVICE
getUserRewards ---> TOURGUIDESERVICE
getUserRewards ---> TOURGUIDESERVICE
getUserRewards ---> TOURGUIDESERVICE
getUserRewards ---> TOURGUIDESERVICE
getUserRewards ---> TOURGUIDESERVICE
getUserRewards ---> TOURGUIDESERVICE
getUserRewards ---> TOURGUIDESERVICE
getUserRewards ---> TOURGUIDESERVICE
getUserRewards ---> TOURGUIDESERVICE
getUserRewards ---> TOURGUIDESERVICE
getUserRewards ---> TOURGUIDESERVICE
getUserRewards ---> TOURGUIDESERVICE
getUserRewards ---> TOURGUIDESERVICE
getUserRewards ---> TOURGUIDESERVICE
getUserRewards ---> TOURGUIDESERVICE
getUserRewards ---> TOURGUIDESERVICE
getUserRewards ---> TOURGUIDESERVICE
getUserRewards ---> TOURGUIDESERVICE
getUserRewards ---> TOURGUIDESERVICE
getUserRewards ---> TOURGUIDESERVICE
getUserRewards ---> TOURGUIDESERVICE
getUserRewards ---> TOURGUIDESERVICE
getUserRewards ---> TOURGUIDESERVICE
getUserRewards ---> TOURGUIDESERVICE
getUserRewards ---> TOURGUIDESERVICE
getUserRewards ---> TOURGUIDESERVICE
getUserRewards ---> TOURGUIDESERVICE
getUserRewards ---> TOURGUIDESERVICE
getUserRewards ---> TOURGUIDESERVICE
getUserRewards ---> TOURGUIDESERVICE
getUserRewards ---> TOURGUIDESERVICE
getUserRewards ---> TOURGUIDESERVICE
getUserRewards ---> TOURGUIDESERVICE
getUserRewards ---> TOURGUIDESERVICE
getUserRewards ---> TOURGUIDESERVICE
getUserRewards ---> TOURGUIDESERVICE
getUserRewards ---> TOURGUIDESERVICE
getUserRewards ---> TOURGUIDESERVICE
getUserRewards ---> TOURGUIDESERVICE
getUserRewards ---> TOURGUIDESERVICE
getUserRewards ---> TOURGUIDESERVICE
getUserRewards ---> TOURGUIDESERVICE
getUserRewards ---> TOURGUIDESERVICE
getUserRewards ---> TOURGUIDESERVICE
getUserRewards ---> TOURGUIDESERVICE
getUserRewards ---> TOURGUIDESERVICE
getUserRewards ---> TOURGUIDESERVICE
getUserRewards ---> TOURGUIDESERVICE
getUserRewards ---> TOURGUIDESERVICE
getUserRewards ---> TOURGUIDESERVICE
getUserRewards ---> TOURGUIDESERVICE
getUserRewards ---> TOURGUIDESERVICE
getUserRewards ---> TOURGUIDESERVICE
getUserRewards ---> TOURGUIDESERVICE
getUserRewards ---> TOURGUIDESERVICE
getUserRewards ---> TOURGUIDESERVICE
getUserRewards ---> TOURGUIDESERVICE
getUserRewards ---> TOURGUIDESERVICE
getUserRewards ---> TOURGUIDESERVICE
getUserRewards ---> TOURGUIDESERVICE
getUserRewards ---> TOURGUIDESERVICE
getUserRewards ---> TOURGUIDESERVICE
getUserRewards ---> TOURGUIDESERVICE
getUserRewards ---> TOURGUIDESERVICE
getUserRewards ---> TOURGUIDESERVICE
getUserRewards ---> TOURGUIDESERVICE
getUserRewards ---> TOURGUIDESERVICE
getUserRewards ---> TOURGUIDESERVICE
getUserRewards ---> TOURGUIDESERVICE
getUserRewards ---> TOURGUIDESERVICE
getUserRewards ---> TOURGUIDESERVICE
getUserRewards ---> TOURGUIDESERVICE
getUserRewards ---> TOURGUIDESERVICE
getUserRewards ---> TOURGUIDESERVICE
getUserRewards ---> TOURGUIDESERVICE
getUserRewards ---> TOURGUIDESERVICE
getUserRewards ---> TOURGUIDESERVICE
getUserRewards ---> TOURGUIDESERVICE
getUserRewards ---> TOURGUIDESERVICE
getUserRewards ---> TOURGUIDESERVICE
getUserRewards ---> TOURGUIDESERVICE
getUserRewards ---> TOURGUIDESERVICE
getUserRewards ---> TOURGUIDESERVICE
getUserRewards ---> TOURGUIDESERVICE
getUserRewards ---> TOURGUIDESERVICE
getUserRewards ---> TOURGUIDESERVICE
getUserRewards ---> TOURGUIDESERVICE
getUserRewards ---> TOURGUIDESERVICE
getUserRewards ---> TOURGUIDESERVICE
getUserRewards ---> TOURGUIDESERVICE
getUserRewards ---> TOURGUIDESERVICE
getUserRewards ---> TOURGUIDESERVICE
getUserRewards ---> TOURGUIDESERVICE
getUserRewards ---> TOURGUIDESERVICE
getUserRewards ---> TOURGUIDESERVICE
getUserRewards ---> TOURGUIDESERVICE
getUserRewards ---> TOURGUIDESERVICE
getUserRewards ---> TOURGUIDESERVICE
getUserRewards ---> TOURGUIDESERVICE
getUserRewards ---> TOURGUIDESERVICE
getUserRewards ---> TOURGUIDESERVICE
getUserRewards ---> TOURGUIDESERVICE
getUserRewards ---> TOURGUIDESERVICE
getUserRewards ---> TOURGUIDESERVICE
getUserRewards ---> TOURGUIDESERVICE
getUserRewards ---> TOURGUIDESERVICE
getUserRewards ---> TOURGUIDESERVICE
getUserRewards ---> TOURGUIDESERVICE
getUserRewards ---> TOURGUIDESERVICE
getUserRewards ---> TOURGUIDESERVICE
getUserRewards ---> TOURGUIDESERVICE
getUserRewards ---> TOURGUIDESERVICE
getUserRewards ---> TOURGUIDESERVICE
getUserRewards ---> TOURGUIDESERVICE
getUserRewards ---> TOURGUIDESERVICE
getUserRewards ---> TOURGUIDESERVICE
getUserRewards ---> TOURGUIDESERVICE
getUserRewards ---> TOURGUIDESERVICE
getUserRewards ---> TOURGUIDESERVICE
getUserRewards ---> TOURGUIDESERVICE
getUserRewards ---> TOURGUIDESERVICE
getUserRewards ---> TOURGUIDESERVICE
getUserRewards ---> TOURGUIDESERVICE
getUserRewards ---> TOURGUIDESERVICE
getUserRewards ---> TOURGUIDESERVICE
getUserRewards ---> TOURGUIDESERVICE
getUserRewards ---> TOURGUIDESERVICE
getUserRewards ---> TOURGUIDESERVICE
getUserRewards ---> TOURGUIDESERVICE
getUserRewards ---> TOURGUIDESERVICE
getUserRewards ---> TOURGUIDESERVICE
getUserRewards ---> TOURGUIDESERVICE
getUserRewards ---> TOURGUIDESERVICE
getUserRewards ---> TOURGUIDESERVICE
getUserRewards ---> TOURGUIDESERVICE
getUserRewards ---> TOURGUIDESERVICE
getUserRewards ---> TOURGUIDESERVICE
getUserRewards ---> TOURGUIDESERVICE
getUserRewards ---> TOURGUIDESERVICE
getUserRewards ---> TOURGUIDESERVICE
getUserRewards ---> TOURGUIDESERVICE
getUserRewards ---> TOURGUIDESERVICE
getUserRewards ---> TOURGUIDESERVICE
getUserRewards ---> TOURGUIDESERVICE
getUserRewards ---> TOURGUIDESERVICE
getUserRewards ---> TOURGUIDESERVICE
getUserRewards ---> TOURGUIDESERVICE
getUserRewards ---> TOURGUIDESERVICE
getUserRewards ---> TOURGUIDESERVICE
getUserRewards ---> TOURGUIDESERVICE
getUserRewards ---> TOURGUIDESERVICE
getUserRewards ---> TOURGUIDESERVICE
getUserRewards ---> TOURGUIDESERVICE
getUserRewards ---> TOURGUIDESERVICE
getUserRewards ---> TOURGUIDESERVICE
getUserRewards ---> TOURGUIDESERVICE
getUserRewards ---> TOURGUIDESERVICE
getUserRewards ---> TOURGUIDESERVICE
getUserRewards ---> TOURGUIDESERVICE
getUserRewards ---> TOURGUIDESERVICE
getUserRewards ---> TOURGUIDESERVICE
getUserRewards ---> TOURGUIDESERVICE
getUserRewards ---> TOURGUIDESERVICE
getUserRewards ---> TOURGUIDESERVICE
getUserRewards ---> TOURGUIDESERVICE
getUserRewards ---> TOURGUIDESERVICE
getUserRewards ---> TOURGUIDESERVICE
getUserRewards ---> TOURGUIDESERVICE
getUserRewards ---> TOURGUIDESERVICE
getUserRewards ---> TOURGUIDESERVICE
getUserRewards ---> TOURGUIDESERVICE
getUserRewards ---> TOURGUIDESERVICE
getUserRewards ---> TOURGUIDESERVICE
getUserRewards ---> TOURGUIDESERVICE
getUserRewards ---> TOURGUIDESERVICE
getUserRewards ---> TOURGUIDESERVICE
getUserRewards ---> TOURGUIDESERVICE
getUserRewards ---> TOURGUIDESERVICE
getUserRewards ---> TOURGUIDESERVICE
getUserRewards ---> TOURGUIDESERVICE
getUserRewards ---> TOURGUIDESERVICE
getUserRewards ---> TOURGUIDESERVICE
getUserRewards ---> TOURGUIDESERVICE
getUserRewards ---> TOURGUIDESERVICE
getUserRewards ---> TOURGUIDESERVICE
getUserRewards ---> TOURGUIDESERVICE
getUserRewards ---> TOURGUIDESERVICE
getUserRewards ---> TOURGUIDESERVICE
getUserRewards ---> TOURGUIDESERVICE
getUserRewards ---> TOURGUIDESERVICE
getUserRewards ---> TOURGUIDESERVICE
getUserRewards ---> TOURGUIDESERVICE
getUserRewards ---> TOURGUIDESERVICE
getUserRewards ---> TOURGUIDESERVICE
getUserRewards ---> TOURGUIDESERVICE
getUserRewards ---> TOURGUIDESERVICE
getUserRewards ---> TOURGUIDESERVICE
getUserRewards ---> TOURGUIDESERVICE
getUserRewards ---> TOURGUIDESERVICE
getUserRewards ---> TOURGUIDESERVICE
getUserRewards ---> TOURGUIDESERVICE
getUserRewards ---> TOURGUIDESERVICE
getUserRewards ---> TOURGUIDESERVICE
getUserRewards ---> TOURGUIDESERVICE
getUserRewards ---> TOURGUIDESERVICE
getUserRewards ---> TOURGUIDESERVICE
getUserRewards ---> TOURGUIDESERVICE
getUserRewards ---> TOURGUIDESERVICE
getUserRewards ---> TOURGUIDESERVICE
getUserRewards ---> TOURGUIDESERVICE
getUserRewards ---> TOURGUIDESERVICE
getUserRewards ---> TOURGUIDESERVICE
getUserRewards ---> TOURGUIDESERVICE
getUserRewards ---> TOURGUIDESERVICE
getUserRewards ---> TOURGUIDESERVICE
getUserRewards ---> TOURGUIDESERVICE
getUserRewards ---> TOURGUIDESERVICE
getUserRewards ---> TOURGUIDESERVICE
getUserRewards ---> TOURGUIDESERVICE
getUserRewards ---> TOURGUIDESERVICE
getUserRewards ---> TOURGUIDESERVICE
getUserRewards ---> TOURGUIDESERVICE
getUserRewards ---> TOURGUIDESERVICE
getUserRewards ---> TOURGUIDESERVICE
getUserRewards ---> TOURGUIDESERVICE
getUserRewards ---> TOURGUIDESERVICE
getUserRewards ---> TOURGUIDESERVICE
getUserRewards ---> TOURGUIDESERVICE
getUserRewards ---> TOURGUIDESERVICE
getUserRewards ---> TOURGUIDESERVICE
getUserRewards ---> TOURGUIDESERVICE
getUserRewards ---> TOURGUIDESERVICE
getUserRewards ---> TOURGUIDESERVICE
getUserRewards ---> TOURGUIDESERVICE
getUserRewards ---> TOURGUIDESERVICE
getUserRewards ---> TOURGUIDESERVICE
getUserRewards ---> TOURGUIDESERVICE
getUserRewards ---> TOURGUIDESERVICE
getUserRewards ---> TOURGUIDESERVICE
getUserRewards ---> TOURGUIDESERVICE
getUserRewards ---> TOURGUIDESERVICE
getUserRewards ---> TOURGUIDESERVICE
getUserRewards ---> TOURGUIDESERVICE
getUserRewards ---> TOURGUIDESERVICE
getUserRewards ---> TOURGUIDESERVICE
getUserRewards ---> TOURGUIDESERVICE
getUserRewards ---> TOURGUIDESERVICE
getUserRewards ---> TOURGUIDESERVICE
getUserRewards ---> TOURGUIDESERVICE
getUserRewards ---> TOURGUIDESERVICE
getUserRewards ---> TOURGUIDESERVICE
getUserRewards ---> TOURGUIDESERVICE
getUserRewards ---> TOURGUIDESERVICE
getUserRewards ---> TOURGUIDESERVICE
getUserRewards ---> TOURGUIDESERVICE
getUserRewards ---> TOURGUIDESERVICE
getUserRewards ---> TOURGUIDESERVICE
getUserRewards ---> TOURGUIDESERVICE
getUserRewards ---> TOURGUIDESERVICE
getUserRewards ---> TOURGUIDESERVICE
getUserRewards ---> TOURGUIDESERVICE
getUserRewards ---> TOURGUIDESERVICE
getUserRewards ---> TOURGUIDESERVICE
getUserRewards ---> TOURGUIDESERVICE
getUserRewards ---> TOURGUIDESERVICE
getUserRewards ---> TOURGUIDESERVICE
getUserRewards ---> TOURGUIDESERVICE
getUserRewards ---> TOURGUIDESERVICE
getUserRewards ---> TOURGUIDESERVICE
getUserRewards ---> TOURGUIDESERVICE
getUserRewards ---> TOURGUIDESERVICE
getUserRewards ---> TOURGUIDESERVICE
getUserRewards ---> TOURGUIDESERVICE
getUserRewards ---> TOURGUIDESERVICE
getUserRewards ---> TOURGUIDESERVICE
getUserRewards ---> TOURGUIDESERVICE
getUserRewards ---> TOURGUIDESERVICE
getUserRewards ---> TOURGUIDESERVICE
getUserRewards ---> TOURGUIDESERVICE
getUserRewards ---> TOURGUIDESERVICE
getUserRewards ---> TOURGUIDESERVICE
getUserRewards ---> TOURGUIDESERVICE
getUserRewards ---> TOURGUIDESERVICE
getUserRewards ---> TOURGUIDESERVICE
getUserRewards ---> TOURGUIDESERVICE
getUserRewards ---> TOURGUIDESERVICE
getUserRewards ---> TOURGUIDESERVICE
getUserRewards ---> TOURGUIDESERVICE
getUserRewards ---> TOURGUIDESERVICE
getUserRewards ---> TOURGUIDESERVICE
getUserRewards ---> TOURGUIDESERVICE
getUserRewards ---> TOURGUIDESERVICE
getUserRewards ---> TOURGUIDESERVICE
getUserRewards ---> TOURGUIDESERVICE
getUserRewards ---> TOURGUIDESERVICE
getUserRewards ---> TOURGUIDESERVICE
getUserRewards ---> TOURGUIDESERVICE
getUserRewards ---> TOURGUIDESERVICE
getUserRewards ---> TOURGUIDESERVICE
getUserRewards ---> TOURGUIDESERVICE
getUserRewards ---> TOURGUIDESERVICE
getUserRewards ---> TOURGUIDESERVICE
getUserRewards ---> TOURGUIDESERVICE
getUserRewards ---> TOURGUIDESERVICE
getUserRewards ---> TOURGUIDESERVICE
getUserRewards ---> TOURGUIDESERVICE
getUserRewards ---> TOURGUIDESERVICE
getUserRewards ---> TOURGUIDESERVICE
getUserRewards ---> TOURGUIDESERVICE
getUserRewards ---> TOURGUIDESERVICE
getUserRewards ---> TOURGUIDESERVICE
getUserRewards ---> TOURGUIDESERVICE
getUserRewards ---> TOURGUIDESERVICE
getUserRewards ---> TOURGUIDESERVICE
getUserRewards ---> TOURGUIDESERVICE
getUserRewards ---> TOURGUIDESERVICE
getUserRewards ---> TOURGUIDESERVICE
getUserRewards ---> TOURGUIDESERVICE
getUserRewards ---> TOURGUIDESERVICE
getUserRewards ---> TOURGUIDESERVICE
getUserRewards ---> TOURGUIDESERVICE
getUserRewards ---> TOURGUIDESERVICE
getUserRewards ---> TOURGUIDESERVICE
getUserRewards ---> TOURGUIDESERVICE
getUserRewards ---> TOURGUIDESERVICE
getUserRewards ---> TOURGUIDESERVICE
getUserRewards ---> TOURGUIDESERVICE
getUserRewards ---> TOURGUIDESERVICE
getUserRewards ---> TOURGUIDESERVICE
getUserRewards ---> TOURGUIDESERVICE
getUserRewards ---> TOURGUIDESERVICE
getUserRewards ---> TOURGUIDESERVICE
getUserRewards ---> TOURGUIDESERVICE
getUserRewards ---> TOURGUIDESERVICE
getUserRewards ---> TOURGUIDESERVICE
getUserRewards ---> TOURGUIDESERVICE
getUserRewards ---> TOURGUIDESERVICE
getUserRewards ---> TOURGUIDESERVICE
getUserRewards ---> TOURGUIDESERVICE
getUserRewards ---> TOURGUIDESERVICE
getUserRewards ---> TOURGUIDESERVICE
getUserRewards ---> TOURGUIDESERVICE
getUserRewards ---> TOURGUIDESERVICE
getUserRewards ---> TOURGUIDESERVICE
getUserRewards ---> TOURGUIDESERVICE
getUserRewards ---> TOURGUIDESERVICE
getUserRewards ---> TOURGUIDESERVICE
getUserRewards ---> TOURGUIDESERVICE
getUserRewards ---> TOURGUIDESERVICE
getUserRewards ---> TOURGUIDESERVICE
getUserRewards ---> TOURGUIDESERVICE
getUserRewards ---> TOURGUIDESERVICE
getUserRewards ---> TOURGUIDESERVICE
getUserRewards ---> TOURGUIDESERVICE
getUserRewards ---> TOURGUIDESERVICE
getUserRewards ---> TOURGUIDESERVICE
getUserRewards ---> TOURGUIDESERVICE
getUserRewards ---> TOURGUIDESERVICE
getUserRewards ---> TOURGUIDESERVICE
getUserRewards ---> TOURGUIDESERVICE
getUserRewards ---> TOURGUIDESERVICE
getUserRewards ---> TOURGUIDESERVICE
getUserRewards ---> TOURGUIDESERVICE
getUserRewards ---> TOURGUIDESERVICE
getUserRewards ---> TOURGUIDESERVICE
getUserRewards ---> TOURGUIDESERVICE
getUserRewards ---> TOURGUIDESERVICE
getUserRewards ---> TOURGUIDESERVICE
getUserRewards ---> TOURGUIDESERVICE
getUserRewards ---> TOURGUIDESERVICE
getUserRewards ---> TOURGUIDESERVICE
getUserRewards ---> TOURGUIDESERVICE
getUserRewards ---> TOURGUIDESERVICE
getUserRewards ---> TOURGUIDESERVICE
getUserRewards ---> TOURGUIDESERVICE
getUserRewards ---> TOURGUIDESERVICE
getUserRewards ---> TOURGUIDESERVICE
getUserRewards ---> TOURGUIDESERVICE
getUserRewards ---> TOURGUIDESERVICE
getUserRewards ---> TOURGUIDESERVICE
getUserRewards ---> TOURGUIDESERVICE
getUserRewards ---> TOURGUIDESERVICE
getUserRewards ---> TOURGUIDESERVICE
getUserRewards ---> TOURGUIDESERVICE
getUserRewards ---> TOURGUIDESERVICE
getUserRewards ---> TOURGUIDESERVICE
getUserRewards ---> TOURGUIDESERVICE
getUserRewards ---> TOURGUIDESERVICE
getUserRewards ---> TOURGUIDESERVICE
getUserRewards ---> TOURGUIDESERVICE
getUserRewards ---> TOURGUIDESERVICE
getUserRewards ---> TOURGUIDESERVICE
getUserRewards ---> TOURGUIDESERVICE
getUserRewards ---> TOURGUIDESERVICE
getUserRewards ---> TOURGUIDESERVICE
getUserRewards ---> TOURGUIDESERVICE
getUserRewards ---> TOURGUIDESERVICE
getUserRewards ---> TOURGUIDESERVICE
getUserRewards ---> TOURGUIDESERVICE
getUserRewards ---> TOURGUIDESERVICE
getUserRewards ---> TOURGUIDESERVICE
getUserRewards ---> TOURGUIDESERVICE
getUserRewards ---> TOURGUIDESERVICE
getUserRewards ---> TOURGUIDESERVICE
getUserRewards ---> TOURGUIDESERVICE
getUserRewards ---> TOURGUIDESERVICE
getUserRewards ---> TOURGUIDESERVICE
getUserRewards ---> TOURGUIDESERVICE
getUserRewards ---> TOURGUIDESERVICE
getUserRewards ---> TOURGUIDESERVICE
getUserRewards ---> TOURGUIDESERVICE
getUserRewards ---> TOURGUIDESERVICE
getUserRewards ---> TOURGUIDESERVICE
getUserRewards ---> TOURGUIDESERVICE
getUserRewards ---> TOURGUIDESERVICE
getUserRewards ---> TOURGUIDESERVICE
getUserRewards ---> TOURGUIDESERVICE
getUserRewards ---> TOURGUIDESERVICE
getUserRewards ---> TOURGUIDESERVICE
getUserRewards ---> TOURGUIDESERVICE
getUserRewards ---> TOURGUIDESERVICE
getUserRewards ---> TOURGUIDESERVICE
getUserRewards ---> TOURGUIDESERVICE
getUserRewards ---> TOURGUIDESERVICE
getUserRewards ---> TOURGUIDESERVICE
getUserRewards ---> TOURGUIDESERVICE
getUserRewards ---> TOURGUIDESERVICE
getUserRewards ---> TOURGUIDESERVICE
getUserRewards ---> TOURGUIDESERVICE
getUserRewards ---> TOURGUIDESERVICE
getUserRewards ---> TOURGUIDESERVICE
getUserRewards ---> TOURGUIDESERVICE
getUserRewards ---> TOURGUIDESERVICE
getUserRewards ---> TOURGUIDESERVICE
getUserRewards ---> TOURGUIDESERVICE
getUserRewards ---> TOURGUIDESERVICE
getUserRewards ---> TOURGUIDESERVICE
getUserRewards ---> TOURGUIDESERVICE
getUserRewards ---> TOURGUIDESERVICE
getUserRewards ---> TOURGUIDESERVICE
getUserRewards ---> TOURGUIDESERVICE
getUserRewards ---> TOURGUIDESERVICE
getUserRewards ---> TOURGUIDESERVICE
getUserRewards ---> TOURGUIDESERVICE
getUserRewards ---> TOURGUIDESERVICE
getUserRewards ---> TOURGUIDESERVICE
getUserRewards ---> TOURGUIDESERVICE
getUserRewards ---> TOURGUIDESERVICE
getUserRewards ---> TOURGUIDESERVICE
getUserRewards ---> TOURGUIDESERVICE
getUserRewards ---> TOURGUIDESERVICE
getUserRewards ---> TOURGUIDESERVICE
getUserRewards ---> TOURGUIDESERVICE
getUserRewards ---> TOURGUIDESERVICE
getUserRewards ---> TOURGUIDESERVICE
getUserRewards ---> TOURGUIDESERVICE
getUserRewards ---> TOURGUIDESERVICE
getUserRewards ---> TOURGUIDESERVICE
getUserRewards ---> TOURGUIDESERVICE
getUserRewards ---> TOURGUIDESERVICE
getUserRewards ---> TOURGUIDESERVICE
getUserRewards ---> TOURGUIDESERVICE
getUserRewards ---> TOURGUIDESERVICE
getUserRewards ---> TOURGUIDESERVICE
getUserRewards ---> TOURGUIDESERVICE
getUserRewards ---> TOURGUIDESERVICE
getUserRewards ---> TOURGUIDESERVICE
getUserRewards ---> TOURGUIDESERVICE
getUserRewards ---> TOURGUIDESERVICE
getUserRewards ---> TOURGUIDESERVICE
getUserRewards ---> TOURGUIDESERVICE
getUserRewards ---> TOURGUIDESERVICE
getUserRewards ---> TOURGUIDESERVICE
getUserRewards ---> TOURGUIDESERVICE
getUserRewards ---> TOURGUIDESERVICE
getUserRewards ---> TOURGUIDESERVICE
getUserRewards ---> TOURGUIDESERVICE
getUserRewards ---> TOURGUIDESERVICE
getUserRewards ---> TOURGUIDESERVICE
getUserRewards ---> TOURGUIDESERVICE
getUserRewards ---> TOURGUIDESERVICE
getUserRewards ---> TOURGUIDESERVICE
getUserRewards ---> TOURGUIDESERVICE
getUserRewards ---> TOURGUIDESERVICE
getUserRewards ---> TOURGUIDESERVICE
getUserRewards ---> TOURGUIDESERVICE
getUserRewards ---> TOURGUIDESERVICE
getUserRewards ---> TOURGUIDESERVICE
getUserRewards ---> TOURGUIDESERVICE
getUserRewards ---> TOURGUIDESERVICE
getUserRewards ---> TOURGUIDESERVICE
getUserRewards ---> TOURGUIDESERVICE
getUserRewards ---> TOURGUIDESERVICE
getUserRewards ---> TOURGUIDESERVICE
getUserRewards ---> TOURGUIDESERVICE
getUserRewards ---> TOURGUIDESERVICE
getUserRewards ---> TOURGUIDESERVICE
getUserRewards ---> TOURGUIDESERVICE
getUserRewards ---> TOURGUIDESERVICE
getUserRewards ---> TOURGUIDESERVICE
getUserRewards ---> TOURGUIDESERVICE
getUserRewards ---> TOURGUIDESERVICE
getUserRewards ---> TOURGUIDESERVICE
getUserRewards ---> TOURGUIDESERVICE
getUserRewards ---> TOURGUIDESERVICE
getUserRewards ---> TOURGUIDESERVICE
getUserRewards ---> TOURGUIDESERVICE
getUserRewards ---> TOURGUIDESERVICE
getUserRewards ---> TOURGUIDESERVICE
getUserRewards ---> TOURGUIDESERVICE
getUserRewards ---> TOURGUIDESERVICE
getUserRewards ---> TOURGUIDESERVICE
getUserRewards ---> TOURGUIDESERVICE
getUserRewards ---> TOURGUIDESERVICE
getUserRewards ---> TOURGUIDESERVICE
getUserRewards ---> TOURGUIDESERVICE
getUserRewards ---> TOURGUIDESERVICE
getUserRewards ---> TOURGUIDESERVICE
getUserRewards ---> TOURGUIDESERVICE
getUserRewards ---> TOURGUIDESERVICE
getUserRewards ---> TOURGUIDESERVICE
getUserRewards ---> TOURGUIDESERVICE
getUserRewards ---> TOURGUIDESERVICE
getUserRewards ---> TOURGUIDESERVICE
getUserRewards ---> TOURGUIDESERVICE
getUserRewards ---> TOURGUIDESERVICE
getUserRewards ---> TOURGUIDESERVICE
getUserRewards ---> TOURGUIDESERVICE
getUserRewards ---> TOURGUIDESERVICE
getUserRewards ---> TOURGUIDESERVICE
getUserRewards ---> TOURGUIDESERVICE
getUserRewards ---> TOURGUIDESERVICE
getUserRewards ---> TOURGUIDESERVICE
getUserRewards ---> TOURGUIDESERVICE
getUserRewards ---> TOURGUIDESERVICE
getUserRewards ---> TOURGUIDESERVICE
getUserRewards ---> TOURGUIDESERVICE
getUserRewards ---> TOURGUIDESERVICE
getUserRewards ---> TOURGUIDESERVICE
getUserRewards ---> TOURGUIDESERVICE
getUserRewards ---> TOURGUIDESERVICE
getUserRewards ---> TOURGUIDESERVICE
getUserRewards ---> TOURGUIDESERVICE
getUserRewards ---> TOURGUIDESERVICE
getUserRewards ---> TOURGUIDESERVICE
getUserRewards ---> TOURGUIDESERVICE
getUserRewards ---> TOURGUIDESERVICE
getUserRewards ---> TOURGUIDESERVICE
getUserRewards ---> TOURGUIDESERVICE
getUserRewards ---> TOURGUIDESERVICE
getUserRewards ---> TOURGUIDESERVICE
getUserRewards ---> TOURGUIDESERVICE
getUserRewards ---> TOURGUIDESERVICE
getUserRewards ---> TOURGUIDESERVICE
getUserRewards ---> TOURGUIDESERVICE
getUserRewards ---> TOURGUIDESERVICE
getUserRewards ---> TOURGUIDESERVICE
getUserRewards ---> TOURGUIDESERVICE
getUserRewards ---> TOURGUIDESERVICE
getUserRewards ---> TOURGUIDESERVICE
getUserRewards ---> TOURGUIDESERVICE
getUserRewards ---> TOURGUIDESERVICE
getUserRewards ---> TOURGUIDESERVICE
getUserRewards ---> TOURGUIDESERVICE
getUserRewards ---> TOURGUIDESERVICE
getUserRewards ---> TOURGUIDESERVICE
getUserRewards ---> TOURGUIDESERVICE
getUserRewards ---> TOURGUIDESERVICE
getUserRewards ---> TOURGUIDESERVICE
getUserRewards ---> TOURGUIDESERVICE
getUserRewards ---> TOURGUIDESERVICE
getUserRewards ---> TOURGUIDESERVICE
getUserRewards ---> TOURGUIDESERVICE
getUserRewards ---> TOURGUIDESERVICE
getUserRewards ---> TOURGUIDESERVICE
getUserRewards ---> TOURGUIDESERVICE
getUserRewards ---> TOURGUIDESERVICE
getUserRewards ---> TOURGUIDESERVICE
getUserRewards ---> TOURGUIDESERVICE
getUserRewards ---> TOURGUIDESERVICE
getUserRewards ---> TOURGUIDESERVICE
getUserRewards ---> TOURGUIDESERVICE
getUserRewards ---> TOURGUIDESERVICE
getUserRewards ---> TOURGUIDESERVICE
getUserRewards ---> TOURGUIDESERVICE
getUserRewards ---> TOURGUIDESERVICE
getUserRewards ---> TOURGUIDESERVICE
getUserRewards ---> TOURGUIDESERVICE
getUserRewards ---> TOURGUIDESERVICE
getUserRewards ---> TOURGUIDESERVICE
getUserRewards ---> TOURGUIDESERVICE
getUserRewards ---> TOURGUIDESERVICE
getUserRewards ---> TOURGUIDESERVICE
getUserRewards ---> TOURGUIDESERVICE
getUserRewards ---> TOURGUIDESERVICE
getUserRewards ---> TOURGUIDESERVICE
getUserRewards ---> TOURGUIDESERVICE
getUserRewards ---> TOURGUIDESERVICE
getUserRewards ---> TOURGUIDESERVICE
getUserRewards ---> TOURGUIDESERVICE
getUserRewards ---> TOURGUIDESERVICE
getUserRewards ---> TOURGUIDESERVICE
getUserRewards ---> TOURGUIDESERVICE
getUserRewards ---> TOURGUIDESERVICE
getUserRewards ---> TOURGUIDESERVICE
getUserRewards ---> TOURGUIDESERVICE
getUserRewards ---> TOURGUIDESERVICE
getUserRewards ---> TOURGUIDESERVICE
getUserRewards ---> TOURGUIDESERVICE
getUserRewards ---> TOURGUIDESERVICE
getUserRewards ---> TOURGUIDESERVICE
getUserRewards ---> TOURGUIDESERVICE
getUserRewards ---> TOURGUIDESERVICE
getUserRewards ---> TOURGUIDESERVICE
getUserRewards ---> TOURGUIDESERVICE
getUserRewards ---> TOURGUIDESERVICE
getUserRewards ---> TOURGUIDESERVICE
getUserRewards ---> TOURGUIDESERVICE
getUserRewards ---> TOURGUIDESERVICE
getUserRewards ---> TOURGUIDESERVICE
getUserRewards ---> TOURGUIDESERVICE
getUserRewards ---> TOURGUIDESERVICE
getUserRewards ---> TOURGUIDESERVICE
getUserRewards ---> TOURGUIDESERVICE
getUserRewards ---> TOURGUIDESERVICE
getUserRewards ---> TOURGUIDESERVICE
getUserRewards ---> TOURGUIDESERVICE
getUserRewards ---> TOURGUIDESERVICE
getUserRewards ---> TOURGUIDESERVICE
getUserRewards ---> TOURGUIDESERVICE
getUserRewards ---> TOURGUIDESERVICE
getUserRewards ---> TOURGUIDESERVICE
getUserRewards ---> TOURGUIDESERVICE
getUserRewards ---> TOURGUIDESERVICE
getUserRewards ---> TOURGUIDESERVICE
getUserRewards ---> TOURGUIDESERVICE
getUserRewards ---> TOURGUIDESERVICE
getUserRewards ---> TOURGUIDESERVICE
getUserRewards ---> TOURGUIDESERVICE
getUserRewards ---> TOURGUIDESERVICE
getUserRewards ---> TOURGUIDESERVICE
getUserRewards ---> TOURGUIDESERVICE
getUserRewards ---> TOURGUIDESERVICE
getUserRewards ---> TOURGUIDESERVICE
getUserRewards ---> TOURGUIDESERVICE
getUserRewards ---> TOURGUIDESERVICE
getUserRewards ---> TOURGUIDESERVICE
getUserRewards ---> TOURGUIDESERVICE
getUserRewards ---> TOURGUIDESERVICE
getUserRewards ---> TOURGUIDESERVICE
getUserRewards ---> TOURGUIDESERVICE
getUserRewards ---> TOURGUIDESERVICE
getUserRewards ---> TOURGUIDESERVICE
getUserRewards ---> TOURGUIDESERVICE
getUserRewards ---> TOURGUIDESERVICE
getUserRewards ---> TOURGUIDESERVICE
getUserRewards ---> TOURGUIDESERVICE
getUserRewards ---> TOURGUIDESERVICE
getUserRewards ---> TOURGUIDESERVICE
getUserRewards ---> TOURGUIDESERVICE
getUserRewards ---> TOURGUIDESERVICE
getUserRewards ---> TOURGUIDESERVICE
getUserRewards ---> TOURGUIDESERVICE
getUserRewards ---> TOURGUIDESERVICE
getUserRewards ---> TOURGUIDESERVICE
getUserRewards ---> TOURGUIDESERVICE
getUserRewards ---> TOURGUIDESERVICE
getUserRewards ---> TOURGUIDESERVICE
getUserRewards ---> TOURGUIDESERVICE
getUserRewards ---> TOURGUIDESERVICE
getUserRewards ---> TOURGUIDESERVICE
getUserRewards ---> TOURGUIDESERVICE
getUserRewards ---> TOURGUIDESERVICE
getUserRewards ---> TOURGUIDESERVICE
getUserRewards ---> TOURGUIDESERVICE
getUserRewards ---> TOURGUIDESERVICE
getUserRewards ---> TOURGUIDESERVICE
getUserRewards ---> TOURGUIDESERVICE
getUserRewards ---> TOURGUIDESERVICE
getUserRewards ---> TOURGUIDESERVICE
getUserRewards ---> TOURGUIDESERVICE
getUserRewards ---> TOURGUIDESERVICE
getUserRewards ---> TOURGUIDESERVICE
getUserRewards ---> TOURGUIDESERVICE
getUserRewards ---> TOURGUIDESERVICE
getUserRewards ---> TOURGUIDESERVICE
getUserRewards ---> TOURGUIDESERVICE
getUserRewards ---> TOURGUIDESERVICE
getUserRewards ---> TOURGUIDESERVICE
getUserRewards ---> TOURGUIDESERVICE
getUserRewards ---> TOURGUIDESERVICE
getUserRewards ---> TOURGUIDESERVICE
getUserRewards ---> TOURGUIDESERVICE
getUserRewards ---> TOURGUIDESERVICE
getUserRewards ---> TOURGUIDESERVICE
getUserRewards ---> TOURGUIDESERVICE
getUserRewards ---> TOURGUIDESERVICE
getUserRewards ---> TOURGUIDESERVICE
getUserRewards ---> TOURGUIDESERVICE
getUserRewards ---> TOURGUIDESERVICE
getUserRewards ---> TOURGUIDESERVICE
getUserRewards ---> TOURGUIDESERVICE
getUserRewards ---> TOURGUIDESERVICE
getUserRewards ---> TOURGUIDESERVICE
getUserRewards ---> TOURGUIDESERVICE
getUserRewards ---> TOURGUIDESERVICE
getUserRewards ---> TOURGUIDESERVICE
getUserRewards ---> TOURGUIDESERVICE
getUserRewards ---> TOURGUIDESERVICE
getUserRewards ---> TOURGUIDESERVICE
getUserRewards ---> TOURGUIDESERVICE
getUserRewards ---> TOURGUIDESERVICE
getUserRewards ---> TOURGUIDESERVICE
getUserRewards ---> TOURGUIDESERVICE
getUserRewards ---> TOURGUIDESERVICE
getUserRewards ---> TOURGUIDESERVICE
getUserRewards ---> TOURGUIDESERVICE
getUserRewards ---> TOURGUIDESERVICE
getUserRewards ---> TOURGUIDESERVICE
getUserRewards ---> TOURGUIDESERVICE
getUserRewards ---> TOURGUIDESERVICE
getUserRewards ---> TOURGUIDESERVICE
getUserRewards ---> TOURGUIDESERVICE
getUserRewards ---> TOURGUIDESERVICE
getUserRewards ---> TOURGUIDESERVICE
getUserRewards ---> TOURGUIDESERVICE
getUserRewards ---> TOURGUIDESERVICE
getUserRewards ---> TOURGUIDESERVICE
getUserRewards ---> TOURGUIDESERVICE
getUserRewards ---> TOURGUIDESERVICE
getUserRewards ---> TOURGUIDESERVICE
getUserRewards ---> TOURGUIDESERVICE
getUserRewards ---> TOURGUIDESERVICE
getUserRewards ---> TOURGUIDESERVICE
getUserRewards ---> TOURGUIDESERVICE
getUserRewards ---> TOURGUIDESERVICE
getUserRewards ---> TOURGUIDESERVICE
getUserRewards ---> TOURGUIDESERVICE
getUserRewards ---> TOURGUIDESERVICE
getUserRewards ---> TOURGUIDESERVICE
getUserRewards ---> TOURGUIDESERVICE
getUserRewards ---> TOURGUIDESERVICE
getUserRewards ---> TOURGUIDESERVICE
getUserRewards ---> TOURGUIDESERVICE
getUserRewards ---> TOURGUIDESERVICE
getUserRewards ---> TOURGUIDESERVICE
getUserRewards ---> TOURGUIDESERVICE
getUserRewards ---> TOURGUIDESERVICE
getUserRewards ---> TOURGUIDESERVICE
getUserRewards ---> TOURGUIDESERVICE
getUserRewards ---> TOURGUIDESERVICE
getUserRewards ---> TOURGUIDESERVICE
getUserRewards ---> TOURGUIDESERVICE
getUserRewards ---> TOURGUIDESERVICE
getUserRewards ---> TOURGUIDESERVICE
getUserRewards ---> TOURGUIDESERVICE
getUserRewards ---> TOURGUIDESERVICE
getUserRewards ---> TOURGUIDESERVICE
getUserRewards ---> TOURGUIDESERVICE
getUserRewards ---> TOURGUIDESERVICE
getUserRewards ---> TOURGUIDESERVICE
getUserRewards ---> TOURGUIDESERVICE
getUserRewards ---> TOURGUIDESERVICE
getUserRewards ---> TOURGUIDESERVICE
getUserRewards ---> TOURGUIDESERVICE
getUserRewards ---> TOURGUIDESERVICE
getUserRewards ---> TOURGUIDESERVICE
getUserRewards ---> TOURGUIDESERVICE
getUserRewards ---> TOURGUIDESERVICE
getUserRewards ---> TOURGUIDESERVICE
getUserRewards ---> TOURGUIDESERVICE
getUserRewards ---> TOURGUIDESERVICE
getUserRewards ---> TOURGUIDESERVICE
getUserRewards ---> TOURGUIDESERVICE
getUserRewards ---> TOURGUIDESERVICE
getUserRewards ---> TOURGUIDESERVICE
getUserRewards ---> TOURGUIDESERVICE
getUserRewards ---> TOURGUIDESERVICE
getUserRewards ---> TOURGUIDESERVICE
getUserRewards ---> TOURGUIDESERVICE
getUserRewards ---> TOURGUIDESERVICE
getUserRewards ---> TOURGUIDESERVICE
getUserRewards ---> TOURGUIDESERVICE
getUserRewards ---> TOURGUIDESERVICE
getUserRewards ---> TOURGUIDESERVICE
getUserRewards ---> TOURGUIDESERVICE
getUserRewards ---> TOURGUIDESERVICE
getUserRewards ---> TOURGUIDESERVICE
getUserRewards ---> TOURGUIDESERVICE
getUserRewards ---> TOURGUIDESERVICE
getUserRewards ---> TOURGUIDESERVICE
getUserRewards ---> TOURGUIDESERVICE
getUserRewards ---> TOURGUIDESERVICE
getUserRewards ---> TOURGUIDESERVICE
getUserRewards ---> TOURGUIDESERVICE
getUserRewards ---> TOURGUIDESERVICE
getUserRewards ---> TOURGUIDESERVICE
getUserRewards ---> TOURGUIDESERVICE
getUserRewards ---> TOURGUIDESERVICE
getUserRewards ---> TOURGUIDESERVICE
getUserRewards ---> TOURGUIDESERVICE
getUserRewards ---> TOURGUIDESERVICE
getUserRewards ---> TOURGUIDESERVICE
getUserRewards ---> TOURGUIDESERVICE
getUserRewards ---> TOURGUIDESERVICE
getUserRewards ---> TOURGUIDESERVICE
getUserRewards ---> TOURGUIDESERVICE
getUserRewards ---> TOURGUIDESERVICE
getUserRewards ---> TOURGUIDESERVICE
getUserRewards ---> TOURGUIDESERVICE
getUserRewards ---> TOURGUIDESERVICE
getUserRewards ---> TOURGUIDESERVICE
getUserRewards ---> TOURGUIDESERVICE
getUserRewards ---> TOURGUIDESERVICE
getUserRewards ---> TOURGUIDESERVICE
getUserRewards ---> TOURGUIDESERVICE
getUserRewards ---> TOURGUIDESERVICE
getUserRewards ---> TOURGUIDESERVICE
getUserRewards ---> TOURGUIDESERVICE
getUserRewards ---> TOURGUIDESERVICE
getUserRewards ---> TOURGUIDESERVICE
getUserRewards ---> TOURGUIDESERVICE
getUserRewards ---> TOURGUIDESERVICE
getUserRewards ---> TOURGUIDESERVICE
getUserRewards ---> TOURGUIDESERVICE
getUserRewards ---> TOURGUIDESERVICE
getUserRewards ---> TOURGUIDESERVICE
getUserRewards ---> TOURGUIDESERVICE
getUserRewards ---> TOURGUIDESERVICE
getUserRewards ---> TOURGUIDESERVICE
getUserRewards ---> TOURGUIDESERVICE
getUserRewards ---> TOURGUIDESERVICE
getUserRewards ---> TOURGUIDESERVICE
getUserRewards ---> TOURGUIDESERVICE
getUserRewards ---> TOURGUIDESERVICE
getUserRewards ---> TOURGUIDESERVICE
getUserRewards ---> TOURGUIDESERVICE
getUserRewards ---> TOURGUIDESERVICE
getUserRewards ---> TOURGUIDESERVICE
getUserRewards ---> TOURGUIDESERVICE
getUserRewards ---> TOURGUIDESERVICE
getUserRewards ---> TOURGUIDESERVICE
getUserRewards ---> TOURGUIDESERVICE
getUserRewards ---> TOURGUIDESERVICE
getUserRewards ---> TOURGUIDESERVICE
getUserRewards ---> TOURGUIDESERVICE
getUserRewards ---> TOURGUIDESERVICE
getUserRewards ---> TOURGUIDESERVICE
getUserRewards ---> TOURGUIDESERVICE
getUserRewards ---> TOURGUIDESERVICE
getUserRewards ---> TOURGUIDESERVICE
getUserRewards ---> TOURGUIDESERVICE
getUserRewards ---> TOURGUIDESERVICE
getUserRewards ---> TOURGUIDESERVICE
getUserRewards ---> TOURGUIDESERVICE
getUserRewards ---> TOURGUIDESERVICE
getUserRewards ---> TOURGUIDESERVICE
getUserRewards ---> TOURGUIDESERVICE
getUserRewards ---> TOURGUIDESERVICE
getUserRewards ---> TOURGUIDESERVICE
getUserRewards ---> TOURGUIDESERVICE
getUserRewards ---> TOURGUIDESERVICE
getUserRewards ---> TOURGUIDESERVICE
getUserRewards ---> TOURGUIDESERVICE
getUserRewards ---> TOURGUIDESERVICE
getUserRewards ---> TOURGUIDESERVICE
getUserRewards ---> TOURGUIDESERVICE
getUserRewards ---> TOURGUIDESERVICE
getUserRewards ---> TOURGUIDESERVICE
getUserRewards ---> TOURGUIDESERVICE
getUserRewards ---> TOURGUIDESERVICE
getUserRewards ---> TOURGUIDESERVICE
getUserRewards ---> TOURGUIDESERVICE
getUserRewards ---> TOURGUIDESERVICE
getUserRewards ---> TOURGUIDESERVICE
getUserRewards ---> TOURGUIDESERVICE
getUserRewards ---> TOURGUIDESERVICE
getUserRewards ---> TOURGUIDESERVICE
getUserRewards ---> TOURGUIDESERVICE
getUserRewards ---> TOURGUIDESERVICE
getUserRewards ---> TOURGUIDESERVICE
getUserRewards ---> TOURGUIDESERVICE
getUserRewards ---> TOURGUIDESERVICE
getUserRewards ---> TOURGUIDESERVICE
getUserRewards ---> TOURGUIDESERVICE
getUserRewards ---> TOURGUIDESERVICE
getUserRewards ---> TOURGUIDESERVICE
getUserRewards ---> TOURGUIDESERVICE
getUserRewards ---> TOURGUIDESERVICE
getUserRewards ---> TOURGUIDESERVICE
getUserRewards ---> TOURGUIDESERVICE
getUserRewards ---> TOURGUIDESERVICE
getUserRewards ---> TOURGUIDESERVICE
getUserRewards ---> TOURGUIDESERVICE
getUserRewards ---> TOURGUIDESERVICE
getUserRewards ---> TOURGUIDESERVICE
getUserRewards ---> TOURGUIDESERVICE
getUserRewards ---> TOURGUIDESERVICE
getUserRewards ---> TOURGUIDESERVICE
getUserRewards ---> TOURGUIDESERVICE
getUserRewards ---> TOURGUIDESERVICE
getUserRewards ---> TOURGUIDESERVICE
getUserRewards ---> TOURGUIDESERVICE
getUserRewards ---> TOURGUIDESERVICE
getUserRewards ---> TOURGUIDESERVICE
getUserRewards ---> TOURGUIDESERVICE
getUserRewards ---> TOURGUIDESERVICE
getUserRewards ---> TOURGUIDESERVICE
getUserRewards ---> TOURGUIDESERVICE
getUserRewards ---> TOURGUIDESERVICE
getUserRewards ---> TOURGUIDESERVICE
getUserRewards ---> TOURGUIDESERVICE
getUserRewards ---> TOURGUIDESERVICE
getUserRewards ---> TOURGUIDESERVICE
getUserRewards ---> TOURGUIDESERVICE
getUserRewards ---> TOURGUIDESERVICE
getUserRewards ---> TOURGUIDESERVICE
getUserRewards ---> TOURGUIDESERVICE
getUserRewards ---> TOURGUIDESERVICE
getUserRewards ---> TOURGUIDESERVICE
getUserRewards ---> TOURGUIDESERVICE
getUserRewards ---> TOURGUIDESERVICE
getUserRewards ---> TOURGUIDESERVICE
getUserRewards ---> TOURGUIDESERVICE
getUserRewards ---> TOURGUIDESERVICE
getUserRewards ---> TOURGUIDESERVICE
getUserRewards ---> TOURGUIDESERVICE
getUserRewards ---> TOURGUIDESERVICE
getUserRewards ---> TOURGUIDESERVICE
getUserRewards ---> TOURGUIDESERVICE
getUserRewards ---> TOURGUIDESERVICE
getUserRewards ---> TOURGUIDESERVICE
getUserRewards ---> TOURGUIDESERVICE
getUserRewards ---> TOURGUIDESERVICE
getUserRewards ---> TOURGUIDESERVICE
getUserRewards ---> TOURGUIDESERVICE
getUserRewards ---> TOURGUIDESERVICE
getUserRewards ---> TOURGUIDESERVICE
getUserRewards ---> TOURGUIDESERVICE
getUserRewards ---> TOURGUIDESERVICE
getUserRewards ---> TOURGUIDESERVICE
getUserRewards ---> TOURGUIDESERVICE
getUserRewards ---> TOURGUIDESERVICE
getUserRewards ---> TOURGUIDESERVICE
getUserRewards ---> TOURGUIDESERVICE
getUserRewards ---> TOURGUIDESERVICE
getUserRewards ---> TOURGUIDESERVICE
getUserRewards ---> TOURGUIDESERVICE
getUserRewards ---> TOURGUIDESERVICE
getUserRewards ---> TOURGUIDESERVICE
getUserRewards ---> TOURGUIDESERVICE
getUserRewards ---> TOURGUIDESERVICE
getUserRewards ---> TOURGUIDESERVICE
getUserRewards ---> TOURGUIDESERVICE
getUserRewards ---> TOURGUIDESERVICE
getUserRewards ---> TOURGUIDESERVICE
getUserRewards ---> TOURGUIDESERVICE
getUserRewards ---> TOURGUIDESERVICE
getUserRewards ---> TOURGUIDESERVICE
getUserRewards ---> TOURGUIDESERVICE
getUserRewards ---> TOURGUIDESERVICE
getUserRewards ---> TOURGUIDESERVICE
getUserRewards ---> TOURGUIDESERVICE
getUserRewards ---> TOURGUIDESERVICE
getUserRewards ---> TOURGUIDESERVICE
getUserRewards ---> TOURGUIDESERVICE
getUserRewards ---> TOURGUIDESERVICE
getUserRewards ---> TOURGUIDESERVICE
getUserRewards ---> TOURGUIDESERVICE
getUserRewards ---> TOURGUIDESERVICE
getUserRewards ---> TOURGUIDESERVICE
getUserRewards ---> TOURGUIDESERVICE
getUserRewards ---> TOURGUIDESERVICE
getUserRewards ---> TOURGUIDESERVICE
getUserRewards ---> TOURGUIDESERVICE
getUserRewards ---> TOURGUIDESERVICE
getUserRewards ---> TOURGUIDESERVICE
getUserRewards ---> TOURGUIDESERVICE
getUserRewards ---> TOURGUIDESERVICE
getUserRewards ---> TOURGUIDESERVICE
getUserRewards ---> TOURGUIDESERVICE
getUserRewards ---> TOURGUIDESERVICE
getUserRewards ---> TOURGUIDESERVICE
getUserRewards ---> TOURGUIDESERVICE
getUserRewards ---> TOURGUIDESERVICE
getUserRewards ---> TOURGUIDESERVICE
getUserRewards ---> TOURGUIDESERVICE
getUserRewards ---> TOURGUIDESERVICE
getUserRewards ---> TOURGUIDESERVICE
getUserRewards ---> TOURGUIDESERVICE
getUserRewards ---> TOURGUIDESERVICE
getUserRewards ---> TOURGUIDESERVICE
getUserRewards ---> TOURGUIDESERVICE
getUserRewards ---> TOURGUIDESERVICE
getUserRewards ---> TOURGUIDESERVICE
getUserRewards ---> TOURGUIDESERVICE
getUserRewards ---> TOURGUIDESERVICE
getUserRewards ---> TOURGUIDESERVICE
getUserRewards ---> TOURGUIDESERVICE
getUserRewards ---> TOURGUIDESERVICE
getUserRewards ---> TOURGUIDESERVICE
getUserRewards ---> TOURGUIDESERVICE
getUserRewards ---> TOURGUIDESERVICE
getUserRewards ---> TOURGUIDESERVICE
getUserRewards ---> TOURGUIDESERVICE
getUserRewards ---> TOURGUIDESERVICE
getUserRewards ---> TOURGUIDESERVICE
getUserRewards ---> TOURGUIDESERVICE
getUserRewards ---> TOURGUIDESERVICE
getUserRewards ---> TOURGUIDESERVICE
getUserRewards ---> TOURGUIDESERVICE
getUserRewards ---> TOURGUIDESERVICE
getUserRewards ---> TOURGUIDESERVICE
getUserRewards ---> TOURGUIDESERVICE
getUserRewards ---> TOURGUIDESERVICE
getUserRewards ---> TOURGUIDESERVICE
getUserRewards ---> TOURGUIDESERVICE
getUserRewards ---> TOURGUIDESERVICE
getUserRewards ---> TOURGUIDESERVICE
getUserRewards ---> TOURGUIDESERVICE
getUserRewards ---> TOURGUIDESERVICE
getUserRewards ---> TOURGUIDESERVICE
getUserRewards ---> TOURGUIDESERVICE
getUserRewards ---> TOURGUIDESERVICE
getUserRewards ---> TOURGUIDESERVICE
getUserRewards ---> TOURGUIDESERVICE
getUserRewards ---> TOURGUIDESERVICE
getUserRewards ---> TOURGUIDESERVICE
getUserRewards ---> TOURGUIDESERVICE
getUserRewards ---> TOURGUIDESERVICE
getUserRewards ---> TOURGUIDESERVICE
getUserRewards ---> TOURGUIDESERVICE
getUserRewards ---> TOURGUIDESERVICE
getUserRewards ---> TOURGUIDESERVICE
getUserRewards ---> TOURGUIDESERVICE
getUserRewards ---> TOURGUIDESERVICE
getUserRewards ---> TOURGUIDESERVICE
getUserRewards ---> TOURGUIDESERVICE
getUserRewards ---> TOURGUIDESERVICE
getUserRewards ---> TOURGUIDESERVICE
getUserRewards ---> TOURGUIDESERVICE
getUserRewards ---> TOURGUIDESERVICE
getUserRewards ---> TOURGUIDESERVICE
getUserRewards ---> TOURGUIDESERVICE
getUserRewards ---> TOURGUIDESERVICE
getUserRewards ---> TOURGUIDESERVICE
getUserRewards ---> TOURGUIDESERVICE
getUserRewards ---> TOURGUIDESERVICE
getUserRewards ---> TOURGUIDESERVICE
getUserRewards ---> TOURGUIDESERVICE
getUserRewards ---> TOURGUIDESERVICE
getUserRewards ---> TOURGUIDESERVICE
getUserRewards ---> TOURGUIDESERVICE
getUserRewards ---> TOURGUIDESERVICE
getUserRewards ---> TOURGUIDESERVICE
getUserRewards ---> TOURGUIDESERVICE
getUserRewards ---> TOURGUIDESERVICE
getUserRewards ---> TOURGUIDESERVICE
getUserRewards ---> TOURGUIDESERVICE
getUserRewards ---> TOURGUIDESERVICE
getUserRewards ---> TOURGUIDESERVICE
getUserRewards ---> TOURGUIDESERVICE
getUserRewards ---> TOURGUIDESERVICE
getUserRewards ---> TOURGUIDESERVICE
getUserRewards ---> TOURGUIDESERVICE
getUserRewards ---> TOURGUIDESERVICE
getUserRewards ---> TOURGUIDESERVICE
getUserRewards ---> TOURGUIDESERVICE
getUserRewards ---> TOURGUIDESERVICE
getUserRewards ---> TOURGUIDESERVICE
getUserRewards ---> TOURGUIDESERVICE
getUserRewards ---> TOURGUIDESERVICE
getUserRewards ---> TOURGUIDESERVICE
getUserRewards ---> TOURGUIDESERVICE
getUserRewards ---> TOURGUIDESERVICE
getUserRewards ---> TOURGUIDESERVICE
getUserRewards ---> TOURGUIDESERVICE
getUserRewards ---> TOURGUIDESERVICE
getUserRewards ---> TOURGUIDESERVICE
getUserRewards ---> TOURGUIDESERVICE
getUserRewards ---> TOURGUIDESERVICE
getUserRewards ---> TOURGUIDESERVICE
getUserRewards ---> TOURGUIDESERVICE
getUserRewards ---> TOURGUIDESERVICE
getUserRewards ---> TOURGUIDESERVICE
getUserRewards ---> TOURGUIDESERVICE
getUserRewards ---> TOURGUIDESERVICE
getUserRewards ---> TOURGUIDESERVICE
getUserRewards ---> TOURGUIDESERVICE
getUserRewards ---> TOURGUIDESERVICE
getUserRewards ---> TOURGUIDESERVICE
getUserRewards ---> TOURGUIDESERVICE
getUserRewards ---> TOURGUIDESERVICE
getUserRewards ---> TOURGUIDESERVICE
getUserRewards ---> TOURGUIDESERVICE
getUserRewards ---> TOURGUIDESERVICE
getUserRewards ---> TOURGUIDESERVICE
getUserRewards ---> TOURGUIDESERVICE
getUserRewards ---> TOURGUIDESERVICE
getUserRewards ---> TOURGUIDESERVICE
getUserRewards ---> TOURGUIDESERVICE
getUserRewards ---> TOURGUIDESERVICE
getUserRewards ---> TOURGUIDESERVICE
getUserRewards ---> TOURGUIDESERVICE
getUserRewards ---> TOURGUIDESERVICE
getUserRewards ---> TOURGUIDESERVICE
getUserRewards ---> TOURGUIDESERVICE
getUserRewards ---> TOURGUIDESERVICE
getUserRewards ---> TOURGUIDESERVICE
getUserRewards ---> TOURGUIDESERVICE
getUserRewards ---> TOURGUIDESERVICE
getUserRewards ---> TOURGUIDESERVICE
getUserRewards ---> TOURGUIDESERVICE
getUserRewards ---> TOURGUIDESERVICE
getUserRewards ---> TOURGUIDESERVICE
getUserRewards ---> TOURGUIDESERVICE
getUserRewards ---> TOURGUIDESERVICE
getUserRewards ---> TOURGUIDESERVICE
getUserRewards ---> TOURGUIDESERVICE
getUserRewards ---> TOURGUIDESERVICE
getUserRewards ---> TOURGUIDESERVICE
getUserRewards ---> TOURGUIDESERVICE
getUserRewards ---> TOURGUIDESERVICE
getUserRewards ---> TOURGUIDESERVICE
getUserRewards ---> TOURGUIDESERVICE
getUserRewards ---> TOURGUIDESERVICE
getUserRewards ---> TOURGUIDESERVICE
getUserRewards ---> TOURGUIDESERVICE
getUserRewards ---> TOURGUIDESERVICE
getUserRewards ---> TOURGUIDESERVICE
getUserRewards ---> TOURGUIDESERVICE
getUserRewards ---> TOURGUIDESERVICE
getUserRewards ---> TOURGUIDESERVICE
getUserRewards ---> TOURGUIDESERVICE
getUserRewards ---> TOURGUIDESERVICE
getUserRewards ---> TOURGUIDESERVICE
getUserRewards ---> TOURGUIDESERVICE
getUserRewards ---> TOURGUIDESERVICE
getUserRewards ---> TOURGUIDESERVICE
getUserRewards ---> TOURGUIDESERVICE
getUserRewards ---> TOURGUIDESERVICE
getUserRewards ---> TOURGUIDESERVICE
getUserRewards ---> TOURGUIDESERVICE
getUserRewards ---> TOURGUIDESERVICE
getUserRewards ---> TOURGUIDESERVICE
getUserRewards ---> TOURGUIDESERVICE
getUserRewards ---> TOURGUIDESERVICE
getUserRewards ---> TOURGUIDESERVICE
getUserRewards ---> TOURGUIDESERVICE
getUserRewards ---> TOURGUIDESERVICE
getUserRewards ---> TOURGUIDESERVICE
getUserRewards ---> TOURGUIDESERVICE
getUserRewards ---> TOURGUIDESERVICE
getUserRewards ---> TOURGUIDESERVICE
getUserRewards ---> TOURGUIDESERVICE
getUserRewards ---> TOURGUIDESERVICE
getUserRewards ---> TOURGUIDESERVICE
getUserRewards ---> TOURGUIDESERVICE
getUserRewards ---> TOURGUIDESERVICE
getUserRewards ---> TOURGUIDESERVICE
getUserRewards ---> TOURGUIDESERVICE
getUserRewards ---> TOURGUIDESERVICE
getUserRewards ---> TOURGUIDESERVICE
getUserRewards ---> TOURGUIDESERVICE
getUserRewards ---> TOURGUIDESERVICE
getUserRewards ---> TOURGUIDESERVICE
getUserRewards ---> TOURGUIDESERVICE
getUserRewards ---> TOURGUIDESERVICE
getUserRewards ---> TOURGUIDESERVICE
getUserRewards ---> TOURGUIDESERVICE
getUserRewards ---> TOURGUIDESERVICE
getUserRewards ---> TOURGUIDESERVICE
getUserRewards ---> TOURGUIDESERVICE
getUserRewards ---> TOURGUIDESERVICE
getUserRewards ---> TOURGUIDESERVICE
getUserRewards ---> TOURGUIDESERVICE
getUserRewards ---> TOURGUIDESERVICE
getUserRewards ---> TOURGUIDESERVICE
getUserRewards ---> TOURGUIDESERVICE
getUserRewards ---> TOURGUIDESERVICE
getUserRewards ---> TOURGUIDESERVICE
getUserRewards ---> TOURGUIDESERVICE
getUserRewards ---> TOURGUIDESERVICE
getUserRewards ---> TOURGUIDESERVICE
getUserRewards ---> TOURGUIDESERVICE
getUserRewards ---> TOURGUIDESERVICE
getUserRewards ---> TOURGUIDESERVICE
getUserRewards ---> TOURGUIDESERVICE
getUserRewards ---> TOURGUIDESERVICE
getUserRewards ---> TOURGUIDESERVICE
getUserRewards ---> TOURGUIDESERVICE
getUserRewards ---> TOURGUIDESERVICE
getUserRewards ---> TOURGUIDESERVICE
getUserRewards ---> TOURGUIDESERVICE
getUserRewards ---> TOURGUIDESERVICE
getUserRewards ---> TOURGUIDESERVICE
getUserRewards ---> TOURGUIDESERVICE
getUserRewards ---> TOURGUIDESERVICE
getUserRewards ---> TOURGUIDESERVICE
getUserRewards ---> TOURGUIDESERVICE
getUserRewards ---> TOURGUIDESERVICE
getUserRewards ---> TOURGUIDESERVICE
getUserRewards ---> TOURGUIDESERVICE
getUserRewards ---> TOURGUIDESERVICE
getUserRewards ---> TOURGUIDESERVICE
getUserRewards ---> TOURGUIDESERVICE
getUserRewards ---> TOURGUIDESERVICE
getUserRewards ---> TOURGUIDESERVICE
getUserRewards ---> TOURGUIDESERVICE
getUserRewards ---> TOURGUIDESERVICE
getUserRewards ---> TOURGUIDESERVICE
getUserRewards ---> TOURGUIDESERVICE
getUserRewards ---> TOURGUIDESERVICE
getUserRewards ---> TOURGUIDESERVICE
getUserRewards ---> TOURGUIDESERVICE
getUserRewards ---> TOURGUIDESERVICE
getUserRewards ---> TOURGUIDESERVICE
getUserRewards ---> TOURGUIDESERVICE
getUserRewards ---> TOURGUIDESERVICE
getUserRewards ---> TOURGUIDESERVICE
getUserRewards ---> TOURGUIDESERVICE
getUserRewards ---> TOURGUIDESERVICE
getUserRewards ---> TOURGUIDESERVICE
getUserRewards ---> TOURGUIDESERVICE
getUserRewards ---> TOURGUIDESERVICE
getUserRewards ---> TOURGUIDESERVICE
getUserRewards ---> TOURGUIDESERVICE
getUserRewards ---> TOURGUIDESERVICE
getUserRewards ---> TOURGUIDESERVICE
getUserRewards ---> TOURGUIDESERVICE
getUserRewards ---> TOURGUIDESERVICE
getUserRewards ---> TOURGUIDESERVICE
getUserRewards ---> TOURGUIDESERVICE
getUserRewards ---> TOURGUIDESERVICE
getUserRewards ---> TOURGUIDESERVICE
getUserRewards ---> TOURGUIDESERVICE
getUserRewards ---> TOURGUIDESERVICE
getUserRewards ---> TOURGUIDESERVICE
getUserRewards ---> TOURGUIDESERVICE
getUserRewards ---> TOURGUIDESERVICE
getUserRewards ---> TOURGUIDESERVICE
getUserRewards ---> TOURGUIDESERVICE
getUserRewards ---> TOURGUIDESERVICE
getUserRewards ---> TOURGUIDESERVICE
getUserRewards ---> TOURGUIDESERVICE
getUserRewards ---> TOURGUIDESERVICE
getUserRewards ---> TOURGUIDESERVICE
getUserRewards ---> TOURGUIDESERVICE
getUserRewards ---> TOURGUIDESERVICE
getUserRewards ---> TOURGUIDESERVICE
getUserRewards ---> TOURGUIDESERVICE
getUserRewards ---> TOURGUIDESERVICE
getUserRewards ---> TOURGUIDESERVICE
getUserRewards ---> TOURGUIDESERVICE
getUserRewards ---> TOURGUIDESERVICE
getUserRewards ---> TOURGUIDESERVICE
getUserRewards ---> TOURGUIDESERVICE
getUserRewards ---> TOURGUIDESERVICE
getUserRewards ---> TOURGUIDESERVICE
getUserRewards ---> TOURGUIDESERVICE
getUserRewards ---> TOURGUIDESERVICE
getUserRewards ---> TOURGUIDESERVICE
getUserRewards ---> TOURGUIDESERVICE
getUserRewards ---> TOURGUIDESERVICE
getUserRewards ---> TOURGUIDESERVICE
getUserRewards ---> TOURGUIDESERVICE
getUserRewards ---> TOURGUIDESERVICE
getUserRewards ---> TOURGUIDESERVICE
getUserRewards ---> TOURGUIDESERVICE
getUserRewards ---> TOURGUIDESERVICE
getUserRewards ---> TOURGUIDESERVICE
getUserRewards ---> TOURGUIDESERVICE
getUserRewards ---> TOURGUIDESERVICE
getUserRewards ---> TOURGUIDESERVICE
getUserRewards ---> TOURGUIDESERVICE
getUserRewards ---> TOURGUIDESERVICE
getUserRewards ---> TOURGUIDESERVICE
getUserRewards ---> TOURGUIDESERVICE
getUserRewards ---> TOURGUIDESERVICE
getUserRewards ---> TOURGUIDESERVICE
getUserRewards ---> TOURGUIDESERVICE
getUserRewards ---> TOURGUIDESERVICE
getUserRewards ---> TOURGUIDESERVICE
getUserRewards ---> TOURGUIDESERVICE
getUserRewards ---> TOURGUIDESERVICE
getUserRewards ---> TOURGUIDESERVICE
getUserRewards ---> TOURGUIDESERVICE
getUserRewards ---> TOURGUIDESERVICE
getUserRewards ---> TOURGUIDESERVICE
getUserRewards ---> TOURGUIDESERVICE
getUserRewards ---> TOURGUIDESERVICE
getUserRewards ---> TOURGUIDESERVICE
getUserRewards ---> TOURGUIDESERVICE
getUserRewards ---> TOURGUIDESERVICE
getUserRewards ---> TOURGUIDESERVICE
getUserRewards ---> TOURGUIDESERVICE
getUserRewards ---> TOURGUIDESERVICE
getUserRewards ---> TOURGUIDESERVICE
getUserRewards ---> TOURGUIDESERVICE
getUserRewards ---> TOURGUIDESERVICE
getUserRewards ---> TOURGUIDESERVICE
getUserRewards ---> TOURGUIDESERVICE
getUserRewards ---> TOURGUIDESERVICE
getUserRewards ---> TOURGUIDESERVICE
getUserRewards ---> TOURGUIDESERVICE
getUserRewards ---> TOURGUIDESERVICE
getUserRewards ---> TOURGUIDESERVICE
getUserRewards ---> TOURGUIDESERVICE
getUserRewards ---> TOURGUIDESERVICE
getUserRewards ---> TOURGUIDESERVICE
getUserRewards ---> TOURGUIDESERVICE
getUserRewards ---> TOURGUIDESERVICE
getUserRewards ---> TOURGUIDESERVICE
getUserRewards ---> TOURGUIDESERVICE
getUserRewards ---> TOURGUIDESERVICE
getUserRewards ---> TOURGUIDESERVICE
getUserRewards ---> TOURGUIDESERVICE
getUserRewards ---> TOURGUIDESERVICE
getUserRewards ---> TOURGUIDESERVICE
getUserRewards ---> TOURGUIDESERVICE
getUserRewards ---> TOURGUIDESERVICE
getUserRewards ---> TOURGUIDESERVICE
getUserRewards ---> TOURGUIDESERVICE
getUserRewards ---> TOURGUIDESERVICE
getUserRewards ---> TOURGUIDESERVICE
getUserRewards ---> TOURGUIDESERVICE
getUserRewards ---> TOURGUIDESERVICE
getUserRewards ---> TOURGUIDESERVICE
getUserRewards ---> TOURGUIDESERVICE
getUserRewards ---> TOURGUIDESERVICE
getUserRewards ---> TOURGUIDESERVICE
getUserRewards ---> TOURGUIDESERVICE
getUserRewards ---> TOURGUIDESERVICE
getUserRewards ---> TOURGUIDESERVICE
getUserRewards ---> TOURGUIDESERVICE
getUserRewards ---> TOURGUIDESERVICE
getUserRewards ---> TOURGUIDESERVICE
getUserRewards ---> TOURGUIDESERVICE
getUserRewards ---> TOURGUIDESERVICE
getUserRewards ---> TOURGUIDESERVICE
getUserRewards ---> TOURGUIDESERVICE
getUserRewards ---> TOURGUIDESERVICE
getUserRewards ---> TOURGUIDESERVICE
getUserRewards ---> TOURGUIDESERVICE
getUserRewards ---> TOURGUIDESERVICE
getUserRewards ---> TOURGUIDESERVICE
getUserRewards ---> TOURGUIDESERVICE
getUserRewards ---> TOURGUIDESERVICE
getUserRewards ---> TOURGUIDESERVICE
getUserRewards ---> TOURGUIDESERVICE
getUserRewards ---> TOURGUIDESERVICE
getUserRewards ---> TOURGUIDESERVICE
getUserRewards ---> TOURGUIDESERVICE
getUserRewards ---> TOURGUIDESERVICE
getUserRewards ---> TOURGUIDESERVICE
getUserRewards ---> TOURGUIDESERVICE
getUserRewards ---> TOURGUIDESERVICE
getUserRewards ---> TOURGUIDESERVICE
getUserRewards ---> TOURGUIDESERVICE
getUserRewards ---> TOURGUIDESERVICE
getUserRewards ---> TOURGUIDESERVICE
getUserRewards ---> TOURGUIDESERVICE
getUserRewards ---> TOURGUIDESERVICE
getUserRewards ---> TOURGUIDESERVICE
getUserRewards ---> TOURGUIDESERVICE
getUserRewards ---> TOURGUIDESERVICE
getUserRewards ---> TOURGUIDESERVICE
getUserRewards ---> TOURGUIDESERVICE
getUserRewards ---> TOURGUIDESERVICE
getUserRewards ---> TOURGUIDESERVICE
getUserRewards ---> TOURGUIDESERVICE
getUserRewards ---> TOURGUIDESERVICE
getUserRewards ---> TOURGUIDESERVICE
getUserRewards ---> TOURGUIDESERVICE
getUserRewards ---> TOURGUIDESERVICE
getUserRewards ---> TOURGUIDESERVICE
getUserRewards ---> TOURGUIDESERVICE
getUserRewards ---> TOURGUIDESERVICE
getUserRewards ---> TOURGUIDESERVICE
getUserRewards ---> TOURGUIDESERVICE
getUserRewards ---> TOURGUIDESERVICE
getUserRewards ---> TOURGUIDESERVICE
getUserRewards ---> TOURGUIDESERVICE
getUserRewards ---> TOURGUIDESERVICE
getUserRewards ---> TOURGUIDESERVICE
getUserRewards ---> TOURGUIDESERVICE
getUserRewards ---> TOURGUIDESERVICE
getUserRewards ---> TOURGUIDESERVICE
getUserRewards ---> TOURGUIDESERVICE
getUserRewards ---> TOURGUIDESERVICE
getUserRewards ---> TOURGUIDESERVICE
getUserRewards ---> TOURGUIDESERVICE
getUserRewards ---> TOURGUIDESERVICE
getUserRewards ---> TOURGUIDESERVICE
getUserRewards ---> TOURGUIDESERVICE
getUserRewards ---> TOURGUIDESERVICE
getUserRewards ---> TOURGUIDESERVICE
getUserRewards ---> TOURGUIDESERVICE
getUserRewards ---> TOURGUIDESERVICE
getUserRewards ---> TOURGUIDESERVICE
getUserRewards ---> TOURGUIDESERVICE
getUserRewards ---> TOURGUIDESERVICE
getUserRewards ---> TOURGUIDESERVICE
getUserRewards ---> TOURGUIDESERVICE
getUserRewards ---> TOURGUIDESERVICE
getUserRewards ---> TOURGUIDESERVICE
getUserRewards ---> TOURGUIDESERVICE
getUserRewards ---> TOURGUIDESERVICE
getUserRewards ---> TOURGUIDESERVICE
getUserRewards ---> TOURGUIDESERVICE
getUserRewards ---> TOURGUIDESERVICE
getUserRewards ---> TOURGUIDESERVICE
getUserRewards ---> TOURGUIDESERVICE
getUserRewards ---> TOURGUIDESERVICE
getUserRewards ---> TOURGUIDESERVICE
getUserRewards ---> TOURGUIDESERVICE
getUserRewards ---> TOURGUIDESERVICE
getUserRewards ---> TOURGUIDESERVICE
getUserRewards ---> TOURGUIDESERVICE
getUserRewards ---> TOURGUIDESERVICE
getUserRewards ---> TOURGUIDESERVICE
getUserRewards ---> TOURGUIDESERVICE
getUserRewards ---> TOURGUIDESERVICE
getUserRewards ---> TOURGUIDESERVICE
getUserRewards ---> TOURGUIDESERVICE
getUserRewards ---> TOURGUIDESERVICE
getUserRewards ---> TOURGUIDESERVICE
getUserRewards ---> TOURGUIDESERVICE
getUserRewards ---> TOURGUIDESERVICE
getUserRewards ---> TOURGUIDESERVICE
getUserRewards ---> TOURGUIDESERVICE
getUserRewards ---> TOURGUIDESERVICE
getUserRewards ---> TOURGUIDESERVICE
getUserRewards ---> TOURGUIDESERVICE
getUserRewards ---> TOURGUIDESERVICE
getUserRewards ---> TOURGUIDESERVICE
getUserRewards ---> TOURGUIDESERVICE
getUserRewards ---> TOURGUIDESERVICE
getUserRewards ---> TOURGUIDESERVICE
getUserRewards ---> TOURGUIDESERVICE
getUserRewards ---> TOURGUIDESERVICE
getUserRewards ---> TOURGUIDESERVICE
getUserRewards ---> TOURGUIDESERVICE
getUserRewards ---> TOURGUIDESERVICE
getUserRewards ---> TOURGUIDESERVICE
getUserRewards ---> TOURGUIDESERVICE
getUserRewards ---> TOURGUIDESERVICE
getUserRewards ---> TOURGUIDESERVICE
getUserRewards ---> TOURGUIDESERVICE
getUserRewards ---> TOURGUIDESERVICE
getUserRewards ---> TOURGUIDESERVICE
getUserRewards ---> TOURGUIDESERVICE
getUserRewards ---> TOURGUIDESERVICE
getUserRewards ---> TOURGUIDESERVICE
getUserRewards ---> TOURGUIDESERVICE
getUserRewards ---> TOURGUIDESERVICE
getUserRewards ---> TOURGUIDESERVICE
getUserRewards ---> TOURGUIDESERVICE
getUserRewards ---> TOURGUIDESERVICE
getUserRewards ---> TOURGUIDESERVICE
getUserRewards ---> TOURGUIDESERVICE
getUserRewards ---> TOURGUIDESERVICE
getUserRewards ---> TOURGUIDESERVICE
getUserRewards ---> TOURGUIDESERVICE
getUserRewards ---> TOURGUIDESERVICE
getUserRewards ---> TOURGUIDESERVICE
getUserRewards ---> TOURGUIDESERVICE
getUserRewards ---> TOURGUIDESERVICE
getUserRewards ---> TOURGUIDESERVICE
getUserRewards ---> TOURGUIDESERVICE
getUserRewards ---> TOURGUIDESERVICE
getUserRewards ---> TOURGUIDESERVICE
getUserRewards ---> TOURGUIDESERVICE
getUserRewards ---> TOURGUIDESERVICE
getUserRewards ---> TOURGUIDESERVICE
getUserRewards ---> TOURGUIDESERVICE
getUserRewards ---> TOURGUIDESERVICE
getUserRewards ---> TOURGUIDESERVICE
getUserRewards ---> TOURGUIDESERVICE
getUserRewards ---> TOURGUIDESERVICE
getUserRewards ---> TOURGUIDESERVICE
getUserRewards ---> TOURGUIDESERVICE
getUserRewards ---> TOURGUIDESERVICE
getUserRewards ---> TOURGUIDESERVICE
getUserRewards ---> TOURGUIDESERVICE
getUserRewards ---> TOURGUIDESERVICE
getUserRewards ---> TOURGUIDESERVICE
getUserRewards ---> TOURGUIDESERVICE
getUserRewards ---> TOURGUIDESERVICE
getUserRewards ---> TOURGUIDESERVICE
getUserRewards ---> TOURGUIDESERVICE
getUserRewards ---> TOURGUIDESERVICE
getUserRewards ---> TOURGUIDESERVICE
getUserRewards ---> TOURGUIDESERVICE
getUserRewards ---> TOURGUIDESERVICE
getUserRewards ---> TOURGUIDESERVICE
getUserRewards ---> TOURGUIDESERVICE
getUserRewards ---> TOURGUIDESERVICE
getUserRewards ---> TOURGUIDESERVICE
getUserRewards ---> TOURGUIDESERVICE
getUserRewards ---> TOURGUIDESERVICE
getUserRewards ---> TOURGUIDESERVICE
getUserRewards ---> TOURGUIDESERVICE
getUserRewards ---> TOURGUIDESERVICE
getUserRewards ---> TOURGUIDESERVICE
getUserRewards ---> TOURGUIDESERVICE
getUserRewards ---> TOURGUIDESERVICE
getUserRewards ---> TOURGUIDESERVICE
getUserRewards ---> TOURGUIDESERVICE
getUserRewards ---> TOURGUIDESERVICE
getUserRewards ---> TOURGUIDESERVICE
getUserRewards ---> TOURGUIDESERVICE
getUserRewards ---> TOURGUIDESERVICE
getUserRewards ---> TOURGUIDESERVICE
getUserRewards ---> TOURGUIDESERVICE
getUserRewards ---> TOURGUIDESERVICE
getUserRewards ---> TOURGUIDESERVICE
getUserRewards ---> TOURGUIDESERVICE
getUserRewards ---> TOURGUIDESERVICE
getUserRewards ---> TOURGUIDESERVICE
getUserRewards ---> TOURGUIDESERVICE
getUserRewards ---> TOURGUIDESERVICE
getUserRewards ---> TOURGUIDESERVICE
getUserRewards ---> TOURGUIDESERVICE
getUserRewards ---> TOURGUIDESERVICE
getUserRewards ---> TOURGUIDESERVICE
getUserRewards ---> TOURGUIDESERVICE
getUserRewards ---> TOURGUIDESERVICE
getUserRewards ---> TOURGUIDESERVICE
getUserRewards ---> TOURGUIDESERVICE
getUserRewards ---> TOURGUIDESERVICE
getUserRewards ---> TOURGUIDESERVICE
getUserRewards ---> TOURGUIDESERVICE
getUserRewards ---> TOURGUIDESERVICE
getUserRewards ---> TOURGUIDESERVICE
getUserRewards ---> TOURGUIDESERVICE
getUserRewards ---> TOURGUIDESERVICE
getUserRewards ---> TOURGUIDESERVICE
getUserRewards ---> TOURGUIDESERVICE
getUserRewards ---> TOURGUIDESERVICE
getUserRewards ---> TOURGUIDESERVICE
getUserRewards ---> TOURGUIDESERVICE
getUserRewards ---> TOURGUIDESERVICE
getUserRewards ---> TOURGUIDESERVICE
getUserRewards ---> TOURGUIDESERVICE
getUserRewards ---> TOURGUIDESERVICE
getUserRewards ---> TOURGUIDESERVICE
getUserRewards ---> TOURGUIDESERVICE
getUserRewards ---> TOURGUIDESERVICE
getUserRewards ---> TOURGUIDESERVICE
getUserRewards ---> TOURGUIDESERVICE
getUserRewards ---> TOURGUIDESERVICE
getUserRewards ---> TOURGUIDESERVICE
getUserRewards ---> TOURGUIDESERVICE
getUserRewards ---> TOURGUIDESERVICE
getUserRewards ---> TOURGUIDESERVICE
getUserRewards ---> TOURGUIDESERVICE
getUserRewards ---> TOURGUIDESERVICE
getUserRewards ---> TOURGUIDESERVICE
getUserRewards ---> TOURGUIDESERVICE
getUserRewards ---> TOURGUIDESERVICE
getUserRewards ---> TOURGUIDESERVICE
getUserRewards ---> TOURGUIDESERVICE
getUserRewards ---> TOURGUIDESERVICE
getUserRewards ---> TOURGUIDESERVICE
getUserRewards ---> TOURGUIDESERVICE
getUserRewards ---> TOURGUIDESERVICE
getUserRewards ---> TOURGUIDESERVICE
getUserRewards ---> TOURGUIDESERVICE
getUserRewards ---> TOURGUIDESERVICE
getUserRewards ---> TOURGUIDESERVICE
getUserRewards ---> TOURGUIDESERVICE
getUserRewards ---> TOURGUIDESERVICE
getUserRewards ---> TOURGUIDESERVICE
getUserRewards ---> TOURGUIDESERVICE
getUserRewards ---> TOURGUIDESERVICE
getUserRewards ---> TOURGUIDESERVICE
getUserRewards ---> TOURGUIDESERVICE
getUserRewards ---> TOURGUIDESERVICE
getUserRewards ---> TOURGUIDESERVICE
getUserRewards ---> TOURGUIDESERVICE
getUserRewards ---> TOURGUIDESERVICE
getUserRewards ---> TOURGUIDESERVICE
getUserRewards ---> TOURGUIDESERVICE
getUserRewards ---> TOURGUIDESERVICE
getUserRewards ---> TOURGUIDESERVICE
getUserRewards ---> TOURGUIDESERVICE
getUserRewards ---> TOURGUIDESERVICE
getUserRewards ---> TOURGUIDESERVICE
getUserRewards ---> TOURGUIDESERVICE
getUserRewards ---> TOURGUIDESERVICE
getUserRewards ---> TOURGUIDESERVICE
getUserRewards ---> TOURGUIDESERVICE
getUserRewards ---> TOURGUIDESERVICE
getUserRewards ---> TOURGUIDESERVICE
getUserRewards ---> TOURGUIDESERVICE
getUserRewards ---> TOURGUIDESERVICE
getUserRewards ---> TOURGUIDESERVICE
getUserRewards ---> TOURGUIDESERVICE
getUserRewards ---> TOURGUIDESERVICE
getUserRewards ---> TOURGUIDESERVICE
getUserRewards ---> TOURGUIDESERVICE
getUserRewards ---> TOURGUIDESERVICE
getUserRewards ---> TOURGUIDESERVICE
getUserRewards ---> TOURGUIDESERVICE
getUserRewards ---> TOURGUIDESERVICE
getUserRewards ---> TOURGUIDESERVICE
getUserRewards ---> TOURGUIDESERVICE
getUserRewards ---> TOURGUIDESERVICE
getUserRewards ---> TOURGUIDESERVICE
getUserRewards ---> TOURGUIDESERVICE
getUserRewards ---> TOURGUIDESERVICE
getUserRewards ---> TOURGUIDESERVICE
getUserRewards ---> TOURGUIDESERVICE
getUserRewards ---> TOURGUIDESERVICE
getUserRewards ---> TOURGUIDESERVICE
getUserRewards ---> TOURGUIDESERVICE
getUserRewards ---> TOURGUIDESERVICE
getUserRewards ---> TOURGUIDESERVICE
getUserRewards ---> TOURGUIDESERVICE
getUserRewards ---> TOURGUIDESERVICE
getUserRewards ---> TOURGUIDESERVICE
getUserRewards ---> TOURGUIDESERVICE
getUserRewards ---> TOURGUIDESERVICE
getUserRewards ---> TOURGUIDESERVICE
getUserRewards ---> TOURGUIDESERVICE
getUserRewards ---> TOURGUIDESERVICE
getUserRewards ---> TOURGUIDESERVICE
getUserRewards ---> TOURGUIDESERVICE
getUserRewards ---> TOURGUIDESERVICE
getUserRewards ---> TOURGUIDESERVICE
getUserRewards ---> TOURGUIDESERVICE
getUserRewards ---> TOURGUIDESERVICE
getUserRewards ---> TOURGUIDESERVICE
getUserRewards ---> TOURGUIDESERVICE
getUserRewards ---> TOURGUIDESERVICE
getUserRewards ---> TOURGUIDESERVICE
getUserRewards ---> TOURGUIDESERVICE
getUserRewards ---> TOURGUIDESERVICE
getUserRewards ---> TOURGUIDESERVICE
getUserRewards ---> TOURGUIDESERVICE
getUserRewards ---> TOURGUIDESERVICE
getUserRewards ---> TOURGUIDESERVICE
getUserRewards ---> TOURGUIDESERVICE
getUserRewards ---> TOURGUIDESERVICE
getUserRewards ---> TOURGUIDESERVICE
getUserRewards ---> TOURGUIDESERVICE
getUserRewards ---> TOURGUIDESERVICE
getUserRewards ---> TOURGUIDESERVICE
getUserRewards ---> TOURGUIDESERVICE
getUserRewards ---> TOURGUIDESERVICE
getUserRewards ---> TOURGUIDESERVICE
getUserRewards ---> TOURGUIDESERVICE
getUserRewards ---> TOURGUIDESERVICE
getUserRewards ---> TOURGUIDESERVICE
getUserRewards ---> TOURGUIDESERVICE
getUserRewards ---> TOURGUIDESERVICE
getUserRewards ---> TOURGUIDESERVICE
getUserRewards ---> TOURGUIDESERVICE
getUserRewards ---> TOURGUIDESERVICE
getUserRewards ---> TOURGUIDESERVICE
getUserRewards ---> TOURGUIDESERVICE
getUserRewards ---> TOURGUIDESERVICE
getUserRewards ---> TOURGUIDESERVICE
getUserRewards ---> TOURGUIDESERVICE
getUserRewards ---> TOURGUIDESERVICE
getUserRewards ---> TOURGUIDESERVICE
getUserRewards ---> TOURGUIDESERVICE
getUserRewards ---> TOURGUIDESERVICE
getUserRewards ---> TOURGUIDESERVICE
getUserRewards ---> TOURGUIDESERVICE
getUserRewards ---> TOURGUIDESERVICE
getUserRewards ---> TOURGUIDESERVICE
getUserRewards ---> TOURGUIDESERVICE
getUserRewards ---> TOURGUIDESERVICE
getUserRewards ---> TOURGUIDESERVICE
getUserRewards ---> TOURGUIDESERVICE
getUserRewards ---> TOURGUIDESERVICE
getUserRewards ---> TOURGUIDESERVICE
getUserRewards ---> TOURGUIDESERVICE
getUserRewards ---> TOURGUIDESERVICE
getUserRewards ---> TOURGUIDESERVICE
getUserRewards ---> TOURGUIDESERVICE
getUserRewards ---> TOURGUIDESERVICE
getUserRewards ---> TOURGUIDESERVICE
getUserRewards ---> TOURGUIDESERVICE
getUserRewards ---> TOURGUIDESERVICE
getUserRewards ---> TOURGUIDESERVICE
getUserRewards ---> TOURGUIDESERVICE
getUserRewards ---> TOURGUIDESERVICE
getUserRewards ---> TOURGUIDESERVICE
getUserRewards ---> TOURGUIDESERVICE
getUserRewards ---> TOURGUIDESERVICE
getUserRewards ---> TOURGUIDESERVICE
getUserRewards ---> TOURGUIDESERVICE
getUserRewards ---> TOURGUIDESERVICE
getUserRewards ---> TOURGUIDESERVICE
getUserRewards ---> TOURGUIDESERVICE
getUserRewards ---> TOURGUIDESERVICE
getUserRewards ---> TOURGUIDESERVICE
getUserRewards ---> TOURGUIDESERVICE
getUserRewards ---> TOURGUIDESERVICE
getUserRewards ---> TOURGUIDESERVICE
getUserRewards ---> TOURGUIDESERVICE
getUserRewards ---> TOURGUIDESERVICE
getUserRewards ---> TOURGUIDESERVICE
getUserRewards ---> TOURGUIDESERVICE
getUserRewards ---> TOURGUIDESERVICE
getUserRewards ---> TOURGUIDESERVICE
getUserRewards ---> TOURGUIDESERVICE
getUserRewards ---> TOURGUIDESERVICE
getUserRewards ---> TOURGUIDESERVICE
getUserRewards ---> TOURGUIDESERVICE
getUserRewards ---> TOURGUIDESERVICE
getUserRewards ---> TOURGUIDESERVICE
getUserRewards ---> TOURGUIDESERVICE
getUserRewards ---> TOURGUIDESERVICE
getUserRewards ---> TOURGUIDESERVICE
getUserRewards ---> TOURGUIDESERVICE
getUserRewards ---> TOURGUIDESERVICE
getUserRewards ---> TOURGUIDESERVICE
getUserRewards ---> TOURGUIDESERVICE
getUserRewards ---> TOURGUIDESERVICE
getUserRewards ---> TOURGUIDESERVICE
getUserRewards ---> TOURGUIDESERVICE
getUserRewards ---> TOURGUIDESERVICE
getUserRewards ---> TOURGUIDESERVICE
getUserRewards ---> TOURGUIDESERVICE
getUserRewards ---> TOURGUIDESERVICE
getUserRewards ---> TOURGUIDESERVICE
getUserRewards ---> TOURGUIDESERVICE
getUserRewards ---> TOURGUIDESERVICE
getUserRewards ---> TOURGUIDESERVICE
getUserRewards ---> TOURGUIDESERVICE
getUserRewards ---> TOURGUIDESERVICE
getUserRewards ---> TOURGUIDESERVICE
getUserRewards ---> TOURGUIDESERVICE
getUserRewards ---> TOURGUIDESERVICE
getUserRewards ---> TOURGUIDESERVICE
getUserRewards ---> TOURGUIDESERVICE
getUserRewards ---> TOURGUIDESERVICE
getUserRewards ---> TOURGUIDESERVICE
getUserRewards ---> TOURGUIDESERVICE
getUserRewards ---> TOURGUIDESERVICE
getUserRewards ---> TOURGUIDESERVICE
getUserRewards ---> TOURGUIDESERVICE
getUserRewards ---> TOURGUIDESERVICE
getUserRewards ---> TOURGUIDESERVICE
getUserRewards ---> TOURGUIDESERVICE
getUserRewards ---> TOURGUIDESERVICE
getUserRewards ---> TOURGUIDESERVICE
getUserRewards ---> TOURGUIDESERVICE
getUserRewards ---> TOURGUIDESERVICE
getUserRewards ---> TOURGUIDESERVICE
getUserRewards ---> TOURGUIDESERVICE
getUserRewards ---> TOURGUIDESERVICE
getUserRewards ---> TOURGUIDESERVICE
getUserRewards ---> TOURGUIDESERVICE
getUserRewards ---> TOURGUIDESERVICE
getUserRewards ---> TOURGUIDESERVICE
getUserRewards ---> TOURGUIDESERVICE
getUserRewards ---> TOURGUIDESERVICE
getUserRewards ---> TOURGUIDESERVICE
getUserRewards ---> TOURGUIDESERVICE
getUserRewards ---> TOURGUIDESERVICE
getUserRewards ---> TOURGUIDESERVICE
getUserRewards ---> TOURGUIDESERVICE
getUserRewards ---> TOURGUIDESERVICE
getUserRewards ---> TOURGUIDESERVICE
getUserRewards ---> TOURGUIDESERVICE
getUserRewards ---> TOURGUIDESERVICE
getUserRewards ---> TOURGUIDESERVICE
getUserRewards ---> TOURGUIDESERVICE
getUserRewards ---> TOURGUIDESERVICE
getUserRewards ---> TOURGUIDESERVICE
getUserRewards ---> TOURGUIDESERVICE
getUserRewards ---> TOURGUIDESERVICE
getUserRewards ---> TOURGUIDESERVICE
getUserRewards ---> TOURGUIDESERVICE
getUserRewards ---> TOURGUIDESERVICE
getUserRewards ---> TOURGUIDESERVICE
getUserRewards ---> TOURGUIDESERVICE
getUserRewards ---> TOURGUIDESERVICE
getUserRewards ---> TOURGUIDESERVICE
getUserRewards ---> TOURGUIDESERVICE
getUserRewards ---> TOURGUIDESERVICE
getUserRewards ---> TOURGUIDESERVICE
getUserRewards ---> TOURGUIDESERVICE
getUserRewards ---> TOURGUIDESERVICE
getUserRewards ---> TOURGUIDESERVICE
getUserRewards ---> TOURGUIDESERVICE
getUserRewards ---> TOURGUIDESERVICE
getUserRewards ---> TOURGUIDESERVICE
getUserRewards ---> TOURGUIDESERVICE
getUserRewards ---> TOURGUIDESERVICE
getUserRewards ---> TOURGUIDESERVICE
getUserRewards ---> TOURGUIDESERVICE
getUserRewards ---> TOURGUIDESERVICE
getUserRewards ---> TOURGUIDESERVICE
getUserRewards ---> TOURGUIDESERVICE
getUserRewards ---> TOURGUIDESERVICE
getUserRewards ---> TOURGUIDESERVICE
getUserRewards ---> TOURGUIDESERVICE
getUserRewards ---> TOURGUIDESERVICE
getUserRewards ---> TOURGUIDESERVICE
getUserRewards ---> TOURGUIDESERVICE
getUserRewards ---> TOURGUIDESERVICE
getUserRewards ---> TOURGUIDESERVICE
getUserRewards ---> TOURGUIDESERVICE
getUserRewards ---> TOURGUIDESERVICE
getUserRewards ---> TOURGUIDESERVICE
getUserRewards ---> TOURGUIDESERVICE
getUserRewards ---> TOURGUIDESERVICE
getUserRewards ---> TOURGUIDESERVICE
getUserRewards ---> TOURGUIDESERVICE
getUserRewards ---> TOURGUIDESERVICE
getUserRewards ---> TOURGUIDESERVICE
getUserRewards ---> TOURGUIDESERVICE
getUserRewards ---> TOURGUIDESERVICE
getUserRewards ---> TOURGUIDESERVICE
getUserRewards ---> TOURGUIDESERVICE
getUserRewards ---> TOURGUIDESERVICE
getUserRewards ---> TOURGUIDESERVICE
getUserRewards ---> TOURGUIDESERVICE
getUserRewards ---> TOURGUIDESERVICE
getUserRewards ---> TOURGUIDESERVICE
getUserRewards ---> TOURGUIDESERVICE
getUserRewards ---> TOURGUIDESERVICE
getUserRewards ---> TOURGUIDESERVICE
getUserRewards ---> TOURGUIDESERVICE
getUserRewards ---> TOURGUIDESERVICE
getUserRewards ---> TOURGUIDESERVICE
getUserRewards ---> TOURGUIDESERVICE
getUserRewards ---> TOURGUIDESERVICE
getUserRewards ---> TOURGUIDESERVICE
getUserRewards ---> TOURGUIDESERVICE
getUserRewards ---> TOURGUIDESERVICE
getUserRewards ---> TOURGUIDESERVICE
getUserRewards ---> TOURGUIDESERVICE
getUserRewards ---> TOURGUIDESERVICE
getUserRewards ---> TOURGUIDESERVICE
getUserRewards ---> TOURGUIDESERVICE
getUserRewards ---> TOURGUIDESERVICE
getUserRewards ---> TOURGUIDESERVICE
getUserRewards ---> TOURGUIDESERVICE
getUserRewards ---> TOURGUIDESERVICE
getUserRewards ---> TOURGUIDESERVICE
getUserRewards ---> TOURGUIDESERVICE
getUserRewards ---> TOURGUIDESERVICE
getUserRewards ---> TOURGUIDESERVICE
getUserRewards ---> TOURGUIDESERVICE
getUserRewards ---> TOURGUIDESERVICE
getUserRewards ---> TOURGUIDESERVICE
getUserRewards ---> TOURGUIDESERVICE
getUserRewards ---> TOURGUIDESERVICE
getUserRewards ---> TOURGUIDESERVICE
getUserRewards ---> TOURGUIDESERVICE
getUserRewards ---> TOURGUIDESERVICE
getUserRewards ---> TOURGUIDESERVICE
getUserRewards ---> TOURGUIDESERVICE
getUserRewards ---> TOURGUIDESERVICE
getUserRewards ---> TOURGUIDESERVICE
getUserRewards ---> TOURGUIDESERVICE
getUserRewards ---> TOURGUIDESERVICE
getUserRewards ---> TOURGUIDESERVICE
getUserRewards ---> TOURGUIDESERVICE
getUserRewards ---> TOURGUIDESERVICE
getUserRewards ---> TOURGUIDESERVICE
getUserRewards ---> TOURGUIDESERVICE
getUserRewards ---> TOURGUIDESERVICE
getUserRewards ---> TOURGUIDESERVICE
getUserRewards ---> TOURGUIDESERVICE
getUserRewards ---> TOURGUIDESERVICE
getUserRewards ---> TOURGUIDESERVICE
getUserRewards ---> TOURGUIDESERVICE
getUserRewards ---> TOURGUIDESERVICE
getUserRewards ---> TOURGUIDESERVICE
getUserRewards ---> TOURGUIDESERVICE
getUserRewards ---> TOURGUIDESERVICE
getUserRewards ---> TOURGUIDESERVICE
getUserRewards ---> TOURGUIDESERVICE
getUserRewards ---> TOURGUIDESERVICE
getUserRewards ---> TOURGUIDESERVICE
getUserRewards ---> TOURGUIDESERVICE
getUserRewards ---> TOURGUIDESERVICE
getUserRewards ---> TOURGUIDESERVICE
getUserRewards ---> TOURGUIDESERVICE
getUserRewards ---> TOURGUIDESERVICE
getUserRewards ---> TOURGUIDESERVICE
getUserRewards ---> TOURGUIDESERVICE
getUserRewards ---> TOURGUIDESERVICE
getUserRewards ---> TOURGUIDESERVICE
getUserRewards ---> TOURGUIDESERVICE
getUserRewards ---> TOURGUIDESERVICE
getUserRewards ---> TOURGUIDESERVICE
getUserRewards ---> TOURGUIDESERVICE
getUserRewards ---> TOURGUIDESERVICE
getUserRewards ---> TOURGUIDESERVICE
getUserRewards ---> TOURGUIDESERVICE
getUserRewards ---> TOURGUIDESERVICE
getUserRewards ---> TOURGUIDESERVICE
getUserRewards ---> TOURGUIDESERVICE
getUserRewards ---> TOURGUIDESERVICE
getUserRewards ---> TOURGUIDESERVICE
getUserRewards ---> TOURGUIDESERVICE
getUserRewards ---> TOURGUIDESERVICE
getUserRewards ---> TOURGUIDESERVICE
getUserRewards ---> TOURGUIDESERVICE
getUserRewards ---> TOURGUIDESERVICE
getUserRewards ---> TOURGUIDESERVICE
getUserRewards ---> TOURGUIDESERVICE
getUserRewards ---> TOURGUIDESERVICE
getUserRewards ---> TOURGUIDESERVICE
getUserRewards ---> TOURGUIDESERVICE
getUserRewards ---> TOURGUIDESERVICE
getUserRewards ---> TOURGUIDESERVICE
getUserRewards ---> TOURGUIDESERVICE
getUserRewards ---> TOURGUIDESERVICE
getUserRewards ---> TOURGUIDESERVICE
getUserRewards ---> TOURGUIDESERVICE
getUserRewards ---> TOURGUIDESERVICE
getUserRewards ---> TOURGUIDESERVICE
getUserRewards ---> TOURGUIDESERVICE
getUserRewards ---> TOURGUIDESERVICE
getUserRewards ---> TOURGUIDESERVICE
getUserRewards ---> TOURGUIDESERVICE
getUserRewards ---> TOURGUIDESERVICE
getUserRewards ---> TOURGUIDESERVICE
getUserRewards ---> TOURGUIDESERVICE
getUserRewards ---> TOURGUIDESERVICE
getUserRewards ---> TOURGUIDESERVICE
getUserRewards ---> TOURGUIDESERVICE
getUserRewards ---> TOURGUIDESERVICE
getUserRewards ---> TOURGUIDESERVICE
getUserRewards ---> TOURGUIDESERVICE
getUserRewards ---> TOURGUIDESERVICE
getUserRewards ---> TOURGUIDESERVICE
getUserRewards ---> TOURGUIDESERVICE
getUserRewards ---> TOURGUIDESERVICE
getUserRewards ---> TOURGUIDESERVICE
getUserRewards ---> TOURGUIDESERVICE
getUserRewards ---> TOURGUIDESERVICE
getUserRewards ---> TOURGUIDESERVICE
getUserRewards ---> TOURGUIDESERVICE
getUserRewards ---> TOURGUIDESERVICE
getUserRewards ---> TOURGUIDESERVICE
getUserRewards ---> TOURGUIDESERVICE
getUserRewards ---> TOURGUIDESERVICE
getUserRewards ---> TOURGUIDESERVICE
getUserRewards ---> TOURGUIDESERVICE
getUserRewards ---> TOURGUIDESERVICE
getUserRewards ---> TOURGUIDESERVICE
getUserRewards ---> TOURGUIDESERVICE
getUserRewards ---> TOURGUIDESERVICE
getUserRewards ---> TOURGUIDESERVICE
getUserRewards ---> TOURGUIDESERVICE
getUserRewards ---> TOURGUIDESERVICE
getUserRewards ---> TOURGUIDESERVICE
getUserRewards ---> TOURGUIDESERVICE
getUserRewards ---> TOURGUIDESERVICE
getUserRewards ---> TOURGUIDESERVICE
getUserRewards ---> TOURGUIDESERVICE
getUserRewards ---> TOURGUIDESERVICE
getUserRewards ---> TOURGUIDESERVICE
getUserRewards ---> TOURGUIDESERVICE
getUserRewards ---> TOURGUIDESERVICE
getUserRewards ---> TOURGUIDESERVICE
getUserRewards ---> TOURGUIDESERVICE
getUserRewards ---> TOURGUIDESERVICE
getUserRewards ---> TOURGUIDESERVICE
getUserRewards ---> TOURGUIDESERVICE
getUserRewards ---> TOURGUIDESERVICE
getUserRewards ---> TOURGUIDESERVICE
getUserRewards ---> TOURGUIDESERVICE
getUserRewards ---> TOURGUIDESERVICE
getUserRewards ---> TOURGUIDESERVICE
getUserRewards ---> TOURGUIDESERVICE
getUserRewards ---> TOURGUIDESERVICE
getUserRewards ---> TOURGUIDESERVICE
getUserRewards ---> TOURGUIDESERVICE
getUserRewards ---> TOURGUIDESERVICE
getUserRewards ---> TOURGUIDESERVICE
getUserRewards ---> TOURGUIDESERVICE
getUserRewards ---> TOURGUIDESERVICE
getUserRewards ---> TOURGUIDESERVICE
getUserRewards ---> TOURGUIDESERVICE
getUserRewards ---> TOURGUIDESERVICE
getUserRewards ---> TOURGUIDESERVICE
getUserRewards ---> TOURGUIDESERVICE
getUserRewards ---> TOURGUIDESERVICE
getUserRewards ---> TOURGUIDESERVICE
getUserRewards ---> TOURGUIDESERVICE
getUserRewards ---> TOURGUIDESERVICE
getUserRewards ---> TOURGUIDESERVICE
getUserRewards ---> TOURGUIDESERVICE
getUserRewards ---> TOURGUIDESERVICE
getUserRewards ---> TOURGUIDESERVICE
getUserRewards ---> TOURGUIDESERVICE
getUserRewards ---> TOURGUIDESERVICE
getUserRewards ---> TOURGUIDESERVICE
getUserRewards ---> TOURGUIDESERVICE
getUserRewards ---> TOURGUIDESERVICE
getUserRewards ---> TOURGUIDESERVICE
getUserRewards ---> TOURGUIDESERVICE
getUserRewards ---> TOURGUIDESERVICE
getUserRewards ---> TOURGUIDESERVICE
getUserRewards ---> TOURGUIDESERVICE
getUserRewards ---> TOURGUIDESERVICE
getUserRewards ---> TOURGUIDESERVICE
getUserRewards ---> TOURGUIDESERVICE
getUserRewards ---> TOURGUIDESERVICE
getUserRewards ---> TOURGUIDESERVICE
getUserRewards ---> TOURGUIDESERVICE
getUserRewards ---> TOURGUIDESERVICE
getUserRewards ---> TOURGUIDESERVICE
getUserRewards ---> TOURGUIDESERVICE
getUserRewards ---> TOURGUIDESERVICE
getUserRewards ---> TOURGUIDESERVICE
getUserRewards ---> TOURGUIDESERVICE
getUserRewards ---> TOURGUIDESERVICE
getUserRewards ---> TOURGUIDESERVICE
getUserRewards ---> TOURGUIDESERVICE
getUserRewards ---> TOURGUIDESERVICE
getUserRewards ---> TOURGUIDESERVICE
getUserRewards ---> TOURGUIDESERVICE
getUserRewards ---> TOURGUIDESERVICE
getUserRewards ---> TOURGUIDESERVICE
getUserRewards ---> TOURGUIDESERVICE
getUserRewards ---> TOURGUIDESERVICE
getUserRewards ---> TOURGUIDESERVICE
getUserRewards ---> TOURGUIDESERVICE
getUserRewards ---> TOURGUIDESERVICE
getUserRewards ---> TOURGUIDESERVICE
getUserRewards ---> TOURGUIDESERVICE
getUserRewards ---> TOURGUIDESERVICE
getUserRewards ---> TOURGUIDESERVICE
getUserRewards ---> TOURGUIDESERVICE
getUserRewards ---> TOURGUIDESERVICE
getUserRewards ---> TOURGUIDESERVICE
getUserRewards ---> TOURGUIDESERVICE
getUserRewards ---> TOURGUIDESERVICE
getUserRewards ---> TOURGUIDESERVICE
getUserRewards ---> TOURGUIDESERVICE
getUserRewards ---> TOURGUIDESERVICE
getUserRewards ---> TOURGUIDESERVICE
getUserRewards ---> TOURGUIDESERVICE
getUserRewards ---> TOURGUIDESERVICE
getUserRewards ---> TOURGUIDESERVICE
getUserRewards ---> TOURGUIDESERVICE
getUserRewards ---> TOURGUIDESERVICE
getUserRewards ---> TOURGUIDESERVICE
getUserRewards ---> TOURGUIDESERVICE
getUserRewards ---> TOURGUIDESERVICE
getUserRewards ---> TOURGUIDESERVICE
getUserRewards ---> TOURGUIDESERVICE
getUserRewards ---> TOURGUIDESERVICE
getUserRewards ---> TOURGUIDESERVICE
getUserRewards ---> TOURGUIDESERVICE
getUserRewards ---> TOURGUIDESERVICE
getUserRewards ---> TOURGUIDESERVICE
getUserRewards ---> TOURGUIDESERVICE
getUserRewards ---> TOURGUIDESERVICE
getUserRewards ---> TOURGUIDESERVICE
getUserRewards ---> TOURGUIDESERVICE
getUserRewards ---> TOURGUIDESERVICE
getUserRewards ---> TOURGUIDESERVICE
getUserRewards ---> TOURGUIDESERVICE
getUserRewards ---> TOURGUIDESERVICE
getUserRewards ---> TOURGUIDESERVICE
getUserRewards ---> TOURGUIDESERVICE
getUserRewards ---> TOURGUIDESERVICE
getUserRewards ---> TOURGUIDESERVICE
getUserRewards ---> TOURGUIDESERVICE
getUserRewards ---> TOURGUIDESERVICE
getUserRewards ---> TOURGUIDESERVICE
getUserRewards ---> TOURGUIDESERVICE
getUserRewards ---> TOURGUIDESERVICE
getUserRewards ---> TOURGUIDESERVICE
getUserRewards ---> TOURGUIDESERVICE
getUserRewards ---> TOURGUIDESERVICE
getUserRewards ---> TOURGUIDESERVICE
getUserRewards ---> TOURGUIDESERVICE
getUserRewards ---> TOURGUIDESERVICE
getUserRewards ---> TOURGUIDESERVICE
getUserRewards ---> TOURGUIDESERVICE
getUserRewards ---> TOURGUIDESERVICE
getUserRewards ---> TOURGUIDESERVICE
getUserRewards ---> TOURGUIDESERVICE
getUserRewards ---> TOURGUIDESERVICE
getUserRewards ---> TOURGUIDESERVICE
getUserRewards ---> TOURGUIDESERVICE
getUserRewards ---> TOURGUIDESERVICE
getUserRewards ---> TOURGUIDESERVICE
getUserRewards ---> TOURGUIDESERVICE
getUserRewards ---> TOURGUIDESERVICE
getUserRewards ---> TOURGUIDESERVICE
getUserRewards ---> TOURGUIDESERVICE
getUserRewards ---> TOURGUIDESERVICE
getUserRewards ---> TOURGUIDESERVICE
getUserRewards ---> TOURGUIDESERVICE
getUserRewards ---> TOURGUIDESERVICE
getUserRewards ---> TOURGUIDESERVICE
getUserRewards ---> TOURGUIDESERVICE
getUserRewards ---> TOURGUIDESERVICE
getUserRewards ---> TOURGUIDESERVICE
getUserRewards ---> TOURGUIDESERVICE
getUserRewards ---> TOURGUIDESERVICE
getUserRewards ---> TOURGUIDESERVICE
getUserRewards ---> TOURGUIDESERVICE
getUserRewards ---> TOURGUIDESERVICE
getUserRewards ---> TOURGUIDESERVICE
getUserRewards ---> TOURGUIDESERVICE
getUserRewards ---> TOURGUIDESERVICE
getUserRewards ---> TOURGUIDESERVICE
getUserRewards ---> TOURGUIDESERVICE
getUserRewards ---> TOURGUIDESERVICE
getUserRewards ---> TOURGUIDESERVICE
getUserRewards ---> TOURGUIDESERVICE
getUserRewards ---> TOURGUIDESERVICE
getUserRewards ---> TOURGUIDESERVICE
getUserRewards ---> TOURGUIDESERVICE
getUserRewards ---> TOURGUIDESERVICE
getUserRewards ---> TOURGUIDESERVICE
getUserRewards ---> TOURGUIDESERVICE
getUserRewards ---> TOURGUIDESERVICE
getUserRewards ---> TOURGUIDESERVICE
getUserRewards ---> TOURGUIDESERVICE
getUserRewards ---> TOURGUIDESERVICE
getUserRewards ---> TOURGUIDESERVICE
getUserRewards ---> TOURGUIDESERVICE
getUserRewards ---> TOURGUIDESERVICE
getUserRewards ---> TOURGUIDESERVICE
getUserRewards ---> TOURGUIDESERVICE
getUserRewards ---> TOURGUIDESERVICE
getUserRewards ---> TOURGUIDESERVICE
getUserRewards ---> TOURGUIDESERVICE
getUserRewards ---> TOURGUIDESERVICE
getUserRewards ---> TOURGUIDESERVICE
getUserRewards ---> TOURGUIDESERVICE
getUserRewards ---> TOURGUIDESERVICE
getUserRewards ---> TOURGUIDESERVICE
getUserRewards ---> TOURGUIDESERVICE
getUserRewards ---> TOURGUIDESERVICE
getUserRewards ---> TOURGUIDESERVICE
getUserRewards ---> TOURGUIDESERVICE
getUserRewards ---> TOURGUIDESERVICE
getUserRewards ---> TOURGUIDESERVICE
getUserRewards ---> TOURGUIDESERVICE
getUserRewards ---> TOURGUIDESERVICE
getUserRewards ---> TOURGUIDESERVICE
getUserRewards ---> TOURGUIDESERVICE
getUserRewards ---> TOURGUIDESERVICE
getUserRewards ---> TOURGUIDESERVICE
getUserRewards ---> TOURGUIDESERVICE
getUserRewards ---> TOURGUIDESERVICE
getUserRewards ---> TOURGUIDESERVICE
getUserRewards ---> TOURGUIDESERVICE
getUserRewards ---> TOURGUIDESERVICE
getUserRewards ---> TOURGUIDESERVICE
getUserRewards ---> TOURGUIDESERVICE
getUserRewards ---> TOURGUIDESERVICE
getUserRewards ---> TOURGUIDESERVICE
getUserRewards ---> TOURGUIDESERVICE
getUserRewards ---> TOURGUIDESERVICE
getUserRewards ---> TOURGUIDESERVICE
getUserRewards ---> TOURGUIDESERVICE
getUserRewards ---> TOURGUIDESERVICE
getUserRewards ---> TOURGUIDESERVICE
getUserRewards ---> TOURGUIDESERVICE
getUserRewards ---> TOURGUIDESERVICE
getUserRewards ---> TOURGUIDESERVICE
getUserRewards ---> TOURGUIDESERVICE
getUserRewards ---> TOURGUIDESERVICE
getUserRewards ---> TOURGUIDESERVICE
getUserRewards ---> TOURGUIDESERVICE
getUserRewards ---> TOURGUIDESERVICE
getUserRewards ---> TOURGUIDESERVICE
getUserRewards ---> TOURGUIDESERVICE
getUserRewards ---> TOURGUIDESERVICE
getUserRewards ---> TOURGUIDESERVICE
getUserRewards ---> TOURGUIDESERVICE
getUserRewards ---> TOURGUIDESERVICE
getUserRewards ---> TOURGUIDESERVICE
getUserRewards ---> TOURGUIDESERVICE
getUserRewards ---> TOURGUIDESERVICE
getUserRewards ---> TOURGUIDESERVICE
getUserRewards ---> TOURGUIDESERVICE
getUserRewards ---> TOURGUIDESERVICE
getUserRewards ---> TOURGUIDESERVICE
getUserRewards ---> TOURGUIDESERVICE
getUserRewards ---> TOURGUIDESERVICE
getUserRewards ---> TOURGUIDESERVICE
getUserRewards ---> TOURGUIDESERVICE
getUserRewards ---> TOURGUIDESERVICE
getUserRewards ---> TOURGUIDESERVICE
getUserRewards ---> TOURGUIDESERVICE
getUserRewards ---> TOURGUIDESERVICE
getUserRewards ---> TOURGUIDESERVICE
getUserRewards ---> TOURGUIDESERVICE
getUserRewards ---> TOURGUIDESERVICE
getUserRewards ---> TOURGUIDESERVICE
getUserRewards ---> TOURGUIDESERVICE
getUserRewards ---> TOURGUIDESERVICE
getUserRewards ---> TOURGUIDESERVICE
getUserRewards ---> TOURGUIDESERVICE
getUserRewards ---> TOURGUIDESERVICE
getUserRewards ---> TOURGUIDESERVICE
getUserRewards ---> TOURGUIDESERVICE
getUserRewards ---> TOURGUIDESERVICE
getUserRewards ---> TOURGUIDESERVICE
getUserRewards ---> TOURGUIDESERVICE
getUserRewards ---> TOURGUIDESERVICE
getUserRewards ---> TOURGUIDESERVICE
getUserRewards ---> TOURGUIDESERVICE
getUserRewards ---> TOURGUIDESERVICE
getUserRewards ---> TOURGUIDESERVICE
getUserRewards ---> TOURGUIDESERVICE
getUserRewards ---> TOURGUIDESERVICE
getUserRewards ---> TOURGUIDESERVICE
getUserRewards ---> TOURGUIDESERVICE
getUserRewards ---> TOURGUIDESERVICE
getUserRewards ---> TOURGUIDESERVICE
getUserRewards ---> TOURGUIDESERVICE
getUserRewards ---> TOURGUIDESERVICE
getUserRewards ---> TOURGUIDESERVICE
getUserRewards ---> TOURGUIDESERVICE
getUserRewards ---> TOURGUIDESERVICE
getUserRewards ---> TOURGUIDESERVICE
getUserRewards ---> TOURGUIDESERVICE
getUserRewards ---> TOURGUIDESERVICE
getUserRewards ---> TOURGUIDESERVICE
getUserRewards ---> TOURGUIDESERVICE
getUserRewards ---> TOURGUIDESERVICE
getUserRewards ---> TOURGUIDESERVICE
getUserRewards ---> TOURGUIDESERVICE
getUserRewards ---> TOURGUIDESERVICE
getUserRewards ---> TOURGUIDESERVICE
getUserRewards ---> TOURGUIDESERVICE
getUserRewards ---> TOURGUIDESERVICE
getUserRewards ---> TOURGUIDESERVICE
getUserRewards ---> TOURGUIDESERVICE
getUserRewards ---> TOURGUIDESERVICE
getUserRewards ---> TOURGUIDESERVICE
getUserRewards ---> TOURGUIDESERVICE
getUserRewards ---> TOURGUIDESERVICE
getUserRewards ---> TOURGUIDESERVICE
getUserRewards ---> TOURGUIDESERVICE
getUserRewards ---> TOURGUIDESERVICE
getUserRewards ---> TOURGUIDESERVICE
getUserRewards ---> TOURGUIDESERVICE
getUserRewards ---> TOURGUIDESERVICE
getUserRewards ---> TOURGUIDESERVICE
getUserRewards ---> TOURGUIDESERVICE
getUserRewards ---> TOURGUIDESERVICE
getUserRewards ---> TOURGUIDESERVICE
getUserRewards ---> TOURGUIDESERVICE
getUserRewards ---> TOURGUIDESERVICE
getUserRewards ---> TOURGUIDESERVICE
getUserRewards ---> TOURGUIDESERVICE
getUserRewards ---> TOURGUIDESERVICE
getUserRewards ---> TOURGUIDESERVICE
getUserRewards ---> TOURGUIDESERVICE
getUserRewards ---> TOURGUIDESERVICE
getUserRewards ---> TOURGUIDESERVICE
getUserRewards ---> TOURGUIDESERVICE
getUserRewards ---> TOURGUIDESERVICE
getUserRewards ---> TOURGUIDESERVICE
getUserRewards ---> TOURGUIDESERVICE
getUserRewards ---> TOURGUIDESERVICE
getUserRewards ---> TOURGUIDESERVICE
getUserRewards ---> TOURGUIDESERVICE
getUserRewards ---> TOURGUIDESERVICE
getUserRewards ---> TOURGUIDESERVICE
getUserRewards ---> TOURGUIDESERVICE
getUserRewards ---> TOURGUIDESERVICE
getUserRewards ---> TOURGUIDESERVICE
getUserRewards ---> TOURGUIDESERVICE
getUserRewards ---> TOURGUIDESERVICE
getUserRewards ---> TOURGUIDESERVICE
getUserRewards ---> TOURGUIDESERVICE
getUserRewards ---> TOURGUIDESERVICE
getUserRewards ---> TOURGUIDESERVICE
getUserRewards ---> TOURGUIDESERVICE
getUserRewards ---> TOURGUIDESERVICE
getUserRewards ---> TOURGUIDESERVICE
getUserRewards ---> TOURGUIDESERVICE
getUserRewards ---> TOURGUIDESERVICE
getUserRewards ---> TOURGUIDESERVICE
getUserRewards ---> TOURGUIDESERVICE
getUserRewards ---> TOURGUIDESERVICE
getUserRewards ---> TOURGUIDESERVICE
getUserRewards ---> TOURGUIDESERVICE
getUserRewards ---> TOURGUIDESERVICE
getUserRewards ---> TOURGUIDESERVICE
getUserRewards ---> TOURGUIDESERVICE
getUserRewards ---> TOURGUIDESERVICE
getUserRewards ---> TOURGUIDESERVICE
getUserRewards ---> TOURGUIDESERVICE
getUserRewards ---> TOURGUIDESERVICE
getUserRewards ---> TOURGUIDESERVICE
getUserRewards ---> TOURGUIDESERVICE
getUserRewards ---> TOURGUIDESERVICE
getUserRewards ---> TOURGUIDESERVICE
getUserRewards ---> TOURGUIDESERVICE
getUserRewards ---> TOURGUIDESERVICE
getUserRewards ---> TOURGUIDESERVICE
getUserRewards ---> TOURGUIDESERVICE
getUserRewards ---> TOURGUIDESERVICE
getUserRewards ---> TOURGUIDESERVICE
getUserRewards ---> TOURGUIDESERVICE
getUserRewards ---> TOURGUIDESERVICE
getUserRewards ---> TOURGUIDESERVICE
getUserRewards ---> TOURGUIDESERVICE
getUserRewards ---> TOURGUIDESERVICE
getUserRewards ---> TOURGUIDESERVICE
getUserRewards ---> TOURGUIDESERVICE
getUserRewards ---> TOURGUIDESERVICE
getUserRewards ---> TOURGUIDESERVICE
getUserRewards ---> TOURGUIDESERVICE
getUserRewards ---> TOURGUIDESERVICE
getUserRewards ---> TOURGUIDESERVICE
getUserRewards ---> TOURGUIDESERVICE
getUserRewards ---> TOURGUIDESERVICE
getUserRewards ---> TOURGUIDESERVICE
getUserRewards ---> TOURGUIDESERVICE
getUserRewards ---> TOURGUIDESERVICE
getUserRewards ---> TOURGUIDESERVICE
getUserRewards ---> TOURGUIDESERVICE
getUserRewards ---> TOURGUIDESERVICE
getUserRewards ---> TOURGUIDESERVICE
getUserRewards ---> TOURGUIDESERVICE
getUserRewards ---> TOURGUIDESERVICE
getUserRewards ---> TOURGUIDESERVICE
getUserRewards ---> TOURGUIDESERVICE
getUserRewards ---> TOURGUIDESERVICE
getUserRewards ---> TOURGUIDESERVICE
getUserRewards ---> TOURGUIDESERVICE
getUserRewards ---> TOURGUIDESERVICE
getUserRewards ---> TOURGUIDESERVICE
getUserRewards ---> TOURGUIDESERVICE
getUserRewards ---> TOURGUIDESERVICE
getUserRewards ---> TOURGUIDESERVICE
getUserRewards ---> TOURGUIDESERVICE
getUserRewards ---> TOURGUIDESERVICE
getUserRewards ---> TOURGUIDESERVICE
getUserRewards ---> TOURGUIDESERVICE
getUserRewards ---> TOURGUIDESERVICE
getUserRewards ---> TOURGUIDESERVICE
getUserRewards ---> TOURGUIDESERVICE
getUserRewards ---> TOURGUIDESERVICE
getUserRewards ---> TOURGUIDESERVICE
getUserRewards ---> TOURGUIDESERVICE
getUserRewards ---> TOURGUIDESERVICE
getUserRewards ---> TOURGUIDESERVICE
getUserRewards ---> TOURGUIDESERVICE
getUserRewards ---> TOURGUIDESERVICE
getUserRewards ---> TOURGUIDESERVICE
getUserRewards ---> TOURGUIDESERVICE
getUserRewards ---> TOURGUIDESERVICE
getUserRewards ---> TOURGUIDESERVICE
getUserRewards ---> TOURGUIDESERVICE
getUserRewards ---> TOURGUIDESERVICE
getUserRewards ---> TOURGUIDESERVICE
getUserRewards ---> TOURGUIDESERVICE
getUserRewards ---> TOURGUIDESERVICE
getUserRewards ---> TOURGUIDESERVICE
getUserRewards ---> TOURGUIDESERVICE
getUserRewards ---> TOURGUIDESERVICE
getUserRewards ---> TOURGUIDESERVICE
getUserRewards ---> TOURGUIDESERVICE
getUserRewards ---> TOURGUIDESERVICE
getUserRewards ---> TOURGUIDESERVICE
getUserRewards ---> TOURGUIDESERVICE
getUserRewards ---> TOURGUIDESERVICE
getUserRewards ---> TOURGUIDESERVICE
getUserRewards ---> TOURGUIDESERVICE
getUserRewards ---> TOURGUIDESERVICE
getUserRewards ---> TOURGUIDESERVICE
getUserRewards ---> TOURGUIDESERVICE
getUserRewards ---> TOURGUIDESERVICE
getUserRewards ---> TOURGUIDESERVICE
getUserRewards ---> TOURGUIDESERVICE
getUserRewards ---> TOURGUIDESERVICE
getUserRewards ---> TOURGUIDESERVICE
getUserRewards ---> TOURGUIDESERVICE
getUserRewards ---> TOURGUIDESERVICE
getUserRewards ---> TOURGUIDESERVICE
getUserRewards ---> TOURGUIDESERVICE
getUserRewards ---> TOURGUIDESERVICE
getUserRewards ---> TOURGUIDESERVICE
getUserRewards ---> TOURGUIDESERVICE
getUserRewards ---> TOURGUIDESERVICE
getUserRewards ---> TOURGUIDESERVICE
getUserRewards ---> TOURGUIDESERVICE
getUserRewards ---> TOURGUIDESERVICE
getUserRewards ---> TOURGUIDESERVICE
getUserRewards ---> TOURGUIDESERVICE
getUserRewards ---> TOURGUIDESERVICE
getUserRewards ---> TOURGUIDESERVICE
getUserRewards ---> TOURGUIDESERVICE
getUserRewards ---> TOURGUIDESERVICE
getUserRewards ---> TOURGUIDESERVICE
getUserRewards ---> TOURGUIDESERVICE
getUserRewards ---> TOURGUIDESERVICE
getUserRewards ---> TOURGUIDESERVICE
getUserRewards ---> TOURGUIDESERVICE
getUserRewards ---> TOURGUIDESERVICE
getUserRewards ---> TOURGUIDESERVICE
getUserRewards ---> TOURGUIDESERVICE
getUserRewards ---> TOURGUIDESERVICE
getUserRewards ---> TOURGUIDESERVICE
getUserRewards ---> TOURGUIDESERVICE
getUserRewards ---> TOURGUIDESERVICE
getUserRewards ---> TOURGUIDESERVICE
getUserRewards ---> TOURGUIDESERVICE
getUserRewards ---> TOURGUIDESERVICE
getUserRewards ---> TOURGUIDESERVICE
getUserRewards ---> TOURGUIDESERVICE
getUserRewards ---> TOURGUIDESERVICE
getUserRewards ---> TOURGUIDESERVICE
getUserRewards ---> TOURGUIDESERVICE
getUserRewards ---> TOURGUIDESERVICE
getUserRewards ---> TOURGUIDESERVICE
getUserRewards ---> TOURGUIDESERVICE
getUserRewards ---> TOURGUIDESERVICE
getUserRewards ---> TOURGUIDESERVICE
getUserRewards ---> TOURGUIDESERVICE
getUserRewards ---> TOURGUIDESERVICE
getUserRewards ---> TOURGUIDESERVICE
getUserRewards ---> TOURGUIDESERVICE
getUserRewards ---> TOURGUIDESERVICE
getUserRewards ---> TOURGUIDESERVICE
getUserRewards ---> TOURGUIDESERVICE
getUserRewards ---> TOURGUIDESERVICE
getUserRewards ---> TOURGUIDESERVICE
getUserRewards ---> TOURGUIDESERVICE
getUserRewards ---> TOURGUIDESERVICE
getUserRewards ---> TOURGUIDESERVICE
getUserRewards ---> TOURGUIDESERVICE
getUserRewards ---> TOURGUIDESERVICE
getUserRewards ---> TOURGUIDESERVICE
getUserRewards ---> TOURGUIDESERVICE
getUserRewards ---> TOURGUIDESERVICE
getUserRewards ---> TOURGUIDESERVICE
getUserRewards ---> TOURGUIDESERVICE
getUserRewards ---> TOURGUIDESERVICE
getUserRewards ---> TOURGUIDESERVICE
getUserRewards ---> TOURGUIDESERVICE
getUserRewards ---> TOURGUIDESERVICE
getUserRewards ---> TOURGUIDESERVICE
getUserRewards ---> TOURGUIDESERVICE
getUserRewards ---> TOURGUIDESERVICE
getUserRewards ---> TOURGUIDESERVICE
getUserRewards ---> TOURGUIDESERVICE
getUserRewards ---> TOURGUIDESERVICE
getUserRewards ---> TOURGUIDESERVICE
getUserRewards ---> TOURGUIDESERVICE
getUserRewards ---> TOURGUIDESERVICE
getUserRewards ---> TOURGUIDESERVICE
getUserRewards ---> TOURGUIDESERVICE
getUserRewards ---> TOURGUIDESERVICE
getUserRewards ---> TOURGUIDESERVICE
getUserRewards ---> TOURGUIDESERVICE
getUserRewards ---> TOURGUIDESERVICE
getUserRewards ---> TOURGUIDESERVICE
getUserRewards ---> TOURGUIDESERVICE
getUserRewards ---> TOURGUIDESERVICE
getUserRewards ---> TOURGUIDESERVICE
getUserRewards ---> TOURGUIDESERVICE
getUserRewards ---> TOURGUIDESERVICE
getUserRewards ---> TOURGUIDESERVICE
getUserRewards ---> TOURGUIDESERVICE
getUserRewards ---> TOURGUIDESERVICE
getUserRewards ---> TOURGUIDESERVICE
getUserRewards ---> TOURGUIDESERVICE
getUserRewards ---> TOURGUIDESERVICE
getUserRewards ---> TOURGUIDESERVICE
getUserRewards ---> TOURGUIDESERVICE
getUserRewards ---> TOURGUIDESERVICE
getUserRewards ---> TOURGUIDESERVICE
getUserRewards ---> TOURGUIDESERVICE
getUserRewards ---> TOURGUIDESERVICE
getUserRewards ---> TOURGUIDESERVICE
getUserRewards ---> TOURGUIDESERVICE
getUserRewards ---> TOURGUIDESERVICE
getUserRewards ---> TOURGUIDESERVICE
getUserRewards ---> TOURGUIDESERVICE
getUserRewards ---> TOURGUIDESERVICE
getUserRewards ---> TOURGUIDESERVICE
getUserRewards ---> TOURGUIDESERVICE
getUserRewards ---> TOURGUIDESERVICE
getUserRewards ---> TOURGUIDESERVICE
getUserRewards ---> TOURGUIDESERVICE
getUserRewards ---> TOURGUIDESERVICE
getUserRewards ---> TOURGUIDESERVICE
getUserRewards ---> TOURGUIDESERVICE
getUserRewards ---> TOURGUIDESERVICE
getUserRewards ---> TOURGUIDESERVICE
getUserRewards ---> TOURGUIDESERVICE
getUserRewards ---> TOURGUIDESERVICE
getUserRewards ---> TOURGUIDESERVICE
getUserRewards ---> TOURGUIDESERVICE
getUserRewards ---> TOURGUIDESERVICE
getUserRewards ---> TOURGUIDESERVICE
getUserRewards ---> TOURGUIDESERVICE
getUserRewards ---> TOURGUIDESERVICE
getUserRewards ---> TOURGUIDESERVICE
getUserRewards ---> TOURGUIDESERVICE
getUserRewards ---> TOURGUIDESERVICE
getUserRewards ---> TOURGUIDESERVICE
getUserRewards ---> TOURGUIDESERVICE
getUserRewards ---> TOURGUIDESERVICE
getUserRewards ---> TOURGUIDESERVICE
getUserRewards ---> TOURGUIDESERVICE
getUserRewards ---> TOURGUIDESERVICE
getUserRewards ---> TOURGUIDESERVICE
getUserRewards ---> TOURGUIDESERVICE
getUserRewards ---> TOURGUIDESERVICE
getUserRewards ---> TOURGUIDESERVICE
getUserRewards ---> TOURGUIDESERVICE
getUserRewards ---> TOURGUIDESERVICE
getUserRewards ---> TOURGUIDESERVICE
getUserRewards ---> TOURGUIDESERVICE
getUserRewards ---> TOURGUIDESERVICE
getUserRewards ---> TOURGUIDESERVICE
getUserRewards ---> TOURGUIDESERVICE
getUserRewards ---> TOURGUIDESERVICE
getUserRewards ---> TOURGUIDESERVICE
getUserRewards ---> TOURGUIDESERVICE
getUserRewards ---> TOURGUIDESERVICE
getUserRewards ---> TOURGUIDESERVICE
getUserRewards ---> TOURGUIDESERVICE
getUserRewards ---> TOURGUIDESERVICE
getUserRewards ---> TOURGUIDESERVICE
getUserRewards ---> TOURGUIDESERVICE
getUserRewards ---> TOURGUIDESERVICE
getUserRewards ---> TOURGUIDESERVICE
getUserRewards ---> TOURGUIDESERVICE
getUserRewards ---> TOURGUIDESERVICE
getUserRewards ---> TOURGUIDESERVICE
getUserRewards ---> TOURGUIDESERVICE
getUserRewards ---> TOURGUIDESERVICE
getUserRewards ---> TOURGUIDESERVICE
getUserRewards ---> TOURGUIDESERVICE
getUserRewards ---> TOURGUIDESERVICE
getUserRewards ---> TOURGUIDESERVICE
getUserRewards ---> TOURGUIDESERVICE
getUserRewards ---> TOURGUIDESERVICE
getUserRewards ---> TOURGUIDESERVICE
getUserRewards ---> TOURGUIDESERVICE
getUserRewards ---> TOURGUIDESERVICE
getUserRewards ---> TOURGUIDESERVICE
getUserRewards ---> TOURGUIDESERVICE
getUserRewards ---> TOURGUIDESERVICE
getUserRewards ---> TOURGUIDESERVICE
getUserRewards ---> TOURGUIDESERVICE
getUserRewards ---> TOURGUIDESERVICE
getUserRewards ---> TOURGUIDESERVICE
getUserRewards ---> TOURGUIDESERVICE
getUserRewards ---> TOURGUIDESERVICE
getUserRewards ---> TOURGUIDESERVICE
getUserRewards ---> TOURGUIDESERVICE
getUserRewards ---> TOURGUIDESERVICE
getUserRewards ---> TOURGUIDESERVICE
getUserRewards ---> TOURGUIDESERVICE
getUserRewards ---> TOURGUIDESERVICE
getUserRewards ---> TOURGUIDESERVICE
getUserRewards ---> TOURGUIDESERVICE
getUserRewards ---> TOURGUIDESERVICE
getUserRewards ---> TOURGUIDESERVICE
getUserRewards ---> TOURGUIDESERVICE
getUserRewards ---> TOURGUIDESERVICE
getUserRewards ---> TOURGUIDESERVICE
getUserRewards ---> TOURGUIDESERVICE
getUserRewards ---> TOURGUIDESERVICE
getUserRewards ---> TOURGUIDESERVICE
getUserRewards ---> TOURGUIDESERVICE
getUserRewards ---> TOURGUIDESERVICE
getUserRewards ---> TOURGUIDESERVICE
getUserRewards ---> TOURGUIDESERVICE
getUserRewards ---> TOURGUIDESERVICE
getUserRewards ---> TOURGUIDESERVICE
getUserRewards ---> TOURGUIDESERVICE
getUserRewards ---> TOURGUIDESERVICE
getUserRewards ---> TOURGUIDESERVICE
getUserRewards ---> TOURGUIDESERVICE
getUserRewards ---> TOURGUIDESERVICE
getUserRewards ---> TOURGUIDESERVICE
getUserRewards ---> TOURGUIDESERVICE
getUserRewards ---> TOURGUIDESERVICE
getUserRewards ---> TOURGUIDESERVICE
getUserRewards ---> TOURGUIDESERVICE
getUserRewards ---> TOURGUIDESERVICE
getUserRewards ---> TOURGUIDESERVICE
getUserRewards ---> TOURGUIDESERVICE
getUserRewards ---> TOURGUIDESERVICE
getUserRewards ---> TOURGUIDESERVICE
getUserRewards ---> TOURGUIDESERVICE
getUserRewards ---> TOURGUIDESERVICE
getUserRewards ---> TOURGUIDESERVICE
getUserRewards ---> TOURGUIDESERVICE
getUserRewards ---> TOURGUIDESERVICE
getUserRewards ---> TOURGUIDESERVICE
getUserRewards ---> TOURGUIDESERVICE
getUserRewards ---> TOURGUIDESERVICE
getUserRewards ---> TOURGUIDESERVICE
getUserRewards ---> TOURGUIDESERVICE
getUserRewards ---> TOURGUIDESERVICE
getUserRewards ---> TOURGUIDESERVICE
getUserRewards ---> TOURGUIDESERVICE
getUserRewards ---> TOURGUIDESERVICE
getUserRewards ---> TOURGUIDESERVICE
getUserRewards ---> TOURGUIDESERVICE
getUserRewards ---> TOURGUIDESERVICE
getUserRewards ---> TOURGUIDESERVICE
getUserRewards ---> TOURGUIDESERVICE
getUserRewards ---> TOURGUIDESERVICE
getUserRewards ---> TOURGUIDESERVICE
getUserRewards ---> TOURGUIDESERVICE
getUserRewards ---> TOURGUIDESERVICE
getUserRewards ---> TOURGUIDESERVICE
getUserRewards ---> TOURGUIDESERVICE
getUserRewards ---> TOURGUIDESERVICE
getUserRewards ---> TOURGUIDESERVICE
getUserRewards ---> TOURGUIDESERVICE
getUserRewards ---> TOURGUIDESERVICE
getUserRewards ---> TOURGUIDESERVICE
getUserRewards ---> TOURGUIDESERVICE
getUserRewards ---> TOURGUIDESERVICE
getUserRewards ---> TOURGUIDESERVICE
getUserRewards ---> TOURGUIDESERVICE
getUserRewards ---> TOURGUIDESERVICE
getUserRewards ---> TOURGUIDESERVICE
getUserRewards ---> TOURGUIDESERVICE
getUserRewards ---> TOURGUIDESERVICE
getUserRewards ---> TOURGUIDESERVICE
getUserRewards ---> TOURGUIDESERVICE
getUserRewards ---> TOURGUIDESERVICE
getUserRewards ---> TOURGUIDESERVICE
getUserRewards ---> TOURGUIDESERVICE
getUserRewards ---> TOURGUIDESERVICE
getUserRewards ---> TOURGUIDESERVICE
getUserRewards ---> TOURGUIDESERVICE
getUserRewards ---> TOURGUIDESERVICE
getUserRewards ---> TOURGUIDESERVICE
getUserRewards ---> TOURGUIDESERVICE
getUserRewards ---> TOURGUIDESERVICE
getUserRewards ---> TOURGUIDESERVICE
getUserRewards ---> TOURGUIDESERVICE
getUserRewards ---> TOURGUIDESERVICE
getUserRewards ---> TOURGUIDESERVICE
getUserRewards ---> TOURGUIDESERVICE
getUserRewards ---> TOURGUIDESERVICE
getUserRewards ---> TOURGUIDESERVICE
getUserRewards ---> TOURGUIDESERVICE
getUserRewards ---> TOURGUIDESERVICE
getUserRewards ---> TOURGUIDESERVICE
getUserRewards ---> TOURGUIDESERVICE
getUserRewards ---> TOURGUIDESERVICE
getUserRewards ---> TOURGUIDESERVICE
getUserRewards ---> TOURGUIDESERVICE
getUserRewards ---> TOURGUIDESERVICE
getUserRewards ---> TOURGUIDESERVICE
getUserRewards ---> TOURGUIDESERVICE
getUserRewards ---> TOURGUIDESERVICE
getUserRewards ---> TOURGUIDESERVICE
getUserRewards ---> TOURGUIDESERVICE
getUserRewards ---> TOURGUIDESERVICE
getUserRewards ---> TOURGUIDESERVICE
getUserRewards ---> TOURGUIDESERVICE
getUserRewards ---> TOURGUIDESERVICE
getUserRewards ---> TOURGUIDESERVICE
getUserRewards ---> TOURGUIDESERVICE
getUserRewards ---> TOURGUIDESERVICE
getUserRewards ---> TOURGUIDESERVICE
getUserRewards ---> TOURGUIDESERVICE
getUserRewards ---> TOURGUIDESERVICE
getUserRewards ---> TOURGUIDESERVICE
getUserRewards ---> TOURGUIDESERVICE
getUserRewards ---> TOURGUIDESERVICE
getUserRewards ---> TOURGUIDESERVICE
getUserRewards ---> TOURGUIDESERVICE
getUserRewards ---> TOURGUIDESERVICE
getUserRewards ---> TOURGUIDESERVICE
getUserRewards ---> TOURGUIDESERVICE
getUserRewards ---> TOURGUIDESERVICE
getUserRewards ---> TOURGUIDESERVICE
getUserRewards ---> TOURGUIDESERVICE
getUserRewards ---> TOURGUIDESERVICE
getUserRewards ---> TOURGUIDESERVICE
getUserRewards ---> TOURGUIDESERVICE
getUserRewards ---> TOURGUIDESERVICE
getUserRewards ---> TOURGUIDESERVICE
getUserRewards ---> TOURGUIDESERVICE
getUserRewards ---> TOURGUIDESERVICE
getUserRewards ---> TOURGUIDESERVICE
getUserRewards ---> TOURGUIDESERVICE
getUserRewards ---> TOURGUIDESERVICE
getUserRewards ---> TOURGUIDESERVICE
getUserRewards ---> TOURGUIDESERVICE
getUserRewards ---> TOURGUIDESERVICE
getUserRewards ---> TOURGUIDESERVICE
getUserRewards ---> TOURGUIDESERVICE
getUserRewards ---> TOURGUIDESERVICE
getUserRewards ---> TOURGUIDESERVICE
getUserRewards ---> TOURGUIDESERVICE
getUserRewards ---> TOURGUIDESERVICE
getUserRewards ---> TOURGUIDESERVICE
getUserRewards ---> TOURGUIDESERVICE
getUserRewards ---> TOURGUIDESERVICE
getUserRewards ---> TOURGUIDESERVICE
getUserRewards ---> TOURGUIDESERVICE
getUserRewards ---> TOURGUIDESERVICE
getUserRewards ---> TOURGUIDESERVICE
getUserRewards ---> TOURGUIDESERVICE
getUserRewards ---> TOURGUIDESERVICE
getUserRewards ---> TOURGUIDESERVICE
getUserRewards ---> TOURGUIDESERVICE
getUserRewards ---> TOURGUIDESERVICE
getUserRewards ---> TOURGUIDESERVICE
getUserRewards ---> TOURGUIDESERVICE
getUserRewards ---> TOURGUIDESERVICE
getUserRewards ---> TOURGUIDESERVICE
getUserRewards ---> TOURGUIDESERVICE
getUserRewards ---> TOURGUIDESERVICE
getUserRewards ---> TOURGUIDESERVICE
getUserRewards ---> TOURGUIDESERVICE
getUserRewards ---> TOURGUIDESERVICE
getUserRewards ---> TOURGUIDESERVICE
getUserRewards ---> TOURGUIDESERVICE
getUserRewards ---> TOURGUIDESERVICE
getUserRewards ---> TOURGUIDESERVICE
getUserRewards ---> TOURGUIDESERVICE
getUserRewards ---> TOURGUIDESERVICE
getUserRewards ---> TOURGUIDESERVICE
getUserRewards ---> TOURGUIDESERVICE
getUserRewards ---> TOURGUIDESERVICE
getUserRewards ---> TOURGUIDESERVICE
getUserRewards ---> TOURGUIDESERVICE
getUserRewards ---> TOURGUIDESERVICE
getUserRewards ---> TOURGUIDESERVICE
getUserRewards ---> TOURGUIDESERVICE
getUserRewards ---> TOURGUIDESERVICE
getUserRewards ---> TOURGUIDESERVICE
getUserRewards ---> TOURGUIDESERVICE
getUserRewards ---> TOURGUIDESERVICE
getUserRewards ---> TOURGUIDESERVICE
getUserRewards ---> TOURGUIDESERVICE
getUserRewards ---> TOURGUIDESERVICE
getUserRewards ---> TOURGUIDESERVICE
getUserRewards ---> TOURGUIDESERVICE
getUserRewards ---> TOURGUIDESERVICE
getUserRewards ---> TOURGUIDESERVICE
getUserRewards ---> TOURGUIDESERVICE
getUserRewards ---> TOURGUIDESERVICE
getUserRewards ---> TOURGUIDESERVICE
getUserRewards ---> TOURGUIDESERVICE
getUserRewards ---> TOURGUIDESERVICE
getUserRewards ---> TOURGUIDESERVICE
getUserRewards ---> TOURGUIDESERVICE
getUserRewards ---> TOURGUIDESERVICE
getUserRewards ---> TOURGUIDESERVICE
getUserRewards ---> TOURGUIDESERVICE
getUserRewards ---> TOURGUIDESERVICE
getUserRewards ---> TOURGUIDESERVICE
getUserRewards ---> TOURGUIDESERVICE
getUserRewards ---> TOURGUIDESERVICE
getUserRewards ---> TOURGUIDESERVICE
getUserRewards ---> TOURGUIDESERVICE
getUserRewards ---> TOURGUIDESERVICE
getUserRewards ---> TOURGUIDESERVICE
getUserRewards ---> TOURGUIDESERVICE
getUserRewards ---> TOURGUIDESERVICE
getUserRewards ---> TOURGUIDESERVICE
getUserRewards ---> TOURGUIDESERVICE
getUserRewards ---> TOURGUIDESERVICE
getUserRewards ---> TOURGUIDESERVICE
getUserRewards ---> TOURGUIDESERVICE
getUserRewards ---> TOURGUIDESERVICE
getUserRewards ---> TOURGUIDESERVICE
getUserRewards ---> TOURGUIDESERVICE
getUserRewards ---> TOURGUIDESERVICE
getUserRewards ---> TOURGUIDESERVICE
getUserRewards ---> TOURGUIDESERVICE
getUserRewards ---> TOURGUIDESERVICE
getUserRewards ---> TOURGUIDESERVICE
getUserRewards ---> TOURGUIDESERVICE
getUserRewards ---> TOURGUIDESERVICE
getUserRewards ---> TOURGUIDESERVICE
getUserRewards ---> TOURGUIDESERVICE
getUserRewards ---> TOURGUIDESERVICE
getUserRewards ---> TOURGUIDESERVICE
getUserRewards ---> TOURGUIDESERVICE
getUserRewards ---> TOURGUIDESERVICE
getUserRewards ---> TOURGUIDESERVICE
getUserRewards ---> TOURGUIDESERVICE
getUserRewards ---> TOURGUIDESERVICE
getUserRewards ---> TOURGUIDESERVICE
getUserRewards ---> TOURGUIDESERVICE
getUserRewards ---> TOURGUIDESERVICE
getUserRewards ---> TOURGUIDESERVICE
getUserRewards ---> TOURGUIDESERVICE
getUserRewards ---> TOURGUIDESERVICE
getUserRewards ---> TOURGUIDESERVICE
getUserRewards ---> TOURGUIDESERVICE
getUserRewards ---> TOURGUIDESERVICE
getUserRewards ---> TOURGUIDESERVICE
getUserRewards ---> TOURGUIDESERVICE
getUserRewards ---> TOURGUIDESERVICE
getUserRewards ---> TOURGUIDESERVICE
getUserRewards ---> TOURGUIDESERVICE
getUserRewards ---> TOURGUIDESERVICE
getUserRewards ---> TOURGUIDESERVICE
getUserRewards ---> TOURGUIDESERVICE
getUserRewards ---> TOURGUIDESERVICE
getUserRewards ---> TOURGUIDESERVICE
getUserRewards ---> TOURGUIDESERVICE
getUserRewards ---> TOURGUIDESERVICE
getUserRewards ---> TOURGUIDESERVICE
getUserRewards ---> TOURGUIDESERVICE
getUserRewards ---> TOURGUIDESERVICE
getUserRewards ---> TOURGUIDESERVICE
getUserRewards ---> TOURGUIDESERVICE
getUserRewards ---> TOURGUIDESERVICE
getUserRewards ---> TOURGUIDESERVICE
getUserRewards ---> TOURGUIDESERVICE
getUserRewards ---> TOURGUIDESERVICE
getUserRewards ---> TOURGUIDESERVICE
getUserRewards ---> TOURGUIDESERVICE
getUserRewards ---> TOURGUIDESERVICE
getUserRewards ---> TOURGUIDESERVICE
getUserRewards ---> TOURGUIDESERVICE
getUserRewards ---> TOURGUIDESERVICE
getUserRewards ---> TOURGUIDESERVICE
getUserRewards ---> TOURGUIDESERVICE
getUserRewards ---> TOURGUIDESERVICE
getUserRewards ---> TOURGUIDESERVICE
getUserRewards ---> TOURGUIDESERVICE
getUserRewards ---> TOURGUIDESERVICE
getUserRewards ---> TOURGUIDESERVICE
getUserRewards ---> TOURGUIDESERVICE
getUserRewards ---> TOURGUIDESERVICE
getUserRewards ---> TOURGUIDESERVICE
getUserRewards ---> TOURGUIDESERVICE
getUserRewards ---> TOURGUIDESERVICE
getUserRewards ---> TOURGUIDESERVICE
getUserRewards ---> TOURGUIDESERVICE
getUserRewards ---> TOURGUIDESERVICE
getUserRewards ---> TOURGUIDESERVICE
getUserRewards ---> TOURGUIDESERVICE
getUserRewards ---> TOURGUIDESERVICE
getUserRewards ---> TOURGUIDESERVICE
getUserRewards ---> TOURGUIDESERVICE
getUserRewards ---> TOURGUIDESERVICE
getUserRewards ---> TOURGUIDESERVICE
getUserRewards ---> TOURGUIDESERVICE
getUserRewards ---> TOURGUIDESERVICE
getUserRewards ---> TOURGUIDESERVICE
getUserRewards ---> TOURGUIDESERVICE
getUserRewards ---> TOURGUIDESERVICE
getUserRewards ---> TOURGUIDESERVICE
getUserRewards ---> TOURGUIDESERVICE
getUserRewards ---> TOURGUIDESERVICE
getUserRewards ---> TOURGUIDESERVICE
getUserRewards ---> TOURGUIDESERVICE
getUserRewards ---> TOURGUIDESERVICE
getUserRewards ---> TOURGUIDESERVICE
getUserRewards ---> TOURGUIDESERVICE
getUserRewards ---> TOURGUIDESERVICE
getUserRewards ---> TOURGUIDESERVICE
getUserRewards ---> TOURGUIDESERVICE
getUserRewards ---> TOURGUIDESERVICE
getUserRewards ---> TOURGUIDESERVICE
getUserRewards ---> TOURGUIDESERVICE
getUserRewards ---> TOURGUIDESERVICE
getUserRewards ---> TOURGUIDESERVICE
getUserRewards ---> TOURGUIDESERVICE
getUserRewards ---> TOURGUIDESERVICE
getUserRewards ---> TOURGUIDESERVICE
getUserRewards ---> TOURGUIDESERVICE
getUserRewards ---> TOURGUIDESERVICE
getUserRewards ---> TOURGUIDESERVICE
getUserRewards ---> TOURGUIDESERVICE
getUserRewards ---> TOURGUIDESERVICE
getUserRewards ---> TOURGUIDESERVICE
getUserRewards ---> TOURGUIDESERVICE
getUserRewards ---> TOURGUIDESERVICE
getUserRewards ---> TOURGUIDESERVICE
getUserRewards ---> TOURGUIDESERVICE
getUserRewards ---> TOURGUIDESERVICE
getUserRewards ---> TOURGUIDESERVICE
getUserRewards ---> TOURGUIDESERVICE
getUserRewards ---> TOURGUIDESERVICE
getUserRewards ---> TOURGUIDESERVICE
getUserRewards ---> TOURGUIDESERVICE
getUserRewards ---> TOURGUIDESERVICE
getUserRewards ---> TOURGUIDESERVICE
getUserRewards ---> TOURGUIDESERVICE
getUserRewards ---> TOURGUIDESERVICE
getUserRewards ---> TOURGUIDESERVICE
getUserRewards ---> TOURGUIDESERVICE
getUserRewards ---> TOURGUIDESERVICE
getUserRewards ---> TOURGUIDESERVICE
getUserRewards ---> TOURGUIDESERVICE
getUserRewards ---> TOURGUIDESERVICE
getUserRewards ---> TOURGUIDESERVICE
getUserRewards ---> TOURGUIDESERVICE
getUserRewards ---> TOURGUIDESERVICE
getUserRewards ---> TOURGUIDESERVICE
getUserRewards ---> TOURGUIDESERVICE
getUserRewards ---> TOURGUIDESERVICE
getUserRewards ---> TOURGUIDESERVICE
getUserRewards ---> TOURGUIDESERVICE
getUserRewards ---> TOURGUIDESERVICE
getUserRewards ---> TOURGUIDESERVICE
getUserRewards ---> TOURGUIDESERVICE
getUserRewards ---> TOURGUIDESERVICE
getUserRewards ---> TOURGUIDESERVICE
getUserRewards ---> TOURGUIDESERVICE
getUserRewards ---> TOURGUIDESERVICE
getUserRewards ---> TOURGUIDESERVICE
getUserRewards ---> TOURGUIDESERVICE
getUserRewards ---> TOURGUIDESERVICE
getUserRewards ---> TOURGUIDESERVICE
getUserRewards ---> TOURGUIDESERVICE
getUserRewards ---> TOURGUIDESERVICE
getUserRewards ---> TOURGUIDESERVICE
getUserRewards ---> TOURGUIDESERVICE
getUserRewards ---> TOURGUIDESERVICE
getUserRewards ---> TOURGUIDESERVICE
getUserRewards ---> TOURGUIDESERVICE
getUserRewards ---> TOURGUIDESERVICE
getUserRewards ---> TOURGUIDESERVICE
getUserRewards ---> TOURGUIDESERVICE
getUserRewards ---> TOURGUIDESERVICE
getUserRewards ---> TOURGUIDESERVICE
getUserRewards ---> TOURGUIDESERVICE
getUserRewards ---> TOURGUIDESERVICE
getUserRewards ---> TOURGUIDESERVICE
getUserRewards ---> TOURGUIDESERVICE
getUserRewards ---> TOURGUIDESERVICE
getUserRewards ---> TOURGUIDESERVICE
getUserRewards ---> TOURGUIDESERVICE
getUserRewards ---> TOURGUIDESERVICE
getUserRewards ---> TOURGUIDESERVICE
getUserRewards ---> TOURGUIDESERVICE
getUserRewards ---> TOURGUIDESERVICE
getUserRewards ---> TOURGUIDESERVICE
getUserRewards ---> TOURGUIDESERVICE
getUserRewards ---> TOURGUIDESERVICE
getUserRewards ---> TOURGUIDESERVICE
getUserRewards ---> TOURGUIDESERVICE
getUserRewards ---> TOURGUIDESERVICE
getUserRewards ---> TOURGUIDESERVICE
getUserRewards ---> TOURGUIDESERVICE
getUserRewards ---> TOURGUIDESERVICE
getUserRewards ---> TOURGUIDESERVICE
getUserRewards ---> TOURGUIDESERVICE
getUserRewards ---> TOURGUIDESERVICE
getUserRewards ---> TOURGUIDESERVICE
getUserRewards ---> TOURGUIDESERVICE
getUserRewards ---> TOURGUIDESERVICE
getUserRewards ---> TOURGUIDESERVICE
getUserRewards ---> TOURGUIDESERVICE
getUserRewards ---> TOURGUIDESERVICE
getUserRewards ---> TOURGUIDESERVICE
getUserRewards ---> TOURGUIDESERVICE
getUserRewards ---> TOURGUIDESERVICE
getUserRewards ---> TOURGUIDESERVICE
getUserRewards ---> TOURGUIDESERVICE
getUserRewards ---> TOURGUIDESERVICE
getUserRewards ---> TOURGUIDESERVICE
getUserRewards ---> TOURGUIDESERVICE
getUserRewards ---> TOURGUIDESERVICE
getUserRewards ---> TOURGUIDESERVICE
getUserRewards ---> TOURGUIDESERVICE
getUserRewards ---> TOURGUIDESERVICE
getUserRewards ---> TOURGUIDESERVICE
getUserRewards ---> TOURGUIDESERVICE
getUserRewards ---> TOURGUIDESERVICE
getUserRewards ---> TOURGUIDESERVICE
getUserRewards ---> TOURGUIDESERVICE
getUserRewards ---> TOURGUIDESERVICE
getUserRewards ---> TOURGUIDESERVICE
getUserRewards ---> TOURGUIDESERVICE
getUserRewards ---> TOURGUIDESERVICE
getUserRewards ---> TOURGUIDESERVICE
getUserRewards ---> TOURGUIDESERVICE
getUserRewards ---> TOURGUIDESERVICE
getUserRewards ---> TOURGUIDESERVICE
getUserRewards ---> TOURGUIDESERVICE
getUserRewards ---> TOURGUIDESERVICE
getUserRewards ---> TOURGUIDESERVICE
getUserRewards ---> TOURGUIDESERVICE
getUserRewards ---> TOURGUIDESERVICE
getUserRewards ---> TOURGUIDESERVICE
getUserRewards ---> TOURGUIDESERVICE
getUserRewards ---> TOURGUIDESERVICE
getUserRewards ---> TOURGUIDESERVICE
getUserRewards ---> TOURGUIDESERVICE
getUserRewards ---> TOURGUIDESERVICE
getUserRewards ---> TOURGUIDESERVICE
getUserRewards ---> TOURGUIDESERVICE
getUserRewards ---> TOURGUIDESERVICE
getUserRewards ---> TOURGUIDESERVICE
getUserRewards ---> TOURGUIDESERVICE
getUserRewards ---> TOURGUIDESERVICE
getUserRewards ---> TOURGUIDESERVICE
getUserRewards ---> TOURGUIDESERVICE
getUserRewards ---> TOURGUIDESERVICE
getUserRewards ---> TOURGUIDESERVICE
getUserRewards ---> TOURGUIDESERVICE
getUserRewards ---> TOURGUIDESERVICE
getUserRewards ---> TOURGUIDESERVICE
getUserRewards ---> TOURGUIDESERVICE
getUserRewards ---> TOURGUIDESERVICE
getUserRewards ---> TOURGUIDESERVICE
getUserRewards ---> TOURGUIDESERVICE
getUserRewards ---> TOURGUIDESERVICE
getUserRewards ---> TOURGUIDESERVICE
getUserRewards ---> TOURGUIDESERVICE
getUserRewards ---> TOURGUIDESERVICE
getUserRewards ---> TOURGUIDESERVICE
getUserRewards ---> TOURGUIDESERVICE
getUserRewards ---> TOURGUIDESERVICE
getUserRewards ---> TOURGUIDESERVICE
getUserRewards ---> TOURGUIDESERVICE
getUserRewards ---> TOURGUIDESERVICE
getUserRewards ---> TOURGUIDESERVICE
getUserRewards ---> TOURGUIDESERVICE
getUserRewards ---> TOURGUIDESERVICE
getUserRewards ---> TOURGUIDESERVICE
getUserRewards ---> TOURGUIDESERVICE
getUserRewards ---> TOURGUIDESERVICE
getUserRewards ---> TOURGUIDESERVICE
getUserRewards ---> TOURGUIDESERVICE
getUserRewards ---> TOURGUIDESERVICE
getUserRewards ---> TOURGUIDESERVICE
getUserRewards ---> TOURGUIDESERVICE
getUserRewards ---> TOURGUIDESERVICE
getUserRewards ---> TOURGUIDESERVICE
getUserRewards ---> TOURGUIDESERVICE
getUserRewards ---> TOURGUIDESERVICE
getUserRewards ---> TOURGUIDESERVICE
getUserRewards ---> TOURGUIDESERVICE
getUserRewards ---> TOURGUIDESERVICE
getUserRewards ---> TOURGUIDESERVICE
getUserRewards ---> TOURGUIDESERVICE
getUserRewards ---> TOURGUIDESERVICE
getUserRewards ---> TOURGUIDESERVICE
getUserRewards ---> TOURGUIDESERVICE
getUserRewards ---> TOURGUIDESERVICE
getUserRewards ---> TOURGUIDESERVICE
getUserRewards ---> TOURGUIDESERVICE
getUserRewards ---> TOURGUIDESERVICE
getUserRewards ---> TOURGUIDESERVICE
getUserRewards ---> TOURGUIDESERVICE
getUserRewards ---> TOURGUIDESERVICE
getUserRewards ---> TOURGUIDESERVICE
getUserRewards ---> TOURGUIDESERVICE
getUserRewards ---> TOURGUIDESERVICE
getUserRewards ---> TOURGUIDESERVICE
getUserRewards ---> TOURGUIDESERVICE
getUserRewards ---> TOURGUIDESERVICE
getUserRewards ---> TOURGUIDESERVICE
getUserRewards ---> TOURGUIDESERVICE
getUserRewards ---> TOURGUIDESERVICE
getUserRewards ---> TOURGUIDESERVICE
getUserRewards ---> TOURGUIDESERVICE
getUserRewards ---> TOURGUIDESERVICE
getUserRewards ---> TOURGUIDESERVICE
getUserRewards ---> TOURGUIDESERVICE
getUserRewards ---> TOURGUIDESERVICE
getUserRewards ---> TOURGUIDESERVICE
getUserRewards ---> TOURGUIDESERVICE
getUserRewards ---> TOURGUIDESERVICE
getUserRewards ---> TOURGUIDESERVICE
getUserRewards ---> TOURGUIDESERVICE
getUserRewards ---> TOURGUIDESERVICE
getUserRewards ---> TOURGUIDESERVICE
getUserRewards ---> TOURGUIDESERVICE
getUserRewards ---> TOURGUIDESERVICE
getUserRewards ---> TOURGUIDESERVICE
getUserRewards ---> TOURGUIDESERVICE
getUserRewards ---> TOURGUIDESERVICE
getUserRewards ---> TOURGUIDESERVICE
getUserRewards ---> TOURGUIDESERVICE
getUserRewards ---> TOURGUIDESERVICE
getUserRewards ---> TOURGUIDESERVICE
getUserRewards ---> TOURGUIDESERVICE
getUserRewards ---> TOURGUIDESERVICE
getUserRewards ---> TOURGUIDESERVICE
getUserRewards ---> TOURGUIDESERVICE
getUserRewards ---> TOURGUIDESERVICE
getUserRewards ---> TOURGUIDESERVICE
getUserRewards ---> TOURGUIDESERVICE
getUserRewards ---> TOURGUIDESERVICE
getUserRewards ---> TOURGUIDESERVICE
getUserRewards ---> TOURGUIDESERVICE
getUserRewards ---> TOURGUIDESERVICE
getUserRewards ---> TOURGUIDESERVICE
getUserRewards ---> TOURGUIDESERVICE
getUserRewards ---> TOURGUIDESERVICE
getUserRewards ---> TOURGUIDESERVICE
getUserRewards ---> TOURGUIDESERVICE
getUserRewards ---> TOURGUIDESERVICE
getUserRewards ---> TOURGUIDESERVICE
getUserRewards ---> TOURGUIDESERVICE
getUserRewards ---> TOURGUIDESERVICE
getUserRewards ---> TOURGUIDESERVICE
getUserRewards ---> TOURGUIDESERVICE
getUserRewards ---> TOURGUIDESERVICE
getUserRewards ---> TOURGUIDESERVICE
getUserRewards ---> TOURGUIDESERVICE
getUserRewards ---> TOURGUIDESERVICE
getUserRewards ---> TOURGUIDESERVICE
getUserRewards ---> TOURGUIDESERVICE
getUserRewards ---> TOURGUIDESERVICE
getUserRewards ---> TOURGUIDESERVICE
getUserRewards ---> TOURGUIDESERVICE
getUserRewards ---> TOURGUIDESERVICE
getUserRewards ---> TOURGUIDESERVICE
getUserRewards ---> TOURGUIDESERVICE
getUserRewards ---> TOURGUIDESERVICE
getUserRewards ---> TOURGUIDESERVICE
getUserRewards ---> TOURGUIDESERVICE
getUserRewards ---> TOURGUIDESERVICE
getUserRewards ---> TOURGUIDESERVICE
getUserRewards ---> TOURGUIDESERVICE
getUserRewards ---> TOURGUIDESERVICE
getUserRewards ---> TOURGUIDESERVICE
getUserRewards ---> TOURGUIDESERVICE
getUserRewards ---> TOURGUIDESERVICE
getUserRewards ---> TOURGUIDESERVICE
getUserRewards ---> TOURGUIDESERVICE
getUserRewards ---> TOURGUIDESERVICE
getUserRewards ---> TOURGUIDESERVICE
getUserRewards ---> TOURGUIDESERVICE
getUserRewards ---> TOURGUIDESERVICE
getUserRewards ---> TOURGUIDESERVICE
getUserRewards ---> TOURGUIDESERVICE
getUserRewards ---> TOURGUIDESERVICE
getUserRewards ---> TOURGUIDESERVICE
getUserRewards ---> TOURGUIDESERVICE
getUserRewards ---> TOURGUIDESERVICE
getUserRewards ---> TOURGUIDESERVICE
getUserRewards ---> TOURGUIDESERVICE
getUserRewards ---> TOURGUIDESERVICE
getUserRewards ---> TOURGUIDESERVICE
getUserRewards ---> TOURGUIDESERVICE
getUserRewards ---> TOURGUIDESERVICE
getUserRewards ---> TOURGUIDESERVICE
getUserRewards ---> TOURGUIDESERVICE
getUserRewards ---> TOURGUIDESERVICE
getUserRewards ---> TOURGUIDESERVICE
getUserRewards ---> TOURGUIDESERVICE
getUserRewards ---> TOURGUIDESERVICE
getUserRewards ---> TOURGUIDESERVICE
getUserRewards ---> TOURGUIDESERVICE
getUserRewards ---> TOURGUIDESERVICE
getUserRewards ---> TOURGUIDESERVICE
getUserRewards ---> TOURGUIDESERVICE
getUserRewards ---> TOURGUIDESERVICE
getUserRewards ---> TOURGUIDESERVICE
getUserRewards ---> TOURGUIDESERVICE
getUserRewards ---> TOURGUIDESERVICE
getUserRewards ---> TOURGUIDESERVICE
getUserRewards ---> TOURGUIDESERVICE
getUserRewards ---> TOURGUIDESERVICE
getUserRewards ---> TOURGUIDESERVICE
getUserRewards ---> TOURGUIDESERVICE
getUserRewards ---> TOURGUIDESERVICE
getUserRewards ---> TOURGUIDESERVICE
getUserRewards ---> TOURGUIDESERVICE
getUserRewards ---> TOURGUIDESERVICE
getUserRewards ---> TOURGUIDESERVICE
getUserRewards ---> TOURGUIDESERVICE
getUserRewards ---> TOURGUIDESERVICE
getUserRewards ---> TOURGUIDESERVICE
getUserRewards ---> TOURGUIDESERVICE
getUserRewards ---> TOURGUIDESERVICE
getUserRewards ---> TOURGUIDESERVICE
getUserRewards ---> TOURGUIDESERVICE
getUserRewards ---> TOURGUIDESERVICE
getUserRewards ---> TOURGUIDESERVICE
getUserRewards ---> TOURGUIDESERVICE
getUserRewards ---> TOURGUIDESERVICE
getUserRewards ---> TOURGUIDESERVICE
getUserRewards ---> TOURGUIDESERVICE
getUserRewards ---> TOURGUIDESERVICE
getUserRewards ---> TOURGUIDESERVICE
getUserRewards ---> TOURGUIDESERVICE
getUserRewards ---> TOURGUIDESERVICE
getUserRewards ---> TOURGUIDESERVICE
getUserRewards ---> TOURGUIDESERVICE
getUserRewards ---> TOURGUIDESERVICE
getUserRewards ---> TOURGUIDESERVICE
getUserRewards ---> TOURGUIDESERVICE
getUserRewards ---> TOURGUIDESERVICE
getUserRewards ---> TOURGUIDESERVICE
getUserRewards ---> TOURGUIDESERVICE
getUserRewards ---> TOURGUIDESERVICE
getUserRewards ---> TOURGUIDESERVICE
getUserRewards ---> TOURGUIDESERVICE
getUserRewards ---> TOURGUIDESERVICE
getUserRewards ---> TOURGUIDESERVICE
getUserRewards ---> TOURGUIDESERVICE
getUserRewards ---> TOURGUIDESERVICE
getUserRewards ---> TOURGUIDESERVICE
getUserRewards ---> TOURGUIDESERVICE
getUserRewards ---> TOURGUIDESERVICE
getUserRewards ---> TOURGUIDESERVICE
getUserRewards ---> TOURGUIDESERVICE
getUserRewards ---> TOURGUIDESERVICE
getUserRewards ---> TOURGUIDESERVICE
getUserRewards ---> TOURGUIDESERVICE
getUserRewards ---> TOURGUIDESERVICE
getUserRewards ---> TOURGUIDESERVICE
getUserRewards ---> TOURGUIDESERVICE
getUserRewards ---> TOURGUIDESERVICE
getUserRewards ---> TOURGUIDESERVICE
getUserRewards ---> TOURGUIDESERVICE
getUserRewards ---> TOURGUIDESERVICE
getUserRewards ---> TOURGUIDESERVICE
getUserRewards ---> TOURGUIDESERVICE
getUserRewards ---> TOURGUIDESERVICE
getUserRewards ---> TOURGUIDESERVICE
getUserRewards ---> TOURGUIDESERVICE
getUserRewards ---> TOURGUIDESERVICE
getUserRewards ---> TOURGUIDESERVICE
getUserRewards ---> TOURGUIDESERVICE
getUserRewards ---> TOURGUIDESERVICE
getUserRewards ---> TOURGUIDESERVICE
getUserRewards ---> TOURGUIDESERVICE
getUserRewards ---> TOURGUIDESERVICE
getUserRewards ---> TOURGUIDESERVICE
getUserRewards ---> TOURGUIDESERVICE
getUserRewards ---> TOURGUIDESERVICE
getUserRewards ---> TOURGUIDESERVICE
getUserRewards ---> TOURGUIDESERVICE
getUserRewards ---> TOURGUIDESERVICE
getUserRewards ---> TOURGUIDESERVICE
getUserRewards ---> TOURGUIDESERVICE
getUserRewards ---> TOURGUIDESERVICE
getUserRewards ---> TOURGUIDESERVICE
getUserRewards ---> TOURGUIDESERVICE
getUserRewards ---> TOURGUIDESERVICE
getUserRewards ---> TOURGUIDESERVICE
getUserRewards ---> TOURGUIDESERVICE
getUserRewards ---> TOURGUIDESERVICE
getUserRewards ---> TOURGUIDESERVICE
getUserRewards ---> TOURGUIDESERVICE
getUserRewards ---> TOURGUIDESERVICE
getUserRewards ---> TOURGUIDESERVICE
getUserRewards ---> TOURGUIDESERVICE
getUserRewards ---> TOURGUIDESERVICE
getUserRewards ---> TOURGUIDESERVICE
getUserRewards ---> TOURGUIDESERVICE
getUserRewards ---> TOURGUIDESERVICE
getUserRewards ---> TOURGUIDESERVICE
getUserRewards ---> TOURGUIDESERVICE
getUserRewards ---> TOURGUIDESERVICE
getUserRewards ---> TOURGUIDESERVICE
getUserRewards ---> TOURGUIDESERVICE
getUserRewards ---> TOURGUIDESERVICE
getUserRewards ---> TOURGUIDESERVICE
getUserRewards ---> TOURGUIDESERVICE
getUserRewards ---> TOURGUIDESERVICE
getUserRewards ---> TOURGUIDESERVICE
getUserRewards ---> TOURGUIDESERVICE
getUserRewards ---> TOURGUIDESERVICE
getUserRewards ---> TOURGUIDESERVICE
getUserRewards ---> TOURGUIDESERVICE
getUserRewards ---> TOURGUIDESERVICE
getUserRewards ---> TOURGUIDESERVICE
getUserRewards ---> TOURGUIDESERVICE
getUserRewards ---> TOURGUIDESERVICE
getUserRewards ---> TOURGUIDESERVICE
getUserRewards ---> TOURGUIDESERVICE
getUserRewards ---> TOURGUIDESERVICE
getUserRewards ---> TOURGUIDESERVICE
getUserRewards ---> TOURGUIDESERVICE
getUserRewards ---> TOURGUIDESERVICE
getUserRewards ---> TOURGUIDESERVICE
getUserRewards ---> TOURGUIDESERVICE
getUserRewards ---> TOURGUIDESERVICE
getUserRewards ---> TOURGUIDESERVICE
getUserRewards ---> TOURGUIDESERVICE
getUserRewards ---> TOURGUIDESERVICE
getUserRewards ---> TOURGUIDESERVICE
getUserRewards ---> TOURGUIDESERVICE
getUserRewards ---> TOURGUIDESERVICE
getUserRewards ---> TOURGUIDESERVICE
getUserRewards ---> TOURGUIDESERVICE
getUserRewards ---> TOURGUIDESERVICE
getUserRewards ---> TOURGUIDESERVICE
getUserRewards ---> TOURGUIDESERVICE
getUserRewards ---> TOURGUIDESERVICE
getUserRewards ---> TOURGUIDESERVICE
getUserRewards ---> TOURGUIDESERVICE
getUserRewards ---> TOURGUIDESERVICE
getUserRewards ---> TOURGUIDESERVICE
getUserRewards ---> TOURGUIDESERVICE
getUserRewards ---> TOURGUIDESERVICE
getUserRewards ---> TOURGUIDESERVICE
getUserRewards ---> TOURGUIDESERVICE
getUserRewards ---> TOURGUIDESERVICE
getUserRewards ---> TOURGUIDESERVICE
getUserRewards ---> TOURGUIDESERVICE
getUserRewards ---> TOURGUIDESERVICE
getUserRewards ---> TOURGUIDESERVICE
getUserRewards ---> TOURGUIDESERVICE
getUserRewards ---> TOURGUIDESERVICE
getUserRewards ---> TOURGUIDESERVICE
getUserRewards ---> TOURGUIDESERVICE
getUserRewards ---> TOURGUIDESERVICE
getUserRewards ---> TOURGUIDESERVICE
getUserRewards ---> TOURGUIDESERVICE
getUserRewards ---> TOURGUIDESERVICE
getUserRewards ---> TOURGUIDESERVICE
getUserRewards ---> TOURGUIDESERVICE
getUserRewards ---> TOURGUIDESERVICE
getUserRewards ---> TOURGUIDESERVICE
getUserRewards ---> TOURGUIDESERVICE
getUserRewards ---> TOURGUIDESERVICE
getUserRewards ---> TOURGUIDESERVICE
getUserRewards ---> TOURGUIDESERVICE
getUserRewards ---> TOURGUIDESERVICE
getUserRewards ---> TOURGUIDESERVICE
getUserRewards ---> TOURGUIDESERVICE
getUserRewards ---> TOURGUIDESERVICE
getUserRewards ---> TOURGUIDESERVICE
getUserRewards ---> TOURGUIDESERVICE
getUserRewards ---> TOURGUIDESERVICE
getUserRewards ---> TOURGUIDESERVICE
getUserRewards ---> TOURGUIDESERVICE
getUserRewards ---> TOURGUIDESERVICE
getUserRewards ---> TOURGUIDESERVICE
getUserRewards ---> TOURGUIDESERVICE
getUserRewards ---> TOURGUIDESERVICE
getUserRewards ---> TOURGUIDESERVICE
getUserRewards ---> TOURGUIDESERVICE
getUserRewards ---> TOURGUIDESERVICE
getUserRewards ---> TOURGUIDESERVICE
getUserRewards ---> TOURGUIDESERVICE
getUserRewards ---> TOURGUIDESERVICE
getUserRewards ---> TOURGUIDESERVICE
getUserRewards ---> TOURGUIDESERVICE
getUserRewards ---> TOURGUIDESERVICE
getUserRewards ---> TOURGUIDESERVICE
getUserRewards ---> TOURGUIDESERVICE
getUserRewards ---> TOURGUIDESERVICE
getUserRewards ---> TOURGUIDESERVICE
getUserRewards ---> TOURGUIDESERVICE
getUserRewards ---> TOURGUIDESERVICE
getUserRewards ---> TOURGUIDESERVICE
getUserRewards ---> TOURGUIDESERVICE
getUserRewards ---> TOURGUIDESERVICE
getUserRewards ---> TOURGUIDESERVICE
getUserRewards ---> TOURGUIDESERVICE
getUserRewards ---> TOURGUIDESERVICE
getUserRewards ---> TOURGUIDESERVICE
getUserRewards ---> TOURGUIDESERVICE
getUserRewards ---> TOURGUIDESERVICE
getUserRewards ---> TOURGUIDESERVICE
getUserRewards ---> TOURGUIDESERVICE
getUserRewards ---> TOURGUIDESERVICE
getUserRewards ---> TOURGUIDESERVICE
getUserRewards ---> TOURGUIDESERVICE
getUserRewards ---> TOURGUIDESERVICE
getUserRewards ---> TOURGUIDESERVICE
getUserRewards ---> TOURGUIDESERVICE
getUserRewards ---> TOURGUIDESERVICE
getUserRewards ---> TOURGUIDESERVICE
getUserRewards ---> TOURGUIDESERVICE
getUserRewards ---> TOURGUIDESERVICE
getUserRewards ---> TOURGUIDESERVICE
getUserRewards ---> TOURGUIDESERVICE
getUserRewards ---> TOURGUIDESERVICE
getUserRewards ---> TOURGUIDESERVICE
getUserRewards ---> TOURGUIDESERVICE
getUserRewards ---> TOURGUIDESERVICE
getUserRewards ---> TOURGUIDESERVICE
getUserRewards ---> TOURGUIDESERVICE
getUserRewards ---> TOURGUIDESERVICE
getUserRewards ---> TOURGUIDESERVICE
getUserRewards ---> TOURGUIDESERVICE
getUserRewards ---> TOURGUIDESERVICE
getUserRewards ---> TOURGUIDESERVICE
getUserRewards ---> TOURGUIDESERVICE
getUserRewards ---> TOURGUIDESERVICE
getUserRewards ---> TOURGUIDESERVICE
getUserRewards ---> TOURGUIDESERVICE
getUserRewards ---> TOURGUIDESERVICE
getUserRewards ---> TOURGUIDESERVICE
getUserRewards ---> TOURGUIDESERVICE
getUserRewards ---> TOURGUIDESERVICE
getUserRewards ---> TOURGUIDESERVICE
getUserRewards ---> TOURGUIDESERVICE
getUserRewards ---> TOURGUIDESERVICE
getUserRewards ---> TOURGUIDESERVICE
getUserRewards ---> TOURGUIDESERVICE
getUserRewards ---> TOURGUIDESERVICE
getUserRewards ---> TOURGUIDESERVICE
getUserRewards ---> TOURGUIDESERVICE
getUserRewards ---> TOURGUIDESERVICE
getUserRewards ---> TOURGUIDESERVICE
getUserRewards ---> TOURGUIDESERVICE
getUserRewards ---> TOURGUIDESERVICE
getUserRewards ---> TOURGUIDESERVICE
getUserRewards ---> TOURGUIDESERVICE
getUserRewards ---> TOURGUIDESERVICE
getUserRewards ---> TOURGUIDESERVICE
getUserRewards ---> TOURGUIDESERVICE
getUserRewards ---> TOURGUIDESERVICE
getUserRewards ---> TOURGUIDESERVICE
getUserRewards ---> TOURGUIDESERVICE
getUserRewards ---> TOURGUIDESERVICE
getUserRewards ---> TOURGUIDESERVICE
getUserRewards ---> TOURGUIDESERVICE
getUserRewards ---> TOURGUIDESERVICE
getUserRewards ---> TOURGUIDESERVICE
getUserRewards ---> TOURGUIDESERVICE
getUserRewards ---> TOURGUIDESERVICE
getUserRewards ---> TOURGUIDESERVICE
getUserRewards ---> TOURGUIDESERVICE
getUserRewards ---> TOURGUIDESERVICE
getUserRewards ---> TOURGUIDESERVICE
getUserRewards ---> TOURGUIDESERVICE
getUserRewards ---> TOURGUIDESERVICE
getUserRewards ---> TOURGUIDESERVICE
getUserRewards ---> TOURGUIDESERVICE
getUserRewards ---> TOURGUIDESERVICE
getUserRewards ---> TOURGUIDESERVICE
getUserRewards ---> TOURGUIDESERVICE
getUserRewards ---> TOURGUIDESERVICE
getUserRewards ---> TOURGUIDESERVICE
getUserRewards ---> TOURGUIDESERVICE
getUserRewards ---> TOURGUIDESERVICE
getUserRewards ---> TOURGUIDESERVICE
getUserRewards ---> TOURGUIDESERVICE
getUserRewards ---> TOURGUIDESERVICE
getUserRewards ---> TOURGUIDESERVICE
getUserRewards ---> TOURGUIDESERVICE
getUserRewards ---> TOURGUIDESERVICE
getUserRewards ---> TOURGUIDESERVICE
getUserRewards ---> TOURGUIDESERVICE
getUserRewards ---> TOURGUIDESERVICE
getUserRewards ---> TOURGUIDESERVICE
getUserRewards ---> TOURGUIDESERVICE
getUserRewards ---> TOURGUIDESERVICE
getUserRewards ---> TOURGUIDESERVICE
getUserRewards ---> TOURGUIDESERVICE
getUserRewards ---> TOURGUIDESERVICE
getUserRewards ---> TOURGUIDESERVICE
getUserRewards ---> TOURGUIDESERVICE
getUserRewards ---> TOURGUIDESERVICE
getUserRewards ---> TOURGUIDESERVICE
getUserRewards ---> TOURGUIDESERVICE
getUserRewards ---> TOURGUIDESERVICE
getUserRewards ---> TOURGUIDESERVICE
getUserRewards ---> TOURGUIDESERVICE
getUserRewards ---> TOURGUIDESERVICE
getUserRewards ---> TOURGUIDESERVICE
getUserRewards ---> TOURGUIDESERVICE
getUserRewards ---> TOURGUIDESERVICE
getUserRewards ---> TOURGUIDESERVICE
getUserRewards ---> TOURGUIDESERVICE
getUserRewards ---> TOURGUIDESERVICE
getUserRewards ---> TOURGUIDESERVICE
getUserRewards ---> TOURGUIDESERVICE
getUserRewards ---> TOURGUIDESERVICE
getUserRewards ---> TOURGUIDESERVICE
getUserRewards ---> TOURGUIDESERVICE
getUserRewards ---> TOURGUIDESERVICE
getUserRewards ---> TOURGUIDESERVICE
getUserRewards ---> TOURGUIDESERVICE
getUserRewards ---> TOURGUIDESERVICE
getUserRewards ---> TOURGUIDESERVICE
getUserRewards ---> TOURGUIDESERVICE
getUserRewards ---> TOURGUIDESERVICE
getUserRewards ---> TOURGUIDESERVICE
getUserRewards ---> TOURGUIDESERVICE
getUserRewards ---> TOURGUIDESERVICE
getUserRewards ---> TOURGUIDESERVICE
getUserRewards ---> TOURGUIDESERVICE
getUserRewards ---> TOURGUIDESERVICE
getUserRewards ---> TOURGUIDESERVICE
getUserRewards ---> TOURGUIDESERVICE
getUserRewards ---> TOURGUIDESERVICE
getUserRewards ---> TOURGUIDESERVICE
getUserRewards ---> TOURGUIDESERVICE
getUserRewards ---> TOURGUIDESERVICE
getUserRewards ---> TOURGUIDESERVICE
getUserRewards ---> TOURGUIDESERVICE
getUserRewards ---> TOURGUIDESERVICE
getUserRewards ---> TOURGUIDESERVICE
getUserRewards ---> TOURGUIDESERVICE
getUserRewards ---> TOURGUIDESERVICE
getUserRewards ---> TOURGUIDESERVICE
getUserRewards ---> TOURGUIDESERVICE
getUserRewards ---> TOURGUIDESERVICE
getUserRewards ---> TOURGUIDESERVICE
getUserRewards ---> TOURGUIDESERVICE
getUserRewards ---> TOURGUIDESERVICE
getUserRewards ---> TOURGUIDESERVICE
getUserRewards ---> TOURGUIDESERVICE
getUserRewards ---> TOURGUIDESERVICE
getUserRewards ---> TOURGUIDESERVICE
getUserRewards ---> TOURGUIDESERVICE
getUserRewards ---> TOURGUIDESERVICE
getUserRewards ---> TOURGUIDESERVICE
getUserRewards ---> TOURGUIDESERVICE
getUserRewards ---> TOURGUIDESERVICE
getUserRewards ---> TOURGUIDESERVICE
getUserRewards ---> TOURGUIDESERVICE
getUserRewards ---> TOURGUIDESERVICE
getUserRewards ---> TOURGUIDESERVICE
getUserRewards ---> TOURGUIDESERVICE
getUserRewards ---> TOURGUIDESERVICE
getUserRewards ---> TOURGUIDESERVICE
getUserRewards ---> TOURGUIDESERVICE
getUserRewards ---> TOURGUIDESERVICE
getUserRewards ---> TOURGUIDESERVICE
getUserRewards ---> TOURGUIDESERVICE
getUserRewards ---> TOURGUIDESERVICE
getUserRewards ---> TOURGUIDESERVICE
getUserRewards ---> TOURGUIDESERVICE
getUserRewards ---> TOURGUIDESERVICE
getUserRewards ---> TOURGUIDESERVICE
getUserRewards ---> TOURGUIDESERVICE
getUserRewards ---> TOURGUIDESERVICE
getUserRewards ---> TOURGUIDESERVICE
getUserRewards ---> TOURGUIDESERVICE
getUserRewards ---> TOURGUIDESERVICE
getUserRewards ---> TOURGUIDESERVICE
getUserRewards ---> TOURGUIDESERVICE
getUserRewards ---> TOURGUIDESERVICE
getUserRewards ---> TOURGUIDESERVICE
getUserRewards ---> TOURGUIDESERVICE
getUserRewards ---> TOURGUIDESERVICE
getUserRewards ---> TOURGUIDESERVICE
getUserRewards ---> TOURGUIDESERVICE
getUserRewards ---> TOURGUIDESERVICE
getUserRewards ---> TOURGUIDESERVICE
getUserRewards ---> TOURGUIDESERVICE
getUserRewards ---> TOURGUIDESERVICE
getUserRewards ---> TOURGUIDESERVICE
getUserRewards ---> TOURGUIDESERVICE
getUserRewards ---> TOURGUIDESERVICE
getUserRewards ---> TOURGUIDESERVICE
getUserRewards ---> TOURGUIDESERVICE
getUserRewards ---> TOURGUIDESERVICE
getUserRewards ---> TOURGUIDESERVICE
getUserRewards ---> TOURGUIDESERVICE
getUserRewards ---> TOURGUIDESERVICE
getUserRewards ---> TOURGUIDESERVICE
getUserRewards ---> TOURGUIDESERVICE
getUserRewards ---> TOURGUIDESERVICE
getUserRewards ---> TOURGUIDESERVICE
getUserRewards ---> TOURGUIDESERVICE
getUserRewards ---> TOURGUIDESERVICE
getUserRewards ---> TOURGUIDESERVICE
getUserRewards ---> TOURGUIDESERVICE
getUserRewards ---> TOURGUIDESERVICE
getUserRewards ---> TOURGUIDESERVICE
getUserRewards ---> TOURGUIDESERVICE
getUserRewards ---> TOURGUIDESERVICE
getUserRewards ---> TOURGUIDESERVICE
getUserRewards ---> TOURGUIDESERVICE
getUserRewards ---> TOURGUIDESERVICE
getUserRewards ---> TOURGUIDESERVICE
getUserRewards ---> TOURGUIDESERVICE
getUserRewards ---> TOURGUIDESERVICE
getUserRewards ---> TOURGUIDESERVICE
getUserRewards ---> TOURGUIDESERVICE
getUserRewards ---> TOURGUIDESERVICE
getUserRewards ---> TOURGUIDESERVICE
getUserRewards ---> TOURGUIDESERVICE
getUserRewards ---> TOURGUIDESERVICE
getUserRewards ---> TOURGUIDESERVICE
getUserRewards ---> TOURGUIDESERVICE
getUserRewards ---> TOURGUIDESERVICE
getUserRewards ---> TOURGUIDESERVICE
getUserRewards ---> TOURGUIDESERVICE
getUserRewards ---> TOURGUIDESERVICE
getUserRewards ---> TOURGUIDESERVICE
getUserRewards ---> TOURGUIDESERVICE
getUserRewards ---> TOURGUIDESERVICE
getUserRewards ---> TOURGUIDESERVICE
getUserRewards ---> TOURGUIDESERVICE
getUserRewards ---> TOURGUIDESERVICE
getUserRewards ---> TOURGUIDESERVICE
getUserRewards ---> TOURGUIDESERVICE
getUserRewards ---> TOURGUIDESERVICE
getUserRewards ---> TOURGUIDESERVICE
getUserRewards ---> TOURGUIDESERVICE
getUserRewards ---> TOURGUIDESERVICE
getUserRewards ---> TOURGUIDESERVICE
getUserRewards ---> TOURGUIDESERVICE
getUserRewards ---> TOURGUIDESERVICE
getUserRewards ---> TOURGUIDESERVICE
getUserRewards ---> TOURGUIDESERVICE
getUserRewards ---> TOURGUIDESERVICE
getUserRewards ---> TOURGUIDESERVICE
getUserRewards ---> TOURGUIDESERVICE
getUserRewards ---> TOURGUIDESERVICE
getUserRewards ---> TOURGUIDESERVICE
getUserRewards ---> TOURGUIDESERVICE
getUserRewards ---> TOURGUIDESERVICE
getUserRewards ---> TOURGUIDESERVICE
getUserRewards ---> TOURGUIDESERVICE
getUserRewards ---> TOURGUIDESERVICE
getUserRewards ---> TOURGUIDESERVICE
getUserRewards ---> TOURGUIDESERVICE
getUserRewards ---> TOURGUIDESERVICE
getUserRewards ---> TOURGUIDESERVICE
getUserRewards ---> TOURGUIDESERVICE
getUserRewards ---> TOURGUIDESERVICE
getUserRewards ---> TOURGUIDESERVICE
getUserRewards ---> TOURGUIDESERVICE
getUserRewards ---> TOURGUIDESERVICE
getUserRewards ---> TOURGUIDESERVICE
getUserRewards ---> TOURGUIDESERVICE
getUserRewards ---> TOURGUIDESERVICE
getUserRewards ---> TOURGUIDESERVICE
getUserRewards ---> TOURGUIDESERVICE
getUserRewards ---> TOURGUIDESERVICE
getUserRewards ---> TOURGUIDESERVICE
getUserRewards ---> TOURGUIDESERVICE
getUserRewards ---> TOURGUIDESERVICE
getUserRewards ---> TOURGUIDESERVICE
getUserRewards ---> TOURGUIDESERVICE
getUserRewards ---> TOURGUIDESERVICE
getUserRewards ---> TOURGUIDESERVICE
getUserRewards ---> TOURGUIDESERVICE
getUserRewards ---> TOURGUIDESERVICE
getUserRewards ---> TOURGUIDESERVICE
getUserRewards ---> TOURGUIDESERVICE
getUserRewards ---> TOURGUIDESERVICE
getUserRewards ---> TOURGUIDESERVICE
getUserRewards ---> TOURGUIDESERVICE
getUserRewards ---> TOURGUIDESERVICE
getUserRewards ---> TOURGUIDESERVICE
getUserRewards ---> TOURGUIDESERVICE
getUserRewards ---> TOURGUIDESERVICE
getUserRewards ---> TOURGUIDESERVICE
getUserRewards ---> TOURGUIDESERVICE
getUserRewards ---> TOURGUIDESERVICE
getUserRewards ---> TOURGUIDESERVICE
getUserRewards ---> TOURGUIDESERVICE
getUserRewards ---> TOURGUIDESERVICE
getUserRewards ---> TOURGUIDESERVICE
getUserRewards ---> TOURGUIDESERVICE
getUserRewards ---> TOURGUIDESERVICE
getUserRewards ---> TOURGUIDESERVICE
getUserRewards ---> TOURGUIDESERVICE
getUserRewards ---> TOURGUIDESERVICE
getUserRewards ---> TOURGUIDESERVICE
getUserRewards ---> TOURGUIDESERVICE
getUserRewards ---> TOURGUIDESERVICE
getUserRewards ---> TOURGUIDESERVICE
getUserRewards ---> TOURGUIDESERVICE
getUserRewards ---> TOURGUIDESERVICE
getUserRewards ---> TOURGUIDESERVICE
getUserRewards ---> TOURGUIDESERVICE
getUserRewards ---> TOURGUIDESERVICE
getUserRewards ---> TOURGUIDESERVICE
getUserRewards ---> TOURGUIDESERVICE
getUserRewards ---> TOURGUIDESERVICE
getUserRewards ---> TOURGUIDESERVICE
getUserRewards ---> TOURGUIDESERVICE
getUserRewards ---> TOURGUIDESERVICE
getUserRewards ---> TOURGUIDESERVICE
getUserRewards ---> TOURGUIDESERVICE
getUserRewards ---> TOURGUIDESERVICE
getUserRewards ---> TOURGUIDESERVICE
getUserRewards ---> TOURGUIDESERVICE
getUserRewards ---> TOURGUIDESERVICE
getUserRewards ---> TOURGUIDESERVICE
getUserRewards ---> TOURGUIDESERVICE
getUserRewards ---> TOURGUIDESERVICE
getUserRewards ---> TOURGUIDESERVICE
getUserRewards ---> TOURGUIDESERVICE
getUserRewards ---> TOURGUIDESERVICE
getUserRewards ---> TOURGUIDESERVICE
getUserRewards ---> TOURGUIDESERVICE
getUserRewards ---> TOURGUIDESERVICE
getUserRewards ---> TOURGUIDESERVICE
getUserRewards ---> TOURGUIDESERVICE
getUserRewards ---> TOURGUIDESERVICE
getUserRewards ---> TOURGUIDESERVICE
getUserRewards ---> TOURGUIDESERVICE
getUserRewards ---> TOURGUIDESERVICE
getUserRewards ---> TOURGUIDESERVICE
getUserRewards ---> TOURGUIDESERVICE
getUserRewards ---> TOURGUIDESERVICE
getUserRewards ---> TOURGUIDESERVICE
getUserRewards ---> TOURGUIDESERVICE
getUserRewards ---> TOURGUIDESERVICE
getUserRewards ---> TOURGUIDESERVICE
getUserRewards ---> TOURGUIDESERVICE
getUserRewards ---> TOURGUIDESERVICE
getUserRewards ---> TOURGUIDESERVICE
getUserRewards ---> TOURGUIDESERVICE
getUserRewards ---> TOURGUIDESERVICE
getUserRewards ---> TOURGUIDESERVICE
getUserRewards ---> TOURGUIDESERVICE
getUserRewards ---> TOURGUIDESERVICE
getUserRewards ---> TOURGUIDESERVICE
getUserRewards ---> TOURGUIDESERVICE
getUserRewards ---> TOURGUIDESERVICE
getUserRewards ---> TOURGUIDESERVICE
getUserRewards ---> TOURGUIDESERVICE
getUserRewards ---> TOURGUIDESERVICE
getUserRewards ---> TOURGUIDESERVICE
getUserRewards ---> TOURGUIDESERVICE
getUserRewards ---> TOURGUIDESERVICE
getUserRewards ---> TOURGUIDESERVICE
getUserRewards ---> TOURGUIDESERVICE
getUserRewards ---> TOURGUIDESERVICE
getUserRewards ---> TOURGUIDESERVICE
getUserRewards ---> TOURGUIDESERVICE
getUserRewards ---> TOURGUIDESERVICE
getUserRewards ---> TOURGUIDESERVICE
getUserRewards ---> TOURGUIDESERVICE
getUserRewards ---> TOURGUIDESERVICE
getUserRewards ---> TOURGUIDESERVICE
getUserRewards ---> TOURGUIDESERVICE
getUserRewards ---> TOURGUIDESERVICE
getUserRewards ---> TOURGUIDESERVICE
getUserRewards ---> TOURGUIDESERVICE
getUserRewards ---> TOURGUIDESERVICE
getUserRewards ---> TOURGUIDESERVICE
getUserRewards ---> TOURGUIDESERVICE
getUserRewards ---> TOURGUIDESERVICE
getUserRewards ---> TOURGUIDESERVICE
getUserRewards ---> TOURGUIDESERVICE
getUserRewards ---> TOURGUIDESERVICE
getUserRewards ---> TOURGUIDESERVICE
getUserRewards ---> TOURGUIDESERVICE
getUserRewards ---> TOURGUIDESERVICE
getUserRewards ---> TOURGUIDESERVICE
getUserRewards ---> TOURGUIDESERVICE
getUserRewards ---> TOURGUIDESERVICE
getUserRewards ---> TOURGUIDESERVICE
getUserRewards ---> TOURGUIDESERVICE
getUserRewards ---> TOURGUIDESERVICE
getUserRewards ---> TOURGUIDESERVICE
getUserRewards ---> TOURGUIDESERVICE
getUserRewards ---> TOURGUIDESERVICE
getUserRewards ---> TOURGUIDESERVICE
getUserRewards ---> TOURGUIDESERVICE
getUserRewards ---> TOURGUIDESERVICE
getUserRewards ---> TOURGUIDESERVICE
getUserRewards ---> TOURGUIDESERVICE
getUserRewards ---> TOURGUIDESERVICE
getUserRewards ---> TOURGUIDESERVICE
getUserRewards ---> TOURGUIDESERVICE
getUserRewards ---> TOURGUIDESERVICE
getUserRewards ---> TOURGUIDESERVICE
getUserRewards ---> TOURGUIDESERVICE
getUserRewards ---> TOURGUIDESERVICE
getUserRewards ---> TOURGUIDESERVICE
getUserRewards ---> TOURGUIDESERVICE
getUserRewards ---> TOURGUIDESERVICE
getUserRewards ---> TOURGUIDESERVICE
getUserRewards ---> TOURGUIDESERVICE
getUserRewards ---> TOURGUIDESERVICE
getUserRewards ---> TOURGUIDESERVICE
getUserRewards ---> TOURGUIDESERVICE
getUserRewards ---> TOURGUIDESERVICE
getUserRewards ---> TOURGUIDESERVICE
getUserRewards ---> TOURGUIDESERVICE
getUserRewards ---> TOURGUIDESERVICE
getUserRewards ---> TOURGUIDESERVICE
getUserRewards ---> TOURGUIDESERVICE
getUserRewards ---> TOURGUIDESERVICE
getUserRewards ---> TOURGUIDESERVICE
getUserRewards ---> TOURGUIDESERVICE
getUserRewards ---> TOURGUIDESERVICE
getUserRewards ---> TOURGUIDESERVICE
getUserRewards ---> TOURGUIDESERVICE
getUserRewards ---> TOURGUIDESERVICE
getUserRewards ---> TOURGUIDESERVICE
getUserRewards ---> TOURGUIDESERVICE
getUserRewards ---> TOURGUIDESERVICE
getUserRewards ---> TOURGUIDESERVICE
getUserRewards ---> TOURGUIDESERVICE
getUserRewards ---> TOURGUIDESERVICE
getUserRewards ---> TOURGUIDESERVICE
getUserRewards ---> TOURGUIDESERVICE
getUserRewards ---> TOURGUIDESERVICE
getUserRewards ---> TOURGUIDESERVICE
getUserRewards ---> TOURGUIDESERVICE
getUserRewards ---> TOURGUIDESERVICE
getUserRewards ---> TOURGUIDESERVICE
getUserRewards ---> TOURGUIDESERVICE
getUserRewards ---> TOURGUIDESERVICE
getUserRewards ---> TOURGUIDESERVICE
getUserRewards ---> TOURGUIDESERVICE
getUserRewards ---> TOURGUIDESERVICE
getUserRewards ---> TOURGUIDESERVICE
getUserRewards ---> TOURGUIDESERVICE
getUserRewards ---> TOURGUIDESERVICE
getUserRewards ---> TOURGUIDESERVICE
getUserRewards ---> TOURGUIDESERVICE
getUserRewards ---> TOURGUIDESERVICE
getUserRewards ---> TOURGUIDESERVICE
getUserRewards ---> TOURGUIDESERVICE
getUserRewards ---> TOURGUIDESERVICE
getUserRewards ---> TOURGUIDESERVICE
getUserRewards ---> TOURGUIDESERVICE
getUserRewards ---> TOURGUIDESERVICE
getUserRewards ---> TOURGUIDESERVICE
getUserRewards ---> TOURGUIDESERVICE
getUserRewards ---> TOURGUIDESERVICE
getUserRewards ---> TOURGUIDESERVICE
getUserRewards ---> TOURGUIDESERVICE
getUserRewards ---> TOURGUIDESERVICE
getUserRewards ---> TOURGUIDESERVICE
getUserRewards ---> TOURGUIDESERVICE
getUserRewards ---> TOURGUIDESERVICE
getUserRewards ---> TOURGUIDESERVICE
getUserRewards ---> TOURGUIDESERVICE
getUserRewards ---> TOURGUIDESERVICE
getUserRewards ---> TOURGUIDESERVICE
getUserRewards ---> TOURGUIDESERVICE
getUserRewards ---> TOURGUIDESERVICE
getUserRewards ---> TOURGUIDESERVICE
getUserRewards ---> TOURGUIDESERVICE
getUserRewards ---> TOURGUIDESERVICE
getUserRewards ---> TOURGUIDESERVICE
getUserRewards ---> TOURGUIDESERVICE
getUserRewards ---> TOURGUIDESERVICE
getUserRewards ---> TOURGUIDESERVICE
getUserRewards ---> TOURGUIDESERVICE
getUserRewards ---> TOURGUIDESERVICE
getUserRewards ---> TOURGUIDESERVICE
getUserRewards ---> TOURGUIDESERVICE
getUserRewards ---> TOURGUIDESERVICE
getUserRewards ---> TOURGUIDESERVICE
getUserRewards ---> TOURGUIDESERVICE
getUserRewards ---> TOURGUIDESERVICE
getUserRewards ---> TOURGUIDESERVICE
getUserRewards ---> TOURGUIDESERVICE
getUserRewards ---> TOURGUIDESERVICE
getUserRewards ---> TOURGUIDESERVICE
getUserRewards ---> TOURGUIDESERVICE
getUserRewards ---> TOURGUIDESERVICE
getUserRewards ---> TOURGUIDESERVICE
getUserRewards ---> TOURGUIDESERVICE
getUserRewards ---> TOURGUIDESERVICE
getUserRewards ---> TOURGUIDESERVICE
getUserRewards ---> TOURGUIDESERVICE
getUserRewards ---> TOURGUIDESERVICE
getUserRewards ---> TOURGUIDESERVICE
getUserRewards ---> TOURGUIDESERVICE
getUserRewards ---> TOURGUIDESERVICE
getUserRewards ---> TOURGUIDESERVICE
getUserRewards ---> TOURGUIDESERVICE
getUserRewards ---> TOURGUIDESERVICE
getUserRewards ---> TOURGUIDESERVICE
getUserRewards ---> TOURGUIDESERVICE
getUserRewards ---> TOURGUIDESERVICE
getUserRewards ---> TOURGUIDESERVICE
getUserRewards ---> TOURGUIDESERVICE
getUserRewards ---> TOURGUIDESERVICE
getUserRewards ---> TOURGUIDESERVICE
getUserRewards ---> TOURGUIDESERVICE
getUserRewards ---> TOURGUIDESERVICE
getUserRewards ---> TOURGUIDESERVICE
getUserRewards ---> TOURGUIDESERVICE
getUserRewards ---> TOURGUIDESERVICE
getUserRewards ---> TOURGUIDESERVICE
getUserRewards ---> TOURGUIDESERVICE
getUserRewards ---> TOURGUIDESERVICE
getUserRewards ---> TOURGUIDESERVICE
getUserRewards ---> TOURGUIDESERVICE
getUserRewards ---> TOURGUIDESERVICE
getUserRewards ---> TOURGUIDESERVICE
getUserRewards ---> TOURGUIDESERVICE
getUserRewards ---> TOURGUIDESERVICE
getUserRewards ---> TOURGUIDESERVICE
getUserRewards ---> TOURGUIDESERVICE
getUserRewards ---> TOURGUIDESERVICE
getUserRewards ---> TOURGUIDESERVICE
getUserRewards ---> TOURGUIDESERVICE
getUserRewards ---> TOURGUIDESERVICE
getUserRewards ---> TOURGUIDESERVICE
getUserRewards ---> TOURGUIDESERVICE
getUserRewards ---> TOURGUIDESERVICE
getUserRewards ---> TOURGUIDESERVICE
getUserRewards ---> TOURGUIDESERVICE
getUserRewards ---> TOURGUIDESERVICE
getUserRewards ---> TOURGUIDESERVICE
getUserRewards ---> TOURGUIDESERVICE
getUserRewards ---> TOURGUIDESERVICE
getUserRewards ---> TOURGUIDESERVICE
getUserRewards ---> TOURGUIDESERVICE
getUserRewards ---> TOURGUIDESERVICE
getUserRewards ---> TOURGUIDESERVICE
getUserRewards ---> TOURGUIDESERVICE
getUserRewards ---> TOURGUIDESERVICE
getUserRewards ---> TOURGUIDESERVICE
getUserRewards ---> TOURGUIDESERVICE
getUserRewards ---> TOURGUIDESERVICE
getUserRewards ---> TOURGUIDESERVICE
getUserRewards ---> TOURGUIDESERVICE
getUserRewards ---> TOURGUIDESERVICE
getUserRewards ---> TOURGUIDESERVICE
getUserRewards ---> TOURGUIDESERVICE
getUserRewards ---> TOURGUIDESERVICE
getUserRewards ---> TOURGUIDESERVICE
getUserRewards ---> TOURGUIDESERVICE
getUserRewards ---> TOURGUIDESERVICE
getUserRewards ---> TOURGUIDESERVICE
getUserRewards ---> TOURGUIDESERVICE
getUserRewards ---> TOURGUIDESERVICE
getUserRewards ---> TOURGUIDESERVICE
getUserRewards ---> TOURGUIDESERVICE
getUserRewards ---> TOURGUIDESERVICE
getUserRewards ---> TOURGUIDESERVICE
getUserRewards ---> TOURGUIDESERVICE
getUserRewards ---> TOURGUIDESERVICE
getUserRewards ---> TOURGUIDESERVICE
getUserRewards ---> TOURGUIDESERVICE
getUserRewards ---> TOURGUIDESERVICE
getUserRewards ---> TOURGUIDESERVICE
getUserRewards ---> TOURGUIDESERVICE
getUserRewards ---> TOURGUIDESERVICE
getUserRewards ---> TOURGUIDESERVICE
getUserRewards ---> TOURGUIDESERVICE
getUserRewards ---> TOURGUIDESERVICE
getUserRewards ---> TOURGUIDESERVICE
getUserRewards ---> TOURGUIDESERVICE
getUserRewards ---> TOURGUIDESERVICE
getUserRewards ---> TOURGUIDESERVICE
getUserRewards ---> TOURGUIDESERVICE
getUserRewards ---> TOURGUIDESERVICE
getUserRewards ---> TOURGUIDESERVICE
getUserRewards ---> TOURGUIDESERVICE
getUserRewards ---> TOURGUIDESERVICE
getUserRewards ---> TOURGUIDESERVICE
getUserRewards ---> TOURGUIDESERVICE
getUserRewards ---> TOURGUIDESERVICE
getUserRewards ---> TOURGUIDESERVICE
getUserRewards ---> TOURGUIDESERVICE
getUserRewards ---> TOURGUIDESERVICE
getUserRewards ---> TOURGUIDESERVICE
getUserRewards ---> TOURGUIDESERVICE
getUserRewards ---> TOURGUIDESERVICE
getUserRewards ---> TOURGUIDESERVICE
getUserRewards ---> TOURGUIDESERVICE
getUserRewards ---> TOURGUIDESERVICE
getUserRewards ---> TOURGUIDESERVICE
getUserRewards ---> TOURGUIDESERVICE
getUserRewards ---> TOURGUIDESERVICE
getUserRewards ---> TOURGUIDESERVICE
getUserRewards ---> TOURGUIDESERVICE
getUserRewards ---> TOURGUIDESERVICE
getUserRewards ---> TOURGUIDESERVICE
getUserRewards ---> TOURGUIDESERVICE
getUserRewards ---> TOURGUIDESERVICE
getUserRewards ---> TOURGUIDESERVICE
getUserRewards ---> TOURGUIDESERVICE
getUserRewards ---> TOURGUIDESERVICE
getUserRewards ---> TOURGUIDESERVICE
getUserRewards ---> TOURGUIDESERVICE
getUserRewards ---> TOURGUIDESERVICE
getUserRewards ---> TOURGUIDESERVICE
getUserRewards ---> TOURGUIDESERVICE
getUserRewards ---> TOURGUIDESERVICE
getUserRewards ---> TOURGUIDESERVICE
getUserRewards ---> TOURGUIDESERVICE
getUserRewards ---> TOURGUIDESERVICE
getUserRewards ---> TOURGUIDESERVICE
getUserRewards ---> TOURGUIDESERVICE
getUserRewards ---> TOURGUIDESERVICE
getUserRewards ---> TOURGUIDESERVICE
getUserRewards ---> TOURGUIDESERVICE
getUserRewards ---> TOURGUIDESERVICE
getUserRewards ---> TOURGUIDESERVICE
getUserRewards ---> TOURGUIDESERVICE
getUserRewards ---> TOURGUIDESERVICE
getUserRewards ---> TOURGUIDESERVICE
getUserRewards ---> TOURGUIDESERVICE
getUserRewards ---> TOURGUIDESERVICE
getUserRewards ---> TOURGUIDESERVICE
getUserRewards ---> TOURGUIDESERVICE
getUserRewards ---> TOURGUIDESERVICE
getUserRewards ---> TOURGUIDESERVICE
getUserRewards ---> TOURGUIDESERVICE
getUserRewards ---> TOURGUIDESERVICE
getUserRewards ---> TOURGUIDESERVICE
getUserRewards ---> TOURGUIDESERVICE
getUserRewards ---> TOURGUIDESERVICE
getUserRewards ---> TOURGUIDESERVICE
getUserRewards ---> TOURGUIDESERVICE
getUserRewards ---> TOURGUIDESERVICE
getUserRewards ---> TOURGUIDESERVICE
getUserRewards ---> TOURGUIDESERVICE
getUserRewards ---> TOURGUIDESERVICE
getUserRewards ---> TOURGUIDESERVICE
getUserRewards ---> TOURGUIDESERVICE
getUserRewards ---> TOURGUIDESERVICE
getUserRewards ---> TOURGUIDESERVICE
getUserRewards ---> TOURGUIDESERVICE
getUserRewards ---> TOURGUIDESERVICE
getUserRewards ---> TOURGUIDESERVICE
getUserRewards ---> TOURGUIDESERVICE
getUserRewards ---> TOURGUIDESERVICE
getUserRewards ---> TOURGUIDESERVICE
getUserRewards ---> TOURGUIDESERVICE
getUserRewards ---> TOURGUIDESERVICE
getUserRewards ---> TOURGUIDESERVICE
getUserRewards ---> TOURGUIDESERVICE
getUserRewards ---> TOURGUIDESERVICE
getUserRewards ---> TOURGUIDESERVICE
getUserRewards ---> TOURGUIDESERVICE
getUserRewards ---> TOURGUIDESERVICE
getUserRewards ---> TOURGUIDESERVICE
getUserRewards ---> TOURGUIDESERVICE
getUserRewards ---> TOURGUIDESERVICE
getUserRewards ---> TOURGUIDESERVICE
getUserRewards ---> TOURGUIDESERVICE
getUserRewards ---> TOURGUIDESERVICE
getUserRewards ---> TOURGUIDESERVICE
getUserRewards ---> TOURGUIDESERVICE
getUserRewards ---> TOURGUIDESERVICE
getUserRewards ---> TOURGUIDESERVICE
getUserRewards ---> TOURGUIDESERVICE
getUserRewards ---> TOURGUIDESERVICE
getUserRewards ---> TOURGUIDESERVICE
getUserRewards ---> TOURGUIDESERVICE
getUserRewards ---> TOURGUIDESERVICE
getUserRewards ---> TOURGUIDESERVICE
getUserRewards ---> TOURGUIDESERVICE
getUserRewards ---> TOURGUIDESERVICE
getUserRewards ---> TOURGUIDESERVICE
getUserRewards ---> TOURGUIDESERVICE
getUserRewards ---> TOURGUIDESERVICE
getUserRewards ---> TOURGUIDESERVICE
getUserRewards ---> TOURGUIDESERVICE
getUserRewards ---> TOURGUIDESERVICE
getUserRewards ---> TOURGUIDESERVICE
getUserRewards ---> TOURGUIDESERVICE
getUserRewards ---> TOURGUIDESERVICE
getUserRewards ---> TOURGUIDESERVICE
getUserRewards ---> TOURGUIDESERVICE
getUserRewards ---> TOURGUIDESERVICE
getUserRewards ---> TOURGUIDESERVICE
getUserRewards ---> TOURGUIDESERVICE
getUserRewards ---> TOURGUIDESERVICE
getUserRewards ---> TOURGUIDESERVICE
getUserRewards ---> TOURGUIDESERVICE
getUserRewards ---> TOURGUIDESERVICE
getUserRewards ---> TOURGUIDESERVICE
getUserRewards ---> TOURGUIDESERVICE
getUserRewards ---> TOURGUIDESERVICE
getUserRewards ---> TOURGUIDESERVICE
getUserRewards ---> TOURGUIDESERVICE
getUserRewards ---> TOURGUIDESERVICE
getUserRewards ---> TOURGUIDESERVICE
getUserRewards ---> TOURGUIDESERVICE
getUserRewards ---> TOURGUIDESERVICE
getUserRewards ---> TOURGUIDESERVICE
getUserRewards ---> TOURGUIDESERVICE
getUserRewards ---> TOURGUIDESERVICE
getUserRewards ---> TOURGUIDESERVICE
getUserRewards ---> TOURGUIDESERVICE
getUserRewards ---> TOURGUIDESERVICE
getUserRewards ---> TOURGUIDESERVICE
getUserRewards ---> TOURGUIDESERVICE
getUserRewards ---> TOURGUIDESERVICE
getUserRewards ---> TOURGUIDESERVICE
getUserRewards ---> TOURGUIDESERVICE
getUserRewards ---> TOURGUIDESERVICE
getUserRewards ---> TOURGUIDESERVICE
getUserRewards ---> TOURGUIDESERVICE
getUserRewards ---> TOURGUIDESERVICE
getUserRewards ---> TOURGUIDESERVICE
getUserRewards ---> TOURGUIDESERVICE
getUserRewards ---> TOURGUIDESERVICE
getUserRewards ---> TOURGUIDESERVICE
getUserRewards ---> TOURGUIDESERVICE
getUserRewards ---> TOURGUIDESERVICE
getUserRewards ---> TOURGUIDESERVICE
getUserRewards ---> TOURGUIDESERVICE
getUserRewards ---> TOURGUIDESERVICE
getUserRewards ---> TOURGUIDESERVICE
getUserRewards ---> TOURGUIDESERVICE
getUserRewards ---> TOURGUIDESERVICE
getUserRewards ---> TOURGUIDESERVICE
getUserRewards ---> TOURGUIDESERVICE
getUserRewards ---> TOURGUIDESERVICE
getUserRewards ---> TOURGUIDESERVICE
getUserRewards ---> TOURGUIDESERVICE
getUserRewards ---> TOURGUIDESERVICE
getUserRewards ---> TOURGUIDESERVICE
getUserRewards ---> TOURGUIDESERVICE
getUserRewards ---> TOURGUIDESERVICE
getUserRewards ---> TOURGUIDESERVICE
getUserRewards ---> TOURGUIDESERVICE
getUserRewards ---> TOURGUIDESERVICE
getUserRewards ---> TOURGUIDESERVICE
getUserRewards ---> TOURGUIDESERVICE
getUserRewards ---> TOURGUIDESERVICE
getUserRewards ---> TOURGUIDESERVICE
getUserRewards ---> TOURGUIDESERVICE
getUserRewards ---> TOURGUIDESERVICE
getUserRewards ---> TOURGUIDESERVICE
getUserRewards ---> TOURGUIDESERVICE
getUserRewards ---> TOURGUIDESERVICE
getUserRewards ---> TOURGUIDESERVICE
getUserRewards ---> TOURGUIDESERVICE
getUserRewards ---> TOURGUIDESERVICE
getUserRewards ---> TOURGUIDESERVICE
getUserRewards ---> TOURGUIDESERVICE
getUserRewards ---> TOURGUIDESERVICE
getUserRewards ---> TOURGUIDESERVICE
getUserRewards ---> TOURGUIDESERVICE
getUserRewards ---> TOURGUIDESERVICE
getUserRewards ---> TOURGUIDESERVICE
getUserRewards ---> TOURGUIDESERVICE
getUserRewards ---> TOURGUIDESERVICE
getUserRewards ---> TOURGUIDESERVICE
getUserRewards ---> TOURGUIDESERVICE
getUserRewards ---> TOURGUIDESERVICE
getUserRewards ---> TOURGUIDESERVICE
getUserRewards ---> TOURGUIDESERVICE
getUserRewards ---> TOURGUIDESERVICE
getUserRewards ---> TOURGUIDESERVICE
getUserRewards ---> TOURGUIDESERVICE
getUserRewards ---> TOURGUIDESERVICE
getUserRewards ---> TOURGUIDESERVICE
getUserRewards ---> TOURGUIDESERVICE
getUserRewards ---> TOURGUIDESERVICE
getUserRewards ---> TOURGUIDESERVICE
getUserRewards ---> TOURGUIDESERVICE
getUserRewards ---> TOURGUIDESERVICE
getUserRewards ---> TOURGUIDESERVICE
getUserRewards ---> TOURGUIDESERVICE
getUserRewards ---> TOURGUIDESERVICE
getUserRewards ---> TOURGUIDESERVICE
getUserRewards ---> TOURGUIDESERVICE
getUserRewards ---> TOURGUIDESERVICE
getUserRewards ---> TOURGUIDESERVICE
getUserRewards ---> TOURGUIDESERVICE
getUserRewards ---> TOURGUIDESERVICE
getUserRewards ---> TOURGUIDESERVICE
getUserRewards ---> TOURGUIDESERVICE
getUserRewards ---> TOURGUIDESERVICE
getUserRewards ---> TOURGUIDESERVICE
getUserRewards ---> TOURGUIDESERVICE
getUserRewards ---> TOURGUIDESERVICE
getUserRewards ---> TOURGUIDESERVICE
getUserRewards ---> TOURGUIDESERVICE
getUserRewards ---> TOURGUIDESERVICE
getUserRewards ---> TOURGUIDESERVICE
getUserRewards ---> TOURGUIDESERVICE
getUserRewards ---> TOURGUIDESERVICE
getUserRewards ---> TOURGUIDESERVICE
getUserRewards ---> TOURGUIDESERVICE
getUserRewards ---> TOURGUIDESERVICE
getUserRewards ---> TOURGUIDESERVICE
getUserRewards ---> TOURGUIDESERVICE
getUserRewards ---> TOURGUIDESERVICE
getUserRewards ---> TOURGUIDESERVICE
getUserRewards ---> TOURGUIDESERVICE
getUserRewards ---> TOURGUIDESERVICE
getUserRewards ---> TOURGUIDESERVICE
getUserRewards ---> TOURGUIDESERVICE
getUserRewards ---> TOURGUIDESERVICE
getUserRewards ---> TOURGUIDESERVICE
getUserRewards ---> TOURGUIDESERVICE
getUserRewards ---> TOURGUIDESERVICE
getUserRewards ---> TOURGUIDESERVICE
getUserRewards ---> TOURGUIDESERVICE
getUserRewards ---> TOURGUIDESERVICE
getUserRewards ---> TOURGUIDESERVICE
getUserRewards ---> TOURGUIDESERVICE
getUserRewards ---> TOURGUIDESERVICE
getUserRewards ---> TOURGUIDESERVICE
getUserRewards ---> TOURGUIDESERVICE
getUserRewards ---> TOURGUIDESERVICE
getUserRewards ---> TOURGUIDESERVICE
getUserRewards ---> TOURGUIDESERVICE
getUserRewards ---> TOURGUIDESERVICE
getUserRewards ---> TOURGUIDESERVICE
getUserRewards ---> TOURGUIDESERVICE
getUserRewards ---> TOURGUIDESERVICE
getUserRewards ---> TOURGUIDESERVICE
getUserRewards ---> TOURGUIDESERVICE
getUserRewards ---> TOURGUIDESERVICE
getUserRewards ---> TOURGUIDESERVICE
getUserRewards ---> TOURGUIDESERVICE
getUserRewards ---> TOURGUIDESERVICE
getUserRewards ---> TOURGUIDESERVICE
getUserRewards ---> TOURGUIDESERVICE
getUserRewards ---> TOURGUIDESERVICE
getUserRewards ---> TOURGUIDESERVICE
getUserRewards ---> TOURGUIDESERVICE
getUserRewards ---> TOURGUIDESERVICE
getUserRewards ---> TOURGUIDESERVICE
getUserRewards ---> TOURGUIDESERVICE
getUserRewards ---> TOURGUIDESERVICE
getUserRewards ---> TOURGUIDESERVICE
getUserRewards ---> TOURGUIDESERVICE
getUserRewards ---> TOURGUIDESERVICE
getUserRewards ---> TOURGUIDESERVICE
getUserRewards ---> TOURGUIDESERVICE
getUserRewards ---> TOURGUIDESERVICE
getUserRewards ---> TOURGUIDESERVICE
getUserRewards ---> TOURGUIDESERVICE
getUserRewards ---> TOURGUIDESERVICE
getUserRewards ---> TOURGUIDESERVICE
getUserRewards ---> TOURGUIDESERVICE
getUserRewards ---> TOURGUIDESERVICE
getUserRewards ---> TOURGUIDESERVICE
getUserRewards ---> TOURGUIDESERVICE
getUserRewards ---> TOURGUIDESERVICE
getUserRewards ---> TOURGUIDESERVICE
getUserRewards ---> TOURGUIDESERVICE
getUserRewards ---> TOURGUIDESERVICE
getUserRewards ---> TOURGUIDESERVICE
getUserRewards ---> TOURGUIDESERVICE
getUserRewards ---> TOURGUIDESERVICE
getUserRewards ---> TOURGUIDESERVICE
getUserRewards ---> TOURGUIDESERVICE
getUserRewards ---> TOURGUIDESERVICE
getUserRewards ---> TOURGUIDESERVICE
getUserRewards ---> TOURGUIDESERVICE
getUserRewards ---> TOURGUIDESERVICE
getUserRewards ---> TOURGUIDESERVICE
getUserRewards ---> TOURGUIDESERVICE
getUserRewards ---> TOURGUIDESERVICE
getUserRewards ---> TOURGUIDESERVICE
getUserRewards ---> TOURGUIDESERVICE
getUserRewards ---> TOURGUIDESERVICE
getUserRewards ---> TOURGUIDESERVICE
getUserRewards ---> TOURGUIDESERVICE
getUserRewards ---> TOURGUIDESERVICE
getUserRewards ---> TOURGUIDESERVICE
getUserRewards ---> TOURGUIDESERVICE
getUserRewards ---> TOURGUIDESERVICE
getUserRewards ---> TOURGUIDESERVICE
getUserRewards ---> TOURGUIDESERVICE
getUserRewards ---> TOURGUIDESERVICE
getUserRewards ---> TOURGUIDESERVICE
getUserRewards ---> TOURGUIDESERVICE
getUserRewards ---> TOURGUIDESERVICE
getUserRewards ---> TOURGUIDESERVICE
getUserRewards ---> TOURGUIDESERVICE
getUserRewards ---> TOURGUIDESERVICE
getUserRewards ---> TOURGUIDESERVICE
getUserRewards ---> TOURGUIDESERVICE
getUserRewards ---> TOURGUIDESERVICE
getUserRewards ---> TOURGUIDESERVICE
getUserRewards ---> TOURGUIDESERVICE
getUserRewards ---> TOURGUIDESERVICE
getUserRewards ---> TOURGUIDESERVICE
getUserRewards ---> TOURGUIDESERVICE
getUserRewards ---> TOURGUIDESERVICE
getUserRewards ---> TOURGUIDESERVICE
getUserRewards ---> TOURGUIDESERVICE
getUserRewards ---> TOURGUIDESERVICE
getUserRewards ---> TOURGUIDESERVICE
getUserRewards ---> TOURGUIDESERVICE
getUserRewards ---> TOURGUIDESERVICE
getUserRewards ---> TOURGUIDESERVICE
getUserRewards ---> TOURGUIDESERVICE
getUserRewards ---> TOURGUIDESERVICE
getUserRewards ---> TOURGUIDESERVICE
getUserRewards ---> TOURGUIDESERVICE
getUserRewards ---> TOURGUIDESERVICE
getUserRewards ---> TOURGUIDESERVICE
getUserRewards ---> TOURGUIDESERVICE
getUserRewards ---> TOURGUIDESERVICE
getUserRewards ---> TOURGUIDESERVICE
getUserRewards ---> TOURGUIDESERVICE
getUserRewards ---> TOURGUIDESERVICE
getUserRewards ---> TOURGUIDESERVICE
getUserRewards ---> TOURGUIDESERVICE
getUserRewards ---> TOURGUIDESERVICE
getUserRewards ---> TOURGUIDESERVICE
getUserRewards ---> TOURGUIDESERVICE
getUserRewards ---> TOURGUIDESERVICE
getUserRewards ---> TOURGUIDESERVICE
getUserRewards ---> TOURGUIDESERVICE
getUserRewards ---> TOURGUIDESERVICE
getUserRewards ---> TOURGUIDESERVICE
getUserRewards ---> TOURGUIDESERVICE
getUserRewards ---> TOURGUIDESERVICE
getUserRewards ---> TOURGUIDESERVICE
getUserRewards ---> TOURGUIDESERVICE
getUserRewards ---> TOURGUIDESERVICE
getUserRewards ---> TOURGUIDESERVICE
getUserRewards ---> TOURGUIDESERVICE
getUserRewards ---> TOURGUIDESERVICE
getUserRewards ---> TOURGUIDESERVICE
getUserRewards ---> TOURGUIDESERVICE
getUserRewards ---> TOURGUIDESERVICE
getUserRewards ---> TOURGUIDESERVICE
getUserRewards ---> TOURGUIDESERVICE
getUserRewards ---> TOURGUIDESERVICE
getUserRewards ---> TOURGUIDESERVICE
getUserRewards ---> TOURGUIDESERVICE
getUserRewards ---> TOURGUIDESERVICE
getUserRewards ---> TOURGUIDESERVICE
getUserRewards ---> TOURGUIDESERVICE
getUserRewards ---> TOURGUIDESERVICE
getUserRewards ---> TOURGUIDESERVICE
getUserRewards ---> TOURGUIDESERVICE
getUserRewards ---> TOURGUIDESERVICE
getUserRewards ---> TOURGUIDESERVICE
getUserRewards ---> TOURGUIDESERVICE
getUserRewards ---> TOURGUIDESERVICE
getUserRewards ---> TOURGUIDESERVICE
getUserRewards ---> TOURGUIDESERVICE
getUserRewards ---> TOURGUIDESERVICE
getUserRewards ---> TOURGUIDESERVICE
getUserRewards ---> TOURGUIDESERVICE
getUserRewards ---> TOURGUIDESERVICE
getUserRewards ---> TOURGUIDESERVICE
getUserRewards ---> TOURGUIDESERVICE
getUserRewards ---> TOURGUIDESERVICE
getUserRewards ---> TOURGUIDESERVICE
getUserRewards ---> TOURGUIDESERVICE
getUserRewards ---> TOURGUIDESERVICE
getUserRewards ---> TOURGUIDESERVICE
getUserRewards ---> TOURGUIDESERVICE
getUserRewards ---> TOURGUIDESERVICE
getUserRewards ---> TOURGUIDESERVICE
getUserRewards ---> TOURGUIDESERVICE
getUserRewards ---> TOURGUIDESERVICE
getUserRewards ---> TOURGUIDESERVICE
getUserRewards ---> TOURGUIDESERVICE
getUserRewards ---> TOURGUIDESERVICE
getUserRewards ---> TOURGUIDESERVICE
getUserRewards ---> TOURGUIDESERVICE
getUserRewards ---> TOURGUIDESERVICE
getUserRewards ---> TOURGUIDESERVICE
getUserRewards ---> TOURGUIDESERVICE
getUserRewards ---> TOURGUIDESERVICE
getUserRewards ---> TOURGUIDESERVICE
getUserRewards ---> TOURGUIDESERVICE
getUserRewards ---> TOURGUIDESERVICE
getUserRewards ---> TOURGUIDESERVICE
getUserRewards ---> TOURGUIDESERVICE
getUserRewards ---> TOURGUIDESERVICE
getUserRewards ---> TOURGUIDESERVICE
getUserRewards ---> TOURGUIDESERVICE
getUserRewards ---> TOURGUIDESERVICE
getUserRewards ---> TOURGUIDESERVICE
getUserRewards ---> TOURGUIDESERVICE
getUserRewards ---> TOURGUIDESERVICE
getUserRewards ---> TOURGUIDESERVICE
getUserRewards ---> TOURGUIDESERVICE
getUserRewards ---> TOURGUIDESERVICE
getUserRewards ---> TOURGUIDESERVICE
getUserRewards ---> TOURGUIDESERVICE
getUserRewards ---> TOURGUIDESERVICE
getUserRewards ---> TOURGUIDESERVICE
getUserRewards ---> TOURGUIDESERVICE
getUserRewards ---> TOURGUIDESERVICE
getUserRewards ---> TOURGUIDESERVICE
getUserRewards ---> TOURGUIDESERVICE
getUserRewards ---> TOURGUIDESERVICE
getUserRewards ---> TOURGUIDESERVICE
getUserRewards ---> TOURGUIDESERVICE
getUserRewards ---> TOURGUIDESERVICE
getUserRewards ---> TOURGUIDESERVICE
getUserRewards ---> TOURGUIDESERVICE
getUserRewards ---> TOURGUIDESERVICE
getUserRewards ---> TOURGUIDESERVICE
getUserRewards ---> TOURGUIDESERVICE
getUserRewards ---> TOURGUIDESERVICE
getUserRewards ---> TOURGUIDESERVICE
getUserRewards ---> TOURGUIDESERVICE
getUserRewards ---> TOURGUIDESERVICE
getUserRewards ---> TOURGUIDESERVICE
getUserRewards ---> TOURGUIDESERVICE
getUserRewards ---> TOURGUIDESERVICE
getUserRewards ---> TOURGUIDESERVICE
getUserRewards ---> TOURGUIDESERVICE
getUserRewards ---> TOURGUIDESERVICE
getUserRewards ---> TOURGUIDESERVICE
getUserRewards ---> TOURGUIDESERVICE
getUserRewards ---> TOURGUIDESERVICE
getUserRewards ---> TOURGUIDESERVICE
getUserRewards ---> TOURGUIDESERVICE
getUserRewards ---> TOURGUIDESERVICE
getUserRewards ---> TOURGUIDESERVICE
getUserRewards ---> TOURGUIDESERVICE
getUserRewards ---> TOURGUIDESERVICE
getUserRewards ---> TOURGUIDESERVICE
getUserRewards ---> TOURGUIDESERVICE
getUserRewards ---> TOURGUIDESERVICE
getUserRewards ---> TOURGUIDESERVICE
getUserRewards ---> TOURGUIDESERVICE
getUserRewards ---> TOURGUIDESERVICE
getUserRewards ---> TOURGUIDESERVICE
getUserRewards ---> TOURGUIDESERVICE
getUserRewards ---> TOURGUIDESERVICE
getUserRewards ---> TOURGUIDESERVICE
getUserRewards ---> TOURGUIDESERVICE
getUserRewards ---> TOURGUIDESERVICE
getUserRewards ---> TOURGUIDESERVICE
getUserRewards ---> TOURGUIDESERVICE
getUserRewards ---> TOURGUIDESERVICE
getUserRewards ---> TOURGUIDESERVICE
getUserRewards ---> TOURGUIDESERVICE
getUserRewards ---> TOURGUIDESERVICE
getUserRewards ---> TOURGUIDESERVICE
getUserRewards ---> TOURGUIDESERVICE
getUserRewards ---> TOURGUIDESERVICE
getUserRewards ---> TOURGUIDESERVICE
getUserRewards ---> TOURGUIDESERVICE
getUserRewards ---> TOURGUIDESERVICE
getUserRewards ---> TOURGUIDESERVICE
getUserRewards ---> TOURGUIDESERVICE
getUserRewards ---> TOURGUIDESERVICE
getUserRewards ---> TOURGUIDESERVICE
getUserRewards ---> TOURGUIDESERVICE
getUserRewards ---> TOURGUIDESERVICE
getUserRewards ---> TOURGUIDESERVICE
getUserRewards ---> TOURGUIDESERVICE
getUserRewards ---> TOURGUIDESERVICE
getUserRewards ---> TOURGUIDESERVICE
getUserRewards ---> TOURGUIDESERVICE
getUserRewards ---> TOURGUIDESERVICE
getUserRewards ---> TOURGUIDESERVICE
getUserRewards ---> TOURGUIDESERVICE
getUserRewards ---> TOURGUIDESERVICE
getUserRewards ---> TOURGUIDESERVICE
getUserRewards ---> TOURGUIDESERVICE
getUserRewards ---> TOURGUIDESERVICE
getUserRewards ---> TOURGUIDESERVICE
getUserRewards ---> TOURGUIDESERVICE
getUserRewards ---> TOURGUIDESERVICE
getUserRewards ---> TOURGUIDESERVICE
getUserRewards ---> TOURGUIDESERVICE
getUserRewards ---> TOURGUIDESERVICE
getUserRewards ---> TOURGUIDESERVICE
getUserRewards ---> TOURGUIDESERVICE
getUserRewards ---> TOURGUIDESERVICE
getUserRewards ---> TOURGUIDESERVICE
getUserRewards ---> TOURGUIDESERVICE
getUserRewards ---> TOURGUIDESERVICE
getUserRewards ---> TOURGUIDESERVICE
getUserRewards ---> TOURGUIDESERVICE
getUserRewards ---> TOURGUIDESERVICE
getUserRewards ---> TOURGUIDESERVICE
getUserRewards ---> TOURGUIDESERVICE
getUserRewards ---> TOURGUIDESERVICE
getUserRewards ---> TOURGUIDESERVICE
getUserRewards ---> TOURGUIDESERVICE
getUserRewards ---> TOURGUIDESERVICE
getUserRewards ---> TOURGUIDESERVICE
getUserRewards ---> TOURGUIDESERVICE
getUserRewards ---> TOURGUIDESERVICE
getUserRewards ---> TOURGUIDESERVICE
getUserRewards ---> TOURGUIDESERVICE
getUserRewards ---> TOURGUIDESERVICE
getUserRewards ---> TOURGUIDESERVICE
getUserRewards ---> TOURGUIDESERVICE
getUserRewards ---> TOURGUIDESERVICE
getUserRewards ---> TOURGUIDESERVICE
getUserRewards ---> TOURGUIDESERVICE
getUserRewards ---> TOURGUIDESERVICE
getUserRewards ---> TOURGUIDESERVICE
getUserRewards ---> TOURGUIDESERVICE
getUserRewards ---> TOURGUIDESERVICE
getUserRewards ---> TOURGUIDESERVICE
getUserRewards ---> TOURGUIDESERVICE
getUserRewards ---> TOURGUIDESERVICE
getUserRewards ---> TOURGUIDESERVICE
getUserRewards ---> TOURGUIDESERVICE
getUserRewards ---> TOURGUIDESERVICE
getUserRewards ---> TOURGUIDESERVICE
getUserRewards ---> TOURGUIDESERVICE
getUserRewards ---> TOURGUIDESERVICE
getUserRewards ---> TOURGUIDESERVICE
getUserRewards ---> TOURGUIDESERVICE
getUserRewards ---> TOURGUIDESERVICE
getUserRewards ---> TOURGUIDESERVICE
getUserRewards ---> TOURGUIDESERVICE
getUserRewards ---> TOURGUIDESERVICE
getUserRewards ---> TOURGUIDESERVICE
getUserRewards ---> TOURGUIDESERVICE
getUserRewards ---> TOURGUIDESERVICE
getUserRewards ---> TOURGUIDESERVICE
getUserRewards ---> TOURGUIDESERVICE
getUserRewards ---> TOURGUIDESERVICE
getUserRewards ---> TOURGUIDESERVICE
getUserRewards ---> TOURGUIDESERVICE
getUserRewards ---> TOURGUIDESERVICE
getUserRewards ---> TOURGUIDESERVICE
getUserRewards ---> TOURGUIDESERVICE
getUserRewards ---> TOURGUIDESERVICE
getUserRewards ---> TOURGUIDESERVICE
getUserRewards ---> TOURGUIDESERVICE
getUserRewards ---> TOURGUIDESERVICE
getUserRewards ---> TOURGUIDESERVICE
getUserRewards ---> TOURGUIDESERVICE
getUserRewards ---> TOURGUIDESERVICE
getUserRewards ---> TOURGUIDESERVICE
getUserRewards ---> TOURGUIDESERVICE
getUserRewards ---> TOURGUIDESERVICE
getUserRewards ---> TOURGUIDESERVICE
getUserRewards ---> TOURGUIDESERVICE
getUserRewards ---> TOURGUIDESERVICE
getUserRewards ---> TOURGUIDESERVICE
getUserRewards ---> TOURGUIDESERVICE
getUserRewards ---> TOURGUIDESERVICE
getUserRewards ---> TOURGUIDESERVICE
getUserRewards ---> TOURGUIDESERVICE
getUserRewards ---> TOURGUIDESERVICE
getUserRewards ---> TOURGUIDESERVICE
getUserRewards ---> TOURGUIDESERVICE
getUserRewards ---> TOURGUIDESERVICE
getUserRewards ---> TOURGUIDESERVICE
getUserRewards ---> TOURGUIDESERVICE
getUserRewards ---> TOURGUIDESERVICE
getUserRewards ---> TOURGUIDESERVICE
getUserRewards ---> TOURGUIDESERVICE
getUserRewards ---> TOURGUIDESERVICE
getUserRewards ---> TOURGUIDESERVICE
getUserRewards ---> TOURGUIDESERVICE
getUserRewards ---> TOURGUIDESERVICE
getUserRewards ---> TOURGUIDESERVICE
getUserRewards ---> TOURGUIDESERVICE
getUserRewards ---> TOURGUIDESERVICE
getUserRewards ---> TOURGUIDESERVICE
getUserRewards ---> TOURGUIDESERVICE
getUserRewards ---> TOURGUIDESERVICE
getUserRewards ---> TOURGUIDESERVICE
getUserRewards ---> TOURGUIDESERVICE
getUserRewards ---> TOURGUIDESERVICE
getUserRewards ---> TOURGUIDESERVICE
getUserRewards ---> TOURGUIDESERVICE
getUserRewards ---> TOURGUIDESERVICE
getUserRewards ---> TOURGUIDESERVICE
getUserRewards ---> TOURGUIDESERVICE
getUserRewards ---> TOURGUIDESERVICE
getUserRewards ---> TOURGUIDESERVICE
getUserRewards ---> TOURGUIDESERVICE
getUserRewards ---> TOURGUIDESERVICE
getUserRewards ---> TOURGUIDESERVICE
getUserRewards ---> TOURGUIDESERVICE
getUserRewards ---> TOURGUIDESERVICE
getUserRewards ---> TOURGUIDESERVICE
getUserRewards ---> TOURGUIDESERVICE
getUserRewards ---> TOURGUIDESERVICE
getUserRewards ---> TOURGUIDESERVICE
getUserRewards ---> TOURGUIDESERVICE
getUserRewards ---> TOURGUIDESERVICE
getUserRewards ---> TOURGUIDESERVICE
getUserRewards ---> TOURGUIDESERVICE
getUserRewards ---> TOURGUIDESERVICE
getUserRewards ---> TOURGUIDESERVICE
getUserRewards ---> TOURGUIDESERVICE
getUserRewards ---> TOURGUIDESERVICE
getUserRewards ---> TOURGUIDESERVICE
getUserRewards ---> TOURGUIDESERVICE
getUserRewards ---> TOURGUIDESERVICE
getUserRewards ---> TOURGUIDESERVICE
getUserRewards ---> TOURGUIDESERVICE
getUserRewards ---> TOURGUIDESERVICE
getUserRewards ---> TOURGUIDESERVICE
getUserRewards ---> TOURGUIDESERVICE
getUserRewards ---> TOURGUIDESERVICE
getUserRewards ---> TOURGUIDESERVICE
getUserRewards ---> TOURGUIDESERVICE
getUserRewards ---> TOURGUIDESERVICE
getUserRewards ---> TOURGUIDESERVICE
getUserRewards ---> TOURGUIDESERVICE
getUserRewards ---> TOURGUIDESERVICE
getUserRewards ---> TOURGUIDESERVICE
getUserRewards ---> TOURGUIDESERVICE
getUserRewards ---> TOURGUIDESERVICE
getUserRewards ---> TOURGUIDESERVICE
getUserRewards ---> TOURGUIDESERVICE
getUserRewards ---> TOURGUIDESERVICE
getUserRewards ---> TOURGUIDESERVICE
getUserRewards ---> TOURGUIDESERVICE
getUserRewards ---> TOURGUIDESERVICE
getUserRewards ---> TOURGUIDESERVICE
getUserRewards ---> TOURGUIDESERVICE
getUserRewards ---> TOURGUIDESERVICE
getUserRewards ---> TOURGUIDESERVICE
getUserRewards ---> TOURGUIDESERVICE
getUserRewards ---> TOURGUIDESERVICE
getUserRewards ---> TOURGUIDESERVICE
getUserRewards ---> TOURGUIDESERVICE
getUserRewards ---> TOURGUIDESERVICE
getUserRewards ---> TOURGUIDESERVICE
getUserRewards ---> TOURGUIDESERVICE
getUserRewards ---> TOURGUIDESERVICE
getUserRewards ---> TOURGUIDESERVICE
getUserRewards ---> TOURGUIDESERVICE
getUserRewards ---> TOURGUIDESERVICE
getUserRewards ---> TOURGUIDESERVICE
getUserRewards ---> TOURGUIDESERVICE
getUserRewards ---> TOURGUIDESERVICE
getUserRewards ---> TOURGUIDESERVICE
getUserRewards ---> TOURGUIDESERVICE
getUserRewards ---> TOURGUIDESERVICE
getUserRewards ---> TOURGUIDESERVICE
getUserRewards ---> TOURGUIDESERVICE
getUserRewards ---> TOURGUIDESERVICE
getUserRewards ---> TOURGUIDESERVICE
getUserRewards ---> TOURGUIDESERVICE
getUserRewards ---> TOURGUIDESERVICE
getUserRewards ---> TOURGUIDESERVICE
getUserRewards ---> TOURGUIDESERVICE
getUserRewards ---> TOURGUIDESERVICE
getUserRewards ---> TOURGUIDESERVICE
getUserRewards ---> TOURGUIDESERVICE
getUserRewards ---> TOURGUIDESERVICE
getUserRewards ---> TOURGUIDESERVICE
getUserRewards ---> TOURGUIDESERVICE
getUserRewards ---> TOURGUIDESERVICE
getUserRewards ---> TOURGUIDESERVICE
getUserRewards ---> TOURGUIDESERVICE
getUserRewards ---> TOURGUIDESERVICE
getUserRewards ---> TOURGUIDESERVICE
getUserRewards ---> TOURGUIDESERVICE
getUserRewards ---> TOURGUIDESERVICE
getUserRewards ---> TOURGUIDESERVICE
getUserRewards ---> TOURGUIDESERVICE
getUserRewards ---> TOURGUIDESERVICE
getUserRewards ---> TOURGUIDESERVICE
getUserRewards ---> TOURGUIDESERVICE
getUserRewards ---> TOURGUIDESERVICE
getUserRewards ---> TOURGUIDESERVICE
getUserRewards ---> TOURGUIDESERVICE
getUserRewards ---> TOURGUIDESERVICE
getUserRewards ---> TOURGUIDESERVICE
getUserRewards ---> TOURGUIDESERVICE
getUserRewards ---> TOURGUIDESERVICE
getUserRewards ---> TOURGUIDESERVICE
getUserRewards ---> TOURGUIDESERVICE
getUserRewards ---> TOURGUIDESERVICE
getUserRewards ---> TOURGUIDESERVICE
getUserRewards ---> TOURGUIDESERVICE
getUserRewards ---> TOURGUIDESERVICE
getUserRewards ---> TOURGUIDESERVICE
getUserRewards ---> TOURGUIDESERVICE
getUserRewards ---> TOURGUIDESERVICE
getUserRewards ---> TOURGUIDESERVICE
getUserRewards ---> TOURGUIDESERVICE
getUserRewards ---> TOURGUIDESERVICE
getUserRewards ---> TOURGUIDESERVICE
getUserRewards ---> TOURGUIDESERVICE
getUserRewards ---> TOURGUIDESERVICE
getUserRewards ---> TOURGUIDESERVICE
getUserRewards ---> TOURGUIDESERVICE
getUserRewards ---> TOURGUIDESERVICE
getUserRewards ---> TOURGUIDESERVICE
getUserRewards ---> TOURGUIDESERVICE
getUserRewards ---> TOURGUIDESERVICE
getUserRewards ---> TOURGUIDESERVICE
getUserRewards ---> TOURGUIDESERVICE
getUserRewards ---> TOURGUIDESERVICE
getUserRewards ---> TOURGUIDESERVICE
getUserRewards ---> TOURGUIDESERVICE
getUserRewards ---> TOURGUIDESERVICE
getUserRewards ---> TOURGUIDESERVICE
getUserRewards ---> TOURGUIDESERVICE
getUserRewards ---> TOURGUIDESERVICE
getUserRewards ---> TOURGUIDESERVICE
getUserRewards ---> TOURGUIDESERVICE
getUserRewards ---> TOURGUIDESERVICE
getUserRewards ---> TOURGUIDESERVICE
getUserRewards ---> TOURGUIDESERVICE
getUserRewards ---> TOURGUIDESERVICE
getUserRewards ---> TOURGUIDESERVICE
getUserRewards ---> TOURGUIDESERVICE
getUserRewards ---> TOURGUIDESERVICE
getUserRewards ---> TOURGUIDESERVICE
getUserRewards ---> TOURGUIDESERVICE
getUserRewards ---> TOURGUIDESERVICE
getUserRewards ---> TOURGUIDESERVICE
getUserRewards ---> TOURGUIDESERVICE
getUserRewards ---> TOURGUIDESERVICE
getUserRewards ---> TOURGUIDESERVICE
getUserRewards ---> TOURGUIDESERVICE
getUserRewards ---> TOURGUIDESERVICE
getUserRewards ---> TOURGUIDESERVICE
getUserRewards ---> TOURGUIDESERVICE
getUserRewards ---> TOURGUIDESERVICE
getUserRewards ---> TOURGUIDESERVICE
getUserRewards ---> TOURGUIDESERVICE
getUserRewards ---> TOURGUIDESERVICE
getUserRewards ---> TOURGUIDESERVICE
getUserRewards ---> TOURGUIDESERVICE
getUserRewards ---> TOURGUIDESERVICE
getUserRewards ---> TOURGUIDESERVICE
getUserRewards ---> TOURGUIDESERVICE
getUserRewards ---> TOURGUIDESERVICE
getUserRewards ---> TOURGUIDESERVICE
getUserRewards ---> TOURGUIDESERVICE
getUserRewards ---> TOURGUIDESERVICE
getUserRewards ---> TOURGUIDESERVICE
getUserRewards ---> TOURGUIDESERVICE
getUserRewards ---> TOURGUIDESERVICE
getUserRewards ---> TOURGUIDESERVICE
getUserRewards ---> TOURGUIDESERVICE
getUserRewards ---> TOURGUIDESERVICE
getUserRewards ---> TOURGUIDESERVICE
getUserRewards ---> TOURGUIDESERVICE
getUserRewards ---> TOURGUIDESERVICE
getUserRewards ---> TOURGUIDESERVICE
getUserRewards ---> TOURGUIDESERVICE
getUserRewards ---> TOURGUIDESERVICE
getUserRewards ---> TOURGUIDESERVICE
getUserRewards ---> TOURGUIDESERVICE
getUserRewards ---> TOURGUIDESERVICE
getUserRewards ---> TOURGUIDESERVICE
getUserRewards ---> TOURGUIDESERVICE
getUserRewards ---> TOURGUIDESERVICE
getUserRewards ---> TOURGUIDESERVICE
getUserRewards ---> TOURGUIDESERVICE
getUserRewards ---> TOURGUIDESERVICE
getUserRewards ---> TOURGUIDESERVICE
getUserRewards ---> TOURGUIDESERVICE
getUserRewards ---> TOURGUIDESERVICE
getUserRewards ---> TOURGUIDESERVICE
getUserRewards ---> TOURGUIDESERVICE
getUserRewards ---> TOURGUIDESERVICE
getUserRewards ---> TOURGUIDESERVICE
getUserRewards ---> TOURGUIDESERVICE
getUserRewards ---> TOURGUIDESERVICE
getUserRewards ---> TOURGUIDESERVICE
getUserRewards ---> TOURGUIDESERVICE
getUserRewards ---> TOURGUIDESERVICE
getUserRewards ---> TOURGUIDESERVICE
getUserRewards ---> TOURGUIDESERVICE
getUserRewards ---> TOURGUIDESERVICE
getUserRewards ---> TOURGUIDESERVICE
getUserRewards ---> TOURGUIDESERVICE
getUserRewards ---> TOURGUIDESERVICE
getUserRewards ---> TOURGUIDESERVICE
getUserRewards ---> TOURGUIDESERVICE
getUserRewards ---> TOURGUIDESERVICE
getUserRewards ---> TOURGUIDESERVICE
getUserRewards ---> TOURGUIDESERVICE
getUserRewards ---> TOURGUIDESERVICE
getUserRewards ---> TOURGUIDESERVICE
getUserRewards ---> TOURGUIDESERVICE
getUserRewards ---> TOURGUIDESERVICE
getUserRewards ---> TOURGUIDESERVICE
getUserRewards ---> TOURGUIDESERVICE
getUserRewards ---> TOURGUIDESERVICE
getUserRewards ---> TOURGUIDESERVICE
getUserRewards ---> TOURGUIDESERVICE
getUserRewards ---> TOURGUIDESERVICE
getUserRewards ---> TOURGUIDESERVICE
getUserRewards ---> TOURGUIDESERVICE
getUserRewards ---> TOURGUIDESERVICE
getUserRewards ---> TOURGUIDESERVICE
getUserRewards ---> TOURGUIDESERVICE
getUserRewards ---> TOURGUIDESERVICE
getUserRewards ---> TOURGUIDESERVICE
getUserRewards ---> TOURGUIDESERVICE
getUserRewards ---> TOURGUIDESERVICE
getUserRewards ---> TOURGUIDESERVICE
getUserRewards ---> TOURGUIDESERVICE
getUserRewards ---> TOURGUIDESERVICE
getUserRewards ---> TOURGUIDESERVICE
getUserRewards ---> TOURGUIDESERVICE
getUserRewards ---> TOURGUIDESERVICE
getUserRewards ---> TOURGUIDESERVICE
getUserRewards ---> TOURGUIDESERVICE
getUserRewards ---> TOURGUIDESERVICE
getUserRewards ---> TOURGUIDESERVICE
getUserRewards ---> TOURGUIDESERVICE
getUserRewards ---> TOURGUIDESERVICE
getUserRewards ---> TOURGUIDESERVICE
getUserRewards ---> TOURGUIDESERVICE
getUserRewards ---> TOURGUIDESERVICE
getUserRewards ---> TOURGUIDESERVICE
getUserRewards ---> TOURGUIDESERVICE
getUserRewards ---> TOURGUIDESERVICE
getUserRewards ---> TOURGUIDESERVICE
getUserRewards ---> TOURGUIDESERVICE
getUserRewards ---> TOURGUIDESERVICE
getUserRewards ---> TOURGUIDESERVICE
getUserRewards ---> TOURGUIDESERVICE
getUserRewards ---> TOURGUIDESERVICE
getUserRewards ---> TOURGUIDESERVICE
getUserRewards ---> TOURGUIDESERVICE
getUserRewards ---> TOURGUIDESERVICE
getUserRewards ---> TOURGUIDESERVICE
getUserRewards ---> TOURGUIDESERVICE
getUserRewards ---> TOURGUIDESERVICE
getUserRewards ---> TOURGUIDESERVICE
getUserRewards ---> TOURGUIDESERVICE
getUserRewards ---> TOURGUIDESERVICE
getUserRewards ---> TOURGUIDESERVICE
getUserRewards ---> TOURGUIDESERVICE
getUserRewards ---> TOURGUIDESERVICE
getUserRewards ---> TOURGUIDESERVICE
getUserRewards ---> TOURGUIDESERVICE
getUserRewards ---> TOURGUIDESERVICE
getUserRewards ---> TOURGUIDESERVICE
getUserRewards ---> TOURGUIDESERVICE
getUserRewards ---> TOURGUIDESERVICE
getUserRewards ---> TOURGUIDESERVICE
getUserRewards ---> TOURGUIDESERVICE
getUserRewards ---> TOURGUIDESERVICE
getUserRewards ---> TOURGUIDESERVICE
getUserRewards ---> TOURGUIDESERVICE
getUserRewards ---> TOURGUIDESERVICE
getUserRewards ---> TOURGUIDESERVICE
getUserRewards ---> TOURGUIDESERVICE
getUserRewards ---> TOURGUIDESERVICE
getUserRewards ---> TOURGUIDESERVICE
getUserRewards ---> TOURGUIDESERVICE
getUserRewards ---> TOURGUIDESERVICE
getUserRewards ---> TOURGUIDESERVICE
getUserRewards ---> TOURGUIDESERVICE
getUserRewards ---> TOURGUIDESERVICE
getUserRewards ---> TOURGUIDESERVICE
getUserRewards ---> TOURGUIDESERVICE
getUserRewards ---> TOURGUIDESERVICE
getUserRewards ---> TOURGUIDESERVICE
getUserRewards ---> TOURGUIDESERVICE
getUserRewards ---> TOURGUIDESERVICE
getUserRewards ---> TOURGUIDESERVICE
getUserRewards ---> TOURGUIDESERVICE
getUserRewards ---> TOURGUIDESERVICE
getUserRewards ---> TOURGUIDESERVICE
getUserRewards ---> TOURGUIDESERVICE
getUserRewards ---> TOURGUIDESERVICE
getUserRewards ---> TOURGUIDESERVICE
getUserRewards ---> TOURGUIDESERVICE
getUserRewards ---> TOURGUIDESERVICE
getUserRewards ---> TOURGUIDESERVICE
getUserRewards ---> TOURGUIDESERVICE
getUserRewards ---> TOURGUIDESERVICE
getUserRewards ---> TOURGUIDESERVICE
getUserRewards ---> TOURGUIDESERVICE
getUserRewards ---> TOURGUIDESERVICE
getUserRewards ---> TOURGUIDESERVICE
getUserRewards ---> TOURGUIDESERVICE
getUserRewards ---> TOURGUIDESERVICE
getUserRewards ---> TOURGUIDESERVICE
getUserRewards ---> TOURGUIDESERVICE
getUserRewards ---> TOURGUIDESERVICE
getUserRewards ---> TOURGUIDESERVICE
getUserRewards ---> TOURGUIDESERVICE
getUserRewards ---> TOURGUIDESERVICE
getUserRewards ---> TOURGUIDESERVICE
getUserRewards ---> TOURGUIDESERVICE
getUserRewards ---> TOURGUIDESERVICE
getUserRewards ---> TOURGUIDESERVICE
getUserRewards ---> TOURGUIDESERVICE
getUserRewards ---> TOURGUIDESERVICE
getUserRewards ---> TOURGUIDESERVICE
getUserRewards ---> TOURGUIDESERVICE
getUserRewards ---> TOURGUIDESERVICE
getUserRewards ---> TOURGUIDESERVICE
getUserRewards ---> TOURGUIDESERVICE
getUserRewards ---> TOURGUIDESERVICE
getUserRewards ---> TOURGUIDESERVICE
getUserRewards ---> TOURGUIDESERVICE
getUserRewards ---> TOURGUIDESERVICE
getUserRewards ---> TOURGUIDESERVICE
getUserRewards ---> TOURGUIDESERVICE
getUserRewards ---> TOURGUIDESERVICE
getUserRewards ---> TOURGUIDESERVICE
getUserRewards ---> TOURGUIDESERVICE
getUserRewards ---> TOURGUIDESERVICE
getUserRewards ---> TOURGUIDESERVICE
getUserRewards ---> TOURGUIDESERVICE
getUserRewards ---> TOURGUIDESERVICE
getUserRewards ---> TOURGUIDESERVICE
getUserRewards ---> TOURGUIDESERVICE
getUserRewards ---> TOURGUIDESERVICE
getUserRewards ---> TOURGUIDESERVICE
getUserRewards ---> TOURGUIDESERVICE
getUserRewards ---> TOURGUIDESERVICE
getUserRewards ---> TOURGUIDESERVICE
getUserRewards ---> TOURGUIDESERVICE
getUserRewards ---> TOURGUIDESERVICE
getUserRewards ---> TOURGUIDESERVICE
getUserRewards ---> TOURGUIDESERVICE
getUserRewards ---> TOURGUIDESERVICE
getUserRewards ---> TOURGUIDESERVICE
getUserRewards ---> TOURGUIDESERVICE
getUserRewards ---> TOURGUIDESERVICE
getUserRewards ---> TOURGUIDESERVICE
getUserRewards ---> TOURGUIDESERVICE
getUserRewards ---> TOURGUIDESERVICE
getUserRewards ---> TOURGUIDESERVICE
getUserRewards ---> TOURGUIDESERVICE
getUserRewards ---> TOURGUIDESERVICE
getUserRewards ---> TOURGUIDESERVICE
getUserRewards ---> TOURGUIDESERVICE
getUserRewards ---> TOURGUIDESERVICE
getUserRewards ---> TOURGUIDESERVICE
getUserRewards ---> TOURGUIDESERVICE
getUserRewards ---> TOURGUIDESERVICE
getUserRewards ---> TOURGUIDESERVICE
getUserRewards ---> TOURGUIDESERVICE
getUserRewards ---> TOURGUIDESERVICE
getUserRewards ---> TOURGUIDESERVICE
getUserRewards ---> TOURGUIDESERVICE
getUserRewards ---> TOURGUIDESERVICE
getUserRewards ---> TOURGUIDESERVICE
getUserRewards ---> TOURGUIDESERVICE
getUserRewards ---> TOURGUIDESERVICE
getUserRewards ---> TOURGUIDESERVICE
getUserRewards ---> TOURGUIDESERVICE
getUserRewards ---> TOURGUIDESERVICE
getUserRewards ---> TOURGUIDESERVICE
getUserRewards ---> TOURGUIDESERVICE
getUserRewards ---> TOURGUIDESERVICE
getUserRewards ---> TOURGUIDESERVICE
getUserRewards ---> TOURGUIDESERVICE
getUserRewards ---> TOURGUIDESERVICE
getUserRewards ---> TOURGUIDESERVICE
getUserRewards ---> TOURGUIDESERVICE
getUserRewards ---> TOURGUIDESERVICE
getUserRewards ---> TOURGUIDESERVICE
getUserRewards ---> TOURGUIDESERVICE
getUserRewards ---> TOURGUIDESERVICE
getUserRewards ---> TOURGUIDESERVICE
getUserRewards ---> TOURGUIDESERVICE
getUserRewards ---> TOURGUIDESERVICE
getUserRewards ---> TOURGUIDESERVICE
getUserRewards ---> TOURGUIDESERVICE
getUserRewards ---> TOURGUIDESERVICE
getUserRewards ---> TOURGUIDESERVICE
getUserRewards ---> TOURGUIDESERVICE
getUserRewards ---> TOURGUIDESERVICE
getUserRewards ---> TOURGUIDESERVICE
getUserRewards ---> TOURGUIDESERVICE
getUserRewards ---> TOURGUIDESERVICE
getUserRewards ---> TOURGUIDESERVICE
getUserRewards ---> TOURGUIDESERVICE
getUserRewards ---> TOURGUIDESERVICE
getUserRewards ---> TOURGUIDESERVICE
getUserRewards ---> TOURGUIDESERVICE
getUserRewards ---> TOURGUIDESERVICE
getUserRewards ---> TOURGUIDESERVICE
getUserRewards ---> TOURGUIDESERVICE
getUserRewards ---> TOURGUIDESERVICE
getUserRewards ---> TOURGUIDESERVICE
getUserRewards ---> TOURGUIDESERVICE
getUserRewards ---> TOURGUIDESERVICE
getUserRewards ---> TOURGUIDESERVICE
getUserRewards ---> TOURGUIDESERVICE
getUserRewards ---> TOURGUIDESERVICE
getUserRewards ---> TOURGUIDESERVICE
getUserRewards ---> TOURGUIDESERVICE
getUserRewards ---> TOURGUIDESERVICE
getUserRewards ---> TOURGUIDESERVICE
getUserRewards ---> TOURGUIDESERVICE
getUserRewards ---> TOURGUIDESERVICE
getUserRewards ---> TOURGUIDESERVICE
getUserRewards ---> TOURGUIDESERVICE
getUserRewards ---> TOURGUIDESERVICE
getUserRewards ---> TOURGUIDESERVICE
getUserRewards ---> TOURGUIDESERVICE
getUserRewards ---> TOURGUIDESERVICE
getUserRewards ---> TOURGUIDESERVICE
getUserRewards ---> TOURGUIDESERVICE
getUserRewards ---> TOURGUIDESERVICE
getUserRewards ---> TOURGUIDESERVICE
getUserRewards ---> TOURGUIDESERVICE
getUserRewards ---> TOURGUIDESERVICE
getUserRewards ---> TOURGUIDESERVICE
getUserRewards ---> TOURGUIDESERVICE
getUserRewards ---> TOURGUIDESERVICE
getUserRewards ---> TOURGUIDESERVICE
getUserRewards ---> TOURGUIDESERVICE
getUserRewards ---> TOURGUIDESERVICE
getUserRewards ---> TOURGUIDESERVICE
getUserRewards ---> TOURGUIDESERVICE
getUserRewards ---> TOURGUIDESERVICE
getUserRewards ---> TOURGUIDESERVICE
getUserRewards ---> TOURGUIDESERVICE
getUserRewards ---> TOURGUIDESERVICE
getUserRewards ---> TOURGUIDESERVICE
getUserRewards ---> TOURGUIDESERVICE
getUserRewards ---> TOURGUIDESERVICE
getUserRewards ---> TOURGUIDESERVICE
getUserRewards ---> TOURGUIDESERVICE
getUserRewards ---> TOURGUIDESERVICE
getUserRewards ---> TOURGUIDESERVICE
getUserRewards ---> TOURGUIDESERVICE
getUserRewards ---> TOURGUIDESERVICE
getUserRewards ---> TOURGUIDESERVICE
getUserRewards ---> TOURGUIDESERVICE
getUserRewards ---> TOURGUIDESERVICE
getUserRewards ---> TOURGUIDESERVICE
getUserRewards ---> TOURGUIDESERVICE
getUserRewards ---> TOURGUIDESERVICE
getUserRewards ---> TOURGUIDESERVICE
getUserRewards ---> TOURGUIDESERVICE
getUserRewards ---> TOURGUIDESERVICE
getUserRewards ---> TOURGUIDESERVICE
getUserRewards ---> TOURGUIDESERVICE
getUserRewards ---> TOURGUIDESERVICE
getUserRewards ---> TOURGUIDESERVICE
getUserRewards ---> TOURGUIDESERVICE
getUserRewards ---> TOURGUIDESERVICE
getUserRewards ---> TOURGUIDESERVICE
getUserRewards ---> TOURGUIDESERVICE
getUserRewards ---> TOURGUIDESERVICE
getUserRewards ---> TOURGUIDESERVICE
getUserRewards ---> TOURGUIDESERVICE
getUserRewards ---> TOURGUIDESERVICE
getUserRewards ---> TOURGUIDESERVICE
getUserRewards ---> TOURGUIDESERVICE
getUserRewards ---> TOURGUIDESERVICE
getUserRewards ---> TOURGUIDESERVICE
getUserRewards ---> TOURGUIDESERVICE
getUserRewards ---> TOURGUIDESERVICE
getUserRewards ---> TOURGUIDESERVICE
getUserRewards ---> TOURGUIDESERVICE
getUserRewards ---> TOURGUIDESERVICE
getUserRewards ---> TOURGUIDESERVICE
getUserRewards ---> TOURGUIDESERVICE
getUserRewards ---> TOURGUIDESERVICE
getUserRewards ---> TOURGUIDESERVICE
getUserRewards ---> TOURGUIDESERVICE
getUserRewards ---> TOURGUIDESERVICE
getUserRewards ---> TOURGUIDESERVICE
getUserRewards ---> TOURGUIDESERVICE
getUserRewards ---> TOURGUIDESERVICE
getUserRewards ---> TOURGUIDESERVICE
getUserRewards ---> TOURGUIDESERVICE
getUserRewards ---> TOURGUIDESERVICE
getUserRewards ---> TOURGUIDESERVICE
getUserRewards ---> TOURGUIDESERVICE
getUserRewards ---> TOURGUIDESERVICE
getUserRewards ---> TOURGUIDESERVICE
getUserRewards ---> TOURGUIDESERVICE
getUserRewards ---> TOURGUIDESERVICE
getUserRewards ---> TOURGUIDESERVICE
getUserRewards ---> TOURGUIDESERVICE
getUserRewards ---> TOURGUIDESERVICE
getUserRewards ---> TOURGUIDESERVICE
getUserRewards ---> TOURGUIDESERVICE
getUserRewards ---> TOURGUIDESERVICE
getUserRewards ---> TOURGUIDESERVICE
getUserRewards ---> TOURGUIDESERVICE
getUserRewards ---> TOURGUIDESERVICE
getUserRewards ---> TOURGUIDESERVICE
getUserRewards ---> TOURGUIDESERVICE
getUserRewards ---> TOURGUIDESERVICE
getUserRewards ---> TOURGUIDESERVICE
getUserRewards ---> TOURGUIDESERVICE
getUserRewards ---> TOURGUIDESERVICE
getUserRewards ---> TOURGUIDESERVICE
getUserRewards ---> TOURGUIDESERVICE
getUserRewards ---> TOURGUIDESERVICE
getUserRewards ---> TOURGUIDESERVICE
getUserRewards ---> TOURGUIDESERVICE
getUserRewards ---> TOURGUIDESERVICE
getUserRewards ---> TOURGUIDESERVICE
getUserRewards ---> TOURGUIDESERVICE
getUserRewards ---> TOURGUIDESERVICE
getUserRewards ---> TOURGUIDESERVICE
getUserRewards ---> TOURGUIDESERVICE
getUserRewards ---> TOURGUIDESERVICE
getUserRewards ---> TOURGUIDESERVICE
getUserRewards ---> TOURGUIDESERVICE
getUserRewards ---> TOURGUIDESERVICE
getUserRewards ---> TOURGUIDESERVICE
getUserRewards ---> TOURGUIDESERVICE
getUserRewards ---> TOURGUIDESERVICE
getUserRewards ---> TOURGUIDESERVICE
getUserRewards ---> TOURGUIDESERVICE
getUserRewards ---> TOURGUIDESERVICE
getUserRewards ---> TOURGUIDESERVICE
getUserRewards ---> TOURGUIDESERVICE
getUserRewards ---> TOURGUIDESERVICE
getUserRewards ---> TOURGUIDESERVICE
getUserRewards ---> TOURGUIDESERVICE
getUserRewards ---> TOURGUIDESERVICE
getUserRewards ---> TOURGUIDESERVICE
getUserRewards ---> TOURGUIDESERVICE
getUserRewards ---> TOURGUIDESERVICE
getUserRewards ---> TOURGUIDESERVICE
getUserRewards ---> TOURGUIDESERVICE
getUserRewards ---> TOURGUIDESERVICE
getUserRewards ---> TOURGUIDESERVICE
getUserRewards ---> TOURGUIDESERVICE
getUserRewards ---> TOURGUIDESERVICE
getUserRewards ---> TOURGUIDESERVICE
getUserRewards ---> TOURGUIDESERVICE
getUserRewards ---> TOURGUIDESERVICE
getUserRewards ---> TOURGUIDESERVICE
getUserRewards ---> TOURGUIDESERVICE
getUserRewards ---> TOURGUIDESERVICE
getUserRewards ---> TOURGUIDESERVICE
getUserRewards ---> TOURGUIDESERVICE
getUserRewards ---> TOURGUIDESERVICE
getUserRewards ---> TOURGUIDESERVICE
getUserRewards ---> TOURGUIDESERVICE
getUserRewards ---> TOURGUIDESERVICE
getUserRewards ---> TOURGUIDESERVICE
getUserRewards ---> TOURGUIDESERVICE
getUserRewards ---> TOURGUIDESERVICE
getUserRewards ---> TOURGUIDESERVICE
getUserRewards ---> TOURGUIDESERVICE
getUserRewards ---> TOURGUIDESERVICE
getUserRewards ---> TOURGUIDESERVICE
getUserRewards ---> TOURGUIDESERVICE
getUserRewards ---> TOURGUIDESERVICE
getUserRewards ---> TOURGUIDESERVICE
getUserRewards ---> TOURGUIDESERVICE
getUserRewards ---> TOURGUIDESERVICE
getUserRewards ---> TOURGUIDESERVICE
getUserRewards ---> TOURGUIDESERVICE
getUserRewards ---> TOURGUIDESERVICE
getUserRewards ---> TOURGUIDESERVICE
getUserRewards ---> TOURGUIDESERVICE
getUserRewards ---> TOURGUIDESERVICE
getUserRewards ---> TOURGUIDESERVICE
getUserRewards ---> TOURGUIDESERVICE
getUserRewards ---> TOURGUIDESERVICE
getUserRewards ---> TOURGUIDESERVICE
getUserRewards ---> TOURGUIDESERVICE
getUserRewards ---> TOURGUIDESERVICE
getUserRewards ---> TOURGUIDESERVICE
getUserRewards ---> TOURGUIDESERVICE
getUserRewards ---> TOURGUIDESERVICE
getUserRewards ---> TOURGUIDESERVICE
getUserRewards ---> TOURGUIDESERVICE
getUserRewards ---> TOURGUIDESERVICE
getUserRewards ---> TOURGUIDESERVICE
getUserRewards ---> TOURGUIDESERVICE
getUserRewards ---> TOURGUIDESERVICE
getUserRewards ---> TOURGUIDESERVICE
getUserRewards ---> TOURGUIDESERVICE
getUserRewards ---> TOURGUIDESERVICE
getUserRewards ---> TOURGUIDESERVICE
getUserRewards ---> TOURGUIDESERVICE
getUserRewards ---> TOURGUIDESERVICE
getUserRewards ---> TOURGUIDESERVICE
getUserRewards ---> TOURGUIDESERVICE
getUserRewards ---> TOURGUIDESERVICE
getUserRewards ---> TOURGUIDESERVICE
getUserRewards ---> TOURGUIDESERVICE
getUserRewards ---> TOURGUIDESERVICE
getUserRewards ---> TOURGUIDESERVICE
getUserRewards ---> TOURGUIDESERVICE
getUserRewards ---> TOURGUIDESERVICE
getUserRewards ---> TOURGUIDESERVICE
getUserRewards ---> TOURGUIDESERVICE
getUserRewards ---> TOURGUIDESERVICE
getUserRewards ---> TOURGUIDESERVICE
getUserRewards ---> TOURGUIDESERVICE
getUserRewards ---> TOURGUIDESERVICE
getUserRewards ---> TOURGUIDESERVICE
getUserRewards ---> TOURGUIDESERVICE
getUserRewards ---> TOURGUIDESERVICE
getUserRewards ---> TOURGUIDESERVICE
getUserRewards ---> TOURGUIDESERVICE
getUserRewards ---> TOURGUIDESERVICE
getUserRewards ---> TOURGUIDESERVICE
getUserRewards ---> TOURGUIDESERVICE
getUserRewards ---> TOURGUIDESERVICE
getUserRewards ---> TOURGUIDESERVICE
getUserRewards ---> TOURGUIDESERVICE
getUserRewards ---> TOURGUIDESERVICE
getUserRewards ---> TOURGUIDESERVICE
getUserRewards ---> TOURGUIDESERVICE
getUserRewards ---> TOURGUIDESERVICE
getUserRewards ---> TOURGUIDESERVICE
getUserRewards ---> TOURGUIDESERVICE
getUserRewards ---> TOURGUIDESERVICE
getUserRewards ---> TOURGUIDESERVICE
getUserRewards ---> TOURGUIDESERVICE
getUserRewards ---> TOURGUIDESERVICE
getUserRewards ---> TOURGUIDESERVICE
getUserRewards ---> TOURGUIDESERVICE
getUserRewards ---> TOURGUIDESERVICE
getUserRewards ---> TOURGUIDESERVICE
getUserRewards ---> TOURGUIDESERVICE
getUserRewards ---> TOURGUIDESERVICE
getUserRewards ---> TOURGUIDESERVICE
getUserRewards ---> TOURGUIDESERVICE
getUserRewards ---> TOURGUIDESERVICE
getUserRewards ---> TOURGUIDESERVICE
getUserRewards ---> TOURGUIDESERVICE
getUserRewards ---> TOURGUIDESERVICE
getUserRewards ---> TOURGUIDESERVICE
getUserRewards ---> TOURGUIDESERVICE
getUserRewards ---> TOURGUIDESERVICE
getUserRewards ---> TOURGUIDESERVICE
getUserRewards ---> TOURGUIDESERVICE
getUserRewards ---> TOURGUIDESERVICE
getUserRewards ---> TOURGUIDESERVICE
getUserRewards ---> TOURGUIDESERVICE
getUserRewards ---> TOURGUIDESERVICE
getUserRewards ---> TOURGUIDESERVICE
getUserRewards ---> TOURGUIDESERVICE
getUserRewards ---> TOURGUIDESERVICE
getUserRewards ---> TOURGUIDESERVICE
getUserRewards ---> TOURGUIDESERVICE
getUserRewards ---> TOURGUIDESERVICE
getUserRewards ---> TOURGUIDESERVICE
getUserRewards ---> TOURGUIDESERVICE
getUserRewards ---> TOURGUIDESERVICE
getUserRewards ---> TOURGUIDESERVICE
getUserRewards ---> TOURGUIDESERVICE
getUserRewards ---> TOURGUIDESERVICE
getUserRewards ---> TOURGUIDESERVICE
getUserRewards ---> TOURGUIDESERVICE
getUserRewards ---> TOURGUIDESERVICE
getUserRewards ---> TOURGUIDESERVICE
getUserRewards ---> TOURGUIDESERVICE
getUserRewards ---> TOURGUIDESERVICE
getUserRewards ---> TOURGUIDESERVICE
getUserRewards ---> TOURGUIDESERVICE
getUserRewards ---> TOURGUIDESERVICE
getUserRewards ---> TOURGUIDESERVICE
getUserRewards ---> TOURGUIDESERVICE
getUserRewards ---> TOURGUIDESERVICE
getUserRewards ---> TOURGUIDESERVICE
getUserRewards ---> TOURGUIDESERVICE
getUserRewards ---> TOURGUIDESERVICE
getUserRewards ---> TOURGUIDESERVICE
getUserRewards ---> TOURGUIDESERVICE
getUserRewards ---> TOURGUIDESERVICE
getUserRewards ---> TOURGUIDESERVICE
getUserRewards ---> TOURGUIDESERVICE
getUserRewards ---> TOURGUIDESERVICE
getUserRewards ---> TOURGUIDESERVICE
getUserRewards ---> TOURGUIDESERVICE
getUserRewards ---> TOURGUIDESERVICE
getUserRewards ---> TOURGUIDESERVICE
getUserRewards ---> TOURGUIDESERVICE
getUserRewards ---> TOURGUIDESERVICE
getUserRewards ---> TOURGUIDESERVICE
getUserRewards ---> TOURGUIDESERVICE
getUserRewards ---> TOURGUIDESERVICE
getUserRewards ---> TOURGUIDESERVICE
getUserRewards ---> TOURGUIDESERVICE
getUserRewards ---> TOURGUIDESERVICE
getUserRewards ---> TOURGUIDESERVICE
getUserRewards ---> TOURGUIDESERVICE
getUserRewards ---> TOURGUIDESERVICE
getUserRewards ---> TOURGUIDESERVICE
getUserRewards ---> TOURGUIDESERVICE
getUserRewards ---> TOURGUIDESERVICE
getUserRewards ---> TOURGUIDESERVICE
getUserRewards ---> TOURGUIDESERVICE
getUserRewards ---> TOURGUIDESERVICE
getUserRewards ---> TOURGUIDESERVICE
getUserRewards ---> TOURGUIDESERVICE
getUserRewards ---> TOURGUIDESERVICE
getUserRewards ---> TOURGUIDESERVICE
getUserRewards ---> TOURGUIDESERVICE
getUserRewards ---> TOURGUIDESERVICE
getUserRewards ---> TOURGUIDESERVICE
getUserRewards ---> TOURGUIDESERVICE
getUserRewards ---> TOURGUIDESERVICE
getUserRewards ---> TOURGUIDESERVICE
getUserRewards ---> TOURGUIDESERVICE
getUserRewards ---> TOURGUIDESERVICE
getUserRewards ---> TOURGUIDESERVICE
getUserRewards ---> TOURGUIDESERVICE
getUserRewards ---> TOURGUIDESERVICE
getUserRewards ---> TOURGUIDESERVICE
getUserRewards ---> TOURGUIDESERVICE
getUserRewards ---> TOURGUIDESERVICE
getUserRewards ---> TOURGUIDESERVICE
getUserRewards ---> TOURGUIDESERVICE
getUserRewards ---> TOURGUIDESERVICE
getUserRewards ---> TOURGUIDESERVICE
getUserRewards ---> TOURGUIDESERVICE
getUserRewards ---> TOURGUIDESERVICE
getUserRewards ---> TOURGUIDESERVICE
getUserRewards ---> TOURGUIDESERVICE
getUserRewards ---> TOURGUIDESERVICE
getUserRewards ---> TOURGUIDESERVICE
getUserRewards ---> TOURGUIDESERVICE
getUserRewards ---> TOURGUIDESERVICE
getUserRewards ---> TOURGUIDESERVICE
getUserRewards ---> TOURGUIDESERVICE
getUserRewards ---> TOURGUIDESERVICE
getUserRewards ---> TOURGUIDESERVICE
getUserRewards ---> TOURGUIDESERVICE
getUserRewards ---> TOURGUIDESERVICE
getUserRewards ---> TOURGUIDESERVICE
getUserRewards ---> TOURGUIDESERVICE
getUserRewards ---> TOURGUIDESERVICE
getUserRewards ---> TOURGUIDESERVICE
getUserRewards ---> TOURGUIDESERVICE
getUserRewards ---> TOURGUIDESERVICE
getUserRewards ---> TOURGUIDESERVICE
getUserRewards ---> TOURGUIDESERVICE
getUserRewards ---> TOURGUIDESERVICE
getUserRewards ---> TOURGUIDESERVICE
getUserRewards ---> TOURGUIDESERVICE
getUserRewards ---> TOURGUIDESERVICE
getUserRewards ---> TOURGUIDESERVICE
getUserRewards ---> TOURGUIDESERVICE
getUserRewards ---> TOURGUIDESERVICE
getUserRewards ---> TOURGUIDESERVICE
getUserRewards ---> TOURGUIDESERVICE
getUserRewards ---> TOURGUIDESERVICE
getUserRewards ---> TOURGUIDESERVICE
getUserRewards ---> TOURGUIDESERVICE
getUserRewards ---> TOURGUIDESERVICE
getUserRewards ---> TOURGUIDESERVICE
getUserRewards ---> TOURGUIDESERVICE
getUserRewards ---> TOURGUIDESERVICE
getUserRewards ---> TOURGUIDESERVICE
getUserRewards ---> TOURGUIDESERVICE
getUserRewards ---> TOURGUIDESERVICE
getUserRewards ---> TOURGUIDESERVICE
getUserRewards ---> TOURGUIDESERVICE
getUserRewards ---> TOURGUIDESERVICE
getUserRewards ---> TOURGUIDESERVICE
getUserRewards ---> TOURGUIDESERVICE
getUserRewards ---> TOURGUIDESERVICE
getUserRewards ---> TOURGUIDESERVICE
getUserRewards ---> TOURGUIDESERVICE
getUserRewards ---> TOURGUIDESERVICE
getUserRewards ---> TOURGUIDESERVICE
getUserRewards ---> TOURGUIDESERVICE
getUserRewards ---> TOURGUIDESERVICE
getUserRewards ---> TOURGUIDESERVICE
getUserRewards ---> TOURGUIDESERVICE
getUserRewards ---> TOURGUIDESERVICE
getUserRewards ---> TOURGUIDESERVICE
getUserRewards ---> TOURGUIDESERVICE
getUserRewards ---> TOURGUIDESERVICE
getUserRewards ---> TOURGUIDESERVICE
getUserRewards ---> TOURGUIDESERVICE
getUserRewards ---> TOURGUIDESERVICE
getUserRewards ---> TOURGUIDESERVICE
getUserRewards ---> TOURGUIDESERVICE
getUserRewards ---> TOURGUIDESERVICE
getUserRewards ---> TOURGUIDESERVICE
getUserRewards ---> TOURGUIDESERVICE
getUserRewards ---> TOURGUIDESERVICE
getUserRewards ---> TOURGUIDESERVICE
getUserRewards ---> TOURGUIDESERVICE
getUserRewards ---> TOURGUIDESERVICE
getUserRewards ---> TOURGUIDESERVICE
getUserRewards ---> TOURGUIDESERVICE
getUserRewards ---> TOURGUIDESERVICE
getUserRewards ---> TOURGUIDESERVICE
getUserRewards ---> TOURGUIDESERVICE
getUserRewards ---> TOURGUIDESERVICE
getUserRewards ---> TOURGUIDESERVICE
getUserRewards ---> TOURGUIDESERVICE
getUserRewards ---> TOURGUIDESERVICE
getUserRewards ---> TOURGUIDESERVICE
getUserRewards ---> TOURGUIDESERVICE
getUserRewards ---> TOURGUIDESERVICE
getUserRewards ---> TOURGUIDESERVICE
getUserRewards ---> TOURGUIDESERVICE
getUserRewards ---> TOURGUIDESERVICE
getUserRewards ---> TOURGUIDESERVICE
getUserRewards ---> TOURGUIDESERVICE
getUserRewards ---> TOURGUIDESERVICE
getUserRewards ---> TOURGUIDESERVICE
getUserRewards ---> TOURGUIDESERVICE
getUserRewards ---> TOURGUIDESERVICE
getUserRewards ---> TOURGUIDESERVICE
getUserRewards ---> TOURGUIDESERVICE
getUserRewards ---> TOURGUIDESERVICE
getUserRewards ---> TOURGUIDESERVICE
getUserRewards ---> TOURGUIDESERVICE
getUserRewards ---> TOURGUIDESERVICE
getUserRewards ---> TOURGUIDESERVICE
getUserRewards ---> TOURGUIDESERVICE
getUserRewards ---> TOURGUIDESERVICE
getUserRewards ---> TOURGUIDESERVICE
getUserRewards ---> TOURGUIDESERVICE
getUserRewards ---> TOURGUIDESERVICE
getUserRewards ---> TOURGUIDESERVICE
getUserRewards ---> TOURGUIDESERVICE
getUserRewards ---> TOURGUIDESERVICE
getUserRewards ---> TOURGUIDESERVICE
getUserRewards ---> TOURGUIDESERVICE
getUserRewards ---> TOURGUIDESERVICE
getUserRewards ---> TOURGUIDESERVICE
getUserRewards ---> TOURGUIDESERVICE
getUserRewards ---> TOURGUIDESERVICE
getUserRewards ---> TOURGUIDESERVICE
getUserRewards ---> TOURGUIDESERVICE
getUserRewards ---> TOURGUIDESERVICE
getUserRewards ---> TOURGUIDESERVICE
getUserRewards ---> TOURGUIDESERVICE
getUserRewards ---> TOURGUIDESERVICE
getUserRewards ---> TOURGUIDESERVICE
getUserRewards ---> TOURGUIDESERVICE
getUserRewards ---> TOURGUIDESERVICE
getUserRewards ---> TOURGUIDESERVICE
getUserRewards ---> TOURGUIDESERVICE
getUserRewards ---> TOURGUIDESERVICE
getUserRewards ---> TOURGUIDESERVICE
getUserRewards ---> TOURGUIDESERVICE
getUserRewards ---> TOURGUIDESERVICE
getUserRewards ---> TOURGUIDESERVICE
getUserRewards ---> TOURGUIDESERVICE
getUserRewards ---> TOURGUIDESERVICE
getUserRewards ---> TOURGUIDESERVICE
getUserRewards ---> TOURGUIDESERVICE
getUserRewards ---> TOURGUIDESERVICE
getUserRewards ---> TOURGUIDESERVICE
getUserRewards ---> TOURGUIDESERVICE
getUserRewards ---> TOURGUIDESERVICE
getUserRewards ---> TOURGUIDESERVICE
getUserRewards ---> TOURGUIDESERVICE
getUserRewards ---> TOURGUIDESERVICE
getUserRewards ---> TOURGUIDESERVICE
getUserRewards ---> TOURGUIDESERVICE
getUserRewards ---> TOURGUIDESERVICE
getUserRewards ---> TOURGUIDESERVICE
getUserRewards ---> TOURGUIDESERVICE
getUserRewards ---> TOURGUIDESERVICE
getUserRewards ---> TOURGUIDESERVICE
getUserRewards ---> TOURGUIDESERVICE
getUserRewards ---> TOURGUIDESERVICE
getUserRewards ---> TOURGUIDESERVICE
getUserRewards ---> TOURGUIDESERVICE
getUserRewards ---> TOURGUIDESERVICE
getUserRewards ---> TOURGUIDESERVICE
getUserRewards ---> TOURGUIDESERVICE
getUserRewards ---> TOURGUIDESERVICE
getUserRewards ---> TOURGUIDESERVICE
getUserRewards ---> TOURGUIDESERVICE
getUserRewards ---> TOURGUIDESERVICE
getUserRewards ---> TOURGUIDESERVICE
getUserRewards ---> TOURGUIDESERVICE
getUserRewards ---> TOURGUIDESERVICE
getUserRewards ---> TOURGUIDESERVICE
getUserRewards ---> TOURGUIDESERVICE
getUserRewards ---> TOURGUIDESERVICE
getUserRewards ---> TOURGUIDESERVICE
getUserRewards ---> TOURGUIDESERVICE
getUserRewards ---> TOURGUIDESERVICE
getUserRewards ---> TOURGUIDESERVICE
getUserRewards ---> TOURGUIDESERVICE
getUserRewards ---> TOURGUIDESERVICE
getUserRewards ---> TOURGUIDESERVICE
getUserRewards ---> TOURGUIDESERVICE
getUserRewards ---> TOURGUIDESERVICE
getUserRewards ---> TOURGUIDESERVICE
getUserRewards ---> TOURGUIDESERVICE
getUserRewards ---> TOURGUIDESERVICE
getUserRewards ---> TOURGUIDESERVICE
getUserRewards ---> TOURGUIDESERVICE
getUserRewards ---> TOURGUIDESERVICE
getUserRewards ---> TOURGUIDESERVICE
getUserRewards ---> TOURGUIDESERVICE
getUserRewards ---> TOURGUIDESERVICE
getUserRewards ---> TOURGUIDESERVICE
getUserRewards ---> TOURGUIDESERVICE
getUserRewards ---> TOURGUIDESERVICE
getUserRewards ---> TOURGUIDESERVICE
getUserRewards ---> TOURGUIDESERVICE
getUserRewards ---> TOURGUIDESERVICE
getUserRewards ---> TOURGUIDESERVICE
getUserRewards ---> TOURGUIDESERVICE
getUserRewards ---> TOURGUIDESERVICE
getUserRewards ---> TOURGUIDESERVICE
getUserRewards ---> TOURGUIDESERVICE
getUserRewards ---> TOURGUIDESERVICE
getUserRewards ---> TOURGUIDESERVICE
getUserRewards ---> TOURGUIDESERVICE
getUserRewards ---> TOURGUIDESERVICE
getUserRewards ---> TOURGUIDESERVICE
getUserRewards ---> TOURGUIDESERVICE
getUserRewards ---> TOURGUIDESERVICE
getUserRewards ---> TOURGUIDESERVICE
getUserRewards ---> TOURGUIDESERVICE
getUserRewards ---> TOURGUIDESERVICE
getUserRewards ---> TOURGUIDESERVICE
getUserRewards ---> TOURGUIDESERVICE
getUserRewards ---> TOURGUIDESERVICE
getUserRewards ---> TOURGUIDESERVICE
getUserRewards ---> TOURGUIDESERVICE
getUserRewards ---> TOURGUIDESERVICE
getUserRewards ---> TOURGUIDESERVICE
getUserRewards ---> TOURGUIDESERVICE
getUserRewards ---> TOURGUIDESERVICE
getUserRewards ---> TOURGUIDESERVICE
getUserRewards ---> TOURGUIDESERVICE
getUserRewards ---> TOURGUIDESERVICE
getUserRewards ---> TOURGUIDESERVICE
getUserRewards ---> TOURGUIDESERVICE
getUserRewards ---> TOURGUIDESERVICE
getUserRewards ---> TOURGUIDESERVICE
getUserRewards ---> TOURGUIDESERVICE
getUserRewards ---> TOURGUIDESERVICE
getUserRewards ---> TOURGUIDESERVICE
getUserRewards ---> TOURGUIDESERVICE
getUserRewards ---> TOURGUIDESERVICE
getUserRewards ---> TOURGUIDESERVICE
getUserRewards ---> TOURGUIDESERVICE
getUserRewards ---> TOURGUIDESERVICE
getUserRewards ---> TOURGUIDESERVICE
getUserRewards ---> TOURGUIDESERVICE
getUserRewards ---> TOURGUIDESERVICE
getUserRewards ---> TOURGUIDESERVICE
getUserRewards ---> TOURGUIDESERVICE
getUserRewards ---> TOURGUIDESERVICE
getUserRewards ---> TOURGUIDESERVICE
getUserRewards ---> TOURGUIDESERVICE
getUserRewards ---> TOURGUIDESERVICE
getUserRewards ---> TOURGUIDESERVICE
getUserRewards ---> TOURGUIDESERVICE
getUserRewards ---> TOURGUIDESERVICE
getUserRewards ---> TOURGUIDESERVICE
getUserRewards ---> TOURGUIDESERVICE
getUserRewards ---> TOURGUIDESERVICE
getUserRewards ---> TOURGUIDESERVICE
getUserRewards ---> TOURGUIDESERVICE
getUserRewards ---> TOURGUIDESERVICE
getUserRewards ---> TOURGUIDESERVICE
getUserRewards ---> TOURGUIDESERVICE
getUserRewards ---> TOURGUIDESERVICE
getUserRewards ---> TOURGUIDESERVICE
getUserRewards ---> TOURGUIDESERVICE
getUserRewards ---> TOURGUIDESERVICE
getUserRewards ---> TOURGUIDESERVICE
getUserRewards ---> TOURGUIDESERVICE
getUserRewards ---> TOURGUIDESERVICE
getUserRewards ---> TOURGUIDESERVICE
getUserRewards ---> TOURGUIDESERVICE
getUserRewards ---> TOURGUIDESERVICE
getUserRewards ---> TOURGUIDESERVICE
getUserRewards ---> TOURGUIDESERVICE
getUserRewards ---> TOURGUIDESERVICE
getUserRewards ---> TOURGUIDESERVICE
getUserRewards ---> TOURGUIDESERVICE
getUserRewards ---> TOURGUIDESERVICE
getUserRewards ---> TOURGUIDESERVICE
getUserRewards ---> TOURGUIDESERVICE
getUserRewards ---> TOURGUIDESERVICE
getUserRewards ---> TOURGUIDESERVICE
getUserRewards ---> TOURGUIDESERVICE
getUserRewards ---> TOURGUIDESERVICE
getUserRewards ---> TOURGUIDESERVICE
getUserRewards ---> TOURGUIDESERVICE
getUserRewards ---> TOURGUIDESERVICE
getUserRewards ---> TOURGUIDESERVICE
getUserRewards ---> TOURGUIDESERVICE
getUserRewards ---> TOURGUIDESERVICE
getUserRewards ---> TOURGUIDESERVICE
getUserRewards ---> TOURGUIDESERVICE
getUserRewards ---> TOURGUIDESERVICE
getUserRewards ---> TOURGUIDESERVICE
getUserRewards ---> TOURGUIDESERVICE
getUserRewards ---> TOURGUIDESERVICE
getUserRewards ---> TOURGUIDESERVICE
getUserRewards ---> TOURGUIDESERVICE
getUserRewards ---> TOURGUIDESERVICE
getUserRewards ---> TOURGUIDESERVICE
getUserRewards ---> TOURGUIDESERVICE
getUserRewards ---> TOURGUIDESERVICE
getUserRewards ---> TOURGUIDESERVICE
getUserRewards ---> TOURGUIDESERVICE
getUserRewards ---> TOURGUIDESERVICE
getUserRewards ---> TOURGUIDESERVICE
getUserRewards ---> TOURGUIDESERVICE
getUserRewards ---> TOURGUIDESERVICE
getUserRewards ---> TOURGUIDESERVICE
getUserRewards ---> TOURGUIDESERVICE
getUserRewards ---> TOURGUIDESERVICE
getUserRewards ---> TOURGUIDESERVICE
getUserRewards ---> TOURGUIDESERVICE
getUserRewards ---> TOURGUIDESERVICE
getUserRewards ---> TOURGUIDESERVICE
getUserRewards ---> TOURGUIDESERVICE
getUserRewards ---> TOURGUIDESERVICE
getUserRewards ---> TOURGUIDESERVICE
getUserRewards ---> TOURGUIDESERVICE
getUserRewards ---> TOURGUIDESERVICE
getUserRewards ---> TOURGUIDESERVICE
getUserRewards ---> TOURGUIDESERVICE
getUserRewards ---> TOURGUIDESERVICE
getUserRewards ---> TOURGUIDESERVICE
getUserRewards ---> TOURGUIDESERVICE
getUserRewards ---> TOURGUIDESERVICE
getUserRewards ---> TOURGUIDESERVICE
getUserRewards ---> TOURGUIDESERVICE
getUserRewards ---> TOURGUIDESERVICE
getUserRewards ---> TOURGUIDESERVICE
getUserRewards ---> TOURGUIDESERVICE
getUserRewards ---> TOURGUIDESERVICE
getUserRewards ---> TOURGUIDESERVICE
getUserRewards ---> TOURGUIDESERVICE
getUserRewards ---> TOURGUIDESERVICE
getUserRewards ---> TOURGUIDESERVICE
getUserRewards ---> TOURGUIDESERVICE
getUserRewards ---> TOURGUIDESERVICE
getUserRewards ---> TOURGUIDESERVICE
getUserRewards ---> TOURGUIDESERVICE
getUserRewards ---> TOURGUIDESERVICE
getUserRewards ---> TOURGUIDESERVICE
getUserRewards ---> TOURGUIDESERVICE
getUserRewards ---> TOURGUIDESERVICE
getUserRewards ---> TOURGUIDESERVICE
getUserRewards ---> TOURGUIDESERVICE
getUserRewards ---> TOURGUIDESERVICE
getUserRewards ---> TOURGUIDESERVICE
getUserRewards ---> TOURGUIDESERVICE
getUserRewards ---> TOURGUIDESERVICE
getUserRewards ---> TOURGUIDESERVICE
getUserRewards ---> TOURGUIDESERVICE
getUserRewards ---> TOURGUIDESERVICE
getUserRewards ---> TOURGUIDESERVICE
getUserRewards ---> TOURGUIDESERVICE
getUserRewards ---> TOURGUIDESERVICE
getUserRewards ---> TOURGUIDESERVICE
getUserRewards ---> TOURGUIDESERVICE
getUserRewards ---> TOURGUIDESERVICE
getUserRewards ---> TOURGUIDESERVICE
getUserRewards ---> TOURGUIDESERVICE
getUserRewards ---> TOURGUIDESERVICE
getUserRewards ---> TOURGUIDESERVICE
getUserRewards ---> TOURGUIDESERVICE
getUserRewards ---> TOURGUIDESERVICE
getUserRewards ---> TOURGUIDESERVICE
getUserRewards ---> TOURGUIDESERVICE
getUserRewards ---> TOURGUIDESERVICE
getUserRewards ---> TOURGUIDESERVICE
getUserRewards ---> TOURGUIDESERVICE
getUserRewards ---> TOURGUIDESERVICE
getUserRewards ---> TOURGUIDESERVICE
getUserRewards ---> TOURGUIDESERVICE
getUserRewards ---> TOURGUIDESERVICE
getUserRewards ---> TOURGUIDESERVICE
getUserRewards ---> TOURGUIDESERVICE
getUserRewards ---> TOURGUIDESERVICE
getUserRewards ---> TOURGUIDESERVICE
getUserRewards ---> TOURGUIDESERVICE
getUserRewards ---> TOURGUIDESERVICE
getUserRewards ---> TOURGUIDESERVICE
getUserRewards ---> TOURGUIDESERVICE
getUserRewards ---> TOURGUIDESERVICE
getUserRewards ---> TOURGUIDESERVICE
getUserRewards ---> TOURGUIDESERVICE
getUserRewards ---> TOURGUIDESERVICE
getUserRewards ---> TOURGUIDESERVICE
getUserRewards ---> TOURGUIDESERVICE
getUserRewards ---> TOURGUIDESERVICE
getUserRewards ---> TOURGUIDESERVICE
getUserRewards ---> TOURGUIDESERVICE
getUserRewards ---> TOURGUIDESERVICE
getUserRewards ---> TOURGUIDESERVICE
getUserRewards ---> TOURGUIDESERVICE
getUserRewards ---> TOURGUIDESERVICE
getUserRewards ---> TOURGUIDESERVICE
getUserRewards ---> TOURGUIDESERVICE
getUserRewards ---> TOURGUIDESERVICE
getUserRewards ---> TOURGUIDESERVICE
getUserRewards ---> TOURGUIDESERVICE
getUserRewards ---> TOURGUIDESERVICE
getUserRewards ---> TOURGUIDESERVICE
getUserRewards ---> TOURGUIDESERVICE
getUserRewards ---> TOURGUIDESERVICE
getUserRewards ---> TOURGUIDESERVICE
getUserRewards ---> TOURGUIDESERVICE
getUserRewards ---> TOURGUIDESERVICE
getUserRewards ---> TOURGUIDESERVICE
getUserRewards ---> TOURGUIDESERVICE
getUserRewards ---> TOURGUIDESERVICE
getUserRewards ---> TOURGUIDESERVICE
getUserRewards ---> TOURGUIDESERVICE
getUserRewards ---> TOURGUIDESERVICE
getUserRewards ---> TOURGUIDESERVICE
getUserRewards ---> TOURGUIDESERVICE
getUserRewards ---> TOURGUIDESERVICE
getUserRewards ---> TOURGUIDESERVICE
getUserRewards ---> TOURGUIDESERVICE
getUserRewards ---> TOURGUIDESERVICE
getUserRewards ---> TOURGUIDESERVICE
getUserRewards ---> TOURGUIDESERVICE
getUserRewards ---> TOURGUIDESERVICE
getUserRewards ---> TOURGUIDESERVICE
getUserRewards ---> TOURGUIDESERVICE
getUserRewards ---> TOURGUIDESERVICE
getUserRewards ---> TOURGUIDESERVICE
getUserRewards ---> TOURGUIDESERVICE
getUserRewards ---> TOURGUIDESERVICE
getUserRewards ---> TOURGUIDESERVICE
getUserRewards ---> TOURGUIDESERVICE
getUserRewards ---> TOURGUIDESERVICE
getUserRewards ---> TOURGUIDESERVICE
getUserRewards ---> TOURGUIDESERVICE
getUserRewards ---> TOURGUIDESERVICE
getUserRewards ---> TOURGUIDESERVICE
getUserRewards ---> TOURGUIDESERVICE
getUserRewards ---> TOURGUIDESERVICE
getUserRewards ---> TOURGUIDESERVICE
getUserRewards ---> TOURGUIDESERVICE
getUserRewards ---> TOURGUIDESERVICE
getUserRewards ---> TOURGUIDESERVICE
getUserRewards ---> TOURGUIDESERVICE
getUserRewards ---> TOURGUIDESERVICE
getUserRewards ---> TOURGUIDESERVICE
getUserRewards ---> TOURGUIDESERVICE
getUserRewards ---> TOURGUIDESERVICE
getUserRewards ---> TOURGUIDESERVICE
getUserRewards ---> TOURGUIDESERVICE
getUserRewards ---> TOURGUIDESERVICE
getUserRewards ---> TOURGUIDESERVICE
getUserRewards ---> TOURGUIDESERVICE
getUserRewards ---> TOURGUIDESERVICE
getUserRewards ---> TOURGUIDESERVICE
getUserRewards ---> TOURGUIDESERVICE
getUserRewards ---> TOURGUIDESERVICE
getUserRewards ---> TOURGUIDESERVICE
getUserRewards ---> TOURGUIDESERVICE
getUserRewards ---> TOURGUIDESERVICE
getUserRewards ---> TOURGUIDESERVICE
getUserRewards ---> TOURGUIDESERVICE
getUserRewards ---> TOURGUIDESERVICE
getUserRewards ---> TOURGUIDESERVICE
getUserRewards ---> TOURGUIDESERVICE
getUserRewards ---> TOURGUIDESERVICE
getUserRewards ---> TOURGUIDESERVICE
getUserRewards ---> TOURGUIDESERVICE
getUserRewards ---> TOURGUIDESERVICE
getUserRewards ---> TOURGUIDESERVICE
getUserRewards ---> TOURGUIDESERVICE
getUserRewards ---> TOURGUIDESERVICE
getUserRewards ---> TOURGUIDESERVICE
getUserRewards ---> TOURGUIDESERVICE
getUserRewards ---> TOURGUIDESERVICE
getUserRewards ---> TOURGUIDESERVICE
getUserRewards ---> TOURGUIDESERVICE
getUserRewards ---> TOURGUIDESERVICE
getUserRewards ---> TOURGUIDESERVICE
getUserRewards ---> TOURGUIDESERVICE
getUserRewards ---> TOURGUIDESERVICE
getUserRewards ---> TOURGUIDESERVICE
getUserRewards ---> TOURGUIDESERVICE
getUserRewards ---> TOURGUIDESERVICE
getUserRewards ---> TOURGUIDESERVICE
getUserRewards ---> TOURGUIDESERVICE
getUserRewards ---> TOURGUIDESERVICE
getUserRewards ---> TOURGUIDESERVICE
getUserRewards ---> TOURGUIDESERVICE
getUserRewards ---> TOURGUIDESERVICE
getUserRewards ---> TOURGUIDESERVICE
getUserRewards ---> TOURGUIDESERVICE
getUserRewards ---> TOURGUIDESERVICE
getUserRewards ---> TOURGUIDESERVICE
getUserRewards ---> TOURGUIDESERVICE
getUserRewards ---> TOURGUIDESERVICE
getUserRewards ---> TOURGUIDESERVICE
getUserRewards ---> TOURGUIDESERVICE
getUserRewards ---> TOURGUIDESERVICE
getUserRewards ---> TOURGUIDESERVICE
getUserRewards ---> TOURGUIDESERVICE
getUserRewards ---> TOURGUIDESERVICE
getUserRewards ---> TOURGUIDESERVICE
getUserRewards ---> TOURGUIDESERVICE
getUserRewards ---> TOURGUIDESERVICE
getUserRewards ---> TOURGUIDESERVICE
getUserRewards ---> TOURGUIDESERVICE
getUserRewards ---> TOURGUIDESERVICE
getUserRewards ---> TOURGUIDESERVICE
getUserRewards ---> TOURGUIDESERVICE
getUserRewards ---> TOURGUIDESERVICE
getUserRewards ---> TOURGUIDESERVICE
getUserRewards ---> TOURGUIDESERVICE
getUserRewards ---> TOURGUIDESERVICE
getUserRewards ---> TOURGUIDESERVICE
getUserRewards ---> TOURGUIDESERVICE
getUserRewards ---> TOURGUIDESERVICE
getUserRewards ---> TOURGUIDESERVICE
getUserRewards ---> TOURGUIDESERVICE
getUserRewards ---> TOURGUIDESERVICE
getUserRewards ---> TOURGUIDESERVICE
getUserRewards ---> TOURGUIDESERVICE
getUserRewards ---> TOURGUIDESERVICE
getUserRewards ---> TOURGUIDESERVICE
getUserRewards ---> TOURGUIDESERVICE
getUserRewards ---> TOURGUIDESERVICE
getUserRewards ---> TOURGUIDESERVICE
getUserRewards ---> TOURGUIDESERVICE
getUserRewards ---> TOURGUIDESERVICE
getUserRewards ---> TOURGUIDESERVICE
getUserRewards ---> TOURGUIDESERVICE
getUserRewards ---> TOURGUIDESERVICE
getUserRewards ---> TOURGUIDESERVICE
getUserRewards ---> TOURGUIDESERVICE
getUserRewards ---> TOURGUIDESERVICE
getUserRewards ---> TOURGUIDESERVICE
getUserRewards ---> TOURGUIDESERVICE
getUserRewards ---> TOURGUIDESERVICE
getUserRewards ---> TOURGUIDESERVICE
getUserRewards ---> TOURGUIDESERVICE
getUserRewards ---> TOURGUIDESERVICE
getUserRewards ---> TOURGUIDESERVICE
getUserRewards ---> TOURGUIDESERVICE
getUserRewards ---> TOURGUIDESERVICE
getUserRewards ---> TOURGUIDESERVICE
getUserRewards ---> TOURGUIDESERVICE
getUserRewards ---> TOURGUIDESERVICE
getUserRewards ---> TOURGUIDESERVICE
getUserRewards ---> TOURGUIDESERVICE
getUserRewards ---> TOURGUIDESERVICE
getUserRewards ---> TOURGUIDESERVICE
getUserRewards ---> TOURGUIDESERVICE
getUserRewards ---> TOURGUIDESERVICE
getUserRewards ---> TOURGUIDESERVICE
getUserRewards ---> TOURGUIDESERVICE
getUserRewards ---> TOURGUIDESERVICE
getUserRewards ---> TOURGUIDESERVICE
getUserRewards ---> TOURGUIDESERVICE
getUserRewards ---> TOURGUIDESERVICE
getUserRewards ---> TOURGUIDESERVICE
getUserRewards ---> TOURGUIDESERVICE
getUserRewards ---> TOURGUIDESERVICE
getUserRewards ---> TOURGUIDESERVICE
getUserRewards ---> TOURGUIDESERVICE
getUserRewards ---> TOURGUIDESERVICE
getUserRewards ---> TOURGUIDESERVICE
getUserRewards ---> TOURGUIDESERVICE
getUserRewards ---> TOURGUIDESERVICE
getUserRewards ---> TOURGUIDESERVICE
getUserRewards ---> TOURGUIDESERVICE
getUserRewards ---> TOURGUIDESERVICE
getUserRewards ---> TOURGUIDESERVICE
getUserRewards ---> TOURGUIDESERVICE
getUserRewards ---> TOURGUIDESERVICE
getUserRewards ---> TOURGUIDESERVICE
getUserRewards ---> TOURGUIDESERVICE
getUserRewards ---> TOURGUIDESERVICE
getUserRewards ---> TOURGUIDESERVICE
getUserRewards ---> TOURGUIDESERVICE
getUserRewards ---> TOURGUIDESERVICE
getUserRewards ---> TOURGUIDESERVICE
getUserRewards ---> TOURGUIDESERVICE
getUserRewards ---> TOURGUIDESERVICE
getUserRewards ---> TOURGUIDESERVICE
getUserRewards ---> TOURGUIDESERVICE
getUserRewards ---> TOURGUIDESERVICE
getUserRewards ---> TOURGUIDESERVICE
getUserRewards ---> TOURGUIDESERVICE
getUserRewards ---> TOURGUIDESERVICE
getUserRewards ---> TOURGUIDESERVICE
getUserRewards ---> TOURGUIDESERVICE
getUserRewards ---> TOURGUIDESERVICE
getUserRewards ---> TOURGUIDESERVICE
getUserRewards ---> TOURGUIDESERVICE
getUserRewards ---> TOURGUIDESERVICE
getUserRewards ---> TOURGUIDESERVICE
getUserRewards ---> TOURGUIDESERVICE
getUserRewards ---> TOURGUIDESERVICE
getUserRewards ---> TOURGUIDESERVICE
getUserRewards ---> TOURGUIDESERVICE
getUserRewards ---> TOURGUIDESERVICE
getUserRewards ---> TOURGUIDESERVICE
getUserRewards ---> TOURGUIDESERVICE
getUserRewards ---> TOURGUIDESERVICE
getUserRewards ---> TOURGUIDESERVICE
getUserRewards ---> TOURGUIDESERVICE
getUserRewards ---> TOURGUIDESERVICE
getUserRewards ---> TOURGUIDESERVICE
getUserRewards ---> TOURGUIDESERVICE
getUserRewards ---> TOURGUIDESERVICE
getUserRewards ---> TOURGUIDESERVICE
getUserRewards ---> TOURGUIDESERVICE
getUserRewards ---> TOURGUIDESERVICE
getUserRewards ---> TOURGUIDESERVICE
getUserRewards ---> TOURGUIDESERVICE
getUserRewards ---> TOURGUIDESERVICE
getUserRewards ---> TOURGUIDESERVICE
getUserRewards ---> TOURGUIDESERVICE
getUserRewards ---> TOURGUIDESERVICE
getUserRewards ---> TOURGUIDESERVICE
getUserRewards ---> TOURGUIDESERVICE
getUserRewards ---> TOURGUIDESERVICE
getUserRewards ---> TOURGUIDESERVICE
getUserRewards ---> TOURGUIDESERVICE
getUserRewards ---> TOURGUIDESERVICE
getUserRewards ---> TOURGUIDESERVICE
getUserRewards ---> TOURGUIDESERVICE
getUserRewards ---> TOURGUIDESERVICE
getUserRewards ---> TOURGUIDESERVICE
getUserRewards ---> TOURGUIDESERVICE
getUserRewards ---> TOURGUIDESERVICE
getUserRewards ---> TOURGUIDESERVICE
getUserRewards ---> TOURGUIDESERVICE
getUserRewards ---> TOURGUIDESERVICE
getUserRewards ---> TOURGUIDESERVICE
getUserRewards ---> TOURGUIDESERVICE
getUserRewards ---> TOURGUIDESERVICE
getUserRewards ---> TOURGUIDESERVICE
getUserRewards ---> TOURGUIDESERVICE
getUserRewards ---> TOURGUIDESERVICE
getUserRewards ---> TOURGUIDESERVICE
getUserRewards ---> TOURGUIDESERVICE
getUserRewards ---> TOURGUIDESERVICE
getUserRewards ---> TOURGUIDESERVICE
getUserRewards ---> TOURGUIDESERVICE
getUserRewards ---> TOURGUIDESERVICE
getUserRewards ---> TOURGUIDESERVICE
getUserRewards ---> TOURGUIDESERVICE
getUserRewards ---> TOURGUIDESERVICE
getUserRewards ---> TOURGUIDESERVICE
getUserRewards ---> TOURGUIDESERVICE
getUserRewards ---> TOURGUIDESERVICE
getUserRewards ---> TOURGUIDESERVICE
getUserRewards ---> TOURGUIDESERVICE
getUserRewards ---> TOURGUIDESERVICE
getUserRewards ---> TOURGUIDESERVICE
getUserRewards ---> TOURGUIDESERVICE
getUserRewards ---> TOURGUIDESERVICE
getUserRewards ---> TOURGUIDESERVICE
getUserRewards ---> TOURGUIDESERVICE
getUserRewards ---> TOURGUIDESERVICE
getUserRewards ---> TOURGUIDESERVICE
getUserRewards ---> TOURGUIDESERVICE
getUserRewards ---> TOURGUIDESERVICE
getUserRewards ---> TOURGUIDESERVICE
getUserRewards ---> TOURGUIDESERVICE
getUserRewards ---> TOURGUIDESERVICE
getUserRewards ---> TOURGUIDESERVICE
getUserRewards ---> TOURGUIDESERVICE
getUserRewards ---> TOURGUIDESERVICE
getUserRewards ---> TOURGUIDESERVICE
getUserRewards ---> TOURGUIDESERVICE
getUserRewards ---> TOURGUIDESERVICE
getUserRewards ---> TOURGUIDESERVICE
getUserRewards ---> TOURGUIDESERVICE
getUserRewards ---> TOURGUIDESERVICE
getUserRewards ---> TOURGUIDESERVICE
getUserRewards ---> TOURGUIDESERVICE
getUserRewards ---> TOURGUIDESERVICE
getUserRewards ---> TOURGUIDESERVICE
getUserRewards ---> TOURGUIDESERVICE
getUserRewards ---> TOURGUIDESERVICE
getUserRewards ---> TOURGUIDESERVICE
getUserRewards ---> TOURGUIDESERVICE
getUserRewards ---> TOURGUIDESERVICE
getUserRewards ---> TOURGUIDESERVICE
getUserRewards ---> TOURGUIDESERVICE
getUserRewards ---> TOURGUIDESERVICE
getUserRewards ---> TOURGUIDESERVICE
getUserRewards ---> TOURGUIDESERVICE
getUserRewards ---> TOURGUIDESERVICE
getUserRewards ---> TOURGUIDESERVICE
getUserRewards ---> TOURGUIDESERVICE
getUserRewards ---> TOURGUIDESERVICE
getUserRewards ---> TOURGUIDESERVICE
getUserRewards ---> TOURGUIDESERVICE
getUserRewards ---> TOURGUIDESERVICE
getUserRewards ---> TOURGUIDESERVICE
getUserRewards ---> TOURGUIDESERVICE
getUserRewards ---> TOURGUIDESERVICE
getUserRewards ---> TOURGUIDESERVICE
getUserRewards ---> TOURGUIDESERVICE
getUserRewards ---> TOURGUIDESERVICE
getUserRewards ---> TOURGUIDESERVICE
getUserRewards ---> TOURGUIDESERVICE
getUserRewards ---> TOURGUIDESERVICE
getUserRewards ---> TOURGUIDESERVICE
getUserRewards ---> TOURGUIDESERVICE
getUserRewards ---> TOURGUIDESERVICE
getUserRewards ---> TOURGUIDESERVICE
getUserRewards ---> TOURGUIDESERVICE
getUserRewards ---> TOURGUIDESERVICE
getUserRewards ---> TOURGUIDESERVICE
getUserRewards ---> TOURGUIDESERVICE
getUserRewards ---> TOURGUIDESERVICE
getUserRewards ---> TOURGUIDESERVICE
getUserRewards ---> TOURGUIDESERVICE
getUserRewards ---> TOURGUIDESERVICE
getUserRewards ---> TOURGUIDESERVICE
getUserRewards ---> TOURGUIDESERVICE
getUserRewards ---> TOURGUIDESERVICE
getUserRewards ---> TOURGUIDESERVICE
getUserRewards ---> TOURGUIDESERVICE
getUserRewards ---> TOURGUIDESERVICE
getUserRewards ---> TOURGUIDESERVICE
getUserRewards ---> TOURGUIDESERVICE
getUserRewards ---> TOURGUIDESERVICE
getUserRewards ---> TOURGUIDESERVICE
getUserRewards ---> TOURGUIDESERVICE
getUserRewards ---> TOURGUIDESERVICE
getUserRewards ---> TOURGUIDESERVICE
getUserRewards ---> TOURGUIDESERVICE
getUserRewards ---> TOURGUIDESERVICE
getUserRewards ---> TOURGUIDESERVICE
getUserRewards ---> TOURGUIDESERVICE
getUserRewards ---> TOURGUIDESERVICE
getUserRewards ---> TOURGUIDESERVICE
getUserRewards ---> TOURGUIDESERVICE
getUserRewards ---> TOURGUIDESERVICE
getUserRewards ---> TOURGUIDESERVICE
getUserRewards ---> TOURGUIDESERVICE
getUserRewards ---> TOURGUIDESERVICE
getUserRewards ---> TOURGUIDESERVICE
getUserRewards ---> TOURGUIDESERVICE
getUserRewards ---> TOURGUIDESERVICE
getUserRewards ---> TOURGUIDESERVICE
getUserRewards ---> TOURGUIDESERVICE
getUserRewards ---> TOURGUIDESERVICE
getUserRewards ---> TOURGUIDESERVICE
getUserRewards ---> TOURGUIDESERVICE
getUserRewards ---> TOURGUIDESERVICE
getUserRewards ---> TOURGUIDESERVICE
getUserRewards ---> TOURGUIDESERVICE
getUserRewards ---> TOURGUIDESERVICE
getUserRewards ---> TOURGUIDESERVICE
getUserRewards ---> TOURGUIDESERVICE
getUserRewards ---> TOURGUIDESERVICE
getUserRewards ---> TOURGUIDESERVICE
getUserRewards ---> TOURGUIDESERVICE
getUserRewards ---> TOURGUIDESERVICE
getUserRewards ---> TOURGUIDESERVICE
getUserRewards ---> TOURGUIDESERVICE
getUserRewards ---> TOURGUIDESERVICE
getUserRewards ---> TOURGUIDESERVICE
getUserRewards ---> TOURGUIDESERVICE
getUserRewards ---> TOURGUIDESERVICE
getUserRewards ---> TOURGUIDESERVICE
getUserRewards ---> TOURGUIDESERVICE
getUserRewards ---> TOURGUIDESERVICE
getUserRewards ---> TOURGUIDESERVICE
getUserRewards ---> TOURGUIDESERVICE
getUserRewards ---> TOURGUIDESERVICE
getUserRewards ---> TOURGUIDESERVICE
getUserRewards ---> TOURGUIDESERVICE
getUserRewards ---> TOURGUIDESERVICE
getUserRewards ---> TOURGUIDESERVICE
getUserRewards ---> TOURGUIDESERVICE
getUserRewards ---> TOURGUIDESERVICE
getUserRewards ---> TOURGUIDESERVICE
getUserRewards ---> TOURGUIDESERVICE
getUserRewards ---> TOURGUIDESERVICE
getUserRewards ---> TOURGUIDESERVICE
getUserRewards ---> TOURGUIDESERVICE
getUserRewards ---> TOURGUIDESERVICE
getUserRewards ---> TOURGUIDESERVICE
getUserRewards ---> TOURGUIDESERVICE
getUserRewards ---> TOURGUIDESERVICE
getUserRewards ---> TOURGUIDESERVICE
getUserRewards ---> TOURGUIDESERVICE
getUserRewards ---> TOURGUIDESERVICE
getUserRewards ---> TOURGUIDESERVICE
getUserRewards ---> TOURGUIDESERVICE
getUserRewards ---> TOURGUIDESERVICE
getUserRewards ---> TOURGUIDESERVICE
getUserRewards ---> TOURGUIDESERVICE
getUserRewards ---> TOURGUIDESERVICE
getUserRewards ---> TOURGUIDESERVICE
getUserRewards ---> TOURGUIDESERVICE
getUserRewards ---> TOURGUIDESERVICE
getUserRewards ---> TOURGUIDESERVICE
getUserRewards ---> TOURGUIDESERVICE
getUserRewards ---> TOURGUIDESERVICE
getUserRewards ---> TOURGUIDESERVICE
getUserRewards ---> TOURGUIDESERVICE
getUserRewards ---> TOURGUIDESERVICE
getUserRewards ---> TOURGUIDESERVICE
getUserRewards ---> TOURGUIDESERVICE
getUserRewards ---> TOURGUIDESERVICE
getUserRewards ---> TOURGUIDESERVICE
getUserRewards ---> TOURGUIDESERVICE
getUserRewards ---> TOURGUIDESERVICE
getUserRewards ---> TOURGUIDESERVICE
getUserRewards ---> TOURGUIDESERVICE
getUserRewards ---> TOURGUIDESERVICE
getUserRewards ---> TOURGUIDESERVICE
getUserRewards ---> TOURGUIDESERVICE
getUserRewards ---> TOURGUIDESERVICE
getUserRewards ---> TOURGUIDESERVICE
getUserRewards ---> TOURGUIDESERVICE
getUserRewards ---> TOURGUIDESERVICE
getUserRewards ---> TOURGUIDESERVICE
getUserRewards ---> TOURGUIDESERVICE
getUserRewards ---> TOURGUIDESERVICE
getUserRewards ---> TOURGUIDESERVICE
getUserRewards ---> TOURGUIDESERVICE
getUserRewards ---> TOURGUIDESERVICE
getUserRewards ---> TOURGUIDESERVICE
getUserRewards ---> TOURGUIDESERVICE
getUserRewards ---> TOURGUIDESERVICE
getUserRewards ---> TOURGUIDESERVICE
getUserRewards ---> TOURGUIDESERVICE
getUserRewards ---> TOURGUIDESERVICE
getUserRewards ---> TOURGUIDESERVICE
getUserRewards ---> TOURGUIDESERVICE
getUserRewards ---> TOURGUIDESERVICE
getUserRewards ---> TOURGUIDESERVICE
getUserRewards ---> TOURGUIDESERVICE
getUserRewards ---> TOURGUIDESERVICE
getUserRewards ---> TOURGUIDESERVICE
getUserRewards ---> TOURGUIDESERVICE
getUserRewards ---> TOURGUIDESERVICE
getUserRewards ---> TOURGUIDESERVICE
getUserRewards ---> TOURGUIDESERVICE
getUserRewards ---> TOURGUIDESERVICE
getUserRewards ---> TOURGUIDESERVICE
getUserRewards ---> TOURGUIDESERVICE
getUserRewards ---> TOURGUIDESERVICE
getUserRewards ---> TOURGUIDESERVICE
getUserRewards ---> TOURGUIDESERVICE
getUserRewards ---> TOURGUIDESERVICE
getUserRewards ---> TOURGUIDESERVICE
getUserRewards ---> TOURGUIDESERVICE
getUserRewards ---> TOURGUIDESERVICE
getUserRewards ---> TOURGUIDESERVICE
getUserRewards ---> TOURGUIDESERVICE
getUserRewards ---> TOURGUIDESERVICE
getUserRewards ---> TOURGUIDESERVICE
getUserRewards ---> TOURGUIDESERVICE
getUserRewards ---> TOURGUIDESERVICE
getUserRewards ---> TOURGUIDESERVICE
getUserRewards ---> TOURGUIDESERVICE
getUserRewards ---> TOURGUIDESERVICE
getUserRewards ---> TOURGUIDESERVICE
getUserRewards ---> TOURGUIDESERVICE
getUserRewards ---> TOURGUIDESERVICE
getUserRewards ---> TOURGUIDESERVICE
getUserRewards ---> TOURGUIDESERVICE
getUserRewards ---> TOURGUIDESERVICE
getUserRewards ---> TOURGUIDESERVICE
getUserRewards ---> TOURGUIDESERVICE
getUserRewards ---> TOURGUIDESERVICE
getUserRewards ---> TOURGUIDESERVICE
getUserRewards ---> TOURGUIDESERVICE
getUserRewards ---> TOURGUIDESERVICE
getUserRewards ---> TOURGUIDESERVICE
getUserRewards ---> TOURGUIDESERVICE
getUserRewards ---> TOURGUIDESERVICE
getUserRewards ---> TOURGUIDESERVICE
getUserRewards ---> TOURGUIDESERVICE
getUserRewards ---> TOURGUIDESERVICE
getUserRewards ---> TOURGUIDESERVICE
getUserRewards ---> TOURGUIDESERVICE
getUserRewards ---> TOURGUIDESERVICE
getUserRewards ---> TOURGUIDESERVICE
getUserRewards ---> TOURGUIDESERVICE
getUserRewards ---> TOURGUIDESERVICE
getUserRewards ---> TOURGUIDESERVICE
getUserRewards ---> TOURGUIDESERVICE
getUserRewards ---> TOURGUIDESERVICE
getUserRewards ---> TOURGUIDESERVICE
getUserRewards ---> TOURGUIDESERVICE
getUserRewards ---> TOURGUIDESERVICE
getUserRewards ---> TOURGUIDESERVICE
getUserRewards ---> TOURGUIDESERVICE
getUserRewards ---> TOURGUIDESERVICE
getUserRewards ---> TOURGUIDESERVICE
getUserRewards ---> TOURGUIDESERVICE
getUserRewards ---> TOURGUIDESERVICE
getUserRewards ---> TOURGUIDESERVICE
getUserRewards ---> TOURGUIDESERVICE
getUserRewards ---> TOURGUIDESERVICE
getUserRewards ---> TOURGUIDESERVICE
getUserRewards ---> TOURGUIDESERVICE
getUserRewards ---> TOURGUIDESERVICE
getUserRewards ---> TOURGUIDESERVICE
getUserRewards ---> TOURGUIDESERVICE
getUserRewards ---> TOURGUIDESERVICE
getUserRewards ---> TOURGUIDESERVICE
getUserRewards ---> TOURGUIDESERVICE
getUserRewards ---> TOURGUIDESERVICE
getUserRewards ---> TOURGUIDESERVICE
getUserRewards ---> TOURGUIDESERVICE
getUserRewards ---> TOURGUIDESERVICE
getUserRewards ---> TOURGUIDESERVICE
getUserRewards ---> TOURGUIDESERVICE
getUserRewards ---> TOURGUIDESERVICE
getUserRewards ---> TOURGUIDESERVICE
getUserRewards ---> TOURGUIDESERVICE
getUserRewards ---> TOURGUIDESERVICE
getUserRewards ---> TOURGUIDESERVICE
getUserRewards ---> TOURGUIDESERVICE
getUserRewards ---> TOURGUIDESERVICE
getUserRewards ---> TOURGUIDESERVICE
getUserRewards ---> TOURGUIDESERVICE
getUserRewards ---> TOURGUIDESERVICE
getUserRewards ---> TOURGUIDESERVICE
getUserRewards ---> TOURGUIDESERVICE
getUserRewards ---> TOURGUIDESERVICE
getUserRewards ---> TOURGUIDESERVICE
getUserRewards ---> TOURGUIDESERVICE
getUserRewards ---> TOURGUIDESERVICE
getUserRewards ---> TOURGUIDESERVICE
getUserRewards ---> TOURGUIDESERVICE
getUserRewards ---> TOURGUIDESERVICE
getUserRewards ---> TOURGUIDESERVICE
getUserRewards ---> TOURGUIDESERVICE
getUserRewards ---> TOURGUIDESERVICE
getUserRewards ---> TOURGUIDESERVICE
getUserRewards ---> TOURGUIDESERVICE
getUserRewards ---> TOURGUIDESERVICE
getUserRewards ---> TOURGUIDESERVICE
getUserRewards ---> TOURGUIDESERVICE
getUserRewards ---> TOURGUIDESERVICE
getUserRewards ---> TOURGUIDESERVICE
getUserRewards ---> TOURGUIDESERVICE
getUserRewards ---> TOURGUIDESERVICE
getUserRewards ---> TOURGUIDESERVICE
getUserRewards ---> TOURGUIDESERVICE
getUserRewards ---> TOURGUIDESERVICE
getUserRewards ---> TOURGUIDESERVICE
getUserRewards ---> TOURGUIDESERVICE
getUserRewards ---> TOURGUIDESERVICE
getUserRewards ---> TOURGUIDESERVICE
getUserRewards ---> TOURGUIDESERVICE
getUserRewards ---> TOURGUIDESERVICE
getUserRewards ---> TOURGUIDESERVICE
getUserRewards ---> TOURGUIDESERVICE
getUserRewards ---> TOURGUIDESERVICE
getUserRewards ---> TOURGUIDESERVICE
getUserRewards ---> TOURGUIDESERVICE
getUserRewards ---> TOURGUIDESERVICE
getUserRewards ---> TOURGUIDESERVICE
getUserRewards ---> TOURGUIDESERVICE
getUserRewards ---> TOURGUIDESERVICE
getUserRewards ---> TOURGUIDESERVICE
getUserRewards ---> TOURGUIDESERVICE
getUserRewards ---> TOURGUIDESERVICE
getUserRewards ---> TOURGUIDESERVICE
getUserRewards ---> TOURGUIDESERVICE
getUserRewards ---> TOURGUIDESERVICE
getUserRewards ---> TOURGUIDESERVICE
getUserRewards ---> TOURGUIDESERVICE
getUserRewards ---> TOURGUIDESERVICE
getUserRewards ---> TOURGUIDESERVICE
getUserRewards ---> TOURGUIDESERVICE
getUserRewards ---> TOURGUIDESERVICE
getUserRewards ---> TOURGUIDESERVICE
getUserRewards ---> TOURGUIDESERVICE
getUserRewards ---> TOURGUIDESERVICE
getUserRewards ---> TOURGUIDESERVICE
getUserRewards ---> TOURGUIDESERVICE
getUserRewards ---> TOURGUIDESERVICE
getUserRewards ---> TOURGUIDESERVICE
getUserRewards ---> TOURGUIDESERVICE
getUserRewards ---> TOURGUIDESERVICE
getUserRewards ---> TOURGUIDESERVICE
getUserRewards ---> TOURGUIDESERVICE
getUserRewards ---> TOURGUIDESERVICE
getUserRewards ---> TOURGUIDESERVICE
getUserRewards ---> TOURGUIDESERVICE
getUserRewards ---> TOURGUIDESERVICE
getUserRewards ---> TOURGUIDESERVICE
getUserRewards ---> TOURGUIDESERVICE
getUserRewards ---> TOURGUIDESERVICE
getUserRewards ---> TOURGUIDESERVICE
getUserRewards ---> TOURGUIDESERVICE
getUserRewards ---> TOURGUIDESERVICE
getUserRewards ---> TOURGUIDESERVICE
getUserRewards ---> TOURGUIDESERVICE
getUserRewards ---> TOURGUIDESERVICE
getUserRewards ---> TOURGUIDESERVICE
getUserRewards ---> TOURGUIDESERVICE
getUserRewards ---> TOURGUIDESERVICE
getUserRewards ---> TOURGUIDESERVICE
getUserRewards ---> TOURGUIDESERVICE
getUserRewards ---> TOURGUIDESERVICE
getUserRewards ---> TOURGUIDESERVICE
getUserRewards ---> TOURGUIDESERVICE
getUserRewards ---> TOURGUIDESERVICE
getUserRewards ---> TOURGUIDESERVICE
getUserRewards ---> TOURGUIDESERVICE
getUserRewards ---> TOURGUIDESERVICE
getUserRewards ---> TOURGUIDESERVICE
getUserRewards ---> TOURGUIDESERVICE
getUserRewards ---> TOURGUIDESERVICE
getUserRewards ---> TOURGUIDESERVICE
getUserRewards ---> TOURGUIDESERVICE
getUserRewards ---> TOURGUIDESERVICE
getUserRewards ---> TOURGUIDESERVICE
getUserRewards ---> TOURGUIDESERVICE
getUserRewards ---> TOURGUIDESERVICE
getUserRewards ---> TOURGUIDESERVICE
getUserRewards ---> TOURGUIDESERVICE
getUserRewards ---> TOURGUIDESERVICE
getUserRewards ---> TOURGUIDESERVICE
getUserRewards ---> TOURGUIDESERVICE
getUserRewards ---> TOURGUIDESERVICE
getUserRewards ---> TOURGUIDESERVICE
getUserRewards ---> TOURGUIDESERVICE
getUserRewards ---> TOURGUIDESERVICE
getUserRewards ---> TOURGUIDESERVICE
getUserRewards ---> TOURGUIDESERVICE
getUserRewards ---> TOURGUIDESERVICE
getUserRewards ---> TOURGUIDESERVICE
getUserRewards ---> TOURGUIDESERVICE
getUserRewards ---> TOURGUIDESERVICE
getUserRewards ---> TOURGUIDESERVICE
getUserRewards ---> TOURGUIDESERVICE
getUserRewards ---> TOURGUIDESERVICE
getUserRewards ---> TOURGUIDESERVICE
getUserRewards ---> TOURGUIDESERVICE
getUserRewards ---> TOURGUIDESERVICE
getUserRewards ---> TOURGUIDESERVICE
getUserRewards ---> TOURGUIDESERVICE
getUserRewards ---> TOURGUIDESERVICE
getUserRewards ---> TOURGUIDESERVICE
getUserRewards ---> TOURGUIDESERVICE
getUserRewards ---> TOURGUIDESERVICE
getUserRewards ---> TOURGUIDESERVICE
getUserRewards ---> TOURGUIDESERVICE
getUserRewards ---> TOURGUIDESERVICE
getUserRewards ---> TOURGUIDESERVICE
getUserRewards ---> TOURGUIDESERVICE
getUserRewards ---> TOURGUIDESERVICE
getUserRewards ---> TOURGUIDESERVICE
getUserRewards ---> TOURGUIDESERVICE
getUserRewards ---> TOURGUIDESERVICE
getUserRewards ---> TOURGUIDESERVICE
getUserRewards ---> TOURGUIDESERVICE
getUserRewards ---> TOURGUIDESERVICE
getUserRewards ---> TOURGUIDESERVICE
getUserRewards ---> TOURGUIDESERVICE
getUserRewards ---> TOURGUIDESERVICE
getUserRewards ---> TOURGUIDESERVICE
getUserRewards ---> TOURGUIDESERVICE
getUserRewards ---> TOURGUIDESERVICE
getUserRewards ---> TOURGUIDESERVICE
getUserRewards ---> TOURGUIDESERVICE
getUserRewards ---> TOURGUIDESERVICE
getUserRewards ---> TOURGUIDESERVICE
getUserRewards ---> TOURGUIDESERVICE
getUserRewards ---> TOURGUIDESERVICE
getUserRewards ---> TOURGUIDESERVICE
getUserRewards ---> TOURGUIDESERVICE
getUserRewards ---> TOURGUIDESERVICE
getUserRewards ---> TOURGUIDESERVICE
getUserRewards ---> TOURGUIDESERVICE
getUserRewards ---> TOURGUIDESERVICE
getUserRewards ---> TOURGUIDESERVICE
getUserRewards ---> TOURGUIDESERVICE
getUserRewards ---> TOURGUIDESERVICE
getUserRewards ---> TOURGUIDESERVICE
getUserRewards ---> TOURGUIDESERVICE
getUserRewards ---> TOURGUIDESERVICE
getUserRewards ---> TOURGUIDESERVICE
getUserRewards ---> TOURGUIDESERVICE
getUserRewards ---> TOURGUIDESERVICE
getUserRewards ---> TOURGUIDESERVICE
getUserRewards ---> TOURGUIDESERVICE
getUserRewards ---> TOURGUIDESERVICE
getUserRewards ---> TOURGUIDESERVICE
getUserRewards ---> TOURGUIDESERVICE
getUserRewards ---> TOURGUIDESERVICE
getUserRewards ---> TOURGUIDESERVICE
getUserRewards ---> TOURGUIDESERVICE
getUserRewards ---> TOURGUIDESERVICE
getUserRewards ---> TOURGUIDESERVICE
getUserRewards ---> TOURGUIDESERVICE
getUserRewards ---> TOURGUIDESERVICE
getUserRewards ---> TOURGUIDESERVICE
getUserRewards ---> TOURGUIDESERVICE
getUserRewards ---> TOURGUIDESERVICE
getUserRewards ---> TOURGUIDESERVICE
getUserRewards ---> TOURGUIDESERVICE
getUserRewards ---> TOURGUIDESERVICE
getUserRewards ---> TOURGUIDESERVICE
getUserRewards ---> TOURGUIDESERVICE
getUserRewards ---> TOURGUIDESERVICE
getUserRewards ---> TOURGUIDESERVICE
getUserRewards ---> TOURGUIDESERVICE
getUserRewards ---> TOURGUIDESERVICE
getUserRewards ---> TOURGUIDESERVICE
getUserRewards ---> TOURGUIDESERVICE
getUserRewards ---> TOURGUIDESERVICE
getUserRewards ---> TOURGUIDESERVICE
getUserRewards ---> TOURGUIDESERVICE
getUserRewards ---> TOURGUIDESERVICE
getUserRewards ---> TOURGUIDESERVICE
getUserRewards ---> TOURGUIDESERVICE
getUserRewards ---> TOURGUIDESERVICE
getUserRewards ---> TOURGUIDESERVICE
getUserRewards ---> TOURGUIDESERVICE
getUserRewards ---> TOURGUIDESERVICE
getUserRewards ---> TOURGUIDESERVICE
getUserRewards ---> TOURGUIDESERVICE
getUserRewards ---> TOURGUIDESERVICE
getUserRewards ---> TOURGUIDESERVICE
getUserRewards ---> TOURGUIDESERVICE
getUserRewards ---> TOURGUIDESERVICE
getUserRewards ---> TOURGUIDESERVICE
getUserRewards ---> TOURGUIDESERVICE
getUserRewards ---> TOURGUIDESERVICE
getUserRewards ---> TOURGUIDESERVICE
getUserRewards ---> TOURGUIDESERVICE
getUserRewards ---> TOURGUIDESERVICE
getUserRewards ---> TOURGUIDESERVICE
getUserRewards ---> TOURGUIDESERVICE
getUserRewards ---> TOURGUIDESERVICE
getUserRewards ---> TOURGUIDESERVICE
getUserRewards ---> TOURGUIDESERVICE
getUserRewards ---> TOURGUIDESERVICE
getUserRewards ---> TOURGUIDESERVICE
getUserRewards ---> TOURGUIDESERVICE
getUserRewards ---> TOURGUIDESERVICE
getUserRewards ---> TOURGUIDESERVICE
getUserRewards ---> TOURGUIDESERVICE
getUserRewards ---> TOURGUIDESERVICE
getUserRewards ---> TOURGUIDESERVICE
getUserRewards ---> TOURGUIDESERVICE
getUserRewards ---> TOURGUIDESERVICE
getUserRewards ---> TOURGUIDESERVICE
getUserRewards ---> TOURGUIDESERVICE
getUserRewards ---> TOURGUIDESERVICE
getUserRewards ---> TOURGUIDESERVICE
getUserRewards ---> TOURGUIDESERVICE
getUserRewards ---> TOURGUIDESERVICE
getUserRewards ---> TOURGUIDESERVICE
getUserRewards ---> TOURGUIDESERVICE
getUserRewards ---> TOURGUIDESERVICE
getUserRewards ---> TOURGUIDESERVICE
getUserRewards ---> TOURGUIDESERVICE
getUserRewards ---> TOURGUIDESERVICE
getUserRewards ---> TOURGUIDESERVICE
getUserRewards ---> TOURGUIDESERVICE
getUserRewards ---> TOURGUIDESERVICE
getUserRewards ---> TOURGUIDESERVICE
getUserRewards ---> TOURGUIDESERVICE
getUserRewards ---> TOURGUIDESERVICE
getUserRewards ---> TOURGUIDESERVICE
getUserRewards ---> TOURGUIDESERVICE
getUserRewards ---> TOURGUIDESERVICE
getUserRewards ---> TOURGUIDESERVICE
getUserRewards ---> TOURGUIDESERVICE
getUserRewards ---> TOURGUIDESERVICE
getUserRewards ---> TOURGUIDESERVICE
getUserRewards ---> TOURGUIDESERVICE
getUserRewards ---> TOURGUIDESERVICE
getUserRewards ---> TOURGUIDESERVICE
getUserRewards ---> TOURGUIDESERVICE
getUserRewards ---> TOURGUIDESERVICE
getUserRewards ---> TOURGUIDESERVICE
getUserRewards ---> TOURGUIDESERVICE
getUserRewards ---> TOURGUIDESERVICE
getUserRewards ---> TOURGUIDESERVICE
getUserRewards ---> TOURGUIDESERVICE
getUserRewards ---> TOURGUIDESERVICE
getUserRewards ---> TOURGUIDESERVICE
getUserRewards ---> TOURGUIDESERVICE
getUserRewards ---> TOURGUIDESERVICE
getUserRewards ---> TOURGUIDESERVICE
getUserRewards ---> TOURGUIDESERVICE
getUserRewards ---> TOURGUIDESERVICE
getUserRewards ---> TOURGUIDESERVICE
getUserRewards ---> TOURGUIDESERVICE
getUserRewards ---> TOURGUIDESERVICE
getUserRewards ---> TOURGUIDESERVICE
getUserRewards ---> TOURGUIDESERVICE
getUserRewards ---> TOURGUIDESERVICE
getUserRewards ---> TOURGUIDESERVICE
getUserRewards ---> TOURGUIDESERVICE
getUserRewards ---> TOURGUIDESERVICE
getUserRewards ---> TOURGUIDESERVICE
getUserRewards ---> TOURGUIDESERVICE
getUserRewards ---> TOURGUIDESERVICE
getUserRewards ---> TOURGUIDESERVICE
getUserRewards ---> TOURGUIDESERVICE
getUserRewards ---> TOURGUIDESERVICE
getUserRewards ---> TOURGUIDESERVICE
getUserRewards ---> TOURGUIDESERVICE
getUserRewards ---> TOURGUIDESERVICE
getUserRewards ---> TOURGUIDESERVICE
getUserRewards ---> TOURGUIDESERVICE
getUserRewards ---> TOURGUIDESERVICE
getUserRewards ---> TOURGUIDESERVICE
getUserRewards ---> TOURGUIDESERVICE
getUserRewards ---> TOURGUIDESERVICE
getUserRewards ---> TOURGUIDESERVICE
getUserRewards ---> TOURGUIDESERVICE
getUserRewards ---> TOURGUIDESERVICE
getUserRewards ---> TOURGUIDESERVICE
getUserRewards ---> TOURGUIDESERVICE
getUserRewards ---> TOURGUIDESERVICE
getUserRewards ---> TOURGUIDESERVICE
getUserRewards ---> TOURGUIDESERVICE
getUserRewards ---> TOURGUIDESERVICE
getUserRewards ---> TOURGUIDESERVICE
getUserRewards ---> TOURGUIDESERVICE
getUserRewards ---> TOURGUIDESERVICE
getUserRewards ---> TOURGUIDESERVICE
getUserRewards ---> TOURGUIDESERVICE
getUserRewards ---> TOURGUIDESERVICE
getUserRewards ---> TOURGUIDESERVICE
getUserRewards ---> TOURGUIDESERVICE
getUserRewards ---> TOURGUIDESERVICE
getUserRewards ---> TOURGUIDESERVICE
getUserRewards ---> TOURGUIDESERVICE
getUserRewards ---> TOURGUIDESERVICE
getUserRewards ---> TOURGUIDESERVICE
getUserRewards ---> TOURGUIDESERVICE
getUserRewards ---> TOURGUIDESERVICE
getUserRewards ---> TOURGUIDESERVICE
getUserRewards ---> TOURGUIDESERVICE
getUserRewards ---> TOURGUIDESERVICE
getUserRewards ---> TOURGUIDESERVICE
getUserRewards ---> TOURGUIDESERVICE
getUserRewards ---> TOURGUIDESERVICE
getUserRewards ---> TOURGUIDESERVICE
getUserRewards ---> TOURGUIDESERVICE
getUserRewards ---> TOURGUIDESERVICE
getUserRewards ---> TOURGUIDESERVICE
getUserRewards ---> TOURGUIDESERVICE
getUserRewards ---> TOURGUIDESERVICE
getUserRewards ---> TOURGUIDESERVICE
getUserRewards ---> TOURGUIDESERVICE
getUserRewards ---> TOURGUIDESERVICE
getUserRewards ---> TOURGUIDESERVICE
getUserRewards ---> TOURGUIDESERVICE
getUserRewards ---> TOURGUIDESERVICE
getUserRewards ---> TOURGUIDESERVICE
getUserRewards ---> TOURGUIDESERVICE
getUserRewards ---> TOURGUIDESERVICE
getUserRewards ---> TOURGUIDESERVICE
getUserRewards ---> TOURGUIDESERVICE
getUserRewards ---> TOURGUIDESERVICE
getUserRewards ---> TOURGUIDESERVICE
getUserRewards ---> TOURGUIDESERVICE
getUserRewards ---> TOURGUIDESERVICE
getUserRewards ---> TOURGUIDESERVICE
getUserRewards ---> TOURGUIDESERVICE
getUserRewards ---> TOURGUIDESERVICE
getUserRewards ---> TOURGUIDESERVICE
getUserRewards ---> TOURGUIDESERVICE
getUserRewards ---> TOURGUIDESERVICE
getUserRewards ---> TOURGUIDESERVICE
getUserRewards ---> TOURGUIDESERVICE
getUserRewards ---> TOURGUIDESERVICE
getUserRewards ---> TOURGUIDESERVICE
getUserRewards ---> TOURGUIDESERVICE
getUserRewards ---> TOURGUIDESERVICE
getUserRewards ---> TOURGUIDESERVICE
getUserRewards ---> TOURGUIDESERVICE
getUserRewards ---> TOURGUIDESERVICE
getUserRewards ---> TOURGUIDESERVICE
getUserRewards ---> TOURGUIDESERVICE
getUserRewards ---> TOURGUIDESERVICE
getUserRewards ---> TOURGUIDESERVICE
getUserRewards ---> TOURGUIDESERVICE
getUserRewards ---> TOURGUIDESERVICE
getUserRewards ---> TOURGUIDESERVICE
getUserRewards ---> TOURGUIDESERVICE
getUserRewards ---> TOURGUIDESERVICE
getUserRewards ---> TOURGUIDESERVICE
getUserRewards ---> TOURGUIDESERVICE
getUserRewards ---> TOURGUIDESERVICE
getUserRewards ---> TOURGUIDESERVICE
getUserRewards ---> TOURGUIDESERVICE
getUserRewards ---> TOURGUIDESERVICE
getUserRewards ---> TOURGUIDESERVICE
getUserRewards ---> TOURGUIDESERVICE
getUserRewards ---> TOURGUIDESERVICE
getUserRewards ---> TOURGUIDESERVICE
getUserRewards ---> TOURGUIDESERVICE
getUserRewards ---> TOURGUIDESERVICE
getUserRewards ---> TOURGUIDESERVICE
getUserRewards ---> TOURGUIDESERVICE
getUserRewards ---> TOURGUIDESERVICE
getUserRewards ---> TOURGUIDESERVICE
getUserRewards ---> TOURGUIDESERVICE
getUserRewards ---> TOURGUIDESERVICE
getUserRewards ---> TOURGUIDESERVICE
getUserRewards ---> TOURGUIDESERVICE
getUserRewards ---> TOURGUIDESERVICE
getUserRewards ---> TOURGUIDESERVICE
getUserRewards ---> TOURGUIDESERVICE
getUserRewards ---> TOURGUIDESERVICE
getUserRewards ---> TOURGUIDESERVICE
getUserRewards ---> TOURGUIDESERVICE
getUserRewards ---> TOURGUIDESERVICE
getUserRewards ---> TOURGUIDESERVICE
getUserRewards ---> TOURGUIDESERVICE
getUserRewards ---> TOURGUIDESERVICE
getUserRewards ---> TOURGUIDESERVICE
getUserRewards ---> TOURGUIDESERVICE
getUserRewards ---> TOURGUIDESERVICE
getUserRewards ---> TOURGUIDESERVICE
getUserRewards ---> TOURGUIDESERVICE
getUserRewards ---> TOURGUIDESERVICE
getUserRewards ---> TOURGUIDESERVICE
getUserRewards ---> TOURGUIDESERVICE
getUserRewards ---> TOURGUIDESERVICE
getUserRewards ---> TOURGUIDESERVICE
getUserRewards ---> TOURGUIDESERVICE
getUserRewards ---> TOURGUIDESERVICE
getUserRewards ---> TOURGUIDESERVICE
getUserRewards ---> TOURGUIDESERVICE
getUserRewards ---> TOURGUIDESERVICE
getUserRewards ---> TOURGUIDESERVICE
getUserRewards ---> TOURGUIDESERVICE
getUserRewards ---> TOURGUIDESERVICE
getUserRewards ---> TOURGUIDESERVICE
getUserRewards ---> TOURGUIDESERVICE
getUserRewards ---> TOURGUIDESERVICE
getUserRewards ---> TOURGUIDESERVICE
getUserRewards ---> TOURGUIDESERVICE
getUserRewards ---> TOURGUIDESERVICE
getUserRewards ---> TOURGUIDESERVICE
getUserRewards ---> TOURGUIDESERVICE
getUserRewards ---> TOURGUIDESERVICE
getUserRewards ---> TOURGUIDESERVICE
getUserRewards ---> TOURGUIDESERVICE
getUserRewards ---> TOURGUIDESERVICE
getUserRewards ---> TOURGUIDESERVICE
getUserRewards ---> TOURGUIDESERVICE
getUserRewards ---> TOURGUIDESERVICE
getUserRewards ---> TOURGUIDESERVICE
getUserRewards ---> TOURGUIDESERVICE
getUserRewards ---> TOURGUIDESERVICE
getUserRewards ---> TOURGUIDESERVICE
getUserRewards ---> TOURGUIDESERVICE
getUserRewards ---> TOURGUIDESERVICE
getUserRewards ---> TOURGUIDESERVICE
getUserRewards ---> TOURGUIDESERVICE
getUserRewards ---> TOURGUIDESERVICE
getUserRewards ---> TOURGUIDESERVICE
getUserRewards ---> TOURGUIDESERVICE
getUserRewards ---> TOURGUIDESERVICE
getUserRewards ---> TOURGUIDESERVICE
getUserRewards ---> TOURGUIDESERVICE
getUserRewards ---> TOURGUIDESERVICE
getUserRewards ---> TOURGUIDESERVICE
getUserRewards ---> TOURGUIDESERVICE
getUserRewards ---> TOURGUIDESERVICE
getUserRewards ---> TOURGUIDESERVICE
getUserRewards ---> TOURGUIDESERVICE
getUserRewards ---> TOURGUIDESERVICE
getUserRewards ---> TOURGUIDESERVICE
getUserRewards ---> TOURGUIDESERVICE
getUserRewards ---> TOURGUIDESERVICE
getUserRewards ---> TOURGUIDESERVICE
getUserRewards ---> TOURGUIDESERVICE
getUserRewards ---> TOURGUIDESERVICE
getUserRewards ---> TOURGUIDESERVICE
getUserRewards ---> TOURGUIDESERVICE
getUserRewards ---> TOURGUIDESERVICE
getUserRewards ---> TOURGUIDESERVICE
getUserRewards ---> TOURGUIDESERVICE
getUserRewards ---> TOURGUIDESERVICE
getUserRewards ---> TOURGUIDESERVICE
getUserRewards ---> TOURGUIDESERVICE
getUserRewards ---> TOURGUIDESERVICE
getUserRewards ---> TOURGUIDESERVICE
getUserRewards ---> TOURGUIDESERVICE
getUserRewards ---> TOURGUIDESERVICE
getUserRewards ---> TOURGUIDESERVICE
getUserRewards ---> TOURGUIDESERVICE
getUserRewards ---> TOURGUIDESERVICE
getUserRewards ---> TOURGUIDESERVICE
getUserRewards ---> TOURGUIDESERVICE
getUserRewards ---> TOURGUIDESERVICE
getUserRewards ---> TOURGUIDESERVICE
getUserRewards ---> TOURGUIDESERVICE
getUserRewards ---> TOURGUIDESERVICE
getUserRewards ---> TOURGUIDESERVICE
getUserRewards ---> TOURGUIDESERVICE
getUserRewards ---> TOURGUIDESERVICE
getUserRewards ---> TOURGUIDESERVICE
getUserRewards ---> TOURGUIDESERVICE
getUserRewards ---> TOURGUIDESERVICE
getUserRewards ---> TOURGUIDESERVICE
getUserRewards ---> TOURGUIDESERVICE
getUserRewards ---> TOURGUIDESERVICE
getUserRewards ---> TOURGUIDESERVICE
getUserRewards ---> TOURGUIDESERVICE
getUserRewards ---> TOURGUIDESERVICE
getUserRewards ---> TOURGUIDESERVICE
getUserRewards ---> TOURGUIDESERVICE
getUserRewards ---> TOURGUIDESERVICE
getUserRewards ---> TOURGUIDESERVICE
getUserRewards ---> TOURGUIDESERVICE
getUserRewards ---> TOURGUIDESERVICE
getUserRewards ---> TOURGUIDESERVICE
getUserRewards ---> TOURGUIDESERVICE
getUserRewards ---> TOURGUIDESERVICE
getUserRewards ---> TOURGUIDESERVICE
getUserRewards ---> TOURGUIDESERVICE
getUserRewards ---> TOURGUIDESERVICE
getUserRewards ---> TOURGUIDESERVICE
getUserRewards ---> TOURGUIDESERVICE
getUserRewards ---> TOURGUIDESERVICE
getUserRewards ---> TOURGUIDESERVICE
getUserRewards ---> TOURGUIDESERVICE
getUserRewards ---> TOURGUIDESERVICE
getUserRewards ---> TOURGUIDESERVICE
getUserRewards ---> TOURGUIDESERVICE
getUserRewards ---> TOURGUIDESERVICE
getUserRewards ---> TOURGUIDESERVICE
getUserRewards ---> TOURGUIDESERVICE
getUserRewards ---> TOURGUIDESERVICE
getUserRewards ---> TOURGUIDESERVICE
getUserRewards ---> TOURGUIDESERVICE
getUserRewards ---> TOURGUIDESERVICE
getUserRewards ---> TOURGUIDESERVICE
getUserRewards ---> TOURGUIDESERVICE
getUserRewards ---> TOURGUIDESERVICE
getUserRewards ---> TOURGUIDESERVICE
getUserRewards ---> TOURGUIDESERVICE
getUserRewards ---> TOURGUIDESERVICE
getUserRewards ---> TOURGUIDESERVICE
getUserRewards ---> TOURGUIDESERVICE
getUserRewards ---> TOURGUIDESERVICE
getUserRewards ---> TOURGUIDESERVICE
getUserRewards ---> TOURGUIDESERVICE
getUserRewards ---> TOURGUIDESERVICE
getUserRewards ---> TOURGUIDESERVICE
getUserRewards ---> TOURGUIDESERVICE
getUserRewards ---> TOURGUIDESERVICE
getUserRewards ---> TOURGUIDESERVICE
getUserRewards ---> TOURGUIDESERVICE
getUserRewards ---> TOURGUIDESERVICE
getUserRewards ---> TOURGUIDESERVICE
getUserRewards ---> TOURGUIDESERVICE
getUserRewards ---> TOURGUIDESERVICE
getUserRewards ---> TOURGUIDESERVICE
getUserRewards ---> TOURGUIDESERVICE
getUserRewards ---> TOURGUIDESERVICE
getUserRewards ---> TOURGUIDESERVICE
getUserRewards ---> TOURGUIDESERVICE
getUserRewards ---> TOURGUIDESERVICE
getUserRewards ---> TOURGUIDESERVICE
getUserRewards ---> TOURGUIDESERVICE
getUserRewards ---> TOURGUIDESERVICE
getUserRewards ---> TOURGUIDESERVICE
getUserRewards ---> TOURGUIDESERVICE
getUserRewards ---> TOURGUIDESERVICE
getUserRewards ---> TOURGUIDESERVICE
getUserRewards ---> TOURGUIDESERVICE
getUserRewards ---> TOURGUIDESERVICE
getUserRewards ---> TOURGUIDESERVICE
getUserRewards ---> TOURGUIDESERVICE
getUserRewards ---> TOURGUIDESERVICE
getUserRewards ---> TOURGUIDESERVICE
getUserRewards ---> TOURGUIDESERVICE
getUserRewards ---> TOURGUIDESERVICE
getUserRewards ---> TOURGUIDESERVICE
getUserRewards ---> TOURGUIDESERVICE
getUserRewards ---> TOURGUIDESERVICE
getUserRewards ---> TOURGUIDESERVICE
getUserRewards ---> TOURGUIDESERVICE
getUserRewards ---> TOURGUIDESERVICE
getUserRewards ---> TOURGUIDESERVICE
getUserRewards ---> TOURGUIDESERVICE
getUserRewards ---> TOURGUIDESERVICE
getUserRewards ---> TOURGUIDESERVICE
getUserRewards ---> TOURGUIDESERVICE
getUserRewards ---> TOURGUIDESERVICE
getUserRewards ---> TOURGUIDESERVICE
getUserRewards ---> TOURGUIDESERVICE
getUserRewards ---> TOURGUIDESERVICE
getUserRewards ---> TOURGUIDESERVICE
getUserRewards ---> TOURGUIDESERVICE
getUserRewards ---> TOURGUIDESERVICE
getUserRewards ---> TOURGUIDESERVICE
getUserRewards ---> TOURGUIDESERVICE
getUserRewards ---> TOURGUIDESERVICE
getUserRewards ---> TOURGUIDESERVICE
getUserRewards ---> TOURGUIDESERVICE
getUserRewards ---> TOURGUIDESERVICE
getUserRewards ---> TOURGUIDESERVICE
getUserRewards ---> TOURGUIDESERVICE
getUserRewards ---> TOURGUIDESERVICE
getUserRewards ---> TOURGUIDESERVICE
getUserRewards ---> TOURGUIDESERVICE
getUserRewards ---> TOURGUIDESERVICE
getUserRewards ---> TOURGUIDESERVICE
getUserRewards ---> TOURGUIDESERVICE
getUserRewards ---> TOURGUIDESERVICE
getUserRewards ---> TOURGUIDESERVICE
getUserRewards ---> TOURGUIDESERVICE
getUserRewards ---> TOURGUIDESERVICE
getUserRewards ---> TOURGUIDESERVICE
getUserRewards ---> TOURGUIDESERVICE
getUserRewards ---> TOURGUIDESERVICE
getUserRewards ---> TOURGUIDESERVICE
getUserRewards ---> TOURGUIDESERVICE
getUserRewards ---> TOURGUIDESERVICE
getUserRewards ---> TOURGUIDESERVICE
getUserRewards ---> TOURGUIDESERVICE
getUserRewards ---> TOURGUIDESERVICE
getUserRewards ---> TOURGUIDESERVICE
getUserRewards ---> TOURGUIDESERVICE
getUserRewards ---> TOURGUIDESERVICE
getUserRewards ---> TOURGUIDESERVICE
getUserRewards ---> TOURGUIDESERVICE
getUserRewards ---> TOURGUIDESERVICE
getUserRewards ---> TOURGUIDESERVICE
getUserRewards ---> TOURGUIDESERVICE
getUserRewards ---> TOURGUIDESERVICE
getUserRewards ---> TOURGUIDESERVICE
getUserRewards ---> TOURGUIDESERVICE
getUserRewards ---> TOURGUIDESERVICE
getUserRewards ---> TOURGUIDESERVICE
getUserRewards ---> TOURGUIDESERVICE
getUserRewards ---> TOURGUIDESERVICE
getUserRewards ---> TOURGUIDESERVICE
getUserRewards ---> TOURGUIDESERVICE
getUserRewards ---> TOURGUIDESERVICE
getUserRewards ---> TOURGUIDESERVICE
getUserRewards ---> TOURGUIDESERVICE
getUserRewards ---> TOURGUIDESERVICE
getUserRewards ---> TOURGUIDESERVICE
getUserRewards ---> TOURGUIDESERVICE
getUserRewards ---> TOURGUIDESERVICE
getUserRewards ---> TOURGUIDESERVICE
getUserRewards ---> TOURGUIDESERVICE
getUserRewards ---> TOURGUIDESERVICE
getUserRewards ---> TOURGUIDESERVICE
getUserRewards ---> TOURGUIDESERVICE
getUserRewards ---> TOURGUIDESERVICE
getUserRewards ---> TOURGUIDESERVICE
getUserRewards ---> TOURGUIDESERVICE
getUserRewards ---> TOURGUIDESERVICE
getUserRewards ---> TOURGUIDESERVICE
getUserRewards ---> TOURGUIDESERVICE
getUserRewards ---> TOURGUIDESERVICE
getUserRewards ---> TOURGUIDESERVICE
getUserRewards ---> TOURGUIDESERVICE
getUserRewards ---> TOURGUIDESERVICE
getUserRewards ---> TOURGUIDESERVICE
getUserRewards ---> TOURGUIDESERVICE
getUserRewards ---> TOURGUIDESERVICE
getUserRewards ---> TOURGUIDESERVICE
getUserRewards ---> TOURGUIDESERVICE
getUserRewards ---> TOURGUIDESERVICE
getUserRewards ---> TOURGUIDESERVICE
getUserRewards ---> TOURGUIDESERVICE
getUserRewards ---> TOURGUIDESERVICE
getUserRewards ---> TOURGUIDESERVICE
getUserRewards ---> TOURGUIDESERVICE
getUserRewards ---> TOURGUIDESERVICE
getUserRewards ---> TOURGUIDESERVICE
getUserRewards ---> TOURGUIDESERVICE
getUserRewards ---> TOURGUIDESERVICE
getUserRewards ---> TOURGUIDESERVICE
getUserRewards ---> TOURGUIDESERVICE
getUserRewards ---> TOURGUIDESERVICE
getUserRewards ---> TOURGUIDESERVICE
getUserRewards ---> TOURGUIDESERVICE
getUserRewards ---> TOURGUIDESERVICE
getUserRewards ---> TOURGUIDESERVICE
getUserRewards ---> TOURGUIDESERVICE
getUserRewards ---> TOURGUIDESERVICE
getUserRewards ---> TOURGUIDESERVICE
getUserRewards ---> TOURGUIDESERVICE
getUserRewards ---> TOURGUIDESERVICE
getUserRewards ---> TOURGUIDESERVICE
getUserRewards ---> TOURGUIDESERVICE
getUserRewards ---> TOURGUIDESERVICE
getUserRewards ---> TOURGUIDESERVICE
getUserRewards ---> TOURGUIDESERVICE
getUserRewards ---> TOURGUIDESERVICE
getUserRewards ---> TOURGUIDESERVICE
getUserRewards ---> TOURGUIDESERVICE
getUserRewards ---> TOURGUIDESERVICE
getUserRewards ---> TOURGUIDESERVICE
getUserRewards ---> TOURGUIDESERVICE
getUserRewards ---> TOURGUIDESERVICE
getUserRewards ---> TOURGUIDESERVICE
getUserRewards ---> TOURGUIDESERVICE
getUserRewards ---> TOURGUIDESERVICE
getUserRewards ---> TOURGUIDESERVICE
getUserRewards ---> TOURGUIDESERVICE
getUserRewards ---> TOURGUIDESERVICE
getUserRewards ---> TOURGUIDESERVICE
getUserRewards ---> TOURGUIDESERVICE
getUserRewards ---> TOURGUIDESERVICE
getUserRewards ---> TOURGUIDESERVICE
getUserRewards ---> TOURGUIDESERVICE
getUserRewards ---> TOURGUIDESERVICE
getUserRewards ---> TOURGUIDESERVICE
getUserRewards ---> TOURGUIDESERVICE
getUserRewards ---> TOURGUIDESERVICE
getUserRewards ---> TOURGUIDESERVICE
getUserRewards ---> TOURGUIDESERVICE
getUserRewards ---> TOURGUIDESERVICE
getUserRewards ---> TOURGUIDESERVICE
getUserRewards ---> TOURGUIDESERVICE
getUserRewards ---> TOURGUIDESERVICE
getUserRewards ---> TOURGUIDESERVICE
getUserRewards ---> TOURGUIDESERVICE
getUserRewards ---> TOURGUIDESERVICE
getUserRewards ---> TOURGUIDESERVICE
getUserRewards ---> TOURGUIDESERVICE
getUserRewards ---> TOURGUIDESERVICE
getUserRewards ---> TOURGUIDESERVICE
getUserRewards ---> TOURGUIDESERVICE
getUserRewards ---> TOURGUIDESERVICE
getUserRewards ---> TOURGUIDESERVICE
getUserRewards ---> TOURGUIDESERVICE
getUserRewards ---> TOURGUIDESERVICE
getUserRewards ---> TOURGUIDESERVICE
getUserRewards ---> TOURGUIDESERVICE
getUserRewards ---> TOURGUIDESERVICE
getUserRewards ---> TOURGUIDESERVICE
getUserRewards ---> TOURGUIDESERVICE
getUserRewards ---> TOURGUIDESERVICE
getUserRewards ---> TOURGUIDESERVICE
getUserRewards ---> TOURGUIDESERVICE
getUserRewards ---> TOURGUIDESERVICE
getUserRewards ---> TOURGUIDESERVICE
getUserRewards ---> TOURGUIDESERVICE
getUserRewards ---> TOURGUIDESERVICE
getUserRewards ---> TOURGUIDESERVICE
getUserRewards ---> TOURGUIDESERVICE
getUserRewards ---> TOURGUIDESERVICE
getUserRewards ---> TOURGUIDESERVICE
getUserRewards ---> TOURGUIDESERVICE
getUserRewards ---> TOURGUIDESERVICE
getUserRewards ---> TOURGUIDESERVICE
getUserRewards ---> TOURGUIDESERVICE
getUserRewards ---> TOURGUIDESERVICE
getUserRewards ---> TOURGUIDESERVICE
getUserRewards ---> TOURGUIDESERVICE
getUserRewards ---> TOURGUIDESERVICE
getUserRewards ---> TOURGUIDESERVICE
getUserRewards ---> TOURGUIDESERVICE
getUserRewards ---> TOURGUIDESERVICE
getUserRewards ---> TOURGUIDESERVICE
getUserRewards ---> TOURGUIDESERVICE
getUserRewards ---> TOURGUIDESERVICE
getUserRewards ---> TOURGUIDESERVICE
getUserRewards ---> TOURGUIDESERVICE
getUserRewards ---> TOURGUIDESERVICE
getUserRewards ---> TOURGUIDESERVICE
getUserRewards ---> TOURGUIDESERVICE
getUserRewards ---> TOURGUIDESERVICE
getUserRewards ---> TOURGUIDESERVICE
getUserRewards ---> TOURGUIDESERVICE
getUserRewards ---> TOURGUIDESERVICE
getUserRewards ---> TOURGUIDESERVICE
getUserRewards ---> TOURGUIDESERVICE
getUserRewards ---> TOURGUIDESERVICE
getUserRewards ---> TOURGUIDESERVICE
getUserRewards ---> TOURGUIDESERVICE
getUserRewards ---> TOURGUIDESERVICE
getUserRewards ---> TOURGUIDESERVICE
getUserRewards ---> TOURGUIDESERVICE
getUserRewards ---> TOURGUIDESERVICE
getUserRewards ---> TOURGUIDESERVICE
getUserRewards ---> TOURGUIDESERVICE
getUserRewards ---> TOURGUIDESERVICE
getUserRewards ---> TOURGUIDESERVICE
getUserRewards ---> TOURGUIDESERVICE
getUserRewards ---> TOURGUIDESERVICE
getUserRewards ---> TOURGUIDESERVICE
getUserRewards ---> TOURGUIDESERVICE
getUserRewards ---> TOURGUIDESERVICE
getUserRewards ---> TOURGUIDESERVICE
getUserRewards ---> TOURGUIDESERVICE
getUserRewards ---> TOURGUIDESERVICE
getUserRewards ---> TOURGUIDESERVICE
getUserRewards ---> TOURGUIDESERVICE
getUserRewards ---> TOURGUIDESERVICE
getUserRewards ---> TOURGUIDESERVICE
getUserRewards ---> TOURGUIDESERVICE
getUserRewards ---> TOURGUIDESERVICE
getUserRewards ---> TOURGUIDESERVICE
getUserRewards ---> TOURGUIDESERVICE
getUserRewards ---> TOURGUIDESERVICE
getUserRewards ---> TOURGUIDESERVICE
getUserRewards ---> TOURGUIDESERVICE
getUserRewards ---> TOURGUIDESERVICE
getUserRewards ---> TOURGUIDESERVICE
getUserRewards ---> TOURGUIDESERVICE
getUserRewards ---> TOURGUIDESERVICE
getUserRewards ---> TOURGUIDESERVICE
getUserRewards ---> TOURGUIDESERVICE
getUserRewards ---> TOURGUIDESERVICE
getUserRewards ---> TOURGUIDESERVICE
getUserRewards ---> TOURGUIDESERVICE
getUserRewards ---> TOURGUIDESERVICE
getUserRewards ---> TOURGUIDESERVICE
getUserRewards ---> TOURGUIDESERVICE
getUserRewards ---> TOURGUIDESERVICE
getUserRewards ---> TOURGUIDESERVICE
getUserRewards ---> TOURGUIDESERVICE
getUserRewards ---> TOURGUIDESERVICE
getUserRewards ---> TOURGUIDESERVICE
getUserRewards ---> TOURGUIDESERVICE
getUserRewards ---> TOURGUIDESERVICE
getUserRewards ---> TOURGUIDESERVICE
getUserRewards ---> TOURGUIDESERVICE
getUserRewards ---> TOURGUIDESERVICE
getUserRewards ---> TOURGUIDESERVICE
getUserRewards ---> TOURGUIDESERVICE
getUserRewards ---> TOURGUIDESERVICE
getUserRewards ---> TOURGUIDESERVICE
getUserRewards ---> TOURGUIDESERVICE
getUserRewards ---> TOURGUIDESERVICE
getUserRewards ---> TOURGUIDESERVICE
getUserRewards ---> TOURGUIDESERVICE
getUserRewards ---> TOURGUIDESERVICE
getUserRewards ---> TOURGUIDESERVICE
getUserRewards ---> TOURGUIDESERVICE
getUserRewards ---> TOURGUIDESERVICE
getUserRewards ---> TOURGUIDESERVICE
getUserRewards ---> TOURGUIDESERVICE
getUserRewards ---> TOURGUIDESERVICE
getUserRewards ---> TOURGUIDESERVICE
getUserRewards ---> TOURGUIDESERVICE
getUserRewards ---> TOURGUIDESERVICE
getUserRewards ---> TOURGUIDESERVICE
getUserRewards ---> TOURGUIDESERVICE
getUserRewards ---> TOURGUIDESERVICE
getUserRewards ---> TOURGUIDESERVICE
getUserRewards ---> TOURGUIDESERVICE
getUserRewards ---> TOURGUIDESERVICE
getUserRewards ---> TOURGUIDESERVICE
getUserRewards ---> TOURGUIDESERVICE
getUserRewards ---> TOURGUIDESERVICE
getUserRewards ---> TOURGUIDESERVICE
getUserRewards ---> TOURGUIDESERVICE
getUserRewards ---> TOURGUIDESERVICE
getUserRewards ---> TOURGUIDESERVICE
getUserRewards ---> TOURGUIDESERVICE
getUserRewards ---> TOURGUIDESERVICE
getUserRewards ---> TOURGUIDESERVICE
getUserRewards ---> TOURGUIDESERVICE
getUserRewards ---> TOURGUIDESERVICE
getUserRewards ---> TOURGUIDESERVICE
getUserRewards ---> TOURGUIDESERVICE
getUserRewards ---> TOURGUIDESERVICE
getUserRewards ---> TOURGUIDESERVICE
getUserRewards ---> TOURGUIDESERVICE
getUserRewards ---> TOURGUIDESERVICE
getUserRewards ---> TOURGUIDESERVICE
getUserRewards ---> TOURGUIDESERVICE
getUserRewards ---> TOURGUIDESERVICE
getUserRewards ---> TOURGUIDESERVICE
getUserRewards ---> TOURGUIDESERVICE
getUserRewards ---> TOURGUIDESERVICE
getUserRewards ---> TOURGUIDESERVICE
getUserRewards ---> TOURGUIDESERVICE
getUserRewards ---> TOURGUIDESERVICE
getUserRewards ---> TOURGUIDESERVICE
getUserRewards ---> TOURGUIDESERVICE
getUserRewards ---> TOURGUIDESERVICE
getUserRewards ---> TOURGUIDESERVICE
getUserRewards ---> TOURGUIDESERVICE
getUserRewards ---> TOURGUIDESERVICE
getUserRewards ---> TOURGUIDESERVICE
getUserRewards ---> TOURGUIDESERVICE
getUserRewards ---> TOURGUIDESERVICE
getUserRewards ---> TOURGUIDESERVICE
getUserRewards ---> TOURGUIDESERVICE
getUserRewards ---> TOURGUIDESERVICE
getUserRewards ---> TOURGUIDESERVICE
getUserRewards ---> TOURGUIDESERVICE
getUserRewards ---> TOURGUIDESERVICE
getUserRewards ---> TOURGUIDESERVICE
getUserRewards ---> TOURGUIDESERVICE
getUserRewards ---> TOURGUIDESERVICE
getUserRewards ---> TOURGUIDESERVICE
getUserRewards ---> TOURGUIDESERVICE
getUserRewards ---> TOURGUIDESERVICE
getUserRewards ---> TOURGUIDESERVICE
getUserRewards ---> TOURGUIDESERVICE
getUserRewards ---> TOURGUIDESERVICE
getUserRewards ---> TOURGUIDESERVICE
getUserRewards ---> TOURGUIDESERVICE
getUserRewards ---> TOURGUIDESERVICE
getUserRewards ---> TOURGUIDESERVICE
getUserRewards ---> TOURGUIDESERVICE
getUserRewards ---> TOURGUIDESERVICE
getUserRewards ---> TOURGUIDESERVICE
getUserRewards ---> TOURGUIDESERVICE
getUserRewards ---> TOURGUIDESERVICE
getUserRewards ---> TOURGUIDESERVICE
getUserRewards ---> TOURGUIDESERVICE
getUserRewards ---> TOURGUIDESERVICE
getUserRewards ---> TOURGUIDESERVICE
getUserRewards ---> TOURGUIDESERVICE
getUserRewards ---> TOURGUIDESERVICE
getUserRewards ---> TOURGUIDESERVICE
getUserRewards ---> TOURGUIDESERVICE
getUserRewards ---> TOURGUIDESERVICE
getUserRewards ---> TOURGUIDESERVICE
getUserRewards ---> TOURGUIDESERVICE
getUserRewards ---> TOURGUIDESERVICE
getUserRewards ---> TOURGUIDESERVICE
getUserRewards ---> TOURGUIDESERVICE
getUserRewards ---> TOURGUIDESERVICE
getUserRewards ---> TOURGUIDESERVICE
getUserRewards ---> TOURGUIDESERVICE
getUserRewards ---> TOURGUIDESERVICE
getUserRewards ---> TOURGUIDESERVICE
getUserRewards ---> TOURGUIDESERVICE
getUserRewards ---> TOURGUIDESERVICE
getUserRewards ---> TOURGUIDESERVICE
getUserRewards ---> TOURGUIDESERVICE
getUserRewards ---> TOURGUIDESERVICE
getUserRewards ---> TOURGUIDESERVICE
getUserRewards ---> TOURGUIDESERVICE
getUserRewards ---> TOURGUIDESERVICE
getUserRewards ---> TOURGUIDESERVICE
getUserRewards ---> TOURGUIDESERVICE
getUserRewards ---> TOURGUIDESERVICE
getUserRewards ---> TOURGUIDESERVICE
getUserRewards ---> TOURGUIDESERVICE
getUserRewards ---> TOURGUIDESERVICE
getUserRewards ---> TOURGUIDESERVICE
getUserRewards ---> TOURGUIDESERVICE
getUserRewards ---> TOURGUIDESERVICE
getUserRewards ---> TOURGUIDESERVICE
getUserRewards ---> TOURGUIDESERVICE
getUserRewards ---> TOURGUIDESERVICE
getUserRewards ---> TOURGUIDESERVICE
getUserRewards ---> TOURGUIDESERVICE
getUserRewards ---> TOURGUIDESERVICE
getUserRewards ---> TOURGUIDESERVICE
getUserRewards ---> TOURGUIDESERVICE
getUserRewards ---> TOURGUIDESERVICE
getUserRewards ---> TOURGUIDESERVICE
getUserRewards ---> TOURGUIDESERVICE
getUserRewards ---> TOURGUIDESERVICE
getUserRewards ---> TOURGUIDESERVICE
getUserRewards ---> TOURGUIDESERVICE
getUserRewards ---> TOURGUIDESERVICE
getUserRewards ---> TOURGUIDESERVICE
getUserRewards ---> TOURGUIDESERVICE
getUserRewards ---> TOURGUIDESERVICE
getUserRewards ---> TOURGUIDESERVICE
getUserRewards ---> TOURGUIDESERVICE
getUserRewards ---> TOURGUIDESERVICE
getUserRewards ---> TOURGUIDESERVICE
getUserRewards ---> TOURGUIDESERVICE
getUserRewards ---> TOURGUIDESERVICE
getUserRewards ---> TOURGUIDESERVICE
getUserRewards ---> TOURGUIDESERVICE
getUserRewards ---> TOURGUIDESERVICE
getUserRewards ---> TOURGUIDESERVICE
getUserRewards ---> TOURGUIDESERVICE
getUserRewards ---> TOURGUIDESERVICE
getUserRewards ---> TOURGUIDESERVICE
getUserRewards ---> TOURGUIDESERVICE
getUserRewards ---> TOURGUIDESERVICE
getUserRewards ---> TOURGUIDESERVICE
getUserRewards ---> TOURGUIDESERVICE
getUserRewards ---> TOURGUIDESERVICE
getUserRewards ---> TOURGUIDESERVICE
getUserRewards ---> TOURGUIDESERVICE
getUserRewards ---> TOURGUIDESERVICE
getUserRewards ---> TOURGUIDESERVICE
getUserRewards ---> TOURGUIDESERVICE
getUserRewards ---> TOURGUIDESERVICE
getUserRewards ---> TOURGUIDESERVICE
getUserRewards ---> TOURGUIDESERVICE
getUserRewards ---> TOURGUIDESERVICE
getUserRewards ---> TOURGUIDESERVICE
getUserRewards ---> TOURGUIDESERVICE
getUserRewards ---> TOURGUIDESERVICE
getUserRewards ---> TOURGUIDESERVICE
getUserRewards ---> TOURGUIDESERVICE
getUserRewards ---> TOURGUIDESERVICE
getUserRewards ---> TOURGUIDESERVICE
getUserRewards ---> TOURGUIDESERVICE
getUserRewards ---> TOURGUIDESERVICE
getUserRewards ---> TOURGUIDESERVICE
getUserRewards ---> TOURGUIDESERVICE
getUserRewards ---> TOURGUIDESERVICE
getUserRewards ---> TOURGUIDESERVICE
getUserRewards ---> TOURGUIDESERVICE
getUserRewards ---> TOURGUIDESERVICE
getUserRewards ---> TOURGUIDESERVICE
getUserRewards ---> TOURGUIDESERVICE
getUserRewards ---> TOURGUIDESERVICE
getUserRewards ---> TOURGUIDESERVICE
getUserRewards ---> TOURGUIDESERVICE
getUserRewards ---> TOURGUIDESERVICE
getUserRewards ---> TOURGUIDESERVICE
getUserRewards ---> TOURGUIDESERVICE
getUserRewards ---> TOURGUIDESERVICE
getUserRewards ---> TOURGUIDESERVICE
getUserRewards ---> TOURGUIDESERVICE
getUserRewards ---> TOURGUIDESERVICE
getUserRewards ---> TOURGUIDESERVICE
getUserRewards ---> TOURGUIDESERVICE
getUserRewards ---> TOURGUIDESERVICE
getUserRewards ---> TOURGUIDESERVICE
getUserRewards ---> TOURGUIDESERVICE
getUserRewards ---> TOURGUIDESERVICE
getUserRewards ---> TOURGUIDESERVICE
getUserRewards ---> TOURGUIDESERVICE
getUserRewards ---> TOURGUIDESERVICE
getUserRewards ---> TOURGUIDESERVICE
getUserRewards ---> TOURGUIDESERVICE
getUserRewards ---> TOURGUIDESERVICE
getUserRewards ---> TOURGUIDESERVICE
getUserRewards ---> TOURGUIDESERVICE
getUserRewards ---> TOURGUIDESERVICE
getUserRewards ---> TOURGUIDESERVICE
getUserRewards ---> TOURGUIDESERVICE
getUserRewards ---> TOURGUIDESERVICE
getUserRewards ---> TOURGUIDESERVICE
getUserRewards ---> TOURGUIDESERVICE
getUserRewards ---> TOURGUIDESERVICE
getUserRewards ---> TOURGUIDESERVICE
getUserRewards ---> TOURGUIDESERVICE
getUserRewards ---> TOURGUIDESERVICE
getUserRewards ---> TOURGUIDESERVICE
getUserRewards ---> TOURGUIDESERVICE
getUserRewards ---> TOURGUIDESERVICE
getUserRewards ---> TOURGUIDESERVICE
getUserRewards ---> TOURGUIDESERVICE
getUserRewards ---> TOURGUIDESERVICE
getUserRewards ---> TOURGUIDESERVICE
getUserRewards ---> TOURGUIDESERVICE
getUserRewards ---> TOURGUIDESERVICE
getUserRewards ---> TOURGUIDESERVICE
getUserRewards ---> TOURGUIDESERVICE
getUserRewards ---> TOURGUIDESERVICE
getUserRewards ---> TOURGUIDESERVICE
getUserRewards ---> TOURGUIDESERVICE
getUserRewards ---> TOURGUIDESERVICE
getUserRewards ---> TOURGUIDESERVICE
getUserRewards ---> TOURGUIDESERVICE
getUserRewards ---> TOURGUIDESERVICE
getUserRewards ---> TOURGUIDESERVICE
getUserRewards ---> TOURGUIDESERVICE
getUserRewards ---> TOURGUIDESERVICE
getUserRewards ---> TOURGUIDESERVICE
getUserRewards ---> TOURGUIDESERVICE
getUserRewards ---> TOURGUIDESERVICE
getUserRewards ---> TOURGUIDESERVICE
getUserRewards ---> TOURGUIDESERVICE
getUserRewards ---> TOURGUIDESERVICE
getUserRewards ---> TOURGUIDESERVICE
getUserRewards ---> TOURGUIDESERVICE
getUserRewards ---> TOURGUIDESERVICE
getUserRewards ---> TOURGUIDESERVICE
getUserRewards ---> TOURGUIDESERVICE
getUserRewards ---> TOURGUIDESERVICE
getUserRewards ---> TOURGUIDESERVICE
getUserRewards ---> TOURGUIDESERVICE
getUserRewards ---> TOURGUIDESERVICE
getUserRewards ---> TOURGUIDESERVICE
getUserRewards ---> TOURGUIDESERVICE
getUserRewards ---> TOURGUIDESERVICE
getUserRewards ---> TOURGUIDESERVICE
getUserRewards ---> TOURGUIDESERVICE
getUserRewards ---> TOURGUIDESERVICE
getUserRewards ---> TOURGUIDESERVICE
getUserRewards ---> TOURGUIDESERVICE
getUserRewards ---> TOURGUIDESERVICE
getUserRewards ---> TOURGUIDESERVICE
getUserRewards ---> TOURGUIDESERVICE
getUserRewards ---> TOURGUIDESERVICE
getUserRewards ---> TOURGUIDESERVICE
getUserRewards ---> TOURGUIDESERVICE
getUserRewards ---> TOURGUIDESERVICE
getUserRewards ---> TOURGUIDESERVICE
getUserRewards ---> TOURGUIDESERVICE
getUserRewards ---> TOURGUIDESERVICE
getUserRewards ---> TOURGUIDESERVICE
getUserRewards ---> TOURGUIDESERVICE
getUserRewards ---> TOURGUIDESERVICE
getUserRewards ---> TOURGUIDESERVICE
getUserRewards ---> TOURGUIDESERVICE
getUserRewards ---> TOURGUIDESERVICE
getUserRewards ---> TOURGUIDESERVICE
getUserRewards ---> TOURGUIDESERVICE
getUserRewards ---> TOURGUIDESERVICE
getUserRewards ---> TOURGUIDESERVICE
getUserRewards ---> TOURGUIDESERVICE
getUserRewards ---> TOURGUIDESERVICE
getUserRewards ---> TOURGUIDESERVICE
getUserRewards ---> TOURGUIDESERVICE
getUserRewards ---> TOURGUIDESERVICE
getUserRewards ---> TOURGUIDESERVICE
getUserRewards ---> TOURGUIDESERVICE
getUserRewards ---> TOURGUIDESERVICE
getUserRewards ---> TOURGUIDESERVICE
getUserRewards ---> TOURGUIDESERVICE
getUserRewards ---> TOURGUIDESERVICE
getUserRewards ---> TOURGUIDESERVICE
getUserRewards ---> TOURGUIDESERVICE
getUserRewards ---> TOURGUIDESERVICE
getUserRewards ---> TOURGUIDESERVICE
getUserRewards ---> TOURGUIDESERVICE
getUserRewards ---> TOURGUIDESERVICE
getUserRewards ---> TOURGUIDESERVICE
getUserRewards ---> TOURGUIDESERVICE
getUserRewards ---> TOURGUIDESERVICE
getUserRewards ---> TOURGUIDESERVICE
getUserRewards ---> TOURGUIDESERVICE
getUserRewards ---> TOURGUIDESERVICE
getUserRewards ---> TOURGUIDESERVICE
getUserRewards ---> TOURGUIDESERVICE
getUserRewards ---> TOURGUIDESERVICE
getUserRewards ---> TOURGUIDESERVICE
getUserRewards ---> TOURGUIDESERVICE
getUserRewards ---> TOURGUIDESERVICE
getUserRewards ---> TOURGUIDESERVICE
getUserRewards ---> TOURGUIDESERVICE
getUserRewards ---> TOURGUIDESERVICE
getUserRewards ---> TOURGUIDESERVICE
getUserRewards ---> TOURGUIDESERVICE
getUserRewards ---> TOURGUIDESERVICE
getUserRewards ---> TOURGUIDESERVICE
getUserRewards ---> TOURGUIDESERVICE
getUserRewards ---> TOURGUIDESERVICE
getUserRewards ---> TOURGUIDESERVICE
getUserRewards ---> TOURGUIDESERVICE
getUserRewards ---> TOURGUIDESERVICE
getUserRewards ---> TOURGUIDESERVICE
getUserRewards ---> TOURGUIDESERVICE
getUserRewards ---> TOURGUIDESERVICE
getUserRewards ---> TOURGUIDESERVICE
getUserRewards ---> TOURGUIDESERVICE
getUserRewards ---> TOURGUIDESERVICE
getUserRewards ---> TOURGUIDESERVICE
getUserRewards ---> TOURGUIDESERVICE
getUserRewards ---> TOURGUIDESERVICE
getUserRewards ---> TOURGUIDESERVICE
getUserRewards ---> TOURGUIDESERVICE
getUserRewards ---> TOURGUIDESERVICE
getUserRewards ---> TOURGUIDESERVICE
getUserRewards ---> TOURGUIDESERVICE
getUserRewards ---> TOURGUIDESERVICE
getUserRewards ---> TOURGUIDESERVICE
getUserRewards ---> TOURGUIDESERVICE
getUserRewards ---> TOURGUIDESERVICE
getUserRewards ---> TOURGUIDESERVICE
getUserRewards ---> TOURGUIDESERVICE
getUserRewards ---> TOURGUIDESERVICE
getUserRewards ---> TOURGUIDESERVICE
getUserRewards ---> TOURGUIDESERVICE
getUserRewards ---> TOURGUIDESERVICE
getUserRewards ---> TOURGUIDESERVICE
getUserRewards ---> TOURGUIDESERVICE
getUserRewards ---> TOURGUIDESERVICE
getUserRewards ---> TOURGUIDESERVICE
getUserRewards ---> TOURGUIDESERVICE
getUserRewards ---> TOURGUIDESERVICE
getUserRewards ---> TOURGUIDESERVICE
getUserRewards ---> TOURGUIDESERVICE
getUserRewards ---> TOURGUIDESERVICE
getUserRewards ---> TOURGUIDESERVICE
getUserRewards ---> TOURGUIDESERVICE
getUserRewards ---> TOURGUIDESERVICE
getUserRewards ---> TOURGUIDESERVICE
getUserRewards ---> TOURGUIDESERVICE
getUserRewards ---> TOURGUIDESERVICE
getUserRewards ---> TOURGUIDESERVICE
getUserRewards ---> TOURGUIDESERVICE
getUserRewards ---> TOURGUIDESERVICE
getUserRewards ---> TOURGUIDESERVICE
getUserRewards ---> TOURGUIDESERVICE
getUserRewards ---> TOURGUIDESERVICE
getUserRewards ---> TOURGUIDESERVICE
getUserRewards ---> TOURGUIDESERVICE
getUserRewards ---> TOURGUIDESERVICE
getUserRewards ---> TOURGUIDESERVICE
getUserRewards ---> TOURGUIDESERVICE
getUserRewards ---> TOURGUIDESERVICE
getUserRewards ---> TOURGUIDESERVICE
getUserRewards ---> TOURGUIDESERVICE
getUserRewards ---> TOURGUIDESERVICE
getUserRewards ---> TOURGUIDESERVICE
getUserRewards ---> TOURGUIDESERVICE
getUserRewards ---> TOURGUIDESERVICE
getUserRewards ---> TOURGUIDESERVICE
getUserRewards ---> TOURGUIDESERVICE
getUserRewards ---> TOURGUIDESERVICE
getUserRewards ---> TOURGUIDESERVICE
getUserRewards ---> TOURGUIDESERVICE
getUserRewards ---> TOURGUIDESERVICE
getUserRewards ---> TOURGUIDESERVICE
getUserRewards ---> TOURGUIDESERVICE
getUserRewards ---> TOURGUIDESERVICE
getUserRewards ---> TOURGUIDESERVICE
getUserRewards ---> TOURGUIDESERVICE
getUserRewards ---> TOURGUIDESERVICE
getUserRewards ---> TOURGUIDESERVICE
getUserRewards ---> TOURGUIDESERVICE
getUserRewards ---> TOURGUIDESERVICE
getUserRewards ---> TOURGUIDESERVICE
getUserRewards ---> TOURGUIDESERVICE
getUserRewards ---> TOURGUIDESERVICE
getUserRewards ---> TOURGUIDESERVICE
getUserRewards ---> TOURGUIDESERVICE
getUserRewards ---> TOURGUIDESERVICE
getUserRewards ---> TOURGUIDESERVICE
getUserRewards ---> TOURGUIDESERVICE
getUserRewards ---> TOURGUIDESERVICE
getUserRewards ---> TOURGUIDESERVICE
getUserRewards ---> TOURGUIDESERVICE
getUserRewards ---> TOURGUIDESERVICE
getUserRewards ---> TOURGUIDESERVICE
getUserRewards ---> TOURGUIDESERVICE
getUserRewards ---> TOURGUIDESERVICE
getUserRewards ---> TOURGUIDESERVICE
getUserRewards ---> TOURGUIDESERVICE
getUserRewards ---> TOURGUIDESERVICE
getUserRewards ---> TOURGUIDESERVICE
getUserRewards ---> TOURGUIDESERVICE
getUserRewards ---> TOURGUIDESERVICE
getUserRewards ---> TOURGUIDESERVICE
getUserRewards ---> TOURGUIDESERVICE
getUserRewards ---> TOURGUIDESERVICE
getUserRewards ---> TOURGUIDESERVICE
getUserRewards ---> TOURGUIDESERVICE
getUserRewards ---> TOURGUIDESERVICE
getUserRewards ---> TOURGUIDESERVICE
getUserRewards ---> TOURGUIDESERVICE
getUserRewards ---> TOURGUIDESERVICE
getUserRewards ---> TOURGUIDESERVICE
getUserRewards ---> TOURGUIDESERVICE
getUserRewards ---> TOURGUIDESERVICE
getUserRewards ---> TOURGUIDESERVICE
getUserRewards ---> TOURGUIDESERVICE
getUserRewards ---> TOURGUIDESERVICE
getUserRewards ---> TOURGUIDESERVICE
getUserRewards ---> TOURGUIDESERVICE
getUserRewards ---> TOURGUIDESERVICE
getUserRewards ---> TOURGUIDESERVICE
getUserRewards ---> TOURGUIDESERVICE
getUserRewards ---> TOURGUIDESERVICE
getUserRewards ---> TOURGUIDESERVICE
getUserRewards ---> TOURGUIDESERVICE
getUserRewards ---> TOURGUIDESERVICE
getUserRewards ---> TOURGUIDESERVICE
getUserRewards ---> TOURGUIDESERVICE
getUserRewards ---> TOURGUIDESERVICE
getUserRewards ---> TOURGUIDESERVICE
getUserRewards ---> TOURGUIDESERVICE
getUserRewards ---> TOURGUIDESERVICE
getUserRewards ---> TOURGUIDESERVICE
getUserRewards ---> TOURGUIDESERVICE
getUserRewards ---> TOURGUIDESERVICE
getUserRewards ---> TOURGUIDESERVICE
getUserRewards ---> TOURGUIDESERVICE
getUserRewards ---> TOURGUIDESERVICE
getUserRewards ---> TOURGUIDESERVICE
getUserRewards ---> TOURGUIDESERVICE
getUserRewards ---> TOURGUIDESERVICE
getUserRewards ---> TOURGUIDESERVICE
getUserRewards ---> TOURGUIDESERVICE
getUserRewards ---> TOURGUIDESERVICE
getUserRewards ---> TOURGUIDESERVICE
getUserRewards ---> TOURGUIDESERVICE
getUserRewards ---> TOURGUIDESERVICE
getUserRewards ---> TOURGUIDESERVICE
getUserRewards ---> TOURGUIDESERVICE
getUserRewards ---> TOURGUIDESERVICE
getUserRewards ---> TOURGUIDESERVICE
getUserRewards ---> TOURGUIDESERVICE
getUserRewards ---> TOURGUIDESERVICE
getUserRewards ---> TOURGUIDESERVICE
getUserRewards ---> TOURGUIDESERVICE
getUserRewards ---> TOURGUIDESERVICE
getUserRewards ---> TOURGUIDESERVICE
getUserRewards ---> TOURGUIDESERVICE
getUserRewards ---> TOURGUIDESERVICE
getUserRewards ---> TOURGUIDESERVICE
getUserRewards ---> TOURGUIDESERVICE
getUserRewards ---> TOURGUIDESERVICE
getUserRewards ---> TOURGUIDESERVICE
getUserRewards ---> TOURGUIDESERVICE
getUserRewards ---> TOURGUIDESERVICE
getUserRewards ---> TOURGUIDESERVICE
getUserRewards ---> TOURGUIDESERVICE
getUserRewards ---> TOURGUIDESERVICE
getUserRewards ---> TOURGUIDESERVICE
getUserRewards ---> TOURGUIDESERVICE
getUserRewards ---> TOURGUIDESERVICE
getUserRewards ---> TOURGUIDESERVICE
getUserRewards ---> TOURGUIDESERVICE
getUserRewards ---> TOURGUIDESERVICE
getUserRewards ---> TOURGUIDESERVICE
getUserRewards ---> TOURGUIDESERVICE
getUserRewards ---> TOURGUIDESERVICE
getUserRewards ---> TOURGUIDESERVICE
getUserRewards ---> TOURGUIDESERVICE
getUserRewards ---> TOURGUIDESERVICE
getUserRewards ---> TOURGUIDESERVICE
getUserRewards ---> TOURGUIDESERVICE
getUserRewards ---> TOURGUIDESERVICE
getUserRewards ---> TOURGUIDESERVICE
getUserRewards ---> TOURGUIDESERVICE
getUserRewards ---> TOURGUIDESERVICE
getUserRewards ---> TOURGUIDESERVICE
getUserRewards ---> TOURGUIDESERVICE
getUserRewards ---> TOURGUIDESERVICE
getUserRewards ---> TOURGUIDESERVICE
getUserRewards ---> TOURGUIDESERVICE
getUserRewards ---> TOURGUIDESERVICE
getUserRewards ---> TOURGUIDESERVICE
getUserRewards ---> TOURGUIDESERVICE
getUserRewards ---> TOURGUIDESERVICE
getUserRewards ---> TOURGUIDESERVICE
getUserRewards ---> TOURGUIDESERVICE
getUserRewards ---> TOURGUIDESERVICE
getUserRewards ---> TOURGUIDESERVICE
getUserRewards ---> TOURGUIDESERVICE
getUserRewards ---> TOURGUIDESERVICE
getUserRewards ---> TOURGUIDESERVICE
getUserRewards ---> TOURGUIDESERVICE
getUserRewards ---> TOURGUIDESERVICE
getUserRewards ---> TOURGUIDESERVICE
getUserRewards ---> TOURGUIDESERVICE
getUserRewards ---> TOURGUIDESERVICE
getUserRewards ---> TOURGUIDESERVICE
getUserRewards ---> TOURGUIDESERVICE
getUserRewards ---> TOURGUIDESERVICE
getUserRewards ---> TOURGUIDESERVICE
getUserRewards ---> TOURGUIDESERVICE
getUserRewards ---> TOURGUIDESERVICE
getUserRewards ---> TOURGUIDESERVICE
getUserRewards ---> TOURGUIDESERVICE
getUserRewards ---> TOURGUIDESERVICE
getUserRewards ---> TOURGUIDESERVICE
getUserRewards ---> TOURGUIDESERVICE
getUserRewards ---> TOURGUIDESERVICE
getUserRewards ---> TOURGUIDESERVICE
getUserRewards ---> TOURGUIDESERVICE
getUserRewards ---> TOURGUIDESERVICE
getUserRewards ---> TOURGUIDESERVICE
getUserRewards ---> TOURGUIDESERVICE
getUserRewards ---> TOURGUIDESERVICE
getUserRewards ---> TOURGUIDESERVICE
getUserRewards ---> TOURGUIDESERVICE
getUserRewards ---> TOURGUIDESERVICE
getUserRewards ---> TOURGUIDESERVICE
getUserRewards ---> TOURGUIDESERVICE
getUserRewards ---> TOURGUIDESERVICE
getUserRewards ---> TOURGUIDESERVICE
getUserRewards ---> TOURGUIDESERVICE
getUserRewards ---> TOURGUIDESERVICE
getUserRewards ---> TOURGUIDESERVICE
getUserRewards ---> TOURGUIDESERVICE
getUserRewards ---> TOURGUIDESERVICE
getUserRewards ---> TOURGUIDESERVICE
getUserRewards ---> TOURGUIDESERVICE
getUserRewards ---> TOURGUIDESERVICE
getUserRewards ---> TOURGUIDESERVICE
getUserRewards ---> TOURGUIDESERVICE
getUserRewards ---> TOURGUIDESERVICE
getUserRewards ---> TOURGUIDESERVICE
getUserRewards ---> TOURGUIDESERVICE
getUserRewards ---> TOURGUIDESERVICE
getUserRewards ---> TOURGUIDESERVICE
getUserRewards ---> TOURGUIDESERVICE
getUserRewards ---> TOURGUIDESERVICE
getUserRewards ---> TOURGUIDESERVICE
getUserRewards ---> TOURGUIDESERVICE
getUserRewards ---> TOURGUIDESERVICE
getUserRewards ---> TOURGUIDESERVICE
getUserRewards ---> TOURGUIDESERVICE
getUserRewards ---> TOURGUIDESERVICE
getUserRewards ---> TOURGUIDESERVICE
getUserRewards ---> TOURGUIDESERVICE
getUserRewards ---> TOURGUIDESERVICE
getUserRewards ---> TOURGUIDESERVICE
getUserRewards ---> TOURGUIDESERVICE
getUserRewards ---> TOURGUIDESERVICE
getUserRewards ---> TOURGUIDESERVICE
getUserRewards ---> TOURGUIDESERVICE
getUserRewards ---> TOURGUIDESERVICE
getUserRewards ---> TOURGUIDESERVICE
getUserRewards ---> TOURGUIDESERVICE
getUserRewards ---> TOURGUIDESERVICE
getUserRewards ---> TOURGUIDESERVICE
getUserRewards ---> TOURGUIDESERVICE
getUserRewards ---> TOURGUIDESERVICE
getUserRewards ---> TOURGUIDESERVICE
getUserRewards ---> TOURGUIDESERVICE
getUserRewards ---> TOURGUIDESERVICE
getUserRewards ---> TOURGUIDESERVICE
getUserRewards ---> TOURGUIDESERVICE
getUserRewards ---> TOURGUIDESERVICE
getUserRewards ---> TOURGUIDESERVICE
getUserRewards ---> TOURGUIDESERVICE
getUserRewards ---> TOURGUIDESERVICE
getUserRewards ---> TOURGUIDESERVICE
getUserRewards ---> TOURGUIDESERVICE
getUserRewards ---> TOURGUIDESERVICE
getUserRewards ---> TOURGUIDESERVICE
getUserRewards ---> TOURGUIDESERVICE
getUserRewards ---> TOURGUIDESERVICE
getUserRewards ---> TOURGUIDESERVICE
getUserRewards ---> TOURGUIDESERVICE
getUserRewards ---> TOURGUIDESERVICE
getUserRewards ---> TOURGUIDESERVICE
getUserRewards ---> TOURGUIDESERVICE
getUserRewards ---> TOURGUIDESERVICE
getUserRewards ---> TOURGUIDESERVICE
getUserRewards ---> TOURGUIDESERVICE
getUserRewards ---> TOURGUIDESERVICE
getUserRewards ---> TOURGUIDESERVICE
getUserRewards ---> TOURGUIDESERVICE
getUserRewards ---> TOURGUIDESERVICE
getUserRewards ---> TOURGUIDESERVICE
getUserRewards ---> TOURGUIDESERVICE
getUserRewards ---> TOURGUIDESERVICE
getUserRewards ---> TOURGUIDESERVICE
getUserRewards ---> TOURGUIDESERVICE
getUserRewards ---> TOURGUIDESERVICE
getUserRewards ---> TOURGUIDESERVICE
getUserRewards ---> TOURGUIDESERVICE
getUserRewards ---> TOURGUIDESERVICE
getUserRewards ---> TOURGUIDESERVICE
getUserRewards ---> TOURGUIDESERVICE
getUserRewards ---> TOURGUIDESERVICE
getUserRewards ---> TOURGUIDESERVICE
getUserRewards ---> TOURGUIDESERVICE
getUserRewards ---> TOURGUIDESERVICE
getUserRewards ---> TOURGUIDESERVICE
getUserRewards ---> TOURGUIDESERVICE
getUserRewards ---> TOURGUIDESERVICE
getUserRewards ---> TOURGUIDESERVICE
getUserRewards ---> TOURGUIDESERVICE
getUserRewards ---> TOURGUIDESERVICE
getUserRewards ---> TOURGUIDESERVICE
getUserRewards ---> TOURGUIDESERVICE
getUserRewards ---> TOURGUIDESERVICE
getUserRewards ---> TOURGUIDESERVICE
getUserRewards ---> TOURGUIDESERVICE
getUserRewards ---> TOURGUIDESERVICE
getUserRewards ---> TOURGUIDESERVICE
getUserRewards ---> TOURGUIDESERVICE
getUserRewards ---> TOURGUIDESERVICE
getUserRewards ---> TOURGUIDESERVICE
getUserRewards ---> TOURGUIDESERVICE
getUserRewards ---> TOURGUIDESERVICE
getUserRewards ---> TOURGUIDESERVICE
getUserRewards ---> TOURGUIDESERVICE
getUserRewards ---> TOURGUIDESERVICE
getUserRewards ---> TOURGUIDESERVICE
getUserRewards ---> TOURGUIDESERVICE
getUserRewards ---> TOURGUIDESERVICE
getUserRewards ---> TOURGUIDESERVICE
getUserRewards ---> TOURGUIDESERVICE
getUserRewards ---> TOURGUIDESERVICE
getUserRewards ---> TOURGUIDESERVICE
getUserRewards ---> TOURGUIDESERVICE
getUserRewards ---> TOURGUIDESERVICE
getUserRewards ---> TOURGUIDESERVICE
getUserRewards ---> TOURGUIDESERVICE
getUserRewards ---> TOURGUIDESERVICE
getUserRewards ---> TOURGUIDESERVICE
getUserRewards ---> TOURGUIDESERVICE
getUserRewards ---> TOURGUIDESERVICE
getUserRewards ---> TOURGUIDESERVICE
getUserRewards ---> TOURGUIDESERVICE
getUserRewards ---> TOURGUIDESERVICE
getUserRewards ---> TOURGUIDESERVICE
getUserRewards ---> TOURGUIDESERVICE
getUserRewards ---> TOURGUIDESERVICE
getUserRewards ---> TOURGUIDESERVICE
getUserRewards ---> TOURGUIDESERVICE
getUserRewards ---> TOURGUIDESERVICE
getUserRewards ---> TOURGUIDESERVICE
getUserRewards ---> TOURGUIDESERVICE
getUserRewards ---> TOURGUIDESERVICE
getUserRewards ---> TOURGUIDESERVICE
getUserRewards ---> TOURGUIDESERVICE
getUserRewards ---> TOURGUIDESERVICE
getUserRewards ---> TOURGUIDESERVICE
getUserRewards ---> TOURGUIDESERVICE
getUserRewards ---> TOURGUIDESERVICE
getUserRewards ---> TOURGUIDESERVICE
getUserRewards ---> TOURGUIDESERVICE
getUserRewards ---> TOURGUIDESERVICE
getUserRewards ---> TOURGUIDESERVICE
getUserRewards ---> TOURGUIDESERVICE
getUserRewards ---> TOURGUIDESERVICE
getUserRewards ---> TOURGUIDESERVICE
getUserRewards ---> TOURGUIDESERVICE
getUserRewards ---> TOURGUIDESERVICE
getUserRewards ---> TOURGUIDESERVICE
getUserRewards ---> TOURGUIDESERVICE
getUserRewards ---> TOURGUIDESERVICE
getUserRewards ---> TOURGUIDESERVICE
getUserRewards ---> TOURGUIDESERVICE
getUserRewards ---> TOURGUIDESERVICE
getUserRewards ---> TOURGUIDESERVICE
getUserRewards ---> TOURGUIDESERVICE
getUserRewards ---> TOURGUIDESERVICE
getUserRewards ---> TOURGUIDESERVICE
getUserRewards ---> TOURGUIDESERVICE
getUserRewards ---> TOURGUIDESERVICE
getUserRewards ---> TOURGUIDESERVICE
getUserRewards ---> TOURGUIDESERVICE
getUserRewards ---> TOURGUIDESERVICE
getUserRewards ---> TOURGUIDESERVICE
getUserRewards ---> TOURGUIDESERVICE
getUserRewards ---> TOURGUIDESERVICE
getUserRewards ---> TOURGUIDESERVICE
getUserRewards ---> TOURGUIDESERVICE
getUserRewards ---> TOURGUIDESERVICE
getUserRewards ---> TOURGUIDESERVICE
getUserRewards ---> TOURGUIDESERVICE
getUserRewards ---> TOURGUIDESERVICE
getUserRewards ---> TOURGUIDESERVICE
getUserRewards ---> TOURGUIDESERVICE
getUserRewards ---> TOURGUIDESERVICE
getUserRewards ---> TOURGUIDESERVICE
getUserRewards ---> TOURGUIDESERVICE
getUserRewards ---> TOURGUIDESERVICE
getUserRewards ---> TOURGUIDESERVICE
getUserRewards ---> TOURGUIDESERVICE
getUserRewards ---> TOURGUIDESERVICE
getUserRewards ---> TOURGUIDESERVICE
getUserRewards ---> TOURGUIDESERVICE
getUserRewards ---> TOURGUIDESERVICE
getUserRewards ---> TOURGUIDESERVICE
getUserRewards ---> TOURGUIDESERVICE
getUserRewards ---> TOURGUIDESERVICE
getUserRewards ---> TOURGUIDESERVICE
getUserRewards ---> TOURGUIDESERVICE
getUserRewards ---> TOURGUIDESERVICE
getUserRewards ---> TOURGUIDESERVICE
getUserRewards ---> TOURGUIDESERVICE
getUserRewards ---> TOURGUIDESERVICE
getUserRewards ---> TOURGUIDESERVICE
getUserRewards ---> TOURGUIDESERVICE
getUserRewards ---> TOURGUIDESERVICE
getUserRewards ---> TOURGUIDESERVICE
getUserRewards ---> TOURGUIDESERVICE
getUserRewards ---> TOURGUIDESERVICE
getUserRewards ---> TOURGUIDESERVICE
getUserRewards ---> TOURGUIDESERVICE
getUserRewards ---> TOURGUIDESERVICE
getUserRewards ---> TOURGUIDESERVICE
getUserRewards ---> TOURGUIDESERVICE
getUserRewards ---> TOURGUIDESERVICE
getUserRewards ---> TOURGUIDESERVICE
getUserRewards ---> TOURGUIDESERVICE
getUserRewards ---> TOURGUIDESERVICE
getUserRewards ---> TOURGUIDESERVICE
getUserRewards ---> TOURGUIDESERVICE
getUserRewards ---> TOURGUIDESERVICE
getUserRewards ---> TOURGUIDESERVICE
getUserRewards ---> TOURGUIDESERVICE
getUserRewards ---> TOURGUIDESERVICE
getUserRewards ---> TOURGUIDESERVICE
getUserRewards ---> TOURGUIDESERVICE
getUserRewards ---> TOURGUIDESERVICE
getUserRewards ---> TOURGUIDESERVICE
getUserRewards ---> TOURGUIDESERVICE
getUserRewards ---> TOURGUIDESERVICE
getUserRewards ---> TOURGUIDESERVICE
getUserRewards ---> TOURGUIDESERVICE
getUserRewards ---> TOURGUIDESERVICE
getUserRewards ---> TOURGUIDESERVICE
getUserRewards ---> TOURGUIDESERVICE
getUserRewards ---> TOURGUIDESERVICE
getUserRewards ---> TOURGUIDESERVICE
getUserRewards ---> TOURGUIDESERVICE
getUserRewards ---> TOURGUIDESERVICE
getUserRewards ---> TOURGUIDESERVICE
getUserRewards ---> TOURGUIDESERVICE
getUserRewards ---> TOURGUIDESERVICE
getUserRewards ---> TOURGUIDESERVICE
getUserRewards ---> TOURGUIDESERVICE
getUserRewards ---> TOURGUIDESERVICE
getUserRewards ---> TOURGUIDESERVICE
getUserRewards ---> TOURGUIDESERVICE
getUserRewards ---> TOURGUIDESERVICE
getUserRewards ---> TOURGUIDESERVICE
getUserRewards ---> TOURGUIDESERVICE
getUserRewards ---> TOURGUIDESERVICE
getUserRewards ---> TOURGUIDESERVICE
getUserRewards ---> TOURGUIDESERVICE
getUserRewards ---> TOURGUIDESERVICE
getUserRewards ---> TOURGUIDESERVICE
getUserRewards ---> TOURGUIDESERVICE
getUserRewards ---> TOURGUIDESERVICE
getUserRewards ---> TOURGUIDESERVICE
getUserRewards ---> TOURGUIDESERVICE
getUserRewards ---> TOURGUIDESERVICE
getUserRewards ---> TOURGUIDESERVICE
getUserRewards ---> TOURGUIDESERVICE
getUserRewards ---> TOURGUIDESERVICE
getUserRewards ---> TOURGUIDESERVICE
getUserRewards ---> TOURGUIDESERVICE
getUserRewards ---> TOURGUIDESERVICE
getUserRewards ---> TOURGUIDESERVICE
getUserRewards ---> TOURGUIDESERVICE
getUserRewards ---> TOURGUIDESERVICE
getUserRewards ---> TOURGUIDESERVICE
getUserRewards ---> TOURGUIDESERVICE
getUserRewards ---> TOURGUIDESERVICE
getUserRewards ---> TOURGUIDESERVICE
getUserRewards ---> TOURGUIDESERVICE
getUserRewards ---> TOURGUIDESERVICE
getUserRewards ---> TOURGUIDESERVICE
getUserRewards ---> TOURGUIDESERVICE
getUserRewards ---> TOURGUIDESERVICE
getUserRewards ---> TOURGUIDESERVICE
getUserRewards ---> TOURGUIDESERVICE
getUserRewards ---> TOURGUIDESERVICE
getUserRewards ---> TOURGUIDESERVICE
getUserRewards ---> TOURGUIDESERVICE
getUserRewards ---> TOURGUIDESERVICE
getUserRewards ---> TOURGUIDESERVICE
getUserRewards ---> TOURGUIDESERVICE
getUserRewards ---> TOURGUIDESERVICE
getUserRewards ---> TOURGUIDESERVICE
getUserRewards ---> TOURGUIDESERVICE
getUserRewards ---> TOURGUIDESERVICE
getUserRewards ---> TOURGUIDESERVICE
getUserRewards ---> TOURGUIDESERVICE
getUserRewards ---> TOURGUIDESERVICE
getUserRewards ---> TOURGUIDESERVICE
getUserRewards ---> TOURGUIDESERVICE
getUserRewards ---> TOURGUIDESERVICE
getUserRewards ---> TOURGUIDESERVICE
getUserRewards ---> TOURGUIDESERVICE
getUserRewards ---> TOURGUIDESERVICE
getUserRewards ---> TOURGUIDESERVICE
getUserRewards ---> TOURGUIDESERVICE
getUserRewards ---> TOURGUIDESERVICE
getUserRewards ---> TOURGUIDESERVICE
getUserRewards ---> TOURGUIDESERVICE
getUserRewards ---> TOURGUIDESERVICE
getUserRewards ---> TOURGUIDESERVICE
getUserRewards ---> TOURGUIDESERVICE
getUserRewards ---> TOURGUIDESERVICE
getUserRewards ---> TOURGUIDESERVICE
getUserRewards ---> TOURGUIDESERVICE
getUserRewards ---> TOURGUIDESERVICE
getUserRewards ---> TOURGUIDESERVICE
getUserRewards ---> TOURGUIDESERVICE
getUserRewards ---> TOURGUIDESERVICE
getUserRewards ---> TOURGUIDESERVICE
getUserRewards ---> TOURGUIDESERVICE
getUserRewards ---> TOURGUIDESERVICE
getUserRewards ---> TOURGUIDESERVICE
getUserRewards ---> TOURGUIDESERVICE
getUserRewards ---> TOURGUIDESERVICE
getUserRewards ---> TOURGUIDESERVICE
getUserRewards ---> TOURGUIDESERVICE
getUserRewards ---> TOURGUIDESERVICE
getUserRewards ---> TOURGUIDESERVICE
getUserRewards ---> TOURGUIDESERVICE
getUserRewards ---> TOURGUIDESERVICE
getUserRewards ---> TOURGUIDESERVICE
getUserRewards ---> TOURGUIDESERVICE
getUserRewards ---> TOURGUIDESERVICE
getUserRewards ---> TOURGUIDESERVICE
getUserRewards ---> TOURGUIDESERVICE
getUserRewards ---> TOURGUIDESERVICE
getUserRewards ---> TOURGUIDESERVICE
getUserRewards ---> TOURGUIDESERVICE
getUserRewards ---> TOURGUIDESERVICE
getUserRewards ---> TOURGUIDESERVICE
getUserRewards ---> TOURGUIDESERVICE
getUserRewards ---> TOURGUIDESERVICE
getUserRewards ---> TOURGUIDESERVICE
getUserRewards ---> TOURGUIDESERVICE
getUserRewards ---> TOURGUIDESERVICE
getUserRewards ---> TOURGUIDESERVICE
getUserRewards ---> TOURGUIDESERVICE
getUserRewards ---> TOURGUIDESERVICE
getUserRewards ---> TOURGUIDESERVICE
getUserRewards ---> TOURGUIDESERVICE
getUserRewards ---> TOURGUIDESERVICE
getUserRewards ---> TOURGUIDESERVICE
getUserRewards ---> TOURGUIDESERVICE
getUserRewards ---> TOURGUIDESERVICE
getUserRewards ---> TOURGUIDESERVICE
getUserRewards ---> TOURGUIDESERVICE
getUserRewards ---> TOURGUIDESERVICE
getUserRewards ---> TOURGUIDESERVICE
getUserRewards ---> TOURGUIDESERVICE
getUserRewards ---> TOURGUIDESERVICE
getUserRewards ---> TOURGUIDESERVICE
getUserRewards ---> TOURGUIDESERVICE
getUserRewards ---> TOURGUIDESERVICE
getUserRewards ---> TOURGUIDESERVICE
getUserRewards ---> TOURGUIDESERVICE
getUserRewards ---> TOURGUIDESERVICE
getUserRewards ---> TOURGUIDESERVICE
getUserRewards ---> TOURGUIDESERVICE
getUserRewards ---> TOURGUIDESERVICE
getUserRewards ---> TOURGUIDESERVICE
getUserRewards ---> TOURGUIDESERVICE
getUserRewards ---> TOURGUIDESERVICE
getUserRewards ---> TOURGUIDESERVICE
getUserRewards ---> TOURGUIDESERVICE
getUserRewards ---> TOURGUIDESERVICE
getUserRewards ---> TOURGUIDESERVICE
getUserRewards ---> TOURGUIDESERVICE
getUserRewards ---> TOURGUIDESERVICE
getUserRewards ---> TOURGUIDESERVICE
getUserRewards ---> TOURGUIDESERVICE
getUserRewards ---> TOURGUIDESERVICE
getUserRewards ---> TOURGUIDESERVICE
getUserRewards ---> TOURGUIDESERVICE
getUserRewards ---> TOURGUIDESERVICE
getUserRewards ---> TOURGUIDESERVICE
getUserRewards ---> TOURGUIDESERVICE
getUserRewards ---> TOURGUIDESERVICE
getUserRewards ---> TOURGUIDESERVICE
getUserRewards ---> TOURGUIDESERVICE
getUserRewards ---> TOURGUIDESERVICE
getUserRewards ---> TOURGUIDESERVICE
getUserRewards ---> TOURGUIDESERVICE
getUserRewards ---> TOURGUIDESERVICE
getUserRewards ---> TOURGUIDESERVICE
getUserRewards ---> TOURGUIDESERVICE
getUserRewards ---> TOURGUIDESERVICE
getUserRewards ---> TOURGUIDESERVICE
getUserRewards ---> TOURGUIDESERVICE
getUserRewards ---> TOURGUIDESERVICE
getUserRewards ---> TOURGUIDESERVICE
getUserRewards ---> TOURGUIDESERVICE
getUserRewards ---> TOURGUIDESERVICE
getUserRewards ---> TOURGUIDESERVICE
getUserRewards ---> TOURGUIDESERVICE
getUserRewards ---> TOURGUIDESERVICE
getUserRewards ---> TOURGUIDESERVICE
getUserRewards ---> TOURGUIDESERVICE
getUserRewards ---> TOURGUIDESERVICE
getUserRewards ---> TOURGUIDESERVICE
getUserRewards ---> TOURGUIDESERVICE
getUserRewards ---> TOURGUIDESERVICE
getUserRewards ---> TOURGUIDESERVICE
getUserRewards ---> TOURGUIDESERVICE
getUserRewards ---> TOURGUIDESERVICE
getUserRewards ---> TOURGUIDESERVICE
getUserRewards ---> TOURGUIDESERVICE
getUserRewards ---> TOURGUIDESERVICE
getUserRewards ---> TOURGUIDESERVICE
getUserRewards ---> TOURGUIDESERVICE
getUserRewards ---> TOURGUIDESERVICE
getUserRewards ---> TOURGUIDESERVICE
getUserRewards ---> TOURGUIDESERVICE
getUserRewards ---> TOURGUIDESERVICE
getUserRewards ---> TOURGUIDESERVICE
getUserRewards ---> TOURGUIDESERVICE
getUserRewards ---> TOURGUIDESERVICE
getUserRewards ---> TOURGUIDESERVICE
getUserRewards ---> TOURGUIDESERVICE
getUserRewards ---> TOURGUIDESERVICE
getUserRewards ---> TOURGUIDESERVICE
getUserRewards ---> TOURGUIDESERVICE
getUserRewards ---> TOURGUIDESERVICE
getUserRewards ---> TOURGUIDESERVICE
getUserRewards ---> TOURGUIDESERVICE
getUserRewards ---> TOURGUIDESERVICE
getUserRewards ---> TOURGUIDESERVICE
getUserRewards ---> TOURGUIDESERVICE
getUserRewards ---> TOURGUIDESERVICE
getUserRewards ---> TOURGUIDESERVICE
getUserRewards ---> TOURGUIDESERVICE
getUserRewards ---> TOURGUIDESERVICE
getUserRewards ---> TOURGUIDESERVICE
getUserRewards ---> TOURGUIDESERVICE
getUserRewards ---> TOURGUIDESERVICE
getUserRewards ---> TOURGUIDESERVICE
getUserRewards ---> TOURGUIDESERVICE
getUserRewards ---> TOURGUIDESERVICE
getUserRewards ---> TOURGUIDESERVICE
getUserRewards ---> TOURGUIDESERVICE
getUserRewards ---> TOURGUIDESERVICE
getUserRewards ---> TOURGUIDESERVICE
getUserRewards ---> TOURGUIDESERVICE
getUserRewards ---> TOURGUIDESERVICE
getUserRewards ---> TOURGUIDESERVICE
getUserRewards ---> TOURGUIDESERVICE
getUserRewards ---> TOURGUIDESERVICE
getUserRewards ---> TOURGUIDESERVICE
getUserRewards ---> TOURGUIDESERVICE
getUserRewards ---> TOURGUIDESERVICE
getUserRewards ---> TOURGUIDESERVICE
getUserRewards ---> TOURGUIDESERVICE
getUserRewards ---> TOURGUIDESERVICE
getUserRewards ---> TOURGUIDESERVICE
getUserRewards ---> TOURGUIDESERVICE
getUserRewards ---> TOURGUIDESERVICE
getUserRewards ---> TOURGUIDESERVICE
getUserRewards ---> TOURGUIDESERVICE
getUserRewards ---> TOURGUIDESERVICE
getUserRewards ---> TOURGUIDESERVICE
getUserRewards ---> TOURGUIDESERVICE
getUserRewards ---> TOURGUIDESERVICE
getUserRewards ---> TOURGUIDESERVICE
getUserRewards ---> TOURGUIDESERVICE
getUserRewards ---> TOURGUIDESERVICE
getUserRewards ---> TOURGUIDESERVICE
getUserRewards ---> TOURGUIDESERVICE
getUserRewards ---> TOURGUIDESERVICE
getUserRewards ---> TOURGUIDESERVICE
getUserRewards ---> TOURGUIDESERVICE
getUserRewards ---> TOURGUIDESERVICE
getUserRewards ---> TOURGUIDESERVICE
getUserRewards ---> TOURGUIDESERVICE
getUserRewards ---> TOURGUIDESERVICE
getUserRewards ---> TOURGUIDESERVICE
getUserRewards ---> TOURGUIDESERVICE
getUserRewards ---> TOURGUIDESERVICE
getUserRewards ---> TOURGUIDESERVICE
getUserRewards ---> TOURGUIDESERVICE
getUserRewards ---> TOURGUIDESERVICE
getUserRewards ---> TOURGUIDESERVICE
getUserRewards ---> TOURGUIDESERVICE
getUserRewards ---> TOURGUIDESERVICE
getUserRewards ---> TOURGUIDESERVICE
getUserRewards ---> TOURGUIDESERVICE
getUserRewards ---> TOURGUIDESERVICE
getUserRewards ---> TOURGUIDESERVICE
getUserRewards ---> TOURGUIDESERVICE
getUserRewards ---> TOURGUIDESERVICE
getUserRewards ---> TOURGUIDESERVICE
getUserRewards ---> TOURGUIDESERVICE
getUserRewards ---> TOURGUIDESERVICE
getUserRewards ---> TOURGUIDESERVICE
getUserRewards ---> TOURGUIDESERVICE
getUserRewards ---> TOURGUIDESERVICE
getUserRewards ---> TOURGUIDESERVICE
getUserRewards ---> TOURGUIDESERVICE
getUserRewards ---> TOURGUIDESERVICE
getUserRewards ---> TOURGUIDESERVICE
getUserRewards ---> TOURGUIDESERVICE
getUserRewards ---> TOURGUIDESERVICE
getUserRewards ---> TOURGUIDESERVICE
getUserRewards ---> TOURGUIDESERVICE
getUserRewards ---> TOURGUIDESERVICE
getUserRewards ---> TOURGUIDESERVICE
getUserRewards ---> TOURGUIDESERVICE
getUserRewards ---> TOURGUIDESERVICE
getUserRewards ---> TOURGUIDESERVICE
getUserRewards ---> TOURGUIDESERVICE
getUserRewards ---> TOURGUIDESERVICE
getUserRewards ---> TOURGUIDESERVICE
getUserRewards ---> TOURGUIDESERVICE
getUserRewards ---> TOURGUIDESERVICE
getUserRewards ---> TOURGUIDESERVICE
getUserRewards ---> TOURGUIDESERVICE
getUserRewards ---> TOURGUIDESERVICE
getUserRewards ---> TOURGUIDESERVICE
getUserRewards ---> TOURGUIDESERVICE
getUserRewards ---> TOURGUIDESERVICE
getUserRewards ---> TOURGUIDESERVICE
getUserRewards ---> TOURGUIDESERVICE
getUserRewards ---> TOURGUIDESERVICE
getUserRewards ---> TOURGUIDESERVICE
getUserRewards ---> TOURGUIDESERVICE
getUserRewards ---> TOURGUIDESERVICE
getUserRewards ---> TOURGUIDESERVICE
getUserRewards ---> TOURGUIDESERVICE
getUserRewards ---> TOURGUIDESERVICE
getUserRewards ---> TOURGUIDESERVICE
getUserRewards ---> TOURGUIDESERVICE
getUserRewards ---> TOURGUIDESERVICE
getUserRewards ---> TOURGUIDESERVICE
getUserRewards ---> TOURGUIDESERVICE
getUserRewards ---> TOURGUIDESERVICE
getUserRewards ---> TOURGUIDESERVICE
getUserRewards ---> TOURGUIDESERVICE
getUserRewards ---> TOURGUIDESERVICE
getUserRewards ---> TOURGUIDESERVICE
getUserRewards ---> TOURGUIDESERVICE
getUserRewards ---> TOURGUIDESERVICE
getUserRewards ---> TOURGUIDESERVICE
getUserRewards ---> TOURGUIDESERVICE
getUserRewards ---> TOURGUIDESERVICE
getUserRewards ---> TOURGUIDESERVICE
getUserRewards ---> TOURGUIDESERVICE
getUserRewards ---> TOURGUIDESERVICE
getUserRewards ---> TOURGUIDESERVICE
getUserRewards ---> TOURGUIDESERVICE
getUserRewards ---> TOURGUIDESERVICE
getUserRewards ---> TOURGUIDESERVICE
getUserRewards ---> TOURGUIDESERVICE
getUserRewards ---> TOURGUIDESERVICE
getUserRewards ---> TOURGUIDESERVICE
getUserRewards ---> TOURGUIDESERVICE
getUserRewards ---> TOURGUIDESERVICE
getUserRewards ---> TOURGUIDESERVICE
getUserRewards ---> TOURGUIDESERVICE
getUserRewards ---> TOURGUIDESERVICE
getUserRewards ---> TOURGUIDESERVICE
getUserRewards ---> TOURGUIDESERVICE
getUserRewards ---> TOURGUIDESERVICE
getUserRewards ---> TOURGUIDESERVICE
getUserRewards ---> TOURGUIDESERVICE
getUserRewards ---> TOURGUIDESERVICE
getUserRewards ---> TOURGUIDESERVICE
getUserRewards ---> TOURGUIDESERVICE
getUserRewards ---> TOURGUIDESERVICE
getUserRewards ---> TOURGUIDESERVICE
getUserRewards ---> TOURGUIDESERVICE
getUserRewards ---> TOURGUIDESERVICE
getUserRewards ---> TOURGUIDESERVICE
getUserRewards ---> TOURGUIDESERVICE
getUserRewards ---> TOURGUIDESERVICE
getUserRewards ---> TOURGUIDESERVICE
getUserRewards ---> TOURGUIDESERVICE
getUserRewards ---> TOURGUIDESERVICE
getUserRewards ---> TOURGUIDESERVICE
getUserRewards ---> TOURGUIDESERVICE
getUserRewards ---> TOURGUIDESERVICE
getUserRewards ---> TOURGUIDESERVICE
getUserRewards ---> TOURGUIDESERVICE
getUserRewards ---> TOURGUIDESERVICE
getUserRewards ---> TOURGUIDESERVICE
getUserRewards ---> TOURGUIDESERVICE
getUserRewards ---> TOURGUIDESERVICE
getUserRewards ---> TOURGUIDESERVICE
getUserRewards ---> TOURGUIDESERVICE
getUserRewards ---> TOURGUIDESERVICE
getUserRewards ---> TOURGUIDESERVICE
getUserRewards ---> TOURGUIDESERVICE
getUserRewards ---> TOURGUIDESERVICE
getUserRewards ---> TOURGUIDESERVICE
getUserRewards ---> TOURGUIDESERVICE
getUserRewards ---> TOURGUIDESERVICE
getUserRewards ---> TOURGUIDESERVICE
getUserRewards ---> TOURGUIDESERVICE
getUserRewards ---> TOURGUIDESERVICE
getUserRewards ---> TOURGUIDESERVICE
getUserRewards ---> TOURGUIDESERVICE
getUserRewards ---> TOURGUIDESERVICE
getUserRewards ---> TOURGUIDESERVICE
getUserRewards ---> TOURGUIDESERVICE
getUserRewards ---> TOURGUIDESERVICE
getUserRewards ---> TOURGUIDESERVICE
getUserRewards ---> TOURGUIDESERVICE
getUserRewards ---> TOURGUIDESERVICE
getUserRewards ---> TOURGUIDESERVICE
getUserRewards ---> TOURGUIDESERVICE
getUserRewards ---> TOURGUIDESERVICE
getUserRewards ---> TOURGUIDESERVICE
getUserRewards ---> TOURGUIDESERVICE
getUserRewards ---> TOURGUIDESERVICE
getUserRewards ---> TOURGUIDESERVICE
getUserRewards ---> TOURGUIDESERVICE
getUserRewards ---> TOURGUIDESERVICE
getUserRewards ---> TOURGUIDESERVICE
getUserRewards ---> TOURGUIDESERVICE
getUserRewards ---> TOURGUIDESERVICE
getUserRewards ---> TOURGUIDESERVICE
getUserRewards ---> TOURGUIDESERVICE
getUserRewards ---> TOURGUIDESERVICE
getUserRewards ---> TOURGUIDESERVICE
getUserRewards ---> TOURGUIDESERVICE
getUserRewards ---> TOURGUIDESERVICE
getUserRewards ---> TOURGUIDESERVICE
getUserRewards ---> TOURGUIDESERVICE
getUserRewards ---> TOURGUIDESERVICE
getUserRewards ---> TOURGUIDESERVICE
getUserRewards ---> TOURGUIDESERVICE
getUserRewards ---> TOURGUIDESERVICE
getUserRewards ---> TOURGUIDESERVICE
getUserRewards ---> TOURGUIDESERVICE
getUserRewards ---> TOURGUIDESERVICE
getUserRewards ---> TOURGUIDESERVICE
getUserRewards ---> TOURGUIDESERVICE
getUserRewards ---> TOURGUIDESERVICE
getUserRewards ---> TOURGUIDESERVICE
getUserRewards ---> TOURGUIDESERVICE
getUserRewards ---> TOURGUIDESERVICE
getUserRewards ---> TOURGUIDESERVICE
getUserRewards ---> TOURGUIDESERVICE
getUserRewards ---> TOURGUIDESERVICE
getUserRewards ---> TOURGUIDESERVICE
getUserRewards ---> TOURGUIDESERVICE
getUserRewards ---> TOURGUIDESERVICE
getUserRewards ---> TOURGUIDESERVICE
getUserRewards ---> TOURGUIDESERVICE
getUserRewards ---> TOURGUIDESERVICE
getUserRewards ---> TOURGUIDESERVICE
getUserRewards ---> TOURGUIDESERVICE
getUserRewards ---> TOURGUIDESERVICE
getUserRewards ---> TOURGUIDESERVICE
getUserRewards ---> TOURGUIDESERVICE
getUserRewards ---> TOURGUIDESERVICE
getUserRewards ---> TOURGUIDESERVICE
getUserRewards ---> TOURGUIDESERVICE
getUserRewards ---> TOURGUIDESERVICE
getUserRewards ---> TOURGUIDESERVICE
getUserRewards ---> TOURGUIDESERVICE
getUserRewards ---> TOURGUIDESERVICE
getUserRewards ---> TOURGUIDESERVICE
getUserRewards ---> TOURGUIDESERVICE
getUserRewards ---> TOURGUIDESERVICE
getUserRewards ---> TOURGUIDESERVICE
getUserRewards ---> TOURGUIDESERVICE
getUserRewards ---> TOURGUIDESERVICE
getUserRewards ---> TOURGUIDESERVICE
getUserRewards ---> TOURGUIDESERVICE
getUserRewards ---> TOURGUIDESERVICE
getUserRewards ---> TOURGUIDESERVICE
getUserRewards ---> TOURGUIDESERVICE
getUserRewards ---> TOURGUIDESERVICE
getUserRewards ---> TOURGUIDESERVICE
getUserRewards ---> TOURGUIDESERVICE
getUserRewards ---> TOURGUIDESERVICE
getUserRewards ---> TOURGUIDESERVICE
getUserRewards ---> TOURGUIDESERVICE
getUserRewards ---> TOURGUIDESERVICE
getUserRewards ---> TOURGUIDESERVICE
getUserRewards ---> TOURGUIDESERVICE
getUserRewards ---> TOURGUIDESERVICE
getUserRewards ---> TOURGUIDESERVICE
getUserRewards ---> TOURGUIDESERVICE
getUserRewards ---> TOURGUIDESERVICE
getUserRewards ---> TOURGUIDESERVICE
getUserRewards ---> TOURGUIDESERVICE
getUserRewards ---> TOURGUIDESERVICE
getUserRewards ---> TOURGUIDESERVICE
getUserRewards ---> TOURGUIDESERVICE
getUserRewards ---> TOURGUIDESERVICE
getUserRewards ---> TOURGUIDESERVICE
getUserRewards ---> TOURGUIDESERVICE
getUserRewards ---> TOURGUIDESERVICE
getUserRewards ---> TOURGUIDESERVICE
getUserRewards ---> TOURGUIDESERVICE
getUserRewards ---> TOURGUIDESERVICE
getUserRewards ---> TOURGUIDESERVICE
getUserRewards ---> TOURGUIDESERVICE
getUserRewards ---> TOURGUIDESERVICE
getUserRewards ---> TOURGUIDESERVICE
getUserRewards ---> TOURGUIDESERVICE
getUserRewards ---> TOURGUIDESERVICE
getUserRewards ---> TOURGUIDESERVICE
getUserRewards ---> TOURGUIDESERVICE
getUserRewards ---> TOURGUIDESERVICE
getUserRewards ---> TOURGUIDESERVICE
getUserRewards ---> TOURGUIDESERVICE
getUserRewards ---> TOURGUIDESERVICE
getUserRewards ---> TOURGUIDESERVICE
getUserRewards ---> TOURGUIDESERVICE
getUserRewards ---> TOURGUIDESERVICE
getUserRewards ---> TOURGUIDESERVICE
getUserRewards ---> TOURGUIDESERVICE
getUserRewards ---> TOURGUIDESERVICE
getUserRewards ---> TOURGUIDESERVICE
getUserRewards ---> TOURGUIDESERVICE
getUserRewards ---> TOURGUIDESERVICE
getUserRewards ---> TOURGUIDESERVICE
getUserRewards ---> TOURGUIDESERVICE
getUserRewards ---> TOURGUIDESERVICE
getUserRewards ---> TOURGUIDESERVICE
getUserRewards ---> TOURGUIDESERVICE
getUserRewards ---> TOURGUIDESERVICE
getUserRewards ---> TOURGUIDESERVICE
getUserRewards ---> TOURGUIDESERVICE
getUserRewards ---> TOURGUIDESERVICE
getUserRewards ---> TOURGUIDESERVICE
getUserRewards ---> TOURGUIDESERVICE
getUserRewards ---> TOURGUIDESERVICE
getUserRewards ---> TOURGUIDESERVICE
getUserRewards ---> TOURGUIDESERVICE
getUserRewards ---> TOURGUIDESERVICE
getUserRewards ---> TOURGUIDESERVICE
getUserRewards ---> TOURGUIDESERVICE
getUserRewards ---> TOURGUIDESERVICE
getUserRewards ---> TOURGUIDESERVICE
getUserRewards ---> TOURGUIDESERVICE
getUserRewards ---> TOURGUIDESERVICE
getUserRewards ---> TOURGUIDESERVICE
getUserRewards ---> TOURGUIDESERVICE
getUserRewards ---> TOURGUIDESERVICE
getUserRewards ---> TOURGUIDESERVICE
getUserRewards ---> TOURGUIDESERVICE
getUserRewards ---> TOURGUIDESERVICE
getUserRewards ---> TOURGUIDESERVICE
getUserRewards ---> TOURGUIDESERVICE
getUserRewards ---> TOURGUIDESERVICE
getUserRewards ---> TOURGUIDESERVICE
getUserRewards ---> TOURGUIDESERVICE
getUserRewards ---> TOURGUIDESERVICE
getUserRewards ---> TOURGUIDESERVICE
getUserRewards ---> TOURGUIDESERVICE
getUserRewards ---> TOURGUIDESERVICE
getUserRewards ---> TOURGUIDESERVICE
getUserRewards ---> TOURGUIDESERVICE
getUserRewards ---> TOURGUIDESERVICE
getUserRewards ---> TOURGUIDESERVICE
getUserRewards ---> TOURGUIDESERVICE
getUserRewards ---> TOURGUIDESERVICE
getUserRewards ---> TOURGUIDESERVICE
getUserRewards ---> TOURGUIDESERVICE
getUserRewards ---> TOURGUIDESERVICE
getUserRewards ---> TOURGUIDESERVICE
getUserRewards ---> TOURGUIDESERVICE
getUserRewards ---> TOURGUIDESERVICE
getUserRewards ---> TOURGUIDESERVICE
getUserRewards ---> TOURGUIDESERVICE
getUserRewards ---> TOURGUIDESERVICE
getUserRewards ---> TOURGUIDESERVICE
getUserRewards ---> TOURGUIDESERVICE
getUserRewards ---> TOURGUIDESERVICE
getUserRewards ---> TOURGUIDESERVICE
getUserRewards ---> TOURGUIDESERVICE
getUserRewards ---> TOURGUIDESERVICE
getUserRewards ---> TOURGUIDESERVICE
getUserRewards ---> TOURGUIDESERVICE
getUserRewards ---> TOURGUIDESERVICE
getUserRewards ---> TOURGUIDESERVICE
getUserRewards ---> TOURGUIDESERVICE
getUserRewards ---> TOURGUIDESERVICE
getUserRewards ---> TOURGUIDESERVICE
getUserRewards ---> TOURGUIDESERVICE
getUserRewards ---> TOURGUIDESERVICE
getUserRewards ---> TOURGUIDESERVICE
getUserRewards ---> TOURGUIDESERVICE
getUserRewards ---> TOURGUIDESERVICE
getUserRewards ---> TOURGUIDESERVICE
getUserRewards ---> TOURGUIDESERVICE
getUserRewards ---> TOURGUIDESERVICE
getUserRewards ---> TOURGUIDESERVICE
getUserRewards ---> TOURGUIDESERVICE
getUserRewards ---> TOURGUIDESERVICE
getUserRewards ---> TOURGUIDESERVICE
getUserRewards ---> TOURGUIDESERVICE
getUserRewards ---> TOURGUIDESERVICE
getUserRewards ---> TOURGUIDESERVICE
getUserRewards ---> TOURGUIDESERVICE
getUserRewards ---> TOURGUIDESERVICE
getUserRewards ---> TOURGUIDESERVICE
getUserRewards ---> TOURGUIDESERVICE
getUserRewards ---> TOURGUIDESERVICE
getUserRewards ---> TOURGUIDESERVICE
getUserRewards ---> TOURGUIDESERVICE
getUserRewards ---> TOURGUIDESERVICE
getUserRewards ---> TOURGUIDESERVICE
getUserRewards ---> TOURGUIDESERVICE
getUserRewards ---> TOURGUIDESERVICE
getUserRewards ---> TOURGUIDESERVICE
getUserRewards ---> TOURGUIDESERVICE
getUserRewards ---> TOURGUIDESERVICE
getUserRewards ---> TOURGUIDESERVICE
getUserRewards ---> TOURGUIDESERVICE
getUserRewards ---> TOURGUIDESERVICE
getUserRewards ---> TOURGUIDESERVICE
getUserRewards ---> TOURGUIDESERVICE
getUserRewards ---> TOURGUIDESERVICE
getUserRewards ---> TOURGUIDESERVICE
getUserRewards ---> TOURGUIDESERVICE
getUserRewards ---> TOURGUIDESERVICE
getUserRewards ---> TOURGUIDESERVICE
getUserRewards ---> TOURGUIDESERVICE
getUserRewards ---> TOURGUIDESERVICE
getUserRewards ---> TOURGUIDESERVICE
getUserRewards ---> TOURGUIDESERVICE
getUserRewards ---> TOURGUIDESERVICE
getUserRewards ---> TOURGUIDESERVICE
getUserRewards ---> TOURGUIDESERVICE
getUserRewards ---> TOURGUIDESERVICE
getUserRewards ---> TOURGUIDESERVICE
getUserRewards ---> TOURGUIDESERVICE
getUserRewards ---> TOURGUIDESERVICE
getUserRewards ---> TOURGUIDESERVICE
getUserRewards ---> TOURGUIDESERVICE
getUserRewards ---> TOURGUIDESERVICE
getUserRewards ---> TOURGUIDESERVICE
getUserRewards ---> TOURGUIDESERVICE
getUserRewards ---> TOURGUIDESERVICE
getUserRewards ---> TOURGUIDESERVICE
getUserRewards ---> TOURGUIDESERVICE
getUserRewards ---> TOURGUIDESERVICE
getUserRewards ---> TOURGUIDESERVICE
getUserRewards ---> TOURGUIDESERVICE
getUserRewards ---> TOURGUIDESERVICE
getUserRewards ---> TOURGUIDESERVICE
getUserRewards ---> TOURGUIDESERVICE
getUserRewards ---> TOURGUIDESERVICE
getUserRewards ---> TOURGUIDESERVICE
getUserRewards ---> TOURGUIDESERVICE
getUserRewards ---> TOURGUIDESERVICE
getUserRewards ---> TOURGUIDESERVICE
getUserRewards ---> TOURGUIDESERVICE
getUserRewards ---> TOURGUIDESERVICE
getUserRewards ---> TOURGUIDESERVICE
getUserRewards ---> TOURGUIDESERVICE
getUserRewards ---> TOURGUIDESERVICE
getUserRewards ---> TOURGUIDESERVICE
getUserRewards ---> TOURGUIDESERVICE
getUserRewards ---> TOURGUIDESERVICE
getUserRewards ---> TOURGUIDESERVICE
getUserRewards ---> TOURGUIDESERVICE
getUserRewards ---> TOURGUIDESERVICE
getUserRewards ---> TOURGUIDESERVICE
getUserRewards ---> TOURGUIDESERVICE
getUserRewards ---> TOURGUIDESERVICE
getUserRewards ---> TOURGUIDESERVICE
getUserRewards ---> TOURGUIDESERVICE
getUserRewards ---> TOURGUIDESERVICE
getUserRewards ---> TOURGUIDESERVICE
getUserRewards ---> TOURGUIDESERVICE
getUserRewards ---> TOURGUIDESERVICE
getUserRewards ---> TOURGUIDESERVICE
getUserRewards ---> TOURGUIDESERVICE
getUserRewards ---> TOURGUIDESERVICE
getUserRewards ---> TOURGUIDESERVICE
getUserRewards ---> TOURGUIDESERVICE
getUserRewards ---> TOURGUIDESERVICE
getUserRewards ---> TOURGUIDESERVICE
getUserRewards ---> TOURGUIDESERVICE
getUserRewards ---> TOURGUIDESERVICE
getUserRewards ---> TOURGUIDESERVICE
getUserRewards ---> TOURGUIDESERVICE
getUserRewards ---> TOURGUIDESERVICE
getUserRewards ---> TOURGUIDESERVICE
getUserRewards ---> TOURGUIDESERVICE
getUserRewards ---> TOURGUIDESERVICE
getUserRewards ---> TOURGUIDESERVICE
getUserRewards ---> TOURGUIDESERVICE
getUserRewards ---> TOURGUIDESERVICE
getUserRewards ---> TOURGUIDESERVICE
getUserRewards ---> TOURGUIDESERVICE
getUserRewards ---> TOURGUIDESERVICE
getUserRewards ---> TOURGUIDESERVICE
getUserRewards ---> TOURGUIDESERVICE
getUserRewards ---> TOURGUIDESERVICE
getUserRewards ---> TOURGUIDESERVICE
getUserRewards ---> TOURGUIDESERVICE
getUserRewards ---> TOURGUIDESERVICE
getUserRewards ---> TOURGUIDESERVICE
getUserRewards ---> TOURGUIDESERVICE
getUserRewards ---> TOURGUIDESERVICE
getUserRewards ---> TOURGUIDESERVICE
getUserRewards ---> TOURGUIDESERVICE
getUserRewards ---> TOURGUIDESERVICE
getUserRewards ---> TOURGUIDESERVICE
getUserRewards ---> TOURGUIDESERVICE
getUserRewards ---> TOURGUIDESERVICE
getUserRewards ---> TOURGUIDESERVICE
getUserRewards ---> TOURGUIDESERVICE
getUserRewards ---> TOURGUIDESERVICE
getUserRewards ---> TOURGUIDESERVICE
getUserRewards ---> TOURGUIDESERVICE
getUserRewards ---> TOURGUIDESERVICE
getUserRewards ---> TOURGUIDESERVICE
getUserRewards ---> TOURGUIDESERVICE
getUserRewards ---> TOURGUIDESERVICE
getUserRewards ---> TOURGUIDESERVICE
getUserRewards ---> TOURGUIDESERVICE
getUserRewards ---> TOURGUIDESERVICE
getUserRewards ---> TOURGUIDESERVICE
getUserRewards ---> TOURGUIDESERVICE
getUserRewards ---> TOURGUIDESERVICE
getUserRewards ---> TOURGUIDESERVICE
getUserRewards ---> TOURGUIDESERVICE
getUserRewards ---> TOURGUIDESERVICE
getUserRewards ---> TOURGUIDESERVICE
getUserRewards ---> TOURGUIDESERVICE
getUserRewards ---> TOURGUIDESERVICE
getUserRewards ---> TOURGUIDESERVICE
getUserRewards ---> TOURGUIDESERVICE
getUserRewards ---> TOURGUIDESERVICE
getUserRewards ---> TOURGUIDESERVICE
getUserRewards ---> TOURGUIDESERVICE
getUserRewards ---> TOURGUIDESERVICE
getUserRewards ---> TOURGUIDESERVICE
getUserRewards ---> TOURGUIDESERVICE
getUserRewards ---> TOURGUIDESERVICE
getUserRewards ---> TOURGUIDESERVICE
getUserRewards ---> TOURGUIDESERVICE
getUserRewards ---> TOURGUIDESERVICE
getUserRewards ---> TOURGUIDESERVICE
getUserRewards ---> TOURGUIDESERVICE
getUserRewards ---> TOURGUIDESERVICE
getUserRewards ---> TOURGUIDESERVICE
getUserRewards ---> TOURGUIDESERVICE
getUserRewards ---> TOURGUIDESERVICE
getUserRewards ---> TOURGUIDESERVICE
getUserRewards ---> TOURGUIDESERVICE
getUserRewards ---> TOURGUIDESERVICE
getUserRewards ---> TOURGUIDESERVICE
getUserRewards ---> TOURGUIDESERVICE
getUserRewards ---> TOURGUIDESERVICE
getUserRewards ---> TOURGUIDESERVICE
getUserRewards ---> TOURGUIDESERVICE
getUserRewards ---> TOURGUIDESERVICE
getUserRewards ---> TOURGUIDESERVICE
getUserRewards ---> TOURGUIDESERVICE
getUserRewards ---> TOURGUIDESERVICE
getUserRewards ---> TOURGUIDESERVICE
getUserRewards ---> TOURGUIDESERVICE
getUserRewards ---> TOURGUIDESERVICE
getUserRewards ---> TOURGUIDESERVICE
getUserRewards ---> TOURGUIDESERVICE
getUserRewards ---> TOURGUIDESERVICE
getUserRewards ---> TOURGUIDESERVICE
getUserRewards ---> TOURGUIDESERVICE
getUserRewards ---> TOURGUIDESERVICE
getUserRewards ---> TOURGUIDESERVICE
getUserRewards ---> TOURGUIDESERVICE
getUserRewards ---> TOURGUIDESERVICE
getUserRewards ---> TOURGUIDESERVICE
getUserRewards ---> TOURGUIDESERVICE
getUserRewards ---> TOURGUIDESERVICE
getUserRewards ---> TOURGUIDESERVICE
getUserRewards ---> TOURGUIDESERVICE
getUserRewards ---> TOURGUIDESERVICE
getUserRewards ---> TOURGUIDESERVICE
getUserRewards ---> TOURGUIDESERVICE
getUserRewards ---> TOURGUIDESERVICE
getUserRewards ---> TOURGUIDESERVICE
getUserRewards ---> TOURGUIDESERVICE
getUserRewards ---> TOURGUIDESERVICE
getUserRewards ---> TOURGUIDESERVICE
getUserRewards ---> TOURGUIDESERVICE
getUserRewards ---> TOURGUIDESERVICE
getUserRewards ---> TOURGUIDESERVICE
getUserRewards ---> TOURGUIDESERVICE
getUserRewards ---> TOURGUIDESERVICE
getUserRewards ---> TOURGUIDESERVICE
getUserRewards ---> TOURGUIDESERVICE
getUserRewards ---> TOURGUIDESERVICE
getUserRewards ---> TOURGUIDESERVICE
getUserRewards ---> TOURGUIDESERVICE
getUserRewards ---> TOURGUIDESERVICE
getUserRewards ---> TOURGUIDESERVICE
getUserRewards ---> TOURGUIDESERVICE
getUserRewards ---> TOURGUIDESERVICE
getUserRewards ---> TOURGUIDESERVICE
getUserRewards ---> TOURGUIDESERVICE
getUserRewards ---> TOURGUIDESERVICE
getUserRewards ---> TOURGUIDESERVICE
getUserRewards ---> TOURGUIDESERVICE
getUserRewards ---> TOURGUIDESERVICE
getUserRewards ---> TOURGUIDESERVICE
getUserRewards ---> TOURGUIDESERVICE
getUserRewards ---> TOURGUIDESERVICE
getUserRewards ---> TOURGUIDESERVICE
getUserRewards ---> TOURGUIDESERVICE
getUserRewards ---> TOURGUIDESERVICE
getUserRewards ---> TOURGUIDESERVICE
getUserRewards ---> TOURGUIDESERVICE
getUserRewards ---> TOURGUIDESERVICE
getUserRewards ---> TOURGUIDESERVICE
getUserRewards ---> TOURGUIDESERVICE
getUserRewards ---> TOURGUIDESERVICE
getUserRewards ---> TOURGUIDESERVICE
getUserRewards ---> TOURGUIDESERVICE
getUserRewards ---> TOURGUIDESERVICE
getUserRewards ---> TOURGUIDESERVICE
getUserRewards ---> TOURGUIDESERVICE
getUserRewards ---> TOURGUIDESERVICE
getUserRewards ---> TOURGUIDESERVICE
getUserRewards ---> TOURGUIDESERVICE
getUserRewards ---> TOURGUIDESERVICE
getUserRewards ---> TOURGUIDESERVICE
getUserRewards ---> TOURGUIDESERVICE
getUserRewards ---> TOURGUIDESERVICE
getUserRewards ---> TOURGUIDESERVICE
getUserRewards ---> TOURGUIDESERVICE
getUserRewards ---> TOURGUIDESERVICE
getUserRewards ---> TOURGUIDESERVICE
getUserRewards ---> TOURGUIDESERVICE
getUserRewards ---> TOURGUIDESERVICE
getUserRewards ---> TOURGUIDESERVICE
getUserRewards ---> TOURGUIDESERVICE
getUserRewards ---> TOURGUIDESERVICE
getUserRewards ---> TOURGUIDESERVICE
getUserRewards ---> TOURGUIDESERVICE
getUserRewards ---> TOURGUIDESERVICE
getUserRewards ---> TOURGUIDESERVICE
getUserRewards ---> TOURGUIDESERVICE
getUserRewards ---> TOURGUIDESERVICE
getUserRewards ---> TOURGUIDESERVICE
getUserRewards ---> TOURGUIDESERVICE
getUserRewards ---> TOURGUIDESERVICE
getUserRewards ---> TOURGUIDESERVICE
getUserRewards ---> TOURGUIDESERVICE
getUserRewards ---> TOURGUIDESERVICE
getUserRewards ---> TOURGUIDESERVICE
getUserRewards ---> TOURGUIDESERVICE
getUserRewards ---> TOURGUIDESERVICE
getUserRewards ---> TOURGUIDESERVICE
getUserRewards ---> TOURGUIDESERVICE
getUserRewards ---> TOURGUIDESERVICE
getUserRewards ---> TOURGUIDESERVICE
getUserRewards ---> TOURGUIDESERVICE
getUserRewards ---> TOURGUIDESERVICE
getUserRewards ---> TOURGUIDESERVICE
getUserRewards ---> TOURGUIDESERVICE
getUserRewards ---> TOURGUIDESERVICE
getUserRewards ---> TOURGUIDESERVICE
getUserRewards ---> TOURGUIDESERVICE
getUserRewards ---> TOURGUIDESERVICE
getUserRewards ---> TOURGUIDESERVICE
getUserRewards ---> TOURGUIDESERVICE
getUserRewards ---> TOURGUIDESERVICE
getUserRewards ---> TOURGUIDESERVICE
getUserRewards ---> TOURGUIDESERVICE
getUserRewards ---> TOURGUIDESERVICE
getUserRewards ---> TOURGUIDESERVICE
getUserRewards ---> TOURGUIDESERVICE
getUserRewards ---> TOURGUIDESERVICE
getUserRewards ---> TOURGUIDESERVICE
getUserRewards ---> TOURGUIDESERVICE
getUserRewards ---> TOURGUIDESERVICE
getUserRewards ---> TOURGUIDESERVICE
getUserRewards ---> TOURGUIDESERVICE
getUserRewards ---> TOURGUIDESERVICE
getUserRewards ---> TOURGUIDESERVICE
getUserRewards ---> TOURGUIDESERVICE
getUserRewards ---> TOURGUIDESERVICE
getUserRewards ---> TOURGUIDESERVICE
getUserRewards ---> TOURGUIDESERVICE
getUserRewards ---> TOURGUIDESERVICE
getUserRewards ---> TOURGUIDESERVICE
getUserRewards ---> TOURGUIDESERVICE
getUserRewards ---> TOURGUIDESERVICE
getUserRewards ---> TOURGUIDESERVICE
getUserRewards ---> TOURGUIDESERVICE
getUserRewards ---> TOURGUIDESERVICE
getUserRewards ---> TOURGUIDESERVICE
getUserRewards ---> TOURGUIDESERVICE
getUserRewards ---> TOURGUIDESERVICE
getUserRewards ---> TOURGUIDESERVICE
getUserRewards ---> TOURGUIDESERVICE
getUserRewards ---> TOURGUIDESERVICE
getUserRewards ---> TOURGUIDESERVICE
getUserRewards ---> TOURGUIDESERVICE
getUserRewards ---> TOURGUIDESERVICE
getUserRewards ---> TOURGUIDESERVICE
getUserRewards ---> TOURGUIDESERVICE
getUserRewards ---> TOURGUIDESERVICE
getUserRewards ---> TOURGUIDESERVICE
getUserRewards ---> TOURGUIDESERVICE
getUserRewards ---> TOURGUIDESERVICE
getUserRewards ---> TOURGUIDESERVICE
getUserRewards ---> TOURGUIDESERVICE
getUserRewards ---> TOURGUIDESERVICE
getUserRewards ---> TOURGUIDESERVICE
getUserRewards ---> TOURGUIDESERVICE
getUserRewards ---> TOURGUIDESERVICE
getUserRewards ---> TOURGUIDESERVICE
getUserRewards ---> TOURGUIDESERVICE
getUserRewards ---> TOURGUIDESERVICE
getUserRewards ---> TOURGUIDESERVICE
getUserRewards ---> TOURGUIDESERVICE
getUserRewards ---> TOURGUIDESERVICE
getUserRewards ---> TOURGUIDESERVICE
getUserRewards ---> TOURGUIDESERVICE
getUserRewards ---> TOURGUIDESERVICE
getUserRewards ---> TOURGUIDESERVICE
getUserRewards ---> TOURGUIDESERVICE
getUserRewards ---> TOURGUIDESERVICE
getUserRewards ---> TOURGUIDESERVICE
getUserRewards ---> TOURGUIDESERVICE
getUserRewards ---> TOURGUIDESERVICE
getUserRewards ---> TOURGUIDESERVICE
getUserRewards ---> TOURGUIDESERVICE
getUserRewards ---> TOURGUIDESERVICE
getUserRewards ---> TOURGUIDESERVICE
getUserRewards ---> TOURGUIDESERVICE
getUserRewards ---> TOURGUIDESERVICE
getUserRewards ---> TOURGUIDESERVICE
getUserRewards ---> TOURGUIDESERVICE
getUserRewards ---> TOURGUIDESERVICE
getUserRewards ---> TOURGUIDESERVICE
getUserRewards ---> TOURGUIDESERVICE
getUserRewards ---> TOURGUIDESERVICE
getUserRewards ---> TOURGUIDESERVICE
getUserRewards ---> TOURGUIDESERVICE
getUserRewards ---> TOURGUIDESERVICE
getUserRewards ---> TOURGUIDESERVICE
getUserRewards ---> TOURGUIDESERVICE
getUserRewards ---> TOURGUIDESERVICE
getUserRewards ---> TOURGUIDESERVICE
getUserRewards ---> TOURGUIDESERVICE
getUserRewards ---> TOURGUIDESERVICE
getUserRewards ---> TOURGUIDESERVICE
getUserRewards ---> TOURGUIDESERVICE
getUserRewards ---> TOURGUIDESERVICE
getUserRewards ---> TOURGUIDESERVICE
getUserRewards ---> TOURGUIDESERVICE
getUserRewards ---> TOURGUIDESERVICE
getUserRewards ---> TOURGUIDESERVICE
getUserRewards ---> TOURGUIDESERVICE
getUserRewards ---> TOURGUIDESERVICE
getUserRewards ---> TOURGUIDESERVICE
getUserRewards ---> TOURGUIDESERVICE
getUserRewards ---> TOURGUIDESERVICE
getUserRewards ---> TOURGUIDESERVICE
getUserRewards ---> TOURGUIDESERVICE
getUserRewards ---> TOURGUIDESERVICE
getUserRewards ---> TOURGUIDESERVICE
getUserRewards ---> TOURGUIDESERVICE
getUserRewards ---> TOURGUIDESERVICE
getUserRewards ---> TOURGUIDESERVICE
getUserRewards ---> TOURGUIDESERVICE
getUserRewards ---> TOURGUIDESERVICE
getUserRewards ---> TOURGUIDESERVICE
getUserRewards ---> TOURGUIDESERVICE
getUserRewards ---> TOURGUIDESERVICE
getUserRewards ---> TOURGUIDESERVICE
getUserRewards ---> TOURGUIDESERVICE
getUserRewards ---> TOURGUIDESERVICE
getUserRewards ---> TOURGUIDESERVICE
getUserRewards ---> TOURGUIDESERVICE
getUserRewards ---> TOURGUIDESERVICE
getUserRewards ---> TOURGUIDESERVICE
getUserRewards ---> TOURGUIDESERVICE
getUserRewards ---> TOURGUIDESERVICE
getUserRewards ---> TOURGUIDESERVICE
getUserRewards ---> TOURGUIDESERVICE
getUserRewards ---> TOURGUIDESERVICE
getUserRewards ---> TOURGUIDESERVICE
getUserRewards ---> TOURGUIDESERVICE
getUserRewards ---> TOURGUIDESERVICE
getUserRewards ---> TOURGUIDESERVICE
getUserRewards ---> TOURGUIDESERVICE
getUserRewards ---> TOURGUIDESERVICE
getUserRewards ---> TOURGUIDESERVICE
getUserRewards ---> TOURGUIDESERVICE
getUserRewards ---> TOURGUIDESERVICE
getUserRewards ---> TOURGUIDESERVICE
getUserRewards ---> TOURGUIDESERVICE
getUserRewards ---> TOURGUIDESERVICE
getUserRewards ---> TOURGUIDESERVICE
getUserRewards ---> TOURGUIDESERVICE
getUserRewards ---> TOURGUIDESERVICE
getUserRewards ---> TOURGUIDESERVICE
getUserRewards ---> TOURGUIDESERVICE
getUserRewards ---> TOURGUIDESERVICE
getUserRewards ---> TOURGUIDESERVICE
getUserRewards ---> TOURGUIDESERVICE
getUserRewards ---> TOURGUIDESERVICE
getUserRewards ---> TOURGUIDESERVICE
getUserRewards ---> TOURGUIDESERVICE
getUserRewards ---> TOURGUIDESERVICE
getUserRewards ---> TOURGUIDESERVICE
getUserRewards ---> TOURGUIDESERVICE
getUserRewards ---> TOURGUIDESERVICE
getUserRewards ---> TOURGUIDESERVICE
getUserRewards ---> TOURGUIDESERVICE
getUserRewards ---> TOURGUIDESERVICE
getUserRewards ---> TOURGUIDESERVICE
getUserRewards ---> TOURGUIDESERVICE
getUserRewards ---> TOURGUIDESERVICE
getUserRewards ---> TOURGUIDESERVICE
getUserRewards ---> TOURGUIDESERVICE
getUserRewards ---> TOURGUIDESERVICE
getUserRewards ---> TOURGUIDESERVICE
getUserRewards ---> TOURGUIDESERVICE
getUserRewards ---> TOURGUIDESERVICE
getUserRewards ---> TOURGUIDESERVICE
getUserRewards ---> TOURGUIDESERVICE
getUserRewards ---> TOURGUIDESERVICE
getUserRewards ---> TOURGUIDESERVICE
getUserRewards ---> TOURGUIDESERVICE
getUserRewards ---> TOURGUIDESERVICE
getUserRewards ---> TOURGUIDESERVICE
getUserRewards ---> TOURGUIDESERVICE
getUserRewards ---> TOURGUIDESERVICE
getUserRewards ---> TOURGUIDESERVICE
getUserRewards ---> TOURGUIDESERVICE
getUserRewards ---> TOURGUIDESERVICE
getUserRewards ---> TOURGUIDESERVICE
getUserRewards ---> TOURGUIDESERVICE
getUserRewards ---> TOURGUIDESERVICE
getUserRewards ---> TOURGUIDESERVICE
getUserRewards ---> TOURGUIDESERVICE
getUserRewards ---> TOURGUIDESERVICE
getUserRewards ---> TOURGUIDESERVICE
getUserRewards ---> TOURGUIDESERVICE
getUserRewards ---> TOURGUIDESERVICE
getUserRewards ---> TOURGUIDESERVICE
getUserRewards ---> TOURGUIDESERVICE
getUserRewards ---> TOURGUIDESERVICE
getUserRewards ---> TOURGUIDESERVICE
getUserRewards ---> TOURGUIDESERVICE
getUserRewards ---> TOURGUIDESERVICE
getUserRewards ---> TOURGUIDESERVICE
getUserRewards ---> TOURGUIDESERVICE
getUserRewards ---> TOURGUIDESERVICE
getUserRewards ---> TOURGUIDESERVICE
getUserRewards ---> TOURGUIDESERVICE
getUserRewards ---> TOURGUIDESERVICE
getUserRewards ---> TOURGUIDESERVICE
getUserRewards ---> TOURGUIDESERVICE
getUserRewards ---> TOURGUIDESERVICE
getUserRewards ---> TOURGUIDESERVICE
getUserRewards ---> TOURGUIDESERVICE
getUserRewards ---> TOURGUIDESERVICE
getUserRewards ---> TOURGUIDESERVICE
getUserRewards ---> TOURGUIDESERVICE
getUserRewards ---> TOURGUIDESERVICE
getUserRewards ---> TOURGUIDESERVICE
getUserRewards ---> TOURGUIDESERVICE
getUserRewards ---> TOURGUIDESERVICE
getUserRewards ---> TOURGUIDESERVICE
getUserRewards ---> TOURGUIDESERVICE
getUserRewards ---> TOURGUIDESERVICE
getUserRewards ---> TOURGUIDESERVICE
getUserRewards ---> TOURGUIDESERVICE
getUserRewards ---> TOURGUIDESERVICE
getUserRewards ---> TOURGUIDESERVICE
getUserRewards ---> TOURGUIDESERVICE
getUserRewards ---> TOURGUIDESERVICE
getUserRewards ---> TOURGUIDESERVICE
getUserRewards ---> TOURGUIDESERVICE
getUserRewards ---> TOURGUIDESERVICE
getUserRewards ---> TOURGUIDESERVICE
getUserRewards ---> TOURGUIDESERVICE
getUserRewards ---> TOURGUIDESERVICE
getUserRewards ---> TOURGUIDESERVICE
getUserRewards ---> TOURGUIDESERVICE
getUserRewards ---> TOURGUIDESERVICE
getUserRewards ---> TOURGUIDESERVICE
getUserRewards ---> TOURGUIDESERVICE
getUserRewards ---> TOURGUIDESERVICE
getUserRewards ---> TOURGUIDESERVICE
getUserRewards ---> TOURGUIDESERVICE
getUserRewards ---> TOURGUIDESERVICE
getUserRewards ---> TOURGUIDESERVICE
getUserRewards ---> TOURGUIDESERVICE
getUserRewards ---> TOURGUIDESERVICE
getUserRewards ---> TOURGUIDESERVICE
getUserRewards ---> TOURGUIDESERVICE
getUserRewards ---> TOURGUIDESERVICE
getUserRewards ---> TOURGUIDESERVICE
getUserRewards ---> TOURGUIDESERVICE
getUserRewards ---> TOURGUIDESERVICE
getUserRewards ---> TOURGUIDESERVICE
getUserRewards ---> TOURGUIDESERVICE
getUserRewards ---> TOURGUIDESERVICE
getUserRewards ---> TOURGUIDESERVICE
getUserRewards ---> TOURGUIDESERVICE
getUserRewards ---> TOURGUIDESERVICE
getUserRewards ---> TOURGUIDESERVICE
getUserRewards ---> TOURGUIDESERVICE
getUserRewards ---> TOURGUIDESERVICE
getUserRewards ---> TOURGUIDESERVICE
getUserRewards ---> TOURGUIDESERVICE
getUserRewards ---> TOURGUIDESERVICE
getUserRewards ---> TOURGUIDESERVICE
getUserRewards ---> TOURGUIDESERVICE
getUserRewards ---> TOURGUIDESERVICE
getUserRewards ---> TOURGUIDESERVICE
getUserRewards ---> TOURGUIDESERVICE
getUserRewards ---> TOURGUIDESERVICE
getUserRewards ---> TOURGUIDESERVICE
getUserRewards ---> TOURGUIDESERVICE
getUserRewards ---> TOURGUIDESERVICE
getUserRewards ---> TOURGUIDESERVICE
getUserRewards ---> TOURGUIDESERVICE
getUserRewards ---> TOURGUIDESERVICE
getUserRewards ---> TOURGUIDESERVICE
getUserRewards ---> TOURGUIDESERVICE
getUserRewards ---> TOURGUIDESERVICE
getUserRewards ---> TOURGUIDESERVICE
getUserRewards ---> TOURGUIDESERVICE
getUserRewards ---> TOURGUIDESERVICE
getUserRewards ---> TOURGUIDESERVICE
getUserRewards ---> TOURGUIDESERVICE
getUserRewards ---> TOURGUIDESERVICE
getUserRewards ---> TOURGUIDESERVICE
getUserRewards ---> TOURGUIDESERVICE
getUserRewards ---> TOURGUIDESERVICE
getUserRewards ---> TOURGUIDESERVICE
getUserRewards ---> TOURGUIDESERVICE
getUserRewards ---> TOURGUIDESERVICE
getUserRewards ---> TOURGUIDESERVICE
getUserRewards ---> TOURGUIDESERVICE
getUserRewards ---> TOURGUIDESERVICE
getUserRewards ---> TOURGUIDESERVICE
getUserRewards ---> TOURGUIDESERVICE
getUserRewards ---> TOURGUIDESERVICE
getUserRewards ---> TOURGUIDESERVICE
getUserRewards ---> TOURGUIDESERVICE
getUserRewards ---> TOURGUIDESERVICE
getUserRewards ---> TOURGUIDESERVICE
getUserRewards ---> TOURGUIDESERVICE
getUserRewards ---> TOURGUIDESERVICE
getUserRewards ---> TOURGUIDESERVICE
getUserRewards ---> TOURGUIDESERVICE
getUserRewards ---> TOURGUIDESERVICE
getUserRewards ---> TOURGUIDESERVICE
getUserRewards ---> TOURGUIDESERVICE
getUserRewards ---> TOURGUIDESERVICE
getUserRewards ---> TOURGUIDESERVICE
getUserRewards ---> TOURGUIDESERVICE
getUserRewards ---> TOURGUIDESERVICE
getUserRewards ---> TOURGUIDESERVICE
getUserRewards ---> TOURGUIDESERVICE
getUserRewards ---> TOURGUIDESERVICE
getUserRewards ---> TOURGUIDESERVICE
getUserRewards ---> TOURGUIDESERVICE
getUserRewards ---> TOURGUIDESERVICE
getUserRewards ---> TOURGUIDESERVICE
getUserRewards ---> TOURGUIDESERVICE
getUserRewards ---> TOURGUIDESERVICE
getUserRewards ---> TOURGUIDESERVICE
getUserRewards ---> TOURGUIDESERVICE
getUserRewards ---> TOURGUIDESERVICE
getUserRewards ---> TOURGUIDESERVICE
getUserRewards ---> TOURGUIDESERVICE
getUserRewards ---> TOURGUIDESERVICE
getUserRewards ---> TOURGUIDESERVICE
getUserRewards ---> TOURGUIDESERVICE
getUserRewards ---> TOURGUIDESERVICE
getUserRewards ---> TOURGUIDESERVICE
getUserRewards ---> TOURGUIDESERVICE
getUserRewards ---> TOURGUIDESERVICE
getUserRewards ---> TOURGUIDESERVICE
getUserRewards ---> TOURGUIDESERVICE
getUserRewards ---> TOURGUIDESERVICE
getUserRewards ---> TOURGUIDESERVICE
getUserRewards ---> TOURGUIDESERVICE
getUserRewards ---> TOURGUIDESERVICE
getUserRewards ---> TOURGUIDESERVICE
getUserRewards ---> TOURGUIDESERVICE
getUserRewards ---> TOURGUIDESERVICE
getUserRewards ---> TOURGUIDESERVICE
getUserRewards ---> TOURGUIDESERVICE
getUserRewards ---> TOURGUIDESERVICE
getUserRewards ---> TOURGUIDESERVICE
getUserRewards ---> TOURGUIDESERVICE
getUserRewards ---> TOURGUIDESERVICE
getUserRewards ---> TOURGUIDESERVICE
getUserRewards ---> TOURGUIDESERVICE
getUserRewards ---> TOURGUIDESERVICE
getUserRewards ---> TOURGUIDESERVICE
getUserRewards ---> TOURGUIDESERVICE
getUserRewards ---> TOURGUIDESERVICE
getUserRewards ---> TOURGUIDESERVICE
getUserRewards ---> TOURGUIDESERVICE
getUserRewards ---> TOURGUIDESERVICE
getUserRewards ---> TOURGUIDESERVICE
getUserRewards ---> TOURGUIDESERVICE
getUserRewards ---> TOURGUIDESERVICE
getUserRewards ---> TOURGUIDESERVICE
getUserRewards ---> TOURGUIDESERVICE
getUserRewards ---> TOURGUIDESERVICE
getUserRewards ---> TOURGUIDESERVICE
getUserRewards ---> TOURGUIDESERVICE
getUserRewards ---> TOURGUIDESERVICE
getUserRewards ---> TOURGUIDESERVICE
getUserRewards ---> TOURGUIDESERVICE
getUserRewards ---> TOURGUIDESERVICE
getUserRewards ---> TOURGUIDESERVICE
getUserRewards ---> TOURGUIDESERVICE
getUserRewards ---> TOURGUIDESERVICE
getUserRewards ---> TOURGUIDESERVICE
getUserRewards ---> TOURGUIDESERVICE
getUserRewards ---> TOURGUIDESERVICE
getUserRewards ---> TOURGUIDESERVICE
getUserRewards ---> TOURGUIDESERVICE
getUserRewards ---> TOURGUIDESERVICE
getUserRewards ---> TOURGUIDESERVICE
getUserRewards ---> TOURGUIDESERVICE
getUserRewards ---> TOURGUIDESERVICE
getUserRewards ---> TOURGUIDESERVICE
getUserRewards ---> TOURGUIDESERVICE
getUserRewards ---> TOURGUIDESERVICE
getUserRewards ---> TOURGUIDESERVICE
getUserRewards ---> TOURGUIDESERVICE
getUserRewards ---> TOURGUIDESERVICE
getUserRewards ---> TOURGUIDESERVICE
getUserRewards ---> TOURGUIDESERVICE
getUserRewards ---> TOURGUIDESERVICE
getUserRewards ---> TOURGUIDESERVICE
getUserRewards ---> TOURGUIDESERVICE
getUserRewards ---> TOURGUIDESERVICE
getUserRewards ---> TOURGUIDESERVICE
getUserRewards ---> TOURGUIDESERVICE
getUserRewards ---> TOURGUIDESERVICE
getUserRewards ---> TOURGUIDESERVICE
getUserRewards ---> TOURGUIDESERVICE
getUserRewards ---> TOURGUIDESERVICE
getUserRewards ---> TOURGUIDESERVICE
getUserRewards ---> TOURGUIDESERVICE
getUserRewards ---> TOURGUIDESERVICE
getUserRewards ---> TOURGUIDESERVICE
getUserRewards ---> TOURGUIDESERVICE
getUserRewards ---> TOURGUIDESERVICE
getUserRewards ---> TOURGUIDESERVICE
getUserRewards ---> TOURGUIDESERVICE
getUserRewards ---> TOURGUIDESERVICE
getUserRewards ---> TOURGUIDESERVICE
getUserRewards ---> TOURGUIDESERVICE
getUserRewards ---> TOURGUIDESERVICE
getUserRewards ---> TOURGUIDESERVICE
getUserRewards ---> TOURGUIDESERVICE
getUserRewards ---> TOURGUIDESERVICE
getUserRewards ---> TOURGUIDESERVICE
getUserRewards ---> TOURGUIDESERVICE
getUserRewards ---> TOURGUIDESERVICE
getUserRewards ---> TOURGUIDESERVICE
getUserRewards ---> TOURGUIDESERVICE
getUserRewards ---> TOURGUIDESERVICE
getUserRewards ---> TOURGUIDESERVICE
getUserRewards ---> TOURGUIDESERVICE
getUserRewards ---> TOURGUIDESERVICE
getUserRewards ---> TOURGUIDESERVICE
getUserRewards ---> TOURGUIDESERVICE
getUserRewards ---> TOURGUIDESERVICE
getUserRewards ---> TOURGUIDESERVICE
getUserRewards ---> TOURGUIDESERVICE
getUserRewards ---> TOURGUIDESERVICE
getUserRewards ---> TOURGUIDESERVICE
getUserRewards ---> TOURGUIDESERVICE
getUserRewards ---> TOURGUIDESERVICE
getUserRewards ---> TOURGUIDESERVICE
getUserRewards ---> TOURGUIDESERVICE
getUserRewards ---> TOURGUIDESERVICE
getUserRewards ---> TOURGUIDESERVICE
getUserRewards ---> TOURGUIDESERVICE
getUserRewards ---> TOURGUIDESERVICE
getUserRewards ---> TOURGUIDESERVICE
getUserRewards ---> TOURGUIDESERVICE
getUserRewards ---> TOURGUIDESERVICE
getUserRewards ---> TOURGUIDESERVICE
getUserRewards ---> TOURGUIDESERVICE
getUserRewards ---> TOURGUIDESERVICE
getUserRewards ---> TOURGUIDESERVICE
getUserRewards ---> TOURGUIDESERVICE
getUserRewards ---> TOURGUIDESERVICE
getUserRewards ---> TOURGUIDESERVICE
getUserRewards ---> TOURGUIDESERVICE
getUserRewards ---> TOURGUIDESERVICE
getUserRewards ---> TOURGUIDESERVICE
getUserRewards ---> TOURGUIDESERVICE
getUserRewards ---> TOURGUIDESERVICE
getUserRewards ---> TOURGUIDESERVICE
getUserRewards ---> TOURGUIDESERVICE
getUserRewards ---> TOURGUIDESERVICE
getUserRewards ---> TOURGUIDESERVICE
getUserRewards ---> TOURGUIDESERVICE
getUserRewards ---> TOURGUIDESERVICE
getUserRewards ---> TOURGUIDESERVICE
getUserRewards ---> TOURGUIDESERVICE
getUserRewards ---> TOURGUIDESERVICE
getUserRewards ---> TOURGUIDESERVICE
getUserRewards ---> TOURGUIDESERVICE
getUserRewards ---> TOURGUIDESERVICE
getUserRewards ---> TOURGUIDESERVICE
getUserRewards ---> TOURGUIDESERVICE
getUserRewards ---> TOURGUIDESERVICE
getUserRewards ---> TOURGUIDESERVICE
getUserRewards ---> TOURGUIDESERVICE
getUserRewards ---> TOURGUIDESERVICE
getUserRewards ---> TOURGUIDESERVICE
getUserRewards ---> TOURGUIDESERVICE
getUserRewards ---> TOURGUIDESERVICE
getUserRewards ---> TOURGUIDESERVICE
getUserRewards ---> TOURGUIDESERVICE
getUserRewards ---> TOURGUIDESERVICE
getUserRewards ---> TOURGUIDESERVICE
getUserRewards ---> TOURGUIDESERVICE
getUserRewards ---> TOURGUIDESERVICE
getUserRewards ---> TOURGUIDESERVICE
getUserRewards ---> TOURGUIDESERVICE
getUserRewards ---> TOURGUIDESERVICE
getUserRewards ---> TOURGUIDESERVICE
getUserRewards ---> TOURGUIDESERVICE
getUserRewards ---> TOURGUIDESERVICE
getUserRewards ---> TOURGUIDESERVICE
getUserRewards ---> TOURGUIDESERVICE
getUserRewards ---> TOURGUIDESERVICE
getUserRewards ---> TOURGUIDESERVICE
getUserRewards ---> TOURGUIDESERVICE
getUserRewards ---> TOURGUIDESERVICE
getUserRewards ---> TOURGUIDESERVICE
getUserRewards ---> TOURGUIDESERVICE
getUserRewards ---> TOURGUIDESERVICE
getUserRewards ---> TOURGUIDESERVICE
getUserRewards ---> TOURGUIDESERVICE
getUserRewards ---> TOURGUIDESERVICE
getUserRewards ---> TOURGUIDESERVICE
getUserRewards ---> TOURGUIDESERVICE
getUserRewards ---> TOURGUIDESERVICE
getUserRewards ---> TOURGUIDESERVICE
getUserRewards ---> TOURGUIDESERVICE
getUserRewards ---> TOURGUIDESERVICE
getUserRewards ---> TOURGUIDESERVICE
getUserRewards ---> TOURGUIDESERVICE
getUserRewards ---> TOURGUIDESERVICE
getUserRewards ---> TOURGUIDESERVICE
getUserRewards ---> TOURGUIDESERVICE
getUserRewards ---> TOURGUIDESERVICE
getUserRewards ---> TOURGUIDESERVICE
getUserRewards ---> TOURGUIDESERVICE
getUserRewards ---> TOURGUIDESERVICE
getUserRewards ---> TOURGUIDESERVICE
getUserRewards ---> TOURGUIDESERVICE
getUserRewards ---> TOURGUIDESERVICE
getUserRewards ---> TOURGUIDESERVICE
getUserRewards ---> TOURGUIDESERVICE
getUserRewards ---> TOURGUIDESERVICE
getUserRewards ---> TOURGUIDESERVICE
getUserRewards ---> TOURGUIDESERVICE
getUserRewards ---> TOURGUIDESERVICE
getUserRewards ---> TOURGUIDESERVICE
getUserRewards ---> TOURGUIDESERVICE
getUserRewards ---> TOURGUIDESERVICE
getUserRewards ---> TOURGUIDESERVICE
getUserRewards ---> TOURGUIDESERVICE
getUserRewards ---> TOURGUIDESERVICE
getUserRewards ---> TOURGUIDESERVICE
getUserRewards ---> TOURGUIDESERVICE
getUserRewards ---> TOURGUIDESERVICE
getUserRewards ---> TOURGUIDESERVICE
getUserRewards ---> TOURGUIDESERVICE
getUserRewards ---> TOURGUIDESERVICE
getUserRewards ---> TOURGUIDESERVICE
getUserRewards ---> TOURGUIDESERVICE
getUserRewards ---> TOURGUIDESERVICE
getUserRewards ---> TOURGUIDESERVICE
getUserRewards ---> TOURGUIDESERVICE
getUserRewards ---> TOURGUIDESERVICE
getUserRewards ---> TOURGUIDESERVICE
getUserRewards ---> TOURGUIDESERVICE
getUserRewards ---> TOURGUIDESERVICE
getUserRewards ---> TOURGUIDESERVICE
getUserRewards ---> TOURGUIDESERVICE
getUserRewards ---> TOURGUIDESERVICE
getUserRewards ---> TOURGUIDESERVICE
getUserRewards ---> TOURGUIDESERVICE
getUserRewards ---> TOURGUIDESERVICE
getUserRewards ---> TOURGUIDESERVICE
getUserRewards ---> TOURGUIDESERVICE
getUserRewards ---> TOURGUIDESERVICE
getUserRewards ---> TOURGUIDESERVICE
getUserRewards ---> TOURGUIDESERVICE
getUserRewards ---> TOURGUIDESERVICE
getUserRewards ---> TOURGUIDESERVICE
getUserRewards ---> TOURGUIDESERVICE
getUserRewards ---> TOURGUIDESERVICE
getUserRewards ---> TOURGUIDESERVICE
getUserRewards ---> TOURGUIDESERVICE
getUserRewards ---> TOURGUIDESERVICE
getUserRewards ---> TOURGUIDESERVICE
getUserRewards ---> TOURGUIDESERVICE
getUserRewards ---> TOURGUIDESERVICE
getUserRewards ---> TOURGUIDESERVICE
getUserRewards ---> TOURGUIDESERVICE
getUserRewards ---> TOURGUIDESERVICE
getUserRewards ---> TOURGUIDESERVICE
getUserRewards ---> TOURGUIDESERVICE
getUserRewards ---> TOURGUIDESERVICE
getUserRewards ---> TOURGUIDESERVICE
getUserRewards ---> TOURGUIDESERVICE
getUserRewards ---> TOURGUIDESERVICE
getUserRewards ---> TOURGUIDESERVICE
getUserRewards ---> TOURGUIDESERVICE
getUserRewards ---> TOURGUIDESERVICE
getUserRewards ---> TOURGUIDESERVICE
getUserRewards ---> TOURGUIDESERVICE
getUserRewards ---> TOURGUIDESERVICE
getUserRewards ---> TOURGUIDESERVICE
getUserRewards ---> TOURGUIDESERVICE
getUserRewards ---> TOURGUIDESERVICE
getUserRewards ---> TOURGUIDESERVICE
getUserRewards ---> TOURGUIDESERVICE
getUserRewards ---> TOURGUIDESERVICE
getUserRewards ---> TOURGUIDESERVICE
getUserRewards ---> TOURGUIDESERVICE
getUserRewards ---> TOURGUIDESERVICE
getUserRewards ---> TOURGUIDESERVICE
getUserRewards ---> TOURGUIDESERVICE
getUserRewards ---> TOURGUIDESERVICE
getUserRewards ---> TOURGUIDESERVICE
getUserRewards ---> TOURGUIDESERVICE
getUserRewards ---> TOURGUIDESERVICE
getUserRewards ---> TOURGUIDESERVICE
getUserRewards ---> TOURGUIDESERVICE
getUserRewards ---> TOURGUIDESERVICE
getUserRewards ---> TOURGUIDESERVICE
getUserRewards ---> TOURGUIDESERVICE
getUserRewards ---> TOURGUIDESERVICE
getUserRewards ---> TOURGUIDESERVICE
getUserRewards ---> TOURGUIDESERVICE
getUserRewards ---> TOURGUIDESERVICE
getUserRewards ---> TOURGUIDESERVICE
getUserRewards ---> TOURGUIDESERVICE
getUserRewards ---> TOURGUIDESERVICE
getUserRewards ---> TOURGUIDESERVICE
getUserRewards ---> TOURGUIDESERVICE
getUserRewards ---> TOURGUIDESERVICE
getUserRewards ---> TOURGUIDESERVICE
getUserRewards ---> TOURGUIDESERVICE
getUserRewards ---> TOURGUIDESERVICE
getUserRewards ---> TOURGUIDESERVICE
getUserRewards ---> TOURGUIDESERVICE
getUserRewards ---> TOURGUIDESERVICE
getUserRewards ---> TOURGUIDESERVICE
getUserRewards ---> TOURGUIDESERVICE
getUserRewards ---> TOURGUIDESERVICE
getUserRewards ---> TOURGUIDESERVICE
getUserRewards ---> TOURGUIDESERVICE
getUserRewards ---> TOURGUIDESERVICE
getUserRewards ---> TOURGUIDESERVICE
getUserRewards ---> TOURGUIDESERVICE
getUserRewards ---> TOURGUIDESERVICE
getUserRewards ---> TOURGUIDESERVICE
getUserRewards ---> TOURGUIDESERVICE
getUserRewards ---> TOURGUIDESERVICE
getUserRewards ---> TOURGUIDESERVICE
getUserRewards ---> TOURGUIDESERVICE
getUserRewards ---> TOURGUIDESERVICE
getUserRewards ---> TOURGUIDESERVICE
getUserRewards ---> TOURGUIDESERVICE
getUserRewards ---> TOURGUIDESERVICE
getUserRewards ---> TOURGUIDESERVICE
getUserRewards ---> TOURGUIDESERVICE
getUserRewards ---> TOURGUIDESERVICE
getUserRewards ---> TOURGUIDESERVICE
getUserRewards ---> TOURGUIDESERVICE
getUserRewards ---> TOURGUIDESERVICE
getUserRewards ---> TOURGUIDESERVICE
getUserRewards ---> TOURGUIDESERVICE
getUserRewards ---> TOURGUIDESERVICE
getUserRewards ---> TOURGUIDESERVICE
getUserRewards ---> TOURGUIDESERVICE
getUserRewards ---> TOURGUIDESERVICE
getUserRewards ---> TOURGUIDESERVICE
getUserRewards ---> TOURGUIDESERVICE
getUserRewards ---> TOURGUIDESERVICE
getUserRewards ---> TOURGUIDESERVICE
getUserRewards ---> TOURGUIDESERVICE
getUserRewards ---> TOURGUIDESERVICE
getUserRewards ---> TOURGUIDESERVICE
getUserRewards ---> TOURGUIDESERVICE
getUserRewards ---> TOURGUIDESERVICE
getUserRewards ---> TOURGUIDESERVICE
getUserRewards ---> TOURGUIDESERVICE
getUserRewards ---> TOURGUIDESERVICE
getUserRewards ---> TOURGUIDESERVICE
getUserRewards ---> TOURGUIDESERVICE
getUserRewards ---> TOURGUIDESERVICE
getUserRewards ---> TOURGUIDESERVICE
getUserRewards ---> TOURGUIDESERVICE
getUserRewards ---> TOURGUIDESERVICE
getUserRewards ---> TOURGUIDESERVICE
getUserRewards ---> TOURGUIDESERVICE
getUserRewards ---> TOURGUIDESERVICE
getUserRewards ---> TOURGUIDESERVICE
getUserRewards ---> TOURGUIDESERVICE
getUserRewards ---> TOURGUIDESERVICE
getUserRewards ---> TOURGUIDESERVICE
getUserRewards ---> TOURGUIDESERVICE
getUserRewards ---> TOURGUIDESERVICE
getUserRewards ---> TOURGUIDESERVICE
getUserRewards ---> TOURGUIDESERVICE
getUserRewards ---> TOURGUIDESERVICE
getUserRewards ---> TOURGUIDESERVICE
getUserRewards ---> TOURGUIDESERVICE
getUserRewards ---> TOURGUIDESERVICE
getUserRewards ---> TOURGUIDESERVICE
getUserRewards ---> TOURGUIDESERVICE
getUserRewards ---> TOURGUIDESERVICE
getUserRewards ---> TOURGUIDESERVICE
getUserRewards ---> TOURGUIDESERVICE
getUserRewards ---> TOURGUIDESERVICE
getUserRewards ---> TOURGUIDESERVICE
getUserRewards ---> TOURGUIDESERVICE
getUserRewards ---> TOURGUIDESERVICE
getUserRewards ---> TOURGUIDESERVICE
getUserRewards ---> TOURGUIDESERVICE
getUserRewards ---> TOURGUIDESERVICE
getUserRewards ---> TOURGUIDESERVICE
getUserRewards ---> TOURGUIDESERVICE
getUserRewards ---> TOURGUIDESERVICE
getUserRewards ---> TOURGUIDESERVICE
getUserRewards ---> TOURGUIDESERVICE
getUserRewards ---> TOURGUIDESERVICE
getUserRewards ---> TOURGUIDESERVICE
getUserRewards ---> TOURGUIDESERVICE
getUserRewards ---> TOURGUIDESERVICE
getUserRewards ---> TOURGUIDESERVICE
getUserRewards ---> TOURGUIDESERVICE
getUserRewards ---> TOURGUIDESERVICE
getUserRewards ---> TOURGUIDESERVICE
getUserRewards ---> TOURGUIDESERVICE
getUserRewards ---> TOURGUIDESERVICE
getUserRewards ---> TOURGUIDESERVICE
getUserRewards ---> TOURGUIDESERVICE
getUserRewards ---> TOURGUIDESERVICE
getUserRewards ---> TOURGUIDESERVICE
getUserRewards ---> TOURGUIDESERVICE
getUserRewards ---> TOURGUIDESERVICE
getUserRewards ---> TOURGUIDESERVICE
getUserRewards ---> TOURGUIDESERVICE
getUserRewards ---> TOURGUIDESERVICE
getUserRewards ---> TOURGUIDESERVICE
getUserRewards ---> TOURGUIDESERVICE
getUserRewards ---> TOURGUIDESERVICE
getUserRewards ---> TOURGUIDESERVICE
getUserRewards ---> TOURGUIDESERVICE
getUserRewards ---> TOURGUIDESERVICE
getUserRewards ---> TOURGUIDESERVICE
getUserRewards ---> TOURGUIDESERVICE
getUserRewards ---> TOURGUIDESERVICE
getUserRewards ---> TOURGUIDESERVICE
getUserRewards ---> TOURGUIDESERVICE
getUserRewards ---> TOURGUIDESERVICE
getUserRewards ---> TOURGUIDESERVICE
getUserRewards ---> TOURGUIDESERVICE
getUserRewards ---> TOURGUIDESERVICE
getUserRewards ---> TOURGUIDESERVICE
getUserRewards ---> TOURGUIDESERVICE
getUserRewards ---> TOURGUIDESERVICE
getUserRewards ---> TOURGUIDESERVICE
getUserRewards ---> TOURGUIDESERVICE
getUserRewards ---> TOURGUIDESERVICE
getUserRewards ---> TOURGUIDESERVICE
getUserRewards ---> TOURGUIDESERVICE
getUserRewards ---> TOURGUIDESERVICE
getUserRewards ---> TOURGUIDESERVICE
getUserRewards ---> TOURGUIDESERVICE
getUserRewards ---> TOURGUIDESERVICE
getUserRewards ---> TOURGUIDESERVICE
getUserRewards ---> TOURGUIDESERVICE
getUserRewards ---> TOURGUIDESERVICE
getUserRewards ---> TOURGUIDESERVICE
getUserRewards ---> TOURGUIDESERVICE
getUserRewards ---> TOURGUIDESERVICE
getUserRewards ---> TOURGUIDESERVICE
getUserRewards ---> TOURGUIDESERVICE
getUserRewards ---> TOURGUIDESERVICE
getUserRewards ---> TOURGUIDESERVICE
getUserRewards ---> TOURGUIDESERVICE
getUserRewards ---> TOURGUIDESERVICE
getUserRewards ---> TOURGUIDESERVICE
getUserRewards ---> TOURGUIDESERVICE
getUserRewards ---> TOURGUIDESERVICE
getUserRewards ---> TOURGUIDESERVICE
getUserRewards ---> TOURGUIDESERVICE
getUserRewards ---> TOURGUIDESERVICE
getUserRewards ---> TOURGUIDESERVICE
getUserRewards ---> TOURGUIDESERVICE
getUserRewards ---> TOURGUIDESERVICE
getUserRewards ---> TOURGUIDESERVICE
getUserRewards ---> TOURGUIDESERVICE
getUserRewards ---> TOURGUIDESERVICE
getUserRewards ---> TOURGUIDESERVICE
getUserRewards ---> TOURGUIDESERVICE
getUserRewards ---> TOURGUIDESERVICE
getUserRewards ---> TOURGUIDESERVICE
getUserRewards ---> TOURGUIDESERVICE
getUserRewards ---> TOURGUIDESERVICE
getUserRewards ---> TOURGUIDESERVICE
getUserRewards ---> TOURGUIDESERVICE
getUserRewards ---> TOURGUIDESERVICE
getUserRewards ---> TOURGUIDESERVICE
getUserRewards ---> TOURGUIDESERVICE
getUserRewards ---> TOURGUIDESERVICE
getUserRewards ---> TOURGUIDESERVICE
getUserRewards ---> TOURGUIDESERVICE
getUserRewards ---> TOURGUIDESERVICE
getUserRewards ---> TOURGUIDESERVICE
getUserRewards ---> TOURGUIDESERVICE
getUserRewards ---> TOURGUIDESERVICE
getUserRewards ---> TOURGUIDESERVICE
getUserRewards ---> TOURGUIDESERVICE
getUserRewards ---> TOURGUIDESERVICE
getUserRewards ---> TOURGUIDESERVICE
getUserRewards ---> TOURGUIDESERVICE
getUserRewards ---> TOURGUIDESERVICE
getUserRewards ---> TOURGUIDESERVICE
getUserRewards ---> TOURGUIDESERVICE
getUserRewards ---> TOURGUIDESERVICE
getUserRewards ---> TOURGUIDESERVICE
getUserRewards ---> TOURGUIDESERVICE
getUserRewards ---> TOURGUIDESERVICE
getUserRewards ---> TOURGUIDESERVICE
getUserRewards ---> TOURGUIDESERVICE
getUserRewards ---> TOURGUIDESERVICE
getUserRewards ---> TOURGUIDESERVICE
getUserRewards ---> TOURGUIDESERVICE
getUserRewards ---> TOURGUIDESERVICE
getUserRewards ---> TOURGUIDESERVICE
getUserRewards ---> TOURGUIDESERVICE
getUserRewards ---> TOURGUIDESERVICE
getUserRewards ---> TOURGUIDESERVICE
getUserRewards ---> TOURGUIDESERVICE
getUserRewards ---> TOURGUIDESERVICE
getUserRewards ---> TOURGUIDESERVICE
getUserRewards ---> TOURGUIDESERVICE
getUserRewards ---> TOURGUIDESERVICE
getUserRewards ---> TOURGUIDESERVICE
getUserRewards ---> TOURGUIDESERVICE
getUserRewards ---> TOURGUIDESERVICE
getUserRewards ---> TOURGUIDESERVICE
getUserRewards ---> TOURGUIDESERVICE
getUserRewards ---> TOURGUIDESERVICE
getUserRewards ---> TOURGUIDESERVICE
getUserRewards ---> TOURGUIDESERVICE
getUserRewards ---> TOURGUIDESERVICE
getUserRewards ---> TOURGUIDESERVICE
getUserRewards ---> TOURGUIDESERVICE
getUserRewards ---> TOURGUIDESERVICE
getUserRewards ---> TOURGUIDESERVICE
getUserRewards ---> TOURGUIDESERVICE
getUserRewards ---> TOURGUIDESERVICE
getUserRewards ---> TOURGUIDESERVICE
getUserRewards ---> TOURGUIDESERVICE
getUserRewards ---> TOURGUIDESERVICE
getUserRewards ---> TOURGUIDESERVICE
getUserRewards ---> TOURGUIDESERVICE
getUserRewards ---> TOURGUIDESERVICE
getUserRewards ---> TOURGUIDESERVICE
getUserRewards ---> TOURGUIDESERVICE
getUserRewards ---> TOURGUIDESERVICE
getUserRewards ---> TOURGUIDESERVICE
getUserRewards ---> TOURGUIDESERVICE
getUserRewards ---> TOURGUIDESERVICE
getUserRewards ---> TOURGUIDESERVICE
getUserRewards ---> TOURGUIDESERVICE
getUserRewards ---> TOURGUIDESERVICE
getUserRewards ---> TOURGUIDESERVICE
getUserRewards ---> TOURGUIDESERVICE
getUserRewards ---> TOURGUIDESERVICE
getUserRewards ---> TOURGUIDESERVICE
getUserRewards ---> TOURGUIDESERVICE
getUserRewards ---> TOURGUIDESERVICE
getUserRewards ---> TOURGUIDESERVICE
getUserRewards ---> TOURGUIDESERVICE
getUserRewards ---> TOURGUIDESERVICE
getUserRewards ---> TOURGUIDESERVICE
getUserRewards ---> TOURGUIDESERVICE
getUserRewards ---> TOURGUIDESERVICE
getUserRewards ---> TOURGUIDESERVICE
getUserRewards ---> TOURGUIDESERVICE
getUserRewards ---> TOURGUIDESERVICE
getUserRewards ---> TOURGUIDESERVICE
getUserRewards ---> TOURGUIDESERVICE
getUserRewards ---> TOURGUIDESERVICE
getUserRewards ---> TOURGUIDESERVICE
getUserRewards ---> TOURGUIDESERVICE
getUserRewards ---> TOURGUIDESERVICE
getUserRewards ---> TOURGUIDESERVICE
getUserRewards ---> TOURGUIDESERVICE
getUserRewards ---> TOURGUIDESERVICE
getUserRewards ---> TOURGUIDESERVICE
getUserRewards ---> TOURGUIDESERVICE
getUserRewards ---> TOURGUIDESERVICE
getUserRewards ---> TOURGUIDESERVICE
getUserRewards ---> TOURGUIDESERVICE
getUserRewards ---> TOURGUIDESERVICE
getUserRewards ---> TOURGUIDESERVICE
getUserRewards ---> TOURGUIDESERVICE
getUserRewards ---> TOURGUIDESERVICE
getUserRewards ---> TOURGUIDESERVICE
getUserRewards ---> TOURGUIDESERVICE
getUserRewards ---> TOURGUIDESERVICE
getUserRewards ---> TOURGUIDESERVICE
getUserRewards ---> TOURGUIDESERVICE
getUserRewards ---> TOURGUIDESERVICE
getUserRewards ---> TOURGUIDESERVICE
getUserRewards ---> TOURGUIDESERVICE
getUserRewards ---> TOURGUIDESERVICE
getUserRewards ---> TOURGUIDESERVICE
getUserRewards ---> TOURGUIDESERVICE
getUserRewards ---> TOURGUIDESERVICE
getUserRewards ---> TOURGUIDESERVICE
getUserRewards ---> TOURGUIDESERVICE
getUserRewards ---> TOURGUIDESERVICE
getUserRewards ---> TOURGUIDESERVICE
getUserRewards ---> TOURGUIDESERVICE
getUserRewards ---> TOURGUIDESERVICE
getUserRewards ---> TOURGUIDESERVICE
getUserRewards ---> TOURGUIDESERVICE
getUserRewards ---> TOURGUIDESERVICE
getUserRewards ---> TOURGUIDESERVICE
getUserRewards ---> TOURGUIDESERVICE
getUserRewards ---> TOURGUIDESERVICE
getUserRewards ---> TOURGUIDESERVICE
getUserRewards ---> TOURGUIDESERVICE
getUserRewards ---> TOURGUIDESERVICE
getUserRewards ---> TOURGUIDESERVICE
getUserRewards ---> TOURGUIDESERVICE
getUserRewards ---> TOURGUIDESERVICE
getUserRewards ---> TOURGUIDESERVICE
getUserRewards ---> TOURGUIDESERVICE
getUserRewards ---> TOURGUIDESERVICE
getUserRewards ---> TOURGUIDESERVICE
getUserRewards ---> TOURGUIDESERVICE
getUserRewards ---> TOURGUIDESERVICE
getUserRewards ---> TOURGUIDESERVICE
getUserRewards ---> TOURGUIDESERVICE
getUserRewards ---> TOURGUIDESERVICE
getUserRewards ---> TOURGUIDESERVICE
getUserRewards ---> TOURGUIDESERVICE
getUserRewards ---> TOURGUIDESERVICE
getUserRewards ---> TOURGUIDESERVICE
getUserRewards ---> TOURGUIDESERVICE
getUserRewards ---> TOURGUIDESERVICE
getUserRewards ---> TOURGUIDESERVICE
getUserRewards ---> TOURGUIDESERVICE
getUserRewards ---> TOURGUIDESERVICE
getUserRewards ---> TOURGUIDESERVICE
getUserRewards ---> TOURGUIDESERVICE
getUserRewards ---> TOURGUIDESERVICE
getUserRewards ---> TOURGUIDESERVICE
getUserRewards ---> TOURGUIDESERVICE
getUserRewards ---> TOURGUIDESERVICE
getUserRewards ---> TOURGUIDESERVICE
getUserRewards ---> TOURGUIDESERVICE
getUserRewards ---> TOURGUIDESERVICE
getUserRewards ---> TOURGUIDESERVICE
getUserRewards ---> TOURGUIDESERVICE
getUserRewards ---> TOURGUIDESERVICE
getUserRewards ---> TOURGUIDESERVICE
getUserRewards ---> TOURGUIDESERVICE
getUserRewards ---> TOURGUIDESERVICE
getUserRewards ---> TOURGUIDESERVICE
getUserRewards ---> TOURGUIDESERVICE
getUserRewards ---> TOURGUIDESERVICE
getUserRewards ---> TOURGUIDESERVICE
getUserRewards ---> TOURGUIDESERVICE
getUserRewards ---> TOURGUIDESERVICE
getUserRewards ---> TOURGUIDESERVICE
getUserRewards ---> TOURGUIDESERVICE
getUserRewards ---> TOURGUIDESERVICE
getUserRewards ---> TOURGUIDESERVICE
getUserRewards ---> TOURGUIDESERVICE
getUserRewards ---> TOURGUIDESERVICE
getUserRewards ---> TOURGUIDESERVICE
getUserRewards ---> TOURGUIDESERVICE
getUserRewards ---> TOURGUIDESERVICE
getUserRewards ---> TOURGUIDESERVICE
getUserRewards ---> TOURGUIDESERVICE
getUserRewards ---> TOURGUIDESERVICE
getUserRewards ---> TOURGUIDESERVICE
getUserRewards ---> TOURGUIDESERVICE
getUserRewards ---> TOURGUIDESERVICE
getUserRewards ---> TOURGUIDESERVICE
getUserRewards ---> TOURGUIDESERVICE
getUserRewards ---> TOURGUIDESERVICE
getUserRewards ---> TOURGUIDESERVICE
getUserRewards ---> TOURGUIDESERVICE
getUserRewards ---> TOURGUIDESERVICE
getUserRewards ---> TOURGUIDESERVICE
getUserRewards ---> TOURGUIDESERVICE
getUserRewards ---> TOURGUIDESERVICE
getUserRewards ---> TOURGUIDESERVICE
getUserRewards ---> TOURGUIDESERVICE
getUserRewards ---> TOURGUIDESERVICE
getUserRewards ---> TOURGUIDESERVICE
getUserRewards ---> TOURGUIDESERVICE
getUserRewards ---> TOURGUIDESERVICE
getUserRewards ---> TOURGUIDESERVICE
getUserRewards ---> TOURGUIDESERVICE
getUserRewards ---> TOURGUIDESERVICE
getUserRewards ---> TOURGUIDESERVICE
getUserRewards ---> TOURGUIDESERVICE
getUserRewards ---> TOURGUIDESERVICE
getUserRewards ---> TOURGUIDESERVICE
getUserRewards ---> TOURGUIDESERVICE
getUserRewards ---> TOURGUIDESERVICE
getUserRewards ---> TOURGUIDESERVICE
getUserRewards ---> TOURGUIDESERVICE
getUserRewards ---> TOURGUIDESERVICE
getUserRewards ---> TOURGUIDESERVICE
getUserRewards ---> TOURGUIDESERVICE
getUserRewards ---> TOURGUIDESERVICE
getUserRewards ---> TOURGUIDESERVICE
getUserRewards ---> TOURGUIDESERVICE
getUserRewards ---> TOURGUIDESERVICE
getUserRewards ---> TOURGUIDESERVICE
getUserRewards ---> TOURGUIDESERVICE
getUserRewards ---> TOURGUIDESERVICE
getUserRewards ---> TOURGUIDESERVICE
getUserRewards ---> TOURGUIDESERVICE
getUserRewards ---> TOURGUIDESERVICE
getUserRewards ---> TOURGUIDESERVICE
getUserRewards ---> TOURGUIDESERVICE
getUserRewards ---> TOURGUIDESERVICE
getUserRewards ---> TOURGUIDESERVICE
getUserRewards ---> TOURGUIDESERVICE
getUserRewards ---> TOURGUIDESERVICE
getUserRewards ---> TOURGUIDESERVICE
getUserRewards ---> TOURGUIDESERVICE
getUserRewards ---> TOURGUIDESERVICE
getUserRewards ---> TOURGUIDESERVICE
getUserRewards ---> TOURGUIDESERVICE
getUserRewards ---> TOURGUIDESERVICE
getUserRewards ---> TOURGUIDESERVICE
getUserRewards ---> TOURGUIDESERVICE
getUserRewards ---> TOURGUIDESERVICE
getUserRewards ---> TOURGUIDESERVICE
getUserRewards ---> TOURGUIDESERVICE
getUserRewards ---> TOURGUIDESERVICE
getUserRewards ---> TOURGUIDESERVICE
getUserRewards ---> TOURGUIDESERVICE
getUserRewards ---> TOURGUIDESERVICE
getUserRewards ---> TOURGUIDESERVICE
getUserRewards ---> TOURGUIDESERVICE
getUserRewards ---> TOURGUIDESERVICE
getUserRewards ---> TOURGUIDESERVICE
getUserRewards ---> TOURGUIDESERVICE
getUserRewards ---> TOURGUIDESERVICE
getUserRewards ---> TOURGUIDESERVICE
getUserRewards ---> TOURGUIDESERVICE
getUserRewards ---> TOURGUIDESERVICE
getUserRewards ---> TOURGUIDESERVICE
getUserRewards ---> TOURGUIDESERVICE
getUserRewards ---> TOURGUIDESERVICE
getUserRewards ---> TOURGUIDESERVICE
getUserRewards ---> TOURGUIDESERVICE
getUserRewards ---> TOURGUIDESERVICE
getUserRewards ---> TOURGUIDESERVICE
getUserRewards ---> TOURGUIDESERVICE
getUserRewards ---> TOURGUIDESERVICE
getUserRewards ---> TOURGUIDESERVICE
getUserRewards ---> TOURGUIDESERVICE
getUserRewards ---> TOURGUIDESERVICE
getUserRewards ---> TOURGUIDESERVICE
getUserRewards ---> TOURGUIDESERVICE
getUserRewards ---> TOURGUIDESERVICE
getUserRewards ---> TOURGUIDESERVICE
getUserRewards ---> TOURGUIDESERVICE
getUserRewards ---> TOURGUIDESERVICE
getUserRewards ---> TOURGUIDESERVICE
getUserRewards ---> TOURGUIDESERVICE
getUserRewards ---> TOURGUIDESERVICE
getUserRewards ---> TOURGUIDESERVICE
getUserRewards ---> TOURGUIDESERVICE
getUserRewards ---> TOURGUIDESERVICE
getUserRewards ---> TOURGUIDESERVICE
getUserRewards ---> TOURGUIDESERVICE
getUserRewards ---> TOURGUIDESERVICE
getUserRewards ---> TOURGUIDESERVICE
getUserRewards ---> TOURGUIDESERVICE
getUserRewards ---> TOURGUIDESERVICE
getUserRewards ---> TOURGUIDESERVICE
getUserRewards ---> TOURGUIDESERVICE
getUserRewards ---> TOURGUIDESERVICE
getUserRewards ---> TOURGUIDESERVICE
getUserRewards ---> TOURGUIDESERVICE
getUserRewards ---> TOURGUIDESERVICE
getUserRewards ---> TOURGUIDESERVICE
getUserRewards ---> TOURGUIDESERVICE
getUserRewards ---> TOURGUIDESERVICE
getUserRewards ---> TOURGUIDESERVICE
getUserRewards ---> TOURGUIDESERVICE
getUserRewards ---> TOURGUIDESERVICE
getUserRewards ---> TOURGUIDESERVICE
getUserRewards ---> TOURGUIDESERVICE
getUserRewards ---> TOURGUIDESERVICE
getUserRewards ---> TOURGUIDESERVICE
getUserRewards ---> TOURGUIDESERVICE
getUserRewards ---> TOURGUIDESERVICE
getUserRewards ---> TOURGUIDESERVICE
getUserRewards ---> TOURGUIDESERVICE
getUserRewards ---> TOURGUIDESERVICE
getUserRewards ---> TOURGUIDESERVICE
getUserRewards ---> TOURGUIDESERVICE
getUserRewards ---> TOURGUIDESERVICE
getUserRewards ---> TOURGUIDESERVICE
getUserRewards ---> TOURGUIDESERVICE
getUserRewards ---> TOURGUIDESERVICE
getUserRewards ---> TOURGUIDESERVICE
getUserRewards ---> TOURGUIDESERVICE
getUserRewards ---> TOURGUIDESERVICE
getUserRewards ---> TOURGUIDESERVICE
getUserRewards ---> TOURGUIDESERVICE
getUserRewards ---> TOURGUIDESERVICE
getUserRewards ---> TOURGUIDESERVICE
getUserRewards ---> TOURGUIDESERVICE
getUserRewards ---> TOURGUIDESERVICE
getUserRewards ---> TOURGUIDESERVICE
getUserRewards ---> TOURGUIDESERVICE
getUserRewards ---> TOURGUIDESERVICE
getUserRewards ---> TOURGUIDESERVICE
getUserRewards ---> TOURGUIDESERVICE
getUserRewards ---> TOURGUIDESERVICE
getUserRewards ---> TOURGUIDESERVICE
getUserRewards ---> TOURGUIDESERVICE
getUserRewards ---> TOURGUIDESERVICE
getUserRewards ---> TOURGUIDESERVICE
getUserRewards ---> TOURGUIDESERVICE
getUserRewards ---> TOURGUIDESERVICE
getUserRewards ---> TOURGUIDESERVICE
getUserRewards ---> TOURGUIDESERVICE
getUserRewards ---> TOURGUIDESERVICE
getUserRewards ---> TOURGUIDESERVICE
getUserRewards ---> TOURGUIDESERVICE
getUserRewards ---> TOURGUIDESERVICE
getUserRewards ---> TOURGUIDESERVICE
getUserRewards ---> TOURGUIDESERVICE
getUserRewards ---> TOURGUIDESERVICE
getUserRewards ---> TOURGUIDESERVICE
getUserRewards ---> TOURGUIDESERVICE
getUserRewards ---> TOURGUIDESERVICE
getUserRewards ---> TOURGUIDESERVICE
getUserRewards ---> TOURGUIDESERVICE
getUserRewards ---> TOURGUIDESERVICE
getUserRewards ---> TOURGUIDESERVICE
getUserRewards ---> TOURGUIDESERVICE
getUserRewards ---> TOURGUIDESERVICE
getUserRewards ---> TOURGUIDESERVICE
getUserRewards ---> TOURGUIDESERVICE
getUserRewards ---> TOURGUIDESERVICE
getUserRewards ---> TOURGUIDESERVICE
getUserRewards ---> TOURGUIDESERVICE
getUserRewards ---> TOURGUIDESERVICE
getUserRewards ---> TOURGUIDESERVICE
getUserRewards ---> TOURGUIDESERVICE
getUserRewards ---> TOURGUIDESERVICE
getUserRewards ---> TOURGUIDESERVICE
getUserRewards ---> TOURGUIDESERVICE
getUserRewards ---> TOURGUIDESERVICE
getUserRewards ---> TOURGUIDESERVICE
getUserRewards ---> TOURGUIDESERVICE
getUserRewards ---> TOURGUIDESERVICE
getUserRewards ---> TOURGUIDESERVICE
getUserRewards ---> TOURGUIDESERVICE
getUserRewards ---> TOURGUIDESERVICE
getUserRewards ---> TOURGUIDESERVICE
getUserRewards ---> TOURGUIDESERVICE
getUserRewards ---> TOURGUIDESERVICE
getUserRewards ---> TOURGUIDESERVICE
getUserRewards ---> TOURGUIDESERVICE
getUserRewards ---> TOURGUIDESERVICE
getUserRewards ---> TOURGUIDESERVICE
getUserRewards ---> TOURGUIDESERVICE
getUserRewards ---> TOURGUIDESERVICE
getUserRewards ---> TOURGUIDESERVICE
getUserRewards ---> TOURGUIDESERVICE
getUserRewards ---> TOURGUIDESERVICE
getUserRewards ---> TOURGUIDESERVICE
getUserRewards ---> TOURGUIDESERVICE
getUserRewards ---> TOURGUIDESERVICE
getUserRewards ---> TOURGUIDESERVICE
getUserRewards ---> TOURGUIDESERVICE
getUserRewards ---> TOURGUIDESERVICE
getUserRewards ---> TOURGUIDESERVICE
getUserRewards ---> TOURGUIDESERVICE
getUserRewards ---> TOURGUIDESERVICE
getUserRewards ---> TOURGUIDESERVICE
getUserRewards ---> TOURGUIDESERVICE
getUserRewards ---> TOURGUIDESERVICE
getUserRewards ---> TOURGUIDESERVICE
getUserRewards ---> TOURGUIDESERVICE
getUserRewards ---> TOURGUIDESERVICE
getUserRewards ---> TOURGUIDESERVICE
getUserRewards ---> TOURGUIDESERVICE
getUserRewards ---> TOURGUIDESERVICE
getUserRewards ---> TOURGUIDESERVICE
getUserRewards ---> TOURGUIDESERVICE
getUserRewards ---> TOURGUIDESERVICE
getUserRewards ---> TOURGUIDESERVICE
getUserRewards ---> TOURGUIDESERVICE
getUserRewards ---> TOURGUIDESERVICE
getUserRewards ---> TOURGUIDESERVICE
getUserRewards ---> TOURGUIDESERVICE
getUserRewards ---> TOURGUIDESERVICE
getUserRewards ---> TOURGUIDESERVICE
getUserRewards ---> TOURGUIDESERVICE
getUserRewards ---> TOURGUIDESERVICE
getUserRewards ---> TOURGUIDESERVICE
getUserRewards ---> TOURGUIDESERVICE
getUserRewards ---> TOURGUIDESERVICE
getUserRewards ---> TOURGUIDESERVICE
getUserRewards ---> TOURGUIDESERVICE
getUserRewards ---> TOURGUIDESERVICE
getUserRewards ---> TOURGUIDESERVICE
getUserRewards ---> TOURGUIDESERVICE
getUserRewards ---> TOURGUIDESERVICE
getUserRewards ---> TOURGUIDESERVICE
getUserRewards ---> TOURGUIDESERVICE
getUserRewards ---> TOURGUIDESERVICE
getUserRewards ---> TOURGUIDESERVICE
getUserRewards ---> TOURGUIDESERVICE
getUserRewards ---> TOURGUIDESERVICE
getUserRewards ---> TOURGUIDESERVICE
getUserRewards ---> TOURGUIDESERVICE
getUserRewards ---> TOURGUIDESERVICE
getUserRewards ---> TOURGUIDESERVICE
getUserRewards ---> TOURGUIDESERVICE
getUserRewards ---> TOURGUIDESERVICE
getUserRewards ---> TOURGUIDESERVICE
getUserRewards ---> TOURGUIDESERVICE
getUserRewards ---> TOURGUIDESERVICE
getUserRewards ---> TOURGUIDESERVICE
getUserRewards ---> TOURGUIDESERVICE
getUserRewards ---> TOURGUIDESERVICE
getUserRewards ---> TOURGUIDESERVICE
getUserRewards ---> TOURGUIDESERVICE
getUserRewards ---> TOURGUIDESERVICE
getUserRewards ---> TOURGUIDESERVICE
getUserRewards ---> TOURGUIDESERVICE
getUserRewards ---> TOURGUIDESERVICE
getUserRewards ---> TOURGUIDESERVICE
getUserRewards ---> TOURGUIDESERVICE
getUserRewards ---> TOURGUIDESERVICE
getUserRewards ---> TOURGUIDESERVICE
getUserRewards ---> TOURGUIDESERVICE
getUserRewards ---> TOURGUIDESERVICE
getUserRewards ---> TOURGUIDESERVICE
getUserRewards ---> TOURGUIDESERVICE
getUserRewards ---> TOURGUIDESERVICE
getUserRewards ---> TOURGUIDESERVICE
getUserRewards ---> TOURGUIDESERVICE
getUserRewards ---> TOURGUIDESERVICE
getUserRewards ---> TOURGUIDESERVICE
getUserRewards ---> TOURGUIDESERVICE
getUserRewards ---> TOURGUIDESERVICE
getUserRewards ---> TOURGUIDESERVICE
getUserRewards ---> TOURGUIDESERVICE
getUserRewards ---> TOURGUIDESERVICE
getUserRewards ---> TOURGUIDESERVICE
getUserRewards ---> TOURGUIDESERVICE
getUserRewards ---> TOURGUIDESERVICE
getUserRewards ---> TOURGUIDESERVICE
getUserRewards ---> TOURGUIDESERVICE
getUserRewards ---> TOURGUIDESERVICE
getUserRewards ---> TOURGUIDESERVICE
getUserRewards ---> TOURGUIDESERVICE
getUserRewards ---> TOURGUIDESERVICE
getUserRewards ---> TOURGUIDESERVICE
getUserRewards ---> TOURGUIDESERVICE
getUserRewards ---> TOURGUIDESERVICE
getUserRewards ---> TOURGUIDESERVICE
getUserRewards ---> TOURGUIDESERVICE
getUserRewards ---> TOURGUIDESERVICE
getUserRewards ---> TOURGUIDESERVICE
getUserRewards ---> TOURGUIDESERVICE
getUserRewards ---> TOURGUIDESERVICE
getUserRewards ---> TOURGUIDESERVICE
getUserRewards ---> TOURGUIDESERVICE
getUserRewards ---> TOURGUIDESERVICE
getUserRewards ---> TOURGUIDESERVICE
getUserRewards ---> TOURGUIDESERVICE
getUserRewards ---> TOURGUIDESERVICE
getUserRewards ---> TOURGUIDESERVICE
getUserRewards ---> TOURGUIDESERVICE
getUserRewards ---> TOURGUIDESERVICE
getUserRewards ---> TOURGUIDESERVICE
getUserRewards ---> TOURGUIDESERVICE
getUserRewards ---> TOURGUIDESERVICE
getUserRewards ---> TOURGUIDESERVICE
getUserRewards ---> TOURGUIDESERVICE
getUserRewards ---> TOURGUIDESERVICE
getUserRewards ---> TOURGUIDESERVICE
getUserRewards ---> TOURGUIDESERVICE
getUserRewards ---> TOURGUIDESERVICE
getUserRewards ---> TOURGUIDESERVICE
getUserRewards ---> TOURGUIDESERVICE
getUserRewards ---> TOURGUIDESERVICE
getUserRewards ---> TOURGUIDESERVICE
getUserRewards ---> TOURGUIDESERVICE
getUserRewards ---> TOURGUIDESERVICE
getUserRewards ---> TOURGUIDESERVICE
getUserRewards ---> TOURGUIDESERVICE
getUserRewards ---> TOURGUIDESERVICE
getUserRewards ---> TOURGUIDESERVICE
getUserRewards ---> TOURGUIDESERVICE
getUserRewards ---> TOURGUIDESERVICE
getUserRewards ---> TOURGUIDESERVICE
getUserRewards ---> TOURGUIDESERVICE
getUserRewards ---> TOURGUIDESERVICE
getUserRewards ---> TOURGUIDESERVICE
getUserRewards ---> TOURGUIDESERVICE
getUserRewards ---> TOURGUIDESERVICE
getUserRewards ---> TOURGUIDESERVICE
getUserRewards ---> TOURGUIDESERVICE
getUserRewards ---> TOURGUIDESERVICE
getUserRewards ---> TOURGUIDESERVICE
getUserRewards ---> TOURGUIDESERVICE
getUserRewards ---> TOURGUIDESERVICE
getUserRewards ---> TOURGUIDESERVICE
getUserRewards ---> TOURGUIDESERVICE
getUserRewards ---> TOURGUIDESERVICE
getUserRewards ---> TOURGUIDESERVICE
getUserRewards ---> TOURGUIDESERVICE
getUserRewards ---> TOURGUIDESERVICE
getUserRewards ---> TOURGUIDESERVICE
getUserRewards ---> TOURGUIDESERVICE
getUserRewards ---> TOURGUIDESERVICE
getUserRewards ---> TOURGUIDESERVICE
getUserRewards ---> TOURGUIDESERVICE
getUserRewards ---> TOURGUIDESERVICE
getUserRewards ---> TOURGUIDESERVICE
getUserRewards ---> TOURGUIDESERVICE
getUserRewards ---> TOURGUIDESERVICE
getUserRewards ---> TOURGUIDESERVICE
getUserRewards ---> TOURGUIDESERVICE
getUserRewards ---> TOURGUIDESERVICE
getUserRewards ---> TOURGUIDESERVICE
getUserRewards ---> TOURGUIDESERVICE
getUserRewards ---> TOURGUIDESERVICE
getUserRewards ---> TOURGUIDESERVICE
getUserRewards ---> TOURGUIDESERVICE
getUserRewards ---> TOURGUIDESERVICE
getUserRewards ---> TOURGUIDESERVICE
getUserRewards ---> TOURGUIDESERVICE
getUserRewards ---> TOURGUIDESERVICE
getUserRewards ---> TOURGUIDESERVICE
getUserRewards ---> TOURGUIDESERVICE
getUserRewards ---> TOURGUIDESERVICE
getUserRewards ---> TOURGUIDESERVICE
getUserRewards ---> TOURGUIDESERVICE
getUserRewards ---> TOURGUIDESERVICE
getUserRewards ---> TOURGUIDESERVICE
getUserRewards ---> TOURGUIDESERVICE
getUserRewards ---> TOURGUIDESERVICE
getUserRewards ---> TOURGUIDESERVICE
getUserRewards ---> TOURGUIDESERVICE
getUserRewards ---> TOURGUIDESERVICE
getUserRewards ---> TOURGUIDESERVICE
getUserRewards ---> TOURGUIDESERVICE
getUserRewards ---> TOURGUIDESERVICE
getUserRewards ---> TOURGUIDESERVICE
getUserRewards ---> TOURGUIDESERVICE
getUserRewards ---> TOURGUIDESERVICE
getUserRewards ---> TOURGUIDESERVICE
getUserRewards ---> TOURGUIDESERVICE
getUserRewards ---> TOURGUIDESERVICE
getUserRewards ---> TOURGUIDESERVICE
getUserRewards ---> TOURGUIDESERVICE
getUserRewards ---> TOURGUIDESERVICE
getUserRewards ---> TOURGUIDESERVICE
getUserRewards ---> TOURGUIDESERVICE
getUserRewards ---> TOURGUIDESERVICE
getUserRewards ---> TOURGUIDESERVICE
getUserRewards ---> TOURGUIDESERVICE
getUserRewards ---> TOURGUIDESERVICE
getUserRewards ---> TOURGUIDESERVICE
getUserRewards ---> TOURGUIDESERVICE
getUserRewards ---> TOURGUIDESERVICE
getUserRewards ---> TOURGUIDESERVICE
getUserRewards ---> TOURGUIDESERVICE
getUserRewards ---> TOURGUIDESERVICE
getUserRewards ---> TOURGUIDESERVICE
getUserRewards ---> TOURGUIDESERVICE
getUserRewards ---> TOURGUIDESERVICE
getUserRewards ---> TOURGUIDESERVICE
getUserRewards ---> TOURGUIDESERVICE
getUserRewards ---> TOURGUIDESERVICE
getUserRewards ---> TOURGUIDESERVICE
getUserRewards ---> TOURGUIDESERVICE
getUserRewards ---> TOURGUIDESERVICE
getUserRewards ---> TOURGUIDESERVICE
getUserRewards ---> TOURGUIDESERVICE
getUserRewards ---> TOURGUIDESERVICE
getUserRewards ---> TOURGUIDESERVICE
getUserRewards ---> TOURGUIDESERVICE
getUserRewards ---> TOURGUIDESERVICE
getUserRewards ---> TOURGUIDESERVICE
getUserRewards ---> TOURGUIDESERVICE
getUserRewards ---> TOURGUIDESERVICE
getUserRewards ---> TOURGUIDESERVICE
getUserRewards ---> TOURGUIDESERVICE
getUserRewards ---> TOURGUIDESERVICE
getUserRewards ---> TOURGUIDESERVICE
getUserRewards ---> TOURGUIDESERVICE
getUserRewards ---> TOURGUIDESERVICE
getUserRewards ---> TOURGUIDESERVICE
getUserRewards ---> TOURGUIDESERVICE
getUserRewards ---> TOURGUIDESERVICE
getUserRewards ---> TOURGUIDESERVICE
getUserRewards ---> TOURGUIDESERVICE
getUserRewards ---> TOURGUIDESERVICE
getUserRewards ---> TOURGUIDESERVICE
getUserRewards ---> TOURGUIDESERVICE
getUserRewards ---> TOURGUIDESERVICE
getUserRewards ---> TOURGUIDESERVICE
getUserRewards ---> TOURGUIDESERVICE
getUserRewards ---> TOURGUIDESERVICE
getUserRewards ---> TOURGUIDESERVICE
getUserRewards ---> TOURGUIDESERVICE
getUserRewards ---> TOURGUIDESERVICE
getUserRewards ---> TOURGUIDESERVICE
getUserRewards ---> TOURGUIDESERVICE
getUserRewards ---> TOURGUIDESERVICE
getUserRewards ---> TOURGUIDESERVICE
getUserRewards ---> TOURGUIDESERVICE
getUserRewards ---> TOURGUIDESERVICE
getUserRewards ---> TOURGUIDESERVICE
getUserRewards ---> TOURGUIDESERVICE
getUserRewards ---> TOURGUIDESERVICE
getUserRewards ---> TOURGUIDESERVICE
getUserRewards ---> TOURGUIDESERVICE
getUserRewards ---> TOURGUIDESERVICE
getUserRewards ---> TOURGUIDESERVICE
getUserRewards ---> TOURGUIDESERVICE
getUserRewards ---> TOURGUIDESERVICE
getUserRewards ---> TOURGUIDESERVICE
getUserRewards ---> TOURGUIDESERVICE
getUserRewards ---> TOURGUIDESERVICE
getUserRewards ---> TOURGUIDESERVICE
getUserRewards ---> TOURGUIDESERVICE
getUserRewards ---> TOURGUIDESERVICE
getUserRewards ---> TOURGUIDESERVICE
getUserRewards ---> TOURGUIDESERVICE
getUserRewards ---> TOURGUIDESERVICE
getUserRewards ---> TOURGUIDESERVICE
getUserRewards ---> TOURGUIDESERVICE
getUserRewards ---> TOURGUIDESERVICE
getUserRewards ---> TOURGUIDESERVICE
getUserRewards ---> TOURGUIDESERVICE
getUserRewards ---> TOURGUIDESERVICE
getUserRewards ---> TOURGUIDESERVICE
getUserRewards ---> TOURGUIDESERVICE
getUserRewards ---> TOURGUIDESERVICE
getUserRewards ---> TOURGUIDESERVICE
getUserRewards ---> TOURGUIDESERVICE
getUserRewards ---> TOURGUIDESERVICE
getUserRewards ---> TOURGUIDESERVICE
getUserRewards ---> TOURGUIDESERVICE
getUserRewards ---> TOURGUIDESERVICE
getUserRewards ---> TOURGUIDESERVICE
getUserRewards ---> TOURGUIDESERVICE
getUserRewards ---> TOURGUIDESERVICE
getUserRewards ---> TOURGUIDESERVICE
getUserRewards ---> TOURGUIDESERVICE
getUserRewards ---> TOURGUIDESERVICE
getUserRewards ---> TOURGUIDESERVICE
getUserRewards ---> TOURGUIDESERVICE
getUserRewards ---> TOURGUIDESERVICE
getUserRewards ---> TOURGUIDESERVICE
getUserRewards ---> TOURGUIDESERVICE
getUserRewards ---> TOURGUIDESERVICE
getUserRewards ---> TOURGUIDESERVICE
getUserRewards ---> TOURGUIDESERVICE
getUserRewards ---> TOURGUIDESERVICE
getUserRewards ---> TOURGUIDESERVICE
getUserRewards ---> TOURGUIDESERVICE
getUserRewards ---> TOURGUIDESERVICE
getUserRewards ---> TOURGUIDESERVICE
getUserRewards ---> TOURGUIDESERVICE
getUserRewards ---> TOURGUIDESERVICE
getUserRewards ---> TOURGUIDESERVICE
getUserRewards ---> TOURGUIDESERVICE
getUserRewards ---> TOURGUIDESERVICE
getUserRewards ---> TOURGUIDESERVICE
getUserRewards ---> TOURGUIDESERVICE
getUserRewards ---> TOURGUIDESERVICE
getUserRewards ---> TOURGUIDESERVICE
getUserRewards ---> TOURGUIDESERVICE
getUserRewards ---> TOURGUIDESERVICE
getUserRewards ---> TOURGUIDESERVICE
getUserRewards ---> TOURGUIDESERVICE
getUserRewards ---> TOURGUIDESERVICE
getUserRewards ---> TOURGUIDESERVICE
getUserRewards ---> TOURGUIDESERVICE
getUserRewards ---> TOURGUIDESERVICE
getUserRewards ---> TOURGUIDESERVICE
getUserRewards ---> TOURGUIDESERVICE
getUserRewards ---> TOURGUIDESERVICE
getUserRewards ---> TOURGUIDESERVICE
getUserRewards ---> TOURGUIDESERVICE
getUserRewards ---> TOURGUIDESERVICE
getUserRewards ---> TOURGUIDESERVICE
getUserRewards ---> TOURGUIDESERVICE
getUserRewards ---> TOURGUIDESERVICE
getUserRewards ---> TOURGUIDESERVICE
getUserRewards ---> TOURGUIDESERVICE
getUserRewards ---> TOURGUIDESERVICE
getUserRewards ---> TOURGUIDESERVICE
getUserRewards ---> TOURGUIDESERVICE
getUserRewards ---> TOURGUIDESERVICE
getUserRewards ---> TOURGUIDESERVICE
getUserRewards ---> TOURGUIDESERVICE
getUserRewards ---> TOURGUIDESERVICE
getUserRewards ---> TOURGUIDESERVICE
getUserRewards ---> TOURGUIDESERVICE
getUserRewards ---> TOURGUIDESERVICE
getUserRewards ---> TOURGUIDESERVICE
getUserRewards ---> TOURGUIDESERVICE
getUserRewards ---> TOURGUIDESERVICE
getUserRewards ---> TOURGUIDESERVICE
getUserRewards ---> TOURGUIDESERVICE
getUserRewards ---> TOURGUIDESERVICE
getUserRewards ---> TOURGUIDESERVICE
getUserRewards ---> TOURGUIDESERVICE
getUserRewards ---> TOURGUIDESERVICE
getUserRewards ---> TOURGUIDESERVICE
getUserRewards ---> TOURGUIDESERVICE
getUserRewards ---> TOURGUIDESERVICE
getUserRewards ---> TOURGUIDESERVICE
getUserRewards ---> TOURGUIDESERVICE
getUserRewards ---> TOURGUIDESERVICE
getUserRewards ---> TOURGUIDESERVICE
getUserRewards ---> TOURGUIDESERVICE
getUserRewards ---> TOURGUIDESERVICE
getUserRewards ---> TOURGUIDESERVICE
getUserRewards ---> TOURGUIDESERVICE
getUserRewards ---> TOURGUIDESERVICE
getUserRewards ---> TOURGUIDESERVICE
getUserRewards ---> TOURGUIDESERVICE
getUserRewards ---> TOURGUIDESERVICE
getUserRewards ---> TOURGUIDESERVICE
getUserRewards ---> TOURGUIDESERVICE
getUserRewards ---> TOURGUIDESERVICE
getUserRewards ---> TOURGUIDESERVICE
getUserRewards ---> TOURGUIDESERVICE
getUserRewards ---> TOURGUIDESERVICE
getUserRewards ---> TOURGUIDESERVICE
getUserRewards ---> TOURGUIDESERVICE
getUserRewards ---> TOURGUIDESERVICE
getUserRewards ---> TOURGUIDESERVICE
getUserRewards ---> TOURGUIDESERVICE
getUserRewards ---> TOURGUIDESERVICE
getUserRewards ---> TOURGUIDESERVICE
getUserRewards ---> TOURGUIDESERVICE
getUserRewards ---> TOURGUIDESERVICE
getUserRewards ---> TOURGUIDESERVICE
getUserRewards ---> TOURGUIDESERVICE
getUserRewards ---> TOURGUIDESERVICE
getUserRewards ---> TOURGUIDESERVICE
getUserRewards ---> TOURGUIDESERVICE
getUserRewards ---> TOURGUIDESERVICE
getUserRewards ---> TOURGUIDESERVICE
getUserRewards ---> TOURGUIDESERVICE
getUserRewards ---> TOURGUIDESERVICE
getUserRewards ---> TOURGUIDESERVICE
getUserRewards ---> TOURGUIDESERVICE
getUserRewards ---> TOURGUIDESERVICE
getUserRewards ---> TOURGUIDESERVICE
getUserRewards ---> TOURGUIDESERVICE
getUserRewards ---> TOURGUIDESERVICE
getUserRewards ---> TOURGUIDESERVICE
getUserRewards ---> TOURGUIDESERVICE
getUserRewards ---> TOURGUIDESERVICE
getUserRewards ---> TOURGUIDESERVICE
getUserRewards ---> TOURGUIDESERVICE
getUserRewards ---> TOURGUIDESERVICE
getUserRewards ---> TOURGUIDESERVICE
getUserRewards ---> TOURGUIDESERVICE
getUserRewards ---> TOURGUIDESERVICE
getUserRewards ---> TOURGUIDESERVICE
getUserRewards ---> TOURGUIDESERVICE
getUserRewards ---> TOURGUIDESERVICE
getUserRewards ---> TOURGUIDESERVICE
getUserRewards ---> TOURGUIDESERVICE
getUserRewards ---> TOURGUIDESERVICE
getUserRewards ---> TOURGUIDESERVICE
getUserRewards ---> TOURGUIDESERVICE
getUserRewards ---> TOURGUIDESERVICE
getUserRewards ---> TOURGUIDESERVICE
getUserRewards ---> TOURGUIDESERVICE
getUserRewards ---> TOURGUIDESERVICE
getUserRewards ---> TOURGUIDESERVICE
getUserRewards ---> TOURGUIDESERVICE
getUserRewards ---> TOURGUIDESERVICE
getUserRewards ---> TOURGUIDESERVICE
getUserRewards ---> TOURGUIDESERVICE
getUserRewards ---> TOURGUIDESERVICE
getUserRewards ---> TOURGUIDESERVICE
getUserRewards ---> TOURGUIDESERVICE
getUserRewards ---> TOURGUIDESERVICE
getUserRewards ---> TOURGUIDESERVICE
getUserRewards ---> TOURGUIDESERVICE
getUserRewards ---> TOURGUIDESERVICE
getUserRewards ---> TOURGUIDESERVICE
getUserRewards ---> TOURGUIDESERVICE
getUserRewards ---> TOURGUIDESERVICE
getUserRewards ---> TOURGUIDESERVICE
getUserRewards ---> TOURGUIDESERVICE
getUserRewards ---> TOURGUIDESERVICE
getUserRewards ---> TOURGUIDESERVICE
getUserRewards ---> TOURGUIDESERVICE
getUserRewards ---> TOURGUIDESERVICE
getUserRewards ---> TOURGUIDESERVICE
getUserRewards ---> TOURGUIDESERVICE
getUserRewards ---> TOURGUIDESERVICE
getUserRewards ---> TOURGUIDESERVICE
getUserRewards ---> TOURGUIDESERVICE
getUserRewards ---> TOURGUIDESERVICE
getUserRewards ---> TOURGUIDESERVICE
getUserRewards ---> TOURGUIDESERVICE
getUserRewards ---> TOURGUIDESERVICE
getUserRewards ---> TOURGUIDESERVICE
getUserRewards ---> TOURGUIDESERVICE
getUserRewards ---> TOURGUIDESERVICE
getUserRewards ---> TOURGUIDESERVICE
getUserRewards ---> TOURGUIDESERVICE
getUserRewards ---> TOURGUIDESERVICE
getUserRewards ---> TOURGUIDESERVICE
getUserRewards ---> TOURGUIDESERVICE
getUserRewards ---> TOURGUIDESERVICE
getUserRewards ---> TOURGUIDESERVICE
getUserRewards ---> TOURGUIDESERVICE
getUserRewards ---> TOURGUIDESERVICE
getUserRewards ---> TOURGUIDESERVICE
getUserRewards ---> TOURGUIDESERVICE
getUserRewards ---> TOURGUIDESERVICE
getUserRewards ---> TOURGUIDESERVICE
getUserRewards ---> TOURGUIDESERVICE
getUserRewards ---> TOURGUIDESERVICE
getUserRewards ---> TOURGUIDESERVICE
getUserRewards ---> TOURGUIDESERVICE
getUserRewards ---> TOURGUIDESERVICE
getUserRewards ---> TOURGUIDESERVICE
getUserRewards ---> TOURGUIDESERVICE
getUserRewards ---> TOURGUIDESERVICE
getUserRewards ---> TOURGUIDESERVICE
getUserRewards ---> TOURGUIDESERVICE
getUserRewards ---> TOURGUIDESERVICE
getUserRewards ---> TOURGUIDESERVICE
getUserRewards ---> TOURGUIDESERVICE
getUserRewards ---> TOURGUIDESERVICE
getUserRewards ---> TOURGUIDESERVICE
getUserRewards ---> TOURGUIDESERVICE
getUserRewards ---> TOURGUIDESERVICE
getUserRewards ---> TOURGUIDESERVICE
getUserRewards ---> TOURGUIDESERVICE
getUserRewards ---> TOURGUIDESERVICE
getUserRewards ---> TOURGUIDESERVICE
getUserRewards ---> TOURGUIDESERVICE
getUserRewards ---> TOURGUIDESERVICE
getUserRewards ---> TOURGUIDESERVICE
getUserRewards ---> TOURGUIDESERVICE
getUserRewards ---> TOURGUIDESERVICE
getUserRewards ---> TOURGUIDESERVICE
getUserRewards ---> TOURGUIDESERVICE
getUserRewards ---> TOURGUIDESERVICE
getUserRewards ---> TOURGUIDESERVICE
getUserRewards ---> TOURGUIDESERVICE
getUserRewards ---> TOURGUIDESERVICE
getUserRewards ---> TOURGUIDESERVICE
getUserRewards ---> TOURGUIDESERVICE
getUserRewards ---> TOURGUIDESERVICE
getUserRewards ---> TOURGUIDESERVICE
getUserRewards ---> TOURGUIDESERVICE
getUserRewards ---> TOURGUIDESERVICE
getUserRewards ---> TOURGUIDESERVICE
getUserRewards ---> TOURGUIDESERVICE
getUserRewards ---> TOURGUIDESERVICE
getUserRewards ---> TOURGUIDESERVICE
getUserRewards ---> TOURGUIDESERVICE
getUserRewards ---> TOURGUIDESERVICE
getUserRewards ---> TOURGUIDESERVICE
getUserRewards ---> TOURGUIDESERVICE
getUserRewards ---> TOURGUIDESERVICE
getUserRewards ---> TOURGUIDESERVICE
getUserRewards ---> TOURGUIDESERVICE
getUserRewards ---> TOURGUIDESERVICE
getUserRewards ---> TOURGUIDESERVICE
getUserRewards ---> TOURGUIDESERVICE
getUserRewards ---> TOURGUIDESERVICE
getUserRewards ---> TOURGUIDESERVICE
getUserRewards ---> TOURGUIDESERVICE
getUserRewards ---> TOURGUIDESERVICE
getUserRewards ---> TOURGUIDESERVICE
getUserRewards ---> TOURGUIDESERVICE
getUserRewards ---> TOURGUIDESERVICE
getUserRewards ---> TOURGUIDESERVICE
getUserRewards ---> TOURGUIDESERVICE
getUserRewards ---> TOURGUIDESERVICE
getUserRewards ---> TOURGUIDESERVICE
getUserRewards ---> TOURGUIDESERVICE
getUserRewards ---> TOURGUIDESERVICE
getUserRewards ---> TOURGUIDESERVICE
getUserRewards ---> TOURGUIDESERVICE
getUserRewards ---> TOURGUIDESERVICE
getUserRewards ---> TOURGUIDESERVICE
getUserRewards ---> TOURGUIDESERVICE
getUserRewards ---> TOURGUIDESERVICE
getUserRewards ---> TOURGUIDESERVICE
getUserRewards ---> TOURGUIDESERVICE
getUserRewards ---> TOURGUIDESERVICE
getUserRewards ---> TOURGUIDESERVICE
getUserRewards ---> TOURGUIDESERVICE
getUserRewards ---> TOURGUIDESERVICE
getUserRewards ---> TOURGUIDESERVICE
getUserRewards ---> TOURGUIDESERVICE
getUserRewards ---> TOURGUIDESERVICE
getUserRewards ---> TOURGUIDESERVICE
getUserRewards ---> TOURGUIDESERVICE
getUserRewards ---> TOURGUIDESERVICE
getUserRewards ---> TOURGUIDESERVICE
getUserRewards ---> TOURGUIDESERVICE
getUserRewards ---> TOURGUIDESERVICE
getUserRewards ---> TOURGUIDESERVICE
getUserRewards ---> TOURGUIDESERVICE
getUserRewards ---> TOURGUIDESERVICE
getUserRewards ---> TOURGUIDESERVICE
getUserRewards ---> TOURGUIDESERVICE
getUserRewards ---> TOURGUIDESERVICE
getUserRewards ---> TOURGUIDESERVICE
getUserRewards ---> TOURGUIDESERVICE
getUserRewards ---> TOURGUIDESERVICE
getUserRewards ---> TOURGUIDESERVICE
getUserRewards ---> TOURGUIDESERVICE
getUserRewards ---> TOURGUIDESERVICE
getUserRewards ---> TOURGUIDESERVICE
getUserRewards ---> TOURGUIDESERVICE
getUserRewards ---> TOURGUIDESERVICE
getUserRewards ---> TOURGUIDESERVICE
getUserRewards ---> TOURGUIDESERVICE
getUserRewards ---> TOURGUIDESERVICE
getUserRewards ---> TOURGUIDESERVICE
getUserRewards ---> TOURGUIDESERVICE
getUserRewards ---> TOURGUIDESERVICE
getUserRewards ---> TOURGUIDESERVICE
getUserRewards ---> TOURGUIDESERVICE
getUserRewards ---> TOURGUIDESERVICE
getUserRewards ---> TOURGUIDESERVICE
getUserRewards ---> TOURGUIDESERVICE
getUserRewards ---> TOURGUIDESERVICE
getUserRewards ---> TOURGUIDESERVICE
getUserRewards ---> TOURGUIDESERVICE
getUserRewards ---> TOURGUIDESERVICE
getUserRewards ---> TOURGUIDESERVICE
getUserRewards ---> TOURGUIDESERVICE
getUserRewards ---> TOURGUIDESERVICE
getUserRewards ---> TOURGUIDESERVICE
getUserRewards ---> TOURGUIDESERVICE
getUserRewards ---> TOURGUIDESERVICE
getUserRewards ---> TOURGUIDESERVICE
getUserRewards ---> TOURGUIDESERVICE
getUserRewards ---> TOURGUIDESERVICE
getUserRewards ---> TOURGUIDESERVICE
getUserRewards ---> TOURGUIDESERVICE
getUserRewards ---> TOURGUIDESERVICE
getUserRewards ---> TOURGUIDESERVICE
getUserRewards ---> TOURGUIDESERVICE
getUserRewards ---> TOURGUIDESERVICE
getUserRewards ---> TOURGUIDESERVICE
getUserRewards ---> TOURGUIDESERVICE
getUserRewards ---> TOURGUIDESERVICE
getUserRewards ---> TOURGUIDESERVICE
getUserRewards ---> TOURGUIDESERVICE
getUserRewards ---> TOURGUIDESERVICE
getUserRewards ---> TOURGUIDESERVICE
getUserRewards ---> TOURGUIDESERVICE
getUserRewards ---> TOURGUIDESERVICE
getUserRewards ---> TOURGUIDESERVICE
getUserRewards ---> TOURGUIDESERVICE
getUserRewards ---> TOURGUIDESERVICE
getUserRewards ---> TOURGUIDESERVICE
getUserRewards ---> TOURGUIDESERVICE
getUserRewards ---> TOURGUIDESERVICE
getUserRewards ---> TOURGUIDESERVICE
getUserRewards ---> TOURGUIDESERVICE
getUserRewards ---> TOURGUIDESERVICE
getUserRewards ---> TOURGUIDESERVICE
getUserRewards ---> TOURGUIDESERVICE
getUserRewards ---> TOURGUIDESERVICE
getUserRewards ---> TOURGUIDESERVICE
getUserRewards ---> TOURGUIDESERVICE
getUserRewards ---> TOURGUIDESERVICE
getUserRewards ---> TOURGUIDESERVICE
getUserRewards ---> TOURGUIDESERVICE
getUserRewards ---> TOURGUIDESERVICE
getUserRewards ---> TOURGUIDESERVICE
getUserRewards ---> TOURGUIDESERVICE
getUserRewards ---> TOURGUIDESERVICE
getUserRewards ---> TOURGUIDESERVICE
getUserRewards ---> TOURGUIDESERVICE
getUserRewards ---> TOURGUIDESERVICE
getUserRewards ---> TOURGUIDESERVICE
getUserRewards ---> TOURGUIDESERVICE
getUserRewards ---> TOURGUIDESERVICE
getUserRewards ---> TOURGUIDESERVICE
getUserRewards ---> TOURGUIDESERVICE
getUserRewards ---> TOURGUIDESERVICE
getUserRewards ---> TOURGUIDESERVICE
getUserRewards ---> TOURGUIDESERVICE
getUserRewards ---> TOURGUIDESERVICE
getUserRewards ---> TOURGUIDESERVICE
getUserRewards ---> TOURGUIDESERVICE
getUserRewards ---> TOURGUIDESERVICE
getUserRewards ---> TOURGUIDESERVICE
getUserRewards ---> TOURGUIDESERVICE
getUserRewards ---> TOURGUIDESERVICE
getUserRewards ---> TOURGUIDESERVICE
getUserRewards ---> TOURGUIDESERVICE
getUserRewards ---> TOURGUIDESERVICE
getUserRewards ---> TOURGUIDESERVICE
getUserRewards ---> TOURGUIDESERVICE
getUserRewards ---> TOURGUIDESERVICE
getUserRewards ---> TOURGUIDESERVICE
getUserRewards ---> TOURGUIDESERVICE
getUserRewards ---> TOURGUIDESERVICE
getUserRewards ---> TOURGUIDESERVICE
getUserRewards ---> TOURGUIDESERVICE
getUserRewards ---> TOURGUIDESERVICE
getUserRewards ---> TOURGUIDESERVICE
getUserRewards ---> TOURGUIDESERVICE
getUserRewards ---> TOURGUIDESERVICE
getUserRewards ---> TOURGUIDESERVICE
getUserRewards ---> TOURGUIDESERVICE
getUserRewards ---> TOURGUIDESERVICE
getUserRewards ---> TOURGUIDESERVICE
getUserRewards ---> TOURGUIDESERVICE
getUserRewards ---> TOURGUIDESERVICE
getUserRewards ---> TOURGUIDESERVICE
getUserRewards ---> TOURGUIDESERVICE
getUserRewards ---> TOURGUIDESERVICE
getUserRewards ---> TOURGUIDESERVICE
getUserRewards ---> TOURGUIDESERVICE
getUserRewards ---> TOURGUIDESERVICE
getUserRewards ---> TOURGUIDESERVICE
getUserRewards ---> TOURGUIDESERVICE
getUserRewards ---> TOURGUIDESERVICE
getUserRewards ---> TOURGUIDESERVICE
getUserRewards ---> TOURGUIDESERVICE
getUserRewards ---> TOURGUIDESERVICE
getUserRewards ---> TOURGUIDESERVICE
getUserRewards ---> TOURGUIDESERVICE
getUserRewards ---> TOURGUIDESERVICE
getUserRewards ---> TOURGUIDESERVICE
getUserRewards ---> TOURGUIDESERVICE
getUserRewards ---> TOURGUIDESERVICE
getUserRewards ---> TOURGUIDESERVICE
getUserRewards ---> TOURGUIDESERVICE
getUserRewards ---> TOURGUIDESERVICE
getUserRewards ---> TOURGUIDESERVICE
getUserRewards ---> TOURGUIDESERVICE
getUserRewards ---> TOURGUIDESERVICE
getUserRewards ---> TOURGUIDESERVICE
getUserRewards ---> TOURGUIDESERVICE
getUserRewards ---> TOURGUIDESERVICE
getUserRewards ---> TOURGUIDESERVICE
getUserRewards ---> TOURGUIDESERVICE
getUserRewards ---> TOURGUIDESERVICE
getUserRewards ---> TOURGUIDESERVICE
getUserRewards ---> TOURGUIDESERVICE
getUserRewards ---> TOURGUIDESERVICE
getUserRewards ---> TOURGUIDESERVICE
getUserRewards ---> TOURGUIDESERVICE
getUserRewards ---> TOURGUIDESERVICE
getUserRewards ---> TOURGUIDESERVICE
getUserRewards ---> TOURGUIDESERVICE
getUserRewards ---> TOURGUIDESERVICE
getUserRewards ---> TOURGUIDESERVICE
getUserRewards ---> TOURGUIDESERVICE
getUserRewards ---> TOURGUIDESERVICE
getUserRewards ---> TOURGUIDESERVICE
getUserRewards ---> TOURGUIDESERVICE
getUserRewards ---> TOURGUIDESERVICE
getUserRewards ---> TOURGUIDESERVICE
getUserRewards ---> TOURGUIDESERVICE
getUserRewards ---> TOURGUIDESERVICE
getUserRewards ---> TOURGUIDESERVICE
getUserRewards ---> TOURGUIDESERVICE
getUserRewards ---> TOURGUIDESERVICE
getUserRewards ---> TOURGUIDESERVICE
getUserRewards ---> TOURGUIDESERVICE
getUserRewards ---> TOURGUIDESERVICE
getUserRewards ---> TOURGUIDESERVICE
getUserRewards ---> TOURGUIDESERVICE
getUserRewards ---> TOURGUIDESERVICE
getUserRewards ---> TOURGUIDESERVICE
getUserRewards ---> TOURGUIDESERVICE
getUserRewards ---> TOURGUIDESERVICE
getUserRewards ---> TOURGUIDESERVICE
getUserRewards ---> TOURGUIDESERVICE
getUserRewards ---> TOURGUIDESERVICE
getUserRewards ---> TOURGUIDESERVICE
getUserRewards ---> TOURGUIDESERVICE
getUserRewards ---> TOURGUIDESERVICE
getUserRewards ---> TOURGUIDESERVICE
getUserRewards ---> TOURGUIDESERVICE
getUserRewards ---> TOURGUIDESERVICE
getUserRewards ---> TOURGUIDESERVICE
getUserRewards ---> TOURGUIDESERVICE
getUserRewards ---> TOURGUIDESERVICE
getUserRewards ---> TOURGUIDESERVICE
getUserRewards ---> TOURGUIDESERVICE
getUserRewards ---> TOURGUIDESERVICE
getUserRewards ---> TOURGUIDESERVICE
getUserRewards ---> TOURGUIDESERVICE
getUserRewards ---> TOURGUIDESERVICE
getUserRewards ---> TOURGUIDESERVICE
getUserRewards ---> TOURGUIDESERVICE
getUserRewards ---> TOURGUIDESERVICE
getUserRewards ---> TOURGUIDESERVICE
getUserRewards ---> TOURGUIDESERVICE
getUserRewards ---> TOURGUIDESERVICE
getUserRewards ---> TOURGUIDESERVICE
getUserRewards ---> TOURGUIDESERVICE
getUserRewards ---> TOURGUIDESERVICE
getUserRewards ---> TOURGUIDESERVICE
getUserRewards ---> TOURGUIDESERVICE
getUserRewards ---> TOURGUIDESERVICE
getUserRewards ---> TOURGUIDESERVICE
getUserRewards ---> TOURGUIDESERVICE
getUserRewards ---> TOURGUIDESERVICE
getUserRewards ---> TOURGUIDESERVICE
getUserRewards ---> TOURGUIDESERVICE
getUserRewards ---> TOURGUIDESERVICE
getUserRewards ---> TOURGUIDESERVICE
getUserRewards ---> TOURGUIDESERVICE
getUserRewards ---> TOURGUIDESERVICE
getUserRewards ---> TOURGUIDESERVICE
getUserRewards ---> TOURGUIDESERVICE
getUserRewards ---> TOURGUIDESERVICE
getUserRewards ---> TOURGUIDESERVICE
getUserRewards ---> TOURGUIDESERVICE
getUserRewards ---> TOURGUIDESERVICE
getUserRewards ---> TOURGUIDESERVICE
getUserRewards ---> TOURGUIDESERVICE
getUserRewards ---> TOURGUIDESERVICE
getUserRewards ---> TOURGUIDESERVICE
getUserRewards ---> TOURGUIDESERVICE
getUserRewards ---> TOURGUIDESERVICE
getUserRewards ---> TOURGUIDESERVICE
getUserRewards ---> TOURGUIDESERVICE
getUserRewards ---> TOURGUIDESERVICE
getUserRewards ---> TOURGUIDESERVICE
getUserRewards ---> TOURGUIDESERVICE
getUserRewards ---> TOURGUIDESERVICE
getUserRewards ---> TOURGUIDESERVICE
getUserRewards ---> TOURGUIDESERVICE
getUserRewards ---> TOURGUIDESERVICE
getUserRewards ---> TOURGUIDESERVICE
getUserRewards ---> TOURGUIDESERVICE
getUserRewards ---> TOURGUIDESERVICE
getUserRewards ---> TOURGUIDESERVICE
getUserRewards ---> TOURGUIDESERVICE
getUserRewards ---> TOURGUIDESERVICE
getUserRewards ---> TOURGUIDESERVICE
getUserRewards ---> TOURGUIDESERVICE
getUserRewards ---> TOURGUIDESERVICE
getUserRewards ---> TOURGUIDESERVICE
getUserRewards ---> TOURGUIDESERVICE
getUserRewards ---> TOURGUIDESERVICE
getUserRewards ---> TOURGUIDESERVICE
getUserRewards ---> TOURGUIDESERVICE
getUserRewards ---> TOURGUIDESERVICE
getUserRewards ---> TOURGUIDESERVICE
getUserRewards ---> TOURGUIDESERVICE
getUserRewards ---> TOURGUIDESERVICE
getUserRewards ---> TOURGUIDESERVICE
getUserRewards ---> TOURGUIDESERVICE
getUserRewards ---> TOURGUIDESERVICE
getUserRewards ---> TOURGUIDESERVICE
getUserRewards ---> TOURGUIDESERVICE
getUserRewards ---> TOURGUIDESERVICE
getUserRewards ---> TOURGUIDESERVICE
getUserRewards ---> TOURGUIDESERVICE
getUserRewards ---> TOURGUIDESERVICE
getUserRewards ---> TOURGUIDESERVICE
getUserRewards ---> TOURGUIDESERVICE
getUserRewards ---> TOURGUIDESERVICE
getUserRewards ---> TOURGUIDESERVICE
getUserRewards ---> TOURGUIDESERVICE
getUserRewards ---> TOURGUIDESERVICE
getUserRewards ---> TOURGUIDESERVICE
getUserRewards ---> TOURGUIDESERVICE
getUserRewards ---> TOURGUIDESERVICE
getUserRewards ---> TOURGUIDESERVICE
getUserRewards ---> TOURGUIDESERVICE
getUserRewards ---> TOURGUIDESERVICE
getUserRewards ---> TOURGUIDESERVICE
getUserRewards ---> TOURGUIDESERVICE
getUserRewards ---> TOURGUIDESERVICE
getUserRewards ---> TOURGUIDESERVICE
getUserRewards ---> TOURGUIDESERVICE
getUserRewards ---> TOURGUIDESERVICE
getUserRewards ---> TOURGUIDESERVICE
getUserRewards ---> TOURGUIDESERVICE
getUserRewards ---> TOURGUIDESERVICE
getUserRewards ---> TOURGUIDESERVICE
getUserRewards ---> TOURGUIDESERVICE
getUserRewards ---> TOURGUIDESERVICE
getUserRewards ---> TOURGUIDESERVICE
getUserRewards ---> TOURGUIDESERVICE
getUserRewards ---> TOURGUIDESERVICE
getUserRewards ---> TOURGUIDESERVICE
getUserRewards ---> TOURGUIDESERVICE
getUserRewards ---> TOURGUIDESERVICE
getUserRewards ---> TOURGUIDESERVICE
getUserRewards ---> TOURGUIDESERVICE
getUserRewards ---> TOURGUIDESERVICE
getUserRewards ---> TOURGUIDESERVICE
getUserRewards ---> TOURGUIDESERVICE
getUserRewards ---> TOURGUIDESERVICE
getUserRewards ---> TOURGUIDESERVICE
getUserRewards ---> TOURGUIDESERVICE
getUserRewards ---> TOURGUIDESERVICE
getUserRewards ---> TOURGUIDESERVICE
getUserRewards ---> TOURGUIDESERVICE
getUserRewards ---> TOURGUIDESERVICE
getUserRewards ---> TOURGUIDESERVICE
getUserRewards ---> TOURGUIDESERVICE
getUserRewards ---> TOURGUIDESERVICE
getUserRewards ---> TOURGUIDESERVICE
getUserRewards ---> TOURGUIDESERVICE
getUserRewards ---> TOURGUIDESERVICE
getUserRewards ---> TOURGUIDESERVICE
getUserRewards ---> TOURGUIDESERVICE
getUserRewards ---> TOURGUIDESERVICE
getUserRewards ---> TOURGUIDESERVICE
getUserRewards ---> TOURGUIDESERVICE
getUserRewards ---> TOURGUIDESERVICE
getUserRewards ---> TOURGUIDESERVICE
getUserRewards ---> TOURGUIDESERVICE
getUserRewards ---> TOURGUIDESERVICE
getUserRewards ---> TOURGUIDESERVICE
getUserRewards ---> TOURGUIDESERVICE
getUserRewards ---> TOURGUIDESERVICE
getUserRewards ---> TOURGUIDESERVICE
getUserRewards ---> TOURGUIDESERVICE
getUserRewards ---> TOURGUIDESERVICE
getUserRewards ---> TOURGUIDESERVICE
getUserRewards ---> TOURGUIDESERVICE
getUserRewards ---> TOURGUIDESERVICE
getUserRewards ---> TOURGUIDESERVICE
getUserRewards ---> TOURGUIDESERVICE
getUserRewards ---> TOURGUIDESERVICE
getUserRewards ---> TOURGUIDESERVICE
getUserRewards ---> TOURGUIDESERVICE
getUserRewards ---> TOURGUIDESERVICE
getUserRewards ---> TOURGUIDESERVICE
getUserRewards ---> TOURGUIDESERVICE
getUserRewards ---> TOURGUIDESERVICE
getUserRewards ---> TOURGUIDESERVICE
getUserRewards ---> TOURGUIDESERVICE
getUserRewards ---> TOURGUIDESERVICE
getUserRewards ---> TOURGUIDESERVICE
getUserRewards ---> TOURGUIDESERVICE
getUserRewards ---> TOURGUIDESERVICE
getUserRewards ---> TOURGUIDESERVICE
getUserRewards ---> TOURGUIDESERVICE
getUserRewards ---> TOURGUIDESERVICE
getUserRewards ---> TOURGUIDESERVICE
getUserRewards ---> TOURGUIDESERVICE
getUserRewards ---> TOURGUIDESERVICE
getUserRewards ---> TOURGUIDESERVICE
getUserRewards ---> TOURGUIDESERVICE
getUserRewards ---> TOURGUIDESERVICE
getUserRewards ---> TOURGUIDESERVICE
getUserRewards ---> TOURGUIDESERVICE
getUserRewards ---> TOURGUIDESERVICE
getUserRewards ---> TOURGUIDESERVICE
getUserRewards ---> TOURGUIDESERVICE
getUserRewards ---> TOURGUIDESERVICE
getUserRewards ---> TOURGUIDESERVICE
getUserRewards ---> TOURGUIDESERVICE
getUserRewards ---> TOURGUIDESERVICE
getUserRewards ---> TOURGUIDESERVICE
getUserRewards ---> TOURGUIDESERVICE
getUserRewards ---> TOURGUIDESERVICE
getUserRewards ---> TOURGUIDESERVICE
getUserRewards ---> TOURGUIDESERVICE
getUserRewards ---> TOURGUIDESERVICE
getUserRewards ---> TOURGUIDESERVICE
getUserRewards ---> TOURGUIDESERVICE
getUserRewards ---> TOURGUIDESERVICE
getUserRewards ---> TOURGUIDESERVICE
getUserRewards ---> TOURGUIDESERVICE
getUserRewards ---> TOURGUIDESERVICE
getUserRewards ---> TOURGUIDESERVICE
getUserRewards ---> TOURGUIDESERVICE
getUserRewards ---> TOURGUIDESERVICE
getUserRewards ---> TOURGUIDESERVICE
getUserRewards ---> TOURGUIDESERVICE
getUserRewards ---> TOURGUIDESERVICE
getUserRewards ---> TOURGUIDESERVICE
getUserRewards ---> TOURGUIDESERVICE
getUserRewards ---> TOURGUIDESERVICE
getUserRewards ---> TOURGUIDESERVICE
getUserRewards ---> TOURGUIDESERVICE
getUserRewards ---> TOURGUIDESERVICE
getUserRewards ---> TOURGUIDESERVICE
getUserRewards ---> TOURGUIDESERVICE
getUserRewards ---> TOURGUIDESERVICE
getUserRewards ---> TOURGUIDESERVICE
getUserRewards ---> TOURGUIDESERVICE
getUserRewards ---> TOURGUIDESERVICE
getUserRewards ---> TOURGUIDESERVICE
getUserRewards ---> TOURGUIDESERVICE
getUserRewards ---> TOURGUIDESERVICE
getUserRewards ---> TOURGUIDESERVICE
getUserRewards ---> TOURGUIDESERVICE
getUserRewards ---> TOURGUIDESERVICE
getUserRewards ---> TOURGUIDESERVICE
getUserRewards ---> TOURGUIDESERVICE
getUserRewards ---> TOURGUIDESERVICE
getUserRewards ---> TOURGUIDESERVICE
getUserRewards ---> TOURGUIDESERVICE
getUserRewards ---> TOURGUIDESERVICE
getUserRewards ---> TOURGUIDESERVICE
getUserRewards ---> TOURGUIDESERVICE
getUserRewards ---> TOURGUIDESERVICE
getUserRewards ---> TOURGUIDESERVICE
getUserRewards ---> TOURGUIDESERVICE
getUserRewards ---> TOURGUIDESERVICE
getUserRewards ---> TOURGUIDESERVICE
getUserRewards ---> TOURGUIDESERVICE
getUserRewards ---> TOURGUIDESERVICE
getUserRewards ---> TOURGUIDESERVICE
getUserRewards ---> TOURGUIDESERVICE
getUserRewards ---> TOURGUIDESERVICE
getUserRewards ---> TOURGUIDESERVICE
getUserRewards ---> TOURGUIDESERVICE
getUserRewards ---> TOURGUIDESERVICE
getUserRewards ---> TOURGUIDESERVICE
getUserRewards ---> TOURGUIDESERVICE
getUserRewards ---> TOURGUIDESERVICE
getUserRewards ---> TOURGUIDESERVICE
getUserRewards ---> TOURGUIDESERVICE
getUserRewards ---> TOURGUIDESERVICE
getUserRewards ---> TOURGUIDESERVICE
getUserRewards ---> TOURGUIDESERVICE
getUserRewards ---> TOURGUIDESERVICE
getUserRewards ---> TOURGUIDESERVICE
getUserRewards ---> TOURGUIDESERVICE
getUserRewards ---> TOURGUIDESERVICE
getUserRewards ---> TOURGUIDESERVICE
getUserRewards ---> TOURGUIDESERVICE
getUserRewards ---> TOURGUIDESERVICE
getUserRewards ---> TOURGUIDESERVICE
getUserRewards ---> TOURGUIDESERVICE
getUserRewards ---> TOURGUIDESERVICE
getUserRewards ---> TOURGUIDESERVICE
getUserRewards ---> TOURGUIDESERVICE
getUserRewards ---> TOURGUIDESERVICE
getUserRewards ---> TOURGUIDESERVICE
getUserRewards ---> TOURGUIDESERVICE
getUserRewards ---> TOURGUIDESERVICE
getUserRewards ---> TOURGUIDESERVICE
getUserRewards ---> TOURGUIDESERVICE
getUserRewards ---> TOURGUIDESERVICE
getUserRewards ---> TOURGUIDESERVICE
getUserRewards ---> TOURGUIDESERVICE
getUserRewards ---> TOURGUIDESERVICE
getUserRewards ---> TOURGUIDESERVICE
getUserRewards ---> TOURGUIDESERVICE
getUserRewards ---> TOURGUIDESERVICE
getUserRewards ---> TOURGUIDESERVICE
getUserRewards ---> TOURGUIDESERVICE
getUserRewards ---> TOURGUIDESERVICE
getUserRewards ---> TOURGUIDESERVICE
getUserRewards ---> TOURGUIDESERVICE
getUserRewards ---> TOURGUIDESERVICE
getUserRewards ---> TOURGUIDESERVICE
getUserRewards ---> TOURGUIDESERVICE
getUserRewards ---> TOURGUIDESERVICE
getUserRewards ---> TOURGUIDESERVICE
getUserRewards ---> TOURGUIDESERVICE
getUserRewards ---> TOURGUIDESERVICE
getUserRewards ---> TOURGUIDESERVICE
getUserRewards ---> TOURGUIDESERVICE
getUserRewards ---> TOURGUIDESERVICE
getUserRewards ---> TOURGUIDESERVICE
getUserRewards ---> TOURGUIDESERVICE
getUserRewards ---> TOURGUIDESERVICE
getUserRewards ---> TOURGUIDESERVICE
getUserRewards ---> TOURGUIDESERVICE
getUserRewards ---> TOURGUIDESERVICE
getUserRewards ---> TOURGUIDESERVICE
getUserRewards ---> TOURGUIDESERVICE
getUserRewards ---> TOURGUIDESERVICE
getUserRewards ---> TOURGUIDESERVICE
getUserRewards ---> TOURGUIDESERVICE
getUserRewards ---> TOURGUIDESERVICE
getUserRewards ---> TOURGUIDESERVICE
getUserRewards ---> TOURGUIDESERVICE
getUserRewards ---> TOURGUIDESERVICE
getUserRewards ---> TOURGUIDESERVICE
getUserRewards ---> TOURGUIDESERVICE
getUserRewards ---> TOURGUIDESERVICE
getUserRewards ---> TOURGUIDESERVICE
getUserRewards ---> TOURGUIDESERVICE
getUserRewards ---> TOURGUIDESERVICE
getUserRewards ---> TOURGUIDESERVICE
getUserRewards ---> TOURGUIDESERVICE
getUserRewards ---> TOURGUIDESERVICE
getUserRewards ---> TOURGUIDESERVICE
getUserRewards ---> TOURGUIDESERVICE
getUserRewards ---> TOURGUIDESERVICE
getUserRewards ---> TOURGUIDESERVICE
getUserRewards ---> TOURGUIDESERVICE
getUserRewards ---> TOURGUIDESERVICE
getUserRewards ---> TOURGUIDESERVICE
getUserRewards ---> TOURGUIDESERVICE
getUserRewards ---> TOURGUIDESERVICE
getUserRewards ---> TOURGUIDESERVICE
getUserRewards ---> TOURGUIDESERVICE
getUserRewards ---> TOURGUIDESERVICE
getUserRewards ---> TOURGUIDESERVICE
getUserRewards ---> TOURGUIDESERVICE
getUserRewards ---> TOURGUIDESERVICE
getUserRewards ---> TOURGUIDESERVICE
getUserRewards ---> TOURGUIDESERVICE
getUserRewards ---> TOURGUIDESERVICE
getUserRewards ---> TOURGUIDESERVICE
getUserRewards ---> TOURGUIDESERVICE
getUserRewards ---> TOURGUIDESERVICE
getUserRewards ---> TOURGUIDESERVICE
getUserRewards ---> TOURGUIDESERVICE
getUserRewards ---> TOURGUIDESERVICE
getUserRewards ---> TOURGUIDESERVICE
getUserRewards ---> TOURGUIDESERVICE
getUserRewards ---> TOURGUIDESERVICE
getUserRewards ---> TOURGUIDESERVICE
getUserRewards ---> TOURGUIDESERVICE
getUserRewards ---> TOURGUIDESERVICE
getUserRewards ---> TOURGUIDESERVICE
getUserRewards ---> TOURGUIDESERVICE
getUserRewards ---> TOURGUIDESERVICE
getUserRewards ---> TOURGUIDESERVICE
getUserRewards ---> TOURGUIDESERVICE
getUserRewards ---> TOURGUIDESERVICE
getUserRewards ---> TOURGUIDESERVICE
getUserRewards ---> TOURGUIDESERVICE
getUserRewards ---> TOURGUIDESERVICE
getUserRewards ---> TOURGUIDESERVICE
getUserRewards ---> TOURGUIDESERVICE
getUserRewards ---> TOURGUIDESERVICE
getUserRewards ---> TOURGUIDESERVICE
getUserRewards ---> TOURGUIDESERVICE
getUserRewards ---> TOURGUIDESERVICE
getUserRewards ---> TOURGUIDESERVICE
getUserRewards ---> TOURGUIDESERVICE
getUserRewards ---> TOURGUIDESERVICE
getUserRewards ---> TOURGUIDESERVICE
getUserRewards ---> TOURGUIDESERVICE
getUserRewards ---> TOURGUIDESERVICE
getUserRewards ---> TOURGUIDESERVICE
getUserRewards ---> TOURGUIDESERVICE
getUserRewards ---> TOURGUIDESERVICE
getUserRewards ---> TOURGUIDESERVICE
getUserRewards ---> TOURGUIDESERVICE
getUserRewards ---> TOURGUIDESERVICE
getUserRewards ---> TOURGUIDESERVICE
getUserRewards ---> TOURGUIDESERVICE
getUserRewards ---> TOURGUIDESERVICE
getUserRewards ---> TOURGUIDESERVICE
getUserRewards ---> TOURGUIDESERVICE
getUserRewards ---> TOURGUIDESERVICE
getUserRewards ---> TOURGUIDESERVICE
getUserRewards ---> TOURGUIDESERVICE
getUserRewards ---> TOURGUIDESERVICE
getUserRewards ---> TOURGUIDESERVICE
getUserRewards ---> TOURGUIDESERVICE
getUserRewards ---> TOURGUIDESERVICE
getUserRewards ---> TOURGUIDESERVICE
getUserRewards ---> TOURGUIDESERVICE
getUserRewards ---> TOURGUIDESERVICE
getUserRewards ---> TOURGUIDESERVICE
getUserRewards ---> TOURGUIDESERVICE
getUserRewards ---> TOURGUIDESERVICE
getUserRewards ---> TOURGUIDESERVICE
getUserRewards ---> TOURGUIDESERVICE
getUserRewards ---> TOURGUIDESERVICE
getUserRewards ---> TOURGUIDESERVICE
getUserRewards ---> TOURGUIDESERVICE
getUserRewards ---> TOURGUIDESERVICE
getUserRewards ---> TOURGUIDESERVICE
getUserRewards ---> TOURGUIDESERVICE
getUserRewards ---> TOURGUIDESERVICE
getUserRewards ---> TOURGUIDESERVICE
getUserRewards ---> TOURGUIDESERVICE
getUserRewards ---> TOURGUIDESERVICE
getUserRewards ---> TOURGUIDESERVICE
getUserRewards ---> TOURGUIDESERVICE
getUserRewards ---> TOURGUIDESERVICE
getUserRewards ---> TOURGUIDESERVICE
getUserRewards ---> TOURGUIDESERVICE
getUserRewards ---> TOURGUIDESERVICE
getUserRewards ---> TOURGUIDESERVICE
getUserRewards ---> TOURGUIDESERVICE
getUserRewards ---> TOURGUIDESERVICE
getUserRewards ---> TOURGUIDESERVICE
getUserRewards ---> TOURGUIDESERVICE
getUserRewards ---> TOURGUIDESERVICE
getUserRewards ---> TOURGUIDESERVICE
getUserRewards ---> TOURGUIDESERVICE
getUserRewards ---> TOURGUIDESERVICE
getUserRewards ---> TOURGUIDESERVICE
getUserRewards ---> TOURGUIDESERVICE
getUserRewards ---> TOURGUIDESERVICE
getUserRewards ---> TOURGUIDESERVICE
getUserRewards ---> TOURGUIDESERVICE
getUserRewards ---> TOURGUIDESERVICE
getUserRewards ---> TOURGUIDESERVICE
getUserRewards ---> TOURGUIDESERVICE
getUserRewards ---> TOURGUIDESERVICE
getUserRewards ---> TOURGUIDESERVICE
getUserRewards ---> TOURGUIDESERVICE
getUserRewards ---> TOURGUIDESERVICE
getUserRewards ---> TOURGUIDESERVICE
getUserRewards ---> TOURGUIDESERVICE
getUserRewards ---> TOURGUIDESERVICE
getUserRewards ---> TOURGUIDESERVICE
getUserRewards ---> TOURGUIDESERVICE
getUserRewards ---> TOURGUIDESERVICE
getUserRewards ---> TOURGUIDESERVICE
getUserRewards ---> TOURGUIDESERVICE
getUserRewards ---> TOURGUIDESERVICE
getUserRewards ---> TOURGUIDESERVICE
getUserRewards ---> TOURGUIDESERVICE
getUserRewards ---> TOURGUIDESERVICE
getUserRewards ---> TOURGUIDESERVICE
getUserRewards ---> TOURGUIDESERVICE
getUserRewards ---> TOURGUIDESERVICE
getUserRewards ---> TOURGUIDESERVICE
getUserRewards ---> TOURGUIDESERVICE
getUserRewards ---> TOURGUIDESERVICE
getUserRewards ---> TOURGUIDESERVICE
getUserRewards ---> TOURGUIDESERVICE
getUserRewards ---> TOURGUIDESERVICE
getUserRewards ---> TOURGUIDESERVICE
getUserRewards ---> TOURGUIDESERVICE
getUserRewards ---> TOURGUIDESERVICE
getUserRewards ---> TOURGUIDESERVICE
getUserRewards ---> TOURGUIDESERVICE
getUserRewards ---> TOURGUIDESERVICE
getUserRewards ---> TOURGUIDESERVICE
getUserRewards ---> TOURGUIDESERVICE
getUserRewards ---> TOURGUIDESERVICE
getUserRewards ---> TOURGUIDESERVICE
getUserRewards ---> TOURGUIDESERVICE
getUserRewards ---> TOURGUIDESERVICE
getUserRewards ---> TOURGUIDESERVICE
getUserRewards ---> TOURGUIDESERVICE
getUserRewards ---> TOURGUIDESERVICE
getUserRewards ---> TOURGUIDESERVICE
getUserRewards ---> TOURGUIDESERVICE
getUserRewards ---> TOURGUIDESERVICE
getUserRewards ---> TOURGUIDESERVICE
getUserRewards ---> TOURGUIDESERVICE
getUserRewards ---> TOURGUIDESERVICE
getUserRewards ---> TOURGUIDESERVICE
getUserRewards ---> TOURGUIDESERVICE
getUserRewards ---> TOURGUIDESERVICE
getUserRewards ---> TOURGUIDESERVICE
getUserRewards ---> TOURGUIDESERVICE
getUserRewards ---> TOURGUIDESERVICE
getUserRewards ---> TOURGUIDESERVICE
getUserRewards ---> TOURGUIDESERVICE
getUserRewards ---> TOURGUIDESERVICE
getUserRewards ---> TOURGUIDESERVICE
getUserRewards ---> TOURGUIDESERVICE
getUserRewards ---> TOURGUIDESERVICE
getUserRewards ---> TOURGUIDESERVICE
getUserRewards ---> TOURGUIDESERVICE
getUserRewards ---> TOURGUIDESERVICE
getUserRewards ---> TOURGUIDESERVICE
getUserRewards ---> TOURGUIDESERVICE
getUserRewards ---> TOURGUIDESERVICE
getUserRewards ---> TOURGUIDESERVICE
getUserRewards ---> TOURGUIDESERVICE
getUserRewards ---> TOURGUIDESERVICE
getUserRewards ---> TOURGUIDESERVICE
getUserRewards ---> TOURGUIDESERVICE
getUserRewards ---> TOURGUIDESERVICE
getUserRewards ---> TOURGUIDESERVICE
getUserRewards ---> TOURGUIDESERVICE
getUserRewards ---> TOURGUIDESERVICE
getUserRewards ---> TOURGUIDESERVICE
getUserRewards ---> TOURGUIDESERVICE
getUserRewards ---> TOURGUIDESERVICE
getUserRewards ---> TOURGUIDESERVICE
getUserRewards ---> TOURGUIDESERVICE
getUserRewards ---> TOURGUIDESERVICE
getUserRewards ---> TOURGUIDESERVICE
getUserRewards ---> TOURGUIDESERVICE
getUserRewards ---> TOURGUIDESERVICE
getUserRewards ---> TOURGUIDESERVICE
getUserRewards ---> TOURGUIDESERVICE
getUserRewards ---> TOURGUIDESERVICE
getUserRewards ---> TOURGUIDESERVICE
getUserRewards ---> TOURGUIDESERVICE
getUserRewards ---> TOURGUIDESERVICE
getUserRewards ---> TOURGUIDESERVICE
getUserRewards ---> TOURGUIDESERVICE
getUserRewards ---> TOURGUIDESERVICE
getUserRewards ---> TOURGUIDESERVICE
getUserRewards ---> TOURGUIDESERVICE
getUserRewards ---> TOURGUIDESERVICE
getUserRewards ---> TOURGUIDESERVICE
getUserRewards ---> TOURGUIDESERVICE
getUserRewards ---> TOURGUIDESERVICE
getUserRewards ---> TOURGUIDESERVICE
getUserRewards ---> TOURGUIDESERVICE
getUserRewards ---> TOURGUIDESERVICE
getUserRewards ---> TOURGUIDESERVICE
getUserRewards ---> TOURGUIDESERVICE
getUserRewards ---> TOURGUIDESERVICE
getUserRewards ---> TOURGUIDESERVICE
getUserRewards ---> TOURGUIDESERVICE
getUserRewards ---> TOURGUIDESERVICE
getUserRewards ---> TOURGUIDESERVICE
getUserRewards ---> TOURGUIDESERVICE
getUserRewards ---> TOURGUIDESERVICE
getUserRewards ---> TOURGUIDESERVICE
getUserRewards ---> TOURGUIDESERVICE
getUserRewards ---> TOURGUIDESERVICE
getUserRewards ---> TOURGUIDESERVICE
getUserRewards ---> TOURGUIDESERVICE
getUserRewards ---> TOURGUIDESERVICE
getUserRewards ---> TOURGUIDESERVICE
getUserRewards ---> TOURGUIDESERVICE
getUserRewards ---> TOURGUIDESERVICE
getUserRewards ---> TOURGUIDESERVICE
getUserRewards ---> TOURGUIDESERVICE
getUserRewards ---> TOURGUIDESERVICE
getUserRewards ---> TOURGUIDESERVICE
getUserRewards ---> TOURGUIDESERVICE
getUserRewards ---> TOURGUIDESERVICE
getUserRewards ---> TOURGUIDESERVICE
getUserRewards ---> TOURGUIDESERVICE
getUserRewards ---> TOURGUIDESERVICE
getUserRewards ---> TOURGUIDESERVICE
getUserRewards ---> TOURGUIDESERVICE
getUserRewards ---> TOURGUIDESERVICE
getUserRewards ---> TOURGUIDESERVICE
getUserRewards ---> TOURGUIDESERVICE
getUserRewards ---> TOURGUIDESERVICE
getUserRewards ---> TOURGUIDESERVICE
getUserRewards ---> TOURGUIDESERVICE
getUserRewards ---> TOURGUIDESERVICE
getUserRewards ---> TOURGUIDESERVICE
getUserRewards ---> TOURGUIDESERVICE
getUserRewards ---> TOURGUIDESERVICE
getUserRewards ---> TOURGUIDESERVICE
getUserRewards ---> TOURGUIDESERVICE
getUserRewards ---> TOURGUIDESERVICE
getUserRewards ---> TOURGUIDESERVICE
getUserRewards ---> TOURGUIDESERVICE
getUserRewards ---> TOURGUIDESERVICE
getUserRewards ---> TOURGUIDESERVICE
getUserRewards ---> TOURGUIDESERVICE
getUserRewards ---> TOURGUIDESERVICE
getUserRewards ---> TOURGUIDESERVICE
getUserRewards ---> TOURGUIDESERVICE
getUserRewards ---> TOURGUIDESERVICE
getUserRewards ---> TOURGUIDESERVICE
getUserRewards ---> TOURGUIDESERVICE
getUserRewards ---> TOURGUIDESERVICE
getUserRewards ---> TOURGUIDESERVICE
getUserRewards ---> TOURGUIDESERVICE
getUserRewards ---> TOURGUIDESERVICE
getUserRewards ---> TOURGUIDESERVICE
getUserRewards ---> TOURGUIDESERVICE
getUserRewards ---> TOURGUIDESERVICE
getUserRewards ---> TOURGUIDESERVICE
getUserRewards ---> TOURGUIDESERVICE
getUserRewards ---> TOURGUIDESERVICE
getUserRewards ---> TOURGUIDESERVICE
getUserRewards ---> TOURGUIDESERVICE
getUserRewards ---> TOURGUIDESERVICE
getUserRewards ---> TOURGUIDESERVICE
getUserRewards ---> TOURGUIDESERVICE
getUserRewards ---> TOURGUIDESERVICE
getUserRewards ---> TOURGUIDESERVICE
getUserRewards ---> TOURGUIDESERVICE
getUserRewards ---> TOURGUIDESERVICE
getUserRewards ---> TOURGUIDESERVICE
getUserRewards ---> TOURGUIDESERVICE
getUserRewards ---> TOURGUIDESERVICE
getUserRewards ---> TOURGUIDESERVICE
getUserRewards ---> TOURGUIDESERVICE
getUserRewards ---> TOURGUIDESERVICE
getUserRewards ---> TOURGUIDESERVICE
getUserRewards ---> TOURGUIDESERVICE
getUserRewards ---> TOURGUIDESERVICE
getUserRewards ---> TOURGUIDESERVICE
getUserRewards ---> TOURGUIDESERVICE
getUserRewards ---> TOURGUIDESERVICE
getUserRewards ---> TOURGUIDESERVICE
getUserRewards ---> TOURGUIDESERVICE
getUserRewards ---> TOURGUIDESERVICE
getUserRewards ---> TOURGUIDESERVICE
getUserRewards ---> TOURGUIDESERVICE
getUserRewards ---> TOURGUIDESERVICE
getUserRewards ---> TOURGUIDESERVICE
getUserRewards ---> TOURGUIDESERVICE
getUserRewards ---> TOURGUIDESERVICE
getUserRewards ---> TOURGUIDESERVICE
getUserRewards ---> TOURGUIDESERVICE
getUserRewards ---> TOURGUIDESERVICE
getUserRewards ---> TOURGUIDESERVICE
getUserRewards ---> TOURGUIDESERVICE
getUserRewards ---> TOURGUIDESERVICE
getUserRewards ---> TOURGUIDESERVICE
getUserRewards ---> TOURGUIDESERVICE
getUserRewards ---> TOURGUIDESERVICE
getUserRewards ---> TOURGUIDESERVICE
getUserRewards ---> TOURGUIDESERVICE
getUserRewards ---> TOURGUIDESERVICE
getUserRewards ---> TOURGUIDESERVICE
getUserRewards ---> TOURGUIDESERVICE
getUserRewards ---> TOURGUIDESERVICE
getUserRewards ---> TOURGUIDESERVICE
getUserRewards ---> TOURGUIDESERVICE
getUserRewards ---> TOURGUIDESERVICE
getUserRewards ---> TOURGUIDESERVICE
getUserRewards ---> TOURGUIDESERVICE
getUserRewards ---> TOURGUIDESERVICE
getUserRewards ---> TOURGUIDESERVICE
getUserRewards ---> TOURGUIDESERVICE
getUserRewards ---> TOURGUIDESERVICE
getUserRewards ---> TOURGUIDESERVICE
getUserRewards ---> TOURGUIDESERVICE
getUserRewards ---> TOURGUIDESERVICE
getUserRewards ---> TOURGUIDESERVICE
getUserRewards ---> TOURGUIDESERVICE
getUserRewards ---> TOURGUIDESERVICE
getUserRewards ---> TOURGUIDESERVICE
getUserRewards ---> TOURGUIDESERVICE
getUserRewards ---> TOURGUIDESERVICE
getUserRewards ---> TOURGUIDESERVICE
getUserRewards ---> TOURGUIDESERVICE
getUserRewards ---> TOURGUIDESERVICE
getUserRewards ---> TOURGUIDESERVICE
getUserRewards ---> TOURGUIDESERVICE
getUserRewards ---> TOURGUIDESERVICE
getUserRewards ---> TOURGUIDESERVICE
getUserRewards ---> TOURGUIDESERVICE
getUserRewards ---> TOURGUIDESERVICE
getUserRewards ---> TOURGUIDESERVICE
getUserRewards ---> TOURGUIDESERVICE
getUserRewards ---> TOURGUIDESERVICE
getUserRewards ---> TOURGUIDESERVICE
getUserRewards ---> TOURGUIDESERVICE
getUserRewards ---> TOURGUIDESERVICE
getUserRewards ---> TOURGUIDESERVICE
getUserRewards ---> TOURGUIDESERVICE
getUserRewards ---> TOURGUIDESERVICE
getUserRewards ---> TOURGUIDESERVICE
getUserRewards ---> TOURGUIDESERVICE
getUserRewards ---> TOURGUIDESERVICE
getUserRewards ---> TOURGUIDESERVICE
getUserRewards ---> TOURGUIDESERVICE
getUserRewards ---> TOURGUIDESERVICE
getUserRewards ---> TOURGUIDESERVICE
getUserRewards ---> TOURGUIDESERVICE
getUserRewards ---> TOURGUIDESERVICE
getUserRewards ---> TOURGUIDESERVICE
getUserRewards ---> TOURGUIDESERVICE
getUserRewards ---> TOURGUIDESERVICE
getUserRewards ---> TOURGUIDESERVICE
getUserRewards ---> TOURGUIDESERVICE
getUserRewards ---> TOURGUIDESERVICE
getUserRewards ---> TOURGUIDESERVICE
getUserRewards ---> TOURGUIDESERVICE
getUserRewards ---> TOURGUIDESERVICE
getUserRewards ---> TOURGUIDESERVICE
getUserRewards ---> TOURGUIDESERVICE
getUserRewards ---> TOURGUIDESERVICE
getUserRewards ---> TOURGUIDESERVICE
getUserRewards ---> TOURGUIDESERVICE
getUserRewards ---> TOURGUIDESERVICE
getUserRewards ---> TOURGUIDESERVICE
getUserRewards ---> TOURGUIDESERVICE
getUserRewards ---> TOURGUIDESERVICE
getUserRewards ---> TOURGUIDESERVICE
getUserRewards ---> TOURGUIDESERVICE
getUserRewards ---> TOURGUIDESERVICE
getUserRewards ---> TOURGUIDESERVICE
getUserRewards ---> TOURGUIDESERVICE
getUserRewards ---> TOURGUIDESERVICE
getUserRewards ---> TOURGUIDESERVICE
getUserRewards ---> TOURGUIDESERVICE
getUserRewards ---> TOURGUIDESERVICE
getUserRewards ---> TOURGUIDESERVICE
getUserRewards ---> TOURGUIDESERVICE
getUserRewards ---> TOURGUIDESERVICE
getUserRewards ---> TOURGUIDESERVICE
getUserRewards ---> TOURGUIDESERVICE
getUserRewards ---> TOURGUIDESERVICE
getUserRewards ---> TOURGUIDESERVICE
getUserRewards ---> TOURGUIDESERVICE
getUserRewards ---> TOURGUIDESERVICE
getUserRewards ---> TOURGUIDESERVICE
getUserRewards ---> TOURGUIDESERVICE
getUserRewards ---> TOURGUIDESERVICE
getUserRewards ---> TOURGUIDESERVICE
getUserRewards ---> TOURGUIDESERVICE
getUserRewards ---> TOURGUIDESERVICE
getUserRewards ---> TOURGUIDESERVICE
getUserRewards ---> TOURGUIDESERVICE
getUserRewards ---> TOURGUIDESERVICE
getUserRewards ---> TOURGUIDESERVICE
getUserRewards ---> TOURGUIDESERVICE
getUserRewards ---> TOURGUIDESERVICE
getUserRewards ---> TOURGUIDESERVICE
getUserRewards ---> TOURGUIDESERVICE
getUserRewards ---> TOURGUIDESERVICE
getUserRewards ---> TOURGUIDESERVICE
getUserRewards ---> TOURGUIDESERVICE
getUserRewards ---> TOURGUIDESERVICE
getUserRewards ---> TOURGUIDESERVICE
getUserRewards ---> TOURGUIDESERVICE
getUserRewards ---> TOURGUIDESERVICE
getUserRewards ---> TOURGUIDESERVICE
getUserRewards ---> TOURGUIDESERVICE
getUserRewards ---> TOURGUIDESERVICE
getUserRewards ---> TOURGUIDESERVICE
getUserRewards ---> TOURGUIDESERVICE
getUserRewards ---> TOURGUIDESERVICE
getUserRewards ---> TOURGUIDESERVICE
getUserRewards ---> TOURGUIDESERVICE
getUserRewards ---> TOURGUIDESERVICE
getUserRewards ---> TOURGUIDESERVICE
getUserRewards ---> TOURGUIDESERVICE
getUserRewards ---> TOURGUIDESERVICE
getUserRewards ---> TOURGUIDESERVICE
getUserRewards ---> TOURGUIDESERVICE
getUserRewards ---> TOURGUIDESERVICE
getUserRewards ---> TOURGUIDESERVICE
getUserRewards ---> TOURGUIDESERVICE
getUserRewards ---> TOURGUIDESERVICE
getUserRewards ---> TOURGUIDESERVICE
getUserRewards ---> TOURGUIDESERVICE
getUserRewards ---> TOURGUIDESERVICE
getUserRewards ---> TOURGUIDESERVICE
getUserRewards ---> TOURGUIDESERVICE
getUserRewards ---> TOURGUIDESERVICE
getUserRewards ---> TOURGUIDESERVICE
getUserRewards ---> TOURGUIDESERVICE
getUserRewards ---> TOURGUIDESERVICE
getUserRewards ---> TOURGUIDESERVICE
getUserRewards ---> TOURGUIDESERVICE
getUserRewards ---> TOURGUIDESERVICE
getUserRewards ---> TOURGUIDESERVICE
getUserRewards ---> TOURGUIDESERVICE
getUserRewards ---> TOURGUIDESERVICE
getUserRewards ---> TOURGUIDESERVICE
getUserRewards ---> TOURGUIDESERVICE
getUserRewards ---> TOURGUIDESERVICE
getUserRewards ---> TOURGUIDESERVICE
getUserRewards ---> TOURGUIDESERVICE
getUserRewards ---> TOURGUIDESERVICE
getUserRewards ---> TOURGUIDESERVICE
getUserRewards ---> TOURGUIDESERVICE
getUserRewards ---> TOURGUIDESERVICE
getUserRewards ---> TOURGUIDESERVICE
getUserRewards ---> TOURGUIDESERVICE
getUserRewards ---> TOURGUIDESERVICE
getUserRewards ---> TOURGUIDESERVICE
getUserRewards ---> TOURGUIDESERVICE
getUserRewards ---> TOURGUIDESERVICE
getUserRewards ---> TOURGUIDESERVICE
getUserRewards ---> TOURGUIDESERVICE
getUserRewards ---> TOURGUIDESERVICE
getUserRewards ---> TOURGUIDESERVICE
getUserRewards ---> TOURGUIDESERVICE
getUserRewards ---> TOURGUIDESERVICE
getUserRewards ---> TOURGUIDESERVICE
getUserRewards ---> TOURGUIDESERVICE
getUserRewards ---> TOURGUIDESERVICE
getUserRewards ---> TOURGUIDESERVICE
getUserRewards ---> TOURGUIDESERVICE
getUserRewards ---> TOURGUIDESERVICE
getUserRewards ---> TOURGUIDESERVICE
getUserRewards ---> TOURGUIDESERVICE
getUserRewards ---> TOURGUIDESERVICE
getUserRewards ---> TOURGUIDESERVICE
getUserRewards ---> TOURGUIDESERVICE
getUserRewards ---> TOURGUIDESERVICE
getUserRewards ---> TOURGUIDESERVICE
getUserRewards ---> TOURGUIDESERVICE
getUserRewards ---> TOURGUIDESERVICE
getUserRewards ---> TOURGUIDESERVICE
getUserRewards ---> TOURGUIDESERVICE
getUserRewards ---> TOURGUIDESERVICE
getUserRewards ---> TOURGUIDESERVICE
getUserRewards ---> TOURGUIDESERVICE
getUserRewards ---> TOURGUIDESERVICE
getUserRewards ---> TOURGUIDESERVICE
getUserRewards ---> TOURGUIDESERVICE
getUserRewards ---> TOURGUIDESERVICE
getUserRewards ---> TOURGUIDESERVICE
getUserRewards ---> TOURGUIDESERVICE
getUserRewards ---> TOURGUIDESERVICE
getUserRewards ---> TOURGUIDESERVICE
getUserRewards ---> TOURGUIDESERVICE
getUserRewards ---> TOURGUIDESERVICE
getUserRewards ---> TOURGUIDESERVICE
getUserRewards ---> TOURGUIDESERVICE
getUserRewards ---> TOURGUIDESERVICE
getUserRewards ---> TOURGUIDESERVICE
getUserRewards ---> TOURGUIDESERVICE
getUserRewards ---> TOURGUIDESERVICE
getUserRewards ---> TOURGUIDESERVICE
getUserRewards ---> TOURGUIDESERVICE
getUserRewards ---> TOURGUIDESERVICE
getUserRewards ---> TOURGUIDESERVICE
getUserRewards ---> TOURGUIDESERVICE
getUserRewards ---> TOURGUIDESERVICE
getUserRewards ---> TOURGUIDESERVICE
getUserRewards ---> TOURGUIDESERVICE
getUserRewards ---> TOURGUIDESERVICE
getUserRewards ---> TOURGUIDESERVICE
getUserRewards ---> TOURGUIDESERVICE
getUserRewards ---> TOURGUIDESERVICE
getUserRewards ---> TOURGUIDESERVICE
getUserRewards ---> TOURGUIDESERVICE
getUserRewards ---> TOURGUIDESERVICE
getUserRewards ---> TOURGUIDESERVICE
getUserRewards ---> TOURGUIDESERVICE
getUserRewards ---> TOURGUIDESERVICE
getUserRewards ---> TOURGUIDESERVICE
getUserRewards ---> TOURGUIDESERVICE
getUserRewards ---> TOURGUIDESERVICE
getUserRewards ---> TOURGUIDESERVICE
getUserRewards ---> TOURGUIDESERVICE
getUserRewards ---> TOURGUIDESERVICE
getUserRewards ---> TOURGUIDESERVICE
getUserRewards ---> TOURGUIDESERVICE
getUserRewards ---> TOURGUIDESERVICE
getUserRewards ---> TOURGUIDESERVICE
getUserRewards ---> TOURGUIDESERVICE
getUserRewards ---> TOURGUIDESERVICE
getUserRewards ---> TOURGUIDESERVICE
getUserRewards ---> TOURGUIDESERVICE
getUserRewards ---> TOURGUIDESERVICE
getUserRewards ---> TOURGUIDESERVICE
getUserRewards ---> TOURGUIDESERVICE
getUserRewards ---> TOURGUIDESERVICE
getUserRewards ---> TOURGUIDESERVICE
getUserRewards ---> TOURGUIDESERVICE
getUserRewards ---> TOURGUIDESERVICE
getUserRewards ---> TOURGUIDESERVICE
getUserRewards ---> TOURGUIDESERVICE
getUserRewards ---> TOURGUIDESERVICE
getUserRewards ---> TOURGUIDESERVICE
getUserRewards ---> TOURGUIDESERVICE
getUserRewards ---> TOURGUIDESERVICE
getUserRewards ---> TOURGUIDESERVICE
getUserRewards ---> TOURGUIDESERVICE
getUserRewards ---> TOURGUIDESERVICE
getUserRewards ---> TOURGUIDESERVICE
getUserRewards ---> TOURGUIDESERVICE
getUserRewards ---> TOURGUIDESERVICE
getUserRewards ---> TOURGUIDESERVICE
getUserRewards ---> TOURGUIDESERVICE
getUserRewards ---> TOURGUIDESERVICE
getUserRewards ---> TOURGUIDESERVICE
getUserRewards ---> TOURGUIDESERVICE
getUserRewards ---> TOURGUIDESERVICE
getUserRewards ---> TOURGUIDESERVICE
getUserRewards ---> TOURGUIDESERVICE
getUserRewards ---> TOURGUIDESERVICE
getUserRewards ---> TOURGUIDESERVICE
getUserRewards ---> TOURGUIDESERVICE
getUserRewards ---> TOURGUIDESERVICE
getUserRewards ---> TOURGUIDESERVICE
getUserRewards ---> TOURGUIDESERVICE
getUserRewards ---> TOURGUIDESERVICE
getUserRewards ---> TOURGUIDESERVICE
getUserRewards ---> TOURGUIDESERVICE
getUserRewards ---> TOURGUIDESERVICE
getUserRewards ---> TOURGUIDESERVICE
getUserRewards ---> TOURGUIDESERVICE
getUserRewards ---> TOURGUIDESERVICE
getUserRewards ---> TOURGUIDESERVICE
getUserRewards ---> TOURGUIDESERVICE
getUserRewards ---> TOURGUIDESERVICE
getUserRewards ---> TOURGUIDESERVICE
getUserRewards ---> TOURGUIDESERVICE
getUserRewards ---> TOURGUIDESERVICE
getUserRewards ---> TOURGUIDESERVICE
getUserRewards ---> TOURGUIDESERVICE
getUserRewards ---> TOURGUIDESERVICE
getUserRewards ---> TOURGUIDESERVICE
getUserRewards ---> TOURGUIDESERVICE
getUserRewards ---> TOURGUIDESERVICE
getUserRewards ---> TOURGUIDESERVICE
getUserRewards ---> TOURGUIDESERVICE
getUserRewards ---> TOURGUIDESERVICE
getUserRewards ---> TOURGUIDESERVICE
getUserRewards ---> TOURGUIDESERVICE
getUserRewards ---> TOURGUIDESERVICE
getUserRewards ---> TOURGUIDESERVICE
getUserRewards ---> TOURGUIDESERVICE
getUserRewards ---> TOURGUIDESERVICE
getUserRewards ---> TOURGUIDESERVICE
getUserRewards ---> TOURGUIDESERVICE
getUserRewards ---> TOURGUIDESERVICE
getUserRewards ---> TOURGUIDESERVICE
getUserRewards ---> TOURGUIDESERVICE
getUserRewards ---> TOURGUIDESERVICE
getUserRewards ---> TOURGUIDESERVICE
getUserRewards ---> TOURGUIDESERVICE
getUserRewards ---> TOURGUIDESERVICE
getUserRewards ---> TOURGUIDESERVICE
getUserRewards ---> TOURGUIDESERVICE
getUserRewards ---> TOURGUIDESERVICE
getUserRewards ---> TOURGUIDESERVICE
getUserRewards ---> TOURGUIDESERVICE
getUserRewards ---> TOURGUIDESERVICE
getUserRewards ---> TOURGUIDESERVICE
getUserRewards ---> TOURGUIDESERVICE
getUserRewards ---> TOURGUIDESERVICE
getUserRewards ---> TOURGUIDESERVICE
getUserRewards ---> TOURGUIDESERVICE
getUserRewards ---> TOURGUIDESERVICE
getUserRewards ---> TOURGUIDESERVICE
getUserRewards ---> TOURGUIDESERVICE
getUserRewards ---> TOURGUIDESERVICE
getUserRewards ---> TOURGUIDESERVICE
getUserRewards ---> TOURGUIDESERVICE
getUserRewards ---> TOURGUIDESERVICE
getUserRewards ---> TOURGUIDESERVICE
getUserRewards ---> TOURGUIDESERVICE
getUserRewards ---> TOURGUIDESERVICE
getUserRewards ---> TOURGUIDESERVICE
getUserRewards ---> TOURGUIDESERVICE
getUserRewards ---> TOURGUIDESERVICE
getUserRewards ---> TOURGUIDESERVICE
getUserRewards ---> TOURGUIDESERVICE
getUserRewards ---> TOURGUIDESERVICE
getUserRewards ---> TOURGUIDESERVICE
getUserRewards ---> TOURGUIDESERVICE
getUserRewards ---> TOURGUIDESERVICE
getUserRewards ---> TOURGUIDESERVICE
getUserRewards ---> TOURGUIDESERVICE
getUserRewards ---> TOURGUIDESERVICE
getUserRewards ---> TOURGUIDESERVICE
getUserRewards ---> TOURGUIDESERVICE
getUserRewards ---> TOURGUIDESERVICE
getUserRewards ---> TOURGUIDESERVICE
getUserRewards ---> TOURGUIDESERVICE
getUserRewards ---> TOURGUIDESERVICE
getUserRewards ---> TOURGUIDESERVICE
getUserRewards ---> TOURGUIDESERVICE
getUserRewards ---> TOURGUIDESERVICE
getUserRewards ---> TOURGUIDESERVICE
getUserRewards ---> TOURGUIDESERVICE
getUserRewards ---> TOURGUIDESERVICE
getUserRewards ---> TOURGUIDESERVICE
getUserRewards ---> TOURGUIDESERVICE
getUserRewards ---> TOURGUIDESERVICE
getUserRewards ---> TOURGUIDESERVICE
getUserRewards ---> TOURGUIDESERVICE
getUserRewards ---> TOURGUIDESERVICE
getUserRewards ---> TOURGUIDESERVICE
getUserRewards ---> TOURGUIDESERVICE
getUserRewards ---> TOURGUIDESERVICE
getUserRewards ---> TOURGUIDESERVICE
getUserRewards ---> TOURGUIDESERVICE
getUserRewards ---> TOURGUIDESERVICE
getUserRewards ---> TOURGUIDESERVICE
getUserRewards ---> TOURGUIDESERVICE
getUserRewards ---> TOURGUIDESERVICE
getUserRewards ---> TOURGUIDESERVICE
getUserRewards ---> TOURGUIDESERVICE
getUserRewards ---> TOURGUIDESERVICE
getUserRewards ---> TOURGUIDESERVICE
getUserRewards ---> TOURGUIDESERVICE
getUserRewards ---> TOURGUIDESERVICE
getUserRewards ---> TOURGUIDESERVICE
getUserRewards ---> TOURGUIDESERVICE
getUserRewards ---> TOURGUIDESERVICE
getUserRewards ---> TOURGUIDESERVICE
getUserRewards ---> TOURGUIDESERVICE
getUserRewards ---> TOURGUIDESERVICE
getUserRewards ---> TOURGUIDESERVICE
getUserRewards ---> TOURGUIDESERVICE
getUserRewards ---> TOURGUIDESERVICE
getUserRewards ---> TOURGUIDESERVICE
getUserRewards ---> TOURGUIDESERVICE
getUserRewards ---> TOURGUIDESERVICE
getUserRewards ---> TOURGUIDESERVICE
getUserRewards ---> TOURGUIDESERVICE
getUserRewards ---> TOURGUIDESERVICE
getUserRewards ---> TOURGUIDESERVICE
getUserRewards ---> TOURGUIDESERVICE
getUserRewards ---> TOURGUIDESERVICE
getUserRewards ---> TOURGUIDESERVICE
getUserRewards ---> TOURGUIDESERVICE
getUserRewards ---> TOURGUIDESERVICE
getUserRewards ---> TOURGUIDESERVICE
getUserRewards ---> TOURGUIDESERVICE
getUserRewards ---> TOURGUIDESERVICE
getUserRewards ---> TOURGUIDESERVICE
getUserRewards ---> TOURGUIDESERVICE
getUserRewards ---> TOURGUIDESERVICE
getUserRewards ---> TOURGUIDESERVICE
getUserRewards ---> TOURGUIDESERVICE
getUserRewards ---> TOURGUIDESERVICE
getUserRewards ---> TOURGUIDESERVICE
getUserRewards ---> TOURGUIDESERVICE
getUserRewards ---> TOURGUIDESERVICE
getUserRewards ---> TOURGUIDESERVICE
getUserRewards ---> TOURGUIDESERVICE
getUserRewards ---> TOURGUIDESERVICE
getUserRewards ---> TOURGUIDESERVICE
getUserRewards ---> TOURGUIDESERVICE
getUserRewards ---> TOURGUIDESERVICE
getUserRewards ---> TOURGUIDESERVICE
getUserRewards ---> TOURGUIDESERVICE
getUserRewards ---> TOURGUIDESERVICE
getUserRewards ---> TOURGUIDESERVICE
getUserRewards ---> TOURGUIDESERVICE
getUserRewards ---> TOURGUIDESERVICE
getUserRewards ---> TOURGUIDESERVICE
getUserRewards ---> TOURGUIDESERVICE
getUserRewards ---> TOURGUIDESERVICE
getUserRewards ---> TOURGUIDESERVICE
getUserRewards ---> TOURGUIDESERVICE
getUserRewards ---> TOURGUIDESERVICE
getUserRewards ---> TOURGUIDESERVICE
getUserRewards ---> TOURGUIDESERVICE
getUserRewards ---> TOURGUIDESERVICE
getUserRewards ---> TOURGUIDESERVICE
getUserRewards ---> TOURGUIDESERVICE
getUserRewards ---> TOURGUIDESERVICE
getUserRewards ---> TOURGUIDESERVICE
getUserRewards ---> TOURGUIDESERVICE
getUserRewards ---> TOURGUIDESERVICE
getUserRewards ---> TOURGUIDESERVICE
getUserRewards ---> TOURGUIDESERVICE
getUserRewards ---> TOURGUIDESERVICE
getUserRewards ---> TOURGUIDESERVICE
getUserRewards ---> TOURGUIDESERVICE
getUserRewards ---> TOURGUIDESERVICE
getUserRewards ---> TOURGUIDESERVICE
getUserRewards ---> TOURGUIDESERVICE
getUserRewards ---> TOURGUIDESERVICE
getUserRewards ---> TOURGUIDESERVICE
getUserRewards ---> TOURGUIDESERVICE
getUserRewards ---> TOURGUIDESERVICE
getUserRewards ---> TOURGUIDESERVICE
getUserRewards ---> TOURGUIDESERVICE
getUserRewards ---> TOURGUIDESERVICE
getUserRewards ---> TOURGUIDESERVICE
getUserRewards ---> TOURGUIDESERVICE
getUserRewards ---> TOURGUIDESERVICE
getUserRewards ---> TOURGUIDESERVICE
getUserRewards ---> TOURGUIDESERVICE
getUserRewards ---> TOURGUIDESERVICE
getUserRewards ---> TOURGUIDESERVICE
getUserRewards ---> TOURGUIDESERVICE
getUserRewards ---> TOURGUIDESERVICE
getUserRewards ---> TOURGUIDESERVICE
getUserRewards ---> TOURGUIDESERVICE
getUserRewards ---> TOURGUIDESERVICE
getUserRewards ---> TOURGUIDESERVICE
getUserRewards ---> TOURGUIDESERVICE
getUserRewards ---> TOURGUIDESERVICE
getUserRewards ---> TOURGUIDESERVICE
getUserRewards ---> TOURGUIDESERVICE
getUserRewards ---> TOURGUIDESERVICE
getUserRewards ---> TOURGUIDESERVICE
getUserRewards ---> TOURGUIDESERVICE
getUserRewards ---> TOURGUIDESERVICE
getUserRewards ---> TOURGUIDESERVICE
getUserRewards ---> TOURGUIDESERVICE
getUserRewards ---> TOURGUIDESERVICE
getUserRewards ---> TOURGUIDESERVICE
getUserRewards ---> TOURGUIDESERVICE
getUserRewards ---> TOURGUIDESERVICE
getUserRewards ---> TOURGUIDESERVICE
getUserRewards ---> TOURGUIDESERVICE
getUserRewards ---> TOURGUIDESERVICE
getUserRewards ---> TOURGUIDESERVICE
getUserRewards ---> TOURGUIDESERVICE
getUserRewards ---> TOURGUIDESERVICE
getUserRewards ---> TOURGUIDESERVICE
getUserRewards ---> TOURGUIDESERVICE
getUserRewards ---> TOURGUIDESERVICE
getUserRewards ---> TOURGUIDESERVICE
getUserRewards ---> TOURGUIDESERVICE
getUserRewards ---> TOURGUIDESERVICE
getUserRewards ---> TOURGUIDESERVICE
getUserRewards ---> TOURGUIDESERVICE
getUserRewards ---> TOURGUIDESERVICE
getUserRewards ---> TOURGUIDESERVICE
getUserRewards ---> TOURGUIDESERVICE
getUserRewards ---> TOURGUIDESERVICE
getUserRewards ---> TOURGUIDESERVICE
getUserRewards ---> TOURGUIDESERVICE
getUserRewards ---> TOURGUIDESERVICE
getUserRewards ---> TOURGUIDESERVICE
getUserRewards ---> TOURGUIDESERVICE
getUserRewards ---> TOURGUIDESERVICE
getUserRewards ---> TOURGUIDESERVICE
getUserRewards ---> TOURGUIDESERVICE
getUserRewards ---> TOURGUIDESERVICE
getUserRewards ---> TOURGUIDESERVICE
getUserRewards ---> TOURGUIDESERVICE
getUserRewards ---> TOURGUIDESERVICE
getUserRewards ---> TOURGUIDESERVICE
getUserRewards ---> TOURGUIDESERVICE
getUserRewards ---> TOURGUIDESERVICE
getUserRewards ---> TOURGUIDESERVICE
getUserRewards ---> TOURGUIDESERVICE
getUserRewards ---> TOURGUIDESERVICE
getUserRewards ---> TOURGUIDESERVICE
getUserRewards ---> TOURGUIDESERVICE
getUserRewards ---> TOURGUIDESERVICE
getUserRewards ---> TOURGUIDESERVICE
getUserRewards ---> TOURGUIDESERVICE
getUserRewards ---> TOURGUIDESERVICE
getUserRewards ---> TOURGUIDESERVICE
getUserRewards ---> TOURGUIDESERVICE
getUserRewards ---> TOURGUIDESERVICE
getUserRewards ---> TOURGUIDESERVICE
getUserRewards ---> TOURGUIDESERVICE
getUserRewards ---> TOURGUIDESERVICE
getUserRewards ---> TOURGUIDESERVICE
getUserRewards ---> TOURGUIDESERVICE
getUserRewards ---> TOURGUIDESERVICE
getUserRewards ---> TOURGUIDESERVICE
getUserRewards ---> TOURGUIDESERVICE
getUserRewards ---> TOURGUIDESERVICE
getUserRewards ---> TOURGUIDESERVICE
getUserRewards ---> TOURGUIDESERVICE
getUserRewards ---> TOURGUIDESERVICE
getUserRewards ---> TOURGUIDESERVICE
getUserRewards ---> TOURGUIDESERVICE
getUserRewards ---> TOURGUIDESERVICE
getUserRewards ---> TOURGUIDESERVICE
getUserRewards ---> TOURGUIDESERVICE
getUserRewards ---> TOURGUIDESERVICE
getUserRewards ---> TOURGUIDESERVICE
getUserRewards ---> TOURGUIDESERVICE
getUserRewards ---> TOURGUIDESERVICE
getUserRewards ---> TOURGUIDESERVICE
getUserRewards ---> TOURGUIDESERVICE
getUserRewards ---> TOURGUIDESERVICE
getUserRewards ---> TOURGUIDESERVICE
getUserRewards ---> TOURGUIDESERVICE
getUserRewards ---> TOURGUIDESERVICE
getUserRewards ---> TOURGUIDESERVICE
getUserRewards ---> TOURGUIDESERVICE
getUserRewards ---> TOURGUIDESERVICE
getUserRewards ---> TOURGUIDESERVICE
getUserRewards ---> TOURGUIDESERVICE
getUserRewards ---> TOURGUIDESERVICE
getUserRewards ---> TOURGUIDESERVICE
getUserRewards ---> TOURGUIDESERVICE
getUserRewards ---> TOURGUIDESERVICE
getUserRewards ---> TOURGUIDESERVICE
getUserRewards ---> TOURGUIDESERVICE
getUserRewards ---> TOURGUIDESERVICE
getUserRewards ---> TOURGUIDESERVICE
getUserRewards ---> TOURGUIDESERVICE
getUserRewards ---> TOURGUIDESERVICE
getUserRewards ---> TOURGUIDESERVICE
getUserRewards ---> TOURGUIDESERVICE
getUserRewards ---> TOURGUIDESERVICE
getUserRewards ---> TOURGUIDESERVICE
getUserRewards ---> TOURGUIDESERVICE
getUserRewards ---> TOURGUIDESERVICE
getUserRewards ---> TOURGUIDESERVICE
getUserRewards ---> TOURGUIDESERVICE
getUserRewards ---> TOURGUIDESERVICE
getUserRewards ---> TOURGUIDESERVICE
getUserRewards ---> TOURGUIDESERVICE
getUserRewards ---> TOURGUIDESERVICE
getUserRewards ---> TOURGUIDESERVICE
getUserRewards ---> TOURGUIDESERVICE
getUserRewards ---> TOURGUIDESERVICE
getUserRewards ---> TOURGUIDESERVICE
getUserRewards ---> TOURGUIDESERVICE
getUserRewards ---> TOURGUIDESERVICE
getUserRewards ---> TOURGUIDESERVICE
getUserRewards ---> TOURGUIDESERVICE
getUserRewards ---> TOURGUIDESERVICE
getUserRewards ---> TOURGUIDESERVICE
getUserRewards ---> TOURGUIDESERVICE
getUserRewards ---> TOURGUIDESERVICE
getUserRewards ---> TOURGUIDESERVICE
getUserRewards ---> TOURGUIDESERVICE
getUserRewards ---> TOURGUIDESERVICE
getUserRewards ---> TOURGUIDESERVICE
getUserRewards ---> TOURGUIDESERVICE
getUserRewards ---> TOURGUIDESERVICE
getUserRewards ---> TOURGUIDESERVICE
getUserRewards ---> TOURGUIDESERVICE
getUserRewards ---> TOURGUIDESERVICE
getUserRewards ---> TOURGUIDESERVICE
getUserRewards ---> TOURGUIDESERVICE
getUserRewards ---> TOURGUIDESERVICE
getUserRewards ---> TOURGUIDESERVICE
getUserRewards ---> TOURGUIDESERVICE
getUserRewards ---> TOURGUIDESERVICE
getUserRewards ---> TOURGUIDESERVICE
getUserRewards ---> TOURGUIDESERVICE
getUserRewards ---> TOURGUIDESERVICE
getUserRewards ---> TOURGUIDESERVICE
getUserRewards ---> TOURGUIDESERVICE
getUserRewards ---> TOURGUIDESERVICE
getUserRewards ---> TOURGUIDESERVICE
getUserRewards ---> TOURGUIDESERVICE
getUserRewards ---> TOURGUIDESERVICE
getUserRewards ---> TOURGUIDESERVICE
getUserRewards ---> TOURGUIDESERVICE
getUserRewards ---> TOURGUIDESERVICE
getUserRewards ---> TOURGUIDESERVICE
getUserRewards ---> TOURGUIDESERVICE
getUserRewards ---> TOURGUIDESERVICE
getUserRewards ---> TOURGUIDESERVICE
getUserRewards ---> TOURGUIDESERVICE
getUserRewards ---> TOURGUIDESERVICE
getUserRewards ---> TOURGUIDESERVICE
getUserRewards ---> TOURGUIDESERVICE
getUserRewards ---> TOURGUIDESERVICE
getUserRewards ---> TOURGUIDESERVICE
getUserRewards ---> TOURGUIDESERVICE
getUserRewards ---> TOURGUIDESERVICE
getUserRewards ---> TOURGUIDESERVICE
getUserRewards ---> TOURGUIDESERVICE
getUserRewards ---> TOURGUIDESERVICE
getUserRewards ---> TOURGUIDESERVICE
getUserRewards ---> TOURGUIDESERVICE
getUserRewards ---> TOURGUIDESERVICE
getUserRewards ---> TOURGUIDESERVICE
getUserRewards ---> TOURGUIDESERVICE
getUserRewards ---> TOURGUIDESERVICE
getUserRewards ---> TOURGUIDESERVICE
getUserRewards ---> TOURGUIDESERVICE
getUserRewards ---> TOURGUIDESERVICE
getUserRewards ---> TOURGUIDESERVICE
getUserRewards ---> TOURGUIDESERVICE
getUserRewards ---> TOURGUIDESERVICE
getUserRewards ---> TOURGUIDESERVICE
getUserRewards ---> TOURGUIDESERVICE
getUserRewards ---> TOURGUIDESERVICE
getUserRewards ---> TOURGUIDESERVICE
getUserRewards ---> TOURGUIDESERVICE
getUserRewards ---> TOURGUIDESERVICE
getUserRewards ---> TOURGUIDESERVICE
getUserRewards ---> TOURGUIDESERVICE
getUserRewards ---> TOURGUIDESERVICE
getUserRewards ---> TOURGUIDESERVICE
getUserRewards ---> TOURGUIDESERVICE
getUserRewards ---> TOURGUIDESERVICE
getUserRewards ---> TOURGUIDESERVICE
getUserRewards ---> TOURGUIDESERVICE
getUserRewards ---> TOURGUIDESERVICE
getUserRewards ---> TOURGUIDESERVICE
getUserRewards ---> TOURGUIDESERVICE
getUserRewards ---> TOURGUIDESERVICE
getUserRewards ---> TOURGUIDESERVICE
getUserRewards ---> TOURGUIDESERVICE
getUserRewards ---> TOURGUIDESERVICE
getUserRewards ---> TOURGUIDESERVICE
getUserRewards ---> TOURGUIDESERVICE
getUserRewards ---> TOURGUIDESERVICE
getUserRewards ---> TOURGUIDESERVICE
getUserRewards ---> TOURGUIDESERVICE
getUserRewards ---> TOURGUIDESERVICE
getUserRewards ---> TOURGUIDESERVICE
getUserRewards ---> TOURGUIDESERVICE
getUserRewards ---> TOURGUIDESERVICE
getUserRewards ---> TOURGUIDESERVICE
getUserRewards ---> TOURGUIDESERVICE
getUserRewards ---> TOURGUIDESERVICE
getUserRewards ---> TOURGUIDESERVICE
getUserRewards ---> TOURGUIDESERVICE
getUserRewards ---> TOURGUIDESERVICE
getUserRewards ---> TOURGUIDESERVICE
getUserRewards ---> TOURGUIDESERVICE
getUserRewards ---> TOURGUIDESERVICE
getUserRewards ---> TOURGUIDESERVICE
getUserRewards ---> TOURGUIDESERVICE
getUserRewards ---> TOURGUIDESERVICE
getUserRewards ---> TOURGUIDESERVICE
getUserRewards ---> TOURGUIDESERVICE
getUserRewards ---> TOURGUIDESERVICE
getUserRewards ---> TOURGUIDESERVICE
getUserRewards ---> TOURGUIDESERVICE
getUserRewards ---> TOURGUIDESERVICE
getUserRewards ---> TOURGUIDESERVICE
getUserRewards ---> TOURGUIDESERVICE
getUserRewards ---> TOURGUIDESERVICE
getUserRewards ---> TOURGUIDESERVICE
getUserRewards ---> TOURGUIDESERVICE
getUserRewards ---> TOURGUIDESERVICE
getUserRewards ---> TOURGUIDESERVICE
getUserRewards ---> TOURGUIDESERVICE
getUserRewards ---> TOURGUIDESERVICE
getUserRewards ---> TOURGUIDESERVICE
getUserRewards ---> TOURGUIDESERVICE
getUserRewards ---> TOURGUIDESERVICE
getUserRewards ---> TOURGUIDESERVICE
getUserRewards ---> TOURGUIDESERVICE
getUserRewards ---> TOURGUIDESERVICE
getUserRewards ---> TOURGUIDESERVICE
getUserRewards ---> TOURGUIDESERVICE
getUserRewards ---> TOURGUIDESERVICE
getUserRewards ---> TOURGUIDESERVICE
getUserRewards ---> TOURGUIDESERVICE
getUserRewards ---> TOURGUIDESERVICE
getUserRewards ---> TOURGUIDESERVICE
getUserRewards ---> TOURGUIDESERVICE
getUserRewards ---> TOURGUIDESERVICE
getUserRewards ---> TOURGUIDESERVICE
getUserRewards ---> TOURGUIDESERVICE
getUserRewards ---> TOURGUIDESERVICE
getUserRewards ---> TOURGUIDESERVICE
getUserRewards ---> TOURGUIDESERVICE
getUserRewards ---> TOURGUIDESERVICE
getUserRewards ---> TOURGUIDESERVICE
getUserRewards ---> TOURGUIDESERVICE
getUserRewards ---> TOURGUIDESERVICE
getUserRewards ---> TOURGUIDESERVICE
getUserRewards ---> TOURGUIDESERVICE
getUserRewards ---> TOURGUIDESERVICE
getUserRewards ---> TOURGUIDESERVICE
getUserRewards ---> TOURGUIDESERVICE
getUserRewards ---> TOURGUIDESERVICE
getUserRewards ---> TOURGUIDESERVICE
getUserRewards ---> TOURGUIDESERVICE
getUserRewards ---> TOURGUIDESERVICE
getUserRewards ---> TOURGUIDESERVICE
getUserRewards ---> TOURGUIDESERVICE
getUserRewards ---> TOURGUIDESERVICE
getUserRewards ---> TOURGUIDESERVICE
getUserRewards ---> TOURGUIDESERVICE
getUserRewards ---> TOURGUIDESERVICE
getUserRewards ---> TOURGUIDESERVICE
getUserRewards ---> TOURGUIDESERVICE
getUserRewards ---> TOURGUIDESERVICE
getUserRewards ---> TOURGUIDESERVICE
getUserRewards ---> TOURGUIDESERVICE
getUserRewards ---> TOURGUIDESERVICE
getUserRewards ---> TOURGUIDESERVICE
getUserRewards ---> TOURGUIDESERVICE
getUserRewards ---> TOURGUIDESERVICE
getUserRewards ---> TOURGUIDESERVICE
getUserRewards ---> TOURGUIDESERVICE
getUserRewards ---> TOURGUIDESERVICE
getUserRewards ---> TOURGUIDESERVICE
getUserRewards ---> TOURGUIDESERVICE
getUserRewards ---> TOURGUIDESERVICE
getUserRewards ---> TOURGUIDESERVICE
getUserRewards ---> TOURGUIDESERVICE
getUserRewards ---> TOURGUIDESERVICE
getUserRewards ---> TOURGUIDESERVICE
getUserRewards ---> TOURGUIDESERVICE
getUserRewards ---> TOURGUIDESERVICE
getUserRewards ---> TOURGUIDESERVICE
getUserRewards ---> TOURGUIDESERVICE
getUserRewards ---> TOURGUIDESERVICE
getUserRewards ---> TOURGUIDESERVICE
getUserRewards ---> TOURGUIDESERVICE
getUserRewards ---> TOURGUIDESERVICE
getUserRewards ---> TOURGUIDESERVICE
getUserRewards ---> TOURGUIDESERVICE
getUserRewards ---> TOURGUIDESERVICE
getUserRewards ---> TOURGUIDESERVICE
getUserRewards ---> TOURGUIDESERVICE
getUserRewards ---> TOURGUIDESERVICE
getUserRewards ---> TOURGUIDESERVICE
getUserRewards ---> TOURGUIDESERVICE
getUserRewards ---> TOURGUIDESERVICE
getUserRewards ---> TOURGUIDESERVICE
getUserRewards ---> TOURGUIDESERVICE
getUserRewards ---> TOURGUIDESERVICE
getUserRewards ---> TOURGUIDESERVICE
getUserRewards ---> TOURGUIDESERVICE
getUserRewards ---> TOURGUIDESERVICE
getUserRewards ---> TOURGUIDESERVICE
getUserRewards ---> TOURGUIDESERVICE
getUserRewards ---> TOURGUIDESERVICE
getUserRewards ---> TOURGUIDESERVICE
getUserRewards ---> TOURGUIDESERVICE
getUserRewards ---> TOURGUIDESERVICE
getUserRewards ---> TOURGUIDESERVICE
getUserRewards ---> TOURGUIDESERVICE
getUserRewards ---> TOURGUIDESERVICE
getUserRewards ---> TOURGUIDESERVICE
getUserRewards ---> TOURGUIDESERVICE
getUserRewards ---> TOURGUIDESERVICE
getUserRewards ---> TOURGUIDESERVICE
getUserRewards ---> TOURGUIDESERVICE
getUserRewards ---> TOURGUIDESERVICE
getUserRewards ---> TOURGUIDESERVICE
getUserRewards ---> TOURGUIDESERVICE
getUserRewards ---> TOURGUIDESERVICE
getUserRewards ---> TOURGUIDESERVICE
getUserRewards ---> TOURGUIDESERVICE
getUserRewards ---> TOURGUIDESERVICE
getUserRewards ---> TOURGUIDESERVICE
getUserRewards ---> TOURGUIDESERVICE
getUserRewards ---> TOURGUIDESERVICE
getUserRewards ---> TOURGUIDESERVICE
getUserRewards ---> TOURGUIDESERVICE
getUserRewards ---> TOURGUIDESERVICE
getUserRewards ---> TOURGUIDESERVICE
getUserRewards ---> TOURGUIDESERVICE
getUserRewards ---> TOURGUIDESERVICE
getUserRewards ---> TOURGUIDESERVICE
getUserRewards ---> TOURGUIDESERVICE
getUserRewards ---> TOURGUIDESERVICE
getUserRewards ---> TOURGUIDESERVICE
getUserRewards ---> TOURGUIDESERVICE
getUserRewards ---> TOURGUIDESERVICE
getUserRewards ---> TOURGUIDESERVICE
getUserRewards ---> TOURGUIDESERVICE
getUserRewards ---> TOURGUIDESERVICE
getUserRewards ---> TOURGUIDESERVICE
getUserRewards ---> TOURGUIDESERVICE
getUserRewards ---> TOURGUIDESERVICE
getUserRewards ---> TOURGUIDESERVICE
getUserRewards ---> TOURGUIDESERVICE
getUserRewards ---> TOURGUIDESERVICE
getUserRewards ---> TOURGUIDESERVICE
getUserRewards ---> TOURGUIDESERVICE
getUserRewards ---> TOURGUIDESERVICE
getUserRewards ---> TOURGUIDESERVICE
getUserRewards ---> TOURGUIDESERVICE
getUserRewards ---> TOURGUIDESERVICE
getUserRewards ---> TOURGUIDESERVICE
getUserRewards ---> TOURGUIDESERVICE
getUserRewards ---> TOURGUIDESERVICE
getUserRewards ---> TOURGUIDESERVICE
getUserRewards ---> TOURGUIDESERVICE
getUserRewards ---> TOURGUIDESERVICE
getUserRewards ---> TOURGUIDESERVICE
getUserRewards ---> TOURGUIDESERVICE
getUserRewards ---> TOURGUIDESERVICE
getUserRewards ---> TOURGUIDESERVICE
getUserRewards ---> TOURGUIDESERVICE
getUserRewards ---> TOURGUIDESERVICE
getUserRewards ---> TOURGUIDESERVICE
getUserRewards ---> TOURGUIDESERVICE
getUserRewards ---> TOURGUIDESERVICE
getUserRewards ---> TOURGUIDESERVICE
getUserRewards ---> TOURGUIDESERVICE
getUserRewards ---> TOURGUIDESERVICE
getUserRewards ---> TOURGUIDESERVICE
getUserRewards ---> TOURGUIDESERVICE
getUserRewards ---> TOURGUIDESERVICE
getUserRewards ---> TOURGUIDESERVICE
getUserRewards ---> TOURGUIDESERVICE
getUserRewards ---> TOURGUIDESERVICE
getUserRewards ---> TOURGUIDESERVICE
getUserRewards ---> TOURGUIDESERVICE
getUserRewards ---> TOURGUIDESERVICE
getUserRewards ---> TOURGUIDESERVICE
getUserRewards ---> TOURGUIDESERVICE
getUserRewards ---> TOURGUIDESERVICE
getUserRewards ---> TOURGUIDESERVICE
getUserRewards ---> TOURGUIDESERVICE
getUserRewards ---> TOURGUIDESERVICE
getUserRewards ---> TOURGUIDESERVICE
getUserRewards ---> TOURGUIDESERVICE
getUserRewards ---> TOURGUIDESERVICE
getUserRewards ---> TOURGUIDESERVICE
getUserRewards ---> TOURGUIDESERVICE
getUserRewards ---> TOURGUIDESERVICE
getUserRewards ---> TOURGUIDESERVICE
getUserRewards ---> TOURGUIDESERVICE
getUserRewards ---> TOURGUIDESERVICE
getUserRewards ---> TOURGUIDESERVICE
getUserRewards ---> TOURGUIDESERVICE
getUserRewards ---> TOURGUIDESERVICE
getUserRewards ---> TOURGUIDESERVICE
getUserRewards ---> TOURGUIDESERVICE
getUserRewards ---> TOURGUIDESERVICE
getUserRewards ---> TOURGUIDESERVICE
getUserRewards ---> TOURGUIDESERVICE
getUserRewards ---> TOURGUIDESERVICE
getUserRewards ---> TOURGUIDESERVICE
getUserRewards ---> TOURGUIDESERVICE
getUserRewards ---> TOURGUIDESERVICE
getUserRewards ---> TOURGUIDESERVICE
getUserRewards ---> TOURGUIDESERVICE
getUserRewards ---> TOURGUIDESERVICE
getUserRewards ---> TOURGUIDESERVICE
getUserRewards ---> TOURGUIDESERVICE
getUserRewards ---> TOURGUIDESERVICE
getUserRewards ---> TOURGUIDESERVICE
getUserRewards ---> TOURGUIDESERVICE
getUserRewards ---> TOURGUIDESERVICE
getUserRewards ---> TOURGUIDESERVICE
getUserRewards ---> TOURGUIDESERVICE
getUserRewards ---> TOURGUIDESERVICE
getUserRewards ---> TOURGUIDESERVICE
getUserRewards ---> TOURGUIDESERVICE
getUserRewards ---> TOURGUIDESERVICE
getUserRewards ---> TOURGUIDESERVICE
getUserRewards ---> TOURGUIDESERVICE
getUserRewards ---> TOURGUIDESERVICE
getUserRewards ---> TOURGUIDESERVICE
getUserRewards ---> TOURGUIDESERVICE
getUserRewards ---> TOURGUIDESERVICE
getUserRewards ---> TOURGUIDESERVICE
getUserRewards ---> TOURGUIDESERVICE
getUserRewards ---> TOURGUIDESERVICE
getUserRewards ---> TOURGUIDESERVICE
getUserRewards ---> TOURGUIDESERVICE
getUserRewards ---> TOURGUIDESERVICE
getUserRewards ---> TOURGUIDESERVICE
getUserRewards ---> TOURGUIDESERVICE
getUserRewards ---> TOURGUIDESERVICE
getUserRewards ---> TOURGUIDESERVICE
getUserRewards ---> TOURGUIDESERVICE
getUserRewards ---> TOURGUIDESERVICE
getUserRewards ---> TOURGUIDESERVICE
getUserRewards ---> TOURGUIDESERVICE
getUserRewards ---> TOURGUIDESERVICE
getUserRewards ---> TOURGUIDESERVICE
getUserRewards ---> TOURGUIDESERVICE
getUserRewards ---> TOURGUIDESERVICE
getUserRewards ---> TOURGUIDESERVICE
getUserRewards ---> TOURGUIDESERVICE
getUserRewards ---> TOURGUIDESERVICE
getUserRewards ---> TOURGUIDESERVICE
getUserRewards ---> TOURGUIDESERVICE
getUserRewards ---> TOURGUIDESERVICE
getUserRewards ---> TOURGUIDESERVICE
getUserRewards ---> TOURGUIDESERVICE
getUserRewards ---> TOURGUIDESERVICE
getUserRewards ---> TOURGUIDESERVICE
getUserRewards ---> TOURGUIDESERVICE
getUserRewards ---> TOURGUIDESERVICE
getUserRewards ---> TOURGUIDESERVICE
getUserRewards ---> TOURGUIDESERVICE
getUserRewards ---> TOURGUIDESERVICE
getUserRewards ---> TOURGUIDESERVICE
getUserRewards ---> TOURGUIDESERVICE
getUserRewards ---> TOURGUIDESERVICE
getUserRewards ---> TOURGUIDESERVICE
getUserRewards ---> TOURGUIDESERVICE
getUserRewards ---> TOURGUIDESERVICE
getUserRewards ---> TOURGUIDESERVICE
getUserRewards ---> TOURGUIDESERVICE
getUserRewards ---> TOURGUIDESERVICE
getUserRewards ---> TOURGUIDESERVICE
getUserRewards ---> TOURGUIDESERVICE
getUserRewards ---> TOURGUIDESERVICE
getUserRewards ---> TOURGUIDESERVICE
getUserRewards ---> TOURGUIDESERVICE
getUserRewards ---> TOURGUIDESERVICE
getUserRewards ---> TOURGUIDESERVICE
getUserRewards ---> TOURGUIDESERVICE
getUserRewards ---> TOURGUIDESERVICE
getUserRewards ---> TOURGUIDESERVICE
getUserRewards ---> TOURGUIDESERVICE
getUserRewards ---> TOURGUIDESERVICE
getUserRewards ---> TOURGUIDESERVICE
getUserRewards ---> TOURGUIDESERVICE
getUserRewards ---> TOURGUIDESERVICE
getUserRewards ---> TOURGUIDESERVICE
getUserRewards ---> TOURGUIDESERVICE
getUserRewards ---> TOURGUIDESERVICE
getUserRewards ---> TOURGUIDESERVICE
getUserRewards ---> TOURGUIDESERVICE
getUserRewards ---> TOURGUIDESERVICE
getUserRewards ---> TOURGUIDESERVICE
getUserRewards ---> TOURGUIDESERVICE
getUserRewards ---> TOURGUIDESERVICE
getUserRewards ---> TOURGUIDESERVICE
getUserRewards ---> TOURGUIDESERVICE
getUserRewards ---> TOURGUIDESERVICE
getUserRewards ---> TOURGUIDESERVICE
getUserRewards ---> TOURGUIDESERVICE
getUserRewards ---> TOURGUIDESERVICE
getUserRewards ---> TOURGUIDESERVICE
getUserRewards ---> TOURGUIDESERVICE
getUserRewards ---> TOURGUIDESERVICE
getUserRewards ---> TOURGUIDESERVICE
getUserRewards ---> TOURGUIDESERVICE
getUserRewards ---> TOURGUIDESERVICE
getUserRewards ---> TOURGUIDESERVICE
getUserRewards ---> TOURGUIDESERVICE
getUserRewards ---> TOURGUIDESERVICE
getUserRewards ---> TOURGUIDESERVICE
getUserRewards ---> TOURGUIDESERVICE
getUserRewards ---> TOURGUIDESERVICE
getUserRewards ---> TOURGUIDESERVICE
getUserRewards ---> TOURGUIDESERVICE
getUserRewards ---> TOURGUIDESERVICE
getUserRewards ---> TOURGUIDESERVICE
getUserRewards ---> TOURGUIDESERVICE
getUserRewards ---> TOURGUIDESERVICE
getUserRewards ---> TOURGUIDESERVICE
getUserRewards ---> TOURGUIDESERVICE
getUserRewards ---> TOURGUIDESERVICE
getUserRewards ---> TOURGUIDESERVICE
getUserRewards ---> TOURGUIDESERVICE
getUserRewards ---> TOURGUIDESERVICE
getUserRewards ---> TOURGUIDESERVICE
getUserRewards ---> TOURGUIDESERVICE
getUserRewards ---> TOURGUIDESERVICE
getUserRewards ---> TOURGUIDESERVICE
getUserRewards ---> TOURGUIDESERVICE
getUserRewards ---> TOURGUIDESERVICE
getUserRewards ---> TOURGUIDESERVICE
getUserRewards ---> TOURGUIDESERVICE
getUserRewards ---> TOURGUIDESERVICE
getUserRewards ---> TOURGUIDESERVICE
getUserRewards ---> TOURGUIDESERVICE
getUserRewards ---> TOURGUIDESERVICE
getUserRewards ---> TOURGUIDESERVICE
getUserRewards ---> TOURGUIDESERVICE
getUserRewards ---> TOURGUIDESERVICE
getUserRewards ---> TOURGUIDESERVICE
getUserRewards ---> TOURGUIDESERVICE
getUserRewards ---> TOURGUIDESERVICE
getUserRewards ---> TOURGUIDESERVICE
getUserRewards ---> TOURGUIDESERVICE
getUserRewards ---> TOURGUIDESERVICE
getUserRewards ---> TOURGUIDESERVICE
getUserRewards ---> TOURGUIDESERVICE
getUserRewards ---> TOURGUIDESERVICE
getUserRewards ---> TOURGUIDESERVICE
getUserRewards ---> TOURGUIDESERVICE
getUserRewards ---> TOURGUIDESERVICE
getUserRewards ---> TOURGUIDESERVICE
getUserRewards ---> TOURGUIDESERVICE
getUserRewards ---> TOURGUIDESERVICE
getUserRewards ---> TOURGUIDESERVICE
getUserRewards ---> TOURGUIDESERVICE
getUserRewards ---> TOURGUIDESERVICE
getUserRewards ---> TOURGUIDESERVICE
getUserRewards ---> TOURGUIDESERVICE
getUserRewards ---> TOURGUIDESERVICE
getUserRewards ---> TOURGUIDESERVICE
getUserRewards ---> TOURGUIDESERVICE
getUserRewards ---> TOURGUIDESERVICE
getUserRewards ---> TOURGUIDESERVICE
getUserRewards ---> TOURGUIDESERVICE
getUserRewards ---> TOURGUIDESERVICE
getUserRewards ---> TOURGUIDESERVICE
getUserRewards ---> TOURGUIDESERVICE
getUserRewards ---> TOURGUIDESERVICE
getUserRewards ---> TOURGUIDESERVICE
getUserRewards ---> TOURGUIDESERVICE
getUserRewards ---> TOURGUIDESERVICE
getUserRewards ---> TOURGUIDESERVICE
getUserRewards ---> TOURGUIDESERVICE
getUserRewards ---> TOURGUIDESERVICE
getUserRewards ---> TOURGUIDESERVICE
getUserRewards ---> TOURGUIDESERVICE
getUserRewards ---> TOURGUIDESERVICE
getUserRewards ---> TOURGUIDESERVICE
getUserRewards ---> TOURGUIDESERVICE
getUserRewards ---> TOURGUIDESERVICE
getUserRewards ---> TOURGUIDESERVICE
getUserRewards ---> TOURGUIDESERVICE
getUserRewards ---> TOURGUIDESERVICE
getUserRewards ---> TOURGUIDESERVICE
getUserRewards ---> TOURGUIDESERVICE
getUserRewards ---> TOURGUIDESERVICE
getUserRewards ---> TOURGUIDESERVICE
getUserRewards ---> TOURGUIDESERVICE
getUserRewards ---> TOURGUIDESERVICE
getUserRewards ---> TOURGUIDESERVICE
getUserRewards ---> TOURGUIDESERVICE
getUserRewards ---> TOURGUIDESERVICE
getUserRewards ---> TOURGUIDESERVICE
getUserRewards ---> TOURGUIDESERVICE
getUserRewards ---> TOURGUIDESERVICE
getUserRewards ---> TOURGUIDESERVICE
getUserRewards ---> TOURGUIDESERVICE
getUserRewards ---> TOURGUIDESERVICE
getUserRewards ---> TOURGUIDESERVICE
getUserRewards ---> TOURGUIDESERVICE
getUserRewards ---> TOURGUIDESERVICE
getUserRewards ---> TOURGUIDESERVICE
getUserRewards ---> TOURGUIDESERVICE
getUserRewards ---> TOURGUIDESERVICE
getUserRewards ---> TOURGUIDESERVICE
getUserRewards ---> TOURGUIDESERVICE
getUserRewards ---> TOURGUIDESERVICE
getUserRewards ---> TOURGUIDESERVICE
getUserRewards ---> TOURGUIDESERVICE
getUserRewards ---> TOURGUIDESERVICE
getUserRewards ---> TOURGUIDESERVICE
getUserRewards ---> TOURGUIDESERVICE
getUserRewards ---> TOURGUIDESERVICE
getUserRewards ---> TOURGUIDESERVICE
getUserRewards ---> TOURGUIDESERVICE
getUserRewards ---> TOURGUIDESERVICE
getUserRewards ---> TOURGUIDESERVICE
getUserRewards ---> TOURGUIDESERVICE
getUserRewards ---> TOURGUIDESERVICE
getUserRewards ---> TOURGUIDESERVICE
getUserRewards ---> TOURGUIDESERVICE
getUserRewards ---> TOURGUIDESERVICE
getUserRewards ---> TOURGUIDESERVICE
getUserRewards ---> TOURGUIDESERVICE
getUserRewards ---> TOURGUIDESERVICE
getUserRewards ---> TOURGUIDESERVICE
getUserRewards ---> TOURGUIDESERVICE
getUserRewards ---> TOURGUIDESERVICE
getUserRewards ---> TOURGUIDESERVICE
getUserRewards ---> TOURGUIDESERVICE
getUserRewards ---> TOURGUIDESERVICE
getUserRewards ---> TOURGUIDESERVICE
getUserRewards ---> TOURGUIDESERVICE
getUserRewards ---> TOURGUIDESERVICE
getUserRewards ---> TOURGUIDESERVICE
getUserRewards ---> TOURGUIDESERVICE
getUserRewards ---> TOURGUIDESERVICE
getUserRewards ---> TOURGUIDESERVICE
getUserRewards ---> TOURGUIDESERVICE
getUserRewards ---> TOURGUIDESERVICE
getUserRewards ---> TOURGUIDESERVICE
getUserRewards ---> TOURGUIDESERVICE
getUserRewards ---> TOURGUIDESERVICE
getUserRewards ---> TOURGUIDESERVICE
getUserRewards ---> TOURGUIDESERVICE
getUserRewards ---> TOURGUIDESERVICE
getUserRewards ---> TOURGUIDESERVICE
getUserRewards ---> TOURGUIDESERVICE
getUserRewards ---> TOURGUIDESERVICE
getUserRewards ---> TOURGUIDESERVICE
getUserRewards ---> TOURGUIDESERVICE
getUserRewards ---> TOURGUIDESERVICE
getUserRewards ---> TOURGUIDESERVICE
getUserRewards ---> TOURGUIDESERVICE
getUserRewards ---> TOURGUIDESERVICE
getUserRewards ---> TOURGUIDESERVICE
getUserRewards ---> TOURGUIDESERVICE
getUserRewards ---> TOURGUIDESERVICE
getUserRewards ---> TOURGUIDESERVICE
getUserRewards ---> TOURGUIDESERVICE
getUserRewards ---> TOURGUIDESERVICE
getUserRewards ---> TOURGUIDESERVICE
getUserRewards ---> TOURGUIDESERVICE
getUserRewards ---> TOURGUIDESERVICE
getUserRewards ---> TOURGUIDESERVICE
getUserRewards ---> TOURGUIDESERVICE
getUserRewards ---> TOURGUIDESERVICE
getUserRewards ---> TOURGUIDESERVICE
getUserRewards ---> TOURGUIDESERVICE
getUserRewards ---> TOURGUIDESERVICE
getUserRewards ---> TOURGUIDESERVICE
getUserRewards ---> TOURGUIDESERVICE
getUserRewards ---> TOURGUIDESERVICE
getUserRewards ---> TOURGUIDESERVICE
getUserRewards ---> TOURGUIDESERVICE
getUserRewards ---> TOURGUIDESERVICE
getUserRewards ---> TOURGUIDESERVICE
getUserRewards ---> TOURGUIDESERVICE
getUserRewards ---> TOURGUIDESERVICE
getUserRewards ---> TOURGUIDESERVICE
getUserRewards ---> TOURGUIDESERVICE
getUserRewards ---> TOURGUIDESERVICE
getUserRewards ---> TOURGUIDESERVICE
getUserRewards ---> TOURGUIDESERVICE
getUserRewards ---> TOURGUIDESERVICE
getUserRewards ---> TOURGUIDESERVICE
getUserRewards ---> TOURGUIDESERVICE
getUserRewards ---> TOURGUIDESERVICE
getUserRewards ---> TOURGUIDESERVICE
getUserRewards ---> TOURGUIDESERVICE
getUserRewards ---> TOURGUIDESERVICE
getUserRewards ---> TOURGUIDESERVICE
getUserRewards ---> TOURGUIDESERVICE
getUserRewards ---> TOURGUIDESERVICE
getUserRewards ---> TOURGUIDESERVICE
getUserRewards ---> TOURGUIDESERVICE
getUserRewards ---> TOURGUIDESERVICE
getUserRewards ---> TOURGUIDESERVICE
getUserRewards ---> TOURGUIDESERVICE
getUserRewards ---> TOURGUIDESERVICE
getUserRewards ---> TOURGUIDESERVICE
getUserRewards ---> TOURGUIDESERVICE
getUserRewards ---> TOURGUIDESERVICE
getUserRewards ---> TOURGUIDESERVICE
getUserRewards ---> TOURGUIDESERVICE
getUserRewards ---> TOURGUIDESERVICE
getUserRewards ---> TOURGUIDESERVICE
getUserRewards ---> TOURGUIDESERVICE
getUserRewards ---> TOURGUIDESERVICE
getUserRewards ---> TOURGUIDESERVICE
getUserRewards ---> TOURGUIDESERVICE
getUserRewards ---> TOURGUIDESERVICE
getUserRewards ---> TOURGUIDESERVICE
getUserRewards ---> TOURGUIDESERVICE
getUserRewards ---> TOURGUIDESERVICE
getUserRewards ---> TOURGUIDESERVICE
getUserRewards ---> TOURGUIDESERVICE
getUserRewards ---> TOURGUIDESERVICE
getUserRewards ---> TOURGUIDESERVICE
getUserRewards ---> TOURGUIDESERVICE
getUserRewards ---> TOURGUIDESERVICE
getUserRewards ---> TOURGUIDESERVICE
getUserRewards ---> TOURGUIDESERVICE
getUserRewards ---> TOURGUIDESERVICE
getUserRewards ---> TOURGUIDESERVICE
getUserRewards ---> TOURGUIDESERVICE
getUserRewards ---> TOURGUIDESERVICE
getUserRewards ---> TOURGUIDESERVICE
getUserRewards ---> TOURGUIDESERVICE
getUserRewards ---> TOURGUIDESERVICE
getUserRewards ---> TOURGUIDESERVICE
getUserRewards ---> TOURGUIDESERVICE
getUserRewards ---> TOURGUIDESERVICE
getUserRewards ---> TOURGUIDESERVICE
getUserRewards ---> TOURGUIDESERVICE
getUserRewards ---> TOURGUIDESERVICE
getUserRewards ---> TOURGUIDESERVICE
getUserRewards ---> TOURGUIDESERVICE
getUserRewards ---> TOURGUIDESERVICE
getUserRewards ---> TOURGUIDESERVICE
getUserRewards ---> TOURGUIDESERVICE
getUserRewards ---> TOURGUIDESERVICE
getUserRewards ---> TOURGUIDESERVICE
getUserRewards ---> TOURGUIDESERVICE
getUserRewards ---> TOURGUIDESERVICE
getUserRewards ---> TOURGUIDESERVICE
getUserRewards ---> TOURGUIDESERVICE
getUserRewards ---> TOURGUIDESERVICE
getUserRewards ---> TOURGUIDESERVICE
getUserRewards ---> TOURGUIDESERVICE
getUserRewards ---> TOURGUIDESERVICE
getUserRewards ---> TOURGUIDESERVICE
getUserRewards ---> TOURGUIDESERVICE
getUserRewards ---> TOURGUIDESERVICE
getUserRewards ---> TOURGUIDESERVICE
getUserRewards ---> TOURGUIDESERVICE
getUserRewards ---> TOURGUIDESERVICE
getUserRewards ---> TOURGUIDESERVICE
getUserRewards ---> TOURGUIDESERVICE
getUserRewards ---> TOURGUIDESERVICE
getUserRewards ---> TOURGUIDESERVICE
getUserRewards ---> TOURGUIDESERVICE
getUserRewards ---> TOURGUIDESERVICE
getUserRewards ---> TOURGUIDESERVICE
getUserRewards ---> TOURGUIDESERVICE
getUserRewards ---> TOURGUIDESERVICE
getUserRewards ---> TOURGUIDESERVICE
getUserRewards ---> TOURGUIDESERVICE
getUserRewards ---> TOURGUIDESERVICE
getUserRewards ---> TOURGUIDESERVICE
getUserRewards ---> TOURGUIDESERVICE
getUserRewards ---> TOURGUIDESERVICE
getUserRewards ---> TOURGUIDESERVICE
getUserRewards ---> TOURGUIDESERVICE
getUserRewards ---> TOURGUIDESERVICE
getUserRewards ---> TOURGUIDESERVICE
getUserRewards ---> TOURGUIDESERVICE
getUserRewards ---> TOURGUIDESERVICE
getUserRewards ---> TOURGUIDESERVICE
getUserRewards ---> TOURGUIDESERVICE
getUserRewards ---> TOURGUIDESERVICE
getUserRewards ---> TOURGUIDESERVICE
getUserRewards ---> TOURGUIDESERVICE
getUserRewards ---> TOURGUIDESERVICE
getUserRewards ---> TOURGUIDESERVICE
getUserRewards ---> TOURGUIDESERVICE
getUserRewards ---> TOURGUIDESERVICE
getUserRewards ---> TOURGUIDESERVICE
getUserRewards ---> TOURGUIDESERVICE
getUserRewards ---> TOURGUIDESERVICE
getUserRewards ---> TOURGUIDESERVICE
getUserRewards ---> TOURGUIDESERVICE
getUserRewards ---> TOURGUIDESERVICE
getUserRewards ---> TOURGUIDESERVICE
getUserRewards ---> TOURGUIDESERVICE
getUserRewards ---> TOURGUIDESERVICE
getUserRewards ---> TOURGUIDESERVICE
getUserRewards ---> TOURGUIDESERVICE
getUserRewards ---> TOURGUIDESERVICE
getUserRewards ---> TOURGUIDESERVICE
getUserRewards ---> TOURGUIDESERVICE
getUserRewards ---> TOURGUIDESERVICE
getUserRewards ---> TOURGUIDESERVICE
getUserRewards ---> TOURGUIDESERVICE
getUserRewards ---> TOURGUIDESERVICE
getUserRewards ---> TOURGUIDESERVICE
getUserRewards ---> TOURGUIDESERVICE
getUserRewards ---> TOURGUIDESERVICE
getUserRewards ---> TOURGUIDESERVICE
getUserRewards ---> TOURGUIDESERVICE
getUserRewards ---> TOURGUIDESERVICE
getUserRewards ---> TOURGUIDESERVICE
getUserRewards ---> TOURGUIDESERVICE
getUserRewards ---> TOURGUIDESERVICE
getUserRewards ---> TOURGUIDESERVICE
getUserRewards ---> TOURGUIDESERVICE
getUserRewards ---> TOURGUIDESERVICE
getUserRewards ---> TOURGUIDESERVICE
getUserRewards ---> TOURGUIDESERVICE
getUserRewards ---> TOURGUIDESERVICE
getUserRewards ---> TOURGUIDESERVICE
getUserRewards ---> TOURGUIDESERVICE
getUserRewards ---> TOURGUIDESERVICE
getUserRewards ---> TOURGUIDESERVICE
getUserRewards ---> TOURGUIDESERVICE
getUserRewards ---> TOURGUIDESERVICE
getUserRewards ---> TOURGUIDESERVICE
getUserRewards ---> TOURGUIDESERVICE
getUserRewards ---> TOURGUIDESERVICE
getUserRewards ---> TOURGUIDESERVICE
getUserRewards ---> TOURGUIDESERVICE
getUserRewards ---> TOURGUIDESERVICE
getUserRewards ---> TOURGUIDESERVICE
getUserRewards ---> TOURGUIDESERVICE
getUserRewards ---> TOURGUIDESERVICE
getUserRewards ---> TOURGUIDESERVICE
getUserRewards ---> TOURGUIDESERVICE
getUserRewards ---> TOURGUIDESERVICE
getUserRewards ---> TOURGUIDESERVICE
getUserRewards ---> TOURGUIDESERVICE
getUserRewards ---> TOURGUIDESERVICE
getUserRewards ---> TOURGUIDESERVICE
getUserRewards ---> TOURGUIDESERVICE
getUserRewards ---> TOURGUIDESERVICE
getUserRewards ---> TOURGUIDESERVICE
getUserRewards ---> TOURGUIDESERVICE
getUserRewards ---> TOURGUIDESERVICE
getUserRewards ---> TOURGUIDESERVICE
getUserRewards ---> TOURGUIDESERVICE
getUserRewards ---> TOURGUIDESERVICE
getUserRewards ---> TOURGUIDESERVICE
getUserRewards ---> TOURGUIDESERVICE
getUserRewards ---> TOURGUIDESERVICE
getUserRewards ---> TOURGUIDESERVICE
getUserRewards ---> TOURGUIDESERVICE
getUserRewards ---> TOURGUIDESERVICE
getUserRewards ---> TOURGUIDESERVICE
getUserRewards ---> TOURGUIDESERVICE
getUserRewards ---> TOURGUIDESERVICE
getUserRewards ---> TOURGUIDESERVICE
getUserRewards ---> TOURGUIDESERVICE
getUserRewards ---> TOURGUIDESERVICE
getUserRewards ---> TOURGUIDESERVICE
getUserRewards ---> TOURGUIDESERVICE
getUserRewards ---> TOURGUIDESERVICE
getUserRewards ---> TOURGUIDESERVICE
getUserRewards ---> TOURGUIDESERVICE
getUserRewards ---> TOURGUIDESERVICE
getUserRewards ---> TOURGUIDESERVICE
getUserRewards ---> TOURGUIDESERVICE
getUserRewards ---> TOURGUIDESERVICE
getUserRewards ---> TOURGUIDESERVICE
getUserRewards ---> TOURGUIDESERVICE
getUserRewards ---> TOURGUIDESERVICE
getUserRewards ---> TOURGUIDESERVICE
getUserRewards ---> TOURGUIDESERVICE
getUserRewards ---> TOURGUIDESERVICE
getUserRewards ---> TOURGUIDESERVICE
getUserRewards ---> TOURGUIDESERVICE
getUserRewards ---> TOURGUIDESERVICE
getUserRewards ---> TOURGUIDESERVICE
getUserRewards ---> TOURGUIDESERVICE
getUserRewards ---> TOURGUIDESERVICE
getUserRewards ---> TOURGUIDESERVICE
getUserRewards ---> TOURGUIDESERVICE
getUserRewards ---> TOURGUIDESERVICE
getUserRewards ---> TOURGUIDESERVICE
getUserRewards ---> TOURGUIDESERVICE
getUserRewards ---> TOURGUIDESERVICE
getUserRewards ---> TOURGUIDESERVICE
getUserRewards ---> TOURGUIDESERVICE
getUserRewards ---> TOURGUIDESERVICE
getUserRewards ---> TOURGUIDESERVICE
getUserRewards ---> TOURGUIDESERVICE
getUserRewards ---> TOURGUIDESERVICE
getUserRewards ---> TOURGUIDESERVICE
getUserRewards ---> TOURGUIDESERVICE
getUserRewards ---> TOURGUIDESERVICE
getUserRewards ---> TOURGUIDESERVICE
getUserRewards ---> TOURGUIDESERVICE
getUserRewards ---> TOURGUIDESERVICE
getUserRewards ---> TOURGUIDESERVICE
getUserRewards ---> TOURGUIDESERVICE
getUserRewards ---> TOURGUIDESERVICE
getUserRewards ---> TOURGUIDESERVICE
getUserRewards ---> TOURGUIDESERVICE
getUserRewards ---> TOURGUIDESERVICE
getUserRewards ---> TOURGUIDESERVICE
getUserRewards ---> TOURGUIDESERVICE
getUserRewards ---> TOURGUIDESERVICE
getUserRewards ---> TOURGUIDESERVICE
getUserRewards ---> TOURGUIDESERVICE
getUserRewards ---> TOURGUIDESERVICE
getUserRewards ---> TOURGUIDESERVICE
getUserRewards ---> TOURGUIDESERVICE
getUserRewards ---> TOURGUIDESERVICE
getUserRewards ---> TOURGUIDESERVICE
getUserRewards ---> TOURGUIDESERVICE
getUserRewards ---> TOURGUIDESERVICE
getUserRewards ---> TOURGUIDESERVICE
getUserRewards ---> TOURGUIDESERVICE
getUserRewards ---> TOURGUIDESERVICE
getUserRewards ---> TOURGUIDESERVICE
getUserRewards ---> TOURGUIDESERVICE
getUserRewards ---> TOURGUIDESERVICE
getUserRewards ---> TOURGUIDESERVICE
getUserRewards ---> TOURGUIDESERVICE
getUserRewards ---> TOURGUIDESERVICE
getUserRewards ---> TOURGUIDESERVICE
getUserRewards ---> TOURGUIDESERVICE
getUserRewards ---> TOURGUIDESERVICE
getUserRewards ---> TOURGUIDESERVICE
getUserRewards ---> TOURGUIDESERVICE
getUserRewards ---> TOURGUIDESERVICE
getUserRewards ---> TOURGUIDESERVICE
getUserRewards ---> TOURGUIDESERVICE
getUserRewards ---> TOURGUIDESERVICE
getUserRewards ---> TOURGUIDESERVICE
getUserRewards ---> TOURGUIDESERVICE
getUserRewards ---> TOURGUIDESERVICE
getUserRewards ---> TOURGUIDESERVICE
getUserRewards ---> TOURGUIDESERVICE
getUserRewards ---> TOURGUIDESERVICE
getUserRewards ---> TOURGUIDESERVICE
getUserRewards ---> TOURGUIDESERVICE
getUserRewards ---> TOURGUIDESERVICE
getUserRewards ---> TOURGUIDESERVICE
getUserRewards ---> TOURGUIDESERVICE
getUserRewards ---> TOURGUIDESERVICE
getUserRewards ---> TOURGUIDESERVICE
getUserRewards ---> TOURGUIDESERVICE
getUserRewards ---> TOURGUIDESERVICE
getUserRewards ---> TOURGUIDESERVICE
getUserRewards ---> TOURGUIDESERVICE
getUserRewards ---> TOURGUIDESERVICE
getUserRewards ---> TOURGUIDESERVICE
getUserRewards ---> TOURGUIDESERVICE
getUserRewards ---> TOURGUIDESERVICE
getUserRewards ---> TOURGUIDESERVICE
getUserRewards ---> TOURGUIDESERVICE
getUserRewards ---> TOURGUIDESERVICE
getUserRewards ---> TOURGUIDESERVICE
getUserRewards ---> TOURGUIDESERVICE
getUserRewards ---> TOURGUIDESERVICE
getUserRewards ---> TOURGUIDESERVICE
getUserRewards ---> TOURGUIDESERVICE
getUserRewards ---> TOURGUIDESERVICE
getUserRewards ---> TOURGUIDESERVICE
getUserRewards ---> TOURGUIDESERVICE
getUserRewards ---> TOURGUIDESERVICE
getUserRewards ---> TOURGUIDESERVICE
getUserRewards ---> TOURGUIDESERVICE
getUserRewards ---> TOURGUIDESERVICE
getUserRewards ---> TOURGUIDESERVICE
getUserRewards ---> TOURGUIDESERVICE
getUserRewards ---> TOURGUIDESERVICE
getUserRewards ---> TOURGUIDESERVICE
getUserRewards ---> TOURGUIDESERVICE
getUserRewards ---> TOURGUIDESERVICE
getUserRewards ---> TOURGUIDESERVICE
getUserRewards ---> TOURGUIDESERVICE
getUserRewards ---> TOURGUIDESERVICE
getUserRewards ---> TOURGUIDESERVICE
getUserRewards ---> TOURGUIDESERVICE
getUserRewards ---> TOURGUIDESERVICE
getUserRewards ---> TOURGUIDESERVICE
getUserRewards ---> TOURGUIDESERVICE
getUserRewards ---> TOURGUIDESERVICE
getUserRewards ---> TOURGUIDESERVICE
getUserRewards ---> TOURGUIDESERVICE
getUserRewards ---> TOURGUIDESERVICE
getUserRewards ---> TOURGUIDESERVICE
getUserRewards ---> TOURGUIDESERVICE
getUserRewards ---> TOURGUIDESERVICE
getUserRewards ---> TOURGUIDESERVICE
getUserRewards ---> TOURGUIDESERVICE
getUserRewards ---> TOURGUIDESERVICE
getUserRewards ---> TOURGUIDESERVICE
getUserRewards ---> TOURGUIDESERVICE
getUserRewards ---> TOURGUIDESERVICE
getUserRewards ---> TOURGUIDESERVICE
getUserRewards ---> TOURGUIDESERVICE
getUserRewards ---> TOURGUIDESERVICE
getUserRewards ---> TOURGUIDESERVICE
getUserRewards ---> TOURGUIDESERVICE
getUserRewards ---> TOURGUIDESERVICE
getUserRewards ---> TOURGUIDESERVICE
getUserRewards ---> TOURGUIDESERVICE
getUserRewards ---> TOURGUIDESERVICE
getUserRewards ---> TOURGUIDESERVICE
getUserRewards ---> TOURGUIDESERVICE
getUserRewards ---> TOURGUIDESERVICE
getUserRewards ---> TOURGUIDESERVICE
getUserRewards ---> TOURGUIDESERVICE
getUserRewards ---> TOURGUIDESERVICE
getUserRewards ---> TOURGUIDESERVICE
getUserRewards ---> TOURGUIDESERVICE
getUserRewards ---> TOURGUIDESERVICE
getUserRewards ---> TOURGUIDESERVICE
getUserRewards ---> TOURGUIDESERVICE
getUserRewards ---> TOURGUIDESERVICE
getUserRewards ---> TOURGUIDESERVICE
getUserRewards ---> TOURGUIDESERVICE
getUserRewards ---> TOURGUIDESERVICE
getUserRewards ---> TOURGUIDESERVICE
getUserRewards ---> TOURGUIDESERVICE
getUserRewards ---> TOURGUIDESERVICE
getUserRewards ---> TOURGUIDESERVICE
getUserRewards ---> TOURGUIDESERVICE
getUserRewards ---> TOURGUIDESERVICE
getUserRewards ---> TOURGUIDESERVICE
getUserRewards ---> TOURGUIDESERVICE
getUserRewards ---> TOURGUIDESERVICE
getUserRewards ---> TOURGUIDESERVICE
getUserRewards ---> TOURGUIDESERVICE
getUserRewards ---> TOURGUIDESERVICE
getUserRewards ---> TOURGUIDESERVICE
getUserRewards ---> TOURGUIDESERVICE
getUserRewards ---> TOURGUIDESERVICE
getUserRewards ---> TOURGUIDESERVICE
getUserRewards ---> TOURGUIDESERVICE
getUserRewards ---> TOURGUIDESERVICE
getUserRewards ---> TOURGUIDESERVICE
getUserRewards ---> TOURGUIDESERVICE
getUserRewards ---> TOURGUIDESERVICE
getUserRewards ---> TOURGUIDESERVICE
getUserRewards ---> TOURGUIDESERVICE
getUserRewards ---> TOURGUIDESERVICE
getUserRewards ---> TOURGUIDESERVICE
getUserRewards ---> TOURGUIDESERVICE
getUserRewards ---> TOURGUIDESERVICE
getUserRewards ---> TOURGUIDESERVICE
getUserRewards ---> TOURGUIDESERVICE
getUserRewards ---> TOURGUIDESERVICE
getUserRewards ---> TOURGUIDESERVICE
getUserRewards ---> TOURGUIDESERVICE
getUserRewards ---> TOURGUIDESERVICE
getUserRewards ---> TOURGUIDESERVICE
getUserRewards ---> TOURGUIDESERVICE
getUserRewards ---> TOURGUIDESERVICE
getUserRewards ---> TOURGUIDESERVICE
getUserRewards ---> TOURGUIDESERVICE
getUserRewards ---> TOURGUIDESERVICE
getUserRewards ---> TOURGUIDESERVICE
getUserRewards ---> TOURGUIDESERVICE
getUserRewards ---> TOURGUIDESERVICE
getUserRewards ---> TOURGUIDESERVICE
getUserRewards ---> TOURGUIDESERVICE
getUserRewards ---> TOURGUIDESERVICE
getUserRewards ---> TOURGUIDESERVICE
getUserRewards ---> TOURGUIDESERVICE
getUserRewards ---> TOURGUIDESERVICE
getUserRewards ---> TOURGUIDESERVICE
getUserRewards ---> TOURGUIDESERVICE
getUserRewards ---> TOURGUIDESERVICE
getUserRewards ---> TOURGUIDESERVICE
getUserRewards ---> TOURGUIDESERVICE
getUserRewards ---> TOURGUIDESERVICE
getUserRewards ---> TOURGUIDESERVICE
getUserRewards ---> TOURGUIDESERVICE
getUserRewards ---> TOURGUIDESERVICE
getUserRewards ---> TOURGUIDESERVICE
getUserRewards ---> TOURGUIDESERVICE
getUserRewards ---> TOURGUIDESERVICE
getUserRewards ---> TOURGUIDESERVICE
getUserRewards ---> TOURGUIDESERVICE
getUserRewards ---> TOURGUIDESERVICE
getUserRewards ---> TOURGUIDESERVICE
getUserRewards ---> TOURGUIDESERVICE
getUserRewards ---> TOURGUIDESERVICE
getUserRewards ---> TOURGUIDESERVICE
getUserRewards ---> TOURGUIDESERVICE
getUserRewards ---> TOURGUIDESERVICE
getUserRewards ---> TOURGUIDESERVICE
getUserRewards ---> TOURGUIDESERVICE
getUserRewards ---> TOURGUIDESERVICE
getUserRewards ---> TOURGUIDESERVICE
getUserRewards ---> TOURGUIDESERVICE
getUserRewards ---> TOURGUIDESERVICE
getUserRewards ---> TOURGUIDESERVICE
getUserRewards ---> TOURGUIDESERVICE
getUserRewards ---> TOURGUIDESERVICE
getUserRewards ---> TOURGUIDESERVICE
getUserRewards ---> TOURGUIDESERVICE
getUserRewards ---> TOURGUIDESERVICE
getUserRewards ---> TOURGUIDESERVICE
getUserRewards ---> TOURGUIDESERVICE
getUserRewards ---> TOURGUIDESERVICE
getUserRewards ---> TOURGUIDESERVICE
getUserRewards ---> TOURGUIDESERVICE
getUserRewards ---> TOURGUIDESERVICE
getUserRewards ---> TOURGUIDESERVICE
getUserRewards ---> TOURGUIDESERVICE
getUserRewards ---> TOURGUIDESERVICE
getUserRewards ---> TOURGUIDESERVICE
getUserRewards ---> TOURGUIDESERVICE
getUserRewards ---> TOURGUIDESERVICE
getUserRewards ---> TOURGUIDESERVICE
getUserRewards ---> TOURGUIDESERVICE
getUserRewards ---> TOURGUIDESERVICE
getUserRewards ---> TOURGUIDESERVICE
getUserRewards ---> TOURGUIDESERVICE
getUserRewards ---> TOURGUIDESERVICE
getUserRewards ---> TOURGUIDESERVICE
getUserRewards ---> TOURGUIDESERVICE
getUserRewards ---> TOURGUIDESERVICE
getUserRewards ---> TOURGUIDESERVICE
getUserRewards ---> TOURGUIDESERVICE
getUserRewards ---> TOURGUIDESERVICE
getUserRewards ---> TOURGUIDESERVICE
getUserRewards ---> TOURGUIDESERVICE
getUserRewards ---> TOURGUIDESERVICE
getUserRewards ---> TOURGUIDESERVICE
getUserRewards ---> TOURGUIDESERVICE
getUserRewards ---> TOURGUIDESERVICE
getUserRewards ---> TOURGUIDESERVICE
getUserRewards ---> TOURGUIDESERVICE
getUserRewards ---> TOURGUIDESERVICE
getUserRewards ---> TOURGUIDESERVICE
getUserRewards ---> TOURGUIDESERVICE
getUserRewards ---> TOURGUIDESERVICE
getUserRewards ---> TOURGUIDESERVICE
getUserRewards ---> TOURGUIDESERVICE
getUserRewards ---> TOURGUIDESERVICE
getUserRewards ---> TOURGUIDESERVICE
getUserRewards ---> TOURGUIDESERVICE
getUserRewards ---> TOURGUIDESERVICE
getUserRewards ---> TOURGUIDESERVICE
getUserRewards ---> TOURGUIDESERVICE
getUserRewards ---> TOURGUIDESERVICE
getUserRewards ---> TOURGUIDESERVICE
getUserRewards ---> TOURGUIDESERVICE
getUserRewards ---> TOURGUIDESERVICE
getUserRewards ---> TOURGUIDESERVICE
getUserRewards ---> TOURGUIDESERVICE
getUserRewards ---> TOURGUIDESERVICE
getUserRewards ---> TOURGUIDESERVICE
getUserRewards ---> TOURGUIDESERVICE
getUserRewards ---> TOURGUIDESERVICE
getUserRewards ---> TOURGUIDESERVICE
getUserRewards ---> TOURGUIDESERVICE
getUserRewards ---> TOURGUIDESERVICE
getUserRewards ---> TOURGUIDESERVICE
getUserRewards ---> TOURGUIDESERVICE
getUserRewards ---> TOURGUIDESERVICE
getUserRewards ---> TOURGUIDESERVICE
getUserRewards ---> TOURGUIDESERVICE
getUserRewards ---> TOURGUIDESERVICE
getUserRewards ---> TOURGUIDESERVICE
getUserRewards ---> TOURGUIDESERVICE
getUserRewards ---> TOURGUIDESERVICE
getUserRewards ---> TOURGUIDESERVICE
getUserRewards ---> TOURGUIDESERVICE
getUserRewards ---> TOURGUIDESERVICE
getUserRewards ---> TOURGUIDESERVICE
getUserRewards ---> TOURGUIDESERVICE
getUserRewards ---> TOURGUIDESERVICE
getUserRewards ---> TOURGUIDESERVICE
getUserRewards ---> TOURGUIDESERVICE
getUserRewards ---> TOURGUIDESERVICE
getUserRewards ---> TOURGUIDESERVICE
getUserRewards ---> TOURGUIDESERVICE
getUserRewards ---> TOURGUIDESERVICE
getUserRewards ---> TOURGUIDESERVICE
getUserRewards ---> TOURGUIDESERVICE
getUserRewards ---> TOURGUIDESERVICE
getUserRewards ---> TOURGUIDESERVICE
getUserRewards ---> TOURGUIDESERVICE
getUserRewards ---> TOURGUIDESERVICE
getUserRewards ---> TOURGUIDESERVICE
getUserRewards ---> TOURGUIDESERVICE
getUserRewards ---> TOURGUIDESERVICE
getUserRewards ---> TOURGUIDESERVICE
getUserRewards ---> TOURGUIDESERVICE
getUserRewards ---> TOURGUIDESERVICE
getUserRewards ---> TOURGUIDESERVICE
getUserRewards ---> TOURGUIDESERVICE
getUserRewards ---> TOURGUIDESERVICE
getUserRewards ---> TOURGUIDESERVICE
getUserRewards ---> TOURGUIDESERVICE
getUserRewards ---> TOURGUIDESERVICE
getUserRewards ---> TOURGUIDESERVICE
getUserRewards ---> TOURGUIDESERVICE
getUserRewards ---> TOURGUIDESERVICE
getUserRewards ---> TOURGUIDESERVICE
getUserRewards ---> TOURGUIDESERVICE
getUserRewards ---> TOURGUIDESERVICE
getUserRewards ---> TOURGUIDESERVICE
getUserRewards ---> TOURGUIDESERVICE
getUserRewards ---> TOURGUIDESERVICE
getUserRewards ---> TOURGUIDESERVICE
getUserRewards ---> TOURGUIDESERVICE
getUserRewards ---> TOURGUIDESERVICE
getUserRewards ---> TOURGUIDESERVICE
getUserRewards ---> TOURGUIDESERVICE
getUserRewards ---> TOURGUIDESERVICE
getUserRewards ---> TOURGUIDESERVICE
getUserRewards ---> TOURGUIDESERVICE
getUserRewards ---> TOURGUIDESERVICE
getUserRewards ---> TOURGUIDESERVICE
getUserRewards ---> TOURGUIDESERVICE
getUserRewards ---> TOURGUIDESERVICE
getUserRewards ---> TOURGUIDESERVICE
getUserRewards ---> TOURGUIDESERVICE
getUserRewards ---> TOURGUIDESERVICE
getUserRewards ---> TOURGUIDESERVICE
getUserRewards ---> TOURGUIDESERVICE
getUserRewards ---> TOURGUIDESERVICE
getUserRewards ---> TOURGUIDESERVICE
getUserRewards ---> TOURGUIDESERVICE
getUserRewards ---> TOURGUIDESERVICE
getUserRewards ---> TOURGUIDESERVICE
getUserRewards ---> TOURGUIDESERVICE
getUserRewards ---> TOURGUIDESERVICE
getUserRewards ---> TOURGUIDESERVICE
getUserRewards ---> TOURGUIDESERVICE
getUserRewards ---> TOURGUIDESERVICE
getUserRewards ---> TOURGUIDESERVICE
getUserRewards ---> TOURGUIDESERVICE
getUserRewards ---> TOURGUIDESERVICE
getUserRewards ---> TOURGUIDESERVICE
getUserRewards ---> TOURGUIDESERVICE
getUserRewards ---> TOURGUIDESERVICE
getUserRewards ---> TOURGUIDESERVICE
getUserRewards ---> TOURGUIDESERVICE
getUserRewards ---> TOURGUIDESERVICE
getUserRewards ---> TOURGUIDESERVICE
getUserRewards ---> TOURGUIDESERVICE
getUserRewards ---> TOURGUIDESERVICE
getUserRewards ---> TOURGUIDESERVICE
getUserRewards ---> TOURGUIDESERVICE
getUserRewards ---> TOURGUIDESERVICE
getUserRewards ---> TOURGUIDESERVICE
getUserRewards ---> TOURGUIDESERVICE
getUserRewards ---> TOURGUIDESERVICE
getUserRewards ---> TOURGUIDESERVICE
getUserRewards ---> TOURGUIDESERVICE
getUserRewards ---> TOURGUIDESERVICE
getUserRewards ---> TOURGUIDESERVICE
getUserRewards ---> TOURGUIDESERVICE
getUserRewards ---> TOURGUIDESERVICE
getUserRewards ---> TOURGUIDESERVICE
getUserRewards ---> TOURGUIDESERVICE
getUserRewards ---> TOURGUIDESERVICE
getUserRewards ---> TOURGUIDESERVICE
getUserRewards ---> TOURGUIDESERVICE
getUserRewards ---> TOURGUIDESERVICE
getUserRewards ---> TOURGUIDESERVICE
getUserRewards ---> TOURGUIDESERVICE
getUserRewards ---> TOURGUIDESERVICE
getUserRewards ---> TOURGUIDESERVICE
getUserRewards ---> TOURGUIDESERVICE
getUserRewards ---> TOURGUIDESERVICE
getUserRewards ---> TOURGUIDESERVICE
getUserRewards ---> TOURGUIDESERVICE
getUserRewards ---> TOURGUIDESERVICE
getUserRewards ---> TOURGUIDESERVICE
getUserRewards ---> TOURGUIDESERVICE
getUserRewards ---> TOURGUIDESERVICE
getUserRewards ---> TOURGUIDESERVICE
getUserRewards ---> TOURGUIDESERVICE
getUserRewards ---> TOURGUIDESERVICE
getUserRewards ---> TOURGUIDESERVICE
getUserRewards ---> TOURGUIDESERVICE
getUserRewards ---> TOURGUIDESERVICE
getUserRewards ---> TOURGUIDESERVICE
getUserRewards ---> TOURGUIDESERVICE
getUserRewards ---> TOURGUIDESERVICE
getUserRewards ---> TOURGUIDESERVICE
getUserRewards ---> TOURGUIDESERVICE
getUserRewards ---> TOURGUIDESERVICE
getUserRewards ---> TOURGUIDESERVICE
getUserRewards ---> TOURGUIDESERVICE
getUserRewards ---> TOURGUIDESERVICE
getUserRewards ---> TOURGUIDESERVICE
getUserRewards ---> TOURGUIDESERVICE
getUserRewards ---> TOURGUIDESERVICE
getUserRewards ---> TOURGUIDESERVICE
getUserRewards ---> TOURGUIDESERVICE
getUserRewards ---> TOURGUIDESERVICE
getUserRewards ---> TOURGUIDESERVICE
getUserRewards ---> TOURGUIDESERVICE
getUserRewards ---> TOURGUIDESERVICE
getUserRewards ---> TOURGUIDESERVICE
getUserRewards ---> TOURGUIDESERVICE
getUserRewards ---> TOURGUIDESERVICE
getUserRewards ---> TOURGUIDESERVICE
getUserRewards ---> TOURGUIDESERVICE
getUserRewards ---> TOURGUIDESERVICE
getUserRewards ---> TOURGUIDESERVICE
getUserRewards ---> TOURGUIDESERVICE
getUserRewards ---> TOURGUIDESERVICE
getUserRewards ---> TOURGUIDESERVICE
getUserRewards ---> TOURGUIDESERVICE
getUserRewards ---> TOURGUIDESERVICE
getUserRewards ---> TOURGUIDESERVICE
getUserRewards ---> TOURGUIDESERVICE
getUserRewards ---> TOURGUIDESERVICE
getUserRewards ---> TOURGUIDESERVICE
getUserRewards ---> TOURGUIDESERVICE
getUserRewards ---> TOURGUIDESERVICE
getUserRewards ---> TOURGUIDESERVICE
getUserRewards ---> TOURGUIDESERVICE
getUserRewards ---> TOURGUIDESERVICE
getUserRewards ---> TOURGUIDESERVICE
getUserRewards ---> TOURGUIDESERVICE
getUserRewards ---> TOURGUIDESERVICE
getUserRewards ---> TOURGUIDESERVICE
getUserRewards ---> TOURGUIDESERVICE
getUserRewards ---> TOURGUIDESERVICE
getUserRewards ---> TOURGUIDESERVICE
getUserRewards ---> TOURGUIDESERVICE
getUserRewards ---> TOURGUIDESERVICE
getUserRewards ---> TOURGUIDESERVICE
getUserRewards ---> TOURGUIDESERVICE
getUserRewards ---> TOURGUIDESERVICE
getUserRewards ---> TOURGUIDESERVICE
getUserRewards ---> TOURGUIDESERVICE
getUserRewards ---> TOURGUIDESERVICE
getUserRewards ---> TOURGUIDESERVICE
getUserRewards ---> TOURGUIDESERVICE
getUserRewards ---> TOURGUIDESERVICE
getUserRewards ---> TOURGUIDESERVICE
getUserRewards ---> TOURGUIDESERVICE
getUserRewards ---> TOURGUIDESERVICE
getUserRewards ---> TOURGUIDESERVICE
getUserRewards ---> TOURGUIDESERVICE
getUserRewards ---> TOURGUIDESERVICE
getUserRewards ---> TOURGUIDESERVICE
getUserRewards ---> TOURGUIDESERVICE
getUserRewards ---> TOURGUIDESERVICE
getUserRewards ---> TOURGUIDESERVICE
getUserRewards ---> TOURGUIDESERVICE
getUserRewards ---> TOURGUIDESERVICE
getUserRewards ---> TOURGUIDESERVICE
getUserRewards ---> TOURGUIDESERVICE
getUserRewards ---> TOURGUIDESERVICE
getUserRewards ---> TOURGUIDESERVICE
getUserRewards ---> TOURGUIDESERVICE
getUserRewards ---> TOURGUIDESERVICE
getUserRewards ---> TOURGUIDESERVICE
getUserRewards ---> TOURGUIDESERVICE
getUserRewards ---> TOURGUIDESERVICE
getUserRewards ---> TOURGUIDESERVICE
getUserRewards ---> TOURGUIDESERVICE
getUserRewards ---> TOURGUIDESERVICE
getUserRewards ---> TOURGUIDESERVICE
getUserRewards ---> TOURGUIDESERVICE
getUserRewards ---> TOURGUIDESERVICE
getUserRewards ---> TOURGUIDESERVICE
getUserRewards ---> TOURGUIDESERVICE
getUserRewards ---> TOURGUIDESERVICE
getUserRewards ---> TOURGUIDESERVICE
getUserRewards ---> TOURGUIDESERVICE
getUserRewards ---> TOURGUIDESERVICE
getUserRewards ---> TOURGUIDESERVICE
getUserRewards ---> TOURGUIDESERVICE
getUserRewards ---> TOURGUIDESERVICE
getUserRewards ---> TOURGUIDESERVICE
getUserRewards ---> TOURGUIDESERVICE
getUserRewards ---> TOURGUIDESERVICE
getUserRewards ---> TOURGUIDESERVICE
getUserRewards ---> TOURGUIDESERVICE
getUserRewards ---> TOURGUIDESERVICE
getUserRewards ---> TOURGUIDESERVICE
getUserRewards ---> TOURGUIDESERVICE
getUserRewards ---> TOURGUIDESERVICE
getUserRewards ---> TOURGUIDESERVICE
getUserRewards ---> TOURGUIDESERVICE
getUserRewards ---> TOURGUIDESERVICE
getUserRewards ---> TOURGUIDESERVICE
getUserRewards ---> TOURGUIDESERVICE
getUserRewards ---> TOURGUIDESERVICE
getUserRewards ---> TOURGUIDESERVICE
getUserRewards ---> TOURGUIDESERVICE
getUserRewards ---> TOURGUIDESERVICE
getUserRewards ---> TOURGUIDESERVICE
getUserRewards ---> TOURGUIDESERVICE
getUserRewards ---> TOURGUIDESERVICE
getUserRewards ---> TOURGUIDESERVICE
getUserRewards ---> TOURGUIDESERVICE
getUserRewards ---> TOURGUIDESERVICE
getUserRewards ---> TOURGUIDESERVICE
getUserRewards ---> TOURGUIDESERVICE
getUserRewards ---> TOURGUIDESERVICE
getUserRewards ---> TOURGUIDESERVICE
getUserRewards ---> TOURGUIDESERVICE
getUserRewards ---> TOURGUIDESERVICE
getUserRewards ---> TOURGUIDESERVICE
getUserRewards ---> TOURGUIDESERVICE
getUserRewards ---> TOURGUIDESERVICE
getUserRewards ---> TOURGUIDESERVICE
getUserRewards ---> TOURGUIDESERVICE
getUserRewards ---> TOURGUIDESERVICE
getUserRewards ---> TOURGUIDESERVICE
getUserRewards ---> TOURGUIDESERVICE
getUserRewards ---> TOURGUIDESERVICE
getUserRewards ---> TOURGUIDESERVICE
getUserRewards ---> TOURGUIDESERVICE
getUserRewards ---> TOURGUIDESERVICE
getUserRewards ---> TOURGUIDESERVICE
getUserRewards ---> TOURGUIDESERVICE
getUserRewards ---> TOURGUIDESERVICE
getUserRewards ---> TOURGUIDESERVICE
getUserRewards ---> TOURGUIDESERVICE
getUserRewards ---> TOURGUIDESERVICE
getUserRewards ---> TOURGUIDESERVICE
getUserRewards ---> TOURGUIDESERVICE
getUserRewards ---> TOURGUIDESERVICE
getUserRewards ---> TOURGUIDESERVICE
getUserRewards ---> TOURGUIDESERVICE
getUserRewards ---> TOURGUIDESERVICE
getUserRewards ---> TOURGUIDESERVICE
getUserRewards ---> TOURGUIDESERVICE
getUserRewards ---> TOURGUIDESERVICE
getUserRewards ---> TOURGUIDESERVICE
getUserRewards ---> TOURGUIDESERVICE
getUserRewards ---> TOURGUIDESERVICE
getUserRewards ---> TOURGUIDESERVICE
getUserRewards ---> TOURGUIDESERVICE
getUserRewards ---> TOURGUIDESERVICE
getUserRewards ---> TOURGUIDESERVICE
getUserRewards ---> TOURGUIDESERVICE
getUserRewards ---> TOURGUIDESERVICE
getUserRewards ---> TOURGUIDESERVICE
getUserRewards ---> TOURGUIDESERVICE
getUserRewards ---> TOURGUIDESERVICE
getUserRewards ---> TOURGUIDESERVICE
getUserRewards ---> TOURGUIDESERVICE
getUserRewards ---> TOURGUIDESERVICE
getUserRewards ---> TOURGUIDESERVICE
getUserRewards ---> TOURGUIDESERVICE
getUserRewards ---> TOURGUIDESERVICE
getUserRewards ---> TOURGUIDESERVICE
getUserRewards ---> TOURGUIDESERVICE
getUserRewards ---> TOURGUIDESERVICE
getUserRewards ---> TOURGUIDESERVICE
getUserRewards ---> TOURGUIDESERVICE
getUserRewards ---> TOURGUIDESERVICE
getUserRewards ---> TOURGUIDESERVICE
getUserRewards ---> TOURGUIDESERVICE
getUserRewards ---> TOURGUIDESERVICE
getUserRewards ---> TOURGUIDESERVICE
getUserRewards ---> TOURGUIDESERVICE
getUserRewards ---> TOURGUIDESERVICE
getUserRewards ---> TOURGUIDESERVICE
getUserRewards ---> TOURGUIDESERVICE
getUserRewards ---> TOURGUIDESERVICE
getUserRewards ---> TOURGUIDESERVICE
getUserRewards ---> TOURGUIDESERVICE
getUserRewards ---> TOURGUIDESERVICE
getUserRewards ---> TOURGUIDESERVICE
getUserRewards ---> TOURGUIDESERVICE
getUserRewards ---> TOURGUIDESERVICE
getUserRewards ---> TOURGUIDESERVICE
getUserRewards ---> TOURGUIDESERVICE
getUserRewards ---> TOURGUIDESERVICE
getUserRewards ---> TOURGUIDESERVICE
getUserRewards ---> TOURGUIDESERVICE
getUserRewards ---> TOURGUIDESERVICE
getUserRewards ---> TOURGUIDESERVICE
getUserRewards ---> TOURGUIDESERVICE
getUserRewards ---> TOURGUIDESERVICE
getUserRewards ---> TOURGUIDESERVICE
getUserRewards ---> TOURGUIDESERVICE
getUserRewards ---> TOURGUIDESERVICE
getUserRewards ---> TOURGUIDESERVICE
getUserRewards ---> TOURGUIDESERVICE
getUserRewards ---> TOURGUIDESERVICE
getUserRewards ---> TOURGUIDESERVICE
getUserRewards ---> TOURGUIDESERVICE
getUserRewards ---> TOURGUIDESERVICE
getUserRewards ---> TOURGUIDESERVICE
getUserRewards ---> TOURGUIDESERVICE
getUserRewards ---> TOURGUIDESERVICE
getUserRewards ---> TOURGUIDESERVICE
getUserRewards ---> TOURGUIDESERVICE
getUserRewards ---> TOURGUIDESERVICE
getUserRewards ---> TOURGUIDESERVICE
getUserRewards ---> TOURGUIDESERVICE
getUserRewards ---> TOURGUIDESERVICE
getUserRewards ---> TOURGUIDESERVICE
getUserRewards ---> TOURGUIDESERVICE
getUserRewards ---> TOURGUIDESERVICE
getUserRewards ---> TOURGUIDESERVICE
getUserRewards ---> TOURGUIDESERVICE
getUserRewards ---> TOURGUIDESERVICE
getUserRewards ---> TOURGUIDESERVICE
getUserRewards ---> TOURGUIDESERVICE
getUserRewards ---> TOURGUIDESERVICE
getUserRewards ---> TOURGUIDESERVICE
getUserRewards ---> TOURGUIDESERVICE
getUserRewards ---> TOURGUIDESERVICE
getUserRewards ---> TOURGUIDESERVICE
getUserRewards ---> TOURGUIDESERVICE
getUserRewards ---> TOURGUIDESERVICE
getUserRewards ---> TOURGUIDESERVICE
getUserRewards ---> TOURGUIDESERVICE
getUserRewards ---> TOURGUIDESERVICE
getUserRewards ---> TOURGUIDESERVICE
getUserRewards ---> TOURGUIDESERVICE
getUserRewards ---> TOURGUIDESERVICE
getUserRewards ---> TOURGUIDESERVICE
getUserRewards ---> TOURGUIDESERVICE
getUserRewards ---> TOURGUIDESERVICE
getUserRewards ---> TOURGUIDESERVICE
getUserRewards ---> TOURGUIDESERVICE
getUserRewards ---> TOURGUIDESERVICE
getUserRewards ---> TOURGUIDESERVICE
getUserRewards ---> TOURGUIDESERVICE
getUserRewards ---> TOURGUIDESERVICE
getUserRewards ---> TOURGUIDESERVICE
getUserRewards ---> TOURGUIDESERVICE
getUserRewards ---> TOURGUIDESERVICE
getUserRewards ---> TOURGUIDESERVICE
getUserRewards ---> TOURGUIDESERVICE
getUserRewards ---> TOURGUIDESERVICE
getUserRewards ---> TOURGUIDESERVICE
getUserRewards ---> TOURGUIDESERVICE
getUserRewards ---> TOURGUIDESERVICE
getUserRewards ---> TOURGUIDESERVICE
getUserRewards ---> TOURGUIDESERVICE
getUserRewards ---> TOURGUIDESERVICE
getUserRewards ---> TOURGUIDESERVICE
getUserRewards ---> TOURGUIDESERVICE
getUserRewards ---> TOURGUIDESERVICE
getUserRewards ---> TOURGUIDESERVICE
getUserRewards ---> TOURGUIDESERVICE
getUserRewards ---> TOURGUIDESERVICE
getUserRewards ---> TOURGUIDESERVICE
getUserRewards ---> TOURGUIDESERVICE
getUserRewards ---> TOURGUIDESERVICE
getUserRewards ---> TOURGUIDESERVICE
getUserRewards ---> TOURGUIDESERVICE
getUserRewards ---> TOURGUIDESERVICE
getUserRewards ---> TOURGUIDESERVICE
getUserRewards ---> TOURGUIDESERVICE
getUserRewards ---> TOURGUIDESERVICE
getUserRewards ---> TOURGUIDESERVICE
getUserRewards ---> TOURGUIDESERVICE
getUserRewards ---> TOURGUIDESERVICE
getUserRewards ---> TOURGUIDESERVICE
getUserRewards ---> TOURGUIDESERVICE
getUserRewards ---> TOURGUIDESERVICE
getUserRewards ---> TOURGUIDESERVICE
getUserRewards ---> TOURGUIDESERVICE
getUserRewards ---> TOURGUIDESERVICE
getUserRewards ---> TOURGUIDESERVICE
getUserRewards ---> TOURGUIDESERVICE
getUserRewards ---> TOURGUIDESERVICE
getUserRewards ---> TOURGUIDESERVICE
getUserRewards ---> TOURGUIDESERVICE
getUserRewards ---> TOURGUIDESERVICE
getUserRewards ---> TOURGUIDESERVICE
getUserRewards ---> TOURGUIDESERVICE
getUserRewards ---> TOURGUIDESERVICE
getUserRewards ---> TOURGUIDESERVICE
getUserRewards ---> TOURGUIDESERVICE
getUserRewards ---> TOURGUIDESERVICE
getUserRewards ---> TOURGUIDESERVICE
getUserRewards ---> TOURGUIDESERVICE
getUserRewards ---> TOURGUIDESERVICE
getUserRewards ---> TOURGUIDESERVICE
getUserRewards ---> TOURGUIDESERVICE
getUserRewards ---> TOURGUIDESERVICE
getUserRewards ---> TOURGUIDESERVICE
getUserRewards ---> TOURGUIDESERVICE
getUserRewards ---> TOURGUIDESERVICE
getUserRewards ---> TOURGUIDESERVICE
getUserRewards ---> TOURGUIDESERVICE
getUserRewards ---> TOURGUIDESERVICE
getUserRewards ---> TOURGUIDESERVICE
getUserRewards ---> TOURGUIDESERVICE
getUserRewards ---> TOURGUIDESERVICE
getUserRewards ---> TOURGUIDESERVICE
getUserRewards ---> TOURGUIDESERVICE
getUserRewards ---> TOURGUIDESERVICE
getUserRewards ---> TOURGUIDESERVICE
getUserRewards ---> TOURGUIDESERVICE
getUserRewards ---> TOURGUIDESERVICE
getUserRewards ---> TOURGUIDESERVICE
getUserRewards ---> TOURGUIDESERVICE
getUserRewards ---> TOURGUIDESERVICE
getUserRewards ---> TOURGUIDESERVICE
getUserRewards ---> TOURGUIDESERVICE
getUserRewards ---> TOURGUIDESERVICE
getUserRewards ---> TOURGUIDESERVICE
getUserRewards ---> TOURGUIDESERVICE
getUserRewards ---> TOURGUIDESERVICE
getUserRewards ---> TOURGUIDESERVICE
getUserRewards ---> TOURGUIDESERVICE
getUserRewards ---> TOURGUIDESERVICE
getUserRewards ---> TOURGUIDESERVICE
getUserRewards ---> TOURGUIDESERVICE
getUserRewards ---> TOURGUIDESERVICE
getUserRewards ---> TOURGUIDESERVICE
getUserRewards ---> TOURGUIDESERVICE
getUserRewards ---> TOURGUIDESERVICE
getUserRewards ---> TOURGUIDESERVICE
getUserRewards ---> TOURGUIDESERVICE
getUserRewards ---> TOURGUIDESERVICE
getUserRewards ---> TOURGUIDESERVICE
getUserRewards ---> TOURGUIDESERVICE
getUserRewards ---> TOURGUIDESERVICE
getUserRewards ---> TOURGUIDESERVICE
getUserRewards ---> TOURGUIDESERVICE
getUserRewards ---> TOURGUIDESERVICE
getUserRewards ---> TOURGUIDESERVICE
getUserRewards ---> TOURGUIDESERVICE
getUserRewards ---> TOURGUIDESERVICE
getUserRewards ---> TOURGUIDESERVICE
getUserRewards ---> TOURGUIDESERVICE
getUserRewards ---> TOURGUIDESERVICE
getUserRewards ---> TOURGUIDESERVICE
getUserRewards ---> TOURGUIDESERVICE
getUserRewards ---> TOURGUIDESERVICE
getUserRewards ---> TOURGUIDESERVICE
getUserRewards ---> TOURGUIDESERVICE
getUserRewards ---> TOURGUIDESERVICE
getUserRewards ---> TOURGUIDESERVICE
getUserRewards ---> TOURGUIDESERVICE
getUserRewards ---> TOURGUIDESERVICE
getUserRewards ---> TOURGUIDESERVICE
getUserRewards ---> TOURGUIDESERVICE
getUserRewards ---> TOURGUIDESERVICE
getUserRewards ---> TOURGUIDESERVICE
getUserRewards ---> TOURGUIDESERVICE
getUserRewards ---> TOURGUIDESERVICE
getUserRewards ---> TOURGUIDESERVICE
getUserRewards ---> TOURGUIDESERVICE
getUserRewards ---> TOURGUIDESERVICE
getUserRewards ---> TOURGUIDESERVICE
getUserRewards ---> TOURGUIDESERVICE
getUserRewards ---> TOURGUIDESERVICE
getUserRewards ---> TOURGUIDESERVICE
getUserRewards ---> TOURGUIDESERVICE
getUserRewards ---> TOURGUIDESERVICE
getUserRewards ---> TOURGUIDESERVICE
getUserRewards ---> TOURGUIDESERVICE
getUserRewards ---> TOURGUIDESERVICE
getUserRewards ---> TOURGUIDESERVICE
getUserRewards ---> TOURGUIDESERVICE
getUserRewards ---> TOURGUIDESERVICE
getUserRewards ---> TOURGUIDESERVICE
getUserRewards ---> TOURGUIDESERVICE
getUserRewards ---> TOURGUIDESERVICE
getUserRewards ---> TOURGUIDESERVICE
getUserRewards ---> TOURGUIDESERVICE
getUserRewards ---> TOURGUIDESERVICE
getUserRewards ---> TOURGUIDESERVICE
getUserRewards ---> TOURGUIDESERVICE
getUserRewards ---> TOURGUIDESERVICE
getUserRewards ---> TOURGUIDESERVICE
getUserRewards ---> TOURGUIDESERVICE
getUserRewards ---> TOURGUIDESERVICE
getUserRewards ---> TOURGUIDESERVICE
getUserRewards ---> TOURGUIDESERVICE
getUserRewards ---> TOURGUIDESERVICE
getUserRewards ---> TOURGUIDESERVICE
getUserRewards ---> TOURGUIDESERVICE
getUserRewards ---> TOURGUIDESERVICE
getUserRewards ---> TOURGUIDESERVICE
getUserRewards ---> TOURGUIDESERVICE
getUserRewards ---> TOURGUIDESERVICE
getUserRewards ---> TOURGUIDESERVICE
getUserRewards ---> TOURGUIDESERVICE
getUserRewards ---> TOURGUIDESERVICE
getUserRewards ---> TOURGUIDESERVICE
getUserRewards ---> TOURGUIDESERVICE
getUserRewards ---> TOURGUIDESERVICE
getUserRewards ---> TOURGUIDESERVICE
getUserRewards ---> TOURGUIDESERVICE
getUserRewards ---> TOURGUIDESERVICE
getUserRewards ---> TOURGUIDESERVICE
getUserRewards ---> TOURGUIDESERVICE
getUserRewards ---> TOURGUIDESERVICE
getUserRewards ---> TOURGUIDESERVICE
getUserRewards ---> TOURGUIDESERVICE
getUserRewards ---> TOURGUIDESERVICE
getUserRewards ---> TOURGUIDESERVICE
getUserRewards ---> TOURGUIDESERVICE
getUserRewards ---> TOURGUIDESERVICE
getUserRewards ---> TOURGUIDESERVICE
getUserRewards ---> TOURGUIDESERVICE
getUserRewards ---> TOURGUIDESERVICE
getUserRewards ---> TOURGUIDESERVICE
getUserRewards ---> TOURGUIDESERVICE
getUserRewards ---> TOURGUIDESERVICE
getUserRewards ---> TOURGUIDESERVICE
getUserRewards ---> TOURGUIDESERVICE
getUserRewards ---> TOURGUIDESERVICE
getUserRewards ---> TOURGUIDESERVICE
getUserRewards ---> TOURGUIDESERVICE
getUserRewards ---> TOURGUIDESERVICE
getUserRewards ---> TOURGUIDESERVICE
getUserRewards ---> TOURGUIDESERVICE
getUserRewards ---> TOURGUIDESERVICE
getUserRewards ---> TOURGUIDESERVICE
getUserRewards ---> TOURGUIDESERVICE
getUserRewards ---> TOURGUIDESERVICE
getUserRewards ---> TOURGUIDESERVICE
getUserRewards ---> TOURGUIDESERVICE
getUserRewards ---> TOURGUIDESERVICE
getUserRewards ---> TOURGUIDESERVICE
getUserRewards ---> TOURGUIDESERVICE
getUserRewards ---> TOURGUIDESERVICE
getUserRewards ---> TOURGUIDESERVICE
getUserRewards ---> TOURGUIDESERVICE
getUserRewards ---> TOURGUIDESERVICE
getUserRewards ---> TOURGUIDESERVICE
getUserRewards ---> TOURGUIDESERVICE
getUserRewards ---> TOURGUIDESERVICE
getUserRewards ---> TOURGUIDESERVICE
getUserRewards ---> TOURGUIDESERVICE
getUserRewards ---> TOURGUIDESERVICE
getUserRewards ---> TOURGUIDESERVICE
getUserRewards ---> TOURGUIDESERVICE
getUserRewards ---> TOURGUIDESERVICE
getUserRewards ---> TOURGUIDESERVICE
getUserRewards ---> TOURGUIDESERVICE
getUserRewards ---> TOURGUIDESERVICE
getUserRewards ---> TOURGUIDESERVICE
getUserRewards ---> TOURGUIDESERVICE
getUserRewards ---> TOURGUIDESERVICE
getUserRewards ---> TOURGUIDESERVICE
getUserRewards ---> TOURGUIDESERVICE
getUserRewards ---> TOURGUIDESERVICE
getUserRewards ---> TOURGUIDESERVICE
getUserRewards ---> TOURGUIDESERVICE
getUserRewards ---> TOURGUIDESERVICE
getUserRewards ---> TOURGUIDESERVICE
getUserRewards ---> TOURGUIDESERVICE
getUserRewards ---> TOURGUIDESERVICE
getUserRewards ---> TOURGUIDESERVICE
getUserRewards ---> TOURGUIDESERVICE
getUserRewards ---> TOURGUIDESERVICE
getUserRewards ---> TOURGUIDESERVICE
getUserRewards ---> TOURGUIDESERVICE
getUserRewards ---> TOURGUIDESERVICE
getUserRewards ---> TOURGUIDESERVICE
getUserRewards ---> TOURGUIDESERVICE
getUserRewards ---> TOURGUIDESERVICE
getUserRewards ---> TOURGUIDESERVICE
getUserRewards ---> TOURGUIDESERVICE
getUserRewards ---> TOURGUIDESERVICE
getUserRewards ---> TOURGUIDESERVICE
getUserRewards ---> TOURGUIDESERVICE
getUserRewards ---> TOURGUIDESERVICE
getUserRewards ---> TOURGUIDESERVICE
getUserRewards ---> TOURGUIDESERVICE
getUserRewards ---> TOURGUIDESERVICE
getUserRewards ---> TOURGUIDESERVICE
getUserRewards ---> TOURGUIDESERVICE
getUserRewards ---> TOURGUIDESERVICE
getUserRewards ---> TOURGUIDESERVICE
getUserRewards ---> TOURGUIDESERVICE
getUserRewards ---> TOURGUIDESERVICE
getUserRewards ---> TOURGUIDESERVICE
getUserRewards ---> TOURGUIDESERVICE
getUserRewards ---> TOURGUIDESERVICE
getUserRewards ---> TOURGUIDESERVICE
getUserRewards ---> TOURGUIDESERVICE
getUserRewards ---> TOURGUIDESERVICE
getUserRewards ---> TOURGUIDESERVICE
getUserRewards ---> TOURGUIDESERVICE
getUserRewards ---> TOURGUIDESERVICE
getUserRewards ---> TOURGUIDESERVICE
getUserRewards ---> TOURGUIDESERVICE
getUserRewards ---> TOURGUIDESERVICE
getUserRewards ---> TOURGUIDESERVICE
getUserRewards ---> TOURGUIDESERVICE
getUserRewards ---> TOURGUIDESERVICE
getUserRewards ---> TOURGUIDESERVICE
getUserRewards ---> TOURGUIDESERVICE
getUserRewards ---> TOURGUIDESERVICE
getUserRewards ---> TOURGUIDESERVICE
getUserRewards ---> TOURGUIDESERVICE
getUserRewards ---> TOURGUIDESERVICE
getUserRewards ---> TOURGUIDESERVICE
getUserRewards ---> TOURGUIDESERVICE
getUserRewards ---> TOURGUIDESERVICE
getUserRewards ---> TOURGUIDESERVICE
getUserRewards ---> TOURGUIDESERVICE
getUserRewards ---> TOURGUIDESERVICE
getUserRewards ---> TOURGUIDESERVICE
getUserRewards ---> TOURGUIDESERVICE
getUserRewards ---> TOURGUIDESERVICE
getUserRewards ---> TOURGUIDESERVICE
getUserRewards ---> TOURGUIDESERVICE
getUserRewards ---> TOURGUIDESERVICE
getUserRewards ---> TOURGUIDESERVICE
getUserRewards ---> TOURGUIDESERVICE
getUserRewards ---> TOURGUIDESERVICE
getUserRewards ---> TOURGUIDESERVICE
getUserRewards ---> TOURGUIDESERVICE
getUserRewards ---> TOURGUIDESERVICE
getUserRewards ---> TOURGUIDESERVICE
getUserRewards ---> TOURGUIDESERVICE
getUserRewards ---> TOURGUIDESERVICE
getUserRewards ---> TOURGUIDESERVICE
getUserRewards ---> TOURGUIDESERVICE
getUserRewards ---> TOURGUIDESERVICE
getUserRewards ---> TOURGUIDESERVICE
getUserRewards ---> TOURGUIDESERVICE
getUserRewards ---> TOURGUIDESERVICE
getUserRewards ---> TOURGUIDESERVICE
getUserRewards ---> TOURGUIDESERVICE
getUserRewards ---> TOURGUIDESERVICE
getUserRewards ---> TOURGUIDESERVICE
getUserRewards ---> TOURGUIDESERVICE
getUserRewards ---> TOURGUIDESERVICE
getUserRewards ---> TOURGUIDESERVICE
getUserRewards ---> TOURGUIDESERVICE
getUserRewards ---> TOURGUIDESERVICE
getUserRewards ---> TOURGUIDESERVICE
getUserRewards ---> TOURGUIDESERVICE
getUserRewards ---> TOURGUIDESERVICE
getUserRewards ---> TOURGUIDESERVICE
getUserRewards ---> TOURGUIDESERVICE
getUserRewards ---> TOURGUIDESERVICE
getUserRewards ---> TOURGUIDESERVICE
getUserRewards ---> TOURGUIDESERVICE
getUserRewards ---> TOURGUIDESERVICE
getUserRewards ---> TOURGUIDESERVICE
getUserRewards ---> TOURGUIDESERVICE
getUserRewards ---> TOURGUIDESERVICE
getUserRewards ---> TOURGUIDESERVICE
getUserRewards ---> TOURGUIDESERVICE
getUserRewards ---> TOURGUIDESERVICE
getUserRewards ---> TOURGUIDESERVICE
getUserRewards ---> TOURGUIDESERVICE
getUserRewards ---> TOURGUIDESERVICE
getUserRewards ---> TOURGUIDESERVICE
getUserRewards ---> TOURGUIDESERVICE
getUserRewards ---> TOURGUIDESERVICE
getUserRewards ---> TOURGUIDESERVICE
getUserRewards ---> TOURGUIDESERVICE
getUserRewards ---> TOURGUIDESERVICE
getUserRewards ---> TOURGUIDESERVICE
getUserRewards ---> TOURGUIDESERVICE
getUserRewards ---> TOURGUIDESERVICE
getUserRewards ---> TOURGUIDESERVICE
getUserRewards ---> TOURGUIDESERVICE
getUserRewards ---> TOURGUIDESERVICE
getUserRewards ---> TOURGUIDESERVICE
getUserRewards ---> TOURGUIDESERVICE
getUserRewards ---> TOURGUIDESERVICE
getUserRewards ---> TOURGUIDESERVICE
getUserRewards ---> TOURGUIDESERVICE
getUserRewards ---> TOURGUIDESERVICE
getUserRewards ---> TOURGUIDESERVICE
getUserRewards ---> TOURGUIDESERVICE
getUserRewards ---> TOURGUIDESERVICE
getUserRewards ---> TOURGUIDESERVICE
getUserRewards ---> TOURGUIDESERVICE
getUserRewards ---> TOURGUIDESERVICE
getUserRewards ---> TOURGUIDESERVICE
getUserRewards ---> TOURGUIDESERVICE
getUserRewards ---> TOURGUIDESERVICE
getUserRewards ---> TOURGUIDESERVICE
getUserRewards ---> TOURGUIDESERVICE
getUserRewards ---> TOURGUIDESERVICE
getUserRewards ---> TOURGUIDESERVICE
getUserRewards ---> TOURGUIDESERVICE
getUserRewards ---> TOURGUIDESERVICE
getUserRewards ---> TOURGUIDESERVICE
getUserRewards ---> TOURGUIDESERVICE
getUserRewards ---> TOURGUIDESERVICE
getUserRewards ---> TOURGUIDESERVICE
getUserRewards ---> TOURGUIDESERVICE
getUserRewards ---> TOURGUIDESERVICE
getUserRewards ---> TOURGUIDESERVICE
getUserRewards ---> TOURGUIDESERVICE
getUserRewards ---> TOURGUIDESERVICE
getUserRewards ---> TOURGUIDESERVICE
getUserRewards ---> TOURGUIDESERVICE
getUserRewards ---> TOURGUIDESERVICE
getUserRewards ---> TOURGUIDESERVICE
getUserRewards ---> TOURGUIDESERVICE
getUserRewards ---> TOURGUIDESERVICE
getUserRewards ---> TOURGUIDESERVICE
getUserRewards ---> TOURGUIDESERVICE
getUserRewards ---> TOURGUIDESERVICE
getUserRewards ---> TOURGUIDESERVICE
getUserRewards ---> TOURGUIDESERVICE
getUserRewards ---> TOURGUIDESERVICE
getUserRewards ---> TOURGUIDESERVICE
getUserRewards ---> TOURGUIDESERVICE
getUserRewards ---> TOURGUIDESERVICE
getUserRewards ---> TOURGUIDESERVICE
getUserRewards ---> TOURGUIDESERVICE
getUserRewards ---> TOURGUIDESERVICE
getUserRewards ---> TOURGUIDESERVICE
getUserRewards ---> TOURGUIDESERVICE
getUserRewards ---> TOURGUIDESERVICE
getUserRewards ---> TOURGUIDESERVICE
getUserRewards ---> TOURGUIDESERVICE
getUserRewards ---> TOURGUIDESERVICE
getUserRewards ---> TOURGUIDESERVICE
getUserRewards ---> TOURGUIDESERVICE
getUserRewards ---> TOURGUIDESERVICE
getUserRewards ---> TOURGUIDESERVICE
getUserRewards ---> TOURGUIDESERVICE
getUserRewards ---> TOURGUIDESERVICE
getUserRewards ---> TOURGUIDESERVICE
getUserRewards ---> TOURGUIDESERVICE
getUserRewards ---> TOURGUIDESERVICE
getUserRewards ---> TOURGUIDESERVICE
getUserRewards ---> TOURGUIDESERVICE
getUserRewards ---> TOURGUIDESERVICE
getUserRewards ---> TOURGUIDESERVICE
getUserRewards ---> TOURGUIDESERVICE
getUserRewards ---> TOURGUIDESERVICE
getUserRewards ---> TOURGUIDESERVICE
getUserRewards ---> TOURGUIDESERVICE
getUserRewards ---> TOURGUIDESERVICE
getUserRewards ---> TOURGUIDESERVICE
getUserRewards ---> TOURGUIDESERVICE
getUserRewards ---> TOURGUIDESERVICE
getUserRewards ---> TOURGUIDESERVICE
getUserRewards ---> TOURGUIDESERVICE
getUserRewards ---> TOURGUIDESERVICE
getUserRewards ---> TOURGUIDESERVICE
getUserRewards ---> TOURGUIDESERVICE
getUserRewards ---> TOURGUIDESERVICE
getUserRewards ---> TOURGUIDESERVICE
getUserRewards ---> TOURGUIDESERVICE
getUserRewards ---> TOURGUIDESERVICE
getUserRewards ---> TOURGUIDESERVICE
getUserRewards ---> TOURGUIDESERVICE
getUserRewards ---> TOURGUIDESERVICE
getUserRewards ---> TOURGUIDESERVICE
getUserRewards ---> TOURGUIDESERVICE
getUserRewards ---> TOURGUIDESERVICE
getUserRewards ---> TOURGUIDESERVICE
getUserRewards ---> TOURGUIDESERVICE
getUserRewards ---> TOURGUIDESERVICE
getUserRewards ---> TOURGUIDESERVICE
getUserRewards ---> TOURGUIDESERVICE
getUserRewards ---> TOURGUIDESERVICE
getUserRewards ---> TOURGUIDESERVICE
getUserRewards ---> TOURGUIDESERVICE
getUserRewards ---> TOURGUIDESERVICE
getUserRewards ---> TOURGUIDESERVICE
getUserRewards ---> TOURGUIDESERVICE
getUserRewards ---> TOURGUIDESERVICE
getUserRewards ---> TOURGUIDESERVICE
getUserRewards ---> TOURGUIDESERVICE
getUserRewards ---> TOURGUIDESERVICE
getUserRewards ---> TOURGUIDESERVICE
getUserRewards ---> TOURGUIDESERVICE
getUserRewards ---> TOURGUIDESERVICE
getUserRewards ---> TOURGUIDESERVICE
getUserRewards ---> TOURGUIDESERVICE
getUserRewards ---> TOURGUIDESERVICE
getUserRewards ---> TOURGUIDESERVICE
getUserRewards ---> TOURGUIDESERVICE
getUserRewards ---> TOURGUIDESERVICE
getUserRewards ---> TOURGUIDESERVICE
getUserRewards ---> TOURGUIDESERVICE
getUserRewards ---> TOURGUIDESERVICE
getUserRewards ---> TOURGUIDESERVICE
getUserRewards ---> TOURGUIDESERVICE
getUserRewards ---> TOURGUIDESERVICE
getUserRewards ---> TOURGUIDESERVICE
getUserRewards ---> TOURGUIDESERVICE
getUserRewards ---> TOURGUIDESERVICE
getUserRewards ---> TOURGUIDESERVICE
getUserRewards ---> TOURGUIDESERVICE
getUserRewards ---> TOURGUIDESERVICE
getUserRewards ---> TOURGUIDESERVICE
getUserRewards ---> TOURGUIDESERVICE
getUserRewards ---> TOURGUIDESERVICE
getUserRewards ---> TOURGUIDESERVICE
getUserRewards ---> TOURGUIDESERVICE
getUserRewards ---> TOURGUIDESERVICE
getUserRewards ---> TOURGUIDESERVICE
getUserRewards ---> TOURGUIDESERVICE
getUserRewards ---> TOURGUIDESERVICE
getUserRewards ---> TOURGUIDESERVICE
getUserRewards ---> TOURGUIDESERVICE
getUserRewards ---> TOURGUIDESERVICE
getUserRewards ---> TOURGUIDESERVICE
getUserRewards ---> TOURGUIDESERVICE
getUserRewards ---> TOURGUIDESERVICE
getUserRewards ---> TOURGUIDESERVICE
getUserRewards ---> TOURGUIDESERVICE
getUserRewards ---> TOURGUIDESERVICE
getUserRewards ---> TOURGUIDESERVICE
getUserRewards ---> TOURGUIDESERVICE
getUserRewards ---> TOURGUIDESERVICE
getUserRewards ---> TOURGUIDESERVICE
getUserRewards ---> TOURGUIDESERVICE
getUserRewards ---> TOURGUIDESERVICE
getUserRewards ---> TOURGUIDESERVICE
getUserRewards ---> TOURGUIDESERVICE
getUserRewards ---> TOURGUIDESERVICE
getUserRewards ---> TOURGUIDESERVICE
getUserRewards ---> TOURGUIDESERVICE
getUserRewards ---> TOURGUIDESERVICE
getUserRewards ---> TOURGUIDESERVICE
getUserRewards ---> TOURGUIDESERVICE
getUserRewards ---> TOURGUIDESERVICE
getUserRewards ---> TOURGUIDESERVICE
getUserRewards ---> TOURGUIDESERVICE
getUserRewards ---> TOURGUIDESERVICE
getUserRewards ---> TOURGUIDESERVICE
getUserRewards ---> TOURGUIDESERVICE
getUserRewards ---> TOURGUIDESERVICE
getUserRewards ---> TOURGUIDESERVICE
getUserRewards ---> TOURGUIDESERVICE
getUserRewards ---> TOURGUIDESERVICE
getUserRewards ---> TOURGUIDESERVICE
getUserRewards ---> TOURGUIDESERVICE
getUserRewards ---> TOURGUIDESERVICE
getUserRewards ---> TOURGUIDESERVICE
getUserRewards ---> TOURGUIDESERVICE
getUserRewards ---> TOURGUIDESERVICE
getUserRewards ---> TOURGUIDESERVICE
getUserRewards ---> TOURGUIDESERVICE
getUserRewards ---> TOURGUIDESERVICE
getUserRewards ---> TOURGUIDESERVICE
getUserRewards ---> TOURGUIDESERVICE
getUserRewards ---> TOURGUIDESERVICE
getUserRewards ---> TOURGUIDESERVICE
getUserRewards ---> TOURGUIDESERVICE
getUserRewards ---> TOURGUIDESERVICE
getUserRewards ---> TOURGUIDESERVICE
getUserRewards ---> TOURGUIDESERVICE
getUserRewards ---> TOURGUIDESERVICE
getUserRewards ---> TOURGUIDESERVICE
getUserRewards ---> TOURGUIDESERVICE
getUserRewards ---> TOURGUIDESERVICE
getUserRewards ---> TOURGUIDESERVICE
getUserRewards ---> TOURGUIDESERVICE
getUserRewards ---> TOURGUIDESERVICE
getUserRewards ---> TOURGUIDESERVICE
getUserRewards ---> TOURGUIDESERVICE
getUserRewards ---> TOURGUIDESERVICE
getUserRewards ---> TOURGUIDESERVICE
getUserRewards ---> TOURGUIDESERVICE
getUserRewards ---> TOURGUIDESERVICE
getUserRewards ---> TOURGUIDESERVICE
getUserRewards ---> TOURGUIDESERVICE
getUserRewards ---> TOURGUIDESERVICE
getUserRewards ---> TOURGUIDESERVICE
getUserRewards ---> TOURGUIDESERVICE
getUserRewards ---> TOURGUIDESERVICE
getUserRewards ---> TOURGUIDESERVICE
getUserRewards ---> TOURGUIDESERVICE
getUserRewards ---> TOURGUIDESERVICE
getUserRewards ---> TOURGUIDESERVICE
getUserRewards ---> TOURGUIDESERVICE
getUserRewards ---> TOURGUIDESERVICE
getUserRewards ---> TOURGUIDESERVICE
getUserRewards ---> TOURGUIDESERVICE
getUserRewards ---> TOURGUIDESERVICE
getUserRewards ---> TOURGUIDESERVICE
getUserRewards ---> TOURGUIDESERVICE
getUserRewards ---> TOURGUIDESERVICE
getUserRewards ---> TOURGUIDESERVICE
getUserRewards ---> TOURGUIDESERVICE
getUserRewards ---> TOURGUIDESERVICE
getUserRewards ---> TOURGUIDESERVICE
getUserRewards ---> TOURGUIDESERVICE
getUserRewards ---> TOURGUIDESERVICE
getUserRewards ---> TOURGUIDESERVICE
getUserRewards ---> TOURGUIDESERVICE
getUserRewards ---> TOURGUIDESERVICE
getUserRewards ---> TOURGUIDESERVICE
getUserRewards ---> TOURGUIDESERVICE
getUserRewards ---> TOURGUIDESERVICE
getUserRewards ---> TOURGUIDESERVICE
getUserRewards ---> TOURGUIDESERVICE
getUserRewards ---> TOURGUIDESERVICE
getUserRewards ---> TOURGUIDESERVICE
getUserRewards ---> TOURGUIDESERVICE
getUserRewards ---> TOURGUIDESERVICE
getUserRewards ---> TOURGUIDESERVICE
getUserRewards ---> TOURGUIDESERVICE
getUserRewards ---> TOURGUIDESERVICE
getUserRewards ---> TOURGUIDESERVICE
getUserRewards ---> TOURGUIDESERVICE
getUserRewards ---> TOURGUIDESERVICE
getUserRewards ---> TOURGUIDESERVICE
getUserRewards ---> TOURGUIDESERVICE
getUserRewards ---> TOURGUIDESERVICE
getUserRewards ---> TOURGUIDESERVICE
getUserRewards ---> TOURGUIDESERVICE
getUserRewards ---> TOURGUIDESERVICE
getUserRewards ---> TOURGUIDESERVICE
getUserRewards ---> TOURGUIDESERVICE
getUserRewards ---> TOURGUIDESERVICE
getUserRewards ---> TOURGUIDESERVICE
getUserRewards ---> TOURGUIDESERVICE
getUserRewards ---> TOURGUIDESERVICE
getUserRewards ---> TOURGUIDESERVICE
getUserRewards ---> TOURGUIDESERVICE
getUserRewards ---> TOURGUIDESERVICE
getUserRewards ---> TOURGUIDESERVICE
getUserRewards ---> TOURGUIDESERVICE
getUserRewards ---> TOURGUIDESERVICE
getUserRewards ---> TOURGUIDESERVICE
getUserRewards ---> TOURGUIDESERVICE
getUserRewards ---> TOURGUIDESERVICE
getUserRewards ---> TOURGUIDESERVICE
getUserRewards ---> TOURGUIDESERVICE
getUserRewards ---> TOURGUIDESERVICE
getUserRewards ---> TOURGUIDESERVICE
getUserRewards ---> TOURGUIDESERVICE
getUserRewards ---> TOURGUIDESERVICE
getUserRewards ---> TOURGUIDESERVICE
getUserRewards ---> TOURGUIDESERVICE
getUserRewards ---> TOURGUIDESERVICE
getUserRewards ---> TOURGUIDESERVICE
getUserRewards ---> TOURGUIDESERVICE
getUserRewards ---> TOURGUIDESERVICE
getUserRewards ---> TOURGUIDESERVICE
getUserRewards ---> TOURGUIDESERVICE
getUserRewards ---> TOURGUIDESERVICE
getUserRewards ---> TOURGUIDESERVICE
getUserRewards ---> TOURGUIDESERVICE
getUserRewards ---> TOURGUIDESERVICE
getUserRewards ---> TOURGUIDESERVICE
getUserRewards ---> TOURGUIDESERVICE
getUserRewards ---> TOURGUIDESERVICE
getUserRewards ---> TOURGUIDESERVICE
getUserRewards ---> TOURGUIDESERVICE
getUserRewards ---> TOURGUIDESERVICE
getUserRewards ---> TOURGUIDESERVICE
getUserRewards ---> TOURGUIDESERVICE
getUserRewards ---> TOURGUIDESERVICE
getUserRewards ---> TOURGUIDESERVICE
getUserRewards ---> TOURGUIDESERVICE
getUserRewards ---> TOURGUIDESERVICE
getUserRewards ---> TOURGUIDESERVICE
getUserRewards ---> TOURGUIDESERVICE
getUserRewards ---> TOURGUIDESERVICE
getUserRewards ---> TOURGUIDESERVICE
getUserRewards ---> TOURGUIDESERVICE
getUserRewards ---> TOURGUIDESERVICE
getUserRewards ---> TOURGUIDESERVICE
getUserRewards ---> TOURGUIDESERVICE
getUserRewards ---> TOURGUIDESERVICE
getUserRewards ---> TOURGUIDESERVICE
getUserRewards ---> TOURGUIDESERVICE
getUserRewards ---> TOURGUIDESERVICE
getUserRewards ---> TOURGUIDESERVICE
getUserRewards ---> TOURGUIDESERVICE
getUserRewards ---> TOURGUIDESERVICE
getUserRewards ---> TOURGUIDESERVICE
getUserRewards ---> TOURGUIDESERVICE
getUserRewards ---> TOURGUIDESERVICE
getUserRewards ---> TOURGUIDESERVICE
getUserRewards ---> TOURGUIDESERVICE
getUserRewards ---> TOURGUIDESERVICE
getUserRewards ---> TOURGUIDESERVICE
getUserRewards ---> TOURGUIDESERVICE
getUserRewards ---> TOURGUIDESERVICE
getUserRewards ---> TOURGUIDESERVICE
getUserRewards ---> TOURGUIDESERVICE
getUserRewards ---> TOURGUIDESERVICE
getUserRewards ---> TOURGUIDESERVICE
getUserRewards ---> TOURGUIDESERVICE
getUserRewards ---> TOURGUIDESERVICE
getUserRewards ---> TOURGUIDESERVICE
getUserRewards ---> TOURGUIDESERVICE
getUserRewards ---> TOURGUIDESERVICE
getUserRewards ---> TOURGUIDESERVICE
getUserRewards ---> TOURGUIDESERVICE
getUserRewards ---> TOURGUIDESERVICE
getUserRewards ---> TOURGUIDESERVICE
getUserRewards ---> TOURGUIDESERVICE
getUserRewards ---> TOURGUIDESERVICE
getUserRewards ---> TOURGUIDESERVICE
getUserRewards ---> TOURGUIDESERVICE
getUserRewards ---> TOURGUIDESERVICE
getUserRewards ---> TOURGUIDESERVICE
getUserRewards ---> TOURGUIDESERVICE
getUserRewards ---> TOURGUIDESERVICE
getUserRewards ---> TOURGUIDESERVICE
getUserRewards ---> TOURGUIDESERVICE
getUserRewards ---> TOURGUIDESERVICE
getUserRewards ---> TOURGUIDESERVICE
getUserRewards ---> TOURGUIDESERVICE
getUserRewards ---> TOURGUIDESERVICE
getUserRewards ---> TOURGUIDESERVICE
getUserRewards ---> TOURGUIDESERVICE
getUserRewards ---> TOURGUIDESERVICE
getUserRewards ---> TOURGUIDESERVICE
getUserRewards ---> TOURGUIDESERVICE
getUserRewards ---> TOURGUIDESERVICE
getUserRewards ---> TOURGUIDESERVICE
getUserRewards ---> TOURGUIDESERVICE
getUserRewards ---> TOURGUIDESERVICE
getUserRewards ---> TOURGUIDESERVICE
getUserRewards ---> TOURGUIDESERVICE
getUserRewards ---> TOURGUIDESERVICE
getUserRewards ---> TOURGUIDESERVICE
getUserRewards ---> TOURGUIDESERVICE
getUserRewards ---> TOURGUIDESERVICE
getUserRewards ---> TOURGUIDESERVICE
getUserRewards ---> TOURGUIDESERVICE
getUserRewards ---> TOURGUIDESERVICE
getUserRewards ---> TOURGUIDESERVICE
getUserRewards ---> TOURGUIDESERVICE
getUserRewards ---> TOURGUIDESERVICE
getUserRewards ---> TOURGUIDESERVICE
getUserRewards ---> TOURGUIDESERVICE
getUserRewards ---> TOURGUIDESERVICE
getUserRewards ---> TOURGUIDESERVICE
getUserRewards ---> TOURGUIDESERVICE
getUserRewards ---> TOURGUIDESERVICE
getUserRewards ---> TOURGUIDESERVICE
getUserRewards ---> TOURGUIDESERVICE
getUserRewards ---> TOURGUIDESERVICE
getUserRewards ---> TOURGUIDESERVICE
getUserRewards ---> TOURGUIDESERVICE
getUserRewards ---> TOURGUIDESERVICE
getUserRewards ---> TOURGUIDESERVICE
getUserRewards ---> TOURGUIDESERVICE
getUserRewards ---> TOURGUIDESERVICE
getUserRewards ---> TOURGUIDESERVICE
getUserRewards ---> TOURGUIDESERVICE
getUserRewards ---> TOURGUIDESERVICE
getUserRewards ---> TOURGUIDESERVICE
getUserRewards ---> TOURGUIDESERVICE
getUserRewards ---> TOURGUIDESERVICE
getUserRewards ---> TOURGUIDESERVICE
getUserRewards ---> TOURGUIDESERVICE
getUserRewards ---> TOURGUIDESERVICE
getUserRewards ---> TOURGUIDESERVICE
getUserRewards ---> TOURGUIDESERVICE
getUserRewards ---> TOURGUIDESERVICE
getUserRewards ---> TOURGUIDESERVICE
getUserRewards ---> TOURGUIDESERVICE
getUserRewards ---> TOURGUIDESERVICE
getUserRewards ---> TOURGUIDESERVICE
getUserRewards ---> TOURGUIDESERVICE
getUserRewards ---> TOURGUIDESERVICE
getUserRewards ---> TOURGUIDESERVICE
getUserRewards ---> TOURGUIDESERVICE
getUserRewards ---> TOURGUIDESERVICE
getUserRewards ---> TOURGUIDESERVICE
getUserRewards ---> TOURGUIDESERVICE
getUserRewards ---> TOURGUIDESERVICE
getUserRewards ---> TOURGUIDESERVICE
getUserRewards ---> TOURGUIDESERVICE
getUserRewards ---> TOURGUIDESERVICE
getUserRewards ---> TOURGUIDESERVICE
getUserRewards ---> TOURGUIDESERVICE
getUserRewards ---> TOURGUIDESERVICE
getUserRewards ---> TOURGUIDESERVICE
getUserRewards ---> TOURGUIDESERVICE
getUserRewards ---> TOURGUIDESERVICE
getUserRewards ---> TOURGUIDESERVICE
getUserRewards ---> TOURGUIDESERVICE
getUserRewards ---> TOURGUIDESERVICE
getUserRewards ---> TOURGUIDESERVICE
getUserRewards ---> TOURGUIDESERVICE
getUserRewards ---> TOURGUIDESERVICE
getUserRewards ---> TOURGUIDESERVICE
getUserRewards ---> TOURGUIDESERVICE
getUserRewards ---> TOURGUIDESERVICE
getUserRewards ---> TOURGUIDESERVICE
getUserRewards ---> TOURGUIDESERVICE
getUserRewards ---> TOURGUIDESERVICE
getUserRewards ---> TOURGUIDESERVICE
getUserRewards ---> TOURGUIDESERVICE
getUserRewards ---> TOURGUIDESERVICE
getUserRewards ---> TOURGUIDESERVICE
getUserRewards ---> TOURGUIDESERVICE
getUserRewards ---> TOURGUIDESERVICE
getUserRewards ---> TOURGUIDESERVICE
getUserRewards ---> TOURGUIDESERVICE
getUserRewards ---> TOURGUIDESERVICE
getUserRewards ---> TOURGUIDESERVICE
getUserRewards ---> TOURGUIDESERVICE
getUserRewards ---> TOURGUIDESERVICE
getUserRewards ---> TOURGUIDESERVICE
getUserRewards ---> TOURGUIDESERVICE
getUserRewards ---> TOURGUIDESERVICE
getUserRewards ---> TOURGUIDESERVICE
getUserRewards ---> TOURGUIDESERVICE
getUserRewards ---> TOURGUIDESERVICE
getUserRewards ---> TOURGUIDESERVICE
getUserRewards ---> TOURGUIDESERVICE
getUserRewards ---> TOURGUIDESERVICE
getUserRewards ---> TOURGUIDESERVICE
getUserRewards ---> TOURGUIDESERVICE
getUserRewards ---> TOURGUIDESERVICE
getUserRewards ---> TOURGUIDESERVICE
getUserRewards ---> TOURGUIDESERVICE
getUserRewards ---> TOURGUIDESERVICE
getUserRewards ---> TOURGUIDESERVICE
getUserRewards ---> TOURGUIDESERVICE
getUserRewards ---> TOURGUIDESERVICE
getUserRewards ---> TOURGUIDESERVICE
getUserRewards ---> TOURGUIDESERVICE
getUserRewards ---> TOURGUIDESERVICE
getUserRewards ---> TOURGUIDESERVICE
getUserRewards ---> TOURGUIDESERVICE
getUserRewards ---> TOURGUIDESERVICE
getUserRewards ---> TOURGUIDESERVICE
getUserRewards ---> TOURGUIDESERVICE
getUserRewards ---> TOURGUIDESERVICE
getUserRewards ---> TOURGUIDESERVICE
getUserRewards ---> TOURGUIDESERVICE
getUserRewards ---> TOURGUIDESERVICE
getUserRewards ---> TOURGUIDESERVICE
getUserRewards ---> TOURGUIDESERVICE
getUserRewards ---> TOURGUIDESERVICE
getUserRewards ---> TOURGUIDESERVICE
getUserRewards ---> TOURGUIDESERVICE
getUserRewards ---> TOURGUIDESERVICE
getUserRewards ---> TOURGUIDESERVICE
getUserRewards ---> TOURGUIDESERVICE
getUserRewards ---> TOURGUIDESERVICE
getUserRewards ---> TOURGUIDESERVICE
getUserRewards ---> TOURGUIDESERVICE
getUserRewards ---> TOURGUIDESERVICE
getUserRewards ---> TOURGUIDESERVICE
getUserRewards ---> TOURGUIDESERVICE
getUserRewards ---> TOURGUIDESERVICE
getUserRewards ---> TOURGUIDESERVICE
getUserRewards ---> TOURGUIDESERVICE
getUserRewards ---> TOURGUIDESERVICE
getUserRewards ---> TOURGUIDESERVICE
getUserRewards ---> TOURGUIDESERVICE
getUserRewards ---> TOURGUIDESERVICE
getUserRewards ---> TOURGUIDESERVICE
getUserRewards ---> TOURGUIDESERVICE
getUserRewards ---> TOURGUIDESERVICE
getUserRewards ---> TOURGUIDESERVICE
getUserRewards ---> TOURGUIDESERVICE
getUserRewards ---> TOURGUIDESERVICE
getUserRewards ---> TOURGUIDESERVICE
getUserRewards ---> TOURGUIDESERVICE
getUserRewards ---> TOURGUIDESERVICE
getUserRewards ---> TOURGUIDESERVICE
getUserRewards ---> TOURGUIDESERVICE
getUserRewards ---> TOURGUIDESERVICE
getUserRewards ---> TOURGUIDESERVICE
getUserRewards ---> TOURGUIDESERVICE
getUserRewards ---> TOURGUIDESERVICE
getUserRewards ---> TOURGUIDESERVICE
getUserRewards ---> TOURGUIDESERVICE
getUserRewards ---> TOURGUIDESERVICE
getUserRewards ---> TOURGUIDESERVICE
getUserRewards ---> TOURGUIDESERVICE
getUserRewards ---> TOURGUIDESERVICE
getUserRewards ---> TOURGUIDESERVICE
getUserRewards ---> TOURGUIDESERVICE
getUserRewards ---> TOURGUIDESERVICE
getUserRewards ---> TOURGUIDESERVICE
getUserRewards ---> TOURGUIDESERVICE
getUserRewards ---> TOURGUIDESERVICE
getUserRewards ---> TOURGUIDESERVICE
getUserRewards ---> TOURGUIDESERVICE
getUserRewards ---> TOURGUIDESERVICE
getUserRewards ---> TOURGUIDESERVICE
getUserRewards ---> TOURGUIDESERVICE
getUserRewards ---> TOURGUIDESERVICE
getUserRewards ---> TOURGUIDESERVICE
getUserRewards ---> TOURGUIDESERVICE
getUserRewards ---> TOURGUIDESERVICE
getUserRewards ---> TOURGUIDESERVICE
getUserRewards ---> TOURGUIDESERVICE
getUserRewards ---> TOURGUIDESERVICE
getUserRewards ---> TOURGUIDESERVICE
getUserRewards ---> TOURGUIDESERVICE
getUserRewards ---> TOURGUIDESERVICE
getUserRewards ---> TOURGUIDESERVICE
getUserRewards ---> TOURGUIDESERVICE
getUserRewards ---> TOURGUIDESERVICE
getUserRewards ---> TOURGUIDESERVICE
getUserRewards ---> TOURGUIDESERVICE
getUserRewards ---> TOURGUIDESERVICE
getUserRewards ---> TOURGUIDESERVICE
getUserRewards ---> TOURGUIDESERVICE
getUserRewards ---> TOURGUIDESERVICE
getUserRewards ---> TOURGUIDESERVICE
getUserRewards ---> TOURGUIDESERVICE
getUserRewards ---> TOURGUIDESERVICE
getUserRewards ---> TOURGUIDESERVICE
getUserRewards ---> TOURGUIDESERVICE
getUserRewards ---> TOURGUIDESERVICE
getUserRewards ---> TOURGUIDESERVICE
getUserRewards ---> TOURGUIDESERVICE
getUserRewards ---> TOURGUIDESERVICE
getUserRewards ---> TOURGUIDESERVICE
getUserRewards ---> TOURGUIDESERVICE
getUserRewards ---> TOURGUIDESERVICE
getUserRewards ---> TOURGUIDESERVICE
getUserRewards ---> TOURGUIDESERVICE
getUserRewards ---> TOURGUIDESERVICE
getUserRewards ---> TOURGUIDESERVICE
getUserRewards ---> TOURGUIDESERVICE
getUserRewards ---> TOURGUIDESERVICE
getUserRewards ---> TOURGUIDESERVICE
getUserRewards ---> TOURGUIDESERVICE
getUserRewards ---> TOURGUIDESERVICE
getUserRewards ---> TOURGUIDESERVICE
getUserRewards ---> TOURGUIDESERVICE
getUserRewards ---> TOURGUIDESERVICE
getUserRewards ---> TOURGUIDESERVICE
getUserRewards ---> TOURGUIDESERVICE
getUserRewards ---> TOURGUIDESERVICE
getUserRewards ---> TOURGUIDESERVICE
getUserRewards ---> TOURGUIDESERVICE
getUserRewards ---> TOURGUIDESERVICE
getUserRewards ---> TOURGUIDESERVICE
getUserRewards ---> TOURGUIDESERVICE
getUserRewards ---> TOURGUIDESERVICE
getUserRewards ---> TOURGUIDESERVICE
getUserRewards ---> TOURGUIDESERVICE
getUserRewards ---> TOURGUIDESERVICE
getUserRewards ---> TOURGUIDESERVICE
getUserRewards ---> TOURGUIDESERVICE
getUserRewards ---> TOURGUIDESERVICE
getUserRewards ---> TOURGUIDESERVICE
getUserRewards ---> TOURGUIDESERVICE
getUserRewards ---> TOURGUIDESERVICE
getUserRewards ---> TOURGUIDESERVICE
getUserRewards ---> TOURGUIDESERVICE
getUserRewards ---> TOURGUIDESERVICE
getUserRewards ---> TOURGUIDESERVICE
getUserRewards ---> TOURGUIDESERVICE
getUserRewards ---> TOURGUIDESERVICE
getUserRewards ---> TOURGUIDESERVICE
getUserRewards ---> TOURGUIDESERVICE
getUserRewards ---> TOURGUIDESERVICE
getUserRewards ---> TOURGUIDESERVICE
getUserRewards ---> TOURGUIDESERVICE
getUserRewards ---> TOURGUIDESERVICE
getUserRewards ---> TOURGUIDESERVICE
getUserRewards ---> TOURGUIDESERVICE
getUserRewards ---> TOURGUIDESERVICE
getUserRewards ---> TOURGUIDESERVICE
getUserRewards ---> TOURGUIDESERVICE
getUserRewards ---> TOURGUIDESERVICE
getUserRewards ---> TOURGUIDESERVICE
getUserRewards ---> TOURGUIDESERVICE
getUserRewards ---> TOURGUIDESERVICE
getUserRewards ---> TOURGUIDESERVICE
getUserRewards ---> TOURGUIDESERVICE
getUserRewards ---> TOURGUIDESERVICE
getUserRewards ---> TOURGUIDESERVICE
getUserRewards ---> TOURGUIDESERVICE
getUserRewards ---> TOURGUIDESERVICE
getUserRewards ---> TOURGUIDESERVICE
getUserRewards ---> TOURGUIDESERVICE
getUserRewards ---> TOURGUIDESERVICE
getUserRewards ---> TOURGUIDESERVICE
getUserRewards ---> TOURGUIDESERVICE
getUserRewards ---> TOURGUIDESERVICE
getUserRewards ---> TOURGUIDESERVICE
getUserRewards ---> TOURGUIDESERVICE
getUserRewards ---> TOURGUIDESERVICE
getUserRewards ---> TOURGUIDESERVICE
getUserRewards ---> TOURGUIDESERVICE
getUserRewards ---> TOURGUIDESERVICE
getUserRewards ---> TOURGUIDESERVICE
getUserRewards ---> TOURGUIDESERVICE
getUserRewards ---> TOURGUIDESERVICE
getUserRewards ---> TOURGUIDESERVICE
getUserRewards ---> TOURGUIDESERVICE
getUserRewards ---> TOURGUIDESERVICE
getUserRewards ---> TOURGUIDESERVICE
getUserRewards ---> TOURGUIDESERVICE
getUserRewards ---> TOURGUIDESERVICE
getUserRewards ---> TOURGUIDESERVICE
getUserRewards ---> TOURGUIDESERVICE
getUserRewards ---> TOURGUIDESERVICE
getUserRewards ---> TOURGUIDESERVICE
getUserRewards ---> TOURGUIDESERVICE
getUserRewards ---> TOURGUIDESERVICE
getUserRewards ---> TOURGUIDESERVICE
getUserRewards ---> TOURGUIDESERVICE
getUserRewards ---> TOURGUIDESERVICE
getUserRewards ---> TOURGUIDESERVICE
getUserRewards ---> TOURGUIDESERVICE
getUserRewards ---> TOURGUIDESERVICE
getUserRewards ---> TOURGUIDESERVICE
getUserRewards ---> TOURGUIDESERVICE
getUserRewards ---> TOURGUIDESERVICE
getUserRewards ---> TOURGUIDESERVICE
getUserRewards ---> TOURGUIDESERVICE
getUserRewards ---> TOURGUIDESERVICE
getUserRewards ---> TOURGUIDESERVICE
getUserRewards ---> TOURGUIDESERVICE
getUserRewards ---> TOURGUIDESERVICE
getUserRewards ---> TOURGUIDESERVICE
getUserRewards ---> TOURGUIDESERVICE
getUserRewards ---> TOURGUIDESERVICE
getUserRewards ---> TOURGUIDESERVICE
getUserRewards ---> TOURGUIDESERVICE
getUserRewards ---> TOURGUIDESERVICE
getUserRewards ---> TOURGUIDESERVICE
getUserRewards ---> TOURGUIDESERVICE
getUserRewards ---> TOURGUIDESERVICE
getUserRewards ---> TOURGUIDESERVICE
getUserRewards ---> TOURGUIDESERVICE
getUserRewards ---> TOURGUIDESERVICE
getUserRewards ---> TOURGUIDESERVICE
getUserRewards ---> TOURGUIDESERVICE
getUserRewards ---> TOURGUIDESERVICE
getUserRewards ---> TOURGUIDESERVICE
getUserRewards ---> TOURGUIDESERVICE
getUserRewards ---> TOURGUIDESERVICE
getUserRewards ---> TOURGUIDESERVICE
getUserRewards ---> TOURGUIDESERVICE
getUserRewards ---> TOURGUIDESERVICE
getUserRewards ---> TOURGUIDESERVICE
getUserRewards ---> TOURGUIDESERVICE
getUserRewards ---> TOURGUIDESERVICE
getUserRewards ---> TOURGUIDESERVICE
getUserRewards ---> TOURGUIDESERVICE
getUserRewards ---> TOURGUIDESERVICE
getUserRewards ---> TOURGUIDESERVICE
getUserRewards ---> TOURGUIDESERVICE
getUserRewards ---> TOURGUIDESERVICE
getUserRewards ---> TOURGUIDESERVICE
getUserRewards ---> TOURGUIDESERVICE
getUserRewards ---> TOURGUIDESERVICE
getUserRewards ---> TOURGUIDESERVICE
getUserRewards ---> TOURGUIDESERVICE
getUserRewards ---> TOURGUIDESERVICE
getUserRewards ---> TOURGUIDESERVICE
getUserRewards ---> TOURGUIDESERVICE
getUserRewards ---> TOURGUIDESERVICE
getUserRewards ---> TOURGUIDESERVICE
getUserRewards ---> TOURGUIDESERVICE
getUserRewards ---> TOURGUIDESERVICE
getUserRewards ---> TOURGUIDESERVICE
getUserRewards ---> TOURGUIDESERVICE
getUserRewards ---> TOURGUIDESERVICE
getUserRewards ---> TOURGUIDESERVICE
getUserRewards ---> TOURGUIDESERVICE
getUserRewards ---> TOURGUIDESERVICE
getUserRewards ---> TOURGUIDESERVICE
getUserRewards ---> TOURGUIDESERVICE
getUserRewards ---> TOURGUIDESERVICE
getUserRewards ---> TOURGUIDESERVICE
getUserRewards ---> TOURGUIDESERVICE
getUserRewards ---> TOURGUIDESERVICE
getUserRewards ---> TOURGUIDESERVICE
getUserRewards ---> TOURGUIDESERVICE
getUserRewards ---> TOURGUIDESERVICE
getUserRewards ---> TOURGUIDESERVICE
getUserRewards ---> TOURGUIDESERVICE
getUserRewards ---> TOURGUIDESERVICE
getUserRewards ---> TOURGUIDESERVICE
getUserRewards ---> TOURGUIDESERVICE
getUserRewards ---> TOURGUIDESERVICE
getUserRewards ---> TOURGUIDESERVICE
getUserRewards ---> TOURGUIDESERVICE
getUserRewards ---> TOURGUIDESERVICE
getUserRewards ---> TOURGUIDESERVICE
getUserRewards ---> TOURGUIDESERVICE
getUserRewards ---> TOURGUIDESERVICE
getUserRewards ---> TOURGUIDESERVICE
getUserRewards ---> TOURGUIDESERVICE
getUserRewards ---> TOURGUIDESERVICE
getUserRewards ---> TOURGUIDESERVICE
getUserRewards ---> TOURGUIDESERVICE
getUserRewards ---> TOURGUIDESERVICE
getUserRewards ---> TOURGUIDESERVICE
getUserRewards ---> TOURGUIDESERVICE
getUserRewards ---> TOURGUIDESERVICE
getUserRewards ---> TOURGUIDESERVICE
getUserRewards ---> TOURGUIDESERVICE
getUserRewards ---> TOURGUIDESERVICE
getUserRewards ---> TOURGUIDESERVICE
getUserRewards ---> TOURGUIDESERVICE
getUserRewards ---> TOURGUIDESERVICE
getUserRewards ---> TOURGUIDESERVICE
getUserRewards ---> TOURGUIDESERVICE
getUserRewards ---> TOURGUIDESERVICE
getUserRewards ---> TOURGUIDESERVICE
getUserRewards ---> TOURGUIDESERVICE
getUserRewards ---> TOURGUIDESERVICE
getUserRewards ---> TOURGUIDESERVICE
getUserRewards ---> TOURGUIDESERVICE
getUserRewards ---> TOURGUIDESERVICE
getUserRewards ---> TOURGUIDESERVICE
getUserRewards ---> TOURGUIDESERVICE
getUserRewards ---> TOURGUIDESERVICE
getUserRewards ---> TOURGUIDESERVICE
getUserRewards ---> TOURGUIDESERVICE
getUserRewards ---> TOURGUIDESERVICE
getUserRewards ---> TOURGUIDESERVICE
getUserRewards ---> TOURGUIDESERVICE
getUserRewards ---> TOURGUIDESERVICE
getUserRewards ---> TOURGUIDESERVICE
getUserRewards ---> TOURGUIDESERVICE
getUserRewards ---> TOURGUIDESERVICE
getUserRewards ---> TOURGUIDESERVICE
getUserRewards ---> TOURGUIDESERVICE
getUserRewards ---> TOURGUIDESERVICE
getUserRewards ---> TOURGUIDESERVICE
getUserRewards ---> TOURGUIDESERVICE
getUserRewards ---> TOURGUIDESERVICE
getUserRewards ---> TOURGUIDESERVICE
getUserRewards ---> TOURGUIDESERVICE
getUserRewards ---> TOURGUIDESERVICE
getUserRewards ---> TOURGUIDESERVICE
getUserRewards ---> TOURGUIDESERVICE
getUserRewards ---> TOURGUIDESERVICE
getUserRewards ---> TOURGUIDESERVICE
getUserRewards ---> TOURGUIDESERVICE
getUserRewards ---> TOURGUIDESERVICE
getUserRewards ---> TOURGUIDESERVICE
getUserRewards ---> TOURGUIDESERVICE
getUserRewards ---> TOURGUIDESERVICE
getUserRewards ---> TOURGUIDESERVICE
getUserRewards ---> TOURGUIDESERVICE
getUserRewards ---> TOURGUIDESERVICE
getUserRewards ---> TOURGUIDESERVICE
getUserRewards ---> TOURGUIDESERVICE
getUserRewards ---> TOURGUIDESERVICE
getUserRewards ---> TOURGUIDESERVICE
getUserRewards ---> TOURGUIDESERVICE
getUserRewards ---> TOURGUIDESERVICE
getUserRewards ---> TOURGUIDESERVICE
getUserRewards ---> TOURGUIDESERVICE
getUserRewards ---> TOURGUIDESERVICE
getUserRewards ---> TOURGUIDESERVICE
getUserRewards ---> TOURGUIDESERVICE
getUserRewards ---> TOURGUIDESERVICE
getUserRewards ---> TOURGUIDESERVICE
getUserRewards ---> TOURGUIDESERVICE
getUserRewards ---> TOURGUIDESERVICE
getUserRewards ---> TOURGUIDESERVICE
getUserRewards ---> TOURGUIDESERVICE
getUserRewards ---> TOURGUIDESERVICE
getUserRewards ---> TOURGUIDESERVICE
getUserRewards ---> TOURGUIDESERVICE
getUserRewards ---> TOURGUIDESERVICE
getUserRewards ---> TOURGUIDESERVICE
getUserRewards ---> TOURGUIDESERVICE
getUserRewards ---> TOURGUIDESERVICE
getUserRewards ---> TOURGUIDESERVICE
getUserRewards ---> TOURGUIDESERVICE
getUserRewards ---> TOURGUIDESERVICE
getUserRewards ---> TOURGUIDESERVICE
getUserRewards ---> TOURGUIDESERVICE
getUserRewards ---> TOURGUIDESERVICE
getUserRewards ---> TOURGUIDESERVICE
getUserRewards ---> TOURGUIDESERVICE
getUserRewards ---> TOURGUIDESERVICE
getUserRewards ---> TOURGUIDESERVICE
getUserRewards ---> TOURGUIDESERVICE
getUserRewards ---> TOURGUIDESERVICE
getUserRewards ---> TOURGUIDESERVICE
getUserRewards ---> TOURGUIDESERVICE
getUserRewards ---> TOURGUIDESERVICE
getUserRewards ---> TOURGUIDESERVICE
getUserRewards ---> TOURGUIDESERVICE
getUserRewards ---> TOURGUIDESERVICE
getUserRewards ---> TOURGUIDESERVICE
getUserRewards ---> TOURGUIDESERVICE
getUserRewards ---> TOURGUIDESERVICE
getUserRewards ---> TOURGUIDESERVICE
getUserRewards ---> TOURGUIDESERVICE
getUserRewards ---> TOURGUIDESERVICE
getUserRewards ---> TOURGUIDESERVICE
getUserRewards ---> TOURGUIDESERVICE
getUserRewards ---> TOURGUIDESERVICE
getUserRewards ---> TOURGUIDESERVICE
getUserRewards ---> TOURGUIDESERVICE
getUserRewards ---> TOURGUIDESERVICE
getUserRewards ---> TOURGUIDESERVICE
getUserRewards ---> TOURGUIDESERVICE
getUserRewards ---> TOURGUIDESERVICE
getUserRewards ---> TOURGUIDESERVICE
getUserRewards ---> TOURGUIDESERVICE
getUserRewards ---> TOURGUIDESERVICE
getUserRewards ---> TOURGUIDESERVICE
getUserRewards ---> TOURGUIDESERVICE
getUserRewards ---> TOURGUIDESERVICE
getUserRewards ---> TOURGUIDESERVICE
getUserRewards ---> TOURGUIDESERVICE
getUserRewards ---> TOURGUIDESERVICE
getUserRewards ---> TOURGUIDESERVICE
getUserRewards ---> TOURGUIDESERVICE
getUserRewards ---> TOURGUIDESERVICE
getUserRewards ---> TOURGUIDESERVICE
getUserRewards ---> TOURGUIDESERVICE
getUserRewards ---> TOURGUIDESERVICE
getUserRewards ---> TOURGUIDESERVICE
getUserRewards ---> TOURGUIDESERVICE
getUserRewards ---> TOURGUIDESERVICE
getUserRewards ---> TOURGUIDESERVICE
getUserRewards ---> TOURGUIDESERVICE
getUserRewards ---> TOURGUIDESERVICE
getUserRewards ---> TOURGUIDESERVICE
getUserRewards ---> TOURGUIDESERVICE
getUserRewards ---> TOURGUIDESERVICE
getUserRewards ---> TOURGUIDESERVICE
getUserRewards ---> TOURGUIDESERVICE
getUserRewards ---> TOURGUIDESERVICE
getUserRewards ---> TOURGUIDESERVICE
getUserRewards ---> TOURGUIDESERVICE
getUserRewards ---> TOURGUIDESERVICE
getUserRewards ---> TOURGUIDESERVICE
getUserRewards ---> TOURGUIDESERVICE
getUserRewards ---> TOURGUIDESERVICE
getUserRewards ---> TOURGUIDESERVICE
getUserRewards ---> TOURGUIDESERVICE
getUserRewards ---> TOURGUIDESERVICE
getUserRewards ---> TOURGUIDESERVICE
getUserRewards ---> TOURGUIDESERVICE
getUserRewards ---> TOURGUIDESERVICE
getUserRewards ---> TOURGUIDESERVICE
getUserRewards ---> TOURGUIDESERVICE
getUserRewards ---> TOURGUIDESERVICE
getUserRewards ---> TOURGUIDESERVICE
getUserRewards ---> TOURGUIDESERVICE
getUserRewards ---> TOURGUIDESERVICE
getUserRewards ---> TOURGUIDESERVICE
getUserRewards ---> TOURGUIDESERVICE
getUserRewards ---> TOURGUIDESERVICE
getUserRewards ---> TOURGUIDESERVICE
getUserRewards ---> TOURGUIDESERVICE
getUserRewards ---> TOURGUIDESERVICE
getUserRewards ---> TOURGUIDESERVICE
getUserRewards ---> TOURGUIDESERVICE
getUserRewards ---> TOURGUIDESERVICE
getUserRewards ---> TOURGUIDESERVICE
getUserRewards ---> TOURGUIDESERVICE
getUserRewards ---> TOURGUIDESERVICE
getUserRewards ---> TOURGUIDESERVICE
getUserRewards ---> TOURGUIDESERVICE
getUserRewards ---> TOURGUIDESERVICE
getUserRewards ---> TOURGUIDESERVICE
getUserRewards ---> TOURGUIDESERVICE
getUserRewards ---> TOURGUIDESERVICE
getUserRewards ---> TOURGUIDESERVICE
getUserRewards ---> TOURGUIDESERVICE
getUserRewards ---> TOURGUIDESERVICE
getUserRewards ---> TOURGUIDESERVICE
getUserRewards ---> TOURGUIDESERVICE
getUserRewards ---> TOURGUIDESERVICE
getUserRewards ---> TOURGUIDESERVICE
getUserRewards ---> TOURGUIDESERVICE
getUserRewards ---> TOURGUIDESERVICE
getUserRewards ---> TOURGUIDESERVICE
getUserRewards ---> TOURGUIDESERVICE
getUserRewards ---> TOURGUIDESERVICE
getUserRewards ---> TOURGUIDESERVICE
getUserRewards ---> TOURGUIDESERVICE
getUserRewards ---> TOURGUIDESERVICE
getUserRewards ---> TOURGUIDESERVICE
getUserRewards ---> TOURGUIDESERVICE
getUserRewards ---> TOURGUIDESERVICE
getUserRewards ---> TOURGUIDESERVICE
getUserRewards ---> TOURGUIDESERVICE
getUserRewards ---> TOURGUIDESERVICE
getUserRewards ---> TOURGUIDESERVICE
getUserRewards ---> TOURGUIDESERVICE
getUserRewards ---> TOURGUIDESERVICE
getUserRewards ---> TOURGUIDESERVICE
getUserRewards ---> TOURGUIDESERVICE
getUserRewards ---> TOURGUIDESERVICE
getUserRewards ---> TOURGUIDESERVICE
getUserRewards ---> TOURGUIDESERVICE
getUserRewards ---> TOURGUIDESERVICE
getUserRewards ---> TOURGUIDESERVICE
getUserRewards ---> TOURGUIDESERVICE
getUserRewards ---> TOURGUIDESERVICE
getUserRewards ---> TOURGUIDESERVICE
getUserRewards ---> TOURGUIDESERVICE
getUserRewards ---> TOURGUIDESERVICE
getUserRewards ---> TOURGUIDESERVICE
getUserRewards ---> TOURGUIDESERVICE
getUserRewards ---> TOURGUIDESERVICE
getUserRewards ---> TOURGUIDESERVICE
getUserRewards ---> TOURGUIDESERVICE
getUserRewards ---> TOURGUIDESERVICE
getUserRewards ---> TOURGUIDESERVICE
getUserRewards ---> TOURGUIDESERVICE
getUserRewards ---> TOURGUIDESERVICE
getUserRewards ---> TOURGUIDESERVICE
getUserRewards ---> TOURGUIDESERVICE
getUserRewards ---> TOURGUIDESERVICE
getUserRewards ---> TOURGUIDESERVICE
getUserRewards ---> TOURGUIDESERVICE
getUserRewards ---> TOURGUIDESERVICE
getUserRewards ---> TOURGUIDESERVICE
getUserRewards ---> TOURGUIDESERVICE
getUserRewards ---> TOURGUIDESERVICE
getUserRewards ---> TOURGUIDESERVICE
getUserRewards ---> TOURGUIDESERVICE
getUserRewards ---> TOURGUIDESERVICE
getUserRewards ---> TOURGUIDESERVICE
getUserRewards ---> TOURGUIDESERVICE
getUserRewards ---> TOURGUIDESERVICE
getUserRewards ---> TOURGUIDESERVICE
getUserRewards ---> TOURGUIDESERVICE
getUserRewards ---> TOURGUIDESERVICE
getUserRewards ---> TOURGUIDESERVICE
getUserRewards ---> TOURGUIDESERVICE
getUserRewards ---> TOURGUIDESERVICE
getUserRewards ---> TOURGUIDESERVICE
getUserRewards ---> TOURGUIDESERVICE
getUserRewards ---> TOURGUIDESERVICE
getUserRewards ---> TOURGUIDESERVICE
getUserRewards ---> TOURGUIDESERVICE
getUserRewards ---> TOURGUIDESERVICE
getUserRewards ---> TOURGUIDESERVICE
getUserRewards ---> TOURGUIDESERVICE
getUserRewards ---> TOURGUIDESERVICE
getUserRewards ---> TOURGUIDESERVICE
getUserRewards ---> TOURGUIDESERVICE
getUserRewards ---> TOURGUIDESERVICE
getUserRewards ---> TOURGUIDESERVICE
getUserRewards ---> TOURGUIDESERVICE
getUserRewards ---> TOURGUIDESERVICE
getUserRewards ---> TOURGUIDESERVICE
getUserRewards ---> TOURGUIDESERVICE
getUserRewards ---> TOURGUIDESERVICE
getUserRewards ---> TOURGUIDESERVICE
getUserRewards ---> TOURGUIDESERVICE
getUserRewards ---> TOURGUIDESERVICE
getUserRewards ---> TOURGUIDESERVICE
getUserRewards ---> TOURGUIDESERVICE
getUserRewards ---> TOURGUIDESERVICE
getUserRewards ---> TOURGUIDESERVICE
getUserRewards ---> TOURGUIDESERVICE
getUserRewards ---> TOURGUIDESERVICE
getUserRewards ---> TOURGUIDESERVICE
getUserRewards ---> TOURGUIDESERVICE
getUserRewards ---> TOURGUIDESERVICE
getUserRewards ---> TOURGUIDESERVICE
getUserRewards ---> TOURGUIDESERVICE
getUserRewards ---> TOURGUIDESERVICE
getUserRewards ---> TOURGUIDESERVICE
getUserRewards ---> TOURGUIDESERVICE
getUserRewards ---> TOURGUIDESERVICE
getUserRewards ---> TOURGUIDESERVICE
getUserRewards ---> TOURGUIDESERVICE
getUserRewards ---> TOURGUIDESERVICE
getUserRewards ---> TOURGUIDESERVICE
getUserRewards ---> TOURGUIDESERVICE
getUserRewards ---> TOURGUIDESERVICE
getUserRewards ---> TOURGUIDESERVICE
getUserRewards ---> TOURGUIDESERVICE
getUserRewards ---> TOURGUIDESERVICE
getUserRewards ---> TOURGUIDESERVICE
getUserRewards ---> TOURGUIDESERVICE
getUserRewards ---> TOURGUIDESERVICE
getUserRewards ---> TOURGUIDESERVICE
getUserRewards ---> TOURGUIDESERVICE
getUserRewards ---> TOURGUIDESERVICE
getUserRewards ---> TOURGUIDESERVICE
getUserRewards ---> TOURGUIDESERVICE
getUserRewards ---> TOURGUIDESERVICE
getUserRewards ---> TOURGUIDESERVICE
getUserRewards ---> TOURGUIDESERVICE
getUserRewards ---> TOURGUIDESERVICE
getUserRewards ---> TOURGUIDESERVICE
getUserRewards ---> TOURGUIDESERVICE
getUserRewards ---> TOURGUIDESERVICE
getUserRewards ---> TOURGUIDESERVICE
getUserRewards ---> TOURGUIDESERVICE
getUserRewards ---> TOURGUIDESERVICE
getUserRewards ---> TOURGUIDESERVICE
getUserRewards ---> TOURGUIDESERVICE
getUserRewards ---> TOURGUIDESERVICE
getUserRewards ---> TOURGUIDESERVICE
getUserRewards ---> TOURGUIDESERVICE
getUserRewards ---> TOURGUIDESERVICE
getUserRewards ---> TOURGUIDESERVICE
getUserRewards ---> TOURGUIDESERVICE
getUserRewards ---> TOURGUIDESERVICE
getUserRewards ---> TOURGUIDESERVICE
getUserRewards ---> TOURGUIDESERVICE
getUserRewards ---> TOURGUIDESERVICE
getUserRewards ---> TOURGUIDESERVICE
getUserRewards ---> TOURGUIDESERVICE
getUserRewards ---> TOURGUIDESERVICE
getUserRewards ---> TOURGUIDESERVICE
getUserRewards ---> TOURGUIDESERVICE
getUserRewards ---> TOURGUIDESERVICE
getUserRewards ---> TOURGUIDESERVICE
getUserRewards ---> TOURGUIDESERVICE
getUserRewards ---> TOURGUIDESERVICE
getUserRewards ---> TOURGUIDESERVICE
getUserRewards ---> TOURGUIDESERVICE
getUserRewards ---> TOURGUIDESERVICE
getUserRewards ---> TOURGUIDESERVICE
getUserRewards ---> TOURGUIDESERVICE
getUserRewards ---> TOURGUIDESERVICE
getUserRewards ---> TOURGUIDESERVICE
getUserRewards ---> TOURGUIDESERVICE
getUserRewards ---> TOURGUIDESERVICE
getUserRewards ---> TOURGUIDESERVICE
getUserRewards ---> TOURGUIDESERVICE
getUserRewards ---> TOURGUIDESERVICE
getUserRewards ---> TOURGUIDESERVICE
getUserRewards ---> TOURGUIDESERVICE
getUserRewards ---> TOURGUIDESERVICE
getUserRewards ---> TOURGUIDESERVICE
getUserRewards ---> TOURGUIDESERVICE
getUserRewards ---> TOURGUIDESERVICE
getUserRewards ---> TOURGUIDESERVICE
getUserRewards ---> TOURGUIDESERVICE
getUserRewards ---> TOURGUIDESERVICE
getUserRewards ---> TOURGUIDESERVICE
getUserRewards ---> TOURGUIDESERVICE
getUserRewards ---> TOURGUIDESERVICE
getUserRewards ---> TOURGUIDESERVICE
getUserRewards ---> TOURGUIDESERVICE
getUserRewards ---> TOURGUIDESERVICE
getUserRewards ---> TOURGUIDESERVICE
getUserRewards ---> TOURGUIDESERVICE
getUserRewards ---> TOURGUIDESERVICE
getUserRewards ---> TOURGUIDESERVICE
getUserRewards ---> TOURGUIDESERVICE
getUserRewards ---> TOURGUIDESERVICE
getUserRewards ---> TOURGUIDESERVICE
getUserRewards ---> TOURGUIDESERVICE
getUserRewards ---> TOURGUIDESERVICE
getUserRewards ---> TOURGUIDESERVICE
getUserRewards ---> TOURGUIDESERVICE
getUserRewards ---> TOURGUIDESERVICE
getUserRewards ---> TOURGUIDESERVICE
getUserRewards ---> TOURGUIDESERVICE
getUserRewards ---> TOURGUIDESERVICE
getUserRewards ---> TOURGUIDESERVICE
getUserRewards ---> TOURGUIDESERVICE
getUserRewards ---> TOURGUIDESERVICE
getUserRewards ---> TOURGUIDESERVICE
getUserRewards ---> TOURGUIDESERVICE
getUserRewards ---> TOURGUIDESERVICE
getUserRewards ---> TOURGUIDESERVICE
getUserRewards ---> TOURGUIDESERVICE
getUserRewards ---> TOURGUIDESERVICE
getUserRewards ---> TOURGUIDESERVICE
getUserRewards ---> TOURGUIDESERVICE
getUserRewards ---> TOURGUIDESERVICE
getUserRewards ---> TOURGUIDESERVICE
getUserRewards ---> TOURGUIDESERVICE
getUserRewards ---> TOURGUIDESERVICE
getUserRewards ---> TOURGUIDESERVICE
getUserRewards ---> TOURGUIDESERVICE
getUserRewards ---> TOURGUIDESERVICE
getUserRewards ---> TOURGUIDESERVICE
getUserRewards ---> TOURGUIDESERVICE
getUserRewards ---> TOURGUIDESERVICE
getUserRewards ---> TOURGUIDESERVICE
getUserRewards ---> TOURGUIDESERVICE
getUserRewards ---> TOURGUIDESERVICE
getUserRewards ---> TOURGUIDESERVICE
getUserRewards ---> TOURGUIDESERVICE
getUserRewards ---> TOURGUIDESERVICE
getUserRewards ---> TOURGUIDESERVICE
getUserRewards ---> TOURGUIDESERVICE
getUserRewards ---> TOURGUIDESERVICE
getUserRewards ---> TOURGUIDESERVICE
getUserRewards ---> TOURGUIDESERVICE
getUserRewards ---> TOURGUIDESERVICE
getUserRewards ---> TOURGUIDESERVICE
getUserRewards ---> TOURGUIDESERVICE
getUserRewards ---> TOURGUIDESERVICE
getUserRewards ---> TOURGUIDESERVICE
getUserRewards ---> TOURGUIDESERVICE
getUserRewards ---> TOURGUIDESERVICE
getUserRewards ---> TOURGUIDESERVICE
getUserRewards ---> TOURGUIDESERVICE
getUserRewards ---> TOURGUIDESERVICE
getUserRewards ---> TOURGUIDESERVICE
getUserRewards ---> TOURGUIDESERVICE
getUserRewards ---> TOURGUIDESERVICE
getUserRewards ---> TOURGUIDESERVICE
getUserRewards ---> TOURGUIDESERVICE
getUserRewards ---> TOURGUIDESERVICE
getUserRewards ---> TOURGUIDESERVICE
getUserRewards ---> TOURGUIDESERVICE
getUserRewards ---> TOURGUIDESERVICE
getUserRewards ---> TOURGUIDESERVICE
getUserRewards ---> TOURGUIDESERVICE
getUserRewards ---> TOURGUIDESERVICE
getUserRewards ---> TOURGUIDESERVICE
getUserRewards ---> TOURGUIDESERVICE
getUserRewards ---> TOURGUIDESERVICE
getUserRewards ---> TOURGUIDESERVICE
getUserRewards ---> TOURGUIDESERVICE
getUserRewards ---> TOURGUIDESERVICE
getUserRewards ---> TOURGUIDESERVICE
getUserRewards ---> TOURGUIDESERVICE
getUserRewards ---> TOURGUIDESERVICE
getUserRewards ---> TOURGUIDESERVICE
getUserRewards ---> TOURGUIDESERVICE
getUserRewards ---> TOURGUIDESERVICE
getUserRewards ---> TOURGUIDESERVICE
getUserRewards ---> TOURGUIDESERVICE
getUserRewards ---> TOURGUIDESERVICE
getUserRewards ---> TOURGUIDESERVICE
getUserRewards ---> TOURGUIDESERVICE
getUserRewards ---> TOURGUIDESERVICE
getUserRewards ---> TOURGUIDESERVICE
getUserRewards ---> TOURGUIDESERVICE
getUserRewards ---> TOURGUIDESERVICE
getUserRewards ---> TOURGUIDESERVICE
getUserRewards ---> TOURGUIDESERVICE
getUserRewards ---> TOURGUIDESERVICE
getUserRewards ---> TOURGUIDESERVICE
getUserRewards ---> TOURGUIDESERVICE
getUserRewards ---> TOURGUIDESERVICE
getUserRewards ---> TOURGUIDESERVICE
getUserRewards ---> TOURGUIDESERVICE
getUserRewards ---> TOURGUIDESERVICE
getUserRewards ---> TOURGUIDESERVICE
getUserRewards ---> TOURGUIDESERVICE
getUserRewards ---> TOURGUIDESERVICE
getUserRewards ---> TOURGUIDESERVICE
getUserRewards ---> TOURGUIDESERVICE
getUserRewards ---> TOURGUIDESERVICE
getUserRewards ---> TOURGUIDESERVICE
getUserRewards ---> TOURGUIDESERVICE
getUserRewards ---> TOURGUIDESERVICE
getUserRewards ---> TOURGUIDESERVICE
getUserRewards ---> TOURGUIDESERVICE
getUserRewards ---> TOURGUIDESERVICE
getUserRewards ---> TOURGUIDESERVICE
getUserRewards ---> TOURGUIDESERVICE
getUserRewards ---> TOURGUIDESERVICE
getUserRewards ---> TOURGUIDESERVICE
getUserRewards ---> TOURGUIDESERVICE
getUserRewards ---> TOURGUIDESERVICE
getUserRewards ---> TOURGUIDESERVICE
getUserRewards ---> TOURGUIDESERVICE
getUserRewards ---> TOURGUIDESERVICE
getUserRewards ---> TOURGUIDESERVICE
getUserRewards ---> TOURGUIDESERVICE
getUserRewards ---> TOURGUIDESERVICE
getUserRewards ---> TOURGUIDESERVICE
getUserRewards ---> TOURGUIDESERVICE
getUserRewards ---> TOURGUIDESERVICE
getUserRewards ---> TOURGUIDESERVICE
getUserRewards ---> TOURGUIDESERVICE
getUserRewards ---> TOURGUIDESERVICE
getUserRewards ---> TOURGUIDESERVICE
getUserRewards ---> TOURGUIDESERVICE
getUserRewards ---> TOURGUIDESERVICE
getUserRewards ---> TOURGUIDESERVICE
getUserRewards ---> TOURGUIDESERVICE
getUserRewards ---> TOURGUIDESERVICE
getUserRewards ---> TOURGUIDESERVICE
getUserRewards ---> TOURGUIDESERVICE
getUserRewards ---> TOURGUIDESERVICE
getUserRewards ---> TOURGUIDESERVICE
getUserRewards ---> TOURGUIDESERVICE
getUserRewards ---> TOURGUIDESERVICE
getUserRewards ---> TOURGUIDESERVICE
getUserRewards ---> TOURGUIDESERVICE
getUserRewards ---> TOURGUIDESERVICE
getUserRewards ---> TOURGUIDESERVICE
getUserRewards ---> TOURGUIDESERVICE
getUserRewards ---> TOURGUIDESERVICE
getUserRewards ---> TOURGUIDESERVICE
getUserRewards ---> TOURGUIDESERVICE
getUserRewards ---> TOURGUIDESERVICE
getUserRewards ---> TOURGUIDESERVICE
getUserRewards ---> TOURGUIDESERVICE
getUserRewards ---> TOURGUIDESERVICE
getUserRewards ---> TOURGUIDESERVICE
getUserRewards ---> TOURGUIDESERVICE
getUserRewards ---> TOURGUIDESERVICE
getUserRewards ---> TOURGUIDESERVICE
getUserRewards ---> TOURGUIDESERVICE
getUserRewards ---> TOURGUIDESERVICE
getUserRewards ---> TOURGUIDESERVICE
getUserRewards ---> TOURGUIDESERVICE
getUserRewards ---> TOURGUIDESERVICE
getUserRewards ---> TOURGUIDESERVICE
getUserRewards ---> TOURGUIDESERVICE
getUserRewards ---> TOURGUIDESERVICE
getUserRewards ---> TOURGUIDESERVICE
getUserRewards ---> TOURGUIDESERVICE
getUserRewards ---> TOURGUIDESERVICE
getUserRewards ---> TOURGUIDESERVICE
getUserRewards ---> TOURGUIDESERVICE
getUserRewards ---> TOURGUIDESERVICE
getUserRewards ---> TOURGUIDESERVICE
getUserRewards ---> TOURGUIDESERVICE
getUserRewards ---> TOURGUIDESERVICE
getUserRewards ---> TOURGUIDESERVICE
getUserRewards ---> TOURGUIDESERVICE
getUserRewards ---> TOURGUIDESERVICE
getUserRewards ---> TOURGUIDESERVICE
getUserRewards ---> TOURGUIDESERVICE
getUserRewards ---> TOURGUIDESERVICE
getUserRewards ---> TOURGUIDESERVICE
getUserRewards ---> TOURGUIDESERVICE
getUserRewards ---> TOURGUIDESERVICE
getUserRewards ---> TOURGUIDESERVICE
getUserRewards ---> TOURGUIDESERVICE
getUserRewards ---> TOURGUIDESERVICE
getUserRewards ---> TOURGUIDESERVICE
getUserRewards ---> TOURGUIDESERVICE
getUserRewards ---> TOURGUIDESERVICE
getUserRewards ---> TOURGUIDESERVICE
getUserRewards ---> TOURGUIDESERVICE
getUserRewards ---> TOURGUIDESERVICE
getUserRewards ---> TOURGUIDESERVICE
getUserRewards ---> TOURGUIDESERVICE
getUserRewards ---> TOURGUIDESERVICE
getUserRewards ---> TOURGUIDESERVICE
getUserRewards ---> TOURGUIDESERVICE
getUserRewards ---> TOURGUIDESERVICE
getUserRewards ---> TOURGUIDESERVICE
getUserRewards ---> TOURGUIDESERVICE
getUserRewards ---> TOURGUIDESERVICE
getUserRewards ---> TOURGUIDESERVICE
getUserRewards ---> TOURGUIDESERVICE
getUserRewards ---> TOURGUIDESERVICE
getUserRewards ---> TOURGUIDESERVICE
getUserRewards ---> TOURGUIDESERVICE
getUserRewards ---> TOURGUIDESERVICE
getUserRewards ---> TOURGUIDESERVICE
getUserRewards ---> TOURGUIDESERVICE
getUserRewards ---> TOURGUIDESERVICE
getUserRewards ---> TOURGUIDESERVICE
getUserRewards ---> TOURGUIDESERVICE
getUserRewards ---> TOURGUIDESERVICE
getUserRewards ---> TOURGUIDESERVICE
getUserRewards ---> TOURGUIDESERVICE
getUserRewards ---> TOURGUIDESERVICE
getUserRewards ---> TOURGUIDESERVICE
getUserRewards ---> TOURGUIDESERVICE
getUserRewards ---> TOURGUIDESERVICE
getUserRewards ---> TOURGUIDESERVICE
getUserRewards ---> TOURGUIDESERVICE
getUserRewards ---> TOURGUIDESERVICE
getUserRewards ---> TOURGUIDESERVICE
getUserRewards ---> TOURGUIDESERVICE
getUserRewards ---> TOURGUIDESERVICE
getUserRewards ---> TOURGUIDESERVICE
getUserRewards ---> TOURGUIDESERVICE
getUserRewards ---> TOURGUIDESERVICE
getUserRewards ---> TOURGUIDESERVICE
getUserRewards ---> TOURGUIDESERVICE
getUserRewards ---> TOURGUIDESERVICE
getUserRewards ---> TOURGUIDESERVICE
getUserRewards ---> TOURGUIDESERVICE
getUserRewards ---> TOURGUIDESERVICE
getUserRewards ---> TOURGUIDESERVICE
getUserRewards ---> TOURGUIDESERVICE
getUserRewards ---> TOURGUIDESERVICE
getUserRewards ---> TOURGUIDESERVICE
getUserRewards ---> TOURGUIDESERVICE
getUserRewards ---> TOURGUIDESERVICE
getUserRewards ---> TOURGUIDESERVICE
getUserRewards ---> TOURGUIDESERVICE
getUserRewards ---> TOURGUIDESERVICE
getUserRewards ---> TOURGUIDESERVICE
getUserRewards ---> TOURGUIDESERVICE
getUserRewards ---> TOURGUIDESERVICE
getUserRewards ---> TOURGUIDESERVICE
getUserRewards ---> TOURGUIDESERVICE
getUserRewards ---> TOURGUIDESERVICE
getUserRewards ---> TOURGUIDESERVICE
getUserRewards ---> TOURGUIDESERVICE
getUserRewards ---> TOURGUIDESERVICE
getUserRewards ---> TOURGUIDESERVICE
getUserRewards ---> TOURGUIDESERVICE
getUserRewards ---> TOURGUIDESERVICE
getUserRewards ---> TOURGUIDESERVICE
getUserRewards ---> TOURGUIDESERVICE
getUserRewards ---> TOURGUIDESERVICE
getUserRewards ---> TOURGUIDESERVICE
getUserRewards ---> TOURGUIDESERVICE
getUserRewards ---> TOURGUIDESERVICE
getUserRewards ---> TOURGUIDESERVICE
getUserRewards ---> TOURGUIDESERVICE
getUserRewards ---> TOURGUIDESERVICE
getUserRewards ---> TOURGUIDESERVICE
getUserRewards ---> TOURGUIDESERVICE
getUserRewards ---> TOURGUIDESERVICE
getUserRewards ---> TOURGUIDESERVICE
getUserRewards ---> TOURGUIDESERVICE
getUserRewards ---> TOURGUIDESERVICE
getUserRewards ---> TOURGUIDESERVICE
getUserRewards ---> TOURGUIDESERVICE
getUserRewards ---> TOURGUIDESERVICE
getUserRewards ---> TOURGUIDESERVICE
getUserRewards ---> TOURGUIDESERVICE
getUserRewards ---> TOURGUIDESERVICE
getUserRewards ---> TOURGUIDESERVICE
getUserRewards ---> TOURGUIDESERVICE
getUserRewards ---> TOURGUIDESERVICE
getUserRewards ---> TOURGUIDESERVICE
getUserRewards ---> TOURGUIDESERVICE
getUserRewards ---> TOURGUIDESERVICE
getUserRewards ---> TOURGUIDESERVICE
getUserRewards ---> TOURGUIDESERVICE
getUserRewards ---> TOURGUIDESERVICE
getUserRewards ---> TOURGUIDESERVICE
getUserRewards ---> TOURGUIDESERVICE
getUserRewards ---> TOURGUIDESERVICE
getUserRewards ---> TOURGUIDESERVICE
getUserRewards ---> TOURGUIDESERVICE
getUserRewards ---> TOURGUIDESERVICE
getUserRewards ---> TOURGUIDESERVICE
getUserRewards ---> TOURGUIDESERVICE
getUserRewards ---> TOURGUIDESERVICE
getUserRewards ---> TOURGUIDESERVICE
getUserRewards ---> TOURGUIDESERVICE
getUserRewards ---> TOURGUIDESERVICE
getUserRewards ---> TOURGUIDESERVICE
getUserRewards ---> TOURGUIDESERVICE
getUserRewards ---> TOURGUIDESERVICE
getUserRewards ---> TOURGUIDESERVICE
getUserRewards ---> TOURGUIDESERVICE
getUserRewards ---> TOURGUIDESERVICE
getUserRewards ---> TOURGUIDESERVICE
getUserRewards ---> TOURGUIDESERVICE
getUserRewards ---> TOURGUIDESERVICE
getUserRewards ---> TOURGUIDESERVICE
getUserRewards ---> TOURGUIDESERVICE
getUserRewards ---> TOURGUIDESERVICE
getUserRewards ---> TOURGUIDESERVICE
getUserRewards ---> TOURGUIDESERVICE
getUserRewards ---> TOURGUIDESERVICE
getUserRewards ---> TOURGUIDESERVICE
getUserRewards ---> TOURGUIDESERVICE
getUserRewards ---> TOURGUIDESERVICE
getUserRewards ---> TOURGUIDESERVICE
getUserRewards ---> TOURGUIDESERVICE
getUserRewards ---> TOURGUIDESERVICE
getUserRewards ---> TOURGUIDESERVICE
getUserRewards ---> TOURGUIDESERVICE
getUserRewards ---> TOURGUIDESERVICE
getUserRewards ---> TOURGUIDESERVICE
getUserRewards ---> TOURGUIDESERVICE
getUserRewards ---> TOURGUIDESERVICE
getUserRewards ---> TOURGUIDESERVICE
getUserRewards ---> TOURGUIDESERVICE
getUserRewards ---> TOURGUIDESERVICE
getUserRewards ---> TOURGUIDESERVICE
getUserRewards ---> TOURGUIDESERVICE
getUserRewards ---> TOURGUIDESERVICE
getUserRewards ---> TOURGUIDESERVICE
getUserRewards ---> TOURGUIDESERVICE
getUserRewards ---> TOURGUIDESERVICE
getUserRewards ---> TOURGUIDESERVICE
getUserRewards ---> TOURGUIDESERVICE
getUserRewards ---> TOURGUIDESERVICE
getUserRewards ---> TOURGUIDESERVICE
getUserRewards ---> TOURGUIDESERVICE
getUserRewards ---> TOURGUIDESERVICE
getUserRewards ---> TOURGUIDESERVICE
getUserRewards ---> TOURGUIDESERVICE
getUserRewards ---> TOURGUIDESERVICE
getUserRewards ---> TOURGUIDESERVICE
getUserRewards ---> TOURGUIDESERVICE
getUserRewards ---> TOURGUIDESERVICE
getUserRewards ---> TOURGUIDESERVICE
getUserRewards ---> TOURGUIDESERVICE
getUserRewards ---> TOURGUIDESERVICE
getUserRewards ---> TOURGUIDESERVICE
getUserRewards ---> TOURGUIDESERVICE
getUserRewards ---> TOURGUIDESERVICE
getUserRewards ---> TOURGUIDESERVICE
getUserRewards ---> TOURGUIDESERVICE
getUserRewards ---> TOURGUIDESERVICE
getUserRewards ---> TOURGUIDESERVICE
getUserRewards ---> TOURGUIDESERVICE
getUserRewards ---> TOURGUIDESERVICE
getUserRewards ---> TOURGUIDESERVICE
getUserRewards ---> TOURGUIDESERVICE
getUserRewards ---> TOURGUIDESERVICE
getUserRewards ---> TOURGUIDESERVICE
getUserRewards ---> TOURGUIDESERVICE
getUserRewards ---> TOURGUIDESERVICE
getUserRewards ---> TOURGUIDESERVICE
getUserRewards ---> TOURGUIDESERVICE
getUserRewards ---> TOURGUIDESERVICE
getUserRewards ---> TOURGUIDESERVICE
getUserRewards ---> TOURGUIDESERVICE
getUserRewards ---> TOURGUIDESERVICE
getUserRewards ---> TOURGUIDESERVICE
getUserRewards ---> TOURGUIDESERVICE
getUserRewards ---> TOURGUIDESERVICE
getUserRewards ---> TOURGUIDESERVICE
getUserRewards ---> TOURGUIDESERVICE
getUserRewards ---> TOURGUIDESERVICE
getUserRewards ---> TOURGUIDESERVICE
getUserRewards ---> TOURGUIDESERVICE
getUserRewards ---> TOURGUIDESERVICE
getUserRewards ---> TOURGUIDESERVICE
getUserRewards ---> TOURGUIDESERVICE
getUserRewards ---> TOURGUIDESERVICE
getUserRewards ---> TOURGUIDESERVICE
getUserRewards ---> TOURGUIDESERVICE
getUserRewards ---> TOURGUIDESERVICE
getUserRewards ---> TOURGUIDESERVICE
getUserRewards ---> TOURGUIDESERVICE
getUserRewards ---> TOURGUIDESERVICE
getUserRewards ---> TOURGUIDESERVICE
getUserRewards ---> TOURGUIDESERVICE
getUserRewards ---> TOURGUIDESERVICE
getUserRewards ---> TOURGUIDESERVICE
getUserRewards ---> TOURGUIDESERVICE
getUserRewards ---> TOURGUIDESERVICE
getUserRewards ---> TOURGUIDESERVICE
getUserRewards ---> TOURGUIDESERVICE
getUserRewards ---> TOURGUIDESERVICE
getUserRewards ---> TOURGUIDESERVICE
getUserRewards ---> TOURGUIDESERVICE
getUserRewards ---> TOURGUIDESERVICE
getUserRewards ---> TOURGUIDESERVICE
getUserRewards ---> TOURGUIDESERVICE
getUserRewards ---> TOURGUIDESERVICE
getUserRewards ---> TOURGUIDESERVICE
getUserRewards ---> TOURGUIDESERVICE
getUserRewards ---> TOURGUIDESERVICE
getUserRewards ---> TOURGUIDESERVICE
getUserRewards ---> TOURGUIDESERVICE
getUserRewards ---> TOURGUIDESERVICE
getUserRewards ---> TOURGUIDESERVICE
getUserRewards ---> TOURGUIDESERVICE
getUserRewards ---> TOURGUIDESERVICE
getUserRewards ---> TOURGUIDESERVICE
getUserRewards ---> TOURGUIDESERVICE
getUserRewards ---> TOURGUIDESERVICE
getUserRewards ---> TOURGUIDESERVICE
getUserRewards ---> TOURGUIDESERVICE
getUserRewards ---> TOURGUIDESERVICE
getUserRewards ---> TOURGUIDESERVICE
getUserRewards ---> TOURGUIDESERVICE
getUserRewards ---> TOURGUIDESERVICE
getUserRewards ---> TOURGUIDESERVICE
getUserRewards ---> TOURGUIDESERVICE
getUserRewards ---> TOURGUIDESERVICE
getUserRewards ---> TOURGUIDESERVICE
getUserRewards ---> TOURGUIDESERVICE
getUserRewards ---> TOURGUIDESERVICE
getUserRewards ---> TOURGUIDESERVICE
getUserRewards ---> TOURGUIDESERVICE
getUserRewards ---> TOURGUIDESERVICE
getUserRewards ---> TOURGUIDESERVICE
getUserRewards ---> TOURGUIDESERVICE
getUserRewards ---> TOURGUIDESERVICE
getUserRewards ---> TOURGUIDESERVICE
getUserRewards ---> TOURGUIDESERVICE
getUserRewards ---> TOURGUIDESERVICE
getUserRewards ---> TOURGUIDESERVICE
getUserRewards ---> TOURGUIDESERVICE
getUserRewards ---> TOURGUIDESERVICE
getUserRewards ---> TOURGUIDESERVICE
getUserRewards ---> TOURGUIDESERVICE
getUserRewards ---> TOURGUIDESERVICE
getUserRewards ---> TOURGUIDESERVICE
getUserRewards ---> TOURGUIDESERVICE
getUserRewards ---> TOURGUIDESERVICE
getUserRewards ---> TOURGUIDESERVICE
getUserRewards ---> TOURGUIDESERVICE
getUserRewards ---> TOURGUIDESERVICE
getUserRewards ---> TOURGUIDESERVICE
getUserRewards ---> TOURGUIDESERVICE
getUserRewards ---> TOURGUIDESERVICE
getUserRewards ---> TOURGUIDESERVICE
getUserRewards ---> TOURGUIDESERVICE
getUserRewards ---> TOURGUIDESERVICE
getUserRewards ---> TOURGUIDESERVICE
getUserRewards ---> TOURGUIDESERVICE
getUserRewards ---> TOURGUIDESERVICE
getUserRewards ---> TOURGUIDESERVICE
getUserRewards ---> TOURGUIDESERVICE
getUserRewards ---> TOURGUIDESERVICE
getUserRewards ---> TOURGUIDESERVICE
getUserRewards ---> TOURGUIDESERVICE
getUserRewards ---> TOURGUIDESERVICE
getUserRewards ---> TOURGUIDESERVICE
getUserRewards ---> TOURGUIDESERVICE
getUserRewards ---> TOURGUIDESERVICE
getUserRewards ---> TOURGUIDESERVICE
getUserRewards ---> TOURGUIDESERVICE
getUserRewards ---> TOURGUIDESERVICE
getUserRewards ---> TOURGUIDESERVICE
getUserRewards ---> TOURGUIDESERVICE
getUserRewards ---> TOURGUIDESERVICE
getUserRewards ---> TOURGUIDESERVICE
getUserRewards ---> TOURGUIDESERVICE
getUserRewards ---> TOURGUIDESERVICE
getUserRewards ---> TOURGUIDESERVICE
getUserRewards ---> TOURGUIDESERVICE
getUserRewards ---> TOURGUIDESERVICE
getUserRewards ---> TOURGUIDESERVICE
getUserRewards ---> TOURGUIDESERVICE
getUserRewards ---> TOURGUIDESERVICE
getUserRewards ---> TOURGUIDESERVICE
getUserRewards ---> TOURGUIDESERVICE
getUserRewards ---> TOURGUIDESERVICE
getUserRewards ---> TOURGUIDESERVICE
getUserRewards ---> TOURGUIDESERVICE
getUserRewards ---> TOURGUIDESERVICE
getUserRewards ---> TOURGUIDESERVICE
getUserRewards ---> TOURGUIDESERVICE
getUserRewards ---> TOURGUIDESERVICE
getUserRewards ---> TOURGUIDESERVICE
getUserRewards ---> TOURGUIDESERVICE
getUserRewards ---> TOURGUIDESERVICE
getUserRewards ---> TOURGUIDESERVICE
getUserRewards ---> TOURGUIDESERVICE
getUserRewards ---> TOURGUIDESERVICE
getUserRewards ---> TOURGUIDESERVICE
getUserRewards ---> TOURGUIDESERVICE
getUserRewards ---> TOURGUIDESERVICE
getUserRewards ---> TOURGUIDESERVICE
getUserRewards ---> TOURGUIDESERVICE
getUserRewards ---> TOURGUIDESERVICE
getUserRewards ---> TOURGUIDESERVICE
getUserRewards ---> TOURGUIDESERVICE
getUserRewards ---> TOURGUIDESERVICE
getUserRewards ---> TOURGUIDESERVICE
getUserRewards ---> TOURGUIDESERVICE
getUserRewards ---> TOURGUIDESERVICE
getUserRewards ---> TOURGUIDESERVICE
getUserRewards ---> TOURGUIDESERVICE
getUserRewards ---> TOURGUIDESERVICE
getUserRewards ---> TOURGUIDESERVICE
getUserRewards ---> TOURGUIDESERVICE
getUserRewards ---> TOURGUIDESERVICE
getUserRewards ---> TOURGUIDESERVICE
getUserRewards ---> TOURGUIDESERVICE
getUserRewards ---> TOURGUIDESERVICE
getUserRewards ---> TOURGUIDESERVICE
getUserRewards ---> TOURGUIDESERVICE
getUserRewards ---> TOURGUIDESERVICE
getUserRewards ---> TOURGUIDESERVICE
getUserRewards ---> TOURGUIDESERVICE
getUserRewards ---> TOURGUIDESERVICE
getUserRewards ---> TOURGUIDESERVICE
getUserRewards ---> TOURGUIDESERVICE
getUserRewards ---> TOURGUIDESERVICE
getUserRewards ---> TOURGUIDESERVICE
getUserRewards ---> TOURGUIDESERVICE
getUserRewards ---> TOURGUIDESERVICE
getUserRewards ---> TOURGUIDESERVICE
getUserRewards ---> TOURGUIDESERVICE
getUserRewards ---> TOURGUIDESERVICE
getUserRewards ---> TOURGUIDESERVICE
getUserRewards ---> TOURGUIDESERVICE
getUserRewards ---> TOURGUIDESERVICE
getUserRewards ---> TOURGUIDESERVICE
getUserRewards ---> TOURGUIDESERVICE
getUserRewards ---> TOURGUIDESERVICE
getUserRewards ---> TOURGUIDESERVICE
getUserRewards ---> TOURGUIDESERVICE
getUserRewards ---> TOURGUIDESERVICE
getUserRewards ---> TOURGUIDESERVICE
getUserRewards ---> TOURGUIDESERVICE
getUserRewards ---> TOURGUIDESERVICE
getUserRewards ---> TOURGUIDESERVICE
getUserRewards ---> TOURGUIDESERVICE
getUserRewards ---> TOURGUIDESERVICE
getUserRewards ---> TOURGUIDESERVICE
getUserRewards ---> TOURGUIDESERVICE
getUserRewards ---> TOURGUIDESERVICE
getUserRewards ---> TOURGUIDESERVICE
getUserRewards ---> TOURGUIDESERVICE
getUserRewards ---> TOURGUIDESERVICE
getUserRewards ---> TOURGUIDESERVICE
getUserRewards ---> TOURGUIDESERVICE
getUserRewards ---> TOURGUIDESERVICE
getUserRewards ---> TOURGUIDESERVICE
getUserRewards ---> TOURGUIDESERVICE
getUserRewards ---> TOURGUIDESERVICE
getUserRewards ---> TOURGUIDESERVICE
getUserRewards ---> TOURGUIDESERVICE
getUserRewards ---> TOURGUIDESERVICE
getUserRewards ---> TOURGUIDESERVICE
getUserRewards ---> TOURGUIDESERVICE
getUserRewards ---> TOURGUIDESERVICE
getUserRewards ---> TOURGUIDESERVICE
getUserRewards ---> TOURGUIDESERVICE
getUserRewards ---> TOURGUIDESERVICE
getUserRewards ---> TOURGUIDESERVICE
getUserRewards ---> TOURGUIDESERVICE
getUserRewards ---> TOURGUIDESERVICE
getUserRewards ---> TOURGUIDESERVICE
getUserRewards ---> TOURGUIDESERVICE
getUserRewards ---> TOURGUIDESERVICE
getUserRewards ---> TOURGUIDESERVICE
getUserRewards ---> TOURGUIDESERVICE
getUserRewards ---> TOURGUIDESERVICE
getUserRewards ---> TOURGUIDESERVICE
getUserRewards ---> TOURGUIDESERVICE
getUserRewards ---> TOURGUIDESERVICE
getUserRewards ---> TOURGUIDESERVICE
getUserRewards ---> TOURGUIDESERVICE
getUserRewards ---> TOURGUIDESERVICE
getUserRewards ---> TOURGUIDESERVICE
getUserRewards ---> TOURGUIDESERVICE
getUserRewards ---> TOURGUIDESERVICE
getUserRewards ---> TOURGUIDESERVICE
getUserRewards ---> TOURGUIDESERVICE
getUserRewards ---> TOURGUIDESERVICE
getUserRewards ---> TOURGUIDESERVICE
getUserRewards ---> TOURGUIDESERVICE
getUserRewards ---> TOURGUIDESERVICE
getUserRewards ---> TOURGUIDESERVICE
getUserRewards ---> TOURGUIDESERVICE
getUserRewards ---> TOURGUIDESERVICE
getUserRewards ---> TOURGUIDESERVICE
getUserRewards ---> TOURGUIDESERVICE
getUserRewards ---> TOURGUIDESERVICE
getUserRewards ---> TOURGUIDESERVICE
getUserRewards ---> TOURGUIDESERVICE
getUserRewards ---> TOURGUIDESERVICE
getUserRewards ---> TOURGUIDESERVICE
getUserRewards ---> TOURGUIDESERVICE
getUserRewards ---> TOURGUIDESERVICE
getUserRewards ---> TOURGUIDESERVICE
getUserRewards ---> TOURGUIDESERVICE
getUserRewards ---> TOURGUIDESERVICE
getUserRewards ---> TOURGUIDESERVICE
getUserRewards ---> TOURGUIDESERVICE
getUserRewards ---> TOURGUIDESERVICE
getUserRewards ---> TOURGUIDESERVICE
getUserRewards ---> TOURGUIDESERVICE
getUserRewards ---> TOURGUIDESERVICE
getUserRewards ---> TOURGUIDESERVICE
getUserRewards ---> TOURGUIDESERVICE
getUserRewards ---> TOURGUIDESERVICE
getUserRewards ---> TOURGUIDESERVICE
getUserRewards ---> TOURGUIDESERVICE
getUserRewards ---> TOURGUIDESERVICE
getUserRewards ---> TOURGUIDESERVICE
getUserRewards ---> TOURGUIDESERVICE
getUserRewards ---> TOURGUIDESERVICE
getUserRewards ---> TOURGUIDESERVICE
getUserRewards ---> TOURGUIDESERVICE
getUserRewards ---> TOURGUIDESERVICE
getUserRewards ---> TOURGUIDESERVICE
getUserRewards ---> TOURGUIDESERVICE
getUserRewards ---> TOURGUIDESERVICE
getUserRewards ---> TOURGUIDESERVICE
getUserRewards ---> TOURGUIDESERVICE
getUserRewards ---> TOURGUIDESERVICE
getUserRewards ---> TOURGUIDESERVICE
getUserRewards ---> TOURGUIDESERVICE
getUserRewards ---> TOURGUIDESERVICE
getUserRewards ---> TOURGUIDESERVICE
getUserRewards ---> TOURGUIDESERVICE
getUserRewards ---> TOURGUIDESERVICE
getUserRewards ---> TOURGUIDESERVICE
getUserRewards ---> TOURGUIDESERVICE
getUserRewards ---> TOURGUIDESERVICE
getUserRewards ---> TOURGUIDESERVICE
getUserRewards ---> TOURGUIDESERVICE
getUserRewards ---> TOURGUIDESERVICE
getUserRewards ---> TOURGUIDESERVICE
getUserRewards ---> TOURGUIDESERVICE
getUserRewards ---> TOURGUIDESERVICE
getUserRewards ---> TOURGUIDESERVICE
getUserRewards ---> TOURGUIDESERVICE
getUserRewards ---> TOURGUIDESERVICE
getUserRewards ---> TOURGUIDESERVICE
getUserRewards ---> TOURGUIDESERVICE
getUserRewards ---> TOURGUIDESERVICE
getUserRewards ---> TOURGUIDESERVICE
getUserRewards ---> TOURGUIDESERVICE
getUserRewards ---> TOURGUIDESERVICE
getUserRewards ---> TOURGUIDESERVICE
getUserRewards ---> TOURGUIDESERVICE
getUserRewards ---> TOURGUIDESERVICE
getUserRewards ---> TOURGUIDESERVICE
getUserRewards ---> TOURGUIDESERVICE
getUserRewards ---> TOURGUIDESERVICE
getUserRewards ---> TOURGUIDESERVICE
getUserRewards ---> TOURGUIDESERVICE
getUserRewards ---> TOURGUIDESERVICE
getUserRewards ---> TOURGUIDESERVICE
getUserRewards ---> TOURGUIDESERVICE
getUserRewards ---> TOURGUIDESERVICE
getUserRewards ---> TOURGUIDESERVICE
getUserRewards ---> TOURGUIDESERVICE
getUserRewards ---> TOURGUIDESERVICE
getUserRewards ---> TOURGUIDESERVICE
getUserRewards ---> TOURGUIDESERVICE
getUserRewards ---> TOURGUIDESERVICE
getUserRewards ---> TOURGUIDESERVICE
getUserRewards ---> TOURGUIDESERVICE
getUserRewards ---> TOURGUIDESERVICE
getUserRewards ---> TOURGUIDESERVICE
getUserRewards ---> TOURGUIDESERVICE
getUserRewards ---> TOURGUIDESERVICE
getUserRewards ---> TOURGUIDESERVICE
getUserRewards ---> TOURGUIDESERVICE
getUserRewards ---> TOURGUIDESERVICE
getUserRewards ---> TOURGUIDESERVICE
getUserRewards ---> TOURGUIDESERVICE
getUserRewards ---> TOURGUIDESERVICE
getUserRewards ---> TOURGUIDESERVICE
getUserRewards ---> TOURGUIDESERVICE
getUserRewards ---> TOURGUIDESERVICE
getUserRewards ---> TOURGUIDESERVICE
getUserRewards ---> TOURGUIDESERVICE
getUserRewards ---> TOURGUIDESERVICE
getUserRewards ---> TOURGUIDESERVICE
getUserRewards ---> TOURGUIDESERVICE
getUserRewards ---> TOURGUIDESERVICE
getUserRewards ---> TOURGUIDESERVICE
getUserRewards ---> TOURGUIDESERVICE
getUserRewards ---> TOURGUIDESERVICE
getUserRewards ---> TOURGUIDESERVICE
getUserRewards ---> TOURGUIDESERVICE
getUserRewards ---> TOURGUIDESERVICE
getUserRewards ---> TOURGUIDESERVICE
getUserRewards ---> TOURGUIDESERVICE
getUserRewards ---> TOURGUIDESERVICE
getUserRewards ---> TOURGUIDESERVICE
getUserRewards ---> TOURGUIDESERVICE
getUserRewards ---> TOURGUIDESERVICE
getUserRewards ---> TOURGUIDESERVICE
getUserRewards ---> TOURGUIDESERVICE
getUserRewards ---> TOURGUIDESERVICE
getUserRewards ---> TOURGUIDESERVICE
getUserRewards ---> TOURGUIDESERVICE
getUserRewards ---> TOURGUIDESERVICE
getUserRewards ---> TOURGUIDESERVICE
getUserRewards ---> TOURGUIDESERVICE
getUserRewards ---> TOURGUIDESERVICE
getUserRewards ---> TOURGUIDESERVICE
getUserRewards ---> TOURGUIDESERVICE
getUserRewards ---> TOURGUIDESERVICE
getUserRewards ---> TOURGUIDESERVICE
getUserRewards ---> TOURGUIDESERVICE
getUserRewards ---> TOURGUIDESERVICE
getUserRewards ---> TOURGUIDESERVICE
getUserRewards ---> TOURGUIDESERVICE
getUserRewards ---> TOURGUIDESERVICE
getUserRewards ---> TOURGUIDESERVICE
getUserRewards ---> TOURGUIDESERVICE
getUserRewards ---> TOURGUIDESERVICE
getUserRewards ---> TOURGUIDESERVICE
getUserRewards ---> TOURGUIDESERVICE
getUserRewards ---> TOURGUIDESERVICE
getUserRewards ---> TOURGUIDESERVICE
getUserRewards ---> TOURGUIDESERVICE
getUserRewards ---> TOURGUIDESERVICE
getUserRewards ---> TOURGUIDESERVICE
getUserRewards ---> TOURGUIDESERVICE
getUserRewards ---> TOURGUIDESERVICE
getUserRewards ---> TOURGUIDESERVICE
getUserRewards ---> TOURGUIDESERVICE
getUserRewards ---> TOURGUIDESERVICE
getUserRewards ---> TOURGUIDESERVICE
getUserRewards ---> TOURGUIDESERVICE
getUserRewards ---> TOURGUIDESERVICE
getUserRewards ---> TOURGUIDESERVICE
getUserRewards ---> TOURGUIDESERVICE
getUserRewards ---> TOURGUIDESERVICE
getUserRewards ---> TOURGUIDESERVICE
getUserRewards ---> TOURGUIDESERVICE
getUserRewards ---> TOURGUIDESERVICE
getUserRewards ---> TOURGUIDESERVICE
getUserRewards ---> TOURGUIDESERVICE
getUserRewards ---> TOURGUIDESERVICE
getUserRewards ---> TOURGUIDESERVICE
getUserRewards ---> TOURGUIDESERVICE
getUserRewards ---> TOURGUIDESERVICE
getUserRewards ---> TOURGUIDESERVICE
getUserRewards ---> TOURGUIDESERVICE
getUserRewards ---> TOURGUIDESERVICE
getUserRewards ---> TOURGUIDESERVICE
getUserRewards ---> TOURGUIDESERVICE
getUserRewards ---> TOURGUIDESERVICE
getUserRewards ---> TOURGUIDESERVICE
getUserRewards ---> TOURGUIDESERVICE
getUserRewards ---> TOURGUIDESERVICE
getUserRewards ---> TOURGUIDESERVICE
getUserRewards ---> TOURGUIDESERVICE
getUserRewards ---> TOURGUIDESERVICE
getUserRewards ---> TOURGUIDESERVICE
getUserRewards ---> TOURGUIDESERVICE
getUserRewards ---> TOURGUIDESERVICE
getUserRewards ---> TOURGUIDESERVICE
getUserRewards ---> TOURGUIDESERVICE
getUserRewards ---> TOURGUIDESERVICE
getUserRewards ---> TOURGUIDESERVICE
getUserRewards ---> TOURGUIDESERVICE
getUserRewards ---> TOURGUIDESERVICE
getUserRewards ---> TOURGUIDESERVICE
getUserRewards ---> TOURGUIDESERVICE
getUserRewards ---> TOURGUIDESERVICE
getUserRewards ---> TOURGUIDESERVICE
getUserRewards ---> TOURGUIDESERVICE
getUserRewards ---> TOURGUIDESERVICE
getUserRewards ---> TOURGUIDESERVICE
getUserRewards ---> TOURGUIDESERVICE
getUserRewards ---> TOURGUIDESERVICE
getUserRewards ---> TOURGUIDESERVICE
getUserRewards ---> TOURGUIDESERVICE
getUserRewards ---> TOURGUIDESERVICE
getUserRewards ---> TOURGUIDESERVICE
getUserRewards ---> TOURGUIDESERVICE
getUserRewards ---> TOURGUIDESERVICE
getUserRewards ---> TOURGUIDESERVICE
getUserRewards ---> TOURGUIDESERVICE
getUserRewards ---> TOURGUIDESERVICE
getUserRewards ---> TOURGUIDESERVICE
getUserRewards ---> TOURGUIDESERVICE
getUserRewards ---> TOURGUIDESERVICE
getUserRewards ---> TOURGUIDESERVICE
getUserRewards ---> TOURGUIDESERVICE
getUserRewards ---> TOURGUIDESERVICE
getUserRewards ---> TOURGUIDESERVICE
getUserRewards ---> TOURGUIDESERVICE
getUserRewards ---> TOURGUIDESERVICE
getUserRewards ---> TOURGUIDESERVICE
getUserRewards ---> TOURGUIDESERVICE
getUserRewards ---> TOURGUIDESERVICE
getUserRewards ---> TOURGUIDESERVICE
getUserRewards ---> TOURGUIDESERVICE
getUserRewards ---> TOURGUIDESERVICE
getUserRewards ---> TOURGUIDESERVICE
getUserRewards ---> TOURGUIDESERVICE
getUserRewards ---> TOURGUIDESERVICE
getUserRewards ---> TOURGUIDESERVICE
getUserRewards ---> TOURGUIDESERVICE
getUserRewards ---> TOURGUIDESERVICE
getUserRewards ---> TOURGUIDESERVICE
getUserRewards ---> TOURGUIDESERVICE
getUserRewards ---> TOURGUIDESERVICE
getUserRewards ---> TOURGUIDESERVICE
getUserRewards ---> TOURGUIDESERVICE
getUserRewards ---> TOURGUIDESERVICE
getUserRewards ---> TOURGUIDESERVICE
getUserRewards ---> TOURGUIDESERVICE
getUserRewards ---> TOURGUIDESERVICE
getUserRewards ---> TOURGUIDESERVICE
getUserRewards ---> TOURGUIDESERVICE
getUserRewards ---> TOURGUIDESERVICE
getUserRewards ---> TOURGUIDESERVICE
getUserRewards ---> TOURGUIDESERVICE
getUserRewards ---> TOURGUIDESERVICE
getUserRewards ---> TOURGUIDESERVICE
getUserRewards ---> TOURGUIDESERVICE
getUserRewards ---> TOURGUIDESERVICE
getUserRewards ---> TOURGUIDESERVICE
getUserRewards ---> TOURGUIDESERVICE
getUserRewards ---> TOURGUIDESERVICE
getUserRewards ---> TOURGUIDESERVICE
getUserRewards ---> TOURGUIDESERVICE
getUserRewards ---> TOURGUIDESERVICE
getUserRewards ---> TOURGUIDESERVICE
getUserRewards ---> TOURGUIDESERVICE
getUserRewards ---> TOURGUIDESERVICE
getUserRewards ---> TOURGUIDESERVICE
getUserRewards ---> TOURGUIDESERVICE
getUserRewards ---> TOURGUIDESERVICE
getUserRewards ---> TOURGUIDESERVICE
getUserRewards ---> TOURGUIDESERVICE
getUserRewards ---> TOURGUIDESERVICE
getUserRewards ---> TOURGUIDESERVICE
getUserRewards ---> TOURGUIDESERVICE
getUserRewards ---> TOURGUIDESERVICE
getUserRewards ---> TOURGUIDESERVICE
getUserRewards ---> TOURGUIDESERVICE
getUserRewards ---> TOURGUIDESERVICE
getUserRewards ---> TOURGUIDESERVICE
getUserRewards ---> TOURGUIDESERVICE
getUserRewards ---> TOURGUIDESERVICE
getUserRewards ---> TOURGUIDESERVICE
getUserRewards ---> TOURGUIDESERVICE
getUserRewards ---> TOURGUIDESERVICE
getUserRewards ---> TOURGUIDESERVICE
getUserRewards ---> TOURGUIDESERVICE
getUserRewards ---> TOURGUIDESERVICE
getUserRewards ---> TOURGUIDESERVICE
getUserRewards ---> TOURGUIDESERVICE
getUserRewards ---> TOURGUIDESERVICE
getUserRewards ---> TOURGUIDESERVICE
getUserRewards ---> TOURGUIDESERVICE
getUserRewards ---> TOURGUIDESERVICE
getUserRewards ---> TOURGUIDESERVICE
getUserRewards ---> TOURGUIDESERVICE
getUserRewards ---> TOURGUIDESERVICE
getUserRewards ---> TOURGUIDESERVICE
getUserRewards ---> TOURGUIDESERVICE
getUserRewards ---> TOURGUIDESERVICE
getUserRewards ---> TOURGUIDESERVICE
getUserRewards ---> TOURGUIDESERVICE
getUserRewards ---> TOURGUIDESERVICE
getUserRewards ---> TOURGUIDESERVICE
getUserRewards ---> TOURGUIDESERVICE
getUserRewards ---> TOURGUIDESERVICE
getUserRewards ---> TOURGUIDESERVICE
getUserRewards ---> TOURGUIDESERVICE
getUserRewards ---> TOURGUIDESERVICE
getUserRewards ---> TOURGUIDESERVICE
getUserRewards ---> TOURGUIDESERVICE
getUserRewards ---> TOURGUIDESERVICE
getUserRewards ---> TOURGUIDESERVICE
getUserRewards ---> TOURGUIDESERVICE
getUserRewards ---> TOURGUIDESERVICE
getUserRewards ---> TOURGUIDESERVICE
getUserRewards ---> TOURGUIDESERVICE
getUserRewards ---> TOURGUIDESERVICE
getUserRewards ---> TOURGUIDESERVICE
getUserRewards ---> TOURGUIDESERVICE
getUserRewards ---> TOURGUIDESERVICE
getUserRewards ---> TOURGUIDESERVICE
getUserRewards ---> TOURGUIDESERVICE
getUserRewards ---> TOURGUIDESERVICE
getUserRewards ---> TOURGUIDESERVICE
getUserRewards ---> TOURGUIDESERVICE
getUserRewards ---> TOURGUIDESERVICE
getUserRewards ---> TOURGUIDESERVICE
getUserRewards ---> TOURGUIDESERVICE
getUserRewards ---> TOURGUIDESERVICE
getUserRewards ---> TOURGUIDESERVICE
getUserRewards ---> TOURGUIDESERVICE
getUserRewards ---> TOURGUIDESERVICE
getUserRewards ---> TOURGUIDESERVICE
getUserRewards ---> TOURGUIDESERVICE
getUserRewards ---> TOURGUIDESERVICE
getUserRewards ---> TOURGUIDESERVICE
getUserRewards ---> TOURGUIDESERVICE
getUserRewards ---> TOURGUIDESERVICE
getUserRewards ---> TOURGUIDESERVICE
getUserRewards ---> TOURGUIDESERVICE
getUserRewards ---> TOURGUIDESERVICE
getUserRewards ---> TOURGUIDESERVICE
getUserRewards ---> TOURGUIDESERVICE
getUserRewards ---> TOURGUIDESERVICE
getUserRewards ---> TOURGUIDESERVICE
getUserRewards ---> TOURGUIDESERVICE
getUserRewards ---> TOURGUIDESERVICE
getUserRewards ---> TOURGUIDESERVICE
getUserRewards ---> TOURGUIDESERVICE
getUserRewards ---> TOURGUIDESERVICE
getUserRewards ---> TOURGUIDESERVICE
getUserRewards ---> TOURGUIDESERVICE
getUserRewards ---> TOURGUIDESERVICE
getUserRewards ---> TOURGUIDESERVICE
getUserRewards ---> TOURGUIDESERVICE
getUserRewards ---> TOURGUIDESERVICE
getUserRewards ---> TOURGUIDESERVICE
getUserRewards ---> TOURGUIDESERVICE
getUserRewards ---> TOURGUIDESERVICE
getUserRewards ---> TOURGUIDESERVICE
getUserRewards ---> TOURGUIDESERVICE
getUserRewards ---> TOURGUIDESERVICE
getUserRewards ---> TOURGUIDESERVICE
getUserRewards ---> TOURGUIDESERVICE
getUserRewards ---> TOURGUIDESERVICE
getUserRewards ---> TOURGUIDESERVICE
getUserRewards ---> TOURGUIDESERVICE
getUserRewards ---> TOURGUIDESERVICE
getUserRewards ---> TOURGUIDESERVICE
getUserRewards ---> TOURGUIDESERVICE
getUserRewards ---> TOURGUIDESERVICE
getUserRewards ---> TOURGUIDESERVICE
getUserRewards ---> TOURGUIDESERVICE
getUserRewards ---> TOURGUIDESERVICE
getUserRewards ---> TOURGUIDESERVICE
getUserRewards ---> TOURGUIDESERVICE
getUserRewards ---> TOURGUIDESERVICE
getUserRewards ---> TOURGUIDESERVICE
getUserRewards ---> TOURGUIDESERVICE
getUserRewards ---> TOURGUIDESERVICE
getUserRewards ---> TOURGUIDESERVICE
getUserRewards ---> TOURGUIDESERVICE
getUserRewards ---> TOURGUIDESERVICE
getUserRewards ---> TOURGUIDESERVICE
getUserRewards ---> TOURGUIDESERVICE
getUserRewards ---> TOURGUIDESERVICE
getUserRewards ---> TOURGUIDESERVICE
getUserRewards ---> TOURGUIDESERVICE
getUserRewards ---> TOURGUIDESERVICE
getUserRewards ---> TOURGUIDESERVICE
getUserRewards ---> TOURGUIDESERVICE
getUserRewards ---> TOURGUIDESERVICE
getUserRewards ---> TOURGUIDESERVICE
getUserRewards ---> TOURGUIDESERVICE
getUserRewards ---> TOURGUIDESERVICE
getUserRewards ---> TOURGUIDESERVICE
getUserRewards ---> TOURGUIDESERVICE
getUserRewards ---> TOURGUIDESERVICE
getUserRewards ---> TOURGUIDESERVICE
getUserRewards ---> TOURGUIDESERVICE
getUserRewards ---> TOURGUIDESERVICE
getUserRewards ---> TOURGUIDESERVICE
getUserRewards ---> TOURGUIDESERVICE
getUserRewards ---> TOURGUIDESERVICE
getUserRewards ---> TOURGUIDESERVICE
getUserRewards ---> TOURGUIDESERVICE
getUserRewards ---> TOURGUIDESERVICE
getUserRewards ---> TOURGUIDESERVICE
getUserRewards ---> TOURGUIDESERVICE
getUserRewards ---> TOURGUIDESERVICE
getUserRewards ---> TOURGUIDESERVICE
getUserRewards ---> TOURGUIDESERVICE
getUserRewards ---> TOURGUIDESERVICE
getUserRewards ---> TOURGUIDESERVICE
getUserRewards ---> TOURGUIDESERVICE
getUserRewards ---> TOURGUIDESERVICE
getUserRewards ---> TOURGUIDESERVICE
getUserRewards ---> TOURGUIDESERVICE
getUserRewards ---> TOURGUIDESERVICE
getUserRewards ---> TOURGUIDESERVICE
getUserRewards ---> TOURGUIDESERVICE
getUserRewards ---> TOURGUIDESERVICE
getUserRewards ---> TOURGUIDESERVICE
getUserRewards ---> TOURGUIDESERVICE
getUserRewards ---> TOURGUIDESERVICE
getUserRewards ---> TOURGUIDESERVICE
getUserRewards ---> TOURGUIDESERVICE
getUserRewards ---> TOURGUIDESERVICE
getUserRewards ---> TOURGUIDESERVICE
getUserRewards ---> TOURGUIDESERVICE
getUserRewards ---> TOURGUIDESERVICE
getUserRewards ---> TOURGUIDESERVICE
getUserRewards ---> TOURGUIDESERVICE
getUserRewards ---> TOURGUIDESERVICE
getUserRewards ---> TOURGUIDESERVICE
getUserRewards ---> TOURGUIDESERVICE
getUserRewards ---> TOURGUIDESERVICE
getUserRewards ---> TOURGUIDESERVICE
getUserRewards ---> TOURGUIDESERVICE
getUserRewards ---> TOURGUIDESERVICE
getUserRewards ---> TOURGUIDESERVICE
getUserRewards ---> TOURGUIDESERVICE
getUserRewards ---> TOURGUIDESERVICE
getUserRewards ---> TOURGUIDESERVICE
getUserRewards ---> TOURGUIDESERVICE
getUserRewards ---> TOURGUIDESERVICE
getUserRewards ---> TOURGUIDESERVICE
getUserRewards ---> TOURGUIDESERVICE
getUserRewards ---> TOURGUIDESERVICE
getUserRewards ---> TOURGUIDESERVICE
getUserRewards ---> TOURGUIDESERVICE
getUserRewards ---> TOURGUIDESERVICE
getUserRewards ---> TOURGUIDESERVICE
getUserRewards ---> TOURGUIDESERVICE
getUserRewards ---> TOURGUIDESERVICE
getUserRewards ---> TOURGUIDESERVICE
getUserRewards ---> TOURGUIDESERVICE
getUserRewards ---> TOURGUIDESERVICE
getUserRewards ---> TOURGUIDESERVICE
getUserRewards ---> TOURGUIDESERVICE
getUserRewards ---> TOURGUIDESERVICE
getUserRewards ---> TOURGUIDESERVICE
getUserRewards ---> TOURGUIDESERVICE
getUserRewards ---> TOURGUIDESERVICE
getUserRewards ---> TOURGUIDESERVICE
getUserRewards ---> TOURGUIDESERVICE
getUserRewards ---> TOURGUIDESERVICE
getUserRewards ---> TOURGUIDESERVICE
getUserRewards ---> TOURGUIDESERVICE
getUserRewards ---> TOURGUIDESERVICE
getUserRewards ---> TOURGUIDESERVICE
getUserRewards ---> TOURGUIDESERVICE
getUserRewards ---> TOURGUIDESERVICE
getUserRewards ---> TOURGUIDESERVICE
getUserRewards ---> TOURGUIDESERVICE
getUserRewards ---> TOURGUIDESERVICE
getUserRewards ---> TOURGUIDESERVICE
getUserRewards ---> TOURGUIDESERVICE
getUserRewards ---> TOURGUIDESERVICE
getUserRewards ---> TOURGUIDESERVICE
getUserRewards ---> TOURGUIDESERVICE
getUserRewards ---> TOURGUIDESERVICE
getUserRewards ---> TOURGUIDESERVICE
getUserRewards ---> TOURGUIDESERVICE
getUserRewards ---> TOURGUIDESERVICE
getUserRewards ---> TOURGUIDESERVICE
getUserRewards ---> TOURGUIDESERVICE
getUserRewards ---> TOURGUIDESERVICE
getUserRewards ---> TOURGUIDESERVICE
getUserRewards ---> TOURGUIDESERVICE
getUserRewards ---> TOURGUIDESERVICE
getUserRewards ---> TOURGUIDESERVICE
getUserRewards ---> TOURGUIDESERVICE
getUserRewards ---> TOURGUIDESERVICE
getUserRewards ---> TOURGUIDESERVICE
getUserRewards ---> TOURGUIDESERVICE
getUserRewards ---> TOURGUIDESERVICE
getUserRewards ---> TOURGUIDESERVICE
getUserRewards ---> TOURGUIDESERVICE
getUserRewards ---> TOURGUIDESERVICE
getUserRewards ---> TOURGUIDESERVICE
getUserRewards ---> TOURGUIDESERVICE
getUserRewards ---> TOURGUIDESERVICE
getUserRewards ---> TOURGUIDESERVICE
getUserRewards ---> TOURGUIDESERVICE
getUserRewards ---> TOURGUIDESERVICE
getUserRewards ---> TOURGUIDESERVICE
getUserRewards ---> TOURGUIDESERVICE
getUserRewards ---> TOURGUIDESERVICE
getUserRewards ---> TOURGUIDESERVICE
getUserRewards ---> TOURGUIDESERVICE
getUserRewards ---> TOURGUIDESERVICE
getUserRewards ---> TOURGUIDESERVICE
getUserRewards ---> TOURGUIDESERVICE
getUserRewards ---> TOURGUIDESERVICE
getUserRewards ---> TOURGUIDESERVICE
getUserRewards ---> TOURGUIDESERVICE
getUserRewards ---> TOURGUIDESERVICE
getUserRewards ---> TOURGUIDESERVICE
getUserRewards ---> TOURGUIDESERVICE
getUserRewards ---> TOURGUIDESERVICE
getUserRewards ---> TOURGUIDESERVICE
getUserRewards ---> TOURGUIDESERVICE
getUserRewards ---> TOURGUIDESERVICE
getUserRewards ---> TOURGUIDESERVICE
getUserRewards ---> TOURGUIDESERVICE
getUserRewards ---> TOURGUIDESERVICE
getUserRewards ---> TOURGUIDESERVICE
getUserRewards ---> TOURGUIDESERVICE
getUserRewards ---> TOURGUIDESERVICE
getUserRewards ---> TOURGUIDESERVICE
getUserRewards ---> TOURGUIDESERVICE
getUserRewards ---> TOURGUIDESERVICE
getUserRewards ---> TOURGUIDESERVICE
getUserRewards ---> TOURGUIDESERVICE
getUserRewards ---> TOURGUIDESERVICE
getUserRewards ---> TOURGUIDESERVICE
getUserRewards ---> TOURGUIDESERVICE
getUserRewards ---> TOURGUIDESERVICE
getUserRewards ---> TOURGUIDESERVICE
getUserRewards ---> TOURGUIDESERVICE
getUserRewards ---> TOURGUIDESERVICE
getUserRewards ---> TOURGUIDESERVICE
getUserRewards ---> TOURGUIDESERVICE
getUserRewards ---> TOURGUIDESERVICE
getUserRewards ---> TOURGUIDESERVICE
getUserRewards ---> TOURGUIDESERVICE
getUserRewards ---> TOURGUIDESERVICE
getUserRewards ---> TOURGUIDESERVICE
getUserRewards ---> TOURGUIDESERVICE
getUserRewards ---> TOURGUIDESERVICE
getUserRewards ---> TOURGUIDESERVICE
getUserRewards ---> TOURGUIDESERVICE
getUserRewards ---> TOURGUIDESERVICE
getUserRewards ---> TOURGUIDESERVICE
getUserRewards ---> TOURGUIDESERVICE
getUserRewards ---> TOURGUIDESERVICE
getUserRewards ---> TOURGUIDESERVICE
getUserRewards ---> TOURGUIDESERVICE
getUserRewards ---> TOURGUIDESERVICE
getUserRewards ---> TOURGUIDESERVICE
getUserRewards ---> TOURGUIDESERVICE
getUserRewards ---> TOURGUIDESERVICE
getUserRewards ---> TOURGUIDESERVICE
getUserRewards ---> TOURGUIDESERVICE
getUserRewards ---> TOURGUIDESERVICE
getUserRewards ---> TOURGUIDESERVICE
getUserRewards ---> TOURGUIDESERVICE
getUserRewards ---> TOURGUIDESERVICE
getUserRewards ---> TOURGUIDESERVICE
getUserRewards ---> TOURGUIDESERVICE
getUserRewards ---> TOURGUIDESERVICE
getUserRewards ---> TOURGUIDESERVICE
getUserRewards ---> TOURGUIDESERVICE
getUserRewards ---> TOURGUIDESERVICE
getUserRewards ---> TOURGUIDESERVICE
getUserRewards ---> TOURGUIDESERVICE
getUserRewards ---> TOURGUIDESERVICE
getUserRewards ---> TOURGUIDESERVICE
getUserRewards ---> TOURGUIDESERVICE
getUserRewards ---> TOURGUIDESERVICE
getUserRewards ---> TOURGUIDESERVICE
getUserRewards ---> TOURGUIDESERVICE
getUserRewards ---> TOURGUIDESERVICE
getUserRewards ---> TOURGUIDESERVICE
getUserRewards ---> TOURGUIDESERVICE
getUserRewards ---> TOURGUIDESERVICE
getUserRewards ---> TOURGUIDESERVICE
getUserRewards ---> TOURGUIDESERVICE
getUserRewards ---> TOURGUIDESERVICE
getUserRewards ---> TOURGUIDESERVICE
getUserRewards ---> TOURGUIDESERVICE
getUserRewards ---> TOURGUIDESERVICE
getUserRewards ---> TOURGUIDESERVICE
getUserRewards ---> TOURGUIDESERVICE
getUserRewards ---> TOURGUIDESERVICE
getUserRewards ---> TOURGUIDESERVICE
getUserRewards ---> TOURGUIDESERVICE
getUserRewards ---> TOURGUIDESERVICE
getUserRewards ---> TOURGUIDESERVICE
getUserRewards ---> TOURGUIDESERVICE
getUserRewards ---> TOURGUIDESERVICE
getUserRewards ---> TOURGUIDESERVICE
getUserRewards ---> TOURGUIDESERVICE
getUserRewards ---> TOURGUIDESERVICE
getUserRewards ---> TOURGUIDESERVICE
getUserRewards ---> TOURGUIDESERVICE
getUserRewards ---> TOURGUIDESERVICE
getUserRewards ---> TOURGUIDESERVICE
getUserRewards ---> TOURGUIDESERVICE
getUserRewards ---> TOURGUIDESERVICE
getUserRewards ---> TOURGUIDESERVICE
getUserRewards ---> TOURGUIDESERVICE
getUserRewards ---> TOURGUIDESERVICE
getUserRewards ---> TOURGUIDESERVICE
getUserRewards ---> TOURGUIDESERVICE
getUserRewards ---> TOURGUIDESERVICE
getUserRewards ---> TOURGUIDESERVICE
getUserRewards ---> TOURGUIDESERVICE
getUserRewards ---> TOURGUIDESERVICE
getUserRewards ---> TOURGUIDESERVICE
getUserRewards ---> TOURGUIDESERVICE
getUserRewards ---> TOURGUIDESERVICE
getUserRewards ---> TOURGUIDESERVICE
getUserRewards ---> TOURGUIDESERVICE
getUserRewards ---> TOURGUIDESERVICE
getUserRewards ---> TOURGUIDESERVICE
getUserRewards ---> TOURGUIDESERVICE
getUserRewards ---> TOURGUIDESERVICE
getUserRewards ---> TOURGUIDESERVICE
getUserRewards ---> TOURGUIDESERVICE
getUserRewards ---> TOURGUIDESERVICE
getUserRewards ---> TOURGUIDESERVICE
getUserRewards ---> TOURGUIDESERVICE
getUserRewards ---> TOURGUIDESERVICE
getUserRewards ---> TOURGUIDESERVICE
getUserRewards ---> TOURGUIDESERVICE
getUserRewards ---> TOURGUIDESERVICE
getUserRewards ---> TOURGUIDESERVICE
getUserRewards ---> TOURGUIDESERVICE
getUserRewards ---> TOURGUIDESERVICE
getUserRewards ---> TOURGUIDESERVICE
getUserRewards ---> TOURGUIDESERVICE
getUserRewards ---> TOURGUIDESERVICE
getUserRewards ---> TOURGUIDESERVICE
getUserRewards ---> TOURGUIDESERVICE
getUserRewards ---> TOURGUIDESERVICE
getUserRewards ---> TOURGUIDESERVICE
getUserRewards ---> TOURGUIDESERVICE
getUserRewards ---> TOURGUIDESERVICE
getUserRewards ---> TOURGUIDESERVICE
getUserRewards ---> TOURGUIDESERVICE
getUserRewards ---> TOURGUIDESERVICE
getUserRewards ---> TOURGUIDESERVICE
getUserRewards ---> TOURGUIDESERVICE
getUserRewards ---> TOURGUIDESERVICE
getUserRewards ---> TOURGUIDESERVICE
getUserRewards ---> TOURGUIDESERVICE
getUserRewards ---> TOURGUIDESERVICE
getUserRewards ---> TOURGUIDESERVICE
getUserRewards ---> TOURGUIDESERVICE
getUserRewards ---> TOURGUIDESERVICE
getUserRewards ---> TOURGUIDESERVICE
getUserRewards ---> TOURGUIDESERVICE
getUserRewards ---> TOURGUIDESERVICE
getUserRewards ---> TOURGUIDESERVICE
getUserRewards ---> TOURGUIDESERVICE
getUserRewards ---> TOURGUIDESERVICE
getUserRewards ---> TOURGUIDESERVICE
getUserRewards ---> TOURGUIDESERVICE
getUserRewards ---> TOURGUIDESERVICE
getUserRewards ---> TOURGUIDESERVICE
getUserRewards ---> TOURGUIDESERVICE
getUserRewards ---> TOURGUIDESERVICE
getUserRewards ---> TOURGUIDESERVICE
getUserRewards ---> TOURGUIDESERVICE
getUserRewards ---> TOURGUIDESERVICE
getUserRewards ---> TOURGUIDESERVICE
getUserRewards ---> TOURGUIDESERVICE
getUserRewards ---> TOURGUIDESERVICE
getUserRewards ---> TOURGUIDESERVICE
getUserRewards ---> TOURGUIDESERVICE
getUserRewards ---> TOURGUIDESERVICE
getUserRewards ---> TOURGUIDESERVICE
getUserRewards ---> TOURGUIDESERVICE
getUserRewards ---> TOURGUIDESERVICE
getUserRewards ---> TOURGUIDESERVICE
getUserRewards ---> TOURGUIDESERVICE
getUserRewards ---> TOURGUIDESERVICE
getUserRewards ---> TOURGUIDESERVICE
getUserRewards ---> TOURGUIDESERVICE
getUserRewards ---> TOURGUIDESERVICE
getUserRewards ---> TOURGUIDESERVICE
getUserRewards ---> TOURGUIDESERVICE
getUserRewards ---> TOURGUIDESERVICE
getUserRewards ---> TOURGUIDESERVICE
getUserRewards ---> TOURGUIDESERVICE
getUserRewards ---> TOURGUIDESERVICE
getUserRewards ---> TOURGUIDESERVICE
getUserRewards ---> TOURGUIDESERVICE
getUserRewards ---> TOURGUIDESERVICE
getUserRewards ---> TOURGUIDESERVICE
getUserRewards ---> TOURGUIDESERVICE
getUserRewards ---> TOURGUIDESERVICE
getUserRewards ---> TOURGUIDESERVICE
getUserRewards ---> TOURGUIDESERVICE
getUserRewards ---> TOURGUIDESERVICE
getUserRewards ---> TOURGUIDESERVICE
getUserRewards ---> TOURGUIDESERVICE
getUserRewards ---> TOURGUIDESERVICE
getUserRewards ---> TOURGUIDESERVICE
getUserRewards ---> TOURGUIDESERVICE
getUserRewards ---> TOURGUIDESERVICE
getUserRewards ---> TOURGUIDESERVICE
getUserRewards ---> TOURGUIDESERVICE
getUserRewards ---> TOURGUIDESERVICE
getUserRewards ---> TOURGUIDESERVICE
getUserRewards ---> TOURGUIDESERVICE
getUserRewards ---> TOURGUIDESERVICE
getUserRewards ---> TOURGUIDESERVICE
getUserRewards ---> TOURGUIDESERVICE
getUserRewards ---> TOURGUIDESERVICE
getUserRewards ---> TOURGUIDESERVICE
getUserRewards ---> TOURGUIDESERVICE
getUserRewards ---> TOURGUIDESERVICE
getUserRewards ---> TOURGUIDESERVICE
getUserRewards ---> TOURGUIDESERVICE
getUserRewards ---> TOURGUIDESERVICE
getUserRewards ---> TOURGUIDESERVICE
getUserRewards ---> TOURGUIDESERVICE
getUserRewards ---> TOURGUIDESERVICE
getUserRewards ---> TOURGUIDESERVICE
getUserRewards ---> TOURGUIDESERVICE
getUserRewards ---> TOURGUIDESERVICE
getUserRewards ---> TOURGUIDESERVICE
getUserRewards ---> TOURGUIDESERVICE
getUserRewards ---> TOURGUIDESERVICE
getUserRewards ---> TOURGUIDESERVICE
getUserRewards ---> TOURGUIDESERVICE
getUserRewards ---> TOURGUIDESERVICE
getUserRewards ---> TOURGUIDESERVICE
getUserRewards ---> TOURGUIDESERVICE
getUserRewards ---> TOURGUIDESERVICE
getUserRewards ---> TOURGUIDESERVICE
getUserRewards ---> TOURGUIDESERVICE
getUserRewards ---> TOURGUIDESERVICE
getUserRewards ---> TOURGUIDESERVICE
getUserRewards ---> TOURGUIDESERVICE
getUserRewards ---> TOURGUIDESERVICE
getUserRewards ---> TOURGUIDESERVICE
getUserRewards ---> TOURGUIDESERVICE
getUserRewards ---> TOURGUIDESERVICE
getUserRewards ---> TOURGUIDESERVICE
getUserRewards ---> TOURGUIDESERVICE
getUserRewards ---> TOURGUIDESERVICE
getUserRewards ---> TOURGUIDESERVICE
getUserRewards ---> TOURGUIDESERVICE
getUserRewards ---> TOURGUIDESERVICE
getUserRewards ---> TOURGUIDESERVICE
getUserRewards ---> TOURGUIDESERVICE
getUserRewards ---> TOURGUIDESERVICE
getUserRewards ---> TOURGUIDESERVICE
getUserRewards ---> TOURGUIDESERVICE
getUserRewards ---> TOURGUIDESERVICE
getUserRewards ---> TOURGUIDESERVICE
getUserRewards ---> TOURGUIDESERVICE
getUserRewards ---> TOURGUIDESERVICE
getUserRewards ---> TOURGUIDESERVICE
getUserRewards ---> TOURGUIDESERVICE
getUserRewards ---> TOURGUIDESERVICE
getUserRewards ---> TOURGUIDESERVICE
getUserRewards ---> TOURGUIDESERVICE
getUserRewards ---> TOURGUIDESERVICE
getUserRewards ---> TOURGUIDESERVICE
getUserRewards ---> TOURGUIDESERVICE
getUserRewards ---> TOURGUIDESERVICE
getUserRewards ---> TOURGUIDESERVICE
getUserRewards ---> TOURGUIDESERVICE
getUserRewards ---> TOURGUIDESERVICE
getUserRewards ---> TOURGUIDESERVICE
getUserRewards ---> TOURGUIDESERVICE
getUserRewards ---> TOURGUIDESERVICE
getUserRewards ---> TOURGUIDESERVICE
getUserRewards ---> TOURGUIDESERVICE
getUserRewards ---> TOURGUIDESERVICE
getUserRewards ---> TOURGUIDESERVICE
getUserRewards ---> TOURGUIDESERVICE
getUserRewards ---> TOURGUIDESERVICE
getUserRewards ---> TOURGUIDESERVICE
getUserRewards ---> TOURGUIDESERVICE
getUserRewards ---> TOURGUIDESERVICE
getUserRewards ---> TOURGUIDESERVICE
getUserRewards ---> TOURGUIDESERVICE
getUserRewards ---> TOURGUIDESERVICE
getUserRewards ---> TOURGUIDESERVICE
getUserRewards ---> TOURGUIDESERVICE
getUserRewards ---> TOURGUIDESERVICE
getUserRewards ---> TOURGUIDESERVICE
getUserRewards ---> TOURGUIDESERVICE
getUserRewards ---> TOURGUIDESERVICE
getUserRewards ---> TOURGUIDESERVICE
getUserRewards ---> TOURGUIDESERVICE
getUserRewards ---> TOURGUIDESERVICE
getUserRewards ---> TOURGUIDESERVICE
getUserRewards ---> TOURGUIDESERVICE
getUserRewards ---> TOURGUIDESERVICE
getUserRewards ---> TOURGUIDESERVICE
getUserRewards ---> TOURGUIDESERVICE
getUserRewards ---> TOURGUIDESERVICE
getUserRewards ---> TOURGUIDESERVICE
getUserRewards ---> TOURGUIDESERVICE
getUserRewards ---> TOURGUIDESERVICE
getUserRewards ---> TOURGUIDESERVICE
getUserRewards ---> TOURGUIDESERVICE
getUserRewards ---> TOURGUIDESERVICE
getUserRewards ---> TOURGUIDESERVICE
getUserRewards ---> TOURGUIDESERVICE
getUserRewards ---> TOURGUIDESERVICE
getUserRewards ---> TOURGUIDESERVICE
getUserRewards ---> TOURGUIDESERVICE
getUserRewards ---> TOURGUIDESERVICE
getUserRewards ---> TOURGUIDESERVICE
getUserRewards ---> TOURGUIDESERVICE
getUserRewards ---> TOURGUIDESERVICE
getUserRewards ---> TOURGUIDESERVICE
getUserRewards ---> TOURGUIDESERVICE
getUserRewards ---> TOURGUIDESERVICE
getUserRewards ---> TOURGUIDESERVICE
getUserRewards ---> TOURGUIDESERVICE
getUserRewards ---> TOURGUIDESERVICE
getUserRewards ---> TOURGUIDESERVICE
getUserRewards ---> TOURGUIDESERVICE
getUserRewards ---> TOURGUIDESERVICE
getUserRewards ---> TOURGUIDESERVICE
getUserRewards ---> TOURGUIDESERVICE
getUserRewards ---> TOURGUIDESERVICE
getUserRewards ---> TOURGUIDESERVICE
getUserRewards ---> TOURGUIDESERVICE
getUserRewards ---> TOURGUIDESERVICE
getUserRewards ---> TOURGUIDESERVICE
getUserRewards ---> TOURGUIDESERVICE
getUserRewards ---> TOURGUIDESERVICE
getUserRewards ---> TOURGUIDESERVICE
getUserRewards ---> TOURGUIDESERVICE
getUserRewards ---> TOURGUIDESERVICE
getUserRewards ---> TOURGUIDESERVICE
getUserRewards ---> TOURGUIDESERVICE
getUserRewards ---> TOURGUIDESERVICE
getUserRewards ---> TOURGUIDESERVICE
getUserRewards ---> TOURGUIDESERVICE
getUserRewards ---> TOURGUIDESERVICE
getUserRewards ---> TOURGUIDESERVICE
getUserRewards ---> TOURGUIDESERVICE
getUserRewards ---> TOURGUIDESERVICE
getUserRewards ---> TOURGUIDESERVICE
getUserRewards ---> TOURGUIDESERVICE
getUserRewards ---> TOURGUIDESERVICE
getUserRewards ---> TOURGUIDESERVICE
getUserRewards ---> TOURGUIDESERVICE
getUserRewards ---> TOURGUIDESERVICE
getUserRewards ---> TOURGUIDESERVICE
getUserRewards ---> TOURGUIDESERVICE
getUserRewards ---> TOURGUIDESERVICE
getUserRewards ---> TOURGUIDESERVICE
getUserRewards ---> TOURGUIDESERVICE
getUserRewards ---> TOURGUIDESERVICE
getUserRewards ---> TOURGUIDESERVICE
getUserRewards ---> TOURGUIDESERVICE
getUserRewards ---> TOURGUIDESERVICE
getUserRewards ---> TOURGUIDESERVICE
getUserRewards ---> TOURGUIDESERVICE
getUserRewards ---> TOURGUIDESERVICE
getUserRewards ---> TOURGUIDESERVICE
getUserRewards ---> TOURGUIDESERVICE
getUserRewards ---> TOURGUIDESERVICE
getUserRewards ---> TOURGUIDESERVICE
getUserRewards ---> TOURGUIDESERVICE
getUserRewards ---> TOURGUIDESERVICE
getUserRewards ---> TOURGUIDESERVICE
getUserRewards ---> TOURGUIDESERVICE
getUserRewards ---> TOURGUIDESERVICE
getUserRewards ---> TOURGUIDESERVICE
getUserRewards ---> TOURGUIDESERVICE
getUserRewards ---> TOURGUIDESERVICE
getUserRewards ---> TOURGUIDESERVICE
getUserRewards ---> TOURGUIDESERVICE
getUserRewards ---> TOURGUIDESERVICE
getUserRewards ---> TOURGUIDESERVICE
getUserRewards ---> TOURGUIDESERVICE
getUserRewards ---> TOURGUIDESERVICE
getUserRewards ---> TOURGUIDESERVICE
getUserRewards ---> TOURGUIDESERVICE
getUserRewards ---> TOURGUIDESERVICE
getUserRewards ---> TOURGUIDESERVICE
getUserRewards ---> TOURGUIDESERVICE
getUserRewards ---> TOURGUIDESERVICE
getUserRewards ---> TOURGUIDESERVICE
getUserRewards ---> TOURGUIDESERVICE
getUserRewards ---> TOURGUIDESERVICE
getUserRewards ---> TOURGUIDESERVICE
getUserRewards ---> TOURGUIDESERVICE
getUserRewards ---> TOURGUIDESERVICE
getUserRewards ---> TOURGUIDESERVICE
getUserRewards ---> TOURGUIDESERVICE
getUserRewards ---> TOURGUIDESERVICE
getUserRewards ---> TOURGUIDESERVICE
getUserRewards ---> TOURGUIDESERVICE
getUserRewards ---> TOURGUIDESERVICE
getUserRewards ---> TOURGUIDESERVICE
getUserRewards ---> TOURGUIDESERVICE
getUserRewards ---> TOURGUIDESERVICE
getUserRewards ---> TOURGUIDESERVICE
getUserRewards ---> TOURGUIDESERVICE
getUserRewards ---> TOURGUIDESERVICE
getUserRewards ---> TOURGUIDESERVICE
getUserRewards ---> TOURGUIDESERVICE
getUserRewards ---> TOURGUIDESERVICE
getUserRewards ---> TOURGUIDESERVICE
getUserRewards ---> TOURGUIDESERVICE
getUserRewards ---> TOURGUIDESERVICE
getUserRewards ---> TOURGUIDESERVICE
getUserRewards ---> TOURGUIDESERVICE
getUserRewards ---> TOURGUIDESERVICE
getUserRewards ---> TOURGUIDESERVICE
getUserRewards ---> TOURGUIDESERVICE
getUserRewards ---> TOURGUIDESERVICE
getUserRewards ---> TOURGUIDESERVICE
getUserRewards ---> TOURGUIDESERVICE
getUserRewards ---> TOURGUIDESERVICE
getUserRewards ---> TOURGUIDESERVICE
getUserRewards ---> TOURGUIDESERVICE
getUserRewards ---> TOURGUIDESERVICE
getUserRewards ---> TOURGUIDESERVICE
getUserRewards ---> TOURGUIDESERVICE
getUserRewards ---> TOURGUIDESERVICE
getUserRewards ---> TOURGUIDESERVICE
getUserRewards ---> TOURGUIDESERVICE
getUserRewards ---> TOURGUIDESERVICE
getUserRewards ---> TOURGUIDESERVICE
getUserRewards ---> TOURGUIDESERVICE
getUserRewards ---> TOURGUIDESERVICE
getUserRewards ---> TOURGUIDESERVICE
getUserRewards ---> TOURGUIDESERVICE
getUserRewards ---> TOURGUIDESERVICE
getUserRewards ---> TOURGUIDESERVICE
getUserRewards ---> TOURGUIDESERVICE
getUserRewards ---> TOURGUIDESERVICE
getUserRewards ---> TOURGUIDESERVICE
getUserRewards ---> TOURGUIDESERVICE
getUserRewards ---> TOURGUIDESERVICE
getUserRewards ---> TOURGUIDESERVICE
getUserRewards ---> TOURGUIDESERVICE
getUserRewards ---> TOURGUIDESERVICE
getUserRewards ---> TOURGUIDESERVICE
getUserRewards ---> TOURGUIDESERVICE
getUserRewards ---> TOURGUIDESERVICE
getUserRewards ---> TOURGUIDESERVICE
getUserRewards ---> TOURGUIDESERVICE
getUserRewards ---> TOURGUIDESERVICE
getUserRewards ---> TOURGUIDESERVICE
getUserRewards ---> TOURGUIDESERVICE
getUserRewards ---> TOURGUIDESERVICE
getUserRewards ---> TOURGUIDESERVICE
getUserRewards ---> TOURGUIDESERVICE
getUserRewards ---> TOURGUIDESERVICE
getUserRewards ---> TOURGUIDESERVICE
getUserRewards ---> TOURGUIDESERVICE
getUserRewards ---> TOURGUIDESERVICE
getUserRewards ---> TOURGUIDESERVICE
getUserRewards ---> TOURGUIDESERVICE
getUserRewards ---> TOURGUIDESERVICE
getUserRewards ---> TOURGUIDESERVICE
getUserRewards ---> TOURGUIDESERVICE
getUserRewards ---> TOURGUIDESERVICE
getUserRewards ---> TOURGUIDESERVICE
getUserRewards ---> TOURGUIDESERVICE
getUserRewards ---> TOURGUIDESERVICE
getUserRewards ---> TOURGUIDESERVICE
getUserRewards ---> TOURGUIDESERVICE
getUserRewards ---> TOURGUIDESERVICE
getUserRewards ---> TOURGUIDESERVICE
getUserRewards ---> TOURGUIDESERVICE
getUserRewards ---> TOURGUIDESERVICE
getUserRewards ---> TOURGUIDESERVICE
getUserRewards ---> TOURGUIDESERVICE
getUserRewards ---> TOURGUIDESERVICE
getUserRewards ---> TOURGUIDESERVICE
getUserRewards ---> TOURGUIDESERVICE
getUserRewards ---> TOURGUIDESERVICE
getUserRewards ---> TOURGUIDESERVICE
getUserRewards ---> TOURGUIDESERVICE
getUserRewards ---> TOURGUIDESERVICE
getUserRewards ---> TOURGUIDESERVICE
getUserRewards ---> TOURGUIDESERVICE
getUserRewards ---> TOURGUIDESERVICE
getUserRewards ---> TOURGUIDESERVICE
getUserRewards ---> TOURGUIDESERVICE
getUserRewards ---> TOURGUIDESERVICE
getUserRewards ---> TOURGUIDESERVICE
getUserRewards ---> TOURGUIDESERVICE
getUserRewards ---> TOURGUIDESERVICE
getUserRewards ---> TOURGUIDESERVICE
getUserRewards ---> TOURGUIDESERVICE
getUserRewards ---> TOURGUIDESERVICE
getUserRewards ---> TOURGUIDESERVICE
getUserRewards ---> TOURGUIDESERVICE
getUserRewards ---> TOURGUIDESERVICE
getUserRewards ---> TOURGUIDESERVICE
getUserRewards ---> TOURGUIDESERVICE
getUserRewards ---> TOURGUIDESERVICE
getUserRewards ---> TOURGUIDESERVICE
getUserRewards ---> TOURGUIDESERVICE
getUserRewards ---> TOURGUIDESERVICE
getUserRewards ---> TOURGUIDESERVICE
getUserRewards ---> TOURGUIDESERVICE
getUserRewards ---> TOURGUIDESERVICE
getUserRewards ---> TOURGUIDESERVICE
getUserRewards ---> TOURGUIDESERVICE
getUserRewards ---> TOURGUIDESERVICE
getUserRewards ---> TOURGUIDESERVICE
getUserRewards ---> TOURGUIDESERVICE
getUserRewards ---> TOURGUIDESERVICE
getUserRewards ---> TOURGUIDESERVICE
getUserRewards ---> TOURGUIDESERVICE
getUserRewards ---> TOURGUIDESERVICE
getUserRewards ---> TOURGUIDESERVICE
getUserRewards ---> TOURGUIDESERVICE
getUserRewards ---> TOURGUIDESERVICE
getUserRewards ---> TOURGUIDESERVICE
getUserRewards ---> TOURGUIDESERVICE
getUserRewards ---> TOURGUIDESERVICE
getUserRewards ---> TOURGUIDESERVICE
getUserRewards ---> TOURGUIDESERVICE
getUserRewards ---> TOURGUIDESERVICE
getUserRewards ---> TOURGUIDESERVICE
getUserRewards ---> TOURGUIDESERVICE
getUserRewards ---> TOURGUIDESERVICE
getUserRewards ---> TOURGUIDESERVICE
getUserRewards ---> TOURGUIDESERVICE
getUserRewards ---> TOURGUIDESERVICE
getUserRewards ---> TOURGUIDESERVICE
getUserRewards ---> TOURGUIDESERVICE
getUserRewards ---> TOURGUIDESERVICE
getUserRewards ---> TOURGUIDESERVICE
getUserRewards ---> TOURGUIDESERVICE
getUserRewards ---> TOURGUIDESERVICE
getUserRewards ---> TOURGUIDESERVICE
getUserRewards ---> TOURGUIDESERVICE
getUserRewards ---> TOURGUIDESERVICE
getUserRewards ---> TOURGUIDESERVICE
getUserRewards ---> TOURGUIDESERVICE
getUserRewards ---> TOURGUIDESERVICE
getUserRewards ---> TOURGUIDESERVICE
getUserRewards ---> TOURGUIDESERVICE
getUserRewards ---> TOURGUIDESERVICE
getUserRewards ---> TOURGUIDESERVICE
getUserRewards ---> TOURGUIDESERVICE
getUserRewards ---> TOURGUIDESERVICE
getUserRewards ---> TOURGUIDESERVICE
getUserRewards ---> TOURGUIDESERVICE
getUserRewards ---> TOURGUIDESERVICE
getUserRewards ---> TOURGUIDESERVICE
getUserRewards ---> TOURGUIDESERVICE
getUserRewards ---> TOURGUIDESERVICE
getUserRewards ---> TOURGUIDESERVICE
getUserRewards ---> TOURGUIDESERVICE
getUserRewards ---> TOURGUIDESERVICE
getUserRewards ---> TOURGUIDESERVICE
getUserRewards ---> TOURGUIDESERVICE
getUserRewards ---> TOURGUIDESERVICE
getUserRewards ---> TOURGUIDESERVICE
getUserRewards ---> TOURGUIDESERVICE
getUserRewards ---> TOURGUIDESERVICE
getUserRewards ---> TOURGUIDESERVICE
getUserRewards ---> TOURGUIDESERVICE
getUserRewards ---> TOURGUIDESERVICE
getUserRewards ---> TOURGUIDESERVICE
getUserRewards ---> TOURGUIDESERVICE
getUserRewards ---> TOURGUIDESERVICE
getUserRewards ---> TOURGUIDESERVICE
getUserRewards ---> TOURGUIDESERVICE
getUserRewards ---> TOURGUIDESERVICE
getUserRewards ---> TOURGUIDESERVICE
getUserRewards ---> TOURGUIDESERVICE
getUserRewards ---> TOURGUIDESERVICE
getUserRewards ---> TOURGUIDESERVICE
getUserRewards ---> TOURGUIDESERVICE
getUserRewards ---> TOURGUIDESERVICE
getUserRewards ---> TOURGUIDESERVICE
getUserRewards ---> TOURGUIDESERVICE
getUserRewards ---> TOURGUIDESERVICE
getUserRewards ---> TOURGUIDESERVICE
getUserRewards ---> TOURGUIDESERVICE
getUserRewards ---> TOURGUIDESERVICE
getUserRewards ---> TOURGUIDESERVICE
getUserRewards ---> TOURGUIDESERVICE
getUserRewards ---> TOURGUIDESERVICE
getUserRewards ---> TOURGUIDESERVICE
getUserRewards ---> TOURGUIDESERVICE
getUserRewards ---> TOURGUIDESERVICE
getUserRewards ---> TOURGUIDESERVICE
getUserRewards ---> TOURGUIDESERVICE
getUserRewards ---> TOURGUIDESERVICE
getUserRewards ---> TOURGUIDESERVICE
getUserRewards ---> TOURGUIDESERVICE
getUserRewards ---> TOURGUIDESERVICE
getUserRewards ---> TOURGUIDESERVICE
getUserRewards ---> TOURGUIDESERVICE
getUserRewards ---> TOURGUIDESERVICE
getUserRewards ---> TOURGUIDESERVICE
getUserRewards ---> TOURGUIDESERVICE
getUserRewards ---> TOURGUIDESERVICE
getUserRewards ---> TOURGUIDESERVICE
getUserRewards ---> TOURGUIDESERVICE
getUserRewards ---> TOURGUIDESERVICE
getUserRewards ---> TOURGUIDESERVICE
getUserRewards ---> TOURGUIDESERVICE
getUserRewards ---> TOURGUIDESERVICE
getUserRewards ---> TOURGUIDESERVICE
getUserRewards ---> TOURGUIDESERVICE
getUserRewards ---> TOURGUIDESERVICE
getUserRewards ---> TOURGUIDESERVICE
getUserRewards ---> TOURGUIDESERVICE
getUserRewards ---> TOURGUIDESERVICE
getUserRewards ---> TOURGUIDESERVICE
getUserRewards ---> TOURGUIDESERVICE
getUserRewards ---> TOURGUIDESERVICE
getUserRewards ---> TOURGUIDESERVICE
getUserRewards ---> TOURGUIDESERVICE
getUserRewards ---> TOURGUIDESERVICE
getUserRewards ---> TOURGUIDESERVICE
getUserRewards ---> TOURGUIDESERVICE
getUserRewards ---> TOURGUIDESERVICE
getUserRewards ---> TOURGUIDESERVICE
getUserRewards ---> TOURGUIDESERVICE
getUserRewards ---> TOURGUIDESERVICE
getUserRewards ---> TOURGUIDESERVICE
getUserRewards ---> TOURGUIDESERVICE
getUserRewards ---> TOURGUIDESERVICE
getUserRewards ---> TOURGUIDESERVICE
getUserRewards ---> TOURGUIDESERVICE
getUserRewards ---> TOURGUIDESERVICE
getUserRewards ---> TOURGUIDESERVICE
getUserRewards ---> TOURGUIDESERVICE
getUserRewards ---> TOURGUIDESERVICE
getUserRewards ---> TOURGUIDESERVICE
getUserRewards ---> TOURGUIDESERVICE
getUserRewards ---> TOURGUIDESERVICE
getUserRewards ---> TOURGUIDESERVICE
getUserRewards ---> TOURGUIDESERVICE
getUserRewards ---> TOURGUIDESERVICE
getUserRewards ---> TOURGUIDESERVICE
getUserRewards ---> TOURGUIDESERVICE
getUserRewards ---> TOURGUIDESERVICE
getUserRewards ---> TOURGUIDESERVICE
getUserRewards ---> TOURGUIDESERVICE
getUserRewards ---> TOURGUIDESERVICE
getUserRewards ---> TOURGUIDESERVICE
getUserRewards ---> TOURGUIDESERVICE
getUserRewards ---> TOURGUIDESERVICE
getUserRewards ---> TOURGUIDESERVICE
getUserRewards ---> TOURGUIDESERVICE
getUserRewards ---> TOURGUIDESERVICE
getUserRewards ---> TOURGUIDESERVICE
getUserRewards ---> TOURGUIDESERVICE
getUserRewards ---> TOURGUIDESERVICE
getUserRewards ---> TOURGUIDESERVICE
getUserRewards ---> TOURGUIDESERVICE
getUserRewards ---> TOURGUIDESERVICE
getUserRewards ---> TOURGUIDESERVICE
getUserRewards ---> TOURGUIDESERVICE
getUserRewards ---> TOURGUIDESERVICE
getUserRewards ---> TOURGUIDESERVICE
getUserRewards ---> TOURGUIDESERVICE
getUserRewards ---> TOURGUIDESERVICE
getUserRewards ---> TOURGUIDESERVICE
getUserRewards ---> TOURGUIDESERVICE
getUserRewards ---> TOURGUIDESERVICE
getUserRewards ---> TOURGUIDESERVICE
getUserRewards ---> TOURGUIDESERVICE
getUserRewards ---> TOURGUIDESERVICE
getUserRewards ---> TOURGUIDESERVICE
getUserRewards ---> TOURGUIDESERVICE
getUserRewards ---> TOURGUIDESERVICE
getUserRewards ---> TOURGUIDESERVICE
getUserRewards ---> TOURGUIDESERVICE
getUserRewards ---> TOURGUIDESERVICE
getUserRewards ---> TOURGUIDESERVICE
getUserRewards ---> TOURGUIDESERVICE
getUserRewards ---> TOURGUIDESERVICE
getUserRewards ---> TOURGUIDESERVICE
getUserRewards ---> TOURGUIDESERVICE
getUserRewards ---> TOURGUIDESERVICE
getUserRewards ---> TOURGUIDESERVICE
getUserRewards ---> TOURGUIDESERVICE
getUserRewards ---> TOURGUIDESERVICE
getUserRewards ---> TOURGUIDESERVICE
getUserRewards ---> TOURGUIDESERVICE
getUserRewards ---> TOURGUIDESERVICE
getUserRewards ---> TOURGUIDESERVICE
getUserRewards ---> TOURGUIDESERVICE
getUserRewards ---> TOURGUIDESERVICE
getUserRewards ---> TOURGUIDESERVICE
getUserRewards ---> TOURGUIDESERVICE
getUserRewards ---> TOURGUIDESERVICE
getUserRewards ---> TOURGUIDESERVICE
getUserRewards ---> TOURGUIDESERVICE
getUserRewards ---> TOURGUIDESERVICE
getUserRewards ---> TOURGUIDESERVICE
getUserRewards ---> TOURGUIDESERVICE
getUserRewards ---> TOURGUIDESERVICE
getUserRewards ---> TOURGUIDESERVICE
getUserRewards ---> TOURGUIDESERVICE
getUserRewards ---> TOURGUIDESERVICE
getUserRewards ---> TOURGUIDESERVICE
getUserRewards ---> TOURGUIDESERVICE
getUserRewards ---> TOURGUIDESERVICE
getUserRewards ---> TOURGUIDESERVICE
getUserRewards ---> TOURGUIDESERVICE
getUserRewards ---> TOURGUIDESERVICE
getUserRewards ---> TOURGUIDESERVICE
getUserRewards ---> TOURGUIDESERVICE
getUserRewards ---> TOURGUIDESERVICE
getUserRewards ---> TOURGUIDESERVICE
getUserRewards ---> TOURGUIDESERVICE
getUserRewards ---> TOURGUIDESERVICE
getUserRewards ---> TOURGUIDESERVICE
getUserRewards ---> TOURGUIDESERVICE
getUserRewards ---> TOURGUIDESERVICE
getUserRewards ---> TOURGUIDESERVICE
getUserRewards ---> TOURGUIDESERVICE
getUserRewards ---> TOURGUIDESERVICE
getUserRewards ---> TOURGUIDESERVICE
getUserRewards ---> TOURGUIDESERVICE
getUserRewards ---> TOURGUIDESERVICE
getUserRewards ---> TOURGUIDESERVICE
getUserRewards ---> TOURGUIDESERVICE
getUserRewards ---> TOURGUIDESERVICE
getUserRewards ---> TOURGUIDESERVICE
getUserRewards ---> TOURGUIDESERVICE
getUserRewards ---> TOURGUIDESERVICE
getUserRewards ---> TOURGUIDESERVICE
getUserRewards ---> TOURGUIDESERVICE
getUserRewards ---> TOURGUIDESERVICE
getUserRewards ---> TOURGUIDESERVICE
getUserRewards ---> TOURGUIDESERVICE
getUserRewards ---> TOURGUIDESERVICE
getUserRewards ---> TOURGUIDESERVICE
getUserRewards ---> TOURGUIDESERVICE
getUserRewards ---> TOURGUIDESERVICE
getUserRewards ---> TOURGUIDESERVICE
getUserRewards ---> TOURGUIDESERVICE
getUserRewards ---> TOURGUIDESERVICE
getUserRewards ---> TOURGUIDESERVICE
getUserRewards ---> TOURGUIDESERVICE
getUserRewards ---> TOURGUIDESERVICE
getUserRewards ---> TOURGUIDESERVICE
getUserRewards ---> TOURGUIDESERVICE
getUserRewards ---> TOURGUIDESERVICE
getUserRewards ---> TOURGUIDESERVICE
getUserRewards ---> TOURGUIDESERVICE
getUserRewards ---> TOURGUIDESERVICE
getUserRewards ---> TOURGUIDESERVICE
getUserRewards ---> TOURGUIDESERVICE
getUserRewards ---> TOURGUIDESERVICE
getUserRewards ---> TOURGUIDESERVICE
getUserRewards ---> TOURGUIDESERVICE
getUserRewards ---> TOURGUIDESERVICE
getUserRewards ---> TOURGUIDESERVICE
getUserRewards ---> TOURGUIDESERVICE
getUserRewards ---> TOURGUIDESERVICE
getUserRewards ---> TOURGUIDESERVICE
getUserRewards ---> TOURGUIDESERVICE
getUserRewards ---> TOURGUIDESERVICE
getUserRewards ---> TOURGUIDESERVICE
getUserRewards ---> TOURGUIDESERVICE
getUserRewards ---> TOURGUIDESERVICE
getUserRewards ---> TOURGUIDESERVICE
getUserRewards ---> TOURGUIDESERVICE
getUserRewards ---> TOURGUIDESERVICE
getUserRewards ---> TOURGUIDESERVICE
getUserRewards ---> TOURGUIDESERVICE
getUserRewards ---> TOURGUIDESERVICE
getUserRewards ---> TOURGUIDESERVICE
getUserRewards ---> TOURGUIDESERVICE
getUserRewards ---> TOURGUIDESERVICE
getUserRewards ---> TOURGUIDESERVICE
getUserRewards ---> TOURGUIDESERVICE
getUserRewards ---> TOURGUIDESERVICE
getUserRewards ---> TOURGUIDESERVICE
getUserRewards ---> TOURGUIDESERVICE
getUserRewards ---> TOURGUIDESERVICE
getUserRewards ---> TOURGUIDESERVICE
getUserRewards ---> TOURGUIDESERVICE
getUserRewards ---> TOURGUIDESERVICE
getUserRewards ---> TOURGUIDESERVICE
getUserRewards ---> TOURGUIDESERVICE
getUserRewards ---> TOURGUIDESERVICE
getUserRewards ---> TOURGUIDESERVICE
getUserRewards ---> TOURGUIDESERVICE
getUserRewards ---> TOURGUIDESERVICE
getUserRewards ---> TOURGUIDESERVICE
getUserRewards ---> TOURGUIDESERVICE
getUserRewards ---> TOURGUIDESERVICE
getUserRewards ---> TOURGUIDESERVICE
getUserRewards ---> TOURGUIDESERVICE
getUserRewards ---> TOURGUIDESERVICE
getUserRewards ---> TOURGUIDESERVICE
getUserRewards ---> TOURGUIDESERVICE
getUserRewards ---> TOURGUIDESERVICE
getUserRewards ---> TOURGUIDESERVICE
getUserRewards ---> TOURGUIDESERVICE
getUserRewards ---> TOURGUIDESERVICE
getUserRewards ---> TOURGUIDESERVICE
getUserRewards ---> TOURGUIDESERVICE
getUserRewards ---> TOURGUIDESERVICE
getUserRewards ---> TOURGUIDESERVICE
getUserRewards ---> TOURGUIDESERVICE
getUserRewards ---> TOURGUIDESERVICE
getUserRewards ---> TOURGUIDESERVICE
getUserRewards ---> TOURGUIDESERVICE
getUserRewards ---> TOURGUIDESERVICE
getUserRewards ---> TOURGUIDESERVICE
getUserRewards ---> TOURGUIDESERVICE
getUserRewards ---> TOURGUIDESERVICE
getUserRewards ---> TOURGUIDESERVICE
getUserRewards ---> TOURGUIDESERVICE
getUserRewards ---> TOURGUIDESERVICE
getUserRewards ---> TOURGUIDESERVICE
getUserRewards ---> TOURGUIDESERVICE
getUserRewards ---> TOURGUIDESERVICE
getUserRewards ---> TOURGUIDESERVICE
getUserRewards ---> TOURGUIDESERVICE
getUserRewards ---> TOURGUIDESERVICE
getUserRewards ---> TOURGUIDESERVICE
getUserRewards ---> TOURGUIDESERVICE
getUserRewards ---> TOURGUIDESERVICE
getUserRewards ---> TOURGUIDESERVICE
getUserRewards ---> TOURGUIDESERVICE
getUserRewards ---> TOURGUIDESERVICE
getUserRewards ---> TOURGUIDESERVICE
getUserRewards ---> TOURGUIDESERVICE
getUserRewards ---> TOURGUIDESERVICE
getUserRewards ---> TOURGUIDESERVICE
getUserRewards ---> TOURGUIDESERVICE
getUserRewards ---> TOURGUIDESERVICE
getUserRewards ---> TOURGUIDESERVICE
getUserRewards ---> TOURGUIDESERVICE
getUserRewards ---> TOURGUIDESERVICE
getUserRewards ---> TOURGUIDESERVICE
getUserRewards ---> TOURGUIDESERVICE
getUserRewards ---> TOURGUIDESERVICE
getUserRewards ---> TOURGUIDESERVICE
getUserRewards ---> TOURGUIDESERVICE
getUserRewards ---> TOURGUIDESERVICE
getUserRewards ---> TOURGUIDESERVICE
getUserRewards ---> TOURGUIDESERVICE
getUserRewards ---> TOURGUIDESERVICE
getUserRewards ---> TOURGUIDESERVICE
getUserRewards ---> TOURGUIDESERVICE
getUserRewards ---> TOURGUIDESERVICE
getUserRewards ---> TOURGUIDESERVICE
getUserRewards ---> TOURGUIDESERVICE
getUserRewards ---> TOURGUIDESERVICE
getUserRewards ---> TOURGUIDESERVICE
getUserRewards ---> TOURGUIDESERVICE
getUserRewards ---> TOURGUIDESERVICE
getUserRewards ---> TOURGUIDESERVICE
getUserRewards ---> TOURGUIDESERVICE
getUserRewards ---> TOURGUIDESERVICE
getUserRewards ---> TOURGUIDESERVICE
getUserRewards ---> TOURGUIDESERVICE
getUserRewards ---> TOURGUIDESERVICE
getUserRewards ---> TOURGUIDESERVICE
getUserRewards ---> TOURGUIDESERVICE
getUserRewards ---> TOURGUIDESERVICE
getUserRewards ---> TOURGUIDESERVICE
getUserRewards ---> TOURGUIDESERVICE
getUserRewards ---> TOURGUIDESERVICE
getUserRewards ---> TOURGUIDESERVICE
getUserRewards ---> TOURGUIDESERVICE
getUserRewards ---> TOURGUIDESERVICE
getUserRewards ---> TOURGUIDESERVICE
getUserRewards ---> TOURGUIDESERVICE
getUserRewards ---> TOURGUIDESERVICE
getUserRewards ---> TOURGUIDESERVICE
getUserRewards ---> TOURGUIDESERVICE
getUserRewards ---> TOURGUIDESERVICE
getUserRewards ---> TOURGUIDESERVICE
getUserRewards ---> TOURGUIDESERVICE
getUserRewards ---> TOURGUIDESERVICE
getUserRewards ---> TOURGUIDESERVICE
getUserRewards ---> TOURGUIDESERVICE
getUserRewards ---> TOURGUIDESERVICE
getUserRewards ---> TOURGUIDESERVICE
getUserRewards ---> TOURGUIDESERVICE
getUserRewards ---> TOURGUIDESERVICE
getUserRewards ---> TOURGUIDESERVICE
getUserRewards ---> TOURGUIDESERVICE
getUserRewards ---> TOURGUIDESERVICE
getUserRewards ---> TOURGUIDESERVICE
getUserRewards ---> TOURGUIDESERVICE
getUserRewards ---> TOURGUIDESERVICE
getUserRewards ---> TOURGUIDESERVICE
getUserRewards ---> TOURGUIDESERVICE
getUserRewards ---> TOURGUIDESERVICE
getUserRewards ---> TOURGUIDESERVICE
getUserRewards ---> TOURGUIDESERVICE
getUserRewards ---> TOURGUIDESERVICE
getUserRewards ---> TOURGUIDESERVICE
getUserRewards ---> TOURGUIDESERVICE
getUserRewards ---> TOURGUIDESERVICE
getUserRewards ---> TOURGUIDESERVICE
getUserRewards ---> TOURGUIDESERVICE
getUserRewards ---> TOURGUIDESERVICE
getUserRewards ---> TOURGUIDESERVICE
getUserRewards ---> TOURGUIDESERVICE
getUserRewards ---> TOURGUIDESERVICE
getUserRewards ---> TOURGUIDESERVICE
getUserRewards ---> TOURGUIDESERVICE
getUserRewards ---> TOURGUIDESERVICE
getUserRewards ---> TOURGUIDESERVICE
getUserRewards ---> TOURGUIDESERVICE
getUserRewards ---> TOURGUIDESERVICE
getUserRewards ---> TOURGUIDESERVICE
getUserRewards ---> TOURGUIDESERVICE
getUserRewards ---> TOURGUIDESERVICE
getUserRewards ---> TOURGUIDESERVICE
getUserRewards ---> TOURGUIDESERVICE
getUserRewards ---> TOURGUIDESERVICE
getUserRewards ---> TOURGUIDESERVICE
getUserRewards ---> TOURGUIDESERVICE
getUserRewards ---> TOURGUIDESERVICE
getUserRewards ---> TOURGUIDESERVICE
getUserRewards ---> TOURGUIDESERVICE
getUserRewards ---> TOURGUIDESERVICE
getUserRewards ---> TOURGUIDESERVICE
getUserRewards ---> TOURGUIDESERVICE
getUserRewards ---> TOURGUIDESERVICE
getUserRewards ---> TOURGUIDESERVICE
getUserRewards ---> TOURGUIDESERVICE
getUserRewards ---> TOURGUIDESERVICE
getUserRewards ---> TOURGUIDESERVICE
getUserRewards ---> TOURGUIDESERVICE
getUserRewards ---> TOURGUIDESERVICE
getUserRewards ---> TOURGUIDESERVICE
getUserRewards ---> TOURGUIDESERVICE
getUserRewards ---> TOURGUIDESERVICE
getUserRewards ---> TOURGUIDESERVICE
getUserRewards ---> TOURGUIDESERVICE
getUserRewards ---> TOURGUIDESERVICE
getUserRewards ---> TOURGUIDESERVICE
getUserRewards ---> TOURGUIDESERVICE
getUserRewards ---> TOURGUIDESERVICE
getUserRewards ---> TOURGUIDESERVICE
getUserRewards ---> TOURGUIDESERVICE
getUserRewards ---> TOURGUIDESERVICE
getUserRewards ---> TOURGUIDESERVICE
getUserRewards ---> TOURGUIDESERVICE
getUserRewards ---> TOURGUIDESERVICE
getUserRewards ---> TOURGUIDESERVICE
getUserRewards ---> TOURGUIDESERVICE
getUserRewards ---> TOURGUIDESERVICE
getUserRewards ---> TOURGUIDESERVICE
getUserRewards ---> TOURGUIDESERVICE
getUserRewards ---> TOURGUIDESERVICE
getUserRewards ---> TOURGUIDESERVICE
getUserRewards ---> TOURGUIDESERVICE
getUserRewards ---> TOURGUIDESERVICE
getUserRewards ---> TOURGUIDESERVICE
getUserRewards ---> TOURGUIDESERVICE
getUserRewards ---> TOURGUIDESERVICE
getUserRewards ---> TOURGUIDESERVICE
getUserRewards ---> TOURGUIDESERVICE
getUserRewards ---> TOURGUIDESERVICE
getUserRewards ---> TOURGUIDESERVICE
getUserRewards ---> TOURGUIDESERVICE
getUserRewards ---> TOURGUIDESERVICE
getUserRewards ---> TOURGUIDESERVICE
getUserRewards ---> TOURGUIDESERVICE
getUserRewards ---> TOURGUIDESERVICE
getUserRewards ---> TOURGUIDESERVICE
getUserRewards ---> TOURGUIDESERVICE
getUserRewards ---> TOURGUIDESERVICE
getUserRewards ---> TOURGUIDESERVICE
getUserRewards ---> TOURGUIDESERVICE
getUserRewards ---> TOURGUIDESERVICE
getUserRewards ---> TOURGUIDESERVICE
getUserRewards ---> TOURGUIDESERVICE
getUserRewards ---> TOURGUIDESERVICE
getUserRewards ---> TOURGUIDESERVICE
getUserRewards ---> TOURGUIDESERVICE
getUserRewards ---> TOURGUIDESERVICE
getUserRewards ---> TOURGUIDESERVICE
getUserRewards ---> TOURGUIDESERVICE
getUserRewards ---> TOURGUIDESERVICE
getUserRewards ---> TOURGUIDESERVICE
getUserRewards ---> TOURGUIDESERVICE
getUserRewards ---> TOURGUIDESERVICE
getUserRewards ---> TOURGUIDESERVICE
getUserRewards ---> TOURGUIDESERVICE
getUserRewards ---> TOURGUIDESERVICE
getUserRewards ---> TOURGUIDESERVICE
getUserRewards ---> TOURGUIDESERVICE
getUserRewards ---> TOURGUIDESERVICE
getUserRewards ---> TOURGUIDESERVICE
getUserRewards ---> TOURGUIDESERVICE
getUserRewards ---> TOURGUIDESERVICE
getUserRewards ---> TOURGUIDESERVICE
getUserRewards ---> TOURGUIDESERVICE
getUserRewards ---> TOURGUIDESERVICE
getUserRewards ---> TOURGUIDESERVICE
getUserRewards ---> TOURGUIDESERVICE
getUserRewards ---> TOURGUIDESERVICE
getUserRewards ---> TOURGUIDESERVICE
getUserRewards ---> TOURGUIDESERVICE
getUserRewards ---> TOURGUIDESERVICE
getUserRewards ---> TOURGUIDESERVICE
getUserRewards ---> TOURGUIDESERVICE
getUserRewards ---> TOURGUIDESERVICE
getUserRewards ---> TOURGUIDESERVICE
getUserRewards ---> TOURGUIDESERVICE
getUserRewards ---> TOURGUIDESERVICE
getUserRewards ---> TOURGUIDESERVICE
getUserRewards ---> TOURGUIDESERVICE
getUserRewards ---> TOURGUIDESERVICE
getUserRewards ---> TOURGUIDESERVICE
getUserRewards ---> TOURGUIDESERVICE
getUserRewards ---> TOURGUIDESERVICE
getUserRewards ---> TOURGUIDESERVICE
getUserRewards ---> TOURGUIDESERVICE
getUserRewards ---> TOURGUIDESERVICE
getUserRewards ---> TOURGUIDESERVICE
getUserRewards ---> TOURGUIDESERVICE
getUserRewards ---> TOURGUIDESERVICE
getUserRewards ---> TOURGUIDESERVICE
getUserRewards ---> TOURGUIDESERVICE
getUserRewards ---> TOURGUIDESERVICE
getUserRewards ---> TOURGUIDESERVICE
getUserRewards ---> TOURGUIDESERVICE
getUserRewards ---> TOURGUIDESERVICE
getUserRewards ---> TOURGUIDESERVICE
getUserRewards ---> TOURGUIDESERVICE
getUserRewards ---> TOURGUIDESERVICE
getUserRewards ---> TOURGUIDESERVICE
getUserRewards ---> TOURGUIDESERVICE
getUserRewards ---> TOURGUIDESERVICE
getUserRewards ---> TOURGUIDESERVICE
getUserRewards ---> TOURGUIDESERVICE
getUserRewards ---> TOURGUIDESERVICE
getUserRewards ---> TOURGUIDESERVICE
getUserRewards ---> TOURGUIDESERVICE
getUserRewards ---> TOURGUIDESERVICE
getUserRewards ---> TOURGUIDESERVICE
getUserRewards ---> TOURGUIDESERVICE
getUserRewards ---> TOURGUIDESERVICE
getUserRewards ---> TOURGUIDESERVICE
getUserRewards ---> TOURGUIDESERVICE
getUserRewards ---> TOURGUIDESERVICE
getUserRewards ---> TOURGUIDESERVICE
getUserRewards ---> TOURGUIDESERVICE
getUserRewards ---> TOURGUIDESERVICE
getUserRewards ---> TOURGUIDESERVICE
getUserRewards ---> TOURGUIDESERVICE
getUserRewards ---> TOURGUIDESERVICE
getUserRewards ---> TOURGUIDESERVICE
getUserRewards ---> TOURGUIDESERVICE
getUserRewards ---> TOURGUIDESERVICE
getUserRewards ---> TOURGUIDESERVICE
getUserRewards ---> TOURGUIDESERVICE
getUserRewards ---> TOURGUIDESERVICE
getUserRewards ---> TOURGUIDESERVICE
getUserRewards ---> TOURGUIDESERVICE
getUserRewards ---> TOURGUIDESERVICE
getUserRewards ---> TOURGUIDESERVICE
getUserRewards ---> TOURGUIDESERVICE
getUserRewards ---> TOURGUIDESERVICE
getUserRewards ---> TOURGUIDESERVICE
getUserRewards ---> TOURGUIDESERVICE
getUserRewards ---> TOURGUIDESERVICE
getUserRewards ---> TOURGUIDESERVICE
getUserRewards ---> TOURGUIDESERVICE
getUserRewards ---> TOURGUIDESERVICE
getUserRewards ---> TOURGUIDESERVICE
getUserRewards ---> TOURGUIDESERVICE
getUserRewards ---> TOURGUIDESERVICE
getUserRewards ---> TOURGUIDESERVICE
getUserRewards ---> TOURGUIDESERVICE
getUserRewards ---> TOURGUIDESERVICE
getUserRewards ---> TOURGUIDESERVICE
getUserRewards ---> TOURGUIDESERVICE
getUserRewards ---> TOURGUIDESERVICE
getUserRewards ---> TOURGUIDESERVICE
getUserRewards ---> TOURGUIDESERVICE
getUserRewards ---> TOURGUIDESERVICE
getUserRewards ---> TOURGUIDESERVICE
getUserRewards ---> TOURGUIDESERVICE
getUserRewards ---> TOURGUIDESERVICE
getUserRewards ---> TOURGUIDESERVICE
getUserRewards ---> TOURGUIDESERVICE
getUserRewards ---> TOURGUIDESERVICE
getUserRewards ---> TOURGUIDESERVICE
getUserRewards ---> TOURGUIDESERVICE
getUserRewards ---> TOURGUIDESERVICE
getUserRewards ---> TOURGUIDESERVICE
getUserRewards ---> TOURGUIDESERVICE
getUserRewards ---> TOURGUIDESERVICE
getUserRewards ---> TOURGUIDESERVICE
getUserRewards ---> TOURGUIDESERVICE
getUserRewards ---> TOURGUIDESERVICE
getUserRewards ---> TOURGUIDESERVICE
getUserRewards ---> TOURGUIDESERVICE
getUserRewards ---> TOURGUIDESERVICE
getUserRewards ---> TOURGUIDESERVICE
getUserRewards ---> TOURGUIDESERVICE
getUserRewards ---> TOURGUIDESERVICE
getUserRewards ---> TOURGUIDESERVICE
getUserRewards ---> TOURGUIDESERVICE
getUserRewards ---> TOURGUIDESERVICE
getUserRewards ---> TOURGUIDESERVICE
getUserRewards ---> TOURGUIDESERVICE
getUserRewards ---> TOURGUIDESERVICE
getUserRewards ---> TOURGUIDESERVICE
getUserRewards ---> TOURGUIDESERVICE
getUserRewards ---> TOURGUIDESERVICE
getUserRewards ---> TOURGUIDESERVICE
getUserRewards ---> TOURGUIDESERVICE
getUserRewards ---> TOURGUIDESERVICE
getUserRewards ---> TOURGUIDESERVICE
getUserRewards ---> TOURGUIDESERVICE
getUserRewards ---> TOURGUIDESERVICE
getUserRewards ---> TOURGUIDESERVICE
getUserRewards ---> TOURGUIDESERVICE
getUserRewards ---> TOURGUIDESERVICE
getUserRewards ---> TOURGUIDESERVICE
getUserRewards ---> TOURGUIDESERVICE
getUserRewards ---> TOURGUIDESERVICE
getUserRewards ---> TOURGUIDESERVICE
getUserRewards ---> TOURGUIDESERVICE
getUserRewards ---> TOURGUIDESERVICE
getUserRewards ---> TOURGUIDESERVICE
getUserRewards ---> TOURGUIDESERVICE
getUserRewards ---> TOURGUIDESERVICE
getUserRewards ---> TOURGUIDESERVICE
getUserRewards ---> TOURGUIDESERVICE
getUserRewards ---> TOURGUIDESERVICE
getUserRewards ---> TOURGUIDESERVICE
getUserRewards ---> TOURGUIDESERVICE
getUserRewards ---> TOURGUIDESERVICE
getUserRewards ---> TOURGUIDESERVICE
getUserRewards ---> TOURGUIDESERVICE
getUserRewards ---> TOURGUIDESERVICE
getUserRewards ---> TOURGUIDESERVICE
getUserRewards ---> TOURGUIDESERVICE
getUserRewards ---> TOURGUIDESERVICE
getUserRewards ---> TOURGUIDESERVICE
getUserRewards ---> TOURGUIDESERVICE
getUserRewards ---> TOURGUIDESERVICE
getUserRewards ---> TOURGUIDESERVICE
getUserRewards ---> TOURGUIDESERVICE
getUserRewards ---> TOURGUIDESERVICE
getUserRewards ---> TOURGUIDESERVICE
getUserRewards ---> TOURGUIDESERVICE
getUserRewards ---> TOURGUIDESERVICE
getUserRewards ---> TOURGUIDESERVICE
getUserRewards ---> TOURGUIDESERVICE
getUserRewards ---> TOURGUIDESERVICE
getUserRewards ---> TOURGUIDESERVICE
getUserRewards ---> TOURGUIDESERVICE
getUserRewards ---> TOURGUIDESERVICE
getUserRewards ---> TOURGUIDESERVICE
getUserRewards ---> TOURGUIDESERVICE
getUserRewards ---> TOURGUIDESERVICE
getUserRewards ---> TOURGUIDESERVICE
getUserRewards ---> TOURGUIDESERVICE
getUserRewards ---> TOURGUIDESERVICE
getUserRewards ---> TOURGUIDESERVICE
getUserRewards ---> TOURGUIDESERVICE
getUserRewards ---> TOURGUIDESERVICE
getUserRewards ---> TOURGUIDESERVICE
getUserRewards ---> TOURGUIDESERVICE
getUserRewards ---> TOURGUIDESERVICE
getUserRewards ---> TOURGUIDESERVICE
getUserRewards ---> TOURGUIDESERVICE
getUserRewards ---> TOURGUIDESERVICE
getUserRewards ---> TOURGUIDESERVICE
getUserRewards ---> TOURGUIDESERVICE
getUserRewards ---> TOURGUIDESERVICE
getUserRewards ---> TOURGUIDESERVICE
getUserRewards ---> TOURGUIDESERVICE
getUserRewards ---> TOURGUIDESERVICE
getUserRewards ---> TOURGUIDESERVICE
getUserRewards ---> TOURGUIDESERVICE
getUserRewards ---> TOURGUIDESERVICE
getUserRewards ---> TOURGUIDESERVICE
getUserRewards ---> TOURGUIDESERVICE
getUserRewards ---> TOURGUIDESERVICE
getUserRewards ---> TOURGUIDESERVICE
getUserRewards ---> TOURGUIDESERVICE
getUserRewards ---> TOURGUIDESERVICE
getUserRewards ---> TOURGUIDESERVICE
getUserRewards ---> TOURGUIDESERVICE
getUserRewards ---> TOURGUIDESERVICE
getUserRewards ---> TOURGUIDESERVICE
getUserRewards ---> TOURGUIDESERVICE
getUserRewards ---> TOURGUIDESERVICE
getUserRewards ---> TOURGUIDESERVICE
getUserRewards ---> TOURGUIDESERVICE
getUserRewards ---> TOURGUIDESERVICE
getUserRewards ---> TOURGUIDESERVICE
getUserRewards ---> TOURGUIDESERVICE
getUserRewards ---> TOURGUIDESERVICE
getUserRewards ---> TOURGUIDESERVICE
getUserRewards ---> TOURGUIDESERVICE
getUserRewards ---> TOURGUIDESERVICE
getUserRewards ---> TOURGUIDESERVICE
getUserRewards ---> TOURGUIDESERVICE
getUserRewards ---> TOURGUIDESERVICE
getUserRewards ---> TOURGUIDESERVICE
getUserRewards ---> TOURGUIDESERVICE
getUserRewards ---> TOURGUIDESERVICE
getUserRewards ---> TOURGUIDESERVICE
getUserRewards ---> TOURGUIDESERVICE
getUserRewards ---> TOURGUIDESERVICE
getUserRewards ---> TOURGUIDESERVICE
getUserRewards ---> TOURGUIDESERVICE
getUserRewards ---> TOURGUIDESERVICE
getUserRewards ---> TOURGUIDESERVICE
getUserRewards ---> TOURGUIDESERVICE
getUserRewards ---> TOURGUIDESERVICE
getUserRewards ---> TOURGUIDESERVICE
getUserRewards ---> TOURGUIDESERVICE
getUserRewards ---> TOURGUIDESERVICE
getUserRewards ---> TOURGUIDESERVICE
getUserRewards ---> TOURGUIDESERVICE
getUserRewards ---> TOURGUIDESERVICE
getUserRewards ---> TOURGUIDESERVICE
getUserRewards ---> TOURGUIDESERVICE
getUserRewards ---> TOURGUIDESERVICE
getUserRewards ---> TOURGUIDESERVICE
getUserRewards ---> TOURGUIDESERVICE
getUserRewards ---> TOURGUIDESERVICE
getUserRewards ---> TOURGUIDESERVICE
getUserRewards ---> TOURGUIDESERVICE
getUserRewards ---> TOURGUIDESERVICE
getUserRewards ---> TOURGUIDESERVICE
getUserRewards ---> TOURGUIDESERVICE
getUserRewards ---> TOURGUIDESERVICE
getUserRewards ---> TOURGUIDESERVICE
getUserRewards ---> TOURGUIDESERVICE
getUserRewards ---> TOURGUIDESERVICE
getUserRewards ---> TOURGUIDESERVICE
getUserRewards ---> TOURGUIDESERVICE
getUserRewards ---> TOURGUIDESERVICE
getUserRewards ---> TOURGUIDESERVICE
getUserRewards ---> TOURGUIDESERVICE
getUserRewards ---> TOURGUIDESERVICE
getUserRewards ---> TOURGUIDESERVICE
getUserRewards ---> TOURGUIDESERVICE
getUserRewards ---> TOURGUIDESERVICE
getUserRewards ---> TOURGUIDESERVICE
getUserRewards ---> TOURGUIDESERVICE
getUserRewards ---> TOURGUIDESERVICE
getUserRewards ---> TOURGUIDESERVICE
getUserRewards ---> TOURGUIDESERVICE
getUserRewards ---> TOURGUIDESERVICE
getUserRewards ---> TOURGUIDESERVICE
getUserRewards ---> TOURGUIDESERVICE
getUserRewards ---> TOURGUIDESERVICE
getUserRewards ---> TOURGUIDESERVICE
getUserRewards ---> TOURGUIDESERVICE
getUserRewards ---> TOURGUIDESERVICE
getUserRewards ---> TOURGUIDESERVICE
getUserRewards ---> TOURGUIDESERVICE
getUserRewards ---> TOURGUIDESERVICE
getUserRewards ---> TOURGUIDESERVICE
getUserRewards ---> TOURGUIDESERVICE
getUserRewards ---> TOURGUIDESERVICE
getUserRewards ---> TOURGUIDESERVICE
getUserRewards ---> TOURGUIDESERVICE
getUserRewards ---> TOURGUIDESERVICE
getUserRewards ---> TOURGUIDESERVICE
getUserRewards ---> TOURGUIDESERVICE
getUserRewards ---> TOURGUIDESERVICE
getUserRewards ---> TOURGUIDESERVICE
getUserRewards ---> TOURGUIDESERVICE
getUserRewards ---> TOURGUIDESERVICE
getUserRewards ---> TOURGUIDESERVICE
getUserRewards ---> TOURGUIDESERVICE
getUserRewards ---> TOURGUIDESERVICE
getUserRewards ---> TOURGUIDESERVICE
getUserRewards ---> TOURGUIDESERVICE
getUserRewards ---> TOURGUIDESERVICE
getUserRewards ---> TOURGUIDESERVICE
getUserRewards ---> TOURGUIDESERVICE
getUserRewards ---> TOURGUIDESERVICE
getUserRewards ---> TOURGUIDESERVICE
getUserRewards ---> TOURGUIDESERVICE
getUserRewards ---> TOURGUIDESERVICE
getUserRewards ---> TOURGUIDESERVICE
getUserRewards ---> TOURGUIDESERVICE
getUserRewards ---> TOURGUIDESERVICE
getUserRewards ---> TOURGUIDESERVICE
getUserRewards ---> TOURGUIDESERVICE
getUserRewards ---> TOURGUIDESERVICE
getUserRewards ---> TOURGUIDESERVICE
getUserRewards ---> TOURGUIDESERVICE
getUserRewards ---> TOURGUIDESERVICE
getUserRewards ---> TOURGUIDESERVICE
getUserRewards ---> TOURGUIDESERVICE
getUserRewards ---> TOURGUIDESERVICE
getUserRewards ---> TOURGUIDESERVICE
getUserRewards ---> TOURGUIDESERVICE
getUserRewards ---> TOURGUIDESERVICE
getUserRewards ---> TOURGUIDESERVICE
getUserRewards ---> TOURGUIDESERVICE
getUserRewards ---> TOURGUIDESERVICE
getUserRewards ---> TOURGUIDESERVICE
getUserRewards ---> TOURGUIDESERVICE
getUserRewards ---> TOURGUIDESERVICE
getUserRewards ---> TOURGUIDESERVICE
getUserRewards ---> TOURGUIDESERVICE
getUserRewards ---> TOURGUIDESERVICE
getUserRewards ---> TOURGUIDESERVICE
getUserRewards ---> TOURGUIDESERVICE
getUserRewards ---> TOURGUIDESERVICE
getUserRewards ---> TOURGUIDESERVICE
getUserRewards ---> TOURGUIDESERVICE
getUserRewards ---> TOURGUIDESERVICE
getUserRewards ---> TOURGUIDESERVICE
getUserRewards ---> TOURGUIDESERVICE
getUserRewards ---> TOURGUIDESERVICE
getUserRewards ---> TOURGUIDESERVICE
getUserRewards ---> TOURGUIDESERVICE
getUserRewards ---> TOURGUIDESERVICE
getUserRewards ---> TOURGUIDESERVICE
getUserRewards ---> TOURGUIDESERVICE
getUserRewards ---> TOURGUIDESERVICE
getUserRewards ---> TOURGUIDESERVICE
getUserRewards ---> TOURGUIDESERVICE
getUserRewards ---> TOURGUIDESERVICE
getUserRewards ---> TOURGUIDESERVICE
getUserRewards ---> TOURGUIDESERVICE
getUserRewards ---> TOURGUIDESERVICE
getUserRewards ---> TOURGUIDESERVICE
getUserRewards ---> TOURGUIDESERVICE
getUserRewards ---> TOURGUIDESERVICE
getUserRewards ---> TOURGUIDESERVICE
getUserRewards ---> TOURGUIDESERVICE
getUserRewards ---> TOURGUIDESERVICE
getUserRewards ---> TOURGUIDESERVICE
getUserRewards ---> TOURGUIDESERVICE
getUserRewards ---> TOURGUIDESERVICE
getUserRewards ---> TOURGUIDESERVICE
getUserRewards ---> TOURGUIDESERVICE
getUserRewards ---> TOURGUIDESERVICE
getUserRewards ---> TOURGUIDESERVICE
getUserRewards ---> TOURGUIDESERVICE
getUserRewards ---> TOURGUIDESERVICE
getUserRewards ---> TOURGUIDESERVICE
getUserRewards ---> TOURGUIDESERVICE
getUserRewards ---> TOURGUIDESERVICE
getUserRewards ---> TOURGUIDESERVICE
getUserRewards ---> TOURGUIDESERVICE
getUserRewards ---> TOURGUIDESERVICE
getUserRewards ---> TOURGUIDESERVICE
getUserRewards ---> TOURGUIDESERVICE
getUserRewards ---> TOURGUIDESERVICE
getUserRewards ---> TOURGUIDESERVICE
getUserRewards ---> TOURGUIDESERVICE
getUserRewards ---> TOURGUIDESERVICE
getUserRewards ---> TOURGUIDESERVICE
getUserRewards ---> TOURGUIDESERVICE
getUserRewards ---> TOURGUIDESERVICE
getUserRewards ---> TOURGUIDESERVICE
getUserRewards ---> TOURGUIDESERVICE
getUserRewards ---> TOURGUIDESERVICE
getUserRewards ---> TOURGUIDESERVICE
getUserRewards ---> TOURGUIDESERVICE
getUserRewards ---> TOURGUIDESERVICE
getUserRewards ---> TOURGUIDESERVICE
getUserRewards ---> TOURGUIDESERVICE
getUserRewards ---> TOURGUIDESERVICE
getUserRewards ---> TOURGUIDESERVICE
getUserRewards ---> TOURGUIDESERVICE
getUserRewards ---> TOURGUIDESERVICE
getUserRewards ---> TOURGUIDESERVICE
getUserRewards ---> TOURGUIDESERVICE
getUserRewards ---> TOURGUIDESERVICE
getUserRewards ---> TOURGUIDESERVICE
getUserRewards ---> TOURGUIDESERVICE
getUserRewards ---> TOURGUIDESERVICE
getUserRewards ---> TOURGUIDESERVICE
getUserRewards ---> TOURGUIDESERVICE
getUserRewards ---> TOURGUIDESERVICE
getUserRewards ---> TOURGUIDESERVICE
getUserRewards ---> TOURGUIDESERVICE
getUserRewards ---> TOURGUIDESERVICE
getUserRewards ---> TOURGUIDESERVICE
getUserRewards ---> TOURGUIDESERVICE
getUserRewards ---> TOURGUIDESERVICE
getUserRewards ---> TOURGUIDESERVICE
getUserRewards ---> TOURGUIDESERVICE
getUserRewards ---> TOURGUIDESERVICE
getUserRewards ---> TOURGUIDESERVICE
getUserRewards ---> TOURGUIDESERVICE
getUserRewards ---> TOURGUIDESERVICE
getUserRewards ---> TOURGUIDESERVICE
getUserRewards ---> TOURGUIDESERVICE
getUserRewards ---> TOURGUIDESERVICE
getUserRewards ---> TOURGUIDESERVICE
getUserRewards ---> TOURGUIDESERVICE
getUserRewards ---> TOURGUIDESERVICE
getUserRewards ---> TOURGUIDESERVICE
getUserRewards ---> TOURGUIDESERVICE
getUserRewards ---> TOURGUIDESERVICE
getUserRewards ---> TOURGUIDESERVICE
getUserRewards ---> TOURGUIDESERVICE
getUserRewards ---> TOURGUIDESERVICE
getUserRewards ---> TOURGUIDESERVICE
getUserRewards ---> TOURGUIDESERVICE
getUserRewards ---> TOURGUIDESERVICE
getUserRewards ---> TOURGUIDESERVICE
getUserRewards ---> TOURGUIDESERVICE
getUserRewards ---> TOURGUIDESERVICE
getUserRewards ---> TOURGUIDESERVICE
getUserRewards ---> TOURGUIDESERVICE
getUserRewards ---> TOURGUIDESERVICE
getUserRewards ---> TOURGUIDESERVICE
getUserRewards ---> TOURGUIDESERVICE
getUserRewards ---> TOURGUIDESERVICE
getUserRewards ---> TOURGUIDESERVICE
getUserRewards ---> TOURGUIDESERVICE
getUserRewards ---> TOURGUIDESERVICE
getUserRewards ---> TOURGUIDESERVICE
getUserRewards ---> TOURGUIDESERVICE
getUserRewards ---> TOURGUIDESERVICE
getUserRewards ---> TOURGUIDESERVICE
getUserRewards ---> TOURGUIDESERVICE
getUserRewards ---> TOURGUIDESERVICE
getUserRewards ---> TOURGUIDESERVICE
getUserRewards ---> TOURGUIDESERVICE
getUserRewards ---> TOURGUIDESERVICE
getUserRewards ---> TOURGUIDESERVICE
getUserRewards ---> TOURGUIDESERVICE
getUserRewards ---> TOURGUIDESERVICE
getUserRewards ---> TOURGUIDESERVICE
getUserRewards ---> TOURGUIDESERVICE
getUserRewards ---> TOURGUIDESERVICE
getUserRewards ---> TOURGUIDESERVICE
getUserRewards ---> TOURGUIDESERVICE
getUserRewards ---> TOURGUIDESERVICE
getUserRewards ---> TOURGUIDESERVICE
getUserRewards ---> TOURGUIDESERVICE
getUserRewards ---> TOURGUIDESERVICE
getUserRewards ---> TOURGUIDESERVICE
getUserRewards ---> TOURGUIDESERVICE
getUserRewards ---> TOURGUIDESERVICE
getUserRewards ---> TOURGUIDESERVICE
getUserRewards ---> TOURGUIDESERVICE
getUserRewards ---> TOURGUIDESERVICE
getUserRewards ---> TOURGUIDESERVICE
getUserRewards ---> TOURGUIDESERVICE
getUserRewards ---> TOURGUIDESERVICE
getUserRewards ---> TOURGUIDESERVICE
getUserRewards ---> TOURGUIDESERVICE
getUserRewards ---> TOURGUIDESERVICE
getUserRewards ---> TOURGUIDESERVICE
getUserRewards ---> TOURGUIDESERVICE
getUserRewards ---> TOURGUIDESERVICE
getUserRewards ---> TOURGUIDESERVICE
getUserRewards ---> TOURGUIDESERVICE
getUserRewards ---> TOURGUIDESERVICE
getUserRewards ---> TOURGUIDESERVICE
getUserRewards ---> TOURGUIDESERVICE
getUserRewards ---> TOURGUIDESERVICE
getUserRewards ---> TOURGUIDESERVICE
getUserRewards ---> TOURGUIDESERVICE
getUserRewards ---> TOURGUIDESERVICE
getUserRewards ---> TOURGUIDESERVICE
getUserRewards ---> TOURGUIDESERVICE
getUserRewards ---> TOURGUIDESERVICE
getUserRewards ---> TOURGUIDESERVICE
getUserRewards ---> TOURGUIDESERVICE
getUserRewards ---> TOURGUIDESERVICE
getUserRewards ---> TOURGUIDESERVICE
getUserRewards ---> TOURGUIDESERVICE
getUserRewards ---> TOURGUIDESERVICE
getUserRewards ---> TOURGUIDESERVICE
getUserRewards ---> TOURGUIDESERVICE
getUserRewards ---> TOURGUIDESERVICE
getUserRewards ---> TOURGUIDESERVICE
getUserRewards ---> TOURGUIDESERVICE
getUserRewards ---> TOURGUIDESERVICE
getUserRewards ---> TOURGUIDESERVICE
getUserRewards ---> TOURGUIDESERVICE
getUserRewards ---> TOURGUIDESERVICE
getUserRewards ---> TOURGUIDESERVICE
getUserRewards ---> TOURGUIDESERVICE
getUserRewards ---> TOURGUIDESERVICE
getUserRewards ---> TOURGUIDESERVICE
getUserRewards ---> TOURGUIDESERVICE
getUserRewards ---> TOURGUIDESERVICE
getUserRewards ---> TOURGUIDESERVICE
getUserRewards ---> TOURGUIDESERVICE
getUserRewards ---> TOURGUIDESERVICE
getUserRewards ---> TOURGUIDESERVICE
getUserRewards ---> TOURGUIDESERVICE
getUserRewards ---> TOURGUIDESERVICE
getUserRewards ---> TOURGUIDESERVICE
getUserRewards ---> TOURGUIDESERVICE
getUserRewards ---> TOURGUIDESERVICE
getUserRewards ---> TOURGUIDESERVICE
getUserRewards ---> TOURGUIDESERVICE
getUserRewards ---> TOURGUIDESERVICE
getUserRewards ---> TOURGUIDESERVICE
getUserRewards ---> TOURGUIDESERVICE
getUserRewards ---> TOURGUIDESERVICE
getUserRewards ---> TOURGUIDESERVICE
getUserRewards ---> TOURGUIDESERVICE
getUserRewards ---> TOURGUIDESERVICE
getUserRewards ---> TOURGUIDESERVICE
getUserRewards ---> TOURGUIDESERVICE
getUserRewards ---> TOURGUIDESERVICE
getUserRewards ---> TOURGUIDESERVICE
getUserRewards ---> TOURGUIDESERVICE
getUserRewards ---> TOURGUIDESERVICE
getUserRewards ---> TOURGUIDESERVICE
getUserRewards ---> TOURGUIDESERVICE
getUserRewards ---> TOURGUIDESERVICE
getUserRewards ---> TOURGUIDESERVICE
getUserRewards ---> TOURGUIDESERVICE
getUserRewards ---> TOURGUIDESERVICE
getUserRewards ---> TOURGUIDESERVICE
getUserRewards ---> TOURGUIDESERVICE
getUserRewards ---> TOURGUIDESERVICE
getUserRewards ---> TOURGUIDESERVICE
getUserRewards ---> TOURGUIDESERVICE
getUserRewards ---> TOURGUIDESERVICE
getUserRewards ---> TOURGUIDESERVICE
getUserRewards ---> TOURGUIDESERVICE
getUserRewards ---> TOURGUIDESERVICE
getUserRewards ---> TOURGUIDESERVICE
getUserRewards ---> TOURGUIDESERVICE
getUserRewards ---> TOURGUIDESERVICE
getUserRewards ---> TOURGUIDESERVICE
getUserRewards ---> TOURGUIDESERVICE
getUserRewards ---> TOURGUIDESERVICE
getUserRewards ---> TOURGUIDESERVICE
getUserRewards ---> TOURGUIDESERVICE
getUserRewards ---> TOURGUIDESERVICE
getUserRewards ---> TOURGUIDESERVICE
getUserRewards ---> TOURGUIDESERVICE
getUserRewards ---> TOURGUIDESERVICE
getUserRewards ---> TOURGUIDESERVICE
getUserRewards ---> TOURGUIDESERVICE
getUserRewards ---> TOURGUIDESERVICE
getUserRewards ---> TOURGUIDESERVICE
getUserRewards ---> TOURGUIDESERVICE
getUserRewards ---> TOURGUIDESERVICE
getUserRewards ---> TOURGUIDESERVICE
getUserRewards ---> TOURGUIDESERVICE
getUserRewards ---> TOURGUIDESERVICE
getUserRewards ---> TOURGUIDESERVICE
getUserRewards ---> TOURGUIDESERVICE
getUserRewards ---> TOURGUIDESERVICE
getUserRewards ---> TOURGUIDESERVICE
getUserRewards ---> TOURGUIDESERVICE
getUserRewards ---> TOURGUIDESERVICE
getUserRewards ---> TOURGUIDESERVICE
getUserRewards ---> TOURGUIDESERVICE
getUserRewards ---> TOURGUIDESERVICE
getUserRewards ---> TOURGUIDESERVICE
getUserRewards ---> TOURGUIDESERVICE
getUserRewards ---> TOURGUIDESERVICE
getUserRewards ---> TOURGUIDESERVICE
getUserRewards ---> TOURGUIDESERVICE
getUserRewards ---> TOURGUIDESERVICE
getUserRewards ---> TOURGUIDESERVICE
getUserRewards ---> TOURGUIDESERVICE
getUserRewards ---> TOURGUIDESERVICE
getUserRewards ---> TOURGUIDESERVICE
getUserRewards ---> TOURGUIDESERVICE
getUserRewards ---> TOURGUIDESERVICE
getUserRewards ---> TOURGUIDESERVICE
getUserRewards ---> TOURGUIDESERVICE
getUserRewards ---> TOURGUIDESERVICE
getUserRewards ---> TOURGUIDESERVICE
getUserRewards ---> TOURGUIDESERVICE
getUserRewards ---> TOURGUIDESERVICE
getUserRewards ---> TOURGUIDESERVICE
getUserRewards ---> TOURGUIDESERVICE
getUserRewards ---> TOURGUIDESERVICE
getUserRewards ---> TOURGUIDESERVICE
getUserRewards ---> TOURGUIDESERVICE
getUserRewards ---> TOURGUIDESERVICE
getUserRewards ---> TOURGUIDESERVICE
getUserRewards ---> TOURGUIDESERVICE
getUserRewards ---> TOURGUIDESERVICE
getUserRewards ---> TOURGUIDESERVICE
getUserRewards ---> TOURGUIDESERVICE
getUserRewards ---> TOURGUIDESERVICE
getUserRewards ---> TOURGUIDESERVICE
getUserRewards ---> TOURGUIDESERVICE
getUserRewards ---> TOURGUIDESERVICE
getUserRewards ---> TOURGUIDESERVICE
getUserRewards ---> TOURGUIDESERVICE
getUserRewards ---> TOURGUIDESERVICE
getUserRewards ---> TOURGUIDESERVICE
getUserRewards ---> TOURGUIDESERVICE
getUserRewards ---> TOURGUIDESERVICE
getUserRewards ---> TOURGUIDESERVICE
getUserRewards ---> TOURGUIDESERVICE
getUserRewards ---> TOURGUIDESERVICE
getUserRewards ---> TOURGUIDESERVICE
getUserRewards ---> TOURGUIDESERVICE
getUserRewards ---> TOURGUIDESERVICE
getUserRewards ---> TOURGUIDESERVICE
getUserRewards ---> TOURGUIDESERVICE
getUserRewards ---> TOURGUIDESERVICE
getUserRewards ---> TOURGUIDESERVICE
getUserRewards ---> TOURGUIDESERVICE
getUserRewards ---> TOURGUIDESERVICE
getUserRewards ---> TOURGUIDESERVICE
getUserRewards ---> TOURGUIDESERVICE
getUserRewards ---> TOURGUIDESERVICE
getUserRewards ---> TOURGUIDESERVICE
getUserRewards ---> TOURGUIDESERVICE
getUserRewards ---> TOURGUIDESERVICE
getUserRewards ---> TOURGUIDESERVICE
getUserRewards ---> TOURGUIDESERVICE
getUserRewards ---> TOURGUIDESERVICE
getUserRewards ---> TOURGUIDESERVICE
getUserRewards ---> TOURGUIDESERVICE
getUserRewards ---> TOURGUIDESERVICE
getUserRewards ---> TOURGUIDESERVICE
getUserRewards ---> TOURGUIDESERVICE
getUserRewards ---> TOURGUIDESERVICE
getUserRewards ---> TOURGUIDESERVICE
getUserRewards ---> TOURGUIDESERVICE
getUserRewards ---> TOURGUIDESERVICE
getUserRewards ---> TOURGUIDESERVICE
getUserRewards ---> TOURGUIDESERVICE
getUserRewards ---> TOURGUIDESERVICE
getUserRewards ---> TOURGUIDESERVICE
getUserRewards ---> TOURGUIDESERVICE
getUserRewards ---> TOURGUIDESERVICE
getUserRewards ---> TOURGUIDESERVICE
getUserRewards ---> TOURGUIDESERVICE
getUserRewards ---> TOURGUIDESERVICE
getUserRewards ---> TOURGUIDESERVICE
getUserRewards ---> TOURGUIDESERVICE
getUserRewards ---> TOURGUIDESERVICE
getUserRewards ---> TOURGUIDESERVICE
getUserRewards ---> TOURGUIDESERVICE
getUserRewards ---> TOURGUIDESERVICE
getUserRewards ---> TOURGUIDESERVICE
getUserRewards ---> TOURGUIDESERVICE
getUserRewards ---> TOURGUIDESERVICE
getUserRewards ---> TOURGUIDESERVICE
getUserRewards ---> TOURGUIDESERVICE
getUserRewards ---> TOURGUIDESERVICE
getUserRewards ---> TOURGUIDESERVICE
getUserRewards ---> TOURGUIDESERVICE
getUserRewards ---> TOURGUIDESERVICE
getUserRewards ---> TOURGUIDESERVICE
getUserRewards ---> TOURGUIDESERVICE
getUserRewards ---> TOURGUIDESERVICE
getUserRewards ---> TOURGUIDESERVICE
getUserRewards ---> TOURGUIDESERVICE
getUserRewards ---> TOURGUIDESERVICE
getUserRewards ---> TOURGUIDESERVICE
getUserRewards ---> TOURGUIDESERVICE
getUserRewards ---> TOURGUIDESERVICE
getUserRewards ---> TOURGUIDESERVICE
getUserRewards ---> TOURGUIDESERVICE
getUserRewards ---> TOURGUIDESERVICE
getUserRewards ---> TOURGUIDESERVICE
getUserRewards ---> TOURGUIDESERVICE
getUserRewards ---> TOURGUIDESERVICE
getUserRewards ---> TOURGUIDESERVICE
getUserRewards ---> TOURGUIDESERVICE
getUserRewards ---> TOURGUIDESERVICE
getUserRewards ---> TOURGUIDESERVICE
getUserRewards ---> TOURGUIDESERVICE
getUserRewards ---> TOURGUIDESERVICE
getUserRewards ---> TOURGUIDESERVICE
getUserRewards ---> TOURGUIDESERVICE
getUserRewards ---> TOURGUIDESERVICE
getUserRewards ---> TOURGUIDESERVICE
getUserRewards ---> TOURGUIDESERVICE
getUserRewards ---> TOURGUIDESERVICE
getUserRewards ---> TOURGUIDESERVICE
getUserRewards ---> TOURGUIDESERVICE
getUserRewards ---> TOURGUIDESERVICE
getUserRewards ---> TOURGUIDESERVICE
getUserRewards ---> TOURGUIDESERVICE
getUserRewards ---> TOURGUIDESERVICE
getUserRewards ---> TOURGUIDESERVICE
getUserRewards ---> TOURGUIDESERVICE
getUserRewards ---> TOURGUIDESERVICE
getUserRewards ---> TOURGUIDESERVICE
getUserRewards ---> TOURGUIDESERVICE
getUserRewards ---> TOURGUIDESERVICE
getUserRewards ---> TOURGUIDESERVICE
getUserRewards ---> TOURGUIDESERVICE
getUserRewards ---> TOURGUIDESERVICE
getUserRewards ---> TOURGUIDESERVICE
getUserRewards ---> TOURGUIDESERVICE
getUserRewards ---> TOURGUIDESERVICE
getUserRewards ---> TOURGUIDESERVICE
getUserRewards ---> TOURGUIDESERVICE
getUserRewards ---> TOURGUIDESERVICE
getUserRewards ---> TOURGUIDESERVICE
getUserRewards ---> TOURGUIDESERVICE
getUserRewards ---> TOURGUIDESERVICE
getUserRewards ---> TOURGUIDESERVICE
getUserRewards ---> TOURGUIDESERVICE
getUserRewards ---> TOURGUIDESERVICE
getUserRewards ---> TOURGUIDESERVICE
getUserRewards ---> TOURGUIDESERVICE
getUserRewards ---> TOURGUIDESERVICE
getUserRewards ---> TOURGUIDESERVICE
getUserRewards ---> TOURGUIDESERVICE
getUserRewards ---> TOURGUIDESERVICE
getUserRewards ---> TOURGUIDESERVICE
getUserRewards ---> TOURGUIDESERVICE
getUserRewards ---> TOURGUIDESERVICE
getUserRewards ---> TOURGUIDESERVICE
getUserRewards ---> TOURGUIDESERVICE
getUserRewards ---> TOURGUIDESERVICE
getUserRewards ---> TOURGUIDESERVICE
getUserRewards ---> TOURGUIDESERVICE
getUserRewards ---> TOURGUIDESERVICE
getUserRewards ---> TOURGUIDESERVICE
getUserRewards ---> TOURGUIDESERVICE
getUserRewards ---> TOURGUIDESERVICE
getUserRewards ---> TOURGUIDESERVICE
getUserRewards ---> TOURGUIDESERVICE
getUserRewards ---> TOURGUIDESERVICE
getUserRewards ---> TOURGUIDESERVICE
getUserRewards ---> TOURGUIDESERVICE
getUserRewards ---> TOURGUIDESERVICE
getUserRewards ---> TOURGUIDESERVICE
getUserRewards ---> TOURGUIDESERVICE
getUserRewards ---> TOURGUIDESERVICE
getUserRewards ---> TOURGUIDESERVICE
getUserRewards ---> TOURGUIDESERVICE
getUserRewards ---> TOURGUIDESERVICE
getUserRewards ---> TOURGUIDESERVICE
getUserRewards ---> TOURGUIDESERVICE
getUserRewards ---> TOURGUIDESERVICE
getUserRewards ---> TOURGUIDESERVICE
getUserRewards ---> TOURGUIDESERVICE
getUserRewards ---> TOURGUIDESERVICE
getUserRewards ---> TOURGUIDESERVICE
getUserRewards ---> TOURGUIDESERVICE
getUserRewards ---> TOURGUIDESERVICE
getUserRewards ---> TOURGUIDESERVICE
getUserRewards ---> TOURGUIDESERVICE
getUserRewards ---> TOURGUIDESERVICE
getUserRewards ---> TOURGUIDESERVICE
getUserRewards ---> TOURGUIDESERVICE
getUserRewards ---> TOURGUIDESERVICE
getUserRewards ---> TOURGUIDESERVICE
getUserRewards ---> TOURGUIDESERVICE
getUserRewards ---> TOURGUIDESERVICE
getUserRewards ---> TOURGUIDESERVICE
getUserRewards ---> TOURGUIDESERVICE
getUserRewards ---> TOURGUIDESERVICE
getUserRewards ---> TOURGUIDESERVICE
getUserRewards ---> TOURGUIDESERVICE
getUserRewards ---> TOURGUIDESERVICE
getUserRewards ---> TOURGUIDESERVICE
getUserRewards ---> TOURGUIDESERVICE
getUserRewards ---> TOURGUIDESERVICE
getUserRewards ---> TOURGUIDESERVICE
getUserRewards ---> TOURGUIDESERVICE
getUserRewards ---> TOURGUIDESERVICE
getUserRewards ---> TOURGUIDESERVICE
getUserRewards ---> TOURGUIDESERVICE
getUserRewards ---> TOURGUIDESERVICE
getUserRewards ---> TOURGUIDESERVICE
getUserRewards ---> TOURGUIDESERVICE
getUserRewards ---> TOURGUIDESERVICE
getUserRewards ---> TOURGUIDESERVICE
getUserRewards ---> TOURGUIDESERVICE
getUserRewards ---> TOURGUIDESERVICE
getUserRewards ---> TOURGUIDESERVICE
getUserRewards ---> TOURGUIDESERVICE
getUserRewards ---> TOURGUIDESERVICE
getUserRewards ---> TOURGUIDESERVICE
getUserRewards ---> TOURGUIDESERVICE
getUserRewards ---> TOURGUIDESERVICE
getUserRewards ---> TOURGUIDESERVICE
getUserRewards ---> TOURGUIDESERVICE
getUserRewards ---> TOURGUIDESERVICE
getUserRewards ---> TOURGUIDESERVICE
getUserRewards ---> TOURGUIDESERVICE
getUserRewards ---> TOURGUIDESERVICE
getUserRewards ---> TOURGUIDESERVICE
getUserRewards ---> TOURGUIDESERVICE
getUserRewards ---> TOURGUIDESERVICE
getUserRewards ---> TOURGUIDESERVICE
getUserRewards ---> TOURGUIDESERVICE
getUserRewards ---> TOURGUIDESERVICE
getUserRewards ---> TOURGUIDESERVICE
getUserRewards ---> TOURGUIDESERVICE
getUserRewards ---> TOURGUIDESERVICE
getUserRewards ---> TOURGUIDESERVICE
getUserRewards ---> TOURGUIDESERVICE
getUserRewards ---> TOURGUIDESERVICE
getUserRewards ---> TOURGUIDESERVICE
getUserRewards ---> TOURGUIDESERVICE
getUserRewards ---> TOURGUIDESERVICE
getUserRewards ---> TOURGUIDESERVICE
getUserRewards ---> TOURGUIDESERVICE
getUserRewards ---> TOURGUIDESERVICE
getUserRewards ---> TOURGUIDESERVICE
getUserRewards ---> TOURGUIDESERVICE
getUserRewards ---> TOURGUIDESERVICE
getUserRewards ---> TOURGUIDESERVICE
getUserRewards ---> TOURGUIDESERVICE
getUserRewards ---> TOURGUIDESERVICE
getUserRewards ---> TOURGUIDESERVICE
getUserRewards ---> TOURGUIDESERVICE
getUserRewards ---> TOURGUIDESERVICE
getUserRewards ---> TOURGUIDESERVICE
getUserRewards ---> TOURGUIDESERVICE
getUserRewards ---> TOURGUIDESERVICE
getUserRewards ---> TOURGUIDESERVICE
getUserRewards ---> TOURGUIDESERVICE
getUserRewards ---> TOURGUIDESERVICE
getUserRewards ---> TOURGUIDESERVICE
getUserRewards ---> TOURGUIDESERVICE
getUserRewards ---> TOURGUIDESERVICE
getUserRewards ---> TOURGUIDESERVICE
getUserRewards ---> TOURGUIDESERVICE
getUserRewards ---> TOURGUIDESERVICE
getUserRewards ---> TOURGUIDESERVICE
getUserRewards ---> TOURGUIDESERVICE
getUserRewards ---> TOURGUIDESERVICE
getUserRewards ---> TOURGUIDESERVICE
getUserRewards ---> TOURGUIDESERVICE
getUserRewards ---> TOURGUIDESERVICE
getUserRewards ---> TOURGUIDESERVICE
getUserRewards ---> TOURGUIDESERVICE
getUserRewards ---> TOURGUIDESERVICE
getUserRewards ---> TOURGUIDESERVICE
getUserRewards ---> TOURGUIDESERVICE
getUserRewards ---> TOURGUIDESERVICE
getUserRewards ---> TOURGUIDESERVICE
getUserRewards ---> TOURGUIDESERVICE
getUserRewards ---> TOURGUIDESERVICE
getUserRewards ---> TOURGUIDESERVICE
getUserRewards ---> TOURGUIDESERVICE
getUserRewards ---> TOURGUIDESERVICE
getUserRewards ---> TOURGUIDESERVICE
getUserRewards ---> TOURGUIDESERVICE
getUserRewards ---> TOURGUIDESERVICE
getUserRewards ---> TOURGUIDESERVICE
getUserRewards ---> TOURGUIDESERVICE
getUserRewards ---> TOURGUIDESERVICE
getUserRewards ---> TOURGUIDESERVICE
getUserRewards ---> TOURGUIDESERVICE
getUserRewards ---> TOURGUIDESERVICE
getUserRewards ---> TOURGUIDESERVICE
getUserRewards ---> TOURGUIDESERVICE
getUserRewards ---> TOURGUIDESERVICE
getUserRewards ---> TOURGUIDESERVICE
getUserRewards ---> TOURGUIDESERVICE
getUserRewards ---> TOURGUIDESERVICE
getUserRewards ---> TOURGUIDESERVICE
getUserRewards ---> TOURGUIDESERVICE
getUserRewards ---> TOURGUIDESERVICE
getUserRewards ---> TOURGUIDESERVICE
getUserRewards ---> TOURGUIDESERVICE
getUserRewards ---> TOURGUIDESERVICE
getUserRewards ---> TOURGUIDESERVICE
getUserRewards ---> TOURGUIDESERVICE
getUserRewards ---> TOURGUIDESERVICE
getUserRewards ---> TOURGUIDESERVICE
getUserRewards ---> TOURGUIDESERVICE
getUserRewards ---> TOURGUIDESERVICE
getUserRewards ---> TOURGUIDESERVICE
getUserRewards ---> TOURGUIDESERVICE
getUserRewards ---> TOURGUIDESERVICE
getUserRewards ---> TOURGUIDESERVICE
getUserRewards ---> TOURGUIDESERVICE
getUserRewards ---> TOURGUIDESERVICE
getUserRewards ---> TOURGUIDESERVICE
getUserRewards ---> TOURGUIDESERVICE
getUserRewards ---> TOURGUIDESERVICE
getUserRewards ---> TOURGUIDESERVICE
getUserRewards ---> TOURGUIDESERVICE
getUserRewards ---> TOURGUIDESERVICE
getUserRewards ---> TOURGUIDESERVICE
getUserRewards ---> TOURGUIDESERVICE
getUserRewards ---> TOURGUIDESERVICE
getUserRewards ---> TOURGUIDESERVICE
getUserRewards ---> TOURGUIDESERVICE
getUserRewards ---> TOURGUIDESERVICE
getUserRewards ---> TOURGUIDESERVICE
getUserRewards ---> TOURGUIDESERVICE
getUserRewards ---> TOURGUIDESERVICE
getUserRewards ---> TOURGUIDESERVICE
getUserRewards ---> TOURGUIDESERVICE
getUserRewards ---> TOURGUIDESERVICE
getUserRewards ---> TOURGUIDESERVICE
getUserRewards ---> TOURGUIDESERVICE
getUserRewards ---> TOURGUIDESERVICE
getUserRewards ---> TOURGUIDESERVICE
getUserRewards ---> TOURGUIDESERVICE
getUserRewards ---> TOURGUIDESERVICE
getUserRewards ---> TOURGUIDESERVICE
getUserRewards ---> TOURGUIDESERVICE
getUserRewards ---> TOURGUIDESERVICE
getUserRewards ---> TOURGUIDESERVICE
getUserRewards ---> TOURGUIDESERVICE
getUserRewards ---> TOURGUIDESERVICE
getUserRewards ---> TOURGUIDESERVICE
getUserRewards ---> TOURGUIDESERVICE
getUserRewards ---> TOURGUIDESERVICE
getUserRewards ---> TOURGUIDESERVICE
getUserRewards ---> TOURGUIDESERVICE
getUserRewards ---> TOURGUIDESERVICE
getUserRewards ---> TOURGUIDESERVICE
getUserRewards ---> TOURGUIDESERVICE
getUserRewards ---> TOURGUIDESERVICE
getUserRewards ---> TOURGUIDESERVICE
getUserRewards ---> TOURGUIDESERVICE
getUserRewards ---> TOURGUIDESERVICE
getUserRewards ---> TOURGUIDESERVICE
getUserRewards ---> TOURGUIDESERVICE
getUserRewards ---> TOURGUIDESERVICE
getUserRewards ---> TOURGUIDESERVICE
getUserRewards ---> TOURGUIDESERVICE
getUserRewards ---> TOURGUIDESERVICE
getUserRewards ---> TOURGUIDESERVICE
getUserRewards ---> TOURGUIDESERVICE
getUserRewards ---> TOURGUIDESERVICE
getUserRewards ---> TOURGUIDESERVICE
getUserRewards ---> TOURGUIDESERVICE
getUserRewards ---> TOURGUIDESERVICE
getUserRewards ---> TOURGUIDESERVICE
getUserRewards ---> TOURGUIDESERVICE
getUserRewards ---> TOURGUIDESERVICE
getUserRewards ---> TOURGUIDESERVICE
getUserRewards ---> TOURGUIDESERVICE
getUserRewards ---> TOURGUIDESERVICE
getUserRewards ---> TOURGUIDESERVICE
getUserRewards ---> TOURGUIDESERVICE
getUserRewards ---> TOURGUIDESERVICE
getUserRewards ---> TOURGUIDESERVICE
getUserRewards ---> TOURGUIDESERVICE
getUserRewards ---> TOURGUIDESERVICE
getUserRewards ---> TOURGUIDESERVICE
getUserRewards ---> TOURGUIDESERVICE
getUserRewards ---> TOURGUIDESERVICE
getUserRewards ---> TOURGUIDESERVICE
getUserRewards ---> TOURGUIDESERVICE
getUserRewards ---> TOURGUIDESERVICE
getUserRewards ---> TOURGUIDESERVICE
getUserRewards ---> TOURGUIDESERVICE
getUserRewards ---> TOURGUIDESERVICE
getUserRewards ---> TOURGUIDESERVICE
getUserRewards ---> TOURGUIDESERVICE
getUserRewards ---> TOURGUIDESERVICE
getUserRewards ---> TOURGUIDESERVICE
getUserRewards ---> TOURGUIDESERVICE
getUserRewards ---> TOURGUIDESERVICE
getUserRewards ---> TOURGUIDESERVICE
getUserRewards ---> TOURGUIDESERVICE
getUserRewards ---> TOURGUIDESERVICE
getUserRewards ---> TOURGUIDESERVICE
getUserRewards ---> TOURGUIDESERVICE
getUserRewards ---> TOURGUIDESERVICE
getUserRewards ---> TOURGUIDESERVICE
getUserRewards ---> TOURGUIDESERVICE
getUserRewards ---> TOURGUIDESERVICE
getUserRewards ---> TOURGUIDESERVICE
getUserRewards ---> TOURGUIDESERVICE
getUserRewards ---> TOURGUIDESERVICE
getUserRewards ---> TOURGUIDESERVICE
getUserRewards ---> TOURGUIDESERVICE
getUserRewards ---> TOURGUIDESERVICE
getUserRewards ---> TOURGUIDESERVICE
getUserRewards ---> TOURGUIDESERVICE
getUserRewards ---> TOURGUIDESERVICE
getUserRewards ---> TOURGUIDESERVICE
getUserRewards ---> TOURGUIDESERVICE
getUserRewards ---> TOURGUIDESERVICE
getUserRewards ---> TOURGUIDESERVICE
getUserRewards ---> TOURGUIDESERVICE
getUserRewards ---> TOURGUIDESERVICE
getUserRewards ---> TOURGUIDESERVICE
getUserRewards ---> TOURGUIDESERVICE
getUserRewards ---> TOURGUIDESERVICE
getUserRewards ---> TOURGUIDESERVICE
getUserRewards ---> TOURGUIDESERVICE
getUserRewards ---> TOURGUIDESERVICE
getUserRewards ---> TOURGUIDESERVICE
getUserRewards ---> TOURGUIDESERVICE
getUserRewards ---> TOURGUIDESERVICE
getUserRewards ---> TOURGUIDESERVICE
getUserRewards ---> TOURGUIDESERVICE
getUserRewards ---> TOURGUIDESERVICE
getUserRewards ---> TOURGUIDESERVICE
getUserRewards ---> TOURGUIDESERVICE
getUserRewards ---> TOURGUIDESERVICE
getUserRewards ---> TOURGUIDESERVICE
getUserRewards ---> TOURGUIDESERVICE
getUserRewards ---> TOURGUIDESERVICE
getUserRewards ---> TOURGUIDESERVICE
getUserRewards ---> TOURGUIDESERVICE
getUserRewards ---> TOURGUIDESERVICE
getUserRewards ---> TOURGUIDESERVICE
getUserRewards ---> TOURGUIDESERVICE
getUserRewards ---> TOURGUIDESERVICE
getUserRewards ---> TOURGUIDESERVICE
getUserRewards ---> TOURGUIDESERVICE
getUserRewards ---> TOURGUIDESERVICE
getUserRewards ---> TOURGUIDESERVICE
getUserRewards ---> TOURGUIDESERVICE
getUserRewards ---> TOURGUIDESERVICE
getUserRewards ---> TOURGUIDESERVICE
getUserRewards ---> TOURGUIDESERVICE
getUserRewards ---> TOURGUIDESERVICE
getUserRewards ---> TOURGUIDESERVICE
getUserRewards ---> TOURGUIDESERVICE
getUserRewards ---> TOURGUIDESERVICE
getUserRewards ---> TOURGUIDESERVICE
getUserRewards ---> TOURGUIDESERVICE
getUserRewards ---> TOURGUIDESERVICE
getUserRewards ---> TOURGUIDESERVICE
getUserRewards ---> TOURGUIDESERVICE
getUserRewards ---> TOURGUIDESERVICE
getUserRewards ---> TOURGUIDESERVICE
getUserRewards ---> TOURGUIDESERVICE
getUserRewards ---> TOURGUIDESERVICE
getUserRewards ---> TOURGUIDESERVICE
getUserRewards ---> TOURGUIDESERVICE
getUserRewards ---> TOURGUIDESERVICE
getUserRewards ---> TOURGUIDESERVICE
getUserRewards ---> TOURGUIDESERVICE
getUserRewards ---> TOURGUIDESERVICE
getUserRewards ---> TOURGUIDESERVICE
getUserRewards ---> TOURGUIDESERVICE
getUserRewards ---> TOURGUIDESERVICE
getUserRewards ---> TOURGUIDESERVICE
getUserRewards ---> TOURGUIDESERVICE
getUserRewards ---> TOURGUIDESERVICE
getUserRewards ---> TOURGUIDESERVICE
getUserRewards ---> TOURGUIDESERVICE
getUserRewards ---> TOURGUIDESERVICE
getUserRewards ---> TOURGUIDESERVICE
getUserRewards ---> TOURGUIDESERVICE
getUserRewards ---> TOURGUIDESERVICE
getUserRewards ---> TOURGUIDESERVICE
getUserRewards ---> TOURGUIDESERVICE
getUserRewards ---> TOURGUIDESERVICE
getUserRewards ---> TOURGUIDESERVICE
getUserRewards ---> TOURGUIDESERVICE
getUserRewards ---> TOURGUIDESERVICE
getUserRewards ---> TOURGUIDESERVICE
getUserRewards ---> TOURGUIDESERVICE
getUserRewards ---> TOURGUIDESERVICE
getUserRewards ---> TOURGUIDESERVICE
getUserRewards ---> TOURGUIDESERVICE
getUserRewards ---> TOURGUIDESERVICE
getUserRewards ---> TOURGUIDESERVICE
getUserRewards ---> TOURGUIDESERVICE
getUserRewards ---> TOURGUIDESERVICE
getUserRewards ---> TOURGUIDESERVICE
getUserRewards ---> TOURGUIDESERVICE
getUserRewards ---> TOURGUIDESERVICE
getUserRewards ---> TOURGUIDESERVICE
getUserRewards ---> TOURGUIDESERVICE
getUserRewards ---> TOURGUIDESERVICE
getUserRewards ---> TOURGUIDESERVICE
getUserRewards ---> TOURGUIDESERVICE
getUserRewards ---> TOURGUIDESERVICE
getUserRewards ---> TOURGUIDESERVICE
getUserRewards ---> TOURGUIDESERVICE
getUserRewards ---> TOURGUIDESERVICE
getUserRewards ---> TOURGUIDESERVICE
getUserRewards ---> TOURGUIDESERVICE
getUserRewards ---> TOURGUIDESERVICE
getUserRewards ---> TOURGUIDESERVICE
getUserRewards ---> TOURGUIDESERVICE
getUserRewards ---> TOURGUIDESERVICE
getUserRewards ---> TOURGUIDESERVICE
getUserRewards ---> TOURGUIDESERVICE
getUserRewards ---> TOURGUIDESERVICE
getUserRewards ---> TOURGUIDESERVICE
getUserRewards ---> TOURGUIDESERVICE
getUserRewards ---> TOURGUIDESERVICE
getUserRewards ---> TOURGUIDESERVICE
getUserRewards ---> TOURGUIDESERVICE
getUserRewards ---> TOURGUIDESERVICE
getUserRewards ---> TOURGUIDESERVICE
getUserRewards ---> TOURGUIDESERVICE
getUserRewards ---> TOURGUIDESERVICE
getUserRewards ---> TOURGUIDESERVICE
getUserRewards ---> TOURGUIDESERVICE
getUserRewards ---> TOURGUIDESERVICE
getUserRewards ---> TOURGUIDESERVICE
getUserRewards ---> TOURGUIDESERVICE
getUserRewards ---> TOURGUIDESERVICE
getUserRewards ---> TOURGUIDESERVICE
getUserRewards ---> TOURGUIDESERVICE
getUserRewards ---> TOURGUIDESERVICE
getUserRewards ---> TOURGUIDESERVICE
getUserRewards ---> TOURGUIDESERVICE
getUserRewards ---> TOURGUIDESERVICE
getUserRewards ---> TOURGUIDESERVICE
getUserRewards ---> TOURGUIDESERVICE
getUserRewards ---> TOURGUIDESERVICE
getUserRewards ---> TOURGUIDESERVICE
getUserRewards ---> TOURGUIDESERVICE
getUserRewards ---> TOURGUIDESERVICE
getUserRewards ---> TOURGUIDESERVICE
getUserRewards ---> TOURGUIDESERVICE
getUserRewards ---> TOURGUIDESERVICE
getUserRewards ---> TOURGUIDESERVICE
getUserRewards ---> TOURGUIDESERVICE
getUserRewards ---> TOURGUIDESERVICE
getUserRewards ---> TOURGUIDESERVICE
getUserRewards ---> TOURGUIDESERVICE
getUserRewards ---> TOURGUIDESERVICE
getUserRewards ---> TOURGUIDESERVICE
getUserRewards ---> TOURGUIDESERVICE
getUserRewards ---> TOURGUIDESERVICE
getUserRewards ---> TOURGUIDESERVICE
getUserRewards ---> TOURGUIDESERVICE
getUserRewards ---> TOURGUIDESERVICE
getUserRewards ---> TOURGUIDESERVICE
getUserRewards ---> TOURGUIDESERVICE
getUserRewards ---> TOURGUIDESERVICE
getUserRewards ---> TOURGUIDESERVICE
getUserRewards ---> TOURGUIDESERVICE
getUserRewards ---> TOURGUIDESERVICE
getUserRewards ---> TOURGUIDESERVICE
getUserRewards ---> TOURGUIDESERVICE
getUserRewards ---> TOURGUIDESERVICE
getUserRewards ---> TOURGUIDESERVICE
getUserRewards ---> TOURGUIDESERVICE
getUserRewards ---> TOURGUIDESERVICE
getUserRewards ---> TOURGUIDESERVICE
getUserRewards ---> TOURGUIDESERVICE
getUserRewards ---> TOURGUIDESERVICE
getUserRewards ---> TOURGUIDESERVICE
getUserRewards ---> TOURGUIDESERVICE
getUserRewards ---> TOURGUIDESERVICE
getUserRewards ---> TOURGUIDESERVICE
getUserRewards ---> TOURGUIDESERVICE
getUserRewards ---> TOURGUIDESERVICE
getUserRewards ---> TOURGUIDESERVICE
getUserRewards ---> TOURGUIDESERVICE
getUserRewards ---> TOURGUIDESERVICE
getUserRewards ---> TOURGUIDESERVICE
getUserRewards ---> TOURGUIDESERVICE
getUserRewards ---> TOURGUIDESERVICE
getUserRewards ---> TOURGUIDESERVICE
getUserRewards ---> TOURGUIDESERVICE
getUserRewards ---> TOURGUIDESERVICE
getUserRewards ---> TOURGUIDESERVICE
getUserRewards ---> TOURGUIDESERVICE
getUserRewards ---> TOURGUIDESERVICE
getUserRewards ---> TOURGUIDESERVICE
getUserRewards ---> TOURGUIDESERVICE
getUserRewards ---> TOURGUIDESERVICE
getUserRewards ---> TOURGUIDESERVICE
getUserRewards ---> TOURGUIDESERVICE
getUserRewards ---> TOURGUIDESERVICE
getUserRewards ---> TOURGUIDESERVICE
getUserRewards ---> TOURGUIDESERVICE
getUserRewards ---> TOURGUIDESERVICE
getUserRewards ---> TOURGUIDESERVICE
getUserRewards ---> TOURGUIDESERVICE
getUserRewards ---> TOURGUIDESERVICE
getUserRewards ---> TOURGUIDESERVICE
getUserRewards ---> TOURGUIDESERVICE
getUserRewards ---> TOURGUIDESERVICE
getUserRewards ---> TOURGUIDESERVICE
getUserRewards ---> TOURGUIDESERVICE
getUserRewards ---> TOURGUIDESERVICE
getUserRewards ---> TOURGUIDESERVICE
getUserRewards ---> TOURGUIDESERVICE
getUserRewards ---> TOURGUIDESERVICE
getUserRewards ---> TOURGUIDESERVICE
getUserRewards ---> TOURGUIDESERVICE
getUserRewards ---> TOURGUIDESERVICE
getUserRewards ---> TOURGUIDESERVICE
getUserRewards ---> TOURGUIDESERVICE
getUserRewards ---> TOURGUIDESERVICE
getUserRewards ---> TOURGUIDESERVICE
getUserRewards ---> TOURGUIDESERVICE
getUserRewards ---> TOURGUIDESERVICE
getUserRewards ---> TOURGUIDESERVICE
getUserRewards ---> TOURGUIDESERVICE
getUserRewards ---> TOURGUIDESERVICE
getUserRewards ---> TOURGUIDESERVICE
getUserRewards ---> TOURGUIDESERVICE
getUserRewards ---> TOURGUIDESERVICE
getUserRewards ---> TOURGUIDESERVICE
getUserRewards ---> TOURGUIDESERVICE
getUserRewards ---> TOURGUIDESERVICE
getUserRewards ---> TOURGUIDESERVICE
getUserRewards ---> TOURGUIDESERVICE
getUserRewards ---> TOURGUIDESERVICE
getUserRewards ---> TOURGUIDESERVICE
getUserRewards ---> TOURGUIDESERVICE
getUserRewards ---> TOURGUIDESERVICE
getUserRewards ---> TOURGUIDESERVICE
getUserRewards ---> TOURGUIDESERVICE
getUserRewards ---> TOURGUIDESERVICE
getUserRewards ---> TOURGUIDESERVICE
getUserRewards ---> TOURGUIDESERVICE
getUserRewards ---> TOURGUIDESERVICE
getUserRewards ---> TOURGUIDESERVICE
getUserRewards ---> TOURGUIDESERVICE
getUserRewards ---> TOURGUIDESERVICE
getUserRewards ---> TOURGUIDESERVICE
getUserRewards ---> TOURGUIDESERVICE
getUserRewards ---> TOURGUIDESERVICE
getUserRewards ---> TOURGUIDESERVICE
getUserRewards ---> TOURGUIDESERVICE
getUserRewards ---> TOURGUIDESERVICE
getUserRewards ---> TOURGUIDESERVICE
getUserRewards ---> TOURGUIDESERVICE
getUserRewards ---> TOURGUIDESERVICE
getUserRewards ---> TOURGUIDESERVICE
getUserRewards ---> TOURGUIDESERVICE
getUserRewards ---> TOURGUIDESERVICE
getUserRewards ---> TOURGUIDESERVICE
getUserRewards ---> TOURGUIDESERVICE
getUserRewards ---> TOURGUIDESERVICE
getUserRewards ---> TOURGUIDESERVICE
getUserRewards ---> TOURGUIDESERVICE
getUserRewards ---> TOURGUIDESERVICE
getUserRewards ---> TOURGUIDESERVICE
getUserRewards ---> TOURGUIDESERVICE
getUserRewards ---> TOURGUIDESERVICE
getUserRewards ---> TOURGUIDESERVICE
getUserRewards ---> TOURGUIDESERVICE
getUserRewards ---> TOURGUIDESERVICE
getUserRewards ---> TOURGUIDESERVICE
getUserRewards ---> TOURGUIDESERVICE
getUserRewards ---> TOURGUIDESERVICE
getUserRewards ---> TOURGUIDESERVICE
getUserRewards ---> TOURGUIDESERVICE
getUserRewards ---> TOURGUIDESERVICE
getUserRewards ---> TOURGUIDESERVICE
getUserRewards ---> TOURGUIDESERVICE
getUserRewards ---> TOURGUIDESERVICE
getUserRewards ---> TOURGUIDESERVICE
getUserRewards ---> TOURGUIDESERVICE
getUserRewards ---> TOURGUIDESERVICE
getUserRewards ---> TOURGUIDESERVICE
getUserRewards ---> TOURGUIDESERVICE
getUserRewards ---> TOURGUIDESERVICE
getUserRewards ---> TOURGUIDESERVICE
getUserRewards ---> TOURGUIDESERVICE
getUserRewards ---> TOURGUIDESERVICE
getUserRewards ---> TOURGUIDESERVICE
getUserRewards ---> TOURGUIDESERVICE
getUserRewards ---> TOURGUIDESERVICE
getUserRewards ---> TOURGUIDESERVICE
getUserRewards ---> TOURGUIDESERVICE
getUserRewards ---> TOURGUIDESERVICE
getUserRewards ---> TOURGUIDESERVICE
getUserRewards ---> TOURGUIDESERVICE
getUserRewards ---> TOURGUIDESERVICE
getUserRewards ---> TOURGUIDESERVICE
getUserRewards ---> TOURGUIDESERVICE
getUserRewards ---> TOURGUIDESERVICE
getUserRewards ---> TOURGUIDESERVICE
getUserRewards ---> TOURGUIDESERVICE
getUserRewards ---> TOURGUIDESERVICE
getUserRewards ---> TOURGUIDESERVICE
getUserRewards ---> TOURGUIDESERVICE
getUserRewards ---> TOURGUIDESERVICE
getUserRewards ---> TOURGUIDESERVICE
getUserRewards ---> TOURGUIDESERVICE
getUserRewards ---> TOURGUIDESERVICE
getUserRewards ---> TOURGUIDESERVICE
getUserRewards ---> TOURGUIDESERVICE
getUserRewards ---> TOURGUIDESERVICE
getUserRewards ---> TOURGUIDESERVICE
getUserRewards ---> TOURGUIDESERVICE
getUserRewards ---> TOURGUIDESERVICE
getUserRewards ---> TOURGUIDESERVICE
getUserRewards ---> TOURGUIDESERVICE
getUserRewards ---> TOURGUIDESERVICE
getUserRewards ---> TOURGUIDESERVICE
getUserRewards ---> TOURGUIDESERVICE
getUserRewards ---> TOURGUIDESERVICE
getUserRewards ---> TOURGUIDESERVICE
getUserRewards ---> TOURGUIDESERVICE
getUserRewards ---> TOURGUIDESERVICE
getUserRewards ---> TOURGUIDESERVICE
getUserRewards ---> TOURGUIDESERVICE
getUserRewards ---> TOURGUIDESERVICE
getUserRewards ---> TOURGUIDESERVICE
getUserRewards ---> TOURGUIDESERVICE
getUserRewards ---> TOURGUIDESERVICE
getUserRewards ---> TOURGUIDESERVICE
getUserRewards ---> TOURGUIDESERVICE
getUserRewards ---> TOURGUIDESERVICE
getUserRewards ---> TOURGUIDESERVICE
getUserRewards ---> TOURGUIDESERVICE
getUserRewards ---> TOURGUIDESERVICE
getUserRewards ---> TOURGUIDESERVICE
getUserRewards ---> TOURGUIDESERVICE
getUserRewards ---> TOURGUIDESERVICE
getUserRewards ---> TOURGUIDESERVICE
getUserRewards ---> TOURGUIDESERVICE
getUserRewards ---> TOURGUIDESERVICE
getUserRewards ---> TOURGUIDESERVICE
getUserRewards ---> TOURGUIDESERVICE
getUserRewards ---> TOURGUIDESERVICE
getUserRewards ---> TOURGUIDESERVICE
getUserRewards ---> TOURGUIDESERVICE
getUserRewards ---> TOURGUIDESERVICE
getUserRewards ---> TOURGUIDESERVICE
getUserRewards ---> TOURGUIDESERVICE
getUserRewards ---> TOURGUIDESERVICE
getUserRewards ---> TOURGUIDESERVICE
getUserRewards ---> TOURGUIDESERVICE
getUserRewards ---> TOURGUIDESERVICE
getUserRewards ---> TOURGUIDESERVICE
getUserRewards ---> TOURGUIDESERVICE
getUserRewards ---> TOURGUIDESERVICE
getUserRewards ---> TOURGUIDESERVICE
getUserRewards ---> TOURGUIDESERVICE
getUserRewards ---> TOURGUIDESERVICE
getUserRewards ---> TOURGUIDESERVICE
getUserRewards ---> TOURGUIDESERVICE
getUserRewards ---> TOURGUIDESERVICE
getUserRewards ---> TOURGUIDESERVICE
getUserRewards ---> TOURGUIDESERVICE
getUserRewards ---> TOURGUIDESERVICE
getUserRewards ---> TOURGUIDESERVICE
getUserRewards ---> TOURGUIDESERVICE
getUserRewards ---> TOURGUIDESERVICE
getUserRewards ---> TOURGUIDESERVICE
getUserRewards ---> TOURGUIDESERVICE
getUserRewards ---> TOURGUIDESERVICE
getUserRewards ---> TOURGUIDESERVICE
getUserRewards ---> TOURGUIDESERVICE
getUserRewards ---> TOURGUIDESERVICE
getUserRewards ---> TOURGUIDESERVICE
getUserRewards ---> TOURGUIDESERVICE
getUserRewards ---> TOURGUIDESERVICE
getUserRewards ---> TOURGUIDESERVICE
getUserRewards ---> TOURGUIDESERVICE
getUserRewards ---> TOURGUIDESERVICE
getUserRewards ---> TOURGUIDESERVICE
getUserRewards ---> TOURGUIDESERVICE
getUserRewards ---> TOURGUIDESERVICE
getUserRewards ---> TOURGUIDESERVICE
getUserRewards ---> TOURGUIDESERVICE
getUserRewards ---> TOURGUIDESERVICE
getUserRewards ---> TOURGUIDESERVICE
getUserRewards ---> TOURGUIDESERVICE
getUserRewards ---> TOURGUIDESERVICE
getUserRewards ---> TOURGUIDESERVICE
getUserRewards ---> TOURGUIDESERVICE
getUserRewards ---> TOURGUIDESERVICE
getUserRewards ---> TOURGUIDESERVICE
getUserRewards ---> TOURGUIDESERVICE
getUserRewards ---> TOURGUIDESERVICE
getUserRewards ---> TOURGUIDESERVICE
getUserRewards ---> TOURGUIDESERVICE
getUserRewards ---> TOURGUIDESERVICE
getUserRewards ---> TOURGUIDESERVICE
getUserRewards ---> TOURGUIDESERVICE
getUserRewards ---> TOURGUIDESERVICE
getUserRewards ---> TOURGUIDESERVICE
getUserRewards ---> TOURGUIDESERVICE
getUserRewards ---> TOURGUIDESERVICE
getUserRewards ---> TOURGUIDESERVICE
getUserRewards ---> TOURGUIDESERVICE
getUserRewards ---> TOURGUIDESERVICE
getUserRewards ---> TOURGUIDESERVICE
getUserRewards ---> TOURGUIDESERVICE
getUserRewards ---> TOURGUIDESERVICE
getUserRewards ---> TOURGUIDESERVICE
getUserRewards ---> TOURGUIDESERVICE
getUserRewards ---> TOURGUIDESERVICE
getUserRewards ---> TOURGUIDESERVICE
getUserRewards ---> TOURGUIDESERVICE
getUserRewards ---> TOURGUIDESERVICE
getUserRewards ---> TOURGUIDESERVICE
getUserRewards ---> TOURGUIDESERVICE
getUserRewards ---> TOURGUIDESERVICE
getUserRewards ---> TOURGUIDESERVICE
getUserRewards ---> TOURGUIDESERVICE
getUserRewards ---> TOURGUIDESERVICE
getUserRewards ---> TOURGUIDESERVICE
getUserRewards ---> TOURGUIDESERVICE
getUserRewards ---> TOURGUIDESERVICE
getUserRewards ---> TOURGUIDESERVICE
getUserRewards ---> TOURGUIDESERVICE
getUserRewards ---> TOURGUIDESERVICE
getUserRewards ---> TOURGUIDESERVICE
getUserRewards ---> TOURGUIDESERVICE
getUserRewards ---> TOURGUIDESERVICE
getUserRewards ---> TOURGUIDESERVICE
getUserRewards ---> TOURGUIDESERVICE
getUserRewards ---> TOURGUIDESERVICE
getUserRewards ---> TOURGUIDESERVICE
getUserRewards ---> TOURGUIDESERVICE
getUserRewards ---> TOURGUIDESERVICE
getUserRewards ---> TOURGUIDESERVICE
getUserRewards ---> TOURGUIDESERVICE
getUserRewards ---> TOURGUIDESERVICE
getUserRewards ---> TOURGUIDESERVICE
getUserRewards ---> TOURGUIDESERVICE
getUserRewards ---> TOURGUIDESERVICE
getUserRewards ---> TOURGUIDESERVICE
getUserRewards ---> TOURGUIDESERVICE
getUserRewards ---> TOURGUIDESERVICE
getUserRewards ---> TOURGUIDESERVICE
getUserRewards ---> TOURGUIDESERVICE
getUserRewards ---> TOURGUIDESERVICE
getUserRewards ---> TOURGUIDESERVICE
getUserRewards ---> TOURGUIDESERVICE
getUserRewards ---> TOURGUIDESERVICE
getUserRewards ---> TOURGUIDESERVICE
getUserRewards ---> TOURGUIDESERVICE
getUserRewards ---> TOURGUIDESERVICE
getUserRewards ---> TOURGUIDESERVICE
getUserRewards ---> TOURGUIDESERVICE
getUserRewards ---> TOURGUIDESERVICE
getUserRewards ---> TOURGUIDESERVICE
getUserRewards ---> TOURGUIDESERVICE
getUserRewards ---> TOURGUIDESERVICE
getUserRewards ---> TOURGUIDESERVICE
getUserRewards ---> TOURGUIDESERVICE
getUserRewards ---> TOURGUIDESERVICE
getUserRewards ---> TOURGUIDESERVICE
getUserRewards ---> TOURGUIDESERVICE
getUserRewards ---> TOURGUIDESERVICE
getUserRewards ---> TOURGUIDESERVICE
getUserRewards ---> TOURGUIDESERVICE
getUserRewards ---> TOURGUIDESERVICE
getUserRewards ---> TOURGUIDESERVICE
getUserRewards ---> TOURGUIDESERVICE
getUserRewards ---> TOURGUIDESERVICE
getUserRewards ---> TOURGUIDESERVICE
getUserRewards ---> TOURGUIDESERVICE
getUserRewards ---> TOURGUIDESERVICE
getUserRewards ---> TOURGUIDESERVICE
getUserRewards ---> TOURGUIDESERVICE
getUserRewards ---> TOURGUIDESERVICE
getUserRewards ---> TOURGUIDESERVICE
getUserRewards ---> TOURGUIDESERVICE
getUserRewards ---> TOURGUIDESERVICE
getUserRewards ---> TOURGUIDESERVICE
getUserRewards ---> TOURGUIDESERVICE
getUserRewards ---> TOURGUIDESERVICE
getUserRewards ---> TOURGUIDESERVICE
getUserRewards ---> TOURGUIDESERVICE
getUserRewards ---> TOURGUIDESERVICE
getUserRewards ---> TOURGUIDESERVICE
getUserRewards ---> TOURGUIDESERVICE
getUserRewards ---> TOURGUIDESERVICE
getUserRewards ---> TOURGUIDESERVICE
getUserRewards ---> TOURGUIDESERVICE
getUserRewards ---> TOURGUIDESERVICE
getUserRewards ---> TOURGUIDESERVICE
getUserRewards ---> TOURGUIDESERVICE
getUserRewards ---> TOURGUIDESERVICE
getUserRewards ---> TOURGUIDESERVICE
getUserRewards ---> TOURGUIDESERVICE
getUserRewards ---> TOURGUIDESERVICE
getUserRewards ---> TOURGUIDESERVICE
getUserRewards ---> TOURGUIDESERVICE
getUserRewards ---> TOURGUIDESERVICE
getUserRewards ---> TOURGUIDESERVICE
getUserRewards ---> TOURGUIDESERVICE
getUserRewards ---> TOURGUIDESERVICE
getUserRewards ---> TOURGUIDESERVICE
getUserRewards ---> TOURGUIDESERVICE
getUserRewards ---> TOURGUIDESERVICE
getUserRewards ---> TOURGUIDESERVICE
getUserRewards ---> TOURGUIDESERVICE
getUserRewards ---> TOURGUIDESERVICE
getUserRewards ---> TOURGUIDESERVICE
getUserRewards ---> TOURGUIDESERVICE
getUserRewards ---> TOURGUIDESERVICE
getUserRewards ---> TOURGUIDESERVICE
getUserRewards ---> TOURGUIDESERVICE
getUserRewards ---> TOURGUIDESERVICE
getUserRewards ---> TOURGUIDESERVICE
getUserRewards ---> TOURGUIDESERVICE
getUserRewards ---> TOURGUIDESERVICE
getUserRewards ---> TOURGUIDESERVICE
getUserRewards ---> TOURGUIDESERVICE
getUserRewards ---> TOURGUIDESERVICE
getUserRewards ---> TOURGUIDESERVICE
getUserRewards ---> TOURGUIDESERVICE
getUserRewards ---> TOURGUIDESERVICE
getUserRewards ---> TOURGUIDESERVICE
getUserRewards ---> TOURGUIDESERVICE
getUserRewards ---> TOURGUIDESERVICE
getUserRewards ---> TOURGUIDESERVICE
getUserRewards ---> TOURGUIDESERVICE
getUserRewards ---> TOURGUIDESERVICE
getUserRewards ---> TOURGUIDESERVICE
getUserRewards ---> TOURGUIDESERVICE
getUserRewards ---> TOURGUIDESERVICE
getUserRewards ---> TOURGUIDESERVICE
getUserRewards ---> TOURGUIDESERVICE
getUserRewards ---> TOURGUIDESERVICE
getUserRewards ---> TOURGUIDESERVICE
getUserRewards ---> TOURGUIDESERVICE
getUserRewards ---> TOURGUIDESERVICE
getUserRewards ---> TOURGUIDESERVICE
getUserRewards ---> TOURGUIDESERVICE
getUserRewards ---> TOURGUIDESERVICE
getUserRewards ---> TOURGUIDESERVICE
getUserRewards ---> TOURGUIDESERVICE
getUserRewards ---> TOURGUIDESERVICE
getUserRewards ---> TOURGUIDESERVICE
getUserRewards ---> TOURGUIDESERVICE
getUserRewards ---> TOURGUIDESERVICE
getUserRewards ---> TOURGUIDESERVICE
getUserRewards ---> TOURGUIDESERVICE
getUserRewards ---> TOURGUIDESERVICE
getUserRewards ---> TOURGUIDESERVICE
getUserRewards ---> TOURGUIDESERVICE
getUserRewards ---> TOURGUIDESERVICE
getUserRewards ---> TOURGUIDESERVICE
getUserRewards ---> TOURGUIDESERVICE
getUserRewards ---> TOURGUIDESERVICE
getUserRewards ---> TOURGUIDESERVICE
getUserRewards ---> TOURGUIDESERVICE
getUserRewards ---> TOURGUIDESERVICE
getUserRewards ---> TOURGUIDESERVICE
getUserRewards ---> TOURGUIDESERVICE
getUserRewards ---> TOURGUIDESERVICE
getUserRewards ---> TOURGUIDESERVICE
getUserRewards ---> TOURGUIDESERVICE
getUserRewards ---> TOURGUIDESERVICE
getUserRewards ---> TOURGUIDESERVICE
getUserRewards ---> TOURGUIDESERVICE
getUserRewards ---> TOURGUIDESERVICE
getUserRewards ---> TOURGUIDESERVICE
getUserRewards ---> TOURGUIDESERVICE
getUserRewards ---> TOURGUIDESERVICE
getUserRewards ---> TOURGUIDESERVICE
getUserRewards ---> TOURGUIDESERVICE
getUserRewards ---> TOURGUIDESERVICE
getUserRewards ---> TOURGUIDESERVICE
getUserRewards ---> TOURGUIDESERVICE
getUserRewards ---> TOURGUIDESERVICE
getUserRewards ---> TOURGUIDESERVICE
getUserRewards ---> TOURGUIDESERVICE
getUserRewards ---> TOURGUIDESERVICE
getUserRewards ---> TOURGUIDESERVICE
getUserRewards ---> TOURGUIDESERVICE
getUserRewards ---> TOURGUIDESERVICE
getUserRewards ---> TOURGUIDESERVICE
getUserRewards ---> TOURGUIDESERVICE
getUserRewards ---> TOURGUIDESERVICE
getUserRewards ---> TOURGUIDESERVICE
getUserRewards ---> TOURGUIDESERVICE
getUserRewards ---> TOURGUIDESERVICE
getUserRewards ---> TOURGUIDESERVICE
getUserRewards ---> TOURGUIDESERVICE
getUserRewards ---> TOURGUIDESERVICE
getUserRewards ---> TOURGUIDESERVICE
getUserRewards ---> TOURGUIDESERVICE
getUserRewards ---> TOURGUIDESERVICE
getUserRewards ---> TOURGUIDESERVICE
getUserRewards ---> TOURGUIDESERVICE
getUserRewards ---> TOURGUIDESERVICE
getUserRewards ---> TOURGUIDESERVICE
getUserRewards ---> TOURGUIDESERVICE
getUserRewards ---> TOURGUIDESERVICE
getUserRewards ---> TOURGUIDESERVICE
getUserRewards ---> TOURGUIDESERVICE
getUserRewards ---> TOURGUIDESERVICE
getUserRewards ---> TOURGUIDESERVICE
getUserRewards ---> TOURGUIDESERVICE
getUserRewards ---> TOURGUIDESERVICE
getUserRewards ---> TOURGUIDESERVICE
getUserRewards ---> TOURGUIDESERVICE
getUserRewards ---> TOURGUIDESERVICE
getUserRewards ---> TOURGUIDESERVICE
getUserRewards ---> TOURGUIDESERVICE
getUserRewards ---> TOURGUIDESERVICE
getUserRewards ---> TOURGUIDESERVICE
getUserRewards ---> TOURGUIDESERVICE
getUserRewards ---> TOURGUIDESERVICE
getUserRewards ---> TOURGUIDESERVICE
getUserRewards ---> TOURGUIDESERVICE
getUserRewards ---> TOURGUIDESERVICE
getUserRewards ---> TOURGUIDESERVICE
getUserRewards ---> TOURGUIDESERVICE
getUserRewards ---> TOURGUIDESERVICE
getUserRewards ---> TOURGUIDESERVICE
getUserRewards ---> TOURGUIDESERVICE
getUserRewards ---> TOURGUIDESERVICE
getUserRewards ---> TOURGUIDESERVICE
getUserRewards ---> TOURGUIDESERVICE
getUserRewards ---> TOURGUIDESERVICE
getUserRewards ---> TOURGUIDESERVICE
getUserRewards ---> TOURGUIDESERVICE
getUserRewards ---> TOURGUIDESERVICE
getUserRewards ---> TOURGUIDESERVICE
getUserRewards ---> TOURGUIDESERVICE
getUserRewards ---> TOURGUIDESERVICE
getUserRewards ---> TOURGUIDESERVICE
getUserRewards ---> TOURGUIDESERVICE
getUserRewards ---> TOURGUIDESERVICE
getUserRewards ---> TOURGUIDESERVICE
getUserRewards ---> TOURGUIDESERVICE
getUserRewards ---> TOURGUIDESERVICE
getUserRewards ---> TOURGUIDESERVICE
getUserRewards ---> TOURGUIDESERVICE
getUserRewards ---> TOURGUIDESERVICE
getUserRewards ---> TOURGUIDESERVICE
getUserRewards ---> TOURGUIDESERVICE
getUserRewards ---> TOURGUIDESERVICE
getUserRewards ---> TOURGUIDESERVICE
getUserRewards ---> TOURGUIDESERVICE
getUserRewards ---> TOURGUIDESERVICE
getUserRewards ---> TOURGUIDESERVICE
getUserRewards ---> TOURGUIDESERVICE
getUserRewards ---> TOURGUIDESERVICE
getUserRewards ---> TOURGUIDESERVICE
getUserRewards ---> TOURGUIDESERVICE
getUserRewards ---> TOURGUIDESERVICE
getUserRewards ---> TOURGUIDESERVICE
getUserRewards ---> TOURGUIDESERVICE
getUserRewards ---> TOURGUIDESERVICE
getUserRewards ---> TOURGUIDESERVICE
getUserRewards ---> TOURGUIDESERVICE
getUserRewards ---> TOURGUIDESERVICE
getUserRewards ---> TOURGUIDESERVICE
getUserRewards ---> TOURGUIDESERVICE
getUserRewards ---> TOURGUIDESERVICE
getUserRewards ---> TOURGUIDESERVICE
getUserRewards ---> TOURGUIDESERVICE
getUserRewards ---> TOURGUIDESERVICE
getUserRewards ---> TOURGUIDESERVICE
getUserRewards ---> TOURGUIDESERVICE
getUserRewards ---> TOURGUIDESERVICE
getUserRewards ---> TOURGUIDESERVICE
getUserRewards ---> TOURGUIDESERVICE
getUserRewards ---> TOURGUIDESERVICE
getUserRewards ---> TOURGUIDESERVICE
getUserRewards ---> TOURGUIDESERVICE
getUserRewards ---> TOURGUIDESERVICE
getUserRewards ---> TOURGUIDESERVICE
getUserRewards ---> TOURGUIDESERVICE
getUserRewards ---> TOURGUIDESERVICE
getUserRewards ---> TOURGUIDESERVICE
getUserRewards ---> TOURGUIDESERVICE
getUserRewards ---> TOURGUIDESERVICE
getUserRewards ---> TOURGUIDESERVICE
getUserRewards ---> TOURGUIDESERVICE
getUserRewards ---> TOURGUIDESERVICE
getUserRewards ---> TOURGUIDESERVICE
getUserRewards ---> TOURGUIDESERVICE
getUserRewards ---> TOURGUIDESERVICE
getUserRewards ---> TOURGUIDESERVICE
getUserRewards ---> TOURGUIDESERVICE
getUserRewards ---> TOURGUIDESERVICE
getUserRewards ---> TOURGUIDESERVICE
getUserRewards ---> TOURGUIDESERVICE
getUserRewards ---> TOURGUIDESERVICE
getUserRewards ---> TOURGUIDESERVICE
getUserRewards ---> TOURGUIDESERVICE
getUserRewards ---> TOURGUIDESERVICE
getUserRewards ---> TOURGUIDESERVICE
getUserRewards ---> TOURGUIDESERVICE
getUserRewards ---> TOURGUIDESERVICE
getUserRewards ---> TOURGUIDESERVICE
getUserRewards ---> TOURGUIDESERVICE
getUserRewards ---> TOURGUIDESERVICE
getUserRewards ---> TOURGUIDESERVICE
getUserRewards ---> TOURGUIDESERVICE
getUserRewards ---> TOURGUIDESERVICE
getUserRewards ---> TOURGUIDESERVICE
getUserRewards ---> TOURGUIDESERVICE
getUserRewards ---> TOURGUIDESERVICE
getUserRewards ---> TOURGUIDESERVICE
getUserRewards ---> TOURGUIDESERVICE
getUserRewards ---> TOURGUIDESERVICE
getUserRewards ---> TOURGUIDESERVICE
getUserRewards ---> TOURGUIDESERVICE
getUserRewards ---> TOURGUIDESERVICE
getUserRewards ---> TOURGUIDESERVICE
getUserRewards ---> TOURGUIDESERVICE
getUserRewards ---> TOURGUIDESERVICE
getUserRewards ---> TOURGUIDESERVICE
getUserRewards ---> TOURGUIDESERVICE
getUserRewards ---> TOURGUIDESERVICE
getUserRewards ---> TOURGUIDESERVICE
getUserRewards ---> TOURGUIDESERVICE
getUserRewards ---> TOURGUIDESERVICE
getUserRewards ---> TOURGUIDESERVICE
getUserRewards ---> TOURGUIDESERVICE
getUserRewards ---> TOURGUIDESERVICE
getUserRewards ---> TOURGUIDESERVICE
getUserRewards ---> TOURGUIDESERVICE
getUserRewards ---> TOURGUIDESERVICE
getUserRewards ---> TOURGUIDESERVICE
getUserRewards ---> TOURGUIDESERVICE
getUserRewards ---> TOURGUIDESERVICE
getUserRewards ---> TOURGUIDESERVICE
getUserRewards ---> TOURGUIDESERVICE
getUserRewards ---> TOURGUIDESERVICE
getUserRewards ---> TOURGUIDESERVICE
getUserRewards ---> TOURGUIDESERVICE
getUserRewards ---> TOURGUIDESERVICE
getUserRewards ---> TOURGUIDESERVICE
getUserRewards ---> TOURGUIDESERVICE
getUserRewards ---> TOURGUIDESERVICE
getUserRewards ---> TOURGUIDESERVICE
getUserRewards ---> TOURGUIDESERVICE
getUserRewards ---> TOURGUIDESERVICE
getUserRewards ---> TOURGUIDESERVICE
getUserRewards ---> TOURGUIDESERVICE
getUserRewards ---> TOURGUIDESERVICE
getUserRewards ---> TOURGUIDESERVICE
getUserRewards ---> TOURGUIDESERVICE
getUserRewards ---> TOURGUIDESERVICE
getUserRewards ---> TOURGUIDESERVICE
getUserRewards ---> TOURGUIDESERVICE
getUserRewards ---> TOURGUIDESERVICE
getUserRewards ---> TOURGUIDESERVICE
getUserRewards ---> TOURGUIDESERVICE
getUserRewards ---> TOURGUIDESERVICE
getUserRewards ---> TOURGUIDESERVICE
getUserRewards ---> TOURGUIDESERVICE
getUserRewards ---> TOURGUIDESERVICE
getUserRewards ---> TOURGUIDESERVICE
getUserRewards ---> TOURGUIDESERVICE
getUserRewards ---> TOURGUIDESERVICE
getUserRewards ---> TOURGUIDESERVICE
getUserRewards ---> TOURGUIDESERVICE
getUserRewards ---> TOURGUIDESERVICE
getUserRewards ---> TOURGUIDESERVICE
getUserRewards ---> TOURGUIDESERVICE
getUserRewards ---> TOURGUIDESERVICE
getUserRewards ---> TOURGUIDESERVICE
getUserRewards ---> TOURGUIDESERVICE
getUserRewards ---> TOURGUIDESERVICE
getUserRewards ---> TOURGUIDESERVICE
getUserRewards ---> TOURGUIDESERVICE
getUserRewards ---> TOURGUIDESERVICE
getUserRewards ---> TOURGUIDESERVICE
getUserRewards ---> TOURGUIDESERVICE
getUserRewards ---> TOURGUIDESERVICE
getUserRewards ---> TOURGUIDESERVICE
getUserRewards ---> TOURGUIDESERVICE
getUserRewards ---> TOURGUIDESERVICE
getUserRewards ---> TOURGUIDESERVICE
getUserRewards ---> TOURGUIDESERVICE
getUserRewards ---> TOURGUIDESERVICE
getUserRewards ---> TOURGUIDESERVICE
getUserRewards ---> TOURGUIDESERVICE
getUserRewards ---> TOURGUIDESERVICE
getUserRewards ---> TOURGUIDESERVICE
getUserRewards ---> TOURGUIDESERVICE
getUserRewards ---> TOURGUIDESERVICE
getUserRewards ---> TOURGUIDESERVICE
getUserRewards ---> TOURGUIDESERVICE
getUserRewards ---> TOURGUIDESERVICE
getUserRewards ---> TOURGUIDESERVICE
getUserRewards ---> TOURGUIDESERVICE
getUserRewards ---> TOURGUIDESERVICE
getUserRewards ---> TOURGUIDESERVICE
getUserRewards ---> TOURGUIDESERVICE
getUserRewards ---> TOURGUIDESERVICE
getUserRewards ---> TOURGUIDESERVICE
getUserRewards ---> TOURGUIDESERVICE
getUserRewards ---> TOURGUIDESERVICE
getUserRewards ---> TOURGUIDESERVICE
getUserRewards ---> TOURGUIDESERVICE
getUserRewards ---> TOURGUIDESERVICE
getUserRewards ---> TOURGUIDESERVICE
getUserRewards ---> TOURGUIDESERVICE
getUserRewards ---> TOURGUIDESERVICE
getUserRewards ---> TOURGUIDESERVICE
getUserRewards ---> TOURGUIDESERVICE
getUserRewards ---> TOURGUIDESERVICE
getUserRewards ---> TOURGUIDESERVICE
getUserRewards ---> TOURGUIDESERVICE
getUserRewards ---> TOURGUIDESERVICE
getUserRewards ---> TOURGUIDESERVICE
getUserRewards ---> TOURGUIDESERVICE
getUserRewards ---> TOURGUIDESERVICE
getUserRewards ---> TOURGUIDESERVICE
getUserRewards ---> TOURGUIDESERVICE
getUserRewards ---> TOURGUIDESERVICE
getUserRewards ---> TOURGUIDESERVICE
getUserRewards ---> TOURGUIDESERVICE
getUserRewards ---> TOURGUIDESERVICE
getUserRewards ---> TOURGUIDESERVICE
getUserRewards ---> TOURGUIDESERVICE
getUserRewards ---> TOURGUIDESERVICE
getUserRewards ---> TOURGUIDESERVICE
getUserRewards ---> TOURGUIDESERVICE
getUserRewards ---> TOURGUIDESERVICE
getUserRewards ---> TOURGUIDESERVICE
getUserRewards ---> TOURGUIDESERVICE
getUserRewards ---> TOURGUIDESERVICE
getUserRewards ---> TOURGUIDESERVICE
getUserRewards ---> TOURGUIDESERVICE
getUserRewards ---> TOURGUIDESERVICE
getUserRewards ---> TOURGUIDESERVICE
getUserRewards ---> TOURGUIDESERVICE
getUserRewards ---> TOURGUIDESERVICE
getUserRewards ---> TOURGUIDESERVICE
getUserRewards ---> TOURGUIDESERVICE
getUserRewards ---> TOURGUIDESERVICE
getUserRewards ---> TOURGUIDESERVICE
getUserRewards ---> TOURGUIDESERVICE
getUserRewards ---> TOURGUIDESERVICE
getUserRewards ---> TOURGUIDESERVICE
getUserRewards ---> TOURGUIDESERVICE
getUserRewards ---> TOURGUIDESERVICE
getUserRewards ---> TOURGUIDESERVICE
getUserRewards ---> TOURGUIDESERVICE
getUserRewards ---> TOURGUIDESERVICE
getUserRewards ---> TOURGUIDESERVICE
getUserRewards ---> TOURGUIDESERVICE
getUserRewards ---> TOURGUIDESERVICE
getUserRewards ---> TOURGUIDESERVICE
getUserRewards ---> TOURGUIDESERVICE
getUserRewards ---> TOURGUIDESERVICE
getUserRewards ---> TOURGUIDESERVICE
getUserRewards ---> TOURGUIDESERVICE
getUserRewards ---> TOURGUIDESERVICE
getUserRewards ---> TOURGUIDESERVICE
getUserRewards ---> TOURGUIDESERVICE
getUserRewards ---> TOURGUIDESERVICE
getUserRewards ---> TOURGUIDESERVICE
getUserRewards ---> TOURGUIDESERVICE
getUserRewards ---> TOURGUIDESERVICE
getUserRewards ---> TOURGUIDESERVICE
getUserRewards ---> TOURGUIDESERVICE
getUserRewards ---> TOURGUIDESERVICE
getUserRewards ---> TOURGUIDESERVICE
getUserRewards ---> TOURGUIDESERVICE
getUserRewards ---> TOURGUIDESERVICE
getUserRewards ---> TOURGUIDESERVICE
getUserRewards ---> TOURGUIDESERVICE
getUserRewards ---> TOURGUIDESERVICE
getUserRewards ---> TOURGUIDESERVICE
getUserRewards ---> TOURGUIDESERVICE
getUserRewards ---> TOURGUIDESERVICE
getUserRewards ---> TOURGUIDESERVICE
getUserRewards ---> TOURGUIDESERVICE
getUserRewards ---> TOURGUIDESERVICE
getUserRewards ---> TOURGUIDESERVICE
getUserRewards ---> TOURGUIDESERVICE
getUserRewards ---> TOURGUIDESERVICE
getUserRewards ---> TOURGUIDESERVICE
getUserRewards ---> TOURGUIDESERVICE
getUserRewards ---> TOURGUIDESERVICE
getUserRewards ---> TOURGUIDESERVICE
getUserRewards ---> TOURGUIDESERVICE
getUserRewards ---> TOURGUIDESERVICE
getUserRewards ---> TOURGUIDESERVICE
getUserRewards ---> TOURGUIDESERVICE
getUserRewards ---> TOURGUIDESERVICE
getUserRewards ---> TOURGUIDESERVICE
getUserRewards ---> TOURGUIDESERVICE
getUserRewards ---> TOURGUIDESERVICE
getUserRewards ---> TOURGUIDESERVICE
getUserRewards ---> TOURGUIDESERVICE
getUserRewards ---> TOURGUIDESERVICE
getUserRewards ---> TOURGUIDESERVICE
getUserRewards ---> TOURGUIDESERVICE
getUserRewards ---> TOURGUIDESERVICE
getUserRewards ---> TOURGUIDESERVICE
getUserRewards ---> TOURGUIDESERVICE
getUserRewards ---> TOURGUIDESERVICE
getUserRewards ---> TOURGUIDESERVICE
getUserRewards ---> TOURGUIDESERVICE
getUserRewards ---> TOURGUIDESERVICE
getUserRewards ---> TOURGUIDESERVICE
getUserRewards ---> TOURGUIDESERVICE
getUserRewards ---> TOURGUIDESERVICE
getUserRewards ---> TOURGUIDESERVICE
getUserRewards ---> TOURGUIDESERVICE
getUserRewards ---> TOURGUIDESERVICE
getUserRewards ---> TOURGUIDESERVICE
getUserRewards ---> TOURGUIDESERVICE
getUserRewards ---> TOURGUIDESERVICE
getUserRewards ---> TOURGUIDESERVICE
getUserRewards ---> TOURGUIDESERVICE
getUserRewards ---> TOURGUIDESERVICE
getUserRewards ---> TOURGUIDESERVICE
getUserRewards ---> TOURGUIDESERVICE
getUserRewards ---> TOURGUIDESERVICE
getUserRewards ---> TOURGUIDESERVICE
getUserRewards ---> TOURGUIDESERVICE
getUserRewards ---> TOURGUIDESERVICE
getUserRewards ---> TOURGUIDESERVICE
getUserRewards ---> TOURGUIDESERVICE
getUserRewards ---> TOURGUIDESERVICE
getUserRewards ---> TOURGUIDESERVICE
getUserRewards ---> TOURGUIDESERVICE
getUserRewards ---> TOURGUIDESERVICE
getUserRewards ---> TOURGUIDESERVICE
getUserRewards ---> TOURGUIDESERVICE
getUserRewards ---> TOURGUIDESERVICE
getUserRewards ---> TOURGUIDESERVICE
getUserRewards ---> TOURGUIDESERVICE
getUserRewards ---> TOURGUIDESERVICE
getUserRewards ---> TOURGUIDESERVICE
getUserRewards ---> TOURGUIDESERVICE
getUserRewards ---> TOURGUIDESERVICE
getUserRewards ---> TOURGUIDESERVICE
getUserRewards ---> TOURGUIDESERVICE
getUserRewards ---> TOURGUIDESERVICE
getUserRewards ---> TOURGUIDESERVICE
getUserRewards ---> TOURGUIDESERVICE
getUserRewards ---> TOURGUIDESERVICE
getUserRewards ---> TOURGUIDESERVICE
getUserRewards ---> TOURGUIDESERVICE
getUserRewards ---> TOURGUIDESERVICE
getUserRewards ---> TOURGUIDESERVICE
getUserRewards ---> TOURGUIDESERVICE
getUserRewards ---> TOURGUIDESERVICE
getUserRewards ---> TOURGUIDESERVICE
getUserRewards ---> TOURGUIDESERVICE
getUserRewards ---> TOURGUIDESERVICE
getUserRewards ---> TOURGUIDESERVICE
getUserRewards ---> TOURGUIDESERVICE
getUserRewards ---> TOURGUIDESERVICE
getUserRewards ---> TOURGUIDESERVICE
getUserRewards ---> TOURGUIDESERVICE
getUserRewards ---> TOURGUIDESERVICE
getUserRewards ---> TOURGUIDESERVICE
getUserRewards ---> TOURGUIDESERVICE
getUserRewards ---> TOURGUIDESERVICE
getUserRewards ---> TOURGUIDESERVICE
getUserRewards ---> TOURGUIDESERVICE
getUserRewards ---> TOURGUIDESERVICE
getUserRewards ---> TOURGUIDESERVICE
getUserRewards ---> TOURGUIDESERVICE
getUserRewards ---> TOURGUIDESERVICE
getUserRewards ---> TOURGUIDESERVICE
getUserRewards ---> TOURGUIDESERVICE
getUserRewards ---> TOURGUIDESERVICE
getUserRewards ---> TOURGUIDESERVICE
getUserRewards ---> TOURGUIDESERVICE
getUserRewards ---> TOURGUIDESERVICE
getUserRewards ---> TOURGUIDESERVICE
getUserRewards ---> TOURGUIDESERVICE
getUserRewards ---> TOURGUIDESERVICE
getUserRewards ---> TOURGUIDESERVICE
getUserRewards ---> TOURGUIDESERVICE
getUserRewards ---> TOURGUIDESERVICE
getUserRewards ---> TOURGUIDESERVICE
getUserRewards ---> TOURGUIDESERVICE
getUserRewards ---> TOURGUIDESERVICE
getUserRewards ---> TOURGUIDESERVICE
getUserRewards ---> TOURGUIDESERVICE
getUserRewards ---> TOURGUIDESERVICE
getUserRewards ---> TOURGUIDESERVICE
getUserRewards ---> TOURGUIDESERVICE
getUserRewards ---> TOURGUIDESERVICE
getUserRewards ---> TOURGUIDESERVICE
getUserRewards ---> TOURGUIDESERVICE
getUserRewards ---> TOURGUIDESERVICE
getUserRewards ---> TOURGUIDESERVICE
getUserRewards ---> TOURGUIDESERVICE
getUserRewards ---> TOURGUIDESERVICE
getUserRewards ---> TOURGUIDESERVICE
getUserRewards ---> TOURGUIDESERVICE
getUserRewards ---> TOURGUIDESERVICE
getUserRewards ---> TOURGUIDESERVICE
getUserRewards ---> TOURGUIDESERVICE
getUserRewards ---> TOURGUIDESERVICE
getUserRewards ---> TOURGUIDESERVICE
getUserRewards ---> TOURGUIDESERVICE
getUserRewards ---> TOURGUIDESERVICE
getUserRewards ---> TOURGUIDESERVICE
getUserRewards ---> TOURGUIDESERVICE
getUserRewards ---> TOURGUIDESERVICE
getUserRewards ---> TOURGUIDESERVICE
getUserRewards ---> TOURGUIDESERVICE
getUserRewards ---> TOURGUIDESERVICE
getUserRewards ---> TOURGUIDESERVICE
getUserRewards ---> TOURGUIDESERVICE
getUserRewards ---> TOURGUIDESERVICE
getUserRewards ---> TOURGUIDESERVICE
getUserRewards ---> TOURGUIDESERVICE
getUserRewards ---> TOURGUIDESERVICE
getUserRewards ---> TOURGUIDESERVICE
getUserRewards ---> TOURGUIDESERVICE
getUserRewards ---> TOURGUIDESERVICE
getUserRewards ---> TOURGUIDESERVICE
getUserRewards ---> TOURGUIDESERVICE
getUserRewards ---> TOURGUIDESERVICE
getUserRewards ---> TOURGUIDESERVICE
getUserRewards ---> TOURGUIDESERVICE
getUserRewards ---> TOURGUIDESERVICE
getUserRewards ---> TOURGUIDESERVICE
getUserRewards ---> TOURGUIDESERVICE
getUserRewards ---> TOURGUIDESERVICE
getUserRewards ---> TOURGUIDESERVICE
getUserRewards ---> TOURGUIDESERVICE
getUserRewards ---> TOURGUIDESERVICE
getUserRewards ---> TOURGUIDESERVICE
getUserRewards ---> TOURGUIDESERVICE
getUserRewards ---> TOURGUIDESERVICE
getUserRewards ---> TOURGUIDESERVICE
getUserRewards ---> TOURGUIDESERVICE
getUserRewards ---> TOURGUIDESERVICE
getUserRewards ---> TOURGUIDESERVICE
getUserRewards ---> TOURGUIDESERVICE
getUserRewards ---> TOURGUIDESERVICE
getUserRewards ---> TOURGUIDESERVICE
getUserRewards ---> TOURGUIDESERVICE
getUserRewards ---> TOURGUIDESERVICE
getUserRewards ---> TOURGUIDESERVICE
getUserRewards ---> TOURGUIDESERVICE
getUserRewards ---> TOURGUIDESERVICE
getUserRewards ---> TOURGUIDESERVICE
getUserRewards ---> TOURGUIDESERVICE
getUserRewards ---> TOURGUIDESERVICE
getUserRewards ---> TOURGUIDESERVICE
getUserRewards ---> TOURGUIDESERVICE
getUserRewards ---> TOURGUIDESERVICE
getUserRewards ---> TOURGUIDESERVICE
getUserRewards ---> TOURGUIDESERVICE
getUserRewards ---> TOURGUIDESERVICE
getUserRewards ---> TOURGUIDESERVICE
getUserRewards ---> TOURGUIDESERVICE
getUserRewards ---> TOURGUIDESERVICE
getUserRewards ---> TOURGUIDESERVICE
getUserRewards ---> TOURGUIDESERVICE
getUserRewards ---> TOURGUIDESERVICE
getUserRewards ---> TOURGUIDESERVICE
getUserRewards ---> TOURGUIDESERVICE
getUserRewards ---> TOURGUIDESERVICE
getUserRewards ---> TOURGUIDESERVICE
getUserRewards ---> TOURGUIDESERVICE
getUserRewards ---> TOURGUIDESERVICE
getUserRewards ---> TOURGUIDESERVICE
getUserRewards ---> TOURGUIDESERVICE
getUserRewards ---> TOURGUIDESERVICE
getUserRewards ---> TOURGUIDESERVICE
getUserRewards ---> TOURGUIDESERVICE
getUserRewards ---> TOURGUIDESERVICE
getUserRewards ---> TOURGUIDESERVICE
getUserRewards ---> TOURGUIDESERVICE
getUserRewards ---> TOURGUIDESERVICE
getUserRewards ---> TOURGUIDESERVICE
getUserRewards ---> TOURGUIDESERVICE
getUserRewards ---> TOURGUIDESERVICE
getUserRewards ---> TOURGUIDESERVICE
getUserRewards ---> TOURGUIDESERVICE
getUserRewards ---> TOURGUIDESERVICE
getUserRewards ---> TOURGUIDESERVICE
getUserRewards ---> TOURGUIDESERVICE
getUserRewards ---> TOURGUIDESERVICE
getUserRewards ---> TOURGUIDESERVICE
getUserRewards ---> TOURGUIDESERVICE
getUserRewards ---> TOURGUIDESERVICE
getUserRewards ---> TOURGUIDESERVICE
getUserRewards ---> TOURGUIDESERVICE
getUserRewards ---> TOURGUIDESERVICE
getUserRewards ---> TOURGUIDESERVICE
getUserRewards ---> TOURGUIDESERVICE
getUserRewards ---> TOURGUIDESERVICE
getUserRewards ---> TOURGUIDESERVICE
getUserRewards ---> TOURGUIDESERVICE
getUserRewards ---> TOURGUIDESERVICE
getUserRewards ---> TOURGUIDESERVICE
getUserRewards ---> TOURGUIDESERVICE
getUserRewards ---> TOURGUIDESERVICE
getUserRewards ---> TOURGUIDESERVICE
getUserRewards ---> TOURGUIDESERVICE
getUserRewards ---> TOURGUIDESERVICE
getUserRewards ---> TOURGUIDESERVICE
getUserRewards ---> TOURGUIDESERVICE
getUserRewards ---> TOURGUIDESERVICE
getUserRewards ---> TOURGUIDESERVICE
getUserRewards ---> TOURGUIDESERVICE
getUserRewards ---> TOURGUIDESERVICE
getUserRewards ---> TOURGUIDESERVICE
getUserRewards ---> TOURGUIDESERVICE
getUserRewards ---> TOURGUIDESERVICE
getUserRewards ---> TOURGUIDESERVICE
getUserRewards ---> TOURGUIDESERVICE
getUserRewards ---> TOURGUIDESERVICE
getUserRewards ---> TOURGUIDESERVICE
getUserRewards ---> TOURGUIDESERVICE
getUserRewards ---> TOURGUIDESERVICE
getUserRewards ---> TOURGUIDESERVICE
getUserRewards ---> TOURGUIDESERVICE
getUserRewards ---> TOURGUIDESERVICE
getUserRewards ---> TOURGUIDESERVICE
getUserRewards ---> TOURGUIDESERVICE
getUserRewards ---> TOURGUIDESERVICE
getUserRewards ---> TOURGUIDESERVICE
getUserRewards ---> TOURGUIDESERVICE
getUserRewards ---> TOURGUIDESERVICE
getUserRewards ---> TOURGUIDESERVICE
getUserRewards ---> TOURGUIDESERVICE
getUserRewards ---> TOURGUIDESERVICE
getUserRewards ---> TOURGUIDESERVICE
getUserRewards ---> TOURGUIDESERVICE
getUserRewards ---> TOURGUIDESERVICE
getUserRewards ---> TOURGUIDESERVICE
getUserRewards ---> TOURGUIDESERVICE
getUserRewards ---> TOURGUIDESERVICE
getUserRewards ---> TOURGUIDESERVICE
getUserRewards ---> TOURGUIDESERVICE
getUserRewards ---> TOURGUIDESERVICE
getUserRewards ---> TOURGUIDESERVICE
getUserRewards ---> TOURGUIDESERVICE
getUserRewards ---> TOURGUIDESERVICE
getUserRewards ---> TOURGUIDESERVICE
getUserRewards ---> TOURGUIDESERVICE
getUserRewards ---> TOURGUIDESERVICE
getUserRewards ---> TOURGUIDESERVICE
getUserRewards ---> TOURGUIDESERVICE
getUserRewards ---> TOURGUIDESERVICE
getUserRewards ---> TOURGUIDESERVICE
getUserRewards ---> TOURGUIDESERVICE
getUserRewards ---> TOURGUIDESERVICE
getUserRewards ---> TOURGUIDESERVICE
getUserRewards ---> TOURGUIDESERVICE
getUserRewards ---> TOURGUIDESERVICE
getUserRewards ---> TOURGUIDESERVICE
getUserRewards ---> TOURGUIDESERVICE
getUserRewards ---> TOURGUIDESERVICE
getUserRewards ---> TOURGUIDESERVICE
getUserRewards ---> TOURGUIDESERVICE
getUserRewards ---> TOURGUIDESERVICE
getUserRewards ---> TOURGUIDESERVICE
getUserRewards ---> TOURGUIDESERVICE
getUserRewards ---> TOURGUIDESERVICE
getUserRewards ---> TOURGUIDESERVICE
getUserRewards ---> TOURGUIDESERVICE
getUserRewards ---> TOURGUIDESERVICE
getUserRewards ---> TOURGUIDESERVICE
getUserRewards ---> TOURGUIDESERVICE
getUserRewards ---> TOURGUIDESERVICE
getUserRewards ---> TOURGUIDESERVICE
getUserRewards ---> TOURGUIDESERVICE
getUserRewards ---> TOURGUIDESERVICE
getUserRewards ---> TOURGUIDESERVICE
getUserRewards ---> TOURGUIDESERVICE
getUserRewards ---> TOURGUIDESERVICE
getUserRewards ---> TOURGUIDESERVICE
getUserRewards ---> TOURGUIDESERVICE
getUserRewards ---> TOURGUIDESERVICE
getUserRewards ---> TOURGUIDESERVICE
getUserRewards ---> TOURGUIDESERVICE
getUserRewards ---> TOURGUIDESERVICE
getUserRewards ---> TOURGUIDESERVICE
getUserRewards ---> TOURGUIDESERVICE
getUserRewards ---> TOURGUIDESERVICE
getUserRewards ---> TOURGUIDESERVICE
getUserRewards ---> TOURGUIDESERVICE
getUserRewards ---> TOURGUIDESERVICE
getUserRewards ---> TOURGUIDESERVICE
getUserRewards ---> TOURGUIDESERVICE
getUserRewards ---> TOURGUIDESERVICE
getUserRewards ---> TOURGUIDESERVICE
getUserRewards ---> TOURGUIDESERVICE
getUserRewards ---> TOURGUIDESERVICE
getUserRewards ---> TOURGUIDESERVICE
getUserRewards ---> TOURGUIDESERVICE
getUserRewards ---> TOURGUIDESERVICE
getUserRewards ---> TOURGUIDESERVICE
getUserRewards ---> TOURGUIDESERVICE
getUserRewards ---> TOURGUIDESERVICE
getUserRewards ---> TOURGUIDESERVICE
getUserRewards ---> TOURGUIDESERVICE
getUserRewards ---> TOURGUIDESERVICE
getUserRewards ---> TOURGUIDESERVICE
getUserRewards ---> TOURGUIDESERVICE
getUserRewards ---> TOURGUIDESERVICE
getUserRewards ---> TOURGUIDESERVICE
getUserRewards ---> TOURGUIDESERVICE
getUserRewards ---> TOURGUIDESERVICE
getUserRewards ---> TOURGUIDESERVICE
getUserRewards ---> TOURGUIDESERVICE
getUserRewards ---> TOURGUIDESERVICE
getUserRewards ---> TOURGUIDESERVICE
getUserRewards ---> TOURGUIDESERVICE
getUserRewards ---> TOURGUIDESERVICE
getUserRewards ---> TOURGUIDESERVICE
getUserRewards ---> TOURGUIDESERVICE
getUserRewards ---> TOURGUIDESERVICE
getUserRewards ---> TOURGUIDESERVICE
getUserRewards ---> TOURGUIDESERVICE
getUserRewards ---> TOURGUIDESERVICE
getUserRewards ---> TOURGUIDESERVICE
getUserRewards ---> TOURGUIDESERVICE
getUserRewards ---> TOURGUIDESERVICE
getUserRewards ---> TOURGUIDESERVICE
getUserRewards ---> TOURGUIDESERVICE
getUserRewards ---> TOURGUIDESERVICE
getUserRewards ---> TOURGUIDESERVICE
getUserRewards ---> TOURGUIDESERVICE
getUserRewards ---> TOURGUIDESERVICE
getUserRewards ---> TOURGUIDESERVICE
getUserRewards ---> TOURGUIDESERVICE
getUserRewards ---> TOURGUIDESERVICE
getUserRewards ---> TOURGUIDESERVICE
getUserRewards ---> TOURGUIDESERVICE
getUserRewards ---> TOURGUIDESERVICE
getUserRewards ---> TOURGUIDESERVICE
getUserRewards ---> TOURGUIDESERVICE
getUserRewards ---> TOURGUIDESERVICE
getUserRewards ---> TOURGUIDESERVICE
getUserRewards ---> TOURGUIDESERVICE
getUserRewards ---> TOURGUIDESERVICE
getUserRewards ---> TOURGUIDESERVICE
getUserRewards ---> TOURGUIDESERVICE
getUserRewards ---> TOURGUIDESERVICE
getUserRewards ---> TOURGUIDESERVICE
getUserRewards ---> TOURGUIDESERVICE
getUserRewards ---> TOURGUIDESERVICE
getUserRewards ---> TOURGUIDESERVICE
getUserRewards ---> TOURGUIDESERVICE
getUserRewards ---> TOURGUIDESERVICE
getUserRewards ---> TOURGUIDESERVICE
getUserRewards ---> TOURGUIDESERVICE
getUserRewards ---> TOURGUIDESERVICE
getUserRewards ---> TOURGUIDESERVICE
getUserRewards ---> TOURGUIDESERVICE
getUserRewards ---> TOURGUIDESERVICE
getUserRewards ---> TOURGUIDESERVICE
getUserRewards ---> TOURGUIDESERVICE
getUserRewards ---> TOURGUIDESERVICE
getUserRewards ---> TOURGUIDESERVICE
getUserRewards ---> TOURGUIDESERVICE
getUserRewards ---> TOURGUIDESERVICE
getUserRewards ---> TOURGUIDESERVICE
getUserRewards ---> TOURGUIDESERVICE
getUserRewards ---> TOURGUIDESERVICE
getUserRewards ---> TOURGUIDESERVICE
getUserRewards ---> TOURGUIDESERVICE
getUserRewards ---> TOURGUIDESERVICE
getUserRewards ---> TOURGUIDESERVICE
getUserRewards ---> TOURGUIDESERVICE
getUserRewards ---> TOURGUIDESERVICE
getUserRewards ---> TOURGUIDESERVICE
getUserRewards ---> TOURGUIDESERVICE
getUserRewards ---> TOURGUIDESERVICE
getUserRewards ---> TOURGUIDESERVICE
getUserRewards ---> TOURGUIDESERVICE
getUserRewards ---> TOURGUIDESERVICE
getUserRewards ---> TOURGUIDESERVICE
getUserRewards ---> TOURGUIDESERVICE
getUserRewards ---> TOURGUIDESERVICE
getUserRewards ---> TOURGUIDESERVICE
getUserRewards ---> TOURGUIDESERVICE
getUserRewards ---> TOURGUIDESERVICE
getUserRewards ---> TOURGUIDESERVICE
getUserRewards ---> TOURGUIDESERVICE
getUserRewards ---> TOURGUIDESERVICE
getUserRewards ---> TOURGUIDESERVICE
getUserRewards ---> TOURGUIDESERVICE
getUserRewards ---> TOURGUIDESERVICE
getUserRewards ---> TOURGUIDESERVICE
getUserRewards ---> TOURGUIDESERVICE
getUserRewards ---> TOURGUIDESERVICE
getUserRewards ---> TOURGUIDESERVICE
getUserRewards ---> TOURGUIDESERVICE
getUserRewards ---> TOURGUIDESERVICE
getUserRewards ---> TOURGUIDESERVICE
getUserRewards ---> TOURGUIDESERVICE
getUserRewards ---> TOURGUIDESERVICE
getUserRewards ---> TOURGUIDESERVICE
getUserRewards ---> TOURGUIDESERVICE
getUserRewards ---> TOURGUIDESERVICE
getUserRewards ---> TOURGUIDESERVICE
getUserRewards ---> TOURGUIDESERVICE
getUserRewards ---> TOURGUIDESERVICE
getUserRewards ---> TOURGUIDESERVICE
getUserRewards ---> TOURGUIDESERVICE
getUserRewards ---> TOURGUIDESERVICE
getUserRewards ---> TOURGUIDESERVICE
getUserRewards ---> TOURGUIDESERVICE
getUserRewards ---> TOURGUIDESERVICE
getUserRewards ---> TOURGUIDESERVICE
getUserRewards ---> TOURGUIDESERVICE
getUserRewards ---> TOURGUIDESERVICE
getUserRewards ---> TOURGUIDESERVICE
getUserRewards ---> TOURGUIDESERVICE
getUserRewards ---> TOURGUIDESERVICE
getUserRewards ---> TOURGUIDESERVICE
getUserRewards ---> TOURGUIDESERVICE
getUserRewards ---> TOURGUIDESERVICE
getUserRewards ---> TOURGUIDESERVICE
getUserRewards ---> TOURGUIDESERVICE
getUserRewards ---> TOURGUIDESERVICE
getUserRewards ---> TOURGUIDESERVICE
getUserRewards ---> TOURGUIDESERVICE
getUserRewards ---> TOURGUIDESERVICE
getUserRewards ---> TOURGUIDESERVICE
getUserRewards ---> TOURGUIDESERVICE
getUserRewards ---> TOURGUIDESERVICE
getUserRewards ---> TOURGUIDESERVICE
getUserRewards ---> TOURGUIDESERVICE
getUserRewards ---> TOURGUIDESERVICE
getUserRewards ---> TOURGUIDESERVICE
getUserRewards ---> TOURGUIDESERVICE
getUserRewards ---> TOURGUIDESERVICE
getUserRewards ---> TOURGUIDESERVICE
getUserRewards ---> TOURGUIDESERVICE
getUserRewards ---> TOURGUIDESERVICE
getUserRewards ---> TOURGUIDESERVICE
getUserRewards ---> TOURGUIDESERVICE
getUserRewards ---> TOURGUIDESERVICE
getUserRewards ---> TOURGUIDESERVICE
getUserRewards ---> TOURGUIDESERVICE
getUserRewards ---> TOURGUIDESERVICE
getUserRewards ---> TOURGUIDESERVICE
getUserRewards ---> TOURGUIDESERVICE
getUserRewards ---> TOURGUIDESERVICE
getUserRewards ---> TOURGUIDESERVICE
getUserRewards ---> TOURGUIDESERVICE
getUserRewards ---> TOURGUIDESERVICE
getUserRewards ---> TOURGUIDESERVICE
getUserRewards ---> TOURGUIDESERVICE
getUserRewards ---> TOURGUIDESERVICE
getUserRewards ---> TOURGUIDESERVICE
getUserRewards ---> TOURGUIDESERVICE
getUserRewards ---> TOURGUIDESERVICE
getUserRewards ---> TOURGUIDESERVICE
getUserRewards ---> TOURGUIDESERVICE
getUserRewards ---> TOURGUIDESERVICE
getUserRewards ---> TOURGUIDESERVICE
getUserRewards ---> TOURGUIDESERVICE
getUserRewards ---> TOURGUIDESERVICE
getUserRewards ---> TOURGUIDESERVICE
getUserRewards ---> TOURGUIDESERVICE
getUserRewards ---> TOURGUIDESERVICE
getUserRewards ---> TOURGUIDESERVICE
getUserRewards ---> TOURGUIDESERVICE
getUserRewards ---> TOURGUIDESERVICE
getUserRewards ---> TOURGUIDESERVICE
getUserRewards ---> TOURGUIDESERVICE
getUserRewards ---> TOURGUIDESERVICE
getUserRewards ---> TOURGUIDESERVICE
getUserRewards ---> TOURGUIDESERVICE
getUserRewards ---> TOURGUIDESERVICE
getUserRewards ---> TOURGUIDESERVICE
getUserRewards ---> TOURGUIDESERVICE
getUserRewards ---> TOURGUIDESERVICE
getUserRewards ---> TOURGUIDESERVICE
getUserRewards ---> TOURGUIDESERVICE
getUserRewards ---> TOURGUIDESERVICE
getUserRewards ---> TOURGUIDESERVICE
getUserRewards ---> TOURGUIDESERVICE
getUserRewards ---> TOURGUIDESERVICE
getUserRewards ---> TOURGUIDESERVICE
getUserRewards ---> TOURGUIDESERVICE
getUserRewards ---> TOURGUIDESERVICE
getUserRewards ---> TOURGUIDESERVICE
getUserRewards ---> TOURGUIDESERVICE
getUserRewards ---> TOURGUIDESERVICE
getUserRewards ---> TOURGUIDESERVICE
getUserRewards ---> TOURGUIDESERVICE
getUserRewards ---> TOURGUIDESERVICE
getUserRewards ---> TOURGUIDESERVICE
getUserRewards ---> TOURGUIDESERVICE
getUserRewards ---> TOURGUIDESERVICE
getUserRewards ---> TOURGUIDESERVICE
getUserRewards ---> TOURGUIDESERVICE
getUserRewards ---> TOURGUIDESERVICE
getUserRewards ---> TOURGUIDESERVICE
getUserRewards ---> TOURGUIDESERVICE
getUserRewards ---> TOURGUIDESERVICE
getUserRewards ---> TOURGUIDESERVICE
getUserRewards ---> TOURGUIDESERVICE
getUserRewards ---> TOURGUIDESERVICE
getUserRewards ---> TOURGUIDESERVICE
getUserRewards ---> TOURGUIDESERVICE
getUserRewards ---> TOURGUIDESERVICE
getUserRewards ---> TOURGUIDESERVICE
getUserRewards ---> TOURGUIDESERVICE
getUserRewards ---> TOURGUIDESERVICE
getUserRewards ---> TOURGUIDESERVICE
getUserRewards ---> TOURGUIDESERVICE
getUserRewards ---> TOURGUIDESERVICE
getUserRewards ---> TOURGUIDESERVICE
getUserRewards ---> TOURGUIDESERVICE
getUserRewards ---> TOURGUIDESERVICE
getUserRewards ---> TOURGUIDESERVICE
getUserRewards ---> TOURGUIDESERVICE
getUserRewards ---> TOURGUIDESERVICE
getUserRewards ---> TOURGUIDESERVICE
getUserRewards ---> TOURGUIDESERVICE
getUserRewards ---> TOURGUIDESERVICE
getUserRewards ---> TOURGUIDESERVICE
getUserRewards ---> TOURGUIDESERVICE
getUserRewards ---> TOURGUIDESERVICE
getUserRewards ---> TOURGUIDESERVICE
getUserRewards ---> TOURGUIDESERVICE
getUserRewards ---> TOURGUIDESERVICE
getUserRewards ---> TOURGUIDESERVICE
getUserRewards ---> TOURGUIDESERVICE
getUserRewards ---> TOURGUIDESERVICE
getUserRewards ---> TOURGUIDESERVICE
getUserRewards ---> TOURGUIDESERVICE
getUserRewards ---> TOURGUIDESERVICE
getUserRewards ---> TOURGUIDESERVICE
getUserRewards ---> TOURGUIDESERVICE
getUserRewards ---> TOURGUIDESERVICE
getUserRewards ---> TOURGUIDESERVICE
getUserRewards ---> TOURGUIDESERVICE
getUserRewards ---> TOURGUIDESERVICE
getUserRewards ---> TOURGUIDESERVICE
getUserRewards ---> TOURGUIDESERVICE
getUserRewards ---> TOURGUIDESERVICE
getUserRewards ---> TOURGUIDESERVICE
getUserRewards ---> TOURGUIDESERVICE
getUserRewards ---> TOURGUIDESERVICE
getUserRewards ---> TOURGUIDESERVICE
getUserRewards ---> TOURGUIDESERVICE
getUserRewards ---> TOURGUIDESERVICE
getUserRewards ---> TOURGUIDESERVICE
getUserRewards ---> TOURGUIDESERVICE
getUserRewards ---> TOURGUIDESERVICE
getUserRewards ---> TOURGUIDESERVICE
getUserRewards ---> TOURGUIDESERVICE
getUserRewards ---> TOURGUIDESERVICE
getUserRewards ---> TOURGUIDESERVICE
getUserRewards ---> TOURGUIDESERVICE
getUserRewards ---> TOURGUIDESERVICE
getUserRewards ---> TOURGUIDESERVICE
getUserRewards ---> TOURGUIDESERVICE
getUserRewards ---> TOURGUIDESERVICE
getUserRewards ---> TOURGUIDESERVICE
getUserRewards ---> TOURGUIDESERVICE
getUserRewards ---> TOURGUIDESERVICE
getUserRewards ---> TOURGUIDESERVICE
getUserRewards ---> TOURGUIDESERVICE
getUserRewards ---> TOURGUIDESERVICE
getUserRewards ---> TOURGUIDESERVICE
getUserRewards ---> TOURGUIDESERVICE
getUserRewards ---> TOURGUIDESERVICE
getUserRewards ---> TOURGUIDESERVICE
getUserRewards ---> TOURGUIDESERVICE
getUserRewards ---> TOURGUIDESERVICE
getUserRewards ---> TOURGUIDESERVICE
getUserRewards ---> TOURGUIDESERVICE
getUserRewards ---> TOURGUIDESERVICE
getUserRewards ---> TOURGUIDESERVICE
getUserRewards ---> TOURGUIDESERVICE
getUserRewards ---> TOURGUIDESERVICE
getUserRewards ---> TOURGUIDESERVICE
getUserRewards ---> TOURGUIDESERVICE
getUserRewards ---> TOURGUIDESERVICE
getUserRewards ---> TOURGUIDESERVICE
getUserRewards ---> TOURGUIDESERVICE
getUserRewards ---> TOURGUIDESERVICE
getUserRewards ---> TOURGUIDESERVICE
getUserRewards ---> TOURGUIDESERVICE
getUserRewards ---> TOURGUIDESERVICE
getUserRewards ---> TOURGUIDESERVICE
getUserRewards ---> TOURGUIDESERVICE
getUserRewards ---> TOURGUIDESERVICE
getUserRewards ---> TOURGUIDESERVICE
getUserRewards ---> TOURGUIDESERVICE
getUserRewards ---> TOURGUIDESERVICE
getUserRewards ---> TOURGUIDESERVICE
getUserRewards ---> TOURGUIDESERVICE
getUserRewards ---> TOURGUIDESERVICE
getUserRewards ---> TOURGUIDESERVICE
getUserRewards ---> TOURGUIDESERVICE
getUserRewards ---> TOURGUIDESERVICE
getUserRewards ---> TOURGUIDESERVICE
getUserRewards ---> TOURGUIDESERVICE
getUserRewards ---> TOURGUIDESERVICE
getUserRewards ---> TOURGUIDESERVICE
getUserRewards ---> TOURGUIDESERVICE
getUserRewards ---> TOURGUIDESERVICE
getUserRewards ---> TOURGUIDESERVICE
getUserRewards ---> TOURGUIDESERVICE
getUserRewards ---> TOURGUIDESERVICE
getUserRewards ---> TOURGUIDESERVICE
getUserRewards ---> TOURGUIDESERVICE
getUserRewards ---> TOURGUIDESERVICE
getUserRewards ---> TOURGUIDESERVICE
getUserRewards ---> TOURGUIDESERVICE
getUserRewards ---> TOURGUIDESERVICE
getUserRewards ---> TOURGUIDESERVICE
getUserRewards ---> TOURGUIDESERVICE
getUserRewards ---> TOURGUIDESERVICE
getUserRewards ---> TOURGUIDESERVICE
getUserRewards ---> TOURGUIDESERVICE
getUserRewards ---> TOURGUIDESERVICE
getUserRewards ---> TOURGUIDESERVICE
getUserRewards ---> TOURGUIDESERVICE
getUserRewards ---> TOURGUIDESERVICE
getUserRewards ---> TOURGUIDESERVICE
getUserRewards ---> TOURGUIDESERVICE
getUserRewards ---> TOURGUIDESERVICE
getUserRewards ---> TOURGUIDESERVICE
getUserRewards ---> TOURGUIDESERVICE
getUserRewards ---> TOURGUIDESERVICE
getUserRewards ---> TOURGUIDESERVICE
getUserRewards ---> TOURGUIDESERVICE
getUserRewards ---> TOURGUIDESERVICE
getUserRewards ---> TOURGUIDESERVICE
getUserRewards ---> TOURGUIDESERVICE
getUserRewards ---> TOURGUIDESERVICE
getUserRewards ---> TOURGUIDESERVICE
getUserRewards ---> TOURGUIDESERVICE
getUserRewards ---> TOURGUIDESERVICE
getUserRewards ---> TOURGUIDESERVICE
getUserRewards ---> TOURGUIDESERVICE
getUserRewards ---> TOURGUIDESERVICE
getUserRewards ---> TOURGUIDESERVICE
getUserRewards ---> TOURGUIDESERVICE
getUserRewards ---> TOURGUIDESERVICE
getUserRewards ---> TOURGUIDESERVICE
getUserRewards ---> TOURGUIDESERVICE
getUserRewards ---> TOURGUIDESERVICE
getUserRewards ---> TOURGUIDESERVICE
getUserRewards ---> TOURGUIDESERVICE
getUserRewards ---> TOURGUIDESERVICE
getUserRewards ---> TOURGUIDESERVICE
getUserRewards ---> TOURGUIDESERVICE
getUserRewards ---> TOURGUIDESERVICE
getUserRewards ---> TOURGUIDESERVICE
getUserRewards ---> TOURGUIDESERVICE
getUserRewards ---> TOURGUIDESERVICE
getUserRewards ---> TOURGUIDESERVICE
getUserRewards ---> TOURGUIDESERVICE
getUserRewards ---> TOURGUIDESERVICE
getUserRewards ---> TOURGUIDESERVICE
getUserRewards ---> TOURGUIDESERVICE
getUserRewards ---> TOURGUIDESERVICE
getUserRewards ---> TOURGUIDESERVICE
getUserRewards ---> TOURGUIDESERVICE
getUserRewards ---> TOURGUIDESERVICE
getUserRewards ---> TOURGUIDESERVICE
getUserRewards ---> TOURGUIDESERVICE
getUserRewards ---> TOURGUIDESERVICE
getUserRewards ---> TOURGUIDESERVICE
getUserRewards ---> TOURGUIDESERVICE
getUserRewards ---> TOURGUIDESERVICE
getUserRewards ---> TOURGUIDESERVICE
getUserRewards ---> TOURGUIDESERVICE
getUserRewards ---> TOURGUIDESERVICE
getUserRewards ---> TOURGUIDESERVICE
getUserRewards ---> TOURGUIDESERVICE
getUserRewards ---> TOURGUIDESERVICE
getUserRewards ---> TOURGUIDESERVICE
getUserRewards ---> TOURGUIDESERVICE
getUserRewards ---> TOURGUIDESERVICE
getUserRewards ---> TOURGUIDESERVICE
getUserRewards ---> TOURGUIDESERVICE
getUserRewards ---> TOURGUIDESERVICE
getUserRewards ---> TOURGUIDESERVICE
getUserRewards ---> TOURGUIDESERVICE
getUserRewards ---> TOURGUIDESERVICE
getUserRewards ---> TOURGUIDESERVICE
getUserRewards ---> TOURGUIDESERVICE
getUserRewards ---> TOURGUIDESERVICE
getUserRewards ---> TOURGUIDESERVICE
getUserRewards ---> TOURGUIDESERVICE
getUserRewards ---> TOURGUIDESERVICE
getUserRewards ---> TOURGUIDESERVICE
getUserRewards ---> TOURGUIDESERVICE
getUserRewards ---> TOURGUIDESERVICE
getUserRewards ---> TOURGUIDESERVICE
getUserRewards ---> TOURGUIDESERVICE
getUserRewards ---> TOURGUIDESERVICE
getUserRewards ---> TOURGUIDESERVICE
getUserRewards ---> TOURGUIDESERVICE
getUserRewards ---> TOURGUIDESERVICE
getUserRewards ---> TOURGUIDESERVICE
getUserRewards ---> TOURGUIDESERVICE
getUserRewards ---> TOURGUIDESERVICE
getUserRewards ---> TOURGUIDESERVICE
getUserRewards ---> TOURGUIDESERVICE
getUserRewards ---> TOURGUIDESERVICE
getUserRewards ---> TOURGUIDESERVICE
getUserRewards ---> TOURGUIDESERVICE
getUserRewards ---> TOURGUIDESERVICE
getUserRewards ---> TOURGUIDESERVICE
getUserRewards ---> TOURGUIDESERVICE
getUserRewards ---> TOURGUIDESERVICE
getUserRewards ---> TOURGUIDESERVICE
getUserRewards ---> TOURGUIDESERVICE
getUserRewards ---> TOURGUIDESERVICE
getUserRewards ---> TOURGUIDESERVICE
getUserRewards ---> TOURGUIDESERVICE
getUserRewards ---> TOURGUIDESERVICE
getUserRewards ---> TOURGUIDESERVICE
getUserRewards ---> TOURGUIDESERVICE
getUserRewards ---> TOURGUIDESERVICE
getUserRewards ---> TOURGUIDESERVICE
getUserRewards ---> TOURGUIDESERVICE
getUserRewards ---> TOURGUIDESERVICE
getUserRewards ---> TOURGUIDESERVICE
getUserRewards ---> TOURGUIDESERVICE
getUserRewards ---> TOURGUIDESERVICE
getUserRewards ---> TOURGUIDESERVICE
getUserRewards ---> TOURGUIDESERVICE
getUserRewards ---> TOURGUIDESERVICE
getUserRewards ---> TOURGUIDESERVICE
getUserRewards ---> TOURGUIDESERVICE
getUserRewards ---> TOURGUIDESERVICE
getUserRewards ---> TOURGUIDESERVICE
getUserRewards ---> TOURGUIDESERVICE
getUserRewards ---> TOURGUIDESERVICE
getUserRewards ---> TOURGUIDESERVICE
getUserRewards ---> TOURGUIDESERVICE
getUserRewards ---> TOURGUIDESERVICE
getUserRewards ---> TOURGUIDESERVICE
getUserRewards ---> TOURGUIDESERVICE
getUserRewards ---> TOURGUIDESERVICE
getUserRewards ---> TOURGUIDESERVICE
getUserRewards ---> TOURGUIDESERVICE
getUserRewards ---> TOURGUIDESERVICE
getUserRewards ---> TOURGUIDESERVICE
getUserRewards ---> TOURGUIDESERVICE
getUserRewards ---> TOURGUIDESERVICE
getUserRewards ---> TOURGUIDESERVICE
getUserRewards ---> TOURGUIDESERVICE
getUserRewards ---> TOURGUIDESERVICE
getUserRewards ---> TOURGUIDESERVICE
getUserRewards ---> TOURGUIDESERVICE
getUserRewards ---> TOURGUIDESERVICE
getUserRewards ---> TOURGUIDESERVICE
getUserRewards ---> TOURGUIDESERVICE
getUserRewards ---> TOURGUIDESERVICE
getUserRewards ---> TOURGUIDESERVICE
getUserRewards ---> TOURGUIDESERVICE
getUserRewards ---> TOURGUIDESERVICE
getUserRewards ---> TOURGUIDESERVICE
getUserRewards ---> TOURGUIDESERVICE
getUserRewards ---> TOURGUIDESERVICE
getUserRewards ---> TOURGUIDESERVICE
getUserRewards ---> TOURGUIDESERVICE
getUserRewards ---> TOURGUIDESERVICE
getUserRewards ---> TOURGUIDESERVICE
getUserRewards ---> TOURGUIDESERVICE
getUserRewards ---> TOURGUIDESERVICE
getUserRewards ---> TOURGUIDESERVICE
getUserRewards ---> TOURGUIDESERVICE
getUserRewards ---> TOURGUIDESERVICE
getUserRewards ---> TOURGUIDESERVICE
getUserRewards ---> TOURGUIDESERVICE
getUserRewards ---> TOURGUIDESERVICE
getUserRewards ---> TOURGUIDESERVICE
getUserRewards ---> TOURGUIDESERVICE
getUserRewards ---> TOURGUIDESERVICE
getUserRewards ---> TOURGUIDESERVICE
getUserRewards ---> TOURGUIDESERVICE
getUserRewards ---> TOURGUIDESERVICE
getUserRewards ---> TOURGUIDESERVICE
getUserRewards ---> TOURGUIDESERVICE
getUserRewards ---> TOURGUIDESERVICE
getUserRewards ---> TOURGUIDESERVICE
getUserRewards ---> TOURGUIDESERVICE
getUserRewards ---> TOURGUIDESERVICE
getUserRewards ---> TOURGUIDESERVICE
getUserRewards ---> TOURGUIDESERVICE
getUserRewards ---> TOURGUIDESERVICE
getUserRewards ---> TOURGUIDESERVICE
getUserRewards ---> TOURGUIDESERVICE
getUserRewards ---> TOURGUIDESERVICE
getUserRewards ---> TOURGUIDESERVICE
getUserRewards ---> TOURGUIDESERVICE
getUserRewards ---> TOURGUIDESERVICE
getUserRewards ---> TOURGUIDESERVICE
getUserRewards ---> TOURGUIDESERVICE
getUserRewards ---> TOURGUIDESERVICE
getUserRewards ---> TOURGUIDESERVICE
getUserRewards ---> TOURGUIDESERVICE
getUserRewards ---> TOURGUIDESERVICE
getUserRewards ---> TOURGUIDESERVICE
getUserRewards ---> TOURGUIDESERVICE
getUserRewards ---> TOURGUIDESERVICE
getUserRewards ---> TOURGUIDESERVICE
getUserRewards ---> TOURGUIDESERVICE
getUserRewards ---> TOURGUIDESERVICE
getUserRewards ---> TOURGUIDESERVICE
getUserRewards ---> TOURGUIDESERVICE
getUserRewards ---> TOURGUIDESERVICE
getUserRewards ---> TOURGUIDESERVICE
getUserRewards ---> TOURGUIDESERVICE
getUserRewards ---> TOURGUIDESERVICE
getUserRewards ---> TOURGUIDESERVICE
getUserRewards ---> TOURGUIDESERVICE
getUserRewards ---> TOURGUIDESERVICE
getUserRewards ---> TOURGUIDESERVICE
getUserRewards ---> TOURGUIDESERVICE
getUserRewards ---> TOURGUIDESERVICE
getUserRewards ---> TOURGUIDESERVICE
getUserRewards ---> TOURGUIDESERVICE
getUserRewards ---> TOURGUIDESERVICE
getUserRewards ---> TOURGUIDESERVICE
getUserRewards ---> TOURGUIDESERVICE
getUserRewards ---> TOURGUIDESERVICE
getUserRewards ---> TOURGUIDESERVICE
getUserRewards ---> TOURGUIDESERVICE
getUserRewards ---> TOURGUIDESERVICE
getUserRewards ---> TOURGUIDESERVICE
getUserRewards ---> TOURGUIDESERVICE
getUserRewards ---> TOURGUIDESERVICE
getUserRewards ---> TOURGUIDESERVICE
getUserRewards ---> TOURGUIDESERVICE
getUserRewards ---> TOURGUIDESERVICE
getUserRewards ---> TOURGUIDESERVICE
getUserRewards ---> TOURGUIDESERVICE
getUserRewards ---> TOURGUIDESERVICE
getUserRewards ---> TOURGUIDESERVICE
getUserRewards ---> TOURGUIDESERVICE
getUserRewards ---> TOURGUIDESERVICE
getUserRewards ---> TOURGUIDESERVICE
getUserRewards ---> TOURGUIDESERVICE
getUserRewards ---> TOURGUIDESERVICE
getUserRewards ---> TOURGUIDESERVICE
getUserRewards ---> TOURGUIDESERVICE
getUserRewards ---> TOURGUIDESERVICE
getUserRewards ---> TOURGUIDESERVICE
getUserRewards ---> TOURGUIDESERVICE
getUserRewards ---> TOURGUIDESERVICE
getUserRewards ---> TOURGUIDESERVICE
getUserRewards ---> TOURGUIDESERVICE
getUserRewards ---> TOURGUIDESERVICE
getUserRewards ---> TOURGUIDESERVICE
getUserRewards ---> TOURGUIDESERVICE
getUserRewards ---> TOURGUIDESERVICE
getUserRewards ---> TOURGUIDESERVICE
getUserRewards ---> TOURGUIDESERVICE
getUserRewards ---> TOURGUIDESERVICE
getUserRewards ---> TOURGUIDESERVICE
getUserRewards ---> TOURGUIDESERVICE
getUserRewards ---> TOURGUIDESERVICE
getUserRewards ---> TOURGUIDESERVICE
getUserRewards ---> TOURGUIDESERVICE
getUserRewards ---> TOURGUIDESERVICE
getUserRewards ---> TOURGUIDESERVICE
getUserRewards ---> TOURGUIDESERVICE
getUserRewards ---> TOURGUIDESERVICE
getUserRewards ---> TOURGUIDESERVICE
getUserRewards ---> TOURGUIDESERVICE
getUserRewards ---> TOURGUIDESERVICE
getUserRewards ---> TOURGUIDESERVICE
getUserRewards ---> TOURGUIDESERVICE
getUserRewards ---> TOURGUIDESERVICE
getUserRewards ---> TOURGUIDESERVICE
getUserRewards ---> TOURGUIDESERVICE
getUserRewards ---> TOURGUIDESERVICE
getUserRewards ---> TOURGUIDESERVICE
getUserRewards ---> TOURGUIDESERVICE
getUserRewards ---> TOURGUIDESERVICE
getUserRewards ---> TOURGUIDESERVICE
getUserRewards ---> TOURGUIDESERVICE
getUserRewards ---> TOURGUIDESERVICE
getUserRewards ---> TOURGUIDESERVICE
getUserRewards ---> TOURGUIDESERVICE
getUserRewards ---> TOURGUIDESERVICE
getUserRewards ---> TOURGUIDESERVICE
getUserRewards ---> TOURGUIDESERVICE
getUserRewards ---> TOURGUIDESERVICE
getUserRewards ---> TOURGUIDESERVICE
getUserRewards ---> TOURGUIDESERVICE
getUserRewards ---> TOURGUIDESERVICE
getUserRewards ---> TOURGUIDESERVICE
getUserRewards ---> TOURGUIDESERVICE
getUserRewards ---> TOURGUIDESERVICE
getUserRewards ---> TOURGUIDESERVICE
getUserRewards ---> TOURGUIDESERVICE
getUserRewards ---> TOURGUIDESERVICE
getUserRewards ---> TOURGUIDESERVICE
getUserRewards ---> TOURGUIDESERVICE
getUserRewards ---> TOURGUIDESERVICE
getUserRewards ---> TOURGUIDESERVICE
getUserRewards ---> TOURGUIDESERVICE
getUserRewards ---> TOURGUIDESERVICE
getUserRewards ---> TOURGUIDESERVICE
getUserRewards ---> TOURGUIDESERVICE
getUserRewards ---> TOURGUIDESERVICE
getUserRewards ---> TOURGUIDESERVICE
getUserRewards ---> TOURGUIDESERVICE
getUserRewards ---> TOURGUIDESERVICE
getUserRewards ---> TOURGUIDESERVICE
getUserRewards ---> TOURGUIDESERVICE
getUserRewards ---> TOURGUIDESERVICE
getUserRewards ---> TOURGUIDESERVICE
getUserRewards ---> TOURGUIDESERVICE
getUserRewards ---> TOURGUIDESERVICE
getUserRewards ---> TOURGUIDESERVICE
getUserRewards ---> TOURGUIDESERVICE
getUserRewards ---> TOURGUIDESERVICE
getUserRewards ---> TOURGUIDESERVICE
getUserRewards ---> TOURGUIDESERVICE
getUserRewards ---> TOURGUIDESERVICE
getUserRewards ---> TOURGUIDESERVICE
getUserRewards ---> TOURGUIDESERVICE
getUserRewards ---> TOURGUIDESERVICE
getUserRewards ---> TOURGUIDESERVICE
getUserRewards ---> TOURGUIDESERVICE
getUserRewards ---> TOURGUIDESERVICE
getUserRewards ---> TOURGUIDESERVICE
getUserRewards ---> TOURGUIDESERVICE
getUserRewards ---> TOURGUIDESERVICE
getUserRewards ---> TOURGUIDESERVICE
getUserRewards ---> TOURGUIDESERVICE
getUserRewards ---> TOURGUIDESERVICE
getUserRewards ---> TOURGUIDESERVICE
getUserRewards ---> TOURGUIDESERVICE
getUserRewards ---> TOURGUIDESERVICE
getUserRewards ---> TOURGUIDESERVICE
getUserRewards ---> TOURGUIDESERVICE
getUserRewards ---> TOURGUIDESERVICE
getUserRewards ---> TOURGUIDESERVICE
getUserRewards ---> TOURGUIDESERVICE
getUserRewards ---> TOURGUIDESERVICE
getUserRewards ---> TOURGUIDESERVICE
getUserRewards ---> TOURGUIDESERVICE
getUserRewards ---> TOURGUIDESERVICE
getUserRewards ---> TOURGUIDESERVICE
getUserRewards ---> TOURGUIDESERVICE
getUserRewards ---> TOURGUIDESERVICE
getUserRewards ---> TOURGUIDESERVICE
getUserRewards ---> TOURGUIDESERVICE
getUserRewards ---> TOURGUIDESERVICE
getUserRewards ---> TOURGUIDESERVICE
getUserRewards ---> TOURGUIDESERVICE
getUserRewards ---> TOURGUIDESERVICE
getUserRewards ---> TOURGUIDESERVICE
getUserRewards ---> TOURGUIDESERVICE
getUserRewards ---> TOURGUIDESERVICE
getUserRewards ---> TOURGUIDESERVICE
getUserRewards ---> TOURGUIDESERVICE
getUserRewards ---> TOURGUIDESERVICE
getUserRewards ---> TOURGUIDESERVICE
getUserRewards ---> TOURGUIDESERVICE
getUserRewards ---> TOURGUIDESERVICE
getUserRewards ---> TOURGUIDESERVICE
getUserRewards ---> TOURGUIDESERVICE
getUserRewards ---> TOURGUIDESERVICE
getUserRewards ---> TOURGUIDESERVICE
getUserRewards ---> TOURGUIDESERVICE
getUserRewards ---> TOURGUIDESERVICE
getUserRewards ---> TOURGUIDESERVICE
getUserRewards ---> TOURGUIDESERVICE
getUserRewards ---> TOURGUIDESERVICE
getUserRewards ---> TOURGUIDESERVICE
getUserRewards ---> TOURGUIDESERVICE
getUserRewards ---> TOURGUIDESERVICE
getUserRewards ---> TOURGUIDESERVICE
getUserRewards ---> TOURGUIDESERVICE
getUserRewards ---> TOURGUIDESERVICE
getUserRewards ---> TOURGUIDESERVICE
getUserRewards ---> TOURGUIDESERVICE
getUserRewards ---> TOURGUIDESERVICE
getUserRewards ---> TOURGUIDESERVICE
getUserRewards ---> TOURGUIDESERVICE
getUserRewards ---> TOURGUIDESERVICE
getUserRewards ---> TOURGUIDESERVICE
getUserRewards ---> TOURGUIDESERVICE
getUserRewards ---> TOURGUIDESERVICE
getUserRewards ---> TOURGUIDESERVICE
getUserRewards ---> TOURGUIDESERVICE
getUserRewards ---> TOURGUIDESERVICE
getUserRewards ---> TOURGUIDESERVICE
getUserRewards ---> TOURGUIDESERVICE
getUserRewards ---> TOURGUIDESERVICE
getUserRewards ---> TOURGUIDESERVICE
getUserRewards ---> TOURGUIDESERVICE
getUserRewards ---> TOURGUIDESERVICE
getUserRewards ---> TOURGUIDESERVICE
getUserRewards ---> TOURGUIDESERVICE
getUserRewards ---> TOURGUIDESERVICE
getUserRewards ---> TOURGUIDESERVICE
getUserRewards ---> TOURGUIDESERVICE
getUserRewards ---> TOURGUIDESERVICE
getUserRewards ---> TOURGUIDESERVICE
getUserRewards ---> TOURGUIDESERVICE
getUserRewards ---> TOURGUIDESERVICE
getUserRewards ---> TOURGUIDESERVICE
getUserRewards ---> TOURGUIDESERVICE
getUserRewards ---> TOURGUIDESERVICE
getUserRewards ---> TOURGUIDESERVICE
getUserRewards ---> TOURGUIDESERVICE
getUserRewards ---> TOURGUIDESERVICE
getUserRewards ---> TOURGUIDESERVICE
getUserRewards ---> TOURGUIDESERVICE
getUserRewards ---> TOURGUIDESERVICE
getUserRewards ---> TOURGUIDESERVICE
getUserRewards ---> TOURGUIDESERVICE
getUserRewards ---> TOURGUIDESERVICE
getUserRewards ---> TOURGUIDESERVICE
getUserRewards ---> TOURGUIDESERVICE
getUserRewards ---> TOURGUIDESERVICE
getUserRewards ---> TOURGUIDESERVICE
getUserRewards ---> TOURGUIDESERVICE
getUserRewards ---> TOURGUIDESERVICE
getUserRewards ---> TOURGUIDESERVICE
getUserRewards ---> TOURGUIDESERVICE
getUserRewards ---> TOURGUIDESERVICE
getUserRewards ---> TOURGUIDESERVICE
getUserRewards ---> TOURGUIDESERVICE
getUserRewards ---> TOURGUIDESERVICE
getUserRewards ---> TOURGUIDESERVICE
getUserRewards ---> TOURGUIDESERVICE
getUserRewards ---> TOURGUIDESERVICE
getUserRewards ---> TOURGUIDESERVICE
getUserRewards ---> TOURGUIDESERVICE
getUserRewards ---> TOURGUIDESERVICE
getUserRewards ---> TOURGUIDESERVICE
getUserRewards ---> TOURGUIDESERVICE
getUserRewards ---> TOURGUIDESERVICE
getUserRewards ---> TOURGUIDESERVICE
getUserRewards ---> TOURGUIDESERVICE
getUserRewards ---> TOURGUIDESERVICE
getUserRewards ---> TOURGUIDESERVICE
getUserRewards ---> TOURGUIDESERVICE
getUserRewards ---> TOURGUIDESERVICE
getUserRewards ---> TOURGUIDESERVICE
getUserRewards ---> TOURGUIDESERVICE
getUserRewards ---> TOURGUIDESERVICE
getUserRewards ---> TOURGUIDESERVICE
getUserRewards ---> TOURGUIDESERVICE
getUserRewards ---> TOURGUIDESERVICE
getUserRewards ---> TOURGUIDESERVICE
getUserRewards ---> TOURGUIDESERVICE
getUserRewards ---> TOURGUIDESERVICE
getUserRewards ---> TOURGUIDESERVICE
getUserRewards ---> TOURGUIDESERVICE
getUserRewards ---> TOURGUIDESERVICE
getUserRewards ---> TOURGUIDESERVICE
getUserRewards ---> TOURGUIDESERVICE
getUserRewards ---> TOURGUIDESERVICE
getUserRewards ---> TOURGUIDESERVICE
getUserRewards ---> TOURGUIDESERVICE
getUserRewards ---> TOURGUIDESERVICE
getUserRewards ---> TOURGUIDESERVICE
getUserRewards ---> TOURGUIDESERVICE
getUserRewards ---> TOURGUIDESERVICE
getUserRewards ---> TOURGUIDESERVICE
getUserRewards ---> TOURGUIDESERVICE
getUserRewards ---> TOURGUIDESERVICE
getUserRewards ---> TOURGUIDESERVICE
getUserRewards ---> TOURGUIDESERVICE
getUserRewards ---> TOURGUIDESERVICE
getUserRewards ---> TOURGUIDESERVICE
getUserRewards ---> TOURGUIDESERVICE
getUserRewards ---> TOURGUIDESERVICE
getUserRewards ---> TOURGUIDESERVICE
getUserRewards ---> TOURGUIDESERVICE
getUserRewards ---> TOURGUIDESERVICE
getUserRewards ---> TOURGUIDESERVICE
getUserRewards ---> TOURGUIDESERVICE
getUserRewards ---> TOURGUIDESERVICE
getUserRewards ---> TOURGUIDESERVICE
getUserRewards ---> TOURGUIDESERVICE
getUserRewards ---> TOURGUIDESERVICE
getUserRewards ---> TOURGUIDESERVICE
getUserRewards ---> TOURGUIDESERVICE
getUserRewards ---> TOURGUIDESERVICE
getUserRewards ---> TOURGUIDESERVICE
getUserRewards ---> TOURGUIDESERVICE
getUserRewards ---> TOURGUIDESERVICE
getUserRewards ---> TOURGUIDESERVICE
getUserRewards ---> TOURGUIDESERVICE
getUserRewards ---> TOURGUIDESERVICE
getUserRewards ---> TOURGUIDESERVICE
getUserRewards ---> TOURGUIDESERVICE
getUserRewards ---> TOURGUIDESERVICE
getUserRewards ---> TOURGUIDESERVICE
getUserRewards ---> TOURGUIDESERVICE
getUserRewards ---> TOURGUIDESERVICE
getUserRewards ---> TOURGUIDESERVICE
getUserRewards ---> TOURGUIDESERVICE
getUserRewards ---> TOURGUIDESERVICE
getUserRewards ---> TOURGUIDESERVICE
getUserRewards ---> TOURGUIDESERVICE
getUserRewards ---> TOURGUIDESERVICE
getUserRewards ---> TOURGUIDESERVICE
getUserRewards ---> TOURGUIDESERVICE
getUserRewards ---> TOURGUIDESERVICE
getUserRewards ---> TOURGUIDESERVICE
getUserRewards ---> TOURGUIDESERVICE
getUserRewards ---> TOURGUIDESERVICE
getUserRewards ---> TOURGUIDESERVICE
getUserRewards ---> TOURGUIDESERVICE
getUserRewards ---> TOURGUIDESERVICE
getUserRewards ---> TOURGUIDESERVICE
getUserRewards ---> TOURGUIDESERVICE
getUserRewards ---> TOURGUIDESERVICE
getUserRewards ---> TOURGUIDESERVICE
getUserRewards ---> TOURGUIDESERVICE
getUserRewards ---> TOURGUIDESERVICE
getUserRewards ---> TOURGUIDESERVICE
getUserRewards ---> TOURGUIDESERVICE
getUserRewards ---> TOURGUIDESERVICE
getUserRewards ---> TOURGUIDESERVICE
getUserRewards ---> TOURGUIDESERVICE
getUserRewards ---> TOURGUIDESERVICE
getUserRewards ---> TOURGUIDESERVICE
getUserRewards ---> TOURGUIDESERVICE
getUserRewards ---> TOURGUIDESERVICE
getUserRewards ---> TOURGUIDESERVICE
getUserRewards ---> TOURGUIDESERVICE
getUserRewards ---> TOURGUIDESERVICE
getUserRewards ---> TOURGUIDESERVICE
getUserRewards ---> TOURGUIDESERVICE
getUserRewards ---> TOURGUIDESERVICE
getUserRewards ---> TOURGUIDESERVICE
getUserRewards ---> TOURGUIDESERVICE
getUserRewards ---> TOURGUIDESERVICE
getUserRewards ---> TOURGUIDESERVICE
getUserRewards ---> TOURGUIDESERVICE
getUserRewards ---> TOURGUIDESERVICE
getUserRewards ---> TOURGUIDESERVICE
getUserRewards ---> TOURGUIDESERVICE
getUserRewards ---> TOURGUIDESERVICE
getUserRewards ---> TOURGUIDESERVICE
getUserRewards ---> TOURGUIDESERVICE
getUserRewards ---> TOURGUIDESERVICE
getUserRewards ---> TOURGUIDESERVICE
getUserRewards ---> TOURGUIDESERVICE
getUserRewards ---> TOURGUIDESERVICE
getUserRewards ---> TOURGUIDESERVICE
getUserRewards ---> TOURGUIDESERVICE
getUserRewards ---> TOURGUIDESERVICE
getUserRewards ---> TOURGUIDESERVICE
getUserRewards ---> TOURGUIDESERVICE
getUserRewards ---> TOURGUIDESERVICE
getUserRewards ---> TOURGUIDESERVICE
getUserRewards ---> TOURGUIDESERVICE
getUserRewards ---> TOURGUIDESERVICE
getUserRewards ---> TOURGUIDESERVICE
getUserRewards ---> TOURGUIDESERVICE
getUserRewards ---> TOURGUIDESERVICE
getUserRewards ---> TOURGUIDESERVICE
getUserRewards ---> TOURGUIDESERVICE
getUserRewards ---> TOURGUIDESERVICE
getUserRewards ---> TOURGUIDESERVICE
getUserRewards ---> TOURGUIDESERVICE
getUserRewards ---> TOURGUIDESERVICE
getUserRewards ---> TOURGUIDESERVICE
getUserRewards ---> TOURGUIDESERVICE
getUserRewards ---> TOURGUIDESERVICE
getUserRewards ---> TOURGUIDESERVICE
getUserRewards ---> TOURGUIDESERVICE
getUserRewards ---> TOURGUIDESERVICE
getUserRewards ---> TOURGUIDESERVICE
getUserRewards ---> TOURGUIDESERVICE
getUserRewards ---> TOURGUIDESERVICE
getUserRewards ---> TOURGUIDESERVICE
getUserRewards ---> TOURGUIDESERVICE
getUserRewards ---> TOURGUIDESERVICE
getUserRewards ---> TOURGUIDESERVICE
getUserRewards ---> TOURGUIDESERVICE
getUserRewards ---> TOURGUIDESERVICE
getUserRewards ---> TOURGUIDESERVICE
getUserRewards ---> TOURGUIDESERVICE
getUserRewards ---> TOURGUIDESERVICE
getUserRewards ---> TOURGUIDESERVICE
getUserRewards ---> TOURGUIDESERVICE
getUserRewards ---> TOURGUIDESERVICE
getUserRewards ---> TOURGUIDESERVICE
getUserRewards ---> TOURGUIDESERVICE
getUserRewards ---> TOURGUIDESERVICE
getUserRewards ---> TOURGUIDESERVICE
getUserRewards ---> TOURGUIDESERVICE
getUserRewards ---> TOURGUIDESERVICE
getUserRewards ---> TOURGUIDESERVICE
getUserRewards ---> TOURGUIDESERVICE
getUserRewards ---> TOURGUIDESERVICE
getUserRewards ---> TOURGUIDESERVICE
getUserRewards ---> TOURGUIDESERVICE
getUserRewards ---> TOURGUIDESERVICE
getUserRewards ---> TOURGUIDESERVICE
getUserRewards ---> TOURGUIDESERVICE
getUserRewards ---> TOURGUIDESERVICE
getUserRewards ---> TOURGUIDESERVICE
getUserRewards ---> TOURGUIDESERVICE
getUserRewards ---> TOURGUIDESERVICE
getUserRewards ---> TOURGUIDESERVICE
getUserRewards ---> TOURGUIDESERVICE
getUserRewards ---> TOURGUIDESERVICE
getUserRewards ---> TOURGUIDESERVICE
getUserRewards ---> TOURGUIDESERVICE
getUserRewards ---> TOURGUIDESERVICE
getUserRewards ---> TOURGUIDESERVICE
getUserRewards ---> TOURGUIDESERVICE
getUserRewards ---> TOURGUIDESERVICE
getUserRewards ---> TOURGUIDESERVICE
getUserRewards ---> TOURGUIDESERVICE
getUserRewards ---> TOURGUIDESERVICE
getUserRewards ---> TOURGUIDESERVICE
getUserRewards ---> TOURGUIDESERVICE
getUserRewards ---> TOURGUIDESERVICE
getUserRewards ---> TOURGUIDESERVICE
getUserRewards ---> TOURGUIDESERVICE
getUserRewards ---> TOURGUIDESERVICE
getUserRewards ---> TOURGUIDESERVICE
getUserRewards ---> TOURGUIDESERVICE
getUserRewards ---> TOURGUIDESERVICE
getUserRewards ---> TOURGUIDESERVICE
getUserRewards ---> TOURGUIDESERVICE
getUserRewards ---> TOURGUIDESERVICE
getUserRewards ---> TOURGUIDESERVICE
getUserRewards ---> TOURGUIDESERVICE
getUserRewards ---> TOURGUIDESERVICE
getUserRewards ---> TOURGUIDESERVICE
getUserRewards ---> TOURGUIDESERVICE
getUserRewards ---> TOURGUIDESERVICE
getUserRewards ---> TOURGUIDESERVICE
getUserRewards ---> TOURGUIDESERVICE
getUserRewards ---> TOURGUIDESERVICE
getUserRewards ---> TOURGUIDESERVICE
getUserRewards ---> TOURGUIDESERVICE
getUserRewards ---> TOURGUIDESERVICE
getUserRewards ---> TOURGUIDESERVICE
getUserRewards ---> TOURGUIDESERVICE
getUserRewards ---> TOURGUIDESERVICE
getUserRewards ---> TOURGUIDESERVICE
getUserRewards ---> TOURGUIDESERVICE
getUserRewards ---> TOURGUIDESERVICE
getUserRewards ---> TOURGUIDESERVICE
getUserRewards ---> TOURGUIDESERVICE
getUserRewards ---> TOURGUIDESERVICE
getUserRewards ---> TOURGUIDESERVICE
getUserRewards ---> TOURGUIDESERVICE
getUserRewards ---> TOURGUIDESERVICE
getUserRewards ---> TOURGUIDESERVICE
getUserRewards ---> TOURGUIDESERVICE
getUserRewards ---> TOURGUIDESERVICE
getUserRewards ---> TOURGUIDESERVICE
getUserRewards ---> TOURGUIDESERVICE
getUserRewards ---> TOURGUIDESERVICE
getUserRewards ---> TOURGUIDESERVICE
getUserRewards ---> TOURGUIDESERVICE
getUserRewards ---> TOURGUIDESERVICE
getUserRewards ---> TOURGUIDESERVICE
getUserRewards ---> TOURGUIDESERVICE
getUserRewards ---> TOURGUIDESERVICE
getUserRewards ---> TOURGUIDESERVICE
getUserRewards ---> TOURGUIDESERVICE
getUserRewards ---> TOURGUIDESERVICE
getUserRewards ---> TOURGUIDESERVICE
getUserRewards ---> TOURGUIDESERVICE
getUserRewards ---> TOURGUIDESERVICE
getUserRewards ---> TOURGUIDESERVICE
getUserRewards ---> TOURGUIDESERVICE
getUserRewards ---> TOURGUIDESERVICE
getUserRewards ---> TOURGUIDESERVICE
getUserRewards ---> TOURGUIDESERVICE
getUserRewards ---> TOURGUIDESERVICE
getUserRewards ---> TOURGUIDESERVICE
getUserRewards ---> TOURGUIDESERVICE
getUserRewards ---> TOURGUIDESERVICE
getUserRewards ---> TOURGUIDESERVICE
getUserRewards ---> TOURGUIDESERVICE
getUserRewards ---> TOURGUIDESERVICE
getUserRewards ---> TOURGUIDESERVICE
getUserRewards ---> TOURGUIDESERVICE
getUserRewards ---> TOURGUIDESERVICE
getUserRewards ---> TOURGUIDESERVICE
getUserRewards ---> TOURGUIDESERVICE
getUserRewards ---> TOURGUIDESERVICE
getUserRewards ---> TOURGUIDESERVICE
getUserRewards ---> TOURGUIDESERVICE
getUserRewards ---> TOURGUIDESERVICE
getUserRewards ---> TOURGUIDESERVICE
getUserRewards ---> TOURGUIDESERVICE
getUserRewards ---> TOURGUIDESERVICE
getUserRewards ---> TOURGUIDESERVICE
getUserRewards ---> TOURGUIDESERVICE
getUserRewards ---> TOURGUIDESERVICE
getUserRewards ---> TOURGUIDESERVICE
getUserRewards ---> TOURGUIDESERVICE
getUserRewards ---> TOURGUIDESERVICE
getUserRewards ---> TOURGUIDESERVICE
getUserRewards ---> TOURGUIDESERVICE
getUserRewards ---> TOURGUIDESERVICE
getUserRewards ---> TOURGUIDESERVICE
getUserRewards ---> TOURGUIDESERVICE
getUserRewards ---> TOURGUIDESERVICE
getUserRewards ---> TOURGUIDESERVICE
getUserRewards ---> TOURGUIDESERVICE
getUserRewards ---> TOURGUIDESERVICE
getUserRewards ---> TOURGUIDESERVICE
getUserRewards ---> TOURGUIDESERVICE
getUserRewards ---> TOURGUIDESERVICE
getUserRewards ---> TOURGUIDESERVICE
getUserRewards ---> TOURGUIDESERVICE
getUserRewards ---> TOURGUIDESERVICE
getUserRewards ---> TOURGUIDESERVICE
getUserRewards ---> TOURGUIDESERVICE
getUserRewards ---> TOURGUIDESERVICE
getUserRewards ---> TOURGUIDESERVICE
getUserRewards ---> TOURGUIDESERVICE
getUserRewards ---> TOURGUIDESERVICE
getUserRewards ---> TOURGUIDESERVICE
getUserRewards ---> TOURGUIDESERVICE
getUserRewards ---> TOURGUIDESERVICE
getUserRewards ---> TOURGUIDESERVICE
getUserRewards ---> TOURGUIDESERVICE
getUserRewards ---> TOURGUIDESERVICE
getUserRewards ---> TOURGUIDESERVICE
getUserRewards ---> TOURGUIDESERVICE
getUserRewards ---> TOURGUIDESERVICE
getUserRewards ---> TOURGUIDESERVICE
getUserRewards ---> TOURGUIDESERVICE
getUserRewards ---> TOURGUIDESERVICE
getUserRewards ---> TOURGUIDESERVICE
getUserRewards ---> TOURGUIDESERVICE
getUserRewards ---> TOURGUIDESERVICE
getUserRewards ---> TOURGUIDESERVICE
getUserRewards ---> TOURGUIDESERVICE
getUserRewards ---> TOURGUIDESERVICE
getUserRewards ---> TOURGUIDESERVICE
getUserRewards ---> TOURGUIDESERVICE
getUserRewards ---> TOURGUIDESERVICE
getUserRewards ---> TOURGUIDESERVICE
getUserRewards ---> TOURGUIDESERVICE
getUserRewards ---> TOURGUIDESERVICE
getUserRewards ---> TOURGUIDESERVICE
getUserRewards ---> TOURGUIDESERVICE
getUserRewards ---> TOURGUIDESERVICE
getUserRewards ---> TOURGUIDESERVICE
getUserRewards ---> TOURGUIDESERVICE
getUserRewards ---> TOURGUIDESERVICE
getUserRewards ---> TOURGUIDESERVICE
getUserRewards ---> TOURGUIDESERVICE
getUserRewards ---> TOURGUIDESERVICE
getUserRewards ---> TOURGUIDESERVICE
getUserRewards ---> TOURGUIDESERVICE
getUserRewards ---> TOURGUIDESERVICE
getUserRewards ---> TOURGUIDESERVICE
getUserRewards ---> TOURGUIDESERVICE
getUserRewards ---> TOURGUIDESERVICE
getUserRewards ---> TOURGUIDESERVICE
getUserRewards ---> TOURGUIDESERVICE
getUserRewards ---> TOURGUIDESERVICE
getUserRewards ---> TOURGUIDESERVICE
getUserRewards ---> TOURGUIDESERVICE
getUserRewards ---> TOURGUIDESERVICE
getUserRewards ---> TOURGUIDESERVICE
getUserRewards ---> TOURGUIDESERVICE
getUserRewards ---> TOURGUIDESERVICE
getUserRewards ---> TOURGUIDESERVICE
getUserRewards ---> TOURGUIDESERVICE
getUserRewards ---> TOURGUIDESERVICE
getUserRewards ---> TOURGUIDESERVICE
getUserRewards ---> TOURGUIDESERVICE
getUserRewards ---> TOURGUIDESERVICE
getUserRewards ---> TOURGUIDESERVICE
getUserRewards ---> TOURGUIDESERVICE
getUserRewards ---> TOURGUIDESERVICE
getUserRewards ---> TOURGUIDESERVICE
getUserRewards ---> TOURGUIDESERVICE
getUserRewards ---> TOURGUIDESERVICE
getUserRewards ---> TOURGUIDESERVICE
getUserRewards ---> TOURGUIDESERVICE
getUserRewards ---> TOURGUIDESERVICE
getUserRewards ---> TOURGUIDESERVICE
getUserRewards ---> TOURGUIDESERVICE
getUserRewards ---> TOURGUIDESERVICE
getUserRewards ---> TOURGUIDESERVICE
getUserRewards ---> TOURGUIDESERVICE
getUserRewards ---> TOURGUIDESERVICE
getUserRewards ---> TOURGUIDESERVICE
getUserRewards ---> TOURGUIDESERVICE
getUserRewards ---> TOURGUIDESERVICE
getUserRewards ---> TOURGUIDESERVICE
getUserRewards ---> TOURGUIDESERVICE
getUserRewards ---> TOURGUIDESERVICE
getUserRewards ---> TOURGUIDESERVICE
getUserRewards ---> TOURGUIDESERVICE
getUserRewards ---> TOURGUIDESERVICE
getUserRewards ---> TOURGUIDESERVICE
getUserRewards ---> TOURGUIDESERVICE
getUserRewards ---> TOURGUIDESERVICE
getUserRewards ---> TOURGUIDESERVICE
getUserRewards ---> TOURGUIDESERVICE
getUserRewards ---> TOURGUIDESERVICE
getUserRewards ---> TOURGUIDESERVICE
getUserRewards ---> TOURGUIDESERVICE
getUserRewards ---> TOURGUIDESERVICE
getUserRewards ---> TOURGUIDESERVICE
getUserRewards ---> TOURGUIDESERVICE
getUserRewards ---> TOURGUIDESERVICE
getUserRewards ---> TOURGUIDESERVICE
getUserRewards ---> TOURGUIDESERVICE
getUserRewards ---> TOURGUIDESERVICE
getUserRewards ---> TOURGUIDESERVICE
getUserRewards ---> TOURGUIDESERVICE
getUserRewards ---> TOURGUIDESERVICE
getUserRewards ---> TOURGUIDESERVICE
getUserRewards ---> TOURGUIDESERVICE
getUserRewards ---> TOURGUIDESERVICE
getUserRewards ---> TOURGUIDESERVICE
getUserRewards ---> TOURGUIDESERVICE
getUserRewards ---> TOURGUIDESERVICE
getUserRewards ---> TOURGUIDESERVICE
getUserRewards ---> TOURGUIDESERVICE
getUserRewards ---> TOURGUIDESERVICE
getUserRewards ---> TOURGUIDESERVICE
getUserRewards ---> TOURGUIDESERVICE
getUserRewards ---> TOURGUIDESERVICE
getUserRewards ---> TOURGUIDESERVICE
getUserRewards ---> TOURGUIDESERVICE
getUserRewards ---> TOURGUIDESERVICE
getUserRewards ---> TOURGUIDESERVICE
getUserRewards ---> TOURGUIDESERVICE
getUserRewards ---> TOURGUIDESERVICE
getUserRewards ---> TOURGUIDESERVICE
getUserRewards ---> TOURGUIDESERVICE
getUserRewards ---> TOURGUIDESERVICE
getUserRewards ---> TOURGUIDESERVICE
getUserRewards ---> TOURGUIDESERVICE
getUserRewards ---> TOURGUIDESERVICE
getUserRewards ---> TOURGUIDESERVICE
getUserRewards ---> TOURGUIDESERVICE
getUserRewards ---> TOURGUIDESERVICE
getUserRewards ---> TOURGUIDESERVICE
getUserRewards ---> TOURGUIDESERVICE
getUserRewards ---> TOURGUIDESERVICE
getUserRewards ---> TOURGUIDESERVICE
getUserRewards ---> TOURGUIDESERVICE
getUserRewards ---> TOURGUIDESERVICE
getUserRewards ---> TOURGUIDESERVICE
getUserRewards ---> TOURGUIDESERVICE
getUserRewards ---> TOURGUIDESERVICE
getUserRewards ---> TOURGUIDESERVICE
getUserRewards ---> TOURGUIDESERVICE
getUserRewards ---> TOURGUIDESERVICE
getUserRewards ---> TOURGUIDESERVICE
getUserRewards ---> TOURGUIDESERVICE
getUserRewards ---> TOURGUIDESERVICE
getUserRewards ---> TOURGUIDESERVICE
getUserRewards ---> TOURGUIDESERVICE
getUserRewards ---> TOURGUIDESERVICE
getUserRewards ---> TOURGUIDESERVICE
getUserRewards ---> TOURGUIDESERVICE
getUserRewards ---> TOURGUIDESERVICE
getUserRewards ---> TOURGUIDESERVICE
getUserRewards ---> TOURGUIDESERVICE
getUserRewards ---> TOURGUIDESERVICE
getUserRewards ---> TOURGUIDESERVICE
getUserRewards ---> TOURGUIDESERVICE
getUserRewards ---> TOURGUIDESERVICE
getUserRewards ---> TOURGUIDESERVICE
getUserRewards ---> TOURGUIDESERVICE
getUserRewards ---> TOURGUIDESERVICE
getUserRewards ---> TOURGUIDESERVICE
getUserRewards ---> TOURGUIDESERVICE
getUserRewards ---> TOURGUIDESERVICE
getUserRewards ---> TOURGUIDESERVICE
getUserRewards ---> TOURGUIDESERVICE
getUserRewards ---> TOURGUIDESERVICE
getUserRewards ---> TOURGUIDESERVICE
getUserRewards ---> TOURGUIDESERVICE
getUserRewards ---> TOURGUIDESERVICE
getUserRewards ---> TOURGUIDESERVICE
getUserRewards ---> TOURGUIDESERVICE
getUserRewards ---> TOURGUIDESERVICE
getUserRewards ---> TOURGUIDESERVICE
getUserRewards ---> TOURGUIDESERVICE
getUserRewards ---> TOURGUIDESERVICE
getUserRewards ---> TOURGUIDESERVICE
getUserRewards ---> TOURGUIDESERVICE
getUserRewards ---> TOURGUIDESERVICE
getUserRewards ---> TOURGUIDESERVICE
getUserRewards ---> TOURGUIDESERVICE
getUserRewards ---> TOURGUIDESERVICE
getUserRewards ---> TOURGUIDESERVICE
getUserRewards ---> TOURGUIDESERVICE
getUserRewards ---> TOURGUIDESERVICE
getUserRewards ---> TOURGUIDESERVICE
getUserRewards ---> TOURGUIDESERVICE
getUserRewards ---> TOURGUIDESERVICE
getUserRewards ---> TOURGUIDESERVICE
getUserRewards ---> TOURGUIDESERVICE
getUserRewards ---> TOURGUIDESERVICE
getUserRewards ---> TOURGUIDESERVICE
getUserRewards ---> TOURGUIDESERVICE
getUserRewards ---> TOURGUIDESERVICE
getUserRewards ---> TOURGUIDESERVICE
getUserRewards ---> TOURGUIDESERVICE
getUserRewards ---> TOURGUIDESERVICE
getUserRewards ---> TOURGUIDESERVICE
getUserRewards ---> TOURGUIDESERVICE
getUserRewards ---> TOURGUIDESERVICE
getUserRewards ---> TOURGUIDESERVICE
getUserRewards ---> TOURGUIDESERVICE
getUserRewards ---> TOURGUIDESERVICE
getUserRewards ---> TOURGUIDESERVICE
getUserRewards ---> TOURGUIDESERVICE
getUserRewards ---> TOURGUIDESERVICE
getUserRewards ---> TOURGUIDESERVICE
getUserRewards ---> TOURGUIDESERVICE
getUserRewards ---> TOURGUIDESERVICE
getUserRewards ---> TOURGUIDESERVICE
getUserRewards ---> TOURGUIDESERVICE
getUserRewards ---> TOURGUIDESERVICE
getUserRewards ---> TOURGUIDESERVICE
getUserRewards ---> TOURGUIDESERVICE
getUserRewards ---> TOURGUIDESERVICE
getUserRewards ---> TOURGUIDESERVICE
getUserRewards ---> TOURGUIDESERVICE
getUserRewards ---> TOURGUIDESERVICE
getUserRewards ---> TOURGUIDESERVICE
getUserRewards ---> TOURGUIDESERVICE
getUserRewards ---> TOURGUIDESERVICE
getUserRewards ---> TOURGUIDESERVICE
getUserRewards ---> TOURGUIDESERVICE
getUserRewards ---> TOURGUIDESERVICE
getUserRewards ---> TOURGUIDESERVICE
getUserRewards ---> TOURGUIDESERVICE
getUserRewards ---> TOURGUIDESERVICE
getUserRewards ---> TOURGUIDESERVICE
getUserRewards ---> TOURGUIDESERVICE
getUserRewards ---> TOURGUIDESERVICE
getUserRewards ---> TOURGUIDESERVICE
getUserRewards ---> TOURGUIDESERVICE
getUserRewards ---> TOURGUIDESERVICE
getUserRewards ---> TOURGUIDESERVICE
getUserRewards ---> TOURGUIDESERVICE
getUserRewards ---> TOURGUIDESERVICE
getUserRewards ---> TOURGUIDESERVICE
getUserRewards ---> TOURGUIDESERVICE
getUserRewards ---> TOURGUIDESERVICE
getUserRewards ---> TOURGUIDESERVICE
getUserRewards ---> TOURGUIDESERVICE
getUserRewards ---> TOURGUIDESERVICE
getUserRewards ---> TOURGUIDESERVICE
getUserRewards ---> TOURGUIDESERVICE
getUserRewards ---> TOURGUIDESERVICE
getUserRewards ---> TOURGUIDESERVICE
getUserRewards ---> TOURGUIDESERVICE
getUserRewards ---> TOURGUIDESERVICE
getUserRewards ---> TOURGUIDESERVICE
getUserRewards ---> TOURGUIDESERVICE
getUserRewards ---> TOURGUIDESERVICE
getUserRewards ---> TOURGUIDESERVICE
getUserRewards ---> TOURGUIDESERVICE
getUserRewards ---> TOURGUIDESERVICE
getUserRewards ---> TOURGUIDESERVICE
getUserRewards ---> TOURGUIDESERVICE
getUserRewards ---> TOURGUIDESERVICE
getUserRewards ---> TOURGUIDESERVICE
getUserRewards ---> TOURGUIDESERVICE
getUserRewards ---> TOURGUIDESERVICE
getUserRewards ---> TOURGUIDESERVICE
getUserRewards ---> TOURGUIDESERVICE
getUserRewards ---> TOURGUIDESERVICE
getUserRewards ---> TOURGUIDESERVICE
getUserRewards ---> TOURGUIDESERVICE
getUserRewards ---> TOURGUIDESERVICE
getUserRewards ---> TOURGUIDESERVICE
getUserRewards ---> TOURGUIDESERVICE
getUserRewards ---> TOURGUIDESERVICE
getUserRewards ---> TOURGUIDESERVICE
getUserRewards ---> TOURGUIDESERVICE
getUserRewards ---> TOURGUIDESERVICE
getUserRewards ---> TOURGUIDESERVICE
getUserRewards ---> TOURGUIDESERVICE
getUserRewards ---> TOURGUIDESERVICE
getUserRewards ---> TOURGUIDESERVICE
getUserRewards ---> TOURGUIDESERVICE
getUserRewards ---> TOURGUIDESERVICE
getUserRewards ---> TOURGUIDESERVICE
getUserRewards ---> TOURGUIDESERVICE
getUserRewards ---> TOURGUIDESERVICE
getUserRewards ---> TOURGUIDESERVICE
getUserRewards ---> TOURGUIDESERVICE
getUserRewards ---> TOURGUIDESERVICE
getUserRewards ---> TOURGUIDESERVICE
getUserRewards ---> TOURGUIDESERVICE
getUserRewards ---> TOURGUIDESERVICE
getUserRewards ---> TOURGUIDESERVICE
getUserRewards ---> TOURGUIDESERVICE
getUserRewards ---> TOURGUIDESERVICE
getUserRewards ---> TOURGUIDESERVICE
getUserRewards ---> TOURGUIDESERVICE
getUserRewards ---> TOURGUIDESERVICE
getUserRewards ---> TOURGUIDESERVICE
getUserRewards ---> TOURGUIDESERVICE
getUserRewards ---> TOURGUIDESERVICE
getUserRewards ---> TOURGUIDESERVICE
getUserRewards ---> TOURGUIDESERVICE
getUserRewards ---> TOURGUIDESERVICE
getUserRewards ---> TOURGUIDESERVICE
getUserRewards ---> TOURGUIDESERVICE
getUserRewards ---> TOURGUIDESERVICE
getUserRewards ---> TOURGUIDESERVICE
getUserRewards ---> TOURGUIDESERVICE
getUserRewards ---> TOURGUIDESERVICE
getUserRewards ---> TOURGUIDESERVICE
getUserRewards ---> TOURGUIDESERVICE
getUserRewards ---> TOURGUIDESERVICE
getUserRewards ---> TOURGUIDESERVICE
getUserRewards ---> TOURGUIDESERVICE
getUserRewards ---> TOURGUIDESERVICE
getUserRewards ---> TOURGUIDESERVICE
getUserRewards ---> TOURGUIDESERVICE
getUserRewards ---> TOURGUIDESERVICE
getUserRewards ---> TOURGUIDESERVICE
getUserRewards ---> TOURGUIDESERVICE
getUserRewards ---> TOURGUIDESERVICE
getUserRewards ---> TOURGUIDESERVICE
getUserRewards ---> TOURGUIDESERVICE
getUserRewards ---> TOURGUIDESERVICE
getUserRewards ---> TOURGUIDESERVICE
getUserRewards ---> TOURGUIDESERVICE
getUserRewards ---> TOURGUIDESERVICE
getUserRewards ---> TOURGUIDESERVICE
getUserRewards ---> TOURGUIDESERVICE
getUserRewards ---> TOURGUIDESERVICE
getUserRewards ---> TOURGUIDESERVICE
getUserRewards ---> TOURGUIDESERVICE
getUserRewards ---> TOURGUIDESERVICE
getUserRewards ---> TOURGUIDESERVICE
getUserRewards ---> TOURGUIDESERVICE
getUserRewards ---> TOURGUIDESERVICE
getUserRewards ---> TOURGUIDESERVICE
getUserRewards ---> TOURGUIDESERVICE
getUserRewards ---> TOURGUIDESERVICE
getUserRewards ---> TOURGUIDESERVICE
getUserRewards ---> TOURGUIDESERVICE
getUserRewards ---> TOURGUIDESERVICE
getUserRewards ---> TOURGUIDESERVICE
getUserRewards ---> TOURGUIDESERVICE
getUserRewards ---> TOURGUIDESERVICE
getUserRewards ---> TOURGUIDESERVICE
getUserRewards ---> TOURGUIDESERVICE
getUserRewards ---> TOURGUIDESERVICE
getUserRewards ---> TOURGUIDESERVICE
getUserRewards ---> TOURGUIDESERVICE
getUserRewards ---> TOURGUIDESERVICE
getUserRewards ---> TOURGUIDESERVICE
getUserRewards ---> TOURGUIDESERVICE
getUserRewards ---> TOURGUIDESERVICE
getUserRewards ---> TOURGUIDESERVICE
getUserRewards ---> TOURGUIDESERVICE
getUserRewards ---> TOURGUIDESERVICE
getUserRewards ---> TOURGUIDESERVICE
getUserRewards ---> TOURGUIDESERVICE
getUserRewards ---> TOURGUIDESERVICE
getUserRewards ---> TOURGUIDESERVICE
getUserRewards ---> TOURGUIDESERVICE
getUserRewards ---> TOURGUIDESERVICE
getUserRewards ---> TOURGUIDESERVICE
getUserRewards ---> TOURGUIDESERVICE
getUserRewards ---> TOURGUIDESERVICE
getUserRewards ---> TOURGUIDESERVICE
getUserRewards ---> TOURGUIDESERVICE
getUserRewards ---> TOURGUIDESERVICE
getUserRewards ---> TOURGUIDESERVICE
getUserRewards ---> TOURGUIDESERVICE
getUserRewards ---> TOURGUIDESERVICE
getUserRewards ---> TOURGUIDESERVICE
getUserRewards ---> TOURGUIDESERVICE
getUserRewards ---> TOURGUIDESERVICE
getUserRewards ---> TOURGUIDESERVICE
getUserRewards ---> TOURGUIDESERVICE
getUserRewards ---> TOURGUIDESERVICE
getUserRewards ---> TOURGUIDESERVICE
getUserRewards ---> TOURGUIDESERVICE
getUserRewards ---> TOURGUIDESERVICE
getUserRewards ---> TOURGUIDESERVICE
getUserRewards ---> TOURGUIDESERVICE
getUserRewards ---> TOURGUIDESERVICE
getUserRewards ---> TOURGUIDESERVICE
getUserRewards ---> TOURGUIDESERVICE
getUserRewards ---> TOURGUIDESERVICE
getUserRewards ---> TOURGUIDESERVICE
getUserRewards ---> TOURGUIDESERVICE
getUserRewards ---> TOURGUIDESERVICE
getUserRewards ---> TOURGUIDESERVICE
getUserRewards ---> TOURGUIDESERVICE
getUserRewards ---> TOURGUIDESERVICE
getUserRewards ---> TOURGUIDESERVICE
getUserRewards ---> TOURGUIDESERVICE
getUserRewards ---> TOURGUIDESERVICE
getUserRewards ---> TOURGUIDESERVICE
getUserRewards ---> TOURGUIDESERVICE
getUserRewards ---> TOURGUIDESERVICE
getUserRewards ---> TOURGUIDESERVICE
getUserRewards ---> TOURGUIDESERVICE
getUserRewards ---> TOURGUIDESERVICE
getUserRewards ---> TOURGUIDESERVICE
getUserRewards ---> TOURGUIDESERVICE
getUserRewards ---> TOURGUIDESERVICE
getUserRewards ---> TOURGUIDESERVICE
getUserRewards ---> TOURGUIDESERVICE
getUserRewards ---> TOURGUIDESERVICE
getUserRewards ---> TOURGUIDESERVICE
getUserRewards ---> TOURGUIDESERVICE
getUserRewards ---> TOURGUIDESERVICE
getUserRewards ---> TOURGUIDESERVICE
getUserRewards ---> TOURGUIDESERVICE
getUserRewards ---> TOURGUIDESERVICE
getUserRewards ---> TOURGUIDESERVICE
getUserRewards ---> TOURGUIDESERVICE
getUserRewards ---> TOURGUIDESERVICE
getUserRewards ---> TOURGUIDESERVICE
getUserRewards ---> TOURGUIDESERVICE
getUserRewards ---> TOURGUIDESERVICE
getUserRewards ---> TOURGUIDESERVICE
getUserRewards ---> TOURGUIDESERVICE
getUserRewards ---> TOURGUIDESERVICE
getUserRewards ---> TOURGUIDESERVICE
getUserRewards ---> TOURGUIDESERVICE
getUserRewards ---> TOURGUIDESERVICE
getUserRewards ---> TOURGUIDESERVICE
getUserRewards ---> TOURGUIDESERVICE
getUserRewards ---> TOURGUIDESERVICE
getUserRewards ---> TOURGUIDESERVICE
getUserRewards ---> TOURGUIDESERVICE
getUserRewards ---> TOURGUIDESERVICE
getUserRewards ---> TOURGUIDESERVICE
getUserRewards ---> TOURGUIDESERVICE
getUserRewards ---> TOURGUIDESERVICE
getUserRewards ---> TOURGUIDESERVICE
getUserRewards ---> TOURGUIDESERVICE
getUserRewards ---> TOURGUIDESERVICE
getUserRewards ---> TOURGUIDESERVICE
getUserRewards ---> TOURGUIDESERVICE
getUserRewards ---> TOURGUIDESERVICE
getUserRewards ---> TOURGUIDESERVICE
getUserRewards ---> TOURGUIDESERVICE
getUserRewards ---> TOURGUIDESERVICE
getUserRewards ---> TOURGUIDESERVICE
getUserRewards ---> TOURGUIDESERVICE
getUserRewards ---> TOURGUIDESERVICE
getUserRewards ---> TOURGUIDESERVICE
getUserRewards ---> TOURGUIDESERVICE
getUserRewards ---> TOURGUIDESERVICE
getUserRewards ---> TOURGUIDESERVICE
getUserRewards ---> TOURGUIDESERVICE
getUserRewards ---> TOURGUIDESERVICE
getUserRewards ---> TOURGUIDESERVICE
getUserRewards ---> TOURGUIDESERVICE
getUserRewards ---> TOURGUIDESERVICE
getUserRewards ---> TOURGUIDESERVICE
getUserRewards ---> TOURGUIDESERVICE
getUserRewards ---> TOURGUIDESERVICE
getUserRewards ---> TOURGUIDESERVICE
getUserRewards ---> TOURGUIDESERVICE
getUserRewards ---> TOURGUIDESERVICE
getUserRewards ---> TOURGUIDESERVICE
getUserRewards ---> TOURGUIDESERVICE
getUserRewards ---> TOURGUIDESERVICE
getUserRewards ---> TOURGUIDESERVICE
getUserRewards ---> TOURGUIDESERVICE
getUserRewards ---> TOURGUIDESERVICE
getUserRewards ---> TOURGUIDESERVICE
getUserRewards ---> TOURGUIDESERVICE
getUserRewards ---> TOURGUIDESERVICE
getUserRewards ---> TOURGUIDESERVICE
getUserRewards ---> TOURGUIDESERVICE
getUserRewards ---> TOURGUIDESERVICE
getUserRewards ---> TOURGUIDESERVICE
getUserRewards ---> TOURGUIDESERVICE
getUserRewards ---> TOURGUIDESERVICE
getUserRewards ---> TOURGUIDESERVICE
getUserRewards ---> TOURGUIDESERVICE
getUserRewards ---> TOURGUIDESERVICE
getUserRewards ---> TOURGUIDESERVICE
getUserRewards ---> TOURGUIDESERVICE
getUserRewards ---> TOURGUIDESERVICE
getUserRewards ---> TOURGUIDESERVICE
getUserRewards ---> TOURGUIDESERVICE
getUserRewards ---> TOURGUIDESERVICE
getUserRewards ---> TOURGUIDESERVICE
getUserRewards ---> TOURGUIDESERVICE
getUserRewards ---> TOURGUIDESERVICE
getUserRewards ---> TOURGUIDESERVICE
getUserRewards ---> TOURGUIDESERVICE
getUserRewards ---> TOURGUIDESERVICE
getUserRewards ---> TOURGUIDESERVICE
getUserRewards ---> TOURGUIDESERVICE
getUserRewards ---> TOURGUIDESERVICE
getUserRewards ---> TOURGUIDESERVICE
getUserRewards ---> TOURGUIDESERVICE
getUserRewards ---> TOURGUIDESERVICE
getUserRewards ---> TOURGUIDESERVICE
getUserRewards ---> TOURGUIDESERVICE
getUserRewards ---> TOURGUIDESERVICE
getUserRewards ---> TOURGUIDESERVICE
getUserRewards ---> TOURGUIDESERVICE
getUserRewards ---> TOURGUIDESERVICE
getUserRewards ---> TOURGUIDESERVICE
getUserRewards ---> TOURGUIDESERVICE
getUserRewards ---> TOURGUIDESERVICE
getUserRewards ---> TOURGUIDESERVICE
getUserRewards ---> TOURGUIDESERVICE
getUserRewards ---> TOURGUIDESERVICE
getUserRewards ---> TOURGUIDESERVICE
getUserRewards ---> TOURGUIDESERVICE
getUserRewards ---> TOURGUIDESERVICE
getUserRewards ---> TOURGUIDESERVICE
getUserRewards ---> TOURGUIDESERVICE
getUserRewards ---> TOURGUIDESERVICE
getUserRewards ---> TOURGUIDESERVICE
getUserRewards ---> TOURGUIDESERVICE
getUserRewards ---> TOURGUIDESERVICE
getUserRewards ---> TOURGUIDESERVICE
getUserRewards ---> TOURGUIDESERVICE
getUserRewards ---> TOURGUIDESERVICE
getUserRewards ---> TOURGUIDESERVICE
getUserRewards ---> TOURGUIDESERVICE
getUserRewards ---> TOURGUIDESERVICE
getUserRewards ---> TOURGUIDESERVICE
getUserRewards ---> TOURGUIDESERVICE
getUserRewards ---> TOURGUIDESERVICE
getUserRewards ---> TOURGUIDESERVICE
getUserRewards ---> TOURGUIDESERVICE
getUserRewards ---> TOURGUIDESERVICE
getUserRewards ---> TOURGUIDESERVICE
getUserRewards ---> TOURGUIDESERVICE
getUserRewards ---> TOURGUIDESERVICE
getUserRewards ---> TOURGUIDESERVICE
getUserRewards ---> TOURGUIDESERVICE
getUserRewards ---> TOURGUIDESERVICE
getUserRewards ---> TOURGUIDESERVICE
getUserRewards ---> TOURGUIDESERVICE
getUserRewards ---> TOURGUIDESERVICE
getUserRewards ---> TOURGUIDESERVICE
getUserRewards ---> TOURGUIDESERVICE
getUserRewards ---> TOURGUIDESERVICE
getUserRewards ---> TOURGUIDESERVICE
getUserRewards ---> TOURGUIDESERVICE
getUserRewards ---> TOURGUIDESERVICE
getUserRewards ---> TOURGUIDESERVICE
getUserRewards ---> TOURGUIDESERVICE
getUserRewards ---> TOURGUIDESERVICE
getUserRewards ---> TOURGUIDESERVICE
getUserRewards ---> TOURGUIDESERVICE
getUserRewards ---> TOURGUIDESERVICE
getUserRewards ---> TOURGUIDESERVICE
getUserRewards ---> TOURGUIDESERVICE
getUserRewards ---> TOURGUIDESERVICE
getUserRewards ---> TOURGUIDESERVICE
getUserRewards ---> TOURGUIDESERVICE
getUserRewards ---> TOURGUIDESERVICE
getUserRewards ---> TOURGUIDESERVICE
getUserRewards ---> TOURGUIDESERVICE
getUserRewards ---> TOURGUIDESERVICE
getUserRewards ---> TOURGUIDESERVICE
getUserRewards ---> TOURGUIDESERVICE
getUserRewards ---> TOURGUIDESERVICE
getUserRewards ---> TOURGUIDESERVICE
getUserRewards ---> TOURGUIDESERVICE
getUserRewards ---> TOURGUIDESERVICE
getUserRewards ---> TOURGUIDESERVICE
getUserRewards ---> TOURGUIDESERVICE
getUserRewards ---> TOURGUIDESERVICE
getUserRewards ---> TOURGUIDESERVICE
getUserRewards ---> TOURGUIDESERVICE
getUserRewards ---> TOURGUIDESERVICE
getUserRewards ---> TOURGUIDESERVICE
getUserRewards ---> TOURGUIDESERVICE
getUserRewards ---> TOURGUIDESERVICE
getUserRewards ---> TOURGUIDESERVICE
getUserRewards ---> TOURGUIDESERVICE
getUserRewards ---> TOURGUIDESERVICE
getUserRewards ---> TOURGUIDESERVICE
getUserRewards ---> TOURGUIDESERVICE
getUserRewards ---> TOURGUIDESERVICE
getUserRewards ---> TOURGUIDESERVICE
getUserRewards ---> TOURGUIDESERVICE
getUserRewards ---> TOURGUIDESERVICE
getUserRewards ---> TOURGUIDESERVICE
getUserRewards ---> TOURGUIDESERVICE
getUserRewards ---> TOURGUIDESERVICE
getUserRewards ---> TOURGUIDESERVICE
getUserRewards ---> TOURGUIDESERVICE
getUserRewards ---> TOURGUIDESERVICE
getUserRewards ---> TOURGUIDESERVICE
getUserRewards ---> TOURGUIDESERVICE
getUserRewards ---> TOURGUIDESERVICE
getUserRewards ---> TOURGUIDESERVICE
getUserRewards ---> TOURGUIDESERVICE
getUserRewards ---> TOURGUIDESERVICE
getUserRewards ---> TOURGUIDESERVICE
getUserRewards ---> TOURGUIDESERVICE
getUserRewards ---> TOURGUIDESERVICE
getUserRewards ---> TOURGUIDESERVICE
getUserRewards ---> TOURGUIDESERVICE
getUserRewards ---> TOURGUIDESERVICE
getUserRewards ---> TOURGUIDESERVICE
getUserRewards ---> TOURGUIDESERVICE
getUserRewards ---> TOURGUIDESERVICE
getUserRewards ---> TOURGUIDESERVICE
getUserRewards ---> TOURGUIDESERVICE
getUserRewards ---> TOURGUIDESERVICE
getUserRewards ---> TOURGUIDESERVICE
getUserRewards ---> TOURGUIDESERVICE
getUserRewards ---> TOURGUIDESERVICE
getUserRewards ---> TOURGUIDESERVICE
getUserRewards ---> TOURGUIDESERVICE
getUserRewards ---> TOURGUIDESERVICE
getUserRewards ---> TOURGUIDESERVICE
getUserRewards ---> TOURGUIDESERVICE
getUserRewards ---> TOURGUIDESERVICE
getUserRewards ---> TOURGUIDESERVICE
getUserRewards ---> TOURGUIDESERVICE
getUserRewards ---> TOURGUIDESERVICE
getUserRewards ---> TOURGUIDESERVICE
getUserRewards ---> TOURGUIDESERVICE
getUserRewards ---> TOURGUIDESERVICE
getUserRewards ---> TOURGUIDESERVICE
getUserRewards ---> TOURGUIDESERVICE
getUserRewards ---> TOURGUIDESERVICE
getUserRewards ---> TOURGUIDESERVICE
getUserRewards ---> TOURGUIDESERVICE
getUserRewards ---> TOURGUIDESERVICE
getUserRewards ---> TOURGUIDESERVICE
getUserRewards ---> TOURGUIDESERVICE
getUserRewards ---> TOURGUIDESERVICE
getUserRewards ---> TOURGUIDESERVICE
getUserRewards ---> TOURGUIDESERVICE
getUserRewards ---> TOURGUIDESERVICE
getUserRewards ---> TOURGUIDESERVICE
getUserRewards ---> TOURGUIDESERVICE
getUserRewards ---> TOURGUIDESERVICE
getUserRewards ---> TOURGUIDESERVICE
getUserRewards ---> TOURGUIDESERVICE
getUserRewards ---> TOURGUIDESERVICE
getUserRewards ---> TOURGUIDESERVICE
getUserRewards ---> TOURGUIDESERVICE
getUserRewards ---> TOURGUIDESERVICE
getUserRewards ---> TOURGUIDESERVICE
getUserRewards ---> TOURGUIDESERVICE
getUserRewards ---> TOURGUIDESERVICE
getUserRewards ---> TOURGUIDESERVICE
getUserRewards ---> TOURGUIDESERVICE
getUserRewards ---> TOURGUIDESERVICE
getUserRewards ---> TOURGUIDESERVICE
getUserRewards ---> TOURGUIDESERVICE
getUserRewards ---> TOURGUIDESERVICE
getUserRewards ---> TOURGUIDESERVICE
getUserRewards ---> TOURGUIDESERVICE
getUserRewards ---> TOURGUIDESERVICE
getUserRewards ---> TOURGUIDESERVICE
getUserRewards ---> TOURGUIDESERVICE
getUserRewards ---> TOURGUIDESERVICE
getUserRewards ---> TOURGUIDESERVICE
getUserRewards ---> TOURGUIDESERVICE
getUserRewards ---> TOURGUIDESERVICE
getUserRewards ---> TOURGUIDESERVICE
getUserRewards ---> TOURGUIDESERVICE
getUserRewards ---> TOURGUIDESERVICE
getUserRewards ---> TOURGUIDESERVICE
getUserRewards ---> TOURGUIDESERVICE
getUserRewards ---> TOURGUIDESERVICE
getUserRewards ---> TOURGUIDESERVICE
getUserRewards ---> TOURGUIDESERVICE
getUserRewards ---> TOURGUIDESERVICE
getUserRewards ---> TOURGUIDESERVICE
getUserRewards ---> TOURGUIDESERVICE
getUserRewards ---> TOURGUIDESERVICE
getUserRewards ---> TOURGUIDESERVICE
getUserRewards ---> TOURGUIDESERVICE
getUserRewards ---> TOURGUIDESERVICE
getUserRewards ---> TOURGUIDESERVICE
getUserRewards ---> TOURGUIDESERVICE
getUserRewards ---> TOURGUIDESERVICE
getUserRewards ---> TOURGUIDESERVICE
getUserRewards ---> TOURGUIDESERVICE
getUserRewards ---> TOURGUIDESERVICE
getUserRewards ---> TOURGUIDESERVICE
getUserRewards ---> TOURGUIDESERVICE
getUserRewards ---> TOURGUIDESERVICE
getUserRewards ---> TOURGUIDESERVICE
getUserRewards ---> TOURGUIDESERVICE
getUserRewards ---> TOURGUIDESERVICE
getUserRewards ---> TOURGUIDESERVICE
getUserRewards ---> TOURGUIDESERVICE
getUserRewards ---> TOURGUIDESERVICE
getUserRewards ---> TOURGUIDESERVICE
getUserRewards ---> TOURGUIDESERVICE
getUserRewards ---> TOURGUIDESERVICE
getUserRewards ---> TOURGUIDESERVICE
getUserRewards ---> TOURGUIDESERVICE
getUserRewards ---> TOURGUIDESERVICE
getUserRewards ---> TOURGUIDESERVICE
getUserRewards ---> TOURGUIDESERVICE
getUserRewards ---> TOURGUIDESERVICE
getUserRewards ---> TOURGUIDESERVICE
getUserRewards ---> TOURGUIDESERVICE
getUserRewards ---> TOURGUIDESERVICE
getUserRewards ---> TOURGUIDESERVICE
getUserRewards ---> TOURGUIDESERVICE
getUserRewards ---> TOURGUIDESERVICE
getUserRewards ---> TOURGUIDESERVICE
getUserRewards ---> TOURGUIDESERVICE
getUserRewards ---> TOURGUIDESERVICE
getUserRewards ---> TOURGUIDESERVICE
getUserRewards ---> TOURGUIDESERVICE
getUserRewards ---> TOURGUIDESERVICE
getUserRewards ---> TOURGUIDESERVICE
getUserRewards ---> TOURGUIDESERVICE
getUserRewards ---> TOURGUIDESERVICE
getUserRewards ---> TOURGUIDESERVICE
getUserRewards ---> TOURGUIDESERVICE
getUserRewards ---> TOURGUIDESERVICE
getUserRewards ---> TOURGUIDESERVICE
getUserRewards ---> TOURGUIDESERVICE
getUserRewards ---> TOURGUIDESERVICE
getUserRewards ---> TOURGUIDESERVICE
getUserRewards ---> TOURGUIDESERVICE
getUserRewards ---> TOURGUIDESERVICE
getUserRewards ---> TOURGUIDESERVICE
getUserRewards ---> TOURGUIDESERVICE
getUserRewards ---> TOURGUIDESERVICE
getUserRewards ---> TOURGUIDESERVICE
getUserRewards ---> TOURGUIDESERVICE
getUserRewards ---> TOURGUIDESERVICE
getUserRewards ---> TOURGUIDESERVICE
getUserRewards ---> TOURGUIDESERVICE
getUserRewards ---> TOURGUIDESERVICE
getUserRewards ---> TOURGUIDESERVICE
getUserRewards ---> TOURGUIDESERVICE
getUserRewards ---> TOURGUIDESERVICE
getUserRewards ---> TOURGUIDESERVICE
getUserRewards ---> TOURGUIDESERVICE
getUserRewards ---> TOURGUIDESERVICE
getUserRewards ---> TOURGUIDESERVICE
getUserRewards ---> TOURGUIDESERVICE
getUserRewards ---> TOURGUIDESERVICE
getUserRewards ---> TOURGUIDESERVICE
getUserRewards ---> TOURGUIDESERVICE
getUserRewards ---> TOURGUIDESERVICE
getUserRewards ---> TOURGUIDESERVICE
getUserRewards ---> TOURGUIDESERVICE
getUserRewards ---> TOURGUIDESERVICE
getUserRewards ---> TOURGUIDESERVICE
getUserRewards ---> TOURGUIDESERVICE
getUserRewards ---> TOURGUIDESERVICE
getUserRewards ---> TOURGUIDESERVICE
getUserRewards ---> TOURGUIDESERVICE
getUserRewards ---> TOURGUIDESERVICE
getUserRewards ---> TOURGUIDESERVICE
getUserRewards ---> TOURGUIDESERVICE
getUserRewards ---> TOURGUIDESERVICE
getUserRewards ---> TOURGUIDESERVICE
getUserRewards ---> TOURGUIDESERVICE
getUserRewards ---> TOURGUIDESERVICE
getUserRewards ---> TOURGUIDESERVICE
getUserRewards ---> TOURGUIDESERVICE
getUserRewards ---> TOURGUIDESERVICE
getUserRewards ---> TOURGUIDESERVICE
getUserRewards ---> TOURGUIDESERVICE
getUserRewards ---> TOURGUIDESERVICE
getUserRewards ---> TOURGUIDESERVICE
getUserRewards ---> TOURGUIDESERVICE
getUserRewards ---> TOURGUIDESERVICE
getUserRewards ---> TOURGUIDESERVICE
getUserRewards ---> TOURGUIDESERVICE
getUserRewards ---> TOURGUIDESERVICE
getUserRewards ---> TOURGUIDESERVICE
getUserRewards ---> TOURGUIDESERVICE
getUserRewards ---> TOURGUIDESERVICE
getUserRewards ---> TOURGUIDESERVICE
getUserRewards ---> TOURGUIDESERVICE
getUserRewards ---> TOURGUIDESERVICE
getUserRewards ---> TOURGUIDESERVICE
getUserRewards ---> TOURGUIDESERVICE
getUserRewards ---> TOURGUIDESERVICE
getUserRewards ---> TOURGUIDESERVICE
getUserRewards ---> TOURGUIDESERVICE
getUserRewards ---> TOURGUIDESERVICE
getUserRewards ---> TOURGUIDESERVICE
getUserRewards ---> TOURGUIDESERVICE
getUserRewards ---> TOURGUIDESERVICE
getUserRewards ---> TOURGUIDESERVICE
getUserRewards ---> TOURGUIDESERVICE
getUserRewards ---> TOURGUIDESERVICE
getUserRewards ---> TOURGUIDESERVICE
getUserRewards ---> TOURGUIDESERVICE
getUserRewards ---> TOURGUIDESERVICE
getUserRewards ---> TOURGUIDESERVICE
getUserRewards ---> TOURGUIDESERVICE
getUserRewards ---> TOURGUIDESERVICE
getUserRewards ---> TOURGUIDESERVICE
getUserRewards ---> TOURGUIDESERVICE
getUserRewards ---> TOURGUIDESERVICE
getUserRewards ---> TOURGUIDESERVICE
getUserRewards ---> TOURGUIDESERVICE
getUserRewards ---> TOURGUIDESERVICE
getUserRewards ---> TOURGUIDESERVICE
getUserRewards ---> TOURGUIDESERVICE
getUserRewards ---> TOURGUIDESERVICE
getUserRewards ---> TOURGUIDESERVICE
getUserRewards ---> TOURGUIDESERVICE
getUserRewards ---> TOURGUIDESERVICE
getUserRewards ---> TOURGUIDESERVICE
getUserRewards ---> TOURGUIDESERVICE
getUserRewards ---> TOURGUIDESERVICE
getUserRewards ---> TOURGUIDESERVICE
getUserRewards ---> TOURGUIDESERVICE
getUserRewards ---> TOURGUIDESERVICE
getUserRewards ---> TOURGUIDESERVICE
getUserRewards ---> TOURGUIDESERVICE
getUserRewards ---> TOURGUIDESERVICE
getUserRewards ---> TOURGUIDESERVICE
getUserRewards ---> TOURGUIDESERVICE
getUserRewards ---> TOURGUIDESERVICE
getUserRewards ---> TOURGUIDESERVICE
getUserRewards ---> TOURGUIDESERVICE
getUserRewards ---> TOURGUIDESERVICE
getUserRewards ---> TOURGUIDESERVICE
getUserRewards ---> TOURGUIDESERVICE
getUserRewards ---> TOURGUIDESERVICE
getUserRewards ---> TOURGUIDESERVICE
getUserRewards ---> TOURGUIDESERVICE
getUserRewards ---> TOURGUIDESERVICE
getUserRewards ---> TOURGUIDESERVICE
getUserRewards ---> TOURGUIDESERVICE
getUserRewards ---> TOURGUIDESERVICE
getUserRewards ---> TOURGUIDESERVICE
getUserRewards ---> TOURGUIDESERVICE
getUserRewards ---> TOURGUIDESERVICE
getUserRewards ---> TOURGUIDESERVICE
getUserRewards ---> TOURGUIDESERVICE
getUserRewards ---> TOURGUIDESERVICE
getUserRewards ---> TOURGUIDESERVICE
getUserRewards ---> TOURGUIDESERVICE
getUserRewards ---> TOURGUIDESERVICE
getUserRewards ---> TOURGUIDESERVICE
getUserRewards ---> TOURGUIDESERVICE
getUserRewards ---> TOURGUIDESERVICE
getUserRewards ---> TOURGUIDESERVICE
getUserRewards ---> TOURGUIDESERVICE
getUserRewards ---> TOURGUIDESERVICE
getUserRewards ---> TOURGUIDESERVICE
getUserRewards ---> TOURGUIDESERVICE
getUserRewards ---> TOURGUIDESERVICE
getUserRewards ---> TOURGUIDESERVICE
getUserRewards ---> TOURGUIDESERVICE
getUserRewards ---> TOURGUIDESERVICE
getUserRewards ---> TOURGUIDESERVICE
getUserRewards ---> TOURGUIDESERVICE
getUserRewards ---> TOURGUIDESERVICE
getUserRewards ---> TOURGUIDESERVICE
getUserRewards ---> TOURGUIDESERVICE
getUserRewards ---> TOURGUIDESERVICE
getUserRewards ---> TOURGUIDESERVICE
getUserRewards ---> TOURGUIDESERVICE
getUserRewards ---> TOURGUIDESERVICE
getUserRewards ---> TOURGUIDESERVICE
getUserRewards ---> TOURGUIDESERVICE
getUserRewards ---> TOURGUIDESERVICE
getUserRewards ---> TOURGUIDESERVICE
getUserRewards ---> TOURGUIDESERVICE
getUserRewards ---> TOURGUIDESERVICE
getUserRewards ---> TOURGUIDESERVICE
getUserRewards ---> TOURGUIDESERVICE
getUserRewards ---> TOURGUIDESERVICE
getUserRewards ---> TOURGUIDESERVICE
getUserRewards ---> TOURGUIDESERVICE
getUserRewards ---> TOURGUIDESERVICE
getUserRewards ---> TOURGUIDESERVICE
getUserRewards ---> TOURGUIDESERVICE
getUserRewards ---> TOURGUIDESERVICE
getUserRewards ---> TOURGUIDESERVICE
getUserRewards ---> TOURGUIDESERVICE
getUserRewards ---> TOURGUIDESERVICE
getUserRewards ---> TOURGUIDESERVICE
getUserRewards ---> TOURGUIDESERVICE
getUserRewards ---> TOURGUIDESERVICE
getUserRewards ---> TOURGUIDESERVICE
getUserRewards ---> TOURGUIDESERVICE
getUserRewards ---> TOURGUIDESERVICE
getUserRewards ---> TOURGUIDESERVICE
getUserRewards ---> TOURGUIDESERVICE
getUserRewards ---> TOURGUIDESERVICE
getUserRewards ---> TOURGUIDESERVICE
getUserRewards ---> TOURGUIDESERVICE
getUserRewards ---> TOURGUIDESERVICE
getUserRewards ---> TOURGUIDESERVICE
getUserRewards ---> TOURGUIDESERVICE
getUserRewards ---> TOURGUIDESERVICE
getUserRewards ---> TOURGUIDESERVICE
getUserRewards ---> TOURGUIDESERVICE
getUserRewards ---> TOURGUIDESERVICE
getUserRewards ---> TOURGUIDESERVICE
getUserRewards ---> TOURGUIDESERVICE
getUserRewards ---> TOURGUIDESERVICE
getUserRewards ---> TOURGUIDESERVICE
getUserRewards ---> TOURGUIDESERVICE
getUserRewards ---> TOURGUIDESERVICE
getUserRewards ---> TOURGUIDESERVICE
getUserRewards ---> TOURGUIDESERVICE
getUserRewards ---> TOURGUIDESERVICE
getUserRewards ---> TOURGUIDESERVICE
getUserRewards ---> TOURGUIDESERVICE
getUserRewards ---> TOURGUIDESERVICE
getUserRewards ---> TOURGUIDESERVICE
getUserRewards ---> TOURGUIDESERVICE
getUserRewards ---> TOURGUIDESERVICE
getUserRewards ---> TOURGUIDESERVICE
getUserRewards ---> TOURGUIDESERVICE
getUserRewards ---> TOURGUIDESERVICE
getUserRewards ---> TOURGUIDESERVICE
getUserRewards ---> TOURGUIDESERVICE
getUserRewards ---> TOURGUIDESERVICE
getUserRewards ---> TOURGUIDESERVICE
getUserRewards ---> TOURGUIDESERVICE
getUserRewards ---> TOURGUIDESERVICE
getUserRewards ---> TOURGUIDESERVICE
getUserRewards ---> TOURGUIDESERVICE
getUserRewards ---> TOURGUIDESERVICE
getUserRewards ---> TOURGUIDESERVICE
getUserRewards ---> TOURGUIDESERVICE
getUserRewards ---> TOURGUIDESERVICE
getUserRewards ---> TOURGUIDESERVICE
getUserRewards ---> TOURGUIDESERVICE
getUserRewards ---> TOURGUIDESERVICE
getUserRewards ---> TOURGUIDESERVICE
getUserRewards ---> TOURGUIDESERVICE
getUserRewards ---> TOURGUIDESERVICE
getUserRewards ---> TOURGUIDESERVICE
getUserRewards ---> TOURGUIDESERVICE
getUserRewards ---> TOURGUIDESERVICE
getUserRewards ---> TOURGUIDESERVICE
getUserRewards ---> TOURGUIDESERVICE
getUserRewards ---> TOURGUIDESERVICE
getUserRewards ---> TOURGUIDESERVICE
getUserRewards ---> TOURGUIDESERVICE
getUserRewards ---> TOURGUIDESERVICE
getUserRewards ---> TOURGUIDESERVICE
getUserRewards ---> TOURGUIDESERVICE
getUserRewards ---> TOURGUIDESERVICE
getUserRewards ---> TOURGUIDESERVICE
getUserRewards ---> TOURGUIDESERVICE
getUserRewards ---> TOURGUIDESERVICE
getUserRewards ---> TOURGUIDESERVICE
getUserRewards ---> TOURGUIDESERVICE
getUserRewards ---> TOURGUIDESERVICE
getUserRewards ---> TOURGUIDESERVICE
getUserRewards ---> TOURGUIDESERVICE
getUserRewards ---> TOURGUIDESERVICE
getUserRewards ---> TOURGUIDESERVICE
getUserRewards ---> TOURGUIDESERVICE
getUserRewards ---> TOURGUIDESERVICE
getUserRewards ---> TOURGUIDESERVICE
getUserRewards ---> TOURGUIDESERVICE
getUserRewards ---> TOURGUIDESERVICE
getUserRewards ---> TOURGUIDESERVICE
getUserRewards ---> TOURGUIDESERVICE
getUserRewards ---> TOURGUIDESERVICE
getUserRewards ---> TOURGUIDESERVICE
getUserRewards ---> TOURGUIDESERVICE
getUserRewards ---> TOURGUIDESERVICE
getUserRewards ---> TOURGUIDESERVICE
getUserRewards ---> TOURGUIDESERVICE
getUserRewards ---> TOURGUIDESERVICE
getUserRewards ---> TOURGUIDESERVICE
getUserRewards ---> TOURGUIDESERVICE
getUserRewards ---> TOURGUIDESERVICE
getUserRewards ---> TOURGUIDESERVICE
getUserRewards ---> TOURGUIDESERVICE
getUserRewards ---> TOURGUIDESERVICE
getUserRewards ---> TOURGUIDESERVICE
getUserRewards ---> TOURGUIDESERVICE
getUserRewards ---> TOURGUIDESERVICE
getUserRewards ---> TOURGUIDESERVICE
getUserRewards ---> TOURGUIDESERVICE
getUserRewards ---> TOURGUIDESERVICE
getUserRewards ---> TOURGUIDESERVICE
getUserRewards ---> TOURGUIDESERVICE
getUserRewards ---> TOURGUIDESERVICE
getUserRewards ---> TOURGUIDESERVICE
getUserRewards ---> TOURGUIDESERVICE
getUserRewards ---> TOURGUIDESERVICE
getUserRewards ---> TOURGUIDESERVICE
getUserRewards ---> TOURGUIDESERVICE
getUserRewards ---> TOURGUIDESERVICE
getUserRewards ---> TOURGUIDESERVICE
getUserRewards ---> TOURGUIDESERVICE
getUserRewards ---> TOURGUIDESERVICE
getUserRewards ---> TOURGUIDESERVICE
getUserRewards ---> TOURGUIDESERVICE
getUserRewards ---> TOURGUIDESERVICE
getUserRewards ---> TOURGUIDESERVICE
getUserRewards ---> TOURGUIDESERVICE
getUserRewards ---> TOURGUIDESERVICE
getUserRewards ---> TOURGUIDESERVICE
getUserRewards ---> TOURGUIDESERVICE
getUserRewards ---> TOURGUIDESERVICE
getUserRewards ---> TOURGUIDESERVICE
getUserRewards ---> TOURGUIDESERVICE
getUserRewards ---> TOURGUIDESERVICE
getUserRewards ---> TOURGUIDESERVICE
getUserRewards ---> TOURGUIDESERVICE
getUserRewards ---> TOURGUIDESERVICE
getUserRewards ---> TOURGUIDESERVICE
getUserRewards ---> TOURGUIDESERVICE
getUserRewards ---> TOURGUIDESERVICE
getUserRewards ---> TOURGUIDESERVICE
getUserRewards ---> TOURGUIDESERVICE
getUserRewards ---> TOURGUIDESERVICE
getUserRewards ---> TOURGUIDESERVICE
getUserRewards ---> TOURGUIDESERVICE
getUserRewards ---> TOURGUIDESERVICE
getUserRewards ---> TOURGUIDESERVICE
getUserRewards ---> TOURGUIDESERVICE
getUserRewards ---> TOURGUIDESERVICE
getUserRewards ---> TOURGUIDESERVICE
getUserRewards ---> TOURGUIDESERVICE
getUserRewards ---> TOURGUIDESERVICE
getUserRewards ---> TOURGUIDESERVICE
getUserRewards ---> TOURGUIDESERVICE
getUserRewards ---> TOURGUIDESERVICE
getUserRewards ---> TOURGUIDESERVICE
getUserRewards ---> TOURGUIDESERVICE
getUserRewards ---> TOURGUIDESERVICE
getUserRewards ---> TOURGUIDESERVICE
getUserRewards ---> TOURGUIDESERVICE
getUserRewards ---> TOURGUIDESERVICE
getUserRewards ---> TOURGUIDESERVICE
getUserRewards ---> TOURGUIDESERVICE
getUserRewards ---> TOURGUIDESERVICE
getUserRewards ---> TOURGUIDESERVICE
getUserRewards ---> TOURGUIDESERVICE
getUserRewards ---> TOURGUIDESERVICE
getUserRewards ---> TOURGUIDESERVICE
getUserRewards ---> TOURGUIDESERVICE
getUserRewards ---> TOURGUIDESERVICE
getUserRewards ---> TOURGUIDESERVICE
getUserRewards ---> TOURGUIDESERVICE
getUserRewards ---> TOURGUIDESERVICE
getUserRewards ---> TOURGUIDESERVICE
getUserRewards ---> TOURGUIDESERVICE
getUserRewards ---> TOURGUIDESERVICE
getUserRewards ---> TOURGUIDESERVICE
getUserRewards ---> TOURGUIDESERVICE
getUserRewards ---> TOURGUIDESERVICE
getUserRewards ---> TOURGUIDESERVICE
getUserRewards ---> TOURGUIDESERVICE
getUserRewards ---> TOURGUIDESERVICE
getUserRewards ---> TOURGUIDESERVICE
getUserRewards ---> TOURGUIDESERVICE
getUserRewards ---> TOURGUIDESERVICE
getUserRewards ---> TOURGUIDESERVICE
getUserRewards ---> TOURGUIDESERVICE
getUserRewards ---> TOURGUIDESERVICE
getUserRewards ---> TOURGUIDESERVICE
getUserRewards ---> TOURGUIDESERVICE
getUserRewards ---> TOURGUIDESERVICE
getUserRewards ---> TOURGUIDESERVICE
getUserRewards ---> TOURGUIDESERVICE
getUserRewards ---> TOURGUIDESERVICE
getUserRewards ---> TOURGUIDESERVICE
getUserRewards ---> TOURGUIDESERVICE
getUserRewards ---> TOURGUIDESERVICE
getUserRewards ---> TOURGUIDESERVICE
getUserRewards ---> TOURGUIDESERVICE
getUserRewards ---> TOURGUIDESERVICE
getUserRewards ---> TOURGUIDESERVICE
getUserRewards ---> TOURGUIDESERVICE
getUserRewards ---> TOURGUIDESERVICE
getUserRewards ---> TOURGUIDESERVICE
getUserRewards ---> TOURGUIDESERVICE
getUserRewards ---> TOURGUIDESERVICE
getUserRewards ---> TOURGUIDESERVICE
getUserRewards ---> TOURGUIDESERVICE
getUserRewards ---> TOURGUIDESERVICE
getUserRewards ---> TOURGUIDESERVICE
getUserRewards ---> TOURGUIDESERVICE
getUserRewards ---> TOURGUIDESERVICE
getUserRewards ---> TOURGUIDESERVICE
getUserRewards ---> TOURGUIDESERVICE
getUserRewards ---> TOURGUIDESERVICE
getUserRewards ---> TOURGUIDESERVICE
getUserRewards ---> TOURGUIDESERVICE
getUserRewards ---> TOURGUIDESERVICE
getUserRewards ---> TOURGUIDESERVICE
getUserRewards ---> TOURGUIDESERVICE
getUserRewards ---> TOURGUIDESERVICE
getUserRewards ---> TOURGUIDESERVICE
getUserRewards ---> TOURGUIDESERVICE
getUserRewards ---> TOURGUIDESERVICE
getUserRewards ---> TOURGUIDESERVICE
getUserRewards ---> TOURGUIDESERVICE
getUserRewards ---> TOURGUIDESERVICE
getUserRewards ---> TOURGUIDESERVICE
getUserRewards ---> TOURGUIDESERVICE
getUserRewards ---> TOURGUIDESERVICE
getUserRewards ---> TOURGUIDESERVICE
getUserRewards ---> TOURGUIDESERVICE
getUserRewards ---> TOURGUIDESERVICE
getUserRewards ---> TOURGUIDESERVICE
getUserRewards ---> TOURGUIDESERVICE
getUserRewards ---> TOURGUIDESERVICE
getUserRewards ---> TOURGUIDESERVICE
getUserRewards ---> TOURGUIDESERVICE
getUserRewards ---> TOURGUIDESERVICE
getUserRewards ---> TOURGUIDESERVICE
getUserRewards ---> TOURGUIDESERVICE
getUserRewards ---> TOURGUIDESERVICE
getUserRewards ---> TOURGUIDESERVICE
getUserRewards ---> TOURGUIDESERVICE
getUserRewards ---> TOURGUIDESERVICE
getUserRewards ---> TOURGUIDESERVICE
getUserRewards ---> TOURGUIDESERVICE
getUserRewards ---> TOURGUIDESERVICE
getUserRewards ---> TOURGUIDESERVICE
getUserRewards ---> TOURGUIDESERVICE
getUserRewards ---> TOURGUIDESERVICE
getUserRewards ---> TOURGUIDESERVICE
getUserRewards ---> TOURGUIDESERVICE
getUserRewards ---> TOURGUIDESERVICE
getUserRewards ---> TOURGUIDESERVICE
getUserRewards ---> TOURGUIDESERVICE
getUserRewards ---> TOURGUIDESERVICE
getUserRewards ---> TOURGUIDESERVICE
getUserRewards ---> TOURGUIDESERVICE
getUserRewards ---> TOURGUIDESERVICE
getUserRewards ---> TOURGUIDESERVICE
getUserRewards ---> TOURGUIDESERVICE
getUserRewards ---> TOURGUIDESERVICE
getUserRewards ---> TOURGUIDESERVICE
getUserRewards ---> TOURGUIDESERVICE
getUserRewards ---> TOURGUIDESERVICE
getUserRewards ---> TOURGUIDESERVICE
getUserRewards ---> TOURGUIDESERVICE
getUserRewards ---> TOURGUIDESERVICE
getUserRewards ---> TOURGUIDESERVICE
getUserRewards ---> TOURGUIDESERVICE
getUserRewards ---> TOURGUIDESERVICE
getUserRewards ---> TOURGUIDESERVICE
getUserRewards ---> TOURGUIDESERVICE
getUserRewards ---> TOURGUIDESERVICE
getUserRewards ---> TOURGUIDESERVICE
getUserRewards ---> TOURGUIDESERVICE
getUserRewards ---> TOURGUIDESERVICE
getUserRewards ---> TOURGUIDESERVICE
getUserRewards ---> TOURGUIDESERVICE
getUserRewards ---> TOURGUIDESERVICE
getUserRewards ---> TOURGUIDESERVICE
getUserRewards ---> TOURGUIDESERVICE
getUserRewards ---> TOURGUIDESERVICE
getUserRewards ---> TOURGUIDESERVICE
getUserRewards ---> TOURGUIDESERVICE
getUserRewards ---> TOURGUIDESERVICE
getUserRewards ---> TOURGUIDESERVICE
getUserRewards ---> TOURGUIDESERVICE
getUserRewards ---> TOURGUIDESERVICE
getUserRewards ---> TOURGUIDESERVICE
getUserRewards ---> TOURGUIDESERVICE
getUserRewards ---> TOURGUIDESERVICE
getUserRewards ---> TOURGUIDESERVICE
getUserRewards ---> TOURGUIDESERVICE
getUserRewards ---> TOURGUIDESERVICE
getUserRewards ---> TOURGUIDESERVICE
getUserRewards ---> TOURGUIDESERVICE
getUserRewards ---> TOURGUIDESERVICE
getUserRewards ---> TOURGUIDESERVICE
getUserRewards ---> TOURGUIDESERVICE
getUserRewards ---> TOURGUIDESERVICE
getUserRewards ---> TOURGUIDESERVICE
getUserRewards ---> TOURGUIDESERVICE
getUserRewards ---> TOURGUIDESERVICE
getUserRewards ---> TOURGUIDESERVICE
getUserRewards ---> TOURGUIDESERVICE
getUserRewards ---> TOURGUIDESERVICE
getUserRewards ---> TOURGUIDESERVICE
getUserRewards ---> TOURGUIDESERVICE
getUserRewards ---> TOURGUIDESERVICE
getUserRewards ---> TOURGUIDESERVICE
getUserRewards ---> TOURGUIDESERVICE
getUserRewards ---> TOURGUIDESERVICE
getUserRewards ---> TOURGUIDESERVICE
getUserRewards ---> TOURGUIDESERVICE
getUserRewards ---> TOURGUIDESERVICE
getUserRewards ---> TOURGUIDESERVICE
getUserRewards ---> TOURGUIDESERVICE
getUserRewards ---> TOURGUIDESERVICE
getUserRewards ---> TOURGUIDESERVICE
getUserRewards ---> TOURGUIDESERVICE
getUserRewards ---> TOURGUIDESERVICE
getUserRewards ---> TOURGUIDESERVICE
getUserRewards ---> TOURGUIDESERVICE
getUserRewards ---> TOURGUIDESERVICE
getUserRewards ---> TOURGUIDESERVICE
getUserRewards ---> TOURGUIDESERVICE
getUserRewards ---> TOURGUIDESERVICE
getUserRewards ---> TOURGUIDESERVICE
getUserRewards ---> TOURGUIDESERVICE
getUserRewards ---> TOURGUIDESERVICE
getUserRewards ---> TOURGUIDESERVICE
getUserRewards ---> TOURGUIDESERVICE
getUserRewards ---> TOURGUIDESERVICE
getUserRewards ---> TOURGUIDESERVICE
getUserRewards ---> TOURGUIDESERVICE
getUserRewards ---> TOURGUIDESERVICE
getUserRewards ---> TOURGUIDESERVICE
getUserRewards ---> TOURGUIDESERVICE
getUserRewards ---> TOURGUIDESERVICE
getUserRewards ---> TOURGUIDESERVICE
getUserRewards ---> TOURGUIDESERVICE
getUserRewards ---> TOURGUIDESERVICE
getUserRewards ---> TOURGUIDESERVICE
getUserRewards ---> TOURGUIDESERVICE
getUserRewards ---> TOURGUIDESERVICE
getUserRewards ---> TOURGUIDESERVICE
getUserRewards ---> TOURGUIDESERVICE
getUserRewards ---> TOURGUIDESERVICE
getUserRewards ---> TOURGUIDESERVICE
getUserRewards ---> TOURGUIDESERVICE
getUserRewards ---> TOURGUIDESERVICE
getUserRewards ---> TOURGUIDESERVICE
getUserRewards ---> TOURGUIDESERVICE
getUserRewards ---> TOURGUIDESERVICE
getUserRewards ---> TOURGUIDESERVICE
getUserRewards ---> TOURGUIDESERVICE
getUserRewards ---> TOURGUIDESERVICE
getUserRewards ---> TOURGUIDESERVICE
getUserRewards ---> TOURGUIDESERVICE
getUserRewards ---> TOURGUIDESERVICE
getUserRewards ---> TOURGUIDESERVICE
getUserRewards ---> TOURGUIDESERVICE
getUserRewards ---> TOURGUIDESERVICE
getUserRewards ---> TOURGUIDESERVICE
getUserRewards ---> TOURGUIDESERVICE
getUserRewards ---> TOURGUIDESERVICE
getUserRewards ---> TOURGUIDESERVICE
getUserRewards ---> TOURGUIDESERVICE
getUserRewards ---> TOURGUIDESERVICE
getUserRewards ---> TOURGUIDESERVICE
getUserRewards ---> TOURGUIDESERVICE
getUserRewards ---> TOURGUIDESERVICE
getUserRewards ---> TOURGUIDESERVICE
getUserRewards ---> TOURGUIDESERVICE
getUserRewards ---> TOURGUIDESERVICE
getUserRewards ---> TOURGUIDESERVICE
getUserRewards ---> TOURGUIDESERVICE
getUserRewards ---> TOURGUIDESERVICE
getUserRewards ---> TOURGUIDESERVICE
getUserRewards ---> TOURGUIDESERVICE
getUserRewards ---> TOURGUIDESERVICE
getUserRewards ---> TOURGUIDESERVICE
getUserRewards ---> TOURGUIDESERVICE
getUserRewards ---> TOURGUIDESERVICE
getUserRewards ---> TOURGUIDESERVICE
getUserRewards ---> TOURGUIDESERVICE
getUserRewards ---> TOURGUIDESERVICE
getUserRewards ---> TOURGUIDESERVICE
getUserRewards ---> TOURGUIDESERVICE
getUserRewards ---> TOURGUIDESERVICE
getUserRewards ---> TOURGUIDESERVICE
getUserRewards ---> TOURGUIDESERVICE
getUserRewards ---> TOURGUIDESERVICE
getUserRewards ---> TOURGUIDESERVICE
getUserRewards ---> TOURGUIDESERVICE
getUserRewards ---> TOURGUIDESERVICE
getUserRewards ---> TOURGUIDESERVICE
getUserRewards ---> TOURGUIDESERVICE
getUserRewards ---> TOURGUIDESERVICE
getUserRewards ---> TOURGUIDESERVICE
getUserRewards ---> TOURGUIDESERVICE
getUserRewards ---> TOURGUIDESERVICE
getUserRewards ---> TOURGUIDESERVICE
getUserRewards ---> TOURGUIDESERVICE
getUserRewards ---> TOURGUIDESERVICE
getUserRewards ---> TOURGUIDESERVICE
getUserRewards ---> TOURGUIDESERVICE
getUserRewards ---> TOURGUIDESERVICE
getUserRewards ---> TOURGUIDESERVICE
getUserRewards ---> TOURGUIDESERVICE
getUserRewards ---> TOURGUIDESERVICE
getUserRewards ---> TOURGUIDESERVICE
getUserRewards ---> TOURGUIDESERVICE
getUserRewards ---> TOURGUIDESERVICE
getUserRewards ---> TOURGUIDESERVICE
getUserRewards ---> TOURGUIDESERVICE
getUserRewards ---> TOURGUIDESERVICE
getUserRewards ---> TOURGUIDESERVICE
getUserRewards ---> TOURGUIDESERVICE
getUserRewards ---> TOURGUIDESERVICE
getUserRewards ---> TOURGUIDESERVICE
getUserRewards ---> TOURGUIDESERVICE
getUserRewards ---> TOURGUIDESERVICE
getUserRewards ---> TOURGUIDESERVICE
getUserRewards ---> TOURGUIDESERVICE
getUserRewards ---> TOURGUIDESERVICE
getUserRewards ---> TOURGUIDESERVICE
getUserRewards ---> TOURGUIDESERVICE
getUserRewards ---> TOURGUIDESERVICE
getUserRewards ---> TOURGUIDESERVICE
getUserRewards ---> TOURGUIDESERVICE
getUserRewards ---> TOURGUIDESERVICE
getUserRewards ---> TOURGUIDESERVICE
getUserRewards ---> TOURGUIDESERVICE
getUserRewards ---> TOURGUIDESERVICE
getUserRewards ---> TOURGUIDESERVICE
getUserRewards ---> TOURGUIDESERVICE
getUserRewards ---> TOURGUIDESERVICE
getUserRewards ---> TOURGUIDESERVICE
getUserRewards ---> TOURGUIDESERVICE
getUserRewards ---> TOURGUIDESERVICE
getUserRewards ---> TOURGUIDESERVICE
getUserRewards ---> TOURGUIDESERVICE
getUserRewards ---> TOURGUIDESERVICE
getUserRewards ---> TOURGUIDESERVICE
getUserRewards ---> TOURGUIDESERVICE
getUserRewards ---> TOURGUIDESERVICE
getUserRewards ---> TOURGUIDESERVICE
getUserRewards ---> TOURGUIDESERVICE
getUserRewards ---> TOURGUIDESERVICE
getUserRewards ---> TOURGUIDESERVICE
getUserRewards ---> TOURGUIDESERVICE
getUserRewards ---> TOURGUIDESERVICE
getUserRewards ---> TOURGUIDESERVICE
getUserRewards ---> TOURGUIDESERVICE
getUserRewards ---> TOURGUIDESERVICE
getUserRewards ---> TOURGUIDESERVICE
getUserRewards ---> TOURGUIDESERVICE
getUserRewards ---> TOURGUIDESERVICE
getUserRewards ---> TOURGUIDESERVICE
getUserRewards ---> TOURGUIDESERVICE
getUserRewards ---> TOURGUIDESERVICE
getUserRewards ---> TOURGUIDESERVICE
getUserRewards ---> TOURGUIDESERVICE
getUserRewards ---> TOURGUIDESERVICE
getUserRewards ---> TOURGUIDESERVICE
getUserRewards ---> TOURGUIDESERVICE
getUserRewards ---> TOURGUIDESERVICE
getUserRewards ---> TOURGUIDESERVICE
getUserRewards ---> TOURGUIDESERVICE
getUserRewards ---> TOURGUIDESERVICE
getUserRewards ---> TOURGUIDESERVICE
getUserRewards ---> TOURGUIDESERVICE
getUserRewards ---> TOURGUIDESERVICE
getUserRewards ---> TOURGUIDESERVICE
getUserRewards ---> TOURGUIDESERVICE
getUserRewards ---> TOURGUIDESERVICE
getUserRewards ---> TOURGUIDESERVICE
getUserRewards ---> TOURGUIDESERVICE
getUserRewards ---> TOURGUIDESERVICE
getUserRewards ---> TOURGUIDESERVICE
getUserRewards ---> TOURGUIDESERVICE
getUserRewards ---> TOURGUIDESERVICE
getUserRewards ---> TOURGUIDESERVICE
getUserRewards ---> TOURGUIDESERVICE
getUserRewards ---> TOURGUIDESERVICE
getUserRewards ---> TOURGUIDESERVICE
getUserRewards ---> TOURGUIDESERVICE
getUserRewards ---> TOURGUIDESERVICE
getUserRewards ---> TOURGUIDESERVICE
getUserRewards ---> TOURGUIDESERVICE
getUserRewards ---> TOURGUIDESERVICE
getUserRewards ---> TOURGUIDESERVICE
getUserRewards ---> TOURGUIDESERVICE
getUserRewards ---> TOURGUIDESERVICE
getUserRewards ---> TOURGUIDESERVICE
getUserRewards ---> TOURGUIDESERVICE
getUserRewards ---> TOURGUIDESERVICE
getUserRewards ---> TOURGUIDESERVICE
getUserRewards ---> TOURGUIDESERVICE
getUserRewards ---> TOURGUIDESERVICE
getUserRewards ---> TOURGUIDESERVICE
getUserRewards ---> TOURGUIDESERVICE
getUserRewards ---> TOURGUIDESERVICE
getUserRewards ---> TOURGUIDESERVICE
getUserRewards ---> TOURGUIDESERVICE
getUserRewards ---> TOURGUIDESERVICE
getUserRewards ---> TOURGUIDESERVICE
getUserRewards ---> TOURGUIDESERVICE
getUserRewards ---> TOURGUIDESERVICE
getUserRewards ---> TOURGUIDESERVICE
getUserRewards ---> TOURGUIDESERVICE
getUserRewards ---> TOURGUIDESERVICE
getUserRewards ---> TOURGUIDESERVICE
getUserRewards ---> TOURGUIDESERVICE
getUserRewards ---> TOURGUIDESERVICE
getUserRewards ---> TOURGUIDESERVICE
getUserRewards ---> TOURGUIDESERVICE
getUserRewards ---> TOURGUIDESERVICE
getUserRewards ---> TOURGUIDESERVICE
getUserRewards ---> TOURGUIDESERVICE
getUserRewards ---> TOURGUIDESERVICE
getUserRewards ---> TOURGUIDESERVICE
getUserRewards ---> TOURGUIDESERVICE
getUserRewards ---> TOURGUIDESERVICE
getUserRewards ---> TOURGUIDESERVICE
getUserRewards ---> TOURGUIDESERVICE
getUserRewards ---> TOURGUIDESERVICE
getUserRewards ---> TOURGUIDESERVICE
getUserRewards ---> TOURGUIDESERVICE
getUserRewards ---> TOURGUIDESERVICE
getUserRewards ---> TOURGUIDESERVICE
getUserRewards ---> TOURGUIDESERVICE
getUserRewards ---> TOURGUIDESERVICE
getUserRewards ---> TOURGUIDESERVICE
getUserRewards ---> TOURGUIDESERVICE
getUserRewards ---> TOURGUIDESERVICE
getUserRewards ---> TOURGUIDESERVICE
getUserRewards ---> TOURGUIDESERVICE
getUserRewards ---> TOURGUIDESERVICE
getUserRewards ---> TOURGUIDESERVICE
getUserRewards ---> TOURGUIDESERVICE
getUserRewards ---> TOURGUIDESERVICE
getUserRewards ---> TOURGUIDESERVICE
getUserRewards ---> TOURGUIDESERVICE
getUserRewards ---> TOURGUIDESERVICE
getUserRewards ---> TOURGUIDESERVICE
getUserRewards ---> TOURGUIDESERVICE
getUserRewards ---> TOURGUIDESERVICE
getUserRewards ---> TOURGUIDESERVICE
getUserRewards ---> TOURGUIDESERVICE
getUserRewards ---> TOURGUIDESERVICE
getUserRewards ---> TOURGUIDESERVICE
getUserRewards ---> TOURGUIDESERVICE
getUserRewards ---> TOURGUIDESERVICE
getUserRewards ---> TOURGUIDESERVICE
getUserRewards ---> TOURGUIDESERVICE
getUserRewards ---> TOURGUIDESERVICE
getUserRewards ---> TOURGUIDESERVICE
getUserRewards ---> TOURGUIDESERVICE
getUserRewards ---> TOURGUIDESERVICE
getUserRewards ---> TOURGUIDESERVICE
getUserRewards ---> TOURGUIDESERVICE
getUserRewards ---> TOURGUIDESERVICE
getUserRewards ---> TOURGUIDESERVICE
getUserRewards ---> TOURGUIDESERVICE
getUserRewards ---> TOURGUIDESERVICE
getUserRewards ---> TOURGUIDESERVICE
getUserRewards ---> TOURGUIDESERVICE
getUserRewards ---> TOURGUIDESERVICE
getUserRewards ---> TOURGUIDESERVICE
getUserRewards ---> TOURGUIDESERVICE
getUserRewards ---> TOURGUIDESERVICE
getUserRewards ---> TOURGUIDESERVICE
getUserRewards ---> TOURGUIDESERVICE
getUserRewards ---> TOURGUIDESERVICE
getUserRewards ---> TOURGUIDESERVICE
getUserRewards ---> TOURGUIDESERVICE
getUserRewards ---> TOURGUIDESERVICE
getUserRewards ---> TOURGUIDESERVICE
getUserRewards ---> TOURGUIDESERVICE
getUserRewards ---> TOURGUIDESERVICE
getUserRewards ---> TOURGUIDESERVICE
getUserRewards ---> TOURGUIDESERVICE
getUserRewards ---> TOURGUIDESERVICE
getUserRewards ---> TOURGUIDESERVICE
getUserRewards ---> TOURGUIDESERVICE
getUserRewards ---> TOURGUIDESERVICE
getUserRewards ---> TOURGUIDESERVICE
getUserRewards ---> TOURGUIDESERVICE
getUserRewards ---> TOURGUIDESERVICE
getUserRewards ---> TOURGUIDESERVICE
getUserRewards ---> TOURGUIDESERVICE
getUserRewards ---> TOURGUIDESERVICE
getUserRewards ---> TOURGUIDESERVICE
getUserRewards ---> TOURGUIDESERVICE
getUserRewards ---> TOURGUIDESERVICE
getUserRewards ---> TOURGUIDESERVICE
getUserRewards ---> TOURGUIDESERVICE
getUserRewards ---> TOURGUIDESERVICE
getUserRewards ---> TOURGUIDESERVICE
getUserRewards ---> TOURGUIDESERVICE
getUserRewards ---> TOURGUIDESERVICE
getUserRewards ---> TOURGUIDESERVICE
getUserRewards ---> TOURGUIDESERVICE
getUserRewards ---> TOURGUIDESERVICE
getUserRewards ---> TOURGUIDESERVICE
getUserRewards ---> TOURGUIDESERVICE
getUserRewards ---> TOURGUIDESERVICE
getUserRewards ---> TOURGUIDESERVICE
getUserRewards ---> TOURGUIDESERVICE
getUserRewards ---> TOURGUIDESERVICE
getUserRewards ---> TOURGUIDESERVICE
getUserRewards ---> TOURGUIDESERVICE
getUserRewards ---> TOURGUIDESERVICE
getUserRewards ---> TOURGUIDESERVICE
getUserRewards ---> TOURGUIDESERVICE
getUserRewards ---> TOURGUIDESERVICE
getUserRewards ---> TOURGUIDESERVICE
getUserRewards ---> TOURGUIDESERVICE
getUserRewards ---> TOURGUIDESERVICE
getUserRewards ---> TOURGUIDESERVICE
getUserRewards ---> TOURGUIDESERVICE
getUserRewards ---> TOURGUIDESERVICE
getUserRewards ---> TOURGUIDESERVICE
getUserRewards ---> TOURGUIDESERVICE
getUserRewards ---> TOURGUIDESERVICE
getUserRewards ---> TOURGUIDESERVICE
getUserRewards ---> TOURGUIDESERVICE
getUserRewards ---> TOURGUIDESERVICE
getUserRewards ---> TOURGUIDESERVICE
getUserRewards ---> TOURGUIDESERVICE
getUserRewards ---> TOURGUIDESERVICE
getUserRewards ---> TOURGUIDESERVICE
getUserRewards ---> TOURGUIDESERVICE
getUserRewards ---> TOURGUIDESERVICE
getUserRewards ---> TOURGUIDESERVICE
getUserRewards ---> TOURGUIDESERVICE
getUserRewards ---> TOURGUIDESERVICE
getUserRewards ---> TOURGUIDESERVICE
getUserRewards ---> TOURGUIDESERVICE
getUserRewards ---> TOURGUIDESERVICE
getUserRewards ---> TOURGUIDESERVICE
getUserRewards ---> TOURGUIDESERVICE
getUserRewards ---> TOURGUIDESERVICE
getUserRewards ---> TOURGUIDESERVICE
getUserRewards ---> TOURGUIDESERVICE
getUserRewards ---> TOURGUIDESERVICE
getUserRewards ---> TOURGUIDESERVICE
getUserRewards ---> TOURGUIDESERVICE
getUserRewards ---> TOURGUIDESERVICE
getUserRewards ---> TOURGUIDESERVICE
getUserRewards ---> TOURGUIDESERVICE
getUserRewards ---> TOURGUIDESERVICE
getUserRewards ---> TOURGUIDESERVICE
getUserRewards ---> TOURGUIDESERVICE
getUserRewards ---> TOURGUIDESERVICE
getUserRewards ---> TOURGUIDESERVICE
getUserRewards ---> TOURGUIDESERVICE
getUserRewards ---> TOURGUIDESERVICE
getUserRewards ---> TOURGUIDESERVICE
getUserRewards ---> TOURGUIDESERVICE
getUserRewards ---> TOURGUIDESERVICE
getUserRewards ---> TOURGUIDESERVICE
getUserRewards ---> TOURGUIDESERVICE
getUserRewards ---> TOURGUIDESERVICE
getUserRewards ---> TOURGUIDESERVICE
getUserRewards ---> TOURGUIDESERVICE
getUserRewards ---> TOURGUIDESERVICE
getUserRewards ---> TOURGUIDESERVICE
getUserRewards ---> TOURGUIDESERVICE
getUserRewards ---> TOURGUIDESERVICE
getUserRewards ---> TOURGUIDESERVICE
getUserRewards ---> TOURGUIDESERVICE
getUserRewards ---> TOURGUIDESERVICE
getUserRewards ---> TOURGUIDESERVICE
getUserRewards ---> TOURGUIDESERVICE
getUserRewards ---> TOURGUIDESERVICE
getUserRewards ---> TOURGUIDESERVICE
getUserRewards ---> TOURGUIDESERVICE
getUserRewards ---> TOURGUIDESERVICE
getUserRewards ---> TOURGUIDESERVICE
getUserRewards ---> TOURGUIDESERVICE
getUserRewards ---> TOURGUIDESERVICE
getUserRewards ---> TOURGUIDESERVICE
getUserRewards ---> TOURGUIDESERVICE
getUserRewards ---> TOURGUIDESERVICE
getUserRewards ---> TOURGUIDESERVICE
getUserRewards ---> TOURGUIDESERVICE
getUserRewards ---> TOURGUIDESERVICE
getUserRewards ---> TOURGUIDESERVICE
getUserRewards ---> TOURGUIDESERVICE
getUserRewards ---> TOURGUIDESERVICE
getUserRewards ---> TOURGUIDESERVICE
getUserRewards ---> TOURGUIDESERVICE
getUserRewards ---> TOURGUIDESERVICE
getUserRewards ---> TOURGUIDESERVICE
getUserRewards ---> TOURGUIDESERVICE
getUserRewards ---> TOURGUIDESERVICE
getUserRewards ---> TOURGUIDESERVICE
getUserRewards ---> TOURGUIDESERVICE
getUserRewards ---> TOURGUIDESERVICE
getUserRewards ---> TOURGUIDESERVICE
getUserRewards ---> TOURGUIDESERVICE
getUserRewards ---> TOURGUIDESERVICE
getUserRewards ---> TOURGUIDESERVICE
getUserRewards ---> TOURGUIDESERVICE
getUserRewards ---> TOURGUIDESERVICE
getUserRewards ---> TOURGUIDESERVICE
getUserRewards ---> TOURGUIDESERVICE
getUserRewards ---> TOURGUIDESERVICE
getUserRewards ---> TOURGUIDESERVICE
getUserRewards ---> TOURGUIDESERVICE
getUserRewards ---> TOURGUIDESERVICE
getUserRewards ---> TOURGUIDESERVICE
getUserRewards ---> TOURGUIDESERVICE
getUserRewards ---> TOURGUIDESERVICE
getUserRewards ---> TOURGUIDESERVICE
getUserRewards ---> TOURGUIDESERVICE
getUserRewards ---> TOURGUIDESERVICE
getUserRewards ---> TOURGUIDESERVICE
getUserRewards ---> TOURGUIDESERVICE
getUserRewards ---> TOURGUIDESERVICE
getUserRewards ---> TOURGUIDESERVICE
getUserRewards ---> TOURGUIDESERVICE
getUserRewards ---> TOURGUIDESERVICE
getUserRewards ---> TOURGUIDESERVICE
getUserRewards ---> TOURGUIDESERVICE
getUserRewards ---> TOURGUIDESERVICE
getUserRewards ---> TOURGUIDESERVICE
getUserRewards ---> TOURGUIDESERVICE
getUserRewards ---> TOURGUIDESERVICE
getUserRewards ---> TOURGUIDESERVICE
getUserRewards ---> TOURGUIDESERVICE
getUserRewards ---> TOURGUIDESERVICE
getUserRewards ---> TOURGUIDESERVICE
getUserRewards ---> TOURGUIDESERVICE
getUserRewards ---> TOURGUIDESERVICE
getUserRewards ---> TOURGUIDESERVICE
getUserRewards ---> TOURGUIDESERVICE
getUserRewards ---> TOURGUIDESERVICE
getUserRewards ---> TOURGUIDESERVICE
getUserRewards ---> TOURGUIDESERVICE
getUserRewards ---> TOURGUIDESERVICE
getUserRewards ---> TOURGUIDESERVICE
getUserRewards ---> TOURGUIDESERVICE
getUserRewards ---> TOURGUIDESERVICE
getUserRewards ---> TOURGUIDESERVICE
getUserRewards ---> TOURGUIDESERVICE
getUserRewards ---> TOURGUIDESERVICE
getUserRewards ---> TOURGUIDESERVICE
getUserRewards ---> TOURGUIDESERVICE
getUserRewards ---> TOURGUIDESERVICE
getUserRewards ---> TOURGUIDESERVICE
getUserRewards ---> TOURGUIDESERVICE
getUserRewards ---> TOURGUIDESERVICE
getUserRewards ---> TOURGUIDESERVICE
getUserRewards ---> TOURGUIDESERVICE
getUserRewards ---> TOURGUIDESERVICE
getUserRewards ---> TOURGUIDESERVICE
getUserRewards ---> TOURGUIDESERVICE
getUserRewards ---> TOURGUIDESERVICE
getUserRewards ---> TOURGUIDESERVICE
getUserRewards ---> TOURGUIDESERVICE
getUserRewards ---> TOURGUIDESERVICE
getUserRewards ---> TOURGUIDESERVICE
getUserRewards ---> TOURGUIDESERVICE
getUserRewards ---> TOURGUIDESERVICE
getUserRewards ---> TOURGUIDESERVICE
getUserRewards ---> TOURGUIDESERVICE
getUserRewards ---> TOURGUIDESERVICE
getUserRewards ---> TOURGUIDESERVICE
getUserRewards ---> TOURGUIDESERVICE
getUserRewards ---> TOURGUIDESERVICE
getUserRewards ---> TOURGUIDESERVICE
getUserRewards ---> TOURGUIDESERVICE
getUserRewards ---> TOURGUIDESERVICE
getUserRewards ---> TOURGUIDESERVICE
getUserRewards ---> TOURGUIDESERVICE
getUserRewards ---> TOURGUIDESERVICE
getUserRewards ---> TOURGUIDESERVICE
getUserRewards ---> TOURGUIDESERVICE
getUserRewards ---> TOURGUIDESERVICE
getUserRewards ---> TOURGUIDESERVICE
getUserRewards ---> TOURGUIDESERVICE
getUserRewards ---> TOURGUIDESERVICE
getUserRewards ---> TOURGUIDESERVICE
getUserRewards ---> TOURGUIDESERVICE
getUserRewards ---> TOURGUIDESERVICE
getUserRewards ---> TOURGUIDESERVICE
getUserRewards ---> TOURGUIDESERVICE
getUserRewards ---> TOURGUIDESERVICE
getUserRewards ---> TOURGUIDESERVICE
getUserRewards ---> TOURGUIDESERVICE
getUserRewards ---> TOURGUIDESERVICE
getUserRewards ---> TOURGUIDESERVICE
getUserRewards ---> TOURGUIDESERVICE
getUserRewards ---> TOURGUIDESERVICE
getUserRewards ---> TOURGUIDESERVICE
getUserRewards ---> TOURGUIDESERVICE
getUserRewards ---> TOURGUIDESERVICE
getUserRewards ---> TOURGUIDESERVICE
getUserRewards ---> TOURGUIDESERVICE
getUserRewards ---> TOURGUIDESERVICE
getUserRewards ---> TOURGUIDESERVICE
getUserRewards ---> TOURGUIDESERVICE
getUserRewards ---> TOURGUIDESERVICE
getUserRewards ---> TOURGUIDESERVICE
getUserRewards ---> TOURGUIDESERVICE
getUserRewards ---> TOURGUIDESERVICE
getUserRewards ---> TOURGUIDESERVICE
getUserRewards ---> TOURGUIDESERVICE
getUserRewards ---> TOURGUIDESERVICE
getUserRewards ---> TOURGUIDESERVICE
getUserRewards ---> TOURGUIDESERVICE
getUserRewards ---> TOURGUIDESERVICE
getUserRewards ---> TOURGUIDESERVICE
getUserRewards ---> TOURGUIDESERVICE
getUserRewards ---> TOURGUIDESERVICE
getUserRewards ---> TOURGUIDESERVICE
getUserRewards ---> TOURGUIDESERVICE
getUserRewards ---> TOURGUIDESERVICE
getUserRewards ---> TOURGUIDESERVICE
getUserRewards ---> TOURGUIDESERVICE
getUserRewards ---> TOURGUIDESERVICE
getUserRewards ---> TOURGUIDESERVICE
getUserRewards ---> TOURGUIDESERVICE
getUserRewards ---> TOURGUIDESERVICE
getUserRewards ---> TOURGUIDESERVICE
getUserRewards ---> TOURGUIDESERVICE
getUserRewards ---> TOURGUIDESERVICE
getUserRewards ---> TOURGUIDESERVICE
getUserRewards ---> TOURGUIDESERVICE
getUserRewards ---> TOURGUIDESERVICE
getUserRewards ---> TOURGUIDESERVICE
getUserRewards ---> TOURGUIDESERVICE
getUserRewards ---> TOURGUIDESERVICE
getUserRewards ---> TOURGUIDESERVICE
getUserRewards ---> TOURGUIDESERVICE
getUserRewards ---> TOURGUIDESERVICE
getUserRewards ---> TOURGUIDESERVICE
getUserRewards ---> TOURGUIDESERVICE
getUserRewards ---> TOURGUIDESERVICE
getUserRewards ---> TOURGUIDESERVICE
getUserRewards ---> TOURGUIDESERVICE
getUserRewards ---> TOURGUIDESERVICE
getUserRewards ---> TOURGUIDESERVICE
getUserRewards ---> TOURGUIDESERVICE
getUserRewards ---> TOURGUIDESERVICE
getUserRewards ---> TOURGUIDESERVICE
getUserRewards ---> TOURGUIDESERVICE
getUserRewards ---> TOURGUIDESERVICE
getUserRewards ---> TOURGUIDESERVICE
getUserRewards ---> TOURGUIDESERVICE
getUserRewards ---> TOURGUIDESERVICE
getUserRewards ---> TOURGUIDESERVICE
getUserRewards ---> TOURGUIDESERVICE
getUserRewards ---> TOURGUIDESERVICE
getUserRewards ---> TOURGUIDESERVICE
getUserRewards ---> TOURGUIDESERVICE
getUserRewards ---> TOURGUIDESERVICE
getUserRewards ---> TOURGUIDESERVICE
getUserRewards ---> TOURGUIDESERVICE
getUserRewards ---> TOURGUIDESERVICE
getUserRewards ---> TOURGUIDESERVICE
getUserRewards ---> TOURGUIDESERVICE
getUserRewards ---> TOURGUIDESERVICE
getUserRewards ---> TOURGUIDESERVICE
getUserRewards ---> TOURGUIDESERVICE
getUserRewards ---> TOURGUIDESERVICE
getUserRewards ---> TOURGUIDESERVICE
getUserRewards ---> TOURGUIDESERVICE
getUserRewards ---> TOURGUIDESERVICE
getUserRewards ---> TOURGUIDESERVICE
getUserRewards ---> TOURGUIDESERVICE
getUserRewards ---> TOURGUIDESERVICE
getUserRewards ---> TOURGUIDESERVICE
getUserRewards ---> TOURGUIDESERVICE
getUserRewards ---> TOURGUIDESERVICE
getUserRewards ---> TOURGUIDESERVICE
getUserRewards ---> TOURGUIDESERVICE
getUserRewards ---> TOURGUIDESERVICE
getUserRewards ---> TOURGUIDESERVICE
getUserRewards ---> TOURGUIDESERVICE
getUserRewards ---> TOURGUIDESERVICE
getUserRewards ---> TOURGUIDESERVICE
getUserRewards ---> TOURGUIDESERVICE
getUserRewards ---> TOURGUIDESERVICE
getUserRewards ---> TOURGUIDESERVICE
getUserRewards ---> TOURGUIDESERVICE
getUserRewards ---> TOURGUIDESERVICE
getUserRewards ---> TOURGUIDESERVICE
getUserRewards ---> TOURGUIDESERVICE
getUserRewards ---> TOURGUIDESERVICE
getUserRewards ---> TOURGUIDESERVICE
getUserRewards ---> TOURGUIDESERVICE
getUserRewards ---> TOURGUIDESERVICE
getUserRewards ---> TOURGUIDESERVICE
getUserRewards ---> TOURGUIDESERVICE
getUserRewards ---> TOURGUIDESERVICE
getUserRewards ---> TOURGUIDESERVICE
getUserRewards ---> TOURGUIDESERVICE
getUserRewards ---> TOURGUIDESERVICE
getUserRewards ---> TOURGUIDESERVICE
getUserRewards ---> TOURGUIDESERVICE
getUserRewards ---> TOURGUIDESERVICE
getUserRewards ---> TOURGUIDESERVICE
getUserRewards ---> TOURGUIDESERVICE
getUserRewards ---> TOURGUIDESERVICE
getUserRewards ---> TOURGUIDESERVICE
getUserRewards ---> TOURGUIDESERVICE
getUserRewards ---> TOURGUIDESERVICE
getUserRewards ---> TOURGUIDESERVICE
getUserRewards ---> TOURGUIDESERVICE
getUserRewards ---> TOURGUIDESERVICE
getUserRewards ---> TOURGUIDESERVICE
getUserRewards ---> TOURGUIDESERVICE
getUserRewards ---> TOURGUIDESERVICE
getUserRewards ---> TOURGUIDESERVICE
getUserRewards ---> TOURGUIDESERVICE
getUserRewards ---> TOURGUIDESERVICE
getUserRewards ---> TOURGUIDESERVICE
getUserRewards ---> TOURGUIDESERVICE
getUserRewards ---> TOURGUIDESERVICE
getUserRewards ---> TOURGUIDESERVICE
getUserRewards ---> TOURGUIDESERVICE
getUserRewards ---> TOURGUIDESERVICE
getUserRewards ---> TOURGUIDESERVICE
getUserRewards ---> TOURGUIDESERVICE
getUserRewards ---> TOURGUIDESERVICE
getUserRewards ---> TOURGUIDESERVICE
getUserRewards ---> TOURGUIDESERVICE
getUserRewards ---> TOURGUIDESERVICE
getUserRewards ---> TOURGUIDESERVICE
getUserRewards ---> TOURGUIDESERVICE
getUserRewards ---> TOURGUIDESERVICE
getUserRewards ---> TOURGUIDESERVICE
getUserRewards ---> TOURGUIDESERVICE
getUserRewards ---> TOURGUIDESERVICE
getUserRewards ---> TOURGUIDESERVICE
getUserRewards ---> TOURGUIDESERVICE
getUserRewards ---> TOURGUIDESERVICE
getUserRewards ---> TOURGUIDESERVICE
getUserRewards ---> TOURGUIDESERVICE
getUserRewards ---> TOURGUIDESERVICE
getUserRewards ---> TOURGUIDESERVICE
getUserRewards ---> TOURGUIDESERVICE
getUserRewards ---> TOURGUIDESERVICE
getUserRewards ---> TOURGUIDESERVICE
getUserRewards ---> TOURGUIDESERVICE
getUserRewards ---> TOURGUIDESERVICE
getUserRewards ---> TOURGUIDESERVICE
getUserRewards ---> TOURGUIDESERVICE
getUserRewards ---> TOURGUIDESERVICE
getUserRewards ---> TOURGUIDESERVICE
getUserRewards ---> TOURGUIDESERVICE
getUserRewards ---> TOURGUIDESERVICE
getUserRewards ---> TOURGUIDESERVICE
getUserRewards ---> TOURGUIDESERVICE
getUserRewards ---> TOURGUIDESERVICE
getUserRewards ---> TOURGUIDESERVICE
getUserRewards ---> TOURGUIDESERVICE
getUserRewards ---> TOURGUIDESERVICE
getUserRewards ---> TOURGUIDESERVICE
getUserRewards ---> TOURGUIDESERVICE
getUserRewards ---> TOURGUIDESERVICE
getUserRewards ---> TOURGUIDESERVICE
getUserRewards ---> TOURGUIDESERVICE
getUserRewards ---> TOURGUIDESERVICE
getUserRewards ---> TOURGUIDESERVICE
getUserRewards ---> TOURGUIDESERVICE
getUserRewards ---> TOURGUIDESERVICE
getUserRewards ---> TOURGUIDESERVICE
getUserRewards ---> TOURGUIDESERVICE
getUserRewards ---> TOURGUIDESERVICE
getUserRewards ---> TOURGUIDESERVICE
getUserRewards ---> TOURGUIDESERVICE
getUserRewards ---> TOURGUIDESERVICE
getUserRewards ---> TOURGUIDESERVICE
getUserRewards ---> TOURGUIDESERVICE
getUserRewards ---> TOURGUIDESERVICE
getUserRewards ---> TOURGUIDESERVICE
getUserRewards ---> TOURGUIDESERVICE
getUserRewards ---> TOURGUIDESERVICE
getUserRewards ---> TOURGUIDESERVICE
getUserRewards ---> TOURGUIDESERVICE
getUserRewards ---> TOURGUIDESERVICE
getUserRewards ---> TOURGUIDESERVICE
getUserRewards ---> TOURGUIDESERVICE
getUserRewards ---> TOURGUIDESERVICE
getUserRewards ---> TOURGUIDESERVICE
getUserRewards ---> TOURGUIDESERVICE
getUserRewards ---> TOURGUIDESERVICE
getUserRewards ---> TOURGUIDESERVICE
getUserRewards ---> TOURGUIDESERVICE
getUserRewards ---> TOURGUIDESERVICE
getUserRewards ---> TOURGUIDESERVICE
getUserRewards ---> TOURGUIDESERVICE
getUserRewards ---> TOURGUIDESERVICE
getUserRewards ---> TOURGUIDESERVICE
getUserRewards ---> TOURGUIDESERVICE
getUserRewards ---> TOURGUIDESERVICE
getUserRewards ---> TOURGUIDESERVICE
getUserRewards ---> TOURGUIDESERVICE
getUserRewards ---> TOURGUIDESERVICE
getUserRewards ---> TOURGUIDESERVICE
getUserRewards ---> TOURGUIDESERVICE
getUserRewards ---> TOURGUIDESERVICE
getUserRewards ---> TOURGUIDESERVICE
getUserRewards ---> TOURGUIDESERVICE
getUserRewards ---> TOURGUIDESERVICE
getUserRewards ---> TOURGUIDESERVICE
getUserRewards ---> TOURGUIDESERVICE
getUserRewards ---> TOURGUIDESERVICE
getUserRewards ---> TOURGUIDESERVICE
getUserRewards ---> TOURGUIDESERVICE
getUserRewards ---> TOURGUIDESERVICE
getUserRewards ---> TOURGUIDESERVICE
getUserRewards ---> TOURGUIDESERVICE
getUserRewards ---> TOURGUIDESERVICE
getUserRewards ---> TOURGUIDESERVICE
getUserRewards ---> TOURGUIDESERVICE
getUserRewards ---> TOURGUIDESERVICE
getUserRewards ---> TOURGUIDESERVICE
getUserRewards ---> TOURGUIDESERVICE
getUserRewards ---> TOURGUIDESERVICE
getUserRewards ---> TOURGUIDESERVICE
getUserRewards ---> TOURGUIDESERVICE
getUserRewards ---> TOURGUIDESERVICE
getUserRewards ---> TOURGUIDESERVICE
getUserRewards ---> TOURGUIDESERVICE
getUserRewards ---> TOURGUIDESERVICE
getUserRewards ---> TOURGUIDESERVICE
getUserRewards ---> TOURGUIDESERVICE
getUserRewards ---> TOURGUIDESERVICE
getUserRewards ---> TOURGUIDESERVICE
getUserRewards ---> TOURGUIDESERVICE
getUserRewards ---> TOURGUIDESERVICE
getUserRewards ---> TOURGUIDESERVICE
getUserRewards ---> TOURGUIDESERVICE
getUserRewards ---> TOURGUIDESERVICE
getUserRewards ---> TOURGUIDESERVICE
getUserRewards ---> TOURGUIDESERVICE
getUserRewards ---> TOURGUIDESERVICE
getUserRewards ---> TOURGUIDESERVICE
getUserRewards ---> TOURGUIDESERVICE
getUserRewards ---> TOURGUIDESERVICE
getUserRewards ---> TOURGUIDESERVICE
getUserRewards ---> TOURGUIDESERVICE
getUserRewards ---> TOURGUIDESERVICE
getUserRewards ---> TOURGUIDESERVICE
getUserRewards ---> TOURGUIDESERVICE
getUserRewards ---> TOURGUIDESERVICE
getUserRewards ---> TOURGUIDESERVICE
getUserRewards ---> TOURGUIDESERVICE
getUserRewards ---> TOURGUIDESERVICE
getUserRewards ---> TOURGUIDESERVICE
getUserRewards ---> TOURGUIDESERVICE
getUserRewards ---> TOURGUIDESERVICE
getUserRewards ---> TOURGUIDESERVICE
getUserRewards ---> TOURGUIDESERVICE
getUserRewards ---> TOURGUIDESERVICE
getUserRewards ---> TOURGUIDESERVICE
getUserRewards ---> TOURGUIDESERVICE
getUserRewards ---> TOURGUIDESERVICE
getUserRewards ---> TOURGUIDESERVICE
getUserRewards ---> TOURGUIDESERVICE
getUserRewards ---> TOURGUIDESERVICE
getUserRewards ---> TOURGUIDESERVICE
getUserRewards ---> TOURGUIDESERVICE
getUserRewards ---> TOURGUIDESERVICE
getUserRewards ---> TOURGUIDESERVICE
getUserRewards ---> TOURGUIDESERVICE
getUserRewards ---> TOURGUIDESERVICE
getUserRewards ---> TOURGUIDESERVICE
getUserRewards ---> TOURGUIDESERVICE
getUserRewards ---> TOURGUIDESERVICE
getUserRewards ---> TOURGUIDESERVICE
getUserRewards ---> TOURGUIDESERVICE
getUserRewards ---> TOURGUIDESERVICE
getUserRewards ---> TOURGUIDESERVICE
getUserRewards ---> TOURGUIDESERVICE
getUserRewards ---> TOURGUIDESERVICE
getUserRewards ---> TOURGUIDESERVICE
getUserRewards ---> TOURGUIDESERVICE
getUserRewards ---> TOURGUIDESERVICE
getUserRewards ---> TOURGUIDESERVICE
getUserRewards ---> TOURGUIDESERVICE
getUserRewards ---> TOURGUIDESERVICE
getUserRewards ---> TOURGUIDESERVICE
getUserRewards ---> TOURGUIDESERVICE
getUserRewards ---> TOURGUIDESERVICE
getUserRewards ---> TOURGUIDESERVICE
getUserRewards ---> TOURGUIDESERVICE
getUserRewards ---> TOURGUIDESERVICE
getUserRewards ---> TOURGUIDESERVICE
getUserRewards ---> TOURGUIDESERVICE
getUserRewards ---> TOURGUIDESERVICE
getUserRewards ---> TOURGUIDESERVICE
getUserRewards ---> TOURGUIDESERVICE
getUserRewards ---> TOURGUIDESERVICE
getUserRewards ---> TOURGUIDESERVICE
getUserRewards ---> TOURGUIDESERVICE
getUserRewards ---> TOURGUIDESERVICE
getUserRewards ---> TOURGUIDESERVICE
getUserRewards ---> TOURGUIDESERVICE
getUserRewards ---> TOURGUIDESERVICE
getUserRewards ---> TOURGUIDESERVICE
getUserRewards ---> TOURGUIDESERVICE
getUserRewards ---> TOURGUIDESERVICE
getUserRewards ---> TOURGUIDESERVICE
getUserRewards ---> TOURGUIDESERVICE
getUserRewards ---> TOURGUIDESERVICE
getUserRewards ---> TOURGUIDESERVICE
getUserRewards ---> TOURGUIDESERVICE
getUserRewards ---> TOURGUIDESERVICE
getUserRewards ---> TOURGUIDESERVICE
getUserRewards ---> TOURGUIDESERVICE
getUserRewards ---> TOURGUIDESERVICE
getUserRewards ---> TOURGUIDESERVICE
getUserRewards ---> TOURGUIDESERVICE
getUserRewards ---> TOURGUIDESERVICE
getUserRewards ---> TOURGUIDESERVICE
getUserRewards ---> TOURGUIDESERVICE
getUserRewards ---> TOURGUIDESERVICE
getUserRewards ---> TOURGUIDESERVICE
getUserRewards ---> TOURGUIDESERVICE
getUserRewards ---> TOURGUIDESERVICE
getUserRewards ---> TOURGUIDESERVICE
getUserRewards ---> TOURGUIDESERVICE
getUserRewards ---> TOURGUIDESERVICE
getUserRewards ---> TOURGUIDESERVICE
getUserRewards ---> TOURGUIDESERVICE
getUserRewards ---> TOURGUIDESERVICE
getUserRewards ---> TOURGUIDESERVICE
getUserRewards ---> TOURGUIDESERVICE
getUserRewards ---> TOURGUIDESERVICE
getUserRewards ---> TOURGUIDESERVICE
getUserRewards ---> TOURGUIDESERVICE
getUserRewards ---> TOURGUIDESERVICE
getUserRewards ---> TOURGUIDESERVICE
getUserRewards ---> TOURGUIDESERVICE
getUserRewards ---> TOURGUIDESERVICE
getUserRewards ---> TOURGUIDESERVICE
getUserRewards ---> TOURGUIDESERVICE
getUserRewards ---> TOURGUIDESERVICE
getUserRewards ---> TOURGUIDESERVICE
getUserRewards ---> TOURGUIDESERVICE
getUserRewards ---> TOURGUIDESERVICE
getUserRewards ---> TOURGUIDESERVICE
getUserRewards ---> TOURGUIDESERVICE
getUserRewards ---> TOURGUIDESERVICE
getUserRewards ---> TOURGUIDESERVICE
getUserRewards ---> TOURGUIDESERVICE
getUserRewards ---> TOURGUIDESERVICE
getUserRewards ---> TOURGUIDESERVICE
getUserRewards ---> TOURGUIDESERVICE
getUserRewards ---> TOURGUIDESERVICE
getUserRewards ---> TOURGUIDESERVICE
getUserRewards ---> TOURGUIDESERVICE
getUserRewards ---> TOURGUIDESERVICE
getUserRewards ---> TOURGUIDESERVICE
getUserRewards ---> TOURGUIDESERVICE
getUserRewards ---> TOURGUIDESERVICE
getUserRewards ---> TOURGUIDESERVICE
getUserRewards ---> TOURGUIDESERVICE
getUserRewards ---> TOURGUIDESERVICE
getUserRewards ---> TOURGUIDESERVICE
getUserRewards ---> TOURGUIDESERVICE
getUserRewards ---> TOURGUIDESERVICE
getUserRewards ---> TOURGUIDESERVICE
getUserRewards ---> TOURGUIDESERVICE
getUserRewards ---> TOURGUIDESERVICE
getUserRewards ---> TOURGUIDESERVICE
getUserRewards ---> TOURGUIDESERVICE
getUserRewards ---> TOURGUIDESERVICE
getUserRewards ---> TOURGUIDESERVICE
getUserRewards ---> TOURGUIDESERVICE
getUserRewards ---> TOURGUIDESERVICE
getUserRewards ---> TOURGUIDESERVICE
getUserRewards ---> TOURGUIDESERVICE
getUserRewards ---> TOURGUIDESERVICE
getUserRewards ---> TOURGUIDESERVICE
getUserRewards ---> TOURGUIDESERVICE
getUserRewards ---> TOURGUIDESERVICE
getUserRewards ---> TOURGUIDESERVICE
getUserRewards ---> TOURGUIDESERVICE
getUserRewards ---> TOURGUIDESERVICE
getUserRewards ---> TOURGUIDESERVICE
getUserRewards ---> TOURGUIDESERVICE
getUserRewards ---> TOURGUIDESERVICE
getUserRewards ---> TOURGUIDESERVICE
getUserRewards ---> TOURGUIDESERVICE
getUserRewards ---> TOURGUIDESERVICE
getUserRewards ---> TOURGUIDESERVICE
getUserRewards ---> TOURGUIDESERVICE
getUserRewards ---> TOURGUIDESERVICE
getUserRewards ---> TOURGUIDESERVICE
getUserRewards ---> TOURGUIDESERVICE
getUserRewards ---> TOURGUIDESERVICE
getUserRewards ---> TOURGUIDESERVICE
getUserRewards ---> TOURGUIDESERVICE
getUserRewards ---> TOURGUIDESERVICE
getUserRewards ---> TOURGUIDESERVICE
getUserRewards ---> TOURGUIDESERVICE
getUserRewards ---> TOURGUIDESERVICE
getUserRewards ---> TOURGUIDESERVICE
getUserRewards ---> TOURGUIDESERVICE
getUserRewards ---> TOURGUIDESERVICE
getUserRewards ---> TOURGUIDESERVICE
getUserRewards ---> TOURGUIDESERVICE
getUserRewards ---> TOURGUIDESERVICE
getUserRewards ---> TOURGUIDESERVICE
getUserRewards ---> TOURGUIDESERVICE
getUserRewards ---> TOURGUIDESERVICE
getUserRewards ---> TOURGUIDESERVICE
getUserRewards ---> TOURGUIDESERVICE
getUserRewards ---> TOURGUIDESERVICE
getUserRewards ---> TOURGUIDESERVICE
getUserRewards ---> TOURGUIDESERVICE
getUserRewards ---> TOURGUIDESERVICE
getUserRewards ---> TOURGUIDESERVICE
getUserRewards ---> TOURGUIDESERVICE
getUserRewards ---> TOURGUIDESERVICE
getUserRewards ---> TOURGUIDESERVICE
getUserRewards ---> TOURGUIDESERVICE
getUserRewards ---> TOURGUIDESERVICE
getUserRewards ---> TOURGUIDESERVICE
getUserRewards ---> TOURGUIDESERVICE
getUserRewards ---> TOURGUIDESERVICE
getUserRewards ---> TOURGUIDESERVICE
getUserRewards ---> TOURGUIDESERVICE
getUserRewards ---> TOURGUIDESERVICE
getUserRewards ---> TOURGUIDESERVICE
getUserRewards ---> TOURGUIDESERVICE
getUserRewards ---> TOURGUIDESERVICE
getUserRewards ---> TOURGUIDESERVICE
getUserRewards ---> TOURGUIDESERVICE
getUserRewards ---> TOURGUIDESERVICE
getUserRewards ---> TOURGUIDESERVICE
getUserRewards ---> TOURGUIDESERVICE
getUserRewards ---> TOURGUIDESERVICE
getUserRewards ---> TOURGUIDESERVICE
getUserRewards ---> TOURGUIDESERVICE
getUserRewards ---> TOURGUIDESERVICE
getUserRewards ---> TOURGUIDESERVICE
getUserRewards ---> TOURGUIDESERVICE
getUserRewards ---> TOURGUIDESERVICE
getUserRewards ---> TOURGUIDESERVICE
getUserRewards ---> TOURGUIDESERVICE
getUserRewards ---> TOURGUIDESERVICE
getUserRewards ---> TOURGUIDESERVICE
getUserRewards ---> TOURGUIDESERVICE
getUserRewards ---> TOURGUIDESERVICE
getUserRewards ---> TOURGUIDESERVICE
getUserRewards ---> TOURGUIDESERVICE
getUserRewards ---> TOURGUIDESERVICE
getUserRewards ---> TOURGUIDESERVICE
getUserRewards ---> TOURGUIDESERVICE
getUserRewards ---> TOURGUIDESERVICE
getUserRewards ---> TOURGUIDESERVICE
getUserRewards ---> TOURGUIDESERVICE
getUserRewards ---> TOURGUIDESERVICE
getUserRewards ---> TOURGUIDESERVICE
getUserRewards ---> TOURGUIDESERVICE
getUserRewards ---> TOURGUIDESERVICE
getUserRewards ---> TOURGUIDESERVICE
getUserRewards ---> TOURGUIDESERVICE
getUserRewards ---> TOURGUIDESERVICE
getUserRewards ---> TOURGUIDESERVICE
getUserRewards ---> TOURGUIDESERVICE
getUserRewards ---> TOURGUIDESERVICE
getUserRewards ---> TOURGUIDESERVICE
getUserRewards ---> TOURGUIDESERVICE
getUserRewards ---> TOURGUIDESERVICE
getUserRewards ---> TOURGUIDESERVICE
getUserRewards ---> TOURGUIDESERVICE
getUserRewards ---> TOURGUIDESERVICE
getUserRewards ---> TOURGUIDESERVICE
getUserRewards ---> TOURGUIDESERVICE
getUserRewards ---> TOURGUIDESERVICE
getUserRewards ---> TOURGUIDESERVICE
getUserRewards ---> TOURGUIDESERVICE
getUserRewards ---> TOURGUIDESERVICE
getUserRewards ---> TOURGUIDESERVICE
getUserRewards ---> TOURGUIDESERVICE
getUserRewards ---> TOURGUIDESERVICE
getUserRewards ---> TOURGUIDESERVICE
getUserRewards ---> TOURGUIDESERVICE
getUserRewards ---> TOURGUIDESERVICE
getUserRewards ---> TOURGUIDESERVICE
getUserRewards ---> TOURGUIDESERVICE
getUserRewards ---> TOURGUIDESERVICE
getUserRewards ---> TOURGUIDESERVICE
getUserRewards ---> TOURGUIDESERVICE
getUserRewards ---> TOURGUIDESERVICE
getUserRewards ---> TOURGUIDESERVICE
getUserRewards ---> TOURGUIDESERVICE
getUserRewards ---> TOURGUIDESERVICE
getUserRewards ---> TOURGUIDESERVICE
getUserRewards ---> TOURGUIDESERVICE
getUserRewards ---> TOURGUIDESERVICE
getUserRewards ---> TOURGUIDESERVICE
getUserRewards ---> TOURGUIDESERVICE
getUserRewards ---> TOURGUIDESERVICE
getUserRewards ---> TOURGUIDESERVICE
getUserRewards ---> TOURGUIDESERVICE
getUserRewards ---> TOURGUIDESERVICE
getUserRewards ---> TOURGUIDESERVICE
getUserRewards ---> TOURGUIDESERVICE
getUserRewards ---> TOURGUIDESERVICE
getUserRewards ---> TOURGUIDESERVICE
getUserRewards ---> TOURGUIDESERVICE
getUserRewards ---> TOURGUIDESERVICE
getUserRewards ---> TOURGUIDESERVICE
getUserRewards ---> TOURGUIDESERVICE
getUserRewards ---> TOURGUIDESERVICE
getUserRewards ---> TOURGUIDESERVICE
getUserRewards ---> TOURGUIDESERVICE
getUserRewards ---> TOURGUIDESERVICE
getUserRewards ---> TOURGUIDESERVICE
getUserRewards ---> TOURGUIDESERVICE
getUserRewards ---> TOURGUIDESERVICE
getUserRewards ---> TOURGUIDESERVICE
getUserRewards ---> TOURGUIDESERVICE
getUserRewards ---> TOURGUIDESERVICE
getUserRewards ---> TOURGUIDESERVICE
getUserRewards ---> TOURGUIDESERVICE
getUserRewards ---> TOURGUIDESERVICE
getUserRewards ---> TOURGUIDESERVICE
getUserRewards ---> TOURGUIDESERVICE
getUserRewards ---> TOURGUIDESERVICE
getUserRewards ---> TOURGUIDESERVICE
getUserRewards ---> TOURGUIDESERVICE
getUserRewards ---> TOURGUIDESERVICE
getUserRewards ---> TOURGUIDESERVICE
getUserRewards ---> TOURGUIDESERVICE
getUserRewards ---> TOURGUIDESERVICE
getUserRewards ---> TOURGUIDESERVICE
getUserRewards ---> TOURGUIDESERVICE
getUserRewards ---> TOURGUIDESERVICE
getUserRewards ---> TOURGUIDESERVICE
getUserRewards ---> TOURGUIDESERVICE
getUserRewards ---> TOURGUIDESERVICE
getUserRewards ---> TOURGUIDESERVICE
getUserRewards ---> TOURGUIDESERVICE
getUserRewards ---> TOURGUIDESERVICE
getUserRewards ---> TOURGUIDESERVICE
getUserRewards ---> TOURGUIDESERVICE
getUserRewards ---> TOURGUIDESERVICE
getUserRewards ---> TOURGUIDESERVICE
getUserRewards ---> TOURGUIDESERVICE
getUserRewards ---> TOURGUIDESERVICE
getUserRewards ---> TOURGUIDESERVICE
getUserRewards ---> TOURGUIDESERVICE
getUserRewards ---> TOURGUIDESERVICE
getUserRewards ---> TOURGUIDESERVICE
getUserRewards ---> TOURGUIDESERVICE
getUserRewards ---> TOURGUIDESERVICE
getUserRewards ---> TOURGUIDESERVICE
getUserRewards ---> TOURGUIDESERVICE
getUserRewards ---> TOURGUIDESERVICE
getUserRewards ---> TOURGUIDESERVICE
getUserRewards ---> TOURGUIDESERVICE
getUserRewards ---> TOURGUIDESERVICE
getUserRewards ---> TOURGUIDESERVICE
getUserRewards ---> TOURGUIDESERVICE
getUserRewards ---> TOURGUIDESERVICE
getUserRewards ---> TOURGUIDESERVICE
getUserRewards ---> TOURGUIDESERVICE
getUserRewards ---> TOURGUIDESERVICE
getUserRewards ---> TOURGUIDESERVICE
getUserRewards ---> TOURGUIDESERVICE
getUserRewards ---> TOURGUIDESERVICE
getUserRewards ---> TOURGUIDESERVICE
getUserRewards ---> TOURGUIDESERVICE
getUserRewards ---> TOURGUIDESERVICE
getUserRewards ---> TOURGUIDESERVICE
getUserRewards ---> TOURGUIDESERVICE
getUserRewards ---> TOURGUIDESERVICE
getUserRewards ---> TOURGUIDESERVICE
getUserRewards ---> TOURGUIDESERVICE
getUserRewards ---> TOURGUIDESERVICE
getUserRewards ---> TOURGUIDESERVICE
getUserRewards ---> TOURGUIDESERVICE
getUserRewards ---> TOURGUIDESERVICE
getUserRewards ---> TOURGUIDESERVICE
getUserRewards ---> TOURGUIDESERVICE
getUserRewards ---> TOURGUIDESERVICE
getUserRewards ---> TOURGUIDESERVICE
getUserRewards ---> TOURGUIDESERVICE
getUserRewards ---> TOURGUIDESERVICE
getUserRewards ---> TOURGUIDESERVICE
getUserRewards ---> TOURGUIDESERVICE
getUserRewards ---> TOURGUIDESERVICE
getUserRewards ---> TOURGUIDESERVICE
getUserRewards ---> TOURGUIDESERVICE
getUserRewards ---> TOURGUIDESERVICE
getUserRewards ---> TOURGUIDESERVICE
getUserRewards ---> TOURGUIDESERVICE
getUserRewards ---> TOURGUIDESERVICE
getUserRewards ---> TOURGUIDESERVICE
getUserRewards ---> TOURGUIDESERVICE
getUserRewards ---> TOURGUIDESERVICE
getUserRewards ---> TOURGUIDESERVICE
getUserRewards ---> TOURGUIDESERVICE
getUserRewards ---> TOURGUIDESERVICE
getUserRewards ---> TOURGUIDESERVICE
getUserRewards ---> TOURGUIDESERVICE
getUserRewards ---> TOURGUIDESERVICE
getUserRewards ---> TOURGUIDESERVICE
getUserRewards ---> TOURGUIDESERVICE
getUserRewards ---> TOURGUIDESERVICE
getUserRewards ---> TOURGUIDESERVICE
getUserRewards ---> TOURGUIDESERVICE
getUserRewards ---> TOURGUIDESERVICE
getUserRewards ---> TOURGUIDESERVICE
getUserRewards ---> TOURGUIDESERVICE
getUserRewards ---> TOURGUIDESERVICE
getUserRewards ---> TOURGUIDESERVICE
getUserRewards ---> TOURGUIDESERVICE
getUserRewards ---> TOURGUIDESERVICE
getUserRewards ---> TOURGUIDESERVICE
getUserRewards ---> TOURGUIDESERVICE
getUserRewards ---> TOURGUIDESERVICE
getUserRewards ---> TOURGUIDESERVICE
getUserRewards ---> TOURGUIDESERVICE
getUserRewards ---> TOURGUIDESERVICE
getUserRewards ---> TOURGUIDESERVICE
getUserRewards ---> TOURGUIDESERVICE
getUserRewards ---> TOURGUIDESERVICE
getUserRewards ---> TOURGUIDESERVICE
getUserRewards ---> TOURGUIDESERVICE
getUserRewards ---> TOURGUIDESERVICE
getUserRewards ---> TOURGUIDESERVICE
getUserRewards ---> TOURGUIDESERVICE
getUserRewards ---> TOURGUIDESERVICE
getUserRewards ---> TOURGUIDESERVICE
getUserRewards ---> TOURGUIDESERVICE
getUserRewards ---> TOURGUIDESERVICE
getUserRewards ---> TOURGUIDESERVICE
getUserRewards ---> TOURGUIDESERVICE
getUserRewards ---> TOURGUIDESERVICE
getUserRewards ---> TOURGUIDESERVICE
getUserRewards ---> TOURGUIDESERVICE
getUserRewards ---> TOURGUIDESERVICE
getUserRewards ---> TOURGUIDESERVICE
getUserRewards ---> TOURGUIDESERVICE
getUserRewards ---> TOURGUIDESERVICE
getUserRewards ---> TOURGUIDESERVICE
getUserRewards ---> TOURGUIDESERVICE
getUserRewards ---> TOURGUIDESERVICE
getUserRewards ---> TOURGUIDESERVICE
getUserRewards ---> TOURGUIDESERVICE
getUserRewards ---> TOURGUIDESERVICE
getUserRewards ---> TOURGUIDESERVICE
getUserRewards ---> TOURGUIDESERVICE
getUserRewards ---> TOURGUIDESERVICE
getUserRewards ---> TOURGUIDESERVICE
getUserRewards ---> TOURGUIDESERVICE
getUserRewards ---> TOURGUIDESERVICE
getUserRewards ---> TOURGUIDESERVICE
getUserRewards ---> TOURGUIDESERVICE
getUserRewards ---> TOURGUIDESERVICE
getUserRewards ---> TOURGUIDESERVICE
getUserRewards ---> TOURGUIDESERVICE
getUserRewards ---> TOURGUIDESERVICE
getUserRewards ---> TOURGUIDESERVICE
getUserRewards ---> TOURGUIDESERVICE
getUserRewards ---> TOURGUIDESERVICE
getUserRewards ---> TOURGUIDESERVICE
getUserRewards ---> TOURGUIDESERVICE
getUserRewards ---> TOURGUIDESERVICE
getUserRewards ---> TOURGUIDESERVICE
getUserRewards ---> TOURGUIDESERVICE
getUserRewards ---> TOURGUIDESERVICE
getUserRewards ---> TOURGUIDESERVICE
getUserRewards ---> TOURGUIDESERVICE
getUserRewards ---> TOURGUIDESERVICE
getUserRewards ---> TOURGUIDESERVICE
getUserRewards ---> TOURGUIDESERVICE
getUserRewards ---> TOURGUIDESERVICE
getUserRewards ---> TOURGUIDESERVICE
getUserRewards ---> TOURGUIDESERVICE
getUserRewards ---> TOURGUIDESERVICE
getUserRewards ---> TOURGUIDESERVICE
getUserRewards ---> TOURGUIDESERVICE
getUserRewards ---> TOURGUIDESERVICE
getUserRewards ---> TOURGUIDESERVICE
getUserRewards ---> TOURGUIDESERVICE
getUserRewards ---> TOURGUIDESERVICE
getUserRewards ---> TOURGUIDESERVICE
getUserRewards ---> TOURGUIDESERVICE
getUserRewards ---> TOURGUIDESERVICE
getUserRewards ---> TOURGUIDESERVICE
getUserRewards ---> TOURGUIDESERVICE
getUserRewards ---> TOURGUIDESERVICE
getUserRewards ---> TOURGUIDESERVICE
getUserRewards ---> TOURGUIDESERVICE
getUserRewards ---> TOURGUIDESERVICE
getUserRewards ---> TOURGUIDESERVICE
getUserRewards ---> TOURGUIDESERVICE
getUserRewards ---> TOURGUIDESERVICE
getUserRewards ---> TOURGUIDESERVICE
getUserRewards ---> TOURGUIDESERVICE
getUserRewards ---> TOURGUIDESERVICE
getUserRewards ---> TOURGUIDESERVICE
getUserRewards ---> TOURGUIDESERVICE
getUserRewards ---> TOURGUIDESERVICE
getUserRewards ---> TOURGUIDESERVICE
getUserRewards ---> TOURGUIDESERVICE
getUserRewards ---> TOURGUIDESERVICE
getUserRewards ---> TOURGUIDESERVICE
getUserRewards ---> TOURGUIDESERVICE
getUserRewards ---> TOURGUIDESERVICE
getUserRewards ---> TOURGUIDESERVICE
getUserRewards ---> TOURGUIDESERVICE
getUserRewards ---> TOURGUIDESERVICE
getUserRewards ---> TOURGUIDESERVICE
getUserRewards ---> TOURGUIDESERVICE
getUserRewards ---> TOURGUIDESERVICE
getUserRewards ---> TOURGUIDESERVICE
getUserRewards ---> TOURGUIDESERVICE
getUserRewards ---> TOURGUIDESERVICE
getUserRewards ---> TOURGUIDESERVICE
getUserRewards ---> TOURGUIDESERVICE
getUserRewards ---> TOURGUIDESERVICE
getUserRewards ---> TOURGUIDESERVICE
getUserRewards ---> TOURGUIDESERVICE
getUserRewards ---> TOURGUIDESERVICE
getUserRewards ---> TOURGUIDESERVICE
getUserRewards ---> TOURGUIDESERVICE
getUserRewards ---> TOURGUIDESERVICE
getUserRewards ---> TOURGUIDESERVICE
getUserRewards ---> TOURGUIDESERVICE
getUserRewards ---> TOURGUIDESERVICE
getUserRewards ---> TOURGUIDESERVICE
getUserRewards ---> TOURGUIDESERVICE
getUserRewards ---> TOURGUIDESERVICE
getUserRewards ---> TOURGUIDESERVICE
getUserRewards ---> TOURGUIDESERVICE
getUserRewards ---> TOURGUIDESERVICE
getUserRewards ---> TOURGUIDESERVICE
getUserRewards ---> TOURGUIDESERVICE
getUserRewards ---> TOURGUIDESERVICE
getUserRewards ---> TOURGUIDESERVICE
getUserRewards ---> TOURGUIDESERVICE
getUserRewards ---> TOURGUIDESERVICE
getUserRewards ---> TOURGUIDESERVICE
getUserRewards ---> TOURGUIDESERVICE
getUserRewards ---> TOURGUIDESERVICE
getUserRewards ---> TOURGUIDESERVICE
getUserRewards ---> TOURGUIDESERVICE
getUserRewards ---> TOURGUIDESERVICE
getUserRewards ---> TOURGUIDESERVICE
getUserRewards ---> TOURGUIDESERVICE
getUserRewards ---> TOURGUIDESERVICE
getUserRewards ---> TOURGUIDESERVICE
getUserRewards ---> TOURGUIDESERVICE
getUserRewards ---> TOURGUIDESERVICE
getUserRewards ---> TOURGUIDESERVICE
getUserRewards ---> TOURGUIDESERVICE
getUserRewards ---> TOURGUIDESERVICE
getUserRewards ---> TOURGUIDESERVICE
getUserRewards ---> TOURGUIDESERVICE
getUserRewards ---> TOURGUIDESERVICE
getUserRewards ---> TOURGUIDESERVICE
getUserRewards ---> TOURGUIDESERVICE
getUserRewards ---> TOURGUIDESERVICE
getUserRewards ---> TOURGUIDESERVICE
getUserRewards ---> TOURGUIDESERVICE
getUserRewards ---> TOURGUIDESERVICE
getUserRewards ---> TOURGUIDESERVICE
getUserRewards ---> TOURGUIDESERVICE
getUserRewards ---> TOURGUIDESERVICE
getUserRewards ---> TOURGUIDESERVICE
getUserRewards ---> TOURGUIDESERVICE
getUserRewards ---> TOURGUIDESERVICE
getUserRewards ---> TOURGUIDESERVICE
getUserRewards ---> TOURGUIDESERVICE
getUserRewards ---> TOURGUIDESERVICE
getUserRewards ---> TOURGUIDESERVICE
getUserRewards ---> TOURGUIDESERVICE
getUserRewards ---> TOURGUIDESERVICE
getUserRewards ---> TOURGUIDESERVICE
getUserRewards ---> TOURGUIDESERVICE
getUserRewards ---> TOURGUIDESERVICE
getUserRewards ---> TOURGUIDESERVICE
getUserRewards ---> TOURGUIDESERVICE
getUserRewards ---> TOURGUIDESERVICE
getUserRewards ---> TOURGUIDESERVICE
getUserRewards ---> TOURGUIDESERVICE
getUserRewards ---> TOURGUIDESERVICE
getUserRewards ---> TOURGUIDESERVICE
getUserRewards ---> TOURGUIDESERVICE
getUserRewards ---> TOURGUIDESERVICE
getUserRewards ---> TOURGUIDESERVICE
getUserRewards ---> TOURGUIDESERVICE
getUserRewards ---> TOURGUIDESERVICE
getUserRewards ---> TOURGUIDESERVICE
getUserRewards ---> TOURGUIDESERVICE
getUserRewards ---> TOURGUIDESERVICE
getUserRewards ---> TOURGUIDESERVICE
getUserRewards ---> TOURGUIDESERVICE
getUserRewards ---> TOURGUIDESERVICE
getUserRewards ---> TOURGUIDESERVICE
getUserRewards ---> TOURGUIDESERVICE
getUserRewards ---> TOURGUIDESERVICE
getUserRewards ---> TOURGUIDESERVICE
getUserRewards ---> TOURGUIDESERVICE
getUserRewards ---> TOURGUIDESERVICE
getUserRewards ---> TOURGUIDESERVICE
getUserRewards ---> TOURGUIDESERVICE
getUserRewards ---> TOURGUIDESERVICE
getUserRewards ---> TOURGUIDESERVICE
getUserRewards ---> TOURGUIDESERVICE
getUserRewards ---> TOURGUIDESERVICE
getUserRewards ---> TOURGUIDESERVICE
getUserRewards ---> TOURGUIDESERVICE
getUserRewards ---> TOURGUIDESERVICE
getUserRewards ---> TOURGUIDESERVICE
getUserRewards ---> TOURGUIDESERVICE
getUserRewards ---> TOURGUIDESERVICE
getUserRewards ---> TOURGUIDESERVICE
getUserRewards ---> TOURGUIDESERVICE
getUserRewards ---> TOURGUIDESERVICE
getUserRewards ---> TOURGUIDESERVICE
getUserRewards ---> TOURGUIDESERVICE
getUserRewards ---> TOURGUIDESERVICE
getUserRewards ---> TOURGUIDESERVICE
getUserRewards ---> TOURGUIDESERVICE
getUserRewards ---> TOURGUIDESERVICE
getUserRewards ---> TOURGUIDESERVICE
getUserRewards ---> TOURGUIDESERVICE
getUserRewards ---> TOURGUIDESERVICE
getUserRewards ---> TOURGUIDESERVICE
getUserRewards ---> TOURGUIDESERVICE
getUserRewards ---> TOURGUIDESERVICE
getUserRewards ---> TOURGUIDESERVICE
getUserRewards ---> TOURGUIDESERVICE
getUserRewards ---> TOURGUIDESERVICE
getUserRewards ---> TOURGUIDESERVICE
getUserRewards ---> TOURGUIDESERVICE
getUserRewards ---> TOURGUIDESERVICE
getUserRewards ---> TOURGUIDESERVICE
getUserRewards ---> TOURGUIDESERVICE
getUserRewards ---> TOURGUIDESERVICE
getUserRewards ---> TOURGUIDESERVICE
getUserRewards ---> TOURGUIDESERVICE
getUserRewards ---> TOURGUIDESERVICE
getUserRewards ---> TOURGUIDESERVICE
getUserRewards ---> TOURGUIDESERVICE
getUserRewards ---> TOURGUIDESERVICE
getUserRewards ---> TOURGUIDESERVICE
getUserRewards ---> TOURGUIDESERVICE
getUserRewards ---> TOURGUIDESERVICE
getUserRewards ---> TOURGUIDESERVICE
getUserRewards ---> TOURGUIDESERVICE
getUserRewards ---> TOURGUIDESERVICE
getUserRewards ---> TOURGUIDESERVICE
getUserRewards ---> TOURGUIDESERVICE
getUserRewards ---> TOURGUIDESERVICE
getUserRewards ---> TOURGUIDESERVICE
getUserRewards ---> TOURGUIDESERVICE
getUserRewards ---> TOURGUIDESERVICE
getUserRewards ---> TOURGUIDESERVICE
getUserRewards ---> TOURGUIDESERVICE
getUserRewards ---> TOURGUIDESERVICE
getUserRewards ---> TOURGUIDESERVICE
getUserRewards ---> TOURGUIDESERVICE
getUserRewards ---> TOURGUIDESERVICE
getUserRewards ---> TOURGUIDESERVICE
getUserRewards ---> TOURGUIDESERVICE
getUserRewards ---> TOURGUIDESERVICE
getUserRewards ---> TOURGUIDESERVICE
getUserRewards ---> TOURGUIDESERVICE
getUserRewards ---> TOURGUIDESERVICE
getUserRewards ---> TOURGUIDESERVICE
getUserRewards ---> TOURGUIDESERVICE
getUserRewards ---> TOURGUIDESERVICE
getUserRewards ---> TOURGUIDESERVICE
getUserRewards ---> TOURGUIDESERVICE
getUserRewards ---> TOURGUIDESERVICE
getUserRewards ---> TOURGUIDESERVICE
getUserRewards ---> TOURGUIDESERVICE
getUserRewards ---> TOURGUIDESERVICE
getUserRewards ---> TOURGUIDESERVICE
getUserRewards ---> TOURGUIDESERVICE
getUserRewards ---> TOURGUIDESERVICE
getUserRewards ---> TOURGUIDESERVICE
getUserRewards ---> TOURGUIDESERVICE
getUserRewards ---> TOURGUIDESERVICE
getUserRewards ---> TOURGUIDESERVICE
getUserRewards ---> TOURGUIDESERVICE
getUserRewards ---> TOURGUIDESERVICE
getUserRewards ---> TOURGUIDESERVICE
getUserRewards ---> TOURGUIDESERVICE
getUserRewards ---> TOURGUIDESERVICE
getUserRewards ---> TOURGUIDESERVICE
getUserRewards ---> TOURGUIDESERVICE
getUserRewards ---> TOURGUIDESERVICE
getUserRewards ---> TOURGUIDESERVICE
getUserRewards ---> TOURGUIDESERVICE
getUserRewards ---> TOURGUIDESERVICE
getUserRewards ---> TOURGUIDESERVICE
getUserRewards ---> TOURGUIDESERVICE
getUserRewards ---> TOURGUIDESERVICE
getUserRewards ---> TOURGUIDESERVICE
getUserRewards ---> TOURGUIDESERVICE
getUserRewards ---> TOURGUIDESERVICE
getUserRewards ---> TOURGUIDESERVICE
getUserRewards ---> TOURGUIDESERVICE
getUserRewards ---> TOURGUIDESERVICE
getUserRewards ---> TOURGUIDESERVICE
getUserRewards ---> TOURGUIDESERVICE
getUserRewards ---> TOURGUIDESERVICE
getUserRewards ---> TOURGUIDESERVICE
getUserRewards ---> TOURGUIDESERVICE
getUserRewards ---> TOURGUIDESERVICE
getUserRewards ---> TOURGUIDESERVICE
getUserRewards ---> TOURGUIDESERVICE
getUserRewards ---> TOURGUIDESERVICE
getUserRewards ---> TOURGUIDESERVICE
getUserRewards ---> TOURGUIDESERVICE
getUserRewards ---> TOURGUIDESERVICE
getUserRewards ---> TOURGUIDESERVICE
getUserRewards ---> TOURGUIDESERVICE
getUserRewards ---> TOURGUIDESERVICE
getUserRewards ---> TOURGUIDESERVICE
getUserRewards ---> TOURGUIDESERVICE
getUserRewards ---> TOURGUIDESERVICE
getUserRewards ---> TOURGUIDESERVICE
getUserRewards ---> TOURGUIDESERVICE
getUserRewards ---> TOURGUIDESERVICE
getUserRewards ---> TOURGUIDESERVICE
getUserRewards ---> TOURGUIDESERVICE
getUserRewards ---> TOURGUIDESERVICE
getUserRewards ---> TOURGUIDESERVICE
getUserRewards ---> TOURGUIDESERVICE
getUserRewards ---> TOURGUIDESERVICE
getUserRewards ---> TOURGUIDESERVICE
getUserRewards ---> TOURGUIDESERVICE
getUserRewards ---> TOURGUIDESERVICE
getUserRewards ---> TOURGUIDESERVICE
getUserRewards ---> TOURGUIDESERVICE
getUserRewards ---> TOURGUIDESERVICE
getUserRewards ---> TOURGUIDESERVICE
getUserRewards ---> TOURGUIDESERVICE
getUserRewards ---> TOURGUIDESERVICE
getUserRewards ---> TOURGUIDESERVICE
getUserRewards ---> TOURGUIDESERVICE
getUserRewards ---> TOURGUIDESERVICE
getUserRewards ---> TOURGUIDESERVICE
getUserRewards ---> TOURGUIDESERVICE
getUserRewards ---> TOURGUIDESERVICE
getUserRewards ---> TOURGUIDESERVICE
getUserRewards ---> TOURGUIDESERVICE
getUserRewards ---> TOURGUIDESERVICE
getUserRewards ---> TOURGUIDESERVICE
getUserRewards ---> TOURGUIDESERVICE
getUserRewards ---> TOURGUIDESERVICE
getUserRewards ---> TOURGUIDESERVICE
getUserRewards ---> TOURGUIDESERVICE
getUserRewards ---> TOURGUIDESERVICE
getUserRewards ---> TOURGUIDESERVICE
getUserRewards ---> TOURGUIDESERVICE
getUserRewards ---> TOURGUIDESERVICE
getUserRewards ---> TOURGUIDESERVICE
getUserRewards ---> TOURGUIDESERVICE
getUserRewards ---> TOURGUIDESERVICE
getUserRewards ---> TOURGUIDESERVICE
getUserRewards ---> TOURGUIDESERVICE
getUserRewards ---> TOURGUIDESERVICE
getUserRewards ---> TOURGUIDESERVICE
getUserRewards ---> TOURGUIDESERVICE
getUserRewards ---> TOURGUIDESERVICE
getUserRewards ---> TOURGUIDESERVICE
getUserRewards ---> TOURGUIDESERVICE
getUserRewards ---> TOURGUIDESERVICE
getUserRewards ---> TOURGUIDESERVICE
getUserRewards ---> TOURGUIDESERVICE
getUserRewards ---> TOURGUIDESERVICE
getUserRewards ---> TOURGUIDESERVICE
getUserRewards ---> TOURGUIDESERVICE
getUserRewards ---> TOURGUIDESERVICE
getUserRewards ---> TOURGUIDESERVICE
getUserRewards ---> TOURGUIDESERVICE
getUserRewards ---> TOURGUIDESERVICE
getUserRewards ---> TOURGUIDESERVICE
getUserRewards ---> TOURGUIDESERVICE
getUserRewards ---> TOURGUIDESERVICE
getUserRewards ---> TOURGUIDESERVICE
getUserRewards ---> TOURGUIDESERVICE
getUserRewards ---> TOURGUIDESERVICE
getUserRewards ---> TOURGUIDESERVICE
getUserRewards ---> TOURGUIDESERVICE
getUserRewards ---> TOURGUIDESERVICE
getUserRewards ---> TOURGUIDESERVICE
getUserRewards ---> TOURGUIDESERVICE
getUserRewards ---> TOURGUIDESERVICE
getUserRewards ---> TOURGUIDESERVICE
getUserRewards ---> TOURGUIDESERVICE
getUserRewards ---> TOURGUIDESERVICE
getUserRewards ---> TOURGUIDESERVICE
getUserRewards ---> TOURGUIDESERVICE
getUserRewards ---> TOURGUIDESERVICE
getUserRewards ---> TOURGUIDESERVICE
getUserRewards ---> TOURGUIDESERVICE
getUserRewards ---> TOURGUIDESERVICE
getUserRewards ---> TOURGUIDESERVICE
getUserRewards ---> TOURGUIDESERVICE
getUserRewards ---> TOURGUIDESERVICE
getUserRewards ---> TOURGUIDESERVICE
getUserRewards ---> TOURGUIDESERVICE
getUserRewards ---> TOURGUIDESERVICE
getUserRewards ---> TOURGUIDESERVICE
getUserRewards ---> TOURGUIDESERVICE
getUserRewards ---> TOURGUIDESERVICE
getUserRewards ---> TOURGUIDESERVICE
getUserRewards ---> TOURGUIDESERVICE
getUserRewards ---> TOURGUIDESERVICE
getUserRewards ---> TOURGUIDESERVICE
getUserRewards ---> TOURGUIDESERVICE
getUserRewards ---> TOURGUIDESERVICE
getUserRewards ---> TOURGUIDESERVICE
getUserRewards ---> TOURGUIDESERVICE
getUserRewards ---> TOURGUIDESERVICE
getUserRewards ---> TOURGUIDESERVICE
getUserRewards ---> TOURGUIDESERVICE
getUserRewards ---> TOURGUIDESERVICE
getUserRewards ---> TOURGUIDESERVICE
getUserRewards ---> TOURGUIDESERVICE
getUserRewards ---> TOURGUIDESERVICE
getUserRewards ---> TOURGUIDESERVICE
getUserRewards ---> TOURGUIDESERVICE
getUserRewards ---> TOURGUIDESERVICE
getUserRewards ---> TOURGUIDESERVICE
getUserRewards ---> TOURGUIDESERVICE
getUserRewards ---> TOURGUIDESERVICE
getUserRewards ---> TOURGUIDESERVICE
getUserRewards ---> TOURGUIDESERVICE
getUserRewards ---> TOURGUIDESERVICE
getUserRewards ---> TOURGUIDESERVICE
getUserRewards ---> TOURGUIDESERVICE
getUserRewards ---> TOURGUIDESERVICE
getUserRewards ---> TOURGUIDESERVICE
getUserRewards ---> TOURGUIDESERVICE
getUserRewards ---> TOURGUIDESERVICE
getUserRewards ---> TOURGUIDESERVICE
getUserRewards ---> TOURGUIDESERVICE
getUserRewards ---> TOURGUIDESERVICE
getUserRewards ---> TOURGUIDESERVICE
getUserRewards ---> TOURGUIDESERVICE
getUserRewards ---> TOURGUIDESERVICE
getUserRewards ---> TOURGUIDESERVICE
getUserRewards ---> TOURGUIDESERVICE
getUserRewards ---> TOURGUIDESERVICE
getUserRewards ---> TOURGUIDESERVICE
getUserRewards ---> TOURGUIDESERVICE
getUserRewards ---> TOURGUIDESERVICE
getUserRewards ---> TOURGUIDESERVICE
getUserRewards ---> TOURGUIDESERVICE
getUserRewards ---> TOURGUIDESERVICE
getUserRewards ---> TOURGUIDESERVICE
getUserRewards ---> TOURGUIDESERVICE
getUserRewards ---> TOURGUIDESERVICE
getUserRewards ---> TOURGUIDESERVICE
getUserRewards ---> TOURGUIDESERVICE
getUserRewards ---> TOURGUIDESERVICE
getUserRewards ---> TOURGUIDESERVICE
getUserRewards ---> TOURGUIDESERVICE
getUserRewards ---> TOURGUIDESERVICE
getUserRewards ---> TOURGUIDESERVICE
getUserRewards ---> TOURGUIDESERVICE
getUserRewards ---> TOURGUIDESERVICE
getUserRewards ---> TOURGUIDESERVICE
getUserRewards ---> TOURGUIDESERVICE
getUserRewards ---> TOURGUIDESERVICE
getUserRewards ---> TOURGUIDESERVICE
getUserRewards ---> TOURGUIDESERVICE
getUserRewards ---> TOURGUIDESERVICE
getUserRewards ---> TOURGUIDESERVICE
getUserRewards ---> TOURGUIDESERVICE
getUserRewards ---> TOURGUIDESERVICE
getUserRewards ---> TOURGUIDESERVICE
getUserRewards ---> TOURGUIDESERVICE
getUserRewards ---> TOURGUIDESERVICE
getUserRewards ---> TOURGUIDESERVICE
getUserRewards ---> TOURGUIDESERVICE
getUserRewards ---> TOURGUIDESERVICE
getUserRewards ---> TOURGUIDESERVICE
getUserRewards ---> TOURGUIDESERVICE
getUserRewards ---> TOURGUIDESERVICE
getUserRewards ---> TOURGUIDESERVICE
getUserRewards ---> TOURGUIDESERVICE
getUserRewards ---> TOURGUIDESERVICE
getUserRewards ---> TOURGUIDESERVICE
getUserRewards ---> TOURGUIDESERVICE
getUserRewards ---> TOURGUIDESERVICE
getUserRewards ---> TOURGUIDESERVICE
getUserRewards ---> TOURGUIDESERVICE
getUserRewards ---> TOURGUIDESERVICE
getUserRewards ---> TOURGUIDESERVICE
getUserRewards ---> TOURGUIDESERVICE
getUserRewards ---> TOURGUIDESERVICE
getUserRewards ---> TOURGUIDESERVICE
getUserRewards ---> TOURGUIDESERVICE
getUserRewards ---> TOURGUIDESERVICE
getUserRewards ---> TOURGUIDESERVICE
getUserRewards ---> TOURGUIDESERVICE
getUserRewards ---> TOURGUIDESERVICE
getUserRewards ---> TOURGUIDESERVICE
getUserRewards ---> TOURGUIDESERVICE
getUserRewards ---> TOURGUIDESERVICE
getUserRewards ---> TOURGUIDESERVICE
getUserRewards ---> TOURGUIDESERVICE
getUserRewards ---> TOURGUIDESERVICE
getUserRewards ---> TOURGUIDESERVICE
getUserRewards ---> TOURGUIDESERVICE
getUserRewards ---> TOURGUIDESERVICE
getUserRewards ---> TOURGUIDESERVICE
getUserRewards ---> TOURGUIDESERVICE
getUserRewards ---> TOURGUIDESERVICE
getUserRewards ---> TOURGUIDESERVICE
getUserRewards ---> TOURGUIDESERVICE
getUserRewards ---> TOURGUIDESERVICE
getUserRewards ---> TOURGUIDESERVICE
getUserRewards ---> TOURGUIDESERVICE
getUserRewards ---> TOURGUIDESERVICE
getUserRewards ---> TOURGUIDESERVICE
getUserRewards ---> TOURGUIDESERVICE
getUserRewards ---> TOURGUIDESERVICE
getUserRewards ---> TOURGUIDESERVICE
getUserRewards ---> TOURGUIDESERVICE
getUserRewards ---> TOURGUIDESERVICE
getUserRewards ---> TOURGUIDESERVICE
getUserRewards ---> TOURGUIDESERVICE
getUserRewards ---> TOURGUIDESERVICE
getUserRewards ---> TOURGUIDESERVICE
getUserRewards ---> TOURGUIDESERVICE
getUserRewards ---> TOURGUIDESERVICE
getUserRewards ---> TOURGUIDESERVICE
getUserRewards ---> TOURGUIDESERVICE
getUserRewards ---> TOURGUIDESERVICE
getUserRewards ---> TOURGUIDESERVICE
getUserRewards ---> TOURGUIDESERVICE
getUserRewards ---> TOURGUIDESERVICE
getUserRewards ---> TOURGUIDESERVICE
getUserRewards ---> TOURGUIDESERVICE
getUserRewards ---> TOURGUIDESERVICE
getUserRewards ---> TOURGUIDESERVICE
getUserRewards ---> TOURGUIDESERVICE
getUserRewards ---> TOURGUIDESERVICE
getUserRewards ---> TOURGUIDESERVICE
getUserRewards ---> TOURGUIDESERVICE
getUserRewards ---> TOURGUIDESERVICE
getUserRewards ---> TOURGUIDESERVICE
getUserRewards ---> TOURGUIDESERVICE
getUserRewards ---> TOURGUIDESERVICE
getUserRewards ---> TOURGUIDESERVICE
getUserRewards ---> TOURGUIDESERVICE
getUserRewards ---> TOURGUIDESERVICE
getUserRewards ---> TOURGUIDESERVICE
getUserRewards ---> TOURGUIDESERVICE
getUserRewards ---> TOURGUIDESERVICE
getUserRewards ---> TOURGUIDESERVICE
getUserRewards ---> TOURGUIDESERVICE
getUserRewards ---> TOURGUIDESERVICE
getUserRewards ---> TOURGUIDESERVICE
getUserRewards ---> TOURGUIDESERVICE
getUserRewards ---> TOURGUIDESERVICE
getUserRewards ---> TOURGUIDESERVICE
getUserRewards ---> TOURGUIDESERVICE
getUserRewards ---> TOURGUIDESERVICE
getUserRewards ---> TOURGUIDESERVICE
getUserRewards ---> TOURGUIDESERVICE
getUserRewards ---> TOURGUIDESERVICE
getUserRewards ---> TOURGUIDESERVICE
getUserRewards ---> TOURGUIDESERVICE
getUserRewards ---> TOURGUIDESERVICE
getUserRewards ---> TOURGUIDESERVICE
getUserRewards ---> TOURGUIDESERVICE
getUserRewards ---> TOURGUIDESERVICE
getUserRewards ---> TOURGUIDESERVICE
getUserRewards ---> TOURGUIDESERVICE
getUserRewards ---> TOURGUIDESERVICE
getUserRewards ---> TOURGUIDESERVICE
getUserRewards ---> TOURGUIDESERVICE
getUserRewards ---> TOURGUIDESERVICE
getUserRewards ---> TOURGUIDESERVICE
getUserRewards ---> TOURGUIDESERVICE
getUserRewards ---> TOURGUIDESERVICE
getUserRewards ---> TOURGUIDESERVICE
getUserRewards ---> TOURGUIDESERVICE
getUserRewards ---> TOURGUIDESERVICE
getUserRewards ---> TOURGUIDESERVICE
getUserRewards ---> TOURGUIDESERVICE
getUserRewards ---> TOURGUIDESERVICE
getUserRewards ---> TOURGUIDESERVICE
getUserRewards ---> TOURGUIDESERVICE
getUserRewards ---> TOURGUIDESERVICE
getUserRewards ---> TOURGUIDESERVICE
getUserRewards ---> TOURGUIDESERVICE
getUserRewards ---> TOURGUIDESERVICE
getUserRewards ---> TOURGUIDESERVICE
getUserRewards ---> TOURGUIDESERVICE
getUserRewards ---> TOURGUIDESERVICE
getUserRewards ---> TOURGUIDESERVICE
getUserRewards ---> TOURGUIDESERVICE
getUserRewards ---> TOURGUIDESERVICE
getUserRewards ---> TOURGUIDESERVICE
getUserRewards ---> TOURGUIDESERVICE
getUserRewards ---> TOURGUIDESERVICE
getUserRewards ---> TOURGUIDESERVICE
getUserRewards ---> TOURGUIDESERVICE
getUserRewards ---> TOURGUIDESERVICE
getUserRewards ---> TOURGUIDESERVICE
getUserRewards ---> TOURGUIDESERVICE
getUserRewards ---> TOURGUIDESERVICE
getUserRewards ---> TOURGUIDESERVICE
getUserRewards ---> TOURGUIDESERVICE
getUserRewards ---> TOURGUIDESERVICE
getUserRewards ---> TOURGUIDESERVICE
getUserRewards ---> TOURGUIDESERVICE
getUserRewards ---> TOURGUIDESERVICE
getUserRewards ---> TOURGUIDESERVICE
getUserRewards ---> TOURGUIDESERVICE
getUserRewards ---> TOURGUIDESERVICE
getUserRewards ---> TOURGUIDESERVICE
getUserRewards ---> TOURGUIDESERVICE
getUserRewards ---> TOURGUIDESERVICE
getUserRewards ---> TOURGUIDESERVICE
getUserRewards ---> TOURGUIDESERVICE
getUserRewards ---> TOURGUIDESERVICE
getUserRewards ---> TOURGUIDESERVICE
getUserRewards ---> TOURGUIDESERVICE
getUserRewards ---> TOURGUIDESERVICE
getUserRewards ---> TOURGUIDESERVICE
getUserRewards ---> TOURGUIDESERVICE
getUserRewards ---> TOURGUIDESERVICE
getUserRewards ---> TOURGUIDESERVICE
getUserRewards ---> TOURGUIDESERVICE
getUserRewards ---> TOURGUIDESERVICE
getUserRewards ---> TOURGUIDESERVICE
getUserRewards ---> TOURGUIDESERVICE
getUserRewards ---> TOURGUIDESERVICE
getUserRewards ---> TOURGUIDESERVICE
getUserRewards ---> TOURGUIDESERVICE
getUserRewards ---> TOURGUIDESERVICE
getUserRewards ---> TOURGUIDESERVICE
getUserRewards ---> TOURGUIDESERVICE
getUserRewards ---> TOURGUIDESERVICE
getUserRewards ---> TOURGUIDESERVICE
getUserRewards ---> TOURGUIDESERVICE
getUserRewards ---> TOURGUIDESERVICE
getUserRewards ---> TOURGUIDESERVICE
getUserRewards ---> TOURGUIDESERVICE
getUserRewards ---> TOURGUIDESERVICE
getUserRewards ---> TOURGUIDESERVICE
getUserRewards ---> TOURGUIDESERVICE
getUserRewards ---> TOURGUIDESERVICE
getUserRewards ---> TOURGUIDESERVICE
getUserRewards ---> TOURGUIDESERVICE
getUserRewards ---> TOURGUIDESERVICE
getUserRewards ---> TOURGUIDESERVICE
getUserRewards ---> TOURGUIDESERVICE
getUserRewards ---> TOURGUIDESERVICE
getUserRewards ---> TOURGUIDESERVICE
getUserRewards ---> TOURGUIDESERVICE
getUserRewards ---> TOURGUIDESERVICE
getUserRewards ---> TOURGUIDESERVICE
getUserRewards ---> TOURGUIDESERVICE
getUserRewards ---> TOURGUIDESERVICE
getUserRewards ---> TOURGUIDESERVICE
getUserRewards ---> TOURGUIDESERVICE
getUserRewards ---> TOURGUIDESERVICE
getUserRewards ---> TOURGUIDESERVICE
getUserRewards ---> TOURGUIDESERVICE
getUserRewards ---> TOURGUIDESERVICE
getUserRewards ---> TOURGUIDESERVICE
getUserRewards ---> TOURGUIDESERVICE
getUserRewards ---> TOURGUIDESERVICE
getUserRewards ---> TOURGUIDESERVICE
getUserRewards ---> TOURGUIDESERVICE
getUserRewards ---> TOURGUIDESERVICE
getUserRewards ---> TOURGUIDESERVICE
getUserRewards ---> TOURGUIDESERVICE
getUserRewards ---> TOURGUIDESERVICE
getUserRewards ---> TOURGUIDESERVICE
getUserRewards ---> TOURGUIDESERVICE
getUserRewards ---> TOURGUIDESERVICE
getUserRewards ---> TOURGUIDESERVICE
getUserRewards ---> TOURGUIDESERVICE
getUserRewards ---> TOURGUIDESERVICE
getUserRewards ---> TOURGUIDESERVICE
getUserRewards ---> TOURGUIDESERVICE
getUserRewards ---> TOURGUIDESERVICE
getUserRewards ---> TOURGUIDESERVICE
getUserRewards ---> TOURGUIDESERVICE
getUserRewards ---> TOURGUIDESERVICE
getUserRewards ---> TOURGUIDESERVICE
getUserRewards ---> TOURGUIDESERVICE
getUserRewards ---> TOURGUIDESERVICE
getUserRewards ---> TOURGUIDESERVICE
getUserRewards ---> TOURGUIDESERVICE
getUserRewards ---> TOURGUIDESERVICE
getUserRewards ---> TOURGUIDESERVICE
getUserRewards ---> TOURGUIDESERVICE
getUserRewards ---> TOURGUIDESERVICE
getUserRewards ---> TOURGUIDESERVICE
getUserRewards ---> TOURGUIDESERVICE
getUserRewards ---> TOURGUIDESERVICE
getUserRewards ---> TOURGUIDESERVICE
getUserRewards ---> TOURGUIDESERVICE
getUserRewards ---> TOURGUIDESERVICE
getUserRewards ---> TOURGUIDESERVICE
getUserRewards ---> TOURGUIDESERVICE
getUserRewards ---> TOURGUIDESERVICE
getUserRewards ---> TOURGUIDESERVICE
getUserRewards ---> TOURGUIDESERVICE
getUserRewards ---> TOURGUIDESERVICE
getUserRewards ---> TOURGUIDESERVICE
getUserRewards ---> TOURGUIDESERVICE
getUserRewards ---> TOURGUIDESERVICE
getUserRewards ---> TOURGUIDESERVICE
getUserRewards ---> TOURGUIDESERVICE
getUserRewards ---> TOURGUIDESERVICE
getUserRewards ---> TOURGUIDESERVICE
getUserRewards ---> TOURGUIDESERVICE
getUserRewards ---> TOURGUIDESERVICE
getUserRewards ---> TOURGUIDESERVICE
getUserRewards ---> TOURGUIDESERVICE
getUserRewards ---> TOURGUIDESERVICE
getUserRewards ---> TOURGUIDESERVICE
getUserRewards ---> TOURGUIDESERVICE
getUserRewards ---> TOURGUIDESERVICE
getUserRewards ---> TOURGUIDESERVICE
getUserRewards ---> TOURGUIDESERVICE
getUserRewards ---> TOURGUIDESERVICE
getUserRewards ---> TOURGUIDESERVICE
getUserRewards ---> TOURGUIDESERVICE
getUserRewards ---> TOURGUIDESERVICE
getUserRewards ---> TOURGUIDESERVICE
getUserRewards ---> TOURGUIDESERVICE
getUserRewards ---> TOURGUIDESERVICE
getUserRewards ---> TOURGUIDESERVICE
getUserRewards ---> TOURGUIDESERVICE
getUserRewards ---> TOURGUIDESERVICE
getUserRewards ---> TOURGUIDESERVICE
getUserRewards ---> TOURGUIDESERVICE
getUserRewards ---> TOURGUIDESERVICE
getUserRewards ---> TOURGUIDESERVICE
getUserRewards ---> TOURGUIDESERVICE
getUserRewards ---> TOURGUIDESERVICE
getUserRewards ---> TOURGUIDESERVICE
getUserRewards ---> TOURGUIDESERVICE
getUserRewards ---> TOURGUIDESERVICE
getUserRewards ---> TOURGUIDESERVICE
getUserRewards ---> TOURGUIDESERVICE
getUserRewards ---> TOURGUIDESERVICE
getUserRewards ---> TOURGUIDESERVICE
getUserRewards ---> TOURGUIDESERVICE
getUserRewards ---> TOURGUIDESERVICE
getUserRewards ---> TOURGUIDESERVICE
getUserRewards ---> TOURGUIDESERVICE
getUserRewards ---> TOURGUIDESERVICE
getUserRewards ---> TOURGUIDESERVICE
getUserRewards ---> TOURGUIDESERVICE
getUserRewards ---> TOURGUIDESERVICE
getUserRewards ---> TOURGUIDESERVICE
getUserRewards ---> TOURGUIDESERVICE
getUserRewards ---> TOURGUIDESERVICE
getUserRewards ---> TOURGUIDESERVICE
getUserRewards ---> TOURGUIDESERVICE
getUserRewards ---> TOURGUIDESERVICE
getUserRewards ---> TOURGUIDESERVICE
getUserRewards ---> TOURGUIDESERVICE
getUserRewards ---> TOURGUIDESERVICE
getUserRewards ---> TOURGUIDESERVICE
getUserRewards ---> TOURGUIDESERVICE
getUserRewards ---> TOURGUIDESERVICE
getUserRewards ---> TOURGUIDESERVICE
getUserRewards ---> TOURGUIDESERVICE
getUserRewards ---> TOURGUIDESERVICE
getUserRewards ---> TOURGUIDESERVICE
getUserRewards ---> TOURGUIDESERVICE
getUserRewards ---> TOURGUIDESERVICE
getUserRewards ---> TOURGUIDESERVICE
getUserRewards ---> TOURGUIDESERVICE
getUserRewards ---> TOURGUIDESERVICE
getUserRewards ---> TOURGUIDESERVICE
getUserRewards ---> TOURGUIDESERVICE
getUserRewards ---> TOURGUIDESERVICE
getUserRewards ---> TOURGUIDESERVICE
getUserRewards ---> TOURGUIDESERVICE
getUserRewards ---> TOURGUIDESERVICE
getUserRewards ---> TOURGUIDESERVICE
getUserRewards ---> TOURGUIDESERVICE
getUserRewards ---> TOURGUIDESERVICE
getUserRewards ---> TOURGUIDESERVICE
getUserRewards ---> TOURGUIDESERVICE
getUserRewards ---> TOURGUIDESERVICE
getUserRewards ---> TOURGUIDESERVICE
getUserRewards ---> TOURGUIDESERVICE
getUserRewards ---> TOURGUIDESERVICE
getUserRewards ---> TOURGUIDESERVICE
getUserRewards ---> TOURGUIDESERVICE
getUserRewards ---> TOURGUIDESERVICE
getUserRewards ---> TOURGUIDESERVICE
getUserRewards ---> TOURGUIDESERVICE
getUserRewards ---> TOURGUIDESERVICE
getUserRewards ---> TOURGUIDESERVICE
getUserRewards ---> TOURGUIDESERVICE
getUserRewards ---> TOURGUIDESERVICE
getUserRewards ---> TOURGUIDESERVICE
getUserRewards ---> TOURGUIDESERVICE
getUserRewards ---> TOURGUIDESERVICE
getUserRewards ---> TOURGUIDESERVICE
getUserRewards ---> TOURGUIDESERVICE
getUserRewards ---> TOURGUIDESERVICE
getUserRewards ---> TOURGUIDESERVICE
getUserRewards ---> TOURGUIDESERVICE
getUserRewards ---> TOURGUIDESERVICE
getUserRewards ---> TOURGUIDESERVICE
getUserRewards ---> TOURGUIDESERVICE
getUserRewards ---> TOURGUIDESERVICE
getUserRewards ---> TOURGUIDESERVICE
getUserRewards ---> TOURGUIDESERVICE
getUserRewards ---> TOURGUIDESERVICE
getUserRewards ---> TOURGUIDESERVICE
getUserRewards ---> TOURGUIDESERVICE
getUserRewards ---> TOURGUIDESERVICE
getUserRewards ---> TOURGUIDESERVICE
getUserRewards ---> TOURGUIDESERVICE
getUserRewards ---> TOURGUIDESERVICE
getUserRewards ---> TOURGUIDESERVICE
getUserRewards ---> TOURGUIDESERVICE
getUserRewards ---> TOURGUIDESERVICE
getUserRewards ---> TOURGUIDESERVICE
getUserRewards ---> TOURGUIDESERVICE
getUserRewards ---> TOURGUIDESERVICE
getUserRewards ---> TOURGUIDESERVICE
getUserRewards ---> TOURGUIDESERVICE
getUserRewards ---> TOURGUIDESERVICE
getUserRewards ---> TOURGUIDESERVICE
getUserRewards ---> TOURGUIDESERVICE
getUserRewards ---> TOURGUIDESERVICE
getUserRewards ---> TOURGUIDESERVICE
getUserRewards ---> TOURGUIDESERVICE
getUserRewards ---> TOURGUIDESERVICE
getUserRewards ---> TOURGUIDESERVICE
getUserRewards ---> TOURGUIDESERVICE
getUserRewards ---> TOURGUIDESERVICE
getUserRewards ---> TOURGUIDESERVICE
getUserRewards ---> TOURGUIDESERVICE
getUserRewards ---> TOURGUIDESERVICE
getUserRewards ---> TOURGUIDESERVICE
getUserRewards ---> TOURGUIDESERVICE
getUserRewards ---> TOURGUIDESERVICE
getUserRewards ---> TOURGUIDESERVICE
getUserRewards ---> TOURGUIDESERVICE
getUserRewards ---> TOURGUIDESERVICE
getUserRewards ---> TOURGUIDESERVICE
getUserRewards ---> TOURGUIDESERVICE
getUserRewards ---> TOURGUIDESERVICE
getUserRewards ---> TOURGUIDESERVICE
getUserRewards ---> TOURGUIDESERVICE
getUserRewards ---> TOURGUIDESERVICE
getUserRewards ---> TOURGUIDESERVICE
getUserRewards ---> TOURGUIDESERVICE
getUserRewards ---> TOURGUIDESERVICE
getUserRewards ---> TOURGUIDESERVICE
getUserRewards ---> TOURGUIDESERVICE
getUserRewards ---> TOURGUIDESERVICE
getUserRewards ---> TOURGUIDESERVICE
getUserRewards ---> TOURGUIDESERVICE
getUserRewards ---> TOURGUIDESERVICE
getUserRewards ---> TOURGUIDESERVICE
getUserRewards ---> TOURGUIDESERVICE
getUserRewards ---> TOURGUIDESERVICE
getUserRewards ---> TOURGUIDESERVICE
getUserRewards ---> TOURGUIDESERVICE
getUserRewards ---> TOURGUIDESERVICE
getUserRewards ---> TOURGUIDESERVICE
getUserRewards ---> TOURGUIDESERVICE
getUserRewards ---> TOURGUIDESERVICE
getUserRewards ---> TOURGUIDESERVICE
getUserRewards ---> TOURGUIDESERVICE
getUserRewards ---> TOURGUIDESERVICE
getUserRewards ---> TOURGUIDESERVICE
getUserRewards ---> TOURGUIDESERVICE
getUserRewards ---> TOURGUIDESERVICE
getUserRewards ---> TOURGUIDESERVICE
getUserRewards ---> TOURGUIDESERVICE
getUserRewards ---> TOURGUIDESERVICE
getUserRewards ---> TOURGUIDESERVICE
getUserRewards ---> TOURGUIDESERVICE
getUserRewards ---> TOURGUIDESERVICE
getUserRewards ---> TOURGUIDESERVICE
getUserRewards ---> TOURGUIDESERVICE
getUserRewards ---> TOURGUIDESERVICE
getUserRewards ---> TOURGUIDESERVICE
getUserRewards ---> TOURGUIDESERVICE
getUserRewards ---> TOURGUIDESERVICE
getUserRewards ---> TOURGUIDESERVICE
getUserRewards ---> TOURGUIDESERVICE
getUserRewards ---> TOURGUIDESERVICE
getUserRewards ---> TOURGUIDESERVICE
getUserRewards ---> TOURGUIDESERVICE
getUserRewards ---> TOURGUIDESERVICE
getUserRewards ---> TOURGUIDESERVICE
getUserRewards ---> TOURGUIDESERVICE
getUserRewards ---> TOURGUIDESERVICE
getUserRewards ---> TOURGUIDESERVICE
getUserRewards ---> TOURGUIDESERVICE
getUserRewards ---> TOURGUIDESERVICE
getUserRewards ---> TOURGUIDESERVICE
getUserRewards ---> TOURGUIDESERVICE
getUserRewards ---> TOURGUIDESERVICE
getUserRewards ---> TOURGUIDESERVICE
getUserRewards ---> TOURGUIDESERVICE
getUserRewards ---> TOURGUIDESERVICE
getUserRewards ---> TOURGUIDESERVICE
getUserRewards ---> TOURGUIDESERVICE
getUserRewards ---> TOURGUIDESERVICE
getUserRewards ---> TOURGUIDESERVICE
getUserRewards ---> TOURGUIDESERVICE
getUserRewards ---> TOURGUIDESERVICE
getUserRewards ---> TOURGUIDESERVICE
getUserRewards ---> TOURGUIDESERVICE
getUserRewards ---> TOURGUIDESERVICE
getUserRewards ---> TOURGUIDESERVICE
getUserRewards ---> TOURGUIDESERVICE
getUserRewards ---> TOURGUIDESERVICE
getUserRewards ---> TOURGUIDESERVICE
getUserRewards ---> TOURGUIDESERVICE
getUserRewards ---> TOURGUIDESERVICE
getUserRewards ---> TOURGUIDESERVICE
getUserRewards ---> TOURGUIDESERVICE
getUserRewards ---> TOURGUIDESERVICE
getUserRewards ---> TOURGUIDESERVICE
getUserRewards ---> TOURGUIDESERVICE
getUserRewards ---> TOURGUIDESERVICE
getUserRewards ---> TOURGUIDESERVICE
getUserRewards ---> TOURGUIDESERVICE
getUserRewards ---> TOURGUIDESERVICE
getUserRewards ---> TOURGUIDESERVICE
getUserRewards ---> TOURGUIDESERVICE
getUserRewards ---> TOURGUIDESERVICE
getUserRewards ---> TOURGUIDESERVICE
getUserRewards ---> TOURGUIDESERVICE
getUserRewards ---> TOURGUIDESERVICE
getUserRewards ---> TOURGUIDESERVICE
getUserRewards ---> TOURGUIDESERVICE
getUserRewards ---> TOURGUIDESERVICE
getUserRewards ---> TOURGUIDESERVICE
getUserRewards ---> TOURGUIDESERVICE
getUserRewards ---> TOURGUIDESERVICE
getUserRewards ---> TOURGUIDESERVICE
getUserRewards ---> TOURGUIDESERVICE
getUserRewards ---> TOURGUIDESERVICE
getUserRewards ---> TOURGUIDESERVICE
getUserRewards ---> TOURGUIDESERVICE
getUserRewards ---> TOURGUIDESERVICE
getUserRewards ---> TOURGUIDESERVICE
getUserRewards ---> TOURGUIDESERVICE
getUserRewards ---> TOURGUIDESERVICE
getUserRewards ---> TOURGUIDESERVICE
getUserRewards ---> TOURGUIDESERVICE
getUserRewards ---> TOURGUIDESERVICE
getUserRewards ---> TOURGUIDESERVICE
getUserRewards ---> TOURGUIDESERVICE
getUserRewards ---> TOURGUIDESERVICE
getUserRewards ---> TOURGUIDESERVICE
getUserRewards ---> TOURGUIDESERVICE
getUserRewards ---> TOURGUIDESERVICE
getUserRewards ---> TOURGUIDESERVICE
getUserRewards ---> TOURGUIDESERVICE
getUserRewards ---> TOURGUIDESERVICE
getUserRewards ---> TOURGUIDESERVICE
getUserRewards ---> TOURGUIDESERVICE
getUserRewards ---> TOURGUIDESERVICE
getUserRewards ---> TOURGUIDESERVICE
getUserRewards ---> TOURGUIDESERVICE
getUserRewards ---> TOURGUIDESERVICE
getUserRewards ---> TOURGUIDESERVICE
getUserRewards ---> TOURGUIDESERVICE
getUserRewards ---> TOURGUIDESERVICE
getUserRewards ---> TOURGUIDESERVICE
getUserRewards ---> TOURGUIDESERVICE
getUserRewards ---> TOURGUIDESERVICE
getUserRewards ---> TOURGUIDESERVICE
getUserRewards ---> TOURGUIDESERVICE
getUserRewards ---> TOURGUIDESERVICE
getUserRewards ---> TOURGUIDESERVICE
getUserRewards ---> TOURGUIDESERVICE
getUserRewards ---> TOURGUIDESERVICE
getUserRewards ---> TOURGUIDESERVICE
getUserRewards ---> TOURGUIDESERVICE
getUserRewards ---> TOURGUIDESERVICE
getUserRewards ---> TOURGUIDESERVICE
getUserRewards ---> TOURGUIDESERVICE
getUserRewards ---> TOURGUIDESERVICE
getUserRewards ---> TOURGUIDESERVICE
getUserRewards ---> TOURGUIDESERVICE
getUserRewards ---> TOURGUIDESERVICE
getUserRewards ---> TOURGUIDESERVICE
getUserRewards ---> TOURGUIDESERVICE
getUserRewards ---> TOURGUIDESERVICE
getUserRewards ---> TOURGUIDESERVICE
getUserRewards ---> TOURGUIDESERVICE
getUserRewards ---> TOURGUIDESERVICE
getUserRewards ---> TOURGUIDESERVICE
getUserRewards ---> TOURGUIDESERVICE
getUserRewards ---> TOURGUIDESERVICE
getUserRewards ---> TOURGUIDESERVICE
getUserRewards ---> TOURGUIDESERVICE
getUserRewards ---> TOURGUIDESERVICE
getUserRewards ---> TOURGUIDESERVICE
getUserRewards ---> TOURGUIDESERVICE
getUserRewards ---> TOURGUIDESERVICE
getUserRewards ---> TOURGUIDESERVICE
getUserRewards ---> TOURGUIDESERVICE
getUserRewards ---> TOURGUIDESERVICE
getUserRewards ---> TOURGUIDESERVICE
getUserRewards ---> TOURGUIDESERVICE
getUserRewards ---> TOURGUIDESERVICE
getUserRewards ---> TOURGUIDESERVICE
getUserRewards ---> TOURGUIDESERVICE
getUserRewards ---> TOURGUIDESERVICE
getUserRewards ---> TOURGUIDESERVICE
getUserRewards ---> TOURGUIDESERVICE
getUserRewards ---> TOURGUIDESERVICE
getUserRewards ---> TOURGUIDESERVICE
getUserRewards ---> TOURGUIDESERVICE
getUserRewards ---> TOURGUIDESERVICE
getUserRewards ---> TOURGUIDESERVICE
getUserRewards ---> TOURGUIDESERVICE
getUserRewards ---> TOURGUIDESERVICE
getUserRewards ---> TOURGUIDESERVICE
getUserRewards ---> TOURGUIDESERVICE
getUserRewards ---> TOURGUIDESERVICE
getUserRewards ---> TOURGUIDESERVICE
getUserRewards ---> TOURGUIDESERVICE
getUserRewards ---> TOURGUIDESERVICE
getUserRewards ---> TOURGUIDESERVICE
getUserRewards ---> TOURGUIDESERVICE
getUserRewards ---> TOURGUIDESERVICE
getUserRewards ---> TOURGUIDESERVICE
getUserRewards ---> TOURGUIDESERVICE
getUserRewards ---> TOURGUIDESERVICE
getUserRewards ---> TOURGUIDESERVICE
getUserRewards ---> TOURGUIDESERVICE
getUserRewards ---> TOURGUIDESERVICE
getUserRewards ---> TOURGUIDESERVICE
getUserRewards ---> TOURGUIDESERVICE
getUserRewards ---> TOURGUIDESERVICE
getUserRewards ---> TOURGUIDESERVICE
getUserRewards ---> TOURGUIDESERVICE
getUserRewards ---> TOURGUIDESERVICE
getUserRewards ---> TOURGUIDESERVICE
getUserRewards ---> TOURGUIDESERVICE
getUserRewards ---> TOURGUIDESERVICE
getUserRewards ---> TOURGUIDESERVICE
getUserRewards ---> TOURGUIDESERVICE
getUserRewards ---> TOURGUIDESERVICE
getUserRewards ---> TOURGUIDESERVICE
getUserRewards ---> TOURGUIDESERVICE
getUserRewards ---> TOURGUIDESERVICE
getUserRewards ---> TOURGUIDESERVICE
getUserRewards ---> TOURGUIDESERVICE
getUserRewards ---> TOURGUIDESERVICE
getUserRewards ---> TOURGUIDESERVICE
getUserRewards ---> TOURGUIDESERVICE
getUserRewards ---> TOURGUIDESERVICE
getUserRewards ---> TOURGUIDESERVICE
getUserRewards ---> TOURGUIDESERVICE
getUserRewards ---> TOURGUIDESERVICE
getUserRewards ---> TOURGUIDESERVICE
getUserRewards ---> TOURGUIDESERVICE
getUserRewards ---> TOURGUIDESERVICE
getUserRewards ---> TOURGUIDESERVICE
getUserRewards ---> TOURGUIDESERVICE
getUserRewards ---> TOURGUIDESERVICE
getUserRewards ---> TOURGUIDESERVICE
getUserRewards ---> TOURGUIDESERVICE
getUserRewards ---> TOURGUIDESERVICE
getUserRewards ---> TOURGUIDESERVICE
getUserRewards ---> TOURGUIDESERVICE
getUserRewards ---> TOURGUIDESERVICE
getUserRewards ---> TOURGUIDESERVICE
getUserRewards ---> TOURGUIDESERVICE
getUserRewards ---> TOURGUIDESERVICE
getUserRewards ---> TOURGUIDESERVICE
getUserRewards ---> TOURGUIDESERVICE
getUserRewards ---> TOURGUIDESERVICE
getUserRewards ---> TOURGUIDESERVICE
getUserRewards ---> TOURGUIDESERVICE
getUserRewards ---> TOURGUIDESERVICE
getUserRewards ---> TOURGUIDESERVICE
getUserRewards ---> TOURGUIDESERVICE
getUserRewards ---> TOURGUIDESERVICE
getUserRewards ---> TOURGUIDESERVICE
getUserRewards ---> TOURGUIDESERVICE
getUserRewards ---> TOURGUIDESERVICE
getUserRewards ---> TOURGUIDESERVICE
getUserRewards ---> TOURGUIDESERVICE
getUserRewards ---> TOURGUIDESERVICE
getUserRewards ---> TOURGUIDESERVICE
getUserRewards ---> TOURGUIDESERVICE
getUserRewards ---> TOURGUIDESERVICE
getUserRewards ---> TOURGUIDESERVICE
getUserRewards ---> TOURGUIDESERVICE
getUserRewards ---> TOURGUIDESERVICE
getUserRewards ---> TOURGUIDESERVICE
getUserRewards ---> TOURGUIDESERVICE
getUserRewards ---> TOURGUIDESERVICE
getUserRewards ---> TOURGUIDESERVICE
getUserRewards ---> TOURGUIDESERVICE
getUserRewards ---> TOURGUIDESERVICE
getUserRewards ---> TOURGUIDESERVICE
getUserRewards ---> TOURGUIDESERVICE
getUserRewards ---> TOURGUIDESERVICE
getUserRewards ---> TOURGUIDESERVICE
getUserRewards ---> TOURGUIDESERVICE
getUserRewards ---> TOURGUIDESERVICE
getUserRewards ---> TOURGUIDESERVICE
getUserRewards ---> TOURGUIDESERVICE
getUserRewards ---> TOURGUIDESERVICE
getUserRewards ---> TOURGUIDESERVICE
getUserRewards ---> TOURGUIDESERVICE
getUserRewards ---> TOURGUIDESERVICE
getUserRewards ---> TOURGUIDESERVICE
getUserRewards ---> TOURGUIDESERVICE
getUserRewards ---> TOURGUIDESERVICE
getUserRewards ---> TOURGUIDESERVICE
getUserRewards ---> TOURGUIDESERVICE
getUserRewards ---> TOURGUIDESERVICE
getUserRewards ---> TOURGUIDESERVICE
getUserRewards ---> TOURGUIDESERVICE
getUserRewards ---> TOURGUIDESERVICE
getUserRewards ---> TOURGUIDESERVICE
getUserRewards ---> TOURGUIDESERVICE
getUserRewards ---> TOURGUIDESERVICE
getUserRewards ---> TOURGUIDESERVICE
getUserRewards ---> TOURGUIDESERVICE
getUserRewards ---> TOURGUIDESERVICE
getUserRewards ---> TOURGUIDESERVICE
getUserRewards ---> TOURGUIDESERVICE
getUserRewards ---> TOURGUIDESERVICE
getUserRewards ---> TOURGUIDESERVICE
getUserRewards ---> TOURGUIDESERVICE
getUserRewards ---> TOURGUIDESERVICE
getUserRewards ---> TOURGUIDESERVICE
getUserRewards ---> TOURGUIDESERVICE
getUserRewards ---> TOURGUIDESERVICE
getUserRewards ---> TOURGUIDESERVICE
getUserRewards ---> TOURGUIDESERVICE
getUserRewards ---> TOURGUIDESERVICE
getUserRewards ---> TOURGUIDESERVICE
getUserRewards ---> TOURGUIDESERVICE
getUserRewards ---> TOURGUIDESERVICE
getUserRewards ---> TOURGUIDESERVICE
getUserRewards ---> TOURGUIDESERVICE
getUserRewards ---> TOURGUIDESERVICE
getUserRewards ---> TOURGUIDESERVICE
getUserRewards ---> TOURGUIDESERVICE
getUserRewards ---> TOURGUIDESERVICE
getUserRewards ---> TOURGUIDESERVICE
getUserRewards ---> TOURGUIDESERVICE
getUserRewards ---> TOURGUIDESERVICE
getUserRewards ---> TOURGUIDESERVICE
getUserRewards ---> TOURGUIDESERVICE
getUserRewards ---> TOURGUIDESERVICE
getUserRewards ---> TOURGUIDESERVICE
getUserRewards ---> TOURGUIDESERVICE
getUserRewards ---> TOURGUIDESERVICE
getUserRewards ---> TOURGUIDESERVICE
getUserRewards ---> TOURGUIDESERVICE
getUserRewards ---> TOURGUIDESERVICE
getUserRewards ---> TOURGUIDESERVICE
getUserRewards ---> TOURGUIDESERVICE
getUserRewards ---> TOURGUIDESERVICE
getUserRewards ---> TOURGUIDESERVICE
getUserRewards ---> TOURGUIDESERVICE
getUserRewards ---> TOURGUIDESERVICE
getUserRewards ---> TOURGUIDESERVICE
getUserRewards ---> TOURGUIDESERVICE
getUserRewards ---> TOURGUIDESERVICE
getUserRewards ---> TOURGUIDESERVICE
getUserRewards ---> TOURGUIDESERVICE
getUserRewards ---> TOURGUIDESERVICE
getUserRewards ---> TOURGUIDESERVICE
getUserRewards ---> TOURGUIDESERVICE
getUserRewards ---> TOURGUIDESERVICE
getUserRewards ---> TOURGUIDESERVICE
getUserRewards ---> TOURGUIDESERVICE
getUserRewards ---> TOURGUIDESERVICE
getUserRewards ---> TOURGUIDESERVICE
getUserRewards ---> TOURGUIDESERVICE
getUserRewards ---> TOURGUIDESERVICE
getUserRewards ---> TOURGUIDESERVICE
getUserRewards ---> TOURGUIDESERVICE
getUserRewards ---> TOURGUIDESERVICE
getUserRewards ---> TOURGUIDESERVICE
getUserRewards ---> TOURGUIDESERVICE
getUserRewards ---> TOURGUIDESERVICE
getUserRewards ---> TOURGUIDESERVICE
getUserRewards ---> TOURGUIDESERVICE
getUserRewards ---> TOURGUIDESERVICE
getUserRewards ---> TOURGUIDESERVICE
getUserRewards ---> TOURGUIDESERVICE
getUserRewards ---> TOURGUIDESERVICE
getUserRewards ---> TOURGUIDESERVICE
getUserRewards ---> TOURGUIDESERVICE
getUserRewards ---> TOURGUIDESERVICE
getUserRewards ---> TOURGUIDESERVICE
getUserRewards ---> TOURGUIDESERVICE
getUserRewards ---> TOURGUIDESERVICE
getUserRewards ---> TOURGUIDESERVICE
getUserRewards ---> TOURGUIDESERVICE
getUserRewards ---> TOURGUIDESERVICE
getUserRewards ---> TOURGUIDESERVICE
getUserRewards ---> TOURGUIDESERVICE
getUserRewards ---> TOURGUIDESERVICE
getUserRewards ---> TOURGUIDESERVICE
getUserRewards ---> TOURGUIDESERVICE
getUserRewards ---> TOURGUIDESERVICE
getUserRewards ---> TOURGUIDESERVICE
getUserRewards ---> TOURGUIDESERVICE
getUserRewards ---> TOURGUIDESERVICE
getUserRewards ---> TOURGUIDESERVICE
getUserRewards ---> TOURGUIDESERVICE
getUserRewards ---> TOURGUIDESERVICE
getUserRewards ---> TOURGUIDESERVICE
getUserRewards ---> TOURGUIDESERVICE
getUserRewards ---> TOURGUIDESERVICE
getUserRewards ---> TOURGUIDESERVICE
getUserRewards ---> TOURGUIDESERVICE
getUserRewards ---> TOURGUIDESERVICE
getUserRewards ---> TOURGUIDESERVICE
getUserRewards ---> TOURGUIDESERVICE
getUserRewards ---> TOURGUIDESERVICE
getUserRewards ---> TOURGUIDESERVICE
getUserRewards ---> TOURGUIDESERVICE
getUserRewards ---> TOURGUIDESERVICE
getUserRewards ---> TOURGUIDESERVICE
getUserRewards ---> TOURGUIDESERVICE
getUserRewards ---> TOURGUIDESERVICE
getUserRewards ---> TOURGUIDESERVICE
getUserRewards ---> TOURGUIDESERVICE
getUserRewards ---> TOURGUIDESERVICE
getUserRewards ---> TOURGUIDESERVICE
getUserRewards ---> TOURGUIDESERVICE
getUserRewards ---> TOURGUIDESERVICE
getUserRewards ---> TOURGUIDESERVICE
getUserRewards ---> TOURGUIDESERVICE
getUserRewards ---> TOURGUIDESERVICE
getUserRewards ---> TOURGUIDESERVICE
getUserRewards ---> TOURGUIDESERVICE
getUserRewards ---> TOURGUIDESERVICE
getUserRewards ---> TOURGUIDESERVICE
getUserRewards ---> TOURGUIDESERVICE
getUserRewards ---> TOURGUIDESERVICE
getUserRewards ---> TOURGUIDESERVICE
getUserRewards ---> TOURGUIDESERVICE
getUserRewards ---> TOURGUIDESERVICE
getUserRewards ---> TOURGUIDESERVICE
getUserRewards ---> TOURGUIDESERVICE
getUserRewards ---> TOURGUIDESERVICE
getUserRewards ---> TOURGUIDESERVICE
getUserRewards ---> TOURGUIDESERVICE
getUserRewards ---> TOURGUIDESERVICE
getUserRewards ---> TOURGUIDESERVICE
getUserRewards ---> TOURGUIDESERVICE
getUserRewards ---> TOURGUIDESERVICE
getUserRewards ---> TOURGUIDESERVICE
getUserRewards ---> TOURGUIDESERVICE
getUserRewards ---> TOURGUIDESERVICE
getUserRewards ---> TOURGUIDESERVICE
getUserRewards ---> TOURGUIDESERVICE
getUserRewards ---> TOURGUIDESERVICE
getUserRewards ---> TOURGUIDESERVICE
getUserRewards ---> TOURGUIDESERVICE
getUserRewards ---> TOURGUIDESERVICE
getUserRewards ---> TOURGUIDESERVICE
getUserRewards ---> TOURGUIDESERVICE
getUserRewards ---> TOURGUIDESERVICE
getUserRewards ---> TOURGUIDESERVICE
getUserRewards ---> TOURGUIDESERVICE
getUserRewards ---> TOURGUIDESERVICE
getUserRewards ---> TOURGUIDESERVICE
getUserRewards ---> TOURGUIDESERVICE
getUserRewards ---> TOURGUIDESERVICE
getUserRewards ---> TOURGUIDESERVICE
getUserRewards ---> TOURGUIDESERVICE
getUserRewards ---> TOURGUIDESERVICE
getUserRewards ---> TOURGUIDESERVICE
getUserRewards ---> TOURGUIDESERVICE
getUserRewards ---> TOURGUIDESERVICE
getUserRewards ---> TOURGUIDESERVICE
getUserRewards ---> TOURGUIDESERVICE
getUserRewards ---> TOURGUIDESERVICE
getUserRewards ---> TOURGUIDESERVICE
getUserRewards ---> TOURGUIDESERVICE
getUserRewards ---> TOURGUIDESERVICE
getUserRewards ---> TOURGUIDESERVICE
getUserRewards ---> TOURGUIDESERVICE
getUserRewards ---> TOURGUIDESERVICE
getUserRewards ---> TOURGUIDESERVICE
getUserRewards ---> TOURGUIDESERVICE
getUserRewards ---> TOURGUIDESERVICE
getUserRewards ---> TOURGUIDESERVICE
getUserRewards ---> TOURGUIDESERVICE
getUserRewards ---> TOURGUIDESERVICE
getUserRewards ---> TOURGUIDESERVICE
getUserRewards ---> TOURGUIDESERVICE
getUserRewards ---> TOURGUIDESERVICE
getUserRewards ---> TOURGUIDESERVICE
getUserRewards ---> TOURGUIDESERVICE
getUserRewards ---> TOURGUIDESERVICE
getUserRewards ---> TOURGUIDESERVICE
getUserRewards ---> TOURGUIDESERVICE
getUserRewards ---> TOURGUIDESERVICE
getUserRewards ---> TOURGUIDESERVICE
getUserRewards ---> TOURGUIDESERVICE
getUserRewards ---> TOURGUIDESERVICE
getUserRewards ---> TOURGUIDESERVICE
getUserRewards ---> TOURGUIDESERVICE
getUserRewards ---> TOURGUIDESERVICE
getUserRewards ---> TOURGUIDESERVICE
getUserRewards ---> TOURGUIDESERVICE
getUserRewards ---> TOURGUIDESERVICE
getUserRewards ---> TOURGUIDESERVICE
getUserRewards ---> TOURGUIDESERVICE
getUserRewards ---> TOURGUIDESERVICE
getUserRewards ---> TOURGUIDESERVICE
getUserRewards ---> TOURGUIDESERVICE
getUserRewards ---> TOURGUIDESERVICE
getUserRewards ---> TOURGUIDESERVICE
getUserRewards ---> TOURGUIDESERVICE
getUserRewards ---> TOURGUIDESERVICE
getUserRewards ---> TOURGUIDESERVICE
getUserRewards ---> TOURGUIDESERVICE
getUserRewards ---> TOURGUIDESERVICE
getUserRewards ---> TOURGUIDESERVICE
getUserRewards ---> TOURGUIDESERVICE
getUserRewards ---> TOURGUIDESERVICE
getUserRewards ---> TOURGUIDESERVICE
getUserRewards ---> TOURGUIDESERVICE
getUserRewards ---> TOURGUIDESERVICE
getUserRewards ---> TOURGUIDESERVICE
getUserRewards ---> TOURGUIDESERVICE
getUserRewards ---> TOURGUIDESERVICE
getUserRewards ---> TOURGUIDESERVICE
getUserRewards ---> TOURGUIDESERVICE
getUserRewards ---> TOURGUIDESERVICE
getUserRewards ---> TOURGUIDESERVICE
getUserRewards ---> TOURGUIDESERVICE
getUserRewards ---> TOURGUIDESERVICE
getUserRewards ---> TOURGUIDESERVICE
getUserRewards ---> TOURGUIDESERVICE
getUserRewards ---> TOURGUIDESERVICE
getUserRewards ---> TOURGUIDESERVICE
getUserRewards ---> TOURGUIDESERVICE
getUserRewards ---> TOURGUIDESERVICE
getUserRewards ---> TOURGUIDESERVICE
getUserRewards ---> TOURGUIDESERVICE
getUserRewards ---> TOURGUIDESERVICE
getUserRewards ---> TOURGUIDESERVICE
getUserRewards ---> TOURGUIDESERVICE
getUserRewards ---> TOURGUIDESERVICE
getUserRewards ---> TOURGUIDESERVICE
getUserRewards ---> TOURGUIDESERVICE
getUserRewards ---> TOURGUIDESERVICE
getUserRewards ---> TOURGUIDESERVICE
getUserRewards ---> TOURGUIDESERVICE
getUserRewards ---> TOURGUIDESERVICE
getUserRewards ---> TOURGUIDESERVICE
getUserRewards ---> TOURGUIDESERVICE
getUserRewards ---> TOURGUIDESERVICE
getUserRewards ---> TOURGUIDESERVICE
getUserRewards ---> TOURGUIDESERVICE
getUserRewards ---> TOURGUIDESERVICE
getUserRewards ---> TOURGUIDESERVICE
getUserRewards ---> TOURGUIDESERVICE
getUserRewards ---> TOURGUIDESERVICE
getUserRewards ---> TOURGUIDESERVICE
getUserRewards ---> TOURGUIDESERVICE
getUserRewards ---> TOURGUIDESERVICE
getUserRewards ---> TOURGUIDESERVICE
getUserRewards ---> TOURGUIDESERVICE
getUserRewards ---> TOURGUIDESERVICE
getUserRewards ---> TOURGUIDESERVICE
getUserRewards ---> TOURGUIDESERVICE
getUserRewards ---> TOURGUIDESERVICE
getUserRewards ---> TOURGUIDESERVICE
getUserRewards ---> TOURGUIDESERVICE
getUserRewards ---> TOURGUIDESERVICE
getUserRewards ---> TOURGUIDESERVICE
getUserRewards ---> TOURGUIDESERVICE
getUserRewards ---> TOURGUIDESERVICE
getUserRewards ---> TOURGUIDESERVICE
getUserRewards ---> TOURGUIDESERVICE
getUserRewards ---> TOURGUIDESERVICE
getUserRewards ---> TOURGUIDESERVICE
getUserRewards ---> TOURGUIDESERVICE
getUserRewards ---> TOURGUIDESERVICE
getUserRewards ---> TOURGUIDESERVICE
getUserRewards ---> TOURGUIDESERVICE
getUserRewards ---> TOURGUIDESERVICE
getUserRewards ---> TOURGUIDESERVICE
getUserRewards ---> TOURGUIDESERVICE
getUserRewards ---> TOURGUIDESERVICE
getUserRewards ---> TOURGUIDESERVICE
getUserRewards ---> TOURGUIDESERVICE
getUserRewards ---> TOURGUIDESERVICE
getUserRewards ---> TOURGUIDESERVICE
getUserRewards ---> TOURGUIDESERVICE
getUserRewards ---> TOURGUIDESERVICE
getUserRewards ---> TOURGUIDESERVICE
getUserRewards ---> TOURGUIDESERVICE
getUserRewards ---> TOURGUIDESERVICE
getUserRewards ---> TOURGUIDESERVICE
getUserRewards ---> TOURGUIDESERVICE
getUserRewards ---> TOURGUIDESERVICE
getUserRewards ---> TOURGUIDESERVICE
getUserRewards ---> TOURGUIDESERVICE
getUserRewards ---> TOURGUIDESERVICE
getUserRewards ---> TOURGUIDESERVICE
getUserRewards ---> TOURGUIDESERVICE
getUserRewards ---> TOURGUIDESERVICE
getUserRewards ---> TOURGUIDESERVICE
getUserRewards ---> TOURGUIDESERVICE
getUserRewards ---> TOURGUIDESERVICE
getUserRewards ---> TOURGUIDESERVICE
getUserRewards ---> TOURGUIDESERVICE
getUserRewards ---> TOURGUIDESERVICE
getUserRewards ---> TOURGUIDESERVICE
getUserRewards ---> TOURGUIDESERVICE
getUserRewards ---> TOURGUIDESERVICE
getUserRewards ---> TOURGUIDESERVICE
getUserRewards ---> TOURGUIDESERVICE
getUserRewards ---> TOURGUIDESERVICE
getUserRewards ---> TOURGUIDESERVICE
getUserRewards ---> TOURGUIDESERVICE
getUserRewards ---> TOURGUIDESERVICE
getUserRewards ---> TOURGUIDESERVICE
getUserRewards ---> TOURGUIDESERVICE
getUserRewards ---> TOURGUIDESERVICE
getUserRewards ---> TOURGUIDESERVICE
getUserRewards ---> TOURGUIDESERVICE
getUserRewards ---> TOURGUIDESERVICE
getUserRewards ---> TOURGUIDESERVICE
getUserRewards ---> TOURGUIDESERVICE
getUserRewards ---> TOURGUIDESERVICE
getUserRewards ---> TOURGUIDESERVICE
getUserRewards ---> TOURGUIDESERVICE
getUserRewards ---> TOURGUIDESERVICE
getUserRewards ---> TOURGUIDESERVICE
getUserRewards ---> TOURGUIDESERVICE
getUserRewards ---> TOURGUIDESERVICE
getUserRewards ---> TOURGUIDESERVICE
getUserRewards ---> TOURGUIDESERVICE
getUserRewards ---> TOURGUIDESERVICE
getUserRewards ---> TOURGUIDESERVICE
getUserRewards ---> TOURGUIDESERVICE
getUserRewards ---> TOURGUIDESERVICE
getUserRewards ---> TOURGUIDESERVICE
getUserRewards ---> TOURGUIDESERVICE
getUserRewards ---> TOURGUIDESERVICE
getUserRewards ---> TOURGUIDESERVICE
getUserRewards ---> TOURGUIDESERVICE
getUserRewards ---> TOURGUIDESERVICE
getUserRewards ---> TOURGUIDESERVICE
getUserRewards ---> TOURGUIDESERVICE
getUserRewards ---> TOURGUIDESERVICE
getUserRewards ---> TOURGUIDESERVICE
getUserRewards ---> TOURGUIDESERVICE
getUserRewards ---> TOURGUIDESERVICE
getUserRewards ---> TOURGUIDESERVICE
getUserRewards ---> TOURGUIDESERVICE
getUserRewards ---> TOURGUIDESERVICE
getUserRewards ---> TOURGUIDESERVICE
getUserRewards ---> TOURGUIDESERVICE
getUserRewards ---> TOURGUIDESERVICE
getUserRewards ---> TOURGUIDESERVICE
getUserRewards ---> TOURGUIDESERVICE
getUserRewards ---> TOURGUIDESERVICE
getUserRewards ---> TOURGUIDESERVICE
getUserRewards ---> TOURGUIDESERVICE
getUserRewards ---> TOURGUIDESERVICE
getUserRewards ---> TOURGUIDESERVICE
getUserRewards ---> TOURGUIDESERVICE
getUserRewards ---> TOURGUIDESERVICE
getUserRewards ---> TOURGUIDESERVICE
getUserRewards ---> TOURGUIDESERVICE
getUserRewards ---> TOURGUIDESERVICE
getUserRewards ---> TOURGUIDESERVICE
getUserRewards ---> TOURGUIDESERVICE
getUserRewards ---> TOURGUIDESERVICE
getUserRewards ---> TOURGUIDESERVICE
getUserRewards ---> TOURGUIDESERVICE
getUserRewards ---> TOURGUIDESERVICE
getUserRewards ---> TOURGUIDESERVICE
getUserRewards ---> TOURGUIDESERVICE
getUserRewards ---> TOURGUIDESERVICE
getUserRewards ---> TOURGUIDESERVICE
getUserRewards ---> TOURGUIDESERVICE
getUserRewards ---> TOURGUIDESERVICE
getUserRewards ---> TOURGUIDESERVICE
getUserRewards ---> TOURGUIDESERVICE
getUserRewards ---> TOURGUIDESERVICE
getUserRewards ---> TOURGUIDESERVICE
getUserRewards ---> TOURGUIDESERVICE
getUserRewards ---> TOURGUIDESERVICE
getUserRewards ---> TOURGUIDESERVICE
getUserRewards ---> TOURGUIDESERVICE
getUserRewards ---> TOURGUIDESERVICE
getUserRewards ---> TOURGUIDESERVICE
getUserRewards ---> TOURGUIDESERVICE
getUserRewards ---> TOURGUIDESERVICE
getUserRewards ---> TOURGUIDESERVICE
getUserRewards ---> TOURGUIDESERVICE
getUserRewards ---> TOURGUIDESERVICE
getUserRewards ---> TOURGUIDESERVICE
getUserRewards ---> TOURGUIDESERVICE
getUserRewards ---> TOURGUIDESERVICE
getUserRewards ---> TOURGUIDESERVICE
getUserRewards ---> TOURGUIDESERVICE
getUserRewards ---> TOURGUIDESERVICE
getUserRewards ---> TOURGUIDESERVICE
getUserRewards ---> TOURGUIDESERVICE
getUserRewards ---> TOURGUIDESERVICE
getUserRewards ---> TOURGUIDESERVICE
getUserRewards ---> TOURGUIDESERVICE
getUserRewards ---> TOURGUIDESERVICE
getUserRewards ---> TOURGUIDESERVICE
getUserRewards ---> TOURGUIDESERVICE
getUserRewards ---> TOURGUIDESERVICE
getUserRewards ---> TOURGUIDESERVICE
getUserRewards ---> TOURGUIDESERVICE
getUserRewards ---> TOURGUIDESERVICE
getUserRewards ---> TOURGUIDESERVICE
getUserRewards ---> TOURGUIDESERVICE
getUserRewards ---> TOURGUIDESERVICE
getUserRewards ---> TOURGUIDESERVICE
getUserRewards ---> TOURGUIDESERVICE
getUserRewards ---> TOURGUIDESERVICE
getUserRewards ---> TOURGUIDESERVICE
getUserRewards ---> TOURGUIDESERVICE
getUserRewards ---> TOURGUIDESERVICE
getUserRewards ---> TOURGUIDESERVICE
getUserRewards ---> TOURGUIDESERVICE
getUserRewards ---> TOURGUIDESERVICE
getUserRewards ---> TOURGUIDESERVICE
getUserRewards ---> TOURGUIDESERVICE
getUserRewards ---> TOURGUIDESERVICE
getUserRewards ---> TOURGUIDESERVICE
getUserRewards ---> TOURGUIDESERVICE
getUserRewards ---> TOURGUIDESERVICE
getUserRewards ---> TOURGUIDESERVICE
getUserRewards ---> TOURGUIDESERVICE
getUserRewards ---> TOURGUIDESERVICE
getUserRewards ---> TOURGUIDESERVICE
getUserRewards ---> TOURGUIDESERVICE
getUserRewards ---> TOURGUIDESERVICE
getUserRewards ---> TOURGUIDESERVICE
getUserRewards ---> TOURGUIDESERVICE
getUserRewards ---> TOURGUIDESERVICE
getUserRewards ---> TOURGUIDESERVICE
getUserRewards ---> TOURGUIDESERVICE
getUserRewards ---> TOURGUIDESERVICE
getUserRewards ---> TOURGUIDESERVICE
getUserRewards ---> TOURGUIDESERVICE
getUserRewards ---> TOURGUIDESERVICE
getUserRewards ---> TOURGUIDESERVICE
getUserRewards ---> TOURGUIDESERVICE
getUserRewards ---> TOURGUIDESERVICE
getUserRewards ---> TOURGUIDESERVICE
getUserRewards ---> TOURGUIDESERVICE
getUserRewards ---> TOURGUIDESERVICE
getUserRewards ---> TOURGUIDESERVICE
getUserRewards ---> TOURGUIDESERVICE
getUserRewards ---> TOURGUIDESERVICE
getUserRewards ---> TOURGUIDESERVICE
getUserRewards ---> TOURGUIDESERVICE
getUserRewards ---> TOURGUIDESERVICE
getUserRewards ---> TOURGUIDESERVICE
getUserRewards ---> TOURGUIDESERVICE
getUserRewards ---> TOURGUIDESERVICE
getUserRewards ---> TOURGUIDESERVICE
getUserRewards ---> TOURGUIDESERVICE
getUserRewards ---> TOURGUIDESERVICE
getUserRewards ---> TOURGUIDESERVICE
getUserRewards ---> TOURGUIDESERVICE
getUserRewards ---> TOURGUIDESERVICE
getUserRewards ---> TOURGUIDESERVICE
getUserRewards ---> TOURGUIDESERVICE
getUserRewards ---> TOURGUIDESERVICE
getUserRewards ---> TOURGUIDESERVICE
getUserRewards ---> TOURGUIDESERVICE
getUserRewards ---> TOURGUIDESERVICE
getUserRewards ---> TOURGUIDESERVICE
getUserRewards ---> TOURGUIDESERVICE
getUserRewards ---> TOURGUIDESERVICE
getUserRewards ---> TOURGUIDESERVICE
getUserRewards ---> TOURGUIDESERVICE
getUserRewards ---> TOURGUIDESERVICE
getUserRewards ---> TOURGUIDESERVICE
getUserRewards ---> TOURGUIDESERVICE
getUserRewards ---> TOURGUIDESERVICE
getUserRewards ---> TOURGUIDESERVICE
getUserRewards ---> TOURGUIDESERVICE
getUserRewards ---> TOURGUIDESERVICE
getUserRewards ---> TOURGUIDESERVICE
getUserRewards ---> TOURGUIDESERVICE
getUserRewards ---> TOURGUIDESERVICE
getUserRewards ---> TOURGUIDESERVICE
getUserRewards ---> TOURGUIDESERVICE
getUserRewards ---> TOURGUIDESERVICE
getUserRewards ---> TOURGUIDESERVICE
getUserRewards ---> TOURGUIDESERVICE
getUserRewards ---> TOURGUIDESERVICE
getUserRewards ---> TOURGUIDESERVICE
getUserRewards ---> TOURGUIDESERVICE
getUserRewards ---> TOURGUIDESERVICE
getUserRewards ---> TOURGUIDESERVICE
getUserRewards ---> TOURGUIDESERVICE
getUserRewards ---> TOURGUIDESERVICE
getUserRewards ---> TOURGUIDESERVICE
getUserRewards ---> TOURGUIDESERVICE
getUserRewards ---> TOURGUIDESERVICE
getUserRewards ---> TOURGUIDESERVICE
getUserRewards ---> TOURGUIDESERVICE
getUserRewards ---> TOURGUIDESERVICE
getUserRewards ---> TOURGUIDESERVICE
getUserRewards ---> TOURGUIDESERVICE
getUserRewards ---> TOURGUIDESERVICE
getUserRewards ---> TOURGUIDESERVICE
getUserRewards ---> TOURGUIDESERVICE
getUserRewards ---> TOURGUIDESERVICE
getUserRewards ---> TOURGUIDESERVICE
getUserRewards ---> TOURGUIDESERVICE
getUserRewards ---> TOURGUIDESERVICE
getUserRewards ---> TOURGUIDESERVICE
getUserRewards ---> TOURGUIDESERVICE
getUserRewards ---> TOURGUIDESERVICE
getUserRewards ---> TOURGUIDESERVICE
getUserRewards ---> TOURGUIDESERVICE
getUserRewards ---> TOURGUIDESERVICE
getUserRewards ---> TOURGUIDESERVICE
getUserRewards ---> TOURGUIDESERVICE
getUserRewards ---> TOURGUIDESERVICE
getUserRewards ---> TOURGUIDESERVICE
getUserRewards ---> TOURGUIDESERVICE
getUserRewards ---> TOURGUIDESERVICE
getUserRewards ---> TOURGUIDESERVICE
getUserRewards ---> TOURGUIDESERVICE
getUserRewards ---> TOURGUIDESERVICE
getUserRewards ---> TOURGUIDESERVICE
getUserRewards ---> TOURGUIDESERVICE
getUserRewards ---> TOURGUIDESERVICE
getUserRewards ---> TOURGUIDESERVICE
getUserRewards ---> TOURGUIDESERVICE
getUserRewards ---> TOURGUIDESERVICE
getUserRewards ---> TOURGUIDESERVICE
getUserRewards ---> TOURGUIDESERVICE
getUserRewards ---> TOURGUIDESERVICE
getUserRewards ---> TOURGUIDESERVICE
getUserRewards ---> TOURGUIDESERVICE
getUserRewards ---> TOURGUIDESERVICE
getUserRewards ---> TOURGUIDESERVICE
getUserRewards ---> TOURGUIDESERVICE
getUserRewards ---> TOURGUIDESERVICE
getUserRewards ---> TOURGUIDESERVICE
getUserRewards ---> TOURGUIDESERVICE
getUserRewards ---> TOURGUIDESERVICE
getUserRewards ---> TOURGUIDESERVICE
getUserRewards ---> TOURGUIDESERVICE
getUserRewards ---> TOURGUIDESERVICE
getUserRewards ---> TOURGUIDESERVICE
getUserRewards ---> TOURGUIDESERVICE
getUserRewards ---> TOURGUIDESERVICE
getUserRewards ---> TOURGUIDESERVICE
getUserRewards ---> TOURGUIDESERVICE
getUserRewards ---> TOURGUIDESERVICE
getUserRewards ---> TOURGUIDESERVICE
getUserRewards ---> TOURGUIDESERVICE
getUserRewards ---> TOURGUIDESERVICE
getUserRewards ---> TOURGUIDESERVICE
getUserRewards ---> TOURGUIDESERVICE
getUserRewards ---> TOURGUIDESERVICE
getUserRewards ---> TOURGUIDESERVICE
getUserRewards ---> TOURGUIDESERVICE
getUserRewards ---> TOURGUIDESERVICE
getUserRewards ---> TOURGUIDESERVICE
getUserRewards ---> TOURGUIDESERVICE
getUserRewards ---> TOURGUIDESERVICE
getUserRewards ---> TOURGUIDESERVICE
getUserRewards ---> TOURGUIDESERVICE
getUserRewards ---> TOURGUIDESERVICE
getUserRewards ---> TOURGUIDESERVICE
getUserRewards ---> TOURGUIDESERVICE
getUserRewards ---> TOURGUIDESERVICE
getUserRewards ---> TOURGUIDESERVICE
getUserRewards ---> TOURGUIDESERVICE
getUserRewards ---> TOURGUIDESERVICE
getUserRewards ---> TOURGUIDESERVICE
getUserRewards ---> TOURGUIDESERVICE
getUserRewards ---> TOURGUIDESERVICE
getUserRewards ---> TOURGUIDESERVICE
getUserRewards ---> TOURGUIDESERVICE
getUserRewards ---> TOURGUIDESERVICE
getUserRewards ---> TOURGUIDESERVICE
getUserRewards ---> TOURGUIDESERVICE
getUserRewards ---> TOURGUIDESERVICE
getUserRewards ---> TOURGUIDESERVICE
getUserRewards ---> TOURGUIDESERVICE
getUserRewards ---> TOURGUIDESERVICE
getUserRewards ---> TOURGUIDESERVICE
getUserRewards ---> TOURGUIDESERVICE
getUserRewards ---> TOURGUIDESERVICE
getUserRewards ---> TOURGUIDESERVICE
getUserRewards ---> TOURGUIDESERVICE
getUserRewards ---> TOURGUIDESERVICE
getUserRewards ---> TOURGUIDESERVICE
getUserRewards ---> TOURGUIDESERVICE
getUserRewards ---> TOURGUIDESERVICE
getUserRewards ---> TOURGUIDESERVICE
getUserRewards ---> TOURGUIDESERVICE
getUserRewards ---> TOURGUIDESERVICE
getUserRewards ---> TOURGUIDESERVICE
getUserRewards ---> TOURGUIDESERVICE
getUserRewards ---> TOURGUIDESERVICE
getUserRewards ---> TOURGUIDESERVICE
getUserRewards ---> TOURGUIDESERVICE
getUserRewards ---> TOURGUIDESERVICE
getUserRewards ---> TOURGUIDESERVICE
getUserRewards ---> TOURGUIDESERVICE
getUserRewards ---> TOURGUIDESERVICE
getUserRewards ---> TOURGUIDESERVICE
getUserRewards ---> TOURGUIDESERVICE
getUserRewards ---> TOURGUIDESERVICE
getUserRewards ---> TOURGUIDESERVICE
getUserRewards ---> TOURGUIDESERVICE
getUserRewards ---> TOURGUIDESERVICE
getUserRewards ---> TOURGUIDESERVICE
getUserRewards ---> TOURGUIDESERVICE
getUserRewards ---> TOURGUIDESERVICE
getUserRewards ---> TOURGUIDESERVICE
getUserRewards ---> TOURGUIDESERVICE
getUserRewards ---> TOURGUIDESERVICE
getUserRewards ---> TOURGUIDESERVICE
getUserRewards ---> TOURGUIDESERVICE
getUserRewards ---> TOURGUIDESERVICE
getUserRewards ---> TOURGUIDESERVICE
getUserRewards ---> TOURGUIDESERVICE
getUserRewards ---> TOURGUIDESERVICE
getUserRewards ---> TOURGUIDESERVICE
getUserRewards ---> TOURGUIDESERVICE
getUserRewards ---> TOURGUIDESERVICE
getUserRewards ---> TOURGUIDESERVICE
getUserRewards ---> TOURGUIDESERVICE
getUserRewards ---> TOURGUIDESERVICE
getUserRewards ---> TOURGUIDESERVICE
getUserRewards ---> TOURGUIDESERVICE
getUserRewards ---> TOURGUIDESERVICE
getUserRewards ---> TOURGUIDESERVICE
getUserRewards ---> TOURGUIDESERVICE
getUserRewards ---> TOURGUIDESERVICE
getUserRewards ---> TOURGUIDESERVICE
getUserRewards ---> TOURGUIDESERVICE
getUserRewards ---> TOURGUIDESERVICE
getUserRewards ---> TOURGUIDESERVICE
getUserRewards ---> TOURGUIDESERVICE
getUserRewards ---> TOURGUIDESERVICE
getUserRewards ---> TOURGUIDESERVICE
getUserRewards ---> TOURGUIDESERVICE
getUserRewards ---> TOURGUIDESERVICE
getUserRewards ---> TOURGUIDESERVICE
getUserRewards ---> TOURGUIDESERVICE
getUserRewards ---> TOURGUIDESERVICE
getUserRewards ---> TOURGUIDESERVICE
getUserRewards ---> TOURGUIDESERVICE
getUserRewards ---> TOURGUIDESERVICE
getUserRewards ---> TOURGUIDESERVICE
getUserRewards ---> TOURGUIDESERVICE
getUserRewards ---> TOURGUIDESERVICE
getUserRewards ---> TOURGUIDESERVICE
getUserRewards ---> TOURGUIDESERVICE
getUserRewards ---> TOURGUIDESERVICE
getUserRewards ---> TOURGUIDESERVICE
getUserRewards ---> TOURGUIDESERVICE
getUserRewards ---> TOURGUIDESERVICE
getUserRewards ---> TOURGUIDESERVICE
getUserRewards ---> TOURGUIDESERVICE
getUserRewards ---> TOURGUIDESERVICE
getUserRewards ---> TOURGUIDESERVICE
getUserRewards ---> TOURGUIDESERVICE
getUserRewards ---> TOURGUIDESERVICE
getUserRewards ---> TOURGUIDESERVICE
getUserRewards ---> TOURGUIDESERVICE
getUserRewards ---> TOURGUIDESERVICE
getUserRewards ---> TOURGUIDESERVICE
getUserRewards ---> TOURGUIDESERVICE
getUserRewards ---> TOURGUIDESERVICE
getUserRewards ---> TOURGUIDESERVICE
getUserRewards ---> TOURGUIDESERVICE
getUserRewards ---> TOURGUIDESERVICE
getUserRewards ---> TOURGUIDESERVICE
getUserRewards ---> TOURGUIDESERVICE
getUserRewards ---> TOURGUIDESERVICE
getUserRewards ---> TOURGUIDESERVICE
getUserRewards ---> TOURGUIDESERVICE
getUserRewards ---> TOURGUIDESERVICE
getUserRewards ---> TOURGUIDESERVICE
getUserRewards ---> TOURGUIDESERVICE
getUserRewards ---> TOURGUIDESERVICE
getUserRewards ---> TOURGUIDESERVICE
getUserRewards ---> TOURGUIDESERVICE
getUserRewards ---> TOURGUIDESERVICE
getUserRewards ---> TOURGUIDESERVICE
getUserRewards ---> TOURGUIDESERVICE
getUserRewards ---> TOURGUIDESERVICE
getUserRewards ---> TOURGUIDESERVICE
getUserRewards ---> TOURGUIDESERVICE
getUserRewards ---> TOURGUIDESERVICE
getUserRewards ---> TOURGUIDESERVICE
getUserRewards ---> TOURGUIDESERVICE
getUserRewards ---> TOURGUIDESERVICE
getUserRewards ---> TOURGUIDESERVICE
getUserRewards ---> TOURGUIDESERVICE
getUserRewards ---> TOURGUIDESERVICE
getUserRewards ---> TOURGUIDESERVICE
getUserRewards ---> TOURGUIDESERVICE
getUserRewards ---> TOURGUIDESERVICE
getUserRewards ---> TOURGUIDESERVICE
getUserRewards ---> TOURGUIDESERVICE
getUserRewards ---> TOURGUIDESERVICE
getUserRewards ---> TOURGUIDESERVICE
getUserRewards ---> TOURGUIDESERVICE
getUserRewards ---> TOURGUIDESERVICE
getUserRewards ---> TOURGUIDESERVICE
getUserRewards ---> TOURGUIDESERVICE
getUserRewards ---> TOURGUIDESERVICE
getUserRewards ---> TOURGUIDESERVICE
getUserRewards ---> TOURGUIDESERVICE
getUserRewards ---> TOURGUIDESERVICE
getUserRewards ---> TOURGUIDESERVICE
getUserRewards ---> TOURGUIDESERVICE
getUserRewards ---> TOURGUIDESERVICE
getUserRewards ---> TOURGUIDESERVICE
getUserRewards ---> TOURGUIDESERVICE
getUserRewards ---> TOURGUIDESERVICE
getUserRewards ---> TOURGUIDESERVICE
getUserRewards ---> TOURGUIDESERVICE
getUserRewards ---> TOURGUIDESERVICE
getUserRewards ---> TOURGUIDESERVICE
getUserRewards ---> TOURGUIDESERVICE
getUserRewards ---> TOURGUIDESERVICE
getUserRewards ---> TOURGUIDESERVICE
getUserRewards ---> TOURGUIDESERVICE
getUserRewards ---> TOURGUIDESERVICE
getUserRewards ---> TOURGUIDESERVICE
getUserRewards ---> TOURGUIDESERVICE
getUserRewards ---> TOURGUIDESERVICE
getUserRewards ---> TOURGUIDESERVICE
getUserRewards ---> TOURGUIDESERVICE
getUserRewards ---> TOURGUIDESERVICE
getUserRewards ---> TOURGUIDESERVICE
getUserRewards ---> TOURGUIDESERVICE
getUserRewards ---> TOURGUIDESERVICE
getUserRewards ---> TOURGUIDESERVICE
getUserRewards ---> TOURGUIDESERVICE
getUserRewards ---> TOURGUIDESERVICE
getUserRewards ---> TOURGUIDESERVICE
getUserRewards ---> TOURGUIDESERVICE
getUserRewards ---> TOURGUIDESERVICE
getUserRewards ---> TOURGUIDESERVICE
getUserRewards ---> TOURGUIDESERVICE
getUserRewards ---> TOURGUIDESERVICE
getUserRewards ---> TOURGUIDESERVICE
getUserRewards ---> TOURGUIDESERVICE
getUserRewards ---> TOURGUIDESERVICE
getUserRewards ---> TOURGUIDESERVICE
getUserRewards ---> TOURGUIDESERVICE
getUserRewards ---> TOURGUIDESERVICE
getUserRewards ---> TOURGUIDESERVICE
getUserRewards ---> TOURGUIDESERVICE
getUserRewards ---> TOURGUIDESERVICE
getUserRewards ---> TOURGUIDESERVICE
getUserRewards ---> TOURGUIDESERVICE
getUserRewards ---> TOURGUIDESERVICE
getUserRewards ---> TOURGUIDESERVICE
getUserRewards ---> TOURGUIDESERVICE
getUserRewards ---> TOURGUIDESERVICE
getUserRewards ---> TOURGUIDESERVICE
getUserRewards ---> TOURGUIDESERVICE
getUserRewards ---> TOURGUIDESERVICE
getUserRewards ---> TOURGUIDESERVICE
getUserRewards ---> TOURGUIDESERVICE
getUserRewards ---> TOURGUIDESERVICE
getUserRewards ---> TOURGUIDESERVICE
getUserRewards ---> TOURGUIDESERVICE
getUserRewards ---> TOURGUIDESERVICE
getUserRewards ---> TOURGUIDESERVICE
getUserRewards ---> TOURGUIDESERVICE
getUserRewards ---> TOURGUIDESERVICE
getUserRewards ---> TOURGUIDESERVICE
getUserRewards ---> TOURGUIDESERVICE
getUserRewards ---> TOURGUIDESERVICE
getUserRewards ---> TOURGUIDESERVICE
getUserRewards ---> TOURGUIDESERVICE
getUserRewards ---> TOURGUIDESERVICE
getUserRewards ---> TOURGUIDESERVICE
getUserRewards ---> TOURGUIDESERVICE
getUserRewards ---> TOURGUIDESERVICE
getUserRewards ---> TOURGUIDESERVICE
getUserRewards ---> TOURGUIDESERVICE
getUserRewards ---> TOURGUIDESERVICE
getUserRewards ---> TOURGUIDESERVICE
getUserRewards ---> TOURGUIDESERVICE
getUserRewards ---> TOURGUIDESERVICE
getUserRewards ---> TOURGUIDESERVICE
getUserRewards ---> TOURGUIDESERVICE
getUserRewards ---> TOURGUIDESERVICE
getUserRewards ---> TOURGUIDESERVICE
getUserRewards ---> TOURGUIDESERVICE
getUserRewards ---> TOURGUIDESERVICE
getUserRewards ---> TOURGUIDESERVICE
getUserRewards ---> TOURGUIDESERVICE
getUserRewards ---> TOURGUIDESERVICE
getUserRewards ---> TOURGUIDESERVICE
getUserRewards ---> TOURGUIDESERVICE
getUserRewards ---> TOURGUIDESERVICE
getUserRewards ---> TOURGUIDESERVICE
getUserRewards ---> TOURGUIDESERVICE
getUserRewards ---> TOURGUIDESERVICE
getUserRewards ---> TOURGUIDESERVICE
getUserRewards ---> TOURGUIDESERVICE
getUserRewards ---> TOURGUIDESERVICE
getUserRewards ---> TOURGUIDESERVICE
getUserRewards ---> TOURGUIDESERVICE
getUserRewards ---> TOURGUIDESERVICE
getUserRewards ---> TOURGUIDESERVICE
getUserRewards ---> TOURGUIDESERVICE
getUserRewards ---> TOURGUIDESERVICE
getUserRewards ---> TOURGUIDESERVICE
getUserRewards ---> TOURGUIDESERVICE
getUserRewards ---> TOURGUIDESERVICE
getUserRewards ---> TOURGUIDESERVICE
getUserRewards ---> TOURGUIDESERVICE
getUserRewards ---> TOURGUIDESERVICE
getUserRewards ---> TOURGUIDESERVICE
getUserRewards ---> TOURGUIDESERVICE
getUserRewards ---> TOURGUIDESERVICE
getUserRewards ---> TOURGUIDESERVICE
getUserRewards ---> TOURGUIDESERVICE
getUserRewards ---> TOURGUIDESERVICE
getUserRewards ---> TOURGUIDESERVICE
getUserRewards ---> TOURGUIDESERVICE
getUserRewards ---> TOURGUIDESERVICE
getUserRewards ---> TOURGUIDESERVICE
getUserRewards ---> TOURGUIDESERVICE
getUserRewards ---> TOURGUIDESERVICE
getUserRewards ---> TOURGUIDESERVICE
getUserRewards ---> TOURGUIDESERVICE
getUserRewards ---> TOURGUIDESERVICE
getUserRewards ---> TOURGUIDESERVICE
getUserRewards ---> TOURGUIDESERVICE
getUserRewards ---> TOURGUIDESERVICE
getUserRewards ---> TOURGUIDESERVICE
getUserRewards ---> TOURGUIDESERVICE
getUserRewards ---> TOURGUIDESERVICE
getUserRewards ---> TOURGUIDESERVICE
getUserRewards ---> TOURGUIDESERVICE
getUserRewards ---> TOURGUIDESERVICE
getUserRewards ---> TOURGUIDESERVICE
getUserRewards ---> TOURGUIDESERVICE
getUserRewards ---> TOURGUIDESERVICE
getUserRewards ---> TOURGUIDESERVICE
getUserRewards ---> TOURGUIDESERVICE
getUserRewards ---> TOURGUIDESERVICE
getUserRewards ---> TOURGUIDESERVICE
getUserRewards ---> TOURGUIDESERVICE
getUserRewards ---> TOURGUIDESERVICE
getUserRewards ---> TOURGUIDESERVICE
getUserRewards ---> TOURGUIDESERVICE
getUserRewards ---> TOURGUIDESERVICE
getUserRewards ---> TOURGUIDESERVICE
getUserRewards ---> TOURGUIDESERVICE
getUserRewards ---> TOURGUIDESERVICE
getUserRewards ---> TOURGUIDESERVICE
getUserRewards ---> TOURGUIDESERVICE
getUserRewards ---> TOURGUIDESERVICE
getUserRewards ---> TOURGUIDESERVICE
getUserRewards ---> TOURGUIDESERVICE
getUserRewards ---> TOURGUIDESERVICE
getUserRewards ---> TOURGUIDESERVICE
getUserRewards ---> TOURGUIDESERVICE
getUserRewards ---> TOURGUIDESERVICE
getUserRewards ---> TOURGUIDESERVICE
getUserRewards ---> TOURGUIDESERVICE
getUserRewards ---> TOURGUIDESERVICE
getUserRewards ---> TOURGUIDESERVICE
getUserRewards ---> TOURGUIDESERVICE
getUserRewards ---> TOURGUIDESERVICE
getUserRewards ---> TOURGUIDESERVICE
getUserRewards ---> TOURGUIDESERVICE
getUserRewards ---> TOURGUIDESERVICE
getUserRewards ---> TOURGUIDESERVICE
getUserRewards ---> TOURGUIDESERVICE
getUserRewards ---> TOURGUIDESERVICE
getUserRewards ---> TOURGUIDESERVICE
getUserRewards ---> TOURGUIDESERVICE
getUserRewards ---> TOURGUIDESERVICE
getUserRewards ---> TOURGUIDESERVICE
getUserRewards ---> TOURGUIDESERVICE
getUserRewards ---> TOURGUIDESERVICE
getUserRewards ---> TOURGUIDESERVICE
getUserRewards ---> TOURGUIDESERVICE
getUserRewards ---> TOURGUIDESERVICE
getUserRewards ---> TOURGUIDESERVICE
getUserRewards ---> TOURGUIDESERVICE
getUserRewards ---> TOURGUIDESERVICE
getUserRewards ---> TOURGUIDESERVICE
getUserRewards ---> TOURGUIDESERVICE
getUserRewards ---> TOURGUIDESERVICE
getUserRewards ---> TOURGUIDESERVICE
getUserRewards ---> TOURGUIDESERVICE
getUserRewards ---> TOURGUIDESERVICE
getUserRewards ---> TOURGUIDESERVICE
getUserRewards ---> TOURGUIDESERVICE
getUserRewards ---> TOURGUIDESERVICE
getUserRewards ---> TOURGUIDESERVICE
getUserRewards ---> TOURGUIDESERVICE
getUserRewards ---> TOURGUIDESERVICE
getUserRewards ---> TOURGUIDESERVICE
getUserRewards ---> TOURGUIDESERVICE
getUserRewards ---> TOURGUIDESERVICE
getUserRewards ---> TOURGUIDESERVICE
getUserRewards ---> TOURGUIDESERVICE
getUserRewards ---> TOURGUIDESERVICE
getUserRewards ---> TOURGUIDESERVICE
getUserRewards ---> TOURGUIDESERVICE
getUserRewards ---> TOURGUIDESERVICE
getUserRewards ---> TOURGUIDESERVICE
getUserRewards ---> TOURGUIDESERVICE
getUserRewards ---> TOURGUIDESERVICE
getUserRewards ---> TOURGUIDESERVICE
getUserRewards ---> TOURGUIDESERVICE
getUserRewards ---> TOURGUIDESERVICE
getUserRewards ---> TOURGUIDESERVICE
getUserRewards ---> TOURGUIDESERVICE
getUserRewards ---> TOURGUIDESERVICE
getUserRewards ---> TOURGUIDESERVICE
getUserRewards ---> TOURGUIDESERVICE
getUserRewards ---> TOURGUIDESERVICE
getUserRewards ---> TOURGUIDESERVICE
getUserRewards ---> TOURGUIDESERVICE
getUserRewards ---> TOURGUIDESERVICE
getUserRewards ---> TOURGUIDESERVICE
getUserRewards ---> TOURGUIDESERVICE
getUserRewards ---> TOURGUIDESERVICE
getUserRewards ---> TOURGUIDESERVICE
getUserRewards ---> TOURGUIDESERVICE
getUserRewards ---> TOURGUIDESERVICE
getUserRewards ---> TOURGUIDESERVICE
getUserRewards ---> TOURGUIDESERVICE
getUserRewards ---> TOURGUIDESERVICE
getUserRewards ---> TOURGUIDESERVICE
getUserRewards ---> TOURGUIDESERVICE
getUserRewards ---> TOURGUIDESERVICE
getUserRewards ---> TOURGUIDESERVICE
getUserRewards ---> TOURGUIDESERVICE
getUserRewards ---> TOURGUIDESERVICE
getUserRewards ---> TOURGUIDESERVICE
getUserRewards ---> TOURGUIDESERVICE
getUserRewards ---> TOURGUIDESERVICE
getUserRewards ---> TOURGUIDESERVICE
getUserRewards ---> TOURGUIDESERVICE
getUserRewards ---> TOURGUIDESERVICE
getUserRewards ---> TOURGUIDESERVICE
getUserRewards ---> TOURGUIDESERVICE
getUserRewards ---> TOURGUIDESERVICE
getUserRewards ---> TOURGUIDESERVICE
getUserRewards ---> TOURGUIDESERVICE
getUserRewards ---> TOURGUIDESERVICE
getUserRewards ---> TOURGUIDESERVICE
getUserRewards ---> TOURGUIDESERVICE
getUserRewards ---> TOURGUIDESERVICE
getUserRewards ---> TOURGUIDESERVICE
getUserRewards ---> TOURGUIDESERVICE
getUserRewards ---> TOURGUIDESERVICE
getUserRewards ---> TOURGUIDESERVICE
getUserRewards ---> TOURGUIDESERVICE
getUserRewards ---> TOURGUIDESERVICE
getUserRewards ---> TOURGUIDESERVICE
getUserRewards ---> TOURGUIDESERVICE
getUserRewards ---> TOURGUIDESERVICE
getUserRewards ---> TOURGUIDESERVICE
getUserRewards ---> TOURGUIDESERVICE
getUserRewards ---> TOURGUIDESERVICE
getUserRewards ---> TOURGUIDESERVICE
getUserRewards ---> TOURGUIDESERVICE
getUserRewards ---> TOURGUIDESERVICE
getUserRewards ---> TOURGUIDESERVICE
getUserRewards ---> TOURGUIDESERVICE
getUserRewards ---> TOURGUIDESERVICE
getUserRewards ---> TOURGUIDESERVICE
getUserRewards ---> TOURGUIDESERVICE
getUserRewards ---> TOURGUIDESERVICE
getUserRewards ---> TOURGUIDESERVICE
getUserRewards ---> TOURGUIDESERVICE
getUserRewards ---> TOURGUIDESERVICE
getUserRewards ---> TOURGUIDESERVICE
getUserRewards ---> TOURGUIDESERVICE
getUserRewards ---> TOURGUIDESERVICE
getUserRewards ---> TOURGUIDESERVICE
getUserRewards ---> TOURGUIDESERVICE
getUserRewards ---> TOURGUIDESERVICE
getUserRewards ---> TOURGUIDESERVICE
getUserRewards ---> TOURGUIDESERVICE
getUserRewards ---> TOURGUIDESERVICE
getUserRewards ---> TOURGUIDESERVICE
getUserRewards ---> TOURGUIDESERVICE
getUserRewards ---> TOURGUIDESERVICE
getUserRewards ---> TOURGUIDESERVICE
getUserRewards ---> TOURGUIDESERVICE
getUserRewards ---> TOURGUIDESERVICE
getUserRewards ---> TOURGUIDESERVICE
getUserRewards ---> TOURGUIDESERVICE
getUserRewards ---> TOURGUIDESERVICE
getUserRewards ---> TOURGUIDESERVICE
getUserRewards ---> TOURGUIDESERVICE
getUserRewards ---> TOURGUIDESERVICE
getUserRewards ---> TOURGUIDESERVICE
getUserRewards ---> TOURGUIDESERVICE
getUserRewards ---> TOURGUIDESERVICE
getUserRewards ---> TOURGUIDESERVICE
getUserRewards ---> TOURGUIDESERVICE
getUserRewards ---> TOURGUIDESERVICE
getUserRewards ---> TOURGUIDESERVICE
getUserRewards ---> TOURGUIDESERVICE
getUserRewards ---> TOURGUIDESERVICE
getUserRewards ---> TOURGUIDESERVICE
getUserRewards ---> TOURGUIDESERVICE
getUserRewards ---> TOURGUIDESERVICE
getUserRewards ---> TOURGUIDESERVICE
getUserRewards ---> TOURGUIDESERVICE
getUserRewards ---> TOURGUIDESERVICE
getUserRewards ---> TOURGUIDESERVICE
getUserRewards ---> TOURGUIDESERVICE
getUserRewards ---> TOURGUIDESERVICE
getUserRewards ---> TOURGUIDESERVICE
getUserRewards ---> TOURGUIDESERVICE
getUserRewards ---> TOURGUIDESERVICE
getUserRewards ---> TOURGUIDESERVICE
getUserRewards ---> TOURGUIDESERVICE
getUserRewards ---> TOURGUIDESERVICE
getUserRewards ---> TOURGUIDESERVICE
getUserRewards ---> TOURGUIDESERVICE
getUserRewards ---> TOURGUIDESERVICE
getUserRewards ---> TOURGUIDESERVICE
getUserRewards ---> TOURGUIDESERVICE
getUserRewards ---> TOURGUIDESERVICE
getUserRewards ---> TOURGUIDESERVICE
getUserRewards ---> TOURGUIDESERVICE
getUserRewards ---> TOURGUIDESERVICE
getUserRewards ---> TOURGUIDESERVICE
getUserRewards ---> TOURGUIDESERVICE
getUserRewards ---> TOURGUIDESERVICE
getUserRewards ---> TOURGUIDESERVICE
getUserRewards ---> TOURGUIDESERVICE
getUserRewards ---> TOURGUIDESERVICE
getUserRewards ---> TOURGUIDESERVICE
getUserRewards ---> TOURGUIDESERVICE
getUserRewards ---> TOURGUIDESERVICE
getUserRewards ---> TOURGUIDESERVICE
getUserRewards ---> TOURGUIDESERVICE
getUserRewards ---> TOURGUIDESERVICE
getUserRewards ---> TOURGUIDESERVICE
getUserRewards ---> TOURGUIDESERVICE
getUserRewards ---> TOURGUIDESERVICE
getUserRewards ---> TOURGUIDESERVICE
getUserRewards ---> TOURGUIDESERVICE
getUserRewards ---> TOURGUIDESERVICE
getUserRewards ---> TOURGUIDESERVICE
getUserRewards ---> TOURGUIDESERVICE
getUserRewards ---> TOURGUIDESERVICE
getUserRewards ---> TOURGUIDESERVICE
getUserRewards ---> TOURGUIDESERVICE
getUserRewards ---> TOURGUIDESERVICE
getUserRewards ---> TOURGUIDESERVICE
getUserRewards ---> TOURGUIDESERVICE
getUserRewards ---> TOURGUIDESERVICE
getUserRewards ---> TOURGUIDESERVICE
getUserRewards ---> TOURGUIDESERVICE
getUserRewards ---> TOURGUIDESERVICE
getUserRewards ---> TOURGUIDESERVICE
getUserRewards ---> TOURGUIDESERVICE
getUserRewards ---> TOURGUIDESERVICE
getUserRewards ---> TOURGUIDESERVICE
getUserRewards ---> TOURGUIDESERVICE
getUserRewards ---> TOURGUIDESERVICE
getUserRewards ---> TOURGUIDESERVICE
getUserRewards ---> TOURGUIDESERVICE
getUserRewards ---> TOURGUIDESERVICE
getUserRewards ---> TOURGUIDESERVICE
getUserRewards ---> TOURGUIDESERVICE
getUserRewards ---> TOURGUIDESERVICE
getUserRewards ---> TOURGUIDESERVICE
getUserRewards ---> TOURGUIDESERVICE
getUserRewards ---> TOURGUIDESERVICE
getUserRewards ---> TOURGUIDESERVICE
getUserRewards ---> TOURGUIDESERVICE
getUserRewards ---> TOURGUIDESERVICE
getUserRewards ---> TOURGUIDESERVICE
getUserRewards ---> TOURGUIDESERVICE
getUserRewards ---> TOURGUIDESERVICE
getUserRewards ---> TOURGUIDESERVICE
getUserRewards ---> TOURGUIDESERVICE
getUserRewards ---> TOURGUIDESERVICE
getUserRewards ---> TOURGUIDESERVICE
getUserRewards ---> TOURGUIDESERVICE
getUserRewards ---> TOURGUIDESERVICE
getUserRewards ---> TOURGUIDESERVICE
getUserRewards ---> TOURGUIDESERVICE
getUserRewards ---> TOURGUIDESERVICE
getUserRewards ---> TOURGUIDESERVICE
getUserRewards ---> TOURGUIDESERVICE
getUserRewards ---> TOURGUIDESERVICE
getUserRewards ---> TOURGUIDESERVICE
getUserRewards ---> TOURGUIDESERVICE
getUserRewards ---> TOURGUIDESERVICE
getUserRewards ---> TOURGUIDESERVICE
getUserRewards ---> TOURGUIDESERVICE
getUserRewards ---> TOURGUIDESERVICE
getUserRewards ---> TOURGUIDESERVICE
getUserRewards ---> TOURGUIDESERVICE
getUserRewards ---> TOURGUIDESERVICE
getUserRewards ---> TOURGUIDESERVICE
getUserRewards ---> TOURGUIDESERVICE
getUserRewards ---> TOURGUIDESERVICE
getUserRewards ---> TOURGUIDESERVICE
getUserRewards ---> TOURGUIDESERVICE
getUserRewards ---> TOURGUIDESERVICE
getUserRewards ---> TOURGUIDESERVICE
getUserRewards ---> TOURGUIDESERVICE
getUserRewards ---> TOURGUIDESERVICE
getUserRewards ---> TOURGUIDESERVICE
getUserRewards ---> TOURGUIDESERVICE
getUserRewards ---> TOURGUIDESERVICE
getUserRewards ---> TOURGUIDESERVICE
getUserRewards ---> TOURGUIDESERVICE
getUserRewards ---> TOURGUIDESERVICE
getUserRewards ---> TOURGUIDESERVICE
getUserRewards ---> TOURGUIDESERVICE
getUserRewards ---> TOURGUIDESERVICE
getUserRewards ---> TOURGUIDESERVICE
getUserRewards ---> TOURGUIDESERVICE
getUserRewards ---> TOURGUIDESERVICE
getUserRewards ---> TOURGUIDESERVICE
getUserRewards ---> TOURGUIDESERVICE
getUserRewards ---> TOURGUIDESERVICE
getUserRewards ---> TOURGUIDESERVICE
getUserRewards ---> TOURGUIDESERVICE
getUserRewards ---> TOURGUIDESERVICE
getUserRewards ---> TOURGUIDESERVICE
getUserRewards ---> TOURGUIDESERVICE
getUserRewards ---> TOURGUIDESERVICE
getUserRewards ---> TOURGUIDESERVICE
getUserRewards ---> TOURGUIDESERVICE
getUserRewards ---> TOURGUIDESERVICE
getUserRewards ---> TOURGUIDESERVICE
getUserRewards ---> TOURGUIDESERVICE
getUserRewards ---> TOURGUIDESERVICE
getUserRewards ---> TOURGUIDESERVICE
getUserRewards ---> TOURGUIDESERVICE
getUserRewards ---> TOURGUIDESERVICE
getUserRewards ---> TOURGUIDESERVICE
getUserRewards ---> TOURGUIDESERVICE
getUserRewards ---> TOURGUIDESERVICE
getUserRewards ---> TOURGUIDESERVICE
getUserRewards ---> TOURGUIDESERVICE
getUserRewards ---> TOURGUIDESERVICE
getUserRewards ---> TOURGUIDESERVICE
getUserRewards ---> TOURGUIDESERVICE
getUserRewards ---> TOURGUIDESERVICE
getUserRewards ---> TOURGUIDESERVICE
getUserRewards ---> TOURGUIDESERVICE
getUserRewards ---> TOURGUIDESERVICE
getUserRewards ---> TOURGUIDESERVICE
getUserRewards ---> TOURGUIDESERVICE
getUserRewards ---> TOURGUIDESERVICE
getUserRewards ---> TOURGUIDESERVICE
getUserRewards ---> TOURGUIDESERVICE
getUserRewards ---> TOURGUIDESERVICE
getUserRewards ---> TOURGUIDESERVICE
getUserRewards ---> TOURGUIDESERVICE
getUserRewards ---> TOURGUIDESERVICE
getUserRewards ---> TOURGUIDESERVICE
getUserRewards ---> TOURGUIDESERVICE
getUserRewards ---> TOURGUIDESERVICE
getUserRewards ---> TOURGUIDESERVICE
getUserRewards ---> TOURGUIDESERVICE
getUserRewards ---> TOURGUIDESERVICE
getUserRewards ---> TOURGUIDESERVICE
getUserRewards ---> TOURGUIDESERVICE
getUserRewards ---> TOURGUIDESERVICE
getUserRewards ---> TOURGUIDESERVICE
getUserRewards ---> TOURGUIDESERVICE
getUserRewards ---> TOURGUIDESERVICE
getUserRewards ---> TOURGUIDESERVICE
getUserRewards ---> TOURGUIDESERVICE
getUserRewards ---> TOURGUIDESERVICE
getUserRewards ---> TOURGUIDESERVICE
getUserRewards ---> TOURGUIDESERVICE
getUserRewards ---> TOURGUIDESERVICE
getUserRewards ---> TOURGUIDESERVICE
getUserRewards ---> TOURGUIDESERVICE
getUserRewards ---> TOURGUIDESERVICE
getUserRewards ---> TOURGUIDESERVICE
getUserRewards ---> TOURGUIDESERVICE
getUserRewards ---> TOURGUIDESERVICE
getUserRewards ---> TOURGUIDESERVICE
getUserRewards ---> TOURGUIDESERVICE
getUserRewards ---> TOURGUIDESERVICE
getUserRewards ---> TOURGUIDESERVICE
getUserRewards ---> TOURGUIDESERVICE
getUserRewards ---> TOURGUIDESERVICE
getUserRewards ---> TOURGUIDESERVICE
getUserRewards ---> TOURGUIDESERVICE
getUserRewards ---> TOURGUIDESERVICE
getUserRewards ---> TOURGUIDESERVICE
getUserRewards ---> TOURGUIDESERVICE
getUserRewards ---> TOURGUIDESERVICE
getUserRewards ---> TOURGUIDESERVICE
getUserRewards ---> TOURGUIDESERVICE
getUserRewards ---> TOURGUIDESERVICE
getUserRewards ---> TOURGUIDESERVICE
getUserRewards ---> TOURGUIDESERVICE
getUserRewards ---> TOURGUIDESERVICE
getUserRewards ---> TOURGUIDESERVICE
getUserRewards ---> TOURGUIDESERVICE
getUserRewards ---> TOURGUIDESERVICE
getUserRewards ---> TOURGUIDESERVICE
getUserRewards ---> TOURGUIDESERVICE
getUserRewards ---> TOURGUIDESERVICE
getUserRewards ---> TOURGUIDESERVICE
getUserRewards ---> TOURGUIDESERVICE
getUserRewards ---> TOURGUIDESERVICE
getUserRewards ---> TOURGUIDESERVICE
getUserRewards ---> TOURGUIDESERVICE
getUserRewards ---> TOURGUIDESERVICE
getUserRewards ---> TOURGUIDESERVICE
getUserRewards ---> TOURGUIDESERVICE
getUserRewards ---> TOURGUIDESERVICE
getUserRewards ---> TOURGUIDESERVICE
getUserRewards ---> TOURGUIDESERVICE
getUserRewards ---> TOURGUIDESERVICE
getUserRewards ---> TOURGUIDESERVICE
getUserRewards ---> TOURGUIDESERVICE
getUserRewards ---> TOURGUIDESERVICE
getUserRewards ---> TOURGUIDESERVICE
getUserRewards ---> TOURGUIDESERVICE
getUserRewards ---> TOURGUIDESERVICE
getUserRewards ---> TOURGUIDESERVICE
getUserRewards ---> TOURGUIDESERVICE
getUserRewards ---> TOURGUIDESERVICE
getUserRewards ---> TOURGUIDESERVICE
getUserRewards ---> TOURGUIDESERVICE
getUserRewards ---> TOURGUIDESERVICE
getUserRewards ---> TOURGUIDESERVICE
getUserRewards ---> TOURGUIDESERVICE
getUserRewards ---> TOURGUIDESERVICE
getUserRewards ---> TOURGUIDESERVICE
getUserRewards ---> TOURGUIDESERVICE
getUserRewards ---> TOURGUIDESERVICE
getUserRewards ---> TOURGUIDESERVICE
getUserRewards ---> TOURGUIDESERVICE
getUserRewards ---> TOURGUIDESERVICE
getUserRewards ---> TOURGUIDESERVICE
getUserRewards ---> TOURGUIDESERVICE
getUserRewards ---> TOURGUIDESERVICE
getUserRewards ---> TOURGUIDESERVICE
getUserRewards ---> TOURGUIDESERVICE
getUserRewards ---> TOURGUIDESERVICE
getUserRewards ---> TOURGUIDESERVICE
getUserRewards ---> TOURGUIDESERVICE
getUserRewards ---> TOURGUIDESERVICE
getUserRewards ---> TOURGUIDESERVICE
getUserRewards ---> TOURGUIDESERVICE
getUserRewards ---> TOURGUIDESERVICE
getUserRewards ---> TOURGUIDESERVICE
getUserRewards ---> TOURGUIDESERVICE
getUserRewards ---> TOURGUIDESERVICE
getUserRewards ---> TOURGUIDESERVICE
getUserRewards ---> TOURGUIDESERVICE
getUserRewards ---> TOURGUIDESERVICE
getUserRewards ---> TOURGUIDESERVICE
getUserRewards ---> TOURGUIDESERVICE
getUserRewards ---> TOURGUIDESERVICE
getUserRewards ---> TOURGUIDESERVICE
getUserRewards ---> TOURGUIDESERVICE
getUserRewards ---> TOURGUIDESERVICE
getUserRewards ---> TOURGUIDESERVICE
getUserRewards ---> TOURGUIDESERVICE
getUserRewards ---> TOURGUIDESERVICE
getUserRewards ---> TOURGUIDESERVICE
getUserRewards ---> TOURGUIDESERVICE
getUserRewards ---> TOURGUIDESERVICE
getUserRewards ---> TOURGUIDESERVICE
getUserRewards ---> TOURGUIDESERVICE
getUserRewards ---> TOURGUIDESERVICE
getUserRewards ---> TOURGUIDESERVICE
getUserRewards ---> TOURGUIDESERVICE
getUserRewards ---> TOURGUIDESERVICE
getUserRewards ---> TOURGUIDESERVICE
getUserRewards ---> TOURGUIDESERVICE
getUserRewards ---> TOURGUIDESERVICE
getUserRewards ---> TOURGUIDESERVICE
getUserRewards ---> TOURGUIDESERVICE
getUserRewards ---> TOURGUIDESERVICE
getUserRewards ---> TOURGUIDESERVICE
getUserRewards ---> TOURGUIDESERVICE
getUserRewards ---> TOURGUIDESERVICE
getUserRewards ---> TOURGUIDESERVICE
getUserRewards ---> TOURGUIDESERVICE
getUserRewards ---> TOURGUIDESERVICE
getUserRewards ---> TOURGUIDESERVICE
getUserRewards ---> TOURGUIDESERVICE
getUserRewards ---> TOURGUIDESERVICE
getUserRewards ---> TOURGUIDESERVICE
getUserRewards ---> TOURGUIDESERVICE
getUserRewards ---> TOURGUIDESERVICE
getUserRewards ---> TOURGUIDESERVICE
getUserRewards ---> TOURGUIDESERVICE
getUserRewards ---> TOURGUIDESERVICE
getUserRewards ---> TOURGUIDESERVICE
getUserRewards ---> TOURGUIDESERVICE
getUserRewards ---> TOURGUIDESERVICE
getUserRewards ---> TOURGUIDESERVICE
getUserRewards ---> TOURGUIDESERVICE
getUserRewards ---> TOURGUIDESERVICE
getUserRewards ---> TOURGUIDESERVICE
getUserRewards ---> TOURGUIDESERVICE
getUserRewards ---> TOURGUIDESERVICE
getUserRewards ---> TOURGUIDESERVICE
getUserRewards ---> TOURGUIDESERVICE
getUserRewards ---> TOURGUIDESERVICE
getUserRewards ---> TOURGUIDESERVICE
getUserRewards ---> TOURGUIDESERVICE
getUserRewards ---> TOURGUIDESERVICE
getUserRewards ---> TOURGUIDESERVICE
getUserRewards ---> TOURGUIDESERVICE
getUserRewards ---> TOURGUIDESERVICE
getUserRewards ---> TOURGUIDESERVICE
getUserRewards ---> TOURGUIDESERVICE
getUserRewards ---> TOURGUIDESERVICE
getUserRewards ---> TOURGUIDESERVICE
getUserRewards ---> TOURGUIDESERVICE
getUserRewards ---> TOURGUIDESERVICE
getUserRewards ---> TOURGUIDESERVICE
getUserRewards ---> TOURGUIDESERVICE
getUserRewards ---> TOURGUIDESERVICE
getUserRewards ---> TOURGUIDESERVICE
getUserRewards ---> TOURGUIDESERVICE
getUserRewards ---> TOURGUIDESERVICE
getUserRewards ---> TOURGUIDESERVICE
getUserRewards ---> TOURGUIDESERVICE
getUserRewards ---> TOURGUIDESERVICE
getUserRewards ---> TOURGUIDESERVICE
getUserRewards ---> TOURGUIDESERVICE
getUserRewards ---> TOURGUIDESERVICE
getUserRewards ---> TOURGUIDESERVICE
getUserRewards ---> TOURGUIDESERVICE
getUserRewards ---> TOURGUIDESERVICE
getUserRewards ---> TOURGUIDESERVICE
getUserRewards ---> TOURGUIDESERVICE
getUserRewards ---> TOURGUIDESERVICE
getUserRewards ---> TOURGUIDESERVICE
getUserRewards ---> TOURGUIDESERVICE
getUserRewards ---> TOURGUIDESERVICE
getUserRewards ---> TOURGUIDESERVICE
getUserRewards ---> TOURGUIDESERVICE
getUserRewards ---> TOURGUIDESERVICE
getUserRewards ---> TOURGUIDESERVICE
getUserRewards ---> TOURGUIDESERVICE
getUserRewards ---> TOURGUIDESERVICE
getUserRewards ---> TOURGUIDESERVICE
getUserRewards ---> TOURGUIDESERVICE
getUserRewards ---> TOURGUIDESERVICE
getUserRewards ---> TOURGUIDESERVICE
getUserRewards ---> TOURGUIDESERVICE
getUserRewards ---> TOURGUIDESERVICE
getUserRewards ---> TOURGUIDESERVICE
getUserRewards ---> TOURGUIDESERVICE
getUserRewards ---> TOURGUIDESERVICE
getUserRewards ---> TOURGUIDESERVICE
getUserRewards ---> TOURGUIDESERVICE
getUserRewards ---> TOURGUIDESERVICE
getUserRewards ---> TOURGUIDESERVICE
getUserRewards ---> TOURGUIDESERVICE
getUserRewards ---> TOURGUIDESERVICE
getUserRewards ---> TOURGUIDESERVICE
getUserRewards ---> TOURGUIDESERVICE
getUserRewards ---> TOURGUIDESERVICE
getUserRewards ---> TOURGUIDESERVICE
getUserRewards ---> TOURGUIDESERVICE
getUserRewards ---> TOURGUIDESERVICE
getUserRewards ---> TOURGUIDESERVICE
getUserRewards ---> TOURGUIDESERVICE
getUserRewards ---> TOURGUIDESERVICE
getUserRewards ---> TOURGUIDESERVICE
getUserRewards ---> TOURGUIDESERVICE
getUserRewards ---> TOURGUIDESERVICE
getUserRewards ---> TOURGUIDESERVICE
getUserRewards ---> TOURGUIDESERVICE
getUserRewards ---> TOURGUIDESERVICE
getUserRewards ---> TOURGUIDESERVICE
getUserRewards ---> TOURGUIDESERVICE
getUserRewards ---> TOURGUIDESERVICE
getUserRewards ---> TOURGUIDESERVICE
getUserRewards ---> TOURGUIDESERVICE
getUserRewards ---> TOURGUIDESERVICE
getUserRewards ---> TOURGUIDESERVICE
getUserRewards ---> TOURGUIDESERVICE
getUserRewards ---> TOURGUIDESERVICE
getUserRewards ---> TOURGUIDESERVICE
getUserRewards ---> TOURGUIDESERVICE
getUserRewards ---> TOURGUIDESERVICE
getUserRewards ---> TOURGUIDESERVICE
getUserRewards ---> TOURGUIDESERVICE
getUserRewards ---> TOURGUIDESERVICE
getUserRewards ---> TOURGUIDESERVICE
getUserRewards ---> TOURGUIDESERVICE
getUserRewards ---> TOURGUIDESERVICE
getUserRewards ---> TOURGUIDESERVICE
getUserRewards ---> TOURGUIDESERVICE
getUserRewards ---> TOURGUIDESERVICE
getUserRewards ---> TOURGUIDESERVICE
getUserRewards ---> TOURGUIDESERVICE
getUserRewards ---> TOURGUIDESERVICE
getUserRewards ---> TOURGUIDESERVICE
getUserRewards ---> TOURGUIDESERVICE
getUserRewards ---> TOURGUIDESERVICE
getUserRewards ---> TOURGUIDESERVICE
getUserRewards ---> TOURGUIDESERVICE
getUserRewards ---> TOURGUIDESERVICE
getUserRewards ---> TOURGUIDESERVICE
getUserRewards ---> TOURGUIDESERVICE
getUserRewards ---> TOURGUIDESERVICE
getUserRewards ---> TOURGUIDESERVICE
getUserRewards ---> TOURGUIDESERVICE
getUserRewards ---> TOURGUIDESERVICE
getUserRewards ---> TOURGUIDESERVICE
getUserRewards ---> TOURGUIDESERVICE
getUserRewards ---> TOURGUIDESERVICE
getUserRewards ---> TOURGUIDESERVICE
getUserRewards ---> TOURGUIDESERVICE
getUserRewards ---> TOURGUIDESERVICE
getUserRewards ---> TOURGUIDESERVICE
getUserRewards ---> TOURGUIDESERVICE
getUserRewards ---> TOURGUIDESERVICE
getUserRewards ---> TOURGUIDESERVICE
getUserRewards ---> TOURGUIDESERVICE
getUserRewards ---> TOURGUIDESERVICE
getUserRewards ---> TOURGUIDESERVICE
getUserRewards ---> TOURGUIDESERVICE
getUserRewards ---> TOURGUIDESERVICE
getUserRewards ---> TOURGUIDESERVICE
getUserRewards ---> TOURGUIDESERVICE
getUserRewards ---> TOURGUIDESERVICE
getUserRewards ---> TOURGUIDESERVICE
getUserRewards ---> TOURGUIDESERVICE
getUserRewards ---> TOURGUIDESERVICE
getUserRewards ---> TOURGUIDESERVICE
getUserRewards ---> TOURGUIDESERVICE
getUserRewards ---> TOURGUIDESERVICE
getUserRewards ---> TOURGUIDESERVICE
getUserRewards ---> TOURGUIDESERVICE
getUserRewards ---> TOURGUIDESERVICE
getUserRewards ---> TOURGUIDESERVICE
getUserRewards ---> TOURGUIDESERVICE
getUserRewards ---> TOURGUIDESERVICE
getUserRewards ---> TOURGUIDESERVICE
getUserRewards ---> TOURGUIDESERVICE
getUserRewards ---> TOURGUIDESERVICE
getUserRewards ---> TOURGUIDESERVICE
getUserRewards ---> TOURGUIDESERVICE
getUserRewards ---> TOURGUIDESERVICE
getUserRewards ---> TOURGUIDESERVICE
getUserRewards ---> TOURGUIDESERVICE
getUserRewards ---> TOURGUIDESERVICE
getUserRewards ---> TOURGUIDESERVICE
getUserRewards ---> TOURGUIDESERVICE
getUserRewards ---> TOURGUIDESERVICE
getUserRewards ---> TOURGUIDESERVICE
getUserRewards ---> TOURGUIDESERVICE
getUserRewards ---> TOURGUIDESERVICE
getUserRewards ---> TOURGUIDESERVICE
getUserRewards ---> TOURGUIDESERVICE
getUserRewards ---> TOURGUIDESERVICE
getUserRewards ---> TOURGUIDESERVICE
getUserRewards ---> TOURGUIDESERVICE
getUserRewards ---> TOURGUIDESERVICE
getUserRewards ---> TOURGUIDESERVICE
getUserRewards ---> TOURGUIDESERVICE
getUserRewards ---> TOURGUIDESERVICE
getUserRewards ---> TOURGUIDESERVICE
getUserRewards ---> TOURGUIDESERVICE
getUserRewards ---> TOURGUIDESERVICE
getUserRewards ---> TOURGUIDESERVICE
getUserRewards ---> TOURGUIDESERVICE
getUserRewards ---> TOURGUIDESERVICE
getUserRewards ---> TOURGUIDESERVICE
getUserRewards ---> TOURGUIDESERVICE
getUserRewards ---> TOURGUIDESERVICE
getUserRewards ---> TOURGUIDESERVICE
getUserRewards ---> TOURGUIDESERVICE
getUserRewards ---> TOURGUIDESERVICE
getUserRewards ---> TOURGUIDESERVICE
getUserRewards ---> TOURGUIDESERVICE
getUserRewards ---> TOURGUIDESERVICE
getUserRewards ---> TOURGUIDESERVICE
getUserRewards ---> TOURGUIDESERVICE
getUserRewards ---> TOURGUIDESERVICE
getUserRewards ---> TOURGUIDESERVICE
getUserRewards ---> TOURGUIDESERVICE
getUserRewards ---> TOURGUIDESERVICE
getUserRewards ---> TOURGUIDESERVICE
getUserRewards ---> TOURGUIDESERVICE
getUserRewards ---> TOURGUIDESERVICE
getUserRewards ---> TOURGUIDESERVICE
getUserRewards ---> TOURGUIDESERVICE
getUserRewards ---> TOURGUIDESERVICE
getUserRewards ---> TOURGUIDESERVICE
getUserRewards ---> TOURGUIDESERVICE
getUserRewards ---> TOURGUIDESERVICE
getUserRewards ---> TOURGUIDESERVICE
getUserRewards ---> TOURGUIDESERVICE
getUserRewards ---> TOURGUIDESERVICE
getUserRewards ---> TOURGUIDESERVICE
getUserRewards ---> TOURGUIDESERVICE
getUserRewards ---> TOURGUIDESERVICE
getUserRewards ---> TOURGUIDESERVICE
getUserRewards ---> TOURGUIDESERVICE
getUserRewards ---> TOURGUIDESERVICE
getUserRewards ---> TOURGUIDESERVICE
getUserRewards ---> TOURGUIDESERVICE
getUserRewards ---> TOURGUIDESERVICE
getUserRewards ---> TOURGUIDESERVICE
getUserRewards ---> TOURGUIDESERVICE
getUserRewards ---> TOURGUIDESERVICE
getUserRewards ---> TOURGUIDESERVICE
getUserRewards ---> TOURGUIDESERVICE
getUserRewards ---> TOURGUIDESERVICE
getUserRewards ---> TOURGUIDESERVICE
getUserRewards ---> TOURGUIDESERVICE
getUserRewards ---> TOURGUIDESERVICE
getUserRewards ---> TOURGUIDESERVICE
getUserRewards ---> TOURGUIDESERVICE
getUserRewards ---> TOURGUIDESERVICE
getUserRewards ---> TOURGUIDESERVICE
getUserRewards ---> TOURGUIDESERVICE
getUserRewards ---> TOURGUIDESERVICE
getUserRewards ---> TOURGUIDESERVICE
getUserRewards ---> TOURGUIDESERVICE
getUserRewards ---> TOURGUIDESERVICE
getUserRewards ---> TOURGUIDESERVICE
getUserRewards ---> TOURGUIDESERVICE
getUserRewards ---> TOURGUIDESERVICE
getUserRewards ---> TOURGUIDESERVICE
getUserRewards ---> TOURGUIDESERVICE
getUserRewards ---> TOURGUIDESERVICE
getUserRewards ---> TOURGUIDESERVICE
getUserRewards ---> TOURGUIDESERVICE
getUserRewards ---> TOURGUIDESERVICE
getUserRewards ---> TOURGUIDESERVICE
getUserRewards ---> TOURGUIDESERVICE
getUserRewards ---> TOURGUIDESERVICE
getUserRewards ---> TOURGUIDESERVICE
getUserRewards ---> TOURGUIDESERVICE
getUserRewards ---> TOURGUIDESERVICE
getUserRewards ---> TOURGUIDESERVICE
getUserRewards ---> TOURGUIDESERVICE
getUserRewards ---> TOURGUIDESERVICE
getUserRewards ---> TOURGUIDESERVICE
getUserRewards ---> TOURGUIDESERVICE
getUserRewards ---> TOURGUIDESERVICE
getUserRewards ---> TOURGUIDESERVICE
getUserRewards ---> TOURGUIDESERVICE
getUserRewards ---> TOURGUIDESERVICE
getUserRewards ---> TOURGUIDESERVICE
getUserRewards ---> TOURGUIDESERVICE
getUserRewards ---> TOURGUIDESERVICE
getUserRewards ---> TOURGUIDESERVICE
getUserRewards ---> TOURGUIDESERVICE
getUserRewards ---> TOURGUIDESERVICE
getUserRewards ---> TOURGUIDESERVICE
getUserRewards ---> TOURGUIDESERVICE
getUserRewards ---> TOURGUIDESERVICE
getUserRewards ---> TOURGUIDESERVICE
getUserRewards ---> TOURGUIDESERVICE
getUserRewards ---> TOURGUIDESERVICE
getUserRewards ---> TOURGUIDESERVICE
getUserRewards ---> TOURGUIDESERVICE
getUserRewards ---> TOURGUIDESERVICE
getUserRewards ---> TOURGUIDESERVICE
getUserRewards ---> TOURGUIDESERVICE
getUserRewards ---> TOURGUIDESERVICE
getUserRewards ---> TOURGUIDESERVICE
getUserRewards ---> TOURGUIDESERVICE
getUserRewards ---> TOURGUIDESERVICE
getUserRewards ---> TOURGUIDESERVICE
getUserRewards ---> TOURGUIDESERVICE
getUserRewards ---> TOURGUIDESERVICE
getUserRewards ---> TOURGUIDESERVICE
getUserRewards ---> TOURGUIDESERVICE
getUserRewards ---> TOURGUIDESERVICE
getUserRewards ---> TOURGUIDESERVICE
getUserRewards ---> TOURGUIDESERVICE
getUserRewards ---> TOURGUIDESERVICE
getUserRewards ---> TOURGUIDESERVICE
getUserRewards ---> TOURGUIDESERVICE
getUserRewards ---> TOURGUIDESERVICE
getUserRewards ---> TOURGUIDESERVICE
getUserRewards ---> TOURGUIDESERVICE
getUserRewards ---> TOURGUIDESERVICE
getUserRewards ---> TOURGUIDESERVICE
getUserRewards ---> TOURGUIDESERVICE
getUserRewards ---> TOURGUIDESERVICE
getUserRewards ---> TOURGUIDESERVICE
getUserRewards ---> TOURGUIDESERVICE
getUserRewards ---> TOURGUIDESERVICE
getUserRewards ---> TOURGUIDESERVICE
getUserRewards ---> TOURGUIDESERVICE
getUserRewards ---> TOURGUIDESERVICE
getUserRewards ---> TOURGUIDESERVICE
getUserRewards ---> TOURGUIDESERVICE
getUserRewards ---> TOURGUIDESERVICE
getUserRewards ---> TOURGUIDESERVICE
getUserRewards ---> TOURGUIDESERVICE
getUserRewards ---> TOURGUIDESERVICE
getUserRewards ---> TOURGUIDESERVICE
getUserRewards ---> TOURGUIDESERVICE
getUserRewards ---> TOURGUIDESERVICE
getUserRewards ---> TOURGUIDESERVICE
getUserRewards ---> TOURGUIDESERVICE
getUserRewards ---> TOURGUIDESERVICE
getUserRewards ---> TOURGUIDESERVICE
getUserRewards ---> TOURGUIDESERVICE
getUserRewards ---> TOURGUIDESERVICE
getUserRewards ---> TOURGUIDESERVICE
getUserRewards ---> TOURGUIDESERVICE
getUserRewards ---> TOURGUIDESERVICE
getUserRewards ---> TOURGUIDESERVICE
getUserRewards ---> TOURGUIDESERVICE
getUserRewards ---> TOURGUIDESERVICE
getUserRewards ---> TOURGUIDESERVICE
getUserRewards ---> TOURGUIDESERVICE
getUserRewards ---> TOURGUIDESERVICE
getUserRewards ---> TOURGUIDESERVICE
getUserRewards ---> TOURGUIDESERVICE
getUserRewards ---> TOURGUIDESERVICE
getUserRewards ---> TOURGUIDESERVICE
getUserRewards ---> TOURGUIDESERVICE
getUserRewards ---> TOURGUIDESERVICE
getUserRewards ---> TOURGUIDESERVICE
getUserRewards ---> TOURGUIDESERVICE
getUserRewards ---> TOURGUIDESERVICE
getUserRewards ---> TOURGUIDESERVICE
getUserRewards ---> TOURGUIDESERVICE
getUserRewards ---> TOURGUIDESERVICE
getUserRewards ---> TOURGUIDESERVICE
getUserRewards ---> TOURGUIDESERVICE
getUserRewards ---> TOURGUIDESERVICE
getUserRewards ---> TOURGUIDESERVICE
getUserRewards ---> TOURGUIDESERVICE
getUserRewards ---> TOURGUIDESERVICE
getUserRewards ---> TOURGUIDESERVICE
getUserRewards ---> TOURGUIDESERVICE
getUserRewards ---> TOURGUIDESERVICE
getUserRewards ---> TOURGUIDESERVICE
getUserRewards ---> TOURGUIDESERVICE
getUserRewards ---> TOURGUIDESERVICE
getUserRewards ---> TOURGUIDESERVICE
getUserRewards ---> TOURGUIDESERVICE
getUserRewards ---> TOURGUIDESERVICE
getUserRewards ---> TOURGUIDESERVICE
getUserRewards ---> TOURGUIDESERVICE
getUserRewards ---> TOURGUIDESERVICE
getUserRewards ---> TOURGUIDESERVICE
getUserRewards ---> TOURGUIDESERVICE
getUserRewards ---> TOURGUIDESERVICE
getUserRewards ---> TOURGUIDESERVICE
getUserRewards ---> TOURGUIDESERVICE
getUserRewards ---> TOURGUIDESERVICE
getUserRewards ---> TOURGUIDESERVICE
getUserRewards ---> TOURGUIDESERVICE
getUserRewards ---> TOURGUIDESERVICE
getUserRewards ---> TOURGUIDESERVICE
getUserRewards ---> TOURGUIDESERVICE
getUserRewards ---> TOURGUIDESERVICE
getUserRewards ---> TOURGUIDESERVICE
getUserRewards ---> TOURGUIDESERVICE
getUserRewards ---> TOURGUIDESERVICE
getUserRewards ---> TOURGUIDESERVICE
getUserRewards ---> TOURGUIDESERVICE
getUserRewards ---> TOURGUIDESERVICE
getUserRewards ---> TOURGUIDESERVICE
getUserRewards ---> TOURGUIDESERVICE
getUserRewards ---> TOURGUIDESERVICE
getUserRewards ---> TOURGUIDESERVICE
getUserRewards ---> TOURGUIDESERVICE
getUserRewards ---> TOURGUIDESERVICE
getUserRewards ---> TOURGUIDESERVICE
getUserRewards ---> TOURGUIDESERVICE
getUserRewards ---> TOURGUIDESERVICE
getUserRewards ---> TOURGUIDESERVICE
getUserRewards ---> TOURGUIDESERVICE
getUserRewards ---> TOURGUIDESERVICE
getUserRewards ---> TOURGUIDESERVICE
getUserRewards ---> TOURGUIDESERVICE
getUserRewards ---> TOURGUIDESERVICE
getUserRewards ---> TOURGUIDESERVICE
getUserRewards ---> TOURGUIDESERVICE
getUserRewards ---> TOURGUIDESERVICE
getUserRewards ---> TOURGUIDESERVICE
getUserRewards ---> TOURGUIDESERVICE
getUserRewards ---> TOURGUIDESERVICE
getUserRewards ---> TOURGUIDESERVICE
getUserRewards ---> TOURGUIDESERVICE
getUserRewards ---> TOURGUIDESERVICE
getUserRewards ---> TOURGUIDESERVICE
getUserRewards ---> TOURGUIDESERVICE
getUserRewards ---> TOURGUIDESERVICE
getUserRewards ---> TOURGUIDESERVICE
getUserRewards ---> TOURGUIDESERVICE
getUserRewards ---> TOURGUIDESERVICE
getUserRewards ---> TOURGUIDESERVICE
getUserRewards ---> TOURGUIDESERVICE
getUserRewards ---> TOURGUIDESERVICE
getUserRewards ---> TOURGUIDESERVICE
getUserRewards ---> TOURGUIDESERVICE
getUserRewards ---> TOURGUIDESERVICE
getUserRewards ---> TOURGUIDESERVICE
getUserRewards ---> TOURGUIDESERVICE
getUserRewards ---> TOURGUIDESERVICE
getUserRewards ---> TOURGUIDESERVICE
getUserRewards ---> TOURGUIDESERVICE
getUserRewards ---> TOURGUIDESERVICE
getUserRewards ---> TOURGUIDESERVICE
getUserRewards ---> TOURGUIDESERVICE
getUserRewards ---> TOURGUIDESERVICE
getUserRewards ---> TOURGUIDESERVICE
getUserRewards ---> TOURGUIDESERVICE
getUserRewards ---> TOURGUIDESERVICE
getUserRewards ---> TOURGUIDESERVICE
getUserRewards ---> TOURGUIDESERVICE
getUserRewards ---> TOURGUIDESERVICE
getUserRewards ---> TOURGUIDESERVICE
getUserRewards ---> TOURGUIDESERVICE
getUserRewards ---> TOURGUIDESERVICE
getUserRewards ---> TOURGUIDESERVICE
getUserRewards ---> TOURGUIDESERVICE
getUserRewards ---> TOURGUIDESERVICE
getUserRewards ---> TOURGUIDESERVICE
getUserRewards ---> TOURGUIDESERVICE
getUserRewards ---> TOURGUIDESERVICE
getUserRewards ---> TOURGUIDESERVICE
getUserRewards ---> TOURGUIDESERVICE
getUserRewards ---> TOURGUIDESERVICE
getUserRewards ---> TOURGUIDESERVICE
getUserRewards ---> TOURGUIDESERVICE
getUserRewards ---> TOURGUIDESERVICE
getUserRewards ---> TOURGUIDESERVICE
getUserRewards ---> TOURGUIDESERVICE
getUserRewards ---> TOURGUIDESERVICE
getUserRewards ---> TOURGUIDESERVICE
getUserRewards ---> TOURGUIDESERVICE
getUserRewards ---> TOURGUIDESERVICE
getUserRewards ---> TOURGUIDESERVICE
getUserRewards ---> TOURGUIDESERVICE
getUserRewards ---> TOURGUIDESERVICE
getUserRewards ---> TOURGUIDESERVICE
getUserRewards ---> TOURGUIDESERVICE
getUserRewards ---> TOURGUIDESERVICE
getUserRewards ---> TOURGUIDESERVICE
getUserRewards ---> TOURGUIDESERVICE
getUserRewards ---> TOURGUIDESERVICE
getUserRewards ---> TOURGUIDESERVICE
getUserRewards ---> TOURGUIDESERVICE
getUserRewards ---> TOURGUIDESERVICE
getUserRewards ---> TOURGUIDESERVICE
getUserRewards ---> TOURGUIDESERVICE
getUserRewards ---> TOURGUIDESERVICE
getUserRewards ---> TOURGUIDESERVICE
getUserRewards ---> TOURGUIDESERVICE
getUserRewards ---> TOURGUIDESERVICE
getUserRewards ---> TOURGUIDESERVICE
getUserRewards ---> TOURGUIDESERVICE
getUserRewards ---> TOURGUIDESERVICE
getUserRewards ---> TOURGUIDESERVICE
getUserRewards ---> TOURGUIDESERVICE
getUserRewards ---> TOURGUIDESERVICE
getUserRewards ---> TOURGUIDESERVICE
getUserRewards ---> TOURGUIDESERVICE
getUserRewards ---> TOURGUIDESERVICE
getUserRewards ---> TOURGUIDESERVICE
getUserRewards ---> TOURGUIDESERVICE
getUserRewards ---> TOURGUIDESERVICE
getUserRewards ---> TOURGUIDESERVICE
getUserRewards ---> TOURGUIDESERVICE
getUserRewards ---> TOURGUIDESERVICE
getUserRewards ---> TOURGUIDESERVICE
getUserRewards ---> TOURGUIDESERVICE
getUserRewards ---> TOURGUIDESERVICE
getUserRewards ---> TOURGUIDESERVICE
getUserRewards ---> TOURGUIDESERVICE
getUserRewards ---> TOURGUIDESERVICE
getUserRewards ---> TOURGUIDESERVICE
getUserRewards ---> TOURGUIDESERVICE
getUserRewards ---> TOURGUIDESERVICE
getUserRewards ---> TOURGUIDESERVICE
getUserRewards ---> TOURGUIDESERVICE
getUserRewards ---> TOURGUIDESERVICE
getUserRewards ---> TOURGUIDESERVICE
getUserRewards ---> TOURGUIDESERVICE
getUserRewards ---> TOURGUIDESERVICE
getUserRewards ---> TOURGUIDESERVICE
getUserRewards ---> TOURGUIDESERVICE
getUserRewards ---> TOURGUIDESERVICE
getUserRewards ---> TOURGUIDESERVICE
getUserRewards ---> TOURGUIDESERVICE
getUserRewards ---> TOURGUIDESERVICE
getUserRewards ---> TOURGUIDESERVICE
getUserRewards ---> TOURGUIDESERVICE
getUserRewards ---> TOURGUIDESERVICE
getUserRewards ---> TOURGUIDESERVICE
getUserRewards ---> TOURGUIDESERVICE
getUserRewards ---> TOURGUIDESERVICE
getUserRewards ---> TOURGUIDESERVICE
getUserRewards ---> TOURGUIDESERVICE
getUserRewards ---> TOURGUIDESERVICE
getUserRewards ---> TOURGUIDESERVICE
getUserRewards ---> TOURGUIDESERVICE
getUserRewards ---> TOURGUIDESERVICE
getUserRewards ---> TOURGUIDESERVICE
getUserRewards ---> TOURGUIDESERVICE
getUserRewards ---> TOURGUIDESERVICE
getUserRewards ---> TOURGUIDESERVICE
getUserRewards ---> TOURGUIDESERVICE
getUserRewards ---> TOURGUIDESERVICE
getUserRewards ---> TOURGUIDESERVICE
getUserRewards ---> TOURGUIDESERVICE
getUserRewards ---> TOURGUIDESERVICE
getUserRewards ---> TOURGUIDESERVICE
getUserRewards ---> TOURGUIDESERVICE
getUserRewards ---> TOURGUIDESERVICE
getUserRewards ---> TOURGUIDESERVICE
getUserRewards ---> TOURGUIDESERVICE
getUserRewards ---> TOURGUIDESERVICE
getUserRewards ---> TOURGUIDESERVICE
getUserRewards ---> TOURGUIDESERVICE
getUserRewards ---> TOURGUIDESERVICE
getUserRewards ---> TOURGUIDESERVICE
getUserRewards ---> TOURGUIDESERVICE
getUserRewards ---> TOURGUIDESERVICE
getUserRewards ---> TOURGUIDESERVICE
getUserRewards ---> TOURGUIDESERVICE
getUserRewards ---> TOURGUIDESERVICE
getUserRewards ---> TOURGUIDESERVICE
getUserRewards ---> TOURGUIDESERVICE
getUserRewards ---> TOURGUIDESERVICE
getUserRewards ---> TOURGUIDESERVICE
getUserRewards ---> TOURGUIDESERVICE
getUserRewards ---> TOURGUIDESERVICE
getUserRewards ---> TOURGUIDESERVICE
getUserRewards ---> TOURGUIDESERVICE
getUserRewards ---> TOURGUIDESERVICE
getUserRewards ---> TOURGUIDESERVICE
getUserRewards ---> TOURGUIDESERVICE
getUserRewards ---> TOURGUIDESERVICE
getUserRewards ---> TOURGUIDESERVICE
getUserRewards ---> TOURGUIDESERVICE
getUserRewards ---> TOURGUIDESERVICE
getUserRewards ---> TOURGUIDESERVICE
getUserRewards ---> TOURGUIDESERVICE
getUserRewards ---> TOURGUIDESERVICE
getUserRewards ---> TOURGUIDESERVICE
getUserRewards ---> TOURGUIDESERVICE
getUserRewards ---> TOURGUIDESERVICE
getUserRewards ---> TOURGUIDESERVICE
getUserRewards ---> TOURGUIDESERVICE
getUserRewards ---> TOURGUIDESERVICE
getUserRewards ---> TOURGUIDESERVICE
getUserRewards ---> TOURGUIDESERVICE
getUserRewards ---> TOURGUIDESERVICE
getUserRewards ---> TOURGUIDESERVICE
getUserRewards ---> TOURGUIDESERVICE
getUserRewards ---> TOURGUIDESERVICE
getUserRewards ---> TOURGUIDESERVICE
getUserRewards ---> TOURGUIDESERVICE
getUserRewards ---> TOURGUIDESERVICE
getUserRewards ---> TOURGUIDESERVICE
getUserRewards ---> TOURGUIDESERVICE
getUserRewards ---> TOURGUIDESERVICE
getUserRewards ---> TOURGUIDESERVICE
getUserRewards ---> TOURGUIDESERVICE
getUserRewards ---> TOURGUIDESERVICE
getUserRewards ---> TOURGUIDESERVICE
getUserRewards ---> TOURGUIDESERVICE
getUserRewards ---> TOURGUIDESERVICE
getUserRewards ---> TOURGUIDESERVICE
getUserRewards ---> TOURGUIDESERVICE
getUserRewards ---> TOURGUIDESERVICE
getUserRewards ---> TOURGUIDESERVICE
getUserRewards ---> TOURGUIDESERVICE
getUserRewards ---> TOURGUIDESERVICE
getUserRewards ---> TOURGUIDESERVICE
getUserRewards ---> TOURGUIDESERVICE
getUserRewards ---> TOURGUIDESERVICE
getUserRewards ---> TOURGUIDESERVICE
getUserRewards ---> TOURGUIDESERVICE
getUserRewards ---> TOURGUIDESERVICE
getUserRewards ---> TOURGUIDESERVICE
getUserRewards ---> TOURGUIDESERVICE
getUserRewards ---> TOURGUIDESERVICE
getUserRewards ---> TOURGUIDESERVICE
getUserRewards ---> TOURGUIDESERVICE
getUserRewards ---> TOURGUIDESERVICE
getUserRewards ---> TOURGUIDESERVICE
getUserRewards ---> TOURGUIDESERVICE
getUserRewards ---> TOURGUIDESERVICE
getUserRewards ---> TOURGUIDESERVICE
getUserRewards ---> TOURGUIDESERVICE
getUserRewards ---> TOURGUIDESERVICE
getUserRewards ---> TOURGUIDESERVICE
getUserRewards ---> TOURGUIDESERVICE
getUserRewards ---> TOURGUIDESERVICE
getUserRewards ---> TOURGUIDESERVICE
getUserRewards ---> TOURGUIDESERVICE
getUserRewards ---> TOURGUIDESERVICE
getUserRewards ---> TOURGUIDESERVICE
getUserRewards ---> TOURGUIDESERVICE
getUserRewards ---> TOURGUIDESERVICE
getUserRewards ---> TOURGUIDESERVICE
getUserRewards ---> TOURGUIDESERVICE
getUserRewards ---> TOURGUIDESERVICE
getUserRewards ---> TOURGUIDESERVICE
getUserRewards ---> TOURGUIDESERVICE
getUserRewards ---> TOURGUIDESERVICE
getUserRewards ---> TOURGUIDESERVICE
getUserRewards ---> TOURGUIDESERVICE
getUserRewards ---> TOURGUIDESERVICE
getUserRewards ---> TOURGUIDESERVICE
getUserRewards ---> TOURGUIDESERVICE
getUserRewards ---> TOURGUIDESERVICE
getUserRewards ---> TOURGUIDESERVICE
getUserRewards ---> TOURGUIDESERVICE
getUserRewards ---> TOURGUIDESERVICE
getUserRewards ---> TOURGUIDESERVICE
getUserRewards ---> TOURGUIDESERVICE
getUserRewards ---> TOURGUIDESERVICE
getUserRewards ---> TOURGUIDESERVICE
getUserRewards ---> TOURGUIDESERVICE
getUserRewards ---> TOURGUIDESERVICE
getUserRewards ---> TOURGUIDESERVICE
getUserRewards ---> TOURGUIDESERVICE
getUserRewards ---> TOURGUIDESERVICE
getUserRewards ---> TOURGUIDESERVICE
getUserRewards ---> TOURGUIDESERVICE
getUserRewards ---> TOURGUIDESERVICE
getUserRewards ---> TOURGUIDESERVICE
getUserRewards ---> TOURGUIDESERVICE
getUserRewards ---> TOURGUIDESERVICE
getUserRewards ---> TOURGUIDESERVICE
getUserRewards ---> TOURGUIDESERVICE
getUserRewards ---> TOURGUIDESERVICE
getUserRewards ---> TOURGUIDESERVICE
getUserRewards ---> TOURGUIDESERVICE
getUserRewards ---> TOURGUIDESERVICE
getUserRewards ---> TOURGUIDESERVICE
getUserRewards ---> TOURGUIDESERVICE
getUserRewards ---> TOURGUIDESERVICE
getUserRewards ---> TOURGUIDESERVICE
getUserRewards ---> TOURGUIDESERVICE
getUserRewards ---> TOURGUIDESERVICE
getUserRewards ---> TOURGUIDESERVICE
getUserRewards ---> TOURGUIDESERVICE
getUserRewards ---> TOURGUIDESERVICE
getUserRewards ---> TOURGUIDESERVICE
getUserRewards ---> TOURGUIDESERVICE
getUserRewards ---> TOURGUIDESERVICE
getUserRewards ---> TOURGUIDESERVICE
getUserRewards ---> TOURGUIDESERVICE
getUserRewards ---> TOURGUIDESERVICE
getUserRewards ---> TOURGUIDESERVICE
getUserRewards ---> TOURGUIDESERVICE
getUserRewards ---> TOURGUIDESERVICE
getUserRewards ---> TOURGUIDESERVICE
getUserRewards ---> TOURGUIDESERVICE
getUserRewards ---> TOURGUIDESERVICE
getUserRewards ---> TOURGUIDESERVICE
getUserRewards ---> TOURGUIDESERVICE
getUserRewards ---> TOURGUIDESERVICE
getUserRewards ---> TOURGUIDESERVICE
getUserRewards ---> TOURGUIDESERVICE
getUserRewards ---> TOURGUIDESERVICE
getUserRewards ---> TOURGUIDESERVICE
getUserRewards ---> TOURGUIDESERVICE
getUserRewards ---> TOURGUIDESERVICE
getUserRewards ---> TOURGUIDESERVICE
getUserRewards ---> TOURGUIDESERVICE
getUserRewards ---> TOURGUIDESERVICE
getUserRewards ---> TOURGUIDESERVICE
getUserRewards ---> TOURGUIDESERVICE
getUserRewards ---> TOURGUIDESERVICE
getUserRewards ---> TOURGUIDESERVICE
getUserRewards ---> TOURGUIDESERVICE
getUserRewards ---> TOURGUIDESERVICE
getUserRewards ---> TOURGUIDESERVICE
getUserRewards ---> TOURGUIDESERVICE
getUserRewards ---> TOURGUIDESERVICE
getUserRewards ---> TOURGUIDESERVICE
getUserRewards ---> TOURGUIDESERVICE
getUserRewards ---> TOURGUIDESERVICE
getUserRewards ---> TOURGUIDESERVICE
getUserRewards ---> TOURGUIDESERVICE
getUserRewards ---> TOURGUIDESERVICE
getUserRewards ---> TOURGUIDESERVICE
getUserRewards ---> TOURGUIDESERVICE
getUserRewards ---> TOURGUIDESERVICE
getUserRewards ---> TOURGUIDESERVICE
getUserRewards ---> TOURGUIDESERVICE
getUserRewards ---> TOURGUIDESERVICE
getUserRewards ---> TOURGUIDESERVICE
getUserRewards ---> TOURGUIDESERVICE
getUserRewards ---> TOURGUIDESERVICE
getUserRewards ---> TOURGUIDESERVICE
getUserRewards ---> TOURGUIDESERVICE
getUserRewards ---> TOURGUIDESERVICE
getUserRewards ---> TOURGUIDESERVICE
getUserRewards ---> TOURGUIDESERVICE
getUserRewards ---> TOURGUIDESERVICE
getUserRewards ---> TOURGUIDESERVICE
getUserRewards ---> TOURGUIDESERVICE
getUserRewards ---> TOURGUIDESERVICE
getUserRewards ---> TOURGUIDESERVICE
getUserRewards ---> TOURGUIDESERVICE
getUserRewards ---> TOURGUIDESERVICE
getUserRewards ---> TOURGUIDESERVICE
getUserRewards ---> TOURGUIDESERVICE
getUserRewards ---> TOURGUIDESERVICE
getUserRewards ---> TOURGUIDESERVICE
getUserRewards ---> TOURGUIDESERVICE
getUserRewards ---> TOURGUIDESERVICE
getUserRewards ---> TOURGUIDESERVICE
getUserRewards ---> TOURGUIDESERVICE
getUserRewards ---> TOURGUIDESERVICE
getUserRewards ---> TOURGUIDESERVICE
getUserRewards ---> TOURGUIDESERVICE
getUserRewards ---> TOURGUIDESERVICE
getUserRewards ---> TOURGUIDESERVICE
getUserRewards ---> TOURGUIDESERVICE
getUserRewards ---> TOURGUIDESERVICE
getUserRewards ---> TOURGUIDESERVICE
getUserRewards ---> TOURGUIDESERVICE
getUserRewards ---> TOURGUIDESERVICE
getUserRewards ---> TOURGUIDESERVICE
getUserRewards ---> TOURGUIDESERVICE
getUserRewards ---> TOURGUIDESERVICE
getUserRewards ---> TOURGUIDESERVICE
getUserRewards ---> TOURGUIDESERVICE
getUserRewards ---> TOURGUIDESERVICE
getUserRewards ---> TOURGUIDESERVICE
getUserRewards ---> TOURGUIDESERVICE
getUserRewards ---> TOURGUIDESERVICE
getUserRewards ---> TOURGUIDESERVICE
getUserRewards ---> TOURGUIDESERVICE
getUserRewards ---> TOURGUIDESERVICE
getUserRewards ---> TOURGUIDESERVICE
getUserRewards ---> TOURGUIDESERVICE
getUserRewards ---> TOURGUIDESERVICE
getUserRewards ---> TOURGUIDESERVICE
getUserRewards ---> TOURGUIDESERVICE
getUserRewards ---> TOURGUIDESERVICE
getUserRewards ---> TOURGUIDESERVICE
getUserRewards ---> TOURGUIDESERVICE
getUserRewards ---> TOURGUIDESERVICE
getUserRewards ---> TOURGUIDESERVICE
getUserRewards ---> TOURGUIDESERVICE
getUserRewards ---> TOURGUIDESERVICE
getUserRewards ---> TOURGUIDESERVICE
getUserRewards ---> TOURGUIDESERVICE
getUserRewards ---> TOURGUIDESERVICE
getUserRewards ---> TOURGUIDESERVICE
getUserRewards ---> TOURGUIDESERVICE
getUserRewards ---> TOURGUIDESERVICE
getUserRewards ---> TOURGUIDESERVICE
getUserRewards ---> TOURGUIDESERVICE
getUserRewards ---> TOURGUIDESERVICE
getUserRewards ---> TOURGUIDESERVICE
getUserRewards ---> TOURGUIDESERVICE
getUserRewards ---> TOURGUIDESERVICE
getUserRewards ---> TOURGUIDESERVICE
getUserRewards ---> TOURGUIDESERVICE
getUserRewards ---> TOURGUIDESERVICE
getUserRewards ---> TOURGUIDESERVICE
getUserRewards ---> TOURGUIDESERVICE
getUserRewards ---> TOURGUIDESERVICE
getUserRewards ---> TOURGUIDESERVICE
getUserRewards ---> TOURGUIDESERVICE
getUserRewards ---> TOURGUIDESERVICE
getUserRewards ---> TOURGUIDESERVICE
getUserRewards ---> TOURGUIDESERVICE
getUserRewards ---> TOURGUIDESERVICE
getUserRewards ---> TOURGUIDESERVICE
getUserRewards ---> TOURGUIDESERVICE
getUserRewards ---> TOURGUIDESERVICE
getUserRewards ---> TOURGUIDESERVICE
getUserRewards ---> TOURGUIDESERVICE
getUserRewards ---> TOURGUIDESERVICE
getUserRewards ---> TOURGUIDESERVICE
getUserRewards ---> TOURGUIDESERVICE
getUserRewards ---> TOURGUIDESERVICE
getUserRewards ---> TOURGUIDESERVICE
getUserRewards ---> TOURGUIDESERVICE
getUserRewards ---> TOURGUIDESERVICE
getUserRewards ---> TOURGUIDESERVICE
getUserRewards ---> TOURGUIDESERVICE
getUserRewards ---> TOURGUIDESERVICE
getUserRewards ---> TOURGUIDESERVICE
getUserRewards ---> TOURGUIDESERVICE
getUserRewards ---> TOURGUIDESERVICE
getUserRewards ---> TOURGUIDESERVICE
getUserRewards ---> TOURGUIDESERVICE
getUserRewards ---> TOURGUIDESERVICE
getUserRewards ---> TOURGUIDESERVICE
getUserRewards ---> TOURGUIDESERVICE
getUserRewards ---> TOURGUIDESERVICE
getUserRewards ---> TOURGUIDESERVICE
getUserRewards ---> TOURGUIDESERVICE
getUserRewards ---> TOURGUIDESERVICE
getUserRewards ---> TOURGUIDESERVICE
getUserRewards ---> TOURGUIDESERVICE
getUserRewards ---> TOURGUIDESERVICE
getUserRewards ---> TOURGUIDESERVICE
getUserRewards ---> TOURGUIDESERVICE
getUserRewards ---> TOURGUIDESERVICE
getUserRewards ---> TOURGUIDESERVICE
getUserRewards ---> TOURGUIDESERVICE
getUserRewards ---> TOURGUIDESERVICE
getUserRewards ---> TOURGUIDESERVICE
getUserRewards ---> TOURGUIDESERVICE
getUserRewards ---> TOURGUIDESERVICE
getUserRewards ---> TOURGUIDESERVICE
getUserRewards ---> TOURGUIDESERVICE
getUserRewards ---> TOURGUIDESERVICE
getUserRewards ---> TOURGUIDESERVICE
getUserRewards ---> TOURGUIDESERVICE
getUserRewards ---> TOURGUIDESERVICE
getUserRewards ---> TOURGUIDESERVICE
getUserRewards ---> TOURGUIDESERVICE
getUserRewards ---> TOURGUIDESERVICE
getUserRewards ---> TOURGUIDESERVICE
getUserRewards ---> TOURGUIDESERVICE
getUserRewards ---> TOURGUIDESERVICE
getUserRewards ---> TOURGUIDESERVICE
getUserRewards ---> TOURGUIDESERVICE
getUserRewards ---> TOURGUIDESERVICE
getUserRewards ---> TOURGUIDESERVICE
getUserRewards ---> TOURGUIDESERVICE
getUserRewards ---> TOURGUIDESERVICE
getUserRewards ---> TOURGUIDESERVICE
getUserRewards ---> TOURGUIDESERVICE
getUserRewards ---> TOURGUIDESERVICE
getUserRewards ---> TOURGUIDESERVICE
getUserRewards ---> TOURGUIDESERVICE
getUserRewards ---> TOURGUIDESERVICE
getUserRewards ---> TOURGUIDESERVICE
getUserRewards ---> TOURGUIDESERVICE
getUserRewards ---> TOURGUIDESERVICE
getUserRewards ---> TOURGUIDESERVICE
getUserRewards ---> TOURGUIDESERVICE
getUserRewards ---> TOURGUIDESERVICE
getUserRewards ---> TOURGUIDESERVICE
getUserRewards ---> TOURGUIDESERVICE
getUserRewards ---> TOURGUIDESERVICE
getUserRewards ---> TOURGUIDESERVICE
getUserRewards ---> TOURGUIDESERVICE
getUserRewards ---> TOURGUIDESERVICE
getUserRewards ---> TOURGUIDESERVICE
getUserRewards ---> TOURGUIDESERVICE
getUserRewards ---> TOURGUIDESERVICE
getUserRewards ---> TOURGUIDESERVICE
getUserRewards ---> TOURGUIDESERVICE
getUserRewards ---> TOURGUIDESERVICE
getUserRewards ---> TOURGUIDESERVICE
getUserRewards ---> TOURGUIDESERVICE
getUserRewards ---> TOURGUIDESERVICE
getUserRewards ---> TOURGUIDESERVICE
getUserRewards ---> TOURGUIDESERVICE
getUserRewards ---> TOURGUIDESERVICE
getUserRewards ---> TOURGUIDESERVICE
getUserRewards ---> TOURGUIDESERVICE
getUserRewards ---> TOURGUIDESERVICE
getUserRewards ---> TOURGUIDESERVICE
getUserRewards ---> TOURGUIDESERVICE
getUserRewards ---> TOURGUIDESERVICE
getUserRewards ---> TOURGUIDESERVICE
getUserRewards ---> TOURGUIDESERVICE
getUserRewards ---> TOURGUIDESERVICE
getUserRewards ---> TOURGUIDESERVICE
getUserRewards ---> TOURGUIDESERVICE
getUserRewards ---> TOURGUIDESERVICE
getUserRewards ---> TOURGUIDESERVICE
getUserRewards ---> TOURGUIDESERVICE
getUserRewards ---> TOURGUIDESERVICE
getUserRewards ---> TOURGUIDESERVICE
getUserRewards ---> TOURGUIDESERVICE
getUserRewards ---> TOURGUIDESERVICE
getUserRewards ---> TOURGUIDESERVICE
getUserRewards ---> TOURGUIDESERVICE
getUserRewards ---> TOURGUIDESERVICE
getUserRewards ---> TOURGUIDESERVICE
getUserRewards ---> TOURGUIDESERVICE
getUserRewards ---> TOURGUIDESERVICE
getUserRewards ---> TOURGUIDESERVICE
getUserRewards ---> TOURGUIDESERVICE
getUserRewards ---> TOURGUIDESERVICE
getUserRewards ---> TOURGUIDESERVICE
getUserRewards ---> TOURGUIDESERVICE
getUserRewards ---> TOURGUIDESERVICE
getUserRewards ---> TOURGUIDESERVICE
getUserRewards ---> TOURGUIDESERVICE
getUserRewards ---> TOURGUIDESERVICE
getUserRewards ---> TOURGUIDESERVICE
getUserRewards ---> TOURGUIDESERVICE
getUserRewards ---> TOURGUIDESERVICE
getUserRewards ---> TOURGUIDESERVICE
getUserRewards ---> TOURGUIDESERVICE
getUserRewards ---> TOURGUIDESERVICE
getUserRewards ---> TOURGUIDESERVICE
getUserRewards ---> TOURGUIDESERVICE
getUserRewards ---> TOURGUIDESERVICE
getUserRewards ---> TOURGUIDESERVICE
getUserRewards ---> TOURGUIDESERVICE
getUserRewards ---> TOURGUIDESERVICE
getUserRewards ---> TOURGUIDESERVICE
getUserRewards ---> TOURGUIDESERVICE
getUserRewards ---> TOURGUIDESERVICE
getUserRewards ---> TOURGUIDESERVICE
getUserRewards ---> TOURGUIDESERVICE
getUserRewards ---> TOURGUIDESERVICE
getUserRewards ---> TOURGUIDESERVICE
getUserRewards ---> TOURGUIDESERVICE
getUserRewards ---> TOURGUIDESERVICE
getUserRewards ---> TOURGUIDESERVICE
getUserRewards ---> TOURGUIDESERVICE
getUserRewards ---> TOURGUIDESERVICE
getUserRewards ---> TOURGUIDESERVICE
getUserRewards ---> TOURGUIDESERVICE
getUserRewards ---> TOURGUIDESERVICE
getUserRewards ---> TOURGUIDESERVICE
getUserRewards ---> TOURGUIDESERVICE
getUserRewards ---> TOURGUIDESERVICE
getUserRewards ---> TOURGUIDESERVICE
getUserRewards ---> TOURGUIDESERVICE
getUserRewards ---> TOURGUIDESERVICE
getUserRewards ---> TOURGUIDESERVICE
getUserRewards ---> TOURGUIDESERVICE
getUserRewards ---> TOURGUIDESERVICE
getUserRewards ---> TOURGUIDESERVICE
getUserRewards ---> TOURGUIDESERVICE
getUserRewards ---> TOURGUIDESERVICE
getUserRewards ---> TOURGUIDESERVICE
getUserRewards ---> TOURGUIDESERVICE
getUserRewards ---> TOURGUIDESERVICE
getUserRewards ---> TOURGUIDESERVICE
getUserRewards ---> TOURGUIDESERVICE
getUserRewards ---> TOURGUIDESERVICE
getUserRewards ---> TOURGUIDESERVICE
getUserRewards ---> TOURGUIDESERVICE
getUserRewards ---> TOURGUIDESERVICE
getUserRewards ---> TOURGUIDESERVICE
getUserRewards ---> TOURGUIDESERVICE
getUserRewards ---> TOURGUIDESERVICE
getUserRewards ---> TOURGUIDESERVICE
getUserRewards ---> TOURGUIDESERVICE
getUserRewards ---> TOURGUIDESERVICE
getUserRewards ---> TOURGUIDESERVICE
getUserRewards ---> TOURGUIDESERVICE
getUserRewards ---> TOURGUIDESERVICE
getUserRewards ---> TOURGUIDESERVICE
getUserRewards ---> TOURGUIDESERVICE
getUserRewards ---> TOURGUIDESERVICE
getUserRewards ---> TOURGUIDESERVICE
getUserRewards ---> TOURGUIDESERVICE
getUserRewards ---> TOURGUIDESERVICE
getUserRewards ---> TOURGUIDESERVICE
getUserRewards ---> TOURGUIDESERVICE
getUserRewards ---> TOURGUIDESERVICE
getUserRewards ---> TOURGUIDESERVICE
getUserRewards ---> TOURGUIDESERVICE
getUserRewards ---> TOURGUIDESERVICE
getUserRewards ---> TOURGUIDESERVICE
getUserRewards ---> TOURGUIDESERVICE
getUserRewards ---> TOURGUIDESERVICE
getUserRewards ---> TOURGUIDESERVICE
getUserRewards ---> TOURGUIDESERVICE
getUserRewards ---> TOURGUIDESERVICE
getUserRewards ---> TOURGUIDESERVICE
getUserRewards ---> TOURGUIDESERVICE
getUserRewards ---> TOURGUIDESERVICE
getUserRewards ---> TOURGUIDESERVICE
getUserRewards ---> TOURGUIDESERVICE
getUserRewards ---> TOURGUIDESERVICE
getUserRewards ---> TOURGUIDESERVICE
getUserRewards ---> TOURGUIDESERVICE
getUserRewards ---> TOURGUIDESERVICE
getUserRewards ---> TOURGUIDESERVICE
getUserRewards ---> TOURGUIDESERVICE
getUserRewards ---> TOURGUIDESERVICE
getUserRewards ---> TOURGUIDESERVICE
getUserRewards ---> TOURGUIDESERVICE
getUserRewards ---> TOURGUIDESERVICE
getUserRewards ---> TOURGUIDESERVICE
getUserRewards ---> TOURGUIDESERVICE
getUserRewards ---> TOURGUIDESERVICE
getUserRewards ---> TOURGUIDESERVICE
getUserRewards ---> TOURGUIDESERVICE
getUserRewards ---> TOURGUIDESERVICE
getUserRewards ---> TOURGUIDESERVICE
getUserRewards ---> TOURGUIDESERVICE
getUserRewards ---> TOURGUIDESERVICE
getUserRewards ---> TOURGUIDESERVICE
getUserRewards ---> TOURGUIDESERVICE
getUserRewards ---> TOURGUIDESERVICE
getUserRewards ---> TOURGUIDESERVICE
getUserRewards ---> TOURGUIDESERVICE
getUserRewards ---> TOURGUIDESERVICE
getUserRewards ---> TOURGUIDESERVICE
getUserRewards ---> TOURGUIDESERVICE
getUserRewards ---> TOURGUIDESERVICE
getUserRewards ---> TOURGUIDESERVICE
getUserRewards ---> TOURGUIDESERVICE
getUserRewards ---> TOURGUIDESERVICE
getUserRewards ---> TOURGUIDESERVICE
getUserRewards ---> TOURGUIDESERVICE
getUserRewards ---> TOURGUIDESERVICE
getUserRewards ---> TOURGUIDESERVICE
getUserRewards ---> TOURGUIDESERVICE
getUserRewards ---> TOURGUIDESERVICE
getUserRewards ---> TOURGUIDESERVICE
getUserRewards ---> TOURGUIDESERVICE
getUserRewards ---> TOURGUIDESERVICE
getUserRewards ---> TOURGUIDESERVICE
getUserRewards ---> TOURGUIDESERVICE
getUserRewards ---> TOURGUIDESERVICE
getUserRewards ---> TOURGUIDESERVICE
getUserRewards ---> TOURGUIDESERVICE
getUserRewards ---> TOURGUIDESERVICE
getUserRewards ---> TOURGUIDESERVICE
getUserRewards ---> TOURGUIDESERVICE
getUserRewards ---> TOURGUIDESERVICE
getUserRewards ---> TOURGUIDESERVICE
getUserRewards ---> TOURGUIDESERVICE
getUserRewards ---> TOURGUIDESERVICE
getUserRewards ---> TOURGUIDESERVICE
getUserRewards ---> TOURGUIDESERVICE
getUserRewards ---> TOURGUIDESERVICE
getUserRewards ---> TOURGUIDESERVICE
getUserRewards ---> TOURGUIDESERVICE
getUserRewards ---> TOURGUIDESERVICE
getUserRewards ---> TOURGUIDESERVICE
getUserRewards ---> TOURGUIDESERVICE
getUserRewards ---> TOURGUIDESERVICE
getUserRewards ---> TOURGUIDESERVICE
getUserRewards ---> TOURGUIDESERVICE
getUserRewards ---> TOURGUIDESERVICE
getUserRewards ---> TOURGUIDESERVICE
getUserRewards ---> TOURGUIDESERVICE
getUserRewards ---> TOURGUIDESERVICE
getUserRewards ---> TOURGUIDESERVICE
getUserRewards ---> TOURGUIDESERVICE
getUserRewards ---> TOURGUIDESERVICE
getUserRewards ---> TOURGUIDESERVICE
getUserRewards ---> TOURGUIDESERVICE
getUserRewards ---> TOURGUIDESERVICE
getUserRewards ---> TOURGUIDESERVICE
getUserRewards ---> TOURGUIDESERVICE
getUserRewards ---> TOURGUIDESERVICE
getUserRewards ---> TOURGUIDESERVICE
getUserRewards ---> TOURGUIDESERVICE
getUserRewards ---> TOURGUIDESERVICE
getUserRewards ---> TOURGUIDESERVICE
getUserRewards ---> TOURGUIDESERVICE
getUserRewards ---> TOURGUIDESERVICE
getUserRewards ---> TOURGUIDESERVICE
getUserRewards ---> TOURGUIDESERVICE
getUserRewards ---> TOURGUIDESERVICE
getUserRewards ---> TOURGUIDESERVICE
getUserRewards ---> TOURGUIDESERVICE
getUserRewards ---> TOURGUIDESERVICE
getUserRewards ---> TOURGUIDESERVICE
getUserRewards ---> TOURGUIDESERVICE
getUserRewards ---> TOURGUIDESERVICE
getUserRewards ---> TOURGUIDESERVICE
getUserRewards ---> TOURGUIDESERVICE
getUserRewards ---> TOURGUIDESERVICE
getUserRewards ---> TOURGUIDESERVICE
getUserRewards ---> TOURGUIDESERVICE
getUserRewards ---> TOURGUIDESERVICE
getUserRewards ---> TOURGUIDESERVICE
getUserRewards ---> TOURGUIDESERVICE
getUserRewards ---> TOURGUIDESERVICE
getUserRewards ---> TOURGUIDESERVICE
getUserRewards ---> TOURGUIDESERVICE
getUserRewards ---> TOURGUIDESERVICE
getUserRewards ---> TOURGUIDESERVICE
getUserRewards ---> TOURGUIDESERVICE
getUserRewards ---> TOURGUIDESERVICE
getUserRewards ---> TOURGUIDESERVICE
getUserRewards ---> TOURGUIDESERVICE
getUserRewards ---> TOURGUIDESERVICE
getUserRewards ---> TOURGUIDESERVICE
getUserRewards ---> TOURGUIDESERVICE
getUserRewards ---> TOURGUIDESERVICE
getUserRewards ---> TOURGUIDESERVICE
getUserRewards ---> TOURGUIDESERVICE
getUserRewards ---> TOURGUIDESERVICE
getUserRewards ---> TOURGUIDESERVICE
getUserRewards ---> TOURGUIDESERVICE
getUserRewards ---> TOURGUIDESERVICE
getUserRewards ---> TOURGUIDESERVICE
getUserRewards ---> TOURGUIDESERVICE
getUserRewards ---> TOURGUIDESERVICE
getUserRewards ---> TOURGUIDESERVICE
getUserRewards ---> TOURGUIDESERVICE
getUserRewards ---> TOURGUIDESERVICE
getUserRewards ---> TOURGUIDESERVICE
getUserRewards ---> TOURGUIDESERVICE
getUserRewards ---> TOURGUIDESERVICE
getUserRewards ---> TOURGUIDESERVICE
getUserRewards ---> TOURGUIDESERVICE
getUserRewards ---> TOURGUIDESERVICE
getUserRewards ---> TOURGUIDESERVICE
getUserRewards ---> TOURGUIDESERVICE
getUserRewards ---> TOURGUIDESERVICE
getUserRewards ---> TOURGUIDESERVICE
getUserRewards ---> TOURGUIDESERVICE
getUserRewards ---> TOURGUIDESERVICE
getUserRewards ---> TOURGUIDESERVICE
getUserRewards ---> TOURGUIDESERVICE
getUserRewards ---> TOURGUIDESERVICE
getUserRewards ---> TOURGUIDESERVICE
getUserRewards ---> TOURGUIDESERVICE
getUserRewards ---> TOURGUIDESERVICE
getUserRewards ---> TOURGUIDESERVICE
getUserRewards ---> TOURGUIDESERVICE
getUserRewards ---> TOURGUIDESERVICE
getUserRewards ---> TOURGUIDESERVICE
getUserRewards ---> TOURGUIDESERVICE
getUserRewards ---> TOURGUIDESERVICE
getUserRewards ---> TOURGUIDESERVICE
getUserRewards ---> TOURGUIDESERVICE
getUserRewards ---> TOURGUIDESERVICE
getUserRewards ---> TOURGUIDESERVICE
getUserRewards ---> TOURGUIDESERVICE
getUserRewards ---> TOURGUIDESERVICE
getUserRewards ---> TOURGUIDESERVICE
getUserRewards ---> TOURGUIDESERVICE
getUserRewards ---> TOURGUIDESERVICE
getUserRewards ---> TOURGUIDESERVICE
getUserRewards ---> TOURGUIDESERVICE
getUserRewards ---> TOURGUIDESERVICE
getUserRewards ---> TOURGUIDESERVICE
getUserRewards ---> TOURGUIDESERVICE
getUserRewards ---> TOURGUIDESERVICE
getUserRewards ---> TOURGUIDESERVICE
getUserRewards ---> TOURGUIDESERVICE
getUserRewards ---> TOURGUIDESERVICE
getUserRewards ---> TOURGUIDESERVICE
getUserRewards ---> TOURGUIDESERVICE
getUserRewards ---> TOURGUIDESERVICE
getUserRewards ---> TOURGUIDESERVICE
getUserRewards ---> TOURGUIDESERVICE
getUserRewards ---> TOURGUIDESERVICE
getUserRewards ---> TOURGUIDESERVICE
getUserRewards ---> TOURGUIDESERVICE
getUserRewards ---> TOURGUIDESERVICE
getUserRewards ---> TOURGUIDESERVICE
getUserRewards ---> TOURGUIDESERVICE
getUserRewards ---> TOURGUIDESERVICE
getUserRewards ---> TOURGUIDESERVICE
getUserRewards ---> TOURGUIDESERVICE
getUserRewards ---> TOURGUIDESERVICE
getUserRewards ---> TOURGUIDESERVICE
getUserRewards ---> TOURGUIDESERVICE
getUserRewards ---> TOURGUIDESERVICE
getUserRewards ---> TOURGUIDESERVICE
getUserRewards ---> TOURGUIDESERVICE
getUserRewards ---> TOURGUIDESERVICE
getUserRewards ---> TOURGUIDESERVICE
getUserRewards ---> TOURGUIDESERVICE
getUserRewards ---> TOURGUIDESERVICE
getUserRewards ---> TOURGUIDESERVICE
getUserRewards ---> TOURGUIDESERVICE
getUserRewards ---> TOURGUIDESERVICE
getUserRewards ---> TOURGUIDESERVICE
getUserRewards ---> TOURGUIDESERVICE
getUserRewards ---> TOURGUIDESERVICE
getUserRewards ---> TOURGUIDESERVICE
getUserRewards ---> TOURGUIDESERVICE
getUserRewards ---> TOURGUIDESERVICE
getUserRewards ---> TOURGUIDESERVICE
getUserRewards ---> TOURGUIDESERVICE
getUserRewards ---> TOURGUIDESERVICE
getUserRewards ---> TOURGUIDESERVICE
getUserRewards ---> TOURGUIDESERVICE
getUserRewards ---> TOURGUIDESERVICE
getUserRewards ---> TOURGUIDESERVICE
getUserRewards ---> TOURGUIDESERVICE
getUserRewards ---> TOURGUIDESERVICE
getUserRewards ---> TOURGUIDESERVICE
getUserRewards ---> TOURGUIDESERVICE
getUserRewards ---> TOURGUIDESERVICE
getUserRewards ---> TOURGUIDESERVICE
getUserRewards ---> TOURGUIDESERVICE
getUserRewards ---> TOURGUIDESERVICE
getUserRewards ---> TOURGUIDESERVICE
getUserRewards ---> TOURGUIDESERVICE
getUserRewards ---> TOURGUIDESERVICE
getUserRewards ---> TOURGUIDESERVICE
getUserRewards ---> TOURGUIDESERVICE
getUserRewards ---> TOURGUIDESERVICE
getUserRewards ---> TOURGUIDESERVICE
getUserRewards ---> TOURGUIDESERVICE
getUserRewards ---> TOURGUIDESERVICE
getUserRewards ---> TOURGUIDESERVICE
getUserRewards ---> TOURGUIDESERVICE
getUserRewards ---> TOURGUIDESERVICE
getUserRewards ---> TOURGUIDESERVICE
getUserRewards ---> TOURGUIDESERVICE
getUserRewards ---> TOURGUIDESERVICE
getUserRewards ---> TOURGUIDESERVICE
getUserRewards ---> TOURGUIDESERVICE
getUserRewards ---> TOURGUIDESERVICE
getUserRewards ---> TOURGUIDESERVICE
getUserRewards ---> TOURGUIDESERVICE
getUserRewards ---> TOURGUIDESERVICE
getUserRewards ---> TOURGUIDESERVICE
getUserRewards ---> TOURGUIDESERVICE
getUserRewards ---> TOURGUIDESERVICE
getUserRewards ---> TOURGUIDESERVICE
getUserRewards ---> TOURGUIDESERVICE
getUserRewards ---> TOURGUIDESERVICE
getUserRewards ---> TOURGUIDESERVICE
getUserRewards ---> TOURGUIDESERVICE
getUserRewards ---> TOURGUIDESERVICE
getUserRewards ---> TOURGUIDESERVICE
getUserRewards ---> TOURGUIDESERVICE
getUserRewards ---> TOURGUIDESERVICE
getUserRewards ---> TOURGUIDESERVICE
getUserRewards ---> TOURGUIDESERVICE
getUserRewards ---> TOURGUIDESERVICE
getUserRewards ---> TOURGUIDESERVICE
getUserRewards ---> TOURGUIDESERVICE
getUserRewards ---> TOURGUIDESERVICE
getUserRewards ---> TOURGUIDESERVICE
getUserRewards ---> TOURGUIDESERVICE
getUserRewards ---> TOURGUIDESERVICE
getUserRewards ---> TOURGUIDESERVICE
getUserRewards ---> TOURGUIDESERVICE
getUserRewards ---> TOURGUIDESERVICE
getUserRewards ---> TOURGUIDESERVICE
getUserRewards ---> TOURGUIDESERVICE
getUserRewards ---> TOURGUIDESERVICE
getUserRewards ---> TOURGUIDESERVICE
getUserRewards ---> TOURGUIDESERVICE
getUserRewards ---> TOURGUIDESERVICE
getUserRewards ---> TOURGUIDESERVICE
getUserRewards ---> TOURGUIDESERVICE
getUserRewards ---> TOURGUIDESERVICE
getUserRewards ---> TOURGUIDESERVICE
getUserRewards ---> TOURGUIDESERVICE
getUserRewards ---> TOURGUIDESERVICE
getUserRewards ---> TOURGUIDESERVICE
getUserRewards ---> TOURGUIDESERVICE
getUserRewards ---> TOURGUIDESERVICE
getUserRewards ---> TOURGUIDESERVICE
getUserRewards ---> TOURGUIDESERVICE
getUserRewards ---> TOURGUIDESERVICE
getUserRewards ---> TOURGUIDESERVICE
getUserRewards ---> TOURGUIDESERVICE
getUserRewards ---> TOURGUIDESERVICE
getUserRewards ---> TOURGUIDESERVICE
getUserRewards ---> TOURGUIDESERVICE
getUserRewards ---> TOURGUIDESERVICE
getUserRewards ---> TOURGUIDESERVICE
getUserRewards ---> TOURGUIDESERVICE
getUserRewards ---> TOURGUIDESERVICE
getUserRewards ---> TOURGUIDESERVICE
getUserRewards ---> TOURGUIDESERVICE
getUserRewards ---> TOURGUIDESERVICE
getUserRewards ---> TOURGUIDESERVICE
getUserRewards ---> TOURGUIDESERVICE
getUserRewards ---> TOURGUIDESERVICE
getUserRewards ---> TOURGUIDESERVICE
getUserRewards ---> TOURGUIDESERVICE
getUserRewards ---> TOURGUIDESERVICE
getUserRewards ---> TOURGUIDESERVICE
getUserRewards ---> TOURGUIDESERVICE
getUserRewards ---> TOURGUIDESERVICE
getUserRewards ---> TOURGUIDESERVICE
getUserRewards ---> TOURGUIDESERVICE
getUserRewards ---> TOURGUIDESERVICE
getUserRewards ---> TOURGUIDESERVICE
getUserRewards ---> TOURGUIDESERVICE
getUserRewards ---> TOURGUIDESERVICE
getUserRewards ---> TOURGUIDESERVICE
getUserRewards ---> TOURGUIDESERVICE
getUserRewards ---> TOURGUIDESERVICE
getUserRewards ---> TOURGUIDESERVICE
getUserRewards ---> TOURGUIDESERVICE
getUserRewards ---> TOURGUIDESERVICE
getUserRewards ---> TOURGUIDESERVICE
getUserRewards ---> TOURGUIDESERVICE
getUserRewards ---> TOURGUIDESERVICE
getUserRewards ---> TOURGUIDESERVICE
getUserRewards ---> TOURGUIDESERVICE
getUserRewards ---> TOURGUIDESERVICE
getUserRewards ---> TOURGUIDESERVICE
getUserRewards ---> TOURGUIDESERVICE
getUserRewards ---> TOURGUIDESERVICE
getUserRewards ---> TOURGUIDESERVICE
getUserRewards ---> TOURGUIDESERVICE
getUserRewards ---> TOURGUIDESERVICE
getUserRewards ---> TOURGUIDESERVICE
getUserRewards ---> TOURGUIDESERVICE
getUserRewards ---> TOURGUIDESERVICE
getUserRewards ---> TOURGUIDESERVICE
getUserRewards ---> TOURGUIDESERVICE
getUserRewards ---> TOURGUIDESERVICE
getUserRewards ---> TOURGUIDESERVICE
getUserRewards ---> TOURGUIDESERVICE
getUserRewards ---> TOURGUIDESERVICE
getUserRewards ---> TOURGUIDESERVICE
getUserRewards ---> TOURGUIDESERVICE
getUserRewards ---> TOURGUIDESERVICE
getUserRewards ---> TOURGUIDESERVICE
getUserRewards ---> TOURGUIDESERVICE
getUserRewards ---> TOURGUIDESERVICE
getUserRewards ---> TOURGUIDESERVICE
getUserRewards ---> TOURGUIDESERVICE
getUserRewards ---> TOURGUIDESERVICE
getUserRewards ---> TOURGUIDESERVICE
getUserRewards ---> TOURGUIDESERVICE
getUserRewards ---> TOURGUIDESERVICE
getUserRewards ---> TOURGUIDESERVICE
getUserRewards ---> TOURGUIDESERVICE
getUserRewards ---> TOURGUIDESERVICE
getUserRewards ---> TOURGUIDESERVICE
getUserRewards ---> TOURGUIDESERVICE
getUserRewards ---> TOURGUIDESERVICE
getUserRewards ---> TOURGUIDESERVICE
getUserRewards ---> TOURGUIDESERVICE
getUserRewards ---> TOURGUIDESERVICE
getUserRewards ---> TOURGUIDESERVICE
getUserRewards ---> TOURGUIDESERVICE
getUserRewards ---> TOURGUIDESERVICE
getUserRewards ---> TOURGUIDESERVICE
getUserRewards ---> TOURGUIDESERVICE
getUserRewards ---> TOURGUIDESERVICE
getUserRewards ---> TOURGUIDESERVICE
getUserRewards ---> TOURGUIDESERVICE
getUserRewards ---> TOURGUIDESERVICE
getUserRewards ---> TOURGUIDESERVICE
getUserRewards ---> TOURGUIDESERVICE
getUserRewards ---> TOURGUIDESERVICE
getUserRewards ---> TOURGUIDESERVICE
getUserRewards ---> TOURGUIDESERVICE
getUserRewards ---> TOURGUIDESERVICE
getUserRewards ---> TOURGUIDESERVICE
getUserRewards ---> TOURGUIDESERVICE
getUserRewards ---> TOURGUIDESERVICE
getUserRewards ---> TOURGUIDESERVICE
getUserRewards ---> TOURGUIDESERVICE
getUserRewards ---> TOURGUIDESERVICE
getUserRewards ---> TOURGUIDESERVICE
getUserRewards ---> TOURGUIDESERVICE
getUserRewards ---> TOURGUIDESERVICE
getUserRewards ---> TOURGUIDESERVICE
getUserRewards ---> TOURGUIDESERVICE
getUserRewards ---> TOURGUIDESERVICE
getUserRewards ---> TOURGUIDESERVICE
getUserRewards ---> TOURGUIDESERVICE
getUserRewards ---> TOURGUIDESERVICE
getUserRewards ---> TOURGUIDESERVICE
getUserRewards ---> TOURGUIDESERVICE
getUserRewards ---> TOURGUIDESERVICE
getUserRewards ---> TOURGUIDESERVICE
getUserRewards ---> TOURGUIDESERVICE
getUserRewards ---> TOURGUIDESERVICE
getUserRewards ---> TOURGUIDESERVICE
getUserRewards ---> TOURGUIDESERVICE
getUserRewards ---> TOURGUIDESERVICE
getUserRewards ---> TOURGUIDESERVICE
getUserRewards ---> TOURGUIDESERVICE
getUserRewards ---> TOURGUIDESERVICE
getUserRewards ---> TOURGUIDESERVICE
getUserRewards ---> TOURGUIDESERVICE
getUserRewards ---> TOURGUIDESERVICE
getUserRewards ---> TOURGUIDESERVICE
getUserRewards ---> TOURGUIDESERVICE
getUserRewards ---> TOURGUIDESERVICE
getUserRewards ---> TOURGUIDESERVICE
getUserRewards ---> TOURGUIDESERVICE
getUserRewards ---> TOURGUIDESERVICE
getUserRewards ---> TOURGUIDESERVICE
getUserRewards ---> TOURGUIDESERVICE
getUserRewards ---> TOURGUIDESERVICE
getUserRewards ---> TOURGUIDESERVICE
getUserRewards ---> TOURGUIDESERVICE
getUserRewards ---> TOURGUIDESERVICE
getUserRewards ---> TOURGUIDESERVICE
getUserRewards ---> TOURGUIDESERVICE
getUserRewards ---> TOURGUIDESERVICE
getUserRewards ---> TOURGUIDESERVICE
getUserRewards ---> TOURGUIDESERVICE
getUserRewards ---> TOURGUIDESERVICE
getUserRewards ---> TOURGUIDESERVICE
getUserRewards ---> TOURGUIDESERVICE
getUserRewards ---> TOURGUIDESERVICE
getUserRewards ---> TOURGUIDESERVICE
getUserRewards ---> TOURGUIDESERVICE
getUserRewards ---> TOURGUIDESERVICE
getUserRewards ---> TOURGUIDESERVICE
getUserRewards ---> TOURGUIDESERVICE
getUserRewards ---> TOURGUIDESERVICE
getUserRewards ---> TOURGUIDESERVICE
getUserRewards ---> TOURGUIDESERVICE
getUserRewards ---> TOURGUIDESERVICE
getUserRewards ---> TOURGUIDESERVICE
getUserRewards ---> TOURGUIDESERVICE
getUserRewards ---> TOURGUIDESERVICE
getUserRewards ---> TOURGUIDESERVICE
getUserRewards ---> TOURGUIDESERVICE
getUserRewards ---> TOURGUIDESERVICE
getUserRewards ---> TOURGUIDESERVICE
getUserRewards ---> TOURGUIDESERVICE
getUserRewards ---> TOURGUIDESERVICE
getUserRewards ---> TOURGUIDESERVICE
getUserRewards ---> TOURGUIDESERVICE
getUserRewards ---> TOURGUIDESERVICE
getUserRewards ---> TOURGUIDESERVICE
getUserRewards ---> TOURGUIDESERVICE
getUserRewards ---> TOURGUIDESERVICE
getUserRewards ---> TOURGUIDESERVICE
getUserRewards ---> TOURGUIDESERVICE
getUserRewards ---> TOURGUIDESERVICE
getUserRewards ---> TOURGUIDESERVICE
getUserRewards ---> TOURGUIDESERVICE
getUserRewards ---> TOURGUIDESERVICE
getUserRewards ---> TOURGUIDESERVICE
getUserRewards ---> TOURGUIDESERVICE
getUserRewards ---> TOURGUIDESERVICE
getUserRewards ---> TOURGUIDESERVICE
getUserRewards ---> TOURGUIDESERVICE
getUserRewards ---> TOURGUIDESERVICE
getUserRewards ---> TOURGUIDESERVICE
getUserRewards ---> TOURGUIDESERVICE
getUserRewards ---> TOURGUIDESERVICE
getUserRewards ---> TOURGUIDESERVICE
getUserRewards ---> TOURGUIDESERVICE
getUserRewards ---> TOURGUIDESERVICE
getUserRewards ---> TOURGUIDESERVICE
getUserRewards ---> TOURGUIDESERVICE
getUserRewards ---> TOURGUIDESERVICE
getUserRewards ---> TOURGUIDESERVICE
getUserRewards ---> TOURGUIDESERVICE
getUserRewards ---> TOURGUIDESERVICE
getUserRewards ---> TOURGUIDESERVICE
getUserRewards ---> TOURGUIDESERVICE
getUserRewards ---> TOURGUIDESERVICE
getUserRewards ---> TOURGUIDESERVICE
getUserRewards ---> TOURGUIDESERVICE
getUserRewards ---> TOURGUIDESERVICE
getUserRewards ---> TOURGUIDESERVICE
getUserRewards ---> TOURGUIDESERVICE
getUserRewards ---> TOURGUIDESERVICE
getUserRewards ---> TOURGUIDESERVICE
getUserRewards ---> TOURGUIDESERVICE
getUserRewards ---> TOURGUIDESERVICE
getUserRewards ---> TOURGUIDESERVICE
getUserRewards ---> TOURGUIDESERVICE
getUserRewards ---> TOURGUIDESERVICE
getUserRewards ---> TOURGUIDESERVICE
getUserRewards ---> TOURGUIDESERVICE
getUserRewards ---> TOURGUIDESERVICE
getUserRewards ---> TOURGUIDESERVICE
getUserRewards ---> TOURGUIDESERVICE
getUserRewards ---> TOURGUIDESERVICE
getUserRewards ---> TOURGUIDESERVICE
getUserRewards ---> TOURGUIDESERVICE
getUserRewards ---> TOURGUIDESERVICE
getUserRewards ---> TOURGUIDESERVICE
getUserRewards ---> TOURGUIDESERVICE
getUserRewards ---> TOURGUIDESERVICE
getUserRewards ---> TOURGUIDESERVICE
getUserRewards ---> TOURGUIDESERVICE
getUserRewards ---> TOURGUIDESERVICE
getUserRewards ---> TOURGUIDESERVICE
getUserRewards ---> TOURGUIDESERVICE
getUserRewards ---> TOURGUIDESERVICE
getUserRewards ---> TOURGUIDESERVICE
getUserRewards ---> TOURGUIDESERVICE
getUserRewards ---> TOURGUIDESERVICE
getUserRewards ---> TOURGUIDESERVICE
getUserRewards ---> TOURGUIDESERVICE
getUserRewards ---> TOURGUIDESERVICE
getUserRewards ---> TOURGUIDESERVICE
getUserRewards ---> TOURGUIDESERVICE
getUserRewards ---> TOURGUIDESERVICE
getUserRewards ---> TOURGUIDESERVICE
getUserRewards ---> TOURGUIDESERVICE
getUserRewards ---> TOURGUIDESERVICE
getUserRewards ---> TOURGUIDESERVICE
getUserRewards ---> TOURGUIDESERVICE
getUserRewards ---> TOURGUIDESERVICE
getUserRewards ---> TOURGUIDESERVICE
getUserRewards ---> TOURGUIDESERVICE
getUserRewards ---> TOURGUIDESERVICE
getUserRewards ---> TOURGUIDESERVICE
getUserRewards ---> TOURGUIDESERVICE
getUserRewards ---> TOURGUIDESERVICE
getUserRewards ---> TOURGUIDESERVICE
getUserRewards ---> TOURGUIDESERVICE
getUserRewards ---> TOURGUIDESERVICE
getUserRewards ---> TOURGUIDESERVICE
getUserRewards ---> TOURGUIDESERVICE
getUserRewards ---> TOURGUIDESERVICE
getUserRewards ---> TOURGUIDESERVICE
getUserRewards ---> TOURGUIDESERVICE
getUserRewards ---> TOURGUIDESERVICE
getUserRewards ---> TOURGUIDESERVICE
getUserRewards ---> TOURGUIDESERVICE
getUserRewards ---> TOURGUIDESERVICE
getUserRewards ---> TOURGUIDESERVICE
getUserRewards ---> TOURGUIDESERVICE
getUserRewards ---> TOURGUIDESERVICE
getUserRewards ---> TOURGUIDESERVICE
getUserRewards ---> TOURGUIDESERVICE
getUserRewards ---> TOURGUIDESERVICE
getUserRewards ---> TOURGUIDESERVICE
getUserRewards ---> TOURGUIDESERVICE
getUserRewards ---> TOURGUIDESERVICE
getUserRewards ---> TOURGUIDESERVICE
getUserRewards ---> TOURGUIDESERVICE
getUserRewards ---> TOURGUIDESERVICE
getUserRewards ---> TOURGUIDESERVICE
getUserRewards ---> TOURGUIDESERVICE
getUserRewards ---> TOURGUIDESERVICE
getUserRewards ---> TOURGUIDESERVICE
getUserRewards ---> TOURGUIDESERVICE
getUserRewards ---> TOURGUIDESERVICE
getUserRewards ---> TOURGUIDESERVICE
getUserRewards ---> TOURGUIDESERVICE
getUserRewards ---> TOURGUIDESERVICE
getUserRewards ---> TOURGUIDESERVICE
getUserRewards ---> TOURGUIDESERVICE
getUserRewards ---> TOURGUIDESERVICE
getUserRewards ---> TOURGUIDESERVICE
getUserRewards ---> TOURGUIDESERVICE
getUserRewards ---> TOURGUIDESERVICE
getUserRewards ---> TOURGUIDESERVICE
getUserRewards ---> TOURGUIDESERVICE
getUserRewards ---> TOURGUIDESERVICE
getUserRewards ---> TOURGUIDESERVICE
getUserRewards ---> TOURGUIDESERVICE
getUserRewards ---> TOURGUIDESERVICE
getUserRewards ---> TOURGUIDESERVICE
getUserRewards ---> TOURGUIDESERVICE
getUserRewards ---> TOURGUIDESERVICE
getUserRewards ---> TOURGUIDESERVICE
getUserRewards ---> TOURGUIDESERVICE
getUserRewards ---> TOURGUIDESERVICE
getUserRewards ---> TOURGUIDESERVICE
getUserRewards ---> TOURGUIDESERVICE
getUserRewards ---> TOURGUIDESERVICE
getUserRewards ---> TOURGUIDESERVICE
getUserRewards ---> TOURGUIDESERVICE
getUserRewards ---> TOURGUIDESERVICE
getUserRewards ---> TOURGUIDESERVICE
getUserRewards ---> TOURGUIDESERVICE
getUserRewards ---> TOURGUIDESERVICE
getUserRewards ---> TOURGUIDESERVICE
getUserRewards ---> TOURGUIDESERVICE
getUserRewards ---> TOURGUIDESERVICE
getUserRewards ---> TOURGUIDESERVICE
getUserRewards ---> TOURGUIDESERVICE
getUserRewards ---> TOURGUIDESERVICE
getUserRewards ---> TOURGUIDESERVICE
getUserRewards ---> TOURGUIDESERVICE
getUserRewards ---> TOURGUIDESERVICE
getUserRewards ---> TOURGUIDESERVICE
getUserRewards ---> TOURGUIDESERVICE
getUserRewards ---> TOURGUIDESERVICE
getUserRewards ---> TOURGUIDESERVICE
getUserRewards ---> TOURGUIDESERVICE
getUserRewards ---> TOURGUIDESERVICE
getUserRewards ---> TOURGUIDESERVICE
getUserRewards ---> TOURGUIDESERVICE
getUserRewards ---> TOURGUIDESERVICE
getUserRewards ---> TOURGUIDESERVICE
getUserRewards ---> TOURGUIDESERVICE
getUserRewards ---> TOURGUIDESERVICE
getUserRewards ---> TOURGUIDESERVICE
getUserRewards ---> TOURGUIDESERVICE
getUserRewards ---> TOURGUIDESERVICE
getUserRewards ---> TOURGUIDESERVICE
getUserRewards ---> TOURGUIDESERVICE
getUserRewards ---> TOURGUIDESERVICE
getUserRewards ---> TOURGUIDESERVICE
getUserRewards ---> TOURGUIDESERVICE
getUserRewards ---> TOURGUIDESERVICE
getUserRewards ---> TOURGUIDESERVICE
getUserRewards ---> TOURGUIDESERVICE
getUserRewards ---> TOURGUIDESERVICE
getUserRewards ---> TOURGUIDESERVICE
getUserRewards ---> TOURGUIDESERVICE
getUserRewards ---> TOURGUIDESERVICE
getUserRewards ---> TOURGUIDESERVICE
getUserRewards ---> TOURGUIDESERVICE
getUserRewards ---> TOURGUIDESERVICE
getUserRewards ---> TOURGUIDESERVICE
getUserRewards ---> TOURGUIDESERVICE
getUserRewards ---> TOURGUIDESERVICE
getUserRewards ---> TOURGUIDESERVICE
getUserRewards ---> TOURGUIDESERVICE
getUserRewards ---> TOURGUIDESERVICE
getUserRewards ---> TOURGUIDESERVICE
getUserRewards ---> TOURGUIDESERVICE
getUserRewards ---> TOURGUIDESERVICE
getUserRewards ---> TOURGUIDESERVICE
getUserRewards ---> TOURGUIDESERVICE
getUserRewards ---> TOURGUIDESERVICE
getUserRewards ---> TOURGUIDESERVICE
getUserRewards ---> TOURGUIDESERVICE
getUserRewards ---> TOURGUIDESERVICE
getUserRewards ---> TOURGUIDESERVICE
getUserRewards ---> TOURGUIDESERVICE
getUserRewards ---> TOURGUIDESERVICE
getUserRewards ---> TOURGUIDESERVICE
getUserRewards ---> TOURGUIDESERVICE
getUserRewards ---> TOURGUIDESERVICE
getUserRewards ---> TOURGUIDESERVICE
getUserRewards ---> TOURGUIDESERVICE
getUserRewards ---> TOURGUIDESERVICE
getUserRewards ---> TOURGUIDESERVICE
getUserRewards ---> TOURGUIDESERVICE
getUserRewards ---> TOURGUIDESERVICE
getUserRewards ---> TOURGUIDESERVICE
getUserRewards ---> TOURGUIDESERVICE
getUserRewards ---> TOURGUIDESERVICE
getUserRewards ---> TOURGUIDESERVICE
getUserRewards ---> TOURGUIDESERVICE
getUserRewards ---> TOURGUIDESERVICE
getUserRewards ---> TOURGUIDESERVICE
getUserRewards ---> TOURGUIDESERVICE
getUserRewards ---> TOURGUIDESERVICE
getUserRewards ---> TOURGUIDESERVICE
getUserRewards ---> TOURGUIDESERVICE
getUserRewards ---> TOURGUIDESERVICE
getUserRewards ---> TOURGUIDESERVICE
getUserRewards ---> TOURGUIDESERVICE
getUserRewards ---> TOURGUIDESERVICE
getUserRewards ---> TOURGUIDESERVICE
getUserRewards ---> TOURGUIDESERVICE
getUserRewards ---> TOURGUIDESERVICE
getUserRewards ---> TOURGUIDESERVICE
getUserRewards ---> TOURGUIDESERVICE
getUserRewards ---> TOURGUIDESERVICE
getUserRewards ---> TOURGUIDESERVICE
getUserRewards ---> TOURGUIDESERVICE
getUserRewards ---> TOURGUIDESERVICE
getUserRewards ---> TOURGUIDESERVICE
getUserRewards ---> TOURGUIDESERVICE
getUserRewards ---> TOURGUIDESERVICE
getUserRewards ---> TOURGUIDESERVICE
getUserRewards ---> TOURGUIDESERVICE
getUserRewards ---> TOURGUIDESERVICE
getUserRewards ---> TOURGUIDESERVICE
getUserRewards ---> TOURGUIDESERVICE
getUserRewards ---> TOURGUIDESERVICE
getUserRewards ---> TOURGUIDESERVICE
getUserRewards ---> TOURGUIDESERVICE
getUserRewards ---> TOURGUIDESERVICE
getUserRewards ---> TOURGUIDESERVICE
getUserRewards ---> TOURGUIDESERVICE
getUserRewards ---> TOURGUIDESERVICE
getUserRewards ---> TOURGUIDESERVICE
getUserRewards ---> TOURGUIDESERVICE
getUserRewards ---> TOURGUIDESERVICE
getUserRewards ---> TOURGUIDESERVICE
getUserRewards ---> TOURGUIDESERVICE
getUserRewards ---> TOURGUIDESERVICE
getUserRewards ---> TOURGUIDESERVICE
getUserRewards ---> TOURGUIDESERVICE
getUserRewards ---> TOURGUIDESERVICE
getUserRewards ---> TOURGUIDESERVICE
getUserRewards ---> TOURGUIDESERVICE
getUserRewards ---> TOURGUIDESERVICE
getUserRewards ---> TOURGUIDESERVICE
getUserRewards ---> TOURGUIDESERVICE
getUserRewards ---> TOURGUIDESERVICE
getUserRewards ---> TOURGUIDESERVICE
getUserRewards ---> TOURGUIDESERVICE
getUserRewards ---> TOURGUIDESERVICE
getUserRewards ---> TOURGUIDESERVICE
getUserRewards ---> TOURGUIDESERVICE
getUserRewards ---> TOURGUIDESERVICE
getUserRewards ---> TOURGUIDESERVICE
getUserRewards ---> TOURGUIDESERVICE
getUserRewards ---> TOURGUIDESERVICE
getUserRewards ---> TOURGUIDESERVICE
getUserRewards ---> TOURGUIDESERVICE
getUserRewards ---> TOURGUIDESERVICE
getUserRewards ---> TOURGUIDESERVICE
getUserRewards ---> TOURGUIDESERVICE
getUserRewards ---> TOURGUIDESERVICE
getUserRewards ---> TOURGUIDESERVICE
getUserRewards ---> TOURGUIDESERVICE
getUserRewards ---> TOURGUIDESERVICE
getUserRewards ---> TOURGUIDESERVICE
getUserRewards ---> TOURGUIDESERVICE
getUserRewards ---> TOURGUIDESERVICE
getUserRewards ---> TOURGUIDESERVICE
getUserRewards ---> TOURGUIDESERVICE
getUserRewards ---> TOURGUIDESERVICE
getUserRewards ---> TOURGUIDESERVICE
getUserRewards ---> TOURGUIDESERVICE
getUserRewards ---> TOURGUIDESERVICE
getUserRewards ---> TOURGUIDESERVICE
getUserRewards ---> TOURGUIDESERVICE
getUserRewards ---> TOURGUIDESERVICE
getUserRewards ---> TOURGUIDESERVICE
getUserRewards ---> TOURGUIDESERVICE
getUserRewards ---> TOURGUIDESERVICE
getUserRewards ---> TOURGUIDESERVICE
getUserRewards ---> TOURGUIDESERVICE
getUserRewards ---> TOURGUIDESERVICE
getUserRewards ---> TOURGUIDESERVICE
getUserRewards ---> TOURGUIDESERVICE
getUserRewards ---> TOURGUIDESERVICE
getUserRewards ---> TOURGUIDESERVICE
getUserRewards ---> TOURGUIDESERVICE
getUserRewards ---> TOURGUIDESERVICE
getUserRewards ---> TOURGUIDESERVICE
getUserRewards ---> TOURGUIDESERVICE
getUserRewards ---> TOURGUIDESERVICE
getUserRewards ---> TOURGUIDESERVICE
getUserRewards ---> TOURGUIDESERVICE
getUserRewards ---> TOURGUIDESERVICE
getUserRewards ---> TOURGUIDESERVICE
getUserRewards ---> TOURGUIDESERVICE
getUserRewards ---> TOURGUIDESERVICE
getUserRewards ---> TOURGUIDESERVICE
getUserRewards ---> TOURGUIDESERVICE
getUserRewards ---> TOURGUIDESERVICE
getUserRewards ---> TOURGUIDESERVICE
getUserRewards ---> TOURGUIDESERVICE
getUserRewards ---> TOURGUIDESERVICE
getUserRewards ---> TOURGUIDESERVICE
getUserRewards ---> TOURGUIDESERVICE
getUserRewards ---> TOURGUIDESERVICE
getUserRewards ---> TOURGUIDESERVICE
getUserRewards ---> TOURGUIDESERVICE
getUserRewards ---> TOURGUIDESERVICE
getUserRewards ---> TOURGUIDESERVICE
getUserRewards ---> TOURGUIDESERVICE
getUserRewards ---> TOURGUIDESERVICE
getUserRewards ---> TOURGUIDESERVICE
getUserRewards ---> TOURGUIDESERVICE
getUserRewards ---> TOURGUIDESERVICE
getUserRewards ---> TOURGUIDESERVICE
getUserRewards ---> TOURGUIDESERVICE
getUserRewards ---> TOURGUIDESERVICE
getUserRewards ---> TOURGUIDESERVICE
getUserRewards ---> TOURGUIDESERVICE
getUserRewards ---> TOURGUIDESERVICE
getUserRewards ---> TOURGUIDESERVICE
getUserRewards ---> TOURGUIDESERVICE
getUserRewards ---> TOURGUIDESERVICE
getUserRewards ---> TOURGUIDESERVICE
getUserRewards ---> TOURGUIDESERVICE
getUserRewards ---> TOURGUIDESERVICE
getUserRewards ---> TOURGUIDESERVICE
getUserRewards ---> TOURGUIDESERVICE
getUserRewards ---> TOURGUIDESERVICE
getUserRewards ---> TOURGUIDESERVICE
getUserRewards ---> TOURGUIDESERVICE
getUserRewards ---> TOURGUIDESERVICE
getUserRewards ---> TOURGUIDESERVICE
getUserRewards ---> TOURGUIDESERVICE
getUserRewards ---> TOURGUIDESERVICE
getUserRewards ---> TOURGUIDESERVICE
getUserRewards ---> TOURGUIDESERVICE
getUserRewards ---> TOURGUIDESERVICE
getUserRewards ---> TOURGUIDESERVICE
getUserRewards ---> TOURGUIDESERVICE
getUserRewards ---> TOURGUIDESERVICE
getUserRewards ---> TOURGUIDESERVICE
getUserRewards ---> TOURGUIDESERVICE
getUserRewards ---> TOURGUIDESERVICE
getUserRewards ---> TOURGUIDESERVICE
getUserRewards ---> TOURGUIDESERVICE
getUserRewards ---> TOURGUIDESERVICE
getUserRewards ---> TOURGUIDESERVICE
getUserRewards ---> TOURGUIDESERVICE
getUserRewards ---> TOURGUIDESERVICE
getUserRewards ---> TOURGUIDESERVICE
getUserRewards ---> TOURGUIDESERVICE
getUserRewards ---> TOURGUIDESERVICE
getUserRewards ---> TOURGUIDESERVICE
getUserRewards ---> TOURGUIDESERVICE
getUserRewards ---> TOURGUIDESERVICE
getUserRewards ---> TOURGUIDESERVICE
getUserRewards ---> TOURGUIDESERVICE
getUserRewards ---> TOURGUIDESERVICE
getUserRewards ---> TOURGUIDESERVICE
getUserRewards ---> TOURGUIDESERVICE
getUserRewards ---> TOURGUIDESERVICE
getUserRewards ---> TOURGUIDESERVICE
getUserRewards ---> TOURGUIDESERVICE
getUserRewards ---> TOURGUIDESERVICE
getUserRewards ---> TOURGUIDESERVICE
getUserRewards ---> TOURGUIDESERVICE
getUserRewards ---> TOURGUIDESERVICE
getUserRewards ---> TOURGUIDESERVICE
getUserRewards ---> TOURGUIDESERVICE
getUserRewards ---> TOURGUIDESERVICE
getUserRewards ---> TOURGUIDESERVICE
getUserRewards ---> TOURGUIDESERVICE
getUserRewards ---> TOURGUIDESERVICE
getUserRewards ---> TOURGUIDESERVICE
getUserRewards ---> TOURGUIDESERVICE
getUserRewards ---> TOURGUIDESERVICE
getUserRewards ---> TOURGUIDESERVICE
getUserRewards ---> TOURGUIDESERVICE
getUserRewards ---> TOURGUIDESERVICE
getUserRewards ---> TOURGUIDESERVICE
getUserRewards ---> TOURGUIDESERVICE
getUserRewards ---> TOURGUIDESERVICE
getUserRewards ---> TOURGUIDESERVICE
getUserRewards ---> TOURGUIDESERVICE
getUserRewards ---> TOURGUIDESERVICE
getUserRewards ---> TOURGUIDESERVICE
getUserRewards ---> TOURGUIDESERVICE
getUserRewards ---> TOURGUIDESERVICE
getUserRewards ---> TOURGUIDESERVICE
getUserRewards ---> TOURGUIDESERVICE
getUserRewards ---> TOURGUIDESERVICE
getUserRewards ---> TOURGUIDESERVICE
getUserRewards ---> TOURGUIDESERVICE
getUserRewards ---> TOURGUIDESERVICE
getUserRewards ---> TOURGUIDESERVICE
getUserRewards ---> TOURGUIDESERVICE
getUserRewards ---> TOURGUIDESERVICE
getUserRewards ---> TOURGUIDESERVICE
getUserRewards ---> TOURGUIDESERVICE
getUserRewards ---> TOURGUIDESERVICE
getUserRewards ---> TOURGUIDESERVICE
getUserRewards ---> TOURGUIDESERVICE
getUserRewards ---> TOURGUIDESERVICE
getUserRewards ---> TOURGUIDESERVICE
getUserRewards ---> TOURGUIDESERVICE
getUserRewards ---> TOURGUIDESERVICE
getUserRewards ---> TOURGUIDESERVICE
getUserRewards ---> TOURGUIDESERVICE
getUserRewards ---> TOURGUIDESERVICE
getUserRewards ---> TOURGUIDESERVICE
getUserRewards ---> TOURGUIDESERVICE
getUserRewards ---> TOURGUIDESERVICE
getUserRewards ---> TOURGUIDESERVICE
getUserRewards ---> TOURGUIDESERVICE
getUserRewards ---> TOURGUIDESERVICE
getUserRewards ---> TOURGUIDESERVICE
getUserRewards ---> TOURGUIDESERVICE
getUserRewards ---> TOURGUIDESERVICE
getUserRewards ---> TOURGUIDESERVICE
getUserRewards ---> TOURGUIDESERVICE
getUserRewards ---> TOURGUIDESERVICE
getUserRewards ---> TOURGUIDESERVICE
getUserRewards ---> TOURGUIDESERVICE
getUserRewards ---> TOURGUIDESERVICE
getUserRewards ---> TOURGUIDESERVICE
getUserRewards ---> TOURGUIDESERVICE
getUserRewards ---> TOURGUIDESERVICE
getUserRewards ---> TOURGUIDESERVICE
getUserRewards ---> TOURGUIDESERVICE
getUserRewards ---> TOURGUIDESERVICE
getUserRewards ---> TOURGUIDESERVICE
getUserRewards ---> TOURGUIDESERVICE
getUserRewards ---> TOURGUIDESERVICE
getUserRewards ---> TOURGUIDESERVICE
getUserRewards ---> TOURGUIDESERVICE
getUserRewards ---> TOURGUIDESERVICE
getUserRewards ---> TOURGUIDESERVICE
getUserRewards ---> TOURGUIDESERVICE
getUserRewards ---> TOURGUIDESERVICE
getUserRewards ---> TOURGUIDESERVICE
getUserRewards ---> TOURGUIDESERVICE
getUserRewards ---> TOURGUIDESERVICE
getUserRewards ---> TOURGUIDESERVICE
getUserRewards ---> TOURGUIDESERVICE
getUserRewards ---> TOURGUIDESERVICE
getUserRewards ---> TOURGUIDESERVICE
getUserRewards ---> TOURGUIDESERVICE
getUserRewards ---> TOURGUIDESERVICE
getUserRewards ---> TOURGUIDESERVICE
getUserRewards ---> TOURGUIDESERVICE
getUserRewards ---> TOURGUIDESERVICE
getUserRewards ---> TOURGUIDESERVICE
getUserRewards ---> TOURGUIDESERVICE
getUserRewards ---> TOURGUIDESERVICE
getUserRewards ---> TOURGUIDESERVICE
getUserRewards ---> TOURGUIDESERVICE
getUserRewards ---> TOURGUIDESERVICE
getUserRewards ---> TOURGUIDESERVICE
getUserRewards ---> TOURGUIDESERVICE
getUserRewards ---> TOURGUIDESERVICE
getUserRewards ---> TOURGUIDESERVICE
getUserRewards ---> TOURGUIDESERVICE
getUserRewards ---> TOURGUIDESERVICE
getUserRewards ---> TOURGUIDESERVICE
getUserRewards ---> TOURGUIDESERVICE
getUserRewards ---> TOURGUIDESERVICE
getUserRewards ---> TOURGUIDESERVICE
getUserRewards ---> TOURGUIDESERVICE
getUserRewards ---> TOURGUIDESERVICE
getUserRewards ---> TOURGUIDESERVICE
getUserRewards ---> TOURGUIDESERVICE
getUserRewards ---> TOURGUIDESERVICE
getUserRewards ---> TOURGUIDESERVICE
getUserRewards ---> TOURGUIDESERVICE
getUserRewards ---> TOURGUIDESERVICE
getUserRewards ---> TOURGUIDESERVICE
getUserRewards ---> TOURGUIDESERVICE
getUserRewards ---> TOURGUIDESERVICE
getUserRewards ---> TOURGUIDESERVICE
getUserRewards ---> TOURGUIDESERVICE
getUserRewards ---> TOURGUIDESERVICE
getUserRewards ---> TOURGUIDESERVICE
getUserRewards ---> TOURGUIDESERVICE
getUserRewards ---> TOURGUIDESERVICE
getUserRewards ---> TOURGUIDESERVICE
getUserRewards ---> TOURGUIDESERVICE
getUserRewards ---> TOURGUIDESERVICE
getUserRewards ---> TOURGUIDESERVICE
getUserRewards ---> TOURGUIDESERVICE
getUserRewards ---> TOURGUIDESERVICE
getUserRewards ---> TOURGUIDESERVICE
getUserRewards ---> TOURGUIDESERVICE
getUserRewards ---> TOURGUIDESERVICE
getUserRewards ---> TOURGUIDESERVICE
getUserRewards ---> TOURGUIDESERVICE
getUserRewards ---> TOURGUIDESERVICE
getUserRewards ---> TOURGUIDESERVICE
getUserRewards ---> TOURGUIDESERVICE
getUserRewards ---> TOURGUIDESERVICE
getUserRewards ---> TOURGUIDESERVICE
getUserRewards ---> TOURGUIDESERVICE
getUserRewards ---> TOURGUIDESERVICE
getUserRewards ---> TOURGUIDESERVICE
getUserRewards ---> TOURGUIDESERVICE
getUserRewards ---> TOURGUIDESERVICE
getUserRewards ---> TOURGUIDESERVICE
getUserRewards ---> TOURGUIDESERVICE
getUserRewards ---> TOURGUIDESERVICE
getUserRewards ---> TOURGUIDESERVICE
getUserRewards ---> TOURGUIDESERVICE
getUserRewards ---> TOURGUIDESERVICE
getUserRewards ---> TOURGUIDESERVICE
getUserRewards ---> TOURGUIDESERVICE
getUserRewards ---> TOURGUIDESERVICE
getUserRewards ---> TOURGUIDESERVICE
getUserRewards ---> TOURGUIDESERVICE
getUserRewards ---> TOURGUIDESERVICE
getUserRewards ---> TOURGUIDESERVICE
getUserRewards ---> TOURGUIDESERVICE
getUserRewards ---> TOURGUIDESERVICE
getUserRewards ---> TOURGUIDESERVICE
getUserRewards ---> TOURGUIDESERVICE
getUserRewards ---> TOURGUIDESERVICE
getUserRewards ---> TOURGUIDESERVICE
getUserRewards ---> TOURGUIDESERVICE
getUserRewards ---> TOURGUIDESERVICE
getUserRewards ---> TOURGUIDESERVICE
getUserRewards ---> TOURGUIDESERVICE
getUserRewards ---> TOURGUIDESERVICE
getUserRewards ---> TOURGUIDESERVICE
getUserRewards ---> TOURGUIDESERVICE
getUserRewards ---> TOURGUIDESERVICE
getUserRewards ---> TOURGUIDESERVICE
getUserRewards ---> TOURGUIDESERVICE
getUserRewards ---> TOURGUIDESERVICE
getUserRewards ---> TOURGUIDESERVICE
getUserRewards ---> TOURGUIDESERVICE
getUserRewards ---> TOURGUIDESERVICE
getUserRewards ---> TOURGUIDESERVICE
getUserRewards ---> TOURGUIDESERVICE
getUserRewards ---> TOURGUIDESERVICE
getUserRewards ---> TOURGUIDESERVICE
getUserRewards ---> TOURGUIDESERVICE
getUserRewards ---> TOURGUIDESERVICE
getUserRewards ---> TOURGUIDESERVICE
getUserRewards ---> TOURGUIDESERVICE
getUserRewards ---> TOURGUIDESERVICE
getUserRewards ---> TOURGUIDESERVICE
getUserRewards ---> TOURGUIDESERVICE
getUserRewards ---> TOURGUIDESERVICE
getUserRewards ---> TOURGUIDESERVICE
getUserRewards ---> TOURGUIDESERVICE
getUserRewards ---> TOURGUIDESERVICE
getUserRewards ---> TOURGUIDESERVICE
getUserRewards ---> TOURGUIDESERVICE
getUserRewards ---> TOURGUIDESERVICE
getUserRewards ---> TOURGUIDESERVICE
getUserRewards ---> TOURGUIDESERVICE
getUserRewards ---> TOURGUIDESERVICE
getUserRewards ---> TOURGUIDESERVICE
getUserRewards ---> TOURGUIDESERVICE
getUserRewards ---> TOURGUIDESERVICE
getUserRewards ---> TOURGUIDESERVICE
getUserRewards ---> TOURGUIDESERVICE
getUserRewards ---> TOURGUIDESERVICE
getUserRewards ---> TOURGUIDESERVICE
getUserRewards ---> TOURGUIDESERVICE
getUserRewards ---> TOURGUIDESERVICE
getUserRewards ---> TOURGUIDESERVICE
getUserRewards ---> TOURGUIDESERVICE
getUserRewards ---> TOURGUIDESERVICE
getUserRewards ---> TOURGUIDESERVICE
getUserRewards ---> TOURGUIDESERVICE
getUserRewards ---> TOURGUIDESERVICE
getUserRewards ---> TOURGUIDESERVICE
getUserRewards ---> TOURGUIDESERVICE
getUserRewards ---> TOURGUIDESERVICE
getUserRewards ---> TOURGUIDESERVICE
getUserRewards ---> TOURGUIDESERVICE
getUserRewards ---> TOURGUIDESERVICE
getUserRewards ---> TOURGUIDESERVICE
getUserRewards ---> TOURGUIDESERVICE
getUserRewards ---> TOURGUIDESERVICE
getUserRewards ---> TOURGUIDESERVICE
getUserRewards ---> TOURGUIDESERVICE
getUserRewards ---> TOURGUIDESERVICE
getUserRewards ---> TOURGUIDESERVICE
getUserRewards ---> TOURGUIDESERVICE
getUserRewards ---> TOURGUIDESERVICE
getUserRewards ---> TOURGUIDESERVICE
getUserRewards ---> TOURGUIDESERVICE
getUserRewards ---> TOURGUIDESERVICE
getUserRewards ---> TOURGUIDESERVICE
getUserRewards ---> TOURGUIDESERVICE
getUserRewards ---> TOURGUIDESERVICE
getUserRewards ---> TOURGUIDESERVICE
getUserRewards ---> TOURGUIDESERVICE
getUserRewards ---> TOURGUIDESERVICE
getUserRewards ---> TOURGUIDESERVICE
getUserRewards ---> TOURGUIDESERVICE
getUserRewards ---> TOURGUIDESERVICE
getUserRewards ---> TOURGUIDESERVICE
getUserRewards ---> TOURGUIDESERVICE
getUserRewards ---> TOURGUIDESERVICE
getUserRewards ---> TOURGUIDESERVICE
getUserRewards ---> TOURGUIDESERVICE
getUserRewards ---> TOURGUIDESERVICE
getUserRewards ---> TOURGUIDESERVICE
getUserRewards ---> TOURGUIDESERVICE
getUserRewards ---> TOURGUIDESERVICE
getUserRewards ---> TOURGUIDESERVICE
getUserRewards ---> TOURGUIDESERVICE
getUserRewards ---> TOURGUIDESERVICE
getUserRewards ---> TOURGUIDESERVICE
getUserRewards ---> TOURGUIDESERVICE
getUserRewards ---> TOURGUIDESERVICE
getUserRewards ---> TOURGUIDESERVICE
getUserRewards ---> TOURGUIDESERVICE
getUserRewards ---> TOURGUIDESERVICE
getUserRewards ---> TOURGUIDESERVICE
getUserRewards ---> TOURGUIDESERVICE
getUserRewards ---> TOURGUIDESERVICE
getUserRewards ---> TOURGUIDESERVICE
getUserRewards ---> TOURGUIDESERVICE
getUserRewards ---> TOURGUIDESERVICE
getUserRewards ---> TOURGUIDESERVICE
getUserRewards ---> TOURGUIDESERVICE
getUserRewards ---> TOURGUIDESERVICE
getUserRewards ---> TOURGUIDESERVICE
getUserRewards ---> TOURGUIDESERVICE
getUserRewards ---> TOURGUIDESERVICE
getUserRewards ---> TOURGUIDESERVICE
getUserRewards ---> TOURGUIDESERVICE
getUserRewards ---> TOURGUIDESERVICE
getUserRewards ---> TOURGUIDESERVICE
getUserRewards ---> TOURGUIDESERVICE
getUserRewards ---> TOURGUIDESERVICE
getUserRewards ---> TOURGUIDESERVICE
getUserRewards ---> TOURGUIDESERVICE
getUserRewards ---> TOURGUIDESERVICE
getUserRewards ---> TOURGUIDESERVICE
getUserRewards ---> TOURGUIDESERVICE
getUserRewards ---> TOURGUIDESERVICE
getUserRewards ---> TOURGUIDESERVICE
getUserRewards ---> TOURGUIDESERVICE
getUserRewards ---> TOURGUIDESERVICE
getUserRewards ---> TOURGUIDESERVICE
getUserRewards ---> TOURGUIDESERVICE
getUserRewards ---> TOURGUIDESERVICE
getUserRewards ---> TOURGUIDESERVICE
getUserRewards ---> TOURGUIDESERVICE
getUserRewards ---> TOURGUIDESERVICE
getUserRewards ---> TOURGUIDESERVICE
getUserRewards ---> TOURGUIDESERVICE
getUserRewards ---> TOURGUIDESERVICE
getUserRewards ---> TOURGUIDESERVICE
getUserRewards ---> TOURGUIDESERVICE
getUserRewards ---> TOURGUIDESERVICE
getUserRewards ---> TOURGUIDESERVICE
getUserRewards ---> TOURGUIDESERVICE
getUserRewards ---> TOURGUIDESERVICE
getUserRewards ---> TOURGUIDESERVICE
getUserRewards ---> TOURGUIDESERVICE
getUserRewards ---> TOURGUIDESERVICE
getUserRewards ---> TOURGUIDESERVICE
getUserRewards ---> TOURGUIDESERVICE
getUserRewards ---> TOURGUIDESERVICE
getUserRewards ---> TOURGUIDESERVICE
getUserRewards ---> TOURGUIDESERVICE
getUserRewards ---> TOURGUIDESERVICE
getUserRewards ---> TOURGUIDESERVICE
getUserRewards ---> TOURGUIDESERVICE
getUserRewards ---> TOURGUIDESERVICE
getUserRewards ---> TOURGUIDESERVICE
getUserRewards ---> TOURGUIDESERVICE
getUserRewards ---> TOURGUIDESERVICE
getUserRewards ---> TOURGUIDESERVICE
getUserRewards ---> TOURGUIDESERVICE
getUserRewards ---> TOURGUIDESERVICE
getUserRewards ---> TOURGUIDESERVICE
getUserRewards ---> TOURGUIDESERVICE
getUserRewards ---> TOURGUIDESERVICE
getUserRewards ---> TOURGUIDESERVICE
getUserRewards ---> TOURGUIDESERVICE
getUserRewards ---> TOURGUIDESERVICE
getUserRewards ---> TOURGUIDESERVICE
getUserRewards ---> TOURGUIDESERVICE
getUserRewards ---> TOURGUIDESERVICE
getUserRewards ---> TOURGUIDESERVICE
getUserRewards ---> TOURGUIDESERVICE
getUserRewards ---> TOURGUIDESERVICE
getUserRewards ---> TOURGUIDESERVICE
getUserRewards ---> TOURGUIDESERVICE
getUserRewards ---> TOURGUIDESERVICE
getUserRewards ---> TOURGUIDESERVICE
getUserRewards ---> TOURGUIDESERVICE
getUserRewards ---> TOURGUIDESERVICE
getUserRewards ---> TOURGUIDESERVICE
getUserRewards ---> TOURGUIDESERVICE
getUserRewards ---> TOURGUIDESERVICE
getUserRewards ---> TOURGUIDESERVICE
getUserRewards ---> TOURGUIDESERVICE
getUserRewards ---> TOURGUIDESERVICE
getUserRewards ---> TOURGUIDESERVICE
getUserRewards ---> TOURGUIDESERVICE
getUserRewards ---> TOURGUIDESERVICE
getUserRewards ---> TOURGUIDESERVICE
getUserRewards ---> TOURGUIDESERVICE
getUserRewards ---> TOURGUIDESERVICE
getUserRewards ---> TOURGUIDESERVICE
getUserRewards ---> TOURGUIDESERVICE
getUserRewards ---> TOURGUIDESERVICE
getUserRewards ---> TOURGUIDESERVICE
getUserRewards ---> TOURGUIDESERVICE
getUserRewards ---> TOURGUIDESERVICE
getUserRewards ---> TOURGUIDESERVICE
getUserRewards ---> TOURGUIDESERVICE
getUserRewards ---> TOURGUIDESERVICE
getUserRewards ---> TOURGUIDESERVICE
getUserRewards ---> TOURGUIDESERVICE
getUserRewards ---> TOURGUIDESERVICE
getUserRewards ---> TOURGUIDESERVICE
getUserRewards ---> TOURGUIDESERVICE
getUserRewards ---> TOURGUIDESERVICE
getUserRewards ---> TOURGUIDESERVICE
getUserRewards ---> TOURGUIDESERVICE
getUserRewards ---> TOURGUIDESERVICE
getUserRewards ---> TOURGUIDESERVICE
getUserRewards ---> TOURGUIDESERVICE
getUserRewards ---> TOURGUIDESERVICE
getUserRewards ---> TOURGUIDESERVICE
getUserRewards ---> TOURGUIDESERVICE
getUserRewards ---> TOURGUIDESERVICE
getUserRewards ---> TOURGUIDESERVICE
getUserRewards ---> TOURGUIDESERVICE
getUserRewards ---> TOURGUIDESERVICE
getUserRewards ---> TOURGUIDESERVICE
getUserRewards ---> TOURGUIDESERVICE
getUserRewards ---> TOURGUIDESERVICE
getUserRewards ---> TOURGUIDESERVICE
getUserRewards ---> TOURGUIDESERVICE
getUserRewards ---> TOURGUIDESERVICE
getUserRewards ---> TOURGUIDESERVICE
getUserRewards ---> TOURGUIDESERVICE
getUserRewards ---> TOURGUIDESERVICE
getUserRewards ---> TOURGUIDESERVICE
getUserRewards ---> TOURGUIDESERVICE
getUserRewards ---> TOURGUIDESERVICE
getUserRewards ---> TOURGUIDESERVICE
getUserRewards ---> TOURGUIDESERVICE
getUserRewards ---> TOURGUIDESERVICE
getUserRewards ---> TOURGUIDESERVICE
getUserRewards ---> TOURGUIDESERVICE
getUserRewards ---> TOURGUIDESERVICE
getUserRewards ---> TOURGUIDESERVICE
getUserRewards ---> TOURGUIDESERVICE
getUserRewards ---> TOURGUIDESERVICE
getUserRewards ---> TOURGUIDESERVICE
getUserRewards ---> TOURGUIDESERVICE
getUserRewards ---> TOURGUIDESERVICE
getUserRewards ---> TOURGUIDESERVICE
getUserRewards ---> TOURGUIDESERVICE
getUserRewards ---> TOURGUIDESERVICE
getUserRewards ---> TOURGUIDESERVICE
getUserRewards ---> TOURGUIDESERVICE
getUserRewards ---> TOURGUIDESERVICE
getUserRewards ---> TOURGUIDESERVICE
getUserRewards ---> TOURGUIDESERVICE
getUserRewards ---> TOURGUIDESERVICE
getUserRewards ---> TOURGUIDESERVICE
getUserRewards ---> TOURGUIDESERVICE
getUserRewards ---> TOURGUIDESERVICE
getUserRewards ---> TOURGUIDESERVICE
getUserRewards ---> TOURGUIDESERVICE
getUserRewards ---> TOURGUIDESERVICE
getUserRewards ---> TOURGUIDESERVICE
getUserRewards ---> TOURGUIDESERVICE
getUserRewards ---> TOURGUIDESERVICE
getUserRewards ---> TOURGUIDESERVICE
getUserRewards ---> TOURGUIDESERVICE
getUserRewards ---> TOURGUIDESERVICE
getUserRewards ---> TOURGUIDESERVICE
getUserRewards ---> TOURGUIDESERVICE
getUserRewards ---> TOURGUIDESERVICE
getUserRewards ---> TOURGUIDESERVICE
getUserRewards ---> TOURGUIDESERVICE
getUserRewards ---> TOURGUIDESERVICE
getUserRewards ---> TOURGUIDESERVICE
getUserRewards ---> TOURGUIDESERVICE
getUserRewards ---> TOURGUIDESERVICE
getUserRewards ---> TOURGUIDESERVICE
getUserRewards ---> TOURGUIDESERVICE
getUserRewards ---> TOURGUIDESERVICE
getUserRewards ---> TOURGUIDESERVICE
getUserRewards ---> TOURGUIDESERVICE
getUserRewards ---> TOURGUIDESERVICE
getUserRewards ---> TOURGUIDESERVICE
getUserRewards ---> TOURGUIDESERVICE
getUserRewards ---> TOURGUIDESERVICE
getUserRewards ---> TOURGUIDESERVICE
getUserRewards ---> TOURGUIDESERVICE
getUserRewards ---> TOURGUIDESERVICE
getUserRewards ---> TOURGUIDESERVICE
getUserRewards ---> TOURGUIDESERVICE
getUserRewards ---> TOURGUIDESERVICE
getUserRewards ---> TOURGUIDESERVICE
getUserRewards ---> TOURGUIDESERVICE
getUserRewards ---> TOURGUIDESERVICE
getUserRewards ---> TOURGUIDESERVICE
getUserRewards ---> TOURGUIDESERVICE
getUserRewards ---> TOURGUIDESERVICE
getUserRewards ---> TOURGUIDESERVICE
getUserRewards ---> TOURGUIDESERVICE
getUserRewards ---> TOURGUIDESERVICE
getUserRewards ---> TOURGUIDESERVICE
getUserRewards ---> TOURGUIDESERVICE
getUserRewards ---> TOURGUIDESERVICE
getUserRewards ---> TOURGUIDESERVICE
getUserRewards ---> TOURGUIDESERVICE
getUserRewards ---> TOURGUIDESERVICE
getUserRewards ---> TOURGUIDESERVICE
getUserRewards ---> TOURGUIDESERVICE
getUserRewards ---> TOURGUIDESERVICE
getUserRewards ---> TOURGUIDESERVICE
getUserRewards ---> TOURGUIDESERVICE
getUserRewards ---> TOURGUIDESERVICE
getUserRewards ---> TOURGUIDESERVICE
getUserRewards ---> TOURGUIDESERVICE
getUserRewards ---> TOURGUIDESERVICE
getUserRewards ---> TOURGUIDESERVICE
getUserRewards ---> TOURGUIDESERVICE
getUserRewards ---> TOURGUIDESERVICE
getUserRewards ---> TOURGUIDESERVICE
getUserRewards ---> TOURGUIDESERVICE
getUserRewards ---> TOURGUIDESERVICE
getUserRewards ---> TOURGUIDESERVICE
getUserRewards ---> TOURGUIDESERVICE
getUserRewards ---> TOURGUIDESERVICE
getUserRewards ---> TOURGUIDESERVICE
getUserRewards ---> TOURGUIDESERVICE
getUserRewards ---> TOURGUIDESERVICE
getUserRewards ---> TOURGUIDESERVICE
getUserRewards ---> TOURGUIDESERVICE
getUserRewards ---> TOURGUIDESERVICE
getUserRewards ---> TOURGUIDESERVICE
getUserRewards ---> TOURGUIDESERVICE
getUserRewards ---> TOURGUIDESERVICE
getUserRewards ---> TOURGUIDESERVICE
getUserRewards ---> TOURGUIDESERVICE
getUserRewards ---> TOURGUIDESERVICE
getUserRewards ---> TOURGUIDESERVICE
getUserRewards ---> TOURGUIDESERVICE
getUserRewards ---> TOURGUIDESERVICE
getUserRewards ---> TOURGUIDESERVICE
getUserRewards ---> TOURGUIDESERVICE
getUserRewards ---> TOURGUIDESERVICE
getUserRewards ---> TOURGUIDESERVICE
getUserRewards ---> TOURGUIDESERVICE
getUserRewards ---> TOURGUIDESERVICE
getUserRewards ---> TOURGUIDESERVICE
getUserRewards ---> TOURGUIDESERVICE
getUserRewards ---> TOURGUIDESERVICE
getUserRewards ---> TOURGUIDESERVICE
getUserRewards ---> TOURGUIDESERVICE
getUserRewards ---> TOURGUIDESERVICE
getUserRewards ---> TOURGUIDESERVICE
getUserRewards ---> TOURGUIDESERVICE
getUserRewards ---> TOURGUIDESERVICE
getUserRewards ---> TOURGUIDESERVICE
getUserRewards ---> TOURGUIDESERVICE
getUserRewards ---> TOURGUIDESERVICE
getUserRewards ---> TOURGUIDESERVICE
getUserRewards ---> TOURGUIDESERVICE
getUserRewards ---> TOURGUIDESERVICE
getUserRewards ---> TOURGUIDESERVICE
getUserRewards ---> TOURGUIDESERVICE
getUserRewards ---> TOURGUIDESERVICE
getUserRewards ---> TOURGUIDESERVICE
getUserRewards ---> TOURGUIDESERVICE
getUserRewards ---> TOURGUIDESERVICE
getUserRewards ---> TOURGUIDESERVICE
getUserRewards ---> TOURGUIDESERVICE
getUserRewards ---> TOURGUIDESERVICE
getUserRewards ---> TOURGUIDESERVICE
getUserRewards ---> TOURGUIDESERVICE
getUserRewards ---> TOURGUIDESERVICE
getUserRewards ---> TOURGUIDESERVICE
getUserRewards ---> TOURGUIDESERVICE
getUserRewards ---> TOURGUIDESERVICE
getUserRewards ---> TOURGUIDESERVICE
getUserRewards ---> TOURGUIDESERVICE
getUserRewards ---> TOURGUIDESERVICE
getUserRewards ---> TOURGUIDESERVICE
getUserRewards ---> TOURGUIDESERVICE
getUserRewards ---> TOURGUIDESERVICE
getUserRewards ---> TOURGUIDESERVICE
getUserRewards ---> TOURGUIDESERVICE
getUserRewards ---> TOURGUIDESERVICE
getUserRewards ---> TOURGUIDESERVICE
getUserRewards ---> TOURGUIDESERVICE
getUserRewards ---> TOURGUIDESERVICE
getUserRewards ---> TOURGUIDESERVICE
getUserRewards ---> TOURGUIDESERVICE
getUserRewards ---> TOURGUIDESERVICE
getUserRewards ---> TOURGUIDESERVICE
getUserRewards ---> TOURGUIDESERVICE
getUserRewards ---> TOURGUIDESERVICE
getUserRewards ---> TOURGUIDESERVICE
getUserRewards ---> TOURGUIDESERVICE
getUserRewards ---> TOURGUIDESERVICE
getUserRewards ---> TOURGUIDESERVICE
getUserRewards ---> TOURGUIDESERVICE
getUserRewards ---> TOURGUIDESERVICE
getUserRewards ---> TOURGUIDESERVICE
getUserRewards ---> TOURGUIDESERVICE
getUserRewards ---> TOURGUIDESERVICE
getUserRewards ---> TOURGUIDESERVICE
getUserRewards ---> TOURGUIDESERVICE
getUserRewards ---> TOURGUIDESERVICE
getUserRewards ---> TOURGUIDESERVICE
getUserRewards ---> TOURGUIDESERVICE
getUserRewards ---> TOURGUIDESERVICE
getUserRewards ---> TOURGUIDESERVICE
getUserRewards ---> TOURGUIDESERVICE
getUserRewards ---> TOURGUIDESERVICE
getUserRewards ---> TOURGUIDESERVICE
getUserRewards ---> TOURGUIDESERVICE
getUserRewards ---> TOURGUIDESERVICE
getUserRewards ---> TOURGUIDESERVICE
getUserRewards ---> TOURGUIDESERVICE
getUserRewards ---> TOURGUIDESERVICE
getUserRewards ---> TOURGUIDESERVICE
getUserRewards ---> TOURGUIDESERVICE
getUserRewards ---> TOURGUIDESERVICE
getUserRewards ---> TOURGUIDESERVICE
getUserRewards ---> TOURGUIDESERVICE
getUserRewards ---> TOURGUIDESERVICE
getUserRewards ---> TOURGUIDESERVICE
getUserRewards ---> TOURGUIDESERVICE
getUserRewards ---> TOURGUIDESERVICE
getUserRewards ---> TOURGUIDESERVICE
getUserRewards ---> TOURGUIDESERVICE
getUserRewards ---> TOURGUIDESERVICE
getUserRewards ---> TOURGUIDESERVICE
getUserRewards ---> TOURGUIDESERVICE
getUserRewards ---> TOURGUIDESERVICE
getUserRewards ---> TOURGUIDESERVICE
getUserRewards ---> TOURGUIDESERVICE
getUserRewards ---> TOURGUIDESERVICE
getUserRewards ---> TOURGUIDESERVICE
getUserRewards ---> TOURGUIDESERVICE
getUserRewards ---> TOURGUIDESERVICE
getUserRewards ---> TOURGUIDESERVICE
getUserRewards ---> TOURGUIDESERVICE
getUserRewards ---> TOURGUIDESERVICE
getUserRewards ---> TOURGUIDESERVICE
getUserRewards ---> TOURGUIDESERVICE
getUserRewards ---> TOURGUIDESERVICE
getUserRewards ---> TOURGUIDESERVICE
getUserRewards ---> TOURGUIDESERVICE
getUserRewards ---> TOURGUIDESERVICE
getUserRewards ---> TOURGUIDESERVICE
getUserRewards ---> TOURGUIDESERVICE
getUserRewards ---> TOURGUIDESERVICE
getUserRewards ---> TOURGUIDESERVICE
getUserRewards ---> TOURGUIDESERVICE
getUserRewards ---> TOURGUIDESERVICE
getUserRewards ---> TOURGUIDESERVICE
getUserRewards ---> TOURGUIDESERVICE
getUserRewards ---> TOURGUIDESERVICE
getUserRewards ---> TOURGUIDESERVICE
getUserRewards ---> TOURGUIDESERVICE
getUserRewards ---> TOURGUIDESERVICE
getUserRewards ---> TOURGUIDESERVICE
getUserRewards ---> TOURGUIDESERVICE
getUserRewards ---> TOURGUIDESERVICE
getUserRewards ---> TOURGUIDESERVICE
getUserRewards ---> TOURGUIDESERVICE
getUserRewards ---> TOURGUIDESERVICE
getUserRewards ---> TOURGUIDESERVICE
getUserRewards ---> TOURGUIDESERVICE
getUserRewards ---> TOURGUIDESERVICE
getUserRewards ---> TOURGUIDESERVICE
getUserRewards ---> TOURGUIDESERVICE
getUserRewards ---> TOURGUIDESERVICE
getUserRewards ---> TOURGUIDESERVICE
getUserRewards ---> TOURGUIDESERVICE
getUserRewards ---> TOURGUIDESERVICE
getUserRewards ---> TOURGUIDESERVICE
getUserRewards ---> TOURGUIDESERVICE
getUserRewards ---> TOURGUIDESERVICE
getUserRewards ---> TOURGUIDESERVICE
getUserRewards ---> TOURGUIDESERVICE
getUserRewards ---> TOURGUIDESERVICE
getUserRewards ---> TOURGUIDESERVICE
getUserRewards ---> TOURGUIDESERVICE
getUserRewards ---> TOURGUIDESERVICE
getUserRewards ---> TOURGUIDESERVICE
getUserRewards ---> TOURGUIDESERVICE
getUserRewards ---> TOURGUIDESERVICE
getUserRewards ---> TOURGUIDESERVICE
getUserRewards ---> TOURGUIDESERVICE
getUserRewards ---> TOURGUIDESERVICE
getUserRewards ---> TOURGUIDESERVICE
getUserRewards ---> TOURGUIDESERVICE
getUserRewards ---> TOURGUIDESERVICE
getUserRewards ---> TOURGUIDESERVICE
getUserRewards ---> TOURGUIDESERVICE
getUserRewards ---> TOURGUIDESERVICE
getUserRewards ---> TOURGUIDESERVICE
getUserRewards ---> TOURGUIDESERVICE
getUserRewards ---> TOURGUIDESERVICE
getUserRewards ---> TOURGUIDESERVICE
getUserRewards ---> TOURGUIDESERVICE
getUserRewards ---> TOURGUIDESERVICE
getUserRewards ---> TOURGUIDESERVICE
getUserRewards ---> TOURGUIDESERVICE
getUserRewards ---> TOURGUIDESERVICE
getUserRewards ---> TOURGUIDESERVICE
getUserRewards ---> TOURGUIDESERVICE
getUserRewards ---> TOURGUIDESERVICE
getUserRewards ---> TOURGUIDESERVICE
getUserRewards ---> TOURGUIDESERVICE
getUserRewards ---> TOURGUIDESERVICE
getUserRewards ---> TOURGUIDESERVICE
getUserRewards ---> TOURGUIDESERVICE
getUserRewards ---> TOURGUIDESERVICE
getUserRewards ---> TOURGUIDESERVICE
getUserRewards ---> TOURGUIDESERVICE
getUserRewards ---> TOURGUIDESERVICE
getUserRewards ---> TOURGUIDESERVICE
getUserRewards ---> TOURGUIDESERVICE
getUserRewards ---> TOURGUIDESERVICE
getUserRewards ---> TOURGUIDESERVICE
getUserRewards ---> TOURGUIDESERVICE
getUserRewards ---> TOURGUIDESERVICE
getUserRewards ---> TOURGUIDESERVICE
getUserRewards ---> TOURGUIDESERVICE
getUserRewards ---> TOURGUIDESERVICE
getUserRewards ---> TOURGUIDESERVICE
getUserRewards ---> TOURGUIDESERVICE
getUserRewards ---> TOURGUIDESERVICE
getUserRewards ---> TOURGUIDESERVICE
getUserRewards ---> TOURGUIDESERVICE
getUserRewards ---> TOURGUIDESERVICE
getUserRewards ---> TOURGUIDESERVICE
getUserRewards ---> TOURGUIDESERVICE
getUserRewards ---> TOURGUIDESERVICE
getUserRewards ---> TOURGUIDESERVICE
getUserRewards ---> TOURGUIDESERVICE
getUserRewards ---> TOURGUIDESERVICE
getUserRewards ---> TOURGUIDESERVICE
getUserRewards ---> TOURGUIDESERVICE
getUserRewards ---> TOURGUIDESERVICE
getUserRewards ---> TOURGUIDESERVICE
getUserRewards ---> TOURGUIDESERVICE
getUserRewards ---> TOURGUIDESERVICE
getUserRewards ---> TOURGUIDESERVICE
getUserRewards ---> TOURGUIDESERVICE
getUserRewards ---> TOURGUIDESERVICE
getUserRewards ---> TOURGUIDESERVICE
getUserRewards ---> TOURGUIDESERVICE
getUserRewards ---> TOURGUIDESERVICE
getUserRewards ---> TOURGUIDESERVICE
getUserRewards ---> TOURGUIDESERVICE
getUserRewards ---> TOURGUIDESERVICE
getUserRewards ---> TOURGUIDESERVICE
getUserRewards ---> TOURGUIDESERVICE
getUserRewards ---> TOURGUIDESERVICE
getUserRewards ---> TOURGUIDESERVICE
getUserRewards ---> TOURGUIDESERVICE
getUserRewards ---> TOURGUIDESERVICE
getUserRewards ---> TOURGUIDESERVICE
getUserRewards ---> TOURGUIDESERVICE
getUserRewards ---> TOURGUIDESERVICE
getUserRewards ---> TOURGUIDESERVICE
getUserRewards ---> TOURGUIDESERVICE
getUserRewards ---> TOURGUIDESERVICE
getUserRewards ---> TOURGUIDESERVICE
getUserRewards ---> TOURGUIDESERVICE
getUserRewards ---> TOURGUIDESERVICE
getUserRewards ---> TOURGUIDESERVICE
getUserRewards ---> TOURGUIDESERVICE
getUserRewards ---> TOURGUIDESERVICE
getUserRewards ---> TOURGUIDESERVICE
getUserRewards ---> TOURGUIDESERVICE
getUserRewards ---> TOURGUIDESERVICE
getUserRewards ---> TOURGUIDESERVICE
getUserRewards ---> TOURGUIDESERVICE
getUserRewards ---> TOURGUIDESERVICE
getUserRewards ---> TOURGUIDESERVICE
getUserRewards ---> TOURGUIDESERVICE
getUserRewards ---> TOURGUIDESERVICE
getUserRewards ---> TOURGUIDESERVICE
getUserRewards ---> TOURGUIDESERVICE
getUserRewards ---> TOURGUIDESERVICE
getUserRewards ---> TOURGUIDESERVICE
getUserRewards ---> TOURGUIDESERVICE
getUserRewards ---> TOURGUIDESERVICE
getUserRewards ---> TOURGUIDESERVICE
getUserRewards ---> TOURGUIDESERVICE
getUserRewards ---> TOURGUIDESERVICE
getUserRewards ---> TOURGUIDESERVICE
getUserRewards ---> TOURGUIDESERVICE
getUserRewards ---> TOURGUIDESERVICE
getUserRewards ---> TOURGUIDESERVICE
getUserRewards ---> TOURGUIDESERVICE
getUserRewards ---> TOURGUIDESERVICE
getUserRewards ---> TOURGUIDESERVICE
getUserRewards ---> TOURGUIDESERVICE
getUserRewards ---> TOURGUIDESERVICE
getUserRewards ---> TOURGUIDESERVICE
getUserRewards ---> TOURGUIDESERVICE
getUserRewards ---> TOURGUIDESERVICE
getUserRewards ---> TOURGUIDESERVICE
getUserRewards ---> TOURGUIDESERVICE
getUserRewards ---> TOURGUIDESERVICE
getUserRewards ---> TOURGUIDESERVICE
getUserRewards ---> TOURGUIDESERVICE
getUserRewards ---> TOURGUIDESERVICE
getUserRewards ---> TOURGUIDESERVICE
getUserRewards ---> TOURGUIDESERVICE
getUserRewards ---> TOURGUIDESERVICE
getUserRewards ---> TOURGUIDESERVICE
getUserRewards ---> TOURGUIDESERVICE
getUserRewards ---> TOURGUIDESERVICE
getUserRewards ---> TOURGUIDESERVICE
getUserRewards ---> TOURGUIDESERVICE
getUserRewards ---> TOURGUIDESERVICE
getUserRewards ---> TOURGUIDESERVICE
getUserRewards ---> TOURGUIDESERVICE
getUserRewards ---> TOURGUIDESERVICE
getUserRewards ---> TOURGUIDESERVICE
getUserRewards ---> TOURGUIDESERVICE
getUserRewards ---> TOURGUIDESERVICE
getUserRewards ---> TOURGUIDESERVICE
getUserRewards ---> TOURGUIDESERVICE
getUserRewards ---> TOURGUIDESERVICE
getUserRewards ---> TOURGUIDESERVICE
getUserRewards ---> TOURGUIDESERVICE
getUserRewards ---> TOURGUIDESERVICE
getUserRewards ---> TOURGUIDESERVICE
getUserRewards ---> TOURGUIDESERVICE
getUserRewards ---> TOURGUIDESERVICE
getUserRewards ---> TOURGUIDESERVICE
getUserRewards ---> TOURGUIDESERVICE
getUserRewards ---> TOURGUIDESERVICE
getUserRewards ---> TOURGUIDESERVICE
getUserRewards ---> TOURGUIDESERVICE
getUserRewards ---> TOURGUIDESERVICE
getUserRewards ---> TOURGUIDESERVICE
getUserRewards ---> TOURGUIDESERVICE
getUserRewards ---> TOURGUIDESERVICE
getUserRewards ---> TOURGUIDESERVICE
getUserRewards ---> TOURGUIDESERVICE
getUserRewards ---> TOURGUIDESERVICE
getUserRewards ---> TOURGUIDESERVICE
getUserRewards ---> TOURGUIDESERVICE
getUserRewards ---> TOURGUIDESERVICE
getUserRewards ---> TOURGUIDESERVICE
getUserRewards ---> TOURGUIDESERVICE
getUserRewards ---> TOURGUIDESERVICE
getUserRewards ---> TOURGUIDESERVICE
getUserRewards ---> TOURGUIDESERVICE
getUserRewards ---> TOURGUIDESERVICE
getUserRewards ---> TOURGUIDESERVICE
getUserRewards ---> TOURGUIDESERVICE
getUserRewards ---> TOURGUIDESERVICE
getUserRewards ---> TOURGUIDESERVICE
getUserRewards ---> TOURGUIDESERVICE
getUserRewards ---> TOURGUIDESERVICE
getUserRewards ---> TOURGUIDESERVICE
getUserRewards ---> TOURGUIDESERVICE
getUserRewards ---> TOURGUIDESERVICE
getUserRewards ---> TOURGUIDESERVICE
getUserRewards ---> TOURGUIDESERVICE
getUserRewards ---> TOURGUIDESERVICE
getUserRewards ---> TOURGUIDESERVICE
getUserRewards ---> TOURGUIDESERVICE
getUserRewards ---> TOURGUIDESERVICE
getUserRewards ---> TOURGUIDESERVICE
getUserRewards ---> TOURGUIDESERVICE
getUserRewards ---> TOURGUIDESERVICE
getUserRewards ---> TOURGUIDESERVICE
getUserRewards ---> TOURGUIDESERVICE
getUserRewards ---> TOURGUIDESERVICE
getUserRewards ---> TOURGUIDESERVICE
getUserRewards ---> TOURGUIDESERVICE
getUserRewards ---> TOURGUIDESERVICE
getUserRewards ---> TOURGUIDESERVICE
getUserRewards ---> TOURGUIDESERVICE
getUserRewards ---> TOURGUIDESERVICE
getUserRewards ---> TOURGUIDESERVICE
getUserRewards ---> TOURGUIDESERVICE
getUserRewards ---> TOURGUIDESERVICE
getUserRewards ---> TOURGUIDESERVICE
getUserRewards ---> TOURGUIDESERVICE
getUserRewards ---> TOURGUIDESERVICE
getUserRewards ---> TOURGUIDESERVICE
getUserRewards ---> TOURGUIDESERVICE
getUserRewards ---> TOURGUIDESERVICE
getUserRewards ---> TOURGUIDESERVICE
getUserRewards ---> TOURGUIDESERVICE
getUserRewards ---> TOURGUIDESERVICE
getUserRewards ---> TOURGUIDESERVICE
getUserRewards ---> TOURGUIDESERVICE
getUserRewards ---> TOURGUIDESERVICE
getUserRewards ---> TOURGUIDESERVICE
getUserRewards ---> TOURGUIDESERVICE
getUserRewards ---> TOURGUIDESERVICE
getUserRewards ---> TOURGUIDESERVICE
getUserRewards ---> TOURGUIDESERVICE
getUserRewards ---> TOURGUIDESERVICE
getUserRewards ---> TOURGUIDESERVICE
getUserRewards ---> TOURGUIDESERVICE
getUserRewards ---> TOURGUIDESERVICE
getUserRewards ---> TOURGUIDESERVICE
getUserRewards ---> TOURGUIDESERVICE
getUserRewards ---> TOURGUIDESERVICE
getUserRewards ---> TOURGUIDESERVICE
getUserRewards ---> TOURGUIDESERVICE
getUserRewards ---> TOURGUIDESERVICE
getUserRewards ---> TOURGUIDESERVICE
getUserRewards ---> TOURGUIDESERVICE
getUserRewards ---> TOURGUIDESERVICE
getUserRewards ---> TOURGUIDESERVICE
getUserRewards ---> TOURGUIDESERVICE
getUserRewards ---> TOURGUIDESERVICE
getUserRewards ---> TOURGUIDESERVICE
getUserRewards ---> TOURGUIDESERVICE
getUserRewards ---> TOURGUIDESERVICE
getUserRewards ---> TOURGUIDESERVICE
getUserRewards ---> TOURGUIDESERVICE
getUserRewards ---> TOURGUIDESERVICE
getUserRewards ---> TOURGUIDESERVICE
getUserRewards ---> TOURGUIDESERVICE
getUserRewards ---> TOURGUIDESERVICE
getUserRewards ---> TOURGUIDESERVICE
getUserRewards ---> TOURGUIDESERVICE
getUserRewards ---> TOURGUIDESERVICE
getUserRewards ---> TOURGUIDESERVICE
getUserRewards ---> TOURGUIDESERVICE
getUserRewards ---> TOURGUIDESERVICE
getUserRewards ---> TOURGUIDESERVICE
getUserRewards ---> TOURGUIDESERVICE
getUserRewards ---> TOURGUIDESERVICE
getUserRewards ---> TOURGUIDESERVICE
getUserRewards ---> TOURGUIDESERVICE
getUserRewards ---> TOURGUIDESERVICE
getUserRewards ---> TOURGUIDESERVICE
getUserRewards ---> TOURGUIDESERVICE
getUserRewards ---> TOURGUIDESERVICE
getUserRewards ---> TOURGUIDESERVICE
getUserRewards ---> TOURGUIDESERVICE
getUserRewards ---> TOURGUIDESERVICE
getUserRewards ---> TOURGUIDESERVICE
getUserRewards ---> TOURGUIDESERVICE
getUserRewards ---> TOURGUIDESERVICE
getUserRewards ---> TOURGUIDESERVICE
getUserRewards ---> TOURGUIDESERVICE
getUserRewards ---> TOURGUIDESERVICE
getUserRewards ---> TOURGUIDESERVICE
getUserRewards ---> TOURGUIDESERVICE
getUserRewards ---> TOURGUIDESERVICE
getUserRewards ---> TOURGUIDESERVICE
getUserRewards ---> TOURGUIDESERVICE
getUserRewards ---> TOURGUIDESERVICE
getUserRewards ---> TOURGUIDESERVICE
getUserRewards ---> TOURGUIDESERVICE
getUserRewards ---> TOURGUIDESERVICE
getUserRewards ---> TOURGUIDESERVICE
getUserRewards ---> TOURGUIDESERVICE
getUserRewards ---> TOURGUIDESERVICE
getUserRewards ---> TOURGUIDESERVICE
getUserRewards ---> TOURGUIDESERVICE
getUserRewards ---> TOURGUIDESERVICE
getUserRewards ---> TOURGUIDESERVICE
getUserRewards ---> TOURGUIDESERVICE
getUserRewards ---> TOURGUIDESERVICE
getUserRewards ---> TOURGUIDESERVICE
getUserRewards ---> TOURGUIDESERVICE
getUserRewards ---> TOURGUIDESERVICE
getUserRewards ---> TOURGUIDESERVICE
getUserRewards ---> TOURGUIDESERVICE
getUserRewards ---> TOURGUIDESERVICE
getUserRewards ---> TOURGUIDESERVICE
getUserRewards ---> TOURGUIDESERVICE
getUserRewards ---> TOURGUIDESERVICE
getUserRewards ---> TOURGUIDESERVICE
getUserRewards ---> TOURGUIDESERVICE
getUserRewards ---> TOURGUIDESERVICE
getUserRewards ---> TOURGUIDESERVICE
getUserRewards ---> TOURGUIDESERVICE
getUserRewards ---> TOURGUIDESERVICE
getUserRewards ---> TOURGUIDESERVICE
getUserRewards ---> TOURGUIDESERVICE
getUserRewards ---> TOURGUIDESERVICE
getUserRewards ---> TOURGUIDESERVICE
getUserRewards ---> TOURGUIDESERVICE
getUserRewards ---> TOURGUIDESERVICE
getUserRewards ---> TOURGUIDESERVICE
getUserRewards ---> TOURGUIDESERVICE
getUserRewards ---> TOURGUIDESERVICE
getUserRewards ---> TOURGUIDESERVICE
getUserRewards ---> TOURGUIDESERVICE
getUserRewards ---> TOURGUIDESERVICE
getUserRewards ---> TOURGUIDESERVICE
getUserRewards ---> TOURGUIDESERVICE
getUserRewards ---> TOURGUIDESERVICE
getUserRewards ---> TOURGUIDESERVICE
getUserRewards ---> TOURGUIDESERVICE
getUserRewards ---> TOURGUIDESERVICE
getUserRewards ---> TOURGUIDESERVICE
getUserRewards ---> TOURGUIDESERVICE
getUserRewards ---> TOURGUIDESERVICE
getUserRewards ---> TOURGUIDESERVICE
getUserRewards ---> TOURGUIDESERVICE
getUserRewards ---> TOURGUIDESERVICE
getUserRewards ---> TOURGUIDESERVICE
getUserRewards ---> TOURGUIDESERVICE
getUserRewards ---> TOURGUIDESERVICE
getUserRewards ---> TOURGUIDESERVICE
getUserRewards ---> TOURGUIDESERVICE
getUserRewards ---> TOURGUIDESERVICE
getUserRewards ---> TOURGUIDESERVICE
getUserRewards ---> TOURGUIDESERVICE
getUserRewards ---> TOURGUIDESERVICE
getUserRewards ---> TOURGUIDESERVICE
getUserRewards ---> TOURGUIDESERVICE
getUserRewards ---> TOURGUIDESERVICE
getUserRewards ---> TOURGUIDESERVICE
getUserRewards ---> TOURGUIDESERVICE
getUserRewards ---> TOURGUIDESERVICE
getUserRewards ---> TOURGUIDESERVICE
getUserRewards ---> TOURGUIDESERVICE
getUserRewards ---> TOURGUIDESERVICE
getUserRewards ---> TOURGUIDESERVICE
getUserRewards ---> TOURGUIDESERVICE
getUserRewards ---> TOURGUIDESERVICE
getUserRewards ---> TOURGUIDESERVICE
getUserRewards ---> TOURGUIDESERVICE
getUserRewards ---> TOURGUIDESERVICE
getUserRewards ---> TOURGUIDESERVICE
getUserRewards ---> TOURGUIDESERVICE
getUserRewards ---> TOURGUIDESERVICE
getUserRewards ---> TOURGUIDESERVICE
getUserRewards ---> TOURGUIDESERVICE
getUserRewards ---> TOURGUIDESERVICE
getUserRewards ---> TOURGUIDESERVICE
getUserRewards ---> TOURGUIDESERVICE
getUserRewards ---> TOURGUIDESERVICE
getUserRewards ---> TOURGUIDESERVICE
getUserRewards ---> TOURGUIDESERVICE
getUserRewards ---> TOURGUIDESERVICE
getUserRewards ---> TOURGUIDESERVICE
getUserRewards ---> TOURGUIDESERVICE
getUserRewards ---> TOURGUIDESERVICE
getUserRewards ---> TOURGUIDESERVICE
getUserRewards ---> TOURGUIDESERVICE
getUserRewards ---> TOURGUIDESERVICE
getUserRewards ---> TOURGUIDESERVICE
getUserRewards ---> TOURGUIDESERVICE
getUserRewards ---> TOURGUIDESERVICE
getUserRewards ---> TOURGUIDESERVICE
getUserRewards ---> TOURGUIDESERVICE
getUserRewards ---> TOURGUIDESERVICE
getUserRewards ---> TOURGUIDESERVICE
getUserRewards ---> TOURGUIDESERVICE
getUserRewards ---> TOURGUIDESERVICE
getUserRewards ---> TOURGUIDESERVICE
getUserRewards ---> TOURGUIDESERVICE
getUserRewards ---> TOURGUIDESERVICE
getUserRewards ---> TOURGUIDESERVICE
getUserRewards ---> TOURGUIDESERVICE
getUserRewards ---> TOURGUIDESERVICE
getUserRewards ---> TOURGUIDESERVICE
getUserRewards ---> TOURGUIDESERVICE
getUserRewards ---> TOURGUIDESERVICE
getUserRewards ---> TOURGUIDESERVICE
getUserRewards ---> TOURGUIDESERVICE
getUserRewards ---> TOURGUIDESERVICE
getUserRewards ---> TOURGUIDESERVICE
getUserRewards ---> TOURGUIDESERVICE
getUserRewards ---> TOURGUIDESERVICE
getUserRewards ---> TOURGUIDESERVICE
getUserRewards ---> TOURGUIDESERVICE
getUserRewards ---> TOURGUIDESERVICE
getUserRewards ---> TOURGUIDESERVICE
getUserRewards ---> TOURGUIDESERVICE
getUserRewards ---> TOURGUIDESERVICE
getUserRewards ---> TOURGUIDESERVICE
getUserRewards ---> TOURGUIDESERVICE
getUserRewards ---> TOURGUIDESERVICE
getUserRewards ---> TOURGUIDESERVICE
getUserRewards ---> TOURGUIDESERVICE
getUserRewards ---> TOURGUIDESERVICE
getUserRewards ---> TOURGUIDESERVICE
getUserRewards ---> TOURGUIDESERVICE
getUserRewards ---> TOURGUIDESERVICE
getUserRewards ---> TOURGUIDESERVICE
getUserRewards ---> TOURGUIDESERVICE
getUserRewards ---> TOURGUIDESERVICE
getUserRewards ---> TOURGUIDESERVICE
getUserRewards ---> TOURGUIDESERVICE
getUserRewards ---> TOURGUIDESERVICE
getUserRewards ---> TOURGUIDESERVICE
getUserRewards ---> TOURGUIDESERVICE
getUserRewards ---> TOURGUIDESERVICE
getUserRewards ---> TOURGUIDESERVICE
getUserRewards ---> TOURGUIDESERVICE
getUserRewards ---> TOURGUIDESERVICE
getUserRewards ---> TOURGUIDESERVICE
getUserRewards ---> TOURGUIDESERVICE
getUserRewards ---> TOURGUIDESERVICE
getUserRewards ---> TOURGUIDESERVICE
getUserRewards ---> TOURGUIDESERVICE
getUserRewards ---> TOURGUIDESERVICE
getUserRewards ---> TOURGUIDESERVICE
getUserRewards ---> TOURGUIDESERVICE
getUserRewards ---> TOURGUIDESERVICE
getUserRewards ---> TOURGUIDESERVICE
getUserRewards ---> TOURGUIDESERVICE
getUserRewards ---> TOURGUIDESERVICE
getUserRewards ---> TOURGUIDESERVICE
getUserRewards ---> TOURGUIDESERVICE
getUserRewards ---> TOURGUIDESERVICE
getUserRewards ---> TOURGUIDESERVICE
getUserRewards ---> TOURGUIDESERVICE
getUserRewards ---> TOURGUIDESERVICE
getUserRewards ---> TOURGUIDESERVICE
getUserRewards ---> TOURGUIDESERVICE
getUserRewards ---> TOURGUIDESERVICE
getUserRewards ---> TOURGUIDESERVICE
getUserRewards ---> TOURGUIDESERVICE
getUserRewards ---> TOURGUIDESERVICE
getUserRewards ---> TOURGUIDESERVICE
getUserRewards ---> TOURGUIDESERVICE
getUserRewards ---> TOURGUIDESERVICE
getUserRewards ---> TOURGUIDESERVICE
getUserRewards ---> TOURGUIDESERVICE
getUserRewards ---> TOURGUIDESERVICE
getUserRewards ---> TOURGUIDESERVICE
getUserRewards ---> TOURGUIDESERVICE
getUserRewards ---> TOURGUIDESERVICE
getUserRewards ---> TOURGUIDESERVICE
getUserRewards ---> TOURGUIDESERVICE
getUserRewards ---> TOURGUIDESERVICE
getUserRewards ---> TOURGUIDESERVICE
getUserRewards ---> TOURGUIDESERVICE
getUserRewards ---> TOURGUIDESERVICE
getUserRewards ---> TOURGUIDESERVICE
getUserRewards ---> TOURGUIDESERVICE
getUserRewards ---> TOURGUIDESERVICE
getUserRewards ---> TOURGUIDESERVICE
getUserRewards ---> TOURGUIDESERVICE
getUserRewards ---> TOURGUIDESERVICE
getUserRewards ---> TOURGUIDESERVICE
getUserRewards ---> TOURGUIDESERVICE
getUserRewards ---> TOURGUIDESERVICE
getUserRewards ---> TOURGUIDESERVICE
getUserRewards ---> TOURGUIDESERVICE
getUserRewards ---> TOURGUIDESERVICE
getUserRewards ---> TOURGUIDESERVICE
getUserRewards ---> TOURGUIDESERVICE
getUserRewards ---> TOURGUIDESERVICE
getUserRewards ---> TOURGUIDESERVICE
getUserRewards ---> TOURGUIDESERVICE
getUserRewards ---> TOURGUIDESERVICE
getUserRewards ---> TOURGUIDESERVICE
getUserRewards ---> TOURGUIDESERVICE
getUserRewards ---> TOURGUIDESERVICE
getUserRewards ---> TOURGUIDESERVICE
getUserRewards ---> TOURGUIDESERVICE
getUserRewards ---> TOURGUIDESERVICE
getUserRewards ---> TOURGUIDESERVICE
getUserRewards ---> TOURGUIDESERVICE
getUserRewards ---> TOURGUIDESERVICE
getUserRewards ---> TOURGUIDESERVICE
getUserRewards ---> TOURGUIDESERVICE
getUserRewards ---> TOURGUIDESERVICE
getUserRewards ---> TOURGUIDESERVICE
getUserRewards ---> TOURGUIDESERVICE
getUserRewards ---> TOURGUIDESERVICE
getUserRewards ---> TOURGUIDESERVICE
getUserRewards ---> TOURGUIDESERVICE
getUserRewards ---> TOURGUIDESERVICE
getUserRewards ---> TOURGUIDESERVICE
getUserRewards ---> TOURGUIDESERVICE
getUserRewards ---> TOURGUIDESERVICE
getUserRewards ---> TOURGUIDESERVICE
getUserRewards ---> TOURGUIDESERVICE
getUserRewards ---> TOURGUIDESERVICE
getUserRewards ---> TOURGUIDESERVICE
getUserRewards ---> TOURGUIDESERVICE
getUserRewards ---> TOURGUIDESERVICE
getUserRewards ---> TOURGUIDESERVICE
getUserRewards ---> TOURGUIDESERVICE
getUserRewards ---> TOURGUIDESERVICE
getUserRewards ---> TOURGUIDESERVICE
getUserRewards ---> TOURGUIDESERVICE
getUserRewards ---> TOURGUIDESERVICE
getUserRewards ---> TOURGUIDESERVICE
getUserRewards ---> TOURGUIDESERVICE
getUserRewards ---> TOURGUIDESERVICE
getUserRewards ---> TOURGUIDESERVICE
getUserRewards ---> TOURGUIDESERVICE
getUserRewards ---> TOURGUIDESERVICE
getUserRewards ---> TOURGUIDESERVICE
getUserRewards ---> TOURGUIDESERVICE
getUserRewards ---> TOURGUIDESERVICE
getUserRewards ---> TOURGUIDESERVICE
getUserRewards ---> TOURGUIDESERVICE
getUserRewards ---> TOURGUIDESERVICE
getUserRewards ---> TOURGUIDESERVICE
getUserRewards ---> TOURGUIDESERVICE
getUserRewards ---> TOURGUIDESERVICE
getUserRewards ---> TOURGUIDESERVICE
getUserRewards ---> TOURGUIDESERVICE
getUserRewards ---> TOURGUIDESERVICE
getUserRewards ---> TOURGUIDESERVICE
getUserRewards ---> TOURGUIDESERVICE
getUserRewards ---> TOURGUIDESERVICE
getUserRewards ---> TOURGUIDESERVICE
getUserRewards ---> TOURGUIDESERVICE
getUserRewards ---> TOURGUIDESERVICE
getUserRewards ---> TOURGUIDESERVICE
getUserRewards ---> TOURGUIDESERVICE
getUserRewards ---> TOURGUIDESERVICE
getUserRewards ---> TOURGUIDESERVICE
getUserRewards ---> TOURGUIDESERVICE
getUserRewards ---> TOURGUIDESERVICE
getUserRewards ---> TOURGUIDESERVICE
getUserRewards ---> TOURGUIDESERVICE
getUserRewards ---> TOURGUIDESERVICE
getUserRewards ---> TOURGUIDESERVICE
getUserRewards ---> TOURGUIDESERVICE
getUserRewards ---> TOURGUIDESERVICE
getUserRewards ---> TOURGUIDESERVICE
getUserRewards ---> TOURGUIDESERVICE
getUserRewards ---> TOURGUIDESERVICE
getUserRewards ---> TOURGUIDESERVICE
getUserRewards ---> TOURGUIDESERVICE
getUserRewards ---> TOURGUIDESERVICE
getUserRewards ---> TOURGUIDESERVICE
getUserRewards ---> TOURGUIDESERVICE
getUserRewards ---> TOURGUIDESERVICE
getUserRewards ---> TOURGUIDESERVICE
getUserRewards ---> TOURGUIDESERVICE
getUserRewards ---> TOURGUIDESERVICE
getUserRewards ---> TOURGUIDESERVICE
getUserRewards ---> TOURGUIDESERVICE
getUserRewards ---> TOURGUIDESERVICE
getUserRewards ---> TOURGUIDESERVICE
getUserRewards ---> TOURGUIDESERVICE
getUserRewards ---> TOURGUIDESERVICE
getUserRewards ---> TOURGUIDESERVICE
getUserRewards ---> TOURGUIDESERVICE
getUserRewards ---> TOURGUIDESERVICE
getUserRewards ---> TOURGUIDESERVICE
getUserRewards ---> TOURGUIDESERVICE
getUserRewards ---> TOURGUIDESERVICE
getUserRewards ---> TOURGUIDESERVICE
getUserRewards ---> TOURGUIDESERVICE
getUserRewards ---> TOURGUIDESERVICE
getUserRewards ---> TOURGUIDESERVICE
getUserRewards ---> TOURGUIDESERVICE
getUserRewards ---> TOURGUIDESERVICE
getUserRewards ---> TOURGUIDESERVICE
getUserRewards ---> TOURGUIDESERVICE
getUserRewards ---> TOURGUIDESERVICE
getUserRewards ---> TOURGUIDESERVICE
getUserRewards ---> TOURGUIDESERVICE
getUserRewards ---> TOURGUIDESERVICE
getUserRewards ---> TOURGUIDESERVICE
getUserRewards ---> TOURGUIDESERVICE
getUserRewards ---> TOURGUIDESERVICE
getUserRewards ---> TOURGUIDESERVICE
getUserRewards ---> TOURGUIDESERVICE
getUserRewards ---> TOURGUIDESERVICE
getUserRewards ---> TOURGUIDESERVICE
getUserRewards ---> TOURGUIDESERVICE
getUserRewards ---> TOURGUIDESERVICE
getUserRewards ---> TOURGUIDESERVICE
getUserRewards ---> TOURGUIDESERVICE
getUserRewards ---> TOURGUIDESERVICE
getUserRewards ---> TOURGUIDESERVICE
getUserRewards ---> TOURGUIDESERVICE
getUserRewards ---> TOURGUIDESERVICE
getUserRewards ---> TOURGUIDESERVICE
getUserRewards ---> TOURGUIDESERVICE
getUserRewards ---> TOURGUIDESERVICE
getUserRewards ---> TOURGUIDESERVICE
getUserRewards ---> TOURGUIDESERVICE
getUserRewards ---> TOURGUIDESERVICE
getUserRewards ---> TOURGUIDESERVICE
getUserRewards ---> TOURGUIDESERVICE
getUserRewards ---> TOURGUIDESERVICE
getUserRewards ---> TOURGUIDESERVICE
getUserRewards ---> TOURGUIDESERVICE
getUserRewards ---> TOURGUIDESERVICE
getUserRewards ---> TOURGUIDESERVICE
getUserRewards ---> TOURGUIDESERVICE
getUserRewards ---> TOURGUIDESERVICE
getUserRewards ---> TOURGUIDESERVICE
getUserRewards ---> TOURGUIDESERVICE
getUserRewards ---> TOURGUIDESERVICE
getUserRewards ---> TOURGUIDESERVICE
getUserRewards ---> TOURGUIDESERVICE
getUserRewards ---> TOURGUIDESERVICE
getUserRewards ---> TOURGUIDESERVICE
getUserRewards ---> TOURGUIDESERVICE
getUserRewards ---> TOURGUIDESERVICE
getUserRewards ---> TOURGUIDESERVICE
getUserRewards ---> TOURGUIDESERVICE
getUserRewards ---> TOURGUIDESERVICE
getUserRewards ---> TOURGUIDESERVICE
getUserRewards ---> TOURGUIDESERVICE
getUserRewards ---> TOURGUIDESERVICE
getUserRewards ---> TOURGUIDESERVICE
getUserRewards ---> TOURGUIDESERVICE
getUserRewards ---> TOURGUIDESERVICE
getUserRewards ---> TOURGUIDESERVICE
getUserRewards ---> TOURGUIDESERVICE
getUserRewards ---> TOURGUIDESERVICE
getUserRewards ---> TOURGUIDESERVICE
getUserRewards ---> TOURGUIDESERVICE
getUserRewards ---> TOURGUIDESERVICE
getUserRewards ---> TOURGUIDESERVICE
getUserRewards ---> TOURGUIDESERVICE
getUserRewards ---> TOURGUIDESERVICE
getUserRewards ---> TOURGUIDESERVICE
getUserRewards ---> TOURGUIDESERVICE
getUserRewards ---> TOURGUIDESERVICE
getUserRewards ---> TOURGUIDESERVICE
getUserRewards ---> TOURGUIDESERVICE
getUserRewards ---> TOURGUIDESERVICE
getUserRewards ---> TOURGUIDESERVICE
getUserRewards ---> TOURGUIDESERVICE
getUserRewards ---> TOURGUIDESERVICE
getUserRewards ---> TOURGUIDESERVICE
getUserRewards ---> TOURGUIDESERVICE
getUserRewards ---> TOURGUIDESERVICE
getUserRewards ---> TOURGUIDESERVICE
getUserRewards ---> TOURGUIDESERVICE
getUserRewards ---> TOURGUIDESERVICE
getUserRewards ---> TOURGUIDESERVICE
getUserRewards ---> TOURGUIDESERVICE
getUserRewards ---> TOURGUIDESERVICE
getUserRewards ---> TOURGUIDESERVICE
getUserRewards ---> TOURGUIDESERVICE
getUserRewards ---> TOURGUIDESERVICE
getUserRewards ---> TOURGUIDESERVICE
getUserRewards ---> TOURGUIDESERVICE
getUserRewards ---> TOURGUIDESERVICE
getUserRewards ---> TOURGUIDESERVICE
getUserRewards ---> TOURGUIDESERVICE
getUserRewards ---> TOURGUIDESERVICE
getUserRewards ---> TOURGUIDESERVICE
getUserRewards ---> TOURGUIDESERVICE
getUserRewards ---> TOURGUIDESERVICE
getUserRewards ---> TOURGUIDESERVICE
getUserRewards ---> TOURGUIDESERVICE
getUserRewards ---> TOURGUIDESERVICE
getUserRewards ---> TOURGUIDESERVICE
getUserRewards ---> TOURGUIDESERVICE
getUserRewards ---> TOURGUIDESERVICE
getUserRewards ---> TOURGUIDESERVICE
getUserRewards ---> TOURGUIDESERVICE
getUserRewards ---> TOURGUIDESERVICE
getUserRewards ---> TOURGUIDESERVICE
getUserRewards ---> TOURGUIDESERVICE
getUserRewards ---> TOURGUIDESERVICE
getUserRewards ---> TOURGUIDESERVICE
getUserRewards ---> TOURGUIDESERVICE
getUserRewards ---> TOURGUIDESERVICE
getUserRewards ---> TOURGUIDESERVICE
getUserRewards ---> TOURGUIDESERVICE
getUserRewards ---> TOURGUIDESERVICE
getUserRewards ---> TOURGUIDESERVICE
getUserRewards ---> TOURGUIDESERVICE
getUserRewards ---> TOURGUIDESERVICE
getUserRewards ---> TOURGUIDESERVICE
getUserRewards ---> TOURGUIDESERVICE
getUserRewards ---> TOURGUIDESERVICE
getUserRewards ---> TOURGUIDESERVICE
getUserRewards ---> TOURGUIDESERVICE
getUserRewards ---> TOURGUIDESERVICE
getUserRewards ---> TOURGUIDESERVICE
getUserRewards ---> TOURGUIDESERVICE
getUserRewards ---> TOURGUIDESERVICE
getUserRewards ---> TOURGUIDESERVICE
getUserRewards ---> TOURGUIDESERVICE
getUserRewards ---> TOURGUIDESERVICE
getUserRewards ---> TOURGUIDESERVICE
getUserRewards ---> TOURGUIDESERVICE
getUserRewards ---> TOURGUIDESERVICE
getUserRewards ---> TOURGUIDESERVICE
getUserRewards ---> TOURGUIDESERVICE
getUserRewards ---> TOURGUIDESERVICE
getUserRewards ---> TOURGUIDESERVICE
getUserRewards ---> TOURGUIDESERVICE
getUserRewards ---> TOURGUIDESERVICE
getUserRewards ---> TOURGUIDESERVICE
getUserRewards ---> TOURGUIDESERVICE
getUserRewards ---> TOURGUIDESERVICE
getUserRewards ---> TOURGUIDESERVICE
getUserRewards ---> TOURGUIDESERVICE
getUserRewards ---> TOURGUIDESERVICE
getUserRewards ---> TOURGUIDESERVICE
getUserRewards ---> TOURGUIDESERVICE
getUserRewards ---> TOURGUIDESERVICE
getUserRewards ---> TOURGUIDESERVICE
getUserRewards ---> TOURGUIDESERVICE
getUserRewards ---> TOURGUIDESERVICE
getUserRewards ---> TOURGUIDESERVICE
getUserRewards ---> TOURGUIDESERVICE
getUserRewards ---> TOURGUIDESERVICE
getUserRewards ---> TOURGUIDESERVICE
getUserRewards ---> TOURGUIDESERVICE
getUserRewards ---> TOURGUIDESERVICE
getUserRewards ---> TOURGUIDESERVICE
getUserRewards ---> TOURGUIDESERVICE
getUserRewards ---> TOURGUIDESERVICE
getUserRewards ---> TOURGUIDESERVICE
getUserRewards ---> TOURGUIDESERVICE
getUserRewards ---> TOURGUIDESERVICE
getUserRewards ---> TOURGUIDESERVICE
getUserRewards ---> TOURGUIDESERVICE
getUserRewards ---> TOURGUIDESERVICE
getUserRewards ---> TOURGUIDESERVICE
getUserRewards ---> TOURGUIDESERVICE
getUserRewards ---> TOURGUIDESERVICE
getUserRewards ---> TOURGUIDESERVICE
getUserRewards ---> TOURGUIDESERVICE
getUserRewards ---> TOURGUIDESERVICE
getUserRewards ---> TOURGUIDESERVICE
getUserRewards ---> TOURGUIDESERVICE
getUserRewards ---> TOURGUIDESERVICE
getUserRewards ---> TOURGUIDESERVICE
getUserRewards ---> TOURGUIDESERVICE
getUserRewards ---> TOURGUIDESERVICE
getUserRewards ---> TOURGUIDESERVICE
getUserRewards ---> TOURGUIDESERVICE
getUserRewards ---> TOURGUIDESERVICE
getUserRewards ---> TOURGUIDESERVICE
getUserRewards ---> TOURGUIDESERVICE
getUserRewards ---> TOURGUIDESERVICE
getUserRewards ---> TOURGUIDESERVICE
getUserRewards ---> TOURGUIDESERVICE
getUserRewards ---> TOURGUIDESERVICE
getUserRewards ---> TOURGUIDESERVICE
getUserRewards ---> TOURGUIDESERVICE
getUserRewards ---> TOURGUIDESERVICE
getUserRewards ---> TOURGUIDESERVICE
getUserRewards ---> TOURGUIDESERVICE
getUserRewards ---> TOURGUIDESERVICE
getUserRewards ---> TOURGUIDESERVICE
getUserRewards ---> TOURGUIDESERVICE
getUserRewards ---> TOURGUIDESERVICE
getUserRewards ---> TOURGUIDESERVICE
getUserRewards ---> TOURGUIDESERVICE
getUserRewards ---> TOURGUIDESERVICE
getUserRewards ---> TOURGUIDESERVICE
getUserRewards ---> TOURGUIDESERVICE
getUserRewards ---> TOURGUIDESERVICE
getUserRewards ---> TOURGUIDESERVICE
getUserRewards ---> TOURGUIDESERVICE
getUserRewards ---> TOURGUIDESERVICE
getUserRewards ---> TOURGUIDESERVICE
getUserRewards ---> TOURGUIDESERVICE
getUserRewards ---> TOURGUIDESERVICE
getUserRewards ---> TOURGUIDESERVICE
getUserRewards ---> TOURGUIDESERVICE
getUserRewards ---> TOURGUIDESERVICE
getUserRewards ---> TOURGUIDESERVICE
getUserRewards ---> TOURGUIDESERVICE
getUserRewards ---> TOURGUIDESERVICE
getUserRewards ---> TOURGUIDESERVICE
getUserRewards ---> TOURGUIDESERVICE
getUserRewards ---> TOURGUIDESERVICE
getUserRewards ---> TOURGUIDESERVICE
getUserRewards ---> TOURGUIDESERVICE
getUserRewards ---> TOURGUIDESERVICE
getUserRewards ---> TOURGUIDESERVICE
getUserRewards ---> TOURGUIDESERVICE
getUserRewards ---> TOURGUIDESERVICE
getUserRewards ---> TOURGUIDESERVICE
getUserRewards ---> TOURGUIDESERVICE
getUserRewards ---> TOURGUIDESERVICE
getUserRewards ---> TOURGUIDESERVICE
getUserRewards ---> TOURGUIDESERVICE
getUserRewards ---> TOURGUIDESERVICE
getUserRewards ---> TOURGUIDESERVICE
getUserRewards ---> TOURGUIDESERVICE
getUserRewards ---> TOURGUIDESERVICE
getUserRewards ---> TOURGUIDESERVICE
getUserRewards ---> TOURGUIDESERVICE
getUserRewards ---> TOURGUIDESERVICE
getUserRewards ---> TOURGUIDESERVICE
getUserRewards ---> TOURGUIDESERVICE
getUserRewards ---> TOURGUIDESERVICE
getUserRewards ---> TOURGUIDESERVICE
getUserRewards ---> TOURGUIDESERVICE
getUserRewards ---> TOURGUIDESERVICE
getUserRewards ---> TOURGUIDESERVICE
getUserRewards ---> TOURGUIDESERVICE
getUserRewards ---> TOURGUIDESERVICE
getUserRewards ---> TOURGUIDESERVICE
getUserRewards ---> TOURGUIDESERVICE
getUserRewards ---> TOURGUIDESERVICE
getUserRewards ---> TOURGUIDESERVICE
getUserRewards ---> TOURGUIDESERVICE
getUserRewards ---> TOURGUIDESERVICE
getUserRewards ---> TOURGUIDESERVICE
getUserRewards ---> TOURGUIDESERVICE
getUserRewards ---> TOURGUIDESERVICE
getUserRewards ---> TOURGUIDESERVICE
getUserRewards ---> TOURGUIDESERVICE
getUserRewards ---> TOURGUIDESERVICE
getUserRewards ---> TOURGUIDESERVICE
getUserRewards ---> TOURGUIDESERVICE
getUserRewards ---> TOURGUIDESERVICE
getUserRewards ---> TOURGUIDESERVICE
getUserRewards ---> TOURGUIDESERVICE
getUserRewards ---> TOURGUIDESERVICE
getUserRewards ---> TOURGUIDESERVICE
getUserRewards ---> TOURGUIDESERVICE
getUserRewards ---> TOURGUIDESERVICE
getUserRewards ---> TOURGUIDESERVICE
getUserRewards ---> TOURGUIDESERVICE
getUserRewards ---> TOURGUIDESERVICE
getUserRewards ---> TOURGUIDESERVICE
getUserRewards ---> TOURGUIDESERVICE
getUserRewards ---> TOURGUIDESERVICE
getUserRewards ---> TOURGUIDESERVICE
getUserRewards ---> TOURGUIDESERVICE
getUserRewards ---> TOURGUIDESERVICE
getUserRewards ---> TOURGUIDESERVICE
getUserRewards ---> TOURGUIDESERVICE
getUserRewards ---> TOURGUIDESERVICE
getUserRewards ---> TOURGUIDESERVICE
getUserRewards ---> TOURGUIDESERVICE
getUserRewards ---> TOURGUIDESERVICE
getUserRewards ---> TOURGUIDESERVICE
getUserRewards ---> TOURGUIDESERVICE
getUserRewards ---> TOURGUIDESERVICE
getUserRewards ---> TOURGUIDESERVICE
getUserRewards ---> TOURGUIDESERVICE
getUserRewards ---> TOURGUIDESERVICE
getUserRewards ---> TOURGUIDESERVICE
getUserRewards ---> TOURGUIDESERVICE
getUserRewards ---> TOURGUIDESERVICE
getUserRewards ---> TOURGUIDESERVICE
getUserRewards ---> TOURGUIDESERVICE
getUserRewards ---> TOURGUIDESERVICE
getUserRewards ---> TOURGUIDESERVICE
getUserRewards ---> TOURGUIDESERVICE
getUserRewards ---> TOURGUIDESERVICE
getUserRewards ---> TOURGUIDESERVICE
getUserRewards ---> TOURGUIDESERVICE
getUserRewards ---> TOURGUIDESERVICE
getUserRewards ---> TOURGUIDESERVICE
getUserRewards ---> TOURGUIDESERVICE
getUserRewards ---> TOURGUIDESERVICE
getUserRewards ---> TOURGUIDESERVICE
getUserRewards ---> TOURGUIDESERVICE
getUserRewards ---> TOURGUIDESERVICE
getUserRewards ---> TOURGUIDESERVICE
getUserRewards ---> TOURGUIDESERVICE
getUserRewards ---> TOURGUIDESERVICE
getUserRewards ---> TOURGUIDESERVICE
getUserRewards ---> TOURGUIDESERVICE
getUserRewards ---> TOURGUIDESERVICE
getUserRewards ---> TOURGUIDESERVICE
getUserRewards ---> TOURGUIDESERVICE
getUserRewards ---> TOURGUIDESERVICE
getUserRewards ---> TOURGUIDESERVICE
getUserRewards ---> TOURGUIDESERVICE
getUserRewards ---> TOURGUIDESERVICE
getUserRewards ---> TOURGUIDESERVICE
getUserRewards ---> TOURGUIDESERVICE
getUserRewards ---> TOURGUIDESERVICE
getUserRewards ---> TOURGUIDESERVICE
getUserRewards ---> TOURGUIDESERVICE
getUserRewards ---> TOURGUIDESERVICE
getUserRewards ---> TOURGUIDESERVICE
getUserRewards ---> TOURGUIDESERVICE
getUserRewards ---> TOURGUIDESERVICE
getUserRewards ---> TOURGUIDESERVICE
getUserRewards ---> TOURGUIDESERVICE
getUserRewards ---> TOURGUIDESERVICE
getUserRewards ---> TOURGUIDESERVICE
getUserRewards ---> TOURGUIDESERVICE
getUserRewards ---> TOURGUIDESERVICE
getUserRewards ---> TOURGUIDESERVICE
getUserRewards ---> TOURGUIDESERVICE
getUserRewards ---> TOURGUIDESERVICE
getUserRewards ---> TOURGUIDESERVICE
getUserRewards ---> TOURGUIDESERVICE
getUserRewards ---> TOURGUIDESERVICE
getUserRewards ---> TOURGUIDESERVICE
getUserRewards ---> TOURGUIDESERVICE
getUserRewards ---> TOURGUIDESERVICE
getUserRewards ---> TOURGUIDESERVICE
getUserRewards ---> TOURGUIDESERVICE
getUserRewards ---> TOURGUIDESERVICE
getUserRewards ---> TOURGUIDESERVICE
getUserRewards ---> TOURGUIDESERVICE
getUserRewards ---> TOURGUIDESERVICE
getUserRewards ---> TOURGUIDESERVICE
getUserRewards ---> TOURGUIDESERVICE
getUserRewards ---> TOURGUIDESERVICE
getUserRewards ---> TOURGUIDESERVICE
getUserRewards ---> TOURGUIDESERVICE
getUserRewards ---> TOURGUIDESERVICE
getUserRewards ---> TOURGUIDESERVICE
getUserRewards ---> TOURGUIDESERVICE
getUserRewards ---> TOURGUIDESERVICE
getUserRewards ---> TOURGUIDESERVICE
getUserRewards ---> TOURGUIDESERVICE
getUserRewards ---> TOURGUIDESERVICE
getUserRewards ---> TOURGUIDESERVICE
getUserRewards ---> TOURGUIDESERVICE
getUserRewards ---> TOURGUIDESERVICE
getUserRewards ---> TOURGUIDESERVICE
getUserRewards ---> TOURGUIDESERVICE
getUserRewards ---> TOURGUIDESERVICE
getUserRewards ---> TOURGUIDESERVICE
getUserRewards ---> TOURGUIDESERVICE
getUserRewards ---> TOURGUIDESERVICE
getUserRewards ---> TOURGUIDESERVICE
getUserRewards ---> TOURGUIDESERVICE
getUserRewards ---> TOURGUIDESERVICE
getUserRewards ---> TOURGUIDESERVICE
getUserRewards ---> TOURGUIDESERVICE
getUserRewards ---> TOURGUIDESERVICE
getUserRewards ---> TOURGUIDESERVICE
getUserRewards ---> TOURGUIDESERVICE
getUserRewards ---> TOURGUIDESERVICE
getUserRewards ---> TOURGUIDESERVICE
getUserRewards ---> TOURGUIDESERVICE
getUserRewards ---> TOURGUIDESERVICE
getUserRewards ---> TOURGUIDESERVICE
getUserRewards ---> TOURGUIDESERVICE
getUserRewards ---> TOURGUIDESERVICE
getUserRewards ---> TOURGUIDESERVICE
getUserRewards ---> TOURGUIDESERVICE
getUserRewards ---> TOURGUIDESERVICE
getUserRewards ---> TOURGUIDESERVICE
getUserRewards ---> TOURGUIDESERVICE
getUserRewards ---> TOURGUIDESERVICE
getUserRewards ---> TOURGUIDESERVICE
getUserRewards ---> TOURGUIDESERVICE
getUserRewards ---> TOURGUIDESERVICE
getUserRewards ---> TOURGUIDESERVICE
getUserRewards ---> TOURGUIDESERVICE
getUserRewards ---> TOURGUIDESERVICE
getUserRewards ---> TOURGUIDESERVICE
getUserRewards ---> TOURGUIDESERVICE
getUserRewards ---> TOURGUIDESERVICE
getUserRewards ---> TOURGUIDESERVICE
getUserRewards ---> TOURGUIDESERVICE
getUserRewards ---> TOURGUIDESERVICE
getUserRewards ---> TOURGUIDESERVICE
getUserRewards ---> TOURGUIDESERVICE
getUserRewards ---> TOURGUIDESERVICE
getUserRewards ---> TOURGUIDESERVICE
getUserRewards ---> TOURGUIDESERVICE
getUserRewards ---> TOURGUIDESERVICE
getUserRewards ---> TOURGUIDESERVICE
getUserRewards ---> TOURGUIDESERVICE
getUserRewards ---> TOURGUIDESERVICE
getUserRewards ---> TOURGUIDESERVICE
getUserRewards ---> TOURGUIDESERVICE
getUserRewards ---> TOURGUIDESERVICE
getUserRewards ---> TOURGUIDESERVICE
getUserRewards ---> TOURGUIDESERVICE
getUserRewards ---> TOURGUIDESERVICE
getUserRewards ---> TOURGUIDESERVICE
getUserRewards ---> TOURGUIDESERVICE
getUserRewards ---> TOURGUIDESERVICE
getUserRewards ---> TOURGUIDESERVICE
getUserRewards ---> TOURGUIDESERVICE
getUserRewards ---> TOURGUIDESERVICE
getUserRewards ---> TOURGUIDESERVICE
getUserRewards ---> TOURGUIDESERVICE
getUserRewards ---> TOURGUIDESERVICE
getUserRewards ---> TOURGUIDESERVICE
getUserRewards ---> TOURGUIDESERVICE
getUserRewards ---> TOURGUIDESERVICE
getUserRewards ---> TOURGUIDESERVICE
getUserRewards ---> TOURGUIDESERVICE
getUserRewards ---> TOURGUIDESERVICE
getUserRewards ---> TOURGUIDESERVICE
getUserRewards ---> TOURGUIDESERVICE
getUserRewards ---> TOURGUIDESERVICE
getUserRewards ---> TOURGUIDESERVICE
getUserRewards ---> TOURGUIDESERVICE
getUserRewards ---> TOURGUIDESERVICE
getUserRewards ---> TOURGUIDESERVICE
getUserRewards ---> TOURGUIDESERVICE
getUserRewards ---> TOURGUIDESERVICE
getUserRewards ---> TOURGUIDESERVICE
getUserRewards ---> TOURGUIDESERVICE
getUserRewards ---> TOURGUIDESERVICE
getUserRewards ---> TOURGUIDESERVICE
getUserRewards ---> TOURGUIDESERVICE
getUserRewards ---> TOURGUIDESERVICE
getUserRewards ---> TOURGUIDESERVICE
getUserRewards ---> TOURGUIDESERVICE
getUserRewards ---> TOURGUIDESERVICE
getUserRewards ---> TOURGUIDESERVICE
getUserRewards ---> TOURGUIDESERVICE
getUserRewards ---> TOURGUIDESERVICE
getUserRewards ---> TOURGUIDESERVICE
getUserRewards ---> TOURGUIDESERVICE
getUserRewards ---> TOURGUIDESERVICE
getUserRewards ---> TOURGUIDESERVICE
getUserRewards ---> TOURGUIDESERVICE
getUserRewards ---> TOURGUIDESERVICE
getUserRewards ---> TOURGUIDESERVICE
getUserRewards ---> TOURGUIDESERVICE
getUserRewards ---> TOURGUIDESERVICE
getUserRewards ---> TOURGUIDESERVICE
getUserRewards ---> TOURGUIDESERVICE
getUserRewards ---> TOURGUIDESERVICE
getUserRewards ---> TOURGUIDESERVICE
getUserRewards ---> TOURGUIDESERVICE
getUserRewards ---> TOURGUIDESERVICE
getUserRewards ---> TOURGUIDESERVICE
getUserRewards ---> TOURGUIDESERVICE
getUserRewards ---> TOURGUIDESERVICE
getUserRewards ---> TOURGUIDESERVICE
getUserRewards ---> TOURGUIDESERVICE
getUserRewards ---> TOURGUIDESERVICE
getUserRewards ---> TOURGUIDESERVICE
getUserRewards ---> TOURGUIDESERVICE
getUserRewards ---> TOURGUIDESERVICE
getUserRewards ---> TOURGUIDESERVICE
getUserRewards ---> TOURGUIDESERVICE
getUserRewards ---> TOURGUIDESERVICE
getUserRewards ---> TOURGUIDESERVICE
getUserRewards ---> TOURGUIDESERVICE
getUserRewards ---> TOURGUIDESERVICE
getUserRewards ---> TOURGUIDESERVICE
getUserRewards ---> TOURGUIDESERVICE
getUserRewards ---> TOURGUIDESERVICE
getUserRewards ---> TOURGUIDESERVICE
getUserRewards ---> TOURGUIDESERVICE
getUserRewards ---> TOURGUIDESERVICE
getUserRewards ---> TOURGUIDESERVICE
getUserRewards ---> TOURGUIDESERVICE
getUserRewards ---> TOURGUIDESERVICE
getUserRewards ---> TOURGUIDESERVICE
getUserRewards ---> TOURGUIDESERVICE
getUserRewards ---> TOURGUIDESERVICE
getUserRewards ---> TOURGUIDESERVICE
getUserRewards ---> TOURGUIDESERVICE
getUserRewards ---> TOURGUIDESERVICE
getUserRewards ---> TOURGUIDESERVICE
getUserRewards ---> TOURGUIDESERVICE
getUserRewards ---> TOURGUIDESERVICE
getUserRewards ---> TOURGUIDESERVICE
getUserRewards ---> TOURGUIDESERVICE
getUserRewards ---> TOURGUIDESERVICE
getUserRewards ---> TOURGUIDESERVICE
getUserRewards ---> TOURGUIDESERVICE
getUserRewards ---> TOURGUIDESERVICE
getUserRewards ---> TOURGUIDESERVICE
getUserRewards ---> TOURGUIDESERVICE
getUserRewards ---> TOURGUIDESERVICE
getUserRewards ---> TOURGUIDESERVICE
getUserRewards ---> TOURGUIDESERVICE
getUserRewards ---> TOURGUIDESERVICE
getUserRewards ---> TOURGUIDESERVICE
getUserRewards ---> TOURGUIDESERVICE
getUserRewards ---> TOURGUIDESERVICE
getUserRewards ---> TOURGUIDESERVICE
getUserRewards ---> TOURGUIDESERVICE
getUserRewards ---> TOURGUIDESERVICE
getUserRewards ---> TOURGUIDESERVICE
getUserRewards ---> TOURGUIDESERVICE
getUserRewards ---> TOURGUIDESERVICE
getUserRewards ---> TOURGUIDESERVICE
getUserRewards ---> TOURGUIDESERVICE
getUserRewards ---> TOURGUIDESERVICE
getUserRewards ---> TOURGUIDESERVICE
getUserRewards ---> TOURGUIDESERVICE
getUserRewards ---> TOURGUIDESERVICE
getUserRewards ---> TOURGUIDESERVICE
getUserRewards ---> TOURGUIDESERVICE
getUserRewards ---> TOURGUIDESERVICE
getUserRewards ---> TOURGUIDESERVICE
getUserRewards ---> TOURGUIDESERVICE
getUserRewards ---> TOURGUIDESERVICE
getUserRewards ---> TOURGUIDESERVICE
getUserRewards ---> TOURGUIDESERVICE
getUserRewards ---> TOURGUIDESERVICE
getUserRewards ---> TOURGUIDESERVICE
getUserRewards ---> TOURGUIDESERVICE
getUserRewards ---> TOURGUIDESERVICE
getUserRewards ---> TOURGUIDESERVICE
getUserRewards ---> TOURGUIDESERVICE
getUserRewards ---> TOURGUIDESERVICE
getUserRewards ---> TOURGUIDESERVICE
getUserRewards ---> TOURGUIDESERVICE
getUserRewards ---> TOURGUIDESERVICE
getUserRewards ---> TOURGUIDESERVICE
getUserRewards ---> TOURGUIDESERVICE
getUserRewards ---> TOURGUIDESERVICE
getUserRewards ---> TOURGUIDESERVICE
getUserRewards ---> TOURGUIDESERVICE
getUserRewards ---> TOURGUIDESERVICE
getUserRewards ---> TOURGUIDESERVICE
getUserRewards ---> TOURGUIDESERVICE
getUserRewards ---> TOURGUIDESERVICE
getUserRewards ---> TOURGUIDESERVICE
getUserRewards ---> TOURGUIDESERVICE
getUserRewards ---> TOURGUIDESERVICE
getUserRewards ---> TOURGUIDESERVICE
getUserRewards ---> TOURGUIDESERVICE
getUserRewards ---> TOURGUIDESERVICE
getUserRewards ---> TOURGUIDESERVICE
getUserRewards ---> TOURGUIDESERVICE
getUserRewards ---> TOURGUIDESERVICE
getUserRewards ---> TOURGUIDESERVICE
getUserRewards ---> TOURGUIDESERVICE
getUserRewards ---> TOURGUIDESERVICE
getUserRewards ---> TOURGUIDESERVICE
getUserRewards ---> TOURGUIDESERVICE
getUserRewards ---> TOURGUIDESERVICE
getUserRewards ---> TOURGUIDESERVICE
getUserRewards ---> TOURGUIDESERVICE
getUserRewards ---> TOURGUIDESERVICE
getUserRewards ---> TOURGUIDESERVICE
getUserRewards ---> TOURGUIDESERVICE
getUserRewards ---> TOURGUIDESERVICE
getUserRewards ---> TOURGUIDESERVICE
getUserRewards ---> TOURGUIDESERVICE
getUserRewards ---> TOURGUIDESERVICE
getUserRewards ---> TOURGUIDESERVICE
getUserRewards ---> TOURGUIDESERVICE
getUserRewards ---> TOURGUIDESERVICE
getUserRewards ---> TOURGUIDESERVICE
getUserRewards ---> TOURGUIDESERVICE
getUserRewards ---> TOURGUIDESERVICE
getUserRewards ---> TOURGUIDESERVICE
getUserRewards ---> TOURGUIDESERVICE
getUserRewards ---> TOURGUIDESERVICE
getUserRewards ---> TOURGUIDESERVICE
getUserRewards ---> TOURGUIDESERVICE
getUserRewards ---> TOURGUIDESERVICE
getUserRewards ---> TOURGUIDESERVICE
getUserRewards ---> TOURGUIDESERVICE
getUserRewards ---> TOURGUIDESERVICE
getUserRewards ---> TOURGUIDESERVICE
getUserRewards ---> TOURGUIDESERVICE
getUserRewards ---> TOURGUIDESERVICE
getUserRewards ---> TOURGUIDESERVICE
getUserRewards ---> TOURGUIDESERVICE
getUserRewards ---> TOURGUIDESERVICE
getUserRewards ---> TOURGUIDESERVICE
getUserRewards ---> TOURGUIDESERVICE
getUserRewards ---> TOURGUIDESERVICE
getUserRewards ---> TOURGUIDESERVICE
getUserRewards ---> TOURGUIDESERVICE
getUserRewards ---> TOURGUIDESERVICE
getUserRewards ---> TOURGUIDESERVICE
getUserRewards ---> TOURGUIDESERVICE
getUserRewards ---> TOURGUIDESERVICE
getUserRewards ---> TOURGUIDESERVICE
getUserRewards ---> TOURGUIDESERVICE
getUserRewards ---> TOURGUIDESERVICE
getUserRewards ---> TOURGUIDESERVICE
getUserRewards ---> TOURGUIDESERVICE
getUserRewards ---> TOURGUIDESERVICE
getUserRewards ---> TOURGUIDESERVICE
getUserRewards ---> TOURGUIDESERVICE
getUserRewards ---> TOURGUIDESERVICE
getUserRewards ---> TOURGUIDESERVICE
getUserRewards ---> TOURGUIDESERVICE
getUserRewards ---> TOURGUIDESERVICE
getUserRewards ---> TOURGUIDESERVICE
getUserRewards ---> TOURGUIDESERVICE
getUserRewards ---> TOURGUIDESERVICE
getUserRewards ---> TOURGUIDESERVICE
getUserRewards ---> TOURGUIDESERVICE
getUserRewards ---> TOURGUIDESERVICE
getUserRewards ---> TOURGUIDESERVICE
getUserRewards ---> TOURGUIDESERVICE
getUserRewards ---> TOURGUIDESERVICE
getUserRewards ---> TOURGUIDESERVICE
getUserRewards ---> TOURGUIDESERVICE
getUserRewards ---> TOURGUIDESERVICE
getUserRewards ---> TOURGUIDESERVICE
getUserRewards ---> TOURGUIDESERVICE
getUserRewards ---> TOURGUIDESERVICE
getUserRewards ---> TOURGUIDESERVICE
getUserRewards ---> TOURGUIDESERVICE
getUserRewards ---> TOURGUIDESERVICE
getUserRewards ---> TOURGUIDESERVICE
getUserRewards ---> TOURGUIDESERVICE
getUserRewards ---> TOURGUIDESERVICE
getUserRewards ---> TOURGUIDESERVICE
getUserRewards ---> TOURGUIDESERVICE
getUserRewards ---> TOURGUIDESERVICE
getUserRewards ---> TOURGUIDESERVICE
getUserRewards ---> TOURGUIDESERVICE
getUserRewards ---> TOURGUIDESERVICE
getUserRewards ---> TOURGUIDESERVICE
getUserRewards ---> TOURGUIDESERVICE
getUserRewards ---> TOURGUIDESERVICE
getUserRewards ---> TOURGUIDESERVICE
getUserRewards ---> TOURGUIDESERVICE
getUserRewards ---> TOURGUIDESERVICE
getUserRewards ---> TOURGUIDESERVICE
getUserRewards ---> TOURGUIDESERVICE
getUserRewards ---> TOURGUIDESERVICE
getUserRewards ---> TOURGUIDESERVICE
getUserRewards ---> TOURGUIDESERVICE
getUserRewards ---> TOURGUIDESERVICE
getUserRewards ---> TOURGUIDESERVICE
getUserRewards ---> TOURGUIDESERVICE
getUserRewards ---> TOURGUIDESERVICE
getUserRewards ---> TOURGUIDESERVICE
getUserRewards ---> TOURGUIDESERVICE
getUserRewards ---> TOURGUIDESERVICE
getUserRewards ---> TOURGUIDESERVICE
getUserRewards ---> TOURGUIDESERVICE
getUserRewards ---> TOURGUIDESERVICE
getUserRewards ---> TOURGUIDESERVICE
getUserRewards ---> TOURGUIDESERVICE
getUserRewards ---> TOURGUIDESERVICE
getUserRewards ---> TOURGUIDESERVICE
getUserRewards ---> TOURGUIDESERVICE
getUserRewards ---> TOURGUIDESERVICE
getUserRewards ---> TOURGUIDESERVICE
getUserRewards ---> TOURGUIDESERVICE
getUserRewards ---> TOURGUIDESERVICE
getUserRewards ---> TOURGUIDESERVICE
getUserRewards ---> TOURGUIDESERVICE
getUserRewards ---> TOURGUIDESERVICE
getUserRewards ---> TOURGUIDESERVICE
getUserRewards ---> TOURGUIDESERVICE
getUserRewards ---> TOURGUIDESERVICE
getUserRewards ---> TOURGUIDESERVICE
getUserRewards ---> TOURGUIDESERVICE
getUserRewards ---> TOURGUIDESERVICE
getUserRewards ---> TOURGUIDESERVICE
getUserRewards ---> TOURGUIDESERVICE
getUserRewards ---> TOURGUIDESERVICE
getUserRewards ---> TOURGUIDESERVICE
getUserRewards ---> TOURGUIDESERVICE
getUserRewards ---> TOURGUIDESERVICE
getUserRewards ---> TOURGUIDESERVICE
getUserRewards ---> TOURGUIDESERVICE
getUserRewards ---> TOURGUIDESERVICE
getUserRewards ---> TOURGUIDESERVICE
getUserRewards ---> TOURGUIDESERVICE
getUserRewards ---> TOURGUIDESERVICE
getUserRewards ---> TOURGUIDESERVICE
getUserRewards ---> TOURGUIDESERVICE
getUserRewards ---> TOURGUIDESERVICE
getUserRewards ---> TOURGUIDESERVICE
getUserRewards ---> TOURGUIDESERVICE
getUserRewards ---> TOURGUIDESERVICE
getUserRewards ---> TOURGUIDESERVICE
getUserRewards ---> TOURGUIDESERVICE
getUserRewards ---> TOURGUIDESERVICE
getUserRewards ---> TOURGUIDESERVICE
getUserRewards ---> TOURGUIDESERVICE
getUserRewards ---> TOURGUIDESERVICE
getUserRewards ---> TOURGUIDESERVICE
getUserRewards ---> TOURGUIDESERVICE
getUserRewards ---> TOURGUIDESERVICE
getUserRewards ---> TOURGUIDESERVICE
getUserRewards ---> TOURGUIDESERVICE
getUserRewards ---> TOURGUIDESERVICE
getUserRewards ---> TOURGUIDESERVICE
getUserRewards ---> TOURGUIDESERVICE
getUserRewards ---> TOURGUIDESERVICE
getUserRewards ---> TOURGUIDESERVICE
getUserRewards ---> TOURGUIDESERVICE
getUserRewards ---> TOURGUIDESERVICE
getUserRewards ---> TOURGUIDESERVICE
getUserRewards ---> TOURGUIDESERVICE
getUserRewards ---> TOURGUIDESERVICE
getUserRewards ---> TOURGUIDESERVICE
getUserRewards ---> TOURGUIDESERVICE
getUserRewards ---> TOURGUIDESERVICE
getUserRewards ---> TOURGUIDESERVICE
getUserRewards ---> TOURGUIDESERVICE
getUserRewards ---> TOURGUIDESERVICE
getUserRewards ---> TOURGUIDESERVICE
getUserRewards ---> TOURGUIDESERVICE
getUserRewards ---> TOURGUIDESERVICE
getUserRewards ---> TOURGUIDESERVICE
getUserRewards ---> TOURGUIDESERVICE
getUserRewards ---> TOURGUIDESERVICE
getUserRewards ---> TOURGUIDESERVICE
getUserRewards ---> TOURGUIDESERVICE
getUserRewards ---> TOURGUIDESERVICE
getUserRewards ---> TOURGUIDESERVICE
getUserRewards ---> TOURGUIDESERVICE
getUserRewards ---> TOURGUIDESERVICE
getUserRewards ---> TOURGUIDESERVICE
getUserRewards ---> TOURGUIDESERVICE
getUserRewards ---> TOURGUIDESERVICE
getUserRewards ---> TOURGUIDESERVICE
getUserRewards ---> TOURGUIDESERVICE
getUserRewards ---> TOURGUIDESERVICE
getUserRewards ---> TOURGUIDESERVICE
getUserRewards ---> TOURGUIDESERVICE
getUserRewards ---> TOURGUIDESERVICE
getUserRewards ---> TOURGUIDESERVICE
getUserRewards ---> TOURGUIDESERVICE
getUserRewards ---> TOURGUIDESERVICE
getUserRewards ---> TOURGUIDESERVICE
getUserRewards ---> TOURGUIDESERVICE
getUserRewards ---> TOURGUIDESERVICE
getUserRewards ---> TOURGUIDESERVICE
getUserRewards ---> TOURGUIDESERVICE
getUserRewards ---> TOURGUIDESERVICE
getUserRewards ---> TOURGUIDESERVICE
getUserRewards ---> TOURGUIDESERVICE
getUserRewards ---> TOURGUIDESERVICE
getUserRewards ---> TOURGUIDESERVICE
getUserRewards ---> TOURGUIDESERVICE
getUserRewards ---> TOURGUIDESERVICE
getUserRewards ---> TOURGUIDESERVICE
getUserRewards ---> TOURGUIDESERVICE
getUserRewards ---> TOURGUIDESERVICE
getUserRewards ---> TOURGUIDESERVICE
getUserRewards ---> TOURGUIDESERVICE
getUserRewards ---> TOURGUIDESERVICE
getUserRewards ---> TOURGUIDESERVICE
getUserRewards ---> TOURGUIDESERVICE
getUserRewards ---> TOURGUIDESERVICE
getUserRewards ---> TOURGUIDESERVICE
getUserRewards ---> TOURGUIDESERVICE
getUserRewards ---> TOURGUIDESERVICE
getUserRewards ---> TOURGUIDESERVICE
getUserRewards ---> TOURGUIDESERVICE
getUserRewards ---> TOURGUIDESERVICE
getUserRewards ---> TOURGUIDESERVICE
getUserRewards ---> TOURGUIDESERVICE
getUserRewards ---> TOURGUIDESERVICE
getUserRewards ---> TOURGUIDESERVICE
getUserRewards ---> TOURGUIDESERVICE
getUserRewards ---> TOURGUIDESERVICE
getUserRewards ---> TOURGUIDESERVICE
getUserRewards ---> TOURGUIDESERVICE
getUserRewards ---> TOURGUIDESERVICE
getUserRewards ---> TOURGUIDESERVICE
getUserRewards ---> TOURGUIDESERVICE
getUserRewards ---> TOURGUIDESERVICE
getUserRewards ---> TOURGUIDESERVICE
getUserRewards ---> TOURGUIDESERVICE
getUserRewards ---> TOURGUIDESERVICE
getUserRewards ---> TOURGUIDESERVICE
getUserRewards ---> TOURGUIDESERVICE
getUserRewards ---> TOURGUIDESERVICE
getUserRewards ---> TOURGUIDESERVICE
getUserRewards ---> TOURGUIDESERVICE
getUserRewards ---> TOURGUIDESERVICE
getUserRewards ---> TOURGUIDESERVICE
getUserRewards ---> TOURGUIDESERVICE
getUserRewards ---> TOURGUIDESERVICE
getUserRewards ---> TOURGUIDESERVICE
getUserRewards ---> TOURGUIDESERVICE
getUserRewards ---> TOURGUIDESERVICE
getUserRewards ---> TOURGUIDESERVICE
getUserRewards ---> TOURGUIDESERVICE
getUserRewards ---> TOURGUIDESERVICE
getUserRewards ---> TOURGUIDESERVICE
getUserRewards ---> TOURGUIDESERVICE
getUserRewards ---> TOURGUIDESERVICE
getUserRewards ---> TOURGUIDESERVICE
getUserRewards ---> TOURGUIDESERVICE
getUserRewards ---> TOURGUIDESERVICE
getUserRewards ---> TOURGUIDESERVICE
getUserRewards ---> TOURGUIDESERVICE
getUserRewards ---> TOURGUIDESERVICE
getUserRewards ---> TOURGUIDESERVICE
getUserRewards ---> TOURGUIDESERVICE
getUserRewards ---> TOURGUIDESERVICE
getUserRewards ---> TOURGUIDESERVICE
getUserRewards ---> TOURGUIDESERVICE
getUserRewards ---> TOURGUIDESERVICE
getUserRewards ---> TOURGUIDESERVICE
getUserRewards ---> TOURGUIDESERVICE
getUserRewards ---> TOURGUIDESERVICE
getUserRewards ---> TOURGUIDESERVICE
getUserRewards ---> TOURGUIDESERVICE
getUserRewards ---> TOURGUIDESERVICE
getUserRewards ---> TOURGUIDESERVICE
getUserRewards ---> TOURGUIDESERVICE
getUserRewards ---> TOURGUIDESERVICE
getUserRewards ---> TOURGUIDESERVICE
getUserRewards ---> TOURGUIDESERVICE
getUserRewards ---> TOURGUIDESERVICE
getUserRewards ---> TOURGUIDESERVICE
getUserRewards ---> TOURGUIDESERVICE
getUserRewards ---> TOURGUIDESERVICE
getUserRewards ---> TOURGUIDESERVICE
getUserRewards ---> TOURGUIDESERVICE
getUserRewards ---> TOURGUIDESERVICE
getUserRewards ---> TOURGUIDESERVICE
getUserRewards ---> TOURGUIDESERVICE
getUserRewards ---> TOURGUIDESERVICE
getUserRewards ---> TOURGUIDESERVICE
getUserRewards ---> TOURGUIDESERVICE
getUserRewards ---> TOURGUIDESERVICE
getUserRewards ---> TOURGUIDESERVICE
getUserRewards ---> TOURGUIDESERVICE
getUserRewards ---> TOURGUIDESERVICE
getUserRewards ---> TOURGUIDESERVICE
getUserRewards ---> TOURGUIDESERVICE
getUserRewards ---> TOURGUIDESERVICE
getUserRewards ---> TOURGUIDESERVICE
getUserRewards ---> TOURGUIDESERVICE
getUserRewards ---> TOURGUIDESERVICE
getUserRewards ---> TOURGUIDESERVICE
getUserRewards ---> TOURGUIDESERVICE
getUserRewards ---> TOURGUIDESERVICE
getUserRewards ---> TOURGUIDESERVICE
getUserRewards ---> TOURGUIDESERVICE
getUserRewards ---> TOURGUIDESERVICE
getUserRewards ---> TOURGUIDESERVICE
getUserRewards ---> TOURGUIDESERVICE
getUserRewards ---> TOURGUIDESERVICE
getUserRewards ---> TOURGUIDESERVICE
getUserRewards ---> TOURGUIDESERVICE
getUserRewards ---> TOURGUIDESERVICE
getUserRewards ---> TOURGUIDESERVICE
getUserRewards ---> TOURGUIDESERVICE
getUserRewards ---> TOURGUIDESERVICE
getUserRewards ---> TOURGUIDESERVICE
getUserRewards ---> TOURGUIDESERVICE
getUserRewards ---> TOURGUIDESERVICE
getUserRewards ---> TOURGUIDESERVICE
getUserRewards ---> TOURGUIDESERVICE
getUserRewards ---> TOURGUIDESERVICE
getUserRewards ---> TOURGUIDESERVICE
getUserRewards ---> TOURGUIDESERVICE
getUserRewards ---> TOURGUIDESERVICE
getUserRewards ---> TOURGUIDESERVICE
getUserRewards ---> TOURGUIDESERVICE
getUserRewards ---> TOURGUIDESERVICE
getUserRewards ---> TOURGUIDESERVICE
getUserRewards ---> TOURGUIDESERVICE
getUserRewards ---> TOURGUIDESERVICE
getUserRewards ---> TOURGUIDESERVICE
getUserRewards ---> TOURGUIDESERVICE
getUserRewards ---> TOURGUIDESERVICE
getUserRewards ---> TOURGUIDESERVICE
getUserRewards ---> TOURGUIDESERVICE
getUserRewards ---> TOURGUIDESERVICE
getUserRewards ---> TOURGUIDESERVICE
getUserRewards ---> TOURGUIDESERVICE
getUserRewards ---> TOURGUIDESERVICE
getUserRewards ---> TOURGUIDESERVICE
getUserRewards ---> TOURGUIDESERVICE
getUserRewards ---> TOURGUIDESERVICE
getUserRewards ---> TOURGUIDESERVICE
getUserRewards ---> TOURGUIDESERVICE
getUserRewards ---> TOURGUIDESERVICE
getUserRewards ---> TOURGUIDESERVICE
getUserRewards ---> TOURGUIDESERVICE
getUserRewards ---> TOURGUIDESERVICE
getUserRewards ---> TOURGUIDESERVICE
getUserRewards ---> TOURGUIDESERVICE
getUserRewards ---> TOURGUIDESERVICE
getUserRewards ---> TOURGUIDESERVICE
getUserRewards ---> TOURGUIDESERVICE
getUserRewards ---> TOURGUIDESERVICE
getUserRewards ---> TOURGUIDESERVICE
getUserRewards ---> TOURGUIDESERVICE
getUserRewards ---> TOURGUIDESERVICE
getUserRewards ---> TOURGUIDESERVICE
getUserRewards ---> TOURGUIDESERVICE
getUserRewards ---> TOURGUIDESERVICE
getUserRewards ---> TOURGUIDESERVICE
getUserRewards ---> TOURGUIDESERVICE
getUserRewards ---> TOURGUIDESERVICE
getUserRewards ---> TOURGUIDESERVICE
getUserRewards ---> TOURGUIDESERVICE
getUserRewards ---> TOURGUIDESERVICE
getUserRewards ---> TOURGUIDESERVICE
getUserRewards ---> TOURGUIDESERVICE
getUserRewards ---> TOURGUIDESERVICE
getUserRewards ---> TOURGUIDESERVICE
getUserRewards ---> TOURGUIDESERVICE
getUserRewards ---> TOURGUIDESERVICE
getUserRewards ---> TOURGUIDESERVICE
getUserRewards ---> TOURGUIDESERVICE
getUserRewards ---> TOURGUIDESERVICE
getUserRewards ---> TOURGUIDESERVICE
getUserRewards ---> TOURGUIDESERVICE
getUserRewards ---> TOURGUIDESERVICE
getUserRewards ---> TOURGUIDESERVICE
getUserRewards ---> TOURGUIDESERVICE
getUserRewards ---> TOURGUIDESERVICE
getUserRewards ---> TOURGUIDESERVICE
getUserRewards ---> TOURGUIDESERVICE
getUserRewards ---> TOURGUIDESERVICE
getUserRewards ---> TOURGUIDESERVICE
getUserRewards ---> TOURGUIDESERVICE
getUserRewards ---> TOURGUIDESERVICE
getUserRewards ---> TOURGUIDESERVICE
getUserRewards ---> TOURGUIDESERVICE
getUserRewards ---> TOURGUIDESERVICE
getUserRewards ---> TOURGUIDESERVICE
getUserRewards ---> TOURGUIDESERVICE
getUserRewards ---> TOURGUIDESERVICE
getUserRewards ---> TOURGUIDESERVICE
getUserRewards ---> TOURGUIDESERVICE
getUserRewards ---> TOURGUIDESERVICE
getUserRewards ---> TOURGUIDESERVICE
getUserRewards ---> TOURGUIDESERVICE
getUserRewards ---> TOURGUIDESERVICE
getUserRewards ---> TOURGUIDESERVICE
getUserRewards ---> TOURGUIDESERVICE
getUserRewards ---> TOURGUIDESERVICE
getUserRewards ---> TOURGUIDESERVICE
getUserRewards ---> TOURGUIDESERVICE
getUserRewards ---> TOURGUIDESERVICE
getUserRewards ---> TOURGUIDESERVICE
getUserRewards ---> TOURGUIDESERVICE
getUserRewards ---> TOURGUIDESERVICE
getUserRewards ---> TOURGUIDESERVICE
getUserRewards ---> TOURGUIDESERVICE
getUserRewards ---> TOURGUIDESERVICE
getUserRewards ---> TOURGUIDESERVICE
getUserRewards ---> TOURGUIDESERVICE
getUserRewards ---> TOURGUIDESERVICE
getUserRewards ---> TOURGUIDESERVICE
getUserRewards ---> TOURGUIDESERVICE
getUserRewards ---> TOURGUIDESERVICE
getUserRewards ---> TOURGUIDESERVICE
getUserRewards ---> TOURGUIDESERVICE
getUserRewards ---> TOURGUIDESERVICE
getUserRewards ---> TOURGUIDESERVICE
getUserRewards ---> TOURGUIDESERVICE
getUserRewards ---> TOURGUIDESERVICE
getUserRewards ---> TOURGUIDESERVICE
getUserRewards ---> TOURGUIDESERVICE
getUserRewards ---> TOURGUIDESERVICE
getUserRewards ---> TOURGUIDESERVICE
getUserRewards ---> TOURGUIDESERVICE
getUserRewards ---> TOURGUIDESERVICE
getUserRewards ---> TOURGUIDESERVICE
getUserRewards ---> TOURGUIDESERVICE
getUserRewards ---> TOURGUIDESERVICE
getUserRewards ---> TOURGUIDESERVICE
getUserRewards ---> TOURGUIDESERVICE
getUserRewards ---> TOURGUIDESERVICE
getUserRewards ---> TOURGUIDESERVICE
getUserRewards ---> TOURGUIDESERVICE
getUserRewards ---> TOURGUIDESERVICE
getUserRewards ---> TOURGUIDESERVICE
getUserRewards ---> TOURGUIDESERVICE
getUserRewards ---> TOURGUIDESERVICE
getUserRewards ---> TOURGUIDESERVICE
getUserRewards ---> TOURGUIDESERVICE
getUserRewards ---> TOURGUIDESERVICE
getUserRewards ---> TOURGUIDESERVICE
getUserRewards ---> TOURGUIDESERVICE
getUserRewards ---> TOURGUIDESERVICE
getUserRewards ---> TOURGUIDESERVICE
getUserRewards ---> TOURGUIDESERVICE
getUserRewards ---> TOURGUIDESERVICE
getUserRewards ---> TOURGUIDESERVICE
getUserRewards ---> TOURGUIDESERVICE
getUserRewards ---> TOURGUIDESERVICE
getUserRewards ---> TOURGUIDESERVICE
getUserRewards ---> TOURGUIDESERVICE
getUserRewards ---> TOURGUIDESERVICE
getUserRewards ---> TOURGUIDESERVICE
getUserRewards ---> TOURGUIDESERVICE
getUserRewards ---> TOURGUIDESERVICE
getUserRewards ---> TOURGUIDESERVICE
getUserRewards ---> TOURGUIDESERVICE
getUserRewards ---> TOURGUIDESERVICE
getUserRewards ---> TOURGUIDESERVICE
getUserRewards ---> TOURGUIDESERVICE
getUserRewards ---> TOURGUIDESERVICE
getUserRewards ---> TOURGUIDESERVICE
getUserRewards ---> TOURGUIDESERVICE
getUserRewards ---> TOURGUIDESERVICE
getUserRewards ---> TOURGUIDESERVICE
getUserRewards ---> TOURGUIDESERVICE
getUserRewards ---> TOURGUIDESERVICE
getUserRewards ---> TOURGUIDESERVICE
getUserRewards ---> TOURGUIDESERVICE
getUserRewards ---> TOURGUIDESERVICE
getUserRewards ---> TOURGUIDESERVICE
getUserRewards ---> TOURGUIDESERVICE
getUserRewards ---> TOURGUIDESERVICE
getUserRewards ---> TOURGUIDESERVICE
getUserRewards ---> TOURGUIDESERVICE
getUserRewards ---> TOURGUIDESERVICE
getUserRewards ---> TOURGUIDESERVICE
getUserRewards ---> TOURGUIDESERVICE
getUserRewards ---> TOURGUIDESERVICE
getUserRewards ---> TOURGUIDESERVICE
getUserRewards ---> TOURGUIDESERVICE
getUserRewards ---> TOURGUIDESERVICE
getUserRewards ---> TOURGUIDESERVICE
getUserRewards ---> TOURGUIDESERVICE
getUserRewards ---> TOURGUIDESERVICE
getUserRewards ---> TOURGUIDESERVICE
getUserRewards ---> TOURGUIDESERVICE
getUserRewards ---> TOURGUIDESERVICE
getUserRewards ---> TOURGUIDESERVICE
getUserRewards ---> TOURGUIDESERVICE
getUserRewards ---> TOURGUIDESERVICE
getUserRewards ---> TOURGUIDESERVICE
getUserRewards ---> TOURGUIDESERVICE
getUserRewards ---> TOURGUIDESERVICE
getUserRewards ---> TOURGUIDESERVICE
getUserRewards ---> TOURGUIDESERVICE
getUserRewards ---> TOURGUIDESERVICE
getUserRewards ---> TOURGUIDESERVICE
getUserRewards ---> TOURGUIDESERVICE
getUserRewards ---> TOURGUIDESERVICE
getUserRewards ---> TOURGUIDESERVICE
getUserRewards ---> TOURGUIDESERVICE
getUserRewards ---> TOURGUIDESERVICE
getUserRewards ---> TOURGUIDESERVICE
getUserRewards ---> TOURGUIDESERVICE
getUserRewards ---> TOURGUIDESERVICE
getUserRewards ---> TOURGUIDESERVICE
getUserRewards ---> TOURGUIDESERVICE
getUserRewards ---> TOURGUIDESERVICE
getUserRewards ---> TOURGUIDESERVICE
getUserRewards ---> TOURGUIDESERVICE
getUserRewards ---> TOURGUIDESERVICE
getUserRewards ---> TOURGUIDESERVICE
getUserRewards ---> TOURGUIDESERVICE
getUserRewards ---> TOURGUIDESERVICE
getUserRewards ---> TOURGUIDESERVICE
getUserRewards ---> TOURGUIDESERVICE
getUserRewards ---> TOURGUIDESERVICE
getUserRewards ---> TOURGUIDESERVICE
getUserRewards ---> TOURGUIDESERVICE
getUserRewards ---> TOURGUIDESERVICE
getUserRewards ---> TOURGUIDESERVICE
getUserRewards ---> TOURGUIDESERVICE
getUserRewards ---> TOURGUIDESERVICE
getUserRewards ---> TOURGUIDESERVICE
getUserRewards ---> TOURGUIDESERVICE
getUserRewards ---> TOURGUIDESERVICE
getUserRewards ---> TOURGUIDESERVICE
getUserRewards ---> TOURGUIDESERVICE
getUserRewards ---> TOURGUIDESERVICE
getUserRewards ---> TOURGUIDESERVICE
getUserRewards ---> TOURGUIDESERVICE
getUserRewards ---> TOURGUIDESERVICE
getUserRewards ---> TOURGUIDESERVICE
getUserRewards ---> TOURGUIDESERVICE
getUserRewards ---> TOURGUIDESERVICE
getUserRewards ---> TOURGUIDESERVICE
getUserRewards ---> TOURGUIDESERVICE
getUserRewards ---> TOURGUIDESERVICE
getUserRewards ---> TOURGUIDESERVICE
getUserRewards ---> TOURGUIDESERVICE
getUserRewards ---> TOURGUIDESERVICE
getUserRewards ---> TOURGUIDESERVICE
getUserRewards ---> TOURGUIDESERVICE
getUserRewards ---> TOURGUIDESERVICE
getUserRewards ---> TOURGUIDESERVICE
getUserRewards ---> TOURGUIDESERVICE
getUserRewards ---> TOURGUIDESERVICE
getUserRewards ---> TOURGUIDESERVICE
getUserRewards ---> TOURGUIDESERVICE
getUserRewards ---> TOURGUIDESERVICE
getUserRewards ---> TOURGUIDESERVICE
getUserRewards ---> TOURGUIDESERVICE
getUserRewards ---> TOURGUIDESERVICE
getUserRewards ---> TOURGUIDESERVICE
getUserRewards ---> TOURGUIDESERVICE
getUserRewards ---> TOURGUIDESERVICE
getUserRewards ---> TOURGUIDESERVICE
getUserRewards ---> TOURGUIDESERVICE
getUserRewards ---> TOURGUIDESERVICE
getUserRewards ---> TOURGUIDESERVICE
getUserRewards ---> TOURGUIDESERVICE
getUserRewards ---> TOURGUIDESERVICE
getUserRewards ---> TOURGUIDESERVICE
getUserRewards ---> TOURGUIDESERVICE
getUserRewards ---> TOURGUIDESERVICE
getUserRewards ---> TOURGUIDESERVICE
getUserRewards ---> TOURGUIDESERVICE
getUserRewards ---> TOURGUIDESERVICE
getUserRewards ---> TOURGUIDESERVICE
getUserRewards ---> TOURGUIDESERVICE
getUserRewards ---> TOURGUIDESERVICE
getUserRewards ---> TOURGUIDESERVICE
getUserRewards ---> TOURGUIDESERVICE
getUserRewards ---> TOURGUIDESERVICE
getUserRewards ---> TOURGUIDESERVICE
getUserRewards ---> TOURGUIDESERVICE
getUserRewards ---> TOURGUIDESERVICE
getUserRewards ---> TOURGUIDESERVICE
getUserRewards ---> TOURGUIDESERVICE
getUserRewards ---> TOURGUIDESERVICE
getUserRewards ---> TOURGUIDESERVICE
getUserRewards ---> TOURGUIDESERVICE
getUserRewards ---> TOURGUIDESERVICE
getUserRewards ---> TOURGUIDESERVICE
getUserRewards ---> TOURGUIDESERVICE
getUserRewards ---> TOURGUIDESERVICE
getUserRewards ---> TOURGUIDESERVICE
getUserRewards ---> TOURGUIDESERVICE
getUserRewards ---> TOURGUIDESERVICE
getUserRewards ---> TOURGUIDESERVICE
getUserRewards ---> TOURGUIDESERVICE
getUserRewards ---> TOURGUIDESERVICE
getUserRewards ---> TOURGUIDESERVICE
getUserRewards ---> TOURGUIDESERVICE
getUserRewards ---> TOURGUIDESERVICE
getUserRewards ---> TOURGUIDESERVICE
getUserRewards ---> TOURGUIDESERVICE
getUserRewards ---> TOURGUIDESERVICE
getUserRewards ---> TOURGUIDESERVICE
getUserRewards ---> TOURGUIDESERVICE
getUserRewards ---> TOURGUIDESERVICE
getUserRewards ---> TOURGUIDESERVICE
getUserRewards ---> TOURGUIDESERVICE
getUserRewards ---> TOURGUIDESERVICE
getUserRewards ---> TOURGUIDESERVICE
getUserRewards ---> TOURGUIDESERVICE
getUserRewards ---> TOURGUIDESERVICE
getUserRewards ---> TOURGUIDESERVICE
getUserRewards ---> TOURGUIDESERVICE
getUserRewards ---> TOURGUIDESERVICE
getUserRewards ---> TOURGUIDESERVICE
getUserRewards ---> TOURGUIDESERVICE
getUserRewards ---> TOURGUIDESERVICE
getUserRewards ---> TOURGUIDESERVICE
getUserRewards ---> TOURGUIDESERVICE
getUserRewards ---> TOURGUIDESERVICE
getUserRewards ---> TOURGUIDESERVICE
getUserRewards ---> TOURGUIDESERVICE
getUserRewards ---> TOURGUIDESERVICE
getUserRewards ---> TOURGUIDESERVICE
getUserRewards ---> TOURGUIDESERVICE
getUserRewards ---> TOURGUIDESERVICE
getUserRewards ---> TOURGUIDESERVICE
getUserRewards ---> TOURGUIDESERVICE
getUserRewards ---> TOURGUIDESERVICE
getUserRewards ---> TOURGUIDESERVICE
getUserRewards ---> TOURGUIDESERVICE
getUserRewards ---> TOURGUIDESERVICE
getUserRewards ---> TOURGUIDESERVICE
getUserRewards ---> TOURGUIDESERVICE
getUserRewards ---> TOURGUIDESERVICE
getUserRewards ---> TOURGUIDESERVICE
getUserRewards ---> TOURGUIDESERVICE
getUserRewards ---> TOURGUIDESERVICE
getUserRewards ---> TOURGUIDESERVICE
getUserRewards ---> TOURGUIDESERVICE
getUserRewards ---> TOURGUIDESERVICE
getUserRewards ---> TOURGUIDESERVICE
getUserRewards ---> TOURGUIDESERVICE
getUserRewards ---> TOURGUIDESERVICE
getUserRewards ---> TOURGUIDESERVICE
getUserRewards ---> TOURGUIDESERVICE
getUserRewards ---> TOURGUIDESERVICE
getUserRewards ---> TOURGUIDESERVICE
getUserRewards ---> TOURGUIDESERVICE
getUserRewards ---> TOURGUIDESERVICE
getUserRewards ---> TOURGUIDESERVICE
getUserRewards ---> TOURGUIDESERVICE
getUserRewards ---> TOURGUIDESERVICE
getUserRewards ---> TOURGUIDESERVICE
getUserRewards ---> TOURGUIDESERVICE
getUserRewards ---> TOURGUIDESERVICE
getUserRewards ---> TOURGUIDESERVICE
getUserRewards ---> TOURGUIDESERVICE
getUserRewards ---> TOURGUIDESERVICE
getUserRewards ---> TOURGUIDESERVICE
getUserRewards ---> TOURGUIDESERVICE
getUserRewards ---> TOURGUIDESERVICE
getUserRewards ---> TOURGUIDESERVICE
getUserRewards ---> TOURGUIDESERVICE
getUserRewards ---> TOURGUIDESERVICE
getUserRewards ---> TOURGUIDESERVICE
getUserRewards ---> TOURGUIDESERVICE
getUserRewards ---> TOURGUIDESERVICE
getUserRewards ---> TOURGUIDESERVICE
getUserRewards ---> TOURGUIDESERVICE
getUserRewards ---> TOURGUIDESERVICE
getUserRewards ---> TOURGUIDESERVICE
getUserRewards ---> TOURGUIDESERVICE
getUserRewards ---> TOURGUIDESERVICE
getUserRewards ---> TOURGUIDESERVICE
getUserRewards ---> TOURGUIDESERVICE
getUserRewards ---> TOURGUIDESERVICE
getUserRewards ---> TOURGUIDESERVICE
getUserRewards ---> TOURGUIDESERVICE
getUserRewards ---> TOURGUIDESERVICE
getUserRewards ---> TOURGUIDESERVICE
getUserRewards ---> TOURGUIDESERVICE
getUserRewards ---> TOURGUIDESERVICE
getUserRewards ---> TOURGUIDESERVICE
getUserRewards ---> TOURGUIDESERVICE
getUserRewards ---> TOURGUIDESERVICE
getUserRewards ---> TOURGUIDESERVICE
getUserRewards ---> TOURGUIDESERVICE
getUserRewards ---> TOURGUIDESERVICE
getUserRewards ---> TOURGUIDESERVICE
getUserRewards ---> TOURGUIDESERVICE
getUserRewards ---> TOURGUIDESERVICE
getUserRewards ---> TOURGUIDESERVICE
getUserRewards ---> TOURGUIDESERVICE
getUserRewards ---> TOURGUIDESERVICE
getUserRewards ---> TOURGUIDESERVICE
getUserRewards ---> TOURGUIDESERVICE
getUserRewards ---> TOURGUIDESERVICE
getUserRewards ---> TOURGUIDESERVICE
getUserRewards ---> TOURGUIDESERVICE
getUserRewards ---> TOURGUIDESERVICE
getUserRewards ---> TOURGUIDESERVICE
getUserRewards ---> TOURGUIDESERVICE
getUserRewards ---> TOURGUIDESERVICE
getUserRewards ---> TOURGUIDESERVICE
getUserRewards ---> TOURGUIDESERVICE
getUserRewards ---> TOURGUIDESERVICE
getUserRewards ---> TOURGUIDESERVICE
getUserRewards ---> TOURGUIDESERVICE
getUserRewards ---> TOURGUIDESERVICE
getUserRewards ---> TOURGUIDESERVICE
getUserRewards ---> TOURGUIDESERVICE
getUserRewards ---> TOURGUIDESERVICE
getUserRewards ---> TOURGUIDESERVICE
getUserRewards ---> TOURGUIDESERVICE
getUserRewards ---> TOURGUIDESERVICE
getUserRewards ---> TOURGUIDESERVICE
getUserRewards ---> TOURGUIDESERVICE
getUserRewards ---> TOURGUIDESERVICE
getUserRewards ---> TOURGUIDESERVICE
getUserRewards ---> TOURGUIDESERVICE
getUserRewards ---> TOURGUIDESERVICE
getUserRewards ---> TOURGUIDESERVICE
getUserRewards ---> TOURGUIDESERVICE
getUserRewards ---> TOURGUIDESERVICE
getUserRewards ---> TOURGUIDESERVICE
getUserRewards ---> TOURGUIDESERVICE
getUserRewards ---> TOURGUIDESERVICE
getUserRewards ---> TOURGUIDESERVICE
getUserRewards ---> TOURGUIDESERVICE
getUserRewards ---> TOURGUIDESERVICE
getUserRewards ---> TOURGUIDESERVICE
getUserRewards ---> TOURGUIDESERVICE
getUserRewards ---> TOURGUIDESERVICE
getUserRewards ---> TOURGUIDESERVICE
getUserRewards ---> TOURGUIDESERVICE
getUserRewards ---> TOURGUIDESERVICE
getUserRewards ---> TOURGUIDESERVICE
getUserRewards ---> TOURGUIDESERVICE
getUserRewards ---> TOURGUIDESERVICE
getUserRewards ---> TOURGUIDESERVICE
getUserRewards ---> TOURGUIDESERVICE
getUserRewards ---> TOURGUIDESERVICE
getUserRewards ---> TOURGUIDESERVICE
getUserRewards ---> TOURGUIDESERVICE
getUserRewards ---> TOURGUIDESERVICE
getUserRewards ---> TOURGUIDESERVICE
getUserRewards ---> TOURGUIDESERVICE
getUserRewards ---> TOURGUIDESERVICE
getUserRewards ---> TOURGUIDESERVICE
getUserRewards ---> TOURGUIDESERVICE
getUserRewards ---> TOURGUIDESERVICE
getUserRewards ---> TOURGUIDESERVICE
getUserRewards ---> TOURGUIDESERVICE
getUserRewards ---> TOURGUIDESERVICE
getUserRewards ---> TOURGUIDESERVICE
getUserRewards ---> TOURGUIDESERVICE
getUserRewards ---> TOURGUIDESERVICE
getUserRewards ---> TOURGUIDESERVICE
getUserRewards ---> TOURGUIDESERVICE
getUserRewards ---> TOURGUIDESERVICE
getUserRewards ---> TOURGUIDESERVICE
getUserRewards ---> TOURGUIDESERVICE
getUserRewards ---> TOURGUIDESERVICE
getUserRewards ---> TOURGUIDESERVICE
getUserRewards ---> TOURGUIDESERVICE
getUserRewards ---> TOURGUIDESERVICE
getUserRewards ---> TOURGUIDESERVICE
getUserRewards ---> TOURGUIDESERVICE
getUserRewards ---> TOURGUIDESERVICE
getUserRewards ---> TOURGUIDESERVICE
getUserRewards ---> TOURGUIDESERVICE
getUserRewards ---> TOURGUIDESERVICE
getUserRewards ---> TOURGUIDESERVICE
getUserRewards ---> TOURGUIDESERVICE
getUserRewards ---> TOURGUIDESERVICE
getUserRewards ---> TOURGUIDESERVICE
getUserRewards ---> TOURGUIDESERVICE
getUserRewards ---> TOURGUIDESERVICE
getUserRewards ---> TOURGUIDESERVICE
getUserRewards ---> TOURGUIDESERVICE
getUserRewards ---> TOURGUIDESERVICE
getUserRewards ---> TOURGUIDESERVICE
getUserRewards ---> TOURGUIDESERVICE
getUserRewards ---> TOURGUIDESERVICE
getUserRewards ---> TOURGUIDESERVICE
getUserRewards ---> TOURGUIDESERVICE
getUserRewards ---> TOURGUIDESERVICE
getUserRewards ---> TOURGUIDESERVICE
getUserRewards ---> TOURGUIDESERVICE
getUserRewards ---> TOURGUIDESERVICE
getUserRewards ---> TOURGUIDESERVICE
getUserRewards ---> TOURGUIDESERVICE
getUserRewards ---> TOURGUIDESERVICE
getUserRewards ---> TOURGUIDESERVICE
getUserRewards ---> TOURGUIDESERVICE
getUserRewards ---> TOURGUIDESERVICE
getUserRewards ---> TOURGUIDESERVICE
getUserRewards ---> TOURGUIDESERVICE
getUserRewards ---> TOURGUIDESERVICE
getUserRewards ---> TOURGUIDESERVICE
getUserRewards ---> TOURGUIDESERVICE
getUserRewards ---> TOURGUIDESERVICE
getUserRewards ---> TOURGUIDESERVICE
getUserRewards ---> TOURGUIDESERVICE
getUserRewards ---> TOURGUIDESERVICE
getUserRewards ---> TOURGUIDESERVICE
getUserRewards ---> TOURGUIDESERVICE
getUserRewards ---> TOURGUIDESERVICE
getUserRewards ---> TOURGUIDESERVICE
getUserRewards ---> TOURGUIDESERVICE
getUserRewards ---> TOURGUIDESERVICE
getUserRewards ---> TOURGUIDESERVICE
getUserRewards ---> TOURGUIDESERVICE
getUserRewards ---> TOURGUIDESERVICE
getUserRewards ---> TOURGUIDESERVICE
getUserRewards ---> TOURGUIDESERVICE
getUserRewards ---> TOURGUIDESERVICE
getUserRewards ---> TOURGUIDESERVICE
getUserRewards ---> TOURGUIDESERVICE
getUserRewards ---> TOURGUIDESERVICE
getUserRewards ---> TOURGUIDESERVICE
getUserRewards ---> TOURGUIDESERVICE
getUserRewards ---> TOURGUIDESERVICE
getUserRewards ---> TOURGUIDESERVICE
getUserRewards ---> TOURGUIDESERVICE
getUserRewards ---> TOURGUIDESERVICE
getUserRewards ---> TOURGUIDESERVICE
getUserRewards ---> TOURGUIDESERVICE
getUserRewards ---> TOURGUIDESERVICE
getUserRewards ---> TOURGUIDESERVICE
getUserRewards ---> TOURGUIDESERVICE
getUserRewards ---> TOURGUIDESERVICE
getUserRewards ---> TOURGUIDESERVICE
getUserRewards ---> TOURGUIDESERVICE
getUserRewards ---> TOURGUIDESERVICE
getUserRewards ---> TOURGUIDESERVICE
getUserRewards ---> TOURGUIDESERVICE
getUserRewards ---> TOURGUIDESERVICE
getUserRewards ---> TOURGUIDESERVICE
getUserRewards ---> TOURGUIDESERVICE
getUserRewards ---> TOURGUIDESERVICE
getUserRewards ---> TOURGUIDESERVICE
getUserRewards ---> TOURGUIDESERVICE
getUserRewards ---> TOURGUIDESERVICE
getUserRewards ---> TOURGUIDESERVICE
getUserRewards ---> TOURGUIDESERVICE
getUserRewards ---> TOURGUIDESERVICE
getUserRewards ---> TOURGUIDESERVICE
getUserRewards ---> TOURGUIDESERVICE
getUserRewards ---> TOURGUIDESERVICE
getUserRewards ---> TOURGUIDESERVICE
getUserRewards ---> TOURGUIDESERVICE
getUserRewards ---> TOURGUIDESERVICE
getUserRewards ---> TOURGUIDESERVICE
getUserRewards ---> TOURGUIDESERVICE
getUserRewards ---> TOURGUIDESERVICE
getUserRewards ---> TOURGUIDESERVICE
getUserRewards ---> TOURGUIDESERVICE
getUserRewards ---> TOURGUIDESERVICE
getUserRewards ---> TOURGUIDESERVICE
getUserRewards ---> TOURGUIDESERVICE
getUserRewards ---> TOURGUIDESERVICE
getUserRewards ---> TOURGUIDESERVICE
getUserRewards ---> TOURGUIDESERVICE
getUserRewards ---> TOURGUIDESERVICE
getUserRewards ---> TOURGUIDESERVICE
getUserRewards ---> TOURGUIDESERVICE
getUserRewards ---> TOURGUIDESERVICE
getUserRewards ---> TOURGUIDESERVICE
getUserRewards ---> TOURGUIDESERVICE
getUserRewards ---> TOURGUIDESERVICE
getUserRewards ---> TOURGUIDESERVICE
getUserRewards ---> TOURGUIDESERVICE
getUserRewards ---> TOURGUIDESERVICE
getUserRewards ---> TOURGUIDESERVICE
getUserRewards ---> TOURGUIDESERVICE
getUserRewards ---> TOURGUIDESERVICE
getUserRewards ---> TOURGUIDESERVICE
getUserRewards ---> TOURGUIDESERVICE
getUserRewards ---> TOURGUIDESERVICE
getUserRewards ---> TOURGUIDESERVICE
getUserRewards ---> TOURGUIDESERVICE
getUserRewards ---> TOURGUIDESERVICE
getUserRewards ---> TOURGUIDESERVICE
getUserRewards ---> TOURGUIDESERVICE
getUserRewards ---> TOURGUIDESERVICE
getUserRewards ---> TOURGUIDESERVICE
getUserRewards ---> TOURGUIDESERVICE
getUserRewards ---> TOURGUIDESERVICE
getUserRewards ---> TOURGUIDESERVICE
getUserRewards ---> TOURGUIDESERVICE
getUserRewards ---> TOURGUIDESERVICE
getUserRewards ---> TOURGUIDESERVICE
getUserRewards ---> TOURGUIDESERVICE
getUserRewards ---> TOURGUIDESERVICE
getUserRewards ---> TOURGUIDESERVICE
getUserRewards ---> TOURGUIDESERVICE
getUserRewards ---> TOURGUIDESERVICE
getUserRewards ---> TOURGUIDESERVICE
getUserRewards ---> TOURGUIDESERVICE
getUserRewards ---> TOURGUIDESERVICE
getUserRewards ---> TOURGUIDESERVICE
getUserRewards ---> TOURGUIDESERVICE
getUserRewards ---> TOURGUIDESERVICE
getUserRewards ---> TOURGUIDESERVICE
getUserRewards ---> TOURGUIDESERVICE
getUserRewards ---> TOURGUIDESERVICE
getUserRewards ---> TOURGUIDESERVICE
getUserRewards ---> TOURGUIDESERVICE
getUserRewards ---> TOURGUIDESERVICE
getUserRewards ---> TOURGUIDESERVICE
getUserRewards ---> TOURGUIDESERVICE
getUserRewards ---> TOURGUIDESERVICE
getUserRewards ---> TOURGUIDESERVICE
getUserRewards ---> TOURGUIDESERVICE
getUserRewards ---> TOURGUIDESERVICE
getUserRewards ---> TOURGUIDESERVICE
getUserRewards ---> TOURGUIDESERVICE
getUserRewards ---> TOURGUIDESERVICE
getUserRewards ---> TOURGUIDESERVICE
getUserRewards ---> TOURGUIDESERVICE
getUserRewards ---> TOURGUIDESERVICE
getUserRewards ---> TOURGUIDESERVICE
getUserRewards ---> TOURGUIDESERVICE
getUserRewards ---> TOURGUIDESERVICE
getUserRewards ---> TOURGUIDESERVICE
getUserRewards ---> TOURGUIDESERVICE
getUserRewards ---> TOURGUIDESERVICE
getUserRewards ---> TOURGUIDESERVICE
getUserRewards ---> TOURGUIDESERVICE
getUserRewards ---> TOURGUIDESERVICE
getUserRewards ---> TOURGUIDESERVICE
getUserRewards ---> TOURGUIDESERVICE
getUserRewards ---> TOURGUIDESERVICE
getUserRewards ---> TOURGUIDESERVICE
getUserRewards ---> TOURGUIDESERVICE
getUserRewards ---> TOURGUIDESERVICE
getUserRewards ---> TOURGUIDESERVICE
getUserRewards ---> TOURGUIDESERVICE
getUserRewards ---> TOURGUIDESERVICE
getUserRewards ---> TOURGUIDESERVICE
getUserRewards ---> TOURGUIDESERVICE
getUserRewards ---> TOURGUIDESERVICE
getUserRewards ---> TOURGUIDESERVICE
getUserRewards ---> TOURGUIDESERVICE
getUserRewards ---> TOURGUIDESERVICE
getUserRewards ---> TOURGUIDESERVICE
getUserRewards ---> TOURGUIDESERVICE
getUserRewards ---> TOURGUIDESERVICE
getUserRewards ---> TOURGUIDESERVICE
getUserRewards ---> TOURGUIDESERVICE
getUserRewards ---> TOURGUIDESERVICE
getUserRewards ---> TOURGUIDESERVICE
getUserRewards ---> TOURGUIDESERVICE
getUserRewards ---> TOURGUIDESERVICE
getUserRewards ---> TOURGUIDESERVICE
getUserRewards ---> TOURGUIDESERVICE
getUserRewards ---> TOURGUIDESERVICE
getUserRewards ---> TOURGUIDESERVICE
getUserRewards ---> TOURGUIDESERVICE
getUserRewards ---> TOURGUIDESERVICE
getUserRewards ---> TOURGUIDESERVICE
getUserRewards ---> TOURGUIDESERVICE
getUserRewards ---> TOURGUIDESERVICE
getUserRewards ---> TOURGUIDESERVICE
getUserRewards ---> TOURGUIDESERVICE
getUserRewards ---> TOURGUIDESERVICE
getUserRewards ---> TOURGUIDESERVICE
getUserRewards ---> TOURGUIDESERVICE
getUserRewards ---> TOURGUIDESERVICE
getUserRewards ---> TOURGUIDESERVICE
getUserRewards ---> TOURGUIDESERVICE
getUserRewards ---> TOURGUIDESERVICE
getUserRewards ---> TOURGUIDESERVICE
getUserRewards ---> TOURGUIDESERVICE
getUserRewards ---> TOURGUIDESERVICE
getUserRewards ---> TOURGUIDESERVICE
getUserRewards ---> TOURGUIDESERVICE
getUserRewards ---> TOURGUIDESERVICE
getUserRewards ---> TOURGUIDESERVICE
getUserRewards ---> TOURGUIDESERVICE
getUserRewards ---> TOURGUIDESERVICE
getUserRewards ---> TOURGUIDESERVICE
getUserRewards ---> TOURGUIDESERVICE
getUserRewards ---> TOURGUIDESERVICE
getUserRewards ---> TOURGUIDESERVICE
getUserRewards ---> TOURGUIDESERVICE
getUserRewards ---> TOURGUIDESERVICE
getUserRewards ---> TOURGUIDESERVICE
getUserRewards ---> TOURGUIDESERVICE
getUserRewards ---> TOURGUIDESERVICE
getUserRewards ---> TOURGUIDESERVICE
getUserRewards ---> TOURGUIDESERVICE
getUserRewards ---> TOURGUIDESERVICE
getUserRewards ---> TOURGUIDESERVICE
getUserRewards ---> TOURGUIDESERVICE
getUserRewards ---> TOURGUIDESERVICE
getUserRewards ---> TOURGUIDESERVICE
getUserRewards ---> TOURGUIDESERVICE
getUserRewards ---> TOURGUIDESERVICE
getUserRewards ---> TOURGUIDESERVICE
getUserRewards ---> TOURGUIDESERVICE
getUserRewards ---> TOURGUIDESERVICE
getUserRewards ---> TOURGUIDESERVICE
getUserRewards ---> TOURGUIDESERVICE
getUserRewards ---> TOURGUIDESERVICE
getUserRewards ---> TOURGUIDESERVICE
getUserRewards ---> TOURGUIDESERVICE
getUserRewards ---> TOURGUIDESERVICE
getUserRewards ---> TOURGUIDESERVICE
getUserRewards ---> TOURGUIDESERVICE
getUserRewards ---> TOURGUIDESERVICE
getUserRewards ---> TOURGUIDESERVICE
getUserRewards ---> TOURGUIDESERVICE
getUserRewards ---> TOURGUIDESERVICE
getUserRewards ---> TOURGUIDESERVICE
getUserRewards ---> TOURGUIDESERVICE
getUserRewards ---> TOURGUIDESERVICE
getUserRewards ---> TOURGUIDESERVICE
getUserRewards ---> TOURGUIDESERVICE
getUserRewards ---> TOURGUIDESERVICE
getUserRewards ---> TOURGUIDESERVICE
getUserRewards ---> TOURGUIDESERVICE
getUserRewards ---> TOURGUIDESERVICE
getUserRewards ---> TOURGUIDESERVICE
getUserRewards ---> TOURGUIDESERVICE
getUserRewards ---> TOURGUIDESERVICE
getUserRewards ---> TOURGUIDESERVICE
getUserRewards ---> TOURGUIDESERVICE
getUserRewards ---> TOURGUIDESERVICE
getUserRewards ---> TOURGUIDESERVICE
getUserRewards ---> TOURGUIDESERVICE
getUserRewards ---> TOURGUIDESERVICE
getUserRewards ---> TOURGUIDESERVICE
getUserRewards ---> TOURGUIDESERVICE
getUserRewards ---> TOURGUIDESERVICE
getUserRewards ---> TOURGUIDESERVICE
getUserRewards ---> TOURGUIDESERVICE
getUserRewards ---> TOURGUIDESERVICE
getUserRewards ---> TOURGUIDESERVICE
getUserRewards ---> TOURGUIDESERVICE
getUserRewards ---> TOURGUIDESERVICE
getUserRewards ---> TOURGUIDESERVICE
getUserRewards ---> TOURGUIDESERVICE
getUserRewards ---> TOURGUIDESERVICE
getUserRewards ---> TOURGUIDESERVICE
getUserRewards ---> TOURGUIDESERVICE
getUserRewards ---> TOURGUIDESERVICE
getUserRewards ---> TOURGUIDESERVICE
getUserRewards ---> TOURGUIDESERVICE
getUserRewards ---> TOURGUIDESERVICE
getUserRewards ---> TOURGUIDESERVICE
getUserRewards ---> TOURGUIDESERVICE
getUserRewards ---> TOURGUIDESERVICE
getUserRewards ---> TOURGUIDESERVICE
getUserRewards ---> TOURGUIDESERVICE
getUserRewards ---> TOURGUIDESERVICE
getUserRewards ---> TOURGUIDESERVICE
getUserRewards ---> TOURGUIDESERVICE
getUserRewards ---> TOURGUIDESERVICE
getUserRewards ---> TOURGUIDESERVICE
getUserRewards ---> TOURGUIDESERVICE
getUserRewards ---> TOURGUIDESERVICE
getUserRewards ---> TOURGUIDESERVICE
getUserRewards ---> TOURGUIDESERVICE
getUserRewards ---> TOURGUIDESERVICE
getUserRewards ---> TOURGUIDESERVICE
getUserRewards ---> TOURGUIDESERVICE
getUserRewards ---> TOURGUIDESERVICE
getUserRewards ---> TOURGUIDESERVICE
getUserRewards ---> TOURGUIDESERVICE
getUserRewards ---> TOURGUIDESERVICE
getUserRewards ---> TOURGUIDESERVICE
getUserRewards ---> TOURGUIDESERVICE
getUserRewards ---> TOURGUIDESERVICE
getUserRewards ---> TOURGUIDESERVICE
getUserRewards ---> TOURGUIDESERVICE
getUserRewards ---> TOURGUIDESERVICE
getUserRewards ---> TOURGUIDESERVICE
getUserRewards ---> TOURGUIDESERVICE
getUserRewards ---> TOURGUIDESERVICE
getUserRewards ---> TOURGUIDESERVICE
getUserRewards ---> TOURGUIDESERVICE
getUserRewards ---> TOURGUIDESERVICE
getUserRewards ---> TOURGUIDESERVICE
getUserRewards ---> TOURGUIDESERVICE
getUserRewards ---> TOURGUIDESERVICE
getUserRewards ---> TOURGUIDESERVICE
getUserRewards ---> TOURGUIDESERVICE
getUserRewards ---> TOURGUIDESERVICE
getUserRewards ---> TOURGUIDESERVICE
getUserRewards ---> TOURGUIDESERVICE
getUserRewards ---> TOURGUIDESERVICE
getUserRewards ---> TOURGUIDESERVICE
getUserRewards ---> TOURGUIDESERVICE
getUserRewards ---> TOURGUIDESERVICE
getUserRewards ---> TOURGUIDESERVICE
getUserRewards ---> TOURGUIDESERVICE
getUserRewards ---> TOURGUIDESERVICE
getUserRewards ---> TOURGUIDESERVICE
getUserRewards ---> TOURGUIDESERVICE
getUserRewards ---> TOURGUIDESERVICE
getUserRewards ---> TOURGUIDESERVICE
getUserRewards ---> TOURGUIDESERVICE
getUserRewards ---> TOURGUIDESERVICE
getUserRewards ---> TOURGUIDESERVICE
getUserRewards ---> TOURGUIDESERVICE
getUserRewards ---> TOURGUIDESERVICE
getUserRewards ---> TOURGUIDESERVICE
getUserRewards ---> TOURGUIDESERVICE
getUserRewards ---> TOURGUIDESERVICE
getUserRewards ---> TOURGUIDESERVICE
getUserRewards ---> TOURGUIDESERVICE
getUserRewards ---> TOURGUIDESERVICE
getUserRewards ---> TOURGUIDESERVICE
getUserRewards ---> TOURGUIDESERVICE
getUserRewards ---> TOURGUIDESERVICE
getUserRewards ---> TOURGUIDESERVICE
getUserRewards ---> TOURGUIDESERVICE
getUserRewards ---> TOURGUIDESERVICE
getUserRewards ---> TOURGUIDESERVICE
getUserRewards ---> TOURGUIDESERVICE
getUserRewards ---> TOURGUIDESERVICE
getUserRewards ---> TOURGUIDESERVICE
getUserRewards ---> TOURGUIDESERVICE
getUserRewards ---> TOURGUIDESERVICE
getUserRewards ---> TOURGUIDESERVICE
getUserRewards ---> TOURGUIDESERVICE
getUserRewards ---> TOURGUIDESERVICE
getUserRewards ---> TOURGUIDESERVICE
getUserRewards ---> TOURGUIDESERVICE
getUserRewards ---> TOURGUIDESERVICE
getUserRewards ---> TOURGUIDESERVICE
getUserRewards ---> TOURGUIDESERVICE
getUserRewards ---> TOURGUIDESERVICE
getUserRewards ---> TOURGUIDESERVICE
getUserRewards ---> TOURGUIDESERVICE
getUserRewards ---> TOURGUIDESERVICE
getUserRewards ---> TOURGUIDESERVICE
getUserRewards ---> TOURGUIDESERVICE
getUserRewards ---> TOURGUIDESERVICE
getUserRewards ---> TOURGUIDESERVICE
getUserRewards ---> TOURGUIDESERVICE
getUserRewards ---> TOURGUIDESERVICE
getUserRewards ---> TOURGUIDESERVICE
getUserRewards ---> TOURGUIDESERVICE
getUserRewards ---> TOURGUIDESERVICE
getUserRewards ---> TOURGUIDESERVICE
getUserRewards ---> TOURGUIDESERVICE
getUserRewards ---> TOURGUIDESERVICE
getUserRewards ---> TOURGUIDESERVICE
getUserRewards ---> TOURGUIDESERVICE
getUserRewards ---> TOURGUIDESERVICE
getUserRewards ---> TOURGUIDESERVICE
getUserRewards ---> TOURGUIDESERVICE
getUserRewards ---> TOURGUIDESERVICE
getUserRewards ---> TOURGUIDESERVICE
getUserRewards ---> TOURGUIDESERVICE
getUserRewards ---> TOURGUIDESERVICE
getUserRewards ---> TOURGUIDESERVICE
getUserRewards ---> TOURGUIDESERVICE
getUserRewards ---> TOURGUIDESERVICE
getUserRewards ---> TOURGUIDESERVICE
getUserRewards ---> TOURGUIDESERVICE
getUserRewards ---> TOURGUIDESERVICE
getUserRewards ---> TOURGUIDESERVICE
getUserRewards ---> TOURGUIDESERVICE
getUserRewards ---> TOURGUIDESERVICE
getUserRewards ---> TOURGUIDESERVICE
getUserRewards ---> TOURGUIDESERVICE
getUserRewards ---> TOURGUIDESERVICE
getUserRewards ---> TOURGUIDESERVICE
getUserRewards ---> TOURGUIDESERVICE
getUserRewards ---> TOURGUIDESERVICE
getUserRewards ---> TOURGUIDESERVICE
getUserRewards ---> TOURGUIDESERVICE
getUserRewards ---> TOURGUIDESERVICE
getUserRewards ---> TOURGUIDESERVICE
getUserRewards ---> TOURGUIDESERVICE
getUserRewards ---> TOURGUIDESERVICE
getUserRewards ---> TOURGUIDESERVICE
getUserRewards ---> TOURGUIDESERVICE
getUserRewards ---> TOURGUIDESERVICE
getUserRewards ---> TOURGUIDESERVICE
getUserRewards ---> TOURGUIDESERVICE
getUserRewards ---> TOURGUIDESERVICE
getUserRewards ---> TOURGUIDESERVICE
getUserRewards ---> TOURGUIDESERVICE
getUserRewards ---> TOURGUIDESERVICE
getUserRewards ---> TOURGUIDESERVICE
getUserRewards ---> TOURGUIDESERVICE
getUserRewards ---> TOURGUIDESERVICE
getUserRewards ---> TOURGUIDESERVICE
getUserRewards ---> TOURGUIDESERVICE
getUserRewards ---> TOURGUIDESERVICE
getUserRewards ---> TOURGUIDESERVICE
getUserRewards ---> TOURGUIDESERVICE
getUserRewards ---> TOURGUIDESERVICE
getUserRewards ---> TOURGUIDESERVICE
getUserRewards ---> TOURGUIDESERVICE
getUserRewards ---> TOURGUIDESERVICE
getUserRewards ---> TOURGUIDESERVICE
getUserRewards ---> TOURGUIDESERVICE
getUserRewards ---> TOURGUIDESERVICE
getUserRewards ---> TOURGUIDESERVICE
getUserRewards ---> TOURGUIDESERVICE
getUserRewards ---> TOURGUIDESERVICE
getUserRewards ---> TOURGUIDESERVICE
getUserRewards ---> TOURGUIDESERVICE
getUserRewards ---> TOURGUIDESERVICE
getUserRewards ---> TOURGUIDESERVICE
getUserRewards ---> TOURGUIDESERVICE
getUserRewards ---> TOURGUIDESERVICE
getUserRewards ---> TOURGUIDESERVICE
getUserRewards ---> TOURGUIDESERVICE
getUserRewards ---> TOURGUIDESERVICE
getUserRewards ---> TOURGUIDESERVICE
getUserRewards ---> TOURGUIDESERVICE
getUserRewards ---> TOURGUIDESERVICE
getUserRewards ---> TOURGUIDESERVICE
getUserRewards ---> TOURGUIDESERVICE
getUserRewards ---> TOURGUIDESERVICE
getUserRewards ---> TOURGUIDESERVICE
getUserRewards ---> TOURGUIDESERVICE
getUserRewards ---> TOURGUIDESERVICE
getUserRewards ---> TOURGUIDESERVICE
getUserRewards ---> TOURGUIDESERVICE
getUserRewards ---> TOURGUIDESERVICE
getUserRewards ---> TOURGUIDESERVICE
getUserRewards ---> TOURGUIDESERVICE
getUserRewards ---> TOURGUIDESERVICE
getUserRewards ---> TOURGUIDESERVICE
getUserRewards ---> TOURGUIDESERVICE
getUserRewards ---> TOURGUIDESERVICE
getUserRewards ---> TOURGUIDESERVICE
getUserRewards ---> TOURGUIDESERVICE
getUserRewards ---> TOURGUIDESERVICE
getUserRewards ---> TOURGUIDESERVICE
getUserRewards ---> TOURGUIDESERVICE
getUserRewards ---> TOURGUIDESERVICE
getUserRewards ---> TOURGUIDESERVICE
getUserRewards ---> TOURGUIDESERVICE
getUserRewards ---> TOURGUIDESERVICE
getUserRewards ---> TOURGUIDESERVICE
getUserRewards ---> TOURGUIDESERVICE
getUserRewards ---> TOURGUIDESERVICE
getUserRewards ---> TOURGUIDESERVICE
getUserRewards ---> TOURGUIDESERVICE
getUserRewards ---> TOURGUIDESERVICE
getUserRewards ---> TOURGUIDESERVICE
getUserRewards ---> TOURGUIDESERVICE
getUserRewards ---> TOURGUIDESERVICE
getUserRewards ---> TOURGUIDESERVICE
getUserRewards ---> TOURGUIDESERVICE
getUserRewards ---> TOURGUIDESERVICE
getUserRewards ---> TOURGUIDESERVICE
getUserRewards ---> TOURGUIDESERVICE
getUserRewards ---> TOURGUIDESERVICE
getUserRewards ---> TOURGUIDESERVICE
getUserRewards ---> TOURGUIDESERVICE
getUserRewards ---> TOURGUIDESERVICE
getUserRewards ---> TOURGUIDESERVICE
getUserRewards ---> TOURGUIDESERVICE
getUserRewards ---> TOURGUIDESERVICE
getUserRewards ---> TOURGUIDESERVICE
getUserRewards ---> TOURGUIDESERVICE
getUserRewards ---> TOURGUIDESERVICE
getUserRewards ---> TOURGUIDESERVICE
getUserRewards ---> TOURGUIDESERVICE
getUserRewards ---> TOURGUIDESERVICE
getUserRewards ---> TOURGUIDESERVICE
getUserRewards ---> TOURGUIDESERVICE
getUserRewards ---> TOURGUIDESERVICE
getUserRewards ---> TOURGUIDESERVICE
getUserRewards ---> TOURGUIDESERVICE
getUserRewards ---> TOURGUIDESERVICE
getUserRewards ---> TOURGUIDESERVICE
getUserRewards ---> TOURGUIDESERVICE
getUserRewards ---> TOURGUIDESERVICE
getUserRewards ---> TOURGUIDESERVICE
getUserRewards ---> TOURGUIDESERVICE
getUserRewards ---> TOURGUIDESERVICE
getUserRewards ---> TOURGUIDESERVICE
getUserRewards ---> TOURGUIDESERVICE
getUserRewards ---> TOURGUIDESERVICE
getUserRewards ---> TOURGUIDESERVICE
getUserRewards ---> TOURGUIDESERVICE
getUserRewards ---> TOURGUIDESERVICE
getUserRewards ---> TOURGUIDESERVICE
getUserRewards ---> TOURGUIDESERVICE
getUserRewards ---> TOURGUIDESERVICE
getUserRewards ---> TOURGUIDESERVICE
getUserRewards ---> TOURGUIDESERVICE
getUserRewards ---> TOURGUIDESERVICE
getUserRewards ---> TOURGUIDESERVICE
getUserRewards ---> TOURGUIDESERVICE
getUserRewards ---> TOURGUIDESERVICE
getUserRewards ---> TOURGUIDESERVICE
getUserRewards ---> TOURGUIDESERVICE
getUserRewards ---> TOURGUIDESERVICE
getUserRewards ---> TOURGUIDESERVICE
getUserRewards ---> TOURGUIDESERVICE
getUserRewards ---> TOURGUIDESERVICE
getUserRewards ---> TOURGUIDESERVICE
getUserRewards ---> TOURGUIDESERVICE
getUserRewards ---> TOURGUIDESERVICE
getUserRewards ---> TOURGUIDESERVICE
getUserRewards ---> TOURGUIDESERVICE
getUserRewards ---> TOURGUIDESERVICE
getUserRewards ---> TOURGUIDESERVICE
getUserRewards ---> TOURGUIDESERVICE
getUserRewards ---> TOURGUIDESERVICE
getUserRewards ---> TOURGUIDESERVICE
getUserRewards ---> TOURGUIDESERVICE
getUserRewards ---> TOURGUIDESERVICE
getUserRewards ---> TOURGUIDESERVICE
getUserRewards ---> TOURGUIDESERVICE
getUserRewards ---> TOURGUIDESERVICE
getUserRewards ---> TOURGUIDESERVICE
getUserRewards ---> TOURGUIDESERVICE
getUserRewards ---> TOURGUIDESERVICE
getUserRewards ---> TOURGUIDESERVICE
getUserRewards ---> TOURGUIDESERVICE
getUserRewards ---> TOURGUIDESERVICE
getUserRewards ---> TOURGUIDESERVICE
getUserRewards ---> TOURGUIDESERVICE
getUserRewards ---> TOURGUIDESERVICE
getUserRewards ---> TOURGUIDESERVICE
getUserRewards ---> TOURGUIDESERVICE
getUserRewards ---> TOURGUIDESERVICE
getUserRewards ---> TOURGUIDESERVICE
getUserRewards ---> TOURGUIDESERVICE
getUserRewards ---> TOURGUIDESERVICE
getUserRewards ---> TOURGUIDESERVICE
getUserRewards ---> TOURGUIDESERVICE
getUserRewards ---> TOURGUIDESERVICE
getUserRewards ---> TOURGUIDESERVICE
getUserRewards ---> TOURGUIDESERVICE
getUserRewards ---> TOURGUIDESERVICE
getUserRewards ---> TOURGUIDESERVICE
getUserRewards ---> TOURGUIDESERVICE
getUserRewards ---> TOURGUIDESERVICE
getUserRewards ---> TOURGUIDESERVICE
getUserRewards ---> TOURGUIDESERVICE
getUserRewards ---> TOURGUIDESERVICE
getUserRewards ---> TOURGUIDESERVICE
getUserRewards ---> TOURGUIDESERVICE
getUserRewards ---> TOURGUIDESERVICE
getUserRewards ---> TOURGUIDESERVICE
getUserRewards ---> TOURGUIDESERVICE
getUserRewards ---> TOURGUIDESERVICE
getUserRewards ---> TOURGUIDESERVICE
getUserRewards ---> TOURGUIDESERVICE
getUserRewards ---> TOURGUIDESERVICE
getUserRewards ---> TOURGUIDESERVICE
getUserRewards ---> TOURGUIDESERVICE
getUserRewards ---> TOURGUIDESERVICE
getUserRewards ---> TOURGUIDESERVICE
getUserRewards ---> TOURGUIDESERVICE
getUserRewards ---> TOURGUIDESERVICE
getUserRewards ---> TOURGUIDESERVICE
getUserRewards ---> TOURGUIDESERVICE
getUserRewards ---> TOURGUIDESERVICE
getUserRewards ---> TOURGUIDESERVICE
getUserRewards ---> TOURGUIDESERVICE
getUserRewards ---> TOURGUIDESERVICE
getUserRewards ---> TOURGUIDESERVICE
getUserRewards ---> TOURGUIDESERVICE
getUserRewards ---> TOURGUIDESERVICE
getUserRewards ---> TOURGUIDESERVICE
getUserRewards ---> TOURGUIDESERVICE
getUserRewards ---> TOURGUIDESERVICE
getUserRewards ---> TOURGUIDESERVICE
getUserRewards ---> TOURGUIDESERVICE
getUserRewards ---> TOURGUIDESERVICE
getUserRewards ---> TOURGUIDESERVICE
getUserRewards ---> TOURGUIDESERVICE
getUserRewards ---> TOURGUIDESERVICE
getUserRewards ---> TOURGUIDESERVICE
getUserRewards ---> TOURGUIDESERVICE
getUserRewards ---> TOURGUIDESERVICE
getUserRewards ---> TOURGUIDESERVICE
getUserRewards ---> TOURGUIDESERVICE
getUserRewards ---> TOURGUIDESERVICE
getUserRewards ---> TOURGUIDESERVICE
getUserRewards ---> TOURGUIDESERVICE
getUserRewards ---> TOURGUIDESERVICE
getUserRewards ---> TOURGUIDESERVICE
getUserRewards ---> TOURGUIDESERVICE
getUserRewards ---> TOURGUIDESERVICE
getUserRewards ---> TOURGUIDESERVICE
getUserRewards ---> TOURGUIDESERVICE
getUserRewards ---> TOURGUIDESERVICE
getUserRewards ---> TOURGUIDESERVICE
getUserRewards ---> TOURGUIDESERVICE
getUserRewards ---> TOURGUIDESERVICE
getUserRewards ---> TOURGUIDESERVICE
getUserRewards ---> TOURGUIDESERVICE
getUserRewards ---> TOURGUIDESERVICE
getUserRewards ---> TOURGUIDESERVICE
getUserRewards ---> TOURGUIDESERVICE
getUserRewards ---> TOURGUIDESERVICE
getUserRewards ---> TOURGUIDESERVICE
getUserRewards ---> TOURGUIDESERVICE
getUserRewards ---> TOURGUIDESERVICE
getUserRewards ---> TOURGUIDESERVICE
getUserRewards ---> TOURGUIDESERVICE
getUserRewards ---> TOURGUIDESERVICE
getUserRewards ---> TOURGUIDESERVICE
getUserRewards ---> TOURGUIDESERVICE
getUserRewards ---> TOURGUIDESERVICE
getUserRewards ---> TOURGUIDESERVICE
getUserRewards ---> TOURGUIDESERVICE
getUserRewards ---> TOURGUIDESERVICE
getUserRewards ---> TOURGUIDESERVICE
getUserRewards ---> TOURGUIDESERVICE
getUserRewards ---> TOURGUIDESERVICE
getUserRewards ---> TOURGUIDESERVICE
getUserRewards ---> TOURGUIDESERVICE
getUserRewards ---> TOURGUIDESERVICE
getUserRewards ---> TOURGUIDESERVICE
getUserRewards ---> TOURGUIDESERVICE
getUserRewards ---> TOURGUIDESERVICE
getUserRewards ---> TOURGUIDESERVICE
getUserRewards ---> TOURGUIDESERVICE
getUserRewards ---> TOURGUIDESERVICE
getUserRewards ---> TOURGUIDESERVICE
getUserRewards ---> TOURGUIDESERVICE
getUserRewards ---> TOURGUIDESERVICE
getUserRewards ---> TOURGUIDESERVICE
getUserRewards ---> TOURGUIDESERVICE
getUserRewards ---> TOURGUIDESERVICE
getUserRewards ---> TOURGUIDESERVICE
getUserRewards ---> TOURGUIDESERVICE
getUserRewards ---> TOURGUIDESERVICE
getUserRewards ---> TOURGUIDESERVICE
getUserRewards ---> TOURGUIDESERVICE
getUserRewards ---> TOURGUIDESERVICE
getUserRewards ---> TOURGUIDESERVICE
getUserRewards ---> TOURGUIDESERVICE
getUserRewards ---> TOURGUIDESERVICE
getUserRewards ---> TOURGUIDESERVICE
getUserRewards ---> TOURGUIDESERVICE
getUserRewards ---> TOURGUIDESERVICE
getUserRewards ---> TOURGUIDESERVICE
getUserRewards ---> TOURGUIDESERVICE
getUserRewards ---> TOURGUIDESERVICE
getUserRewards ---> TOURGUIDESERVICE
getUserRewards ---> TOURGUIDESERVICE
getUserRewards ---> TOURGUIDESERVICE
getUserRewards ---> TOURGUIDESERVICE
getUserRewards ---> TOURGUIDESERVICE
getUserRewards ---> TOURGUIDESERVICE
getUserRewards ---> TOURGUIDESERVICE
getUserRewards ---> TOURGUIDESERVICE
getUserRewards ---> TOURGUIDESERVICE
getUserRewards ---> TOURGUIDESERVICE
getUserRewards ---> TOURGUIDESERVICE
getUserRewards ---> TOURGUIDESERVICE
getUserRewards ---> TOURGUIDESERVICE
getUserRewards ---> TOURGUIDESERVICE
getUserRewards ---> TOURGUIDESERVICE
getUserRewards ---> TOURGUIDESERVICE
getUserRewards ---> TOURGUIDESERVICE
getUserRewards ---> TOURGUIDESERVICE
getUserRewards ---> TOURGUIDESERVICE
getUserRewards ---> TOURGUIDESERVICE
getUserRewards ---> TOURGUIDESERVICE
getUserRewards ---> TOURGUIDESERVICE
getUserRewards ---> TOURGUIDESERVICE
getUserRewards ---> TOURGUIDESERVICE
getUserRewards ---> TOURGUIDESERVICE
getUserRewards ---> TOURGUIDESERVICE
getUserRewards ---> TOURGUIDESERVICE
getUserRewards ---> TOURGUIDESERVICE
getUserRewards ---> TOURGUIDESERVICE
getUserRewards ---> TOURGUIDESERVICE
getUserRewards ---> TOURGUIDESERVICE
getUserRewards ---> TOURGUIDESERVICE
getUserRewards ---> TOURGUIDESERVICE
getUserRewards ---> TOURGUIDESERVICE
getUserRewards ---> TOURGUIDESERVICE
getUserRewards ---> TOURGUIDESERVICE
getUserRewards ---> TOURGUIDESERVICE
getUserRewards ---> TOURGUIDESERVICE
getUserRewards ---> TOURGUIDESERVICE
getUserRewards ---> TOURGUIDESERVICE
getUserRewards ---> TOURGUIDESERVICE
getUserRewards ---> TOURGUIDESERVICE
getUserRewards ---> TOURGUIDESERVICE
getUserRewards ---> TOURGUIDESERVICE
getUserRewards ---> TOURGUIDESERVICE
getUserRewards ---> TOURGUIDESERVICE
getUserRewards ---> TOURGUIDESERVICE
getUserRewards ---> TOURGUIDESERVICE
getUserRewards ---> TOURGUIDESERVICE
getUserRewards ---> TOURGUIDESERVICE
getUserRewards ---> TOURGUIDESERVICE
getUserRewards ---> TOURGUIDESERVICE
getUserRewards ---> TOURGUIDESERVICE
getUserRewards ---> TOURGUIDESERVICE
getUserRewards ---> TOURGUIDESERVICE
getUserRewards ---> TOURGUIDESERVICE
getUserRewards ---> TOURGUIDESERVICE
getUserRewards ---> TOURGUIDESERVICE
getUserRewards ---> TOURGUIDESERVICE
getUserRewards ---> TOURGUIDESERVICE
getUserRewards ---> TOURGUIDESERVICE
getUserRewards ---> TOURGUIDESERVICE
getUserRewards ---> TOURGUIDESERVICE
getUserRewards ---> TOURGUIDESERVICE
getUserRewards ---> TOURGUIDESERVICE
getUserRewards ---> TOURGUIDESERVICE
getUserRewards ---> TOURGUIDESERVICE
getUserRewards ---> TOURGUIDESERVICE
getUserRewards ---> TOURGUIDESERVICE
getUserRewards ---> TOURGUIDESERVICE
getUserRewards ---> TOURGUIDESERVICE
getUserRewards ---> TOURGUIDESERVICE
getUserRewards ---> TOURGUIDESERVICE
getUserRewards ---> TOURGUIDESERVICE
getUserRewards ---> TOURGUIDESERVICE
getUserRewards ---> TOURGUIDESERVICE
getUserRewards ---> TOURGUIDESERVICE
getUserRewards ---> TOURGUIDESERVICE
getUserRewards ---> TOURGUIDESERVICE
getUserRewards ---> TOURGUIDESERVICE
getUserRewards ---> TOURGUIDESERVICE
getUserRewards ---> TOURGUIDESERVICE
getUserRewards ---> TOURGUIDESERVICE
getUserRewards ---> TOURGUIDESERVICE
getUserRewards ---> TOURGUIDESERVICE
getUserRewards ---> TOURGUIDESERVICE
getUserRewards ---> TOURGUIDESERVICE
getUserRewards ---> TOURGUIDESERVICE
getUserRewards ---> TOURGUIDESERVICE
getUserRewards ---> TOURGUIDESERVICE
getUserRewards ---> TOURGUIDESERVICE
getUserRewards ---> TOURGUIDESERVICE
getUserRewards ---> TOURGUIDESERVICE
getUserRewards ---> TOURGUIDESERVICE
getUserRewards ---> TOURGUIDESERVICE
getUserRewards ---> TOURGUIDESERVICE
getUserRewards ---> TOURGUIDESERVICE
getUserRewards ---> TOURGUIDESERVICE
getUserRewards ---> TOURGUIDESERVICE
getUserRewards ---> TOURGUIDESERVICE
getUserRewards ---> TOURGUIDESERVICE
getUserRewards ---> TOURGUIDESERVICE
getUserRewards ---> TOURGUIDESERVICE
getUserRewards ---> TOURGUIDESERVICE
getUserRewards ---> TOURGUIDESERVICE
getUserRewards ---> TOURGUIDESERVICE
getUserRewards ---> TOURGUIDESERVICE
getUserRewards ---> TOURGUIDESERVICE
getUserRewards ---> TOURGUIDESERVICE
getUserRewards ---> TOURGUIDESERVICE
getUserRewards ---> TOURGUIDESERVICE
getUserRewards ---> TOURGUIDESERVICE
getUserRewards ---> TOURGUIDESERVICE
getUserRewards ---> TOURGUIDESERVICE
getUserRewards ---> TOURGUIDESERVICE
getUserRewards ---> TOURGUIDESERVICE
getUserRewards ---> TOURGUIDESERVICE
getUserRewards ---> TOURGUIDESERVICE
getUserRewards ---> TOURGUIDESERVICE
getUserRewards ---> TOURGUIDESERVICE
getUserRewards ---> TOURGUIDESERVICE
getUserRewards ---> TOURGUIDESERVICE
getUserRewards ---> TOURGUIDESERVICE
getUserRewards ---> TOURGUIDESERVICE
getUserRewards ---> TOURGUIDESERVICE
getUserRewards ---> TOURGUIDESERVICE
getUserRewards ---> TOURGUIDESERVICE
getUserRewards ---> TOURGUIDESERVICE
getUserRewards ---> TOURGUIDESERVICE
getUserRewards ---> TOURGUIDESERVICE
getUserRewards ---> TOURGUIDESERVICE
getUserRewards ---> TOURGUIDESERVICE
getUserRewards ---> TOURGUIDESERVICE
getUserRewards ---> TOURGUIDESERVICE
getUserRewards ---> TOURGUIDESERVICE
getUserRewards ---> TOURGUIDESERVICE
getUserRewards ---> TOURGUIDESERVICE
getUserRewards ---> TOURGUIDESERVICE
getUserRewards ---> TOURGUIDESERVICE
getUserRewards ---> TOURGUIDESERVICE
getUserRewards ---> TOURGUIDESERVICE
getUserRewards ---> TOURGUIDESERVICE
getUserRewards ---> TOURGUIDESERVICE
getUserRewards ---> TOURGUIDESERVICE
getUserRewards ---> TOURGUIDESERVICE
getUserRewards ---> TOURGUIDESERVICE
getUserRewards ---> TOURGUIDESERVICE
getUserRewards ---> TOURGUIDESERVICE
getUserRewards ---> TOURGUIDESERVICE
getUserRewards ---> TOURGUIDESERVICE
getUserRewards ---> TOURGUIDESERVICE
getUserRewards ---> TOURGUIDESERVICE
getUserRewards ---> TOURGUIDESERVICE
getUserRewards ---> TOURGUIDESERVICE
getUserRewards ---> TOURGUIDESERVICE
getUserRewards ---> TOURGUIDESERVICE
getUserRewards ---> TOURGUIDESERVICE
getUserRewards ---> TOURGUIDESERVICE
getUserRewards ---> TOURGUIDESERVICE
getUserRewards ---> TOURGUIDESERVICE
getUserRewards ---> TOURGUIDESERVICE
getUserRewards ---> TOURGUIDESERVICE
getUserRewards ---> TOURGUIDESERVICE
getUserRewards ---> TOURGUIDESERVICE
getUserRewards ---> TOURGUIDESERVICE
getUserRewards ---> TOURGUIDESERVICE
getUserRewards ---> TOURGUIDESERVICE
getUserRewards ---> TOURGUIDESERVICE
getUserRewards ---> TOURGUIDESERVICE
getUserRewards ---> TOURGUIDESERVICE
getUserRewards ---> TOURGUIDESERVICE
getUserRewards ---> TOURGUIDESERVICE
getUserRewards ---> TOURGUIDESERVICE
getUserRewards ---> TOURGUIDESERVICE
getUserRewards ---> TOURGUIDESERVICE
getUserRewards ---> TOURGUIDESERVICE
getUserRewards ---> TOURGUIDESERVICE
getUserRewards ---> TOURGUIDESERVICE
getUserRewards ---> TOURGUIDESERVICE
getUserRewards ---> TOURGUIDESERVICE
getUserRewards ---> TOURGUIDESERVICE
getUserRewards ---> TOURGUIDESERVICE
getUserRewards ---> TOURGUIDESERVICE
getUserRewards ---> TOURGUIDESERVICE
getUserRewards ---> TOURGUIDESERVICE
getUserRewards ---> TOURGUIDESERVICE
getUserRewards ---> TOURGUIDESERVICE
getUserRewards ---> TOURGUIDESERVICE
getUserRewards ---> TOURGUIDESERVICE
getUserRewards ---> TOURGUIDESERVICE
getUserRewards ---> TOURGUIDESERVICE
getUserRewards ---> TOURGUIDESERVICE
getUserRewards ---> TOURGUIDESERVICE
getUserRewards ---> TOURGUIDESERVICE
getUserRewards ---> TOURGUIDESERVICE
getUserRewards ---> TOURGUIDESERVICE
getUserRewards ---> TOURGUIDESERVICE
getUserRewards ---> TOURGUIDESERVICE
getUserRewards ---> TOURGUIDESERVICE
getUserRewards ---> TOURGUIDESERVICE
getUserRewards ---> TOURGUIDESERVICE
getUserRewards ---> TOURGUIDESERVICE
getUserRewards ---> TOURGUIDESERVICE
getUserRewards ---> TOURGUIDESERVICE
getUserRewards ---> TOURGUIDESERVICE
getUserRewards ---> TOURGUIDESERVICE
getUserRewards ---> TOURGUIDESERVICE
getUserRewards ---> TOURGUIDESERVICE
getUserRewards ---> TOURGUIDESERVICE
getUserRewards ---> TOURGUIDESERVICE
getUserRewards ---> TOURGUIDESERVICE
getUserRewards ---> TOURGUIDESERVICE
getUserRewards ---> TOURGUIDESERVICE
getUserRewards ---> TOURGUIDESERVICE
getUserRewards ---> TOURGUIDESERVICE
getUserRewards ---> TOURGUIDESERVICE
getUserRewards ---> TOURGUIDESERVICE
getUserRewards ---> TOURGUIDESERVICE
getUserRewards ---> TOURGUIDESERVICE
getUserRewards ---> TOURGUIDESERVICE
getUserRewards ---> TOURGUIDESERVICE
getUserRewards ---> TOURGUIDESERVICE
getUserRewards ---> TOURGUIDESERVICE
getUserRewards ---> TOURGUIDESERVICE
getUserRewards ---> TOURGUIDESERVICE
getUserRewards ---> TOURGUIDESERVICE
getUserRewards ---> TOURGUIDESERVICE
getUserRewards ---> TOURGUIDESERVICE
getUserRewards ---> TOURGUIDESERVICE
getUserRewards ---> TOURGUIDESERVICE
getUserRewards ---> TOURGUIDESERVICE
getUserRewards ---> TOURGUIDESERVICE
getUserRewards ---> TOURGUIDESERVICE
getUserRewards ---> TOURGUIDESERVICE
getUserRewards ---> TOURGUIDESERVICE
getUserRewards ---> TOURGUIDESERVICE
getUserRewards ---> TOURGUIDESERVICE
getUserRewards ---> TOURGUIDESERVICE
getUserRewards ---> TOURGUIDESERVICE
getUserRewards ---> TOURGUIDESERVICE
getUserRewards ---> TOURGUIDESERVICE
getUserRewards ---> TOURGUIDESERVICE
getUserRewards ---> TOURGUIDESERVICE
getUserRewards ---> TOURGUIDESERVICE
getUserRewards ---> TOURGUIDESERVICE
getUserRewards ---> TOURGUIDESERVICE
getUserRewards ---> TOURGUIDESERVICE
getUserRewards ---> TOURGUIDESERVICE
getUserRewards ---> TOURGUIDESERVICE
getUserRewards ---> TOURGUIDESERVICE
getUserRewards ---> TOURGUIDESERVICE
getUserRewards ---> TOURGUIDESERVICE
getUserRewards ---> TOURGUIDESERVICE
getUserRewards ---> TOURGUIDESERVICE
getUserRewards ---> TOURGUIDESERVICE
getUserRewards ---> TOURGUIDESERVICE
getUserRewards ---> TOURGUIDESERVICE
getUserRewards ---> TOURGUIDESERVICE
getUserRewards ---> TOURGUIDESERVICE
getUserRewards ---> TOURGUIDESERVICE
getUserRewards ---> TOURGUIDESERVICE
getUserRewards ---> TOURGUIDESERVICE
getUserRewards ---> TOURGUIDESERVICE
getUserRewards ---> TOURGUIDESERVICE
getUserRewards ---> TOURGUIDESERVICE
getUserRewards ---> TOURGUIDESERVICE
getUserRewards ---> TOURGUIDESERVICE
getUserRewards ---> TOURGUIDESERVICE
getUserRewards ---> TOURGUIDESERVICE
getUserRewards ---> TOURGUIDESERVICE
getUserRewards ---> TOURGUIDESERVICE
getUserRewards ---> TOURGUIDESERVICE
getUserRewards ---> TOURGUIDESERVICE
getUserRewards ---> TOURGUIDESERVICE
getUserRewards ---> TOURGUIDESERVICE
getUserRewards ---> TOURGUIDESERVICE
getUserRewards ---> TOURGUIDESERVICE
getUserRewards ---> TOURGUIDESERVICE
getUserRewards ---> TOURGUIDESERVICE
getUserRewards ---> TOURGUIDESERVICE
getUserRewards ---> TOURGUIDESERVICE
getUserRewards ---> TOURGUIDESERVICE
getUserRewards ---> TOURGUIDESERVICE
getUserRewards ---> TOURGUIDESERVICE
getUserRewards ---> TOURGUIDESERVICE
getUserRewards ---> TOURGUIDESERVICE
getUserRewards ---> TOURGUIDESERVICE
getUserRewards ---> TOURGUIDESERVICE
getUserRewards ---> TOURGUIDESERVICE
getUserRewards ---> TOURGUIDESERVICE
getUserRewards ---> TOURGUIDESERVICE
getUserRewards ---> TOURGUIDESERVICE
getUserRewards ---> TOURGUIDESERVICE
getUserRewards ---> TOURGUIDESERVICE
getUserRewards ---> TOURGUIDESERVICE
getUserRewards ---> TOURGUIDESERVICE
getUserRewards ---> TOURGUIDESERVICE
getUserRewards ---> TOURGUIDESERVICE
getUserRewards ---> TOURGUIDESERVICE
getUserRewards ---> TOURGUIDESERVICE
getUserRewards ---> TOURGUIDESERVICE
getUserRewards ---> TOURGUIDESERVICE
getUserRewards ---> TOURGUIDESERVICE
getUserRewards ---> TOURGUIDESERVICE
getUserRewards ---> TOURGUIDESERVICE
getUserRewards ---> TOURGUIDESERVICE
getUserRewards ---> TOURGUIDESERVICE
getUserRewards ---> TOURGUIDESERVICE
getUserRewards ---> TOURGUIDESERVICE
getUserRewards ---> TOURGUIDESERVICE
getUserRewards ---> TOURGUIDESERVICE
getUserRewards ---> TOURGUIDESERVICE
getUserRewards ---> TOURGUIDESERVICE
getUserRewards ---> TOURGUIDESERVICE
getUserRewards ---> TOURGUIDESERVICE
getUserRewards ---> TOURGUIDESERVICE
getUserRewards ---> TOURGUIDESERVICE
getUserRewards ---> TOURGUIDESERVICE
getUserRewards ---> TOURGUIDESERVICE
getUserRewards ---> TOURGUIDESERVICE
getUserRewards ---> TOURGUIDESERVICE
getUserRewards ---> TOURGUIDESERVICE
getUserRewards ---> TOURGUIDESERVICE
getUserRewards ---> TOURGUIDESERVICE
getUserRewards ---> TOURGUIDESERVICE
getUserRewards ---> TOURGUIDESERVICE
getUserRewards ---> TOURGUIDESERVICE
getUserRewards ---> TOURGUIDESERVICE
getUserRewards ---> TOURGUIDESERVICE
getUserRewards ---> TOURGUIDESERVICE
getUserRewards ---> TOURGUIDESERVICE
getUserRewards ---> TOURGUIDESERVICE
getUserRewards ---> TOURGUIDESERVICE
getUserRewards ---> TOURGUIDESERVICE
getUserRewards ---> TOURGUIDESERVICE
getUserRewards ---> TOURGUIDESERVICE
getUserRewards ---> TOURGUIDESERVICE
getUserRewards ---> TOURGUIDESERVICE
getUserRewards ---> TOURGUIDESERVICE
getUserRewards ---> TOURGUIDESERVICE
getUserRewards ---> TOURGUIDESERVICE
getUserRewards ---> TOURGUIDESERVICE
getUserRewards ---> TOURGUIDESERVICE
getUserRewards ---> TOURGUIDESERVICE
getUserRewards ---> TOURGUIDESERVICE
getUserRewards ---> TOURGUIDESERVICE
getUserRewards ---> TOURGUIDESERVICE
getUserRewards ---> TOURGUIDESERVICE
getUserRewards ---> TOURGUIDESERVICE
getUserRewards ---> TOURGUIDESERVICE
getUserRewards ---> TOURGUIDESERVICE
getUserRewards ---> TOURGUIDESERVICE
getUserRewards ---> TOURGUIDESERVICE
getUserRewards ---> TOURGUIDESERVICE
getUserRewards ---> TOURGUIDESERVICE
getUserRewards ---> TOURGUIDESERVICE
getUserRewards ---> TOURGUIDESERVICE
getUserRewards ---> TOURGUIDESERVICE
getUserRewards ---> TOURGUIDESERVICE
getUserRewards ---> TOURGUIDESERVICE
getUserRewards ---> TOURGUIDESERVICE
getUserRewards ---> TOURGUIDESERVICE
getUserRewards ---> TOURGUIDESERVICE
getUserRewards ---> TOURGUIDESERVICE
getUserRewards ---> TOURGUIDESERVICE
getUserRewards ---> TOURGUIDESERVICE
getUserRewards ---> TOURGUIDESERVICE
getUserRewards ---> TOURGUIDESERVICE
getUserRewards ---> TOURGUIDESERVICE
getUserRewards ---> TOURGUIDESERVICE
getUserRewards ---> TOURGUIDESERVICE
getUserRewards ---> TOURGUIDESERVICE
getUserRewards ---> TOURGUIDESERVICE
getUserRewards ---> TOURGUIDESERVICE
getUserRewards ---> TOURGUIDESERVICE
getUserRewards ---> TOURGUIDESERVICE
getUserRewards ---> TOURGUIDESERVICE
getUserRewards ---> TOURGUIDESERVICE
getUserRewards ---> TOURGUIDESERVICE
getUserRewards ---> TOURGUIDESERVICE
getUserRewards ---> TOURGUIDESERVICE
getUserRewards ---> TOURGUIDESERVICE
getUserRewards ---> TOURGUIDESERVICE
getUserRewards ---> TOURGUIDESERVICE
getUserRewards ---> TOURGUIDESERVICE
getUserRewards ---> TOURGUIDESERVICE
getUserRewards ---> TOURGUIDESERVICE
getUserRewards ---> TOURGUIDESERVICE
getUserRewards ---> TOURGUIDESERVICE
getUserRewards ---> TOURGUIDESERVICE
getUserRewards ---> TOURGUIDESERVICE
getUserRewards ---> TOURGUIDESERVICE
getUserRewards ---> TOURGUIDESERVICE
getUserRewards ---> TOURGUIDESERVICE
getUserRewards ---> TOURGUIDESERVICE
getUserRewards ---> TOURGUIDESERVICE
getUserRewards ---> TOURGUIDESERVICE
getUserRewards ---> TOURGUIDESERVICE
getUserRewards ---> TOURGUIDESERVICE
getUserRewards ---> TOURGUIDESERVICE
getUserRewards ---> TOURGUIDESERVICE
getUserRewards ---> TOURGUIDESERVICE
getUserRewards ---> TOURGUIDESERVICE
getUserRewards ---> TOURGUIDESERVICE
getUserRewards ---> TOURGUIDESERVICE
getUserRewards ---> TOURGUIDESERVICE
getUserRewards ---> TOURGUIDESERVICE
getUserRewards ---> TOURGUIDESERVICE
getUserRewards ---> TOURGUIDESERVICE
getUserRewards ---> TOURGUIDESERVICE
getUserRewards ---> TOURGUIDESERVICE
getUserRewards ---> TOURGUIDESERVICE
getUserRewards ---> TOURGUIDESERVICE
getUserRewards ---> TOURGUIDESERVICE
getUserRewards ---> TOURGUIDESERVICE
getUserRewards ---> TOURGUIDESERVICE
getUserRewards ---> TOURGUIDESERVICE
getUserRewards ---> TOURGUIDESERVICE
getUserRewards ---> TOURGUIDESERVICE
getUserRewards ---> TOURGUIDESERVICE
getUserRewards ---> TOURGUIDESERVICE
getUserRewards ---> TOURGUIDESERVICE
getUserRewards ---> TOURGUIDESERVICE
getUserRewards ---> TOURGUIDESERVICE
getUserRewards ---> TOURGUIDESERVICE
getUserRewards ---> TOURGUIDESERVICE
getUserRewards ---> TOURGUIDESERVICE
getUserRewards ---> TOURGUIDESERVICE
getUserRewards ---> TOURGUIDESERVICE
getUserRewards ---> TOURGUIDESERVICE
getUserRewards ---> TOURGUIDESERVICE
getUserRewards ---> TOURGUIDESERVICE
getUserRewards ---> TOURGUIDESERVICE
getUserRewards ---> TOURGUIDESERVICE
getUserRewards ---> TOURGUIDESERVICE
getUserRewards ---> TOURGUIDESERVICE
getUserRewards ---> TOURGUIDESERVICE
getUserRewards ---> TOURGUIDESERVICE
getUserRewards ---> TOURGUIDESERVICE
getUserRewards ---> TOURGUIDESERVICE
getUserRewards ---> TOURGUIDESERVICE
getUserRewards ---> TOURGUIDESERVICE
getUserRewards ---> TOURGUIDESERVICE
getUserRewards ---> TOURGUIDESERVICE
getUserRewards ---> TOURGUIDESERVICE
getUserRewards ---> TOURGUIDESERVICE
getUserRewards ---> TOURGUIDESERVICE
getUserRewards ---> TOURGUIDESERVICE
getUserRewards ---> TOURGUIDESERVICE
getUserRewards ---> TOURGUIDESERVICE
getUserRewards ---> TOURGUIDESERVICE
getUserRewards ---> TOURGUIDESERVICE
getUserRewards ---> TOURGUIDESERVICE
getUserRewards ---> TOURGUIDESERVICE
getUserRewards ---> TOURGUIDESERVICE
getUserRewards ---> TOURGUIDESERVICE
getUserRewards ---> TOURGUIDESERVICE
getUserRewards ---> TOURGUIDESERVICE
getUserRewards ---> TOURGUIDESERVICE
getUserRewards ---> TOURGUIDESERVICE
getUserRewards ---> TOURGUIDESERVICE
getUserRewards ---> TOURGUIDESERVICE
getUserRewards ---> TOURGUIDESERVICE
getUserRewards ---> TOURGUIDESERVICE
getUserRewards ---> TOURGUIDESERVICE
getUserRewards ---> TOURGUIDESERVICE
getUserRewards ---> TOURGUIDESERVICE
getUserRewards ---> TOURGUIDESERVICE
getUserRewards ---> TOURGUIDESERVICE
getUserRewards ---> TOURGUIDESERVICE
getUserRewards ---> TOURGUIDESERVICE
getUserRewards ---> TOURGUIDESERVICE
getUserRewards ---> TOURGUIDESERVICE
getUserRewards ---> TOURGUIDESERVICE
getUserRewards ---> TOURGUIDESERVICE
getUserRewards ---> TOURGUIDESERVICE
getUserRewards ---> TOURGUIDESERVICE
getUserRewards ---> TOURGUIDESERVICE
getUserRewards ---> TOURGUIDESERVICE
getUserRewards ---> TOURGUIDESERVICE
getUserRewards ---> TOURGUIDESERVICE
getUserRewards ---> TOURGUIDESERVICE
getUserRewards ---> TOURGUIDESERVICE
getUserRewards ---> TOURGUIDESERVICE
getUserRewards ---> TOURGUIDESERVICE
getUserRewards ---> TOURGUIDESERVICE
getUserRewards ---> TOURGUIDESERVICE
getUserRewards ---> TOURGUIDESERVICE
getUserRewards ---> TOURGUIDESERVICE
getUserRewards ---> TOURGUIDESERVICE
getUserRewards ---> TOURGUIDESERVICE
getUserRewards ---> TOURGUIDESERVICE
getUserRewards ---> TOURGUIDESERVICE
getUserRewards ---> TOURGUIDESERVICE
getUserRewards ---> TOURGUIDESERVICE
getUserRewards ---> TOURGUIDESERVICE
getUserRewards ---> TOURGUIDESERVICE
getUserRewards ---> TOURGUIDESERVICE
getUserRewards ---> TOURGUIDESERVICE
getUserRewards ---> TOURGUIDESERVICE
getUserRewards ---> TOURGUIDESERVICE
getUserRewards ---> TOURGUIDESERVICE
getUserRewards ---> TOURGUIDESERVICE
getUserRewards ---> TOURGUIDESERVICE
getUserRewards ---> TOURGUIDESERVICE
getUserRewards ---> TOURGUIDESERVICE
getUserRewards ---> TOURGUIDESERVICE
getUserRewards ---> TOURGUIDESERVICE
getUserRewards ---> TOURGUIDESERVICE
getUserRewards ---> TOURGUIDESERVICE
getUserRewards ---> TOURGUIDESERVICE
getUserRewards ---> TOURGUIDESERVICE
getUserRewards ---> TOURGUIDESERVICE
getUserRewards ---> TOURGUIDESERVICE
getUserRewards ---> TOURGUIDESERVICE
getUserRewards ---> TOURGUIDESERVICE
getUserRewards ---> TOURGUIDESERVICE
getUserRewards ---> TOURGUIDESERVICE
getUserRewards ---> TOURGUIDESERVICE
getUserRewards ---> TOURGUIDESERVICE
getUserRewards ---> TOURGUIDESERVICE
getUserRewards ---> TOURGUIDESERVICE
getUserRewards ---> TOURGUIDESERVICE
getUserRewards ---> TOURGUIDESERVICE
getUserRewards ---> TOURGUIDESERVICE
getUserRewards ---> TOURGUIDESERVICE
getUserRewards ---> TOURGUIDESERVICE
getUserRewards ---> TOURGUIDESERVICE
getUserRewards ---> TOURGUIDESERVICE
getUserRewards ---> TOURGUIDESERVICE
getUserRewards ---> TOURGUIDESERVICE
getUserRewards ---> TOURGUIDESERVICE
getUserRewards ---> TOURGUIDESERVICE
getUserRewards ---> TOURGUIDESERVICE
getUserRewards ---> TOURGUIDESERVICE
getUserRewards ---> TOURGUIDESERVICE
getUserRewards ---> TOURGUIDESERVICE
getUserRewards ---> TOURGUIDESERVICE
getUserRewards ---> TOURGUIDESERVICE
getUserRewards ---> TOURGUIDESERVICE
getUserRewards ---> TOURGUIDESERVICE
getUserRewards ---> TOURGUIDESERVICE
getUserRewards ---> TOURGUIDESERVICE
getUserRewards ---> TOURGUIDESERVICE
getUserRewards ---> TOURGUIDESERVICE
getUserRewards ---> TOURGUIDESERVICE
getUserRewards ---> TOURGUIDESERVICE
getUserRewards ---> TOURGUIDESERVICE
getUserRewards ---> TOURGUIDESERVICE
getUserRewards ---> TOURGUIDESERVICE
getUserRewards ---> TOURGUIDESERVICE
getUserRewards ---> TOURGUIDESERVICE
getUserRewards ---> TOURGUIDESERVICE
getUserRewards ---> TOURGUIDESERVICE
getUserRewards ---> TOURGUIDESERVICE
getUserRewards ---> TOURGUIDESERVICE
getUserRewards ---> TOURGUIDESERVICE
getUserRewards ---> TOURGUIDESERVICE
getUserRewards ---> TOURGUIDESERVICE
getUserRewards ---> TOURGUIDESERVICE
getUserRewards ---> TOURGUIDESERVICE
getUserRewards ---> TOURGUIDESERVICE
getUserRewards ---> TOURGUIDESERVICE
getUserRewards ---> TOURGUIDESERVICE
getUserRewards ---> TOURGUIDESERVICE
getUserRewards ---> TOURGUIDESERVICE
getUserRewards ---> TOURGUIDESERVICE
getUserRewards ---> TOURGUIDESERVICE
getUserRewards ---> TOURGUIDESERVICE
getUserRewards ---> TOURGUIDESERVICE
getUserRewards ---> TOURGUIDESERVICE
getUserRewards ---> TOURGUIDESERVICE
getUserRewards ---> TOURGUIDESERVICE
getUserRewards ---> TOURGUIDESERVICE
getUserRewards ---> TOURGUIDESERVICE
getUserRewards ---> TOURGUIDESERVICE
getUserRewards ---> TOURGUIDESERVICE
getUserRewards ---> TOURGUIDESERVICE
getUserRewards ---> TOURGUIDESERVICE
getUserRewards ---> TOURGUIDESERVICE
getUserRewards ---> TOURGUIDESERVICE
getUserRewards ---> TOURGUIDESERVICE
getUserRewards ---> TOURGUIDESERVICE
getUserRewards ---> TOURGUIDESERVICE
getUserRewards ---> TOURGUIDESERVICE
getUserRewards ---> TOURGUIDESERVICE
getUserRewards ---> TOURGUIDESERVICE
getUserRewards ---> TOURGUIDESERVICE
getUserRewards ---> TOURGUIDESERVICE
getUserRewards ---> TOURGUIDESERVICE
getUserRewards ---> TOURGUIDESERVICE
getUserRewards ---> TOURGUIDESERVICE
getUserRewards ---> TOURGUIDESERVICE
getUserRewards ---> TOURGUIDESERVICE
getUserRewards ---> TOURGUIDESERVICE
getUserRewards ---> TOURGUIDESERVICE
getUserRewards ---> TOURGUIDESERVICE
getUserRewards ---> TOURGUIDESERVICE
getUserRewards ---> TOURGUIDESERVICE
getUserRewards ---> TOURGUIDESERVICE
getUserRewards ---> TOURGUIDESERVICE
getUserRewards ---> TOURGUIDESERVICE
getUserRewards ---> TOURGUIDESERVICE
getUserRewards ---> TOURGUIDESERVICE
getUserRewards ---> TOURGUIDESERVICE
getUserRewards ---> TOURGUIDESERVICE
getUserRewards ---> TOURGUIDESERVICE
getUserRewards ---> TOURGUIDESERVICE
getUserRewards ---> TOURGUIDESERVICE
getUserRewards ---> TOURGUIDESERVICE
getUserRewards ---> TOURGUIDESERVICE
getUserRewards ---> TOURGUIDESERVICE
getUserRewards ---> TOURGUIDESERVICE
getUserRewards ---> TOURGUIDESERVICE
getUserRewards ---> TOURGUIDESERVICE
getUserRewards ---> TOURGUIDESERVICE
getUserRewards ---> TOURGUIDESERVICE
getUserRewards ---> TOURGUIDESERVICE
getUserRewards ---> TOURGUIDESERVICE
getUserRewards ---> TOURGUIDESERVICE
getUserRewards ---> TOURGUIDESERVICE
getUserRewards ---> TOURGUIDESERVICE
getUserRewards ---> TOURGUIDESERVICE
getUserRewards ---> TOURGUIDESERVICE
getUserRewards ---> TOURGUIDESERVICE
getUserRewards ---> TOURGUIDESERVICE
getUserRewards ---> TOURGUIDESERVICE
getUserRewards ---> TOURGUIDESERVICE
getUserRewards ---> TOURGUIDESERVICE
getUserRewards ---> TOURGUIDESERVICE
getUserRewards ---> TOURGUIDESERVICE
getUserRewards ---> TOURGUIDESERVICE
getUserRewards ---> TOURGUIDESERVICE
getUserRewards ---> TOURGUIDESERVICE
getUserRewards ---> TOURGUIDESERVICE
getUserRewards ---> TOURGUIDESERVICE
getUserRewards ---> TOURGUIDESERVICE
getUserRewards ---> TOURGUIDESERVICE
getUserRewards ---> TOURGUIDESERVICE
getUserRewards ---> TOURGUIDESERVICE
getUserRewards ---> TOURGUIDESERVICE
getUserRewards ---> TOURGUIDESERVICE
getUserRewards ---> TOURGUIDESERVICE
getUserRewards ---> TOURGUIDESERVICE
getUserRewards ---> TOURGUIDESERVICE
getUserRewards ---> TOURGUIDESERVICE
getUserRewards ---> TOURGUIDESERVICE
getUserRewards ---> TOURGUIDESERVICE
getUserRewards ---> TOURGUIDESERVICE
getUserRewards ---> TOURGUIDESERVICE
getUserRewards ---> TOURGUIDESERVICE
getUserRewards ---> TOURGUIDESERVICE
getUserRewards ---> TOURGUIDESERVICE
getUserRewards ---> TOURGUIDESERVICE
getUserRewards ---> TOURGUIDESERVICE
getUserRewards ---> TOURGUIDESERVICE
getUserRewards ---> TOURGUIDESERVICE
getUserRewards ---> TOURGUIDESERVICE
getUserRewards ---> TOURGUIDESERVICE
getUserRewards ---> TOURGUIDESERVICE
getUserRewards ---> TOURGUIDESERVICE
getUserRewards ---> TOURGUIDESERVICE
getUserRewards ---> TOURGUIDESERVICE
getUserRewards ---> TOURGUIDESERVICE
getUserRewards ---> TOURGUIDESERVICE
getUserRewards ---> TOURGUIDESERVICE
getUserRewards ---> TOURGUIDESERVICE
getUserRewards ---> TOURGUIDESERVICE
getUserRewards ---> TOURGUIDESERVICE
getUserRewards ---> TOURGUIDESERVICE
getUserRewards ---> TOURGUIDESERVICE
getUserRewards ---> TOURGUIDESERVICE
getUserRewards ---> TOURGUIDESERVICE
getUserRewards ---> TOURGUIDESERVICE
getUserRewards ---> TOURGUIDESERVICE
getUserRewards ---> TOURGUIDESERVICE
getUserRewards ---> TOURGUIDESERVICE
getUserRewards ---> TOURGUIDESERVICE
getUserRewards ---> TOURGUIDESERVICE
getUserRewards ---> TOURGUIDESERVICE
getUserRewards ---> TOURGUIDESERVICE
getUserRewards ---> TOURGUIDESERVICE
getUserRewards ---> TOURGUIDESERVICE
getUserRewards ---> TOURGUIDESERVICE
getUserRewards ---> TOURGUIDESERVICE
getUserRewards ---> TOURGUIDESERVICE
getUserRewards ---> TOURGUIDESERVICE
getUserRewards ---> TOURGUIDESERVICE
getUserRewards ---> TOURGUIDESERVICE
getUserRewards ---> TOURGUIDESERVICE
getUserRewards ---> TOURGUIDESERVICE
getUserRewards ---> TOURGUIDESERVICE
getUserRewards ---> TOURGUIDESERVICE
getUserRewards ---> TOURGUIDESERVICE
getUserRewards ---> TOURGUIDESERVICE
getUserRewards ---> TOURGUIDESERVICE
getUserRewards ---> TOURGUIDESERVICE
getUserRewards ---> TOURGUIDESERVICE
getUserRewards ---> TOURGUIDESERVICE
getUserRewards ---> TOURGUIDESERVICE
getUserRewards ---> TOURGUIDESERVICE
getUserRewards ---> TOURGUIDESERVICE
getUserRewards ---> TOURGUIDESERVICE
getUserRewards ---> TOURGUIDESERVICE
getUserRewards ---> TOURGUIDESERVICE
getUserRewards ---> TOURGUIDESERVICE
getUserRewards ---> TOURGUIDESERVICE
getUserRewards ---> TOURGUIDESERVICE
getUserRewards ---> TOURGUIDESERVICE
getUserRewards ---> TOURGUIDESERVICE
getUserRewards ---> TOURGUIDESERVICE
getUserRewards ---> TOURGUIDESERVICE
getUserRewards ---> TOURGUIDESERVICE
getUserRewards ---> TOURGUIDESERVICE
getUserRewards ---> TOURGUIDESERVICE
getUserRewards ---> TOURGUIDESERVICE
getUserRewards ---> TOURGUIDESERVICE
getUserRewards ---> TOURGUIDESERVICE
getUserRewards ---> TOURGUIDESERVICE
getUserRewards ---> TOURGUIDESERVICE
getUserRewards ---> TOURGUIDESERVICE
getUserRewards ---> TOURGUIDESERVICE
getUserRewards ---> TOURGUIDESERVICE
getUserRewards ---> TOURGUIDESERVICE
getUserRewards ---> TOURGUIDESERVICE
getUserRewards ---> TOURGUIDESERVICE
getUserRewards ---> TOURGUIDESERVICE
getUserRewards ---> TOURGUIDESERVICE
getUserRewards ---> TOURGUIDESERVICE
getUserRewards ---> TOURGUIDESERVICE
getUserRewards ---> TOURGUIDESERVICE
getUserRewards ---> TOURGUIDESERVICE
getUserRewards ---> TOURGUIDESERVICE
getUserRewards ---> TOURGUIDESERVICE
getUserRewards ---> TOURGUIDESERVICE
getUserRewards ---> TOURGUIDESERVICE
getUserRewards ---> TOURGUIDESERVICE
getUserRewards ---> TOURGUIDESERVICE
getUserRewards ---> TOURGUIDESERVICE
getUserRewards ---> TOURGUIDESERVICE
getUserRewards ---> TOURGUIDESERVICE
getUserRewards ---> TOURGUIDESERVICE
getUserRewards ---> TOURGUIDESERVICE
getUserRewards ---> TOURGUIDESERVICE
getUserRewards ---> TOURGUIDESERVICE
getUserRewards ---> TOURGUIDESERVICE
getUserRewards ---> TOURGUIDESERVICE
getUserRewards ---> TOURGUIDESERVICE
getUserRewards ---> TOURGUIDESERVICE
getUserRewards ---> TOURGUIDESERVICE
getUserRewards ---> TOURGUIDESERVICE
getUserRewards ---> TOURGUIDESERVICE
getUserRewards ---> TOURGUIDESERVICE
getUserRewards ---> TOURGUIDESERVICE
getUserRewards ---> TOURGUIDESERVICE
getUserRewards ---> TOURGUIDESERVICE
getUserRewards ---> TOURGUIDESERVICE
getUserRewards ---> TOURGUIDESERVICE
getUserRewards ---> TOURGUIDESERVICE
getUserRewards ---> TOURGUIDESERVICE
getUserRewards ---> TOURGUIDESERVICE
getUserRewards ---> TOURGUIDESERVICE
getUserRewards ---> TOURGUIDESERVICE
getUserRewards ---> TOURGUIDESERVICE
getUserRewards ---> TOURGUIDESERVICE
getUserRewards ---> TOURGUIDESERVICE
getUserRewards ---> TOURGUIDESERVICE
getUserRewards ---> TOURGUIDESERVICE
getUserRewards ---> TOURGUIDESERVICE
getUserRewards ---> TOURGUIDESERVICE
getUserRewards ---> TOURGUIDESERVICE
getUserRewards ---> TOURGUIDESERVICE
getUserRewards ---> TOURGUIDESERVICE
getUserRewards ---> TOURGUIDESERVICE
getUserRewards ---> TOURGUIDESERVICE
getUserRewards ---> TOURGUIDESERVICE
getUserRewards ---> TOURGUIDESERVICE
getUserRewards ---> TOURGUIDESERVICE
getUserRewards ---> TOURGUIDESERVICE
getUserRewards ---> TOURGUIDESERVICE
getUserRewards ---> TOURGUIDESERVICE
getUserRewards ---> TOURGUIDESERVICE
getUserRewards ---> TOURGUIDESERVICE
getUserRewards ---> TOURGUIDESERVICE
getUserRewards ---> TOURGUIDESERVICE
getUserRewards ---> TOURGUIDESERVICE
getUserRewards ---> TOURGUIDESERVICE
getUserRewards ---> TOURGUIDESERVICE
getUserRewards ---> TOURGUIDESERVICE
getUserRewards ---> TOURGUIDESERVICE
getUserRewards ---> TOURGUIDESERVICE
getUserRewards ---> TOURGUIDESERVICE
getUserRewards ---> TOURGUIDESERVICE
getUserRewards ---> TOURGUIDESERVICE
getUserRewards ---> TOURGUIDESERVICE
getUserRewards ---> TOURGUIDESERVICE
getUserRewards ---> TOURGUIDESERVICE
getUserRewards ---> TOURGUIDESERVICE
getUserRewards ---> TOURGUIDESERVICE
getUserRewards ---> TOURGUIDESERVICE
getUserRewards ---> TOURGUIDESERVICE
getUserRewards ---> TOURGUIDESERVICE
getUserRewards ---> TOURGUIDESERVICE
getUserRewards ---> TOURGUIDESERVICE
getUserRewards ---> TOURGUIDESERVICE
getUserRewards ---> TOURGUIDESERVICE
getUserRewards ---> TOURGUIDESERVICE
getUserRewards ---> TOURGUIDESERVICE
getUserRewards ---> TOURGUIDESERVICE
getUserRewards ---> TOURGUIDESERVICE
getUserRewards ---> TOURGUIDESERVICE
getUserRewards ---> TOURGUIDESERVICE
getUserRewards ---> TOURGUIDESERVICE
getUserRewards ---> TOURGUIDESERVICE
getUserRewards ---> TOURGUIDESERVICE
getUserRewards ---> TOURGUIDESERVICE
getUserRewards ---> TOURGUIDESERVICE
getUserRewards ---> TOURGUIDESERVICE
getUserRewards ---> TOURGUIDESERVICE
getUserRewards ---> TOURGUIDESERVICE
getUserRewards ---> TOURGUIDESERVICE
getUserRewards ---> TOURGUIDESERVICE
getUserRewards ---> TOURGUIDESERVICE
getUserRewards ---> TOURGUIDESERVICE
getUserRewards ---> TOURGUIDESERVICE
getUserRewards ---> TOURGUIDESERVICE
getUserRewards ---> TOURGUIDESERVICE
getUserRewards ---> TOURGUIDESERVICE
getUserRewards ---> TOURGUIDESERVICE
getUserRewards ---> TOURGUIDESERVICE
getUserRewards ---> TOURGUIDESERVICE
getUserRewards ---> TOURGUIDESERVICE
getUserRewards ---> TOURGUIDESERVICE
getUserRewards ---> TOURGUIDESERVICE
getUserRewards ---> TOURGUIDESERVICE
getUserRewards ---> TOURGUIDESERVICE
getUserRewards ---> TOURGUIDESERVICE
getUserRewards ---> TOURGUIDESERVICE
getUserRewards ---> TOURGUIDESERVICE
getUserRewards ---> TOURGUIDESERVICE
getUserRewards ---> TOURGUIDESERVICE
getUserRewards ---> TOURGUIDESERVICE
getUserRewards ---> TOURGUIDESERVICE
getUserRewards ---> TOURGUIDESERVICE
getUserRewards ---> TOURGUIDESERVICE
getUserRewards ---> TOURGUIDESERVICE
getUserRewards ---> TOURGUIDESERVICE
getUserRewards ---> TOURGUIDESERVICE
getUserRewards ---> TOURGUIDESERVICE
getUserRewards ---> TOURGUIDESERVICE
getUserRewards ---> TOURGUIDESERVICE
getUserRewards ---> TOURGUIDESERVICE
getUserRewards ---> TOURGUIDESERVICE
getUserRewards ---> TOURGUIDESERVICE
getUserRewards ---> TOURGUIDESERVICE
getUserRewards ---> TOURGUIDESERVICE
getUserRewards ---> TOURGUIDESERVICE
getUserRewards ---> TOURGUIDESERVICE
getUserRewards ---> TOURGUIDESERVICE
getUserRewards ---> TOURGUIDESERVICE
getUserRewards ---> TOURGUIDESERVICE
getUserRewards ---> TOURGUIDESERVICE
getUserRewards ---> TOURGUIDESERVICE
getUserRewards ---> TOURGUIDESERVICE
getUserRewards ---> TOURGUIDESERVICE
getUserRewards ---> TOURGUIDESERVICE
getUserRewards ---> TOURGUIDESERVICE
getUserRewards ---> TOURGUIDESERVICE
getUserRewards ---> TOURGUIDESERVICE
getUserRewards ---> TOURGUIDESERVICE
getUserRewards ---> TOURGUIDESERVICE
getUserRewards ---> TOURGUIDESERVICE
getUserRewards ---> TOURGUIDESERVICE
getUserRewards ---> TOURGUIDESERVICE
getUserRewards ---> TOURGUIDESERVICE
getUserRewards ---> TOURGUIDESERVICE
getUserRewards ---> TOURGUIDESERVICE
getUserRewards ---> TOURGUIDESERVICE
getUserRewards ---> TOURGUIDESERVICE
getUserRewards ---> TOURGUIDESERVICE
getUserRewards ---> TOURGUIDESERVICE
getUserRewards ---> TOURGUIDESERVICE
getUserRewards ---> TOURGUIDESERVICE
getUserRewards ---> TOURGUIDESERVICE
getUserRewards ---> TOURGUIDESERVICE
getUserRewards ---> TOURGUIDESERVICE
getUserRewards ---> TOURGUIDESERVICE
getUserRewards ---> TOURGUIDESERVICE
getUserRewards ---> TOURGUIDESERVICE
getUserRewards ---> TOURGUIDESERVICE
getUserRewards ---> TOURGUIDESERVICE
getUserRewards ---> TOURGUIDESERVICE
getUserRewards ---> TOURGUIDESERVICE
getUserRewards ---> TOURGUIDESERVICE
getUserRewards ---> TOURGUIDESERVICE
getUserRewards ---> TOURGUIDESERVICE
getUserRewards ---> TOURGUIDESERVICE
getUserRewards ---> TOURGUIDESERVICE
getUserRewards ---> TOURGUIDESERVICE
getUserRewards ---> TOURGUIDESERVICE
getUserRewards ---> TOURGUIDESERVICE
getUserRewards ---> TOURGUIDESERVICE
getUserRewards ---> TOURGUIDESERVICE
getUserRewards ---> TOURGUIDESERVICE
getUserRewards ---> TOURGUIDESERVICE
getUserRewards ---> TOURGUIDESERVICE
getUserRewards ---> TOURGUIDESERVICE
getUserRewards ---> TOURGUIDESERVICE
getUserRewards ---> TOURGUIDESERVICE
getUserRewards ---> TOURGUIDESERVICE
getUserRewards ---> TOURGUIDESERVICE
getUserRewards ---> TOURGUIDESERVICE
getUserRewards ---> TOURGUIDESERVICE
getUserRewards ---> TOURGUIDESERVICE
getUserRewards ---> TOURGUIDESERVICE
getUserRewards ---> TOURGUIDESERVICE
getUserRewards ---> TOURGUIDESERVICE
getUserRewards ---> TOURGUIDESERVICE
getUserRewards ---> TOURGUIDESERVICE
getUserRewards ---> TOURGUIDESERVICE
getUserRewards ---> TOURGUIDESERVICE
getUserRewards ---> TOURGUIDESERVICE
getUserRewards ---> TOURGUIDESERVICE
getUserRewards ---> TOURGUIDESERVICE
getUserRewards ---> TOURGUIDESERVICE
getUserRewards ---> TOURGUIDESERVICE
getUserRewards ---> TOURGUIDESERVICE
getUserRewards ---> TOURGUIDESERVICE
getUserRewards ---> TOURGUIDESERVICE
getUserRewards ---> TOURGUIDESERVICE
getUserRewards ---> TOURGUIDESERVICE
getUserRewards ---> TOURGUIDESERVICE
getUserRewards ---> TOURGUIDESERVICE
getUserRewards ---> TOURGUIDESERVICE
getUserRewards ---> TOURGUIDESERVICE
getUserRewards ---> TOURGUIDESERVICE
getUserRewards ---> TOURGUIDESERVICE
getUserRewards ---> TOURGUIDESERVICE
getUserRewards ---> TOURGUIDESERVICE
getUserRewards ---> TOURGUIDESERVICE
getUserRewards ---> TOURGUIDESERVICE
getUserRewards ---> TOURGUIDESERVICE
getUserRewards ---> TOURGUIDESERVICE
getUserRewards ---> TOURGUIDESERVICE
getUserRewards ---> TOURGUIDESERVICE
getUserRewards ---> TOURGUIDESERVICE
getUserRewards ---> TOURGUIDESERVICE
getUserRewards ---> TOURGUIDESERVICE
getUserRewards ---> TOURGUIDESERVICE
getUserRewards ---> TOURGUIDESERVICE
getUserRewards ---> TOURGUIDESERVICE
getUserRewards ---> TOURGUIDESERVICE
getUserRewards ---> TOURGUIDESERVICE
getUserRewards ---> TOURGUIDESERVICE
getUserRewards ---> TOURGUIDESERVICE
getUserRewards ---> TOURGUIDESERVICE
getUserRewards ---> TOURGUIDESERVICE
getUserRewards ---> TOURGUIDESERVICE
getUserRewards ---> TOURGUIDESERVICE
getUserRewards ---> TOURGUIDESERVICE
getUserRewards ---> TOURGUIDESERVICE
getUserRewards ---> TOURGUIDESERVICE
getUserRewards ---> TOURGUIDESERVICE
getUserRewards ---> TOURGUIDESERVICE
getUserRewards ---> TOURGUIDESERVICE
getUserRewards ---> TOURGUIDESERVICE
getUserRewards ---> TOURGUIDESERVICE
getUserRewards ---> TOURGUIDESERVICE
getUserRewards ---> TOURGUIDESERVICE
getUserRewards ---> TOURGUIDESERVICE
getUserRewards ---> TOURGUIDESERVICE
getUserRewards ---> TOURGUIDESERVICE
getUserRewards ---> TOURGUIDESERVICE
getUserRewards ---> TOURGUIDESERVICE
getUserRewards ---> TOURGUIDESERVICE
getUserRewards ---> TOURGUIDESERVICE
getUserRewards ---> TOURGUIDESERVICE
getUserRewards ---> TOURGUIDESERVICE
getUserRewards ---> TOURGUIDESERVICE
getUserRewards ---> TOURGUIDESERVICE
getUserRewards ---> TOURGUIDESERVICE
getUserRewards ---> TOURGUIDESERVICE
getUserRewards ---> TOURGUIDESERVICE
getUserRewards ---> TOURGUIDESERVICE
getUserRewards ---> TOURGUIDESERVICE
getUserRewards ---> TOURGUIDESERVICE
getUserRewards ---> TOURGUIDESERVICE
getUserRewards ---> TOURGUIDESERVICE
getUserRewards ---> TOURGUIDESERVICE
getUserRewards ---> TOURGUIDESERVICE
getUserRewards ---> TOURGUIDESERVICE
getUserRewards ---> TOURGUIDESERVICE
getUserRewards ---> TOURGUIDESERVICE
getUserRewards ---> TOURGUIDESERVICE
getUserRewards ---> TOURGUIDESERVICE
getUserRewards ---> TOURGUIDESERVICE
getUserRewards ---> TOURGUIDESERVICE
getUserRewards ---> TOURGUIDESERVICE
getUserRewards ---> TOURGUIDESERVICE
getUserRewards ---> TOURGUIDESERVICE
getUserRewards ---> TOURGUIDESERVICE
getUserRewards ---> TOURGUIDESERVICE
getUserRewards ---> TOURGUIDESERVICE
getUserRewards ---> TOURGUIDESERVICE
getUserRewards ---> TOURGUIDESERVICE
getUserRewards ---> TOURGUIDESERVICE
getUserRewards ---> TOURGUIDESERVICE
getUserRewards ---> TOURGUIDESERVICE
getUserRewards ---> TOURGUIDESERVICE
getUserRewards ---> TOURGUIDESERVICE
getUserRewards ---> TOURGUIDESERVICE
getUserRewards ---> TOURGUIDESERVICE
getUserRewards ---> TOURGUIDESERVICE
getUserRewards ---> TOURGUIDESERVICE
getUserRewards ---> TOURGUIDESERVICE
getUserRewards ---> TOURGUIDESERVICE
getUserRewards ---> TOURGUIDESERVICE
getUserRewards ---> TOURGUIDESERVICE
getUserRewards ---> TOURGUIDESERVICE
getUserRewards ---> TOURGUIDESERVICE
getUserRewards ---> TOURGUIDESERVICE
getUserRewards ---> TOURGUIDESERVICE
getUserRewards ---> TOURGUIDESERVICE
getUserRewards ---> TOURGUIDESERVICE
getUserRewards ---> TOURGUIDESERVICE
getUserRewards ---> TOURGUIDESERVICE
getUserRewards ---> TOURGUIDESERVICE
getUserRewards ---> TOURGUIDESERVICE
getUserRewards ---> TOURGUIDESERVICE
getUserRewards ---> TOURGUIDESERVICE
getUserRewards ---> TOURGUIDESERVICE
getUserRewards ---> TOURGUIDESERVICE
getUserRewards ---> TOURGUIDESERVICE
getUserRewards ---> TOURGUIDESERVICE
getUserRewards ---> TOURGUIDESERVICE
getUserRewards ---> TOURGUIDESERVICE
getUserRewards ---> TOURGUIDESERVICE
getUserRewards ---> TOURGUIDESERVICE
getUserRewards ---> TOURGUIDESERVICE
getUserRewards ---> TOURGUIDESERVICE
getUserRewards ---> TOURGUIDESERVICE
getUserRewards ---> TOURGUIDESERVICE
getUserRewards ---> TOURGUIDESERVICE
getUserRewards ---> TOURGUIDESERVICE
getUserRewards ---> TOURGUIDESERVICE
getUserRewards ---> TOURGUIDESERVICE
getUserRewards ---> TOURGUIDESERVICE
getUserRewards ---> TOURGUIDESERVICE
getUserRewards ---> TOURGUIDESERVICE
getUserRewards ---> TOURGUIDESERVICE
getUserRewards ---> TOURGUIDESERVICE
getUserRewards ---> TOURGUIDESERVICE
getUserRewards ---> TOURGUIDESERVICE
getUserRewards ---> TOURGUIDESERVICE
getUserRewards ---> TOURGUIDESERVICE
getUserRewards ---> TOURGUIDESERVICE
getUserRewards ---> TOURGUIDESERVICE
getUserRewards ---> TOURGUIDESERVICE
getUserRewards ---> TOURGUIDESERVICE
getUserRewards ---> TOURGUIDESERVICE
getUserRewards ---> TOURGUIDESERVICE
getUserRewards ---> TOURGUIDESERVICE
getUserRewards ---> TOURGUIDESERVICE
getUserRewards ---> TOURGUIDESERVICE
getUserRewards ---> TOURGUIDESERVICE
getUserRewards ---> TOURGUIDESERVICE
getUserRewards ---> TOURGUIDESERVICE
getUserRewards ---> TOURGUIDESERVICE
getUserRewards ---> TOURGUIDESERVICE
getUserRewards ---> TOURGUIDESERVICE
getUserRewards ---> TOURGUIDESERVICE
getUserRewards ---> TOURGUIDESERVICE
getUserRewards ---> TOURGUIDESERVICE
getUserRewards ---> TOURGUIDESERVICE
getUserRewards ---> TOURGUIDESERVICE
getUserRewards ---> TOURGUIDESERVICE
getUserRewards ---> TOURGUIDESERVICE
getUserRewards ---> TOURGUIDESERVICE
getUserRewards ---> TOURGUIDESERVICE
getUserRewards ---> TOURGUIDESERVICE
getUserRewards ---> TOURGUIDESERVICE
getUserRewards ---> TOURGUIDESERVICE
getUserRewards ---> TOURGUIDESERVICE
getUserRewards ---> TOURGUIDESERVICE
getUserRewards ---> TOURGUIDESERVICE
getUserRewards ---> TOURGUIDESERVICE
getUserRewards ---> TOURGUIDESERVICE
getUserRewards ---> TOURGUIDESERVICE
getUserRewards ---> TOURGUIDESERVICE
getUserRewards ---> TOURGUIDESERVICE
getUserRewards ---> TOURGUIDESERVICE
getUserRewards ---> TOURGUIDESERVICE
getUserRewards ---> TOURGUIDESERVICE
getUserRewards ---> TOURGUIDESERVICE
getUserRewards ---> TOURGUIDESERVICE
getUserRewards ---> TOURGUIDESERVICE
getUserRewards ---> TOURGUIDESERVICE
getUserRewards ---> TOURGUIDESERVICE
getUserRewards ---> TOURGUIDESERVICE
getUserRewards ---> TOURGUIDESERVICE
getUserRewards ---> TOURGUIDESERVICE
getUserRewards ---> TOURGUIDESERVICE
getUserRewards ---> TOURGUIDESERVICE
getUserRewards ---> TOURGUIDESERVICE
getUserRewards ---> TOURGUIDESERVICE
getUserRewards ---> TOURGUIDESERVICE
getUserRewards ---> TOURGUIDESERVICE
getUserRewards ---> TOURGUIDESERVICE
getUserRewards ---> TOURGUIDESERVICE
getUserRewards ---> TOURGUIDESERVICE
getUserRewards ---> TOURGUIDESERVICE
getUserRewards ---> TOURGUIDESERVICE
getUserRewards ---> TOURGUIDESERVICE
getUserRewards ---> TOURGUIDESERVICE
getUserRewards ---> TOURGUIDESERVICE
getUserRewards ---> TOURGUIDESERVICE
getUserRewards ---> TOURGUIDESERVICE
getUserRewards ---> TOURGUIDESERVICE
getUserRewards ---> TOURGUIDESERVICE
getUserRewards ---> TOURGUIDESERVICE
getUserRewards ---> TOURGUIDESERVICE
getUserRewards ---> TOURGUIDESERVICE
getUserRewards ---> TOURGUIDESERVICE
getUserRewards ---> TOURGUIDESERVICE
getUserRewards ---> TOURGUIDESERVICE
getUserRewards ---> TOURGUIDESERVICE
getUserRewards ---> TOURGUIDESERVICE
getUserRewards ---> TOURGUIDESERVICE
getUserRewards ---> TOURGUIDESERVICE
getUserRewards ---> TOURGUIDESERVICE
getUserRewards ---> TOURGUIDESERVICE
getUserRewards ---> TOURGUIDESERVICE
getUserRewards ---> TOURGUIDESERVICE
getUserRewards ---> TOURGUIDESERVICE
getUserRewards ---> TOURGUIDESERVICE
getUserRewards ---> TOURGUIDESERVICE
getUserRewards ---> TOURGUIDESERVICE
getUserRewards ---> TOURGUIDESERVICE
getUserRewards ---> TOURGUIDESERVICE
getUserRewards ---> TOURGUIDESERVICE
getUserRewards ---> TOURGUIDESERVICE
getUserRewards ---> TOURGUIDESERVICE
getUserRewards ---> TOURGUIDESERVICE
getUserRewards ---> TOURGUIDESERVICE
getUserRewards ---> TOURGUIDESERVICE
getUserRewards ---> TOURGUIDESERVICE
getUserRewards ---> TOURGUIDESERVICE
getUserRewards ---> TOURGUIDESERVICE
getUserRewards ---> TOURGUIDESERVICE
getUserRewards ---> TOURGUIDESERVICE
getUserRewards ---> TOURGUIDESERVICE
getUserRewards ---> TOURGUIDESERVICE
getUserRewards ---> TOURGUIDESERVICE
getUserRewards ---> TOURGUIDESERVICE
getUserRewards ---> TOURGUIDESERVICE
getUserRewards ---> TOURGUIDESERVICE
getUserRewards ---> TOURGUIDESERVICE
getUserRewards ---> TOURGUIDESERVICE
getUserRewards ---> TOURGUIDESERVICE
getUserRewards ---> TOURGUIDESERVICE
getUserRewards ---> TOURGUIDESERVICE
getUserRewards ---> TOURGUIDESERVICE
getUserRewards ---> TOURGUIDESERVICE
getUserRewards ---> TOURGUIDESERVICE
getUserRewards ---> TOURGUIDESERVICE
getUserRewards ---> TOURGUIDESERVICE
getUserRewards ---> TOURGUIDESERVICE
getUserRewards ---> TOURGUIDESERVICE
getUserRewards ---> TOURGUIDESERVICE
getUserRewards ---> TOURGUIDESERVICE
getUserRewards ---> TOURGUIDESERVICE
getUserRewards ---> TOURGUIDESERVICE
getUserRewards ---> TOURGUIDESERVICE
getUserRewards ---> TOURGUIDESERVICE
getUserRewards ---> TOURGUIDESERVICE
getUserRewards ---> TOURGUIDESERVICE
getUserRewards ---> TOURGUIDESERVICE
getUserRewards ---> TOURGUIDESERVICE
getUserRewards ---> TOURGUIDESERVICE
getUserRewards ---> TOURGUIDESERVICE
getUserRewards ---> TOURGUIDESERVICE
getUserRewards ---> TOURGUIDESERVICE
getUserRewards ---> TOURGUIDESERVICE
getUserRewards ---> TOURGUIDESERVICE
getUserRewards ---> TOURGUIDESERVICE
getUserRewards ---> TOURGUIDESERVICE
getUserRewards ---> TOURGUIDESERVICE
getUserRewards ---> TOURGUIDESERVICE
getUserRewards ---> TOURGUIDESERVICE
getUserRewards ---> TOURGUIDESERVICE
getUserRewards ---> TOURGUIDESERVICE
getUserRewards ---> TOURGUIDESERVICE
getUserRewards ---> TOURGUIDESERVICE
getUserRewards ---> TOURGUIDESERVICE
getUserRewards ---> TOURGUIDESERVICE
getUserRewards ---> TOURGUIDESERVICE
getUserRewards ---> TOURGUIDESERVICE
getUserRewards ---> TOURGUIDESERVICE
getUserRewards ---> TOURGUIDESERVICE
getUserRewards ---> TOURGUIDESERVICE
getUserRewards ---> TOURGUIDESERVICE
getUserRewards ---> TOURGUIDESERVICE
getUserRewards ---> TOURGUIDESERVICE
getUserRewards ---> TOURGUIDESERVICE
getUserRewards ---> TOURGUIDESERVICE
getUserRewards ---> TOURGUIDESERVICE
getUserRewards ---> TOURGUIDESERVICE
getUserRewards ---> TOURGUIDESERVICE
getUserRewards ---> TOURGUIDESERVICE
getUserRewards ---> TOURGUIDESERVICE
getUserRewards ---> TOURGUIDESERVICE
getUserRewards ---> TOURGUIDESERVICE
getUserRewards ---> TOURGUIDESERVICE
getUserRewards ---> TOURGUIDESERVICE
getUserRewards ---> TOURGUIDESERVICE
getUserRewards ---> TOURGUIDESERVICE
getUserRewards ---> TOURGUIDESERVICE
getUserRewards ---> TOURGUIDESERVICE
getUserRewards ---> TOURGUIDESERVICE
getUserRewards ---> TOURGUIDESERVICE
getUserRewards ---> TOURGUIDESERVICE
getUserRewards ---> TOURGUIDESERVICE
getUserRewards ---> TOURGUIDESERVICE
getUserRewards ---> TOURGUIDESERVICE
getUserRewards ---> TOURGUIDESERVICE
getUserRewards ---> TOURGUIDESERVICE
getUserRewards ---> TOURGUIDESERVICE
getUserRewards ---> TOURGUIDESERVICE
getUserRewards ---> TOURGUIDESERVICE
getUserRewards ---> TOURGUIDESERVICE
getUserRewards ---> TOURGUIDESERVICE
getUserRewards ---> TOURGUIDESERVICE
getUserRewards ---> TOURGUIDESERVICE
getUserRewards ---> TOURGUIDESERVICE
getUserRewards ---> TOURGUIDESERVICE
getUserRewards ---> TOURGUIDESERVICE
getUserRewards ---> TOURGUIDESERVICE
getUserRewards ---> TOURGUIDESERVICE
getUserRewards ---> TOURGUIDESERVICE
getUserRewards ---> TOURGUIDESERVICE
getUserRewards ---> TOURGUIDESERVICE
getUserRewards ---> TOURGUIDESERVICE
getUserRewards ---> TOURGUIDESERVICE
getUserRewards ---> TOURGUIDESERVICE
getUserRewards ---> TOURGUIDESERVICE
getUserRewards ---> TOURGUIDESERVICE
getUserRewards ---> TOURGUIDESERVICE
getUserRewards ---> TOURGUIDESERVICE
getUserRewards ---> TOURGUIDESERVICE
getUserRewards ---> TOURGUIDESERVICE
getUserRewards ---> TOURGUIDESERVICE
getUserRewards ---> TOURGUIDESERVICE
getUserRewards ---> TOURGUIDESERVICE
getUserRewards ---> TOURGUIDESERVICE
getUserRewards ---> TOURGUIDESERVICE
getUserRewards ---> TOURGUIDESERVICE
getUserRewards ---> TOURGUIDESERVICE
getUserRewards ---> TOURGUIDESERVICE
getUserRewards ---> TOURGUIDESERVICE
getUserRewards ---> TOURGUIDESERVICE
getUserRewards ---> TOURGUIDESERVICE
getUserRewards ---> TOURGUIDESERVICE
getUserRewards ---> TOURGUIDESERVICE
getUserRewards ---> TOURGUIDESERVICE
getUserRewards ---> TOURGUIDESERVICE
getUserRewards ---> TOURGUIDESERVICE
getUserRewards ---> TOURGUIDESERVICE
getUserRewards ---> TOURGUIDESERVICE
getUserRewards ---> TOURGUIDESERVICE
getUserRewards ---> TOURGUIDESERVICE
getUserRewards ---> TOURGUIDESERVICE
getUserRewards ---> TOURGUIDESERVICE
getUserRewards ---> TOURGUIDESERVICE
getUserRewards ---> TOURGUIDESERVICE
getUserRewards ---> TOURGUIDESERVICE
getUserRewards ---> TOURGUIDESERVICE
getUserRewards ---> TOURGUIDESERVICE
getUserRewards ---> TOURGUIDESERVICE
getUserRewards ---> TOURGUIDESERVICE
getUserRewards ---> TOURGUIDESERVICE
getUserRewards ---> TOURGUIDESERVICE
getUserRewards ---> TOURGUIDESERVICE
getUserRewards ---> TOURGUIDESERVICE
getUserRewards ---> TOURGUIDESERVICE
getUserRewards ---> TOURGUIDESERVICE
getUserRewards ---> TOURGUIDESERVICE
getUserRewards ---> TOURGUIDESERVICE
getUserRewards ---> TOURGUIDESERVICE
getUserRewards ---> TOURGUIDESERVICE
getUserRewards ---> TOURGUIDESERVICE
getUserRewards ---> TOURGUIDESERVICE
getUserRewards ---> TOURGUIDESERVICE
getUserRewards ---> TOURGUIDESERVICE
getUserRewards ---> TOURGUIDESERVICE
getUserRewards ---> TOURGUIDESERVICE
getUserRewards ---> TOURGUIDESERVICE
getUserRewards ---> TOURGUIDESERVICE
getUserRewards ---> TOURGUIDESERVICE
getUserRewards ---> TOURGUIDESERVICE
getUserRewards ---> TOURGUIDESERVICE
getUserRewards ---> TOURGUIDESERVICE
getUserRewards ---> TOURGUIDESERVICE
getUserRewards ---> TOURGUIDESERVICE
getUserRewards ---> TOURGUIDESERVICE
getUserRewards ---> TOURGUIDESERVICE
getUserRewards ---> TOURGUIDESERVICE
getUserRewards ---> TOURGUIDESERVICE
getUserRewards ---> TOURGUIDESERVICE
getUserRewards ---> TOURGUIDESERVICE
getUserRewards ---> TOURGUIDESERVICE
getUserRewards ---> TOURGUIDESERVICE
getUserRewards ---> TOURGUIDESERVICE
getUserRewards ---> TOURGUIDESERVICE
getUserRewards ---> TOURGUIDESERVICE
getUserRewards ---> TOURGUIDESERVICE
getUserRewards ---> TOURGUIDESERVICE
getUserRewards ---> TOURGUIDESERVICE
getUserRewards ---> TOURGUIDESERVICE
getUserRewards ---> TOURGUIDESERVICE
getUserRewards ---> TOURGUIDESERVICE
getUserRewards ---> TOURGUIDESERVICE
getUserRewards ---> TOURGUIDESERVICE
getUserRewards ---> TOURGUIDESERVICE
getUserRewards ---> TOURGUIDESERVICE
getUserRewards ---> TOURGUIDESERVICE
getUserRewards ---> TOURGUIDESERVICE
getUserRewards ---> TOURGUIDESERVICE
getUserRewards ---> TOURGUIDESERVICE
getUserRewards ---> TOURGUIDESERVICE
getUserRewards ---> TOURGUIDESERVICE
getUserRewards ---> TOURGUIDESERVICE
getUserRewards ---> TOURGUIDESERVICE
getUserRewards ---> TOURGUIDESERVICE
getUserRewards ---> TOURGUIDESERVICE
getUserRewards ---> TOURGUIDESERVICE
getUserRewards ---> TOURGUIDESERVICE
getUserRewards ---> TOURGUIDESERVICE
getUserRewards ---> TOURGUIDESERVICE
getUserRewards ---> TOURGUIDESERVICE
getUserRewards ---> TOURGUIDESERVICE
getUserRewards ---> TOURGUIDESERVICE
getUserRewards ---> TOURGUIDESERVICE
getUserRewards ---> TOURGUIDESERVICE
getUserRewards ---> TOURGUIDESERVICE
getUserRewards ---> TOURGUIDESERVICE
getUserRewards ---> TOURGUIDESERVICE
getUserRewards ---> TOURGUIDESERVICE
getUserRewards ---> TOURGUIDESERVICE
getUserRewards ---> TOURGUIDESERVICE
getUserRewards ---> TOURGUIDESERVICE
getUserRewards ---> TOURGUIDESERVICE
getUserRewards ---> TOURGUIDESERVICE
getUserRewards ---> TOURGUIDESERVICE
getUserRewards ---> TOURGUIDESERVICE
getUserRewards ---> TOURGUIDESERVICE
getUserRewards ---> TOURGUIDESERVICE
getUserRewards ---> TOURGUIDESERVICE
getUserRewards ---> TOURGUIDESERVICE
getUserRewards ---> TOURGUIDESERVICE
getUserRewards ---> TOURGUIDESERVICE
getUserRewards ---> TOURGUIDESERVICE
getUserRewards ---> TOURGUIDESERVICE
getUserRewards ---> TOURGUIDESERVICE
getUserRewards ---> TOURGUIDESERVICE
getUserRewards ---> TOURGUIDESERVICE
getUserRewards ---> TOURGUIDESERVICE
getUserRewards ---> TOURGUIDESERVICE
getUserRewards ---> TOURGUIDESERVICE
getUserRewards ---> TOURGUIDESERVICE
getUserRewards ---> TOURGUIDESERVICE
getUserRewards ---> TOURGUIDESERVICE
getUserRewards ---> TOURGUIDESERVICE
getUserRewards ---> TOURGUIDESERVICE
getUserRewards ---> TOURGUIDESERVICE
getUserRewards ---> TOURGUIDESERVICE
getUserRewards ---> TOURGUIDESERVICE
getUserRewards ---> TOURGUIDESERVICE
getUserRewards ---> TOURGUIDESERVICE
getUserRewards ---> TOURGUIDESERVICE
getUserRewards ---> TOURGUIDESERVICE
getUserRewards ---> TOURGUIDESERVICE
getUserRewards ---> TOURGUIDESERVICE
getUserRewards ---> TOURGUIDESERVICE
getUserRewards ---> TOURGUIDESERVICE
getUserRewards ---> TOURGUIDESERVICE
getUserRewards ---> TOURGUIDESERVICE
getUserRewards ---> TOURGUIDESERVICE
getUserRewards ---> TOURGUIDESERVICE
getUserRewards ---> TOURGUIDESERVICE
getUserRewards ---> TOURGUIDESERVICE
getUserRewards ---> TOURGUIDESERVICE
getUserRewards ---> TOURGUIDESERVICE
getUserRewards ---> TOURGUIDESERVICE
getUserRewards ---> TOURGUIDESERVICE
getUserRewards ---> TOURGUIDESERVICE
getUserRewards ---> TOURGUIDESERVICE
getUserRewards ---> TOURGUIDESERVICE
getUserRewards ---> TOURGUIDESERVICE
getUserRewards ---> TOURGUIDESERVICE
getUserRewards ---> TOURGUIDESERVICE
getUserRewards ---> TOURGUIDESERVICE
getUserRewards ---> TOURGUIDESERVICE
getUserRewards ---> TOURGUIDESERVICE
getUserRewards ---> TOURGUIDESERVICE
getUserRewards ---> TOURGUIDESERVICE
getUserRewards ---> TOURGUIDESERVICE
getUserRewards ---> TOURGUIDESERVICE
getUserRewards ---> TOURGUIDESERVICE
getUserRewards ---> TOURGUIDESERVICE
getUserRewards ---> TOURGUIDESERVICE
getUserRewards ---> TOURGUIDESERVICE
getUserRewards ---> TOURGUIDESERVICE
getUserRewards ---> TOURGUIDESERVICE
getUserRewards ---> TOURGUIDESERVICE
getUserRewards ---> TOURGUIDESERVICE
getUserRewards ---> TOURGUIDESERVICE
getUserRewards ---> TOURGUIDESERVICE
getUserRewards ---> TOURGUIDESERVICE
getUserRewards ---> TOURGUIDESERVICE
getUserRewards ---> TOURGUIDESERVICE
getUserRewards ---> TOURGUIDESERVICE
getUserRewards ---> TOURGUIDESERVICE
getUserRewards ---> TOURGUIDESERVICE
getUserRewards ---> TOURGUIDESERVICE
getUserRewards ---> TOURGUIDESERVICE
getUserRewards ---> TOURGUIDESERVICE
getUserRewards ---> TOURGUIDESERVICE
getUserRewards ---> TOURGUIDESERVICE
getUserRewards ---> TOURGUIDESERVICE
getUserRewards ---> TOURGUIDESERVICE
getUserRewards ---> TOURGUIDESERVICE
getUserRewards ---> TOURGUIDESERVICE
getUserRewards ---> TOURGUIDESERVICE
getUserRewards ---> TOURGUIDESERVICE
getUserRewards ---> TOURGUIDESERVICE
getUserRewards ---> TOURGUIDESERVICE
getUserRewards ---> TOURGUIDESERVICE
getUserRewards ---> TOURGUIDESERVICE
getUserRewards ---> TOURGUIDESERVICE
getUserRewards ---> TOURGUIDESERVICE
getUserRewards ---> TOURGUIDESERVICE
getUserRewards ---> TOURGUIDESERVICE
getUserRewards ---> TOURGUIDESERVICE
getUserRewards ---> TOURGUIDESERVICE
getUserRewards ---> TOURGUIDESERVICE
getUserRewards ---> TOURGUIDESERVICE
getUserRewards ---> TOURGUIDESERVICE
getUserRewards ---> TOURGUIDESERVICE
getUserRewards ---> TOURGUIDESERVICE
getUserRewards ---> TOURGUIDESERVICE
getUserRewards ---> TOURGUIDESERVICE
getUserRewards ---> TOURGUIDESERVICE
getUserRewards ---> TOURGUIDESERVICE
getUserRewards ---> TOURGUIDESERVICE
getUserRewards ---> TOURGUIDESERVICE
getUserRewards ---> TOURGUIDESERVICE
getUserRewards ---> TOURGUIDESERVICE
getUserRewards ---> TOURGUIDESERVICE
getUserRewards ---> TOURGUIDESERVICE
getUserRewards ---> TOURGUIDESERVICE
getUserRewards ---> TOURGUIDESERVICE
getUserRewards ---> TOURGUIDESERVICE
getUserRewards ---> TOURGUIDESERVICE
getUserRewards ---> TOURGUIDESERVICE
getUserRewards ---> TOURGUIDESERVICE
getUserRewards ---> TOURGUIDESERVICE
getUserRewards ---> TOURGUIDESERVICE
getUserRewards ---> TOURGUIDESERVICE
getUserRewards ---> TOURGUIDESERVICE
getUserRewards ---> TOURGUIDESERVICE
getUserRewards ---> TOURGUIDESERVICE
getUserRewards ---> TOURGUIDESERVICE
getUserRewards ---> TOURGUIDESERVICE
getUserRewards ---> TOURGUIDESERVICE
getUserRewards ---> TOURGUIDESERVICE
getUserRewards ---> TOURGUIDESERVICE
getUserRewards ---> TOURGUIDESERVICE
getUserRewards ---> TOURGUIDESERVICE
getUserRewards ---> TOURGUIDESERVICE
getUserRewards ---> TOURGUIDESERVICE
getUserRewards ---> TOURGUIDESERVICE
getUserRewards ---> TOURGUIDESERVICE
getUserRewards ---> TOURGUIDESERVICE
getUserRewards ---> TOURGUIDESERVICE
getUserRewards ---> TOURGUIDESERVICE
getUserRewards ---> TOURGUIDESERVICE
getUserRewards ---> TOURGUIDESERVICE
getUserRewards ---> TOURGUIDESERVICE
getUserRewards ---> TOURGUIDESERVICE
getUserRewards ---> TOURGUIDESERVICE
getUserRewards ---> TOURGUIDESERVICE
getUserRewards ---> TOURGUIDESERVICE
getUserRewards ---> TOURGUIDESERVICE
getUserRewards ---> TOURGUIDESERVICE
getUserRewards ---> TOURGUIDESERVICE
getUserRewards ---> TOURGUIDESERVICE
getUserRewards ---> TOURGUIDESERVICE
getUserRewards ---> TOURGUIDESERVICE
getUserRewards ---> TOURGUIDESERVICE
getUserRewards ---> TOURGUIDESERVICE
getUserRewards ---> TOURGUIDESERVICE
getUserRewards ---> TOURGUIDESERVICE
getUserRewards ---> TOURGUIDESERVICE
getUserRewards ---> TOURGUIDESERVICE
getUserRewards ---> TOURGUIDESERVICE
getUserRewards ---> TOURGUIDESERVICE
getUserRewards ---> TOURGUIDESERVICE
getUserRewards ---> TOURGUIDESERVICE
getUserRewards ---> TOURGUIDESERVICE
getUserRewards ---> TOURGUIDESERVICE
getUserRewards ---> TOURGUIDESERVICE
getUserRewards ---> TOURGUIDESERVICE
getUserRewards ---> TOURGUIDESERVICE
getUserRewards ---> TOURGUIDESERVICE
getUserRewards ---> TOURGUIDESERVICE
getUserRewards ---> TOURGUIDESERVICE
getUserRewards ---> TOURGUIDESERVICE
getUserRewards ---> TOURGUIDESERVICE
getUserRewards ---> TOURGUIDESERVICE
getUserRewards ---> TOURGUIDESERVICE
getUserRewards ---> TOURGUIDESERVICE
getUserRewards ---> TOURGUIDESERVICE
getUserRewards ---> TOURGUIDESERVICE
getUserRewards ---> TOURGUIDESERVICE
getUserRewards ---> TOURGUIDESERVICE
getUserRewards ---> TOURGUIDESERVICE
getUserRewards ---> TOURGUIDESERVICE
getUserRewards ---> TOURGUIDESERVICE
getUserRewards ---> TOURGUIDESERVICE
getUserRewards ---> TOURGUIDESERVICE
getUserRewards ---> TOURGUIDESERVICE
getUserRewards ---> TOURGUIDESERVICE
getUserRewards ---> TOURGUIDESERVICE
getUserRewards ---> TOURGUIDESERVICE
getUserRewards ---> TOURGUIDESERVICE
getUserRewards ---> TOURGUIDESERVICE
getUserRewards ---> TOURGUIDESERVICE
getUserRewards ---> TOURGUIDESERVICE
getUserRewards ---> TOURGUIDESERVICE
getUserRewards ---> TOURGUIDESERVICE
getUserRewards ---> TOURGUIDESERVICE
getUserRewards ---> TOURGUIDESERVICE
getUserRewards ---> TOURGUIDESERVICE
getUserRewards ---> TOURGUIDESERVICE
getUserRewards ---> TOURGUIDESERVICE
getUserRewards ---> TOURGUIDESERVICE
getUserRewards ---> TOURGUIDESERVICE
getUserRewards ---> TOURGUIDESERVICE
getUserRewards ---> TOURGUIDESERVICE
getUserRewards ---> TOURGUIDESERVICE
getUserRewards ---> TOURGUIDESERVICE
getUserRewards ---> TOURGUIDESERVICE
getUserRewards ---> TOURGUIDESERVICE
getUserRewards ---> TOURGUIDESERVICE
getUserRewards ---> TOURGUIDESERVICE
getUserRewards ---> TOURGUIDESERVICE
getUserRewards ---> TOURGUIDESERVICE
getUserRewards ---> TOURGUIDESERVICE
getUserRewards ---> TOURGUIDESERVICE
getUserRewards ---> TOURGUIDESERVICE
getUserRewards ---> TOURGUIDESERVICE
getUserRewards ---> TOURGUIDESERVICE
getUserRewards ---> TOURGUIDESERVICE
getUserRewards ---> TOURGUIDESERVICE
getUserRewards ---> TOURGUIDESERVICE
getUserRewards ---> TOURGUIDESERVICE
getUserRewards ---> TOURGUIDESERVICE
getUserRewards ---> TOURGUIDESERVICE
getUserRewards ---> TOURGUIDESERVICE
getUserRewards ---> TOURGUIDESERVICE
getUserRewards ---> TOURGUIDESERVICE
getUserRewards ---> TOURGUIDESERVICE
getUserRewards ---> TOURGUIDESERVICE
getUserRewards ---> TOURGUIDESERVICE
getUserRewards ---> TOURGUIDESERVICE
getUserRewards ---> TOURGUIDESERVICE
getUserRewards ---> TOURGUIDESERVICE
getUserRewards ---> TOURGUIDESERVICE
getUserRewards ---> TOURGUIDESERVICE
getUserRewards ---> TOURGUIDESERVICE
getUserRewards ---> TOURGUIDESERVICE
getUserRewards ---> TOURGUIDESERVICE
getUserRewards ---> TOURGUIDESERVICE
getUserRewards ---> TOURGUIDESERVICE
getUserRewards ---> TOURGUIDESERVICE
getUserRewards ---> TOURGUIDESERVICE
getUserRewards ---> TOURGUIDESERVICE
getUserRewards ---> TOURGUIDESERVICE
getUserRewards ---> TOURGUIDESERVICE
getUserRewards ---> TOURGUIDESERVICE
getUserRewards ---> TOURGUIDESERVICE
getUserRewards ---> TOURGUIDESERVICE
getUserRewards ---> TOURGUIDESERVICE
getUserRewards ---> TOURGUIDESERVICE
getUserRewards ---> TOURGUIDESERVICE
getUserRewards ---> TOURGUIDESERVICE
getUserRewards ---> TOURGUIDESERVICE
getUserRewards ---> TOURGUIDESERVICE
getUserRewards ---> TOURGUIDESERVICE
getUserRewards ---> TOURGUIDESERVICE
getUserRewards ---> TOURGUIDESERVICE
getUserRewards ---> TOURGUIDESERVICE
getUserRewards ---> TOURGUIDESERVICE
getUserRewards ---> TOURGUIDESERVICE
getUserRewards ---> TOURGUIDESERVICE
getUserRewards ---> TOURGUIDESERVICE
getUserRewards ---> TOURGUIDESERVICE
getUserRewards ---> TOURGUIDESERVICE
getUserRewards ---> TOURGUIDESERVICE
getUserRewards ---> TOURGUIDESERVICE
getUserRewards ---> TOURGUIDESERVICE
getUserRewards ---> TOURGUIDESERVICE
getUserRewards ---> TOURGUIDESERVICE
getUserRewards ---> TOURGUIDESERVICE
getUserRewards ---> TOURGUIDESERVICE
getUserRewards ---> TOURGUIDESERVICE
getUserRewards ---> TOURGUIDESERVICE
getUserRewards ---> TOURGUIDESERVICE
getUserRewards ---> TOURGUIDESERVICE
getUserRewards ---> TOURGUIDESERVICE
getUserRewards ---> TOURGUIDESERVICE
getUserRewards ---> TOURGUIDESERVICE
getUserRewards ---> TOURGUIDESERVICE
getUserRewards ---> TOURGUIDESERVICE
getUserRewards ---> TOURGUIDESERVICE
getUserRewards ---> TOURGUIDESERVICE
getUserRewards ---> TOURGUIDESERVICE
getUserRewards ---> TOURGUIDESERVICE
getUserRewards ---> TOURGUIDESERVICE
getUserRewards ---> TOURGUIDESERVICE
getUserRewards ---> TOURGUIDESERVICE
getUserRewards ---> TOURGUIDESERVICE
getUserRewards ---> TOURGUIDESERVICE
getUserRewards ---> TOURGUIDESERVICE
getUserRewards ---> TOURGUIDESERVICE
getUserRewards ---> TOURGUIDESERVICE
getUserRewards ---> TOURGUIDESERVICE
getUserRewards ---> TOURGUIDESERVICE
getUserRewards ---> TOURGUIDESERVICE
getUserRewards ---> TOURGUIDESERVICE
getUserRewards ---> TOURGUIDESERVICE
getUserRewards ---> TOURGUIDESERVICE
getUserRewards ---> TOURGUIDESERVICE
getUserRewards ---> TOURGUIDESERVICE
getUserRewards ---> TOURGUIDESERVICE
getUserRewards ---> TOURGUIDESERVICE
getUserRewards ---> TOURGUIDESERVICE
getUserRewards ---> TOURGUIDESERVICE
getUserRewards ---> TOURGUIDESERVICE
getUserRewards ---> TOURGUIDESERVICE
getUserRewards ---> TOURGUIDESERVICE
getUserRewards ---> TOURGUIDESERVICE
getUserRewards ---> TOURGUIDESERVICE
getUserRewards ---> TOURGUIDESERVICE
getUserRewards ---> TOURGUIDESERVICE
getUserRewards ---> TOURGUIDESERVICE
getUserRewards ---> TOURGUIDESERVICE
getUserRewards ---> TOURGUIDESERVICE
getUserRewards ---> TOURGUIDESERVICE
getUserRewards ---> TOURGUIDESERVICE
getUserRewards ---> TOURGUIDESERVICE
getUserRewards ---> TOURGUIDESERVICE
getUserRewards ---> TOURGUIDESERVICE
getUserRewards ---> TOURGUIDESERVICE
getUserRewards ---> TOURGUIDESERVICE
getUserRewards ---> TOURGUIDESERVICE
getUserRewards ---> TOURGUIDESERVICE
getUserRewards ---> TOURGUIDESERVICE
getUserRewards ---> TOURGUIDESERVICE
getUserRewards ---> TOURGUIDESERVICE
getUserRewards ---> TOURGUIDESERVICE
getUserRewards ---> TOURGUIDESERVICE
getUserRewards ---> TOURGUIDESERVICE
getUserRewards ---> TOURGUIDESERVICE
getUserRewards ---> TOURGUIDESERVICE
getUserRewards ---> TOURGUIDESERVICE
getUserRewards ---> TOURGUIDESERVICE
getUserRewards ---> TOURGUIDESERVICE
getUserRewards ---> TOURGUIDESERVICE
getUserRewards ---> TOURGUIDESERVICE
getUserRewards ---> TOURGUIDESERVICE
getUserRewards ---> TOURGUIDESERVICE
getUserRewards ---> TOURGUIDESERVICE
getUserRewards ---> TOURGUIDESERVICE
getUserRewards ---> TOURGUIDESERVICE
getUserRewards ---> TOURGUIDESERVICE
getUserRewards ---> TOURGUIDESERVICE
getUserRewards ---> TOURGUIDESERVICE
getUserRewards ---> TOURGUIDESERVICE
getUserRewards ---> TOURGUIDESERVICE
getUserRewards ---> TOURGUIDESERVICE
getUserRewards ---> TOURGUIDESERVICE
getUserRewards ---> TOURGUIDESERVICE
getUserRewards ---> TOURGUIDESERVICE
getUserRewards ---> TOURGUIDESERVICE
getUserRewards ---> TOURGUIDESERVICE
getUserRewards ---> TOURGUIDESERVICE
getUserRewards ---> TOURGUIDESERVICE
getUserRewards ---> TOURGUIDESERVICE
getUserRewards ---> TOURGUIDESERVICE
getUserRewards ---> TOURGUIDESERVICE
getUserRewards ---> TOURGUIDESERVICE
getUserRewards ---> TOURGUIDESERVICE
getUserRewards ---> TOURGUIDESERVICE
getUserRewards ---> TOURGUIDESERVICE
getUserRewards ---> TOURGUIDESERVICE
getUserRewards ---> TOURGUIDESERVICE
getUserRewards ---> TOURGUIDESERVICE
getUserRewards ---> TOURGUIDESERVICE
getUserRewards ---> TOURGUIDESERVICE
getUserRewards ---> TOURGUIDESERVICE
getUserRewards ---> TOURGUIDESERVICE
getUserRewards ---> TOURGUIDESERVICE
getUserRewards ---> TOURGUIDESERVICE
getUserRewards ---> TOURGUIDESERVICE
getUserRewards ---> TOURGUIDESERVICE
getUserRewards ---> TOURGUIDESERVICE
getUserRewards ---> TOURGUIDESERVICE
getUserRewards ---> TOURGUIDESERVICE
getUserRewards ---> TOURGUIDESERVICE
getUserRewards ---> TOURGUIDESERVICE
getUserRewards ---> TOURGUIDESERVICE
getUserRewards ---> TOURGUIDESERVICE
getUserRewards ---> TOURGUIDESERVICE
getUserRewards ---> TOURGUIDESERVICE
getUserRewards ---> TOURGUIDESERVICE
getUserRewards ---> TOURGUIDESERVICE
getUserRewards ---> TOURGUIDESERVICE
getUserRewards ---> TOURGUIDESERVICE
getUserRewards ---> TOURGUIDESERVICE
getUserRewards ---> TOURGUIDESERVICE
getUserRewards ---> TOURGUIDESERVICE
getUserRewards ---> TOURGUIDESERVICE
getUserRewards ---> TOURGUIDESERVICE
getUserRewards ---> TOURGUIDESERVICE
getUserRewards ---> TOURGUIDESERVICE
getUserRewards ---> TOURGUIDESERVICE
getUserRewards ---> TOURGUIDESERVICE
getUserRewards ---> TOURGUIDESERVICE
getUserRewards ---> TOURGUIDESERVICE
getUserRewards ---> TOURGUIDESERVICE
getUserRewards ---> TOURGUIDESERVICE
getUserRewards ---> TOURGUIDESERVICE
getUserRewards ---> TOURGUIDESERVICE
getUserRewards ---> TOURGUIDESERVICE
getUserRewards ---> TOURGUIDESERVICE
getUserRewards ---> TOURGUIDESERVICE
getUserRewards ---> TOURGUIDESERVICE
getUserRewards ---> TOURGUIDESERVICE
getUserRewards ---> TOURGUIDESERVICE
getUserRewards ---> TOURGUIDESERVICE
getUserRewards ---> TOURGUIDESERVICE
getUserRewards ---> TOURGUIDESERVICE
getUserRewards ---> TOURGUIDESERVICE
getUserRewards ---> TOURGUIDESERVICE
getUserRewards ---> TOURGUIDESERVICE
getUserRewards ---> TOURGUIDESERVICE
getUserRewards ---> TOURGUIDESERVICE
getUserRewards ---> TOURGUIDESERVICE
getUserRewards ---> TOURGUIDESERVICE
getUserRewards ---> TOURGUIDESERVICE
getUserRewards ---> TOURGUIDESERVICE
getUserRewards ---> TOURGUIDESERVICE
getUserRewards ---> TOURGUIDESERVICE
getUserRewards ---> TOURGUIDESERVICE
getUserRewards ---> TOURGUIDESERVICE
getUserRewards ---> TOURGUIDESERVICE
getUserRewards ---> TOURGUIDESERVICE
getUserRewards ---> TOURGUIDESERVICE
getUserRewards ---> TOURGUIDESERVICE
getUserRewards ---> TOURGUIDESERVICE
getUserRewards ---> TOURGUIDESERVICE
getUserRewards ---> TOURGUIDESERVICE
getUserRewards ---> TOURGUIDESERVICE
getUserRewards ---> TOURGUIDESERVICE
getUserRewards ---> TOURGUIDESERVICE
getUserRewards ---> TOURGUIDESERVICE
getUserRewards ---> TOURGUIDESERVICE
getUserRewards ---> TOURGUIDESERVICE
getUserRewards ---> TOURGUIDESERVICE
getUserRewards ---> TOURGUIDESERVICE
getUserRewards ---> TOURGUIDESERVICE
getUserRewards ---> TOURGUIDESERVICE
getUserRewards ---> TOURGUIDESERVICE
getUserRewards ---> TOURGUIDESERVICE
getUserRewards ---> TOURGUIDESERVICE
getUserRewards ---> TOURGUIDESERVICE
getUserRewards ---> TOURGUIDESERVICE
getUserRewards ---> TOURGUIDESERVICE
getUserRewards ---> TOURGUIDESERVICE
getUserRewards ---> TOURGUIDESERVICE
getUserRewards ---> TOURGUIDESERVICE
getUserRewards ---> TOURGUIDESERVICE
getUserRewards ---> TOURGUIDESERVICE
getUserRewards ---> TOURGUIDESERVICE
getUserRewards ---> TOURGUIDESERVICE
getUserRewards ---> TOURGUIDESERVICE
getUserRewards ---> TOURGUIDESERVICE
getUserRewards ---> TOURGUIDESERVICE
getUserRewards ---> TOURGUIDESERVICE
getUserRewards ---> TOURGUIDESERVICE
getUserRewards ---> TOURGUIDESERVICE
getUserRewards ---> TOURGUIDESERVICE
getUserRewards ---> TOURGUIDESERVICE
getUserRewards ---> TOURGUIDESERVICE
getUserRewards ---> TOURGUIDESERVICE
getUserRewards ---> TOURGUIDESERVICE
getUserRewards ---> TOURGUIDESERVICE
getUserRewards ---> TOURGUIDESERVICE
getUserRewards ---> TOURGUIDESERVICE
getUserRewards ---> TOURGUIDESERVICE
getUserRewards ---> TOURGUIDESERVICE
getUserRewards ---> TOURGUIDESERVICE
getUserRewards ---> TOURGUIDESERVICE
getUserRewards ---> TOURGUIDESERVICE
getUserRewards ---> TOURGUIDESERVICE
getUserRewards ---> TOURGUIDESERVICE
getUserRewards ---> TOURGUIDESERVICE
getUserRewards ---> TOURGUIDESERVICE
getUserRewards ---> TOURGUIDESERVICE
getUserRewards ---> TOURGUIDESERVICE
getUserRewards ---> TOURGUIDESERVICE
getUserRewards ---> TOURGUIDESERVICE
getUserRewards ---> TOURGUIDESERVICE
getUserRewards ---> TOURGUIDESERVICE
getUserRewards ---> TOURGUIDESERVICE
getUserRewards ---> TOURGUIDESERVICE
getUserRewards ---> TOURGUIDESERVICE
getUserRewards ---> TOURGUIDESERVICE
getUserRewards ---> TOURGUIDESERVICE
getUserRewards ---> TOURGUIDESERVICE
getUserRewards ---> TOURGUIDESERVICE
getUserRewards ---> TOURGUIDESERVICE
getUserRewards ---> TOURGUIDESERVICE
getUserRewards ---> TOURGUIDESERVICE
getUserRewards ---> TOURGUIDESERVICE
getUserRewards ---> TOURGUIDESERVICE
getUserRewards ---> TOURGUIDESERVICE
getUserRewards ---> TOURGUIDESERVICE
getUserRewards ---> TOURGUIDESERVICE
getUserRewards ---> TOURGUIDESERVICE
getUserRewards ---> TOURGUIDESERVICE
getUserRewards ---> TOURGUIDESERVICE
getUserRewards ---> TOURGUIDESERVICE
getUserRewards ---> TOURGUIDESERVICE
getUserRewards ---> TOURGUIDESERVICE
getUserRewards ---> TOURGUIDESERVICE
getUserRewards ---> TOURGUIDESERVICE
getUserRewards ---> TOURGUIDESERVICE
getUserRewards ---> TOURGUIDESERVICE
getUserRewards ---> TOURGUIDESERVICE
getUserRewards ---> TOURGUIDESERVICE
getUserRewards ---> TOURGUIDESERVICE
getUserRewards ---> TOURGUIDESERVICE
getUserRewards ---> TOURGUIDESERVICE
getUserRewards ---> TOURGUIDESERVICE
getUserRewards ---> TOURGUIDESERVICE
getUserRewards ---> TOURGUIDESERVICE
getUserRewards ---> TOURGUIDESERVICE
getUserRewards ---> TOURGUIDESERVICE
getUserRewards ---> TOURGUIDESERVICE
getUserRewards ---> TOURGUIDESERVICE
getUserRewards ---> TOURGUIDESERVICE
getUserRewards ---> TOURGUIDESERVICE
getUserRewards ---> TOURGUIDESERVICE
getUserRewards ---> TOURGUIDESERVICE
getUserRewards ---> TOURGUIDESERVICE
getUserRewards ---> TOURGUIDESERVICE
getUserRewards ---> TOURGUIDESERVICE
getUserRewards ---> TOURGUIDESERVICE
getUserRewards ---> TOURGUIDESERVICE
getUserRewards ---> TOURGUIDESERVICE
getUserRewards ---> TOURGUIDESERVICE
getUserRewards ---> TOURGUIDESERVICE
getUserRewards ---> TOURGUIDESERVICE
getUserRewards ---> TOURGUIDESERVICE
getUserRewards ---> TOURGUIDESERVICE
getUserRewards ---> TOURGUIDESERVICE
getUserRewards ---> TOURGUIDESERVICE
getUserRewards ---> TOURGUIDESERVICE
getUserRewards ---> TOURGUIDESERVICE
getUserRewards ---> TOURGUIDESERVICE
getUserRewards ---> TOURGUIDESERVICE
getUserRewards ---> TOURGUIDESERVICE
getUserRewards ---> TOURGUIDESERVICE
getUserRewards ---> TOURGUIDESERVICE
getUserRewards ---> TOURGUIDESERVICE
getUserRewards ---> TOURGUIDESERVICE
getUserRewards ---> TOURGUIDESERVICE
getUserRewards ---> TOURGUIDESERVICE
getUserRewards ---> TOURGUIDESERVICE
getUserRewards ---> TOURGUIDESERVICE
getUserRewards ---> TOURGUIDESERVICE
getUserRewards ---> TOURGUIDESERVICE
getUserRewards ---> TOURGUIDESERVICE
getUserRewards ---> TOURGUIDESERVICE
getUserRewards ---> TOURGUIDESERVICE
getUserRewards ---> TOURGUIDESERVICE
getUserRewards ---> TOURGUIDESERVICE
getUserRewards ---> TOURGUIDESERVICE
getUserRewards ---> TOURGUIDESERVICE
getUserRewards ---> TOURGUIDESERVICE
getUserRewards ---> TOURGUIDESERVICE
getUserRewards ---> TOURGUIDESERVICE
getUserRewards ---> TOURGUIDESERVICE
getUserRewards ---> TOURGUIDESERVICE
getUserRewards ---> TOURGUIDESERVICE
getUserRewards ---> TOURGUIDESERVICE
getUserRewards ---> TOURGUIDESERVICE
getUserRewards ---> TOURGUIDESERVICE
getUserRewards ---> TOURGUIDESERVICE
getUserRewards ---> TOURGUIDESERVICE
getUserRewards ---> TOURGUIDESERVICE
getUserRewards ---> TOURGUIDESERVICE
getUserRewards ---> TOURGUIDESERVICE
getUserRewards ---> TOURGUIDESERVICE
getUserRewards ---> TOURGUIDESERVICE
getUserRewards ---> TOURGUIDESERVICE
getUserRewards ---> TOURGUIDESERVICE
getUserRewards ---> TOURGUIDESERVICE
getUserRewards ---> TOURGUIDESERVICE
getUserRewards ---> TOURGUIDESERVICE
getUserRewards ---> TOURGUIDESERVICE
getUserRewards ---> TOURGUIDESERVICE
getUserRewards ---> TOURGUIDESERVICE
getUserRewards ---> TOURGUIDESERVICE
getUserRewards ---> TOURGUIDESERVICE
getUserRewards ---> TOURGUIDESERVICE
getUserRewards ---> TOURGUIDESERVICE
getUserRewards ---> TOURGUIDESERVICE
getUserRewards ---> TOURGUIDESERVICE
getUserRewards ---> TOURGUIDESERVICE
getUserRewards ---> TOURGUIDESERVICE
getUserRewards ---> TOURGUIDESERVICE
getUserRewards ---> TOURGUIDESERVICE
getUserRewards ---> TOURGUIDESERVICE
getUserRewards ---> TOURGUIDESERVICE
getUserRewards ---> TOURGUIDESERVICE
getUserRewards ---> TOURGUIDESERVICE
getUserRewards ---> TOURGUIDESERVICE
getUserRewards ---> TOURGUIDESERVICE
getUserRewards ---> TOURGUIDESERVICE
getUserRewards ---> TOURGUIDESERVICE
getUserRewards ---> TOURGUIDESERVICE
getUserRewards ---> TOURGUIDESERVICE
getUserRewards ---> TOURGUIDESERVICE
getUserRewards ---> TOURGUIDESERVICE
getUserRewards ---> TOURGUIDESERVICE
getUserRewards ---> TOURGUIDESERVICE
getUserRewards ---> TOURGUIDESERVICE
getUserRewards ---> TOURGUIDESERVICE
getUserRewards ---> TOURGUIDESERVICE
getUserRewards ---> TOURGUIDESERVICE
getUserRewards ---> TOURGUIDESERVICE
getUserRewards ---> TOURGUIDESERVICE
getUserRewards ---> TOURGUIDESERVICE
getUserRewards ---> TOURGUIDESERVICE
getUserRewards ---> TOURGUIDESERVICE
getUserRewards ---> TOURGUIDESERVICE
getUserRewards ---> TOURGUIDESERVICE
getUserRewards ---> TOURGUIDESERVICE
getUserRewards ---> TOURGUIDESERVICE
getUserRewards ---> TOURGUIDESERVICE
getUserRewards ---> TOURGUIDESERVICE
getUserRewards ---> TOURGUIDESERVICE
getUserRewards ---> TOURGUIDESERVICE
getUserRewards ---> TOURGUIDESERVICE
getUserRewards ---> TOURGUIDESERVICE
getUserRewards ---> TOURGUIDESERVICE
getUserRewards ---> TOURGUIDESERVICE
getUserRewards ---> TOURGUIDESERVICE
getUserRewards ---> TOURGUIDESERVICE
getUserRewards ---> TOURGUIDESERVICE
getUserRewards ---> TOURGUIDESERVICE
getUserRewards ---> TOURGUIDESERVICE
getUserRewards ---> TOURGUIDESERVICE
getUserRewards ---> TOURGUIDESERVICE
getUserRewards ---> TOURGUIDESERVICE
getUserRewards ---> TOURGUIDESERVICE
getUserRewards ---> TOURGUIDESERVICE
getUserRewards ---> TOURGUIDESERVICE
getUserRewards ---> TOURGUIDESERVICE
getUserRewards ---> TOURGUIDESERVICE
getUserRewards ---> TOURGUIDESERVICE
getUserRewards ---> TOURGUIDESERVICE
getUserRewards ---> TOURGUIDESERVICE
getUserRewards ---> TOURGUIDESERVICE
getUserRewards ---> TOURGUIDESERVICE
getUserRewards ---> TOURGUIDESERVICE
getUserRewards ---> TOURGUIDESERVICE
getUserRewards ---> TOURGUIDESERVICE
getUserRewards ---> TOURGUIDESERVICE
getUserRewards ---> TOURGUIDESERVICE
getUserRewards ---> TOURGUIDESERVICE
getUserRewards ---> TOURGUIDESERVICE
getUserRewards ---> TOURGUIDESERVICE
getUserRewards ---> TOURGUIDESERVICE
getUserRewards ---> TOURGUIDESERVICE
getUserRewards ---> TOURGUIDESERVICE
getUserRewards ---> TOURGUIDESERVICE
getUserRewards ---> TOURGUIDESERVICE
getUserRewards ---> TOURGUIDESERVICE
getUserRewards ---> TOURGUIDESERVICE
getUserRewards ---> TOURGUIDESERVICE
getUserRewards ---> TOURGUIDESERVICE
getUserRewards ---> TOURGUIDESERVICE
getUserRewards ---> TOURGUIDESERVICE
getUserRewards ---> TOURGUIDESERVICE
getUserRewards ---> TOURGUIDESERVICE
getUserRewards ---> TOURGUIDESERVICE
getUserRewards ---> TOURGUIDESERVICE
getUserRewards ---> TOURGUIDESERVICE
getUserRewards ---> TOURGUIDESERVICE
getUserRewards ---> TOURGUIDESERVICE
getUserRewards ---> TOURGUIDESERVICE
getUserRewards ---> TOURGUIDESERVICE
getUserRewards ---> TOURGUIDESERVICE
getUserRewards ---> TOURGUIDESERVICE
getUserRewards ---> TOURGUIDESERVICE
getUserRewards ---> TOURGUIDESERVICE
getUserRewards ---> TOURGUIDESERVICE
getUserRewards ---> TOURGUIDESERVICE
getUserRewards ---> TOURGUIDESERVICE
getUserRewards ---> TOURGUIDESERVICE
getUserRewards ---> TOURGUIDESERVICE
getUserRewards ---> TOURGUIDESERVICE
getUserRewards ---> TOURGUIDESERVICE
getUserRewards ---> TOURGUIDESERVICE
getUserRewards ---> TOURGUIDESERVICE
getUserRewards ---> TOURGUIDESERVICE
getUserRewards ---> TOURGUIDESERVICE
getUserRewards ---> TOURGUIDESERVICE
getUserRewards ---> TOURGUIDESERVICE
getUserRewards ---> TOURGUIDESERVICE
getUserRewards ---> TOURGUIDESERVICE
getUserRewards ---> TOURGUIDESERVICE
getUserRewards ---> TOURGUIDESERVICE
getUserRewards ---> TOURGUIDESERVICE
getUserRewards ---> TOURGUIDESERVICE
getUserRewards ---> TOURGUIDESERVICE
getUserRewards ---> TOURGUIDESERVICE
getUserRewards ---> TOURGUIDESERVICE
getUserRewards ---> TOURGUIDESERVICE
getUserRewards ---> TOURGUIDESERVICE
getUserRewards ---> TOURGUIDESERVICE
getUserRewards ---> TOURGUIDESERVICE
getUserRewards ---> TOURGUIDESERVICE
getUserRewards ---> TOURGUIDESERVICE
getUserRewards ---> TOURGUIDESERVICE
getUserRewards ---> TOURGUIDESERVICE
getUserRewards ---> TOURGUIDESERVICE
getUserRewards ---> TOURGUIDESERVICE
getUserRewards ---> TOURGUIDESERVICE
getUserRewards ---> TOURGUIDESERVICE
getUserRewards ---> TOURGUIDESERVICE
getUserRewards ---> TOURGUIDESERVICE
getUserRewards ---> TOURGUIDESERVICE
getUserRewards ---> TOURGUIDESERVICE
getUserRewards ---> TOURGUIDESERVICE
getUserRewards ---> TOURGUIDESERVICE
getUserRewards ---> TOURGUIDESERVICE
getUserRewards ---> TOURGUIDESERVICE
getUserRewards ---> TOURGUIDESERVICE
getUserRewards ---> TOURGUIDESERVICE
getUserRewards ---> TOURGUIDESERVICE
getUserRewards ---> TOURGUIDESERVICE
getUserRewards ---> TOURGUIDESERVICE
getUserRewards ---> TOURGUIDESERVICE
getUserRewards ---> TOURGUIDESERVICE
getUserRewards ---> TOURGUIDESERVICE
getUserRewards ---> TOURGUIDESERVICE
getUserRewards ---> TOURGUIDESERVICE
getUserRewards ---> TOURGUIDESERVICE
getUserRewards ---> TOURGUIDESERVICE
getUserRewards ---> TOURGUIDESERVICE
getUserRewards ---> TOURGUIDESERVICE
getUserRewards ---> TOURGUIDESERVICE
getUserRewards ---> TOURGUIDESERVICE
getUserRewards ---> TOURGUIDESERVICE
getUserRewards ---> TOURGUIDESERVICE
getUserRewards ---> TOURGUIDESERVICE
getUserRewards ---> TOURGUIDESERVICE
getUserRewards ---> TOURGUIDESERVICE
getUserRewards ---> TOURGUIDESERVICE
getUserRewards ---> TOURGUIDESERVICE
getUserRewards ---> TOURGUIDESERVICE
getUserRewards ---> TOURGUIDESERVICE
getUserRewards ---> TOURGUIDESERVICE
getUserRewards ---> TOURGUIDESERVICE
getUserRewards ---> TOURGUIDESERVICE
getUserRewards ---> TOURGUIDESERVICE
getUserRewards ---> TOURGUIDESERVICE
getUserRewards ---> TOURGUIDESERVICE
getUserRewards ---> TOURGUIDESERVICE
getUserRewards ---> TOURGUIDESERVICE
getUserRewards ---> TOURGUIDESERVICE
getUserRewards ---> TOURGUIDESERVICE
getUserRewards ---> TOURGUIDESERVICE
getUserRewards ---> TOURGUIDESERVICE
getUserRewards ---> TOURGUIDESERVICE
getUserRewards ---> TOURGUIDESERVICE
getUserRewards ---> TOURGUIDESERVICE
getUserRewards ---> TOURGUIDESERVICE
getUserRewards ---> TOURGUIDESERVICE
getUserRewards ---> TOURGUIDESERVICE
getUserRewards ---> TOURGUIDESERVICE
getUserRewards ---> TOURGUIDESERVICE
getUserRewards ---> TOURGUIDESERVICE
getUserRewards ---> TOURGUIDESERVICE
getUserRewards ---> TOURGUIDESERVICE
getUserRewards ---> TOURGUIDESERVICE
getUserRewards ---> TOURGUIDESERVICE
getUserRewards ---> TOURGUIDESERVICE
getUserRewards ---> TOURGUIDESERVICE
getUserRewards ---> TOURGUIDESERVICE
getUserRewards ---> TOURGUIDESERVICE
getUserRewards ---> TOURGUIDESERVICE
getUserRewards ---> TOURGUIDESERVICE
getUserRewards ---> TOURGUIDESERVICE
getUserRewards ---> TOURGUIDESERVICE
getUserRewards ---> TOURGUIDESERVICE
getUserRewards ---> TOURGUIDESERVICE
getUserRewards ---> TOURGUIDESERVICE
getUserRewards ---> TOURGUIDESERVICE
getUserRewards ---> TOURGUIDESERVICE
getUserRewards ---> TOURGUIDESERVICE
getUserRewards ---> TOURGUIDESERVICE
getUserRewards ---> TOURGUIDESERVICE
getUserRewards ---> TOURGUIDESERVICE
getUserRewards ---> TOURGUIDESERVICE
getUserRewards ---> TOURGUIDESERVICE
getUserRewards ---> TOURGUIDESERVICE
getUserRewards ---> TOURGUIDESERVICE
getUserRewards ---> TOURGUIDESERVICE
getUserRewards ---> TOURGUIDESERVICE
getUserRewards ---> TOURGUIDESERVICE
getUserRewards ---> TOURGUIDESERVICE
getUserRewards ---> TOURGUIDESERVICE
getUserRewards ---> TOURGUIDESERVICE
getUserRewards ---> TOURGUIDESERVICE
getUserRewards ---> TOURGUIDESERVICE
getUserRewards ---> TOURGUIDESERVICE
getUserRewards ---> TOURGUIDESERVICE
getUserRewards ---> TOURGUIDESERVICE
getUserRewards ---> TOURGUIDESERVICE
getUserRewards ---> TOURGUIDESERVICE
getUserRewards ---> TOURGUIDESERVICE
getUserRewards ---> TOURGUIDESERVICE
getUserRewards ---> TOURGUIDESERVICE
getUserRewards ---> TOURGUIDESERVICE
getUserRewards ---> TOURGUIDESERVICE
getUserRewards ---> TOURGUIDESERVICE
getUserRewards ---> TOURGUIDESERVICE
getUserRewards ---> TOURGUIDESERVICE
getUserRewards ---> TOURGUIDESERVICE
getUserRewards ---> TOURGUIDESERVICE
getUserRewards ---> TOURGUIDESERVICE
getUserRewards ---> TOURGUIDESERVICE
getUserRewards ---> TOURGUIDESERVICE
getUserRewards ---> TOURGUIDESERVICE
getUserRewards ---> TOURGUIDESERVICE
getUserRewards ---> TOURGUIDESERVICE
getUserRewards ---> TOURGUIDESERVICE
getUserRewards ---> TOURGUIDESERVICE
getUserRewards ---> TOURGUIDESERVICE
getUserRewards ---> TOURGUIDESERVICE
getUserRewards ---> TOURGUIDESERVICE
getUserRewards ---> TOURGUIDESERVICE
getUserRewards ---> TOURGUIDESERVICE
getUserRewards ---> TOURGUIDESERVICE
getUserRewards ---> TOURGUIDESERVICE
getUserRewards ---> TOURGUIDESERVICE
getUserRewards ---> TOURGUIDESERVICE
getUserRewards ---> TOURGUIDESERVICE
getUserRewards ---> TOURGUIDESERVICE
getUserRewards ---> TOURGUIDESERVICE
getUserRewards ---> TOURGUIDESERVICE
getUserRewards ---> TOURGUIDESERVICE
getUserRewards ---> TOURGUIDESERVICE
getUserRewards ---> TOURGUIDESERVICE
getUserRewards ---> TOURGUIDESERVICE
getUserRewards ---> TOURGUIDESERVICE
getUserRewards ---> TOURGUIDESERVICE
getUserRewards ---> TOURGUIDESERVICE
getUserRewards ---> TOURGUIDESERVICE
getUserRewards ---> TOURGUIDESERVICE
getUserRewards ---> TOURGUIDESERVICE
getUserRewards ---> TOURGUIDESERVICE
getUserRewards ---> TOURGUIDESERVICE
getUserRewards ---> TOURGUIDESERVICE
getUserRewards ---> TOURGUIDESERVICE
getUserRewards ---> TOURGUIDESERVICE
getUserRewards ---> TOURGUIDESERVICE
getUserRewards ---> TOURGUIDESERVICE
getUserRewards ---> TOURGUIDESERVICE
getUserRewards ---> TOURGUIDESERVICE
getUserRewards ---> TOURGUIDESERVICE
getUserRewards ---> TOURGUIDESERVICE
getUserRewards ---> TOURGUIDESERVICE
getUserRewards ---> TOURGUIDESERVICE
getUserRewards ---> TOURGUIDESERVICE
getUserRewards ---> TOURGUIDESERVICE
getUserRewards ---> TOURGUIDESERVICE
getUserRewards ---> TOURGUIDESERVICE
getUserRewards ---> TOURGUIDESERVICE
getUserRewards ---> TOURGUIDESERVICE
getUserRewards ---> TOURGUIDESERVICE
getUserRewards ---> TOURGUIDESERVICE
getUserRewards ---> TOURGUIDESERVICE
getUserRewards ---> TOURGUIDESERVICE
getUserRewards ---> TOURGUIDESERVICE
getUserRewards ---> TOURGUIDESERVICE
getUserRewards ---> TOURGUIDESERVICE
getUserRewards ---> TOURGUIDESERVICE
getUserRewards ---> TOURGUIDESERVICE
getUserRewards ---> TOURGUIDESERVICE
getUserRewards ---> TOURGUIDESERVICE
getUserRewards ---> TOURGUIDESERVICE
getUserRewards ---> TOURGUIDESERVICE
getUserRewards ---> TOURGUIDESERVICE
getUserRewards ---> TOURGUIDESERVICE
getUserRewards ---> TOURGUIDESERVICE
getUserRewards ---> TOURGUIDESERVICE
getUserRewards ---> TOURGUIDESERVICE
getUserRewards ---> TOURGUIDESERVICE
getUserRewards ---> TOURGUIDESERVICE
getUserRewards ---> TOURGUIDESERVICE
getUserRewards ---> TOURGUIDESERVICE
getUserRewards ---> TOURGUIDESERVICE
getUserRewards ---> TOURGUIDESERVICE
getUserRewards ---> TOURGUIDESERVICE
getUserRewards ---> TOURGUIDESERVICE
getUserRewards ---> TOURGUIDESERVICE
getUserRewards ---> TOURGUIDESERVICE
getUserRewards ---> TOURGUIDESERVICE
getUserRewards ---> TOURGUIDESERVICE
getUserRewards ---> TOURGUIDESERVICE
getUserRewards ---> TOURGUIDESERVICE
getUserRewards ---> TOURGUIDESERVICE
getUserRewards ---> TOURGUIDESERVICE
getUserRewards ---> TOURGUIDESERVICE
getUserRewards ---> TOURGUIDESERVICE
getUserRewards ---> TOURGUIDESERVICE
getUserRewards ---> TOURGUIDESERVICE
getUserRewards ---> TOURGUIDESERVICE
getUserRewards ---> TOURGUIDESERVICE
getUserRewards ---> TOURGUIDESERVICE
getUserRewards ---> TOURGUIDESERVICE
getUserRewards ---> TOURGUIDESERVICE
getUserRewards ---> TOURGUIDESERVICE
getUserRewards ---> TOURGUIDESERVICE
getUserRewards ---> TOURGUIDESERVICE
getUserRewards ---> TOURGUIDESERVICE
getUserRewards ---> TOURGUIDESERVICE
getUserRewards ---> TOURGUIDESERVICE
getUserRewards ---> TOURGUIDESERVICE
getUserRewards ---> TOURGUIDESERVICE
getUserRewards ---> TOURGUIDESERVICE
getUserRewards ---> TOURGUIDESERVICE
getUserRewards ---> TOURGUIDESERVICE
getUserRewards ---> TOURGUIDESERVICE
getUserRewards ---> TOURGUIDESERVICE
getUserRewards ---> TOURGUIDESERVICE
getUserRewards ---> TOURGUIDESERVICE
getUserRewards ---> TOURGUIDESERVICE
getUserRewards ---> TOURGUIDESERVICE
getUserRewards ---> TOURGUIDESERVICE
getUserRewards ---> TOURGUIDESERVICE
getUserRewards ---> TOURGUIDESERVICE
getUserRewards ---> TOURGUIDESERVICE
getUserRewards ---> TOURGUIDESERVICE
getUserRewards ---> TOURGUIDESERVICE
getUserRewards ---> TOURGUIDESERVICE
getUserRewards ---> TOURGUIDESERVICE
getUserRewards ---> TOURGUIDESERVICE
getUserRewards ---> TOURGUIDESERVICE
getUserRewards ---> TOURGUIDESERVICE
getUserRewards ---> TOURGUIDESERVICE
getUserRewards ---> TOURGUIDESERVICE
getUserRewards ---> TOURGUIDESERVICE
getUserRewards ---> TOURGUIDESERVICE
getUserRewards ---> TOURGUIDESERVICE
getUserRewards ---> TOURGUIDESERVICE
getUserRewards ---> TOURGUIDESERVICE
getUserRewards ---> TOURGUIDESERVICE
getUserRewards ---> TOURGUIDESERVICE
getUserRewards ---> TOURGUIDESERVICE
getUserRewards ---> TOURGUIDESERVICE
getUserRewards ---> TOURGUIDESERVICE
getUserRewards ---> TOURGUIDESERVICE
getUserRewards ---> TOURGUIDESERVICE
getUserRewards ---> TOURGUIDESERVICE
getUserRewards ---> TOURGUIDESERVICE
getUserRewards ---> TOURGUIDESERVICE
getUserRewards ---> TOURGUIDESERVICE
getUserRewards ---> TOURGUIDESERVICE
getUserRewards ---> TOURGUIDESERVICE
getUserRewards ---> TOURGUIDESERVICE
getUserRewards ---> TOURGUIDESERVICE
getUserRewards ---> TOURGUIDESERVICE
getUserRewards ---> TOURGUIDESERVICE
getUserRewards ---> TOURGUIDESERVICE
getUserRewards ---> TOURGUIDESERVICE
getUserRewards ---> TOURGUIDESERVICE
getUserRewards ---> TOURGUIDESERVICE
getUserRewards ---> TOURGUIDESERVICE
getUserRewards ---> TOURGUIDESERVICE
getUserRewards ---> TOURGUIDESERVICE
getUserRewards ---> TOURGUIDESERVICE
getUserRewards ---> TOURGUIDESERVICE
getUserRewards ---> TOURGUIDESERVICE
getUserRewards ---> TOURGUIDESERVICE
getUserRewards ---> TOURGUIDESERVICE
getUserRewards ---> TOURGUIDESERVICE
getUserRewards ---> TOURGUIDESERVICE
getUserRewards ---> TOURGUIDESERVICE
getUserRewards ---> TOURGUIDESERVICE
getUserRewards ---> TOURGUIDESERVICE
getUserRewards ---> TOURGUIDESERVICE
getUserRewards ---> TOURGUIDESERVICE
getUserRewards ---> TOURGUIDESERVICE
getUserRewards ---> TOURGUIDESERVICE
getUserRewards ---> TOURGUIDESERVICE
getUserRewards ---> TOURGUIDESERVICE
getUserRewards ---> TOURGUIDESERVICE
getUserRewards ---> TOURGUIDESERVICE
getUserRewards ---> TOURGUIDESERVICE
getUserRewards ---> TOURGUIDESERVICE
getUserRewards ---> TOURGUIDESERVICE
getUserRewards ---> TOURGUIDESERVICE
getUserRewards ---> TOURGUIDESERVICE
getUserRewards ---> TOURGUIDESERVICE
getUserRewards ---> TOURGUIDESERVICE
getUserRewards ---> TOURGUIDESERVICE
getUserRewards ---> TOURGUIDESERVICE
getUserRewards ---> TOURGUIDESERVICE
getUserRewards ---> TOURGUIDESERVICE
getUserRewards ---> TOURGUIDESERVICE
getUserRewards ---> TOURGUIDESERVICE
getUserRewards ---> TOURGUIDESERVICE
getUserRewards ---> TOURGUIDESERVICE
getUserRewards ---> TOURGUIDESERVICE
getUserRewards ---> TOURGUIDESERVICE
getUserRewards ---> TOURGUIDESERVICE
getUserRewards ---> TOURGUIDESERVICE
getUserRewards ---> TOURGUIDESERVICE
getUserRewards ---> TOURGUIDESERVICE
getUserRewards ---> TOURGUIDESERVICE
getUserRewards ---> TOURGUIDESERVICE
getUserRewards ---> TOURGUIDESERVICE
getUserRewards ---> TOURGUIDESERVICE
getUserRewards ---> TOURGUIDESERVICE
getUserRewards ---> TOURGUIDESERVICE
getUserRewards ---> TOURGUIDESERVICE
getUserRewards ---> TOURGUIDESERVICE
getUserRewards ---> TOURGUIDESERVICE
getUserRewards ---> TOURGUIDESERVICE
getUserRewards ---> TOURGUIDESERVICE
getUserRewards ---> TOURGUIDESERVICE
getUserRewards ---> TOURGUIDESERVICE
getUserRewards ---> TOURGUIDESERVICE
getUserRewards ---> TOURGUIDESERVICE
getUserRewards ---> TOURGUIDESERVICE
getUserRewards ---> TOURGUIDESERVICE
getUserRewards ---> TOURGUIDESERVICE
getUserRewards ---> TOURGUIDESERVICE
getUserRewards ---> TOURGUIDESERVICE
getUserRewards ---> TOURGUIDESERVICE
getUserRewards ---> TOURGUIDESERVICE
getUserRewards ---> TOURGUIDESERVICE
getUserRewards ---> TOURGUIDESERVICE
getUserRewards ---> TOURGUIDESERVICE
getUserRewards ---> TOURGUIDESERVICE
getUserRewards ---> TOURGUIDESERVICE
getUserRewards ---> TOURGUIDESERVICE
getUserRewards ---> TOURGUIDESERVICE
getUserRewards ---> TOURGUIDESERVICE
getUserRewards ---> TOURGUIDESERVICE
getUserRewards ---> TOURGUIDESERVICE
getUserRewards ---> TOURGUIDESERVICE
getUserRewards ---> TOURGUIDESERVICE
getUserRewards ---> TOURGUIDESERVICE
getUserRewards ---> TOURGUIDESERVICE
getUserRewards ---> TOURGUIDESERVICE
getUserRewards ---> TOURGUIDESERVICE
getUserRewards ---> TOURGUIDESERVICE
getUserRewards ---> TOURGUIDESERVICE
getUserRewards ---> TOURGUIDESERVICE
getUserRewards ---> TOURGUIDESERVICE
getUserRewards ---> TOURGUIDESERVICE
getUserRewards ---> TOURGUIDESERVICE
getUserRewards ---> TOURGUIDESERVICE
getUserRewards ---> TOURGUIDESERVICE
getUserRewards ---> TOURGUIDESERVICE
getUserRewards ---> TOURGUIDESERVICE
getUserRewards ---> TOURGUIDESERVICE
getUserRewards ---> TOURGUIDESERVICE
getUserRewards ---> TOURGUIDESERVICE
getUserRewards ---> TOURGUIDESERVICE
getUserRewards ---> TOURGUIDESERVICE
getUserRewards ---> TOURGUIDESERVICE
getUserRewards ---> TOURGUIDESERVICE
getUserRewards ---> TOURGUIDESERVICE
getUserRewards ---> TOURGUIDESERVICE
getUserRewards ---> TOURGUIDESERVICE
getUserRewards ---> TOURGUIDESERVICE
getUserRewards ---> TOURGUIDESERVICE
getUserRewards ---> TOURGUIDESERVICE
getUserRewards ---> TOURGUIDESERVICE
getUserRewards ---> TOURGUIDESERVICE
getUserRewards ---> TOURGUIDESERVICE
getUserRewards ---> TOURGUIDESERVICE
getUserRewards ---> TOURGUIDESERVICE
getUserRewards ---> TOURGUIDESERVICE
getUserRewards ---> TOURGUIDESERVICE
getUserRewards ---> TOURGUIDESERVICE
getUserRewards ---> TOURGUIDESERVICE
getUserRewards ---> TOURGUIDESERVICE
getUserRewards ---> TOURGUIDESERVICE
getUserRewards ---> TOURGUIDESERVICE
getUserRewards ---> TOURGUIDESERVICE
getUserRewards ---> TOURGUIDESERVICE
getUserRewards ---> TOURGUIDESERVICE
getUserRewards ---> TOURGUIDESERVICE
getUserRewards ---> TOURGUIDESERVICE
getUserRewards ---> TOURGUIDESERVICE
getUserRewards ---> TOURGUIDESERVICE
getUserRewards ---> TOURGUIDESERVICE
getUserRewards ---> TOURGUIDESERVICE
getUserRewards ---> TOURGUIDESERVICE
getUserRewards ---> TOURGUIDESERVICE
getUserRewards ---> TOURGUIDESERVICE
getUserRewards ---> TOURGUIDESERVICE
getUserRewards ---> TOURGUIDESERVICE
getUserRewards ---> TOURGUIDESERVICE
getUserRewards ---> TOURGUIDESERVICE
getUserRewards ---> TOURGUIDESERVICE
getUserRewards ---> TOURGUIDESERVICE
getUserRewards ---> TOURGUIDESERVICE
getUserRewards ---> TOURGUIDESERVICE
getUserRewards ---> TOURGUIDESERVICE
getUserRewards ---> TOURGUIDESERVICE
getUserRewards ---> TOURGUIDESERVICE
getUserRewards ---> TOURGUIDESERVICE
getUserRewards ---> TOURGUIDESERVICE
getUserRewards ---> TOURGUIDESERVICE
getUserRewards ---> TOURGUIDESERVICE
getUserRewards ---> TOURGUIDESERVICE
getUserRewards ---> TOURGUIDESERVICE
getUserRewards ---> TOURGUIDESERVICE
getUserRewards ---> TOURGUIDESERVICE
getUserRewards ---> TOURGUIDESERVICE
getUserRewards ---> TOURGUIDESERVICE
getUserRewards ---> TOURGUIDESERVICE
getUserRewards ---> TOURGUIDESERVICE
getUserRewards ---> TOURGUIDESERVICE
getUserRewards ---> TOURGUIDESERVICE
getUserRewards ---> TOURGUIDESERVICE
getUserRewards ---> TOURGUIDESERVICE
getUserRewards ---> TOURGUIDESERVICE
getUserRewards ---> TOURGUIDESERVICE
getUserRewards ---> TOURGUIDESERVICE
getUserRewards ---> TOURGUIDESERVICE
getUserRewards ---> TOURGUIDESERVICE
getUserRewards ---> TOURGUIDESERVICE
getUserRewards ---> TOURGUIDESERVICE
getUserRewards ---> TOURGUIDESERVICE
getUserRewards ---> TOURGUIDESERVICE
getUserRewards ---> TOURGUIDESERVICE
getUserRewards ---> TOURGUIDESERVICE
getUserRewards ---> TOURGUIDESERVICE
getUserRewards ---> TOURGUIDESERVICE
getUserRewards ---> TOURGUIDESERVICE
getUserRewards ---> TOURGUIDESERVICE
getUserRewards ---> TOURGUIDESERVICE
getUserRewards ---> TOURGUIDESERVICE
getUserRewards ---> TOURGUIDESERVICE
getUserRewards ---> TOURGUIDESERVICE
getUserRewards ---> TOURGUIDESERVICE
getUserRewards ---> TOURGUIDESERVICE
getUserRewards ---> TOURGUIDESERVICE
getUserRewards ---> TOURGUIDESERVICE
getUserRewards ---> TOURGUIDESERVICE
getUserRewards ---> TOURGUIDESERVICE
getUserRewards ---> TOURGUIDESERVICE
getUserRewards ---> TOURGUIDESERVICE
getUserRewards ---> TOURGUIDESERVICE
getUserRewards ---> TOURGUIDESERVICE
getUserRewards ---> TOURGUIDESERVICE
getUserRewards ---> TOURGUIDESERVICE
getUserRewards ---> TOURGUIDESERVICE
getUserRewards ---> TOURGUIDESERVICE
getUserRewards ---> TOURGUIDESERVICE
getUserRewards ---> TOURGUIDESERVICE
getUserRewards ---> TOURGUIDESERVICE
getUserRewards ---> TOURGUIDESERVICE
getUserRewards ---> TOURGUIDESERVICE
getUserRewards ---> TOURGUIDESERVICE
getUserRewards ---> TOURGUIDESERVICE
getUserRewards ---> TOURGUIDESERVICE
getUserRewards ---> TOURGUIDESERVICE
getUserRewards ---> TOURGUIDESERVICE
getUserRewards ---> TOURGUIDESERVICE
getUserRewards ---> TOURGUIDESERVICE
getUserRewards ---> TOURGUIDESERVICE
getUserRewards ---> TOURGUIDESERVICE
getUserRewards ---> TOURGUIDESERVICE
getUserRewards ---> TOURGUIDESERVICE
getUserRewards ---> TOURGUIDESERVICE
getUserRewards ---> TOURGUIDESERVICE
getUserRewards ---> TOURGUIDESERVICE
getUserRewards ---> TOURGUIDESERVICE
getUserRewards ---> TOURGUIDESERVICE
getUserRewards ---> TOURGUIDESERVICE
getUserRewards ---> TOURGUIDESERVICE
getUserRewards ---> TOURGUIDESERVICE
getUserRewards ---> TOURGUIDESERVICE
getUserRewards ---> TOURGUIDESERVICE
getUserRewards ---> TOURGUIDESERVICE
getUserRewards ---> TOURGUIDESERVICE
getUserRewards ---> TOURGUIDESERVICE
getUserRewards ---> TOURGUIDESERVICE
getUserRewards ---> TOURGUIDESERVICE
getUserRewards ---> TOURGUIDESERVICE
getUserRewards ---> TOURGUIDESERVICE
getUserRewards ---> TOURGUIDESERVICE
getUserRewards ---> TOURGUIDESERVICE
getUserRewards ---> TOURGUIDESERVICE
getUserRewards ---> TOURGUIDESERVICE
getUserRewards ---> TOURGUIDESERVICE
getUserRewards ---> TOURGUIDESERVICE
getUserRewards ---> TOURGUIDESERVICE
getUserRewards ---> TOURGUIDESERVICE
getUserRewards ---> TOURGUIDESERVICE
getUserRewards ---> TOURGUIDESERVICE
getUserRewards ---> TOURGUIDESERVICE
getUserRewards ---> TOURGUIDESERVICE
getUserRewards ---> TOURGUIDESERVICE
getUserRewards ---> TOURGUIDESERVICE
getUserRewards ---> TOURGUIDESERVICE
getUserRewards ---> TOURGUIDESERVICE
getUserRewards ---> TOURGUIDESERVICE
getUserRewards ---> TOURGUIDESERVICE
getUserRewards ---> TOURGUIDESERVICE
getUserRewards ---> TOURGUIDESERVICE
getUserRewards ---> TOURGUIDESERVICE
getUserRewards ---> TOURGUIDESERVICE
getUserRewards ---> TOURGUIDESERVICE
getUserRewards ---> TOURGUIDESERVICE
getUserRewards ---> TOURGUIDESERVICE
getUserRewards ---> TOURGUIDESERVICE
getUserRewards ---> TOURGUIDESERVICE
getUserRewards ---> TOURGUIDESERVICE
getUserRewards ---> TOURGUIDESERVICE
getUserRewards ---> TOURGUIDESERVICE
getUserRewards ---> TOURGUIDESERVICE
getUserRewards ---> TOURGUIDESERVICE
getUserRewards ---> TOURGUIDESERVICE
getUserRewards ---> TOURGUIDESERVICE
getUserRewards ---> TOURGUIDESERVICE
getUserRewards ---> TOURGUIDESERVICE
getUserRewards ---> TOURGUIDESERVICE
getUserRewards ---> TOURGUIDESERVICE
getUserRewards ---> TOURGUIDESERVICE
getUserRewards ---> TOURGUIDESERVICE
getUserRewards ---> TOURGUIDESERVICE
getUserRewards ---> TOURGUIDESERVICE
getUserRewards ---> TOURGUIDESERVICE
getUserRewards ---> TOURGUIDESERVICE
getUserRewards ---> TOURGUIDESERVICE
getUserRewards ---> TOURGUIDESERVICE
getUserRewards ---> TOURGUIDESERVICE
getUserRewards ---> TOURGUIDESERVICE
getUserRewards ---> TOURGUIDESERVICE
getUserRewards ---> TOURGUIDESERVICE
getUserRewards ---> TOURGUIDESERVICE
getUserRewards ---> TOURGUIDESERVICE
getUserRewards ---> TOURGUIDESERVICE
getUserRewards ---> TOURGUIDESERVICE
getUserRewards ---> TOURGUIDESERVICE
getUserRewards ---> TOURGUIDESERVICE
getUserRewards ---> TOURGUIDESERVICE
getUserRewards ---> TOURGUIDESERVICE
getUserRewards ---> TOURGUIDESERVICE
getUserRewards ---> TOURGUIDESERVICE
getUserRewards ---> TOURGUIDESERVICE
getUserRewards ---> TOURGUIDESERVICE
getUserRewards ---> TOURGUIDESERVICE
getUserRewards ---> TOURGUIDESERVICE
getUserRewards ---> TOURGUIDESERVICE
getUserRewards ---> TOURGUIDESERVICE
getUserRewards ---> TOURGUIDESERVICE
getUserRewards ---> TOURGUIDESERVICE
getUserRewards ---> TOURGUIDESERVICE
getUserRewards ---> TOURGUIDESERVICE
getUserRewards ---> TOURGUIDESERVICE
getUserRewards ---> TOURGUIDESERVICE
getUserRewards ---> TOURGUIDESERVICE
getUserRewards ---> TOURGUIDESERVICE
getUserRewards ---> TOURGUIDESERVICE
getUserRewards ---> TOURGUIDESERVICE
getUserRewards ---> TOURGUIDESERVICE
getUserRewards ---> TOURGUIDESERVICE
getUserRewards ---> TOURGUIDESERVICE
getUserRewards ---> TOURGUIDESERVICE
getUserRewards ---> TOURGUIDESERVICE
getUserRewards ---> TOURGUIDESERVICE
getUserRewards ---> TOURGUIDESERVICE
getUserRewards ---> TOURGUIDESERVICE
getUserRewards ---> TOURGUIDESERVICE
getUserRewards ---> TOURGUIDESERVICE
getUserRewards ---> TOURGUIDESERVICE
getUserRewards ---> TOURGUIDESERVICE
getUserRewards ---> TOURGUIDESERVICE
getUserRewards ---> TOURGUIDESERVICE
getUserRewards ---> TOURGUIDESERVICE
getUserRewards ---> TOURGUIDESERVICE
getUserRewards ---> TOURGUIDESERVICE
getUserRewards ---> TOURGUIDESERVICE
getUserRewards ---> TOURGUIDESERVICE
getUserRewards ---> TOURGUIDESERVICE
getUserRewards ---> TOURGUIDESERVICE
getUserRewards ---> TOURGUIDESERVICE
getUserRewards ---> TOURGUIDESERVICE
getUserRewards ---> TOURGUIDESERVICE
getUserRewards ---> TOURGUIDESERVICE
getUserRewards ---> TOURGUIDESERVICE
getUserRewards ---> TOURGUIDESERVICE
getUserRewards ---> TOURGUIDESERVICE
getUserRewards ---> TOURGUIDESERVICE
getUserRewards ---> TOURGUIDESERVICE
getUserRewards ---> TOURGUIDESERVICE
getUserRewards ---> TOURGUIDESERVICE
getUserRewards ---> TOURGUIDESERVICE
getUserRewards ---> TOURGUIDESERVICE
getUserRewards ---> TOURGUIDESERVICE
getUserRewards ---> TOURGUIDESERVICE
getUserRewards ---> TOURGUIDESERVICE
getUserRewards ---> TOURGUIDESERVICE
getUserRewards ---> TOURGUIDESERVICE
getUserRewards ---> TOURGUIDESERVICE
getUserRewards ---> TOURGUIDESERVICE
getUserRewards ---> TOURGUIDESERVICE
getUserRewards ---> TOURGUIDESERVICE
getUserRewards ---> TOURGUIDESERVICE
getUserRewards ---> TOURGUIDESERVICE
getUserRewards ---> TOURGUIDESERVICE
getUserRewards ---> TOURGUIDESERVICE
getUserRewards ---> TOURGUIDESERVICE
getUserRewards ---> TOURGUIDESERVICE
getUserRewards ---> TOURGUIDESERVICE
getUserRewards ---> TOURGUIDESERVICE
getUserRewards ---> TOURGUIDESERVICE
getUserRewards ---> TOURGUIDESERVICE
getUserRewards ---> TOURGUIDESERVICE
getUserRewards ---> TOURGUIDESERVICE
getUserRewards ---> TOURGUIDESERVICE
getUserRewards ---> TOURGUIDESERVICE
getUserRewards ---> TOURGUIDESERVICE
getUserRewards ---> TOURGUIDESERVICE
getUserRewards ---> TOURGUIDESERVICE
getUserRewards ---> TOURGUIDESERVICE
getUserRewards ---> TOURGUIDESERVICE
getUserRewards ---> TOURGUIDESERVICE
getUserRewards ---> TOURGUIDESERVICE
getUserRewards ---> TOURGUIDESERVICE
getUserRewards ---> TOURGUIDESERVICE
getUserRewards ---> TOURGUIDESERVICE
getUserRewards ---> TOURGUIDESERVICE
getUserRewards ---> TOURGUIDESERVICE
getUserRewards ---> TOURGUIDESERVICE
getUserRewards ---> TOURGUIDESERVICE
getUserRewards ---> TOURGUIDESERVICE
getUserRewards ---> TOURGUIDESERVICE
getUserRewards ---> TOURGUIDESERVICE
getUserRewards ---> TOURGUIDESERVICE
getUserRewards ---> TOURGUIDESERVICE
getUserRewards ---> TOURGUIDESERVICE
getUserRewards ---> TOURGUIDESERVICE
getUserRewards ---> TOURGUIDESERVICE
getUserRewards ---> TOURGUIDESERVICE
getUserRewards ---> TOURGUIDESERVICE
getUserRewards ---> TOURGUIDESERVICE
getUserRewards ---> TOURGUIDESERVICE
getUserRewards ---> TOURGUIDESERVICE
getUserRewards ---> TOURGUIDESERVICE
getUserRewards ---> TOURGUIDESERVICE
getUserRewards ---> TOURGUIDESERVICE
getUserRewards ---> TOURGUIDESERVICE
getUserRewards ---> TOURGUIDESERVICE
getUserRewards ---> TOURGUIDESERVICE
getUserRewards ---> TOURGUIDESERVICE
getUserRewards ---> TOURGUIDESERVICE
getUserRewards ---> TOURGUIDESERVICE
getUserRewards ---> TOURGUIDESERVICE
getUserRewards ---> TOURGUIDESERVICE
getUserRewards ---> TOURGUIDESERVICE
getUserRewards ---> TOURGUIDESERVICE
getUserRewards ---> TOURGUIDESERVICE
getUserRewards ---> TOURGUIDESERVICE
getUserRewards ---> TOURGUIDESERVICE
getUserRewards ---> TOURGUIDESERVICE
getUserRewards ---> TOURGUIDESERVICE
getUserRewards ---> TOURGUIDESERVICE
getUserRewards ---> TOURGUIDESERVICE
getUserRewards ---> TOURGUIDESERVICE
getUserRewards ---> TOURGUIDESERVICE
getUserRewards ---> TOURGUIDESERVICE
getUserRewards ---> TOURGUIDESERVICE
getUserRewards ---> TOURGUIDESERVICE
getUserRewards ---> TOURGUIDESERVICE
getUserRewards ---> TOURGUIDESERVICE
getUserRewards ---> TOURGUIDESERVICE
getUserRewards ---> TOURGUIDESERVICE
getUserRewards ---> TOURGUIDESERVICE
getUserRewards ---> TOURGUIDESERVICE
getUserRewards ---> TOURGUIDESERVICE
getUserRewards ---> TOURGUIDESERVICE
getUserRewards ---> TOURGUIDESERVICE
getUserRewards ---> TOURGUIDESERVICE
getUserRewards ---> TOURGUIDESERVICE
getUserRewards ---> TOURGUIDESERVICE
getUserRewards ---> TOURGUIDESERVICE
getUserRewards ---> TOURGUIDESERVICE
getUserRewards ---> TOURGUIDESERVICE
getUserRewards ---> TOURGUIDESERVICE
getUserRewards ---> TOURGUIDESERVICE
getUserRewards ---> TOURGUIDESERVICE
getUserRewards ---> TOURGUIDESERVICE
getUserRewards ---> TOURGUIDESERVICE
getUserRewards ---> TOURGUIDESERVICE
getUserRewards ---> TOURGUIDESERVICE
getUserRewards ---> TOURGUIDESERVICE
getUserRewards ---> TOURGUIDESERVICE
getUserRewards ---> TOURGUIDESERVICE
getUserRewards ---> TOURGUIDESERVICE
getUserRewards ---> TOURGUIDESERVICE
getUserRewards ---> TOURGUIDESERVICE
getUserRewards ---> TOURGUIDESERVICE
getUserRewards ---> TOURGUIDESERVICE
getUserRewards ---> TOURGUIDESERVICE
getUserRewards ---> TOURGUIDESERVICE
getUserRewards ---> TOURGUIDESERVICE
getUserRewards ---> TOURGUIDESERVICE
getUserRewards ---> TOURGUIDESERVICE
getUserRewards ---> TOURGUIDESERVICE
getUserRewards ---> TOURGUIDESERVICE
getUserRewards ---> TOURGUIDESERVICE
getUserRewards ---> TOURGUIDESERVICE
getUserRewards ---> TOURGUIDESERVICE
getUserRewards ---> TOURGUIDESERVICE
getUserRewards ---> TOURGUIDESERVICE
getUserRewards ---> TOURGUIDESERVICE
getUserRewards ---> TOURGUIDESERVICE
getUserRewards ---> TOURGUIDESERVICE
getUserRewards ---> TOURGUIDESERVICE
getUserRewards ---> TOURGUIDESERVICE
getUserRewards ---> TOURGUIDESERVICE
getUserRewards ---> TOURGUIDESERVICE
getUserRewards ---> TOURGUIDESERVICE
getUserRewards ---> TOURGUIDESERVICE
getUserRewards ---> TOURGUIDESERVICE
getUserRewards ---> TOURGUIDESERVICE
getUserRewards ---> TOURGUIDESERVICE
getUserRewards ---> TOURGUIDESERVICE
getUserRewards ---> TOURGUIDESERVICE
getUserRewards ---> TOURGUIDESERVICE
getUserRewards ---> TOURGUIDESERVICE
getUserRewards ---> TOURGUIDESERVICE
getUserRewards ---> TOURGUIDESERVICE
getUserRewards ---> TOURGUIDESERVICE
getUserRewards ---> TOURGUIDESERVICE
getUserRewards ---> TOURGUIDESERVICE
getUserRewards ---> TOURGUIDESERVICE
getUserRewards ---> TOURGUIDESERVICE
getUserRewards ---> TOURGUIDESERVICE
getUserRewards ---> TOURGUIDESERVICE
getUserRewards ---> TOURGUIDESERVICE
getUserRewards ---> TOURGUIDESERVICE
getUserRewards ---> TOURGUIDESERVICE
getUserRewards ---> TOURGUIDESERVICE
getUserRewards ---> TOURGUIDESERVICE
getUserRewards ---> TOURGUIDESERVICE
getUserRewards ---> TOURGUIDESERVICE
getUserRewards ---> TOURGUIDESERVICE
getUserRewards ---> TOURGUIDESERVICE
getUserRewards ---> TOURGUIDESERVICE
getUserRewards ---> TOURGUIDESERVICE
getUserRewards ---> TOURGUIDESERVICE
getUserRewards ---> TOURGUIDESERVICE
getUserRewards ---> TOURGUIDESERVICE
getUserRewards ---> TOURGUIDESERVICE
getUserRewards ---> TOURGUIDESERVICE
getUserRewards ---> TOURGUIDESERVICE
getUserRewards ---> TOURGUIDESERVICE
getUserRewards ---> TOURGUIDESERVICE
getUserRewards ---> TOURGUIDESERVICE
getUserRewards ---> TOURGUIDESERVICE
getUserRewards ---> TOURGUIDESERVICE
getUserRewards ---> TOURGUIDESERVICE
getUserRewards ---> TOURGUIDESERVICE
getUserRewards ---> TOURGUIDESERVICE
getUserRewards ---> TOURGUIDESERVICE
getUserRewards ---> TOURGUIDESERVICE
getUserRewards ---> TOURGUIDESERVICE
getUserRewards ---> TOURGUIDESERVICE
getUserRewards ---> TOURGUIDESERVICE
getUserRewards ---> TOURGUIDESERVICE
getUserRewards ---> TOURGUIDESERVICE
getUserRewards ---> TOURGUIDESERVICE
getUserRewards ---> TOURGUIDESERVICE
getUserRewards ---> TOURGUIDESERVICE
getUserRewards ---> TOURGUIDESERVICE
getUserRewards ---> TOURGUIDESERVICE
getUserRewards ---> TOURGUIDESERVICE
getUserRewards ---> TOURGUIDESERVICE
getUserRewards ---> TOURGUIDESERVICE
getUserRewards ---> TOURGUIDESERVICE
getUserRewards ---> TOURGUIDESERVICE
getUserRewards ---> TOURGUIDESERVICE
getUserRewards ---> TOURGUIDESERVICE
getUserRewards ---> TOURGUIDESERVICE
getUserRewards ---> TOURGUIDESERVICE
getUserRewards ---> TOURGUIDESERVICE
getUserRewards ---> TOURGUIDESERVICE
getUserRewards ---> TOURGUIDESERVICE
getUserRewards ---> TOURGUIDESERVICE
getUserRewards ---> TOURGUIDESERVICE
getUserRewards ---> TOURGUIDESERVICE
getUserRewards ---> TOURGUIDESERVICE
getUserRewards ---> TOURGUIDESERVICE
getUserRewards ---> TOURGUIDESERVICE
getUserRewards ---> TOURGUIDESERVICE
getUserRewards ---> TOURGUIDESERVICE
getUserRewards ---> TOURGUIDESERVICE
getUserRewards ---> TOURGUIDESERVICE
getUserRewards ---> TOURGUIDESERVICE
getUserRewards ---> TOURGUIDESERVICE
getUserRewards ---> TOURGUIDESERVICE
getUserRewards ---> TOURGUIDESERVICE
getUserRewards ---> TOURGUIDESERVICE
getUserRewards ---> TOURGUIDESERVICE
getUserRewards ---> TOURGUIDESERVICE
getUserRewards ---> TOURGUIDESERVICE
getUserRewards ---> TOURGUIDESERVICE
getUserRewards ---> TOURGUIDESERVICE
getUserRewards ---> TOURGUIDESERVICE
getUserRewards ---> TOURGUIDESERVICE
getUserRewards ---> TOURGUIDESERVICE
getUserRewards ---> TOURGUIDESERVICE
getUserRewards ---> TOURGUIDESERVICE
getUserRewards ---> TOURGUIDESERVICE
getUserRewards ---> TOURGUIDESERVICE
getUserRewards ---> TOURGUIDESERVICE
getUserRewards ---> TOURGUIDESERVICE
getUserRewards ---> TOURGUIDESERVICE
getUserRewards ---> TOURGUIDESERVICE
getUserRewards ---> TOURGUIDESERVICE
getUserRewards ---> TOURGUIDESERVICE
getUserRewards ---> TOURGUIDESERVICE
getUserRewards ---> TOURGUIDESERVICE
getUserRewards ---> TOURGUIDESERVICE
getUserRewards ---> TOURGUIDESERVICE
getUserRewards ---> TOURGUIDESERVICE
getUserRewards ---> TOURGUIDESERVICE
getUserRewards ---> TOURGUIDESERVICE
getUserRewards ---> TOURGUIDESERVICE
getUserRewards ---> TOURGUIDESERVICE
getUserRewards ---> TOURGUIDESERVICE
getUserRewards ---> TOURGUIDESERVICE
getUserRewards ---> TOURGUIDESERVICE
getUserRewards ---> TOURGUIDESERVICE
getUserRewards ---> TOURGUIDESERVICE
getUserRewards ---> TOURGUIDESERVICE
getUserRewards ---> TOURGUIDESERVICE
getUserRewards ---> TOURGUIDESERVICE
getUserRewards ---> TOURGUIDESERVICE
getUserRewards ---> TOURGUIDESERVICE
getUserRewards ---> TOURGUIDESERVICE
getUserRewards ---> TOURGUIDESERVICE
getUserRewards ---> TOURGUIDESERVICE
getUserRewards ---> TOURGUIDESERVICE
getUserRewards ---> TOURGUIDESERVICE
getUserRewards ---> TOURGUIDESERVICE
getUserRewards ---> TOURGUIDESERVICE
getUserRewards ---> TOURGUIDESERVICE
getUserRewards ---> TOURGUIDESERVICE
getUserRewards ---> TOURGUIDESERVICE
getUserRewards ---> TOURGUIDESERVICE
getUserRewards ---> TOURGUIDESERVICE
getUserRewards ---> TOURGUIDESERVICE
getUserRewards ---> TOURGUIDESERVICE
getUserRewards ---> TOURGUIDESERVICE
getUserRewards ---> TOURGUIDESERVICE
getUserRewards ---> TOURGUIDESERVICE
getUserRewards ---> TOURGUIDESERVICE
getUserRewards ---> TOURGUIDESERVICE
getUserRewards ---> TOURGUIDESERVICE
getUserRewards ---> TOURGUIDESERVICE
getUserRewards ---> TOURGUIDESERVICE
getUserRewards ---> TOURGUIDESERVICE
getUserRewards ---> TOURGUIDESERVICE
getUserRewards ---> TOURGUIDESERVICE
getUserRewards ---> TOURGUIDESERVICE
getUserRewards ---> TOURGUIDESERVICE
getUserRewards ---> TOURGUIDESERVICE
getUserRewards ---> TOURGUIDESERVICE
getUserRewards ---> TOURGUIDESERVICE
getUserRewards ---> TOURGUIDESERVICE
getUserRewards ---> TOURGUIDESERVICE
getUserRewards ---> TOURGUIDESERVICE
getUserRewards ---> TOURGUIDESERVICE
getUserRewards ---> TOURGUIDESERVICE
getUserRewards ---> TOURGUIDESERVICE
getUserRewards ---> TOURGUIDESERVICE
getUserRewards ---> TOURGUIDESERVICE
getUserRewards ---> TOURGUIDESERVICE
getUserRewards ---> TOURGUIDESERVICE
getUserRewards ---> TOURGUIDESERVICE
getUserRewards ---> TOURGUIDESERVICE
getUserRewards ---> TOURGUIDESERVICE
getUserRewards ---> TOURGUIDESERVICE
getUserRewards ---> TOURGUIDESERVICE
getUserRewards ---> TOURGUIDESERVICE
getUserRewards ---> TOURGUIDESERVICE
getUserRewards ---> TOURGUIDESERVICE
getUserRewards ---> TOURGUIDESERVICE
getUserRewards ---> TOURGUIDESERVICE
getUserRewards ---> TOURGUIDESERVICE
getUserRewards ---> TOURGUIDESERVICE
getUserRewards ---> TOURGUIDESERVICE
getUserRewards ---> TOURGUIDESERVICE
getUserRewards ---> TOURGUIDESERVICE
getUserRewards ---> TOURGUIDESERVICE
getUserRewards ---> TOURGUIDESERVICE
getUserRewards ---> TOURGUIDESERVICE
getUserRewards ---> TOURGUIDESERVICE
getUserRewards ---> TOURGUIDESERVICE
getUserRewards ---> TOURGUIDESERVICE
getUserRewards ---> TOURGUIDESERVICE
getUserRewards ---> TOURGUIDESERVICE
getUserRewards ---> TOURGUIDESERVICE
getUserRewards ---> TOURGUIDESERVICE
getUserRewards ---> TOURGUIDESERVICE
getUserRewards ---> TOURGUIDESERVICE
getUserRewards ---> TOURGUIDESERVICE
getUserRewards ---> TOURGUIDESERVICE
getUserRewards ---> TOURGUIDESERVICE
getUserRewards ---> TOURGUIDESERVICE
getUserRewards ---> TOURGUIDESERVICE
getUserRewards ---> TOURGUIDESERVICE
getUserRewards ---> TOURGUIDESERVICE
getUserRewards ---> TOURGUIDESERVICE
getUserRewards ---> TOURGUIDESERVICE
getUserRewards ---> TOURGUIDESERVICE
getUserRewards ---> TOURGUIDESERVICE
getUserRewards ---> TOURGUIDESERVICE
getUserRewards ---> TOURGUIDESERVICE
getUserRewards ---> TOURGUIDESERVICE
getUserRewards ---> TOURGUIDESERVICE
getUserRewards ---> TOURGUIDESERVICE
getUserRewards ---> TOURGUIDESERVICE
getUserRewards ---> TOURGUIDESERVICE
getUserRewards ---> TOURGUIDESERVICE
getUserRewards ---> TOURGUIDESERVICE
getUserRewards ---> TOURGUIDESERVICE
getUserRewards ---> TOURGUIDESERVICE
getUserRewards ---> TOURGUIDESERVICE
getUserRewards ---> TOURGUIDESERVICE
getUserRewards ---> TOURGUIDESERVICE
getUserRewards ---> TOURGUIDESERVICE
getUserRewards ---> TOURGUIDESERVICE
getUserRewards ---> TOURGUIDESERVICE
getUserRewards ---> TOURGUIDESERVICE
getUserRewards ---> TOURGUIDESERVICE
getUserRewards ---> TOURGUIDESERVICE
getUserRewards ---> TOURGUIDESERVICE
getUserRewards ---> TOURGUIDESERVICE
getUserRewards ---> TOURGUIDESERVICE
getUserRewards ---> TOURGUIDESERVICE
getUserRewards ---> TOURGUIDESERVICE
getUserRewards ---> TOURGUIDESERVICE
getUserRewards ---> TOURGUIDESERVICE
getUserRewards ---> TOURGUIDESERVICE
getUserRewards ---> TOURGUIDESERVICE
getUserRewards ---> TOURGUIDESERVICE
getUserRewards ---> TOURGUIDESERVICE
getUserRewards ---> TOURGUIDESERVICE
getUserRewards ---> TOURGUIDESERVICE
getUserRewards ---> TOURGUIDESERVICE
getUserRewards ---> TOURGUIDESERVICE
getUserRewards ---> TOURGUIDESERVICE
getUserRewards ---> TOURGUIDESERVICE
getUserRewards ---> TOURGUIDESERVICE
getUserRewards ---> TOURGUIDESERVICE
getUserRewards ---> TOURGUIDESERVICE
getUserRewards ---> TOURGUIDESERVICE
getUserRewards ---> TOURGUIDESERVICE
getUserRewards ---> TOURGUIDESERVICE
getUserRewards ---> TOURGUIDESERVICE
getUserRewards ---> TOURGUIDESERVICE
getUserRewards ---> TOURGUIDESERVICE
getUserRewards ---> TOURGUIDESERVICE
getUserRewards ---> TOURGUIDESERVICE
getUserRewards ---> TOURGUIDESERVICE
getUserRewards ---> TOURGUIDESERVICE
getUserRewards ---> TOURGUIDESERVICE
getUserRewards ---> TOURGUIDESERVICE
getUserRewards ---> TOURGUIDESERVICE
getUserRewards ---> TOURGUIDESERVICE
getUserRewards ---> TOURGUIDESERVICE
getUserRewards ---> TOURGUIDESERVICE
getUserRewards ---> TOURGUIDESERVICE
getUserRewards ---> TOURGUIDESERVICE
getUserRewards ---> TOURGUIDESERVICE
getUserRewards ---> TOURGUIDESERVICE
getUserRewards ---> TOURGUIDESERVICE
getUserRewards ---> TOURGUIDESERVICE
getUserRewards ---> TOURGUIDESERVICE
getUserRewards ---> TOURGUIDESERVICE
getUserRewards ---> TOURGUIDESERVICE
getUserRewards ---> TOURGUIDESERVICE
getUserRewards ---> TOURGUIDESERVICE
getUserRewards ---> TOURGUIDESERVICE
getUserRewards ---> TOURGUIDESERVICE
getUserRewards ---> TOURGUIDESERVICE
getUserRewards ---> TOURGUIDESERVICE
getUserRewards ---> TOURGUIDESERVICE
getUserRewards ---> TOURGUIDESERVICE
getUserRewards ---> TOURGUIDESERVICE
getUserRewards ---> TOURGUIDESERVICE
getUserRewards ---> TOURGUIDESERVICE
getUserRewards ---> TOURGUIDESERVICE
getUserRewards ---> TOURGUIDESERVICE
getUserRewards ---> TOURGUIDESERVICE
getUserRewards ---> TOURGUIDESERVICE
getUserRewards ---> TOURGUIDESERVICE
getUserRewards ---> TOURGUIDESERVICE
getUserRewards ---> TOURGUIDESERVICE
getUserRewards ---> TOURGUIDESERVICE
getUserRewards ---> TOURGUIDESERVICE
getUserRewards ---> TOURGUIDESERVICE
getUserRewards ---> TOURGUIDESERVICE
getUserRewards ---> TOURGUIDESERVICE
getUserRewards ---> TOURGUIDESERVICE
getUserRewards ---> TOURGUIDESERVICE
getUserRewards ---> TOURGUIDESERVICE
getUserRewards ---> TOURGUIDESERVICE
getUserRewards ---> TOURGUIDESERVICE
getUserRewards ---> TOURGUIDESERVICE
getUserRewards ---> TOURGUIDESERVICE
getUserRewards ---> TOURGUIDESERVICE
getUserRewards ---> TOURGUIDESERVICE
getUserRewards ---> TOURGUIDESERVICE
getUserRewards ---> TOURGUIDESERVICE
getUserRewards ---> TOURGUIDESERVICE
getUserRewards ---> TOURGUIDESERVICE
getUserRewards ---> TOURGUIDESERVICE
getUserRewards ---> TOURGUIDESERVICE
getUserRewards ---> TOURGUIDESERVICE
getUserRewards ---> TOURGUIDESERVICE
getUserRewards ---> TOURGUIDESERVICE
getUserRewards ---> TOURGUIDESERVICE
getUserRewards ---> TOURGUIDESERVICE
getUserRewards ---> TOURGUIDESERVICE
getUserRewards ---> TOURGUIDESERVICE
getUserRewards ---> TOURGUIDESERVICE
getUserRewards ---> TOURGUIDESERVICE
getUserRewards ---> TOURGUIDESERVICE
getUserRewards ---> TOURGUIDESERVICE
getUserRewards ---> TOURGUIDESERVICE
getUserRewards ---> TOURGUIDESERVICE
getUserRewards ---> TOURGUIDESERVICE
getUserRewards ---> TOURGUIDESERVICE
getUserRewards ---> TOURGUIDESERVICE
getUserRewards ---> TOURGUIDESERVICE
getUserRewards ---> TOURGUIDESERVICE
getUserRewards ---> TOURGUIDESERVICE
getUserRewards ---> TOURGUIDESERVICE
getUserRewards ---> TOURGUIDESERVICE
getUserRewards ---> TOURGUIDESERVICE
getUserRewards ---> TOURGUIDESERVICE
getUserRewards ---> TOURGUIDESERVICE
getUserRewards ---> TOURGUIDESERVICE
getUserRewards ---> TOURGUIDESERVICE
getUserRewards ---> TOURGUIDESERVICE
getUserRewards ---> TOURGUIDESERVICE
getUserRewards ---> TOURGUIDESERVICE
getUserRewards ---> TOURGUIDESERVICE
getUserRewards ---> TOURGUIDESERVICE
getUserRewards ---> TOURGUIDESERVICE
getUserRewards ---> TOURGUIDESERVICE
getUserRewards ---> TOURGUIDESERVICE
getUserRewards ---> TOURGUIDESERVICE
getUserRewards ---> TOURGUIDESERVICE
getUserRewards ---> TOURGUIDESERVICE
getUserRewards ---> TOURGUIDESERVICE
getUserRewards ---> TOURGUIDESERVICE
getUserRewards ---> TOURGUIDESERVICE
getUserRewards ---> TOURGUIDESERVICE
getUserRewards ---> TOURGUIDESERVICE
getUserRewards ---> TOURGUIDESERVICE
getUserRewards ---> TOURGUIDESERVICE
getUserRewards ---> TOURGUIDESERVICE
getUserRewards ---> TOURGUIDESERVICE
getUserRewards ---> TOURGUIDESERVICE
getUserRewards ---> TOURGUIDESERVICE
getUserRewards ---> TOURGUIDESERVICE
getUserRewards ---> TOURGUIDESERVICE
getUserRewards ---> TOURGUIDESERVICE
getUserRewards ---> TOURGUIDESERVICE
getUserRewards ---> TOURGUIDESERVICE
getUserRewards ---> TOURGUIDESERVICE
getUserRewards ---> TOURGUIDESERVICE
getUserRewards ---> TOURGUIDESERVICE
getUserRewards ---> TOURGUIDESERVICE
getUserRewards ---> TOURGUIDESERVICE
getUserRewards ---> TOURGUIDESERVICE
getUserRewards ---> TOURGUIDESERVICE
getUserRewards ---> TOURGUIDESERVICE
getUserRewards ---> TOURGUIDESERVICE
getUserRewards ---> TOURGUIDESERVICE
getUserRewards ---> TOURGUIDESERVICE
getUserRewards ---> TOURGUIDESERVICE
getUserRewards ---> TOURGUIDESERVICE
getUserRewards ---> TOURGUIDESERVICE
getUserRewards ---> TOURGUIDESERVICE
getUserRewards ---> TOURGUIDESERVICE
getUserRewards ---> TOURGUIDESERVICE
getUserRewards ---> TOURGUIDESERVICE
getUserRewards ---> TOURGUIDESERVICE
getUserRewards ---> TOURGUIDESERVICE
getUserRewards ---> TOURGUIDESERVICE
getUserRewards ---> TOURGUIDESERVICE
getUserRewards ---> TOURGUIDESERVICE
getUserRewards ---> TOURGUIDESERVICE
getUserRewards ---> TOURGUIDESERVICE
getUserRewards ---> TOURGUIDESERVICE
getUserRewards ---> TOURGUIDESERVICE
getUserRewards ---> TOURGUIDESERVICE
getUserRewards ---> TOURGUIDESERVICE
getUserRewards ---> TOURGUIDESERVICE
getUserRewards ---> TOURGUIDESERVICE
getUserRewards ---> TOURGUIDESERVICE
getUserRewards ---> TOURGUIDESERVICE
getUserRewards ---> TOURGUIDESERVICE
getUserRewards ---> TOURGUIDESERVICE
getUserRewards ---> TOURGUIDESERVICE
getUserRewards ---> TOURGUIDESERVICE
getUserRewards ---> TOURGUIDESERVICE
getUserRewards ---> TOURGUIDESERVICE
getUserRewards ---> TOURGUIDESERVICE
getUserRewards ---> TOURGUIDESERVICE
getUserRewards ---> TOURGUIDESERVICE
getUserRewards ---> TOURGUIDESERVICE
getUserRewards ---> TOURGUIDESERVICE
getUserRewards ---> TOURGUIDESERVICE
getUserRewards ---> TOURGUIDESERVICE
getUserRewards ---> TOURGUIDESERVICE
getUserRewards ---> TOURGUIDESERVICE
getUserRewards ---> TOURGUIDESERVICE
getUserRewards ---> TOURGUIDESERVICE
getUserRewards ---> TOURGUIDESERVICE
getUserRewards ---> TOURGUIDESERVICE
getUserRewards ---> TOURGUIDESERVICE
getUserRewards ---> TOURGUIDESERVICE
getUserRewards ---> TOURGUIDESERVICE
getUserRewards ---> TOURGUIDESERVICE
getUserRewards ---> TOURGUIDESERVICE
getUserRewards ---> TOURGUIDESERVICE
getUserRewards ---> TOURGUIDESERVICE
getUserRewards ---> TOURGUIDESERVICE
getUserRewards ---> TOURGUIDESERVICE
getUserRewards ---> TOURGUIDESERVICE
getUserRewards ---> TOURGUIDESERVICE
getUserRewards ---> TOURGUIDESERVICE
getUserRewards ---> TOURGUIDESERVICE
getUserRewards ---> TOURGUIDESERVICE
getUserRewards ---> TOURGUIDESERVICE
getUserRewards ---> TOURGUIDESERVICE
getUserRewards ---> TOURGUIDESERVICE
getUserRewards ---> TOURGUIDESERVICE
getUserRewards ---> TOURGUIDESERVICE
getUserRewards ---> TOURGUIDESERVICE
getUserRewards ---> TOURGUIDESERVICE
getUserRewards ---> TOURGUIDESERVICE
getUserRewards ---> TOURGUIDESERVICE
getUserRewards ---> TOURGUIDESERVICE
getUserRewards ---> TOURGUIDESERVICE
getUserRewards ---> TOURGUIDESERVICE
getUserRewards ---> TOURGUIDESERVICE
getUserRewards ---> TOURGUIDESERVICE
getUserRewards ---> TOURGUIDESERVICE
getUserRewards ---> TOURGUIDESERVICE
getUserRewards ---> TOURGUIDESERVICE
getUserRewards ---> TOURGUIDESERVICE
getUserRewards ---> TOURGUIDESERVICE
getUserRewards ---> TOURGUIDESERVICE
getUserRewards ---> TOURGUIDESERVICE
getUserRewards ---> TOURGUIDESERVICE
getUserRewards ---> TOURGUIDESERVICE
getUserRewards ---> TOURGUIDESERVICE
getUserRewards ---> TOURGUIDESERVICE
getUserRewards ---> TOURGUIDESERVICE
getUserRewards ---> TOURGUIDESERVICE
getUserRewards ---> TOURGUIDESERVICE
getUserRewards ---> TOURGUIDESERVICE
getUserRewards ---> TOURGUIDESERVICE
getUserRewards ---> TOURGUIDESERVICE
getUserRewards ---> TOURGUIDESERVICE
getUserRewards ---> TOURGUIDESERVICE
getUserRewards ---> TOURGUIDESERVICE
getUserRewards ---> TOURGUIDESERVICE
getUserRewards ---> TOURGUIDESERVICE
getUserRewards ---> TOURGUIDESERVICE
getUserRewards ---> TOURGUIDESERVICE
getUserRewards ---> TOURGUIDESERVICE
getUserRewards ---> TOURGUIDESERVICE
getUserRewards ---> TOURGUIDESERVICE
getUserRewards ---> TOURGUIDESERVICE
getUserRewards ---> TOURGUIDESERVICE
getUserRewards ---> TOURGUIDESERVICE
getUserRewards ---> TOURGUIDESERVICE
getUserRewards ---> TOURGUIDESERVICE
getUserRewards ---> TOURGUIDESERVICE
getUserRewards ---> TOURGUIDESERVICE
getUserRewards ---> TOURGUIDESERVICE
getUserRewards ---> TOURGUIDESERVICE
getUserRewards ---> TOURGUIDESERVICE
getUserRewards ---> TOURGUIDESERVICE
getUserRewards ---> TOURGUIDESERVICE
getUserRewards ---> TOURGUIDESERVICE
getUserRewards ---> TOURGUIDESERVICE
getUserRewards ---> TOURGUIDESERVICE
getUserRewards ---> TOURGUIDESERVICE
getUserRewards ---> TOURGUIDESERVICE
getUserRewards ---> TOURGUIDESERVICE
getUserRewards ---> TOURGUIDESERVICE
getUserRewards ---> TOURGUIDESERVICE
getUserRewards ---> TOURGUIDESERVICE
getUserRewards ---> TOURGUIDESERVICE
getUserRewards ---> TOURGUIDESERVICE
getUserRewards ---> TOURGUIDESERVICE
getUserRewards ---> TOURGUIDESERVICE
getUserRewards ---> TOURGUIDESERVICE
getUserRewards ---> TOURGUIDESERVICE
getUserRewards ---> TOURGUIDESERVICE
getUserRewards ---> TOURGUIDESERVICE
getUserRewards ---> TOURGUIDESERVICE
getUserRewards ---> TOURGUIDESERVICE
getUserRewards ---> TOURGUIDESERVICE
getUserRewards ---> TOURGUIDESERVICE
getUserRewards ---> TOURGUIDESERVICE
getUserRewards ---> TOURGUIDESERVICE
getUserRewards ---> TOURGUIDESERVICE
getUserRewards ---> TOURGUIDESERVICE
getUserRewards ---> TOURGUIDESERVICE
getUserRewards ---> TOURGUIDESERVICE
getUserRewards ---> TOURGUIDESERVICE
getUserRewards ---> TOURGUIDESERVICE
getUserRewards ---> TOURGUIDESERVICE
getUserRewards ---> TOURGUIDESERVICE
getUserRewards ---> TOURGUIDESERVICE
getUserRewards ---> TOURGUIDESERVICE
getUserRewards ---> TOURGUIDESERVICE
getUserRewards ---> TOURGUIDESERVICE
getUserRewards ---> TOURGUIDESERVICE
getUserRewards ---> TOURGUIDESERVICE
getUserRewards ---> TOURGUIDESERVICE
getUserRewards ---> TOURGUIDESERVICE
getUserRewards ---> TOURGUIDESERVICE
getUserRewards ---> TOURGUIDESERVICE
getUserRewards ---> TOURGUIDESERVICE
getUserRewards ---> TOURGUIDESERVICE
getUserRewards ---> TOURGUIDESERVICE
getUserRewards ---> TOURGUIDESERVICE
getUserRewards ---> TOURGUIDESERVICE
getUserRewards ---> TOURGUIDESERVICE
getUserRewards ---> TOURGUIDESERVICE
getUserRewards ---> TOURGUIDESERVICE
getUserRewards ---> TOURGUIDESERVICE
getUserRewards ---> TOURGUIDESERVICE
getUserRewards ---> TOURGUIDESERVICE
getUserRewards ---> TOURGUIDESERVICE
getUserRewards ---> TOURGUIDESERVICE
getUserRewards ---> TOURGUIDESERVICE
getUserRewards ---> TOURGUIDESERVICE
getUserRewards ---> TOURGUIDESERVICE
getUserRewards ---> TOURGUIDESERVICE
getUserRewards ---> TOURGUIDESERVICE
getUserRewards ---> TOURGUIDESERVICE
getUserRewards ---> TOURGUIDESERVICE
getUserRewards ---> TOURGUIDESERVICE
getUserRewards ---> TOURGUIDESERVICE
getUserRewards ---> TOURGUIDESERVICE
getUserRewards ---> TOURGUIDESERVICE
getUserRewards ---> TOURGUIDESERVICE
getUserRewards ---> TOURGUIDESERVICE
getUserRewards ---> TOURGUIDESERVICE
getUserRewards ---> TOURGUIDESERVICE
getUserRewards ---> TOURGUIDESERVICE
getUserRewards ---> TOURGUIDESERVICE
getUserRewards ---> TOURGUIDESERVICE
getUserRewards ---> TOURGUIDESERVICE
getUserRewards ---> TOURGUIDESERVICE
getUserRewards ---> TOURGUIDESERVICE
getUserRewards ---> TOURGUIDESERVICE
getUserRewards ---> TOURGUIDESERVICE
getUserRewards ---> TOURGUIDESERVICE
getUserRewards ---> TOURGUIDESERVICE
getUserRewards ---> TOURGUIDESERVICE
getUserRewards ---> TOURGUIDESERVICE
getUserRewards ---> TOURGUIDESERVICE
getUserRewards ---> TOURGUIDESERVICE
getUserRewards ---> TOURGUIDESERVICE
getUserRewards ---> TOURGUIDESERVICE
getUserRewards ---> TOURGUIDESERVICE
getUserRewards ---> TOURGUIDESERVICE
getUserRewards ---> TOURGUIDESERVICE
getUserRewards ---> TOURGUIDESERVICE
getUserRewards ---> TOURGUIDESERVICE
getUserRewards ---> TOURGUIDESERVICE
getUserRewards ---> TOURGUIDESERVICE
getUserRewards ---> TOURGUIDESERVICE
getUserRewards ---> TOURGUIDESERVICE
getUserRewards ---> TOURGUIDESERVICE
getUserRewards ---> TOURGUIDESERVICE
getUserRewards ---> TOURGUIDESERVICE
getUserRewards ---> TOURGUIDESERVICE
getUserRewards ---> TOURGUIDESERVICE
getUserRewards ---> TOURGUIDESERVICE
getUserRewards ---> TOURGUIDESERVICE
getUserRewards ---> TOURGUIDESERVICE
getUserRewards ---> TOURGUIDESERVICE
getUserRewards ---> TOURGUIDESERVICE
getUserRewards ---> TOURGUIDESERVICE
getUserRewards ---> TOURGUIDESERVICE
getUserRewards ---> TOURGUIDESERVICE
getUserRewards ---> TOURGUIDESERVICE
getUserRewards ---> TOURGUIDESERVICE
getUserRewards ---> TOURGUIDESERVICE
getUserRewards ---> TOURGUIDESERVICE
getUserRewards ---> TOURGUIDESERVICE
getUserRewards ---> TOURGUIDESERVICE
getUserRewards ---> TOURGUIDESERVICE
getUserRewards ---> TOURGUIDESERVICE
getUserRewards ---> TOURGUIDESERVICE
getUserRewards ---> TOURGUIDESERVICE
getUserRewards ---> TOURGUIDESERVICE
getUserRewards ---> TOURGUIDESERVICE
getUserRewards ---> TOURGUIDESERVICE
getUserRewards ---> TOURGUIDESERVICE
getUserRewards ---> TOURGUIDESERVICE
getUserRewards ---> TOURGUIDESERVICE
getUserRewards ---> TOURGUIDESERVICE
getUserRewards ---> TOURGUIDESERVICE
getUserRewards ---> TOURGUIDESERVICE
getUserRewards ---> TOURGUIDESERVICE
getUserRewards ---> TOURGUIDESERVICE
getUserRewards ---> TOURGUIDESERVICE
getUserRewards ---> TOURGUIDESERVICE
getUserRewards ---> TOURGUIDESERVICE
getUserRewards ---> TOURGUIDESERVICE
getUserRewards ---> TOURGUIDESERVICE
getUserRewards ---> TOURGUIDESERVICE
getUserRewards ---> TOURGUIDESERVICE
getUserRewards ---> TOURGUIDESERVICE
getUserRewards ---> TOURGUIDESERVICE
getUserRewards ---> TOURGUIDESERVICE
getUserRewards ---> TOURGUIDESERVICE
getUserRewards ---> TOURGUIDESERVICE
getUserRewards ---> TOURGUIDESERVICE
getUserRewards ---> TOURGUIDESERVICE
getUserRewards ---> TOURGUIDESERVICE
getUserRewards ---> TOURGUIDESERVICE
getUserRewards ---> TOURGUIDESERVICE
getUserRewards ---> TOURGUIDESERVICE
getUserRewards ---> TOURGUIDESERVICE
getUserRewards ---> TOURGUIDESERVICE
getUserRewards ---> TOURGUIDESERVICE
getUserRewards ---> TOURGUIDESERVICE
getUserRewards ---> TOURGUIDESERVICE
getUserRewards ---> TOURGUIDESERVICE
getUserRewards ---> TOURGUIDESERVICE
getUserRewards ---> TOURGUIDESERVICE
getUserRewards ---> TOURGUIDESERVICE
getUserRewards ---> TOURGUIDESERVICE
getUserRewards ---> TOURGUIDESERVICE
getUserRewards ---> TOURGUIDESERVICE
getUserRewards ---> TOURGUIDESERVICE
getUserRewards ---> TOURGUIDESERVICE
getUserRewards ---> TOURGUIDESERVICE
getUserRewards ---> TOURGUIDESERVICE
getUserRewards ---> TOURGUIDESERVICE
getUserRewards ---> TOURGUIDESERVICE
getUserRewards ---> TOURGUIDESERVICE
getUserRewards ---> TOURGUIDESERVICE
getUserRewards ---> TOURGUIDESERVICE
getUserRewards ---> TOURGUIDESERVICE
getUserRewards ---> TOURGUIDESERVICE
getUserRewards ---> TOURGUIDESERVICE
getUserRewards ---> TOURGUIDESERVICE
getUserRewards ---> TOURGUIDESERVICE
getUserRewards ---> TOURGUIDESERVICE
getUserRewards ---> TOURGUIDESERVICE
getUserRewards ---> TOURGUIDESERVICE
getUserRewards ---> TOURGUIDESERVICE
getUserRewards ---> TOURGUIDESERVICE
getUserRewards ---> TOURGUIDESERVICE
getUserRewards ---> TOURGUIDESERVICE
getUserRewards ---> TOURGUIDESERVICE
getUserRewards ---> TOURGUIDESERVICE
getUserRewards ---> TOURGUIDESERVICE
getUserRewards ---> TOURGUIDESERVICE
getUserRewards ---> TOURGUIDESERVICE
getUserRewards ---> TOURGUIDESERVICE
getUserRewards ---> TOURGUIDESERVICE
getUserRewards ---> TOURGUIDESERVICE
getUserRewards ---> TOURGUIDESERVICE
getUserRewards ---> TOURGUIDESERVICE
getUserRewards ---> TOURGUIDESERVICE
getUserRewards ---> TOURGUIDESERVICE
getUserRewards ---> TOURGUIDESERVICE
getUserRewards ---> TOURGUIDESERVICE
getUserRewards ---> TOURGUIDESERVICE
getUserRewards ---> TOURGUIDESERVICE
getUserRewards ---> TOURGUIDESERVICE
getUserRewards ---> TOURGUIDESERVICE
getUserRewards ---> TOURGUIDESERVICE
getUserRewards ---> TOURGUIDESERVICE
getUserRewards ---> TOURGUIDESERVICE
getUserRewards ---> TOURGUIDESERVICE
getUserRewards ---> TOURGUIDESERVICE
getUserRewards ---> TOURGUIDESERVICE
getUserRewards ---> TOURGUIDESERVICE
getUserRewards ---> TOURGUIDESERVICE
getUserRewards ---> TOURGUIDESERVICE
getUserRewards ---> TOURGUIDESERVICE
getUserRewards ---> TOURGUIDESERVICE
getUserRewards ---> TOURGUIDESERVICE
getUserRewards ---> TOURGUIDESERVICE
getUserRewards ---> TOURGUIDESERVICE
getUserRewards ---> TOURGUIDESERVICE
getUserRewards ---> TOURGUIDESERVICE
getUserRewards ---> TOURGUIDESERVICE
getUserRewards ---> TOURGUIDESERVICE
getUserRewards ---> TOURGUIDESERVICE
getUserRewards ---> TOURGUIDESERVICE
getUserRewards ---> TOURGUIDESERVICE
getUserRewards ---> TOURGUIDESERVICE
getUserRewards ---> TOURGUIDESERVICE
getUserRewards ---> TOURGUIDESERVICE
getUserRewards ---> TOURGUIDESERVICE
getUserRewards ---> TOURGUIDESERVICE
getUserRewards ---> TOURGUIDESERVICE
getUserRewards ---> TOURGUIDESERVICE
getUserRewards ---> TOURGUIDESERVICE
getUserRewards ---> TOURGUIDESERVICE
getUserRewards ---> TOURGUIDESERVICE
getUserRewards ---> TOURGUIDESERVICE
getUserRewards ---> TOURGUIDESERVICE
getUserRewards ---> TOURGUIDESERVICE
getUserRewards ---> TOURGUIDESERVICE
getUserRewards ---> TOURGUIDESERVICE
getUserRewards ---> TOURGUIDESERVICE
getUserRewards ---> TOURGUIDESERVICE
getUserRewards ---> TOURGUIDESERVICE
getUserRewards ---> TOURGUIDESERVICE
getUserRewards ---> TOURGUIDESERVICE
getUserRewards ---> TOURGUIDESERVICE
getUserRewards ---> TOURGUIDESERVICE
getUserRewards ---> TOURGUIDESERVICE
getUserRewards ---> TOURGUIDESERVICE
getUserRewards ---> TOURGUIDESERVICE
getUserRewards ---> TOURGUIDESERVICE
getUserRewards ---> TOURGUIDESERVICE
getUserRewards ---> TOURGUIDESERVICE
getUserRewards ---> TOURGUIDESERVICE
getUserRewards ---> TOURGUIDESERVICE
getUserRewards ---> TOURGUIDESERVICE
getUserRewards ---> TOURGUIDESERVICE
getUserRewards ---> TOURGUIDESERVICE
getUserRewards ---> TOURGUIDESERVICE
getUserRewards ---> TOURGUIDESERVICE
getUserRewards ---> TOURGUIDESERVICE
getUserRewards ---> TOURGUIDESERVICE
getUserRewards ---> TOURGUIDESERVICE
getUserRewards ---> TOURGUIDESERVICE
getUserRewards ---> TOURGUIDESERVICE
getUserRewards ---> TOURGUIDESERVICE
getUserRewards ---> TOURGUIDESERVICE
getUserRewards ---> TOURGUIDESERVICE
getUserRewards ---> TOURGUIDESERVICE
getUserRewards ---> TOURGUIDESERVICE
getUserRewards ---> TOURGUIDESERVICE
getUserRewards ---> TOURGUIDESERVICE
getUserRewards ---> TOURGUIDESERVICE
getUserRewards ---> TOURGUIDESERVICE
getUserRewards ---> TOURGUIDESERVICE
getUserRewards ---> TOURGUIDESERVICE
getUserRewards ---> TOURGUIDESERVICE
getUserRewards ---> TOURGUIDESERVICE
getUserRewards ---> TOURGUIDESERVICE
getUserRewards ---> TOURGUIDESERVICE
getUserRewards ---> TOURGUIDESERVICE
getUserRewards ---> TOURGUIDESERVICE
getUserRewards ---> TOURGUIDESERVICE
getUserRewards ---> TOURGUIDESERVICE
getUserRewards ---> TOURGUIDESERVICE
getUserRewards ---> TOURGUIDESERVICE
getUserRewards ---> TOURGUIDESERVICE
getUserRewards ---> TOURGUIDESERVICE
getUserRewards ---> TOURGUIDESERVICE
getUserRewards ---> TOURGUIDESERVICE
getUserRewards ---> TOURGUIDESERVICE
getUserRewards ---> TOURGUIDESERVICE
getUserRewards ---> TOURGUIDESERVICE
getUserRewards ---> TOURGUIDESERVICE
getUserRewards ---> TOURGUIDESERVICE
getUserRewards ---> TOURGUIDESERVICE
getUserRewards ---> TOURGUIDESERVICE
getUserRewards ---> TOURGUIDESERVICE
getUserRewards ---> TOURGUIDESERVICE
getUserRewards ---> TOURGUIDESERVICE
getUserRewards ---> TOURGUIDESERVICE
getUserRewards ---> TOURGUIDESERVICE
getUserRewards ---> TOURGUIDESERVICE
getUserRewards ---> TOURGUIDESERVICE
getUserRewards ---> TOURGUIDESERVICE
getUserRewards ---> TOURGUIDESERVICE
getUserRewards ---> TOURGUIDESERVICE
getUserRewards ---> TOURGUIDESERVICE
getUserRewards ---> TOURGUIDESERVICE
getUserRewards ---> TOURGUIDESERVICE
getUserRewards ---> TOURGUIDESERVICE
getUserRewards ---> TOURGUIDESERVICE
getUserRewards ---> TOURGUIDESERVICE
getUserRewards ---> TOURGUIDESERVICE
getUserRewards ---> TOURGUIDESERVICE
getUserRewards ---> TOURGUIDESERVICE
getUserRewards ---> TOURGUIDESERVICE
getUserRewards ---> TOURGUIDESERVICE
getUserRewards ---> TOURGUIDESERVICE
getUserRewards ---> TOURGUIDESERVICE
getUserRewards ---> TOURGUIDESERVICE
getUserRewards ---> TOURGUIDESERVICE
getUserRewards ---> TOURGUIDESERVICE
getUserRewards ---> TOURGUIDESERVICE
getUserRewards ---> TOURGUIDESERVICE
getUserRewards ---> TOURGUIDESERVICE
getUserRewards ---> TOURGUIDESERVICE
getUserRewards ---> TOURGUIDESERVICE
getUserRewards ---> TOURGUIDESERVICE
getUserRewards ---> TOURGUIDESERVICE
getUserRewards ---> TOURGUIDESERVICE
getUserRewards ---> TOURGUIDESERVICE
getUserRewards ---> TOURGUIDESERVICE
getUserRewards ---> TOURGUIDESERVICE
getUserRewards ---> TOURGUIDESERVICE
getUserRewards ---> TOURGUIDESERVICE
getUserRewards ---> TOURGUIDESERVICE
getUserRewards ---> TOURGUIDESERVICE
getUserRewards ---> TOURGUIDESERVICE
getUserRewards ---> TOURGUIDESERVICE
getUserRewards ---> TOURGUIDESERVICE
getUserRewards ---> TOURGUIDESERVICE
getUserRewards ---> TOURGUIDESERVICE
getUserRewards ---> TOURGUIDESERVICE
getUserRewards ---> TOURGUIDESERVICE
getUserRewards ---> TOURGUIDESERVICE
getUserRewards ---> TOURGUIDESERVICE
getUserRewards ---> TOURGUIDESERVICE
getUserRewards ---> TOURGUIDESERVICE
getUserRewards ---> TOURGUIDESERVICE
getUserRewards ---> TOURGUIDESERVICE
getUserRewards ---> TOURGUIDESERVICE
getUserRewards ---> TOURGUIDESERVICE
getUserRewards ---> TOURGUIDESERVICE
getUserRewards ---> TOURGUIDESERVICE
getUserRewards ---> TOURGUIDESERVICE
getUserRewards ---> TOURGUIDESERVICE
getUserRewards ---> TOURGUIDESERVICE
getUserRewards ---> TOURGUIDESERVICE
getUserRewards ---> TOURGUIDESERVICE
getUserRewards ---> TOURGUIDESERVICE
getUserRewards ---> TOURGUIDESERVICE
getUserRewards ---> TOURGUIDESERVICE
getUserRewards ---> TOURGUIDESERVICE
getUserRewards ---> TOURGUIDESERVICE
getUserRewards ---> TOURGUIDESERVICE
getUserRewards ---> TOURGUIDESERVICE
getUserRewards ---> TOURGUIDESERVICE
getUserRewards ---> TOURGUIDESERVICE
getUserRewards ---> TOURGUIDESERVICE
getUserRewards ---> TOURGUIDESERVICE
getUserRewards ---> TOURGUIDESERVICE
getUserRewards ---> TOURGUIDESERVICE
getUserRewards ---> TOURGUIDESERVICE
getUserRewards ---> TOURGUIDESERVICE
getUserRewards ---> TOURGUIDESERVICE
getUserRewards ---> TOURGUIDESERVICE
getUserRewards ---> TOURGUIDESERVICE
getUserRewards ---> TOURGUIDESERVICE
getUserRewards ---> TOURGUIDESERVICE
getUserRewards ---> TOURGUIDESERVICE
getUserRewards ---> TOURGUIDESERVICE
getUserRewards ---> TOURGUIDESERVICE
getUserRewards ---> TOURGUIDESERVICE
getUserRewards ---> TOURGUIDESERVICE
getUserRewards ---> TOURGUIDESERVICE
getUserRewards ---> TOURGUIDESERVICE
getUserRewards ---> TOURGUIDESERVICE
getUserRewards ---> TOURGUIDESERVICE
getUserRewards ---> TOURGUIDESERVICE
getUserRewards ---> TOURGUIDESERVICE
getUserRewards ---> TOURGUIDESERVICE
getUserRewards ---> TOURGUIDESERVICE
getUserRewards ---> TOURGUIDESERVICE
getUserRewards ---> TOURGUIDESERVICE
getUserRewards ---> TOURGUIDESERVICE
getUserRewards ---> TOURGUIDESERVICE
getUserRewards ---> TOURGUIDESERVICE
getUserRewards ---> TOURGUIDESERVICE
getUserRewards ---> TOURGUIDESERVICE
getUserRewards ---> TOURGUIDESERVICE
getUserRewards ---> TOURGUIDESERVICE
getUserRewards ---> TOURGUIDESERVICE
getUserRewards ---> TOURGUIDESERVICE
getUserRewards ---> TOURGUIDESERVICE
getUserRewards ---> TOURGUIDESERVICE
getUserRewards ---> TOURGUIDESERVICE
getUserRewards ---> TOURGUIDESERVICE
getUserRewards ---> TOURGUIDESERVICE
getUserRewards ---> TOURGUIDESERVICE
getUserRewards ---> TOURGUIDESERVICE
getUserRewards ---> TOURGUIDESERVICE
getUserRewards ---> TOURGUIDESERVICE
getUserRewards ---> TOURGUIDESERVICE
getUserRewards ---> TOURGUIDESERVICE
getUserRewards ---> TOURGUIDESERVICE
getUserRewards ---> TOURGUIDESERVICE
getUserRewards ---> TOURGUIDESERVICE
getUserRewards ---> TOURGUIDESERVICE
getUserRewards ---> TOURGUIDESERVICE
getUserRewards ---> TOURGUIDESERVICE
getUserRewards ---> TOURGUIDESERVICE
getUserRewards ---> TOURGUIDESERVICE
getUserRewards ---> TOURGUIDESERVICE
getUserRewards ---> TOURGUIDESERVICE
getUserRewards ---> TOURGUIDESERVICE
getUserRewards ---> TOURGUIDESERVICE
getUserRewards ---> TOURGUIDESERVICE
getUserRewards ---> TOURGUIDESERVICE
getUserRewards ---> TOURGUIDESERVICE
getUserRewards ---> TOURGUIDESERVICE
getUserRewards ---> TOURGUIDESERVICE
getUserRewards ---> TOURGUIDESERVICE
getUserRewards ---> TOURGUIDESERVICE
getUserRewards ---> TOURGUIDESERVICE
getUserRewards ---> TOURGUIDESERVICE
getUserRewards ---> TOURGUIDESERVICE
getUserRewards ---> TOURGUIDESERVICE
getUserRewards ---> TOURGUIDESERVICE
getUserRewards ---> TOURGUIDESERVICE
getUserRewards ---> TOURGUIDESERVICE
getUserRewards ---> TOURGUIDESERVICE
getUserRewards ---> TOURGUIDESERVICE
getUserRewards ---> TOURGUIDESERVICE
getUserRewards ---> TOURGUIDESERVICE
getUserRewards ---> TOURGUIDESERVICE
getUserRewards ---> TOURGUIDESERVICE
getUserRewards ---> TOURGUIDESERVICE
getUserRewards ---> TOURGUIDESERVICE
getUserRewards ---> TOURGUIDESERVICE
getUserRewards ---> TOURGUIDESERVICE
getUserRewards ---> TOURGUIDESERVICE
getUserRewards ---> TOURGUIDESERVICE
getUserRewards ---> TOURGUIDESERVICE
getUserRewards ---> TOURGUIDESERVICE
getUserRewards ---> TOURGUIDESERVICE
getUserRewards ---> TOURGUIDESERVICE
getUserRewards ---> TOURGUIDESERVICE
getUserRewards ---> TOURGUIDESERVICE
getUserRewards ---> TOURGUIDESERVICE
getUserRewards ---> TOURGUIDESERVICE
getUserRewards ---> TOURGUIDESERVICE
getUserRewards ---> TOURGUIDESERVICE
getUserRewards ---> TOURGUIDESERVICE
getUserRewards ---> TOURGUIDESERVICE
getUserRewards ---> TOURGUIDESERVICE
getUserRewards ---> TOURGUIDESERVICE
getUserRewards ---> TOURGUIDESERVICE
getUserRewards ---> TOURGUIDESERVICE
getUserRewards ---> TOURGUIDESERVICE
getUserRewards ---> TOURGUIDESERVICE
getUserRewards ---> TOURGUIDESERVICE
getUserRewards ---> TOURGUIDESERVICE
getUserRewards ---> TOURGUIDESERVICE
getUserRewards ---> TOURGUIDESERVICE
getUserRewards ---> TOURGUIDESERVICE
getUserRewards ---> TOURGUIDESERVICE
getUserRewards ---> TOURGUIDESERVICE
getUserRewards ---> TOURGUIDESERVICE
getUserRewards ---> TOURGUIDESERVICE
getUserRewards ---> TOURGUIDESERVICE
getUserRewards ---> TOURGUIDESERVICE
getUserRewards ---> TOURGUIDESERVICE
getUserRewards ---> TOURGUIDESERVICE
getUserRewards ---> TOURGUIDESERVICE
getUserRewards ---> TOURGUIDESERVICE
getUserRewards ---> TOURGUIDESERVICE
getUserRewards ---> TOURGUIDESERVICE
getUserRewards ---> TOURGUIDESERVICE
getUserRewards ---> TOURGUIDESERVICE
getUserRewards ---> TOURGUIDESERVICE
getUserRewards ---> TOURGUIDESERVICE
getUserRewards ---> TOURGUIDESERVICE
getUserRewards ---> TOURGUIDESERVICE
getUserRewards ---> TOURGUIDESERVICE
getUserRewards ---> TOURGUIDESERVICE
getUserRewards ---> TOURGUIDESERVICE
getUserRewards ---> TOURGUIDESERVICE
getUserRewards ---> TOURGUIDESERVICE
getUserRewards ---> TOURGUIDESERVICE
getUserRewards ---> TOURGUIDESERVICE
getUserRewards ---> TOURGUIDESERVICE
getUserRewards ---> TOURGUIDESERVICE
getUserRewards ---> TOURGUIDESERVICE
getUserRewards ---> TOURGUIDESERVICE
getUserRewards ---> TOURGUIDESERVICE
getUserRewards ---> TOURGUIDESERVICE
getUserRewards ---> TOURGUIDESERVICE
getUserRewards ---> TOURGUIDESERVICE
getUserRewards ---> TOURGUIDESERVICE
getUserRewards ---> TOURGUIDESERVICE
getUserRewards ---> TOURGUIDESERVICE
getUserRewards ---> TOURGUIDESERVICE
getUserRewards ---> TOURGUIDESERVICE
getUserRewards ---> TOURGUIDESERVICE
getUserRewards ---> TOURGUIDESERVICE
getUserRewards ---> TOURGUIDESERVICE
getUserRewards ---> TOURGUIDESERVICE
getUserRewards ---> TOURGUIDESERVICE
getUserRewards ---> TOURGUIDESERVICE
getUserRewards ---> TOURGUIDESERVICE
getUserRewards ---> TOURGUIDESERVICE
getUserRewards ---> TOURGUIDESERVICE
getUserRewards ---> TOURGUIDESERVICE
getUserRewards ---> TOURGUIDESERVICE
getUserRewards ---> TOURGUIDESERVICE
getUserRewards ---> TOURGUIDESERVICE
getUserRewards ---> TOURGUIDESERVICE
getUserRewards ---> TOURGUIDESERVICE
getUserRewards ---> TOURGUIDESERVICE
getUserRewards ---> TOURGUIDESERVICE
getUserRewards ---> TOURGUIDESERVICE
getUserRewards ---> TOURGUIDESERVICE
getUserRewards ---> TOURGUIDESERVICE
getUserRewards ---> TOURGUIDESERVICE
getUserRewards ---> TOURGUIDESERVICE
getUserRewards ---> TOURGUIDESERVICE
getUserRewards ---> TOURGUIDESERVICE
getUserRewards ---> TOURGUIDESERVICE
getUserRewards ---> TOURGUIDESERVICE
getUserRewards ---> TOURGUIDESERVICE
getUserRewards ---> TOURGUIDESERVICE
getUserRewards ---> TOURGUIDESERVICE
getUserRewards ---> TOURGUIDESERVICE
getUserRewards ---> TOURGUIDESERVICE
getUserRewards ---> TOURGUIDESERVICE
getUserRewards ---> TOURGUIDESERVICE
getUserRewards ---> TOURGUIDESERVICE
getUserRewards ---> TOURGUIDESERVICE
getUserRewards ---> TOURGUIDESERVICE
getUserRewards ---> TOURGUIDESERVICE
getUserRewards ---> TOURGUIDESERVICE
getUserRewards ---> TOURGUIDESERVICE
getUserRewards ---> TOURGUIDESERVICE
getUserRewards ---> TOURGUIDESERVICE
getUserRewards ---> TOURGUIDESERVICE
getUserRewards ---> TOURGUIDESERVICE
getUserRewards ---> TOURGUIDESERVICE
getUserRewards ---> TOURGUIDESERVICE
getUserRewards ---> TOURGUIDESERVICE
getUserRewards ---> TOURGUIDESERVICE
getUserRewards ---> TOURGUIDESERVICE
getUserRewards ---> TOURGUIDESERVICE
getUserRewards ---> TOURGUIDESERVICE
getUserRewards ---> TOURGUIDESERVICE
getUserRewards ---> TOURGUIDESERVICE
getUserRewards ---> TOURGUIDESERVICE
getUserRewards ---> TOURGUIDESERVICE
getUserRewards ---> TOURGUIDESERVICE
getUserRewards ---> TOURGUIDESERVICE
getUserRewards ---> TOURGUIDESERVICE
getUserRewards ---> TOURGUIDESERVICE
getUserRewards ---> TOURGUIDESERVICE
getUserRewards ---> TOURGUIDESERVICE
getUserRewards ---> TOURGUIDESERVICE
getUserRewards ---> TOURGUIDESERVICE
getUserRewards ---> TOURGUIDESERVICE
getUserRewards ---> TOURGUIDESERVICE
getUserRewards ---> TOURGUIDESERVICE
getUserRewards ---> TOURGUIDESERVICE
getUserRewards ---> TOURGUIDESERVICE
getUserRewards ---> TOURGUIDESERVICE
getUserRewards ---> TOURGUIDESERVICE
getUserRewards ---> TOURGUIDESERVICE
getUserRewards ---> TOURGUIDESERVICE
getUserRewards ---> TOURGUIDESERVICE
getUserRewards ---> TOURGUIDESERVICE
getUserRewards ---> TOURGUIDESERVICE
getUserRewards ---> TOURGUIDESERVICE
getUserRewards ---> TOURGUIDESERVICE
getUserRewards ---> TOURGUIDESERVICE
getUserRewards ---> TOURGUIDESERVICE
getUserRewards ---> TOURGUIDESERVICE
getUserRewards ---> TOURGUIDESERVICE
getUserRewards ---> TOURGUIDESERVICE
getUserRewards ---> TOURGUIDESERVICE
getUserRewards ---> TOURGUIDESERVICE
getUserRewards ---> TOURGUIDESERVICE
getUserRewards ---> TOURGUIDESERVICE
getUserRewards ---> TOURGUIDESERVICE
getUserRewards ---> TOURGUIDESERVICE
getUserRewards ---> TOURGUIDESERVICE
getUserRewards ---> TOURGUIDESERVICE
getUserRewards ---> TOURGUIDESERVICE
getUserRewards ---> TOURGUIDESERVICE
getUserRewards ---> TOURGUIDESERVICE
getUserRewards ---> TOURGUIDESERVICE
getUserRewards ---> TOURGUIDESERVICE
getUserRewards ---> TOURGUIDESERVICE
getUserRewards ---> TOURGUIDESERVICE
getUserRewards ---> TOURGUIDESERVICE
getUserRewards ---> TOURGUIDESERVICE
getUserRewards ---> TOURGUIDESERVICE
getUserRewards ---> TOURGUIDESERVICE
getUserRewards ---> TOURGUIDESERVICE
getUserRewards ---> TOURGUIDESERVICE
getUserRewards ---> TOURGUIDESERVICE
getUserRewards ---> TOURGUIDESERVICE
getUserRewards ---> TOURGUIDESERVICE
getUserRewards ---> TOURGUIDESERVICE
getUserRewards ---> TOURGUIDESERVICE
getUserRewards ---> TOURGUIDESERVICE
getUserRewards ---> TOURGUIDESERVICE
getUserRewards ---> TOURGUIDESERVICE
getUserRewards ---> TOURGUIDESERVICE
getUserRewards ---> TOURGUIDESERVICE
getUserRewards ---> TOURGUIDESERVICE
getUserRewards ---> TOURGUIDESERVICE
getUserRewards ---> TOURGUIDESERVICE
getUserRewards ---> TOURGUIDESERVICE
getUserRewards ---> TOURGUIDESERVICE
getUserRewards ---> TOURGUIDESERVICE
getUserRewards ---> TOURGUIDESERVICE
getUserRewards ---> TOURGUIDESERVICE
getUserRewards ---> TOURGUIDESERVICE
getUserRewards ---> TOURGUIDESERVICE
getUserRewards ---> TOURGUIDESERVICE
getUserRewards ---> TOURGUIDESERVICE
getUserRewards ---> TOURGUIDESERVICE
getUserRewards ---> TOURGUIDESERVICE
getUserRewards ---> TOURGUIDESERVICE
getUserRewards ---> TOURGUIDESERVICE
getUserRewards ---> TOURGUIDESERVICE
getUserRewards ---> TOURGUIDESERVICE
getUserRewards ---> TOURGUIDESERVICE
getUserRewards ---> TOURGUIDESERVICE
getUserRewards ---> TOURGUIDESERVICE
getUserRewards ---> TOURGUIDESERVICE
getUserRewards ---> TOURGUIDESERVICE
getUserRewards ---> TOURGUIDESERVICE
getUserRewards ---> TOURGUIDESERVICE
getUserRewards ---> TOURGUIDESERVICE
getUserRewards ---> TOURGUIDESERVICE
getUserRewards ---> TOURGUIDESERVICE
getUserRewards ---> TOURGUIDESERVICE
getUserRewards ---> TOURGUIDESERVICE
getUserRewards ---> TOURGUIDESERVICE
getUserRewards ---> TOURGUIDESERVICE
getUserRewards ---> TOURGUIDESERVICE
getUserRewards ---> TOURGUIDESERVICE
getUserRewards ---> TOURGUIDESERVICE
getUserRewards ---> TOURGUIDESERVICE
getUserRewards ---> TOURGUIDESERVICE
getUserRewards ---> TOURGUIDESERVICE
getUserRewards ---> TOURGUIDESERVICE
getUserRewards ---> TOURGUIDESERVICE
getUserRewards ---> TOURGUIDESERVICE
getUserRewards ---> TOURGUIDESERVICE
getUserRewards ---> TOURGUIDESERVICE
getUserRewards ---> TOURGUIDESERVICE
getUserRewards ---> TOURGUIDESERVICE
getUserRewards ---> TOURGUIDESERVICE
getUserRewards ---> TOURGUIDESERVICE
getUserRewards ---> TOURGUIDESERVICE
getUserRewards ---> TOURGUIDESERVICE
getUserRewards ---> TOURGUIDESERVICE
getUserRewards ---> TOURGUIDESERVICE
getUserRewards ---> TOURGUIDESERVICE
getUserRewards ---> TOURGUIDESERVICE
getUserRewards ---> TOURGUIDESERVICE
getUserRewards ---> TOURGUIDESERVICE
getUserRewards ---> TOURGUIDESERVICE
getUserRewards ---> TOURGUIDESERVICE
getUserRewards ---> TOURGUIDESERVICE
getUserRewards ---> TOURGUIDESERVICE
getUserRewards ---> TOURGUIDESERVICE
getUserRewards ---> TOURGUIDESERVICE
getUserRewards ---> TOURGUIDESERVICE
getUserRewards ---> TOURGUIDESERVICE
getUserRewards ---> TOURGUIDESERVICE
getUserRewards ---> TOURGUIDESERVICE
getUserRewards ---> TOURGUIDESERVICE
getUserRewards ---> TOURGUIDESERVICE
getUserRewards ---> TOURGUIDESERVICE
getUserRewards ---> TOURGUIDESERVICE
getUserRewards ---> TOURGUIDESERVICE
getUserRewards ---> TOURGUIDESERVICE
getUserRewards ---> TOURGUIDESERVICE
getUserRewards ---> TOURGUIDESERVICE
getUserRewards ---> TOURGUIDESERVICE
getUserRewards ---> TOURGUIDESERVICE
getUserRewards ---> TOURGUIDESERVICE
getUserRewards ---> TOURGUIDESERVICE
getUserRewards ---> TOURGUIDESERVICE
getUserRewards ---> TOURGUIDESERVICE
getUserRewards ---> TOURGUIDESERVICE
getUserRewards ---> TOURGUIDESERVICE
getUserRewards ---> TOURGUIDESERVICE
getUserRewards ---> TOURGUIDESERVICE
getUserRewards ---> TOURGUIDESERVICE
getUserRewards ---> TOURGUIDESERVICE
getUserRewards ---> TOURGUIDESERVICE
getUserRewards ---> TOURGUIDESERVICE
getUserRewards ---> TOURGUIDESERVICE
getUserRewards ---> TOURGUIDESERVICE
getUserRewards ---> TOURGUIDESERVICE
getUserRewards ---> TOURGUIDESERVICE
getUserRewards ---> TOURGUIDESERVICE
getUserRewards ---> TOURGUIDESERVICE
getUserRewards ---> TOURGUIDESERVICE
getUserRewards ---> TOURGUIDESERVICE
getUserRewards ---> TOURGUIDESERVICE
getUserRewards ---> TOURGUIDESERVICE
getUserRewards ---> TOURGUIDESERVICE
getUserRewards ---> TOURGUIDESERVICE
getUserRewards ---> TOURGUIDESERVICE
getUserRewards ---> TOURGUIDESERVICE
getUserRewards ---> TOURGUIDESERVICE
getUserRewards ---> TOURGUIDESERVICE
getUserRewards ---> TOURGUIDESERVICE
getUserRewards ---> TOURGUIDESERVICE
getUserRewards ---> TOURGUIDESERVICE
getUserRewards ---> TOURGUIDESERVICE
getUserRewards ---> TOURGUIDESERVICE
getUserRewards ---> TOURGUIDESERVICE
getUserRewards ---> TOURGUIDESERVICE
getUserRewards ---> TOURGUIDESERVICE
getUserRewards ---> TOURGUIDESERVICE
getUserRewards ---> TOURGUIDESERVICE
getUserRewards ---> TOURGUIDESERVICE
getUserRewards ---> TOURGUIDESERVICE
getUserRewards ---> TOURGUIDESERVICE
getUserRewards ---> TOURGUIDESERVICE
getUserRewards ---> TOURGUIDESERVICE
getUserRewards ---> TOURGUIDESERVICE
getUserRewards ---> TOURGUIDESERVICE
getUserRewards ---> TOURGUIDESERVICE
getUserRewards ---> TOURGUIDESERVICE
getUserRewards ---> TOURGUIDESERVICE
getUserRewards ---> TOURGUIDESERVICE
getUserRewards ---> TOURGUIDESERVICE
getUserRewards ---> TOURGUIDESERVICE
getUserRewards ---> TOURGUIDESERVICE
getUserRewards ---> TOURGUIDESERVICE
getUserRewards ---> TOURGUIDESERVICE
getUserRewards ---> TOURGUIDESERVICE
getUserRewards ---> TOURGUIDESERVICE
getUserRewards ---> TOURGUIDESERVICE
getUserRewards ---> TOURGUIDESERVICE
getUserRewards ---> TOURGUIDESERVICE
getUserRewards ---> TOURGUIDESERVICE
getUserRewards ---> TOURGUIDESERVICE
getUserRewards ---> TOURGUIDESERVICE
getUserRewards ---> TOURGUIDESERVICE
getUserRewards ---> TOURGUIDESERVICE
getUserRewards ---> TOURGUIDESERVICE
getUserRewards ---> TOURGUIDESERVICE
getUserRewards ---> TOURGUIDESERVICE
getUserRewards ---> TOURGUIDESERVICE
getUserRewards ---> TOURGUIDESERVICE
getUserRewards ---> TOURGUIDESERVICE
getUserRewards ---> TOURGUIDESERVICE
getUserRewards ---> TOURGUIDESERVICE
getUserRewards ---> TOURGUIDESERVICE
getUserRewards ---> TOURGUIDESERVICE
getUserRewards ---> TOURGUIDESERVICE
getUserRewards ---> TOURGUIDESERVICE
getUserRewards ---> TOURGUIDESERVICE
getUserRewards ---> TOURGUIDESERVICE
getUserRewards ---> TOURGUIDESERVICE
getUserRewards ---> TOURGUIDESERVICE
getUserRewards ---> TOURGUIDESERVICE
getUserRewards ---> TOURGUIDESERVICE
getUserRewards ---> TOURGUIDESERVICE
getUserRewards ---> TOURGUIDESERVICE
getUserRewards ---> TOURGUIDESERVICE
getUserRewards ---> TOURGUIDESERVICE
getUserRewards ---> TOURGUIDESERVICE
getUserRewards ---> TOURGUIDESERVICE
getUserRewards ---> TOURGUIDESERVICE
getUserRewards ---> TOURGUIDESERVICE
getUserRewards ---> TOURGUIDESERVICE
getUserRewards ---> TOURGUIDESERVICE
getUserRewards ---> TOURGUIDESERVICE
getUserRewards ---> TOURGUIDESERVICE
getUserRewards ---> TOURGUIDESERVICE
getUserRewards ---> TOURGUIDESERVICE
getUserRewards ---> TOURGUIDESERVICE
getUserRewards ---> TOURGUIDESERVICE
getUserRewards ---> TOURGUIDESERVICE
getUserRewards ---> TOURGUIDESERVICE
getUserRewards ---> TOURGUIDESERVICE
getUserRewards ---> TOURGUIDESERVICE
getUserRewards ---> TOURGUIDESERVICE
getUserRewards ---> TOURGUIDESERVICE
getUserRewards ---> TOURGUIDESERVICE
getUserRewards ---> TOURGUIDESERVICE
getUserRewards ---> TOURGUIDESERVICE
getUserRewards ---> TOURGUIDESERVICE
getUserRewards ---> TOURGUIDESERVICE
getUserRewards ---> TOURGUIDESERVICE
getUserRewards ---> TOURGUIDESERVICE
getUserRewards ---> TOURGUIDESERVICE
getUserRewards ---> TOURGUIDESERVICE
getUserRewards ---> TOURGUIDESERVICE
getUserRewards ---> TOURGUIDESERVICE
getUserRewards ---> TOURGUIDESERVICE
getUserRewards ---> TOURGUIDESERVICE
getUserRewards ---> TOURGUIDESERVICE
getUserRewards ---> TOURGUIDESERVICE
getUserRewards ---> TOURGUIDESERVICE
getUserRewards ---> TOURGUIDESERVICE
getUserRewards ---> TOURGUIDESERVICE
getUserRewards ---> TOURGUIDESERVICE
getUserRewards ---> TOURGUIDESERVICE
getUserRewards ---> TOURGUIDESERVICE
getUserRewards ---> TOURGUIDESERVICE
getUserRewards ---> TOURGUIDESERVICE
getUserRewards ---> TOURGUIDESERVICE
getUserRewards ---> TOURGUIDESERVICE
getUserRewards ---> TOURGUIDESERVICE
getUserRewards ---> TOURGUIDESERVICE
getUserRewards ---> TOURGUIDESERVICE
getUserRewards ---> TOURGUIDESERVICE
getUserRewards ---> TOURGUIDESERVICE
getUserRewards ---> TOURGUIDESERVICE
getUserRewards ---> TOURGUIDESERVICE
getUserRewards ---> TOURGUIDESERVICE
getUserRewards ---> TOURGUIDESERVICE
getUserRewards ---> TOURGUIDESERVICE
getUserRewards ---> TOURGUIDESERVICE
getUserRewards ---> TOURGUIDESERVICE
getUserRewards ---> TOURGUIDESERVICE
getUserRewards ---> TOURGUIDESERVICE
getUserRewards ---> TOURGUIDESERVICE
getUserRewards ---> TOURGUIDESERVICE
getUserRewards ---> TOURGUIDESERVICE
getUserRewards ---> TOURGUIDESERVICE
getUserRewards ---> TOURGUIDESERVICE
getUserRewards ---> TOURGUIDESERVICE
getUserRewards ---> TOURGUIDESERVICE
getUserRewards ---> TOURGUIDESERVICE
getUserRewards ---> TOURGUIDESERVICE
getUserRewards ---> TOURGUIDESERVICE
getUserRewards ---> TOURGUIDESERVICE
getUserRewards ---> TOURGUIDESERVICE
getUserRewards ---> TOURGUIDESERVICE
getUserRewards ---> TOURGUIDESERVICE
getUserRewards ---> TOURGUIDESERVICE
getUserRewards ---> TOURGUIDESERVICE
getUserRewards ---> TOURGUIDESERVICE
getUserRewards ---> TOURGUIDESERVICE
getUserRewards ---> TOURGUIDESERVICE
getUserRewards ---> TOURGUIDESERVICE
getUserRewards ---> TOURGUIDESERVICE
getUserRewards ---> TOURGUIDESERVICE
getUserRewards ---> TOURGUIDESERVICE
getUserRewards ---> TOURGUIDESERVICE
getUserRewards ---> TOURGUIDESERVICE
getUserRewards ---> TOURGUIDESERVICE
getUserRewards ---> TOURGUIDESERVICE
getUserRewards ---> TOURGUIDESERVICE
getUserRewards ---> TOURGUIDESERVICE
getUserRewards ---> TOURGUIDESERVICE
getUserRewards ---> TOURGUIDESERVICE
getUserRewards ---> TOURGUIDESERVICE
getUserRewards ---> TOURGUIDESERVICE
getUserRewards ---> TOURGUIDESERVICE
getUserRewards ---> TOURGUIDESERVICE
getUserRewards ---> TOURGUIDESERVICE
getUserRewards ---> TOURGUIDESERVICE
getUserRewards ---> TOURGUIDESERVICE
getUserRewards ---> TOURGUIDESERVICE
getUserRewards ---> TOURGUIDESERVICE
getUserRewards ---> TOURGUIDESERVICE
getUserRewards ---> TOURGUIDESERVICE
getUserRewards ---> TOURGUIDESERVICE
getUserRewards ---> TOURGUIDESERVICE
getUserRewards ---> TOURGUIDESERVICE
getUserRewards ---> TOURGUIDESERVICE
getUserRewards ---> TOURGUIDESERVICE
getUserRewards ---> TOURGUIDESERVICE
getUserRewards ---> TOURGUIDESERVICE
getUserRewards ---> TOURGUIDESERVICE
getUserRewards ---> TOURGUIDESERVICE
getUserRewards ---> TOURGUIDESERVICE
getUserRewards ---> TOURGUIDESERVICE
getUserRewards ---> TOURGUIDESERVICE
getUserRewards ---> TOURGUIDESERVICE
getUserRewards ---> TOURGUIDESERVICE
getUserRewards ---> TOURGUIDESERVICE
getUserRewards ---> TOURGUIDESERVICE
getUserRewards ---> TOURGUIDESERVICE
getUserRewards ---> TOURGUIDESERVICE
getUserRewards ---> TOURGUIDESERVICE
getUserRewards ---> TOURGUIDESERVICE
getUserRewards ---> TOURGUIDESERVICE
getUserRewards ---> TOURGUIDESERVICE
getUserRewards ---> TOURGUIDESERVICE
getUserRewards ---> TOURGUIDESERVICE
getUserRewards ---> TOURGUIDESERVICE
getUserRewards ---> TOURGUIDESERVICE
getUserRewards ---> TOURGUIDESERVICE
getUserRewards ---> TOURGUIDESERVICE
getUserRewards ---> TOURGUIDESERVICE
getUserRewards ---> TOURGUIDESERVICE
getUserRewards ---> TOURGUIDESERVICE
getUserRewards ---> TOURGUIDESERVICE
getUserRewards ---> TOURGUIDESERVICE
getUserRewards ---> TOURGUIDESERVICE
getUserRewards ---> TOURGUIDESERVICE
getUserRewards ---> TOURGUIDESERVICE
getUserRewards ---> TOURGUIDESERVICE
getUserRewards ---> TOURGUIDESERVICE
getUserRewards ---> TOURGUIDESERVICE
getUserRewards ---> TOURGUIDESERVICE
getUserRewards ---> TOURGUIDESERVICE
getUserRewards ---> TOURGUIDESERVICE
getUserRewards ---> TOURGUIDESERVICE
getUserRewards ---> TOURGUIDESERVICE
getUserRewards ---> TOURGUIDESERVICE
getUserRewards ---> TOURGUIDESERVICE
getUserRewards ---> TOURGUIDESERVICE
getUserRewards ---> TOURGUIDESERVICE
getUserRewards ---> TOURGUIDESERVICE
getUserRewards ---> TOURGUIDESERVICE
getUserRewards ---> TOURGUIDESERVICE
getUserRewards ---> TOURGUIDESERVICE
getUserRewards ---> TOURGUIDESERVICE
getUserRewards ---> TOURGUIDESERVICE
getUserRewards ---> TOURGUIDESERVICE
getUserRewards ---> TOURGUIDESERVICE
getUserRewards ---> TOURGUIDESERVICE
getUserRewards ---> TOURGUIDESERVICE
getUserRewards ---> TOURGUIDESERVICE
getUserRewards ---> TOURGUIDESERVICE
getUserRewards ---> TOURGUIDESERVICE
getUserRewards ---> TOURGUIDESERVICE
getUserRewards ---> TOURGUIDESERVICE
getUserRewards ---> TOURGUIDESERVICE
getUserRewards ---> TOURGUIDESERVICE
getUserRewards ---> TOURGUIDESERVICE
getUserRewards ---> TOURGUIDESERVICE
getUserRewards ---> TOURGUIDESERVICE
getUserRewards ---> TOURGUIDESERVICE
getUserRewards ---> TOURGUIDESERVICE
getUserRewards ---> TOURGUIDESERVICE
getUserRewards ---> TOURGUIDESERVICE
getUserRewards ---> TOURGUIDESERVICE
getUserRewards ---> TOURGUIDESERVICE
getUserRewards ---> TOURGUIDESERVICE
getUserRewards ---> TOURGUIDESERVICE
getUserRewards ---> TOURGUIDESERVICE
getUserRewards ---> TOURGUIDESERVICE
getUserRewards ---> TOURGUIDESERVICE
getUserRewards ---> TOURGUIDESERVICE
getUserRewards ---> TOURGUIDESERVICE
getUserRewards ---> TOURGUIDESERVICE
getUserRewards ---> TOURGUIDESERVICE
getUserRewards ---> TOURGUIDESERVICE
getUserRewards ---> TOURGUIDESERVICE
getUserRewards ---> TOURGUIDESERVICE
getUserRewards ---> TOURGUIDESERVICE
getUserRewards ---> TOURGUIDESERVICE
getUserRewards ---> TOURGUIDESERVICE
getUserRewards ---> TOURGUIDESERVICE
getUserRewards ---> TOURGUIDESERVICE
getUserRewards ---> TOURGUIDESERVICE
getUserRewards ---> TOURGUIDESERVICE
getUserRewards ---> TOURGUIDESERVICE
getUserRewards ---> TOURGUIDESERVICE
getUserRewards ---> TOURGUIDESERVICE
getUserRewards ---> TOURGUIDESERVICE
getUserRewards ---> TOURGUIDESERVICE
getUserRewards ---> TOURGUIDESERVICE
getUserRewards ---> TOURGUIDESERVICE
getUserRewards ---> TOURGUIDESERVICE
getUserRewards ---> TOURGUIDESERVICE
getUserRewards ---> TOURGUIDESERVICE
getUserRewards ---> TOURGUIDESERVICE
getUserRewards ---> TOURGUIDESERVICE
getUserRewards ---> TOURGUIDESERVICE
getUserRewards ---> TOURGUIDESERVICE
getUserRewards ---> TOURGUIDESERVICE
getUserRewards ---> TOURGUIDESERVICE
getUserRewards ---> TOURGUIDESERVICE
getUserRewards ---> TOURGUIDESERVICE
getUserRewards ---> TOURGUIDESERVICE
getUserRewards ---> TOURGUIDESERVICE
getUserRewards ---> TOURGUIDESERVICE
getUserRewards ---> TOURGUIDESERVICE
getUserRewards ---> TOURGUIDESERVICE
getUserRewards ---> TOURGUIDESERVICE
getUserRewards ---> TOURGUIDESERVICE
getUserRewards ---> TOURGUIDESERVICE
getUserRewards ---> TOURGUIDESERVICE
getUserRewards ---> TOURGUIDESERVICE
getUserRewards ---> TOURGUIDESERVICE
getUserRewards ---> TOURGUIDESERVICE
getUserRewards ---> TOURGUIDESERVICE
getUserRewards ---> TOURGUIDESERVICE
getUserRewards ---> TOURGUIDESERVICE
getUserRewards ---> TOURGUIDESERVICE
getUserRewards ---> TOURGUIDESERVICE
getUserRewards ---> TOURGUIDESERVICE
getUserRewards ---> TOURGUIDESERVICE
getUserRewards ---> TOURGUIDESERVICE
getUserRewards ---> TOURGUIDESERVICE
getUserRewards ---> TOURGUIDESERVICE
getUserRewards ---> TOURGUIDESERVICE
getUserRewards ---> TOURGUIDESERVICE
getUserRewards ---> TOURGUIDESERVICE
getUserRewards ---> TOURGUIDESERVICE
getUserRewards ---> TOURGUIDESERVICE
getUserRewards ---> TOURGUIDESERVICE
getUserRewards ---> TOURGUIDESERVICE
getUserRewards ---> TOURGUIDESERVICE
getUserRewards ---> TOURGUIDESERVICE
getUserRewards ---> TOURGUIDESERVICE
getUserRewards ---> TOURGUIDESERVICE
getUserRewards ---> TOURGUIDESERVICE
getUserRewards ---> TOURGUIDESERVICE
getUserRewards ---> TOURGUIDESERVICE
getUserRewards ---> TOURGUIDESERVICE
getUserRewards ---> TOURGUIDESERVICE
getUserRewards ---> TOURGUIDESERVICE
getUserRewards ---> TOURGUIDESERVICE
getUserRewards ---> TOURGUIDESERVICE
getUserRewards ---> TOURGUIDESERVICE
getUserRewards ---> TOURGUIDESERVICE
getUserRewards ---> TOURGUIDESERVICE
getUserRewards ---> TOURGUIDESERVICE
getUserRewards ---> TOURGUIDESERVICE
getUserRewards ---> TOURGUIDESERVICE
getUserRewards ---> TOURGUIDESERVICE
getUserRewards ---> TOURGUIDESERVICE
getUserRewards ---> TOURGUIDESERVICE
getUserRewards ---> TOURGUIDESERVICE
getUserRewards ---> TOURGUIDESERVICE
getUserRewards ---> TOURGUIDESERVICE
getUserRewards ---> TOURGUIDESERVICE
getUserRewards ---> TOURGUIDESERVICE
getUserRewards ---> TOURGUIDESERVICE
getUserRewards ---> TOURGUIDESERVICE
getUserRewards ---> TOURGUIDESERVICE
getUserRewards ---> TOURGUIDESERVICE
getUserRewards ---> TOURGUIDESERVICE
getUserRewards ---> TOURGUIDESERVICE
getUserRewards ---> TOURGUIDESERVICE
getUserRewards ---> TOURGUIDESERVICE
getUserRewards ---> TOURGUIDESERVICE
getUserRewards ---> TOURGUIDESERVICE
getUserRewards ---> TOURGUIDESERVICE
getUserRewards ---> TOURGUIDESERVICE
getUserRewards ---> TOURGUIDESERVICE
getUserRewards ---> TOURGUIDESERVICE
getUserRewards ---> TOURGUIDESERVICE
getUserRewards ---> TOURGUIDESERVICE
getUserRewards ---> TOURGUIDESERVICE
getUserRewards ---> TOURGUIDESERVICE
getUserRewards ---> TOURGUIDESERVICE
getUserRewards ---> TOURGUIDESERVICE
getUserRewards ---> TOURGUIDESERVICE
getUserRewards ---> TOURGUIDESERVICE
getUserRewards ---> TOURGUIDESERVICE
getUserRewards ---> TOURGUIDESERVICE
getUserRewards ---> TOURGUIDESERVICE
getUserRewards ---> TOURGUIDESERVICE
getUserRewards ---> TOURGUIDESERVICE
getUserRewards ---> TOURGUIDESERVICE
getUserRewards ---> TOURGUIDESERVICE
getUserRewards ---> TOURGUIDESERVICE
getUserRewards ---> TOURGUIDESERVICE
getUserRewards ---> TOURGUIDESERVICE
getUserRewards ---> TOURGUIDESERVICE
getUserRewards ---> TOURGUIDESERVICE
getUserRewards ---> TOURGUIDESERVICE
getUserRewards ---> TOURGUIDESERVICE
getUserRewards ---> TOURGUIDESERVICE
getUserRewards ---> TOURGUIDESERVICE
getUserRewards ---> TOURGUIDESERVICE
getUserRewards ---> TOURGUIDESERVICE
getUserRewards ---> TOURGUIDESERVICE
getUserRewards ---> TOURGUIDESERVICE
getUserRewards ---> TOURGUIDESERVICE
getUserRewards ---> TOURGUIDESERVICE
getUserRewards ---> TOURGUIDESERVICE
getUserRewards ---> TOURGUIDESERVICE
getUserRewards ---> TOURGUIDESERVICE
getUserRewards ---> TOURGUIDESERVICE
getUserRewards ---> TOURGUIDESERVICE
getUserRewards ---> TOURGUIDESERVICE
getUserRewards ---> TOURGUIDESERVICE
getUserRewards ---> TOURGUIDESERVICE
getUserRewards ---> TOURGUIDESERVICE
getUserRewards ---> TOURGUIDESERVICE
getUserRewards ---> TOURGUIDESERVICE
getUserRewards ---> TOURGUIDESERVICE
getUserRewards ---> TOURGUIDESERVICE
getUserRewards ---> TOURGUIDESERVICE
getUserRewards ---> TOURGUIDESERVICE
getUserRewards ---> TOURGUIDESERVICE
getUserRewards ---> TOURGUIDESERVICE
getUserRewards ---> TOURGUIDESERVICE
getUserRewards ---> TOURGUIDESERVICE
getUserRewards ---> TOURGUIDESERVICE
getUserRewards ---> TOURGUIDESERVICE
getUserRewards ---> TOURGUIDESERVICE
getUserRewards ---> TOURGUIDESERVICE
getUserRewards ---> TOURGUIDESERVICE
getUserRewards ---> TOURGUIDESERVICE
getUserRewards ---> TOURGUIDESERVICE
getUserRewards ---> TOURGUIDESERVICE
getUserRewards ---> TOURGUIDESERVICE
getUserRewards ---> TOURGUIDESERVICE
getUserRewards ---> TOURGUIDESERVICE
getUserRewards ---> TOURGUIDESERVICE
getUserRewards ---> TOURGUIDESERVICE
getUserRewards ---> TOURGUIDESERVICE
getUserRewards ---> TOURGUIDESERVICE
getUserRewards ---> TOURGUIDESERVICE
getUserRewards ---> TOURGUIDESERVICE
getUserRewards ---> TOURGUIDESERVICE
getUserRewards ---> TOURGUIDESERVICE
getUserRewards ---> TOURGUIDESERVICE
getUserRewards ---> TOURGUIDESERVICE
getUserRewards ---> TOURGUIDESERVICE
getUserRewards ---> TOURGUIDESERVICE
getUserRewards ---> TOURGUIDESERVICE
getUserRewards ---> TOURGUIDESERVICE
getUserRewards ---> TOURGUIDESERVICE
getUserRewards ---> TOURGUIDESERVICE
getUserRewards ---> TOURGUIDESERVICE
getUserRewards ---> TOURGUIDESERVICE
getUserRewards ---> TOURGUIDESERVICE
getUserRewards ---> TOURGUIDESERVICE
getUserRewards ---> TOURGUIDESERVICE
getUserRewards ---> TOURGUIDESERVICE
getUserRewards ---> TOURGUIDESERVICE
getUserRewards ---> TOURGUIDESERVICE
getUserRewards ---> TOURGUIDESERVICE
getUserRewards ---> TOURGUIDESERVICE
getUserRewards ---> TOURGUIDESERVICE
getUserRewards ---> TOURGUIDESERVICE
getUserRewards ---> TOURGUIDESERVICE
getUserRewards ---> TOURGUIDESERVICE
getUserRewards ---> TOURGUIDESERVICE
getUserRewards ---> TOURGUIDESERVICE
getUserRewards ---> TOURGUIDESERVICE
getUserRewards ---> TOURGUIDESERVICE
getUserRewards ---> TOURGUIDESERVICE
getUserRewards ---> TOURGUIDESERVICE
getUserRewards ---> TOURGUIDESERVICE
getUserRewards ---> TOURGUIDESERVICE
getUserRewards ---> TOURGUIDESERVICE
getUserRewards ---> TOURGUIDESERVICE
getUserRewards ---> TOURGUIDESERVICE
getUserRewards ---> TOURGUIDESERVICE
getUserRewards ---> TOURGUIDESERVICE
getUserRewards ---> TOURGUIDESERVICE
getUserRewards ---> TOURGUIDESERVICE
getUserRewards ---> TOURGUIDESERVICE
getUserRewards ---> TOURGUIDESERVICE
getUserRewards ---> TOURGUIDESERVICE
getUserRewards ---> TOURGUIDESERVICE
getUserRewards ---> TOURGUIDESERVICE
getUserRewards ---> TOURGUIDESERVICE
getUserRewards ---> TOURGUIDESERVICE
getUserRewards ---> TOURGUIDESERVICE
getUserRewards ---> TOURGUIDESERVICE
getUserRewards ---> TOURGUIDESERVICE
getUserRewards ---> TOURGUIDESERVICE
getUserRewards ---> TOURGUIDESERVICE
getUserRewards ---> TOURGUIDESERVICE
getUserRewards ---> TOURGUIDESERVICE
getUserRewards ---> TOURGUIDESERVICE
getUserRewards ---> TOURGUIDESERVICE
getUserRewards ---> TOURGUIDESERVICE
getUserRewards ---> TOURGUIDESERVICE
getUserRewards ---> TOURGUIDESERVICE
getUserRewards ---> TOURGUIDESERVICE
getUserRewards ---> TOURGUIDESERVICE
getUserRewards ---> TOURGUIDESERVICE
getUserRewards ---> TOURGUIDESERVICE
getUserRewards ---> TOURGUIDESERVICE
getUserRewards ---> TOURGUIDESERVICE
getUserRewards ---> TOURGUIDESERVICE
getUserRewards ---> TOURGUIDESERVICE
getUserRewards ---> TOURGUIDESERVICE
getUserRewards ---> TOURGUIDESERVICE
getUserRewards ---> TOURGUIDESERVICE
getUserRewards ---> TOURGUIDESERVICE
getUserRewards ---> TOURGUIDESERVICE
getUserRewards ---> TOURGUIDESERVICE
getUserRewards ---> TOURGUIDESERVICE
getUserRewards ---> TOURGUIDESERVICE
getUserRewards ---> TOURGUIDESERVICE
getUserRewards ---> TOURGUIDESERVICE
getUserRewards ---> TOURGUIDESERVICE
getUserRewards ---> TOURGUIDESERVICE
getUserRewards ---> TOURGUIDESERVICE
getUserRewards ---> TOURGUIDESERVICE
getUserRewards ---> TOURGUIDESERVICE
getUserRewards ---> TOURGUIDESERVICE
getUserRewards ---> TOURGUIDESERVICE
getUserRewards ---> TOURGUIDESERVICE
getUserRewards ---> TOURGUIDESERVICE
getUserRewards ---> TOURGUIDESERVICE
getUserRewards ---> TOURGUIDESERVICE
getUserRewards ---> TOURGUIDESERVICE
getUserRewards ---> TOURGUIDESERVICE
getUserRewards ---> TOURGUIDESERVICE
getUserRewards ---> TOURGUIDESERVICE
getUserRewards ---> TOURGUIDESERVICE
getUserRewards ---> TOURGUIDESERVICE
getUserRewards ---> TOURGUIDESERVICE
getUserRewards ---> TOURGUIDESERVICE
getUserRewards ---> TOURGUIDESERVICE
getUserRewards ---> TOURGUIDESERVICE
getUserRewards ---> TOURGUIDESERVICE
getUserRewards ---> TOURGUIDESERVICE
getUserRewards ---> TOURGUIDESERVICE
getUserRewards ---> TOURGUIDESERVICE
getUserRewards ---> TOURGUIDESERVICE
getUserRewards ---> TOURGUIDESERVICE
getUserRewards ---> TOURGUIDESERVICE
getUserRewards ---> TOURGUIDESERVICE
getUserRewards ---> TOURGUIDESERVICE
getUserRewards ---> TOURGUIDESERVICE
getUserRewards ---> TOURGUIDESERVICE
getUserRewards ---> TOURGUIDESERVICE
getUserRewards ---> TOURGUIDESERVICE
getUserRewards ---> TOURGUIDESERVICE
getUserRewards ---> TOURGUIDESERVICE
getUserRewards ---> TOURGUIDESERVICE
getUserRewards ---> TOURGUIDESERVICE
getUserRewards ---> TOURGUIDESERVICE
getUserRewards ---> TOURGUIDESERVICE
getUserRewards ---> TOURGUIDESERVICE
getUserRewards ---> TOURGUIDESERVICE
getUserRewards ---> TOURGUIDESERVICE
getUserRewards ---> TOURGUIDESERVICE
getUserRewards ---> TOURGUIDESERVICE
getUserRewards ---> TOURGUIDESERVICE
getUserRewards ---> TOURGUIDESERVICE
getUserRewards ---> TOURGUIDESERVICE
getUserRewards ---> TOURGUIDESERVICE
getUserRewards ---> TOURGUIDESERVICE
getUserRewards ---> TOURGUIDESERVICE
getUserRewards ---> TOURGUIDESERVICE
getUserRewards ---> TOURGUIDESERVICE
getUserRewards ---> TOURGUIDESERVICE
getUserRewards ---> TOURGUIDESERVICE
getUserRewards ---> TOURGUIDESERVICE
getUserRewards ---> TOURGUIDESERVICE
getUserRewards ---> TOURGUIDESERVICE
getUserRewards ---> TOURGUIDESERVICE
getUserRewards ---> TOURGUIDESERVICE
getUserRewards ---> TOURGUIDESERVICE
getUserRewards ---> TOURGUIDESERVICE
getUserRewards ---> TOURGUIDESERVICE
getUserRewards ---> TOURGUIDESERVICE
getUserRewards ---> TOURGUIDESERVICE
getUserRewards ---> TOURGUIDESERVICE
getUserRewards ---> TOURGUIDESERVICE
getUserRewards ---> TOURGUIDESERVICE
getUserRewards ---> TOURGUIDESERVICE
getUserRewards ---> TOURGUIDESERVICE
getUserRewards ---> TOURGUIDESERVICE
getUserRewards ---> TOURGUIDESERVICE
getUserRewards ---> TOURGUIDESERVICE
getUserRewards ---> TOURGUIDESERVICE
getUserRewards ---> TOURGUIDESERVICE
getUserRewards ---> TOURGUIDESERVICE
getUserRewards ---> TOURGUIDESERVICE
getUserRewards ---> TOURGUIDESERVICE
getUserRewards ---> TOURGUIDESERVICE
getUserRewards ---> TOURGUIDESERVICE
getUserRewards ---> TOURGUIDESERVICE
getUserRewards ---> TOURGUIDESERVICE
getUserRewards ---> TOURGUIDESERVICE
getUserRewards ---> TOURGUIDESERVICE
getUserRewards ---> TOURGUIDESERVICE
getUserRewards ---> TOURGUIDESERVICE
getUserRewards ---> TOURGUIDESERVICE
getUserRewards ---> TOURGUIDESERVICE
getUserRewards ---> TOURGUIDESERVICE
getUserRewards ---> TOURGUIDESERVICE
getUserRewards ---> TOURGUIDESERVICE
getUserRewards ---> TOURGUIDESERVICE
getUserRewards ---> TOURGUIDESERVICE
getUserRewards ---> TOURGUIDESERVICE
getUserRewards ---> TOURGUIDESERVICE
getUserRewards ---> TOURGUIDESERVICE
getUserRewards ---> TOURGUIDESERVICE
getUserRewards ---> TOURGUIDESERVICE
getUserRewards ---> TOURGUIDESERVICE
getUserRewards ---> TOURGUIDESERVICE
getUserRewards ---> TOURGUIDESERVICE
getUserRewards ---> TOURGUIDESERVICE
getUserRewards ---> TOURGUIDESERVICE
getUserRewards ---> TOURGUIDESERVICE
getUserRewards ---> TOURGUIDESERVICE
getUserRewards ---> TOURGUIDESERVICE
getUserRewards ---> TOURGUIDESERVICE
getUserRewards ---> TOURGUIDESERVICE
getUserRewards ---> TOURGUIDESERVICE
getUserRewards ---> TOURGUIDESERVICE
getUserRewards ---> TOURGUIDESERVICE
getUserRewards ---> TOURGUIDESERVICE
getUserRewards ---> TOURGUIDESERVICE
getUserRewards ---> TOURGUIDESERVICE
getUserRewards ---> TOURGUIDESERVICE
getUserRewards ---> TOURGUIDESERVICE
getUserRewards ---> TOURGUIDESERVICE
getUserRewards ---> TOURGUIDESERVICE
getUserRewards ---> TOURGUIDESERVICE
getUserRewards ---> TOURGUIDESERVICE
getUserRewards ---> TOURGUIDESERVICE
getUserRewards ---> TOURGUIDESERVICE
getUserRewards ---> TOURGUIDESERVICE
getUserRewards ---> TOURGUIDESERVICE
getUserRewards ---> TOURGUIDESERVICE
getUserRewards ---> TOURGUIDESERVICE
getUserRewards ---> TOURGUIDESERVICE
getUserRewards ---> TOURGUIDESERVICE
getUserRewards ---> TOURGUIDESERVICE
getUserRewards ---> TOURGUIDESERVICE
getUserRewards ---> TOURGUIDESERVICE
getUserRewards ---> TOURGUIDESERVICE
getUserRewards ---> TOURGUIDESERVICE
getUserRewards ---> TOURGUIDESERVICE
getUserRewards ---> TOURGUIDESERVICE
getUserRewards ---> TOURGUIDESERVICE
getUserRewards ---> TOURGUIDESERVICE
getUserRewards ---> TOURGUIDESERVICE
getUserRewards ---> TOURGUIDESERVICE
getUserRewards ---> TOURGUIDESERVICE
getUserRewards ---> TOURGUIDESERVICE
getUserRewards ---> TOURGUIDESERVICE
getUserRewards ---> TOURGUIDESERVICE
getUserRewards ---> TOURGUIDESERVICE
getUserRewards ---> TOURGUIDESERVICE
getUserRewards ---> TOURGUIDESERVICE
getUserRewards ---> TOURGUIDESERVICE
getUserRewards ---> TOURGUIDESERVICE
getUserRewards ---> TOURGUIDESERVICE
getUserRewards ---> TOURGUIDESERVICE
getUserRewards ---> TOURGUIDESERVICE
getUserRewards ---> TOURGUIDESERVICE
getUserRewards ---> TOURGUIDESERVICE
getUserRewards ---> TOURGUIDESERVICE
getUserRewards ---> TOURGUIDESERVICE
getUserRewards ---> TOURGUIDESERVICE
getUserRewards ---> TOURGUIDESERVICE
getUserRewards ---> TOURGUIDESERVICE
getUserRewards ---> TOURGUIDESERVICE
getUserRewards ---> TOURGUIDESERVICE
getUserRewards ---> TOURGUIDESERVICE
getUserRewards ---> TOURGUIDESERVICE
getUserRewards ---> TOURGUIDESERVICE
getUserRewards ---> TOURGUIDESERVICE
getUserRewards ---> TOURGUIDESERVICE
getUserRewards ---> TOURGUIDESERVICE
getUserRewards ---> TOURGUIDESERVICE
getUserRewards ---> TOURGUIDESERVICE
getUserRewards ---> TOURGUIDESERVICE
getUserRewards ---> TOURGUIDESERVICE
getUserRewards ---> TOURGUIDESERVICE
getUserRewards ---> TOURGUIDESERVICE
getUserRewards ---> TOURGUIDESERVICE
getUserRewards ---> TOURGUIDESERVICE
getUserRewards ---> TOURGUIDESERVICE
getUserRewards ---> TOURGUIDESERVICE
getUserRewards ---> TOURGUIDESERVICE
getUserRewards ---> TOURGUIDESERVICE
getUserRewards ---> TOURGUIDESERVICE
getUserRewards ---> TOURGUIDESERVICE
getUserRewards ---> TOURGUIDESERVICE
getUserRewards ---> TOURGUIDESERVICE
getUserRewards ---> TOURGUIDESERVICE
getUserRewards ---> TOURGUIDESERVICE
getUserRewards ---> TOURGUIDESERVICE
getUserRewards ---> TOURGUIDESERVICE
getUserRewards ---> TOURGUIDESERVICE
getUserRewards ---> TOURGUIDESERVICE
getUserRewards ---> TOURGUIDESERVICE
getUserRewards ---> TOURGUIDESERVICE
getUserRewards ---> TOURGUIDESERVICE
getUserRewards ---> TOURGUIDESERVICE
getUserRewards ---> TOURGUIDESERVICE
getUserRewards ---> TOURGUIDESERVICE
getUserRewards ---> TOURGUIDESERVICE
getUserRewards ---> TOURGUIDESERVICE
getUserRewards ---> TOURGUIDESERVICE
getUserRewards ---> TOURGUIDESERVICE
getUserRewards ---> TOURGUIDESERVICE
getUserRewards ---> TOURGUIDESERVICE
getUserRewards ---> TOURGUIDESERVICE
getUserRewards ---> TOURGUIDESERVICE
getUserRewards ---> TOURGUIDESERVICE
getUserRewards ---> TOURGUIDESERVICE
getUserRewards ---> TOURGUIDESERVICE
getUserRewards ---> TOURGUIDESERVICE
getUserRewards ---> TOURGUIDESERVICE
getUserRewards ---> TOURGUIDESERVICE
getUserRewards ---> TOURGUIDESERVICE
getUserRewards ---> TOURGUIDESERVICE
getUserRewards ---> TOURGUIDESERVICE
getUserRewards ---> TOURGUIDESERVICE
getUserRewards ---> TOURGUIDESERVICE
getUserRewards ---> TOURGUIDESERVICE
getUserRewards ---> TOURGUIDESERVICE
getUserRewards ---> TOURGUIDESERVICE
getUserRewards ---> TOURGUIDESERVICE
getUserRewards ---> TOURGUIDESERVICE
getUserRewards ---> TOURGUIDESERVICE
getUserRewards ---> TOURGUIDESERVICE
getUserRewards ---> TOURGUIDESERVICE
getUserRewards ---> TOURGUIDESERVICE
getUserRewards ---> TOURGUIDESERVICE
getUserRewards ---> TOURGUIDESERVICE
getUserRewards ---> TOURGUIDESERVICE
getUserRewards ---> TOURGUIDESERVICE
getUserRewards ---> TOURGUIDESERVICE
getUserRewards ---> TOURGUIDESERVICE
getUserRewards ---> TOURGUIDESERVICE
getUserRewards ---> TOURGUIDESERVICE
getUserRewards ---> TOURGUIDESERVICE
getUserRewards ---> TOURGUIDESERVICE
getUserRewards ---> TOURGUIDESERVICE
getUserRewards ---> TOURGUIDESERVICE
getUserRewards ---> TOURGUIDESERVICE
getUserRewards ---> TOURGUIDESERVICE
getUserRewards ---> TOURGUIDESERVICE
getUserRewards ---> TOURGUIDESERVICE
getUserRewards ---> TOURGUIDESERVICE
getUserRewards ---> TOURGUIDESERVICE
getUserRewards ---> TOURGUIDESERVICE
getUserRewards ---> TOURGUIDESERVICE
getUserRewards ---> TOURGUIDESERVICE
getUserRewards ---> TOURGUIDESERVICE
getUserRewards ---> TOURGUIDESERVICE
getUserRewards ---> TOURGUIDESERVICE
getUserRewards ---> TOURGUIDESERVICE
getUserRewards ---> TOURGUIDESERVICE
getUserRewards ---> TOURGUIDESERVICE
getUserRewards ---> TOURGUIDESERVICE
getUserRewards ---> TOURGUIDESERVICE
getUserRewards ---> TOURGUIDESERVICE
getUserRewards ---> TOURGUIDESERVICE
getUserRewards ---> TOURGUIDESERVICE
getUserRewards ---> TOURGUIDESERVICE
getUserRewards ---> TOURGUIDESERVICE
getUserRewards ---> TOURGUIDESERVICE
getUserRewards ---> TOURGUIDESERVICE
getUserRewards ---> TOURGUIDESERVICE
getUserRewards ---> TOURGUIDESERVICE
getUserRewards ---> TOURGUIDESERVICE
getUserRewards ---> TOURGUIDESERVICE
getUserRewards ---> TOURGUIDESERVICE
getUserRewards ---> TOURGUIDESERVICE
getUserRewards ---> TOURGUIDESERVICE
getUserRewards ---> TOURGUIDESERVICE
getUserRewards ---> TOURGUIDESERVICE
getUserRewards ---> TOURGUIDESERVICE
getUserRewards ---> TOURGUIDESERVICE
getUserRewards ---> TOURGUIDESERVICE
getUserRewards ---> TOURGUIDESERVICE
getUserRewards ---> TOURGUIDESERVICE
getUserRewards ---> TOURGUIDESERVICE
getUserRewards ---> TOURGUIDESERVICE
getUserRewards ---> TOURGUIDESERVICE
getUserRewards ---> TOURGUIDESERVICE
getUserRewards ---> TOURGUIDESERVICE
getUserRewards ---> TOURGUIDESERVICE
getUserRewards ---> TOURGUIDESERVICE
getUserRewards ---> TOURGUIDESERVICE
getUserRewards ---> TOURGUIDESERVICE
getUserRewards ---> TOURGUIDESERVICE
getUserRewards ---> TOURGUIDESERVICE
getUserRewards ---> TOURGUIDESERVICE
getUserRewards ---> TOURGUIDESERVICE
getUserRewards ---> TOURGUIDESERVICE
getUserRewards ---> TOURGUIDESERVICE
getUserRewards ---> TOURGUIDESERVICE
getUserRewards ---> TOURGUIDESERVICE
getUserRewards ---> TOURGUIDESERVICE
getUserRewards ---> TOURGUIDESERVICE
getUserRewards ---> TOURGUIDESERVICE
getUserRewards ---> TOURGUIDESERVICE
getUserRewards ---> TOURGUIDESERVICE
getUserRewards ---> TOURGUIDESERVICE
getUserRewards ---> TOURGUIDESERVICE
getUserRewards ---> TOURGUIDESERVICE
getUserRewards ---> TOURGUIDESERVICE
getUserRewards ---> TOURGUIDESERVICE
getUserRewards ---> TOURGUIDESERVICE
getUserRewards ---> TOURGUIDESERVICE
getUserRewards ---> TOURGUIDESERVICE
getUserRewards ---> TOURGUIDESERVICE
getUserRewards ---> TOURGUIDESERVICE
getUserRewards ---> TOURGUIDESERVICE
getUserRewards ---> TOURGUIDESERVICE
getUserRewards ---> TOURGUIDESERVICE
getUserRewards ---> TOURGUIDESERVICE
getUserRewards ---> TOURGUIDESERVICE
getUserRewards ---> TOURGUIDESERVICE
getUserRewards ---> TOURGUIDESERVICE
getUserRewards ---> TOURGUIDESERVICE
getUserRewards ---> TOURGUIDESERVICE
getUserRewards ---> TOURGUIDESERVICE
getUserRewards ---> TOURGUIDESERVICE
getUserRewards ---> TOURGUIDESERVICE
getUserRewards ---> TOURGUIDESERVICE
getUserRewards ---> TOURGUIDESERVICE
getUserRewards ---> TOURGUIDESERVICE
getUserRewards ---> TOURGUIDESERVICE
getUserRewards ---> TOURGUIDESERVICE
getUserRewards ---> TOURGUIDESERVICE
getUserRewards ---> TOURGUIDESERVICE
getUserRewards ---> TOURGUIDESERVICE
getUserRewards ---> TOURGUIDESERVICE
getUserRewards ---> TOURGUIDESERVICE
getUserRewards ---> TOURGUIDESERVICE
getUserRewards ---> TOURGUIDESERVICE
getUserRewards ---> TOURGUIDESERVICE
getUserRewards ---> TOURGUIDESERVICE
getUserRewards ---> TOURGUIDESERVICE
getUserRewards ---> TOURGUIDESERVICE
getUserRewards ---> TOURGUIDESERVICE
getUserRewards ---> TOURGUIDESERVICE
getUserRewards ---> TOURGUIDESERVICE
getUserRewards ---> TOURGUIDESERVICE
getUserRewards ---> TOURGUIDESERVICE
getUserRewards ---> TOURGUIDESERVICE
getUserRewards ---> TOURGUIDESERVICE
getUserRewards ---> TOURGUIDESERVICE
getUserRewards ---> TOURGUIDESERVICE
getUserRewards ---> TOURGUIDESERVICE
getUserRewards ---> TOURGUIDESERVICE
getUserRewards ---> TOURGUIDESERVICE
getUserRewards ---> TOURGUIDESERVICE
getUserRewards ---> TOURGUIDESERVICE
getUserRewards ---> TOURGUIDESERVICE
getUserRewards ---> TOURGUIDESERVICE
getUserRewards ---> TOURGUIDESERVICE
getUserRewards ---> TOURGUIDESERVICE
getUserRewards ---> TOURGUIDESERVICE
getUserRewards ---> TOURGUIDESERVICE
getUserRewards ---> TOURGUIDESERVICE
getUserRewards ---> TOURGUIDESERVICE
getUserRewards ---> TOURGUIDESERVICE
getUserRewards ---> TOURGUIDESERVICE
getUserRewards ---> TOURGUIDESERVICE
getUserRewards ---> TOURGUIDESERVICE
getUserRewards ---> TOURGUIDESERVICE
getUserRewards ---> TOURGUIDESERVICE
getUserRewards ---> TOURGUIDESERVICE
getUserRewards ---> TOURGUIDESERVICE
getUserRewards ---> TOURGUIDESERVICE
getUserRewards ---> TOURGUIDESERVICE
getUserRewards ---> TOURGUIDESERVICE
getUserRewards ---> TOURGUIDESERVICE
getUserRewards ---> TOURGUIDESERVICE
getUserRewards ---> TOURGUIDESERVICE
getUserRewards ---> TOURGUIDESERVICE
getUserRewards ---> TOURGUIDESERVICE
getUserRewards ---> TOURGUIDESERVICE
getUserRewards ---> TOURGUIDESERVICE
getUserRewards ---> TOURGUIDESERVICE
getUserRewards ---> TOURGUIDESERVICE
getUserRewards ---> TOURGUIDESERVICE
getUserRewards ---> TOURGUIDESERVICE
getUserRewards ---> TOURGUIDESERVICE
getUserRewards ---> TOURGUIDESERVICE
getUserRewards ---> TOURGUIDESERVICE
getUserRewards ---> TOURGUIDESERVICE
getUserRewards ---> TOURGUIDESERVICE
getUserRewards ---> TOURGUIDESERVICE
getUserRewards ---> TOURGUIDESERVICE
getUserRewards ---> TOURGUIDESERVICE
getUserRewards ---> TOURGUIDESERVICE
getUserRewards ---> TOURGUIDESERVICE
getUserRewards ---> TOURGUIDESERVICE
getUserRewards ---> TOURGUIDESERVICE
getUserRewards ---> TOURGUIDESERVICE
getUserRewards ---> TOURGUIDESERVICE
getUserRewards ---> TOURGUIDESERVICE
getUserRewards ---> TOURGUIDESERVICE
getUserRewards ---> TOURGUIDESERVICE
getUserRewards ---> TOURGUIDESERVICE
getUserRewards ---> TOURGUIDESERVICE
getUserRewards ---> TOURGUIDESERVICE
getUserRewards ---> TOURGUIDESERVICE
getUserRewards ---> TOURGUIDESERVICE
getUserRewards ---> TOURGUIDESERVICE
getUserRewards ---> TOURGUIDESERVICE
getUserRewards ---> TOURGUIDESERVICE
getUserRewards ---> TOURGUIDESERVICE
getUserRewards ---> TOURGUIDESERVICE
getUserRewards ---> TOURGUIDESERVICE
getUserRewards ---> TOURGUIDESERVICE
getUserRewards ---> TOURGUIDESERVICE
getUserRewards ---> TOURGUIDESERVICE
getUserRewards ---> TOURGUIDESERVICE
getUserRewards ---> TOURGUIDESERVICE
getUserRewards ---> TOURGUIDESERVICE
getUserRewards ---> TOURGUIDESERVICE
getUserRewards ---> TOURGUIDESERVICE
getUserRewards ---> TOURGUIDESERVICE
getUserRewards ---> TOURGUIDESERVICE
getUserRewards ---> TOURGUIDESERVICE
getUserRewards ---> TOURGUIDESERVICE
getUserRewards ---> TOURGUIDESERVICE
getUserRewards ---> TOURGUIDESERVICE
getUserRewards ---> TOURGUIDESERVICE
getUserRewards ---> TOURGUIDESERVICE
getUserRewards ---> TOURGUIDESERVICE
getUserRewards ---> TOURGUIDESERVICE
getUserRewards ---> TOURGUIDESERVICE
getUserRewards ---> TOURGUIDESERVICE
getUserRewards ---> TOURGUIDESERVICE
getUserRewards ---> TOURGUIDESERVICE
getUserRewards ---> TOURGUIDESERVICE
getUserRewards ---> TOURGUIDESERVICE
getUserRewards ---> TOURGUIDESERVICE
getUserRewards ---> TOURGUIDESERVICE
getUserRewards ---> TOURGUIDESERVICE
getUserRewards ---> TOURGUIDESERVICE
getUserRewards ---> TOURGUIDESERVICE
getUserRewards ---> TOURGUIDESERVICE
getUserRewards ---> TOURGUIDESERVICE
getUserRewards ---> TOURGUIDESERVICE
getUserRewards ---> TOURGUIDESERVICE
getUserRewards ---> TOURGUIDESERVICE
getUserRewards ---> TOURGUIDESERVICE
getUserRewards ---> TOURGUIDESERVICE
getUserRewards ---> TOURGUIDESERVICE
getUserRewards ---> TOURGUIDESERVICE
getUserRewards ---> TOURGUIDESERVICE
getUserRewards ---> TOURGUIDESERVICE
getUserRewards ---> TOURGUIDESERVICE
getUserRewards ---> TOURGUIDESERVICE
getUserRewards ---> TOURGUIDESERVICE
getUserRewards ---> TOURGUIDESERVICE
getUserRewards ---> TOURGUIDESERVICE
getUserRewards ---> TOURGUIDESERVICE
getUserRewards ---> TOURGUIDESERVICE
getUserRewards ---> TOURGUIDESERVICE
getUserRewards ---> TOURGUIDESERVICE
getUserRewards ---> TOURGUIDESERVICE
getUserRewards ---> TOURGUIDESERVICE
getUserRewards ---> TOURGUIDESERVICE
getUserRewards ---> TOURGUIDESERVICE
getUserRewards ---> TOURGUIDESERVICE
getUserRewards ---> TOURGUIDESERVICE
getUserRewards ---> TOURGUIDESERVICE
getUserRewards ---> TOURGUIDESERVICE
getUserRewards ---> TOURGUIDESERVICE
getUserRewards ---> TOURGUIDESERVICE
getUserRewards ---> TOURGUIDESERVICE
getUserRewards ---> TOURGUIDESERVICE
getUserRewards ---> TOURGUIDESERVICE
getUserRewards ---> TOURGUIDESERVICE
getUserRewards ---> TOURGUIDESERVICE
getUserRewards ---> TOURGUIDESERVICE
getUserRewards ---> TOURGUIDESERVICE
getUserRewards ---> TOURGUIDESERVICE
getUserRewards ---> TOURGUIDESERVICE
getUserRewards ---> TOURGUIDESERVICE
getUserRewards ---> TOURGUIDESERVICE
getUserRewards ---> TOURGUIDESERVICE
getUserRewards ---> TOURGUIDESERVICE
getUserRewards ---> TOURGUIDESERVICE
getUserRewards ---> TOURGUIDESERVICE
getUserRewards ---> TOURGUIDESERVICE
getUserRewards ---> TOURGUIDESERVICE
getUserRewards ---> TOURGUIDESERVICE
getUserRewards ---> TOURGUIDESERVICE
getUserRewards ---> TOURGUIDESERVICE
getUserRewards ---> TOURGUIDESERVICE
getUserRewards ---> TOURGUIDESERVICE
getUserRewards ---> TOURGUIDESERVICE
getUserRewards ---> TOURGUIDESERVICE
getUserRewards ---> TOURGUIDESERVICE
getUserRewards ---> TOURGUIDESERVICE
getUserRewards ---> TOURGUIDESERVICE
getUserRewards ---> TOURGUIDESERVICE
getUserRewards ---> TOURGUIDESERVICE
getUserRewards ---> TOURGUIDESERVICE
getUserRewards ---> TOURGUIDESERVICE
getUserRewards ---> TOURGUIDESERVICE
getUserRewards ---> TOURGUIDESERVICE
getUserRewards ---> TOURGUIDESERVICE
getUserRewards ---> TOURGUIDESERVICE
getUserRewards ---> TOURGUIDESERVICE
getUserRewards ---> TOURGUIDESERVICE
getUserRewards ---> TOURGUIDESERVICE
getUserRewards ---> TOURGUIDESERVICE
getUserRewards ---> TOURGUIDESERVICE
getUserRewards ---> TOURGUIDESERVICE
getUserRewards ---> TOURGUIDESERVICE
getUserRewards ---> TOURGUIDESERVICE
getUserRewards ---> TOURGUIDESERVICE
getUserRewards ---> TOURGUIDESERVICE
getUserRewards ---> TOURGUIDESERVICE
getUserRewards ---> TOURGUIDESERVICE
getUserRewards ---> TOURGUIDESERVICE
getUserRewards ---> TOURGUIDESERVICE
getUserRewards ---> TOURGUIDESERVICE
getUserRewards ---> TOURGUIDESERVICE
getUserRewards ---> TOURGUIDESERVICE
getUserRewards ---> TOURGUIDESERVICE
getUserRewards ---> TOURGUIDESERVICE
getUserRewards ---> TOURGUIDESERVICE
getUserRewards ---> TOURGUIDESERVICE
getUserRewards ---> TOURGUIDESERVICE
getUserRewards ---> TOURGUIDESERVICE
getUserRewards ---> TOURGUIDESERVICE
getUserRewards ---> TOURGUIDESERVICE
getUserRewards ---> TOURGUIDESERVICE
getUserRewards ---> TOURGUIDESERVICE
getUserRewards ---> TOURGUIDESERVICE
getUserRewards ---> TOURGUIDESERVICE
getUserRewards ---> TOURGUIDESERVICE
getUserRewards ---> TOURGUIDESERVICE
getUserRewards ---> TOURGUIDESERVICE
getUserRewards ---> TOURGUIDESERVICE
getUserRewards ---> TOURGUIDESERVICE
getUserRewards ---> TOURGUIDESERVICE
getUserRewards ---> TOURGUIDESERVICE
getUserRewards ---> TOURGUIDESERVICE
getUserRewards ---> TOURGUIDESERVICE
getUserRewards ---> TOURGUIDESERVICE
getUserRewards ---> TOURGUIDESERVICE
getUserRewards ---> TOURGUIDESERVICE
getUserRewards ---> TOURGUIDESERVICE
getUserRewards ---> TOURGUIDESERVICE
getUserRewards ---> TOURGUIDESERVICE
getUserRewards ---> TOURGUIDESERVICE
getUserRewards ---> TOURGUIDESERVICE
getUserRewards ---> TOURGUIDESERVICE
getUserRewards ---> TOURGUIDESERVICE
getUserRewards ---> TOURGUIDESERVICE
getUserRewards ---> TOURGUIDESERVICE
getUserRewards ---> TOURGUIDESERVICE
getUserRewards ---> TOURGUIDESERVICE
getUserRewards ---> TOURGUIDESERVICE
getUserRewards ---> TOURGUIDESERVICE
getUserRewards ---> TOURGUIDESERVICE
getUserRewards ---> TOURGUIDESERVICE
getUserRewards ---> TOURGUIDESERVICE
getUserRewards ---> TOURGUIDESERVICE
getUserRewards ---> TOURGUIDESERVICE
getUserRewards ---> TOURGUIDESERVICE
getUserRewards ---> TOURGUIDESERVICE
getUserRewards ---> TOURGUIDESERVICE
getUserRewards ---> TOURGUIDESERVICE
getUserRewards ---> TOURGUIDESERVICE
getUserRewards ---> TOURGUIDESERVICE
getUserRewards ---> TOURGUIDESERVICE
getUserRewards ---> TOURGUIDESERVICE
getUserRewards ---> TOURGUIDESERVICE
getUserRewards ---> TOURGUIDESERVICE
getUserRewards ---> TOURGUIDESERVICE
getUserRewards ---> TOURGUIDESERVICE
getUserRewards ---> TOURGUIDESERVICE
getUserRewards ---> TOURGUIDESERVICE
getUserRewards ---> TOURGUIDESERVICE
getUserRewards ---> TOURGUIDESERVICE
getUserRewards ---> TOURGUIDESERVICE
getUserRewards ---> TOURGUIDESERVICE
getUserRewards ---> TOURGUIDESERVICE
getUserRewards ---> TOURGUIDESERVICE
getUserRewards ---> TOURGUIDESERVICE
getUserRewards ---> TOURGUIDESERVICE
getUserRewards ---> TOURGUIDESERVICE
getUserRewards ---> TOURGUIDESERVICE
getUserRewards ---> TOURGUIDESERVICE
getUserRewards ---> TOURGUIDESERVICE
getUserRewards ---> TOURGUIDESERVICE
getUserRewards ---> TOURGUIDESERVICE
getUserRewards ---> TOURGUIDESERVICE
getUserRewards ---> TOURGUIDESERVICE
getUserRewards ---> TOURGUIDESERVICE
getUserRewards ---> TOURGUIDESERVICE
getUserRewards ---> TOURGUIDESERVICE
getUserRewards ---> TOURGUIDESERVICE
getUserRewards ---> TOURGUIDESERVICE
getUserRewards ---> TOURGUIDESERVICE
getUserRewards ---> TOURGUIDESERVICE
getUserRewards ---> TOURGUIDESERVICE
getUserRewards ---> TOURGUIDESERVICE
getUserRewards ---> TOURGUIDESERVICE
getUserRewards ---> TOURGUIDESERVICE
getUserRewards ---> TOURGUIDESERVICE
getUserRewards ---> TOURGUIDESERVICE
getUserRewards ---> TOURGUIDESERVICE
getUserRewards ---> TOURGUIDESERVICE
getUserRewards ---> TOURGUIDESERVICE
getUserRewards ---> TOURGUIDESERVICE
getUserRewards ---> TOURGUIDESERVICE
getUserRewards ---> TOURGUIDESERVICE
getUserRewards ---> TOURGUIDESERVICE
getUserRewards ---> TOURGUIDESERVICE
getUserRewards ---> TOURGUIDESERVICE
getUserRewards ---> TOURGUIDESERVICE
getUserRewards ---> TOURGUIDESERVICE
getUserRewards ---> TOURGUIDESERVICE
getUserRewards ---> TOURGUIDESERVICE
getUserRewards ---> TOURGUIDESERVICE
getUserRewards ---> TOURGUIDESERVICE
getUserRewards ---> TOURGUIDESERVICE
getUserRewards ---> TOURGUIDESERVICE
getUserRewards ---> TOURGUIDESERVICE
getUserRewards ---> TOURGUIDESERVICE
getUserRewards ---> TOURGUIDESERVICE
getUserRewards ---> TOURGUIDESERVICE
getUserRewards ---> TOURGUIDESERVICE
getUserRewards ---> TOURGUIDESERVICE
getUserRewards ---> TOURGUIDESERVICE
getUserRewards ---> TOURGUIDESERVICE
getUserRewards ---> TOURGUIDESERVICE
getUserRewards ---> TOURGUIDESERVICE
getUserRewards ---> TOURGUIDESERVICE
getUserRewards ---> TOURGUIDESERVICE
getUserRewards ---> TOURGUIDESERVICE
getUserRewards ---> TOURGUIDESERVICE
getUserRewards ---> TOURGUIDESERVICE
getUserRewards ---> TOURGUIDESERVICE
getUserRewards ---> TOURGUIDESERVICE
getUserRewards ---> TOURGUIDESERVICE
getUserRewards ---> TOURGUIDESERVICE
getUserRewards ---> TOURGUIDESERVICE
getUserRewards ---> TOURGUIDESERVICE
getUserRewards ---> TOURGUIDESERVICE
getUserRewards ---> TOURGUIDESERVICE
getUserRewards ---> TOURGUIDESERVICE
getUserRewards ---> TOURGUIDESERVICE
getUserRewards ---> TOURGUIDESERVICE
getUserRewards ---> TOURGUIDESERVICE
getUserRewards ---> TOURGUIDESERVICE
getUserRewards ---> TOURGUIDESERVICE
getUserRewards ---> TOURGUIDESERVICE
getUserRewards ---> TOURGUIDESERVICE
getUserRewards ---> TOURGUIDESERVICE
getUserRewards ---> TOURGUIDESERVICE
getUserRewards ---> TOURGUIDESERVICE
getUserRewards ---> TOURGUIDESERVICE
getUserRewards ---> TOURGUIDESERVICE
getUserRewards ---> TOURGUIDESERVICE
getUserRewards ---> TOURGUIDESERVICE
getUserRewards ---> TOURGUIDESERVICE
getUserRewards ---> TOURGUIDESERVICE
getUserRewards ---> TOURGUIDESERVICE
getUserRewards ---> TOURGUIDESERVICE
getUserRewards ---> TOURGUIDESERVICE
getUserRewards ---> TOURGUIDESERVICE
getUserRewards ---> TOURGUIDESERVICE
getUserRewards ---> TOURGUIDESERVICE
getUserRewards ---> TOURGUIDESERVICE
getUserRewards ---> TOURGUIDESERVICE
getUserRewards ---> TOURGUIDESERVICE
getUserRewards ---> TOURGUIDESERVICE
getUserRewards ---> TOURGUIDESERVICE
getUserRewards ---> TOURGUIDESERVICE
getUserRewards ---> TOURGUIDESERVICE
getUserRewards ---> TOURGUIDESERVICE
getUserRewards ---> TOURGUIDESERVICE
getUserRewards ---> TOURGUIDESERVICE
getUserRewards ---> TOURGUIDESERVICE
getUserRewards ---> TOURGUIDESERVICE
getUserRewards ---> TOURGUIDESERVICE
getUserRewards ---> TOURGUIDESERVICE
getUserRewards ---> TOURGUIDESERVICE
getUserRewards ---> TOURGUIDESERVICE
getUserRewards ---> TOURGUIDESERVICE
getUserRewards ---> TOURGUIDESERVICE
getUserRewards ---> TOURGUIDESERVICE
getUserRewards ---> TOURGUIDESERVICE
getUserRewards ---> TOURGUIDESERVICE
getUserRewards ---> TOURGUIDESERVICE
getUserRewards ---> TOURGUIDESERVICE
getUserRewards ---> TOURGUIDESERVICE
getUserRewards ---> TOURGUIDESERVICE
getUserRewards ---> TOURGUIDESERVICE
getUserRewards ---> TOURGUIDESERVICE
getUserRewards ---> TOURGUIDESERVICE
getUserRewards ---> TOURGUIDESERVICE
getUserRewards ---> TOURGUIDESERVICE
getUserRewards ---> TOURGUIDESERVICE
getUserRewards ---> TOURGUIDESERVICE
getUserRewards ---> TOURGUIDESERVICE
getUserRewards ---> TOURGUIDESERVICE
getUserRewards ---> TOURGUIDESERVICE
getUserRewards ---> TOURGUIDESERVICE
getUserRewards ---> TOURGUIDESERVICE
getUserRewards ---> TOURGUIDESERVICE
getUserRewards ---> TOURGUIDESERVICE
getUserRewards ---> TOURGUIDESERVICE
getUserRewards ---> TOURGUIDESERVICE
getUserRewards ---> TOURGUIDESERVICE
getUserRewards ---> TOURGUIDESERVICE
getUserRewards ---> TOURGUIDESERVICE
getUserRewards ---> TOURGUIDESERVICE
getUserRewards ---> TOURGUIDESERVICE
getUserRewards ---> TOURGUIDESERVICE
getUserRewards ---> TOURGUIDESERVICE
getUserRewards ---> TOURGUIDESERVICE
getUserRewards ---> TOURGUIDESERVICE
getUserRewards ---> TOURGUIDESERVICE
getUserRewards ---> TOURGUIDESERVICE
getUserRewards ---> TOURGUIDESERVICE
getUserRewards ---> TOURGUIDESERVICE
getUserRewards ---> TOURGUIDESERVICE
getUserRewards ---> TOURGUIDESERVICE
getUserRewards ---> TOURGUIDESERVICE
getUserRewards ---> TOURGUIDESERVICE
getUserRewards ---> TOURGUIDESERVICE
getUserRewards ---> TOURGUIDESERVICE
getUserRewards ---> TOURGUIDESERVICE
getUserRewards ---> TOURGUIDESERVICE
getUserRewards ---> TOURGUIDESERVICE
getUserRewards ---> TOURGUIDESERVICE
getUserRewards ---> TOURGUIDESERVICE
getUserRewards ---> TOURGUIDESERVICE
getUserRewards ---> TOURGUIDESERVICE
getUserRewards ---> TOURGUIDESERVICE
getUserRewards ---> TOURGUIDESERVICE
getUserRewards ---> TOURGUIDESERVICE
getUserRewards ---> TOURGUIDESERVICE
getUserRewards ---> TOURGUIDESERVICE
getUserRewards ---> TOURGUIDESERVICE
getUserRewards ---> TOURGUIDESERVICE
getUserRewards ---> TOURGUIDESERVICE
getUserRewards ---> TOURGUIDESERVICE
getUserRewards ---> TOURGUIDESERVICE
getUserRewards ---> TOURGUIDESERVICE
getUserRewards ---> TOURGUIDESERVICE
getUserRewards ---> TOURGUIDESERVICE
getUserRewards ---> TOURGUIDESERVICE
getUserRewards ---> TOURGUIDESERVICE
getUserRewards ---> TOURGUIDESERVICE
getUserRewards ---> TOURGUIDESERVICE
getUserRewards ---> TOURGUIDESERVICE
getUserRewards ---> TOURGUIDESERVICE
getUserRewards ---> TOURGUIDESERVICE
getUserRewards ---> TOURGUIDESERVICE
getUserRewards ---> TOURGUIDESERVICE
getUserRewards ---> TOURGUIDESERVICE
getUserRewards ---> TOURGUIDESERVICE
getUserRewards ---> TOURGUIDESERVICE
getUserRewards ---> TOURGUIDESERVICE
getUserRewards ---> TOURGUIDESERVICE
getUserRewards ---> TOURGUIDESERVICE
getUserRewards ---> TOURGUIDESERVICE
getUserRewards ---> TOURGUIDESERVICE
getUserRewards ---> TOURGUIDESERVICE
getUserRewards ---> TOURGUIDESERVICE
getUserRewards ---> TOURGUIDESERVICE
getUserRewards ---> TOURGUIDESERVICE
getUserRewards ---> TOURGUIDESERVICE
getUserRewards ---> TOURGUIDESERVICE
getUserRewards ---> TOURGUIDESERVICE
getUserRewards ---> TOURGUIDESERVICE
getUserRewards ---> TOURGUIDESERVICE
getUserRewards ---> TOURGUIDESERVICE
getUserRewards ---> TOURGUIDESERVICE
getUserRewards ---> TOURGUIDESERVICE
getUserRewards ---> TOURGUIDESERVICE
getUserRewards ---> TOURGUIDESERVICE
getUserRewards ---> TOURGUIDESERVICE
getUserRewards ---> TOURGUIDESERVICE
getUserRewards ---> TOURGUIDESERVICE
getUserRewards ---> TOURGUIDESERVICE
getUserRewards ---> TOURGUIDESERVICE
getUserRewards ---> TOURGUIDESERVICE
getUserRewards ---> TOURGUIDESERVICE
getUserRewards ---> TOURGUIDESERVICE
getUserRewards ---> TOURGUIDESERVICE
getUserRewards ---> TOURGUIDESERVICE
getUserRewards ---> TOURGUIDESERVICE
getUserRewards ---> TOURGUIDESERVICE
getUserRewards ---> TOURGUIDESERVICE
getUserRewards ---> TOURGUIDESERVICE
getUserRewards ---> TOURGUIDESERVICE
getUserRewards ---> TOURGUIDESERVICE
getUserRewards ---> TOURGUIDESERVICE
getUserRewards ---> TOURGUIDESERVICE
getUserRewards ---> TOURGUIDESERVICE
getUserRewards ---> TOURGUIDESERVICE
getUserRewards ---> TOURGUIDESERVICE
getUserRewards ---> TOURGUIDESERVICE
getUserRewards ---> TOURGUIDESERVICE
getUserRewards ---> TOURGUIDESERVICE
getUserRewards ---> TOURGUIDESERVICE
getUserRewards ---> TOURGUIDESERVICE
getUserRewards ---> TOURGUIDESERVICE
getUserRewards ---> TOURGUIDESERVICE
getUserRewards ---> TOURGUIDESERVICE
getUserRewards ---> TOURGUIDESERVICE
getUserRewards ---> TOURGUIDESERVICE
getUserRewards ---> TOURGUIDESERVICE
getUserRewards ---> TOURGUIDESERVICE
getUserRewards ---> TOURGUIDESERVICE
getUserRewards ---> TOURGUIDESERVICE
getUserRewards ---> TOURGUIDESERVICE
getUserRewards ---> TOURGUIDESERVICE
getUserRewards ---> TOURGUIDESERVICE
getUserRewards ---> TOURGUIDESERVICE
getUserRewards ---> TOURGUIDESERVICE
getUserRewards ---> TOURGUIDESERVICE
getUserRewards ---> TOURGUIDESERVICE
getUserRewards ---> TOURGUIDESERVICE
getUserRewards ---> TOURGUIDESERVICE
getUserRewards ---> TOURGUIDESERVICE
getUserRewards ---> TOURGUIDESERVICE
getUserRewards ---> TOURGUIDESERVICE
getUserRewards ---> TOURGUIDESERVICE
getUserRewards ---> TOURGUIDESERVICE
getUserRewards ---> TOURGUIDESERVICE
getUserRewards ---> TOURGUIDESERVICE
getUserRewards ---> TOURGUIDESERVICE
getUserRewards ---> TOURGUIDESERVICE
getUserRewards ---> TOURGUIDESERVICE
getUserRewards ---> TOURGUIDESERVICE
getUserRewards ---> TOURGUIDESERVICE
getUserRewards ---> TOURGUIDESERVICE
getUserRewards ---> TOURGUIDESERVICE
getUserRewards ---> TOURGUIDESERVICE
getUserRewards ---> TOURGUIDESERVICE
getUserRewards ---> TOURGUIDESERVICE
getUserRewards ---> TOURGUIDESERVICE
getUserRewards ---> TOURGUIDESERVICE
getUserRewards ---> TOURGUIDESERVICE
getUserRewards ---> TOURGUIDESERVICE
getUserRewards ---> TOURGUIDESERVICE
getUserRewards ---> TOURGUIDESERVICE
getUserRewards ---> TOURGUIDESERVICE
getUserRewards ---> TOURGUIDESERVICE
getUserRewards ---> TOURGUIDESERVICE
getUserRewards ---> TOURGUIDESERVICE
getUserRewards ---> TOURGUIDESERVICE
getUserRewards ---> TOURGUIDESERVICE
getUserRewards ---> TOURGUIDESERVICE
getUserRewards ---> TOURGUIDESERVICE
getUserRewards ---> TOURGUIDESERVICE
getUserRewards ---> TOURGUIDESERVICE
getUserRewards ---> TOURGUIDESERVICE
getUserRewards ---> TOURGUIDESERVICE
getUserRewards ---> TOURGUIDESERVICE
getUserRewards ---> TOURGUIDESERVICE
getUserRewards ---> TOURGUIDESERVICE
getUserRewards ---> TOURGUIDESERVICE
getUserRewards ---> TOURGUIDESERVICE
getUserRewards ---> TOURGUIDESERVICE
getUserRewards ---> TOURGUIDESERVICE
getUserRewards ---> TOURGUIDESERVICE
getUserRewards ---> TOURGUIDESERVICE
getUserRewards ---> TOURGUIDESERVICE
getUserRewards ---> TOURGUIDESERVICE
getUserRewards ---> TOURGUIDESERVICE
getUserRewards ---> TOURGUIDESERVICE
getUserRewards ---> TOURGUIDESERVICE
getUserRewards ---> TOURGUIDESERVICE
getUserRewards ---> TOURGUIDESERVICE
getUserRewards ---> TOURGUIDESERVICE
getUserRewards ---> TOURGUIDESERVICE
getUserRewards ---> TOURGUIDESERVICE
getUserRewards ---> TOURGUIDESERVICE
getUserRewards ---> TOURGUIDESERVICE
getUserRewards ---> TOURGUIDESERVICE
getUserRewards ---> TOURGUIDESERVICE
getUserRewards ---> TOURGUIDESERVICE
getUserRewards ---> TOURGUIDESERVICE
getUserRewards ---> TOURGUIDESERVICE
getUserRewards ---> TOURGUIDESERVICE
getUserRewards ---> TOURGUIDESERVICE
getUserRewards ---> TOURGUIDESERVICE
getUserRewards ---> TOURGUIDESERVICE
getUserRewards ---> TOURGUIDESERVICE
getUserRewards ---> TOURGUIDESERVICE
getUserRewards ---> TOURGUIDESERVICE
getUserRewards ---> TOURGUIDESERVICE
getUserRewards ---> TOURGUIDESERVICE
getUserRewards ---> TOURGUIDESERVICE
getUserRewards ---> TOURGUIDESERVICE
getUserRewards ---> TOURGUIDESERVICE
getUserRewards ---> TOURGUIDESERVICE
getUserRewards ---> TOURGUIDESERVICE
getUserRewards ---> TOURGUIDESERVICE
getUserRewards ---> TOURGUIDESERVICE
getUserRewards ---> TOURGUIDESERVICE
getUserRewards ---> TOURGUIDESERVICE
getUserRewards ---> TOURGUIDESERVICE
getUserRewards ---> TOURGUIDESERVICE
getUserRewards ---> TOURGUIDESERVICE
getUserRewards ---> TOURGUIDESERVICE
getUserRewards ---> TOURGUIDESERVICE
getUserRewards ---> TOURGUIDESERVICE
getUserRewards ---> TOURGUIDESERVICE
getUserRewards ---> TOURGUIDESERVICE
getUserRewards ---> TOURGUIDESERVICE
getUserRewards ---> TOURGUIDESERVICE
getUserRewards ---> TOURGUIDESERVICE
getUserRewards ---> TOURGUIDESERVICE
getUserRewards ---> TOURGUIDESERVICE
getUserRewards ---> TOURGUIDESERVICE
getUserRewards ---> TOURGUIDESERVICE
getUserRewards ---> TOURGUIDESERVICE
getUserRewards ---> TOURGUIDESERVICE
getUserRewards ---> TOURGUIDESERVICE
getUserRewards ---> TOURGUIDESERVICE
getUserRewards ---> TOURGUIDESERVICE
getUserRewards ---> TOURGUIDESERVICE
getUserRewards ---> TOURGUIDESERVICE
getUserRewards ---> TOURGUIDESERVICE
getUserRewards ---> TOURGUIDESERVICE
getUserRewards ---> TOURGUIDESERVICE
getUserRewards ---> TOURGUIDESERVICE
getUserRewards ---> TOURGUIDESERVICE
getUserRewards ---> TOURGUIDESERVICE
getUserRewards ---> TOURGUIDESERVICE
getUserRewards ---> TOURGUIDESERVICE
getUserRewards ---> TOURGUIDESERVICE
getUserRewards ---> TOURGUIDESERVICE
getUserRewards ---> TOURGUIDESERVICE
getUserRewards ---> TOURGUIDESERVICE
getUserRewards ---> TOURGUIDESERVICE
getUserRewards ---> TOURGUIDESERVICE
getUserRewards ---> TOURGUIDESERVICE
getUserRewards ---> TOURGUIDESERVICE
getUserRewards ---> TOURGUIDESERVICE
getUserRewards ---> TOURGUIDESERVICE
getUserRewards ---> TOURGUIDESERVICE
getUserRewards ---> TOURGUIDESERVICE
getUserRewards ---> TOURGUIDESERVICE
getUserRewards ---> TOURGUIDESERVICE
getUserRewards ---> TOURGUIDESERVICE
getUserRewards ---> TOURGUIDESERVICE
getUserRewards ---> TOURGUIDESERVICE
getUserRewards ---> TOURGUIDESERVICE
getUserRewards ---> TOURGUIDESERVICE
getUserRewards ---> TOURGUIDESERVICE
getUserRewards ---> TOURGUIDESERVICE
getUserRewards ---> TOURGUIDESERVICE
getUserRewards ---> TOURGUIDESERVICE
getUserRewards ---> TOURGUIDESERVICE
getUserRewards ---> TOURGUIDESERVICE
getUserRewards ---> TOURGUIDESERVICE
getUserRewards ---> TOURGUIDESERVICE
getUserRewards ---> TOURGUIDESERVICE
getUserRewards ---> TOURGUIDESERVICE
getUserRewards ---> TOURGUIDESERVICE
getUserRewards ---> TOURGUIDESERVICE
getUserRewards ---> TOURGUIDESERVICE
getUserRewards ---> TOURGUIDESERVICE
getUserRewards ---> TOURGUIDESERVICE
getUserRewards ---> TOURGUIDESERVICE
getUserRewards ---> TOURGUIDESERVICE
getUserRewards ---> TOURGUIDESERVICE
getUserRewards ---> TOURGUIDESERVICE
getUserRewards ---> TOURGUIDESERVICE
getUserRewards ---> TOURGUIDESERVICE
getUserRewards ---> TOURGUIDESERVICE
getUserRewards ---> TOURGUIDESERVICE
getUserRewards ---> TOURGUIDESERVICE
getUserRewards ---> TOURGUIDESERVICE
getUserRewards ---> TOURGUIDESERVICE
getUserRewards ---> TOURGUIDESERVICE
getUserRewards ---> TOURGUIDESERVICE
getUserRewards ---> TOURGUIDESERVICE
getUserRewards ---> TOURGUIDESERVICE
getUserRewards ---> TOURGUIDESERVICE
getUserRewards ---> TOURGUIDESERVICE
getUserRewards ---> TOURGUIDESERVICE
getUserRewards ---> TOURGUIDESERVICE
getUserRewards ---> TOURGUIDESERVICE
getUserRewards ---> TOURGUIDESERVICE
getUserRewards ---> TOURGUIDESERVICE
getUserRewards ---> TOURGUIDESERVICE
getUserRewards ---> TOURGUIDESERVICE
getUserRewards ---> TOURGUIDESERVICE
getUserRewards ---> TOURGUIDESERVICE
getUserRewards ---> TOURGUIDESERVICE
getUserRewards ---> TOURGUIDESERVICE
getUserRewards ---> TOURGUIDESERVICE
getUserRewards ---> TOURGUIDESERVICE
getUserRewards ---> TOURGUIDESERVICE
getUserRewards ---> TOURGUIDESERVICE
getUserRewards ---> TOURGUIDESERVICE
getUserRewards ---> TOURGUIDESERVICE
getUserRewards ---> TOURGUIDESERVICE
getUserRewards ---> TOURGUIDESERVICE
getUserRewards ---> TOURGUIDESERVICE
getUserRewards ---> TOURGUIDESERVICE
getUserRewards ---> TOURGUIDESERVICE
getUserRewards ---> TOURGUIDESERVICE
getUserRewards ---> TOURGUIDESERVICE
getUserRewards ---> TOURGUIDESERVICE
getUserRewards ---> TOURGUIDESERVICE
getUserRewards ---> TOURGUIDESERVICE
getUserRewards ---> TOURGUIDESERVICE
getUserRewards ---> TOURGUIDESERVICE
getUserRewards ---> TOURGUIDESERVICE
getUserRewards ---> TOURGUIDESERVICE
getUserRewards ---> TOURGUIDESERVICE
getUserRewards ---> TOURGUIDESERVICE
getUserRewards ---> TOURGUIDESERVICE
getUserRewards ---> TOURGUIDESERVICE
getUserRewards ---> TOURGUIDESERVICE
getUserRewards ---> TOURGUIDESERVICE
getUserRewards ---> TOURGUIDESERVICE
getUserRewards ---> TOURGUIDESERVICE
getUserRewards ---> TOURGUIDESERVICE
getUserRewards ---> TOURGUIDESERVICE
getUserRewards ---> TOURGUIDESERVICE
getUserRewards ---> TOURGUIDESERVICE
getUserRewards ---> TOURGUIDESERVICE
getUserRewards ---> TOURGUIDESERVICE
getUserRewards ---> TOURGUIDESERVICE
getUserRewards ---> TOURGUIDESERVICE
getUserRewards ---> TOURGUIDESERVICE
getUserRewards ---> TOURGUIDESERVICE
getUserRewards ---> TOURGUIDESERVICE
getUserRewards ---> TOURGUIDESERVICE
getUserRewards ---> TOURGUIDESERVICE
getUserRewards ---> TOURGUIDESERVICE
getUserRewards ---> TOURGUIDESERVICE
getUserRewards ---> TOURGUIDESERVICE
getUserRewards ---> TOURGUIDESERVICE
getUserRewards ---> TOURGUIDESERVICE
getUserRewards ---> TOURGUIDESERVICE
getUserRewards ---> TOURGUIDESERVICE
getUserRewards ---> TOURGUIDESERVICE
getUserRewards ---> TOURGUIDESERVICE
getUserRewards ---> TOURGUIDESERVICE
getUserRewards ---> TOURGUIDESERVICE
getUserRewards ---> TOURGUIDESERVICE
getUserRewards ---> TOURGUIDESERVICE
getUserRewards ---> TOURGUIDESERVICE
getUserRewards ---> TOURGUIDESERVICE
getUserRewards ---> TOURGUIDESERVICE
getUserRewards ---> TOURGUIDESERVICE
getUserRewards ---> TOURGUIDESERVICE
getUserRewards ---> TOURGUIDESERVICE
getUserRewards ---> TOURGUIDESERVICE
getUserRewards ---> TOURGUIDESERVICE
getUserRewards ---> TOURGUIDESERVICE
getUserRewards ---> TOURGUIDESERVICE
getUserRewards ---> TOURGUIDESERVICE
getUserRewards ---> TOURGUIDESERVICE
getUserRewards ---> TOURGUIDESERVICE
getUserRewards ---> TOURGUIDESERVICE
getUserRewards ---> TOURGUIDESERVICE
getUserRewards ---> TOURGUIDESERVICE
getUserRewards ---> TOURGUIDESERVICE
getUserRewards ---> TOURGUIDESERVICE
getUserRewards ---> TOURGUIDESERVICE
getUserRewards ---> TOURGUIDESERVICE
getUserRewards ---> TOURGUIDESERVICE
getUserRewards ---> TOURGUIDESERVICE
getUserRewards ---> TOURGUIDESERVICE
getUserRewards ---> TOURGUIDESERVICE
getUserRewards ---> TOURGUIDESERVICE
getUserRewards ---> TOURGUIDESERVICE
getUserRewards ---> TOURGUIDESERVICE
getUserRewards ---> TOURGUIDESERVICE
getUserRewards ---> TOURGUIDESERVICE
getUserRewards ---> TOURGUIDESERVICE
getUserRewards ---> TOURGUIDESERVICE
getUserRewards ---> TOURGUIDESERVICE
getUserRewards ---> TOURGUIDESERVICE
getUserRewards ---> TOURGUIDESERVICE
getUserRewards ---> TOURGUIDESERVICE
getUserRewards ---> TOURGUIDESERVICE
getUserRewards ---> TOURGUIDESERVICE
getUserRewards ---> TOURGUIDESERVICE
getUserRewards ---> TOURGUIDESERVICE
getUserRewards ---> TOURGUIDESERVICE
getUserRewards ---> TOURGUIDESERVICE
getUserRewards ---> TOURGUIDESERVICE
getUserRewards ---> TOURGUIDESERVICE
getUserRewards ---> TOURGUIDESERVICE
getUserRewards ---> TOURGUIDESERVICE
getUserRewards ---> TOURGUIDESERVICE
getUserRewards ---> TOURGUIDESERVICE
getUserRewards ---> TOURGUIDESERVICE
getUserRewards ---> TOURGUIDESERVICE
getUserRewards ---> TOURGUIDESERVICE
getUserRewards ---> TOURGUIDESERVICE
getUserRewards ---> TOURGUIDESERVICE
getUserRewards ---> TOURGUIDESERVICE
getUserRewards ---> TOURGUIDESERVICE
getUserRewards ---> TOURGUIDESERVICE
getUserRewards ---> TOURGUIDESERVICE
getUserRewards ---> TOURGUIDESERVICE
getUserRewards ---> TOURGUIDESERVICE
getUserRewards ---> TOURGUIDESERVICE
getUserRewards ---> TOURGUIDESERVICE
getUserRewards ---> TOURGUIDESERVICE
getUserRewards ---> TOURGUIDESERVICE
getUserRewards ---> TOURGUIDESERVICE
getUserRewards ---> TOURGUIDESERVICE
getUserRewards ---> TOURGUIDESERVICE
getUserRewards ---> TOURGUIDESERVICE
getUserRewards ---> TOURGUIDESERVICE
getUserRewards ---> TOURGUIDESERVICE
getUserRewards ---> TOURGUIDESERVICE
getUserRewards ---> TOURGUIDESERVICE
getUserRewards ---> TOURGUIDESERVICE
getUserRewards ---> TOURGUIDESERVICE
getUserRewards ---> TOURGUIDESERVICE
getUserRewards ---> TOURGUIDESERVICE
getUserRewards ---> TOURGUIDESERVICE
getUserRewards ---> TOURGUIDESERVICE
getUserRewards ---> TOURGUIDESERVICE
getUserRewards ---> TOURGUIDESERVICE
getUserRewards ---> TOURGUIDESERVICE
getUserRewards ---> TOURGUIDESERVICE
getUserRewards ---> TOURGUIDESERVICE
getUserRewards ---> TOURGUIDESERVICE
getUserRewards ---> TOURGUIDESERVICE
getUserRewards ---> TOURGUIDESERVICE
getUserRewards ---> TOURGUIDESERVICE
getUserRewards ---> TOURGUIDESERVICE
getUserRewards ---> TOURGUIDESERVICE
getUserRewards ---> TOURGUIDESERVICE
getUserRewards ---> TOURGUIDESERVICE
getUserRewards ---> TOURGUIDESERVICE
getUserRewards ---> TOURGUIDESERVICE
getUserRewards ---> TOURGUIDESERVICE
getUserRewards ---> TOURGUIDESERVICE
getUserRewards ---> TOURGUIDESERVICE
getUserRewards ---> TOURGUIDESERVICE
getUserRewards ---> TOURGUIDESERVICE
getUserRewards ---> TOURGUIDESERVICE
getUserRewards ---> TOURGUIDESERVICE
getUserRewards ---> TOURGUIDESERVICE
getUserRewards ---> TOURGUIDESERVICE
getUserRewards ---> TOURGUIDESERVICE
getUserRewards ---> TOURGUIDESERVICE
getUserRewards ---> TOURGUIDESERVICE
getUserRewards ---> TOURGUIDESERVICE
getUserRewards ---> TOURGUIDESERVICE
getUserRewards ---> TOURGUIDESERVICE
getUserRewards ---> TOURGUIDESERVICE
getUserRewards ---> TOURGUIDESERVICE
getUserRewards ---> TOURGUIDESERVICE
getUserRewards ---> TOURGUIDESERVICE
getUserRewards ---> TOURGUIDESERVICE
getUserRewards ---> TOURGUIDESERVICE
getUserRewards ---> TOURGUIDESERVICE
getUserRewards ---> TOURGUIDESERVICE
getUserRewards ---> TOURGUIDESERVICE
getUserRewards ---> TOURGUIDESERVICE
getUserRewards ---> TOURGUIDESERVICE
getUserRewards ---> TOURGUIDESERVICE
getUserRewards ---> TOURGUIDESERVICE
getUserRewards ---> TOURGUIDESERVICE
getUserRewards ---> TOURGUIDESERVICE
getUserRewards ---> TOURGUIDESERVICE
getUserRewards ---> TOURGUIDESERVICE
getUserRewards ---> TOURGUIDESERVICE
getUserRewards ---> TOURGUIDESERVICE
getUserRewards ---> TOURGUIDESERVICE
getUserRewards ---> TOURGUIDESERVICE
getUserRewards ---> TOURGUIDESERVICE
getUserRewards ---> TOURGUIDESERVICE
getUserRewards ---> TOURGUIDESERVICE
getUserRewards ---> TOURGUIDESERVICE
getUserRewards ---> TOURGUIDESERVICE
getUserRewards ---> TOURGUIDESERVICE
getUserRewards ---> TOURGUIDESERVICE
getUserRewards ---> TOURGUIDESERVICE
getUserRewards ---> TOURGUIDESERVICE
getUserRewards ---> TOURGUIDESERVICE
getUserRewards ---> TOURGUIDESERVICE
getUserRewards ---> TOURGUIDESERVICE
getUserRewards ---> TOURGUIDESERVICE
getUserRewards ---> TOURGUIDESERVICE
getUserRewards ---> TOURGUIDESERVICE
getUserRewards ---> TOURGUIDESERVICE
getUserRewards ---> TOURGUIDESERVICE
getUserRewards ---> TOURGUIDESERVICE
getUserRewards ---> TOURGUIDESERVICE
getUserRewards ---> TOURGUIDESERVICE
getUserRewards ---> TOURGUIDESERVICE
getUserRewards ---> TOURGUIDESERVICE
getUserRewards ---> TOURGUIDESERVICE
getUserRewards ---> TOURGUIDESERVICE
getUserRewards ---> TOURGUIDESERVICE
getUserRewards ---> TOURGUIDESERVICE
getUserRewards ---> TOURGUIDESERVICE
getUserRewards ---> TOURGUIDESERVICE
getUserRewards ---> TOURGUIDESERVICE
getUserRewards ---> TOURGUIDESERVICE
getUserRewards ---> TOURGUIDESERVICE
getUserRewards ---> TOURGUIDESERVICE
getUserRewards ---> TOURGUIDESERVICE
getUserRewards ---> TOURGUIDESERVICE
getUserRewards ---> TOURGUIDESERVICE
getUserRewards ---> TOURGUIDESERVICE
getUserRewards ---> TOURGUIDESERVICE
getUserRewards ---> TOURGUIDESERVICE
getUserRewards ---> TOURGUIDESERVICE
getUserRewards ---> TOURGUIDESERVICE
getUserRewards ---> TOURGUIDESERVICE
getUserRewards ---> TOURGUIDESERVICE
getUserRewards ---> TOURGUIDESERVICE
getUserRewards ---> TOURGUIDESERVICE
getUserRewards ---> TOURGUIDESERVICE
getUserRewards ---> TOURGUIDESERVICE
getUserRewards ---> TOURGUIDESERVICE
getUserRewards ---> TOURGUIDESERVICE
getUserRewards ---> TOURGUIDESERVICE
getUserRewards ---> TOURGUIDESERVICE
getUserRewards ---> TOURGUIDESERVICE
getUserRewards ---> TOURGUIDESERVICE
getUserRewards ---> TOURGUIDESERVICE
getUserRewards ---> TOURGUIDESERVICE
getUserRewards ---> TOURGUIDESERVICE
getUserRewards ---> TOURGUIDESERVICE
getUserRewards ---> TOURGUIDESERVICE
getUserRewards ---> TOURGUIDESERVICE
getUserRewards ---> TOURGUIDESERVICE
getUserRewards ---> TOURGUIDESERVICE
getUserRewards ---> TOURGUIDESERVICE
getUserRewards ---> TOURGUIDESERVICE
getUserRewards ---> TOURGUIDESERVICE
getUserRewards ---> TOURGUIDESERVICE
getUserRewards ---> TOURGUIDESERVICE
getUserRewards ---> TOURGUIDESERVICE
getUserRewards ---> TOURGUIDESERVICE
getUserRewards ---> TOURGUIDESERVICE
getUserRewards ---> TOURGUIDESERVICE
getUserRewards ---> TOURGUIDESERVICE
getUserRewards ---> TOURGUIDESERVICE
getUserRewards ---> TOURGUIDESERVICE
getUserRewards ---> TOURGUIDESERVICE
getUserRewards ---> TOURGUIDESERVICE
getUserRewards ---> TOURGUIDESERVICE
getUserRewards ---> TOURGUIDESERVICE
getUserRewards ---> TOURGUIDESERVICE
getUserRewards ---> TOURGUIDESERVICE
getUserRewards ---> TOURGUIDESERVICE
getUserRewards ---> TOURGUIDESERVICE
getUserRewards ---> TOURGUIDESERVICE
getUserRewards ---> TOURGUIDESERVICE
getUserRewards ---> TOURGUIDESERVICE
getUserRewards ---> TOURGUIDESERVICE
getUserRewards ---> TOURGUIDESERVICE
getUserRewards ---> TOURGUIDESERVICE
getUserRewards ---> TOURGUIDESERVICE
getUserRewards ---> TOURGUIDESERVICE
getUserRewards ---> TOURGUIDESERVICE
getUserRewards ---> TOURGUIDESERVICE
getUserRewards ---> TOURGUIDESERVICE
getUserRewards ---> TOURGUIDESERVICE
getUserRewards ---> TOURGUIDESERVICE
getUserRewards ---> TOURGUIDESERVICE
getUserRewards ---> TOURGUIDESERVICE
getUserRewards ---> TOURGUIDESERVICE
getUserRewards ---> TOURGUIDESERVICE
getUserRewards ---> TOURGUIDESERVICE
getUserRewards ---> TOURGUIDESERVICE
getUserRewards ---> TOURGUIDESERVICE
getUserRewards ---> TOURGUIDESERVICE
getUserRewards ---> TOURGUIDESERVICE
getUserRewards ---> TOURGUIDESERVICE
getUserRewards ---> TOURGUIDESERVICE
getUserRewards ---> TOURGUIDESERVICE
getUserRewards ---> TOURGUIDESERVICE
getUserRewards ---> TOURGUIDESERVICE
getUserRewards ---> TOURGUIDESERVICE
getUserRewards ---> TOURGUIDESERVICE
getUserRewards ---> TOURGUIDESERVICE
getUserRewards ---> TOURGUIDESERVICE
getUserRewards ---> TOURGUIDESERVICE
getUserRewards ---> TOURGUIDESERVICE
getUserRewards ---> TOURGUIDESERVICE
getUserRewards ---> TOURGUIDESERVICE
getUserRewards ---> TOURGUIDESERVICE
getUserRewards ---> TOURGUIDESERVICE
getUserRewards ---> TOURGUIDESERVICE
getUserRewards ---> TOURGUIDESERVICE
getUserRewards ---> TOURGUIDESERVICE
getUserRewards ---> TOURGUIDESERVICE
getUserRewards ---> TOURGUIDESERVICE
getUserRewards ---> TOURGUIDESERVICE
getUserRewards ---> TOURGUIDESERVICE
getUserRewards ---> TOURGUIDESERVICE
getUserRewards ---> TOURGUIDESERVICE
getUserRewards ---> TOURGUIDESERVICE
getUserRewards ---> TOURGUIDESERVICE
getUserRewards ---> TOURGUIDESERVICE
getUserRewards ---> TOURGUIDESERVICE
getUserRewards ---> TOURGUIDESERVICE
getUserRewards ---> TOURGUIDESERVICE
getUserRewards ---> TOURGUIDESERVICE
getUserRewards ---> TOURGUIDESERVICE
getUserRewards ---> TOURGUIDESERVICE
getUserRewards ---> TOURGUIDESERVICE
getUserRewards ---> TOURGUIDESERVICE
getUserRewards ---> TOURGUIDESERVICE
getUserRewards ---> TOURGUIDESERVICE
getUserRewards ---> TOURGUIDESERVICE
getUserRewards ---> TOURGUIDESERVICE
getUserRewards ---> TOURGUIDESERVICE
getUserRewards ---> TOURGUIDESERVICE
getUserRewards ---> TOURGUIDESERVICE
getUserRewards ---> TOURGUIDESERVICE
getUserRewards ---> TOURGUIDESERVICE
getUserRewards ---> TOURGUIDESERVICE
getUserRewards ---> TOURGUIDESERVICE
getUserRewards ---> TOURGUIDESERVICE
getUserRewards ---> TOURGUIDESERVICE
getUserRewards ---> TOURGUIDESERVICE
getUserRewards ---> TOURGUIDESERVICE
getUserRewards ---> TOURGUIDESERVICE
getUserRewards ---> TOURGUIDESERVICE
getUserRewards ---> TOURGUIDESERVICE
getUserRewards ---> TOURGUIDESERVICE
getUserRewards ---> TOURGUIDESERVICE
getUserRewards ---> TOURGUIDESERVICE
getUserRewards ---> TOURGUIDESERVICE
getUserRewards ---> TOURGUIDESERVICE
getUserRewards ---> TOURGUIDESERVICE
getUserRewards ---> TOURGUIDESERVICE
getUserRewards ---> TOURGUIDESERVICE
getUserRewards ---> TOURGUIDESERVICE
getUserRewards ---> TOURGUIDESERVICE
getUserRewards ---> TOURGUIDESERVICE
getUserRewards ---> TOURGUIDESERVICE
getUserRewards ---> TOURGUIDESERVICE
getUserRewards ---> TOURGUIDESERVICE
getUserRewards ---> TOURGUIDESERVICE
getUserRewards ---> TOURGUIDESERVICE
getUserRewards ---> TOURGUIDESERVICE
getUserRewards ---> TOURGUIDESERVICE
getUserRewards ---> TOURGUIDESERVICE
getUserRewards ---> TOURGUIDESERVICE
getUserRewards ---> TOURGUIDESERVICE
getUserRewards ---> TOURGUIDESERVICE
getUserRewards ---> TOURGUIDESERVICE
getUserRewards ---> TOURGUIDESERVICE
getUserRewards ---> TOURGUIDESERVICE
getUserRewards ---> TOURGUIDESERVICE
getUserRewards ---> TOURGUIDESERVICE
getUserRewards ---> TOURGUIDESERVICE
getUserRewards ---> TOURGUIDESERVICE
getUserRewards ---> TOURGUIDESERVICE
getUserRewards ---> TOURGUIDESERVICE
getUserRewards ---> TOURGUIDESERVICE
getUserRewards ---> TOURGUIDESERVICE
getUserRewards ---> TOURGUIDESERVICE
getUserRewards ---> TOURGUIDESERVICE
getUserRewards ---> TOURGUIDESERVICE
getUserRewards ---> TOURGUIDESERVICE
getUserRewards ---> TOURGUIDESERVICE
getUserRewards ---> TOURGUIDESERVICE
getUserRewards ---> TOURGUIDESERVICE
getUserRewards ---> TOURGUIDESERVICE
getUserRewards ---> TOURGUIDESERVICE
getUserRewards ---> TOURGUIDESERVICE
getUserRewards ---> TOURGUIDESERVICE
getUserRewards ---> TOURGUIDESERVICE
getUserRewards ---> TOURGUIDESERVICE
getUserRewards ---> TOURGUIDESERVICE
getUserRewards ---> TOURGUIDESERVICE
getUserRewards ---> TOURGUIDESERVICE
getUserRewards ---> TOURGUIDESERVICE
getUserRewards ---> TOURGUIDESERVICE
getUserRewards ---> TOURGUIDESERVICE
getUserRewards ---> TOURGUIDESERVICE
getUserRewards ---> TOURGUIDESERVICE
getUserRewards ---> TOURGUIDESERVICE
getUserRewards ---> TOURGUIDESERVICE
getUserRewards ---> TOURGUIDESERVICE
getUserRewards ---> TOURGUIDESERVICE
getUserRewards ---> TOURGUIDESERVICE
getUserRewards ---> TOURGUIDESERVICE
getUserRewards ---> TOURGUIDESERVICE
getUserRewards ---> TOURGUIDESERVICE
getUserRewards ---> TOURGUIDESERVICE
getUserRewards ---> TOURGUIDESERVICE
getUserRewards ---> TOURGUIDESERVICE
getUserRewards ---> TOURGUIDESERVICE
getUserRewards ---> TOURGUIDESERVICE
getUserRewards ---> TOURGUIDESERVICE
getUserRewards ---> TOURGUIDESERVICE
getUserRewards ---> TOURGUIDESERVICE
getUserRewards ---> TOURGUIDESERVICE
getUserRewards ---> TOURGUIDESERVICE
getUserRewards ---> TOURGUIDESERVICE
getUserRewards ---> TOURGUIDESERVICE
getUserRewards ---> TOURGUIDESERVICE
getUserRewards ---> TOURGUIDESERVICE
getUserRewards ---> TOURGUIDESERVICE
getUserRewards ---> TOURGUIDESERVICE
getUserRewards ---> TOURGUIDESERVICE
getUserRewards ---> TOURGUIDESERVICE
getUserRewards ---> TOURGUIDESERVICE
getUserRewards ---> TOURGUIDESERVICE
getUserRewards ---> TOURGUIDESERVICE
getUserRewards ---> TOURGUIDESERVICE
getUserRewards ---> TOURGUIDESERVICE
getUserRewards ---> TOURGUIDESERVICE
getUserRewards ---> TOURGUIDESERVICE
getUserRewards ---> TOURGUIDESERVICE
getUserRewards ---> TOURGUIDESERVICE
getUserRewards ---> TOURGUIDESERVICE
getUserRewards ---> TOURGUIDESERVICE
getUserRewards ---> TOURGUIDESERVICE
getUserRewards ---> TOURGUIDESERVICE
getUserRewards ---> TOURGUIDESERVICE
getUserRewards ---> TOURGUIDESERVICE
getUserRewards ---> TOURGUIDESERVICE
getUserRewards ---> TOURGUIDESERVICE
getUserRewards ---> TOURGUIDESERVICE
getUserRewards ---> TOURGUIDESERVICE
getUserRewards ---> TOURGUIDESERVICE
getUserRewards ---> TOURGUIDESERVICE
getUserRewards ---> TOURGUIDESERVICE
getUserRewards ---> TOURGUIDESERVICE
getUserRewards ---> TOURGUIDESERVICE
getUserRewards ---> TOURGUIDESERVICE
getUserRewards ---> TOURGUIDESERVICE
getUserRewards ---> TOURGUIDESERVICE
getUserRewards ---> TOURGUIDESERVICE
getUserRewards ---> TOURGUIDESERVICE
getUserRewards ---> TOURGUIDESERVICE
getUserRewards ---> TOURGUIDESERVICE
getUserRewards ---> TOURGUIDESERVICE
getUserRewards ---> TOURGUIDESERVICE
getUserRewards ---> TOURGUIDESERVICE
getUserRewards ---> TOURGUIDESERVICE
getUserRewards ---> TOURGUIDESERVICE
getUserRewards ---> TOURGUIDESERVICE
getUserRewards ---> TOURGUIDESERVICE
getUserRewards ---> TOURGUIDESERVICE
getUserRewards ---> TOURGUIDESERVICE
getUserRewards ---> TOURGUIDESERVICE
getUserRewards ---> TOURGUIDESERVICE
getUserRewards ---> TOURGUIDESERVICE
getUserRewards ---> TOURGUIDESERVICE
getUserRewards ---> TOURGUIDESERVICE
getUserRewards ---> TOURGUIDESERVICE
getUserRewards ---> TOURGUIDESERVICE
getUserRewards ---> TOURGUIDESERVICE
getUserRewards ---> TOURGUIDESERVICE
getUserRewards ---> TOURGUIDESERVICE
getUserRewards ---> TOURGUIDESERVICE
getUserRewards ---> TOURGUIDESERVICE
getUserRewards ---> TOURGUIDESERVICE
getUserRewards ---> TOURGUIDESERVICE
getUserRewards ---> TOURGUIDESERVICE
getUserRewards ---> TOURGUIDESERVICE
getUserRewards ---> TOURGUIDESERVICE
getUserRewards ---> TOURGUIDESERVICE
getUserRewards ---> TOURGUIDESERVICE
getUserRewards ---> TOURGUIDESERVICE
getUserRewards ---> TOURGUIDESERVICE
getUserRewards ---> TOURGUIDESERVICE
getUserRewards ---> TOURGUIDESERVICE
getUserRewards ---> TOURGUIDESERVICE
getUserRewards ---> TOURGUIDESERVICE
getUserRewards ---> TOURGUIDESERVICE
getUserRewards ---> TOURGUIDESERVICE
getUserRewards ---> TOURGUIDESERVICE
getUserRewards ---> TOURGUIDESERVICE
getUserRewards ---> TOURGUIDESERVICE
getUserRewards ---> TOURGUIDESERVICE
getUserRewards ---> TOURGUIDESERVICE
getUserRewards ---> TOURGUIDESERVICE
getUserRewards ---> TOURGUIDESERVICE
getUserRewards ---> TOURGUIDESERVICE
getUserRewards ---> TOURGUIDESERVICE
getUserRewards ---> TOURGUIDESERVICE
getUserRewards ---> TOURGUIDESERVICE
getUserRewards ---> TOURGUIDESERVICE
getUserRewards ---> TOURGUIDESERVICE
getUserRewards ---> TOURGUIDESERVICE
getUserRewards ---> TOURGUIDESERVICE
getUserRewards ---> TOURGUIDESERVICE
getUserRewards ---> TOURGUIDESERVICE
getUserRewards ---> TOURGUIDESERVICE
getUserRewards ---> TOURGUIDESERVICE
getUserRewards ---> TOURGUIDESERVICE
getUserRewards ---> TOURGUIDESERVICE
getUserRewards ---> TOURGUIDESERVICE
getUserRewards ---> TOURGUIDESERVICE
getUserRewards ---> TOURGUIDESERVICE
getUserRewards ---> TOURGUIDESERVICE
getUserRewards ---> TOURGUIDESERVICE
getUserRewards ---> TOURGUIDESERVICE
getUserRewards ---> TOURGUIDESERVICE
getUserRewards ---> TOURGUIDESERVICE
getUserRewards ---> TOURGUIDESERVICE
getUserRewards ---> TOURGUIDESERVICE
getUserRewards ---> TOURGUIDESERVICE
getUserRewards ---> TOURGUIDESERVICE
getUserRewards ---> TOURGUIDESERVICE
getUserRewards ---> TOURGUIDESERVICE
getUserRewards ---> TOURGUIDESERVICE
getUserRewards ---> TOURGUIDESERVICE
getUserRewards ---> TOURGUIDESERVICE
getUserRewards ---> TOURGUIDESERVICE
getUserRewards ---> TOURGUIDESERVICE
getUserRewards ---> TOURGUIDESERVICE
getUserRewards ---> TOURGUIDESERVICE
getUserRewards ---> TOURGUIDESERVICE
getUserRewards ---> TOURGUIDESERVICE
getUserRewards ---> TOURGUIDESERVICE
getUserRewards ---> TOURGUIDESERVICE
getUserRewards ---> TOURGUIDESERVICE
getUserRewards ---> TOURGUIDESERVICE
getUserRewards ---> TOURGUIDESERVICE
getUserRewards ---> TOURGUIDESERVICE
getUserRewards ---> TOURGUIDESERVICE
getUserRewards ---> TOURGUIDESERVICE
getUserRewards ---> TOURGUIDESERVICE
getUserRewards ---> TOURGUIDESERVICE
getUserRewards ---> TOURGUIDESERVICE
getUserRewards ---> TOURGUIDESERVICE
getUserRewards ---> TOURGUIDESERVICE
getUserRewards ---> TOURGUIDESERVICE
getUserRewards ---> TOURGUIDESERVICE
getUserRewards ---> TOURGUIDESERVICE
getUserRewards ---> TOURGUIDESERVICE
getUserRewards ---> TOURGUIDESERVICE
getUserRewards ---> TOURGUIDESERVICE
getUserRewards ---> TOURGUIDESERVICE
getUserRewards ---> TOURGUIDESERVICE
getUserRewards ---> TOURGUIDESERVICE
getUserRewards ---> TOURGUIDESERVICE
getUserRewards ---> TOURGUIDESERVICE
getUserRewards ---> TOURGUIDESERVICE
getUserRewards ---> TOURGUIDESERVICE
getUserRewards ---> TOURGUIDESERVICE
getUserRewards ---> TOURGUIDESERVICE
getUserRewards ---> TOURGUIDESERVICE
getUserRewards ---> TOURGUIDESERVICE
getUserRewards ---> TOURGUIDESERVICE
getUserRewards ---> TOURGUIDESERVICE
getUserRewards ---> TOURGUIDESERVICE
getUserRewards ---> TOURGUIDESERVICE
getUserRewards ---> TOURGUIDESERVICE
getUserRewards ---> TOURGUIDESERVICE
getUserRewards ---> TOURGUIDESERVICE
getUserRewards ---> TOURGUIDESERVICE
getUserRewards ---> TOURGUIDESERVICE
getUserRewards ---> TOURGUIDESERVICE
getUserRewards ---> TOURGUIDESERVICE
getUserRewards ---> TOURGUIDESERVICE
getUserRewards ---> TOURGUIDESERVICE
getUserRewards ---> TOURGUIDESERVICE
getUserRewards ---> TOURGUIDESERVICE
getUserRewards ---> TOURGUIDESERVICE
getUserRewards ---> TOURGUIDESERVICE
getUserRewards ---> TOURGUIDESERVICE
getUserRewards ---> TOURGUIDESERVICE
getUserRewards ---> TOURGUIDESERVICE
getUserRewards ---> TOURGUIDESERVICE
getUserRewards ---> TOURGUIDESERVICE
getUserRewards ---> TOURGUIDESERVICE
getUserRewards ---> TOURGUIDESERVICE
getUserRewards ---> TOURGUIDESERVICE
getUserRewards ---> TOURGUIDESERVICE
getUserRewards ---> TOURGUIDESERVICE
getUserRewards ---> TOURGUIDESERVICE
getUserRewards ---> TOURGUIDESERVICE
getUserRewards ---> TOURGUIDESERVICE
getUserRewards ---> TOURGUIDESERVICE
getUserRewards ---> TOURGUIDESERVICE
getUserRewards ---> TOURGUIDESERVICE
getUserRewards ---> TOURGUIDESERVICE
getUserRewards ---> TOURGUIDESERVICE
getUserRewards ---> TOURGUIDESERVICE
getUserRewards ---> TOURGUIDESERVICE
getUserRewards ---> TOURGUIDESERVICE
getUserRewards ---> TOURGUIDESERVICE
getUserRewards ---> TOURGUIDESERVICE
getUserRewards ---> TOURGUIDESERVICE
getUserRewards ---> TOURGUIDESERVICE
getUserRewards ---> TOURGUIDESERVICE
getUserRewards ---> TOURGUIDESERVICE
getUserRewards ---> TOURGUIDESERVICE
getUserRewards ---> TOURGUIDESERVICE
getUserRewards ---> TOURGUIDESERVICE
getUserRewards ---> TOURGUIDESERVICE
getUserRewards ---> TOURGUIDESERVICE
getUserRewards ---> TOURGUIDESERVICE
getUserRewards ---> TOURGUIDESERVICE
getUserRewards ---> TOURGUIDESERVICE
getUserRewards ---> TOURGUIDESERVICE
getUserRewards ---> TOURGUIDESERVICE
getUserRewards ---> TOURGUIDESERVICE
getUserRewards ---> TOURGUIDESERVICE
getUserRewards ---> TOURGUIDESERVICE
getUserRewards ---> TOURGUIDESERVICE
getUserRewards ---> TOURGUIDESERVICE
getUserRewards ---> TOURGUIDESERVICE
getUserRewards ---> TOURGUIDESERVICE
getUserRewards ---> TOURGUIDESERVICE
getUserRewards ---> TOURGUIDESERVICE
getUserRewards ---> TOURGUIDESERVICE
getUserRewards ---> TOURGUIDESERVICE
getUserRewards ---> TOURGUIDESERVICE
getUserRewards ---> TOURGUIDESERVICE
getUserRewards ---> TOURGUIDESERVICE
getUserRewards ---> TOURGUIDESERVICE
getUserRewards ---> TOURGUIDESERVICE
getUserRewards ---> TOURGUIDESERVICE
getUserRewards ---> TOURGUIDESERVICE
getUserRewards ---> TOURGUIDESERVICE
getUserRewards ---> TOURGUIDESERVICE
getUserRewards ---> TOURGUIDESERVICE
getUserRewards ---> TOURGUIDESERVICE
getUserRewards ---> TOURGUIDESERVICE
getUserRewards ---> TOURGUIDESERVICE
getUserRewards ---> TOURGUIDESERVICE
getUserRewards ---> TOURGUIDESERVICE
getUserRewards ---> TOURGUIDESERVICE
getUserRewards ---> TOURGUIDESERVICE
getUserRewards ---> TOURGUIDESERVICE
getUserRewards ---> TOURGUIDESERVICE
getUserRewards ---> TOURGUIDESERVICE
getUserRewards ---> TOURGUIDESERVICE
getUserRewards ---> TOURGUIDESERVICE
getUserRewards ---> TOURGUIDESERVICE
getUserRewards ---> TOURGUIDESERVICE
getUserRewards ---> TOURGUIDESERVICE
getUserRewards ---> TOURGUIDESERVICE
getUserRewards ---> TOURGUIDESERVICE
getUserRewards ---> TOURGUIDESERVICE
getUserRewards ---> TOURGUIDESERVICE
getUserRewards ---> TOURGUIDESERVICE
getUserRewards ---> TOURGUIDESERVICE
getUserRewards ---> TOURGUIDESERVICE
getUserRewards ---> TOURGUIDESERVICE
getUserRewards ---> TOURGUIDESERVICE
getUserRewards ---> TOURGUIDESERVICE
getUserRewards ---> TOURGUIDESERVICE
getUserRewards ---> TOURGUIDESERVICE
getUserRewards ---> TOURGUIDESERVICE
getUserRewards ---> TOURGUIDESERVICE
getUserRewards ---> TOURGUIDESERVICE
getUserRewards ---> TOURGUIDESERVICE
getUserRewards ---> TOURGUIDESERVICE
getUserRewards ---> TOURGUIDESERVICE
getUserRewards ---> TOURGUIDESERVICE
getUserRewards ---> TOURGUIDESERVICE
getUserRewards ---> TOURGUIDESERVICE
getUserRewards ---> TOURGUIDESERVICE
getUserRewards ---> TOURGUIDESERVICE
getUserRewards ---> TOURGUIDESERVICE
getUserRewards ---> TOURGUIDESERVICE
getUserRewards ---> TOURGUIDESERVICE
getUserRewards ---> TOURGUIDESERVICE
getUserRewards ---> TOURGUIDESERVICE
getUserRewards ---> TOURGUIDESERVICE
getUserRewards ---> TOURGUIDESERVICE
getUserRewards ---> TOURGUIDESERVICE
getUserRewards ---> TOURGUIDESERVICE
getUserRewards ---> TOURGUIDESERVICE
getUserRewards ---> TOURGUIDESERVICE
getUserRewards ---> TOURGUIDESERVICE
getUserRewards ---> TOURGUIDESERVICE
getUserRewards ---> TOURGUIDESERVICE
getUserRewards ---> TOURGUIDESERVICE
getUserRewards ---> TOURGUIDESERVICE
getUserRewards ---> TOURGUIDESERVICE
getUserRewards ---> TOURGUIDESERVICE
getUserRewards ---> TOURGUIDESERVICE
getUserRewards ---> TOURGUIDESERVICE
getUserRewards ---> TOURGUIDESERVICE
getUserRewards ---> TOURGUIDESERVICE
getUserRewards ---> TOURGUIDESERVICE
getUserRewards ---> TOURGUIDESERVICE
getUserRewards ---> TOURGUIDESERVICE
getUserRewards ---> TOURGUIDESERVICE
getUserRewards ---> TOURGUIDESERVICE
getUserRewards ---> TOURGUIDESERVICE
getUserRewards ---> TOURGUIDESERVICE
getUserRewards ---> TOURGUIDESERVICE
getUserRewards ---> TOURGUIDESERVICE
getUserRewards ---> TOURGUIDESERVICE
getUserRewards ---> TOURGUIDESERVICE
getUserRewards ---> TOURGUIDESERVICE
getUserRewards ---> TOURGUIDESERVICE
getUserRewards ---> TOURGUIDESERVICE
getUserRewards ---> TOURGUIDESERVICE
getUserRewards ---> TOURGUIDESERVICE
getUserRewards ---> TOURGUIDESERVICE
getUserRewards ---> TOURGUIDESERVICE
getUserRewards ---> TOURGUIDESERVICE
getUserRewards ---> TOURGUIDESERVICE
getUserRewards ---> TOURGUIDESERVICE
getUserRewards ---> TOURGUIDESERVICE
getUserRewards ---> TOURGUIDESERVICE
getUserRewards ---> TOURGUIDESERVICE
getUserRewards ---> TOURGUIDESERVICE
getUserRewards ---> TOURGUIDESERVICE
getUserRewards ---> TOURGUIDESERVICE
getUserRewards ---> TOURGUIDESERVICE
getUserRewards ---> TOURGUIDESERVICE
getUserRewards ---> TOURGUIDESERVICE
getUserRewards ---> TOURGUIDESERVICE
getUserRewards ---> TOURGUIDESERVICE
getUserRewards ---> TOURGUIDESERVICE
getUserRewards ---> TOURGUIDESERVICE
getUserRewards ---> TOURGUIDESERVICE
getUserRewards ---> TOURGUIDESERVICE
getUserRewards ---> TOURGUIDESERVICE
getUserRewards ---> TOURGUIDESERVICE
getUserRewards ---> TOURGUIDESERVICE
getUserRewards ---> TOURGUIDESERVICE
getUserRewards ---> TOURGUIDESERVICE
getUserRewards ---> TOURGUIDESERVICE
getUserRewards ---> TOURGUIDESERVICE
getUserRewards ---> TOURGUIDESERVICE
getUserRewards ---> TOURGUIDESERVICE
getUserRewards ---> TOURGUIDESERVICE
getUserRewards ---> TOURGUIDESERVICE
getUserRewards ---> TOURGUIDESERVICE
getUserRewards ---> TOURGUIDESERVICE
getUserRewards ---> TOURGUIDESERVICE
getUserRewards ---> TOURGUIDESERVICE
getUserRewards ---> TOURGUIDESERVICE
getUserRewards ---> TOURGUIDESERVICE
getUserRewards ---> TOURGUIDESERVICE
getUserRewards ---> TOURGUIDESERVICE
getUserRewards ---> TOURGUIDESERVICE
getUserRewards ---> TOURGUIDESERVICE
getUserRewards ---> TOURGUIDESERVICE
getUserRewards ---> TOURGUIDESERVICE
getUserRewards ---> TOURGUIDESERVICE
getUserRewards ---> TOURGUIDESERVICE
getUserRewards ---> TOURGUIDESERVICE
getUserRewards ---> TOURGUIDESERVICE
getUserRewards ---> TOURGUIDESERVICE
getUserRewards ---> TOURGUIDESERVICE
getUserRewards ---> TOURGUIDESERVICE
getUserRewards ---> TOURGUIDESERVICE
getUserRewards ---> TOURGUIDESERVICE
getUserRewards ---> TOURGUIDESERVICE
getUserRewards ---> TOURGUIDESERVICE
getUserRewards ---> TOURGUIDESERVICE
getUserRewards ---> TOURGUIDESERVICE
getUserRewards ---> TOURGUIDESERVICE
getUserRewards ---> TOURGUIDESERVICE
getUserRewards ---> TOURGUIDESERVICE
getUserRewards ---> TOURGUIDESERVICE
getUserRewards ---> TOURGUIDESERVICE
getUserRewards ---> TOURGUIDESERVICE
getUserRewards ---> TOURGUIDESERVICE
getUserRewards ---> TOURGUIDESERVICE
getUserRewards ---> TOURGUIDESERVICE
getUserRewards ---> TOURGUIDESERVICE
getUserRewards ---> TOURGUIDESERVICE
getUserRewards ---> TOURGUIDESERVICE
getUserRewards ---> TOURGUIDESERVICE
getUserRewards ---> TOURGUIDESERVICE
getUserRewards ---> TOURGUIDESERVICE
getUserRewards ---> TOURGUIDESERVICE
getUserRewards ---> TOURGUIDESERVICE
getUserRewards ---> TOURGUIDESERVICE
getUserRewards ---> TOURGUIDESERVICE
getUserRewards ---> TOURGUIDESERVICE
getUserRewards ---> TOURGUIDESERVICE
getUserRewards ---> TOURGUIDESERVICE
getUserRewards ---> TOURGUIDESERVICE
getUserRewards ---> TOURGUIDESERVICE
getUserRewards ---> TOURGUIDESERVICE
getUserRewards ---> TOURGUIDESERVICE
getUserRewards ---> TOURGUIDESERVICE
getUserRewards ---> TOURGUIDESERVICE
getUserRewards ---> TOURGUIDESERVICE
getUserRewards ---> TOURGUIDESERVICE
getUserRewards ---> TOURGUIDESERVICE
getUserRewards ---> TOURGUIDESERVICE
getUserRewards ---> TOURGUIDESERVICE
getUserRewards ---> TOURGUIDESERVICE
getUserRewards ---> TOURGUIDESERVICE
getUserRewards ---> TOURGUIDESERVICE
getUserRewards ---> TOURGUIDESERVICE
getUserRewards ---> TOURGUIDESERVICE
getUserRewards ---> TOURGUIDESERVICE
getUserRewards ---> TOURGUIDESERVICE
getUserRewards ---> TOURGUIDESERVICE
getUserRewards ---> TOURGUIDESERVICE
getUserRewards ---> TOURGUIDESERVICE
getUserRewards ---> TOURGUIDESERVICE
getUserRewards ---> TOURGUIDESERVICE
getUserRewards ---> TOURGUIDESERVICE
getUserRewards ---> TOURGUIDESERVICE
getUserRewards ---> TOURGUIDESERVICE
getUserRewards ---> TOURGUIDESERVICE
getUserRewards ---> TOURGUIDESERVICE
getUserRewards ---> TOURGUIDESERVICE
getUserRewards ---> TOURGUIDESERVICE
getUserRewards ---> TOURGUIDESERVICE
getUserRewards ---> TOURGUIDESERVICE
getUserRewards ---> TOURGUIDESERVICE
getUserRewards ---> TOURGUIDESERVICE
getUserRewards ---> TOURGUIDESERVICE
getUserRewards ---> TOURGUIDESERVICE
getUserRewards ---> TOURGUIDESERVICE
getUserRewards ---> TOURGUIDESERVICE
getUserRewards ---> TOURGUIDESERVICE
getUserRewards ---> TOURGUIDESERVICE
getUserRewards ---> TOURGUIDESERVICE
getUserRewards ---> TOURGUIDESERVICE
getUserRewards ---> TOURGUIDESERVICE
getUserRewards ---> TOURGUIDESERVICE
getUserRewards ---> TOURGUIDESERVICE
getUserRewards ---> TOURGUIDESERVICE
getUserRewards ---> TOURGUIDESERVICE
getUserRewards ---> TOURGUIDESERVICE
getUserRewards ---> TOURGUIDESERVICE
getUserRewards ---> TOURGUIDESERVICE
getUserRewards ---> TOURGUIDESERVICE
getUserRewards ---> TOURGUIDESERVICE
getUserRewards ---> TOURGUIDESERVICE
getUserRewards ---> TOURGUIDESERVICE
getUserRewards ---> TOURGUIDESERVICE
getUserRewards ---> TOURGUIDESERVICE
getUserRewards ---> TOURGUIDESERVICE
getUserRewards ---> TOURGUIDESERVICE
getUserRewards ---> TOURGUIDESERVICE
getUserRewards ---> TOURGUIDESERVICE
getUserRewards ---> TOURGUIDESERVICE
getUserRewards ---> TOURGUIDESERVICE
getUserRewards ---> TOURGUIDESERVICE
getUserRewards ---> TOURGUIDESERVICE
getUserRewards ---> TOURGUIDESERVICE
getUserRewards ---> TOURGUIDESERVICE
getUserRewards ---> TOURGUIDESERVICE
getUserRewards ---> TOURGUIDESERVICE
getUserRewards ---> TOURGUIDESERVICE
getUserRewards ---> TOURGUIDESERVICE
getUserRewards ---> TOURGUIDESERVICE
getUserRewards ---> TOURGUIDESERVICE
getUserRewards ---> TOURGUIDESERVICE
getUserRewards ---> TOURGUIDESERVICE
getUserRewards ---> TOURGUIDESERVICE
getUserRewards ---> TOURGUIDESERVICE
getUserRewards ---> TOURGUIDESERVICE
getUserRewards ---> TOURGUIDESERVICE
getUserRewards ---> TOURGUIDESERVICE
getUserRewards ---> TOURGUIDESERVICE
getUserRewards ---> TOURGUIDESERVICE
getUserRewards ---> TOURGUIDESERVICE
getUserRewards ---> TOURGUIDESERVICE
getUserRewards ---> TOURGUIDESERVICE
getUserRewards ---> TOURGUIDESERVICE
getUserRewards ---> TOURGUIDESERVICE
getUserRewards ---> TOURGUIDESERVICE
getUserRewards ---> TOURGUIDESERVICE
getUserRewards ---> TOURGUIDESERVICE
getUserRewards ---> TOURGUIDESERVICE
getUserRewards ---> TOURGUIDESERVICE
getUserRewards ---> TOURGUIDESERVICE
getUserRewards ---> TOURGUIDESERVICE
getUserRewards ---> TOURGUIDESERVICE
getUserRewards ---> TOURGUIDESERVICE
getUserRewards ---> TOURGUIDESERVICE
getUserRewards ---> TOURGUIDESERVICE
getUserRewards ---> TOURGUIDESERVICE
getUserRewards ---> TOURGUIDESERVICE
getUserRewards ---> TOURGUIDESERVICE
getUserRewards ---> TOURGUIDESERVICE
getUserRewards ---> TOURGUIDESERVICE
getUserRewards ---> TOURGUIDESERVICE
getUserRewards ---> TOURGUIDESERVICE
getUserRewards ---> TOURGUIDESERVICE
getUserRewards ---> TOURGUIDESERVICE
getUserRewards ---> TOURGUIDESERVICE
getUserRewards ---> TOURGUIDESERVICE
getUserRewards ---> TOURGUIDESERVICE
getUserRewards ---> TOURGUIDESERVICE
getUserRewards ---> TOURGUIDESERVICE
getUserRewards ---> TOURGUIDESERVICE
getUserRewards ---> TOURGUIDESERVICE
getUserRewards ---> TOURGUIDESERVICE
getUserRewards ---> TOURGUIDESERVICE
getUserRewards ---> TOURGUIDESERVICE
getUserRewards ---> TOURGUIDESERVICE
getUserRewards ---> TOURGUIDESERVICE
getUserRewards ---> TOURGUIDESERVICE
getUserRewards ---> TOURGUIDESERVICE
getUserRewards ---> TOURGUIDESERVICE
getUserRewards ---> TOURGUIDESERVICE
getUserRewards ---> TOURGUIDESERVICE
getUserRewards ---> TOURGUIDESERVICE
getUserRewards ---> TOURGUIDESERVICE
getUserRewards ---> TOURGUIDESERVICE
getUserRewards ---> TOURGUIDESERVICE
getUserRewards ---> TOURGUIDESERVICE
getUserRewards ---> TOURGUIDESERVICE
getUserRewards ---> TOURGUIDESERVICE
getUserRewards ---> TOURGUIDESERVICE
getUserRewards ---> TOURGUIDESERVICE
getUserRewards ---> TOURGUIDESERVICE
getUserRewards ---> TOURGUIDESERVICE
getUserRewards ---> TOURGUIDESERVICE
getUserRewards ---> TOURGUIDESERVICE
getUserRewards ---> TOURGUIDESERVICE
getUserRewards ---> TOURGUIDESERVICE
getUserRewards ---> TOURGUIDESERVICE
getUserRewards ---> TOURGUIDESERVICE
getUserRewards ---> TOURGUIDESERVICE
getUserRewards ---> TOURGUIDESERVICE
getUserRewards ---> TOURGUIDESERVICE
getUserRewards ---> TOURGUIDESERVICE
getUserRewards ---> TOURGUIDESERVICE
getUserRewards ---> TOURGUIDESERVICE
getUserRewards ---> TOURGUIDESERVICE
getUserRewards ---> TOURGUIDESERVICE
getUserRewards ---> TOURGUIDESERVICE
getUserRewards ---> TOURGUIDESERVICE
getUserRewards ---> TOURGUIDESERVICE
getUserRewards ---> TOURGUIDESERVICE
getUserRewards ---> TOURGUIDESERVICE
getUserRewards ---> TOURGUIDESERVICE
getUserRewards ---> TOURGUIDESERVICE
getUserRewards ---> TOURGUIDESERVICE
getUserRewards ---> TOURGUIDESERVICE
getUserRewards ---> TOURGUIDESERVICE
getUserRewards ---> TOURGUIDESERVICE
getUserRewards ---> TOURGUIDESERVICE
getUserRewards ---> TOURGUIDESERVICE
getUserRewards ---> TOURGUIDESERVICE
getUserRewards ---> TOURGUIDESERVICE
getUserRewards ---> TOURGUIDESERVICE
getUserRewards ---> TOURGUIDESERVICE
getUserRewards ---> TOURGUIDESERVICE
getUserRewards ---> TOURGUIDESERVICE
getUserRewards ---> TOURGUIDESERVICE
getUserRewards ---> TOURGUIDESERVICE
getUserRewards ---> TOURGUIDESERVICE
getUserRewards ---> TOURGUIDESERVICE
getUserRewards ---> TOURGUIDESERVICE
getUserRewards ---> TOURGUIDESERVICE
getUserRewards ---> TOURGUIDESERVICE
getUserRewards ---> TOURGUIDESERVICE
getUserRewards ---> TOURGUIDESERVICE
getUserRewards ---> TOURGUIDESERVICE
getUserRewards ---> TOURGUIDESERVICE
getUserRewards ---> TOURGUIDESERVICE
getUserRewards ---> TOURGUIDESERVICE
getUserRewards ---> TOURGUIDESERVICE
getUserRewards ---> TOURGUIDESERVICE
getUserRewards ---> TOURGUIDESERVICE
getUserRewards ---> TOURGUIDESERVICE
getUserRewards ---> TOURGUIDESERVICE
getUserRewards ---> TOURGUIDESERVICE
getUserRewards ---> TOURGUIDESERVICE
getUserRewards ---> TOURGUIDESERVICE
getUserRewards ---> TOURGUIDESERVICE
getUserRewards ---> TOURGUIDESERVICE
getUserRewards ---> TOURGUIDESERVICE
getUserRewards ---> TOURGUIDESERVICE
getUserRewards ---> TOURGUIDESERVICE
getUserRewards ---> TOURGUIDESERVICE
getUserRewards ---> TOURGUIDESERVICE
getUserRewards ---> TOURGUIDESERVICE
getUserRewards ---> TOURGUIDESERVICE
getUserRewards ---> TOURGUIDESERVICE
getUserRewards ---> TOURGUIDESERVICE
getUserRewards ---> TOURGUIDESERVICE
getUserRewards ---> TOURGUIDESERVICE
getUserRewards ---> TOURGUIDESERVICE
getUserRewards ---> TOURGUIDESERVICE
getUserRewards ---> TOURGUIDESERVICE
getUserRewards ---> TOURGUIDESERVICE
getUserRewards ---> TOURGUIDESERVICE
getUserRewards ---> TOURGUIDESERVICE
getUserRewards ---> TOURGUIDESERVICE
getUserRewards ---> TOURGUIDESERVICE
getUserRewards ---> TOURGUIDESERVICE
getUserRewards ---> TOURGUIDESERVICE
getUserRewards ---> TOURGUIDESERVICE
getUserRewards ---> TOURGUIDESERVICE
getUserRewards ---> TOURGUIDESERVICE
getUserRewards ---> TOURGUIDESERVICE
getUserRewards ---> TOURGUIDESERVICE
getUserRewards ---> TOURGUIDESERVICE
getUserRewards ---> TOURGUIDESERVICE
getUserRewards ---> TOURGUIDESERVICE
getUserRewards ---> TOURGUIDESERVICE
getUserRewards ---> TOURGUIDESERVICE
getUserRewards ---> TOURGUIDESERVICE
getUserRewards ---> TOURGUIDESERVICE
getUserRewards ---> TOURGUIDESERVICE
getUserRewards ---> TOURGUIDESERVICE
getUserRewards ---> TOURGUIDESERVICE
getUserRewards ---> TOURGUIDESERVICE
getUserRewards ---> TOURGUIDESERVICE
getUserRewards ---> TOURGUIDESERVICE
getUserRewards ---> TOURGUIDESERVICE
getUserRewards ---> TOURGUIDESERVICE
getUserRewards ---> TOURGUIDESERVICE
getUserRewards ---> TOURGUIDESERVICE
getUserRewards ---> TOURGUIDESERVICE
getUserRewards ---> TOURGUIDESERVICE
getUserRewards ---> TOURGUIDESERVICE
getUserRewards ---> TOURGUIDESERVICE
getUserRewards ---> TOURGUIDESERVICE
getUserRewards ---> TOURGUIDESERVICE
getUserRewards ---> TOURGUIDESERVICE
getUserRewards ---> TOURGUIDESERVICE
getUserRewards ---> TOURGUIDESERVICE
getUserRewards ---> TOURGUIDESERVICE
getUserRewards ---> TOURGUIDESERVICE
getUserRewards ---> TOURGUIDESERVICE
getUserRewards ---> TOURGUIDESERVICE
getUserRewards ---> TOURGUIDESERVICE
getUserRewards ---> TOURGUIDESERVICE
getUserRewards ---> TOURGUIDESERVICE
getUserRewards ---> TOURGUIDESERVICE
getUserRewards ---> TOURGUIDESERVICE
getUserRewards ---> TOURGUIDESERVICE
getUserRewards ---> TOURGUIDESERVICE
getUserRewards ---> TOURGUIDESERVICE
getUserRewards ---> TOURGUIDESERVICE
getUserRewards ---> TOURGUIDESERVICE
getUserRewards ---> TOURGUIDESERVICE
getUserRewards ---> TOURGUIDESERVICE
getUserRewards ---> TOURGUIDESERVICE
getUserRewards ---> TOURGUIDESERVICE
getUserRewards ---> TOURGUIDESERVICE
getUserRewards ---> TOURGUIDESERVICE
getUserRewards ---> TOURGUIDESERVICE
getUserRewards ---> TOURGUIDESERVICE
getUserRewards ---> TOURGUIDESERVICE
getUserRewards ---> TOURGUIDESERVICE
getUserRewards ---> TOURGUIDESERVICE
getUserRewards ---> TOURGUIDESERVICE
getUserRewards ---> TOURGUIDESERVICE
getUserRewards ---> TOURGUIDESERVICE
getUserRewards ---> TOURGUIDESERVICE
getUserRewards ---> TOURGUIDESERVICE
getUserRewards ---> TOURGUIDESERVICE
getUserRewards ---> TOURGUIDESERVICE
getUserRewards ---> TOURGUIDESERVICE
getUserRewards ---> TOURGUIDESERVICE
getUserRewards ---> TOURGUIDESERVICE
getUserRewards ---> TOURGUIDESERVICE
getUserRewards ---> TOURGUIDESERVICE
getUserRewards ---> TOURGUIDESERVICE
getUserRewards ---> TOURGUIDESERVICE
getUserRewards ---> TOURGUIDESERVICE
getUserRewards ---> TOURGUIDESERVICE
getUserRewards ---> TOURGUIDESERVICE
getUserRewards ---> TOURGUIDESERVICE
getUserRewards ---> TOURGUIDESERVICE
getUserRewards ---> TOURGUIDESERVICE
getUserRewards ---> TOURGUIDESERVICE
getUserRewards ---> TOURGUIDESERVICE
getUserRewards ---> TOURGUIDESERVICE
getUserRewards ---> TOURGUIDESERVICE
getUserRewards ---> TOURGUIDESERVICE
getUserRewards ---> TOURGUIDESERVICE
getUserRewards ---> TOURGUIDESERVICE
getUserRewards ---> TOURGUIDESERVICE
getUserRewards ---> TOURGUIDESERVICE
getUserRewards ---> TOURGUIDESERVICE
getUserRewards ---> TOURGUIDESERVICE
getUserRewards ---> TOURGUIDESERVICE
getUserRewards ---> TOURGUIDESERVICE
getUserRewards ---> TOURGUIDESERVICE
getUserRewards ---> TOURGUIDESERVICE
getUserRewards ---> TOURGUIDESERVICE
getUserRewards ---> TOURGUIDESERVICE
getUserRewards ---> TOURGUIDESERVICE
getUserRewards ---> TOURGUIDESERVICE
getUserRewards ---> TOURGUIDESERVICE
getUserRewards ---> TOURGUIDESERVICE
getUserRewards ---> TOURGUIDESERVICE
getUserRewards ---> TOURGUIDESERVICE
getUserRewards ---> TOURGUIDESERVICE
getUserRewards ---> TOURGUIDESERVICE
getUserRewards ---> TOURGUIDESERVICE
getUserRewards ---> TOURGUIDESERVICE
getUserRewards ---> TOURGUIDESERVICE
getUserRewards ---> TOURGUIDESERVICE
getUserRewards ---> TOURGUIDESERVICE
getUserRewards ---> TOURGUIDESERVICE
getUserRewards ---> TOURGUIDESERVICE
getUserRewards ---> TOURGUIDESERVICE
getUserRewards ---> TOURGUIDESERVICE
getUserRewards ---> TOURGUIDESERVICE
getUserRewards ---> TOURGUIDESERVICE
getUserRewards ---> TOURGUIDESERVICE
getUserRewards ---> TOURGUIDESERVICE
getUserRewards ---> TOURGUIDESERVICE
getUserRewards ---> TOURGUIDESERVICE
getUserRewards ---> TOURGUIDESERVICE
getUserRewards ---> TOURGUIDESERVICE
getUserRewards ---> TOURGUIDESERVICE
getUserRewards ---> TOURGUIDESERVICE
getUserRewards ---> TOURGUIDESERVICE
getUserRewards ---> TOURGUIDESERVICE
getUserRewards ---> TOURGUIDESERVICE
getUserRewards ---> TOURGUIDESERVICE
getUserRewards ---> TOURGUIDESERVICE
getUserRewards ---> TOURGUIDESERVICE
getUserRewards ---> TOURGUIDESERVICE
getUserRewards ---> TOURGUIDESERVICE
getUserRewards ---> TOURGUIDESERVICE
getUserRewards ---> TOURGUIDESERVICE
getUserRewards ---> TOURGUIDESERVICE
getUserRewards ---> TOURGUIDESERVICE
getUserRewards ---> TOURGUIDESERVICE
getUserRewards ---> TOURGUIDESERVICE
getUserRewards ---> TOURGUIDESERVICE
getUserRewards ---> TOURGUIDESERVICE
getUserRewards ---> TOURGUIDESERVICE
getUserRewards ---> TOURGUIDESERVICE
getUserRewards ---> TOURGUIDESERVICE
getUserRewards ---> TOURGUIDESERVICE
getUserRewards ---> TOURGUIDESERVICE
getUserRewards ---> TOURGUIDESERVICE
getUserRewards ---> TOURGUIDESERVICE
getUserRewards ---> TOURGUIDESERVICE
getUserRewards ---> TOURGUIDESERVICE
getUserRewards ---> TOURGUIDESERVICE
getUserRewards ---> TOURGUIDESERVICE
getUserRewards ---> TOURGUIDESERVICE
getUserRewards ---> TOURGUIDESERVICE
getUserRewards ---> TOURGUIDESERVICE
getUserRewards ---> TOURGUIDESERVICE
getUserRewards ---> TOURGUIDESERVICE
getUserRewards ---> TOURGUIDESERVICE
getUserRewards ---> TOURGUIDESERVICE
getUserRewards ---> TOURGUIDESERVICE
getUserRewards ---> TOURGUIDESERVICE
getUserRewards ---> TOURGUIDESERVICE
getUserRewards ---> TOURGUIDESERVICE
getUserRewards ---> TOURGUIDESERVICE
getUserRewards ---> TOURGUIDESERVICE
getUserRewards ---> TOURGUIDESERVICE
getUserRewards ---> TOURGUIDESERVICE
getUserRewards ---> TOURGUIDESERVICE
getUserRewards ---> TOURGUIDESERVICE
getUserRewards ---> TOURGUIDESERVICE
getUserRewards ---> TOURGUIDESERVICE
getUserRewards ---> TOURGUIDESERVICE
getUserRewards ---> TOURGUIDESERVICE
getUserRewards ---> TOURGUIDESERVICE
getUserRewards ---> TOURGUIDESERVICE
getUserRewards ---> TOURGUIDESERVICE
getUserRewards ---> TOURGUIDESERVICE
getUserRewards ---> TOURGUIDESERVICE
getUserRewards ---> TOURGUIDESERVICE
getUserRewards ---> TOURGUIDESERVICE
getUserRewards ---> TOURGUIDESERVICE
getUserRewards ---> TOURGUIDESERVICE
getUserRewards ---> TOURGUIDESERVICE
getUserRewards ---> TOURGUIDESERVICE
getUserRewards ---> TOURGUIDESERVICE
getUserRewards ---> TOURGUIDESERVICE
getUserRewards ---> TOURGUIDESERVICE
getUserRewards ---> TOURGUIDESERVICE
getUserRewards ---> TOURGUIDESERVICE
getUserRewards ---> TOURGUIDESERVICE
getUserRewards ---> TOURGUIDESERVICE
getUserRewards ---> TOURGUIDESERVICE
getUserRewards ---> TOURGUIDESERVICE
getUserRewards ---> TOURGUIDESERVICE
getUserRewards ---> TOURGUIDESERVICE
getUserRewards ---> TOURGUIDESERVICE
getUserRewards ---> TOURGUIDESERVICE
getUserRewards ---> TOURGUIDESERVICE
getUserRewards ---> TOURGUIDESERVICE
getUserRewards ---> TOURGUIDESERVICE
getUserRewards ---> TOURGUIDESERVICE
getUserRewards ---> TOURGUIDESERVICE
getUserRewards ---> TOURGUIDESERVICE
getUserRewards ---> TOURGUIDESERVICE
getUserRewards ---> TOURGUIDESERVICE
getUserRewards ---> TOURGUIDESERVICE
getUserRewards ---> TOURGUIDESERVICE
getUserRewards ---> TOURGUIDESERVICE
getUserRewards ---> TOURGUIDESERVICE
getUserRewards ---> TOURGUIDESERVICE
getUserRewards ---> TOURGUIDESERVICE
getUserRewards ---> TOURGUIDESERVICE
getUserRewards ---> TOURGUIDESERVICE
getUserRewards ---> TOURGUIDESERVICE
getUserRewards ---> TOURGUIDESERVICE
getUserRewards ---> TOURGUIDESERVICE
getUserRewards ---> TOURGUIDESERVICE
getUserRewards ---> TOURGUIDESERVICE
getUserRewards ---> TOURGUIDESERVICE
getUserRewards ---> TOURGUIDESERVICE
getUserRewards ---> TOURGUIDESERVICE
getUserRewards ---> TOURGUIDESERVICE
getUserRewards ---> TOURGUIDESERVICE
getUserRewards ---> TOURGUIDESERVICE
getUserRewards ---> TOURGUIDESERVICE
getUserRewards ---> TOURGUIDESERVICE
getUserRewards ---> TOURGUIDESERVICE
getUserRewards ---> TOURGUIDESERVICE
getUserRewards ---> TOURGUIDESERVICE
getUserRewards ---> TOURGUIDESERVICE
getUserRewards ---> TOURGUIDESERVICE
getUserRewards ---> TOURGUIDESERVICE
getUserRewards ---> TOURGUIDESERVICE
getUserRewards ---> TOURGUIDESERVICE
getUserRewards ---> TOURGUIDESERVICE
getUserRewards ---> TOURGUIDESERVICE
getUserRewards ---> TOURGUIDESERVICE
getUserRewards ---> TOURGUIDESERVICE
getUserRewards ---> TOURGUIDESERVICE
getUserRewards ---> TOURGUIDESERVICE
getUserRewards ---> TOURGUIDESERVICE
getUserRewards ---> TOURGUIDESERVICE
getUserRewards ---> TOURGUIDESERVICE
getUserRewards ---> TOURGUIDESERVICE
getUserRewards ---> TOURGUIDESERVICE
getUserRewards ---> TOURGUIDESERVICE
getUserRewards ---> TOURGUIDESERVICE
getUserRewards ---> TOURGUIDESERVICE
getUserRewards ---> TOURGUIDESERVICE
getUserRewards ---> TOURGUIDESERVICE
getUserRewards ---> TOURGUIDESERVICE
getUserRewards ---> TOURGUIDESERVICE
getUserRewards ---> TOURGUIDESERVICE
getUserRewards ---> TOURGUIDESERVICE
getUserRewards ---> TOURGUIDESERVICE
getUserRewards ---> TOURGUIDESERVICE
getUserRewards ---> TOURGUIDESERVICE
getUserRewards ---> TOURGUIDESERVICE
getUserRewards ---> TOURGUIDESERVICE
getUserRewards ---> TOURGUIDESERVICE
getUserRewards ---> TOURGUIDESERVICE
getUserRewards ---> TOURGUIDESERVICE
getUserRewards ---> TOURGUIDESERVICE
getUserRewards ---> TOURGUIDESERVICE
getUserRewards ---> TOURGUIDESERVICE
getUserRewards ---> TOURGUIDESERVICE
getUserRewards ---> TOURGUIDESERVICE
getUserRewards ---> TOURGUIDESERVICE
getUserRewards ---> TOURGUIDESERVICE
getUserRewards ---> TOURGUIDESERVICE
getUserRewards ---> TOURGUIDESERVICE
getUserRewards ---> TOURGUIDESERVICE
getUserRewards ---> TOURGUIDESERVICE
getUserRewards ---> TOURGUIDESERVICE
getUserRewards ---> TOURGUIDESERVICE
getUserRewards ---> TOURGUIDESERVICE
getUserRewards ---> TOURGUIDESERVICE
getUserRewards ---> TOURGUIDESERVICE
getUserRewards ---> TOURGUIDESERVICE
getUserRewards ---> TOURGUIDESERVICE
getUserRewards ---> TOURGUIDESERVICE
getUserRewards ---> TOURGUIDESERVICE
getUserRewards ---> TOURGUIDESERVICE
getUserRewards ---> TOURGUIDESERVICE
getUserRewards ---> TOURGUIDESERVICE
getUserRewards ---> TOURGUIDESERVICE
getUserRewards ---> TOURGUIDESERVICE
getUserRewards ---> TOURGUIDESERVICE
getUserRewards ---> TOURGUIDESERVICE
getUserRewards ---> TOURGUIDESERVICE
getUserRewards ---> TOURGUIDESERVICE
getUserRewards ---> TOURGUIDESERVICE
getUserRewards ---> TOURGUIDESERVICE
getUserRewards ---> TOURGUIDESERVICE
getUserRewards ---> TOURGUIDESERVICE
getUserRewards ---> TOURGUIDESERVICE
getUserRewards ---> TOURGUIDESERVICE
getUserRewards ---> TOURGUIDESERVICE
getUserRewards ---> TOURGUIDESERVICE
getUserRewards ---> TOURGUIDESERVICE
getUserRewards ---> TOURGUIDESERVICE
getUserRewards ---> TOURGUIDESERVICE
getUserRewards ---> TOURGUIDESERVICE
getUserRewards ---> TOURGUIDESERVICE
getUserRewards ---> TOURGUIDESERVICE
getUserRewards ---> TOURGUIDESERVICE
getUserRewards ---> TOURGUIDESERVICE
getUserRewards ---> TOURGUIDESERVICE
getUserRewards ---> TOURGUIDESERVICE
getUserRewards ---> TOURGUIDESERVICE
getUserRewards ---> TOURGUIDESERVICE
getUserRewards ---> TOURGUIDESERVICE
getUserRewards ---> TOURGUIDESERVICE
getUserRewards ---> TOURGUIDESERVICE
getUserRewards ---> TOURGUIDESERVICE
getUserRewards ---> TOURGUIDESERVICE
getUserRewards ---> TOURGUIDESERVICE
getUserRewards ---> TOURGUIDESERVICE
getUserRewards ---> TOURGUIDESERVICE
getUserRewards ---> TOURGUIDESERVICE
getUserRewards ---> TOURGUIDESERVICE
getUserRewards ---> TOURGUIDESERVICE
getUserRewards ---> TOURGUIDESERVICE
getUserRewards ---> TOURGUIDESERVICE
getUserRewards ---> TOURGUIDESERVICE
getUserRewards ---> TOURGUIDESERVICE
getUserRewards ---> TOURGUIDESERVICE
getUserRewards ---> TOURGUIDESERVICE
getUserRewards ---> TOURGUIDESERVICE
getUserRewards ---> TOURGUIDESERVICE
getUserRewards ---> TOURGUIDESERVICE
getUserRewards ---> TOURGUIDESERVICE
getUserRewards ---> TOURGUIDESERVICE
getUserRewards ---> TOURGUIDESERVICE
getUserRewards ---> TOURGUIDESERVICE
getUserRewards ---> TOURGUIDESERVICE
getUserRewards ---> TOURGUIDESERVICE
getUserRewards ---> TOURGUIDESERVICE
getUserRewards ---> TOURGUIDESERVICE
getUserRewards ---> TOURGUIDESERVICE
getUserRewards ---> TOURGUIDESERVICE
getUserRewards ---> TOURGUIDESERVICE
getUserRewards ---> TOURGUIDESERVICE
getUserRewards ---> TOURGUIDESERVICE
getUserRewards ---> TOURGUIDESERVICE
getUserRewards ---> TOURGUIDESERVICE
getUserRewards ---> TOURGUIDESERVICE
getUserRewards ---> TOURGUIDESERVICE
getUserRewards ---> TOURGUIDESERVICE
getUserRewards ---> TOURGUIDESERVICE
getUserRewards ---> TOURGUIDESERVICE
getUserRewards ---> TOURGUIDESERVICE
getUserRewards ---> TOURGUIDESERVICE
getUserRewards ---> TOURGUIDESERVICE
getUserRewards ---> TOURGUIDESERVICE
getUserRewards ---> TOURGUIDESERVICE
getUserRewards ---> TOURGUIDESERVICE
getUserRewards ---> TOURGUIDESERVICE
getUserRewards ---> TOURGUIDESERVICE
getUserRewards ---> TOURGUIDESERVICE
getUserRewards ---> TOURGUIDESERVICE
getUserRewards ---> TOURGUIDESERVICE
getUserRewards ---> TOURGUIDESERVICE
getUserRewards ---> TOURGUIDESERVICE
getUserRewards ---> TOURGUIDESERVICE
getUserRewards ---> TOURGUIDESERVICE
getUserRewards ---> TOURGUIDESERVICE
getUserRewards ---> TOURGUIDESERVICE
getUserRewards ---> TOURGUIDESERVICE
getUserRewards ---> TOURGUIDESERVICE
getUserRewards ---> TOURGUIDESERVICE
getUserRewards ---> TOURGUIDESERVICE
getUserRewards ---> TOURGUIDESERVICE
getUserRewards ---> TOURGUIDESERVICE
getUserRewards ---> TOURGUIDESERVICE
getUserRewards ---> TOURGUIDESERVICE
getUserRewards ---> TOURGUIDESERVICE
getUserRewards ---> TOURGUIDESERVICE
getUserRewards ---> TOURGUIDESERVICE
getUserRewards ---> TOURGUIDESERVICE
getUserRewards ---> TOURGUIDESERVICE
getUserRewards ---> TOURGUIDESERVICE
getUserRewards ---> TOURGUIDESERVICE
getUserRewards ---> TOURGUIDESERVICE
getUserRewards ---> TOURGUIDESERVICE
getUserRewards ---> TOURGUIDESERVICE
getUserRewards ---> TOURGUIDESERVICE
getUserRewards ---> TOURGUIDESERVICE
getUserRewards ---> TOURGUIDESERVICE
getUserRewards ---> TOURGUIDESERVICE
getUserRewards ---> TOURGUIDESERVICE
getUserRewards ---> TOURGUIDESERVICE
getUserRewards ---> TOURGUIDESERVICE
getUserRewards ---> TOURGUIDESERVICE
getUserRewards ---> TOURGUIDESERVICE
getUserRewards ---> TOURGUIDESERVICE
getUserRewards ---> TOURGUIDESERVICE
getUserRewards ---> TOURGUIDESERVICE
getUserRewards ---> TOURGUIDESERVICE
getUserRewards ---> TOURGUIDESERVICE
getUserRewards ---> TOURGUIDESERVICE
getUserRewards ---> TOURGUIDESERVICE
getUserRewards ---> TOURGUIDESERVICE
getUserRewards ---> TOURGUIDESERVICE
getUserRewards ---> TOURGUIDESERVICE
getUserRewards ---> TOURGUIDESERVICE
getUserRewards ---> TOURGUIDESERVICE
getUserRewards ---> TOURGUIDESERVICE
getUserRewards ---> TOURGUIDESERVICE
getUserRewards ---> TOURGUIDESERVICE
getUserRewards ---> TOURGUIDESERVICE
getUserRewards ---> TOURGUIDESERVICE
getUserRewards ---> TOURGUIDESERVICE
getUserRewards ---> TOURGUIDESERVICE
getUserRewards ---> TOURGUIDESERVICE
getUserRewards ---> TOURGUIDESERVICE
getUserRewards ---> TOURGUIDESERVICE
getUserRewards ---> TOURGUIDESERVICE
getUserRewards ---> TOURGUIDESERVICE
getUserRewards ---> TOURGUIDESERVICE
getUserRewards ---> TOURGUIDESERVICE
getUserRewards ---> TOURGUIDESERVICE
getUserRewards ---> TOURGUIDESERVICE
getUserRewards ---> TOURGUIDESERVICE
getUserRewards ---> TOURGUIDESERVICE
getUserRewards ---> TOURGUIDESERVICE
getUserRewards ---> TOURGUIDESERVICE
getUserRewards ---> TOURGUIDESERVICE
getUserRewards ---> TOURGUIDESERVICE
getUserRewards ---> TOURGUIDESERVICE
getUserRewards ---> TOURGUIDESERVICE
getUserRewards ---> TOURGUIDESERVICE
getUserRewards ---> TOURGUIDESERVICE
getUserRewards ---> TOURGUIDESERVICE
getUserRewards ---> TOURGUIDESERVICE
getUserRewards ---> TOURGUIDESERVICE
getUserRewards ---> TOURGUIDESERVICE
getUserRewards ---> TOURGUIDESERVICE
getUserRewards ---> TOURGUIDESERVICE
getUserRewards ---> TOURGUIDESERVICE
getUserRewards ---> TOURGUIDESERVICE
getUserRewards ---> TOURGUIDESERVICE
getUserRewards ---> TOURGUIDESERVICE
getUserRewards ---> TOURGUIDESERVICE
getUserRewards ---> TOURGUIDESERVICE
getUserRewards ---> TOURGUIDESERVICE
getUserRewards ---> TOURGUIDESERVICE
getUserRewards ---> TOURGUIDESERVICE
getUserRewards ---> TOURGUIDESERVICE
getUserRewards ---> TOURGUIDESERVICE
getUserRewards ---> TOURGUIDESERVICE
getUserRewards ---> TOURGUIDESERVICE
getUserRewards ---> TOURGUIDESERVICE
getUserRewards ---> TOURGUIDESERVICE
getUserRewards ---> TOURGUIDESERVICE
getUserRewards ---> TOURGUIDESERVICE
getUserRewards ---> TOURGUIDESERVICE
getUserRewards ---> TOURGUIDESERVICE
getUserRewards ---> TOURGUIDESERVICE
getUserRewards ---> TOURGUIDESERVICE
getUserRewards ---> TOURGUIDESERVICE
getUserRewards ---> TOURGUIDESERVICE
getUserRewards ---> TOURGUIDESERVICE
getUserRewards ---> TOURGUIDESERVICE
getUserRewards ---> TOURGUIDESERVICE
getUserRewards ---> TOURGUIDESERVICE
getUserRewards ---> TOURGUIDESERVICE
getUserRewards ---> TOURGUIDESERVICE
getUserRewards ---> TOURGUIDESERVICE
getUserRewards ---> TOURGUIDESERVICE
getUserRewards ---> TOURGUIDESERVICE
getUserRewards ---> TOURGUIDESERVICE
getUserRewards ---> TOURGUIDESERVICE
getUserRewards ---> TOURGUIDESERVICE
getUserRewards ---> TOURGUIDESERVICE
getUserRewards ---> TOURGUIDESERVICE
getUserRewards ---> TOURGUIDESERVICE
getUserRewards ---> TOURGUIDESERVICE
getUserRewards ---> TOURGUIDESERVICE
getUserRewards ---> TOURGUIDESERVICE
getUserRewards ---> TOURGUIDESERVICE
getUserRewards ---> TOURGUIDESERVICE
getUserRewards ---> TOURGUIDESERVICE
getUserRewards ---> TOURGUIDESERVICE
getUserRewards ---> TOURGUIDESERVICE
getUserRewards ---> TOURGUIDESERVICE
getUserRewards ---> TOURGUIDESERVICE
getUserRewards ---> TOURGUIDESERVICE
getUserRewards ---> TOURGUIDESERVICE
getUserRewards ---> TOURGUIDESERVICE
getUserRewards ---> TOURGUIDESERVICE
getUserRewards ---> TOURGUIDESERVICE
getUserRewards ---> TOURGUIDESERVICE
getUserRewards ---> TOURGUIDESERVICE
getUserRewards ---> TOURGUIDESERVICE
getUserRewards ---> TOURGUIDESERVICE
getUserRewards ---> TOURGUIDESERVICE
getUserRewards ---> TOURGUIDESERVICE
getUserRewards ---> TOURGUIDESERVICE
getUserRewards ---> TOURGUIDESERVICE
getUserRewards ---> TOURGUIDESERVICE
getUserRewards ---> TOURGUIDESERVICE
getUserRewards ---> TOURGUIDESERVICE
getUserRewards ---> TOURGUIDESERVICE
getUserRewards ---> TOURGUIDESERVICE
getUserRewards ---> TOURGUIDESERVICE
getUserRewards ---> TOURGUIDESERVICE
getUserRewards ---> TOURGUIDESERVICE
getUserRewards ---> TOURGUIDESERVICE
getUserRewards ---> TOURGUIDESERVICE
getUserRewards ---> TOURGUIDESERVICE
getUserRewards ---> TOURGUIDESERVICE
getUserRewards ---> TOURGUIDESERVICE
getUserRewards ---> TOURGUIDESERVICE
getUserRewards ---> TOURGUIDESERVICE
getUserRewards ---> TOURGUIDESERVICE
getUserRewards ---> TOURGUIDESERVICE
getUserRewards ---> TOURGUIDESERVICE
getUserRewards ---> TOURGUIDESERVICE
getUserRewards ---> TOURGUIDESERVICE
getUserRewards ---> TOURGUIDESERVICE
getUserRewards ---> TOURGUIDESERVICE
getUserRewards ---> TOURGUIDESERVICE
getUserRewards ---> TOURGUIDESERVICE
getUserRewards ---> TOURGUIDESERVICE
getUserRewards ---> TOURGUIDESERVICE
getUserRewards ---> TOURGUIDESERVICE
getUserRewards ---> TOURGUIDESERVICE
getUserRewards ---> TOURGUIDESERVICE
getUserRewards ---> TOURGUIDESERVICE
getUserRewards ---> TOURGUIDESERVICE
getUserRewards ---> TOURGUIDESERVICE
getUserRewards ---> TOURGUIDESERVICE
getUserRewards ---> TOURGUIDESERVICE
getUserRewards ---> TOURGUIDESERVICE
getUserRewards ---> TOURGUIDESERVICE
getUserRewards ---> TOURGUIDESERVICE
getUserRewards ---> TOURGUIDESERVICE
getUserRewards ---> TOURGUIDESERVICE
getUserRewards ---> TOURGUIDESERVICE
getUserRewards ---> TOURGUIDESERVICE
getUserRewards ---> TOURGUIDESERVICE
getUserRewards ---> TOURGUIDESERVICE
getUserRewards ---> TOURGUIDESERVICE
getUserRewards ---> TOURGUIDESERVICE
getUserRewards ---> TOURGUIDESERVICE
getUserRewards ---> TOURGUIDESERVICE
getUserRewards ---> TOURGUIDESERVICE
getUserRewards ---> TOURGUIDESERVICE
getUserRewards ---> TOURGUIDESERVICE
getUserRewards ---> TOURGUIDESERVICE
getUserRewards ---> TOURGUIDESERVICE
getUserRewards ---> TOURGUIDESERVICE
getUserRewards ---> TOURGUIDESERVICE
getUserRewards ---> TOURGUIDESERVICE
getUserRewards ---> TOURGUIDESERVICE
getUserRewards ---> TOURGUIDESERVICE
getUserRewards ---> TOURGUIDESERVICE
getUserRewards ---> TOURGUIDESERVICE
getUserRewards ---> TOURGUIDESERVICE
getUserRewards ---> TOURGUIDESERVICE
getUserRewards ---> TOURGUIDESERVICE
getUserRewards ---> TOURGUIDESERVICE
getUserRewards ---> TOURGUIDESERVICE
getUserRewards ---> TOURGUIDESERVICE
getUserRewards ---> TOURGUIDESERVICE
getUserRewards ---> TOURGUIDESERVICE
getUserRewards ---> TOURGUIDESERVICE
getUserRewards ---> TOURGUIDESERVICE
getUserRewards ---> TOURGUIDESERVICE
getUserRewards ---> TOURGUIDESERVICE
getUserRewards ---> TOURGUIDESERVICE
getUserRewards ---> TOURGUIDESERVICE
getUserRewards ---> TOURGUIDESERVICE
getUserRewards ---> TOURGUIDESERVICE
getUserRewards ---> TOURGUIDESERVICE
getUserRewards ---> TOURGUIDESERVICE
getUserRewards ---> TOURGUIDESERVICE
getUserRewards ---> TOURGUIDESERVICE
getUserRewards ---> TOURGUIDESERVICE
getUserRewards ---> TOURGUIDESERVICE
getUserRewards ---> TOURGUIDESERVICE
getUserRewards ---> TOURGUIDESERVICE
getUserRewards ---> TOURGUIDESERVICE
getUserRewards ---> TOURGUIDESERVICE
getUserRewards ---> TOURGUIDESERVICE
getUserRewards ---> TOURGUIDESERVICE
getUserRewards ---> TOURGUIDESERVICE
getUserRewards ---> TOURGUIDESERVICE
getUserRewards ---> TOURGUIDESERVICE
getUserRewards ---> TOURGUIDESERVICE
getUserRewards ---> TOURGUIDESERVICE
getUserRewards ---> TOURGUIDESERVICE
getUserRewards ---> TOURGUIDESERVICE
getUserRewards ---> TOURGUIDESERVICE
getUserRewards ---> TOURGUIDESERVICE
getUserRewards ---> TOURGUIDESERVICE
getUserRewards ---> TOURGUIDESERVICE
getUserRewards ---> TOURGUIDESERVICE
getUserRewards ---> TOURGUIDESERVICE
getUserRewards ---> TOURGUIDESERVICE
getUserRewards ---> TOURGUIDESERVICE
getUserRewards ---> TOURGUIDESERVICE
getUserRewards ---> TOURGUIDESERVICE
getUserRewards ---> TOURGUIDESERVICE
getUserRewards ---> TOURGUIDESERVICE
getUserRewards ---> TOURGUIDESERVICE
getUserRewards ---> TOURGUIDESERVICE
getUserRewards ---> TOURGUIDESERVICE
getUserRewards ---> TOURGUIDESERVICE
getUserRewards ---> TOURGUIDESERVICE
getUserRewards ---> TOURGUIDESERVICE
getUserRewards ---> TOURGUIDESERVICE
getUserRewards ---> TOURGUIDESERVICE
getUserRewards ---> TOURGUIDESERVICE
getUserRewards ---> TOURGUIDESERVICE
getUserRewards ---> TOURGUIDESERVICE
getUserRewards ---> TOURGUIDESERVICE
getUserRewards ---> TOURGUIDESERVICE
getUserRewards ---> TOURGUIDESERVICE
getUserRewards ---> TOURGUIDESERVICE
getUserRewards ---> TOURGUIDESERVICE
getUserRewards ---> TOURGUIDESERVICE
getUserRewards ---> TOURGUIDESERVICE
getUserRewards ---> TOURGUIDESERVICE
getUserRewards ---> TOURGUIDESERVICE
getUserRewards ---> TOURGUIDESERVICE
getUserRewards ---> TOURGUIDESERVICE
getUserRewards ---> TOURGUIDESERVICE
getUserRewards ---> TOURGUIDESERVICE
getUserRewards ---> TOURGUIDESERVICE
getUserRewards ---> TOURGUIDESERVICE
getUserRewards ---> TOURGUIDESERVICE
getUserRewards ---> TOURGUIDESERVICE
getUserRewards ---> TOURGUIDESERVICE
getUserRewards ---> TOURGUIDESERVICE
getUserRewards ---> TOURGUIDESERVICE
getUserRewards ---> TOURGUIDESERVICE
getUserRewards ---> TOURGUIDESERVICE
getUserRewards ---> TOURGUIDESERVICE
getUserRewards ---> TOURGUIDESERVICE
getUserRewards ---> TOURGUIDESERVICE
getUserRewards ---> TOURGUIDESERVICE
getUserRewards ---> TOURGUIDESERVICE
getUserRewards ---> TOURGUIDESERVICE
getUserRewards ---> TOURGUIDESERVICE
getUserRewards ---> TOURGUIDESERVICE
getUserRewards ---> TOURGUIDESERVICE
getUserRewards ---> TOURGUIDESERVICE
getUserRewards ---> TOURGUIDESERVICE
getUserRewards ---> TOURGUIDESERVICE
getUserRewards ---> TOURGUIDESERVICE
getUserRewards ---> TOURGUIDESERVICE
getUserRewards ---> TOURGUIDESERVICE
getUserRewards ---> TOURGUIDESERVICE
getUserRewards ---> TOURGUIDESERVICE
getUserRewards ---> TOURGUIDESERVICE
getUserRewards ---> TOURGUIDESERVICE
getUserRewards ---> TOURGUIDESERVICE
getUserRewards ---> TOURGUIDESERVICE
getUserRewards ---> TOURGUIDESERVICE
getUserRewards ---> TOURGUIDESERVICE
getUserRewards ---> TOURGUIDESERVICE
getUserRewards ---> TOURGUIDESERVICE
getUserRewards ---> TOURGUIDESERVICE
getUserRewards ---> TOURGUIDESERVICE
getUserRewards ---> TOURGUIDESERVICE
getUserRewards ---> TOURGUIDESERVICE
getUserRewards ---> TOURGUIDESERVICE
getUserRewards ---> TOURGUIDESERVICE
getUserRewards ---> TOURGUIDESERVICE
getUserRewards ---> TOURGUIDESERVICE
getUserRewards ---> TOURGUIDESERVICE
getUserRewards ---> TOURGUIDESERVICE
getUserRewards ---> TOURGUIDESERVICE
getUserRewards ---> TOURGUIDESERVICE
getUserRewards ---> TOURGUIDESERVICE
getUserRewards ---> TOURGUIDESERVICE
getUserRewards ---> TOURGUIDESERVICE
getUserRewards ---> TOURGUIDESERVICE
getUserRewards ---> TOURGUIDESERVICE
getUserRewards ---> TOURGUIDESERVICE
getUserRewards ---> TOURGUIDESERVICE
getUserRewards ---> TOURGUIDESERVICE
getUserRewards ---> TOURGUIDESERVICE
getUserRewards ---> TOURGUIDESERVICE
getUserRewards ---> TOURGUIDESERVICE
getUserRewards ---> TOURGUIDESERVICE
getUserRewards ---> TOURGUIDESERVICE
getUserRewards ---> TOURGUIDESERVICE
getUserRewards ---> TOURGUIDESERVICE
getUserRewards ---> TOURGUIDESERVICE
getUserRewards ---> TOURGUIDESERVICE
getUserRewards ---> TOURGUIDESERVICE
getUserRewards ---> TOURGUIDESERVICE
getUserRewards ---> TOURGUIDESERVICE
getUserRewards ---> TOURGUIDESERVICE
getUserRewards ---> TOURGUIDESERVICE
getUserRewards ---> TOURGUIDESERVICE
getUserRewards ---> TOURGUIDESERVICE
getUserRewards ---> TOURGUIDESERVICE
getUserRewards ---> TOURGUIDESERVICE
getUserRewards ---> TOURGUIDESERVICE
getUserRewards ---> TOURGUIDESERVICE
getUserRewards ---> TOURGUIDESERVICE
getUserRewards ---> TOURGUIDESERVICE
getUserRewards ---> TOURGUIDESERVICE
getUserRewards ---> TOURGUIDESERVICE
getUserRewards ---> TOURGUIDESERVICE
getUserRewards ---> TOURGUIDESERVICE
getUserRewards ---> TOURGUIDESERVICE
getUserRewards ---> TOURGUIDESERVICE
getUserRewards ---> TOURGUIDESERVICE
getUserRewards ---> TOURGUIDESERVICE
getUserRewards ---> TOURGUIDESERVICE
getUserRewards ---> TOURGUIDESERVICE
getUserRewards ---> TOURGUIDESERVICE
getUserRewards ---> TOURGUIDESERVICE
getUserRewards ---> TOURGUIDESERVICE
getUserRewards ---> TOURGUIDESERVICE
getUserRewards ---> TOURGUIDESERVICE
getUserRewards ---> TOURGUIDESERVICE
getUserRewards ---> TOURGUIDESERVICE
getUserRewards ---> TOURGUIDESERVICE
getUserRewards ---> TOURGUIDESERVICE
getUserRewards ---> TOURGUIDESERVICE
getUserRewards ---> TOURGUIDESERVICE
getUserRewards ---> TOURGUIDESERVICE
getUserRewards ---> TOURGUIDESERVICE
getUserRewards ---> TOURGUIDESERVICE
getUserRewards ---> TOURGUIDESERVICE
getUserRewards ---> TOURGUIDESERVICE
getUserRewards ---> TOURGUIDESERVICE
getUserRewards ---> TOURGUIDESERVICE
getUserRewards ---> TOURGUIDESERVICE
getUserRewards ---> TOURGUIDESERVICE
getUserRewards ---> TOURGUIDESERVICE
getUserRewards ---> TOURGUIDESERVICE
getUserRewards ---> TOURGUIDESERVICE
getUserRewards ---> TOURGUIDESERVICE
getUserRewards ---> TOURGUIDESERVICE
getUserRewards ---> TOURGUIDESERVICE
getUserRewards ---> TOURGUIDESERVICE
getUserRewards ---> TOURGUIDESERVICE
getUserRewards ---> TOURGUIDESERVICE
getUserRewards ---> TOURGUIDESERVICE
getUserRewards ---> TOURGUIDESERVICE
getUserRewards ---> TOURGUIDESERVICE
getUserRewards ---> TOURGUIDESERVICE
getUserRewards ---> TOURGUIDESERVICE
getUserRewards ---> TOURGUIDESERVICE
getUserRewards ---> TOURGUIDESERVICE
getUserRewards ---> TOURGUIDESERVICE
getUserRewards ---> TOURGUIDESERVICE
getUserRewards ---> TOURGUIDESERVICE
getUserRewards ---> TOURGUIDESERVICE
getUserRewards ---> TOURGUIDESERVICE
getUserRewards ---> TOURGUIDESERVICE
getUserRewards ---> TOURGUIDESERVICE
getUserRewards ---> TOURGUIDESERVICE
getUserRewards ---> TOURGUIDESERVICE
getUserRewards ---> TOURGUIDESERVICE
getUserRewards ---> TOURGUIDESERVICE
getUserRewards ---> TOURGUIDESERVICE
getUserRewards ---> TOURGUIDESERVICE
getUserRewards ---> TOURGUIDESERVICE
getUserRewards ---> TOURGUIDESERVICE
getUserRewards ---> TOURGUIDESERVICE
getUserRewards ---> TOURGUIDESERVICE
getUserRewards ---> TOURGUIDESERVICE
getUserRewards ---> TOURGUIDESERVICE
getUserRewards ---> TOURGUIDESERVICE
getUserRewards ---> TOURGUIDESERVICE
getUserRewards ---> TOURGUIDESERVICE
getUserRewards ---> TOURGUIDESERVICE
getUserRewards ---> TOURGUIDESERVICE
getUserRewards ---> TOURGUIDESERVICE
getUserRewards ---> TOURGUIDESERVICE
getUserRewards ---> TOURGUIDESERVICE
getUserRewards ---> TOURGUIDESERVICE
getUserRewards ---> TOURGUIDESERVICE
getUserRewards ---> TOURGUIDESERVICE
getUserRewards ---> TOURGUIDESERVICE
getUserRewards ---> TOURGUIDESERVICE
getUserRewards ---> TOURGUIDESERVICE
getUserRewards ---> TOURGUIDESERVICE
getUserRewards ---> TOURGUIDESERVICE
getUserRewards ---> TOURGUIDESERVICE
getUserRewards ---> TOURGUIDESERVICE
getUserRewards ---> TOURGUIDESERVICE
getUserRewards ---> TOURGUIDESERVICE
getUserRewards ---> TOURGUIDESERVICE
getUserRewards ---> TOURGUIDESERVICE
getUserRewards ---> TOURGUIDESERVICE
getUserRewards ---> TOURGUIDESERVICE
getUserRewards ---> TOURGUIDESERVICE
getUserRewards ---> TOURGUIDESERVICE
getUserRewards ---> TOURGUIDESERVICE
getUserRewards ---> TOURGUIDESERVICE
getUserRewards ---> TOURGUIDESERVICE
getUserRewards ---> TOURGUIDESERVICE
getUserRewards ---> TOURGUIDESERVICE
getUserRewards ---> TOURGUIDESERVICE
getUserRewards ---> TOURGUIDESERVICE
getUserRewards ---> TOURGUIDESERVICE
getUserRewards ---> TOURGUIDESERVICE
getUserRewards ---> TOURGUIDESERVICE
getUserRewards ---> TOURGUIDESERVICE
getUserRewards ---> TOURGUIDESERVICE
getUserRewards ---> TOURGUIDESERVICE
getUserRewards ---> TOURGUIDESERVICE
getUserRewards ---> TOURGUIDESERVICE
getUserRewards ---> TOURGUIDESERVICE
getUserRewards ---> TOURGUIDESERVICE
getUserRewards ---> TOURGUIDESERVICE
getUserRewards ---> TOURGUIDESERVICE
getUserRewards ---> TOURGUIDESERVICE
getUserRewards ---> TOURGUIDESERVICE
getUserRewards ---> TOURGUIDESERVICE
getUserRewards ---> TOURGUIDESERVICE
getUserRewards ---> TOURGUIDESERVICE
getUserRewards ---> TOURGUIDESERVICE
getUserRewards ---> TOURGUIDESERVICE
getUserRewards ---> TOURGUIDESERVICE
getUserRewards ---> TOURGUIDESERVICE
getUserRewards ---> TOURGUIDESERVICE
getUserRewards ---> TOURGUIDESERVICE
getUserRewards ---> TOURGUIDESERVICE
getUserRewards ---> TOURGUIDESERVICE
getUserRewards ---> TOURGUIDESERVICE
getUserRewards ---> TOURGUIDESERVICE
getUserRewards ---> TOURGUIDESERVICE
getUserRewards ---> TOURGUIDESERVICE
getUserRewards ---> TOURGUIDESERVICE
getUserRewards ---> TOURGUIDESERVICE
getUserRewards ---> TOURGUIDESERVICE
getUserRewards ---> TOURGUIDESERVICE
getUserRewards ---> TOURGUIDESERVICE
getUserRewards ---> TOURGUIDESERVICE
getUserRewards ---> TOURGUIDESERVICE
getUserRewards ---> TOURGUIDESERVICE
getUserRewards ---> TOURGUIDESERVICE
getUserRewards ---> TOURGUIDESERVICE
getUserRewards ---> TOURGUIDESERVICE
getUserRewards ---> TOURGUIDESERVICE
getUserRewards ---> TOURGUIDESERVICE
getUserRewards ---> TOURGUIDESERVICE
getUserRewards ---> TOURGUIDESERVICE
getUserRewards ---> TOURGUIDESERVICE
getUserRewards ---> TOURGUIDESERVICE
getUserRewards ---> TOURGUIDESERVICE
getUserRewards ---> TOURGUIDESERVICE
getUserRewards ---> TOURGUIDESERVICE
getUserRewards ---> TOURGUIDESERVICE
getUserRewards ---> TOURGUIDESERVICE
getUserRewards ---> TOURGUIDESERVICE
getUserRewards ---> TOURGUIDESERVICE
getUserRewards ---> TOURGUIDESERVICE
getUserRewards ---> TOURGUIDESERVICE
getUserRewards ---> TOURGUIDESERVICE
getUserRewards ---> TOURGUIDESERVICE
getUserRewards ---> TOURGUIDESERVICE
getUserRewards ---> TOURGUIDESERVICE
getUserRewards ---> TOURGUIDESERVICE
getUserRewards ---> TOURGUIDESERVICE
getUserRewards ---> TOURGUIDESERVICE
getUserRewards ---> TOURGUIDESERVICE
getUserRewards ---> TOURGUIDESERVICE
getUserRewards ---> TOURGUIDESERVICE
getUserRewards ---> TOURGUIDESERVICE
getUserRewards ---> TOURGUIDESERVICE
getUserRewards ---> TOURGUIDESERVICE
getUserRewards ---> TOURGUIDESERVICE
getUserRewards ---> TOURGUIDESERVICE
getUserRewards ---> TOURGUIDESERVICE
getUserRewards ---> TOURGUIDESERVICE
getUserRewards ---> TOURGUIDESERVICE
getUserRewards ---> TOURGUIDESERVICE
getUserRewards ---> TOURGUIDESERVICE
getUserRewards ---> TOURGUIDESERVICE
getUserRewards ---> TOURGUIDESERVICE
getUserRewards ---> TOURGUIDESERVICE
getUserRewards ---> TOURGUIDESERVICE
getUserRewards ---> TOURGUIDESERVICE
getUserRewards ---> TOURGUIDESERVICE
getUserRewards ---> TOURGUIDESERVICE
getUserRewards ---> TOURGUIDESERVICE
getUserRewards ---> TOURGUIDESERVICE
getUserRewards ---> TOURGUIDESERVICE
getUserRewards ---> TOURGUIDESERVICE
getUserRewards ---> TOURGUIDESERVICE
getUserRewards ---> TOURGUIDESERVICE
getUserRewards ---> TOURGUIDESERVICE
getUserRewards ---> TOURGUIDESERVICE
getUserRewards ---> TOURGUIDESERVICE
getUserRewards ---> TOURGUIDESERVICE
getUserRewards ---> TOURGUIDESERVICE
getUserRewards ---> TOURGUIDESERVICE
getUserRewards ---> TOURGUIDESERVICE
getUserRewards ---> TOURGUIDESERVICE
getUserRewards ---> TOURGUIDESERVICE
getUserRewards ---> TOURGUIDESERVICE
getUserRewards ---> TOURGUIDESERVICE
getUserRewards ---> TOURGUIDESERVICE
getUserRewards ---> TOURGUIDESERVICE
getUserRewards ---> TOURGUIDESERVICE
getUserRewards ---> TOURGUIDESERVICE
getUserRewards ---> TOURGUIDESERVICE
getUserRewards ---> TOURGUIDESERVICE
getUserRewards ---> TOURGUIDESERVICE
getUserRewards ---> TOURGUIDESERVICE
getUserRewards ---> TOURGUIDESERVICE
getUserRewards ---> TOURGUIDESERVICE
getUserRewards ---> TOURGUIDESERVICE
getUserRewards ---> TOURGUIDESERVICE
getUserRewards ---> TOURGUIDESERVICE
getUserRewards ---> TOURGUIDESERVICE
getUserRewards ---> TOURGUIDESERVICE
getUserRewards ---> TOURGUIDESERVICE
getUserRewards ---> TOURGUIDESERVICE
getUserRewards ---> TOURGUIDESERVICE
getUserRewards ---> TOURGUIDESERVICE
getUserRewards ---> TOURGUIDESERVICE
getUserRewards ---> TOURGUIDESERVICE
getUserRewards ---> TOURGUIDESERVICE
getUserRewards ---> TOURGUIDESERVICE
getUserRewards ---> TOURGUIDESERVICE
getUserRewards ---> TOURGUIDESERVICE
getUserRewards ---> TOURGUIDESERVICE
getUserRewards ---> TOURGUIDESERVICE
getUserRewards ---> TOURGUIDESERVICE
getUserRewards ---> TOURGUIDESERVICE
getUserRewards ---> TOURGUIDESERVICE
getUserRewards ---> TOURGUIDESERVICE
getUserRewards ---> TOURGUIDESERVICE
getUserRewards ---> TOURGUIDESERVICE
getUserRewards ---> TOURGUIDESERVICE
getUserRewards ---> TOURGUIDESERVICE
getUserRewards ---> TOURGUIDESERVICE
getUserRewards ---> TOURGUIDESERVICE
getUserRewards ---> TOURGUIDESERVICE
getUserRewards ---> TOURGUIDESERVICE
getUserRewards ---> TOURGUIDESERVICE
getUserRewards ---> TOURGUIDESERVICE
getUserRewards ---> TOURGUIDESERVICE
getUserRewards ---> TOURGUIDESERVICE
getUserRewards ---> TOURGUIDESERVICE
getUserRewards ---> TOURGUIDESERVICE
getUserRewards ---> TOURGUIDESERVICE
getUserRewards ---> TOURGUIDESERVICE
getUserRewards ---> TOURGUIDESERVICE
getUserRewards ---> TOURGUIDESERVICE
getUserRewards ---> TOURGUIDESERVICE
getUserRewards ---> TOURGUIDESERVICE
getUserRewards ---> TOURGUIDESERVICE
getUserRewards ---> TOURGUIDESERVICE
getUserRewards ---> TOURGUIDESERVICE
getUserRewards ---> TOURGUIDESERVICE
getUserRewards ---> TOURGUIDESERVICE
getUserRewards ---> TOURGUIDESERVICE
getUserRewards ---> TOURGUIDESERVICE
getUserRewards ---> TOURGUIDESERVICE
getUserRewards ---> TOURGUIDESERVICE
getUserRewards ---> TOURGUIDESERVICE
getUserRewards ---> TOURGUIDESERVICE
getUserRewards ---> TOURGUIDESERVICE
getUserRewards ---> TOURGUIDESERVICE
getUserRewards ---> TOURGUIDESERVICE
getUserRewards ---> TOURGUIDESERVICE
getUserRewards ---> TOURGUIDESERVICE
getUserRewards ---> TOURGUIDESERVICE
getUserRewards ---> TOURGUIDESERVICE
getUserRewards ---> TOURGUIDESERVICE
getUserRewards ---> TOURGUIDESERVICE
getUserRewards ---> TOURGUIDESERVICE
getUserRewards ---> TOURGUIDESERVICE
getUserRewards ---> TOURGUIDESERVICE
getUserRewards ---> TOURGUIDESERVICE
getUserRewards ---> TOURGUIDESERVICE
getUserRewards ---> TOURGUIDESERVICE
getUserRewards ---> TOURGUIDESERVICE
getUserRewards ---> TOURGUIDESERVICE
getUserRewards ---> TOURGUIDESERVICE
getUserRewards ---> TOURGUIDESERVICE
getUserRewards ---> TOURGUIDESERVICE
getUserRewards ---> TOURGUIDESERVICE
getUserRewards ---> TOURGUIDESERVICE
getUserRewards ---> TOURGUIDESERVICE
getUserRewards ---> TOURGUIDESERVICE
getUserRewards ---> TOURGUIDESERVICE
getUserRewards ---> TOURGUIDESERVICE
getUserRewards ---> TOURGUIDESERVICE
getUserRewards ---> TOURGUIDESERVICE
getUserRewards ---> TOURGUIDESERVICE
getUserRewards ---> TOURGUIDESERVICE
getUserRewards ---> TOURGUIDESERVICE
getUserRewards ---> TOURGUIDESERVICE
getUserRewards ---> TOURGUIDESERVICE
getUserRewards ---> TOURGUIDESERVICE
getUserRewards ---> TOURGUIDESERVICE
getUserRewards ---> TOURGUIDESERVICE
getUserRewards ---> TOURGUIDESERVICE
getUserRewards ---> TOURGUIDESERVICE
getUserRewards ---> TOURGUIDESERVICE
getUserRewards ---> TOURGUIDESERVICE
getUserRewards ---> TOURGUIDESERVICE
getUserRewards ---> TOURGUIDESERVICE
getUserRewards ---> TOURGUIDESERVICE
getUserRewards ---> TOURGUIDESERVICE
getUserRewards ---> TOURGUIDESERVICE
getUserRewards ---> TOURGUIDESERVICE
getUserRewards ---> TOURGUIDESERVICE
getUserRewards ---> TOURGUIDESERVICE
getUserRewards ---> TOURGUIDESERVICE
getUserRewards ---> TOURGUIDESERVICE
getUserRewards ---> TOURGUIDESERVICE
getUserRewards ---> TOURGUIDESERVICE
getUserRewards ---> TOURGUIDESERVICE
getUserRewards ---> TOURGUIDESERVICE
getUserRewards ---> TOURGUIDESERVICE
getUserRewards ---> TOURGUIDESERVICE
getUserRewards ---> TOURGUIDESERVICE
getUserRewards ---> TOURGUIDESERVICE
getUserRewards ---> TOURGUIDESERVICE
getUserRewards ---> TOURGUIDESERVICE
getUserRewards ---> TOURGUIDESERVICE
getUserRewards ---> TOURGUIDESERVICE
getUserRewards ---> TOURGUIDESERVICE
getUserRewards ---> TOURGUIDESERVICE
getUserRewards ---> TOURGUIDESERVICE
getUserRewards ---> TOURGUIDESERVICE
getUserRewards ---> TOURGUIDESERVICE
getUserRewards ---> TOURGUIDESERVICE
getUserRewards ---> TOURGUIDESERVICE
getUserRewards ---> TOURGUIDESERVICE
getUserRewards ---> TOURGUIDESERVICE
getUserRewards ---> TOURGUIDESERVICE
getUserRewards ---> TOURGUIDESERVICE
getUserRewards ---> TOURGUIDESERVICE
getUserRewards ---> TOURGUIDESERVICE
getUserRewards ---> TOURGUIDESERVICE
getUserRewards ---> TOURGUIDESERVICE
getUserRewards ---> TOURGUIDESERVICE
getUserRewards ---> TOURGUIDESERVICE
getUserRewards ---> TOURGUIDESERVICE
getUserRewards ---> TOURGUIDESERVICE
getUserRewards ---> TOURGUIDESERVICE
getUserRewards ---> TOURGUIDESERVICE
getUserRewards ---> TOURGUIDESERVICE
getUserRewards ---> TOURGUIDESERVICE
getUserRewards ---> TOURGUIDESERVICE
getUserRewards ---> TOURGUIDESERVICE
getUserRewards ---> TOURGUIDESERVICE
getUserRewards ---> TOURGUIDESERVICE
getUserRewards ---> TOURGUIDESERVICE
getUserRewards ---> TOURGUIDESERVICE
getUserRewards ---> TOURGUIDESERVICE
getUserRewards ---> TOURGUIDESERVICE
getUserRewards ---> TOURGUIDESERVICE
getUserRewards ---> TOURGUIDESERVICE
getUserRewards ---> TOURGUIDESERVICE
getUserRewards ---> TOURGUIDESERVICE
getUserRewards ---> TOURGUIDESERVICE
getUserRewards ---> TOURGUIDESERVICE
getUserRewards ---> TOURGUIDESERVICE
getUserRewards ---> TOURGUIDESERVICE
getUserRewards ---> TOURGUIDESERVICE
getUserRewards ---> TOURGUIDESERVICE
getUserRewards ---> TOURGUIDESERVICE
getUserRewards ---> TOURGUIDESERVICE
getUserRewards ---> TOURGUIDESERVICE
getUserRewards ---> TOURGUIDESERVICE
getUserRewards ---> TOURGUIDESERVICE
getUserRewards ---> TOURGUIDESERVICE
getUserRewards ---> TOURGUIDESERVICE
getUserRewards ---> TOURGUIDESERVICE
getUserRewards ---> TOURGUIDESERVICE
getUserRewards ---> TOURGUIDESERVICE
getUserRewards ---> TOURGUIDESERVICE
getUserRewards ---> TOURGUIDESERVICE
getUserRewards ---> TOURGUIDESERVICE
getUserRewards ---> TOURGUIDESERVICE
getUserRewards ---> TOURGUIDESERVICE
getUserRewards ---> TOURGUIDESERVICE
getUserRewards ---> TOURGUIDESERVICE
getUserRewards ---> TOURGUIDESERVICE
getUserRewards ---> TOURGUIDESERVICE
getUserRewards ---> TOURGUIDESERVICE
getUserRewards ---> TOURGUIDESERVICE
getUserRewards ---> TOURGUIDESERVICE
getUserRewards ---> TOURGUIDESERVICE
getUserRewards ---> TOURGUIDESERVICE
getUserRewards ---> TOURGUIDESERVICE
getUserRewards ---> TOURGUIDESERVICE
getUserRewards ---> TOURGUIDESERVICE
getUserRewards ---> TOURGUIDESERVICE
getUserRewards ---> TOURGUIDESERVICE
getUserRewards ---> TOURGUIDESERVICE
getUserRewards ---> TOURGUIDESERVICE
getUserRewards ---> TOURGUIDESERVICE
getUserRewards ---> TOURGUIDESERVICE
getUserRewards ---> TOURGUIDESERVICE
getUserRewards ---> TOURGUIDESERVICE
getUserRewards ---> TOURGUIDESERVICE
getUserRewards ---> TOURGUIDESERVICE
getUserRewards ---> TOURGUIDESERVICE
getUserRewards ---> TOURGUIDESERVICE
getUserRewards ---> TOURGUIDESERVICE
getUserRewards ---> TOURGUIDESERVICE
getUserRewards ---> TOURGUIDESERVICE
getUserRewards ---> TOURGUIDESERVICE
getUserRewards ---> TOURGUIDESERVICE
getUserRewards ---> TOURGUIDESERVICE
getUserRewards ---> TOURGUIDESERVICE
getUserRewards ---> TOURGUIDESERVICE
getUserRewards ---> TOURGUIDESERVICE
getUserRewards ---> TOURGUIDESERVICE
getUserRewards ---> TOURGUIDESERVICE
getUserRewards ---> TOURGUIDESERVICE
getUserRewards ---> TOURGUIDESERVICE
getUserRewards ---> TOURGUIDESERVICE
getUserRewards ---> TOURGUIDESERVICE
getUserRewards ---> TOURGUIDESERVICE
getUserRewards ---> TOURGUIDESERVICE
getUserRewards ---> TOURGUIDESERVICE
getUserRewards ---> TOURGUIDESERVICE
getUserRewards ---> TOURGUIDESERVICE
getUserRewards ---> TOURGUIDESERVICE
getUserRewards ---> TOURGUIDESERVICE
getUserRewards ---> TOURGUIDESERVICE
getUserRewards ---> TOURGUIDESERVICE
getUserRewards ---> TOURGUIDESERVICE
getUserRewards ---> TOURGUIDESERVICE
getUserRewards ---> TOURGUIDESERVICE
getUserRewards ---> TOURGUIDESERVICE
getUserRewards ---> TOURGUIDESERVICE
getUserRewards ---> TOURGUIDESERVICE
getUserRewards ---> TOURGUIDESERVICE
getUserRewards ---> TOURGUIDESERVICE
getUserRewards ---> TOURGUIDESERVICE
getUserRewards ---> TOURGUIDESERVICE
getUserRewards ---> TOURGUIDESERVICE
getUserRewards ---> TOURGUIDESERVICE
getUserRewards ---> TOURGUIDESERVICE
getUserRewards ---> TOURGUIDESERVICE
getUserRewards ---> TOURGUIDESERVICE
getUserRewards ---> TOURGUIDESERVICE
getUserRewards ---> TOURGUIDESERVICE
getUserRewards ---> TOURGUIDESERVICE
getUserRewards ---> TOURGUIDESERVICE
getUserRewards ---> TOURGUIDESERVICE
getUserRewards ---> TOURGUIDESERVICE
getUserRewards ---> TOURGUIDESERVICE
getUserRewards ---> TOURGUIDESERVICE
getUserRewards ---> TOURGUIDESERVICE
getUserRewards ---> TOURGUIDESERVICE
getUserRewards ---> TOURGUIDESERVICE
getUserRewards ---> TOURGUIDESERVICE
getUserRewards ---> TOURGUIDESERVICE
getUserRewards ---> TOURGUIDESERVICE
getUserRewards ---> TOURGUIDESERVICE
getUserRewards ---> TOURGUIDESERVICE
getUserRewards ---> TOURGUIDESERVICE
getUserRewards ---> TOURGUIDESERVICE
getUserRewards ---> TOURGUIDESERVICE
getUserRewards ---> TOURGUIDESERVICE
getUserRewards ---> TOURGUIDESERVICE
getUserRewards ---> TOURGUIDESERVICE
getUserRewards ---> TOURGUIDESERVICE
getUserRewards ---> TOURGUIDESERVICE
getUserRewards ---> TOURGUIDESERVICE
getUserRewards ---> TOURGUIDESERVICE
getUserRewards ---> TOURGUIDESERVICE
getUserRewards ---> TOURGUIDESERVICE
getUserRewards ---> TOURGUIDESERVICE
getUserRewards ---> TOURGUIDESERVICE
getUserRewards ---> TOURGUIDESERVICE
getUserRewards ---> TOURGUIDESERVICE
getUserRewards ---> TOURGUIDESERVICE
getUserRewards ---> TOURGUIDESERVICE
getUserRewards ---> TOURGUIDESERVICE
getUserRewards ---> TOURGUIDESERVICE
getUserRewards ---> TOURGUIDESERVICE
getUserRewards ---> TOURGUIDESERVICE
getUserRewards ---> TOURGUIDESERVICE
getUserRewards ---> TOURGUIDESERVICE
getUserRewards ---> TOURGUIDESERVICE
getUserRewards ---> TOURGUIDESERVICE
getUserRewards ---> TOURGUIDESERVICE
getUserRewards ---> TOURGUIDESERVICE
getUserRewards ---> TOURGUIDESERVICE
getUserRewards ---> TOURGUIDESERVICE
getUserRewards ---> TOURGUIDESERVICE
getUserRewards ---> TOURGUIDESERVICE
getUserRewards ---> TOURGUIDESERVICE
getUserRewards ---> TOURGUIDESERVICE
getUserRewards ---> TOURGUIDESERVICE
getUserRewards ---> TOURGUIDESERVICE
getUserRewards ---> TOURGUIDESERVICE
getUserRewards ---> TOURGUIDESERVICE
getUserRewards ---> TOURGUIDESERVICE
getUserRewards ---> TOURGUIDESERVICE
getUserRewards ---> TOURGUIDESERVICE
getUserRewards ---> TOURGUIDESERVICE
getUserRewards ---> TOURGUIDESERVICE
getUserRewards ---> TOURGUIDESERVICE
getUserRewards ---> TOURGUIDESERVICE
getUserRewards ---> TOURGUIDESERVICE
getUserRewards ---> TOURGUIDESERVICE
getUserRewards ---> TOURGUIDESERVICE
getUserRewards ---> TOURGUIDESERVICE
getUserRewards ---> TOURGUIDESERVICE
getUserRewards ---> TOURGUIDESERVICE
getUserRewards ---> TOURGUIDESERVICE
getUserRewards ---> TOURGUIDESERVICE
getUserRewards ---> TOURGUIDESERVICE
getUserRewards ---> TOURGUIDESERVICE
getUserRewards ---> TOURGUIDESERVICE
getUserRewards ---> TOURGUIDESERVICE
getUserRewards ---> TOURGUIDESERVICE
getUserRewards ---> TOURGUIDESERVICE
getUserRewards ---> TOURGUIDESERVICE
getUserRewards ---> TOURGUIDESERVICE
getUserRewards ---> TOURGUIDESERVICE
getUserRewards ---> TOURGUIDESERVICE
getUserRewards ---> TOURGUIDESERVICE
getUserRewards ---> TOURGUIDESERVICE
getUserRewards ---> TOURGUIDESERVICE
getUserRewards ---> TOURGUIDESERVICE
getUserRewards ---> TOURGUIDESERVICE
getUserRewards ---> TOURGUIDESERVICE
getUserRewards ---> TOURGUIDESERVICE
getUserRewards ---> TOURGUIDESERVICE
getUserRewards ---> TOURGUIDESERVICE
getUserRewards ---> TOURGUIDESERVICE
getUserRewards ---> TOURGUIDESERVICE
getUserRewards ---> TOURGUIDESERVICE
getUserRewards ---> TOURGUIDESERVICE
getUserRewards ---> TOURGUIDESERVICE
getUserRewards ---> TOURGUIDESERVICE
getUserRewards ---> TOURGUIDESERVICE
getUserRewards ---> TOURGUIDESERVICE
getUserRewards ---> TOURGUIDESERVICE
getUserRewards ---> TOURGUIDESERVICE
getUserRewards ---> TOURGUIDESERVICE
getUserRewards ---> TOURGUIDESERVICE
getUserRewards ---> TOURGUIDESERVICE
getUserRewards ---> TOURGUIDESERVICE
getUserRewards ---> TOURGUIDESERVICE
getUserRewards ---> TOURGUIDESERVICE
getUserRewards ---> TOURGUIDESERVICE
getUserRewards ---> TOURGUIDESERVICE
getUserRewards ---> TOURGUIDESERVICE
getUserRewards ---> TOURGUIDESERVICE
getUserRewards ---> TOURGUIDESERVICE
getUserRewards ---> TOURGUIDESERVICE
getUserRewards ---> TOURGUIDESERVICE
getUserRewards ---> TOURGUIDESERVICE
getUserRewards ---> TOURGUIDESERVICE
getUserRewards ---> TOURGUIDESERVICE
getUserRewards ---> TOURGUIDESERVICE
getUserRewards ---> TOURGUIDESERVICE
getUserRewards ---> TOURGUIDESERVICE
getUserRewards ---> TOURGUIDESERVICE
getUserRewards ---> TOURGUIDESERVICE
getUserRewards ---> TOURGUIDESERVICE
getUserRewards ---> TOURGUIDESERVICE
getUserRewards ---> TOURGUIDESERVICE
getUserRewards ---> TOURGUIDESERVICE
getUserRewards ---> TOURGUIDESERVICE
getUserRewards ---> TOURGUIDESERVICE
getUserRewards ---> TOURGUIDESERVICE
getUserRewards ---> TOURGUIDESERVICE
getUserRewards ---> TOURGUIDESERVICE
getUserRewards ---> TOURGUIDESERVICE
getUserRewards ---> TOURGUIDESERVICE
getUserRewards ---> TOURGUIDESERVICE
getUserRewards ---> TOURGUIDESERVICE
getUserRewards ---> TOURGUIDESERVICE
getUserRewards ---> TOURGUIDESERVICE
getUserRewards ---> TOURGUIDESERVICE
getUserRewards ---> TOURGUIDESERVICE
getUserRewards ---> TOURGUIDESERVICE
getUserRewards ---> TOURGUIDESERVICE
getUserRewards ---> TOURGUIDESERVICE
getUserRewards ---> TOURGUIDESERVICE
getUserRewards ---> TOURGUIDESERVICE
getUserRewards ---> TOURGUIDESERVICE
getUserRewards ---> TOURGUIDESERVICE
getUserRewards ---> TOURGUIDESERVICE
getUserRewards ---> TOURGUIDESERVICE
getUserRewards ---> TOURGUIDESERVICE
getUserRewards ---> TOURGUIDESERVICE
getUserRewards ---> TOURGUIDESERVICE
getUserRewards ---> TOURGUIDESERVICE
getUserRewards ---> TOURGUIDESERVICE
getUserRewards ---> TOURGUIDESERVICE
getUserRewards ---> TOURGUIDESERVICE
getUserRewards ---> TOURGUIDESERVICE
getUserRewards ---> TOURGUIDESERVICE
getUserRewards ---> TOURGUIDESERVICE
getUserRewards ---> TOURGUIDESERVICE
getUserRewards ---> TOURGUIDESERVICE
getUserRewards ---> TOURGUIDESERVICE
getUserRewards ---> TOURGUIDESERVICE
getUserRewards ---> TOURGUIDESERVICE
getUserRewards ---> TOURGUIDESERVICE
getUserRewards ---> TOURGUIDESERVICE
getUserRewards ---> TOURGUIDESERVICE
getUserRewards ---> TOURGUIDESERVICE
getUserRewards ---> TOURGUIDESERVICE
getUserRewards ---> TOURGUIDESERVICE
getUserRewards ---> TOURGUIDESERVICE
getUserRewards ---> TOURGUIDESERVICE
getUserRewards ---> TOURGUIDESERVICE
getUserRewards ---> TOURGUIDESERVICE
getUserRewards ---> TOURGUIDESERVICE
getUserRewards ---> TOURGUIDESERVICE
getUserRewards ---> TOURGUIDESERVICE
getUserRewards ---> TOURGUIDESERVICE
getUserRewards ---> TOURGUIDESERVICE
getUserRewards ---> TOURGUIDESERVICE
getUserRewards ---> TOURGUIDESERVICE
getUserRewards ---> TOURGUIDESERVICE
getUserRewards ---> TOURGUIDESERVICE
getUserRewards ---> TOURGUIDESERVICE
getUserRewards ---> TOURGUIDESERVICE
getUserRewards ---> TOURGUIDESERVICE
getUserRewards ---> TOURGUIDESERVICE
getUserRewards ---> TOURGUIDESERVICE
getUserRewards ---> TOURGUIDESERVICE
getUserRewards ---> TOURGUIDESERVICE
getUserRewards ---> TOURGUIDESERVICE
getUserRewards ---> TOURGUIDESERVICE
getUserRewards ---> TOURGUIDESERVICE
getUserRewards ---> TOURGUIDESERVICE
getUserRewards ---> TOURGUIDESERVICE
getUserRewards ---> TOURGUIDESERVICE
getUserRewards ---> TOURGUIDESERVICE
getUserRewards ---> TOURGUIDESERVICE
getUserRewards ---> TOURGUIDESERVICE
getUserRewards ---> TOURGUIDESERVICE
getUserRewards ---> TOURGUIDESERVICE
getUserRewards ---> TOURGUIDESERVICE
getUserRewards ---> TOURGUIDESERVICE
getUserRewards ---> TOURGUIDESERVICE
getUserRewards ---> TOURGUIDESERVICE
getUserRewards ---> TOURGUIDESERVICE
getUserRewards ---> TOURGUIDESERVICE
getUserRewards ---> TOURGUIDESERVICE
getUserRewards ---> TOURGUIDESERVICE
getUserRewards ---> TOURGUIDESERVICE
getUserRewards ---> TOURGUIDESERVICE
getUserRewards ---> TOURGUIDESERVICE
getUserRewards ---> TOURGUIDESERVICE
getUserRewards ---> TOURGUIDESERVICE
getUserRewards ---> TOURGUIDESERVICE
getUserRewards ---> TOURGUIDESERVICE
getUserRewards ---> TOURGUIDESERVICE
getUserRewards ---> TOURGUIDESERVICE
getUserRewards ---> TOURGUIDESERVICE
getUserRewards ---> TOURGUIDESERVICE
getUserRewards ---> TOURGUIDESERVICE
getUserRewards ---> TOURGUIDESERVICE
getUserRewards ---> TOURGUIDESERVICE
getUserRewards ---> TOURGUIDESERVICE
getUserRewards ---> TOURGUIDESERVICE
getUserRewards ---> TOURGUIDESERVICE
getUserRewards ---> TOURGUIDESERVICE
getUserRewards ---> TOURGUIDESERVICE
getUserRewards ---> TOURGUIDESERVICE
getUserRewards ---> TOURGUIDESERVICE
getUserRewards ---> TOURGUIDESERVICE
getUserRewards ---> TOURGUIDESERVICE
getUserRewards ---> TOURGUIDESERVICE
getUserRewards ---> TOURGUIDESERVICE
getUserRewards ---> TOURGUIDESERVICE
getUserRewards ---> TOURGUIDESERVICE
getUserRewards ---> TOURGUIDESERVICE
getUserRewards ---> TOURGUIDESERVICE
getUserRewards ---> TOURGUIDESERVICE
getUserRewards ---> TOURGUIDESERVICE
getUserRewards ---> TOURGUIDESERVICE
getUserRewards ---> TOURGUIDESERVICE
getUserRewards ---> TOURGUIDESERVICE
getUserRewards ---> TOURGUIDESERVICE
getUserRewards ---> TOURGUIDESERVICE
getUserRewards ---> TOURGUIDESERVICE
getUserRewards ---> TOURGUIDESERVICE
getUserRewards ---> TOURGUIDESERVICE
getUserRewards ---> TOURGUIDESERVICE
getUserRewards ---> TOURGUIDESERVICE
getUserRewards ---> TOURGUIDESERVICE
getUserRewards ---> TOURGUIDESERVICE
getUserRewards ---> TOURGUIDESERVICE
getUserRewards ---> TOURGUIDESERVICE
getUserRewards ---> TOURGUIDESERVICE
getUserRewards ---> TOURGUIDESERVICE
getUserRewards ---> TOURGUIDESERVICE
getUserRewards ---> TOURGUIDESERVICE
getUserRewards ---> TOURGUIDESERVICE
getUserRewards ---> TOURGUIDESERVICE
getUserRewards ---> TOURGUIDESERVICE
getUserRewards ---> TOURGUIDESERVICE
getUserRewards ---> TOURGUIDESERVICE
getUserRewards ---> TOURGUIDESERVICE
getUserRewards ---> TOURGUIDESERVICE
getUserRewards ---> TOURGUIDESERVICE
getUserRewards ---> TOURGUIDESERVICE
getUserRewards ---> TOURGUIDESERVICE
getUserRewards ---> TOURGUIDESERVICE
getUserRewards ---> TOURGUIDESERVICE
getUserRewards ---> TOURGUIDESERVICE
getUserRewards ---> TOURGUIDESERVICE
getUserRewards ---> TOURGUIDESERVICE
getUserRewards ---> TOURGUIDESERVICE
getUserRewards ---> TOURGUIDESERVICE
getUserRewards ---> TOURGUIDESERVICE
getUserRewards ---> TOURGUIDESERVICE
getUserRewards ---> TOURGUIDESERVICE
getUserRewards ---> TOURGUIDESERVICE
getUserRewards ---> TOURGUIDESERVICE
getUserRewards ---> TOURGUIDESERVICE
getUserRewards ---> TOURGUIDESERVICE
getUserRewards ---> TOURGUIDESERVICE
getUserRewards ---> TOURGUIDESERVICE
getUserRewards ---> TOURGUIDESERVICE
getUserRewards ---> TOURGUIDESERVICE
getUserRewards ---> TOURGUIDESERVICE
getUserRewards ---> TOURGUIDESERVICE
getUserRewards ---> TOURGUIDESERVICE
getUserRewards ---> TOURGUIDESERVICE
getUserRewards ---> TOURGUIDESERVICE
getUserRewards ---> TOURGUIDESERVICE
getUserRewards ---> TOURGUIDESERVICE
getUserRewards ---> TOURGUIDESERVICE
getUserRewards ---> TOURGUIDESERVICE
getUserRewards ---> TOURGUIDESERVICE
getUserRewards ---> TOURGUIDESERVICE
getUserRewards ---> TOURGUIDESERVICE
getUserRewards ---> TOURGUIDESERVICE
getUserRewards ---> TOURGUIDESERVICE
getUserRewards ---> TOURGUIDESERVICE
getUserRewards ---> TOURGUIDESERVICE
getUserRewards ---> TOURGUIDESERVICE
getUserRewards ---> TOURGUIDESERVICE
getUserRewards ---> TOURGUIDESERVICE
getUserRewards ---> TOURGUIDESERVICE
getUserRewards ---> TOURGUIDESERVICE
getUserRewards ---> TOURGUIDESERVICE
getUserRewards ---> TOURGUIDESERVICE
getUserRewards ---> TOURGUIDESERVICE
getUserRewards ---> TOURGUIDESERVICE
getUserRewards ---> TOURGUIDESERVICE
getUserRewards ---> TOURGUIDESERVICE
getUserRewards ---> TOURGUIDESERVICE
getUserRewards ---> TOURGUIDESERVICE
getUserRewards ---> TOURGUIDESERVICE
getUserRewards ---> TOURGUIDESERVICE
getUserRewards ---> TOURGUIDESERVICE
getUserRewards ---> TOURGUIDESERVICE
getUserRewards ---> TOURGUIDESERVICE
getUserRewards ---> TOURGUIDESERVICE
getUserRewards ---> TOURGUIDESERVICE
getUserRewards ---> TOURGUIDESERVICE
getUserRewards ---> TOURGUIDESERVICE
getUserRewards ---> TOURGUIDESERVICE
getUserRewards ---> TOURGUIDESERVICE
getUserRewards ---> TOURGUIDESERVICE
getUserRewards ---> TOURGUIDESERVICE
getUserRewards ---> TOURGUIDESERVICE
getUserRewards ---> TOURGUIDESERVICE
getUserRewards ---> TOURGUIDESERVICE
getUserRewards ---> TOURGUIDESERVICE
getUserRewards ---> TOURGUIDESERVICE
getUserRewards ---> TOURGUIDESERVICE
getUserRewards ---> TOURGUIDESERVICE
getUserRewards ---> TOURGUIDESERVICE
getUserRewards ---> TOURGUIDESERVICE
getUserRewards ---> TOURGUIDESERVICE
getUserRewards ---> TOURGUIDESERVICE
getUserRewards ---> TOURGUIDESERVICE
getUserRewards ---> TOURGUIDESERVICE
getUserRewards ---> TOURGUIDESERVICE
getUserRewards ---> TOURGUIDESERVICE
getUserRewards ---> TOURGUIDESERVICE
getUserRewards ---> TOURGUIDESERVICE
getUserRewards ---> TOURGUIDESERVICE
getUserRewards ---> TOURGUIDESERVICE
getUserRewards ---> TOURGUIDESERVICE
getUserRewards ---> TOURGUIDESERVICE
getUserRewards ---> TOURGUIDESERVICE
getUserRewards ---> TOURGUIDESERVICE
getUserRewards ---> TOURGUIDESERVICE
getUserRewards ---> TOURGUIDESERVICE
getUserRewards ---> TOURGUIDESERVICE
getUserRewards ---> TOURGUIDESERVICE
getUserRewards ---> TOURGUIDESERVICE
getUserRewards ---> TOURGUIDESERVICE
getUserRewards ---> TOURGUIDESERVICE
getUserRewards ---> TOURGUIDESERVICE
getUserRewards ---> TOURGUIDESERVICE
getUserRewards ---> TOURGUIDESERVICE
getUserRewards ---> TOURGUIDESERVICE
getUserRewards ---> TOURGUIDESERVICE
getUserRewards ---> TOURGUIDESERVICE
getUserRewards ---> TOURGUIDESERVICE
getUserRewards ---> TOURGUIDESERVICE
getUserRewards ---> TOURGUIDESERVICE
getUserRewards ---> TOURGUIDESERVICE
getUserRewards ---> TOURGUIDESERVICE
getUserRewards ---> TOURGUIDESERVICE
getUserRewards ---> TOURGUIDESERVICE
getUserRewards ---> TOURGUIDESERVICE
getUserRewards ---> TOURGUIDESERVICE
getUserRewards ---> TOURGUIDESERVICE
getUserRewards ---> TOURGUIDESERVICE
getUserRewards ---> TOURGUIDESERVICE
getUserRewards ---> TOURGUIDESERVICE
getUserRewards ---> TOURGUIDESERVICE
getUserRewards ---> TOURGUIDESERVICE
getUserRewards ---> TOURGUIDESERVICE
getUserRewards ---> TOURGUIDESERVICE
getUserRewards ---> TOURGUIDESERVICE
getUserRewards ---> TOURGUIDESERVICE
getUserRewards ---> TOURGUIDESERVICE
getUserRewards ---> TOURGUIDESERVICE
getUserRewards ---> TOURGUIDESERVICE
getUserRewards ---> TOURGUIDESERVICE
getUserRewards ---> TOURGUIDESERVICE
getUserRewards ---> TOURGUIDESERVICE
getUserRewards ---> TOURGUIDESERVICE
getUserRewards ---> TOURGUIDESERVICE
getUserRewards ---> TOURGUIDESERVICE
getUserRewards ---> TOURGUIDESERVICE
getUserRewards ---> TOURGUIDESERVICE
getUserRewards ---> TOURGUIDESERVICE
getUserRewards ---> TOURGUIDESERVICE
getUserRewards ---> TOURGUIDESERVICE
getUserRewards ---> TOURGUIDESERVICE
getUserRewards ---> TOURGUIDESERVICE
getUserRewards ---> TOURGUIDESERVICE
getUserRewards ---> TOURGUIDESERVICE
getUserRewards ---> TOURGUIDESERVICE
getUserRewards ---> TOURGUIDESERVICE
getUserRewards ---> TOURGUIDESERVICE
getUserRewards ---> TOURGUIDESERVICE
getUserRewards ---> TOURGUIDESERVICE
getUserRewards ---> TOURGUIDESERVICE
getUserRewards ---> TOURGUIDESERVICE
getUserRewards ---> TOURGUIDESERVICE
getUserRewards ---> TOURGUIDESERVICE
getUserRewards ---> TOURGUIDESERVICE
getUserRewards ---> TOURGUIDESERVICE
getUserRewards ---> TOURGUIDESERVICE
getUserRewards ---> TOURGUIDESERVICE
getUserRewards ---> TOURGUIDESERVICE
getUserRewards ---> TOURGUIDESERVICE
getUserRewards ---> TOURGUIDESERVICE
getUserRewards ---> TOURGUIDESERVICE
getUserRewards ---> TOURGUIDESERVICE
getUserRewards ---> TOURGUIDESERVICE
getUserRewards ---> TOURGUIDESERVICE
getUserRewards ---> TOURGUIDESERVICE
getUserRewards ---> TOURGUIDESERVICE
getUserRewards ---> TOURGUIDESERVICE
getUserRewards ---> TOURGUIDESERVICE
getUserRewards ---> TOURGUIDESERVICE
getUserRewards ---> TOURGUIDESERVICE
getUserRewards ---> TOURGUIDESERVICE
getUserRewards ---> TOURGUIDESERVICE
getUserRewards ---> TOURGUIDESERVICE
getUserRewards ---> TOURGUIDESERVICE
getUserRewards ---> TOURGUIDESERVICE
getUserRewards ---> TOURGUIDESERVICE
getUserRewards ---> TOURGUIDESERVICE
getUserRewards ---> TOURGUIDESERVICE
getUserRewards ---> TOURGUIDESERVICE
getUserRewards ---> TOURGUIDESERVICE
getUserRewards ---> TOURGUIDESERVICE
getUserRewards ---> TOURGUIDESERVICE
getUserRewards ---> TOURGUIDESERVICE
getUserRewards ---> TOURGUIDESERVICE
getUserRewards ---> TOURGUIDESERVICE
getUserRewards ---> TOURGUIDESERVICE
getUserRewards ---> TOURGUIDESERVICE
getUserRewards ---> TOURGUIDESERVICE
getUserRewards ---> TOURGUIDESERVICE
getUserRewards ---> TOURGUIDESERVICE
getUserRewards ---> TOURGUIDESERVICE
getUserRewards ---> TOURGUIDESERVICE
getUserRewards ---> TOURGUIDESERVICE
getUserRewards ---> TOURGUIDESERVICE
getUserRewards ---> TOURGUIDESERVICE
getUserRewards ---> TOURGUIDESERVICE
getUserRewards ---> TOURGUIDESERVICE
getUserRewards ---> TOURGUIDESERVICE
getUserRewards ---> TOURGUIDESERVICE
getUserRewards ---> TOURGUIDESERVICE
getUserRewards ---> TOURGUIDESERVICE
getUserRewards ---> TOURGUIDESERVICE
getUserRewards ---> TOURGUIDESERVICE
getUserRewards ---> TOURGUIDESERVICE
getUserRewards ---> TOURGUIDESERVICE
getUserRewards ---> TOURGUIDESERVICE
getUserRewards ---> TOURGUIDESERVICE
getUserRewards ---> TOURGUIDESERVICE
getUserRewards ---> TOURGUIDESERVICE
getUserRewards ---> TOURGUIDESERVICE
getUserRewards ---> TOURGUIDESERVICE
getUserRewards ---> TOURGUIDESERVICE
getUserRewards ---> TOURGUIDESERVICE
getUserRewards ---> TOURGUIDESERVICE
getUserRewards ---> TOURGUIDESERVICE
getUserRewards ---> TOURGUIDESERVICE
getUserRewards ---> TOURGUIDESERVICE
getUserRewards ---> TOURGUIDESERVICE
getUserRewards ---> TOURGUIDESERVICE
getUserRewards ---> TOURGUIDESERVICE
getUserRewards ---> TOURGUIDESERVICE
getUserRewards ---> TOURGUIDESERVICE
getUserRewards ---> TOURGUIDESERVICE
getUserRewards ---> TOURGUIDESERVICE
getUserRewards ---> TOURGUIDESERVICE
getUserRewards ---> TOURGUIDESERVICE
getUserRewards ---> TOURGUIDESERVICE
getUserRewards ---> TOURGUIDESERVICE
getUserRewards ---> TOURGUIDESERVICE
getUserRewards ---> TOURGUIDESERVICE
getUserRewards ---> TOURGUIDESERVICE
getUserRewards ---> TOURGUIDESERVICE
getUserRewards ---> TOURGUIDESERVICE
getUserRewards ---> TOURGUIDESERVICE
getUserRewards ---> TOURGUIDESERVICE
getUserRewards ---> TOURGUIDESERVICE
getUserRewards ---> TOURGUIDESERVICE
getUserRewards ---> TOURGUIDESERVICE
getUserRewards ---> TOURGUIDESERVICE
getUserRewards ---> TOURGUIDESERVICE
getUserRewards ---> TOURGUIDESERVICE
getUserRewards ---> TOURGUIDESERVICE
getUserRewards ---> TOURGUIDESERVICE
getUserRewards ---> TOURGUIDESERVICE
getUserRewards ---> TOURGUIDESERVICE
getUserRewards ---> TOURGUIDESERVICE
getUserRewards ---> TOURGUIDESERVICE
getUserRewards ---> TOURGUIDESERVICE
getUserRewards ---> TOURGUIDESERVICE
getUserRewards ---> TOURGUIDESERVICE
getUserRewards ---> TOURGUIDESERVICE
getUserRewards ---> TOURGUIDESERVICE
getUserRewards ---> TOURGUIDESERVICE
getUserRewards ---> TOURGUIDESERVICE
getUserRewards ---> TOURGUIDESERVICE
getUserRewards ---> TOURGUIDESERVICE
getUserRewards ---> TOURGUIDESERVICE
getUserRewards ---> TOURGUIDESERVICE
getUserRewards ---> TOURGUIDESERVICE
getUserRewards ---> TOURGUIDESERVICE
getUserRewards ---> TOURGUIDESERVICE
getUserRewards ---> TOURGUIDESERVICE
getUserRewards ---> TOURGUIDESERVICE
getUserRewards ---> TOURGUIDESERVICE
getUserRewards ---> TOURGUIDESERVICE
getUserRewards ---> TOURGUIDESERVICE
getUserRewards ---> TOURGUIDESERVICE
getUserRewards ---> TOURGUIDESERVICE
getUserRewards ---> TOURGUIDESERVICE
getUserRewards ---> TOURGUIDESERVICE
getUserRewards ---> TOURGUIDESERVICE
getUserRewards ---> TOURGUIDESERVICE
getUserRewards ---> TOURGUIDESERVICE
getUserRewards ---> TOURGUIDESERVICE
getUserRewards ---> TOURGUIDESERVICE
getUserRewards ---> TOURGUIDESERVICE
getUserRewards ---> TOURGUIDESERVICE
getUserRewards ---> TOURGUIDESERVICE
getUserRewards ---> TOURGUIDESERVICE
getUserRewards ---> TOURGUIDESERVICE
getUserRewards ---> TOURGUIDESERVICE
getUserRewards ---> TOURGUIDESERVICE
getUserRewards ---> TOURGUIDESERVICE
getUserRewards ---> TOURGUIDESERVICE
getUserRewards ---> TOURGUIDESERVICE
getUserRewards ---> TOURGUIDESERVICE
getUserRewards ---> TOURGUIDESERVICE
getUserRewards ---> TOURGUIDESERVICE
getUserRewards ---> TOURGUIDESERVICE
getUserRewards ---> TOURGUIDESERVICE
getUserRewards ---> TOURGUIDESERVICE
getUserRewards ---> TOURGUIDESERVICE
getUserRewards ---> TOURGUIDESERVICE
getUserRewards ---> TOURGUIDESERVICE
getUserRewards ---> TOURGUIDESERVICE
getUserRewards ---> TOURGUIDESERVICE
getUserRewards ---> TOURGUIDESERVICE
getUserRewards ---> TOURGUIDESERVICE
getUserRewards ---> TOURGUIDESERVICE
getUserRewards ---> TOURGUIDESERVICE
getUserRewards ---> TOURGUIDESERVICE
getUserRewards ---> TOURGUIDESERVICE
getUserRewards ---> TOURGUIDESERVICE
getUserRewards ---> TOURGUIDESERVICE
getUserRewards ---> TOURGUIDESERVICE
getUserRewards ---> TOURGUIDESERVICE
getUserRewards ---> TOURGUIDESERVICE
getUserRewards ---> TOURGUIDESERVICE
getUserRewards ---> TOURGUIDESERVICE
getUserRewards ---> TOURGUIDESERVICE
getUserRewards ---> TOURGUIDESERVICE
getUserRewards ---> TOURGUIDESERVICE
getUserRewards ---> TOURGUIDESERVICE
getUserRewards ---> TOURGUIDESERVICE
getUserRewards ---> TOURGUIDESERVICE
getUserRewards ---> TOURGUIDESERVICE
getUserRewards ---> TOURGUIDESERVICE
getUserRewards ---> TOURGUIDESERVICE
getUserRewards ---> TOURGUIDESERVICE
getUserRewards ---> TOURGUIDESERVICE
getUserRewards ---> TOURGUIDESERVICE
getUserRewards ---> TOURGUIDESERVICE
getUserRewards ---> TOURGUIDESERVICE
getUserRewards ---> TOURGUIDESERVICE
getUserRewards ---> TOURGUIDESERVICE
getUserRewards ---> TOURGUIDESERVICE
getUserRewards ---> TOURGUIDESERVICE
getUserRewards ---> TOURGUIDESERVICE
getUserRewards ---> TOURGUIDESERVICE
getUserRewards ---> TOURGUIDESERVICE
getUserRewards ---> TOURGUIDESERVICE
getUserRewards ---> TOURGUIDESERVICE
getUserRewards ---> TOURGUIDESERVICE
getUserRewards ---> TOURGUIDESERVICE
getUserRewards ---> TOURGUIDESERVICE
getUserRewards ---> TOURGUIDESERVICE
getUserRewards ---> TOURGUIDESERVICE
getUserRewards ---> TOURGUIDESERVICE
getUserRewards ---> TOURGUIDESERVICE
getUserRewards ---> TOURGUIDESERVICE
getUserRewards ---> TOURGUIDESERVICE
getUserRewards ---> TOURGUIDESERVICE
getUserRewards ---> TOURGUIDESERVICE
getUserRewards ---> TOURGUIDESERVICE
getUserRewards ---> TOURGUIDESERVICE
getUserRewards ---> TOURGUIDESERVICE
getUserRewards ---> TOURGUIDESERVICE
getUserRewards ---> TOURGUIDESERVICE
getUserRewards ---> TOURGUIDESERVICE
getUserRewards ---> TOURGUIDESERVICE
getUserRewards ---> TOURGUIDESERVICE
getUserRewards ---> TOURGUIDESERVICE
getUserRewards ---> TOURGUIDESERVICE
getUserRewards ---> TOURGUIDESERVICE
getUserRewards ---> TOURGUIDESERVICE
getUserRewards ---> TOURGUIDESERVICE
getUserRewards ---> TOURGUIDESERVICE
getUserRewards ---> TOURGUIDESERVICE
getUserRewards ---> TOURGUIDESERVICE
getUserRewards ---> TOURGUIDESERVICE
getUserRewards ---> TOURGUIDESERVICE
getUserRewards ---> TOURGUIDESERVICE
getUserRewards ---> TOURGUIDESERVICE
getUserRewards ---> TOURGUIDESERVICE
getUserRewards ---> TOURGUIDESERVICE
getUserRewards ---> TOURGUIDESERVICE
getUserRewards ---> TOURGUIDESERVICE
getUserRewards ---> TOURGUIDESERVICE
getUserRewards ---> TOURGUIDESERVICE
getUserRewards ---> TOURGUIDESERVICE
getUserRewards ---> TOURGUIDESERVICE
getUserRewards ---> TOURGUIDESERVICE
getUserRewards ---> TOURGUIDESERVICE
getUserRewards ---> TOURGUIDESERVICE
getUserRewards ---> TOURGUIDESERVICE
getUserRewards ---> TOURGUIDESERVICE
getUserRewards ---> TOURGUIDESERVICE
getUserRewards ---> TOURGUIDESERVICE
getUserRewards ---> TOURGUIDESERVICE
getUserRewards ---> TOURGUIDESERVICE
getUserRewards ---> TOURGUIDESERVICE
getUserRewards ---> TOURGUIDESERVICE
getUserRewards ---> TOURGUIDESERVICE
getUserRewards ---> TOURGUIDESERVICE
getUserRewards ---> TOURGUIDESERVICE
getUserRewards ---> TOURGUIDESERVICE
getUserRewards ---> TOURGUIDESERVICE
getUserRewards ---> TOURGUIDESERVICE
getUserRewards ---> TOURGUIDESERVICE
getUserRewards ---> TOURGUIDESERVICE
getUserRewards ---> TOURGUIDESERVICE
getUserRewards ---> TOURGUIDESERVICE
getUserRewards ---> TOURGUIDESERVICE
getUserRewards ---> TOURGUIDESERVICE
getUserRewards ---> TOURGUIDESERVICE
getUserRewards ---> TOURGUIDESERVICE
getUserRewards ---> TOURGUIDESERVICE
getUserRewards ---> TOURGUIDESERVICE
getUserRewards ---> TOURGUIDESERVICE
getUserRewards ---> TOURGUIDESERVICE
getUserRewards ---> TOURGUIDESERVICE
getUserRewards ---> TOURGUIDESERVICE
getUserRewards ---> TOURGUIDESERVICE
getUserRewards ---> TOURGUIDESERVICE
getUserRewards ---> TOURGUIDESERVICE
getUserRewards ---> TOURGUIDESERVICE
getUserRewards ---> TOURGUIDESERVICE
getUserRewards ---> TOURGUIDESERVICE
getUserRewards ---> TOURGUIDESERVICE
getUserRewards ---> TOURGUIDESERVICE
getUserRewards ---> TOURGUIDESERVICE
getUserRewards ---> TOURGUIDESERVICE
getUserRewards ---> TOURGUIDESERVICE
getUserRewards ---> TOURGUIDESERVICE
getUserRewards ---> TOURGUIDESERVICE
getUserRewards ---> TOURGUIDESERVICE
getUserRewards ---> TOURGUIDESERVICE
getUserRewards ---> TOURGUIDESERVICE
getUserRewards ---> TOURGUIDESERVICE
getUserRewards ---> TOURGUIDESERVICE
getUserRewards ---> TOURGUIDESERVICE
getUserRewards ---> TOURGUIDESERVICE
getUserRewards ---> TOURGUIDESERVICE
getUserRewards ---> TOURGUIDESERVICE
getUserRewards ---> TOURGUIDESERVICE
getUserRewards ---> TOURGUIDESERVICE
getUserRewards ---> TOURGUIDESERVICE
getUserRewards ---> TOURGUIDESERVICE
getUserRewards ---> TOURGUIDESERVICE
getUserRewards ---> TOURGUIDESERVICE
getUserRewards ---> TOURGUIDESERVICE
getUserRewards ---> TOURGUIDESERVICE
getUserRewards ---> TOURGUIDESERVICE
getUserRewards ---> TOURGUIDESERVICE
getUserRewards ---> TOURGUIDESERVICE
getUserRewards ---> TOURGUIDESERVICE
getUserRewards ---> TOURGUIDESERVICE
getUserRewards ---> TOURGUIDESERVICE
getUserRewards ---> TOURGUIDESERVICE
getUserRewards ---> TOURGUIDESERVICE
getUserRewards ---> TOURGUIDESERVICE
getUserRewards ---> TOURGUIDESERVICE
getUserRewards ---> TOURGUIDESERVICE
getUserRewards ---> TOURGUIDESERVICE
getUserRewards ---> TOURGUIDESERVICE
getUserRewards ---> TOURGUIDESERVICE
getUserRewards ---> TOURGUIDESERVICE
getUserRewards ---> TOURGUIDESERVICE
getUserRewards ---> TOURGUIDESERVICE
getUserRewards ---> TOURGUIDESERVICE
getUserRewards ---> TOURGUIDESERVICE
getUserRewards ---> TOURGUIDESERVICE
getUserRewards ---> TOURGUIDESERVICE
getUserRewards ---> TOURGUIDESERVICE
getUserRewards ---> TOURGUIDESERVICE
getUserRewards ---> TOURGUIDESERVICE
getUserRewards ---> TOURGUIDESERVICE
getUserRewards ---> TOURGUIDESERVICE
getUserRewards ---> TOURGUIDESERVICE
getUserRewards ---> TOURGUIDESERVICE
getUserRewards ---> TOURGUIDESERVICE
getUserRewards ---> TOURGUIDESERVICE
getUserRewards ---> TOURGUIDESERVICE
getUserRewards ---> TOURGUIDESERVICE
getUserRewards ---> TOURGUIDESERVICE
getUserRewards ---> TOURGUIDESERVICE
getUserRewards ---> TOURGUIDESERVICE
getUserRewards ---> TOURGUIDESERVICE
getUserRewards ---> TOURGUIDESERVICE
getUserRewards ---> TOURGUIDESERVICE
getUserRewards ---> TOURGUIDESERVICE
getUserRewards ---> TOURGUIDESERVICE
getUserRewards ---> TOURGUIDESERVICE
getUserRewards ---> TOURGUIDESERVICE
getUserRewards ---> TOURGUIDESERVICE
getUserRewards ---> TOURGUIDESERVICE
getUserRewards ---> TOURGUIDESERVICE
getUserRewards ---> TOURGUIDESERVICE
getUserRewards ---> TOURGUIDESERVICE
getUserRewards ---> TOURGUIDESERVICE
getUserRewards ---> TOURGUIDESERVICE
getUserRewards ---> TOURGUIDESERVICE
getUserRewards ---> TOURGUIDESERVICE
getUserRewards ---> TOURGUIDESERVICE
getUserRewards ---> TOURGUIDESERVICE
getUserRewards ---> TOURGUIDESERVICE
getUserRewards ---> TOURGUIDESERVICE
getUserRewards ---> TOURGUIDESERVICE
getUserRewards ---> TOURGUIDESERVICE
getUserRewards ---> TOURGUIDESERVICE
getUserRewards ---> TOURGUIDESERVICE
getUserRewards ---> TOURGUIDESERVICE
getUserRewards ---> TOURGUIDESERVICE
getUserRewards ---> TOURGUIDESERVICE
getUserRewards ---> TOURGUIDESERVICE
getUserRewards ---> TOURGUIDESERVICE
getUserRewards ---> TOURGUIDESERVICE
getUserRewards ---> TOURGUIDESERVICE
getUserRewards ---> TOURGUIDESERVICE
getUserRewards ---> TOURGUIDESERVICE
getUserRewards ---> TOURGUIDESERVICE
getUserRewards ---> TOURGUIDESERVICE
getUserRewards ---> TOURGUIDESERVICE
getUserRewards ---> TOURGUIDESERVICE
getUserRewards ---> TOURGUIDESERVICE
getUserRewards ---> TOURGUIDESERVICE
getUserRewards ---> TOURGUIDESERVICE
getUserRewards ---> TOURGUIDESERVICE
getUserRewards ---> TOURGUIDESERVICE
getUserRewards ---> TOURGUIDESERVICE
getUserRewards ---> TOURGUIDESERVICE
getUserRewards ---> TOURGUIDESERVICE
getUserRewards ---> TOURGUIDESERVICE
getUserRewards ---> TOURGUIDESERVICE
getUserRewards ---> TOURGUIDESERVICE
getUserRewards ---> TOURGUIDESERVICE
getUserRewards ---> TOURGUIDESERVICE
getUserRewards ---> TOURGUIDESERVICE
getUserRewards ---> TOURGUIDESERVICE
getUserRewards ---> TOURGUIDESERVICE
getUserRewards ---> TOURGUIDESERVICE
getUserRewards ---> TOURGUIDESERVICE
getUserRewards ---> TOURGUIDESERVICE
getUserRewards ---> TOURGUIDESERVICE
getUserRewards ---> TOURGUIDESERVICE
getUserRewards ---> TOURGUIDESERVICE
getUserRewards ---> TOURGUIDESERVICE
getUserRewards ---> TOURGUIDESERVICE
getUserRewards ---> TOURGUIDESERVICE
getUserRewards ---> TOURGUIDESERVICE
getUserRewards ---> TOURGUIDESERVICE
getUserRewards ---> TOURGUIDESERVICE
getUserRewards ---> TOURGUIDESERVICE
getUserRewards ---> TOURGUIDESERVICE
getUserRewards ---> TOURGUIDESERVICE
getUserRewards ---> TOURGUIDESERVICE
getUserRewards ---> TOURGUIDESERVICE
getUserRewards ---> TOURGUIDESERVICE
getUserRewards ---> TOURGUIDESERVICE
getUserRewards ---> TOURGUIDESERVICE
getUserRewards ---> TOURGUIDESERVICE
getUserRewards ---> TOURGUIDESERVICE
getUserRewards ---> TOURGUIDESERVICE
getUserRewards ---> TOURGUIDESERVICE
getUserRewards ---> TOURGUIDESERVICE
getUserRewards ---> TOURGUIDESERVICE
getUserRewards ---> TOURGUIDESERVICE
getUserRewards ---> TOURGUIDESERVICE
getUserRewards ---> TOURGUIDESERVICE
getUserRewards ---> TOURGUIDESERVICE
getUserRewards ---> TOURGUIDESERVICE
getUserRewards ---> TOURGUIDESERVICE
getUserRewards ---> TOURGUIDESERVICE
getUserRewards ---> TOURGUIDESERVICE
getUserRewards ---> TOURGUIDESERVICE
getUserRewards ---> TOURGUIDESERVICE
getUserRewards ---> TOURGUIDESERVICE
getUserRewards ---> TOURGUIDESERVICE
getUserRewards ---> TOURGUIDESERVICE
getUserRewards ---> TOURGUIDESERVICE
getUserRewards ---> TOURGUIDESERVICE
getUserRewards ---> TOURGUIDESERVICE
getUserRewards ---> TOURGUIDESERVICE
getUserRewards ---> TOURGUIDESERVICE
getUserRewards ---> TOURGUIDESERVICE
getUserRewards ---> TOURGUIDESERVICE
getUserRewards ---> TOURGUIDESERVICE
getUserRewards ---> TOURGUIDESERVICE
getUserRewards ---> TOURGUIDESERVICE
getUserRewards ---> TOURGUIDESERVICE
getUserRewards ---> TOURGUIDESERVICE
getUserRewards ---> TOURGUIDESERVICE
getUserRewards ---> TOURGUIDESERVICE
getUserRewards ---> TOURGUIDESERVICE
getUserRewards ---> TOURGUIDESERVICE
getUserRewards ---> TOURGUIDESERVICE
getUserRewards ---> TOURGUIDESERVICE
getUserRewards ---> TOURGUIDESERVICE
getUserRewards ---> TOURGUIDESERVICE
getUserRewards ---> TOURGUIDESERVICE
getUserRewards ---> TOURGUIDESERVICE
getUserRewards ---> TOURGUIDESERVICE
getUserRewards ---> TOURGUIDESERVICE
getUserRewards ---> TOURGUIDESERVICE
getUserRewards ---> TOURGUIDESERVICE
getUserRewards ---> TOURGUIDESERVICE
getUserRewards ---> TOURGUIDESERVICE
getUserRewards ---> TOURGUIDESERVICE
getUserRewards ---> TOURGUIDESERVICE
getUserRewards ---> TOURGUIDESERVICE
getUserRewards ---> TOURGUIDESERVICE
getUserRewards ---> TOURGUIDESERVICE
getUserRewards ---> TOURGUIDESERVICE
getUserRewards ---> TOURGUIDESERVICE
getUserRewards ---> TOURGUIDESERVICE
getUserRewards ---> TOURGUIDESERVICE
getUserRewards ---> TOURGUIDESERVICE
getUserRewards ---> TOURGUIDESERVICE
getUserRewards ---> TOURGUIDESERVICE
getUserRewards ---> TOURGUIDESERVICE
getUserRewards ---> TOURGUIDESERVICE
getUserRewards ---> TOURGUIDESERVICE
getUserRewards ---> TOURGUIDESERVICE
getUserRewards ---> TOURGUIDESERVICE
getUserRewards ---> TOURGUIDESERVICE
getUserRewards ---> TOURGUIDESERVICE
getUserRewards ---> TOURGUIDESERVICE
getUserRewards ---> TOURGUIDESERVICE
getUserRewards ---> TOURGUIDESERVICE
getUserRewards ---> TOURGUIDESERVICE
getUserRewards ---> TOURGUIDESERVICE
getUserRewards ---> TOURGUIDESERVICE
getUserRewards ---> TOURGUIDESERVICE
getUserRewards ---> TOURGUIDESERVICE
getUserRewards ---> TOURGUIDESERVICE
getUserRewards ---> TOURGUIDESERVICE
getUserRewards ---> TOURGUIDESERVICE
getUserRewards ---> TOURGUIDESERVICE
getUserRewards ---> TOURGUIDESERVICE
getUserRewards ---> TOURGUIDESERVICE
getUserRewards ---> TOURGUIDESERVICE
getUserRewards ---> TOURGUIDESERVICE
getUserRewards ---> TOURGUIDESERVICE
getUserRewards ---> TOURGUIDESERVICE
getUserRewards ---> TOURGUIDESERVICE
getUserRewards ---> TOURGUIDESERVICE
getUserRewards ---> TOURGUIDESERVICE
getUserRewards ---> TOURGUIDESERVICE
getUserRewards ---> TOURGUIDESERVICE
getUserRewards ---> TOURGUIDESERVICE
getUserRewards ---> TOURGUIDESERVICE
getUserRewards ---> TOURGUIDESERVICE
getUserRewards ---> TOURGUIDESERVICE
getUserRewards ---> TOURGUIDESERVICE
getUserRewards ---> TOURGUIDESERVICE
getUserRewards ---> TOURGUIDESERVICE
getUserRewards ---> TOURGUIDESERVICE
getUserRewards ---> TOURGUIDESERVICE
getUserRewards ---> TOURGUIDESERVICE
getUserRewards ---> TOURGUIDESERVICE
getUserRewards ---> TOURGUIDESERVICE
getUserRewards ---> TOURGUIDESERVICE
getUserRewards ---> TOURGUIDESERVICE
getUserRewards ---> TOURGUIDESERVICE
getUserRewards ---> TOURGUIDESERVICE
getUserRewards ---> TOURGUIDESERVICE
getUserRewards ---> TOURGUIDESERVICE
getUserRewards ---> TOURGUIDESERVICE
getUserRewards ---> TOURGUIDESERVICE
getUserRewards ---> TOURGUIDESERVICE
getUserRewards ---> TOURGUIDESERVICE
getUserRewards ---> TOURGUIDESERVICE
getUserRewards ---> TOURGUIDESERVICE
getUserRewards ---> TOURGUIDESERVICE
getUserRewards ---> TOURGUIDESERVICE
getUserRewards ---> TOURGUIDESERVICE
getUserRewards ---> TOURGUIDESERVICE
getUserRewards ---> TOURGUIDESERVICE
getUserRewards ---> TOURGUIDESERVICE
getUserRewards ---> TOURGUIDESERVICE
getUserRewards ---> TOURGUIDESERVICE
getUserRewards ---> TOURGUIDESERVICE
getUserRewards ---> TOURGUIDESERVICE
getUserRewards ---> TOURGUIDESERVICE
getUserRewards ---> TOURGUIDESERVICE
getUserRewards ---> TOURGUIDESERVICE
getUserRewards ---> TOURGUIDESERVICE
getUserRewards ---> TOURGUIDESERVICE
getUserRewards ---> TOURGUIDESERVICE
getUserRewards ---> TOURGUIDESERVICE
getUserRewards ---> TOURGUIDESERVICE
getUserRewards ---> TOURGUIDESERVICE
getUserRewards ---> TOURGUIDESERVICE
getUserRewards ---> TOURGUIDESERVICE
getUserRewards ---> TOURGUIDESERVICE
getUserRewards ---> TOURGUIDESERVICE
getUserRewards ---> TOURGUIDESERVICE
getUserRewards ---> TOURGUIDESERVICE
getUserRewards ---> TOURGUIDESERVICE
getUserRewards ---> TOURGUIDESERVICE
getUserRewards ---> TOURGUIDESERVICE
getUserRewards ---> TOURGUIDESERVICE
getUserRewards ---> TOURGUIDESERVICE
getUserRewards ---> TOURGUIDESERVICE
getUserRewards ---> TOURGUIDESERVICE
getUserRewards ---> TOURGUIDESERVICE
getUserRewards ---> TOURGUIDESERVICE
getUserRewards ---> TOURGUIDESERVICE
getUserRewards ---> TOURGUIDESERVICE
getUserRewards ---> TOURGUIDESERVICE
getUserRewards ---> TOURGUIDESERVICE
getUserRewards ---> TOURGUIDESERVICE
getUserRewards ---> TOURGUIDESERVICE
getUserRewards ---> TOURGUIDESERVICE
getUserRewards ---> TOURGUIDESERVICE
getUserRewards ---> TOURGUIDESERVICE
getUserRewards ---> TOURGUIDESERVICE
getUserRewards ---> TOURGUIDESERVICE
getUserRewards ---> TOURGUIDESERVICE
getUserRewards ---> TOURGUIDESERVICE
getUserRewards ---> TOURGUIDESERVICE
getUserRewards ---> TOURGUIDESERVICE
getUserRewards ---> TOURGUIDESERVICE
getUserRewards ---> TOURGUIDESERVICE
getUserRewards ---> TOURGUIDESERVICE
getUserRewards ---> TOURGUIDESERVICE
getUserRewards ---> TOURGUIDESERVICE
getUserRewards ---> TOURGUIDESERVICE
getUserRewards ---> TOURGUIDESERVICE
getUserRewards ---> TOURGUIDESERVICE
getUserRewards ---> TOURGUIDESERVICE
getUserRewards ---> TOURGUIDESERVICE
getUserRewards ---> TOURGUIDESERVICE
getUserRewards ---> TOURGUIDESERVICE
getUserRewards ---> TOURGUIDESERVICE
getUserRewards ---> TOURGUIDESERVICE
getUserRewards ---> TOURGUIDESERVICE
getUserRewards ---> TOURGUIDESERVICE
getUserRewards ---> TOURGUIDESERVICE
getUserRewards ---> TOURGUIDESERVICE
getUserRewards ---> TOURGUIDESERVICE
getUserRewards ---> TOURGUIDESERVICE
getUserRewards ---> TOURGUIDESERVICE
getUserRewards ---> TOURGUIDESERVICE
getUserRewards ---> TOURGUIDESERVICE
getUserRewards ---> TOURGUIDESERVICE
getUserRewards ---> TOURGUIDESERVICE
getUserRewards ---> TOURGUIDESERVICE
getUserRewards ---> TOURGUIDESERVICE
getUserRewards ---> TOURGUIDESERVICE
getUserRewards ---> TOURGUIDESERVICE
getUserRewards ---> TOURGUIDESERVICE
getUserRewards ---> TOURGUIDESERVICE
getUserRewards ---> TOURGUIDESERVICE
getUserRewards ---> TOURGUIDESERVICE
getUserRewards ---> TOURGUIDESERVICE
getUserRewards ---> TOURGUIDESERVICE
getUserRewards ---> TOURGUIDESERVICE
getUserRewards ---> TOURGUIDESERVICE
getUserRewards ---> TOURGUIDESERVICE
getUserRewards ---> TOURGUIDESERVICE
getUserRewards ---> TOURGUIDESERVICE
getUserRewards ---> TOURGUIDESERVICE
getUserRewards ---> TOURGUIDESERVICE
getUserRewards ---> TOURGUIDESERVICE
getUserRewards ---> TOURGUIDESERVICE
getUserRewards ---> TOURGUIDESERVICE
getUserRewards ---> TOURGUIDESERVICE
getUserRewards ---> TOURGUIDESERVICE
getUserRewards ---> TOURGUIDESERVICE
getUserRewards ---> TOURGUIDESERVICE
getUserRewards ---> TOURGUIDESERVICE
getUserRewards ---> TOURGUIDESERVICE
getUserRewards ---> TOURGUIDESERVICE
getUserRewards ---> TOURGUIDESERVICE
getUserRewards ---> TOURGUIDESERVICE
getUserRewards ---> TOURGUIDESERVICE
getUserRewards ---> TOURGUIDESERVICE
getUserRewards ---> TOURGUIDESERVICE
getUserRewards ---> TOURGUIDESERVICE
getUserRewards ---> TOURGUIDESERVICE
getUserRewards ---> TOURGUIDESERVICE
getUserRewards ---> TOURGUIDESERVICE
getUserRewards ---> TOURGUIDESERVICE
getUserRewards ---> TOURGUIDESERVICE
getUserRewards ---> TOURGUIDESERVICE
getUserRewards ---> TOURGUIDESERVICE
getUserRewards ---> TOURGUIDESERVICE
getUserRewards ---> TOURGUIDESERVICE
getUserRewards ---> TOURGUIDESERVICE
getUserRewards ---> TOURGUIDESERVICE
getUserRewards ---> TOURGUIDESERVICE
getUserRewards ---> TOURGUIDESERVICE
getUserRewards ---> TOURGUIDESERVICE
getUserRewards ---> TOURGUIDESERVICE
getUserRewards ---> TOURGUIDESERVICE
getUserRewards ---> TOURGUIDESERVICE
getUserRewards ---> TOURGUIDESERVICE
getUserRewards ---> TOURGUIDESERVICE
getUserRewards ---> TOURGUIDESERVICE
getUserRewards ---> TOURGUIDESERVICE
getUserRewards ---> TOURGUIDESERVICE
getUserRewards ---> TOURGUIDESERVICE
getUserRewards ---> TOURGUIDESERVICE
getUserRewards ---> TOURGUIDESERVICE
getUserRewards ---> TOURGUIDESERVICE
getUserRewards ---> TOURGUIDESERVICE
getUserRewards ---> TOURGUIDESERVICE
getUserRewards ---> TOURGUIDESERVICE
getUserRewards ---> TOURGUIDESERVICE
getUserRewards ---> TOURGUIDESERVICE
getUserRewards ---> TOURGUIDESERVICE
getUserRewards ---> TOURGUIDESERVICE
getUserRewards ---> TOURGUIDESERVICE
getUserRewards ---> TOURGUIDESERVICE
getUserRewards ---> TOURGUIDESERVICE
getUserRewards ---> TOURGUIDESERVICE
getUserRewards ---> TOURGUIDESERVICE
getUserRewards ---> TOURGUIDESERVICE
getUserRewards ---> TOURGUIDESERVICE
getUserRewards ---> TOURGUIDESERVICE
getUserRewards ---> TOURGUIDESERVICE
getUserRewards ---> TOURGUIDESERVICE
getUserRewards ---> TOURGUIDESERVICE
getUserRewards ---> TOURGUIDESERVICE
getUserRewards ---> TOURGUIDESERVICE
getUserRewards ---> TOURGUIDESERVICE
getUserRewards ---> TOURGUIDESERVICE
getUserRewards ---> TOURGUIDESERVICE
getUserRewards ---> TOURGUIDESERVICE
getUserRewards ---> TOURGUIDESERVICE
getUserRewards ---> TOURGUIDESERVICE
getUserRewards ---> TOURGUIDESERVICE
getUserRewards ---> TOURGUIDESERVICE
getUserRewards ---> TOURGUIDESERVICE
getUserRewards ---> TOURGUIDESERVICE
getUserRewards ---> TOURGUIDESERVICE
getUserRewards ---> TOURGUIDESERVICE
getUserRewards ---> TOURGUIDESERVICE
getUserRewards ---> TOURGUIDESERVICE
getUserRewards ---> TOURGUIDESERVICE
getUserRewards ---> TOURGUIDESERVICE
getUserRewards ---> TOURGUIDESERVICE
getUserRewards ---> TOURGUIDESERVICE
getUserRewards ---> TOURGUIDESERVICE
getUserRewards ---> TOURGUIDESERVICE
getUserRewards ---> TOURGUIDESERVICE
getUserRewards ---> TOURGUIDESERVICE
getUserRewards ---> TOURGUIDESERVICE
getUserRewards ---> TOURGUIDESERVICE
getUserRewards ---> TOURGUIDESERVICE
getUserRewards ---> TOURGUIDESERVICE
getUserRewards ---> TOURGUIDESERVICE
getUserRewards ---> TOURGUIDESERVICE
getUserRewards ---> TOURGUIDESERVICE
getUserRewards ---> TOURGUIDESERVICE
getUserRewards ---> TOURGUIDESERVICE
getUserRewards ---> TOURGUIDESERVICE
getUserRewards ---> TOURGUIDESERVICE
getUserRewards ---> TOURGUIDESERVICE
getUserRewards ---> TOURGUIDESERVICE
getUserRewards ---> TOURGUIDESERVICE
getUserRewards ---> TOURGUIDESERVICE
getUserRewards ---> TOURGUIDESERVICE
getUserRewards ---> TOURGUIDESERVICE
getUserRewards ---> TOURGUIDESERVICE
getUserRewards ---> TOURGUIDESERVICE
getUserRewards ---> TOURGUIDESERVICE
getUserRewards ---> TOURGUIDESERVICE
getUserRewards ---> TOURGUIDESERVICE
getUserRewards ---> TOURGUIDESERVICE
getUserRewards ---> TOURGUIDESERVICE
getUserRewards ---> TOURGUIDESERVICE
getUserRewards ---> TOURGUIDESERVICE
getUserRewards ---> TOURGUIDESERVICE
getUserRewards ---> TOURGUIDESERVICE
getUserRewards ---> TOURGUIDESERVICE
getUserRewards ---> TOURGUIDESERVICE
getUserRewards ---> TOURGUIDESERVICE
getUserRewards ---> TOURGUIDESERVICE
getUserRewards ---> TOURGUIDESERVICE
getUserRewards ---> TOURGUIDESERVICE
getUserRewards ---> TOURGUIDESERVICE
getUserRewards ---> TOURGUIDESERVICE
getUserRewards ---> TOURGUIDESERVICE
getUserRewards ---> TOURGUIDESERVICE
getUserRewards ---> TOURGUIDESERVICE
getUserRewards ---> TOURGUIDESERVICE
getUserRewards ---> TOURGUIDESERVICE
getUserRewards ---> TOURGUIDESERVICE
getUserRewards ---> TOURGUIDESERVICE
getUserRewards ---> TOURGUIDESERVICE
getUserRewards ---> TOURGUIDESERVICE
getUserRewards ---> TOURGUIDESERVICE
getUserRewards ---> TOURGUIDESERVICE
getUserRewards ---> TOURGUIDESERVICE
getUserRewards ---> TOURGUIDESERVICE
getUserRewards ---> TOURGUIDESERVICE
getUserRewards ---> TOURGUIDESERVICE
getUserRewards ---> TOURGUIDESERVICE
getUserRewards ---> TOURGUIDESERVICE
getUserRewards ---> TOURGUIDESERVICE
getUserRewards ---> TOURGUIDESERVICE
getUserRewards ---> TOURGUIDESERVICE
getUserRewards ---> TOURGUIDESERVICE
getUserRewards ---> TOURGUIDESERVICE
getUserRewards ---> TOURGUIDESERVICE
getUserRewards ---> TOURGUIDESERVICE
getUserRewards ---> TOURGUIDESERVICE
getUserRewards ---> TOURGUIDESERVICE
getUserRewards ---> TOURGUIDESERVICE
getUserRewards ---> TOURGUIDESERVICE
getUserRewards ---> TOURGUIDESERVICE
getUserRewards ---> TOURGUIDESERVICE
getUserRewards ---> TOURGUIDESERVICE
getUserRewards ---> TOURGUIDESERVICE
getUserRewards ---> TOURGUIDESERVICE
getUserRewards ---> TOURGUIDESERVICE
getUserRewards ---> TOURGUIDESERVICE
getUserRewards ---> TOURGUIDESERVICE
getUserRewards ---> TOURGUIDESERVICE
getUserRewards ---> TOURGUIDESERVICE
getUserRewards ---> TOURGUIDESERVICE
getUserRewards ---> TOURGUIDESERVICE
getUserRewards ---> TOURGUIDESERVICE
getUserRewards ---> TOURGUIDESERVICE
getUserRewards ---> TOURGUIDESERVICE
getUserRewards ---> TOURGUIDESERVICE
getUserRewards ---> TOURGUIDESERVICE
getUserRewards ---> TOURGUIDESERVICE
getUserRewards ---> TOURGUIDESERVICE
getUserRewards ---> TOURGUIDESERVICE
getUserRewards ---> TOURGUIDESERVICE
getUserRewards ---> TOURGUIDESERVICE
getUserRewards ---> TOURGUIDESERVICE
getUserRewards ---> TOURGUIDESERVICE
getUserRewards ---> TOURGUIDESERVICE
getUserRewards ---> TOURGUIDESERVICE
getUserRewards ---> TOURGUIDESERVICE
getUserRewards ---> TOURGUIDESERVICE
getUserRewards ---> TOURGUIDESERVICE
getUserRewards ---> TOURGUIDESERVICE
getUserRewards ---> TOURGUIDESERVICE
getUserRewards ---> TOURGUIDESERVICE
getUserRewards ---> TOURGUIDESERVICE
getUserRewards ---> TOURGUIDESERVICE
getUserRewards ---> TOURGUIDESERVICE
getUserRewards ---> TOURGUIDESERVICE
getUserRewards ---> TOURGUIDESERVICE
getUserRewards ---> TOURGUIDESERVICE
getUserRewards ---> TOURGUIDESERVICE
getUserRewards ---> TOURGUIDESERVICE
getUserRewards ---> TOURGUIDESERVICE
getUserRewards ---> TOURGUIDESERVICE
getUserRewards ---> TOURGUIDESERVICE
getUserRewards ---> TOURGUIDESERVICE
getUserRewards ---> TOURGUIDESERVICE
getUserRewards ---> TOURGUIDESERVICE
getUserRewards ---> TOURGUIDESERVICE
getUserRewards ---> TOURGUIDESERVICE
getUserRewards ---> TOURGUIDESERVICE
getUserRewards ---> TOURGUIDESERVICE
getUserRewards ---> TOURGUIDESERVICE
getUserRewards ---> TOURGUIDESERVICE
getUserRewards ---> TOURGUIDESERVICE
getUserRewards ---> TOURGUIDESERVICE
getUserRewards ---> TOURGUIDESERVICE
getUserRewards ---> TOURGUIDESERVICE
getUserRewards ---> TOURGUIDESERVICE
getUserRewards ---> TOURGUIDESERVICE
getUserRewards ---> TOURGUIDESERVICE
getUserRewards ---> TOURGUIDESERVICE
getUserRewards ---> TOURGUIDESERVICE
getUserRewards ---> TOURGUIDESERVICE
getUserRewards ---> TOURGUIDESERVICE
getUserRewards ---> TOURGUIDESERVICE
getUserRewards ---> TOURGUIDESERVICE
getUserRewards ---> TOURGUIDESERVICE
getUserRewards ---> TOURGUIDESERVICE
getUserRewards ---> TOURGUIDESERVICE
getUserRewards ---> TOURGUIDESERVICE
getUserRewards ---> TOURGUIDESERVICE
getUserRewards ---> TOURGUIDESERVICE
getUserRewards ---> TOURGUIDESERVICE
getUserRewards ---> TOURGUIDESERVICE
getUserRewards ---> TOURGUIDESERVICE
getUserRewards ---> TOURGUIDESERVICE
getUserRewards ---> TOURGUIDESERVICE
getUserRewards ---> TOURGUIDESERVICE
getUserRewards ---> TOURGUIDESERVICE
getUserRewards ---> TOURGUIDESERVICE
getUserRewards ---> TOURGUIDESERVICE
getUserRewards ---> TOURGUIDESERVICE
getUserRewards ---> TOURGUIDESERVICE
getUserRewards ---> TOURGUIDESERVICE
getUserRewards ---> TOURGUIDESERVICE
getUserRewards ---> TOURGUIDESERVICE
getUserRewards ---> TOURGUIDESERVICE
getUserRewards ---> TOURGUIDESERVICE
getUserRewards ---> TOURGUIDESERVICE
getUserRewards ---> TOURGUIDESERVICE
getUserRewards ---> TOURGUIDESERVICE
getUserRewards ---> TOURGUIDESERVICE
getUserRewards ---> TOURGUIDESERVICE
getUserRewards ---> TOURGUIDESERVICE
getUserRewards ---> TOURGUIDESERVICE
getUserRewards ---> TOURGUIDESERVICE
getUserRewards ---> TOURGUIDESERVICE
getUserRewards ---> TOURGUIDESERVICE
getUserRewards ---> TOURGUIDESERVICE
getUserRewards ---> TOURGUIDESERVICE
getUserRewards ---> TOURGUIDESERVICE
getUserRewards ---> TOURGUIDESERVICE
getUserRewards ---> TOURGUIDESERVICE
getUserRewards ---> TOURGUIDESERVICE
getUserRewards ---> TOURGUIDESERVICE
getUserRewards ---> TOURGUIDESERVICE
getUserRewards ---> TOURGUIDESERVICE
getUserRewards ---> TOURGUIDESERVICE
getUserRewards ---> TOURGUIDESERVICE
getUserRewards ---> TOURGUIDESERVICE
getUserRewards ---> TOURGUIDESERVICE
getUserRewards ---> TOURGUIDESERVICE
getUserRewards ---> TOURGUIDESERVICE
getUserRewards ---> TOURGUIDESERVICE
getUserRewards ---> TOURGUIDESERVICE
getUserRewards ---> TOURGUIDESERVICE
getUserRewards ---> TOURGUIDESERVICE
getUserRewards ---> TOURGUIDESERVICE
getUserRewards ---> TOURGUIDESERVICE
getUserRewards ---> TOURGUIDESERVICE
getUserRewards ---> TOURGUIDESERVICE
getUserRewards ---> TOURGUIDESERVICE
getUserRewards ---> TOURGUIDESERVICE
getUserRewards ---> TOURGUIDESERVICE
getUserRewards ---> TOURGUIDESERVICE
getUserRewards ---> TOURGUIDESERVICE
getUserRewards ---> TOURGUIDESERVICE
getUserRewards ---> TOURGUIDESERVICE
getUserRewards ---> TOURGUIDESERVICE
getUserRewards ---> TOURGUIDESERVICE
getUserRewards ---> TOURGUIDESERVICE
getUserRewards ---> TOURGUIDESERVICE
getUserRewards ---> TOURGUIDESERVICE
getUserRewards ---> TOURGUIDESERVICE
getUserRewards ---> TOURGUIDESERVICE
getUserRewards ---> TOURGUIDESERVICE
getUserRewards ---> TOURGUIDESERVICE
getUserRewards ---> TOURGUIDESERVICE
getUserRewards ---> TOURGUIDESERVICE
getUserRewards ---> TOURGUIDESERVICE
getUserRewards ---> TOURGUIDESERVICE
getUserRewards ---> TOURGUIDESERVICE
getUserRewards ---> TOURGUIDESERVICE
getUserRewards ---> TOURGUIDESERVICE
getUserRewards ---> TOURGUIDESERVICE
getUserRewards ---> TOURGUIDESERVICE
getUserRewards ---> TOURGUIDESERVICE
getUserRewards ---> TOURGUIDESERVICE
getUserRewards ---> TOURGUIDESERVICE
getUserRewards ---> TOURGUIDESERVICE
getUserRewards ---> TOURGUIDESERVICE
getUserRewards ---> TOURGUIDESERVICE
getUserRewards ---> TOURGUIDESERVICE
getUserRewards ---> TOURGUIDESERVICE
getUserRewards ---> TOURGUIDESERVICE
getUserRewards ---> TOURGUIDESERVICE
getUserRewards ---> TOURGUIDESERVICE
getUserRewards ---> TOURGUIDESERVICE
getUserRewards ---> TOURGUIDESERVICE
getUserRewards ---> TOURGUIDESERVICE
getUserRewards ---> TOURGUIDESERVICE
getUserRewards ---> TOURGUIDESERVICE
getUserRewards ---> TOURGUIDESERVICE
getUserRewards ---> TOURGUIDESERVICE
getUserRewards ---> TOURGUIDESERVICE
getUserRewards ---> TOURGUIDESERVICE
getUserRewards ---> TOURGUIDESERVICE
getUserRewards ---> TOURGUIDESERVICE
getUserRewards ---> TOURGUIDESERVICE
getUserRewards ---> TOURGUIDESERVICE
getUserRewards ---> TOURGUIDESERVICE
getUserRewards ---> TOURGUIDESERVICE
getUserRewards ---> TOURGUIDESERVICE
getUserRewards ---> TOURGUIDESERVICE
getUserRewards ---> TOURGUIDESERVICE
getUserRewards ---> TOURGUIDESERVICE
getUserRewards ---> TOURGUIDESERVICE
getUserRewards ---> TOURGUIDESERVICE
getUserRewards ---> TOURGUIDESERVICE
getUserRewards ---> TOURGUIDESERVICE
getUserRewards ---> TOURGUIDESERVICE
getUserRewards ---> TOURGUIDESERVICE
getUserRewards ---> TOURGUIDESERVICE
getUserRewards ---> TOURGUIDESERVICE
getUserRewards ---> TOURGUIDESERVICE
getUserRewards ---> TOURGUIDESERVICE
getUserRewards ---> TOURGUIDESERVICE
getUserRewards ---> TOURGUIDESERVICE
getUserRewards ---> TOURGUIDESERVICE
getUserRewards ---> TOURGUIDESERVICE
getUserRewards ---> TOURGUIDESERVICE
getUserRewards ---> TOURGUIDESERVICE
getUserRewards ---> TOURGUIDESERVICE
getUserRewards ---> TOURGUIDESERVICE
getUserRewards ---> TOURGUIDESERVICE
getUserRewards ---> TOURGUIDESERVICE
getUserRewards ---> TOURGUIDESERVICE
getUserRewards ---> TOURGUIDESERVICE
getUserRewards ---> TOURGUIDESERVICE
getUserRewards ---> TOURGUIDESERVICE
getUserRewards ---> TOURGUIDESERVICE
getUserRewards ---> TOURGUIDESERVICE
getUserRewards ---> TOURGUIDESERVICE
getUserRewards ---> TOURGUIDESERVICE
getUserRewards ---> TOURGUIDESERVICE
getUserRewards ---> TOURGUIDESERVICE
getUserRewards ---> TOURGUIDESERVICE
getUserRewards ---> TOURGUIDESERVICE
getUserRewards ---> TOURGUIDESERVICE
getUserRewards ---> TOURGUIDESERVICE
getUserRewards ---> TOURGUIDESERVICE
getUserRewards ---> TOURGUIDESERVICE
getUserRewards ---> TOURGUIDESERVICE
getUserRewards ---> TOURGUIDESERVICE
getUserRewards ---> TOURGUIDESERVICE
getUserRewards ---> TOURGUIDESERVICE
getUserRewards ---> TOURGUIDESERVICE
getUserRewards ---> TOURGUIDESERVICE
getUserRewards ---> TOURGUIDESERVICE
getUserRewards ---> TOURGUIDESERVICE
getUserRewards ---> TOURGUIDESERVICE
getUserRewards ---> TOURGUIDESERVICE
getUserRewards ---> TOURGUIDESERVICE
getUserRewards ---> TOURGUIDESERVICE
getUserRewards ---> TOURGUIDESERVICE
getUserRewards ---> TOURGUIDESERVICE
getUserRewards ---> TOURGUIDESERVICE
getUserRewards ---> TOURGUIDESERVICE
getUserRewards ---> TOURGUIDESERVICE
getUserRewards ---> TOURGUIDESERVICE
getUserRewards ---> TOURGUIDESERVICE
getUserRewards ---> TOURGUIDESERVICE
getUserRewards ---> TOURGUIDESERVICE
getUserRewards ---> TOURGUIDESERVICE
getUserRewards ---> TOURGUIDESERVICE
getUserRewards ---> TOURGUIDESERVICE
getUserRewards ---> TOURGUIDESERVICE
getUserRewards ---> TOURGUIDESERVICE
getUserRewards ---> TOURGUIDESERVICE
getUserRewards ---> TOURGUIDESERVICE
getUserRewards ---> TOURGUIDESERVICE
getUserRewards ---> TOURGUIDESERVICE
getUserRewards ---> TOURGUIDESERVICE
getUserRewards ---> TOURGUIDESERVICE
getUserRewards ---> TOURGUIDESERVICE
getUserRewards ---> TOURGUIDESERVICE
getUserRewards ---> TOURGUIDESERVICE
getUserRewards ---> TOURGUIDESERVICE
getUserRewards ---> TOURGUIDESERVICE
getUserRewards ---> TOURGUIDESERVICE
getUserRewards ---> TOURGUIDESERVICE
getUserRewards ---> TOURGUIDESERVICE
getUserRewards ---> TOURGUIDESERVICE
getUserRewards ---> TOURGUIDESERVICE
getUserRewards ---> TOURGUIDESERVICE
getUserRewards ---> TOURGUIDESERVICE
getUserRewards ---> TOURGUIDESERVICE
getUserRewards ---> TOURGUIDESERVICE
getUserRewards ---> TOURGUIDESERVICE
getUserRewards ---> TOURGUIDESERVICE
getUserRewards ---> TOURGUIDESERVICE
getUserRewards ---> TOURGUIDESERVICE
getUserRewards ---> TOURGUIDESERVICE
getUserRewards ---> TOURGUIDESERVICE
getUserRewards ---> TOURGUIDESERVICE
getUserRewards ---> TOURGUIDESERVICE
getUserRewards ---> TOURGUIDESERVICE
getUserRewards ---> TOURGUIDESERVICE
getUserRewards ---> TOURGUIDESERVICE
getUserRewards ---> TOURGUIDESERVICE
getUserRewards ---> TOURGUIDESERVICE
getUserRewards ---> TOURGUIDESERVICE
getUserRewards ---> TOURGUIDESERVICE
getUserRewards ---> TOURGUIDESERVICE
getUserRewards ---> TOURGUIDESERVICE
getUserRewards ---> TOURGUIDESERVICE
getUserRewards ---> TOURGUIDESERVICE
getUserRewards ---> TOURGUIDESERVICE
getUserRewards ---> TOURGUIDESERVICE
getUserRewards ---> TOURGUIDESERVICE
getUserRewards ---> TOURGUIDESERVICE
getUserRewards ---> TOURGUIDESERVICE
getUserRewards ---> TOURGUIDESERVICE
getUserRewards ---> TOURGUIDESERVICE
getUserRewards ---> TOURGUIDESERVICE
getUserRewards ---> TOURGUIDESERVICE
getUserRewards ---> TOURGUIDESERVICE
getUserRewards ---> TOURGUIDESERVICE
getUserRewards ---> TOURGUIDESERVICE
getUserRewards ---> TOURGUIDESERVICE
getUserRewards ---> TOURGUIDESERVICE
getUserRewards ---> TOURGUIDESERVICE
getUserRewards ---> TOURGUIDESERVICE
getUserRewards ---> TOURGUIDESERVICE
getUserRewards ---> TOURGUIDESERVICE
getUserRewards ---> TOURGUIDESERVICE
getUserRewards ---> TOURGUIDESERVICE
getUserRewards ---> TOURGUIDESERVICE
getUserRewards ---> TOURGUIDESERVICE
getUserRewards ---> TOURGUIDESERVICE
getUserRewards ---> TOURGUIDESERVICE
getUserRewards ---> TOURGUIDESERVICE
getUserRewards ---> TOURGUIDESERVICE
getUserRewards ---> TOURGUIDESERVICE
getUserRewards ---> TOURGUIDESERVICE
getUserRewards ---> TOURGUIDESERVICE
getUserRewards ---> TOURGUIDESERVICE
getUserRewards ---> TOURGUIDESERVICE
getUserRewards ---> TOURGUIDESERVICE
getUserRewards ---> TOURGUIDESERVICE
getUserRewards ---> TOURGUIDESERVICE
getUserRewards ---> TOURGUIDESERVICE
getUserRewards ---> TOURGUIDESERVICE
getUserRewards ---> TOURGUIDESERVICE
getUserRewards ---> TOURGUIDESERVICE
getUserRewards ---> TOURGUIDESERVICE
getUserRewards ---> TOURGUIDESERVICE
getUserRewards ---> TOURGUIDESERVICE
getUserRewards ---> TOURGUIDESERVICE
getUserRewards ---> TOURGUIDESERVICE
getUserRewards ---> TOURGUIDESERVICE
getUserRewards ---> TOURGUIDESERVICE
getUserRewards ---> TOURGUIDESERVICE
getUserRewards ---> TOURGUIDESERVICE
getUserRewards ---> TOURGUIDESERVICE
getUserRewards ---> TOURGUIDESERVICE
getUserRewards ---> TOURGUIDESERVICE
getUserRewards ---> TOURGUIDESERVICE
getUserRewards ---> TOURGUIDESERVICE
getUserRewards ---> TOURGUIDESERVICE
getUserRewards ---> TOURGUIDESERVICE
getUserRewards ---> TOURGUIDESERVICE
getUserRewards ---> TOURGUIDESERVICE
getUserRewards ---> TOURGUIDESERVICE
getUserRewards ---> TOURGUIDESERVICE
getUserRewards ---> TOURGUIDESERVICE
getUserRewards ---> TOURGUIDESERVICE
getUserRewards ---> TOURGUIDESERVICE
getUserRewards ---> TOURGUIDESERVICE
getUserRewards ---> TOURGUIDESERVICE
getUserRewards ---> TOURGUIDESERVICE
getUserRewards ---> TOURGUIDESERVICE
getUserRewards ---> TOURGUIDESERVICE
getUserRewards ---> TOURGUIDESERVICE
getUserRewards ---> TOURGUIDESERVICE
getUserRewards ---> TOURGUIDESERVICE
getUserRewards ---> TOURGUIDESERVICE
getUserRewards ---> TOURGUIDESERVICE
getUserRewards ---> TOURGUIDESERVICE
getUserRewards ---> TOURGUIDESERVICE
getUserRewards ---> TOURGUIDESERVICE
getUserRewards ---> TOURGUIDESERVICE
getUserRewards ---> TOURGUIDESERVICE
getUserRewards ---> TOURGUIDESERVICE
getUserRewards ---> TOURGUIDESERVICE
getUserRewards ---> TOURGUIDESERVICE
getUserRewards ---> TOURGUIDESERVICE
getUserRewards ---> TOURGUIDESERVICE
getUserRewards ---> TOURGUIDESERVICE
getUserRewards ---> TOURGUIDESERVICE
getUserRewards ---> TOURGUIDESERVICE
getUserRewards ---> TOURGUIDESERVICE
getUserRewards ---> TOURGUIDESERVICE
getUserRewards ---> TOURGUIDESERVICE
getUserRewards ---> TOURGUIDESERVICE
getUserRewards ---> TOURGUIDESERVICE
getUserRewards ---> TOURGUIDESERVICE
getUserRewards ---> TOURGUIDESERVICE
getUserRewards ---> TOURGUIDESERVICE
getUserRewards ---> TOURGUIDESERVICE
getUserRewards ---> TOURGUIDESERVICE
getUserRewards ---> TOURGUIDESERVICE
getUserRewards ---> TOURGUIDESERVICE
getUserRewards ---> TOURGUIDESERVICE
getUserRewards ---> TOURGUIDESERVICE
getUserRewards ---> TOURGUIDESERVICE
getUserRewards ---> TOURGUIDESERVICE
getUserRewards ---> TOURGUIDESERVICE
getUserRewards ---> TOURGUIDESERVICE
getUserRewards ---> TOURGUIDESERVICE
getUserRewards ---> TOURGUIDESERVICE
getUserRewards ---> TOURGUIDESERVICE
getUserRewards ---> TOURGUIDESERVICE
getUserRewards ---> TOURGUIDESERVICE
getUserRewards ---> TOURGUIDESERVICE
getUserRewards ---> TOURGUIDESERVICE
getUserRewards ---> TOURGUIDESERVICE
getUserRewards ---> TOURGUIDESERVICE
getUserRewards ---> TOURGUIDESERVICE
getUserRewards ---> TOURGUIDESERVICE
getUserRewards ---> TOURGUIDESERVICE
getUserRewards ---> TOURGUIDESERVICE
getUserRewards ---> TOURGUIDESERVICE
getUserRewards ---> TOURGUIDESERVICE
getUserRewards ---> TOURGUIDESERVICE
getUserRewards ---> TOURGUIDESERVICE
getUserRewards ---> TOURGUIDESERVICE
getUserRewards ---> TOURGUIDESERVICE
getUserRewards ---> TOURGUIDESERVICE
getUserRewards ---> TOURGUIDESERVICE
getUserRewards ---> TOURGUIDESERVICE
getUserRewards ---> TOURGUIDESERVICE
getUserRewards ---> TOURGUIDESERVICE
getUserRewards ---> TOURGUIDESERVICE
getUserRewards ---> TOURGUIDESERVICE
getUserRewards ---> TOURGUIDESERVICE
getUserRewards ---> TOURGUIDESERVICE
getUserRewards ---> TOURGUIDESERVICE
getUserRewards ---> TOURGUIDESERVICE
getUserRewards ---> TOURGUIDESERVICE
getUserRewards ---> TOURGUIDESERVICE
getUserRewards ---> TOURGUIDESERVICE
getUserRewards ---> TOURGUIDESERVICE
getUserRewards ---> TOURGUIDESERVICE
getUserRewards ---> TOURGUIDESERVICE
getUserRewards ---> TOURGUIDESERVICE
getUserRewards ---> TOURGUIDESERVICE
getUserRewards ---> TOURGUIDESERVICE
getUserRewards ---> TOURGUIDESERVICE
getUserRewards ---> TOURGUIDESERVICE
getUserRewards ---> TOURGUIDESERVICE
getUserRewards ---> TOURGUIDESERVICE
getUserRewards ---> TOURGUIDESERVICE
getUserRewards ---> TOURGUIDESERVICE
getUserRewards ---> TOURGUIDESERVICE
getUserRewards ---> TOURGUIDESERVICE
getUserRewards ---> TOURGUIDESERVICE
getUserRewards ---> TOURGUIDESERVICE
getUserRewards ---> TOURGUIDESERVICE
getUserRewards ---> TOURGUIDESERVICE
getUserRewards ---> TOURGUIDESERVICE
getUserRewards ---> TOURGUIDESERVICE
getUserRewards ---> TOURGUIDESERVICE
getUserRewards ---> TOURGUIDESERVICE
getUserRewards ---> TOURGUIDESERVICE
getUserRewards ---> TOURGUIDESERVICE
getUserRewards ---> TOURGUIDESERVICE
getUserRewards ---> TOURGUIDESERVICE
getUserRewards ---> TOURGUIDESERVICE
getUserRewards ---> TOURGUIDESERVICE
getUserRewards ---> TOURGUIDESERVICE
getUserRewards ---> TOURGUIDESERVICE
getUserRewards ---> TOURGUIDESERVICE
getUserRewards ---> TOURGUIDESERVICE
getUserRewards ---> TOURGUIDESERVICE
getUserRewards ---> TOURGUIDESERVICE
getUserRewards ---> TOURGUIDESERVICE
getUserRewards ---> TOURGUIDESERVICE
getUserRewards ---> TOURGUIDESERVICE
getUserRewards ---> TOURGUIDESERVICE
getUserRewards ---> TOURGUIDESERVICE
getUserRewards ---> TOURGUIDESERVICE
getUserRewards ---> TOURGUIDESERVICE
getUserRewards ---> TOURGUIDESERVICE
getUserRewards ---> TOURGUIDESERVICE
getUserRewards ---> TOURGUIDESERVICE
getUserRewards ---> TOURGUIDESERVICE
getUserRewards ---> TOURGUIDESERVICE
getUserRewards ---> TOURGUIDESERVICE
getUserRewards ---> TOURGUIDESERVICE
getUserRewards ---> TOURGUIDESERVICE
getUserRewards ---> TOURGUIDESERVICE
getUserRewards ---> TOURGUIDESERVICE
getUserRewards ---> TOURGUIDESERVICE
getUserRewards ---> TOURGUIDESERVICE
getUserRewards ---> TOURGUIDESERVICE
getUserRewards ---> TOURGUIDESERVICE
getUserRewards ---> TOURGUIDESERVICE
getUserRewards ---> TOURGUIDESERVICE
getUserRewards ---> TOURGUIDESERVICE
getUserRewards ---> TOURGUIDESERVICE
getUserRewards ---> TOURGUIDESERVICE
getUserRewards ---> TOURGUIDESERVICE
getUserRewards ---> TOURGUIDESERVICE
getUserRewards ---> TOURGUIDESERVICE
getUserRewards ---> TOURGUIDESERVICE
getUserRewards ---> TOURGUIDESERVICE
getUserRewards ---> TOURGUIDESERVICE
getUserRewards ---> TOURGUIDESERVICE
getUserRewards ---> TOURGUIDESERVICE
getUserRewards ---> TOURGUIDESERVICE
getUserRewards ---> TOURGUIDESERVICE
getUserRewards ---> TOURGUIDESERVICE
getUserRewards ---> TOURGUIDESERVICE
getUserRewards ---> TOURGUIDESERVICE
getUserRewards ---> TOURGUIDESERVICE
getUserRewards ---> TOURGUIDESERVICE
getUserRewards ---> TOURGUIDESERVICE
getUserRewards ---> TOURGUIDESERVICE
getUserRewards ---> TOURGUIDESERVICE
getUserRewards ---> TOURGUIDESERVICE
getUserRewards ---> TOURGUIDESERVICE
getUserRewards ---> TOURGUIDESERVICE
getUserRewards ---> TOURGUIDESERVICE
getUserRewards ---> TOURGUIDESERVICE
getUserRewards ---> TOURGUIDESERVICE
getUserRewards ---> TOURGUIDESERVICE
getUserRewards ---> TOURGUIDESERVICE
getUserRewards ---> TOURGUIDESERVICE
getUserRewards ---> TOURGUIDESERVICE
getUserRewards ---> TOURGUIDESERVICE
getUserRewards ---> TOURGUIDESERVICE
getUserRewards ---> TOURGUIDESERVICE
getUserRewards ---> TOURGUIDESERVICE
getUserRewards ---> TOURGUIDESERVICE
getUserRewards ---> TOURGUIDESERVICE
getUserRewards ---> TOURGUIDESERVICE
getUserRewards ---> TOURGUIDESERVICE
getUserRewards ---> TOURGUIDESERVICE
getUserRewards ---> TOURGUIDESERVICE
getUserRewards ---> TOURGUIDESERVICE
getUserRewards ---> TOURGUIDESERVICE
getUserRewards ---> TOURGUIDESERVICE
getUserRewards ---> TOURGUIDESERVICE
getUserRewards ---> TOURGUIDESERVICE
getUserRewards ---> TOURGUIDESERVICE
getUserRewards ---> TOURGUIDESERVICE
getUserRewards ---> TOURGUIDESERVICE
getUserRewards ---> TOURGUIDESERVICE
getUserRewards ---> TOURGUIDESERVICE
getUserRewards ---> TOURGUIDESERVICE
getUserRewards ---> TOURGUIDESERVICE
getUserRewards ---> TOURGUIDESERVICE
getUserRewards ---> TOURGUIDESERVICE
getUserRewards ---> TOURGUIDESERVICE
getUserRewards ---> TOURGUIDESERVICE
getUserRewards ---> TOURGUIDESERVICE
getUserRewards ---> TOURGUIDESERVICE
getUserRewards ---> TOURGUIDESERVICE
getUserRewards ---> TOURGUIDESERVICE
getUserRewards ---> TOURGUIDESERVICE
getUserRewards ---> TOURGUIDESERVICE
getUserRewards ---> TOURGUIDESERVICE
getUserRewards ---> TOURGUIDESERVICE
getUserRewards ---> TOURGUIDESERVICE
getUserRewards ---> TOURGUIDESERVICE
getUserRewards ---> TOURGUIDESERVICE
getUserRewards ---> TOURGUIDESERVICE
getUserRewards ---> TOURGUIDESERVICE
getUserRewards ---> TOURGUIDESERVICE
getUserRewards ---> TOURGUIDESERVICE
getUserRewards ---> TOURGUIDESERVICE
getUserRewards ---> TOURGUIDESERVICE
getUserRewards ---> TOURGUIDESERVICE
getUserRewards ---> TOURGUIDESERVICE
getUserRewards ---> TOURGUIDESERVICE
getUserRewards ---> TOURGUIDESERVICE
getUserRewards ---> TOURGUIDESERVICE
getUserRewards ---> TOURGUIDESERVICE
getUserRewards ---> TOURGUIDESERVICE
getUserRewards ---> TOURGUIDESERVICE
getUserRewards ---> TOURGUIDESERVICE
getUserRewards ---> TOURGUIDESERVICE
getUserRewards ---> TOURGUIDESERVICE
getUserRewards ---> TOURGUIDESERVICE
getUserRewards ---> TOURGUIDESERVICE
getUserRewards ---> TOURGUIDESERVICE
getUserRewards ---> TOURGUIDESERVICE
getUserRewards ---> TOURGUIDESERVICE
getUserRewards ---> TOURGUIDESERVICE
getUserRewards ---> TOURGUIDESERVICE
getUserRewards ---> TOURGUIDESERVICE
getUserRewards ---> TOURGUIDESERVICE
getUserRewards ---> TOURGUIDESERVICE
getUserRewards ---> TOURGUIDESERVICE
getUserRewards ---> TOURGUIDESERVICE
getUserRewards ---> TOURGUIDESERVICE
getUserRewards ---> TOURGUIDESERVICE
getUserRewards ---> TOURGUIDESERVICE
getUserRewards ---> TOURGUIDESERVICE
getUserRewards ---> TOURGUIDESERVICE
getUserRewards ---> TOURGUIDESERVICE
getUserRewards ---> TOURGUIDESERVICE
getUserRewards ---> TOURGUIDESERVICE
getUserRewards ---> TOURGUIDESERVICE
getUserRewards ---> TOURGUIDESERVICE
getUserRewards ---> TOURGUIDESERVICE
getUserRewards ---> TOURGUIDESERVICE
getUserRewards ---> TOURGUIDESERVICE
getUserRewards ---> TOURGUIDESERVICE
getUserRewards ---> TOURGUIDESERVICE
getUserRewards ---> TOURGUIDESERVICE
getUserRewards ---> TOURGUIDESERVICE
getUserRewards ---> TOURGUIDESERVICE
getUserRewards ---> TOURGUIDESERVICE
getUserRewards ---> TOURGUIDESERVICE
getUserRewards ---> TOURGUIDESERVICE
getUserRewards ---> TOURGUIDESERVICE
getUserRewards ---> TOURGUIDESERVICE
getUserRewards ---> TOURGUIDESERVICE
getUserRewards ---> TOURGUIDESERVICE
getUserRewards ---> TOURGUIDESERVICE
getUserRewards ---> TOURGUIDESERVICE
getUserRewards ---> TOURGUIDESERVICE
getUserRewards ---> TOURGUIDESERVICE
getUserRewards ---> TOURGUIDESERVICE
getUserRewards ---> TOURGUIDESERVICE
getUserRewards ---> TOURGUIDESERVICE
getUserRewards ---> TOURGUIDESERVICE
getUserRewards ---> TOURGUIDESERVICE
getUserRewards ---> TOURGUIDESERVICE
getUserRewards ---> TOURGUIDESERVICE
getUserRewards ---> TOURGUIDESERVICE
getUserRewards ---> TOURGUIDESERVICE
getUserRewards ---> TOURGUIDESERVICE
getUserRewards ---> TOURGUIDESERVICE
getUserRewards ---> TOURGUIDESERVICE
getUserRewards ---> TOURGUIDESERVICE
getUserRewards ---> TOURGUIDESERVICE
getUserRewards ---> TOURGUIDESERVICE
getUserRewards ---> TOURGUIDESERVICE
getUserRewards ---> TOURGUIDESERVICE
getUserRewards ---> TOURGUIDESERVICE
getUserRewards ---> TOURGUIDESERVICE
getUserRewards ---> TOURGUIDESERVICE
getUserRewards ---> TOURGUIDESERVICE
getUserRewards ---> TOURGUIDESERVICE
getUserRewards ---> TOURGUIDESERVICE
getUserRewards ---> TOURGUIDESERVICE
getUserRewards ---> TOURGUIDESERVICE
getUserRewards ---> TOURGUIDESERVICE
getUserRewards ---> TOURGUIDESERVICE
getUserRewards ---> TOURGUIDESERVICE
getUserRewards ---> TOURGUIDESERVICE
getUserRewards ---> TOURGUIDESERVICE
getUserRewards ---> TOURGUIDESERVICE
getUserRewards ---> TOURGUIDESERVICE
getUserRewards ---> TOURGUIDESERVICE
getUserRewards ---> TOURGUIDESERVICE
getUserRewards ---> TOURGUIDESERVICE
getUserRewards ---> TOURGUIDESERVICE
getUserRewards ---> TOURGUIDESERVICE
getUserRewards ---> TOURGUIDESERVICE
getUserRewards ---> TOURGUIDESERVICE
getUserRewards ---> TOURGUIDESERVICE
getUserRewards ---> TOURGUIDESERVICE
getUserRewards ---> TOURGUIDESERVICE
getUserRewards ---> TOURGUIDESERVICE
getUserRewards ---> TOURGUIDESERVICE
getUserRewards ---> TOURGUIDESERVICE
getUserRewards ---> TOURGUIDESERVICE
getUserRewards ---> TOURGUIDESERVICE
getUserRewards ---> TOURGUIDESERVICE
getUserRewards ---> TOURGUIDESERVICE
getUserRewards ---> TOURGUIDESERVICE
getUserRewards ---> TOURGUIDESERVICE
getUserRewards ---> TOURGUIDESERVICE
getUserRewards ---> TOURGUIDESERVICE
getUserRewards ---> TOURGUIDESERVICE
getUserRewards ---> TOURGUIDESERVICE
getUserRewards ---> TOURGUIDESERVICE
getUserRewards ---> TOURGUIDESERVICE
getUserRewards ---> TOURGUIDESERVICE
getUserRewards ---> TOURGUIDESERVICE
getUserRewards ---> TOURGUIDESERVICE
getUserRewards ---> TOURGUIDESERVICE
getUserRewards ---> TOURGUIDESERVICE
getUserRewards ---> TOURGUIDESERVICE
getUserRewards ---> TOURGUIDESERVICE
getUserRewards ---> TOURGUIDESERVICE
getUserRewards ---> TOURGUIDESERVICE
getUserRewards ---> TOURGUIDESERVICE
getUserRewards ---> TOURGUIDESERVICE
getUserRewards ---> TOURGUIDESERVICE
getUserRewards ---> TOURGUIDESERVICE
getUserRewards ---> TOURGUIDESERVICE
getUserRewards ---> TOURGUIDESERVICE
getUserRewards ---> TOURGUIDESERVICE
getUserRewards ---> TOURGUIDESERVICE
getUserRewards ---> TOURGUIDESERVICE
getUserRewards ---> TOURGUIDESERVICE
getUserRewards ---> TOURGUIDESERVICE
getUserRewards ---> TOURGUIDESERVICE
getUserRewards ---> TOURGUIDESERVICE
getUserRewards ---> TOURGUIDESERVICE
getUserRewards ---> TOURGUIDESERVICE
getUserRewards ---> TOURGUIDESERVICE
getUserRewards ---> TOURGUIDESERVICE
getUserRewards ---> TOURGUIDESERVICE
getUserRewards ---> TOURGUIDESERVICE
getUserRewards ---> TOURGUIDESERVICE
getUserRewards ---> TOURGUIDESERVICE
getUserRewards ---> TOURGUIDESERVICE
getUserRewards ---> TOURGUIDESERVICE
getUserRewards ---> TOURGUIDESERVICE
getUserRewards ---> TOURGUIDESERVICE
getUserRewards ---> TOURGUIDESERVICE
getUserRewards ---> TOURGUIDESERVICE
getUserRewards ---> TOURGUIDESERVICE
getUserRewards ---> TOURGUIDESERVICE
getUserRewards ---> TOURGUIDESERVICE
getUserRewards ---> TOURGUIDESERVICE
getUserRewards ---> TOURGUIDESERVICE
getUserRewards ---> TOURGUIDESERVICE
getUserRewards ---> TOURGUIDESERVICE
getUserRewards ---> TOURGUIDESERVICE
getUserRewards ---> TOURGUIDESERVICE
getUserRewards ---> TOURGUIDESERVICE
getUserRewards ---> TOURGUIDESERVICE
getUserRewards ---> TOURGUIDESERVICE
getUserRewards ---> TOURGUIDESERVICE
getUserRewards ---> TOURGUIDESERVICE
getUserRewards ---> TOURGUIDESERVICE
getUserRewards ---> TOURGUIDESERVICE
getUserRewards ---> TOURGUIDESERVICE
getUserRewards ---> TOURGUIDESERVICE
getUserRewards ---> TOURGUIDESERVICE
getUserRewards ---> TOURGUIDESERVICE
getUserRewards ---> TOURGUIDESERVICE
getUserRewards ---> TOURGUIDESERVICE
getUserRewards ---> TOURGUIDESERVICE
getUserRewards ---> TOURGUIDESERVICE
getUserRewards ---> TOURGUIDESERVICE
getUserRewards ---> TOURGUIDESERVICE
getUserRewards ---> TOURGUIDESERVICE
getUserRewards ---> TOURGUIDESERVICE
getUserRewards ---> TOURGUIDESERVICE
getUserRewards ---> TOURGUIDESERVICE
getUserRewards ---> TOURGUIDESERVICE
getUserRewards ---> TOURGUIDESERVICE
getUserRewards ---> TOURGUIDESERVICE
getUserRewards ---> TOURGUIDESERVICE
getUserRewards ---> TOURGUIDESERVICE
getUserRewards ---> TOURGUIDESERVICE
getUserRewards ---> TOURGUIDESERVICE
getUserRewards ---> TOURGUIDESERVICE
getUserRewards ---> TOURGUIDESERVICE
getUserRewards ---> TOURGUIDESERVICE
getUserRewards ---> TOURGUIDESERVICE
getUserRewards ---> TOURGUIDESERVICE
getUserRewards ---> TOURGUIDESERVICE
getUserRewards ---> TOURGUIDESERVICE
getUserRewards ---> TOURGUIDESERVICE
getUserRewards ---> TOURGUIDESERVICE
getUserRewards ---> TOURGUIDESERVICE
getUserRewards ---> TOURGUIDESERVICE
getUserRewards ---> TOURGUIDESERVICE
getUserRewards ---> TOURGUIDESERVICE
getUserRewards ---> TOURGUIDESERVICE
getUserRewards ---> TOURGUIDESERVICE
getUserRewards ---> TOURGUIDESERVICE
getUserRewards ---> TOURGUIDESERVICE
getUserRewards ---> TOURGUIDESERVICE
getUserRewards ---> TOURGUIDESERVICE
getUserRewards ---> TOURGUIDESERVICE
getUserRewards ---> TOURGUIDESERVICE
getUserRewards ---> TOURGUIDESERVICE
getUserRewards ---> TOURGUIDESERVICE
getUserRewards ---> TOURGUIDESERVICE
getUserRewards ---> TOURGUIDESERVICE
getUserRewards ---> TOURGUIDESERVICE
getUserRewards ---> TOURGUIDESERVICE
getUserRewards ---> TOURGUIDESERVICE
getUserRewards ---> TOURGUIDESERVICE
getUserRewards ---> TOURGUIDESERVICE
getUserRewards ---> TOURGUIDESERVICE
getUserRewards ---> TOURGUIDESERVICE
getUserRewards ---> TOURGUIDESERVICE
getUserRewards ---> TOURGUIDESERVICE
getUserRewards ---> TOURGUIDESERVICE
getUserRewards ---> TOURGUIDESERVICE
getUserRewards ---> TOURGUIDESERVICE
getUserRewards ---> TOURGUIDESERVICE
getUserRewards ---> TOURGUIDESERVICE
getUserRewards ---> TOURGUIDESERVICE
getUserRewards ---> TOURGUIDESERVICE
getUserRewards ---> TOURGUIDESERVICE
getUserRewards ---> TOURGUIDESERVICE
getUserRewards ---> TOURGUIDESERVICE
getUserRewards ---> TOURGUIDESERVICE
getUserRewards ---> TOURGUIDESERVICE
getUserRewards ---> TOURGUIDESERVICE
getUserRewards ---> TOURGUIDESERVICE
getUserRewards ---> TOURGUIDESERVICE
getUserRewards ---> TOURGUIDESERVICE
getUserRewards ---> TOURGUIDESERVICE
getUserRewards ---> TOURGUIDESERVICE
getUserRewards ---> TOURGUIDESERVICE
getUserRewards ---> TOURGUIDESERVICE
getUserRewards ---> TOURGUIDESERVICE
getUserRewards ---> TOURGUIDESERVICE
getUserRewards ---> TOURGUIDESERVICE
getUserRewards ---> TOURGUIDESERVICE
getUserRewards ---> TOURGUIDESERVICE
getUserRewards ---> TOURGUIDESERVICE
getUserRewards ---> TOURGUIDESERVICE
getUserRewards ---> TOURGUIDESERVICE
getUserRewards ---> TOURGUIDESERVICE
getUserRewards ---> TOURGUIDESERVICE
getUserRewards ---> TOURGUIDESERVICE
getUserRewards ---> TOURGUIDESERVICE
getUserRewards ---> TOURGUIDESERVICE
getUserRewards ---> TOURGUIDESERVICE
getUserRewards ---> TOURGUIDESERVICE
getUserRewards ---> TOURGUIDESERVICE
getUserRewards ---> TOURGUIDESERVICE
getUserRewards ---> TOURGUIDESERVICE
getUserRewards ---> TOURGUIDESERVICE
getUserRewards ---> TOURGUIDESERVICE
getUserRewards ---> TOURGUIDESERVICE
getUserRewards ---> TOURGUIDESERVICE
getUserRewards ---> TOURGUIDESERVICE
getUserRewards ---> TOURGUIDESERVICE
getUserRewards ---> TOURGUIDESERVICE
getUserRewards ---> TOURGUIDESERVICE
getUserRewards ---> TOURGUIDESERVICE
getUserRewards ---> TOURGUIDESERVICE
getUserRewards ---> TOURGUIDESERVICE
getUserRewards ---> TOURGUIDESERVICE
getUserRewards ---> TOURGUIDESERVICE
getUserRewards ---> TOURGUIDESERVICE
getUserRewards ---> TOURGUIDESERVICE
getUserRewards ---> TOURGUIDESERVICE
getUserRewards ---> TOURGUIDESERVICE
getUserRewards ---> TOURGUIDESERVICE
getUserRewards ---> TOURGUIDESERVICE
getUserRewards ---> TOURGUIDESERVICE
getUserRewards ---> TOURGUIDESERVICE
getUserRewards ---> TOURGUIDESERVICE
getUserRewards ---> TOURGUIDESERVICE
getUserRewards ---> TOURGUIDESERVICE
getUserRewards ---> TOURGUIDESERVICE
getUserRewards ---> TOURGUIDESERVICE
getUserRewards ---> TOURGUIDESERVICE
getUserRewards ---> TOURGUIDESERVICE
getUserRewards ---> TOURGUIDESERVICE
getUserRewards ---> TOURGUIDESERVICE
getUserRewards ---> TOURGUIDESERVICE
getUserRewards ---> TOURGUIDESERVICE
getUserRewards ---> TOURGUIDESERVICE
getUserRewards ---> TOURGUIDESERVICE
getUserRewards ---> TOURGUIDESERVICE
getUserRewards ---> TOURGUIDESERVICE
getUserRewards ---> TOURGUIDESERVICE
getUserRewards ---> TOURGUIDESERVICE
getUserRewards ---> TOURGUIDESERVICE
getUserRewards ---> TOURGUIDESERVICE
getUserRewards ---> TOURGUIDESERVICE
getUserRewards ---> TOURGUIDESERVICE
getUserRewards ---> TOURGUIDESERVICE
getUserRewards ---> TOURGUIDESERVICE
getUserRewards ---> TOURGUIDESERVICE
getUserRewards ---> TOURGUIDESERVICE
getUserRewards ---> TOURGUIDESERVICE
getUserRewards ---> TOURGUIDESERVICE
getUserRewards ---> TOURGUIDESERVICE
getUserRewards ---> TOURGUIDESERVICE
getUserRewards ---> TOURGUIDESERVICE
getUserRewards ---> TOURGUIDESERVICE
getUserRewards ---> TOURGUIDESERVICE
getUserRewards ---> TOURGUIDESERVICE
getUserRewards ---> TOURGUIDESERVICE
getUserRewards ---> TOURGUIDESERVICE
getUserRewards ---> TOURGUIDESERVICE
getUserRewards ---> TOURGUIDESERVICE
getUserRewards ---> TOURGUIDESERVICE
getUserRewards ---> TOURGUIDESERVICE
getUserRewards ---> TOURGUIDESERVICE
getUserRewards ---> TOURGUIDESERVICE
getUserRewards ---> TOURGUIDESERVICE
getUserRewards ---> TOURGUIDESERVICE
getUserRewards ---> TOURGUIDESERVICE
getUserRewards ---> TOURGUIDESERVICE
getUserRewards ---> TOURGUIDESERVICE
getUserRewards ---> TOURGUIDESERVICE
getUserRewards ---> TOURGUIDESERVICE
getUserRewards ---> TOURGUIDESERVICE
getUserRewards ---> TOURGUIDESERVICE
getUserRewards ---> TOURGUIDESERVICE
getUserRewards ---> TOURGUIDESERVICE
getUserRewards ---> TOURGUIDESERVICE
getUserRewards ---> TOURGUIDESERVICE
getUserRewards ---> TOURGUIDESERVICE
getUserRewards ---> TOURGUIDESERVICE
getUserRewards ---> TOURGUIDESERVICE
getUserRewards ---> TOURGUIDESERVICE
getUserRewards ---> TOURGUIDESERVICE
getUserRewards ---> TOURGUIDESERVICE
getUserRewards ---> TOURGUIDESERVICE
getUserRewards ---> TOURGUIDESERVICE
getUserRewards ---> TOURGUIDESERVICE
getUserRewards ---> TOURGUIDESERVICE
getUserRewards ---> TOURGUIDESERVICE
getUserRewards ---> TOURGUIDESERVICE
getUserRewards ---> TOURGUIDESERVICE
getUserRewards ---> TOURGUIDESERVICE
getUserRewards ---> TOURGUIDESERVICE
getUserRewards ---> TOURGUIDESERVICE
getUserRewards ---> TOURGUIDESERVICE
getUserRewards ---> TOURGUIDESERVICE
getUserRewards ---> TOURGUIDESERVICE
getUserRewards ---> TOURGUIDESERVICE
getUserRewards ---> TOURGUIDESERVICE
getUserRewards ---> TOURGUIDESERVICE
getUserRewards ---> TOURGUIDESERVICE
getUserRewards ---> TOURGUIDESERVICE
getUserRewards ---> TOURGUIDESERVICE
getUserRewards ---> TOURGUIDESERVICE
getUserRewards ---> TOURGUIDESERVICE
getUserRewards ---> TOURGUIDESERVICE
getUserRewards ---> TOURGUIDESERVICE
getUserRewards ---> TOURGUIDESERVICE
getUserRewards ---> TOURGUIDESERVICE
getUserRewards ---> TOURGUIDESERVICE
getUserRewards ---> TOURGUIDESERVICE
getUserRewards ---> TOURGUIDESERVICE
getUserRewards ---> TOURGUIDESERVICE
getUserRewards ---> TOURGUIDESERVICE
getUserRewards ---> TOURGUIDESERVICE
getUserRewards ---> TOURGUIDESERVICE
getUserRewards ---> TOURGUIDESERVICE
getUserRewards ---> TOURGUIDESERVICE
getUserRewards ---> TOURGUIDESERVICE
getUserRewards ---> TOURGUIDESERVICE
getUserRewards ---> TOURGUIDESERVICE
getUserRewards ---> TOURGUIDESERVICE
getUserRewards ---> TOURGUIDESERVICE
getUserRewards ---> TOURGUIDESERVICE
getUserRewards ---> TOURGUIDESERVICE
getUserRewards ---> TOURGUIDESERVICE
getUserRewards ---> TOURGUIDESERVICE
getUserRewards ---> TOURGUIDESERVICE
getUserRewards ---> TOURGUIDESERVICE
getUserRewards ---> TOURGUIDESERVICE
getUserRewards ---> TOURGUIDESERVICE
getUserRewards ---> TOURGUIDESERVICE
getUserRewards ---> TOURGUIDESERVICE
getUserRewards ---> TOURGUIDESERVICE
getUserRewards ---> TOURGUIDESERVICE
getUserRewards ---> TOURGUIDESERVICE
getUserRewards ---> TOURGUIDESERVICE
getUserRewards ---> TOURGUIDESERVICE
getUserRewards ---> TOURGUIDESERVICE
getUserRewards ---> TOURGUIDESERVICE
getUserRewards ---> TOURGUIDESERVICE
getUserRewards ---> TOURGUIDESERVICE
getUserRewards ---> TOURGUIDESERVICE
getUserRewards ---> TOURGUIDESERVICE
getUserRewards ---> TOURGUIDESERVICE
getUserRewards ---> TOURGUIDESERVICE
getUserRewards ---> TOURGUIDESERVICE
getUserRewards ---> TOURGUIDESERVICE
getUserRewards ---> TOURGUIDESERVICE
getUserRewards ---> TOURGUIDESERVICE
getUserRewards ---> TOURGUIDESERVICE
getUserRewards ---> TOURGUIDESERVICE
getUserRewards ---> TOURGUIDESERVICE
getUserRewards ---> TOURGUIDESERVICE
getUserRewards ---> TOURGUIDESERVICE
getUserRewards ---> TOURGUIDESERVICE
getUserRewards ---> TOURGUIDESERVICE
getUserRewards ---> TOURGUIDESERVICE
getUserRewards ---> TOURGUIDESERVICE
getUserRewards ---> TOURGUIDESERVICE
getUserRewards ---> TOURGUIDESERVICE
getUserRewards ---> TOURGUIDESERVICE
getUserRewards ---> TOURGUIDESERVICE
getUserRewards ---> TOURGUIDESERVICE
getUserRewards ---> TOURGUIDESERVICE
getUserRewards ---> TOURGUIDESERVICE
getUserRewards ---> TOURGUIDESERVICE
getUserRewards ---> TOURGUIDESERVICE
getUserRewards ---> TOURGUIDESERVICE
getUserRewards ---> TOURGUIDESERVICE
getUserRewards ---> TOURGUIDESERVICE
getUserRewards ---> TOURGUIDESERVICE
getUserRewards ---> TOURGUIDESERVICE
getUserRewards ---> TOURGUIDESERVICE
getUserRewards ---> TOURGUIDESERVICE
getUserRewards ---> TOURGUIDESERVICE
getUserRewards ---> TOURGUIDESERVICE
getUserRewards ---> TOURGUIDESERVICE
getUserRewards ---> TOURGUIDESERVICE
getUserRewards ---> TOURGUIDESERVICE
getUserRewards ---> TOURGUIDESERVICE
getUserRewards ---> TOURGUIDESERVICE
getUserRewards ---> TOURGUIDESERVICE
getUserRewards ---> TOURGUIDESERVICE
getUserRewards ---> TOURGUIDESERVICE
getUserRewards ---> TOURGUIDESERVICE
getUserRewards ---> TOURGUIDESERVICE
getUserRewards ---> TOURGUIDESERVICE
getUserRewards ---> TOURGUIDESERVICE
getUserRewards ---> TOURGUIDESERVICE
getUserRewards ---> TOURGUIDESERVICE
getUserRewards ---> TOURGUIDESERVICE
getUserRewards ---> TOURGUIDESERVICE
getUserRewards ---> TOURGUIDESERVICE
getUserRewards ---> TOURGUIDESERVICE
getUserRewards ---> TOURGUIDESERVICE
getUserRewards ---> TOURGUIDESERVICE
getUserRewards ---> TOURGUIDESERVICE
getUserRewards ---> TOURGUIDESERVICE
getUserRewards ---> TOURGUIDESERVICE
getUserRewards ---> TOURGUIDESERVICE
getUserRewards ---> TOURGUIDESERVICE
getUserRewards ---> TOURGUIDESERVICE
getUserRewards ---> TOURGUIDESERVICE
getUserRewards ---> TOURGUIDESERVICE
getUserRewards ---> TOURGUIDESERVICE
getUserRewards ---> TOURGUIDESERVICE
getUserRewards ---> TOURGUIDESERVICE
getUserRewards ---> TOURGUIDESERVICE
getUserRewards ---> TOURGUIDESERVICE
getUserRewards ---> TOURGUIDESERVICE
getUserRewards ---> TOURGUIDESERVICE
getUserRewards ---> TOURGUIDESERVICE
getUserRewards ---> TOURGUIDESERVICE
getUserRewards ---> TOURGUIDESERVICE
getUserRewards ---> TOURGUIDESERVICE
getUserRewards ---> TOURGUIDESERVICE
getUserRewards ---> TOURGUIDESERVICE
getUserRewards ---> TOURGUIDESERVICE
getUserRewards ---> TOURGUIDESERVICE
getUserRewards ---> TOURGUIDESERVICE
getUserRewards ---> TOURGUIDESERVICE
getUserRewards ---> TOURGUIDESERVICE
getUserRewards ---> TOURGUIDESERVICE
getUserRewards ---> TOURGUIDESERVICE
getUserRewards ---> TOURGUIDESERVICE
getUserRewards ---> TOURGUIDESERVICE
getUserRewards ---> TOURGUIDESERVICE
getUserRewards ---> TOURGUIDESERVICE
getUserRewards ---> TOURGUIDESERVICE
getUserRewards ---> TOURGUIDESERVICE
getUserRewards ---> TOURGUIDESERVICE
getUserRewards ---> TOURGUIDESERVICE
getUserRewards ---> TOURGUIDESERVICE
getUserRewards ---> TOURGUIDESERVICE
getUserRewards ---> TOURGUIDESERVICE
getUserRewards ---> TOURGUIDESERVICE
getUserRewards ---> TOURGUIDESERVICE
getUserRewards ---> TOURGUIDESERVICE
getUserRewards ---> TOURGUIDESERVICE
getUserRewards ---> TOURGUIDESERVICE
getUserRewards ---> TOURGUIDESERVICE
getUserRewards ---> TOURGUIDESERVICE
getUserRewards ---> TOURGUIDESERVICE
getUserRewards ---> TOURGUIDESERVICE
getUserRewards ---> TOURGUIDESERVICE
getUserRewards ---> TOURGUIDESERVICE
getUserRewards ---> TOURGUIDESERVICE
getUserRewards ---> TOURGUIDESERVICE
getUserRewards ---> TOURGUIDESERVICE
getUserRewards ---> TOURGUIDESERVICE
getUserRewards ---> TOURGUIDESERVICE
getUserRewards ---> TOURGUIDESERVICE
getUserRewards ---> TOURGUIDESERVICE
getUserRewards ---> TOURGUIDESERVICE
getUserRewards ---> TOURGUIDESERVICE
getUserRewards ---> TOURGUIDESERVICE
getUserRewards ---> TOURGUIDESERVICE
getUserRewards ---> TOURGUIDESERVICE
getUserRewards ---> TOURGUIDESERVICE
getUserRewards ---> TOURGUIDESERVICE
getUserRewards ---> TOURGUIDESERVICE
getUserRewards ---> TOURGUIDESERVICE
getUserRewards ---> TOURGUIDESERVICE
getUserRewards ---> TOURGUIDESERVICE
getUserRewards ---> TOURGUIDESERVICE
getUserRewards ---> TOURGUIDESERVICE
getUserRewards ---> TOURGUIDESERVICE
getUserRewards ---> TOURGUIDESERVICE
getUserRewards ---> TOURGUIDESERVICE
getUserRewards ---> TOURGUIDESERVICE
getUserRewards ---> TOURGUIDESERVICE
getUserRewards ---> TOURGUIDESERVICE
getUserRewards ---> TOURGUIDESERVICE
getUserRewards ---> TOURGUIDESERVICE
getUserRewards ---> TOURGUIDESERVICE
getUserRewards ---> TOURGUIDESERVICE
getUserRewards ---> TOURGUIDESERVICE
getUserRewards ---> TOURGUIDESERVICE
getUserRewards ---> TOURGUIDESERVICE
getUserRewards ---> TOURGUIDESERVICE
getUserRewards ---> TOURGUIDESERVICE
getUserRewards ---> TOURGUIDESERVICE
getUserRewards ---> TOURGUIDESERVICE
getUserRewards ---> TOURGUIDESERVICE
getUserRewards ---> TOURGUIDESERVICE
getUserRewards ---> TOURGUIDESERVICE
getUserRewards ---> TOURGUIDESERVICE
getUserRewards ---> TOURGUIDESERVICE
getUserRewards ---> TOURGUIDESERVICE
getUserRewards ---> TOURGUIDESERVICE
getUserRewards ---> TOURGUIDESERVICE
getUserRewards ---> TOURGUIDESERVICE
getUserRewards ---> TOURGUIDESERVICE
getUserRewards ---> TOURGUIDESERVICE
getUserRewards ---> TOURGUIDESERVICE
getUserRewards ---> TOURGUIDESERVICE
getUserRewards ---> TOURGUIDESERVICE
getUserRewards ---> TOURGUIDESERVICE
getUserRewards ---> TOURGUIDESERVICE
getUserRewards ---> TOURGUIDESERVICE
getUserRewards ---> TOURGUIDESERVICE
getUserRewards ---> TOURGUIDESERVICE
getUserRewards ---> TOURGUIDESERVICE
getUserRewards ---> TOURGUIDESERVICE
getUserRewards ---> TOURGUIDESERVICE
getUserRewards ---> TOURGUIDESERVICE
getUserRewards ---> TOURGUIDESERVICE
getUserRewards ---> TOURGUIDESERVICE
getUserRewards ---> TOURGUIDESERVICE
getUserRewards ---> TOURGUIDESERVICE
getUserRewards ---> TOURGUIDESERVICE
getUserRewards ---> TOURGUIDESERVICE
getUserRewards ---> TOURGUIDESERVICE
getUserRewards ---> TOURGUIDESERVICE
getUserRewards ---> TOURGUIDESERVICE
getUserRewards ---> TOURGUIDESERVICE
getUserRewards ---> TOURGUIDESERVICE
getUserRewards ---> TOURGUIDESERVICE
getUserRewards ---> TOURGUIDESERVICE
getUserRewards ---> TOURGUIDESERVICE
getUserRewards ---> TOURGUIDESERVICE
getUserRewards ---> TOURGUIDESERVICE
getUserRewards ---> TOURGUIDESERVICE
getUserRewards ---> TOURGUIDESERVICE
getUserRewards ---> TOURGUIDESERVICE
getUserRewards ---> TOURGUIDESERVICE
getUserRewards ---> TOURGUIDESERVICE
getUserRewards ---> TOURGUIDESERVICE
getUserRewards ---> TOURGUIDESERVICE
getUserRewards ---> TOURGUIDESERVICE
getUserRewards ---> TOURGUIDESERVICE
getUserRewards ---> TOURGUIDESERVICE
getUserRewards ---> TOURGUIDESERVICE
getUserRewards ---> TOURGUIDESERVICE
getUserRewards ---> TOURGUIDESERVICE
getUserRewards ---> TOURGUIDESERVICE
getUserRewards ---> TOURGUIDESERVICE
getUserRewards ---> TOURGUIDESERVICE
getUserRewards ---> TOURGUIDESERVICE
getUserRewards ---> TOURGUIDESERVICE
getUserRewards ---> TOURGUIDESERVICE
getUserRewards ---> TOURGUIDESERVICE
getUserRewards ---> TOURGUIDESERVICE
getUserRewards ---> TOURGUIDESERVICE
getUserRewards ---> TOURGUIDESERVICE
getUserRewards ---> TOURGUIDESERVICE
getUserRewards ---> TOURGUIDESERVICE
getUserRewards ---> TOURGUIDESERVICE
getUserRewards ---> TOURGUIDESERVICE
getUserRewards ---> TOURGUIDESERVICE
getUserRewards ---> TOURGUIDESERVICE
getUserRewards ---> TOURGUIDESERVICE
getUserRewards ---> TOURGUIDESERVICE
getUserRewards ---> TOURGUIDESERVICE
getUserRewards ---> TOURGUIDESERVICE
getUserRewards ---> TOURGUIDESERVICE
getUserRewards ---> TOURGUIDESERVICE
getUserRewards ---> TOURGUIDESERVICE
getUserRewards ---> TOURGUIDESERVICE
getUserRewards ---> TOURGUIDESERVICE
getUserRewards ---> TOURGUIDESERVICE
getUserRewards ---> TOURGUIDESERVICE
getUserRewards ---> TOURGUIDESERVICE
getUserRewards ---> TOURGUIDESERVICE
getUserRewards ---> TOURGUIDESERVICE
getUserRewards ---> TOURGUIDESERVICE
getUserRewards ---> TOURGUIDESERVICE
getUserRewards ---> TOURGUIDESERVICE
getUserRewards ---> TOURGUIDESERVICE
getUserRewards ---> TOURGUIDESERVICE
getUserRewards ---> TOURGUIDESERVICE
getUserRewards ---> TOURGUIDESERVICE
getUserRewards ---> TOURGUIDESERVICE
getUserRewards ---> TOURGUIDESERVICE
getUserRewards ---> TOURGUIDESERVICE
getUserRewards ---> TOURGUIDESERVICE
getUserRewards ---> TOURGUIDESERVICE
getUserRewards ---> TOURGUIDESERVICE
getUserRewards ---> TOURGUIDESERVICE
getUserRewards ---> TOURGUIDESERVICE
getUserRewards ---> TOURGUIDESERVICE
getUserRewards ---> TOURGUIDESERVICE
getUserRewards ---> TOURGUIDESERVICE
getUserRewards ---> TOURGUIDESERVICE
getUserRewards ---> TOURGUIDESERVICE
getUserRewards ---> TOURGUIDESERVICE
getUserRewards ---> TOURGUIDESERVICE
getUserRewards ---> TOURGUIDESERVICE
getUserRewards ---> TOURGUIDESERVICE
getUserRewards ---> TOURGUIDESERVICE
getUserRewards ---> TOURGUIDESERVICE
getUserRewards ---> TOURGUIDESERVICE
getUserRewards ---> TOURGUIDESERVICE
getUserRewards ---> TOURGUIDESERVICE
getUserRewards ---> TOURGUIDESERVICE
getUserRewards ---> TOURGUIDESERVICE
getUserRewards ---> TOURGUIDESERVICE
getUserRewards ---> TOURGUIDESERVICE
getUserRewards ---> TOURGUIDESERVICE
getUserRewards ---> TOURGUIDESERVICE
getUserRewards ---> TOURGUIDESERVICE
getUserRewards ---> TOURGUIDESERVICE
getUserRewards ---> TOURGUIDESERVICE
getUserRewards ---> TOURGUIDESERVICE
getUserRewards ---> TOURGUIDESERVICE
getUserRewards ---> TOURGUIDESERVICE
getUserRewards ---> TOURGUIDESERVICE
getUserRewards ---> TOURGUIDESERVICE
getUserRewards ---> TOURGUIDESERVICE
getUserRewards ---> TOURGUIDESERVICE
getUserRewards ---> TOURGUIDESERVICE
getUserRewards ---> TOURGUIDESERVICE
getUserRewards ---> TOURGUIDESERVICE
getUserRewards ---> TOURGUIDESERVICE
getUserRewards ---> TOURGUIDESERVICE
getUserRewards ---> TOURGUIDESERVICE
getUserRewards ---> TOURGUIDESERVICE
getUserRewards ---> TOURGUIDESERVICE
getUserRewards ---> TOURGUIDESERVICE
getUserRewards ---> TOURGUIDESERVICE
getUserRewards ---> TOURGUIDESERVICE
getUserRewards ---> TOURGUIDESERVICE
getUserRewards ---> TOURGUIDESERVICE
getUserRewards ---> TOURGUIDESERVICE
getUserRewards ---> TOURGUIDESERVICE
getUserRewards ---> TOURGUIDESERVICE
getUserRewards ---> TOURGUIDESERVICE
getUserRewards ---> TOURGUIDESERVICE
getUserRewards ---> TOURGUIDESERVICE
getUserRewards ---> TOURGUIDESERVICE
getUserRewards ---> TOURGUIDESERVICE
getUserRewards ---> TOURGUIDESERVICE
getUserRewards ---> TOURGUIDESERVICE
getUserRewards ---> TOURGUIDESERVICE
getUserRewards ---> TOURGUIDESERVICE
getUserRewards ---> TOURGUIDESERVICE
getUserRewards ---> TOURGUIDESERVICE
getUserRewards ---> TOURGUIDESERVICE
getUserRewards ---> TOURGUIDESERVICE
getUserRewards ---> TOURGUIDESERVICE
getUserRewards ---> TOURGUIDESERVICE
getUserRewards ---> TOURGUIDESERVICE
getUserRewards ---> TOURGUIDESERVICE
getUserRewards ---> TOURGUIDESERVICE
getUserRewards ---> TOURGUIDESERVICE
getUserRewards ---> TOURGUIDESERVICE
getUserRewards ---> TOURGUIDESERVICE
getUserRewards ---> TOURGUIDESERVICE
getUserRewards ---> TOURGUIDESERVICE
getUserRewards ---> TOURGUIDESERVICE
getUserRewards ---> TOURGUIDESERVICE
getUserRewards ---> TOURGUIDESERVICE
getUserRewards ---> TOURGUIDESERVICE
getUserRewards ---> TOURGUIDESERVICE
getUserRewards ---> TOURGUIDESERVICE
getUserRewards ---> TOURGUIDESERVICE
getUserRewards ---> TOURGUIDESERVICE
getUserRewards ---> TOURGUIDESERVICE
getUserRewards ---> TOURGUIDESERVICE
getUserRewards ---> TOURGUIDESERVICE
getUserRewards ---> TOURGUIDESERVICE
getUserRewards ---> TOURGUIDESERVICE
getUserRewards ---> TOURGUIDESERVICE
getUserRewards ---> TOURGUIDESERVICE
getUserRewards ---> TOURGUIDESERVICE
getUserRewards ---> TOURGUIDESERVICE
getUserRewards ---> TOURGUIDESERVICE
getUserRewards ---> TOURGUIDESERVICE
getUserRewards ---> TOURGUIDESERVICE
getUserRewards ---> TOURGUIDESERVICE
getUserRewards ---> TOURGUIDESERVICE
getUserRewards ---> TOURGUIDESERVICE
getUserRewards ---> TOURGUIDESERVICE
getUserRewards ---> TOURGUIDESERVICE
getUserRewards ---> TOURGUIDESERVICE
getUserRewards ---> TOURGUIDESERVICE
getUserRewards ---> TOURGUIDESERVICE
getUserRewards ---> TOURGUIDESERVICE
getUserRewards ---> TOURGUIDESERVICE
getUserRewards ---> TOURGUIDESERVICE
getUserRewards ---> TOURGUIDESERVICE
getUserRewards ---> TOURGUIDESERVICE
getUserRewards ---> TOURGUIDESERVICE
getUserRewards ---> TOURGUIDESERVICE
getUserRewards ---> TOURGUIDESERVICE
getUserRewards ---> TOURGUIDESERVICE
getUserRewards ---> TOURGUIDESERVICE
getUserRewards ---> TOURGUIDESERVICE
getUserRewards ---> TOURGUIDESERVICE
getUserRewards ---> TOURGUIDESERVICE
getUserRewards ---> TOURGUIDESERVICE
getUserRewards ---> TOURGUIDESERVICE
getUserRewards ---> TOURGUIDESERVICE
getUserRewards ---> TOURGUIDESERVICE
getUserRewards ---> TOURGUIDESERVICE
getUserRewards ---> TOURGUIDESERVICE
getUserRewards ---> TOURGUIDESERVICE
getUserRewards ---> TOURGUIDESERVICE
getUserRewards ---> TOURGUIDESERVICE
getUserRewards ---> TOURGUIDESERVICE
getUserRewards ---> TOURGUIDESERVICE
getUserRewards ---> TOURGUIDESERVICE
getUserRewards ---> TOURGUIDESERVICE
getUserRewards ---> TOURGUIDESERVICE
getUserRewards ---> TOURGUIDESERVICE
getUserRewards ---> TOURGUIDESERVICE
getUserRewards ---> TOURGUIDESERVICE
getUserRewards ---> TOURGUIDESERVICE
getUserRewards ---> TOURGUIDESERVICE
getUserRewards ---> TOURGUIDESERVICE
getUserRewards ---> TOURGUIDESERVICE
getUserRewards ---> TOURGUIDESERVICE
getUserRewards ---> TOURGUIDESERVICE
getUserRewards ---> TOURGUIDESERVICE
getUserRewards ---> TOURGUIDESERVICE
getUserRewards ---> TOURGUIDESERVICE
getUserRewards ---> TOURGUIDESERVICE
getUserRewards ---> TOURGUIDESERVICE
getUserRewards ---> TOURGUIDESERVICE
getUserRewards ---> TOURGUIDESERVICE
getUserRewards ---> TOURGUIDESERVICE
getUserRewards ---> TOURGUIDESERVICE
getUserRewards ---> TOURGUIDESERVICE
getUserRewards ---> TOURGUIDESERVICE
getUserRewards ---> TOURGUIDESERVICE
getUserRewards ---> TOURGUIDESERVICE
getUserRewards ---> TOURGUIDESERVICE
getUserRewards ---> TOURGUIDESERVICE
getUserRewards ---> TOURGUIDESERVICE
getUserRewards ---> TOURGUIDESERVICE
getUserRewards ---> TOURGUIDESERVICE
getUserRewards ---> TOURGUIDESERVICE
getUserRewards ---> TOURGUIDESERVICE
getUserRewards ---> TOURGUIDESERVICE
getUserRewards ---> TOURGUIDESERVICE
getUserRewards ---> TOURGUIDESERVICE
getUserRewards ---> TOURGUIDESERVICE
getUserRewards ---> TOURGUIDESERVICE
getUserRewards ---> TOURGUIDESERVICE
getUserRewards ---> TOURGUIDESERVICE
getUserRewards ---> TOURGUIDESERVICE
getUserRewards ---> TOURGUIDESERVICE
getUserRewards ---> TOURGUIDESERVICE
getUserRewards ---> TOURGUIDESERVICE
getUserRewards ---> TOURGUIDESERVICE
getUserRewards ---> TOURGUIDESERVICE
getUserRewards ---> TOURGUIDESERVICE
getUserRewards ---> TOURGUIDESERVICE
getUserRewards ---> TOURGUIDESERVICE
getUserRewards ---> TOURGUIDESERVICE
getUserRewards ---> TOURGUIDESERVICE
getUserRewards ---> TOURGUIDESERVICE
getUserRewards ---> TOURGUIDESERVICE
getUserRewards ---> TOURGUIDESERVICE
getUserRewards ---> TOURGUIDESERVICE
getUserRewards ---> TOURGUIDESERVICE
getUserRewards ---> TOURGUIDESERVICE
getUserRewards ---> TOURGUIDESERVICE
getUserRewards ---> TOURGUIDESERVICE
getUserRewards ---> TOURGUIDESERVICE
getUserRewards ---> TOURGUIDESERVICE
getUserRewards ---> TOURGUIDESERVICE
getUserRewards ---> TOURGUIDESERVICE
getUserRewards ---> TOURGUIDESERVICE
getUserRewards ---> TOURGUIDESERVICE
getUserRewards ---> TOURGUIDESERVICE
getUserRewards ---> TOURGUIDESERVICE
getUserRewards ---> TOURGUIDESERVICE
getUserRewards ---> TOURGUIDESERVICE
getUserRewards ---> TOURGUIDESERVICE
getUserRewards ---> TOURGUIDESERVICE
getUserRewards ---> TOURGUIDESERVICE
getUserRewards ---> TOURGUIDESERVICE
getUserRewards ---> TOURGUIDESERVICE
getUserRewards ---> TOURGUIDESERVICE
getUserRewards ---> TOURGUIDESERVICE
getUserRewards ---> TOURGUIDESERVICE
getUserRewards ---> TOURGUIDESERVICE
getUserRewards ---> TOURGUIDESERVICE
getUserRewards ---> TOURGUIDESERVICE
getUserRewards ---> TOURGUIDESERVICE
getUserRewards ---> TOURGUIDESERVICE
getUserRewards ---> TOURGUIDESERVICE
getUserRewards ---> TOURGUIDESERVICE
getUserRewards ---> TOURGUIDESERVICE
getUserRewards ---> TOURGUIDESERVICE
getUserRewards ---> TOURGUIDESERVICE
getUserRewards ---> TOURGUIDESERVICE
getUserRewards ---> TOURGUIDESERVICE
getUserRewards ---> TOURGUIDESERVICE
getUserRewards ---> TOURGUIDESERVICE
getUserRewards ---> TOURGUIDESERVICE
getUserRewards ---> TOURGUIDESERVICE
getUserRewards ---> TOURGUIDESERVICE
getUserRewards ---> TOURGUIDESERVICE
getUserRewards ---> TOURGUIDESERVICE
getUserRewards ---> TOURGUIDESERVICE
getUserRewards ---> TOURGUIDESERVICE
getUserRewards ---> TOURGUIDESERVICE
getUserRewards ---> TOURGUIDESERVICE
getUserRewards ---> TOURGUIDESERVICE
getUserRewards ---> TOURGUIDESERVICE
getUserRewards ---> TOURGUIDESERVICE
getUserRewards ---> TOURGUIDESERVICE
getUserRewards ---> TOURGUIDESERVICE
getUserRewards ---> TOURGUIDESERVICE
getUserRewards ---> TOURGUIDESERVICE
getUserRewards ---> TOURGUIDESERVICE
getUserRewards ---> TOURGUIDESERVICE
getUserRewards ---> TOURGUIDESERVICE
getUserRewards ---> TOURGUIDESERVICE
getUserRewards ---> TOURGUIDESERVICE
getUserRewards ---> TOURGUIDESERVICE
getUserRewards ---> TOURGUIDESERVICE
getUserRewards ---> TOURGUIDESERVICE
getUserRewards ---> TOURGUIDESERVICE
getUserRewards ---> TOURGUIDESERVICE
getUserRewards ---> TOURGUIDESERVICE
getUserRewards ---> TOURGUIDESERVICE
getUserRewards ---> TOURGUIDESERVICE
getUserRewards ---> TOURGUIDESERVICE
getUserRewards ---> TOURGUIDESERVICE
getUserRewards ---> TOURGUIDESERVICE
getUserRewards ---> TOURGUIDESERVICE
getUserRewards ---> TOURGUIDESERVICE
getUserRewards ---> TOURGUIDESERVICE
getUserRewards ---> TOURGUIDESERVICE
getUserRewards ---> TOURGUIDESERVICE
getUserRewards ---> TOURGUIDESERVICE
getUserRewards ---> TOURGUIDESERVICE
getUserRewards ---> TOURGUIDESERVICE
getUserRewards ---> TOURGUIDESERVICE
getUserRewards ---> TOURGUIDESERVICE
getUserRewards ---> TOURGUIDESERVICE
getUserRewards ---> TOURGUIDESERVICE
getUserRewards ---> TOURGUIDESERVICE
getUserRewards ---> TOURGUIDESERVICE
getUserRewards ---> TOURGUIDESERVICE
getUserRewards ---> TOURGUIDESERVICE
getUserRewards ---> TOURGUIDESERVICE
getUserRewards ---> TOURGUIDESERVICE
getUserRewards ---> TOURGUIDESERVICE
getUserRewards ---> TOURGUIDESERVICE
getUserRewards ---> TOURGUIDESERVICE
getUserRewards ---> TOURGUIDESERVICE
getUserRewards ---> TOURGUIDESERVICE
getUserRewards ---> TOURGUIDESERVICE
getUserRewards ---> TOURGUIDESERVICE
getUserRewards ---> TOURGUIDESERVICE
getUserRewards ---> TOURGUIDESERVICE
getUserRewards ---> TOURGUIDESERVICE
getUserRewards ---> TOURGUIDESERVICE
getUserRewards ---> TOURGUIDESERVICE
getUserRewards ---> TOURGUIDESERVICE
getUserRewards ---> TOURGUIDESERVICE
getUserRewards ---> TOURGUIDESERVICE
getUserRewards ---> TOURGUIDESERVICE
getUserRewards ---> TOURGUIDESERVICE
getUserRewards ---> TOURGUIDESERVICE
getUserRewards ---> TOURGUIDESERVICE
getUserRewards ---> TOURGUIDESERVICE
getUserRewards ---> TOURGUIDESERVICE
getUserRewards ---> TOURGUIDESERVICE
getUserRewards ---> TOURGUIDESERVICE
getUserRewards ---> TOURGUIDESERVICE
getUserRewards ---> TOURGUIDESERVICE
getUserRewards ---> TOURGUIDESERVICE
getUserRewards ---> TOURGUIDESERVICE
getUserRewards ---> TOURGUIDESERVICE
getUserRewards ---> TOURGUIDESERVICE
getUserRewards ---> TOURGUIDESERVICE
getUserRewards ---> TOURGUIDESERVICE
getUserRewards ---> TOURGUIDESERVICE
getUserRewards ---> TOURGUIDESERVICE
getUserRewards ---> TOURGUIDESERVICE
getUserRewards ---> TOURGUIDESERVICE
getUserRewards ---> TOURGUIDESERVICE
getUserRewards ---> TOURGUIDESERVICE
getUserRewards ---> TOURGUIDESERVICE
getUserRewards ---> TOURGUIDESERVICE
getUserRewards ---> TOURGUIDESERVICE
getUserRewards ---> TOURGUIDESERVICE
getUserRewards ---> TOURGUIDESERVICE
getUserRewards ---> TOURGUIDESERVICE
getUserRewards ---> TOURGUIDESERVICE
getUserRewards ---> TOURGUIDESERVICE
getUserRewards ---> TOURGUIDESERVICE
getUserRewards ---> TOURGUIDESERVICE
getUserRewards ---> TOURGUIDESERVICE
getUserRewards ---> TOURGUIDESERVICE
getUserRewards ---> TOURGUIDESERVICE
getUserRewards ---> TOURGUIDESERVICE
getUserRewards ---> TOURGUIDESERVICE
getUserRewards ---> TOURGUIDESERVICE
getUserRewards ---> TOURGUIDESERVICE
getUserRewards ---> TOURGUIDESERVICE
getUserRewards ---> TOURGUIDESERVICE
getUserRewards ---> TOURGUIDESERVICE
getUserRewards ---> TOURGUIDESERVICE
getUserRewards ---> TOURGUIDESERVICE
getUserRewards ---> TOURGUIDESERVICE
getUserRewards ---> TOURGUIDESERVICE
getUserRewards ---> TOURGUIDESERVICE
getUserRewards ---> TOURGUIDESERVICE
getUserRewards ---> TOURGUIDESERVICE
getUserRewards ---> TOURGUIDESERVICE
getUserRewards ---> TOURGUIDESERVICE
getUserRewards ---> TOURGUIDESERVICE
getUserRewards ---> TOURGUIDESERVICE
getUserRewards ---> TOURGUIDESERVICE
getUserRewards ---> TOURGUIDESERVICE
getUserRewards ---> TOURGUIDESERVICE
getUserRewards ---> TOURGUIDESERVICE
getUserRewards ---> TOURGUIDESERVICE
getUserRewards ---> TOURGUIDESERVICE
getUserRewards ---> TOURGUIDESERVICE
getUserRewards ---> TOURGUIDESERVICE
getUserRewards ---> TOURGUIDESERVICE
getUserRewards ---> TOURGUIDESERVICE
getUserRewards ---> TOURGUIDESERVICE
getUserRewards ---> TOURGUIDESERVICE
getUserRewards ---> TOURGUIDESERVICE
getUserRewards ---> TOURGUIDESERVICE
getUserRewards ---> TOURGUIDESERVICE
getUserRewards ---> TOURGUIDESERVICE
getUserRewards ---> TOURGUIDESERVICE
getUserRewards ---> TOURGUIDESERVICE
getUserRewards ---> TOURGUIDESERVICE
getUserRewards ---> TOURGUIDESERVICE
getUserRewards ---> TOURGUIDESERVICE
getUserRewards ---> TOURGUIDESERVICE
getUserRewards ---> TOURGUIDESERVICE
getUserRewards ---> TOURGUIDESERVICE
getUserRewards ---> TOURGUIDESERVICE
getUserRewards ---> TOURGUIDESERVICE
getUserRewards ---> TOURGUIDESERVICE
getUserRewards ---> TOURGUIDESERVICE
getUserRewards ---> TOURGUIDESERVICE
getUserRewards ---> TOURGUIDESERVICE
getUserRewards ---> TOURGUIDESERVICE
getUserRewards ---> TOURGUIDESERVICE
getUserRewards ---> TOURGUIDESERVICE
getUserRewards ---> TOURGUIDESERVICE
getUserRewards ---> TOURGUIDESERVICE
getUserRewards ---> TOURGUIDESERVICE
getUserRewards ---> TOURGUIDESERVICE
getUserRewards ---> TOURGUIDESERVICE
getUserRewards ---> TOURGUIDESERVICE
getUserRewards ---> TOURGUIDESERVICE
getUserRewards ---> TOURGUIDESERVICE
getUserRewards ---> TOURGUIDESERVICE
getUserRewards ---> TOURGUIDESERVICE
getUserRewards ---> TOURGUIDESERVICE
getUserRewards ---> TOURGUIDESERVICE
getUserRewards ---> TOURGUIDESERVICE
getUserRewards ---> TOURGUIDESERVICE
getUserRewards ---> TOURGUIDESERVICE
getUserRewards ---> TOURGUIDESERVICE
getUserRewards ---> TOURGUIDESERVICE
getUserRewards ---> TOURGUIDESERVICE
getUserRewards ---> TOURGUIDESERVICE
getUserRewards ---> TOURGUIDESERVICE
getUserRewards ---> TOURGUIDESERVICE
getUserRewards ---> TOURGUIDESERVICE
getUserRewards ---> TOURGUIDESERVICE
getUserRewards ---> TOURGUIDESERVICE
getUserRewards ---> TOURGUIDESERVICE
getUserRewards ---> TOURGUIDESERVICE
getUserRewards ---> TOURGUIDESERVICE
getUserRewards ---> TOURGUIDESERVICE
getUserRewards ---> TOURGUIDESERVICE
getUserRewards ---> TOURGUIDESERVICE
getUserRewards ---> TOURGUIDESERVICE
getUserRewards ---> TOURGUIDESERVICE
getUserRewards ---> TOURGUIDESERVICE
getUserRewards ---> TOURGUIDESERVICE
getUserRewards ---> TOURGUIDESERVICE
getUserRewards ---> TOURGUIDESERVICE
getUserRewards ---> TOURGUIDESERVICE
getUserRewards ---> TOURGUIDESERVICE
getUserRewards ---> TOURGUIDESERVICE
getUserRewards ---> TOURGUIDESERVICE
getUserRewards ---> TOURGUIDESERVICE
getUserRewards ---> TOURGUIDESERVICE
getUserRewards ---> TOURGUIDESERVICE
getUserRewards ---> TOURGUIDESERVICE
getUserRewards ---> TOURGUIDESERVICE
getUserRewards ---> TOURGUIDESERVICE
getUserRewards ---> TOURGUIDESERVICE
getUserRewards ---> TOURGUIDESERVICE
getUserRewards ---> TOURGUIDESERVICE
getUserRewards ---> TOURGUIDESERVICE
getUserRewards ---> TOURGUIDESERVICE
getUserRewards ---> TOURGUIDESERVICE
getUserRewards ---> TOURGUIDESERVICE
getUserRewards ---> TOURGUIDESERVICE
getUserRewards ---> TOURGUIDESERVICE
getUserRewards ---> TOURGUIDESERVICE
getUserRewards ---> TOURGUIDESERVICE
getUserRewards ---> TOURGUIDESERVICE
getUserRewards ---> TOURGUIDESERVICE
getUserRewards ---> TOURGUIDESERVICE
getUserRewards ---> TOURGUIDESERVICE
getUserRewards ---> TOURGUIDESERVICE
getUserRewards ---> TOURGUIDESERVICE
getUserRewards ---> TOURGUIDESERVICE
getUserRewards ---> TOURGUIDESERVICE
getUserRewards ---> TOURGUIDESERVICE
getUserRewards ---> TOURGUIDESERVICE
getUserRewards ---> TOURGUIDESERVICE
getUserRewards ---> TOURGUIDESERVICE
getUserRewards ---> TOURGUIDESERVICE
getUserRewards ---> TOURGUIDESERVICE
getUserRewards ---> TOURGUIDESERVICE
getUserRewards ---> TOURGUIDESERVICE
getUserRewards ---> TOURGUIDESERVICE
getUserRewards ---> TOURGUIDESERVICE
getUserRewards ---> TOURGUIDESERVICE
getUserRewards ---> TOURGUIDESERVICE
getUserRewards ---> TOURGUIDESERVICE
getUserRewards ---> TOURGUIDESERVICE
getUserRewards ---> TOURGUIDESERVICE
getUserRewards ---> TOURGUIDESERVICE
getUserRewards ---> TOURGUIDESERVICE
getUserRewards ---> TOURGUIDESERVICE
getUserRewards ---> TOURGUIDESERVICE
getUserRewards ---> TOURGUIDESERVICE
getUserRewards ---> TOURGUIDESERVICE
getUserRewards ---> TOURGUIDESERVICE
getUserRewards ---> TOURGUIDESERVICE
getUserRewards ---> TOURGUIDESERVICE
getUserRewards ---> TOURGUIDESERVICE
getUserRewards ---> TOURGUIDESERVICE
getUserRewards ---> TOURGUIDESERVICE
getUserRewards ---> TOURGUIDESERVICE
getUserRewards ---> TOURGUIDESERVICE
getUserRewards ---> TOURGUIDESERVICE
getUserRewards ---> TOURGUIDESERVICE
getUserRewards ---> TOURGUIDESERVICE
getUserRewards ---> TOURGUIDESERVICE
getUserRewards ---> TOURGUIDESERVICE
getUserRewards ---> TOURGUIDESERVICE
getUserRewards ---> TOURGUIDESERVICE
getUserRewards ---> TOURGUIDESERVICE
getUserRewards ---> TOURGUIDESERVICE
getUserRewards ---> TOURGUIDESERVICE
getUserRewards ---> TOURGUIDESERVICE
getUserRewards ---> TOURGUIDESERVICE
getUserRewards ---> TOURGUIDESERVICE
getUserRewards ---> TOURGUIDESERVICE
getUserRewards ---> TOURGUIDESERVICE
getUserRewards ---> TOURGUIDESERVICE
getUserRewards ---> TOURGUIDESERVICE
getUserRewards ---> TOURGUIDESERVICE
getUserRewards ---> TOURGUIDESERVICE
getUserRewards ---> TOURGUIDESERVICE
getUserRewards ---> TOURGUIDESERVICE
getUserRewards ---> TOURGUIDESERVICE
getUserRewards ---> TOURGUIDESERVICE
getUserRewards ---> TOURGUIDESERVICE
getUserRewards ---> TOURGUIDESERVICE
getUserRewards ---> TOURGUIDESERVICE
getUserRewards ---> TOURGUIDESERVICE
getUserRewards ---> TOURGUIDESERVICE
getUserRewards ---> TOURGUIDESERVICE
getUserRewards ---> TOURGUIDESERVICE
getUserRewards ---> TOURGUIDESERVICE
getUserRewards ---> TOURGUIDESERVICE
getUserRewards ---> TOURGUIDESERVICE
getUserRewards ---> TOURGUIDESERVICE
getUserRewards ---> TOURGUIDESERVICE
getUserRewards ---> TOURGUIDESERVICE
getUserRewards ---> TOURGUIDESERVICE
getUserRewards ---> TOURGUIDESERVICE
getUserRewards ---> TOURGUIDESERVICE
getUserRewards ---> TOURGUIDESERVICE
getUserRewards ---> TOURGUIDESERVICE
getUserRewards ---> TOURGUIDESERVICE
getUserRewards ---> TOURGUIDESERVICE
getUserRewards ---> TOURGUIDESERVICE
getUserRewards ---> TOURGUIDESERVICE
getUserRewards ---> TOURGUIDESERVICE
getUserRewards ---> TOURGUIDESERVICE
getUserRewards ---> TOURGUIDESERVICE
getUserRewards ---> TOURGUIDESERVICE
getUserRewards ---> TOURGUIDESERVICE
getUserRewards ---> TOURGUIDESERVICE
getUserRewards ---> TOURGUIDESERVICE
getUserRewards ---> TOURGUIDESERVICE
getUserRewards ---> TOURGUIDESERVICE
getUserRewards ---> TOURGUIDESERVICE
getUserRewards ---> TOURGUIDESERVICE
getUserRewards ---> TOURGUIDESERVICE
getUserRewards ---> TOURGUIDESERVICE
getUserRewards ---> TOURGUIDESERVICE
getUserRewards ---> TOURGUIDESERVICE
getUserRewards ---> TOURGUIDESERVICE
getUserRewards ---> TOURGUIDESERVICE
getUserRewards ---> TOURGUIDESERVICE
getUserRewards ---> TOURGUIDESERVICE
getUserRewards ---> TOURGUIDESERVICE
getUserRewards ---> TOURGUIDESERVICE
getUserRewards ---> TOURGUIDESERVICE
getUserRewards ---> TOURGUIDESERVICE
getUserRewards ---> TOURGUIDESERVICE
getUserRewards ---> TOURGUIDESERVICE
getUserRewards ---> TOURGUIDESERVICE
getUserRewards ---> TOURGUIDESERVICE
getUserRewards ---> TOURGUIDESERVICE
getUserRewards ---> TOURGUIDESERVICE
getUserRewards ---> TOURGUIDESERVICE
getUserRewards ---> TOURGUIDESERVICE
getUserRewards ---> TOURGUIDESERVICE
getUserRewards ---> TOURGUIDESERVICE
getUserRewards ---> TOURGUIDESERVICE
getUserRewards ---> TOURGUIDESERVICE
getUserRewards ---> TOURGUIDESERVICE
getUserRewards ---> TOURGUIDESERVICE
getUserRewards ---> TOURGUIDESERVICE
getUserRewards ---> TOURGUIDESERVICE
getUserRewards ---> TOURGUIDESERVICE
getUserRewards ---> TOURGUIDESERVICE
getUserRewards ---> TOURGUIDESERVICE
getUserRewards ---> TOURGUIDESERVICE
getUserRewards ---> TOURGUIDESERVICE
getUserRewards ---> TOURGUIDESERVICE
getUserRewards ---> TOURGUIDESERVICE
getUserRewards ---> TOURGUIDESERVICE
getUserRewards ---> TOURGUIDESERVICE
getUserRewards ---> TOURGUIDESERVICE
getUserRewards ---> TOURGUIDESERVICE
getUserRewards ---> TOURGUIDESERVICE
getUserRewards ---> TOURGUIDESERVICE
getUserRewards ---> TOURGUIDESERVICE
getUserRewards ---> TOURGUIDESERVICE
getUserRewards ---> TOURGUIDESERVICE
getUserRewards ---> TOURGUIDESERVICE
getUserRewards ---> TOURGUIDESERVICE
getUserRewards ---> TOURGUIDESERVICE
getUserRewards ---> TOURGUIDESERVICE
getUserRewards ---> TOURGUIDESERVICE
getUserRewards ---> TOURGUIDESERVICE
getUserRewards ---> TOURGUIDESERVICE
getUserRewards ---> TOURGUIDESERVICE
getUserRewards ---> TOURGUIDESERVICE
getUserRewards ---> TOURGUIDESERVICE
getUserRewards ---> TOURGUIDESERVICE
getUserRewards ---> TOURGUIDESERVICE
getUserRewards ---> TOURGUIDESERVICE
getUserRewards ---> TOURGUIDESERVICE
getUserRewards ---> TOURGUIDESERVICE
getUserRewards ---> TOURGUIDESERVICE
getUserRewards ---> TOURGUIDESERVICE
getUserRewards ---> TOURGUIDESERVICE
getUserRewards ---> TOURGUIDESERVICE
getUserRewards ---> TOURGUIDESERVICE
getUserRewards ---> TOURGUIDESERVICE
getUserRewards ---> TOURGUIDESERVICE
getUserRewards ---> TOURGUIDESERVICE
getUserRewards ---> TOURGUIDESERVICE
getUserRewards ---> TOURGUIDESERVICE
getUserRewards ---> TOURGUIDESERVICE
getUserRewards ---> TOURGUIDESERVICE
getUserRewards ---> TOURGUIDESERVICE
getUserRewards ---> TOURGUIDESERVICE
getUserRewards ---> TOURGUIDESERVICE
getUserRewards ---> TOURGUIDESERVICE
getUserRewards ---> TOURGUIDESERVICE
getUserRewards ---> TOURGUIDESERVICE
getUserRewards ---> TOURGUIDESERVICE
getUserRewards ---> TOURGUIDESERVICE
getUserRewards ---> TOURGUIDESERVICE
getUserRewards ---> TOURGUIDESERVICE
getUserRewards ---> TOURGUIDESERVICE
getUserRewards ---> TOURGUIDESERVICE
getUserRewards ---> TOURGUIDESERVICE
getUserRewards ---> TOURGUIDESERVICE
getUserRewards ---> TOURGUIDESERVICE
getUserRewards ---> TOURGUIDESERVICE
getUserRewards ---> TOURGUIDESERVICE
getUserRewards ---> TOURGUIDESERVICE
getUserRewards ---> TOURGUIDESERVICE
getUserRewards ---> TOURGUIDESERVICE
getUserRewards ---> TOURGUIDESERVICE
getUserRewards ---> TOURGUIDESERVICE
getUserRewards ---> TOURGUIDESERVICE
getUserRewards ---> TOURGUIDESERVICE
getUserRewards ---> TOURGUIDESERVICE
getUserRewards ---> TOURGUIDESERVICE
getUserRewards ---> TOURGUIDESERVICE
getUserRewards ---> TOURGUIDESERVICE
getUserRewards ---> TOURGUIDESERVICE
getUserRewards ---> TOURGUIDESERVICE
getUserRewards ---> TOURGUIDESERVICE
getUserRewards ---> TOURGUIDESERVICE
getUserRewards ---> TOURGUIDESERVICE
getUserRewards ---> TOURGUIDESERVICE
getUserRewards ---> TOURGUIDESERVICE
getUserRewards ---> TOURGUIDESERVICE
getUserRewards ---> TOURGUIDESERVICE
getUserRewards ---> TOURGUIDESERVICE
getUserRewards ---> TOURGUIDESERVICE
getUserRewards ---> TOURGUIDESERVICE
getUserRewards ---> TOURGUIDESERVICE
getUserRewards ---> TOURGUIDESERVICE
getUserRewards ---> TOURGUIDESERVICE
getUserRewards ---> TOURGUIDESERVICE
getUserRewards ---> TOURGUIDESERVICE
getUserRewards ---> TOURGUIDESERVICE
getUserRewards ---> TOURGUIDESERVICE
getUserRewards ---> TOURGUIDESERVICE
getUserRewards ---> TOURGUIDESERVICE
getUserRewards ---> TOURGUIDESERVICE
getUserRewards ---> TOURGUIDESERVICE
getUserRewards ---> TOURGUIDESERVICE
getUserRewards ---> TOURGUIDESERVICE
getUserRewards ---> TOURGUIDESERVICE
getUserRewards ---> TOURGUIDESERVICE
getUserRewards ---> TOURGUIDESERVICE
getUserRewards ---> TOURGUIDESERVICE
getUserRewards ---> TOURGUIDESERVICE
getUserRewards ---> TOURGUIDESERVICE
getUserRewards ---> TOURGUIDESERVICE
getUserRewards ---> TOURGUIDESERVICE
getUserRewards ---> TOURGUIDESERVICE
getUserRewards ---> TOURGUIDESERVICE
getUserRewards ---> TOURGUIDESERVICE
getUserRewards ---> TOURGUIDESERVICE
getUserRewards ---> TOURGUIDESERVICE
getUserRewards ---> TOURGUIDESERVICE
getUserRewards ---> TOURGUIDESERVICE
getUserRewards ---> TOURGUIDESERVICE
getUserRewards ---> TOURGUIDESERVICE
getUserRewards ---> TOURGUIDESERVICE
getUserRewards ---> TOURGUIDESERVICE
getUserRewards ---> TOURGUIDESERVICE
getUserRewards ---> TOURGUIDESERVICE
getUserRewards ---> TOURGUIDESERVICE
getUserRewards ---> TOURGUIDESERVICE
getUserRewards ---> TOURGUIDESERVICE
getUserRewards ---> TOURGUIDESERVICE
getUserRewards ---> TOURGUIDESERVICE
getUserRewards ---> TOURGUIDESERVICE
getUserRewards ---> TOURGUIDESERVICE
getUserRewards ---> TOURGUIDESERVICE
getUserRewards ---> TOURGUIDESERVICE
getUserRewards ---> TOURGUIDESERVICE
getUserRewards ---> TOURGUIDESERVICE
getUserRewards ---> TOURGUIDESERVICE
getUserRewards ---> TOURGUIDESERVICE
getUserRewards ---> TOURGUIDESERVICE
getUserRewards ---> TOURGUIDESERVICE
getUserRewards ---> TOURGUIDESERVICE
getUserRewards ---> TOURGUIDESERVICE
getUserRewards ---> TOURGUIDESERVICE
getUserRewards ---> TOURGUIDESERVICE
getUserRewards ---> TOURGUIDESERVICE
getUserRewards ---> TOURGUIDESERVICE
getUserRewards ---> TOURGUIDESERVICE
getUserRewards ---> TOURGUIDESERVICE
getUserRewards ---> TOURGUIDESERVICE
getUserRewards ---> TOURGUIDESERVICE
getUserRewards ---> TOURGUIDESERVICE
getUserRewards ---> TOURGUIDESERVICE
getUserRewards ---> TOURGUIDESERVICE
getUserRewards ---> TOURGUIDESERVICE
getUserRewards ---> TOURGUIDESERVICE
getUserRewards ---> TOURGUIDESERVICE
getUserRewards ---> TOURGUIDESERVICE
getUserRewards ---> TOURGUIDESERVICE
getUserRewards ---> TOURGUIDESERVICE
getUserRewards ---> TOURGUIDESERVICE
getUserRewards ---> TOURGUIDESERVICE
getUserRewards ---> TOURGUIDESERVICE
getUserRewards ---> TOURGUIDESERVICE
getUserRewards ---> TOURGUIDESERVICE
getUserRewards ---> TOURGUIDESERVICE
getUserRewards ---> TOURGUIDESERVICE
getUserRewards ---> TOURGUIDESERVICE
getUserRewards ---> TOURGUIDESERVICE
getUserRewards ---> TOURGUIDESERVICE
getUserRewards ---> TOURGUIDESERVICE
getUserRewards ---> TOURGUIDESERVICE
getUserRewards ---> TOURGUIDESERVICE
getUserRewards ---> TOURGUIDESERVICE
getUserRewards ---> TOURGUIDESERVICE
getUserRewards ---> TOURGUIDESERVICE
getUserRewards ---> TOURGUIDESERVICE
getUserRewards ---> TOURGUIDESERVICE
getUserRewards ---> TOURGUIDESERVICE
getUserRewards ---> TOURGUIDESERVICE
getUserRewards ---> TOURGUIDESERVICE
getUserRewards ---> TOURGUIDESERVICE
getUserRewards ---> TOURGUIDESERVICE
getUserRewards ---> TOURGUIDESERVICE
getUserRewards ---> TOURGUIDESERVICE
getUserRewards ---> TOURGUIDESERVICE
getUserRewards ---> TOURGUIDESERVICE
getUserRewards ---> TOURGUIDESERVICE
getUserRewards ---> TOURGUIDESERVICE
getUserRewards ---> TOURGUIDESERVICE
getUserRewards ---> TOURGUIDESERVICE
getUserRewards ---> TOURGUIDESERVICE
getUserRewards ---> TOURGUIDESERVICE
getUserRewards ---> TOURGUIDESERVICE
getUserRewards ---> TOURGUIDESERVICE
getUserRewards ---> TOURGUIDESERVICE
getUserRewards ---> TOURGUIDESERVICE
getUserRewards ---> TOURGUIDESERVICE
getUserRewards ---> TOURGUIDESERVICE
getUserRewards ---> TOURGUIDESERVICE
getUserRewards ---> TOURGUIDESERVICE
getUserRewards ---> TOURGUIDESERVICE
getUserRewards ---> TOURGUIDESERVICE
getUserRewards ---> TOURGUIDESERVICE
getUserRewards ---> TOURGUIDESERVICE
getUserRewards ---> TOURGUIDESERVICE
getUserRewards ---> TOURGUIDESERVICE
getUserRewards ---> TOURGUIDESERVICE
getUserRewards ---> TOURGUIDESERVICE
getUserRewards ---> TOURGUIDESERVICE
getUserRewards ---> TOURGUIDESERVICE
getUserRewards ---> TOURGUIDESERVICE
getUserRewards ---> TOURGUIDESERVICE
getUserRewards ---> TOURGUIDESERVICE
getUserRewards ---> TOURGUIDESERVICE
getUserRewards ---> TOURGUIDESERVICE
getUserRewards ---> TOURGUIDESERVICE
getUserRewards ---> TOURGUIDESERVICE
getUserRewards ---> TOURGUIDESERVICE
getUserRewards ---> TOURGUIDESERVICE
getUserRewards ---> TOURGUIDESERVICE
getUserRewards ---> TOURGUIDESERVICE
getUserRewards ---> TOURGUIDESERVICE
getUserRewards ---> TOURGUIDESERVICE
getUserRewards ---> TOURGUIDESERVICE
getUserRewards ---> TOURGUIDESERVICE
getUserRewards ---> TOURGUIDESERVICE
getUserRewards ---> TOURGUIDESERVICE
getUserRewards ---> TOURGUIDESERVICE
getUserRewards ---> TOURGUIDESERVICE
getUserRewards ---> TOURGUIDESERVICE
getUserRewards ---> TOURGUIDESERVICE
getUserRewards ---> TOURGUIDESERVICE
getUserRewards ---> TOURGUIDESERVICE
getUserRewards ---> TOURGUIDESERVICE
getUserRewards ---> TOURGUIDESERVICE
getUserRewards ---> TOURGUIDESERVICE
getUserRewards ---> TOURGUIDESERVICE
getUserRewards ---> TOURGUIDESERVICE
getUserRewards ---> TOURGUIDESERVICE
getUserRewards ---> TOURGUIDESERVICE
getUserRewards ---> TOURGUIDESERVICE
getUserRewards ---> TOURGUIDESERVICE
getUserRewards ---> TOURGUIDESERVICE
getUserRewards ---> TOURGUIDESERVICE
getUserRewards ---> TOURGUIDESERVICE
getUserRewards ---> TOURGUIDESERVICE
getUserRewards ---> TOURGUIDESERVICE
getUserRewards ---> TOURGUIDESERVICE
getUserRewards ---> TOURGUIDESERVICE
getUserRewards ---> TOURGUIDESERVICE
getUserRewards ---> TOURGUIDESERVICE
getUserRewards ---> TOURGUIDESERVICE
getUserRewards ---> TOURGUIDESERVICE
getUserRewards ---> TOURGUIDESERVICE
getUserRewards ---> TOURGUIDESERVICE
getUserRewards ---> TOURGUIDESERVICE
getUserRewards ---> TOURGUIDESERVICE
getUserRewards ---> TOURGUIDESERVICE
getUserRewards ---> TOURGUIDESERVICE
getUserRewards ---> TOURGUIDESERVICE
getUserRewards ---> TOURGUIDESERVICE
getUserRewards ---> TOURGUIDESERVICE
getUserRewards ---> TOURGUIDESERVICE
getUserRewards ---> TOURGUIDESERVICE
getUserRewards ---> TOURGUIDESERVICE
getUserRewards ---> TOURGUIDESERVICE
getUserRewards ---> TOURGUIDESERVICE
getUserRewards ---> TOURGUIDESERVICE
getUserRewards ---> TOURGUIDESERVICE
getUserRewards ---> TOURGUIDESERVICE
getUserRewards ---> TOURGUIDESERVICE
getUserRewards ---> TOURGUIDESERVICE
getUserRewards ---> TOURGUIDESERVICE
getUserRewards ---> TOURGUIDESERVICE
getUserRewards ---> TOURGUIDESERVICE
getUserRewards ---> TOURGUIDESERVICE
getUserRewards ---> TOURGUIDESERVICE
getUserRewards ---> TOURGUIDESERVICE
getUserRewards ---> TOURGUIDESERVICE
getUserRewards ---> TOURGUIDESERVICE
getUserRewards ---> TOURGUIDESERVICE
getUserRewards ---> TOURGUIDESERVICE
getUserRewards ---> TOURGUIDESERVICE
getUserRewards ---> TOURGUIDESERVICE
getUserRewards ---> TOURGUIDESERVICE
getUserRewards ---> TOURGUIDESERVICE
getUserRewards ---> TOURGUIDESERVICE
getUserRewards ---> TOURGUIDESERVICE
getUserRewards ---> TOURGUIDESERVICE
getUserRewards ---> TOURGUIDESERVICE
getUserRewards ---> TOURGUIDESERVICE
getUserRewards ---> TOURGUIDESERVICE
getUserRewards ---> TOURGUIDESERVICE
getUserRewards ---> TOURGUIDESERVICE
getUserRewards ---> TOURGUIDESERVICE
getUserRewards ---> TOURGUIDESERVICE
getUserRewards ---> TOURGUIDESERVICE
getUserRewards ---> TOURGUIDESERVICE
getUserRewards ---> TOURGUIDESERVICE
getUserRewards ---> TOURGUIDESERVICE
getUserRewards ---> TOURGUIDESERVICE
getUserRewards ---> TOURGUIDESERVICE
getUserRewards ---> TOURGUIDESERVICE
getUserRewards ---> TOURGUIDESERVICE
getUserRewards ---> TOURGUIDESERVICE
getUserRewards ---> TOURGUIDESERVICE
getUserRewards ---> TOURGUIDESERVICE
getUserRewards ---> TOURGUIDESERVICE
getUserRewards ---> TOURGUIDESERVICE
getUserRewards ---> TOURGUIDESERVICE
getUserRewards ---> TOURGUIDESERVICE
getUserRewards ---> TOURGUIDESERVICE
getUserRewards ---> TOURGUIDESERVICE
getUserRewards ---> TOURGUIDESERVICE
getUserRewards ---> TOURGUIDESERVICE
getUserRewards ---> TOURGUIDESERVICE
getUserRewards ---> TOURGUIDESERVICE
getUserRewards ---> TOURGUIDESERVICE
getUserRewards ---> TOURGUIDESERVICE
getUserRewards ---> TOURGUIDESERVICE
getUserRewards ---> TOURGUIDESERVICE
getUserRewards ---> TOURGUIDESERVICE
getUserRewards ---> TOURGUIDESERVICE
getUserRewards ---> TOURGUIDESERVICE
getUserRewards ---> TOURGUIDESERVICE
getUserRewards ---> TOURGUIDESERVICE
getUserRewards ---> TOURGUIDESERVICE
getUserRewards ---> TOURGUIDESERVICE
getUserRewards ---> TOURGUIDESERVICE
getUserRewards ---> TOURGUIDESERVICE
getUserRewards ---> TOURGUIDESERVICE
getUserRewards ---> TOURGUIDESERVICE
getUserRewards ---> TOURGUIDESERVICE
getUserRewards ---> TOURGUIDESERVICE
getUserRewards ---> TOURGUIDESERVICE
getUserRewards ---> TOURGUIDESERVICE
getUserRewards ---> TOURGUIDESERVICE
getUserRewards ---> TOURGUIDESERVICE
getUserRewards ---> TOURGUIDESERVICE
getUserRewards ---> TOURGUIDESERVICE
getUserRewards ---> TOURGUIDESERVICE
getUserRewards ---> TOURGUIDESERVICE
getUserRewards ---> TOURGUIDESERVICE
getUserRewards ---> TOURGUIDESERVICE
getUserRewards ---> TOURGUIDESERVICE
getUserRewards ---> TOURGUIDESERVICE
getUserRewards ---> TOURGUIDESERVICE
getUserRewards ---> TOURGUIDESERVICE
getUserRewards ---> TOURGUIDESERVICE
getUserRewards ---> TOURGUIDESERVICE
getUserRewards ---> TOURGUIDESERVICE
getUserRewards ---> TOURGUIDESERVICE
getUserRewards ---> TOURGUIDESERVICE
getUserRewards ---> TOURGUIDESERVICE
getUserRewards ---> TOURGUIDESERVICE
getUserRewards ---> TOURGUIDESERVICE
getUserRewards ---> TOURGUIDESERVICE
getUserRewards ---> TOURGUIDESERVICE
getUserRewards ---> TOURGUIDESERVICE
getUserRewards ---> TOURGUIDESERVICE
getUserRewards ---> TOURGUIDESERVICE
getUserRewards ---> TOURGUIDESERVICE
getUserRewards ---> TOURGUIDESERVICE
getUserRewards ---> TOURGUIDESERVICE
getUserRewards ---> TOURGUIDESERVICE
getUserRewards ---> TOURGUIDESERVICE
getUserRewards ---> TOURGUIDESERVICE
getUserRewards ---> TOURGUIDESERVICE
getUserRewards ---> TOURGUIDESERVICE
getUserRewards ---> TOURGUIDESERVICE
getUserRewards ---> TOURGUIDESERVICE
getUserRewards ---> TOURGUIDESERVICE
getUserRewards ---> TOURGUIDESERVICE
getUserRewards ---> TOURGUIDESERVICE
getUserRewards ---> TOURGUIDESERVICE
getUserRewards ---> TOURGUIDESERVICE
getUserRewards ---> TOURGUIDESERVICE
getUserRewards ---> TOURGUIDESERVICE
getUserRewards ---> TOURGUIDESERVICE
getUserRewards ---> TOURGUIDESERVICE
getUserRewards ---> TOURGUIDESERVICE
getUserRewards ---> TOURGUIDESERVICE
getUserRewards ---> TOURGUIDESERVICE
getUserRewards ---> TOURGUIDESERVICE
getUserRewards ---> TOURGUIDESERVICE
getUserRewards ---> TOURGUIDESERVICE
getUserRewards ---> TOURGUIDESERVICE
getUserRewards ---> TOURGUIDESERVICE
getUserRewards ---> TOURGUIDESERVICE
getUserRewards ---> TOURGUIDESERVICE
getUserRewards ---> TOURGUIDESERVICE
getUserRewards ---> TOURGUIDESERVICE
getUserRewards ---> TOURGUIDESERVICE
getUserRewards ---> TOURGUIDESERVICE
getUserRewards ---> TOURGUIDESERVICE
getUserRewards ---> TOURGUIDESERVICE
getUserRewards ---> TOURGUIDESERVICE
getUserRewards ---> TOURGUIDESERVICE
getUserRewards ---> TOURGUIDESERVICE
getUserRewards ---> TOURGUIDESERVICE
getUserRewards ---> TOURGUIDESERVICE
getUserRewards ---> TOURGUIDESERVICE
getUserRewards ---> TOURGUIDESERVICE
getUserRewards ---> TOURGUIDESERVICE
getUserRewards ---> TOURGUIDESERVICE
getUserRewards ---> TOURGUIDESERVICE
getUserRewards ---> TOURGUIDESERVICE
getUserRewards ---> TOURGUIDESERVICE
getUserRewards ---> TOURGUIDESERVICE
getUserRewards ---> TOURGUIDESERVICE
getUserRewards ---> TOURGUIDESERVICE
getUserRewards ---> TOURGUIDESERVICE
getUserRewards ---> TOURGUIDESERVICE
getUserRewards ---> TOURGUIDESERVICE
getUserRewards ---> TOURGUIDESERVICE
getUserRewards ---> TOURGUIDESERVICE
getUserRewards ---> TOURGUIDESERVICE
getUserRewards ---> TOURGUIDESERVICE
getUserRewards ---> TOURGUIDESERVICE
getUserRewards ---> TOURGUIDESERVICE
getUserRewards ---> TOURGUIDESERVICE
getUserRewards ---> TOURGUIDESERVICE
getUserRewards ---> TOURGUIDESERVICE
getUserRewards ---> TOURGUIDESERVICE
getUserRewards ---> TOURGUIDESERVICE
getUserRewards ---> TOURGUIDESERVICE
getUserRewards ---> TOURGUIDESERVICE
getUserRewards ---> TOURGUIDESERVICE
getUserRewards ---> TOURGUIDESERVICE
getUserRewards ---> TOURGUIDESERVICE
getUserRewards ---> TOURGUIDESERVICE
getUserRewards ---> TOURGUIDESERVICE
getUserRewards ---> TOURGUIDESERVICE
getUserRewards ---> TOURGUIDESERVICE
getUserRewards ---> TOURGUIDESERVICE
getUserRewards ---> TOURGUIDESERVICE
getUserRewards ---> TOURGUIDESERVICE
getUserRewards ---> TOURGUIDESERVICE
getUserRewards ---> TOURGUIDESERVICE
getUserRewards ---> TOURGUIDESERVICE
getUserRewards ---> TOURGUIDESERVICE
getUserRewards ---> TOURGUIDESERVICE
getUserRewards ---> TOURGUIDESERVICE
getUserRewards ---> TOURGUIDESERVICE
getUserRewards ---> TOURGUIDESERVICE
getUserRewards ---> TOURGUIDESERVICE
getUserRewards ---> TOURGUIDESERVICE
getUserRewards ---> TOURGUIDESERVICE
getUserRewards ---> TOURGUIDESERVICE
getUserRewards ---> TOURGUIDESERVICE
getUserRewards ---> TOURGUIDESERVICE
getUserRewards ---> TOURGUIDESERVICE
getUserRewards ---> TOURGUIDESERVICE
getUserRewards ---> TOURGUIDESERVICE
getUserRewards ---> TOURGUIDESERVICE
getUserRewards ---> TOURGUIDESERVICE
getUserRewards ---> TOURGUIDESERVICE
getUserRewards ---> TOURGUIDESERVICE
getUserRewards ---> TOURGUIDESERVICE
getUserRewards ---> TOURGUIDESERVICE
getUserRewards ---> TOURGUIDESERVICE
getUserRewards ---> TOURGUIDESERVICE
getUserRewards ---> TOURGUIDESERVICE
getUserRewards ---> TOURGUIDESERVICE
getUserRewards ---> TOURGUIDESERVICE
getUserRewards ---> TOURGUIDESERVICE
getUserRewards ---> TOURGUIDESERVICE
getUserRewards ---> TOURGUIDESERVICE
getUserRewards ---> TOURGUIDESERVICE
getUserRewards ---> TOURGUIDESERVICE
getUserRewards ---> TOURGUIDESERVICE
getUserRewards ---> TOURGUIDESERVICE
getUserRewards ---> TOURGUIDESERVICE
getUserRewards ---> TOURGUIDESERVICE
getUserRewards ---> TOURGUIDESERVICE
getUserRewards ---> TOURGUIDESERVICE
getUserRewards ---> TOURGUIDESERVICE
getUserRewards ---> TOURGUIDESERVICE
getUserRewards ---> TOURGUIDESERVICE
getUserRewards ---> TOURGUIDESERVICE
getUserRewards ---> TOURGUIDESERVICE
getUserRewards ---> TOURGUIDESERVICE
getUserRewards ---> TOURGUIDESERVICE
getUserRewards ---> TOURGUIDESERVICE
getUserRewards ---> TOURGUIDESERVICE
getUserRewards ---> TOURGUIDESERVICE
getUserRewards ---> TOURGUIDESERVICE
getUserRewards ---> TOURGUIDESERVICE
getUserRewards ---> TOURGUIDESERVICE
getUserRewards ---> TOURGUIDESERVICE
getUserRewards ---> TOURGUIDESERVICE
getUserRewards ---> TOURGUIDESERVICE
getUserRewards ---> TOURGUIDESERVICE
getUserRewards ---> TOURGUIDESERVICE
getUserRewards ---> TOURGUIDESERVICE
getUserRewards ---> TOURGUIDESERVICE
getUserRewards ---> TOURGUIDESERVICE
getUserRewards ---> TOURGUIDESERVICE
getUserRewards ---> TOURGUIDESERVICE
getUserRewards ---> TOURGUIDESERVICE
getUserRewards ---> TOURGUIDESERVICE
getUserRewards ---> TOURGUIDESERVICE
getUserRewards ---> TOURGUIDESERVICE
getUserRewards ---> TOURGUIDESERVICE
getUserRewards ---> TOURGUIDESERVICE
getUserRewards ---> TOURGUIDESERVICE
getUserRewards ---> TOURGUIDESERVICE
getUserRewards ---> TOURGUIDESERVICE
getUserRewards ---> TOURGUIDESERVICE
getUserRewards ---> TOURGUIDESERVICE
getUserRewards ---> TOURGUIDESERVICE
getUserRewards ---> TOURGUIDESERVICE
getUserRewards ---> TOURGUIDESERVICE
getUserRewards ---> TOURGUIDESERVICE
getUserRewards ---> TOURGUIDESERVICE
getUserRewards ---> TOURGUIDESERVICE
getUserRewards ---> TOURGUIDESERVICE
getUserRewards ---> TOURGUIDESERVICE
getUserRewards ---> TOURGUIDESERVICE
getUserRewards ---> TOURGUIDESERVICE
getUserRewards ---> TOURGUIDESERVICE
getUserRewards ---> TOURGUIDESERVICE
getUserRewards ---> TOURGUIDESERVICE
getUserRewards ---> TOURGUIDESERVICE
getUserRewards ---> TOURGUIDESERVICE
getUserRewards ---> TOURGUIDESERVICE
getUserRewards ---> TOURGUIDESERVICE
getUserRewards ---> TOURGUIDESERVICE
getUserRewards ---> TOURGUIDESERVICE
getUserRewards ---> TOURGUIDESERVICE
getUserRewards ---> TOURGUIDESERVICE
getUserRewards ---> TOURGUIDESERVICE
getUserRewards ---> TOURGUIDESERVICE
getUserRewards ---> TOURGUIDESERVICE
getUserRewards ---> TOURGUIDESERVICE
getUserRewards ---> TOURGUIDESERVICE
getUserRewards ---> TOURGUIDESERVICE
getUserRewards ---> TOURGUIDESERVICE
getUserRewards ---> TOURGUIDESERVICE
getUserRewards ---> TOURGUIDESERVICE
getUserRewards ---> TOURGUIDESERVICE
getUserRewards ---> TOURGUIDESERVICE
getUserRewards ---> TOURGUIDESERVICE
getUserRewards ---> TOURGUIDESERVICE
getUserRewards ---> TOURGUIDESERVICE
getUserRewards ---> TOURGUIDESERVICE
getUserRewards ---> TOURGUIDESERVICE
getUserRewards ---> TOURGUIDESERVICE
getUserRewards ---> TOURGUIDESERVICE
getUserRewards ---> TOURGUIDESERVICE
getUserRewards ---> TOURGUIDESERVICE
getUserRewards ---> TOURGUIDESERVICE
getUserRewards ---> TOURGUIDESERVICE
getUserRewards ---> TOURGUIDESERVICE
getUserRewards ---> TOURGUIDESERVICE
getUserRewards ---> TOURGUIDESERVICE
getUserRewards ---> TOURGUIDESERVICE
getUserRewards ---> TOURGUIDESERVICE
getUserRewards ---> TOURGUIDESERVICE
getUserRewards ---> TOURGUIDESERVICE
getUserRewards ---> TOURGUIDESERVICE
getUserRewards ---> TOURGUIDESERVICE
getUserRewards ---> TOURGUIDESERVICE
getUserRewards ---> TOURGUIDESERVICE
getUserRewards ---> TOURGUIDESERVICE
getUserRewards ---> TOURGUIDESERVICE
getUserRewards ---> TOURGUIDESERVICE
getUserRewards ---> TOURGUIDESERVICE
getUserRewards ---> TOURGUIDESERVICE
getUserRewards ---> TOURGUIDESERVICE
getUserRewards ---> TOURGUIDESERVICE
getUserRewards ---> TOURGUIDESERVICE
getUserRewards ---> TOURGUIDESERVICE
getUserRewards ---> TOURGUIDESERVICE
getUserRewards ---> TOURGUIDESERVICE
getUserRewards ---> TOURGUIDESERVICE
getUserRewards ---> TOURGUIDESERVICE
getUserRewards ---> TOURGUIDESERVICE
getUserRewards ---> TOURGUIDESERVICE
getUserRewards ---> TOURGUIDESERVICE
getUserRewards ---> TOURGUIDESERVICE
getUserRewards ---> TOURGUIDESERVICE
getUserRewards ---> TOURGUIDESERVICE
getUserRewards ---> TOURGUIDESERVICE
getUserRewards ---> TOURGUIDESERVICE
getUserRewards ---> TOURGUIDESERVICE
getUserRewards ---> TOURGUIDESERVICE
getUserRewards ---> TOURGUIDESERVICE
getUserRewards ---> TOURGUIDESERVICE
getUserRewards ---> TOURGUIDESERVICE
getUserRewards ---> TOURGUIDESERVICE
getUserRewards ---> TOURGUIDESERVICE
getUserRewards ---> TOURGUIDESERVICE
getUserRewards ---> TOURGUIDESERVICE
getUserRewards ---> TOURGUIDESERVICE
getUserRewards ---> TOURGUIDESERVICE
getUserRewards ---> TOURGUIDESERVICE
getUserRewards ---> TOURGUIDESERVICE
getUserRewards ---> TOURGUIDESERVICE
getUserRewards ---> TOURGUIDESERVICE
getUserRewards ---> TOURGUIDESERVICE
getUserRewards ---> TOURGUIDESERVICE
getUserRewards ---> TOURGUIDESERVICE
getUserRewards ---> TOURGUIDESERVICE
getUserRewards ---> TOURGUIDESERVICE
getUserRewards ---> TOURGUIDESERVICE
getUserRewards ---> TOURGUIDESERVICE
getUserRewards ---> TOURGUIDESERVICE
getUserRewards ---> TOURGUIDESERVICE
getUserRewards ---> TOURGUIDESERVICE
getUserRewards ---> TOURGUIDESERVICE
getUserRewards ---> TOURGUIDESERVICE
getUserRewards ---> TOURGUIDESERVICE
getUserRewards ---> TOURGUIDESERVICE
getUserRewards ---> TOURGUIDESERVICE
getUserRewards ---> TOURGUIDESERVICE
getUserRewards ---> TOURGUIDESERVICE
getUserRewards ---> TOURGUIDESERVICE
getUserRewards ---> TOURGUIDESERVICE
getUserRewards ---> TOURGUIDESERVICE
getUserRewards ---> TOURGUIDESERVICE
getUserRewards ---> TOURGUIDESERVICE
getUserRewards ---> TOURGUIDESERVICE
getUserRewards ---> TOURGUIDESERVICE
getUserRewards ---> TOURGUIDESERVICE
getUserRewards ---> TOURGUIDESERVICE
getUserRewards ---> TOURGUIDESERVICE
getUserRewards ---> TOURGUIDESERVICE
getUserRewards ---> TOURGUIDESERVICE
getUserRewards ---> TOURGUIDESERVICE
getUserRewards ---> TOURGUIDESERVICE
getUserRewards ---> TOURGUIDESERVICE
getUserRewards ---> TOURGUIDESERVICE
getUserRewards ---> TOURGUIDESERVICE
getUserRewards ---> TOURGUIDESERVICE
getUserRewards ---> TOURGUIDESERVICE
getUserRewards ---> TOURGUIDESERVICE
getUserRewards ---> TOURGUIDESERVICE
getUserRewards ---> TOURGUIDESERVICE
getUserRewards ---> TOURGUIDESERVICE
getUserRewards ---> TOURGUIDESERVICE
getUserRewards ---> TOURGUIDESERVICE
getUserRewards ---> TOURGUIDESERVICE
getUserRewards ---> TOURGUIDESERVICE
getUserRewards ---> TOURGUIDESERVICE
getUserRewards ---> TOURGUIDESERVICE
getUserRewards ---> TOURGUIDESERVICE
getUserRewards ---> TOURGUIDESERVICE
getUserRewards ---> TOURGUIDESERVICE
getUserRewards ---> TOURGUIDESERVICE
getUserRewards ---> TOURGUIDESERVICE
getUserRewards ---> TOURGUIDESERVICE
getUserRewards ---> TOURGUIDESERVICE
getUserRewards ---> TOURGUIDESERVICE
getUserRewards ---> TOURGUIDESERVICE
getUserRewards ---> TOURGUIDESERVICE
getUserRewards ---> TOURGUIDESERVICE
getUserRewards ---> TOURGUIDESERVICE
getUserRewards ---> TOURGUIDESERVICE
getUserRewards ---> TOURGUIDESERVICE
getUserRewards ---> TOURGUIDESERVICE
getUserRewards ---> TOURGUIDESERVICE
getUserRewards ---> TOURGUIDESERVICE
getUserRewards ---> TOURGUIDESERVICE
getUserRewards ---> TOURGUIDESERVICE
getUserRewards ---> TOURGUIDESERVICE
getUserRewards ---> TOURGUIDESERVICE
getUserRewards ---> TOURGUIDESERVICE
getUserRewards ---> TOURGUIDESERVICE
getUserRewards ---> TOURGUIDESERVICE
getUserRewards ---> TOURGUIDESERVICE
getUserRewards ---> TOURGUIDESERVICE
getUserRewards ---> TOURGUIDESERVICE
getUserRewards ---> TOURGUIDESERVICE
getUserRewards ---> TOURGUIDESERVICE
getUserRewards ---> TOURGUIDESERVICE
getUserRewards ---> TOURGUIDESERVICE
getUserRewards ---> TOURGUIDESERVICE
getUserRewards ---> TOURGUIDESERVICE
getUserRewards ---> TOURGUIDESERVICE
getUserRewards ---> TOURGUIDESERVICE
getUserRewards ---> TOURGUIDESERVICE
getUserRewards ---> TOURGUIDESERVICE
getUserRewards ---> TOURGUIDESERVICE
getUserRewards ---> TOURGUIDESERVICE
getUserRewards ---> TOURGUIDESERVICE
getUserRewards ---> TOURGUIDESERVICE
getUserRewards ---> TOURGUIDESERVICE
getUserRewards ---> TOURGUIDESERVICE
getUserRewards ---> TOURGUIDESERVICE
getUserRewards ---> TOURGUIDESERVICE
getUserRewards ---> TOURGUIDESERVICE
getUserRewards ---> TOURGUIDESERVICE
getUserRewards ---> TOURGUIDESERVICE
getUserRewards ---> TOURGUIDESERVICE
getUserRewards ---> TOURGUIDESERVICE
getUserRewards ---> TOURGUIDESERVICE
getUserRewards ---> TOURGUIDESERVICE
getUserRewards ---> TOURGUIDESERVICE
getUserRewards ---> TOURGUIDESERVICE
getUserRewards ---> TOURGUIDESERVICE
getUserRewards ---> TOURGUIDESERVICE
getUserRewards ---> TOURGUIDESERVICE
getUserRewards ---> TOURGUIDESERVICE
getUserRewards ---> TOURGUIDESERVICE
getUserRewards ---> TOURGUIDESERVICE
getUserRewards ---> TOURGUIDESERVICE
getUserRewards ---> TOURGUIDESERVICE
getUserRewards ---> TOURGUIDESERVICE
getUserRewards ---> TOURGUIDESERVICE
getUserRewards ---> TOURGUIDESERVICE
getUserRewards ---> TOURGUIDESERVICE
getUserRewards ---> TOURGUIDESERVICE
getUserRewards ---> TOURGUIDESERVICE
getUserRewards ---> TOURGUIDESERVICE
getUserRewards ---> TOURGUIDESERVICE
getUserRewards ---> TOURGUIDESERVICE
getUserRewards ---> TOURGUIDESERVICE
getUserRewards ---> TOURGUIDESERVICE
getUserRewards ---> TOURGUIDESERVICE
getUserRewards ---> TOURGUIDESERVICE
getUserRewards ---> TOURGUIDESERVICE
getUserRewards ---> TOURGUIDESERVICE
getUserRewards ---> TOURGUIDESERVICE
getUserRewards ---> TOURGUIDESERVICE
getUserRewards ---> TOURGUIDESERVICE
getUserRewards ---> TOURGUIDESERVICE
getUserRewards ---> TOURGUIDESERVICE
getUserRewards ---> TOURGUIDESERVICE
getUserRewards ---> TOURGUIDESERVICE
getUserRewards ---> TOURGUIDESERVICE
getUserRewards ---> TOURGUIDESERVICE
getUserRewards ---> TOURGUIDESERVICE
getUserRewards ---> TOURGUIDESERVICE
getUserRewards ---> TOURGUIDESERVICE
getUserRewards ---> TOURGUIDESERVICE
getUserRewards ---> TOURGUIDESERVICE
getUserRewards ---> TOURGUIDESERVICE
getUserRewards ---> TOURGUIDESERVICE
getUserRewards ---> TOURGUIDESERVICE
getUserRewards ---> TOURGUIDESERVICE
getUserRewards ---> TOURGUIDESERVICE
getUserRewards ---> TOURGUIDESERVICE
getUserRewards ---> TOURGUIDESERVICE
getUserRewards ---> TOURGUIDESERVICE
getUserRewards ---> TOURGUIDESERVICE
getUserRewards ---> TOURGUIDESERVICE
getUserRewards ---> TOURGUIDESERVICE
getUserRewards ---> TOURGUIDESERVICE
getUserRewards ---> TOURGUIDESERVICE
getUserRewards ---> TOURGUIDESERVICE
getUserRewards ---> TOURGUIDESERVICE
getUserRewards ---> TOURGUIDESERVICE
getUserRewards ---> TOURGUIDESERVICE
getUserRewards ---> TOURGUIDESERVICE
getUserRewards ---> TOURGUIDESERVICE
getUserRewards ---> TOURGUIDESERVICE
getUserRewards ---> TOURGUIDESERVICE
getUserRewards ---> TOURGUIDESERVICE
getUserRewards ---> TOURGUIDESERVICE
getUserRewards ---> TOURGUIDESERVICE
getUserRewards ---> TOURGUIDESERVICE
getUserRewards ---> TOURGUIDESERVICE
getUserRewards ---> TOURGUIDESERVICE
getUserRewards ---> TOURGUIDESERVICE
getUserRewards ---> TOURGUIDESERVICE
getUserRewards ---> TOURGUIDESERVICE
getUserRewards ---> TOURGUIDESERVICE
getUserRewards ---> TOURGUIDESERVICE
getUserRewards ---> TOURGUIDESERVICE
getUserRewards ---> TOURGUIDESERVICE
getUserRewards ---> TOURGUIDESERVICE
getUserRewards ---> TOURGUIDESERVICE
getUserRewards ---> TOURGUIDESERVICE
getUserRewards ---> TOURGUIDESERVICE
getUserRewards ---> TOURGUIDESERVICE
getUserRewards ---> TOURGUIDESERVICE
getUserRewards ---> TOURGUIDESERVICE
getUserRewards ---> TOURGUIDESERVICE
getUserRewards ---> TOURGUIDESERVICE
getUserRewards ---> TOURGUIDESERVICE
getUserRewards ---> TOURGUIDESERVICE
getUserRewards ---> TOURGUIDESERVICE
getUserRewards ---> TOURGUIDESERVICE
getUserRewards ---> TOURGUIDESERVICE
getUserRewards ---> TOURGUIDESERVICE
getUserRewards ---> TOURGUIDESERVICE
getUserRewards ---> TOURGUIDESERVICE
getUserRewards ---> TOURGUIDESERVICE
getUserRewards ---> TOURGUIDESERVICE
getUserRewards ---> TOURGUIDESERVICE
getUserRewards ---> TOURGUIDESERVICE
getUserRewards ---> TOURGUIDESERVICE
getUserRewards ---> TOURGUIDESERVICE
getUserRewards ---> TOURGUIDESERVICE
getUserRewards ---> TOURGUIDESERVICE
getUserRewards ---> TOURGUIDESERVICE
getUserRewards ---> TOURGUIDESERVICE
getUserRewards ---> TOURGUIDESERVICE
getUserRewards ---> TOURGUIDESERVICE
getUserRewards ---> TOURGUIDESERVICE
getUserRewards ---> TOURGUIDESERVICE
getUserRewards ---> TOURGUIDESERVICE
getUserRewards ---> TOURGUIDESERVICE
getUserRewards ---> TOURGUIDESERVICE
getUserRewards ---> TOURGUIDESERVICE
getUserRewards ---> TOURGUIDESERVICE
getUserRewards ---> TOURGUIDESERVICE
getUserRewards ---> TOURGUIDESERVICE
getUserRewards ---> TOURGUIDESERVICE
getUserRewards ---> TOURGUIDESERVICE
getUserRewards ---> TOURGUIDESERVICE
getUserRewards ---> TOURGUIDESERVICE
getUserRewards ---> TOURGUIDESERVICE
getUserRewards ---> TOURGUIDESERVICE
getUserRewards ---> TOURGUIDESERVICE
getUserRewards ---> TOURGUIDESERVICE
getUserRewards ---> TOURGUIDESERVICE
getUserRewards ---> TOURGUIDESERVICE
getUserRewards ---> TOURGUIDESERVICE
getUserRewards ---> TOURGUIDESERVICE
getUserRewards ---> TOURGUIDESERVICE
getUserRewards ---> TOURGUIDESERVICE
getUserRewards ---> TOURGUIDESERVICE
getUserRewards ---> TOURGUIDESERVICE
getUserRewards ---> TOURGUIDESERVICE
getUserRewards ---> TOURGUIDESERVICE
getUserRewards ---> TOURGUIDESERVICE
getUserRewards ---> TOURGUIDESERVICE
getUserRewards ---> TOURGUIDESERVICE
getUserRewards ---> TOURGUIDESERVICE
getUserRewards ---> TOURGUIDESERVICE
getUserRewards ---> TOURGUIDESERVICE
getUserRewards ---> TOURGUIDESERVICE
getUserRewards ---> TOURGUIDESERVICE
getUserRewards ---> TOURGUIDESERVICE
getUserRewards ---> TOURGUIDESERVICE
getUserRewards ---> TOURGUIDESERVICE
getUserRewards ---> TOURGUIDESERVICE
getUserRewards ---> TOURGUIDESERVICE
getUserRewards ---> TOURGUIDESERVICE
getUserRewards ---> TOURGUIDESERVICE
getUserRewards ---> TOURGUIDESERVICE
getUserRewards ---> TOURGUIDESERVICE
getUserRewards ---> TOURGUIDESERVICE
getUserRewards ---> TOURGUIDESERVICE
getUserRewards ---> TOURGUIDESERVICE
getUserRewards ---> TOURGUIDESERVICE
getUserRewards ---> TOURGUIDESERVICE
getUserRewards ---> TOURGUIDESERVICE
getUserRewards ---> TOURGUIDESERVICE
getUserRewards ---> TOURGUIDESERVICE
getUserRewards ---> TOURGUIDESERVICE
getUserRewards ---> TOURGUIDESERVICE
getUserRewards ---> TOURGUIDESERVICE
getUserRewards ---> TOURGUIDESERVICE
getUserRewards ---> TOURGUIDESERVICE
getUserRewards ---> TOURGUIDESERVICE
getUserRewards ---> TOURGUIDESERVICE
getUserRewards ---> TOURGUIDESERVICE
getUserRewards ---> TOURGUIDESERVICE
getUserRewards ---> TOURGUIDESERVICE
getUserRewards ---> TOURGUIDESERVICE
getUserRewards ---> TOURGUIDESERVICE
getUserRewards ---> TOURGUIDESERVICE
getUserRewards ---> TOURGUIDESERVICE
getUserRewards ---> TOURGUIDESERVICE
getUserRewards ---> TOURGUIDESERVICE
getUserRewards ---> TOURGUIDESERVICE
getUserRewards ---> TOURGUIDESERVICE
getUserRewards ---> TOURGUIDESERVICE
getUserRewards ---> TOURGUIDESERVICE
getUserRewards ---> TOURGUIDESERVICE
getUserRewards ---> TOURGUIDESERVICE
getUserRewards ---> TOURGUIDESERVICE
getUserRewards ---> TOURGUIDESERVICE
getUserRewards ---> TOURGUIDESERVICE
getUserRewards ---> TOURGUIDESERVICE
getUserRewards ---> TOURGUIDESERVICE
getUserRewards ---> TOURGUIDESERVICE
getUserRewards ---> TOURGUIDESERVICE
getUserRewards ---> TOURGUIDESERVICE
getUserRewards ---> TOURGUIDESERVICE
getUserRewards ---> TOURGUIDESERVICE
getUserRewards ---> TOURGUIDESERVICE
getUserRewards ---> TOURGUIDESERVICE
getUserRewards ---> TOURGUIDESERVICE
getUserRewards ---> TOURGUIDESERVICE
getUserRewards ---> TOURGUIDESERVICE
getUserRewards ---> TOURGUIDESERVICE
getUserRewards ---> TOURGUIDESERVICE
getUserRewards ---> TOURGUIDESERVICE
getUserRewards ---> TOURGUIDESERVICE
getUserRewards ---> TOURGUIDESERVICE
getUserRewards ---> TOURGUIDESERVICE
getUserRewards ---> TOURGUIDESERVICE
getUserRewards ---> TOURGUIDESERVICE
getUserRewards ---> TOURGUIDESERVICE
getUserRewards ---> TOURGUIDESERVICE
getUserRewards ---> TOURGUIDESERVICE
getUserRewards ---> TOURGUIDESERVICE
getUserRewards ---> TOURGUIDESERVICE
getUserRewards ---> TOURGUIDESERVICE
getUserRewards ---> TOURGUIDESERVICE
getUserRewards ---> TOURGUIDESERVICE
getUserRewards ---> TOURGUIDESERVICE
getUserRewards ---> TOURGUIDESERVICE
getUserRewards ---> TOURGUIDESERVICE
getUserRewards ---> TOURGUIDESERVICE
getUserRewards ---> TOURGUIDESERVICE
getUserRewards ---> TOURGUIDESERVICE
getUserRewards ---> TOURGUIDESERVICE
getUserRewards ---> TOURGUIDESERVICE
getUserRewards ---> TOURGUIDESERVICE
getUserRewards ---> TOURGUIDESERVICE
getUserRewards ---> TOURGUIDESERVICE
getUserRewards ---> TOURGUIDESERVICE
getUserRewards ---> TOURGUIDESERVICE
getUserRewards ---> TOURGUIDESERVICE
getUserRewards ---> TOURGUIDESERVICE
getUserRewards ---> TOURGUIDESERVICE
getUserRewards ---> TOURGUIDESERVICE
getUserRewards ---> TOURGUIDESERVICE
getUserRewards ---> TOURGUIDESERVICE
getUserRewards ---> TOURGUIDESERVICE
getUserRewards ---> TOURGUIDESERVICE
getUserRewards ---> TOURGUIDESERVICE
getUserRewards ---> TOURGUIDESERVICE
getUserRewards ---> TOURGUIDESERVICE
getUserRewards ---> TOURGUIDESERVICE
getUserRewards ---> TOURGUIDESERVICE
getUserRewards ---> TOURGUIDESERVICE
getUserRewards ---> TOURGUIDESERVICE
getUserRewards ---> TOURGUIDESERVICE
getUserRewards ---> TOURGUIDESERVICE
getUserRewards ---> TOURGUIDESERVICE
getUserRewards ---> TOURGUIDESERVICE
getUserRewards ---> TOURGUIDESERVICE
getUserRewards ---> TOURGUIDESERVICE
getUserRewards ---> TOURGUIDESERVICE
getUserRewards ---> TOURGUIDESERVICE
getUserRewards ---> TOURGUIDESERVICE
getUserRewards ---> TOURGUIDESERVICE
getUserRewards ---> TOURGUIDESERVICE
getUserRewards ---> TOURGUIDESERVICE
getUserRewards ---> TOURGUIDESERVICE
getUserRewards ---> TOURGUIDESERVICE
getUserRewards ---> TOURGUIDESERVICE
getUserRewards ---> TOURGUIDESERVICE
getUserRewards ---> TOURGUIDESERVICE
getUserRewards ---> TOURGUIDESERVICE
getUserRewards ---> TOURGUIDESERVICE
getUserRewards ---> TOURGUIDESERVICE
getUserRewards ---> TOURGUIDESERVICE
getUserRewards ---> TOURGUIDESERVICE
getUserRewards ---> TOURGUIDESERVICE
getUserRewards ---> TOURGUIDESERVICE
getUserRewards ---> TOURGUIDESERVICE
getUserRewards ---> TOURGUIDESERVICE
getUserRewards ---> TOURGUIDESERVICE
getUserRewards ---> TOURGUIDESERVICE
getUserRewards ---> TOURGUIDESERVICE
getUserRewards ---> TOURGUIDESERVICE
getUserRewards ---> TOURGUIDESERVICE
getUserRewards ---> TOURGUIDESERVICE
getUserRewards ---> TOURGUIDESERVICE
getUserRewards ---> TOURGUIDESERVICE
getUserRewards ---> TOURGUIDESERVICE
getUserRewards ---> TOURGUIDESERVICE
getUserRewards ---> TOURGUIDESERVICE
getUserRewards ---> TOURGUIDESERVICE
getUserRewards ---> TOURGUIDESERVICE
getUserRewards ---> TOURGUIDESERVICE
getUserRewards ---> TOURGUIDESERVICE
getUserRewards ---> TOURGUIDESERVICE
getUserRewards ---> TOURGUIDESERVICE
getUserRewards ---> TOURGUIDESERVICE
getUserRewards ---> TOURGUIDESERVICE
getUserRewards ---> TOURGUIDESERVICE
getUserRewards ---> TOURGUIDESERVICE
getUserRewards ---> TOURGUIDESERVICE
getUserRewards ---> TOURGUIDESERVICE
getUserRewards ---> TOURGUIDESERVICE
getUserRewards ---> TOURGUIDESERVICE
getUserRewards ---> TOURGUIDESERVICE
getUserRewards ---> TOURGUIDESERVICE
getUserRewards ---> TOURGUIDESERVICE
getUserRewards ---> TOURGUIDESERVICE
getUserRewards ---> TOURGUIDESERVICE
getUserRewards ---> TOURGUIDESERVICE
getUserRewards ---> TOURGUIDESERVICE
getUserRewards ---> TOURGUIDESERVICE
getUserRewards ---> TOURGUIDESERVICE
getUserRewards ---> TOURGUIDESERVICE
getUserRewards ---> TOURGUIDESERVICE
getUserRewards ---> TOURGUIDESERVICE
getUserRewards ---> TOURGUIDESERVICE
getUserRewards ---> TOURGUIDESERVICE
getUserRewards ---> TOURGUIDESERVICE
getUserRewards ---> TOURGUIDESERVICE
getUserRewards ---> TOURGUIDESERVICE
getUserRewards ---> TOURGUIDESERVICE
getUserRewards ---> TOURGUIDESERVICE
getUserRewards ---> TOURGUIDESERVICE
getUserRewards ---> TOURGUIDESERVICE
getUserRewards ---> TOURGUIDESERVICE
getUserRewards ---> TOURGUIDESERVICE
getUserRewards ---> TOURGUIDESERVICE
getUserRewards ---> TOURGUIDESERVICE
getUserRewards ---> TOURGUIDESERVICE
getUserRewards ---> TOURGUIDESERVICE
getUserRewards ---> TOURGUIDESERVICE
getUserRewards ---> TOURGUIDESERVICE
getUserRewards ---> TOURGUIDESERVICE
getUserRewards ---> TOURGUIDESERVICE
getUserRewards ---> TOURGUIDESERVICE
getUserRewards ---> TOURGUIDESERVICE
getUserRewards ---> TOURGUIDESERVICE
getUserRewards ---> TOURGUIDESERVICE
getUserRewards ---> TOURGUIDESERVICE
getUserRewards ---> TOURGUIDESERVICE
getUserRewards ---> TOURGUIDESERVICE
getUserRewards ---> TOURGUIDESERVICE
getUserRewards ---> TOURGUIDESERVICE
getUserRewards ---> TOURGUIDESERVICE
getUserRewards ---> TOURGUIDESERVICE
getUserRewards ---> TOURGUIDESERVICE
getUserRewards ---> TOURGUIDESERVICE
getUserRewards ---> TOURGUIDESERVICE
getUserRewards ---> TOURGUIDESERVICE
getUserRewards ---> TOURGUIDESERVICE
getUserRewards ---> TOURGUIDESERVICE
getUserRewards ---> TOURGUIDESERVICE
getUserRewards ---> TOURGUIDESERVICE
getUserRewards ---> TOURGUIDESERVICE
getUserRewards ---> TOURGUIDESERVICE
getUserRewards ---> TOURGUIDESERVICE
getUserRewards ---> TOURGUIDESERVICE
getUserRewards ---> TOURGUIDESERVICE
getUserRewards ---> TOURGUIDESERVICE
getUserRewards ---> TOURGUIDESERVICE
getUserRewards ---> TOURGUIDESERVICE
getUserRewards ---> TOURGUIDESERVICE
getUserRewards ---> TOURGUIDESERVICE
getUserRewards ---> TOURGUIDESERVICE
getUserRewards ---> TOURGUIDESERVICE
getUserRewards ---> TOURGUIDESERVICE
getUserRewards ---> TOURGUIDESERVICE
getUserRewards ---> TOURGUIDESERVICE
getUserRewards ---> TOURGUIDESERVICE
getUserRewards ---> TOURGUIDESERVICE
getUserRewards ---> TOURGUIDESERVICE
getUserRewards ---> TOURGUIDESERVICE
getUserRewards ---> TOURGUIDESERVICE
getUserRewards ---> TOURGUIDESERVICE
getUserRewards ---> TOURGUIDESERVICE
getUserRewards ---> TOURGUIDESERVICE
getUserRewards ---> TOURGUIDESERVICE
getUserRewards ---> TOURGUIDESERVICE
getUserRewards ---> TOURGUIDESERVICE
getUserRewards ---> TOURGUIDESERVICE
getUserRewards ---> TOURGUIDESERVICE
getUserRewards ---> TOURGUIDESERVICE
getUserRewards ---> TOURGUIDESERVICE
getUserRewards ---> TOURGUIDESERVICE
getUserRewards ---> TOURGUIDESERVICE
getUserRewards ---> TOURGUIDESERVICE
getUserRewards ---> TOURGUIDESERVICE
getUserRewards ---> TOURGUIDESERVICE
getUserRewards ---> TOURGUIDESERVICE
getUserRewards ---> TOURGUIDESERVICE
getUserRewards ---> TOURGUIDESERVICE
getUserRewards ---> TOURGUIDESERVICE
getUserRewards ---> TOURGUIDESERVICE
getUserRewards ---> TOURGUIDESERVICE
getUserRewards ---> TOURGUIDESERVICE
getUserRewards ---> TOURGUIDESERVICE
getUserRewards ---> TOURGUIDESERVICE
getUserRewards ---> TOURGUIDESERVICE
getUserRewards ---> TOURGUIDESERVICE
getUserRewards ---> TOURGUIDESERVICE
getUserRewards ---> TOURGUIDESERVICE
getUserRewards ---> TOURGUIDESERVICE
getUserRewards ---> TOURGUIDESERVICE
getUserRewards ---> TOURGUIDESERVICE
getUserRewards ---> TOURGUIDESERVICE
getUserRewards ---> TOURGUIDESERVICE
getUserRewards ---> TOURGUIDESERVICE
getUserRewards ---> TOURGUIDESERVICE
getUserRewards ---> TOURGUIDESERVICE
getUserRewards ---> TOURGUIDESERVICE
getUserRewards ---> TOURGUIDESERVICE
getUserRewards ---> TOURGUIDESERVICE
getUserRewards ---> TOURGUIDESERVICE
getUserRewards ---> TOURGUIDESERVICE
getUserRewards ---> TOURGUIDESERVICE
getUserRewards ---> TOURGUIDESERVICE
getUserRewards ---> TOURGUIDESERVICE
getUserRewards ---> TOURGUIDESERVICE
getUserRewards ---> TOURGUIDESERVICE
getUserRewards ---> TOURGUIDESERVICE
getUserRewards ---> TOURGUIDESERVICE
getUserRewards ---> TOURGUIDESERVICE
getUserRewards ---> TOURGUIDESERVICE
getUserRewards ---> TOURGUIDESERVICE
getUserRewards ---> TOURGUIDESERVICE
getUserRewards ---> TOURGUIDESERVICE
getUserRewards ---> TOURGUIDESERVICE
getUserRewards ---> TOURGUIDESERVICE
getUserRewards ---> TOURGUIDESERVICE
getUserRewards ---> TOURGUIDESERVICE
getUserRewards ---> TOURGUIDESERVICE
getUserRewards ---> TOURGUIDESERVICE
getUserRewards ---> TOURGUIDESERVICE
getUserRewards ---> TOURGUIDESERVICE
getUserRewards ---> TOURGUIDESERVICE
getUserRewards ---> TOURGUIDESERVICE
getUserRewards ---> TOURGUIDESERVICE
getUserRewards ---> TOURGUIDESERVICE
getUserRewards ---> TOURGUIDESERVICE
getUserRewards ---> TOURGUIDESERVICE
getUserRewards ---> TOURGUIDESERVICE
getUserRewards ---> TOURGUIDESERVICE
getUserRewards ---> TOURGUIDESERVICE
getUserRewards ---> TOURGUIDESERVICE
getUserRewards ---> TOURGUIDESERVICE
getUserRewards ---> TOURGUIDESERVICE
getUserRewards ---> TOURGUIDESERVICE
getUserRewards ---> TOURGUIDESERVICE
getUserRewards ---> TOURGUIDESERVICE
getUserRewards ---> TOURGUIDESERVICE
getUserRewards ---> TOURGUIDESERVICE
getUserRewards ---> TOURGUIDESERVICE
getUserRewards ---> TOURGUIDESERVICE
getUserRewards ---> TOURGUIDESERVICE
getUserRewards ---> TOURGUIDESERVICE
getUserRewards ---> TOURGUIDESERVICE
getUserRewards ---> TOURGUIDESERVICE
getUserRewards ---> TOURGUIDESERVICE
getUserRewards ---> TOURGUIDESERVICE
getUserRewards ---> TOURGUIDESERVICE
getUserRewards ---> TOURGUIDESERVICE
getUserRewards ---> TOURGUIDESERVICE
getUserRewards ---> TOURGUIDESERVICE
getUserRewards ---> TOURGUIDESERVICE
getUserRewards ---> TOURGUIDESERVICE
getUserRewards ---> TOURGUIDESERVICE
getUserRewards ---> TOURGUIDESERVICE
getUserRewards ---> TOURGUIDESERVICE
getUserRewards ---> TOURGUIDESERVICE
getUserRewards ---> TOURGUIDESERVICE
getUserRewards ---> TOURGUIDESERVICE
getUserRewards ---> TOURGUIDESERVICE
getUserRewards ---> TOURGUIDESERVICE
getUserRewards ---> TOURGUIDESERVICE
getUserRewards ---> TOURGUIDESERVICE
getUserRewards ---> TOURGUIDESERVICE
getUserRewards ---> TOURGUIDESERVICE
getUserRewards ---> TOURGUIDESERVICE
getUserRewards ---> TOURGUIDESERVICE
getUserRewards ---> TOURGUIDESERVICE
getUserRewards ---> TOURGUIDESERVICE
getUserRewards ---> TOURGUIDESERVICE
getUserRewards ---> TOURGUIDESERVICE
getUserRewards ---> TOURGUIDESERVICE
getUserRewards ---> TOURGUIDESERVICE
getUserRewards ---> TOURGUIDESERVICE
getUserRewards ---> TOURGUIDESERVICE
getUserRewards ---> TOURGUIDESERVICE
getUserRewards ---> TOURGUIDESERVICE
getUserRewards ---> TOURGUIDESERVICE
getUserRewards ---> TOURGUIDESERVICE
getUserRewards ---> TOURGUIDESERVICE
getUserRewards ---> TOURGUIDESERVICE
getUserRewards ---> TOURGUIDESERVICE
getUserRewards ---> TOURGUIDESERVICE
getUserRewards ---> TOURGUIDESERVICE
getUserRewards ---> TOURGUIDESERVICE
getUserRewards ---> TOURGUIDESERVICE
getUserRewards ---> TOURGUIDESERVICE
getUserRewards ---> TOURGUIDESERVICE
getUserRewards ---> TOURGUIDESERVICE
getUserRewards ---> TOURGUIDESERVICE
getUserRewards ---> TOURGUIDESERVICE
getUserRewards ---> TOURGUIDESERVICE
getUserRewards ---> TOURGUIDESERVICE
getUserRewards ---> TOURGUIDESERVICE
getUserRewards ---> TOURGUIDESERVICE
getUserRewards ---> TOURGUIDESERVICE
getUserRewards ---> TOURGUIDESERVICE
getUserRewards ---> TOURGUIDESERVICE
getUserRewards ---> TOURGUIDESERVICE
getUserRewards ---> TOURGUIDESERVICE
getUserRewards ---> TOURGUIDESERVICE
getUserRewards ---> TOURGUIDESERVICE
getUserRewards ---> TOURGUIDESERVICE
getUserRewards ---> TOURGUIDESERVICE
getUserRewards ---> TOURGUIDESERVICE
getUserRewards ---> TOURGUIDESERVICE
getUserRewards ---> TOURGUIDESERVICE
getUserRewards ---> TOURGUIDESERVICE
getUserRewards ---> TOURGUIDESERVICE
getUserRewards ---> TOURGUIDESERVICE
getUserRewards ---> TOURGUIDESERVICE
getUserRewards ---> TOURGUIDESERVICE
getUserRewards ---> TOURGUIDESERVICE
getUserRewards ---> TOURGUIDESERVICE
getUserRewards ---> TOURGUIDESERVICE
getUserRewards ---> TOURGUIDESERVICE
getUserRewards ---> TOURGUIDESERVICE
getUserRewards ---> TOURGUIDESERVICE
getUserRewards ---> TOURGUIDESERVICE
getUserRewards ---> TOURGUIDESERVICE
getUserRewards ---> TOURGUIDESERVICE
getUserRewards ---> TOURGUIDESERVICE
getUserRewards ---> TOURGUIDESERVICE
getUserRewards ---> TOURGUIDESERVICE
getUserRewards ---> TOURGUIDESERVICE
getUserRewards ---> TOURGUIDESERVICE
getUserRewards ---> TOURGUIDESERVICE
getUserRewards ---> TOURGUIDESERVICE
getUserRewards ---> TOURGUIDESERVICE
getUserRewards ---> TOURGUIDESERVICE
getUserRewards ---> TOURGUIDESERVICE
getUserRewards ---> TOURGUIDESERVICE
getUserRewards ---> TOURGUIDESERVICE
getUserRewards ---> TOURGUIDESERVICE
getUserRewards ---> TOURGUIDESERVICE
getUserRewards ---> TOURGUIDESERVICE
getUserRewards ---> TOURGUIDESERVICE
getUserRewards ---> TOURGUIDESERVICE
getUserRewards ---> TOURGUIDESERVICE
getUserRewards ---> TOURGUIDESERVICE
getUserRewards ---> TOURGUIDESERVICE
getUserRewards ---> TOURGUIDESERVICE
getUserRewards ---> TOURGUIDESERVICE
getUserRewards ---> TOURGUIDESERVICE
getUserRewards ---> TOURGUIDESERVICE
getUserRewards ---> TOURGUIDESERVICE
getUserRewards ---> TOURGUIDESERVICE
getUserRewards ---> TOURGUIDESERVICE
getUserRewards ---> TOURGUIDESERVICE
getUserRewards ---> TOURGUIDESERVICE
getUserRewards ---> TOURGUIDESERVICE
getUserRewards ---> TOURGUIDESERVICE
getUserRewards ---> TOURGUIDESERVICE
getUserRewards ---> TOURGUIDESERVICE
getUserRewards ---> TOURGUIDESERVICE
getUserRewards ---> TOURGUIDESERVICE
getUserRewards ---> TOURGUIDESERVICE
getUserRewards ---> TOURGUIDESERVICE
getUserRewards ---> TOURGUIDESERVICE
getUserRewards ---> TOURGUIDESERVICE
getUserRewards ---> TOURGUIDESERVICE
getUserRewards ---> TOURGUIDESERVICE
getUserRewards ---> TOURGUIDESERVICE
getUserRewards ---> TOURGUIDESERVICE
getUserRewards ---> TOURGUIDESERVICE
getUserRewards ---> TOURGUIDESERVICE
getUserRewards ---> TOURGUIDESERVICE
getUserRewards ---> TOURGUIDESERVICE
getUserRewards ---> TOURGUIDESERVICE
getUserRewards ---> TOURGUIDESERVICE
getUserRewards ---> TOURGUIDESERVICE
getUserRewards ---> TOURGUIDESERVICE
getUserRewards ---> TOURGUIDESERVICE
getUserRewards ---> TOURGUIDESERVICE
getUserRewards ---> TOURGUIDESERVICE
getUserRewards ---> TOURGUIDESERVICE
getUserRewards ---> TOURGUIDESERVICE
getUserRewards ---> TOURGUIDESERVICE
getUserRewards ---> TOURGUIDESERVICE
getUserRewards ---> TOURGUIDESERVICE
getUserRewards ---> TOURGUIDESERVICE
getUserRewards ---> TOURGUIDESERVICE
getUserRewards ---> TOURGUIDESERVICE
getUserRewards ---> TOURGUIDESERVICE
getUserRewards ---> TOURGUIDESERVICE
getUserRewards ---> TOURGUIDESERVICE
getUserRewards ---> TOURGUIDESERVICE
getUserRewards ---> TOURGUIDESERVICE
getUserRewards ---> TOURGUIDESERVICE
getUserRewards ---> TOURGUIDESERVICE
getUserRewards ---> TOURGUIDESERVICE
getUserRewards ---> TOURGUIDESERVICE
getUserRewards ---> TOURGUIDESERVICE
getUserRewards ---> TOURGUIDESERVICE
getUserRewards ---> TOURGUIDESERVICE
getUserRewards ---> TOURGUIDESERVICE
getUserRewards ---> TOURGUIDESERVICE
getUserRewards ---> TOURGUIDESERVICE
getUserRewards ---> TOURGUIDESERVICE
getUserRewards ---> TOURGUIDESERVICE
getUserRewards ---> TOURGUIDESERVICE
getUserRewards ---> TOURGUIDESERVICE
getUserRewards ---> TOURGUIDESERVICE
getUserRewards ---> TOURGUIDESERVICE
getUserRewards ---> TOURGUIDESERVICE
getUserRewards ---> TOURGUIDESERVICE
getUserRewards ---> TOURGUIDESERVICE
getUserRewards ---> TOURGUIDESERVICE
getUserRewards ---> TOURGUIDESERVICE
getUserRewards ---> TOURGUIDESERVICE
getUserRewards ---> TOURGUIDESERVICE
getUserRewards ---> TOURGUIDESERVICE
getUserRewards ---> TOURGUIDESERVICE
getUserRewards ---> TOURGUIDESERVICE
getUserRewards ---> TOURGUIDESERVICE
getUserRewards ---> TOURGUIDESERVICE
getUserRewards ---> TOURGUIDESERVICE
getUserRewards ---> TOURGUIDESERVICE
getUserRewards ---> TOURGUIDESERVICE
getUserRewards ---> TOURGUIDESERVICE
getUserRewards ---> TOURGUIDESERVICE
getUserRewards ---> TOURGUIDESERVICE
getUserRewards ---> TOURGUIDESERVICE
getUserRewards ---> TOURGUIDESERVICE
getUserRewards ---> TOURGUIDESERVICE
getUserRewards ---> TOURGUIDESERVICE
getUserRewards ---> TOURGUIDESERVICE
getUserRewards ---> TOURGUIDESERVICE
getUserRewards ---> TOURGUIDESERVICE
getUserRewards ---> TOURGUIDESERVICE
getUserRewards ---> TOURGUIDESERVICE
getUserRewards ---> TOURGUIDESERVICE
getUserRewards ---> TOURGUIDESERVICE
getUserRewards ---> TOURGUIDESERVICE
getUserRewards ---> TOURGUIDESERVICE
getUserRewards ---> TOURGUIDESERVICE
getUserRewards ---> TOURGUIDESERVICE
getUserRewards ---> TOURGUIDESERVICE
getUserRewards ---> TOURGUIDESERVICE
getUserRewards ---> TOURGUIDESERVICE
getUserRewards ---> TOURGUIDESERVICE
getUserRewards ---> TOURGUIDESERVICE
getUserRewards ---> TOURGUIDESERVICE
getUserRewards ---> TOURGUIDESERVICE
getUserRewards ---> TOURGUIDESERVICE
getUserRewards ---> TOURGUIDESERVICE
getUserRewards ---> TOURGUIDESERVICE
getUserRewards ---> TOURGUIDESERVICE
getUserRewards ---> TOURGUIDESERVICE
getUserRewards ---> TOURGUIDESERVICE
getUserRewards ---> TOURGUIDESERVICE
getUserRewards ---> TOURGUIDESERVICE
getUserRewards ---> TOURGUIDESERVICE
getUserRewards ---> TOURGUIDESERVICE
getUserRewards ---> TOURGUIDESERVICE
getUserRewards ---> TOURGUIDESERVICE
getUserRewards ---> TOURGUIDESERVICE
getUserRewards ---> TOURGUIDESERVICE
getUserRewards ---> TOURGUIDESERVICE
getUserRewards ---> TOURGUIDESERVICE
getUserRewards ---> TOURGUIDESERVICE
getUserRewards ---> TOURGUIDESERVICE
getUserRewards ---> TOURGUIDESERVICE
getUserRewards ---> TOURGUIDESERVICE
getUserRewards ---> TOURGUIDESERVICE
getUserRewards ---> TOURGUIDESERVICE
getUserRewards ---> TOURGUIDESERVICE
getUserRewards ---> TOURGUIDESERVICE
getUserRewards ---> TOURGUIDESERVICE
getUserRewards ---> TOURGUIDESERVICE
getUserRewards ---> TOURGUIDESERVICE
getUserRewards ---> TOURGUIDESERVICE
getUserRewards ---> TOURGUIDESERVICE
getUserRewards ---> TOURGUIDESERVICE
getUserRewards ---> TOURGUIDESERVICE
getUserRewards ---> TOURGUIDESERVICE
getUserRewards ---> TOURGUIDESERVICE
getUserRewards ---> TOURGUIDESERVICE
getUserRewards ---> TOURGUIDESERVICE
getUserRewards ---> TOURGUIDESERVICE
getUserRewards ---> TOURGUIDESERVICE
getUserRewards ---> TOURGUIDESERVICE
getUserRewards ---> TOURGUIDESERVICE
getUserRewards ---> TOURGUIDESERVICE
getUserRewards ---> TOURGUIDESERVICE
getUserRewards ---> TOURGUIDESERVICE
getUserRewards ---> TOURGUIDESERVICE
getUserRewards ---> TOURGUIDESERVICE
getUserRewards ---> TOURGUIDESERVICE
getUserRewards ---> TOURGUIDESERVICE
getUserRewards ---> TOURGUIDESERVICE
getUserRewards ---> TOURGUIDESERVICE
getUserRewards ---> TOURGUIDESERVICE
getUserRewards ---> TOURGUIDESERVICE
getUserRewards ---> TOURGUIDESERVICE
getUserRewards ---> TOURGUIDESERVICE
getUserRewards ---> TOURGUIDESERVICE
getUserRewards ---> TOURGUIDESERVICE
getUserRewards ---> TOURGUIDESERVICE
getUserRewards ---> TOURGUIDESERVICE
getUserRewards ---> TOURGUIDESERVICE
getUserRewards ---> TOURGUIDESERVICE
getUserRewards ---> TOURGUIDESERVICE
getUserRewards ---> TOURGUIDESERVICE
getUserRewards ---> TOURGUIDESERVICE
getUserRewards ---> TOURGUIDESERVICE
getUserRewards ---> TOURGUIDESERVICE
getUserRewards ---> TOURGUIDESERVICE
getUserRewards ---> TOURGUIDESERVICE
getUserRewards ---> TOURGUIDESERVICE
getUserRewards ---> TOURGUIDESERVICE
getUserRewards ---> TOURGUIDESERVICE
getUserRewards ---> TOURGUIDESERVICE
getUserRewards ---> TOURGUIDESERVICE
getUserRewards ---> TOURGUIDESERVICE
getUserRewards ---> TOURGUIDESERVICE
getUserRewards ---> TOURGUIDESERVICE
getUserRewards ---> TOURGUIDESERVICE
getUserRewards ---> TOURGUIDESERVICE
getUserRewards ---> TOURGUIDESERVICE
getUserRewards ---> TOURGUIDESERVICE
getUserRewards ---> TOURGUIDESERVICE
getUserRewards ---> TOURGUIDESERVICE
getUserRewards ---> TOURGUIDESERVICE
getUserRewards ---> TOURGUIDESERVICE
getUserRewards ---> TOURGUIDESERVICE
getUserRewards ---> TOURGUIDESERVICE
getUserRewards ---> TOURGUIDESERVICE
getUserRewards ---> TOURGUIDESERVICE
getUserRewards ---> TOURGUIDESERVICE
getUserRewards ---> TOURGUIDESERVICE
getUserRewards ---> TOURGUIDESERVICE
getUserRewards ---> TOURGUIDESERVICE
getUserRewards ---> TOURGUIDESERVICE
getUserRewards ---> TOURGUIDESERVICE
getUserRewards ---> TOURGUIDESERVICE
getUserRewards ---> TOURGUIDESERVICE
getUserRewards ---> TOURGUIDESERVICE
getUserRewards ---> TOURGUIDESERVICE
getUserRewards ---> TOURGUIDESERVICE
getUserRewards ---> TOURGUIDESERVICE
getUserRewards ---> TOURGUIDESERVICE
getUserRewards ---> TOURGUIDESERVICE
getUserRewards ---> TOURGUIDESERVICE
getUserRewards ---> TOURGUIDESERVICE
getUserRewards ---> TOURGUIDESERVICE
getUserRewards ---> TOURGUIDESERVICE
getUserRewards ---> TOURGUIDESERVICE
getUserRewards ---> TOURGUIDESERVICE
getUserRewards ---> TOURGUIDESERVICE
getUserRewards ---> TOURGUIDESERVICE
getUserRewards ---> TOURGUIDESERVICE
getUserRewards ---> TOURGUIDESERVICE
getUserRewards ---> TOURGUIDESERVICE
getUserRewards ---> TOURGUIDESERVICE
getUserRewards ---> TOURGUIDESERVICE
getUserRewards ---> TOURGUIDESERVICE
getUserRewards ---> TOURGUIDESERVICE
getUserRewards ---> TOURGUIDESERVICE
getUserRewards ---> TOURGUIDESERVICE
getUserRewards ---> TOURGUIDESERVICE
getUserRewards ---> TOURGUIDESERVICE
getUserRewards ---> TOURGUIDESERVICE
getUserRewards ---> TOURGUIDESERVICE
getUserRewards ---> TOURGUIDESERVICE
getUserRewards ---> TOURGUIDESERVICE
getUserRewards ---> TOURGUIDESERVICE
getUserRewards ---> TOURGUIDESERVICE
getUserRewards ---> TOURGUIDESERVICE
getUserRewards ---> TOURGUIDESERVICE
getUserRewards ---> TOURGUIDESERVICE
getUserRewards ---> TOURGUIDESERVICE
getUserRewards ---> TOURGUIDESERVICE
getUserRewards ---> TOURGUIDESERVICE
getUserRewards ---> TOURGUIDESERVICE
getUserRewards ---> TOURGUIDESERVICE
getUserRewards ---> TOURGUIDESERVICE
getUserRewards ---> TOURGUIDESERVICE
getUserRewards ---> TOURGUIDESERVICE
getUserRewards ---> TOURGUIDESERVICE
getUserRewards ---> TOURGUIDESERVICE
getUserRewards ---> TOURGUIDESERVICE
getUserRewards ---> TOURGUIDESERVICE
getUserRewards ---> TOURGUIDESERVICE
getUserRewards ---> TOURGUIDESERVICE
getUserRewards ---> TOURGUIDESERVICE
getUserRewards ---> TOURGUIDESERVICE
getUserRewards ---> TOURGUIDESERVICE
getUserRewards ---> TOURGUIDESERVICE
getUserRewards ---> TOURGUIDESERVICE
getUserRewards ---> TOURGUIDESERVICE
getUserRewards ---> TOURGUIDESERVICE
getUserRewards ---> TOURGUIDESERVICE
getUserRewards ---> TOURGUIDESERVICE
getUserRewards ---> TOURGUIDESERVICE
getUserRewards ---> TOURGUIDESERVICE
getUserRewards ---> TOURGUIDESERVICE
getUserRewards ---> TOURGUIDESERVICE
getUserRewards ---> TOURGUIDESERVICE
getUserRewards ---> TOURGUIDESERVICE
getUserRewards ---> TOURGUIDESERVICE
getUserRewards ---> TOURGUIDESERVICE
getUserRewards ---> TOURGUIDESERVICE
getUserRewards ---> TOURGUIDESERVICE
getUserRewards ---> TOURGUIDESERVICE
getUserRewards ---> TOURGUIDESERVICE
getUserRewards ---> TOURGUIDESERVICE
getUserRewards ---> TOURGUIDESERVICE
getUserRewards ---> TOURGUIDESERVICE
getUserRewards ---> TOURGUIDESERVICE
getUserRewards ---> TOURGUIDESERVICE
getUserRewards ---> TOURGUIDESERVICE
getUserRewards ---> TOURGUIDESERVICE
getUserRewards ---> TOURGUIDESERVICE
getUserRewards ---> TOURGUIDESERVICE
getUserRewards ---> TOURGUIDESERVICE
getUserRewards ---> TOURGUIDESERVICE
getUserRewards ---> TOURGUIDESERVICE
getUserRewards ---> TOURGUIDESERVICE
getUserRewards ---> TOURGUIDESERVICE
getUserRewards ---> TOURGUIDESERVICE
getUserRewards ---> TOURGUIDESERVICE
getUserRewards ---> TOURGUIDESERVICE
getUserRewards ---> TOURGUIDESERVICE
getUserRewards ---> TOURGUIDESERVICE
getUserRewards ---> TOURGUIDESERVICE
getUserRewards ---> TOURGUIDESERVICE
getUserRewards ---> TOURGUIDESERVICE
getUserRewards ---> TOURGUIDESERVICE
getUserRewards ---> TOURGUIDESERVICE
getUserRewards ---> TOURGUIDESERVICE
getUserRewards ---> TOURGUIDESERVICE
getUserRewards ---> TOURGUIDESERVICE
getUserRewards ---> TOURGUIDESERVICE
getUserRewards ---> TOURGUIDESERVICE
getUserRewards ---> TOURGUIDESERVICE
getUserRewards ---> TOURGUIDESERVICE
getUserRewards ---> TOURGUIDESERVICE
getUserRewards ---> TOURGUIDESERVICE
getUserRewards ---> TOURGUIDESERVICE
getUserRewards ---> TOURGUIDESERVICE
getUserRewards ---> TOURGUIDESERVICE
getUserRewards ---> TOURGUIDESERVICE
getUserRewards ---> TOURGUIDESERVICE
getUserRewards ---> TOURGUIDESERVICE
getUserRewards ---> TOURGUIDESERVICE
getUserRewards ---> TOURGUIDESERVICE
getUserRewards ---> TOURGUIDESERVICE
getUserRewards ---> TOURGUIDESERVICE
getUserRewards ---> TOURGUIDESERVICE
getUserRewards ---> TOURGUIDESERVICE
getUserRewards ---> TOURGUIDESERVICE
getUserRewards ---> TOURGUIDESERVICE
getUserRewards ---> TOURGUIDESERVICE
getUserRewards ---> TOURGUIDESERVICE
getUserRewards ---> TOURGUIDESERVICE
getUserRewards ---> TOURGUIDESERVICE
getUserRewards ---> TOURGUIDESERVICE
getUserRewards ---> TOURGUIDESERVICE
getUserRewards ---> TOURGUIDESERVICE
getUserRewards ---> TOURGUIDESERVICE
getUserRewards ---> TOURGUIDESERVICE
getUserRewards ---> TOURGUIDESERVICE
getUserRewards ---> TOURGUIDESERVICE
getUserRewards ---> TOURGUIDESERVICE
getUserRewards ---> TOURGUIDESERVICE
getUserRewards ---> TOURGUIDESERVICE
getUserRewards ---> TOURGUIDESERVICE
getUserRewards ---> TOURGUIDESERVICE
getUserRewards ---> TOURGUIDESERVICE
getUserRewards ---> TOURGUIDESERVICE
getUserRewards ---> TOURGUIDESERVICE
getUserRewards ---> TOURGUIDESERVICE
getUserRewards ---> TOURGUIDESERVICE
getUserRewards ---> TOURGUIDESERVICE
getUserRewards ---> TOURGUIDESERVICE
getUserRewards ---> TOURGUIDESERVICE
getUserRewards ---> TOURGUIDESERVICE
getUserRewards ---> TOURGUIDESERVICE
getUserRewards ---> TOURGUIDESERVICE
getUserRewards ---> TOURGUIDESERVICE
getUserRewards ---> TOURGUIDESERVICE
getUserRewards ---> TOURGUIDESERVICE
getUserRewards ---> TOURGUIDESERVICE
getUserRewards ---> TOURGUIDESERVICE
getUserRewards ---> TOURGUIDESERVICE
getUserRewards ---> TOURGUIDESERVICE
getUserRewards ---> TOURGUIDESERVICE
getUserRewards ---> TOURGUIDESERVICE
getUserRewards ---> TOURGUIDESERVICE
getUserRewards ---> TOURGUIDESERVICE
getUserRewards ---> TOURGUIDESERVICE
getUserRewards ---> TOURGUIDESERVICE
getUserRewards ---> TOURGUIDESERVICE
getUserRewards ---> TOURGUIDESERVICE
getUserRewards ---> TOURGUIDESERVICE
getUserRewards ---> TOURGUIDESERVICE
getUserRewards ---> TOURGUIDESERVICE
getUserRewards ---> TOURGUIDESERVICE
getUserRewards ---> TOURGUIDESERVICE
getUserRewards ---> TOURGUIDESERVICE
getUserRewards ---> TOURGUIDESERVICE
getUserRewards ---> TOURGUIDESERVICE
getUserRewards ---> TOURGUIDESERVICE
getUserRewards ---> TOURGUIDESERVICE
getUserRewards ---> TOURGUIDESERVICE
getUserRewards ---> TOURGUIDESERVICE
getUserRewards ---> TOURGUIDESERVICE
getUserRewards ---> TOURGUIDESERVICE
getUserRewards ---> TOURGUIDESERVICE
getUserRewards ---> TOURGUIDESERVICE
getUserRewards ---> TOURGUIDESERVICE
getUserRewards ---> TOURGUIDESERVICE
getUserRewards ---> TOURGUIDESERVICE
getUserRewards ---> TOURGUIDESERVICE
getUserRewards ---> TOURGUIDESERVICE
getUserRewards ---> TOURGUIDESERVICE
getUserRewards ---> TOURGUIDESERVICE
getUserRewards ---> TOURGUIDESERVICE
getUserRewards ---> TOURGUIDESERVICE
getUserRewards ---> TOURGUIDESERVICE
getUserRewards ---> TOURGUIDESERVICE
getUserRewards ---> TOURGUIDESERVICE
getUserRewards ---> TOURGUIDESERVICE
getUserRewards ---> TOURGUIDESERVICE
getUserRewards ---> TOURGUIDESERVICE
getUserRewards ---> TOURGUIDESERVICE
getUserRewards ---> TOURGUIDESERVICE
getUserRewards ---> TOURGUIDESERVICE
getUserRewards ---> TOURGUIDESERVICE
getUserRewards ---> TOURGUIDESERVICE
getUserRewards ---> TOURGUIDESERVICE
getUserRewards ---> TOURGUIDESERVICE
getUserRewards ---> TOURGUIDESERVICE
getUserRewards ---> TOURGUIDESERVICE
getUserRewards ---> TOURGUIDESERVICE
getUserRewards ---> TOURGUIDESERVICE
getUserRewards ---> TOURGUIDESERVICE
getUserRewards ---> TOURGUIDESERVICE
getUserRewards ---> TOURGUIDESERVICE
getUserRewards ---> TOURGUIDESERVICE
getUserRewards ---> TOURGUIDESERVICE
getUserRewards ---> TOURGUIDESERVICE
getUserRewards ---> TOURGUIDESERVICE
getUserRewards ---> TOURGUIDESERVICE
getUserRewards ---> TOURGUIDESERVICE
getUserRewards ---> TOURGUIDESERVICE
getUserRewards ---> TOURGUIDESERVICE
getUserRewards ---> TOURGUIDESERVICE
getUserRewards ---> TOURGUIDESERVICE
getUserRewards ---> TOURGUIDESERVICE
getUserRewards ---> TOURGUIDESERVICE
getUserRewards ---> TOURGUIDESERVICE
getUserRewards ---> TOURGUIDESERVICE
getUserRewards ---> TOURGUIDESERVICE
getUserRewards ---> TOURGUIDESERVICE
getUserRewards ---> TOURGUIDESERVICE
getUserRewards ---> TOURGUIDESERVICE
getUserRewards ---> TOURGUIDESERVICE
getUserRewards ---> TOURGUIDESERVICE
getUserRewards ---> TOURGUIDESERVICE
getUserRewards ---> TOURGUIDESERVICE
getUserRewards ---> TOURGUIDESERVICE
getUserRewards ---> TOURGUIDESERVICE
getUserRewards ---> TOURGUIDESERVICE
getUserRewards ---> TOURGUIDESERVICE
getUserRewards ---> TOURGUIDESERVICE
getUserRewards ---> TOURGUIDESERVICE
getUserRewards ---> TOURGUIDESERVICE
getUserRewards ---> TOURGUIDESERVICE
getUserRewards ---> TOURGUIDESERVICE
getUserRewards ---> TOURGUIDESERVICE
getUserRewards ---> TOURGUIDESERVICE
getUserRewards ---> TOURGUIDESERVICE
getUserRewards ---> TOURGUIDESERVICE
getUserRewards ---> TOURGUIDESERVICE
getUserRewards ---> TOURGUIDESERVICE
getUserRewards ---> TOURGUIDESERVICE
getUserRewards ---> TOURGUIDESERVICE
getUserRewards ---> TOURGUIDESERVICE
getUserRewards ---> TOURGUIDESERVICE
getUserRewards ---> TOURGUIDESERVICE
getUserRewards ---> TOURGUIDESERVICE
getUserRewards ---> TOURGUIDESERVICE
getUserRewards ---> TOURGUIDESERVICE
getUserRewards ---> TOURGUIDESERVICE
getUserRewards ---> TOURGUIDESERVICE
getUserRewards ---> TOURGUIDESERVICE
getUserRewards ---> TOURGUIDESERVICE
getUserRewards ---> TOURGUIDESERVICE
getUserRewards ---> TOURGUIDESERVICE
getUserRewards ---> TOURGUIDESERVICE
getUserRewards ---> TOURGUIDESERVICE
getUserRewards ---> TOURGUIDESERVICE
getUserRewards ---> TOURGUIDESERVICE
getUserRewards ---> TOURGUIDESERVICE
getUserRewards ---> TOURGUIDESERVICE
getUserRewards ---> TOURGUIDESERVICE
getUserRewards ---> TOURGUIDESERVICE
getUserRewards ---> TOURGUIDESERVICE
getUserRewards ---> TOURGUIDESERVICE
getUserRewards ---> TOURGUIDESERVICE
getUserRewards ---> TOURGUIDESERVICE
getUserRewards ---> TOURGUIDESERVICE
getUserRewards ---> TOURGUIDESERVICE
getUserRewards ---> TOURGUIDESERVICE
getUserRewards ---> TOURGUIDESERVICE
getUserRewards ---> TOURGUIDESERVICE
getUserRewards ---> TOURGUIDESERVICE
getUserRewards ---> TOURGUIDESERVICE
getUserRewards ---> TOURGUIDESERVICE
getUserRewards ---> TOURGUIDESERVICE
getUserRewards ---> TOURGUIDESERVICE
getUserRewards ---> TOURGUIDESERVICE
getUserRewards ---> TOURGUIDESERVICE
getUserRewards ---> TOURGUIDESERVICE
getUserRewards ---> TOURGUIDESERVICE
getUserRewards ---> TOURGUIDESERVICE
getUserRewards ---> TOURGUIDESERVICE
getUserRewards ---> TOURGUIDESERVICE
getUserRewards ---> TOURGUIDESERVICE
getUserRewards ---> TOURGUIDESERVICE
getUserRewards ---> TOURGUIDESERVICE
getUserRewards ---> TOURGUIDESERVICE
getUserRewards ---> TOURGUIDESERVICE
getUserRewards ---> TOURGUIDESERVICE
getUserRewards ---> TOURGUIDESERVICE
getUserRewards ---> TOURGUIDESERVICE
getUserRewards ---> TOURGUIDESERVICE
getUserRewards ---> TOURGUIDESERVICE
getUserRewards ---> TOURGUIDESERVICE
getUserRewards ---> TOURGUIDESERVICE
getUserRewards ---> TOURGUIDESERVICE
getUserRewards ---> TOURGUIDESERVICE
getUserRewards ---> TOURGUIDESERVICE
getUserRewards ---> TOURGUIDESERVICE
getUserRewards ---> TOURGUIDESERVICE
getUserRewards ---> TOURGUIDESERVICE
getUserRewards ---> TOURGUIDESERVICE
getUserRewards ---> TOURGUIDESERVICE
getUserRewards ---> TOURGUIDESERVICE
getUserRewards ---> TOURGUIDESERVICE
getUserRewards ---> TOURGUIDESERVICE
getUserRewards ---> TOURGUIDESERVICE
getUserRewards ---> TOURGUIDESERVICE
getUserRewards ---> TOURGUIDESERVICE
getUserRewards ---> TOURGUIDESERVICE
getUserRewards ---> TOURGUIDESERVICE
getUserRewards ---> TOURGUIDESERVICE
getUserRewards ---> TOURGUIDESERVICE
getUserRewards ---> TOURGUIDESERVICE
getUserRewards ---> TOURGUIDESERVICE
getUserRewards ---> TOURGUIDESERVICE
getUserRewards ---> TOURGUIDESERVICE
getUserRewards ---> TOURGUIDESERVICE
getUserRewards ---> TOURGUIDESERVICE
getUserRewards ---> TOURGUIDESERVICE
getUserRewards ---> TOURGUIDESERVICE
getUserRewards ---> TOURGUIDESERVICE
getUserRewards ---> TOURGUIDESERVICE
getUserRewards ---> TOURGUIDESERVICE
getUserRewards ---> TOURGUIDESERVICE
getUserRewards ---> TOURGUIDESERVICE
getUserRewards ---> TOURGUIDESERVICE
getUserRewards ---> TOURGUIDESERVICE
getUserRewards ---> TOURGUIDESERVICE
getUserRewards ---> TOURGUIDESERVICE
getUserRewards ---> TOURGUIDESERVICE
getUserRewards ---> TOURGUIDESERVICE
getUserRewards ---> TOURGUIDESERVICE
getUserRewards ---> TOURGUIDESERVICE
getUserRewards ---> TOURGUIDESERVICE
getUserRewards ---> TOURGUIDESERVICE
getUserRewards ---> TOURGUIDESERVICE
getUserRewards ---> TOURGUIDESERVICE
getUserRewards ---> TOURGUIDESERVICE
getUserRewards ---> TOURGUIDESERVICE
getUserRewards ---> TOURGUIDESERVICE
getUserRewards ---> TOURGUIDESERVICE
getUserRewards ---> TOURGUIDESERVICE
getUserRewards ---> TOURGUIDESERVICE
getUserRewards ---> TOURGUIDESERVICE
getUserRewards ---> TOURGUIDESERVICE
getUserRewards ---> TOURGUIDESERVICE
getUserRewards ---> TOURGUIDESERVICE
getUserRewards ---> TOURGUIDESERVICE
getUserRewards ---> TOURGUIDESERVICE
getUserRewards ---> TOURGUIDESERVICE
getUserRewards ---> TOURGUIDESERVICE
getUserRewards ---> TOURGUIDESERVICE
getUserRewards ---> TOURGUIDESERVICE
getUserRewards ---> TOURGUIDESERVICE
getUserRewards ---> TOURGUIDESERVICE
getUserRewards ---> TOURGUIDESERVICE
getUserRewards ---> TOURGUIDESERVICE
getUserRewards ---> TOURGUIDESERVICE
getUserRewards ---> TOURGUIDESERVICE
getUserRewards ---> TOURGUIDESERVICE
getUserRewards ---> TOURGUIDESERVICE
getUserRewards ---> TOURGUIDESERVICE
getUserRewards ---> TOURGUIDESERVICE
getUserRewards ---> TOURGUIDESERVICE
getUserRewards ---> TOURGUIDESERVICE
getUserRewards ---> TOURGUIDESERVICE
getUserRewards ---> TOURGUIDESERVICE
getUserRewards ---> TOURGUIDESERVICE
getUserRewards ---> TOURGUIDESERVICE
getUserRewards ---> TOURGUIDESERVICE
getUserRewards ---> TOURGUIDESERVICE
getUserRewards ---> TOURGUIDESERVICE
getUserRewards ---> TOURGUIDESERVICE
getUserRewards ---> TOURGUIDESERVICE
getUserRewards ---> TOURGUIDESERVICE
getUserRewards ---> TOURGUIDESERVICE
getUserRewards ---> TOURGUIDESERVICE
getUserRewards ---> TOURGUIDESERVICE
getUserRewards ---> TOURGUIDESERVICE
getUserRewards ---> TOURGUIDESERVICE
getUserRewards ---> TOURGUIDESERVICE
getUserRewards ---> TOURGUIDESERVICE
getUserRewards ---> TOURGUIDESERVICE
getUserRewards ---> TOURGUIDESERVICE
getUserRewards ---> TOURGUIDESERVICE
getUserRewards ---> TOURGUIDESERVICE
getUserRewards ---> TOURGUIDESERVICE
getUserRewards ---> TOURGUIDESERVICE
getUserRewards ---> TOURGUIDESERVICE
getUserRewards ---> TOURGUIDESERVICE
getUserRewards ---> TOURGUIDESERVICE
getUserRewards ---> TOURGUIDESERVICE
getUserRewards ---> TOURGUIDESERVICE
getUserRewards ---> TOURGUIDESERVICE
getUserRewards ---> TOURGUIDESERVICE
getUserRewards ---> TOURGUIDESERVICE
getUserRewards ---> TOURGUIDESERVICE
getUserRewards ---> TOURGUIDESERVICE
getUserRewards ---> TOURGUIDESERVICE
getUserRewards ---> TOURGUIDESERVICE
getUserRewards ---> TOURGUIDESERVICE
getUserRewards ---> TOURGUIDESERVICE
getUserRewards ---> TOURGUIDESERVICE
getUserRewards ---> TOURGUIDESERVICE
getUserRewards ---> TOURGUIDESERVICE
getUserRewards ---> TOURGUIDESERVICE
getUserRewards ---> TOURGUIDESERVICE
getUserRewards ---> TOURGUIDESERVICE
getUserRewards ---> TOURGUIDESERVICE
getUserRewards ---> TOURGUIDESERVICE
getUserRewards ---> TOURGUIDESERVICE
getUserRewards ---> TOURGUIDESERVICE
getUserRewards ---> TOURGUIDESERVICE
getUserRewards ---> TOURGUIDESERVICE
getUserRewards ---> TOURGUIDESERVICE
getUserRewards ---> TOURGUIDESERVICE
getUserRewards ---> TOURGUIDESERVICE
getUserRewards ---> TOURGUIDESERVICE
getUserRewards ---> TOURGUIDESERVICE
getUserRewards ---> TOURGUIDESERVICE
getUserRewards ---> TOURGUIDESERVICE
getUserRewards ---> TOURGUIDESERVICE
getUserRewards ---> TOURGUIDESERVICE
getUserRewards ---> TOURGUIDESERVICE
getUserRewards ---> TOURGUIDESERVICE
getUserRewards ---> TOURGUIDESERVICE
getUserRewards ---> TOURGUIDESERVICE
getUserRewards ---> TOURGUIDESERVICE
getUserRewards ---> TOURGUIDESERVICE
getUserRewards ---> TOURGUIDESERVICE
getUserRewards ---> TOURGUIDESERVICE
getUserRewards ---> TOURGUIDESERVICE
getUserRewards ---> TOURGUIDESERVICE
getUserRewards ---> TOURGUIDESERVICE
getUserRewards ---> TOURGUIDESERVICE
getUserRewards ---> TOURGUIDESERVICE
getUserRewards ---> TOURGUIDESERVICE
getUserRewards ---> TOURGUIDESERVICE
getUserRewards ---> TOURGUIDESERVICE
getUserRewards ---> TOURGUIDESERVICE
getUserRewards ---> TOURGUIDESERVICE
getUserRewards ---> TOURGUIDESERVICE
getUserRewards ---> TOURGUIDESERVICE
getUserRewards ---> TOURGUIDESERVICE
getUserRewards ---> TOURGUIDESERVICE
getUserRewards ---> TOURGUIDESERVICE
getUserRewards ---> TOURGUIDESERVICE
getUserRewards ---> TOURGUIDESERVICE
getUserRewards ---> TOURGUIDESERVICE
getUserRewards ---> TOURGUIDESERVICE
getUserRewards ---> TOURGUIDESERVICE
getUserRewards ---> TOURGUIDESERVICE
getUserRewards ---> TOURGUIDESERVICE
getUserRewards ---> TOURGUIDESERVICE
getUserRewards ---> TOURGUIDESERVICE
getUserRewards ---> TOURGUIDESERVICE
getUserRewards ---> TOURGUIDESERVICE
getUserRewards ---> TOURGUIDESERVICE
getUserRewards ---> TOURGUIDESERVICE
getUserRewards ---> TOURGUIDESERVICE
getUserRewards ---> TOURGUIDESERVICE
getUserRewards ---> TOURGUIDESERVICE
getUserRewards ---> TOURGUIDESERVICE
getUserRewards ---> TOURGUIDESERVICE
getUserRewards ---> TOURGUIDESERVICE
getUserRewards ---> TOURGUIDESERVICE
getUserRewards ---> TOURGUIDESERVICE
getUserRewards ---> TOURGUIDESERVICE
getUserRewards ---> TOURGUIDESERVICE
getUserRewards ---> TOURGUIDESERVICE
getUserRewards ---> TOURGUIDESERVICE
getUserRewards ---> TOURGUIDESERVICE
getUserRewards ---> TOURGUIDESERVICE
getUserRewards ---> TOURGUIDESERVICE
getUserRewards ---> TOURGUIDESERVICE
getUserRewards ---> TOURGUIDESERVICE
getUserRewards ---> TOURGUIDESERVICE
getUserRewards ---> TOURGUIDESERVICE
getUserRewards ---> TOURGUIDESERVICE
getUserRewards ---> TOURGUIDESERVICE
getUserRewards ---> TOURGUIDESERVICE
getUserRewards ---> TOURGUIDESERVICE
getUserRewards ---> TOURGUIDESERVICE
getUserRewards ---> TOURGUIDESERVICE
getUserRewards ---> TOURGUIDESERVICE
getUserRewards ---> TOURGUIDESERVICE
getUserRewards ---> TOURGUIDESERVICE
getUserRewards ---> TOURGUIDESERVICE
getUserRewards ---> TOURGUIDESERVICE
getUserRewards ---> TOURGUIDESERVICE
getUserRewards ---> TOURGUIDESERVICE
getUserRewards ---> TOURGUIDESERVICE
getUserRewards ---> TOURGUIDESERVICE
getUserRewards ---> TOURGUIDESERVICE
getUserRewards ---> TOURGUIDESERVICE
getUserRewards ---> TOURGUIDESERVICE
getUserRewards ---> TOURGUIDESERVICE
getUserRewards ---> TOURGUIDESERVICE
getUserRewards ---> TOURGUIDESERVICE
getUserRewards ---> TOURGUIDESERVICE
getUserRewards ---> TOURGUIDESERVICE
getUserRewards ---> TOURGUIDESERVICE
getUserRewards ---> TOURGUIDESERVICE
getUserRewards ---> TOURGUIDESERVICE
getUserRewards ---> TOURGUIDESERVICE
getUserRewards ---> TOURGUIDESERVICE
getUserRewards ---> TOURGUIDESERVICE
getUserRewards ---> TOURGUIDESERVICE
getUserRewards ---> TOURGUIDESERVICE
getUserRewards ---> TOURGUIDESERVICE
getUserRewards ---> TOURGUIDESERVICE
getUserRewards ---> TOURGUIDESERVICE
getUserRewards ---> TOURGUIDESERVICE
getUserRewards ---> TOURGUIDESERVICE
getUserRewards ---> TOURGUIDESERVICE
getUserRewards ---> TOURGUIDESERVICE
getUserRewards ---> TOURGUIDESERVICE
getUserRewards ---> TOURGUIDESERVICE
getUserRewards ---> TOURGUIDESERVICE
getUserRewards ---> TOURGUIDESERVICE
getUserRewards ---> TOURGUIDESERVICE
getUserRewards ---> TOURGUIDESERVICE
getUserRewards ---> TOURGUIDESERVICE
getUserRewards ---> TOURGUIDESERVICE
getUserRewards ---> TOURGUIDESERVICE
getUserRewards ---> TOURGUIDESERVICE
getUserRewards ---> TOURGUIDESERVICE
getUserRewards ---> TOURGUIDESERVICE
getUserRewards ---> TOURGUIDESERVICE
getUserRewards ---> TOURGUIDESERVICE
getUserRewards ---> TOURGUIDESERVICE
getUserRewards ---> TOURGUIDESERVICE
getUserRewards ---> TOURGUIDESERVICE
getUserRewards ---> TOURGUIDESERVICE
getUserRewards ---> TOURGUIDESERVICE
getUserRewards ---> TOURGUIDESERVICE
getUserRewards ---> TOURGUIDESERVICE
getUserRewards ---> TOURGUIDESERVICE
getUserRewards ---> TOURGUIDESERVICE
getUserRewards ---> TOURGUIDESERVICE
getUserRewards ---> TOURGUIDESERVICE
getUserRewards ---> TOURGUIDESERVICE
getUserRewards ---> TOURGUIDESERVICE
getUserRewards ---> TOURGUIDESERVICE
getUserRewards ---> TOURGUIDESERVICE
getUserRewards ---> TOURGUIDESERVICE
getUserRewards ---> TOURGUIDESERVICE
getUserRewards ---> TOURGUIDESERVICE
getUserRewards ---> TOURGUIDESERVICE
getUserRewards ---> TOURGUIDESERVICE
getUserRewards ---> TOURGUIDESERVICE
getUserRewards ---> TOURGUIDESERVICE
getUserRewards ---> TOURGUIDESERVICE
getUserRewards ---> TOURGUIDESERVICE
getUserRewards ---> TOURGUIDESERVICE
getUserRewards ---> TOURGUIDESERVICE
getUserRewards ---> TOURGUIDESERVICE
getUserRewards ---> TOURGUIDESERVICE
getUserRewards ---> TOURGUIDESERVICE
getUserRewards ---> TOURGUIDESERVICE
getUserRewards ---> TOURGUIDESERVICE
getUserRewards ---> TOURGUIDESERVICE
getUserRewards ---> TOURGUIDESERVICE
getUserRewards ---> TOURGUIDESERVICE
getUserRewards ---> TOURGUIDESERVICE
getUserRewards ---> TOURGUIDESERVICE
getUserRewards ---> TOURGUIDESERVICE
getUserRewards ---> TOURGUIDESERVICE
getUserRewards ---> TOURGUIDESERVICE
getUserRewards ---> TOURGUIDESERVICE
getUserRewards ---> TOURGUIDESERVICE
getUserRewards ---> TOURGUIDESERVICE
getUserRewards ---> TOURGUIDESERVICE
getUserRewards ---> TOURGUIDESERVICE
getUserRewards ---> TOURGUIDESERVICE
getUserRewards ---> TOURGUIDESERVICE
getUserRewards ---> TOURGUIDESERVICE
getUserRewards ---> TOURGUIDESERVICE
getUserRewards ---> TOURGUIDESERVICE
getUserRewards ---> TOURGUIDESERVICE
getUserRewards ---> TOURGUIDESERVICE
getUserRewards ---> TOURGUIDESERVICE
getUserRewards ---> TOURGUIDESERVICE
getUserRewards ---> TOURGUIDESERVICE
getUserRewards ---> TOURGUIDESERVICE
getUserRewards ---> TOURGUIDESERVICE
getUserRewards ---> TOURGUIDESERVICE
getUserRewards ---> TOURGUIDESERVICE
getUserRewards ---> TOURGUIDESERVICE
getUserRewards ---> TOURGUIDESERVICE
getUserRewards ---> TOURGUIDESERVICE
getUserRewards ---> TOURGUIDESERVICE
getUserRewards ---> TOURGUIDESERVICE
getUserRewards ---> TOURGUIDESERVICE
getUserRewards ---> TOURGUIDESERVICE
getUserRewards ---> TOURGUIDESERVICE
getUserRewards ---> TOURGUIDESERVICE
getUserRewards ---> TOURGUIDESERVICE
getUserRewards ---> TOURGUIDESERVICE
getUserRewards ---> TOURGUIDESERVICE
getUserRewards ---> TOURGUIDESERVICE
getUserRewards ---> TOURGUIDESERVICE
getUserRewards ---> TOURGUIDESERVICE
getUserRewards ---> TOURGUIDESERVICE
getUserRewards ---> TOURGUIDESERVICE
getUserRewards ---> TOURGUIDESERVICE
getUserRewards ---> TOURGUIDESERVICE
getUserRewards ---> TOURGUIDESERVICE
getUserRewards ---> TOURGUIDESERVICE
getUserRewards ---> TOURGUIDESERVICE
getUserRewards ---> TOURGUIDESERVICE
getUserRewards ---> TOURGUIDESERVICE
getUserRewards ---> TOURGUIDESERVICE
getUserRewards ---> TOURGUIDESERVICE
getUserRewards ---> TOURGUIDESERVICE
getUserRewards ---> TOURGUIDESERVICE
getUserRewards ---> TOURGUIDESERVICE
getUserRewards ---> TOURGUIDESERVICE
getUserRewards ---> TOURGUIDESERVICE
getUserRewards ---> TOURGUIDESERVICE
getUserRewards ---> TOURGUIDESERVICE
getUserRewards ---> TOURGUIDESERVICE
getUserRewards ---> TOURGUIDESERVICE
getUserRewards ---> TOURGUIDESERVICE
getUserRewards ---> TOURGUIDESERVICE
getUserRewards ---> TOURGUIDESERVICE
getUserRewards ---> TOURGUIDESERVICE
getUserRewards ---> TOURGUIDESERVICE
getUserRewards ---> TOURGUIDESERVICE
getUserRewards ---> TOURGUIDESERVICE
getUserRewards ---> TOURGUIDESERVICE
getUserRewards ---> TOURGUIDESERVICE
getUserRewards ---> TOURGUIDESERVICE
getUserRewards ---> TOURGUIDESERVICE
getUserRewards ---> TOURGUIDESERVICE
getUserRewards ---> TOURGUIDESERVICE
getUserRewards ---> TOURGUIDESERVICE
getUserRewards ---> TOURGUIDESERVICE
getUserRewards ---> TOURGUIDESERVICE
getUserRewards ---> TOURGUIDESERVICE
getUserRewards ---> TOURGUIDESERVICE
getUserRewards ---> TOURGUIDESERVICE
getUserRewards ---> TOURGUIDESERVICE
getUserRewards ---> TOURGUIDESERVICE
getUserRewards ---> TOURGUIDESERVICE
getUserRewards ---> TOURGUIDESERVICE
getUserRewards ---> TOURGUIDESERVICE
getUserRewards ---> TOURGUIDESERVICE
getUserRewards ---> TOURGUIDESERVICE
getUserRewards ---> TOURGUIDESERVICE
getUserRewards ---> TOURGUIDESERVICE
getUserRewards ---> TOURGUIDESERVICE
getUserRewards ---> TOURGUIDESERVICE
getUserRewards ---> TOURGUIDESERVICE
getUserRewards ---> TOURGUIDESERVICE
getUserRewards ---> TOURGUIDESERVICE
getUserRewards ---> TOURGUIDESERVICE
getUserRewards ---> TOURGUIDESERVICE
getUserRewards ---> TOURGUIDESERVICE
getUserRewards ---> TOURGUIDESERVICE
getUserRewards ---> TOURGUIDESERVICE
getUserRewards ---> TOURGUIDESERVICE
getUserRewards ---> TOURGUIDESERVICE
getUserRewards ---> TOURGUIDESERVICE
getUserRewards ---> TOURGUIDESERVICE
getUserRewards ---> TOURGUIDESERVICE
getUserRewards ---> TOURGUIDESERVICE
getUserRewards ---> TOURGUIDESERVICE
getUserRewards ---> TOURGUIDESERVICE
getUserRewards ---> TOURGUIDESERVICE
getUserRewards ---> TOURGUIDESERVICE
getUserRewards ---> TOURGUIDESERVICE
getUserRewards ---> TOURGUIDESERVICE
getUserRewards ---> TOURGUIDESERVICE
getUserRewards ---> TOURGUIDESERVICE
getUserRewards ---> TOURGUIDESERVICE
getUserRewards ---> TOURGUIDESERVICE
getUserRewards ---> TOURGUIDESERVICE
getUserRewards ---> TOURGUIDESERVICE
getUserRewards ---> TOURGUIDESERVICE
getUserRewards ---> TOURGUIDESERVICE
getUserRewards ---> TOURGUIDESERVICE
getUserRewards ---> TOURGUIDESERVICE
getUserRewards ---> TOURGUIDESERVICE
getUserRewards ---> TOURGUIDESERVICE
getUserRewards ---> TOURGUIDESERVICE
getUserRewards ---> TOURGUIDESERVICE
getUserRewards ---> TOURGUIDESERVICE
getUserRewards ---> TOURGUIDESERVICE
getUserRewards ---> TOURGUIDESERVICE
getUserRewards ---> TOURGUIDESERVICE
getUserRewards ---> TOURGUIDESERVICE
getUserRewards ---> TOURGUIDESERVICE
getUserRewards ---> TOURGUIDESERVICE
getUserRewards ---> TOURGUIDESERVICE
getUserRewards ---> TOURGUIDESERVICE
getUserRewards ---> TOURGUIDESERVICE
getUserRewards ---> TOURGUIDESERVICE
getUserRewards ---> TOURGUIDESERVICE
getUserRewards ---> TOURGUIDESERVICE
getUserRewards ---> TOURGUIDESERVICE
getUserRewards ---> TOURGUIDESERVICE
getUserRewards ---> TOURGUIDESERVICE
getUserRewards ---> TOURGUIDESERVICE
getUserRewards ---> TOURGUIDESERVICE
getUserRewards ---> TOURGUIDESERVICE
getUserRewards ---> TOURGUIDESERVICE
getUserRewards ---> TOURGUIDESERVICE
getUserRewards ---> TOURGUIDESERVICE
getUserRewards ---> TOURGUIDESERVICE
getUserRewards ---> TOURGUIDESERVICE
getUserRewards ---> TOURGUIDESERVICE
getUserRewards ---> TOURGUIDESERVICE
getUserRewards ---> TOURGUIDESERVICE
getUserRewards ---> TOURGUIDESERVICE
getUserRewards ---> TOURGUIDESERVICE
getUserRewards ---> TOURGUIDESERVICE
getUserRewards ---> TOURGUIDESERVICE
getUserRewards ---> TOURGUIDESERVICE
getUserRewards ---> TOURGUIDESERVICE
getUserRewards ---> TOURGUIDESERVICE
getUserRewards ---> TOURGUIDESERVICE
getUserRewards ---> TOURGUIDESERVICE
getUserRewards ---> TOURGUIDESERVICE
getUserRewards ---> TOURGUIDESERVICE
getUserRewards ---> TOURGUIDESERVICE
getUserRewards ---> TOURGUIDESERVICE
getUserRewards ---> TOURGUIDESERVICE
getUserRewards ---> TOURGUIDESERVICE
getUserRewards ---> TOURGUIDESERVICE
getUserRewards ---> TOURGUIDESERVICE
getUserRewards ---> TOURGUIDESERVICE
getUserRewards ---> TOURGUIDESERVICE
getUserRewards ---> TOURGUIDESERVICE
getUserRewards ---> TOURGUIDESERVICE
getUserRewards ---> TOURGUIDESERVICE
getUserRewards ---> TOURGUIDESERVICE
getUserRewards ---> TOURGUIDESERVICE
getUserRewards ---> TOURGUIDESERVICE
getUserRewards ---> TOURGUIDESERVICE
getUserRewards ---> TOURGUIDESERVICE
getUserRewards ---> TOURGUIDESERVICE
getUserRewards ---> TOURGUIDESERVICE
getUserRewards ---> TOURGUIDESERVICE
getUserRewards ---> TOURGUIDESERVICE
getUserRewards ---> TOURGUIDESERVICE
getUserRewards ---> TOURGUIDESERVICE
getUserRewards ---> TOURGUIDESERVICE
getUserRewards ---> TOURGUIDESERVICE
getUserRewards ---> TOURGUIDESERVICE
getUserRewards ---> TOURGUIDESERVICE
getUserRewards ---> TOURGUIDESERVICE
getUserRewards ---> TOURGUIDESERVICE
getUserRewards ---> TOURGUIDESERVICE
getUserRewards ---> TOURGUIDESERVICE
getUserRewards ---> TOURGUIDESERVICE
getUserRewards ---> TOURGUIDESERVICE
getUserRewards ---> TOURGUIDESERVICE
getUserRewards ---> TOURGUIDESERVICE
getUserRewards ---> TOURGUIDESERVICE
getUserRewards ---> TOURGUIDESERVICE
getUserRewards ---> TOURGUIDESERVICE
getUserRewards ---> TOURGUIDESERVICE
getUserRewards ---> TOURGUIDESERVICE
getUserRewards ---> TOURGUIDESERVICE
getUserRewards ---> TOURGUIDESERVICE
getUserRewards ---> TOURGUIDESERVICE
getUserRewards ---> TOURGUIDESERVICE
getUserRewards ---> TOURGUIDESERVICE
getUserRewards ---> TOURGUIDESERVICE
getUserRewards ---> TOURGUIDESERVICE
getUserRewards ---> TOURGUIDESERVICE
getUserRewards ---> TOURGUIDESERVICE
getUserRewards ---> TOURGUIDESERVICE
getUserRewards ---> TOURGUIDESERVICE
getUserRewards ---> TOURGUIDESERVICE
getUserRewards ---> TOURGUIDESERVICE
getUserRewards ---> TOURGUIDESERVICE
getUserRewards ---> TOURGUIDESERVICE
getUserRewards ---> TOURGUIDESERVICE
getUserRewards ---> TOURGUIDESERVICE
getUserRewards ---> TOURGUIDESERVICE
getUserRewards ---> TOURGUIDESERVICE
getUserRewards ---> TOURGUIDESERVICE
getUserRewards ---> TOURGUIDESERVICE
getUserRewards ---> TOURGUIDESERVICE
getUserRewards ---> TOURGUIDESERVICE
getUserRewards ---> TOURGUIDESERVICE
getUserRewards ---> TOURGUIDESERVICE
getUserRewards ---> TOURGUIDESERVICE
getUserRewards ---> TOURGUIDESERVICE
getUserRewards ---> TOURGUIDESERVICE
getUserRewards ---> TOURGUIDESERVICE
getUserRewards ---> TOURGUIDESERVICE
getUserRewards ---> TOURGUIDESERVICE
getUserRewards ---> TOURGUIDESERVICE
getUserRewards ---> TOURGUIDESERVICE
getUserRewards ---> TOURGUIDESERVICE
getUserRewards ---> TOURGUIDESERVICE
getUserRewards ---> TOURGUIDESERVICE
getUserRewards ---> TOURGUIDESERVICE
getUserRewards ---> TOURGUIDESERVICE
getUserRewards ---> TOURGUIDESERVICE
getUserRewards ---> TOURGUIDESERVICE
getUserRewards ---> TOURGUIDESERVICE
getUserRewards ---> TOURGUIDESERVICE
getUserRewards ---> TOURGUIDESERVICE
getUserRewards ---> TOURGUIDESERVICE
getUserRewards ---> TOURGUIDESERVICE
getUserRewards ---> TOURGUIDESERVICE
getUserRewards ---> TOURGUIDESERVICE
getUserRewards ---> TOURGUIDESERVICE
getUserRewards ---> TOURGUIDESERVICE
getUserRewards ---> TOURGUIDESERVICE
getUserRewards ---> TOURGUIDESERVICE
getUserRewards ---> TOURGUIDESERVICE
getUserRewards ---> TOURGUIDESERVICE
getUserRewards ---> TOURGUIDESERVICE
getUserRewards ---> TOURGUIDESERVICE
getUserRewards ---> TOURGUIDESERVICE
getUserRewards ---> TOURGUIDESERVICE
getUserRewards ---> TOURGUIDESERVICE
getUserRewards ---> TOURGUIDESERVICE
getUserRewards ---> TOURGUIDESERVICE
getUserRewards ---> TOURGUIDESERVICE
getUserRewards ---> TOURGUIDESERVICE
getUserRewards ---> TOURGUIDESERVICE
getUserRewards ---> TOURGUIDESERVICE
getUserRewards ---> TOURGUIDESERVICE
getUserRewards ---> TOURGUIDESERVICE
getUserRewards ---> TOURGUIDESERVICE
getUserRewards ---> TOURGUIDESERVICE
getUserRewards ---> TOURGUIDESERVICE
getUserRewards ---> TOURGUIDESERVICE
getUserRewards ---> TOURGUIDESERVICE
getUserRewards ---> TOURGUIDESERVICE
getUserRewards ---> TOURGUIDESERVICE
getUserRewards ---> TOURGUIDESERVICE
getUserRewards ---> TOURGUIDESERVICE
getUserRewards ---> TOURGUIDESERVICE
getUserRewards ---> TOURGUIDESERVICE
getUserRewards ---> TOURGUIDESERVICE
getUserRewards ---> TOURGUIDESERVICE
getUserRewards ---> TOURGUIDESERVICE
getUserRewards ---> TOURGUIDESERVICE
getUserRewards ---> TOURGUIDESERVICE
getUserRewards ---> TOURGUIDESERVICE
getUserRewards ---> TOURGUIDESERVICE
getUserRewards ---> TOURGUIDESERVICE
getUserRewards ---> TOURGUIDESERVICE
getUserRewards ---> TOURGUIDESERVICE
getUserRewards ---> TOURGUIDESERVICE
getUserRewards ---> TOURGUIDESERVICE
getUserRewards ---> TOURGUIDESERVICE
getUserRewards ---> TOURGUIDESERVICE
getUserRewards ---> TOURGUIDESERVICE
getUserRewards ---> TOURGUIDESERVICE
getUserRewards ---> TOURGUIDESERVICE
getUserRewards ---> TOURGUIDESERVICE
getUserRewards ---> TOURGUIDESERVICE
getUserRewards ---> TOURGUIDESERVICE
getUserRewards ---> TOURGUIDESERVICE
getUserRewards ---> TOURGUIDESERVICE
getUserRewards ---> TOURGUIDESERVICE
getUserRewards ---> TOURGUIDESERVICE
getUserRewards ---> TOURGUIDESERVICE
getUserRewards ---> TOURGUIDESERVICE
getUserRewards ---> TOURGUIDESERVICE
getUserRewards ---> TOURGUIDESERVICE
getUserRewards ---> TOURGUIDESERVICE
getUserRewards ---> TOURGUIDESERVICE
getUserRewards ---> TOURGUIDESERVICE
getUserRewards ---> TOURGUIDESERVICE
getUserRewards ---> TOURGUIDESERVICE
getUserRewards ---> TOURGUIDESERVICE
getUserRewards ---> TOURGUIDESERVICE
getUserRewards ---> TOURGUIDESERVICE
getUserRewards ---> TOURGUIDESERVICE
getUserRewards ---> TOURGUIDESERVICE
getUserRewards ---> TOURGUIDESERVICE
getUserRewards ---> TOURGUIDESERVICE
getUserRewards ---> TOURGUIDESERVICE
getUserRewards ---> TOURGUIDESERVICE
getUserRewards ---> TOURGUIDESERVICE
getUserRewards ---> TOURGUIDESERVICE
getUserRewards ---> TOURGUIDESERVICE
getUserRewards ---> TOURGUIDESERVICE
getUserRewards ---> TOURGUIDESERVICE
getUserRewards ---> TOURGUIDESERVICE
getUserRewards ---> TOURGUIDESERVICE
getUserRewards ---> TOURGUIDESERVICE
getUserRewards ---> TOURGUIDESERVICE
getUserRewards ---> TOURGUIDESERVICE
getUserRewards ---> TOURGUIDESERVICE
getUserRewards ---> TOURGUIDESERVICE
getUserRewards ---> TOURGUIDESERVICE
getUserRewards ---> TOURGUIDESERVICE
getUserRewards ---> TOURGUIDESERVICE
getUserRewards ---> TOURGUIDESERVICE
getUserRewards ---> TOURGUIDESERVICE
getUserRewards ---> TOURGUIDESERVICE
getUserRewards ---> TOURGUIDESERVICE
getUserRewards ---> TOURGUIDESERVICE
getUserRewards ---> TOURGUIDESERVICE
getUserRewards ---> TOURGUIDESERVICE
getUserRewards ---> TOURGUIDESERVICE
getUserRewards ---> TOURGUIDESERVICE
getUserRewards ---> TOURGUIDESERVICE
getUserRewards ---> TOURGUIDESERVICE
getUserRewards ---> TOURGUIDESERVICE
getUserRewards ---> TOURGUIDESERVICE
getUserRewards ---> TOURGUIDESERVICE
getUserRewards ---> TOURGUIDESERVICE
getUserRewards ---> TOURGUIDESERVICE
getUserRewards ---> TOURGUIDESERVICE
getUserRewards ---> TOURGUIDESERVICE
getUserRewards ---> TOURGUIDESERVICE
getUserRewards ---> TOURGUIDESERVICE
getUserRewards ---> TOURGUIDESERVICE
getUserRewards ---> TOURGUIDESERVICE
getUserRewards ---> TOURGUIDESERVICE
getUserRewards ---> TOURGUIDESERVICE
getUserRewards ---> TOURGUIDESERVICE
getUserRewards ---> TOURGUIDESERVICE
getUserRewards ---> TOURGUIDESERVICE
getUserRewards ---> TOURGUIDESERVICE
getUserRewards ---> TOURGUIDESERVICE
getUserRewards ---> TOURGUIDESERVICE
getUserRewards ---> TOURGUIDESERVICE
getUserRewards ---> TOURGUIDESERVICE
getUserRewards ---> TOURGUIDESERVICE
getUserRewards ---> TOURGUIDESERVICE
getUserRewards ---> TOURGUIDESERVICE
getUserRewards ---> TOURGUIDESERVICE
getUserRewards ---> TOURGUIDESERVICE
getUserRewards ---> TOURGUIDESERVICE
getUserRewards ---> TOURGUIDESERVICE
getUserRewards ---> TOURGUIDESERVICE
getUserRewards ---> TOURGUIDESERVICE
getUserRewards ---> TOURGUIDESERVICE
getUserRewards ---> TOURGUIDESERVICE
getUserRewards ---> TOURGUIDESERVICE
getUserRewards ---> TOURGUIDESERVICE
getUserRewards ---> TOURGUIDESERVICE
getUserRewards ---> TOURGUIDESERVICE
getUserRewards ---> TOURGUIDESERVICE
getUserRewards ---> TOURGUIDESERVICE
getUserRewards ---> TOURGUIDESERVICE
getUserRewards ---> TOURGUIDESERVICE
getUserRewards ---> TOURGUIDESERVICE
getUserRewards ---> TOURGUIDESERVICE
getUserRewards ---> TOURGUIDESERVICE
getUserRewards ---> TOURGUIDESERVICE
getUserRewards ---> TOURGUIDESERVICE
getUserRewards ---> TOURGUIDESERVICE
getUserRewards ---> TOURGUIDESERVICE
getUserRewards ---> TOURGUIDESERVICE
getUserRewards ---> TOURGUIDESERVICE
getUserRewards ---> TOURGUIDESERVICE
getUserRewards ---> TOURGUIDESERVICE
getUserRewards ---> TOURGUIDESERVICE
getUserRewards ---> TOURGUIDESERVICE
getUserRewards ---> TOURGUIDESERVICE
getUserRewards ---> TOURGUIDESERVICE
getUserRewards ---> TOURGUIDESERVICE
getUserRewards ---> TOURGUIDESERVICE
getUserRewards ---> TOURGUIDESERVICE
getUserRewards ---> TOURGUIDESERVICE
getUserRewards ---> TOURGUIDESERVICE
getUserRewards ---> TOURGUIDESERVICE
getUserRewards ---> TOURGUIDESERVICE
getUserRewards ---> TOURGUIDESERVICE
getUserRewards ---> TOURGUIDESERVICE
getUserRewards ---> TOURGUIDESERVICE
getUserRewards ---> TOURGUIDESERVICE
getUserRewards ---> TOURGUIDESERVICE
getUserRewards ---> TOURGUIDESERVICE
getUserRewards ---> TOURGUIDESERVICE
getUserRewards ---> TOURGUIDESERVICE
getUserRewards ---> TOURGUIDESERVICE
getUserRewards ---> TOURGUIDESERVICE
getUserRewards ---> TOURGUIDESERVICE
getUserRewards ---> TOURGUIDESERVICE
getUserRewards ---> TOURGUIDESERVICE
getUserRewards ---> TOURGUIDESERVICE
getUserRewards ---> TOURGUIDESERVICE
getUserRewards ---> TOURGUIDESERVICE
getUserRewards ---> TOURGUIDESERVICE
getUserRewards ---> TOURGUIDESERVICE
getUserRewards ---> TOURGUIDESERVICE
getUserRewards ---> TOURGUIDESERVICE
getUserRewards ---> TOURGUIDESERVICE
getUserRewards ---> TOURGUIDESERVICE
getUserRewards ---> TOURGUIDESERVICE
getUserRewards ---> TOURGUIDESERVICE
getUserRewards ---> TOURGUIDESERVICE
getUserRewards ---> TOURGUIDESERVICE
getUserRewards ---> TOURGUIDESERVICE
getUserRewards ---> TOURGUIDESERVICE
getUserRewards ---> TOURGUIDESERVICE
getUserRewards ---> TOURGUIDESERVICE
getUserRewards ---> TOURGUIDESERVICE
getUserRewards ---> TOURGUIDESERVICE
getUserRewards ---> TOURGUIDESERVICE
getUserRewards ---> TOURGUIDESERVICE
getUserRewards ---> TOURGUIDESERVICE
getUserRewards ---> TOURGUIDESERVICE
getUserRewards ---> TOURGUIDESERVICE
getUserRewards ---> TOURGUIDESERVICE
getUserRewards ---> TOURGUIDESERVICE
getUserRewards ---> TOURGUIDESERVICE
getUserRewards ---> TOURGUIDESERVICE
getUserRewards ---> TOURGUIDESERVICE
getUserRewards ---> TOURGUIDESERVICE
getUserRewards ---> TOURGUIDESERVICE
getUserRewards ---> TOURGUIDESERVICE
getUserRewards ---> TOURGUIDESERVICE
getUserRewards ---> TOURGUIDESERVICE
getUserRewards ---> TOURGUIDESERVICE
getUserRewards ---> TOURGUIDESERVICE
getUserRewards ---> TOURGUIDESERVICE
getUserRewards ---> TOURGUIDESERVICE
getUserRewards ---> TOURGUIDESERVICE
getUserRewards ---> TOURGUIDESERVICE
getUserRewards ---> TOURGUIDESERVICE
getUserRewards ---> TOURGUIDESERVICE
getUserRewards ---> TOURGUIDESERVICE
getUserRewards ---> TOURGUIDESERVICE
getUserRewards ---> TOURGUIDESERVICE
getUserRewards ---> TOURGUIDESERVICE
getUserRewards ---> TOURGUIDESERVICE
getUserRewards ---> TOURGUIDESERVICE
getUserRewards ---> TOURGUIDESERVICE
getUserRewards ---> TOURGUIDESERVICE
getUserRewards ---> TOURGUIDESERVICE
getUserRewards ---> TOURGUIDESERVICE
getUserRewards ---> TOURGUIDESERVICE
getUserRewards ---> TOURGUIDESERVICE
getUserRewards ---> TOURGUIDESERVICE
getUserRewards ---> TOURGUIDESERVICE
getUserRewards ---> TOURGUIDESERVICE
getUserRewards ---> TOURGUIDESERVICE
getUserRewards ---> TOURGUIDESERVICE
getUserRewards ---> TOURGUIDESERVICE
getUserRewards ---> TOURGUIDESERVICE
getUserRewards ---> TOURGUIDESERVICE
getUserRewards ---> TOURGUIDESERVICE
getUserRewards ---> TOURGUIDESERVICE
getUserRewards ---> TOURGUIDESERVICE
getUserRewards ---> TOURGUIDESERVICE
getUserRewards ---> TOURGUIDESERVICE
getUserRewards ---> TOURGUIDESERVICE
getUserRewards ---> TOURGUIDESERVICE
getUserRewards ---> TOURGUIDESERVICE
getUserRewards ---> TOURGUIDESERVICE
getUserRewards ---> TOURGUIDESERVICE
getUserRewards ---> TOURGUIDESERVICE
getUserRewards ---> TOURGUIDESERVICE
getUserRewards ---> TOURGUIDESERVICE
getUserRewards ---> TOURGUIDESERVICE
getUserRewards ---> TOURGUIDESERVICE
getUserRewards ---> TOURGUIDESERVICE
getUserRewards ---> TOURGUIDESERVICE
getUserRewards ---> TOURGUIDESERVICE
getUserRewards ---> TOURGUIDESERVICE
getUserRewards ---> TOURGUIDESERVICE
getUserRewards ---> TOURGUIDESERVICE
getUserRewards ---> TOURGUIDESERVICE
getUserRewards ---> TOURGUIDESERVICE
getUserRewards ---> TOURGUIDESERVICE
getUserRewards ---> TOURGUIDESERVICE
getUserRewards ---> TOURGUIDESERVICE
getUserRewards ---> TOURGUIDESERVICE
getUserRewards ---> TOURGUIDESERVICE
getUserRewards ---> TOURGUIDESERVICE
getUserRewards ---> TOURGUIDESERVICE
getUserRewards ---> TOURGUIDESERVICE
getUserRewards ---> TOURGUIDESERVICE
getUserRewards ---> TOURGUIDESERVICE
getUserRewards ---> TOURGUIDESERVICE
getUserRewards ---> TOURGUIDESERVICE
getUserRewards ---> TOURGUIDESERVICE
getUserRewards ---> TOURGUIDESERVICE
getUserRewards ---> TOURGUIDESERVICE
getUserRewards ---> TOURGUIDESERVICE
getUserRewards ---> TOURGUIDESERVICE
getUserRewards ---> TOURGUIDESERVICE
getUserRewards ---> TOURGUIDESERVICE
getUserRewards ---> TOURGUIDESERVICE
getUserRewards ---> TOURGUIDESERVICE
getUserRewards ---> TOURGUIDESERVICE
getUserRewards ---> TOURGUIDESERVICE
getUserRewards ---> TOURGUIDESERVICE
getUserRewards ---> TOURGUIDESERVICE
getUserRewards ---> TOURGUIDESERVICE
getUserRewards ---> TOURGUIDESERVICE
getUserRewards ---> TOURGUIDESERVICE
getUserRewards ---> TOURGUIDESERVICE
getUserRewards ---> TOURGUIDESERVICE
getUserRewards ---> TOURGUIDESERVICE
getUserRewards ---> TOURGUIDESERVICE
getUserRewards ---> TOURGUIDESERVICE
getUserRewards ---> TOURGUIDESERVICE
getUserRewards ---> TOURGUIDESERVICE
getUserRewards ---> TOURGUIDESERVICE
getUserRewards ---> TOURGUIDESERVICE
getUserRewards ---> TOURGUIDESERVICE
getUserRewards ---> TOURGUIDESERVICE
getUserRewards ---> TOURGUIDESERVICE
getUserRewards ---> TOURGUIDESERVICE
getUserRewards ---> TOURGUIDESERVICE
getUserRewards ---> TOURGUIDESERVICE
getUserRewards ---> TOURGUIDESERVICE
getUserRewards ---> TOURGUIDESERVICE
getUserRewards ---> TOURGUIDESERVICE
getUserRewards ---> TOURGUIDESERVICE
getUserRewards ---> TOURGUIDESERVICE
getUserRewards ---> TOURGUIDESERVICE
getUserRewards ---> TOURGUIDESERVICE
getUserRewards ---> TOURGUIDESERVICE
getUserRewards ---> TOURGUIDESERVICE
getUserRewards ---> TOURGUIDESERVICE
getUserRewards ---> TOURGUIDESERVICE
getUserRewards ---> TOURGUIDESERVICE
getUserRewards ---> TOURGUIDESERVICE
getUserRewards ---> TOURGUIDESERVICE
getUserRewards ---> TOURGUIDESERVICE
getUserRewards ---> TOURGUIDESERVICE
getUserRewards ---> TOURGUIDESERVICE
getUserRewards ---> TOURGUIDESERVICE
getUserRewards ---> TOURGUIDESERVICE
getUserRewards ---> TOURGUIDESERVICE
getUserRewards ---> TOURGUIDESERVICE
getUserRewards ---> TOURGUIDESERVICE
getUserRewards ---> TOURGUIDESERVICE
getUserRewards ---> TOURGUIDESERVICE
getUserRewards ---> TOURGUIDESERVICE
getUserRewards ---> TOURGUIDESERVICE
getUserRewards ---> TOURGUIDESERVICE
getUserRewards ---> TOURGUIDESERVICE
getUserRewards ---> TOURGUIDESERVICE
getUserRewards ---> TOURGUIDESERVICE
getUserRewards ---> TOURGUIDESERVICE
getUserRewards ---> TOURGUIDESERVICE
getUserRewards ---> TOURGUIDESERVICE
getUserRewards ---> TOURGUIDESERVICE
getUserRewards ---> TOURGUIDESERVICE
getUserRewards ---> TOURGUIDESERVICE
getUserRewards ---> TOURGUIDESERVICE
getUserRewards ---> TOURGUIDESERVICE
getUserRewards ---> TOURGUIDESERVICE
getUserRewards ---> TOURGUIDESERVICE
getUserRewards ---> TOURGUIDESERVICE
getUserRewards ---> TOURGUIDESERVICE
getUserRewards ---> TOURGUIDESERVICE
getUserRewards ---> TOURGUIDESERVICE
getUserRewards ---> TOURGUIDESERVICE
getUserRewards ---> TOURGUIDESERVICE
getUserRewards ---> TOURGUIDESERVICE
getUserRewards ---> TOURGUIDESERVICE
getUserRewards ---> TOURGUIDESERVICE
getUserRewards ---> TOURGUIDESERVICE
getUserRewards ---> TOURGUIDESERVICE
getUserRewards ---> TOURGUIDESERVICE
getUserRewards ---> TOURGUIDESERVICE
getUserRewards ---> TOURGUIDESERVICE
getUserRewards ---> TOURGUIDESERVICE
getUserRewards ---> TOURGUIDESERVICE
getUserRewards ---> TOURGUIDESERVICE
getUserRewards ---> TOURGUIDESERVICE
getUserRewards ---> TOURGUIDESERVICE
getUserRewards ---> TOURGUIDESERVICE
getUserRewards ---> TOURGUIDESERVICE
getUserRewards ---> TOURGUIDESERVICE
getUserRewards ---> TOURGUIDESERVICE
getUserRewards ---> TOURGUIDESERVICE
getUserRewards ---> TOURGUIDESERVICE
getUserRewards ---> TOURGUIDESERVICE
getUserRewards ---> TOURGUIDESERVICE
getUserRewards ---> TOURGUIDESERVICE
getUserRewards ---> TOURGUIDESERVICE
getUserRewards ---> TOURGUIDESERVICE
getUserRewards ---> TOURGUIDESERVICE
getUserRewards ---> TOURGUIDESERVICE
getUserRewards ---> TOURGUIDESERVICE
getUserRewards ---> TOURGUIDESERVICE
getUserRewards ---> TOURGUIDESERVICE
getUserRewards ---> TOURGUIDESERVICE
getUserRewards ---> TOURGUIDESERVICE
getUserRewards ---> TOURGUIDESERVICE
getUserRewards ---> TOURGUIDESERVICE
getUserRewards ---> TOURGUIDESERVICE
getUserRewards ---> TOURGUIDESERVICE
getUserRewards ---> TOURGUIDESERVICE
getUserRewards ---> TOURGUIDESERVICE
getUserRewards ---> TOURGUIDESERVICE
getUserRewards ---> TOURGUIDESERVICE
getUserRewards ---> TOURGUIDESERVICE
getUserRewards ---> TOURGUIDESERVICE
getUserRewards ---> TOURGUIDESERVICE
getUserRewards ---> TOURGUIDESERVICE
getUserRewards ---> TOURGUIDESERVICE
getUserRewards ---> TOURGUIDESERVICE
getUserRewards ---> TOURGUIDESERVICE
getUserRewards ---> TOURGUIDESERVICE
getUserRewards ---> TOURGUIDESERVICE
getUserRewards ---> TOURGUIDESERVICE
getUserRewards ---> TOURGUIDESERVICE
getUserRewards ---> TOURGUIDESERVICE
getUserRewards ---> TOURGUIDESERVICE
getUserRewards ---> TOURGUIDESERVICE
getUserRewards ---> TOURGUIDESERVICE
getUserRewards ---> TOURGUIDESERVICE
getUserRewards ---> TOURGUIDESERVICE
getUserRewards ---> TOURGUIDESERVICE
getUserRewards ---> TOURGUIDESERVICE
getUserRewards ---> TOURGUIDESERVICE
getUserRewards ---> TOURGUIDESERVICE
getUserRewards ---> TOURGUIDESERVICE
getUserRewards ---> TOURGUIDESERVICE
getUserRewards ---> TOURGUIDESERVICE
getUserRewards ---> TOURGUIDESERVICE
getUserRewards ---> TOURGUIDESERVICE
getUserRewards ---> TOURGUIDESERVICE
getUserRewards ---> TOURGUIDESERVICE
getUserRewards ---> TOURGUIDESERVICE
getUserRewards ---> TOURGUIDESERVICE
getUserRewards ---> TOURGUIDESERVICE
getUserRewards ---> TOURGUIDESERVICE
getUserRewards ---> TOURGUIDESERVICE
getUserRewards ---> TOURGUIDESERVICE
getUserRewards ---> TOURGUIDESERVICE
getUserRewards ---> TOURGUIDESERVICE
getUserRewards ---> TOURGUIDESERVICE
getUserRewards ---> TOURGUIDESERVICE
getUserRewards ---> TOURGUIDESERVICE
getUserRewards ---> TOURGUIDESERVICE
getUserRewards ---> TOURGUIDESERVICE
getUserRewards ---> TOURGUIDESERVICE
getUserRewards ---> TOURGUIDESERVICE
getUserRewards ---> TOURGUIDESERVICE
getUserRewards ---> TOURGUIDESERVICE
getUserRewards ---> TOURGUIDESERVICE
getUserRewards ---> TOURGUIDESERVICE
getUserRewards ---> TOURGUIDESERVICE
getUserRewards ---> TOURGUIDESERVICE
getUserRewards ---> TOURGUIDESERVICE
getUserRewards ---> TOURGUIDESERVICE
getUserRewards ---> TOURGUIDESERVICE
getUserRewards ---> TOURGUIDESERVICE
getUserRewards ---> TOURGUIDESERVICE
getUserRewards ---> TOURGUIDESERVICE
getUserRewards ---> TOURGUIDESERVICE
getUserRewards ---> TOURGUIDESERVICE
getUserRewards ---> TOURGUIDESERVICE
getUserRewards ---> TOURGUIDESERVICE
getUserRewards ---> TOURGUIDESERVICE
getUserRewards ---> TOURGUIDESERVICE
getUserRewards ---> TOURGUIDESERVICE
getUserRewards ---> TOURGUIDESERVICE
getUserRewards ---> TOURGUIDESERVICE
getUserRewards ---> TOURGUIDESERVICE
getUserRewards ---> TOURGUIDESERVICE
getUserRewards ---> TOURGUIDESERVICE
getUserRewards ---> TOURGUIDESERVICE
getUserRewards ---> TOURGUIDESERVICE
getUserRewards ---> TOURGUIDESERVICE
getUserRewards ---> TOURGUIDESERVICE
getUserRewards ---> TOURGUIDESERVICE
getUserRewards ---> TOURGUIDESERVICE
getUserRewards ---> TOURGUIDESERVICE
getUserRewards ---> TOURGUIDESERVICE
getUserRewards ---> TOURGUIDESERVICE
getUserRewards ---> TOURGUIDESERVICE
getUserRewards ---> TOURGUIDESERVICE
getUserRewards ---> TOURGUIDESERVICE
getUserRewards ---> TOURGUIDESERVICE
getUserRewards ---> TOURGUIDESERVICE
getUserRewards ---> TOURGUIDESERVICE
getUserRewards ---> TOURGUIDESERVICE
getUserRewards ---> TOURGUIDESERVICE
getUserRewards ---> TOURGUIDESERVICE
getUserRewards ---> TOURGUIDESERVICE
getUserRewards ---> TOURGUIDESERVICE
getUserRewards ---> TOURGUIDESERVICE
getUserRewards ---> TOURGUIDESERVICE
getUserRewards ---> TOURGUIDESERVICE
getUserRewards ---> TOURGUIDESERVICE
getUserRewards ---> TOURGUIDESERVICE
getUserRewards ---> TOURGUIDESERVICE
getUserRewards ---> TOURGUIDESERVICE
getUserRewards ---> TOURGUIDESERVICE
getUserRewards ---> TOURGUIDESERVICE
getUserRewards ---> TOURGUIDESERVICE
getUserRewards ---> TOURGUIDESERVICE
getUserRewards ---> TOURGUIDESERVICE
getUserRewards ---> TOURGUIDESERVICE
getUserRewards ---> TOURGUIDESERVICE
getUserRewards ---> TOURGUIDESERVICE
getUserRewards ---> TOURGUIDESERVICE
getUserRewards ---> TOURGUIDESERVICE
getUserRewards ---> TOURGUIDESERVICE
getUserRewards ---> TOURGUIDESERVICE
getUserRewards ---> TOURGUIDESERVICE
getUserRewards ---> TOURGUIDESERVICE
getUserRewards ---> TOURGUIDESERVICE
getUserRewards ---> TOURGUIDESERVICE
getUserRewards ---> TOURGUIDESERVICE
getUserRewards ---> TOURGUIDESERVICE
getUserRewards ---> TOURGUIDESERVICE
getUserRewards ---> TOURGUIDESERVICE
getUserRewards ---> TOURGUIDESERVICE
getUserRewards ---> TOURGUIDESERVICE
getUserRewards ---> TOURGUIDESERVICE
getUserRewards ---> TOURGUIDESERVICE
getUserRewards ---> TOURGUIDESERVICE
getUserRewards ---> TOURGUIDESERVICE
getUserRewards ---> TOURGUIDESERVICE
getUserRewards ---> TOURGUIDESERVICE
getUserRewards ---> TOURGUIDESERVICE
getUserRewards ---> TOURGUIDESERVICE
getUserRewards ---> TOURGUIDESERVICE
getUserRewards ---> TOURGUIDESERVICE
getUserRewards ---> TOURGUIDESERVICE
getUserRewards ---> TOURGUIDESERVICE
getUserRewards ---> TOURGUIDESERVICE
getUserRewards ---> TOURGUIDESERVICE
getUserRewards ---> TOURGUIDESERVICE
getUserRewards ---> TOURGUIDESERVICE
getUserRewards ---> TOURGUIDESERVICE
getUserRewards ---> TOURGUIDESERVICE
getUserRewards ---> TOURGUIDESERVICE
getUserRewards ---> TOURGUIDESERVICE
getUserRewards ---> TOURGUIDESERVICE
getUserRewards ---> TOURGUIDESERVICE
getUserRewards ---> TOURGUIDESERVICE
getUserRewards ---> TOURGUIDESERVICE
getUserRewards ---> TOURGUIDESERVICE
getUserRewards ---> TOURGUIDESERVICE
getUserRewards ---> TOURGUIDESERVICE
getUserRewards ---> TOURGUIDESERVICE
getUserRewards ---> TOURGUIDESERVICE
getUserRewards ---> TOURGUIDESERVICE
getUserRewards ---> TOURGUIDESERVICE
getUserRewards ---> TOURGUIDESERVICE
getUserRewards ---> TOURGUIDESERVICE
getUserRewards ---> TOURGUIDESERVICE
getUserRewards ---> TOURGUIDESERVICE
getUserRewards ---> TOURGUIDESERVICE
getUserRewards ---> TOURGUIDESERVICE
getUserRewards ---> TOURGUIDESERVICE
getUserRewards ---> TOURGUIDESERVICE
getUserRewards ---> TOURGUIDESERVICE
getUserRewards ---> TOURGUIDESERVICE
getUserRewards ---> TOURGUIDESERVICE
getUserRewards ---> TOURGUIDESERVICE
getUserRewards ---> TOURGUIDESERVICE
getUserRewards ---> TOURGUIDESERVICE
getUserRewards ---> TOURGUIDESERVICE
getUserRewards ---> TOURGUIDESERVICE
getUserRewards ---> TOURGUIDESERVICE
getUserRewards ---> TOURGUIDESERVICE
getUserRewards ---> TOURGUIDESERVICE
getUserRewards ---> TOURGUIDESERVICE
getUserRewards ---> TOURGUIDESERVICE
getUserRewards ---> TOURGUIDESERVICE
getUserRewards ---> TOURGUIDESERVICE
getUserRewards ---> TOURGUIDESERVICE
getUserRewards ---> TOURGUIDESERVICE
getUserRewards ---> TOURGUIDESERVICE
getUserRewards ---> TOURGUIDESERVICE
getUserRewards ---> TOURGUIDESERVICE
getUserRewards ---> TOURGUIDESERVICE
getUserRewards ---> TOURGUIDESERVICE
getUserRewards ---> TOURGUIDESERVICE
getUserRewards ---> TOURGUIDESERVICE
getUserRewards ---> TOURGUIDESERVICE
getUserRewards ---> TOURGUIDESERVICE
getUserRewards ---> TOURGUIDESERVICE
getUserRewards ---> TOURGUIDESERVICE
getUserRewards ---> TOURGUIDESERVICE
getUserRewards ---> TOURGUIDESERVICE
getUserRewards ---> TOURGUIDESERVICE
getUserRewards ---> TOURGUIDESERVICE
getUserRewards ---> TOURGUIDESERVICE
getUserRewards ---> TOURGUIDESERVICE
getUserRewards ---> TOURGUIDESERVICE
getUserRewards ---> TOURGUIDESERVICE
getUserRewards ---> TOURGUIDESERVICE
getUserRewards ---> TOURGUIDESERVICE
getUserRewards ---> TOURGUIDESERVICE
getUserRewards ---> TOURGUIDESERVICE
getUserRewards ---> TOURGUIDESERVICE
getUserRewards ---> TOURGUIDESERVICE
getUserRewards ---> TOURGUIDESERVICE
getUserRewards ---> TOURGUIDESERVICE
getUserRewards ---> TOURGUIDESERVICE
getUserRewards ---> TOURGUIDESERVICE
getUserRewards ---> TOURGUIDESERVICE
getUserRewards ---> TOURGUIDESERVICE
getUserRewards ---> TOURGUIDESERVICE
getUserRewards ---> TOURGUIDESERVICE
getUserRewards ---> TOURGUIDESERVICE
getUserRewards ---> TOURGUIDESERVICE
getUserRewards ---> TOURGUIDESERVICE
getUserRewards ---> TOURGUIDESERVICE
getUserRewards ---> TOURGUIDESERVICE
getUserRewards ---> TOURGUIDESERVICE
getUserRewards ---> TOURGUIDESERVICE
getUserRewards ---> TOURGUIDESERVICE
getUserRewards ---> TOURGUIDESERVICE
getUserRewards ---> TOURGUIDESERVICE
getUserRewards ---> TOURGUIDESERVICE
getUserRewards ---> TOURGUIDESERVICE
getUserRewards ---> TOURGUIDESERVICE
getUserRewards ---> TOURGUIDESERVICE
getUserRewards ---> TOURGUIDESERVICE
getUserRewards ---> TOURGUIDESERVICE
getUserRewards ---> TOURGUIDESERVICE
getUserRewards ---> TOURGUIDESERVICE
getUserRewards ---> TOURGUIDESERVICE
getUserRewards ---> TOURGUIDESERVICE
getUserRewards ---> TOURGUIDESERVICE
getUserRewards ---> TOURGUIDESERVICE
getUserRewards ---> TOURGUIDESERVICE
getUserRewards ---> TOURGUIDESERVICE
getUserRewards ---> TOURGUIDESERVICE
getUserRewards ---> TOURGUIDESERVICE
getUserRewards ---> TOURGUIDESERVICE
getUserRewards ---> TOURGUIDESERVICE
getUserRewards ---> TOURGUIDESERVICE
getUserRewards ---> TOURGUIDESERVICE
getUserRewards ---> TOURGUIDESERVICE
getUserRewards ---> TOURGUIDESERVICE
getUserRewards ---> TOURGUIDESERVICE
getUserRewards ---> TOURGUIDESERVICE
getUserRewards ---> TOURGUIDESERVICE
getUserRewards ---> TOURGUIDESERVICE
getUserRewards ---> TOURGUIDESERVICE
getUserRewards ---> TOURGUIDESERVICE
getUserRewards ---> TOURGUIDESERVICE
getUserRewards ---> TOURGUIDESERVICE
getUserRewards ---> TOURGUIDESERVICE
getUserRewards ---> TOURGUIDESERVICE
getUserRewards ---> TOURGUIDESERVICE
getUserRewards ---> TOURGUIDESERVICE
getUserRewards ---> TOURGUIDESERVICE
getUserRewards ---> TOURGUIDESERVICE
getUserRewards ---> TOURGUIDESERVICE
getUserRewards ---> TOURGUIDESERVICE
getUserRewards ---> TOURGUIDESERVICE
getUserRewards ---> TOURGUIDESERVICE
getUserRewards ---> TOURGUIDESERVICE
getUserRewards ---> TOURGUIDESERVICE
getUserRewards ---> TOURGUIDESERVICE
getUserRewards ---> TOURGUIDESERVICE
getUserRewards ---> TOURGUIDESERVICE
getUserRewards ---> TOURGUIDESERVICE
getUserRewards ---> TOURGUIDESERVICE
getUserRewards ---> TOURGUIDESERVICE
getUserRewards ---> TOURGUIDESERVICE
getUserRewards ---> TOURGUIDESERVICE
getUserRewards ---> TOURGUIDESERVICE
getUserRewards ---> TOURGUIDESERVICE
getUserRewards ---> TOURGUIDESERVICE
getUserRewards ---> TOURGUIDESERVICE
getUserRewards ---> TOURGUIDESERVICE
getUserRewards ---> TOURGUIDESERVICE
getUserRewards ---> TOURGUIDESERVICE
getUserRewards ---> TOURGUIDESERVICE
getUserRewards ---> TOURGUIDESERVICE
getUserRewards ---> TOURGUIDESERVICE
getUserRewards ---> TOURGUIDESERVICE
getUserRewards ---> TOURGUIDESERVICE
getUserRewards ---> TOURGUIDESERVICE
getUserRewards ---> TOURGUIDESERVICE
getUserRewards ---> TOURGUIDESERVICE
getUserRewards ---> TOURGUIDESERVICE
getUserRewards ---> TOURGUIDESERVICE
getUserRewards ---> TOURGUIDESERVICE
getUserRewards ---> TOURGUIDESERVICE
getUserRewards ---> TOURGUIDESERVICE
getUserRewards ---> TOURGUIDESERVICE
getUserRewards ---> TOURGUIDESERVICE
getUserRewards ---> TOURGUIDESERVICE
getUserRewards ---> TOURGUIDESERVICE
getUserRewards ---> TOURGUIDESERVICE
getUserRewards ---> TOURGUIDESERVICE
getUserRewards ---> TOURGUIDESERVICE
getUserRewards ---> TOURGUIDESERVICE
getUserRewards ---> TOURGUIDESERVICE
getUserRewards ---> TOURGUIDESERVICE
getUserRewards ---> TOURGUIDESERVICE
getUserRewards ---> TOURGUIDESERVICE
getUserRewards ---> TOURGUIDESERVICE
getUserRewards ---> TOURGUIDESERVICE
getUserRewards ---> TOURGUIDESERVICE
getUserRewards ---> TOURGUIDESERVICE
getUserRewards ---> TOURGUIDESERVICE
getUserRewards ---> TOURGUIDESERVICE
getUserRewards ---> TOURGUIDESERVICE
getUserRewards ---> TOURGUIDESERVICE
getUserRewards ---> TOURGUIDESERVICE
getUserRewards ---> TOURGUIDESERVICE
getUserRewards ---> TOURGUIDESERVICE
getUserRewards ---> TOURGUIDESERVICE
getUserRewards ---> TOURGUIDESERVICE
getUserRewards ---> TOURGUIDESERVICE
getUserRewards ---> TOURGUIDESERVICE
getUserRewards ---> TOURGUIDESERVICE
getUserRewards ---> TOURGUIDESERVICE
getUserRewards ---> TOURGUIDESERVICE
getUserRewards ---> TOURGUIDESERVICE
getUserRewards ---> TOURGUIDESERVICE
getUserRewards ---> TOURGUIDESERVICE
getUserRewards ---> TOURGUIDESERVICE
getUserRewards ---> TOURGUIDESERVICE
getUserRewards ---> TOURGUIDESERVICE
getUserRewards ---> TOURGUIDESERVICE
getUserRewards ---> TOURGUIDESERVICE
getUserRewards ---> TOURGUIDESERVICE
getUserRewards ---> TOURGUIDESERVICE
getUserRewards ---> TOURGUIDESERVICE
getUserRewards ---> TOURGUIDESERVICE
getUserRewards ---> TOURGUIDESERVICE
getUserRewards ---> TOURGUIDESERVICE
getUserRewards ---> TOURGUIDESERVICE
getUserRewards ---> TOURGUIDESERVICE
getUserRewards ---> TOURGUIDESERVICE
getUserRewards ---> TOURGUIDESERVICE
getUserRewards ---> TOURGUIDESERVICE
getUserRewards ---> TOURGUIDESERVICE
getUserRewards ---> TOURGUIDESERVICE
getUserRewards ---> TOURGUIDESERVICE
getUserRewards ---> TOURGUIDESERVICE
getUserRewards ---> TOURGUIDESERVICE
getUserRewards ---> TOURGUIDESERVICE
getUserRewards ---> TOURGUIDESERVICE
getUserRewards ---> TOURGUIDESERVICE
getUserRewards ---> TOURGUIDESERVICE
getUserRewards ---> TOURGUIDESERVICE
getUserRewards ---> TOURGUIDESERVICE
getUserRewards ---> TOURGUIDESERVICE
getUserRewards ---> TOURGUIDESERVICE
getUserRewards ---> TOURGUIDESERVICE
getUserRewards ---> TOURGUIDESERVICE
getUserRewards ---> TOURGUIDESERVICE
getUserRewards ---> TOURGUIDESERVICE
getUserRewards ---> TOURGUIDESERVICE
getUserRewards ---> TOURGUIDESERVICE
getUserRewards ---> TOURGUIDESERVICE
getUserRewards ---> TOURGUIDESERVICE
getUserRewards ---> TOURGUIDESERVICE
getUserRewards ---> TOURGUIDESERVICE
getUserRewards ---> TOURGUIDESERVICE
getUserRewards ---> TOURGUIDESERVICE
getUserRewards ---> TOURGUIDESERVICE
getUserRewards ---> TOURGUIDESERVICE
getUserRewards ---> TOURGUIDESERVICE
getUserRewards ---> TOURGUIDESERVICE
getUserRewards ---> TOURGUIDESERVICE
getUserRewards ---> TOURGUIDESERVICE
getUserRewards ---> TOURGUIDESERVICE
getUserRewards ---> TOURGUIDESERVICE
getUserRewards ---> TOURGUIDESERVICE
getUserRewards ---> TOURGUIDESERVICE
getUserRewards ---> TOURGUIDESERVICE
getUserRewards ---> TOURGUIDESERVICE
getUserRewards ---> TOURGUIDESERVICE
getUserRewards ---> TOURGUIDESERVICE
getUserRewards ---> TOURGUIDESERVICE
getUserRewards ---> TOURGUIDESERVICE
getUserRewards ---> TOURGUIDESERVICE
getUserRewards ---> TOURGUIDESERVICE
getUserRewards ---> TOURGUIDESERVICE
getUserRewards ---> TOURGUIDESERVICE
getUserRewards ---> TOURGUIDESERVICE
getUserRewards ---> TOURGUIDESERVICE
getUserRewards ---> TOURGUIDESERVICE
getUserRewards ---> TOURGUIDESERVICE
getUserRewards ---> TOURGUIDESERVICE
getUserRewards ---> TOURGUIDESERVICE
getUserRewards ---> TOURGUIDESERVICE
getUserRewards ---> TOURGUIDESERVICE
getUserRewards ---> TOURGUIDESERVICE
getUserRewards ---> TOURGUIDESERVICE
getUserRewards ---> TOURGUIDESERVICE
getUserRewards ---> TOURGUIDESERVICE
getUserRewards ---> TOURGUIDESERVICE
getUserRewards ---> TOURGUIDESERVICE
getUserRewards ---> TOURGUIDESERVICE
getUserRewards ---> TOURGUIDESERVICE
getUserRewards ---> TOURGUIDESERVICE
getUserRewards ---> TOURGUIDESERVICE
getUserRewards ---> TOURGUIDESERVICE
getUserRewards ---> TOURGUIDESERVICE
getUserRewards ---> TOURGUIDESERVICE
getUserRewards ---> TOURGUIDESERVICE
getUserRewards ---> TOURGUIDESERVICE
getUserRewards ---> TOURGUIDESERVICE
getUserRewards ---> TOURGUIDESERVICE
getUserRewards ---> TOURGUIDESERVICE
getUserRewards ---> TOURGUIDESERVICE
getUserRewards ---> TOURGUIDESERVICE
getUserRewards ---> TOURGUIDESERVICE
getUserRewards ---> TOURGUIDESERVICE
getUserRewards ---> TOURGUIDESERVICE
getUserRewards ---> TOURGUIDESERVICE
getUserRewards ---> TOURGUIDESERVICE
getUserRewards ---> TOURGUIDESERVICE
getUserRewards ---> TOURGUIDESERVICE
getUserRewards ---> TOURGUIDESERVICE
getUserRewards ---> TOURGUIDESERVICE
getUserRewards ---> TOURGUIDESERVICE
getUserRewards ---> TOURGUIDESERVICE
getUserRewards ---> TOURGUIDESERVICE
getUserRewards ---> TOURGUIDESERVICE
getUserRewards ---> TOURGUIDESERVICE
getUserRewards ---> TOURGUIDESERVICE
getUserRewards ---> TOURGUIDESERVICE
getUserRewards ---> TOURGUIDESERVICE
getUserRewards ---> TOURGUIDESERVICE
getUserRewards ---> TOURGUIDESERVICE
getUserRewards ---> TOURGUIDESERVICE
getUserRewards ---> TOURGUIDESERVICE
getUserRewards ---> TOURGUIDESERVICE
getUserRewards ---> TOURGUIDESERVICE
getUserRewards ---> TOURGUIDESERVICE
getUserRewards ---> TOURGUIDESERVICE
getUserRewards ---> TOURGUIDESERVICE
getUserRewards ---> TOURGUIDESERVICE
getUserRewards ---> TOURGUIDESERVICE
getUserRewards ---> TOURGUIDESERVICE
getUserRewards ---> TOURGUIDESERVICE
getUserRewards ---> TOURGUIDESERVICE
getUserRewards ---> TOURGUIDESERVICE
getUserRewards ---> TOURGUIDESERVICE
getUserRewards ---> TOURGUIDESERVICE
getUserRewards ---> TOURGUIDESERVICE
getUserRewards ---> TOURGUIDESERVICE
getUserRewards ---> TOURGUIDESERVICE
getUserRewards ---> TOURGUIDESERVICE
getUserRewards ---> TOURGUIDESERVICE
getUserRewards ---> TOURGUIDESERVICE
getUserRewards ---> TOURGUIDESERVICE
getUserRewards ---> TOURGUIDESERVICE
getUserRewards ---> TOURGUIDESERVICE
getUserRewards ---> TOURGUIDESERVICE
getUserRewards ---> TOURGUIDESERVICE
getUserRewards ---> TOURGUIDESERVICE
getUserRewards ---> TOURGUIDESERVICE
getUserRewards ---> TOURGUIDESERVICE
getUserRewards ---> TOURGUIDESERVICE
getUserRewards ---> TOURGUIDESERVICE
getUserRewards ---> TOURGUIDESERVICE
getUserRewards ---> TOURGUIDESERVICE
getUserRewards ---> TOURGUIDESERVICE
getUserRewards ---> TOURGUIDESERVICE
getUserRewards ---> TOURGUIDESERVICE
getUserRewards ---> TOURGUIDESERVICE
getUserRewards ---> TOURGUIDESERVICE
getUserRewards ---> TOURGUIDESERVICE
getUserRewards ---> TOURGUIDESERVICE
getUserRewards ---> TOURGUIDESERVICE
getUserRewards ---> TOURGUIDESERVICE
getUserRewards ---> TOURGUIDESERVICE
getUserRewards ---> TOURGUIDESERVICE
getUserRewards ---> TOURGUIDESERVICE
getUserRewards ---> TOURGUIDESERVICE
getUserRewards ---> TOURGUIDESERVICE
getUserRewards ---> TOURGUIDESERVICE
getUserRewards ---> TOURGUIDESERVICE
getUserRewards ---> TOURGUIDESERVICE
getUserRewards ---> TOURGUIDESERVICE
getUserRewards ---> TOURGUIDESERVICE
getUserRewards ---> TOURGUIDESERVICE
getUserRewards ---> TOURGUIDESERVICE
getUserRewards ---> TOURGUIDESERVICE
getUserRewards ---> TOURGUIDESERVICE
getUserRewards ---> TOURGUIDESERVICE
getUserRewards ---> TOURGUIDESERVICE
getUserRewards ---> TOURGUIDESERVICE
getUserRewards ---> TOURGUIDESERVICE
getUserRewards ---> TOURGUIDESERVICE
getUserRewards ---> TOURGUIDESERVICE
getUserRewards ---> TOURGUIDESERVICE
getUserRewards ---> TOURGUIDESERVICE
getUserRewards ---> TOURGUIDESERVICE
getUserRewards ---> TOURGUIDESERVICE
getUserRewards ---> TOURGUIDESERVICE
getUserRewards ---> TOURGUIDESERVICE
getUserRewards ---> TOURGUIDESERVICE
getUserRewards ---> TOURGUIDESERVICE
getUserRewards ---> TOURGUIDESERVICE
getUserRewards ---> TOURGUIDESERVICE
getUserRewards ---> TOURGUIDESERVICE
getUserRewards ---> TOURGUIDESERVICE
getUserRewards ---> TOURGUIDESERVICE
getUserRewards ---> TOURGUIDESERVICE
getUserRewards ---> TOURGUIDESERVICE
getUserRewards ---> TOURGUIDESERVICE
getUserRewards ---> TOURGUIDESERVICE
getUserRewards ---> TOURGUIDESERVICE
getUserRewards ---> TOURGUIDESERVICE
getUserRewards ---> TOURGUIDESERVICE
getUserRewards ---> TOURGUIDESERVICE
getUserRewards ---> TOURGUIDESERVICE
getUserRewards ---> TOURGUIDESERVICE
getUserRewards ---> TOURGUIDESERVICE
getUserRewards ---> TOURGUIDESERVICE
getUserRewards ---> TOURGUIDESERVICE
getUserRewards ---> TOURGUIDESERVICE
getUserRewards ---> TOURGUIDESERVICE
getUserRewards ---> TOURGUIDESERVICE
getUserRewards ---> TOURGUIDESERVICE
getUserRewards ---> TOURGUIDESERVICE
getUserRewards ---> TOURGUIDESERVICE
getUserRewards ---> TOURGUIDESERVICE
getUserRewards ---> TOURGUIDESERVICE
getUserRewards ---> TOURGUIDESERVICE
getUserRewards ---> TOURGUIDESERVICE
getUserRewards ---> TOURGUIDESERVICE
getUserRewards ---> TOURGUIDESERVICE
getUserRewards ---> TOURGUIDESERVICE
getUserRewards ---> TOURGUIDESERVICE
getUserRewards ---> TOURGUIDESERVICE
getUserRewards ---> TOURGUIDESERVICE
getUserRewards ---> TOURGUIDESERVICE
getUserRewards ---> TOURGUIDESERVICE
getUserRewards ---> TOURGUIDESERVICE
getUserRewards ---> TOURGUIDESERVICE
getUserRewards ---> TOURGUIDESERVICE
getUserRewards ---> TOURGUIDESERVICE
getUserRewards ---> TOURGUIDESERVICE
getUserRewards ---> TOURGUIDESERVICE
getUserRewards ---> TOURGUIDESERVICE
getUserRewards ---> TOURGUIDESERVICE
getUserRewards ---> TOURGUIDESERVICE
getUserRewards ---> TOURGUIDESERVICE
getUserRewards ---> TOURGUIDESERVICE
getUserRewards ---> TOURGUIDESERVICE
getUserRewards ---> TOURGUIDESERVICE
getUserRewards ---> TOURGUIDESERVICE
getUserRewards ---> TOURGUIDESERVICE
getUserRewards ---> TOURGUIDESERVICE
getUserRewards ---> TOURGUIDESERVICE
getUserRewards ---> TOURGUIDESERVICE
getUserRewards ---> TOURGUIDESERVICE
getUserRewards ---> TOURGUIDESERVICE
getUserRewards ---> TOURGUIDESERVICE
getUserRewards ---> TOURGUIDESERVICE
getUserRewards ---> TOURGUIDESERVICE
getUserRewards ---> TOURGUIDESERVICE
getUserRewards ---> TOURGUIDESERVICE
getUserRewards ---> TOURGUIDESERVICE
getUserRewards ---> TOURGUIDESERVICE
getUserRewards ---> TOURGUIDESERVICE
getUserRewards ---> TOURGUIDESERVICE
getUserRewards ---> TOURGUIDESERVICE
getUserRewards ---> TOURGUIDESERVICE
getUserRewards ---> TOURGUIDESERVICE
getUserRewards ---> TOURGUIDESERVICE
getUserRewards ---> TOURGUIDESERVICE
getUserRewards ---> TOURGUIDESERVICE
getUserRewards ---> TOURGUIDESERVICE
getUserRewards ---> TOURGUIDESERVICE
getUserRewards ---> TOURGUIDESERVICE
getUserRewards ---> TOURGUIDESERVICE
getUserRewards ---> TOURGUIDESERVICE
getUserRewards ---> TOURGUIDESERVICE
getUserRewards ---> TOURGUIDESERVICE
getUserRewards ---> TOURGUIDESERVICE
getUserRewards ---> TOURGUIDESERVICE
getUserRewards ---> TOURGUIDESERVICE
getUserRewards ---> TOURGUIDESERVICE
getUserRewards ---> TOURGUIDESERVICE
getUserRewards ---> TOURGUIDESERVICE
getUserRewards ---> TOURGUIDESERVICE
getUserRewards ---> TOURGUIDESERVICE
getUserRewards ---> TOURGUIDESERVICE
getUserRewards ---> TOURGUIDESERVICE
getUserRewards ---> TOURGUIDESERVICE
getUserRewards ---> TOURGUIDESERVICE
getUserRewards ---> TOURGUIDESERVICE
getUserRewards ---> TOURGUIDESERVICE
getUserRewards ---> TOURGUIDESERVICE
getUserRewards ---> TOURGUIDESERVICE
getUserRewards ---> TOURGUIDESERVICE
getUserRewards ---> TOURGUIDESERVICE
getUserRewards ---> TOURGUIDESERVICE
getUserRewards ---> TOURGUIDESERVICE
getUserRewards ---> TOURGUIDESERVICE
getUserRewards ---> TOURGUIDESERVICE
getUserRewards ---> TOURGUIDESERVICE
getUserRewards ---> TOURGUIDESERVICE
getUserRewards ---> TOURGUIDESERVICE
getUserRewards ---> TOURGUIDESERVICE
getUserRewards ---> TOURGUIDESERVICE
getUserRewards ---> TOURGUIDESERVICE
getUserRewards ---> TOURGUIDESERVICE
getUserRewards ---> TOURGUIDESERVICE
getUserRewards ---> TOURGUIDESERVICE
getUserRewards ---> TOURGUIDESERVICE
getUserRewards ---> TOURGUIDESERVICE
getUserRewards ---> TOURGUIDESERVICE
getUserRewards ---> TOURGUIDESERVICE
getUserRewards ---> TOURGUIDESERVICE
getUserRewards ---> TOURGUIDESERVICE
getUserRewards ---> TOURGUIDESERVICE
getUserRewards ---> TOURGUIDESERVICE
getUserRewards ---> TOURGUIDESERVICE
getUserRewards ---> TOURGUIDESERVICE
getUserRewards ---> TOURGUIDESERVICE
getUserRewards ---> TOURGUIDESERVICE
getUserRewards ---> TOURGUIDESERVICE
getUserRewards ---> TOURGUIDESERVICE
getUserRewards ---> TOURGUIDESERVICE
getUserRewards ---> TOURGUIDESERVICE
getUserRewards ---> TOURGUIDESERVICE
getUserRewards ---> TOURGUIDESERVICE
getUserRewards ---> TOURGUIDESERVICE
getUserRewards ---> TOURGUIDESERVICE
getUserRewards ---> TOURGUIDESERVICE
getUserRewards ---> TOURGUIDESERVICE
getUserRewards ---> TOURGUIDESERVICE
getUserRewards ---> TOURGUIDESERVICE
getUserRewards ---> TOURGUIDESERVICE
getUserRewards ---> TOURGUIDESERVICE
getUserRewards ---> TOURGUIDESERVICE
getUserRewards ---> TOURGUIDESERVICE
getUserRewards ---> TOURGUIDESERVICE
getUserRewards ---> TOURGUIDESERVICE
getUserRewards ---> TOURGUIDESERVICE
getUserRewards ---> TOURGUIDESERVICE
getUserRewards ---> TOURGUIDESERVICE
getUserRewards ---> TOURGUIDESERVICE
getUserRewards ---> TOURGUIDESERVICE
getUserRewards ---> TOURGUIDESERVICE
getUserRewards ---> TOURGUIDESERVICE
getUserRewards ---> TOURGUIDESERVICE
getUserRewards ---> TOURGUIDESERVICE
getUserRewards ---> TOURGUIDESERVICE
getUserRewards ---> TOURGUIDESERVICE
getUserRewards ---> TOURGUIDESERVICE
getUserRewards ---> TOURGUIDESERVICE
getUserRewards ---> TOURGUIDESERVICE
getUserRewards ---> TOURGUIDESERVICE
getUserRewards ---> TOURGUIDESERVICE
getUserRewards ---> TOURGUIDESERVICE
getUserRewards ---> TOURGUIDESERVICE
getUserRewards ---> TOURGUIDESERVICE
getUserRewards ---> TOURGUIDESERVICE
getUserRewards ---> TOURGUIDESERVICE
getUserRewards ---> TOURGUIDESERVICE
getUserRewards ---> TOURGUIDESERVICE
getUserRewards ---> TOURGUIDESERVICE
getUserRewards ---> TOURGUIDESERVICE
getUserRewards ---> TOURGUIDESERVICE
getUserRewards ---> TOURGUIDESERVICE
getUserRewards ---> TOURGUIDESERVICE
getUserRewards ---> TOURGUIDESERVICE
getUserRewards ---> TOURGUIDESERVICE
getUserRewards ---> TOURGUIDESERVICE
getUserRewards ---> TOURGUIDESERVICE
getUserRewards ---> TOURGUIDESERVICE
getUserRewards ---> TOURGUIDESERVICE
getUserRewards ---> TOURGUIDESERVICE
getUserRewards ---> TOURGUIDESERVICE
getUserRewards ---> TOURGUIDESERVICE
getUserRewards ---> TOURGUIDESERVICE
getUserRewards ---> TOURGUIDESERVICE
getUserRewards ---> TOURGUIDESERVICE
getUserRewards ---> TOURGUIDESERVICE
getUserRewards ---> TOURGUIDESERVICE
getUserRewards ---> TOURGUIDESERVICE
getUserRewards ---> TOURGUIDESERVICE
getUserRewards ---> TOURGUIDESERVICE
getUserRewards ---> TOURGUIDESERVICE
getUserRewards ---> TOURGUIDESERVICE
getUserRewards ---> TOURGUIDESERVICE
getUserRewards ---> TOURGUIDESERVICE
getUserRewards ---> TOURGUIDESERVICE
getUserRewards ---> TOURGUIDESERVICE
getUserRewards ---> TOURGUIDESERVICE
getUserRewards ---> TOURGUIDESERVICE
getUserRewards ---> TOURGUIDESERVICE
getUserRewards ---> TOURGUIDESERVICE
getUserRewards ---> TOURGUIDESERVICE
getUserRewards ---> TOURGUIDESERVICE
getUserRewards ---> TOURGUIDESERVICE
getUserRewards ---> TOURGUIDESERVICE
getUserRewards ---> TOURGUIDESERVICE
getUserRewards ---> TOURGUIDESERVICE
getUserRewards ---> TOURGUIDESERVICE
getUserRewards ---> TOURGUIDESERVICE
getUserRewards ---> TOURGUIDESERVICE
getUserRewards ---> TOURGUIDESERVICE
getUserRewards ---> TOURGUIDESERVICE
getUserRewards ---> TOURGUIDESERVICE
getUserRewards ---> TOURGUIDESERVICE
getUserRewards ---> TOURGUIDESERVICE
getUserRewards ---> TOURGUIDESERVICE
getUserRewards ---> TOURGUIDESERVICE
getUserRewards ---> TOURGUIDESERVICE
getUserRewards ---> TOURGUIDESERVICE
getUserRewards ---> TOURGUIDESERVICE
getUserRewards ---> TOURGUIDESERVICE
getUserRewards ---> TOURGUIDESERVICE
getUserRewards ---> TOURGUIDESERVICE
getUserRewards ---> TOURGUIDESERVICE
getUserRewards ---> TOURGUIDESERVICE
getUserRewards ---> TOURGUIDESERVICE
getUserRewards ---> TOURGUIDESERVICE
getUserRewards ---> TOURGUIDESERVICE
getUserRewards ---> TOURGUIDESERVICE
getUserRewards ---> TOURGUIDESERVICE
getUserRewards ---> TOURGUIDESERVICE
getUserRewards ---> TOURGUIDESERVICE
getUserRewards ---> TOURGUIDESERVICE
getUserRewards ---> TOURGUIDESERVICE
getUserRewards ---> TOURGUIDESERVICE
getUserRewards ---> TOURGUIDESERVICE
getUserRewards ---> TOURGUIDESERVICE
getUserRewards ---> TOURGUIDESERVICE
getUserRewards ---> TOURGUIDESERVICE
getUserRewards ---> TOURGUIDESERVICE
getUserRewards ---> TOURGUIDESERVICE
getUserRewards ---> TOURGUIDESERVICE
getUserRewards ---> TOURGUIDESERVICE
getUserRewards ---> TOURGUIDESERVICE
getUserRewards ---> TOURGUIDESERVICE
getUserRewards ---> TOURGUIDESERVICE
getUserRewards ---> TOURGUIDESERVICE
getUserRewards ---> TOURGUIDESERVICE
getUserRewards ---> TOURGUIDESERVICE
getUserRewards ---> TOURGUIDESERVICE
getUserRewards ---> TOURGUIDESERVICE
getUserRewards ---> TOURGUIDESERVICE
getUserRewards ---> TOURGUIDESERVICE
getUserRewards ---> TOURGUIDESERVICE
getUserRewards ---> TOURGUIDESERVICE
getUserRewards ---> TOURGUIDESERVICE
getUserRewards ---> TOURGUIDESERVICE
getUserRewards ---> TOURGUIDESERVICE
getUserRewards ---> TOURGUIDESERVICE
getUserRewards ---> TOURGUIDESERVICE
getUserRewards ---> TOURGUIDESERVICE
getUserRewards ---> TOURGUIDESERVICE
getUserRewards ---> TOURGUIDESERVICE
getUserRewards ---> TOURGUIDESERVICE
getUserRewards ---> TOURGUIDESERVICE
getUserRewards ---> TOURGUIDESERVICE
getUserRewards ---> TOURGUIDESERVICE
getUserRewards ---> TOURGUIDESERVICE
getUserRewards ---> TOURGUIDESERVICE
getUserRewards ---> TOURGUIDESERVICE
getUserRewards ---> TOURGUIDESERVICE
getUserRewards ---> TOURGUIDESERVICE
getUserRewards ---> TOURGUIDESERVICE
getUserRewards ---> TOURGUIDESERVICE
getUserRewards ---> TOURGUIDESERVICE
getUserRewards ---> TOURGUIDESERVICE
getUserRewards ---> TOURGUIDESERVICE
getUserRewards ---> TOURGUIDESERVICE
getUserRewards ---> TOURGUIDESERVICE
getUserRewards ---> TOURGUIDESERVICE
getUserRewards ---> TOURGUIDESERVICE
getUserRewards ---> TOURGUIDESERVICE
getUserRewards ---> TOURGUIDESERVICE
getUserRewards ---> TOURGUIDESERVICE
getUserRewards ---> TOURGUIDESERVICE
getUserRewards ---> TOURGUIDESERVICE
getUserRewards ---> TOURGUIDESERVICE
getUserRewards ---> TOURGUIDESERVICE
getUserRewards ---> TOURGUIDESERVICE
getUserRewards ---> TOURGUIDESERVICE
getUserRewards ---> TOURGUIDESERVICE
getUserRewards ---> TOURGUIDESERVICE
getUserRewards ---> TOURGUIDESERVICE
getUserRewards ---> TOURGUIDESERVICE
getUserRewards ---> TOURGUIDESERVICE
getUserRewards ---> TOURGUIDESERVICE
getUserRewards ---> TOURGUIDESERVICE
getUserRewards ---> TOURGUIDESERVICE
getUserRewards ---> TOURGUIDESERVICE
getUserRewards ---> TOURGUIDESERVICE
getUserRewards ---> TOURGUIDESERVICE
getUserRewards ---> TOURGUIDESERVICE
getUserRewards ---> TOURGUIDESERVICE
getUserRewards ---> TOURGUIDESERVICE
getUserRewards ---> TOURGUIDESERVICE
getUserRewards ---> TOURGUIDESERVICE
getUserRewards ---> TOURGUIDESERVICE
getUserRewards ---> TOURGUIDESERVICE
getUserRewards ---> TOURGUIDESERVICE
getUserRewards ---> TOURGUIDESERVICE
getUserRewards ---> TOURGUIDESERVICE
getUserRewards ---> TOURGUIDESERVICE
getUserRewards ---> TOURGUIDESERVICE
getUserRewards ---> TOURGUIDESERVICE
getUserRewards ---> TOURGUIDESERVICE
getUserRewards ---> TOURGUIDESERVICE
getUserRewards ---> TOURGUIDESERVICE
getUserRewards ---> TOURGUIDESERVICE
getUserRewards ---> TOURGUIDESERVICE
getUserRewards ---> TOURGUIDESERVICE
getUserRewards ---> TOURGUIDESERVICE
getUserRewards ---> TOURGUIDESERVICE
getUserRewards ---> TOURGUIDESERVICE
getUserRewards ---> TOURGUIDESERVICE
getUserRewards ---> TOURGUIDESERVICE
getUserRewards ---> TOURGUIDESERVICE
getUserRewards ---> TOURGUIDESERVICE
getUserRewards ---> TOURGUIDESERVICE
getUserRewards ---> TOURGUIDESERVICE
getUserRewards ---> TOURGUIDESERVICE
getUserRewards ---> TOURGUIDESERVICE
getUserRewards ---> TOURGUIDESERVICE
getUserRewards ---> TOURGUIDESERVICE
getUserRewards ---> TOURGUIDESERVICE
getUserRewards ---> TOURGUIDESERVICE
getUserRewards ---> TOURGUIDESERVICE
getUserRewards ---> TOURGUIDESERVICE
getUserRewards ---> TOURGUIDESERVICE
getUserRewards ---> TOURGUIDESERVICE
getUserRewards ---> TOURGUIDESERVICE
getUserRewards ---> TOURGUIDESERVICE
getUserRewards ---> TOURGUIDESERVICE
getUserRewards ---> TOURGUIDESERVICE
getUserRewards ---> TOURGUIDESERVICE
getUserRewards ---> TOURGUIDESERVICE
getUserRewards ---> TOURGUIDESERVICE
getUserRewards ---> TOURGUIDESERVICE
getUserRewards ---> TOURGUIDESERVICE
getUserRewards ---> TOURGUIDESERVICE
getUserRewards ---> TOURGUIDESERVICE
getUserRewards ---> TOURGUIDESERVICE
getUserRewards ---> TOURGUIDESERVICE
getUserRewards ---> TOURGUIDESERVICE
getUserRewards ---> TOURGUIDESERVICE
getUserRewards ---> TOURGUIDESERVICE
getUserRewards ---> TOURGUIDESERVICE
getUserRewards ---> TOURGUIDESERVICE
getUserRewards ---> TOURGUIDESERVICE
getUserRewards ---> TOURGUIDESERVICE
getUserRewards ---> TOURGUIDESERVICE
getUserRewards ---> TOURGUIDESERVICE
getUserRewards ---> TOURGUIDESERVICE
getUserRewards ---> TOURGUIDESERVICE
getUserRewards ---> TOURGUIDESERVICE
getUserRewards ---> TOURGUIDESERVICE
getUserRewards ---> TOURGUIDESERVICE
getUserRewards ---> TOURGUIDESERVICE
getUserRewards ---> TOURGUIDESERVICE
getUserRewards ---> TOURGUIDESERVICE
getUserRewards ---> TOURGUIDESERVICE
getUserRewards ---> TOURGUIDESERVICE
getUserRewards ---> TOURGUIDESERVICE
getUserRewards ---> TOURGUIDESERVICE
getUserRewards ---> TOURGUIDESERVICE
getUserRewards ---> TOURGUIDESERVICE
getUserRewards ---> TOURGUIDESERVICE
getUserRewards ---> TOURGUIDESERVICE
getUserRewards ---> TOURGUIDESERVICE
getUserRewards ---> TOURGUIDESERVICE
getUserRewards ---> TOURGUIDESERVICE
getUserRewards ---> TOURGUIDESERVICE
getUserRewards ---> TOURGUIDESERVICE
getUserRewards ---> TOURGUIDESERVICE
getUserRewards ---> TOURGUIDESERVICE
getUserRewards ---> TOURGUIDESERVICE
getUserRewards ---> TOURGUIDESERVICE
getUserRewards ---> TOURGUIDESERVICE
getUserRewards ---> TOURGUIDESERVICE
getUserRewards ---> TOURGUIDESERVICE
getUserRewards ---> TOURGUIDESERVICE
getUserRewards ---> TOURGUIDESERVICE
getUserRewards ---> TOURGUIDESERVICE
getUserRewards ---> TOURGUIDESERVICE
getUserRewards ---> TOURGUIDESERVICE
getUserRewards ---> TOURGUIDESERVICE
getUserRewards ---> TOURGUIDESERVICE
getUserRewards ---> TOURGUIDESERVICE
getUserRewards ---> TOURGUIDESERVICE
getUserRewards ---> TOURGUIDESERVICE
getUserRewards ---> TOURGUIDESERVICE
getUserRewards ---> TOURGUIDESERVICE
getUserRewards ---> TOURGUIDESERVICE
getUserRewards ---> TOURGUIDESERVICE
getUserRewards ---> TOURGUIDESERVICE
getUserRewards ---> TOURGUIDESERVICE
getUserRewards ---> TOURGUIDESERVICE
getUserRewards ---> TOURGUIDESERVICE
getUserRewards ---> TOURGUIDESERVICE
getUserRewards ---> TOURGUIDESERVICE
getUserRewards ---> TOURGUIDESERVICE
getUserRewards ---> TOURGUIDESERVICE
getUserRewards ---> TOURGUIDESERVICE
getUserRewards ---> TOURGUIDESERVICE
getUserRewards ---> TOURGUIDESERVICE
getUserRewards ---> TOURGUIDESERVICE
getUserRewards ---> TOURGUIDESERVICE
getUserRewards ---> TOURGUIDESERVICE
getUserRewards ---> TOURGUIDESERVICE
getUserRewards ---> TOURGUIDESERVICE
getUserRewards ---> TOURGUIDESERVICE
getUserRewards ---> TOURGUIDESERVICE
getUserRewards ---> TOURGUIDESERVICE
getUserRewards ---> TOURGUIDESERVICE
getUserRewards ---> TOURGUIDESERVICE
getUserRewards ---> TOURGUIDESERVICE
getUserRewards ---> TOURGUIDESERVICE
getUserRewards ---> TOURGUIDESERVICE
getUserRewards ---> TOURGUIDESERVICE
getUserRewards ---> TOURGUIDESERVICE
getUserRewards ---> TOURGUIDESERVICE
getUserRewards ---> TOURGUIDESERVICE
getUserRewards ---> TOURGUIDESERVICE
getUserRewards ---> TOURGUIDESERVICE
getUserRewards ---> TOURGUIDESERVICE
getUserRewards ---> TOURGUIDESERVICE
getUserRewards ---> TOURGUIDESERVICE
getUserRewards ---> TOURGUIDESERVICE
getUserRewards ---> TOURGUIDESERVICE
getUserRewards ---> TOURGUIDESERVICE
getUserRewards ---> TOURGUIDESERVICE
getUserRewards ---> TOURGUIDESERVICE
getUserRewards ---> TOURGUIDESERVICE
getUserRewards ---> TOURGUIDESERVICE
getUserRewards ---> TOURGUIDESERVICE
getUserRewards ---> TOURGUIDESERVICE
getUserRewards ---> TOURGUIDESERVICE
getUserRewards ---> TOURGUIDESERVICE
getUserRewards ---> TOURGUIDESERVICE
getUserRewards ---> TOURGUIDESERVICE
getUserRewards ---> TOURGUIDESERVICE
getUserRewards ---> TOURGUIDESERVICE
getUserRewards ---> TOURGUIDESERVICE
getUserRewards ---> TOURGUIDESERVICE
getUserRewards ---> TOURGUIDESERVICE
getUserRewards ---> TOURGUIDESERVICE
getUserRewards ---> TOURGUIDESERVICE
getUserRewards ---> TOURGUIDESERVICE
getUserRewards ---> TOURGUIDESERVICE
getUserRewards ---> TOURGUIDESERVICE
getUserRewards ---> TOURGUIDESERVICE
getUserRewards ---> TOURGUIDESERVICE
getUserRewards ---> TOURGUIDESERVICE
getUserRewards ---> TOURGUIDESERVICE
getUserRewards ---> TOURGUIDESERVICE
getUserRewards ---> TOURGUIDESERVICE
getUserRewards ---> TOURGUIDESERVICE
getUserRewards ---> TOURGUIDESERVICE
getUserRewards ---> TOURGUIDESERVICE
getUserRewards ---> TOURGUIDESERVICE
getUserRewards ---> TOURGUIDESERVICE
getUserRewards ---> TOURGUIDESERVICE
getUserRewards ---> TOURGUIDESERVICE
getUserRewards ---> TOURGUIDESERVICE
getUserRewards ---> TOURGUIDESERVICE
getUserRewards ---> TOURGUIDESERVICE
getUserRewards ---> TOURGUIDESERVICE
getUserRewards ---> TOURGUIDESERVICE
getUserRewards ---> TOURGUIDESERVICE
getUserRewards ---> TOURGUIDESERVICE
getUserRewards ---> TOURGUIDESERVICE
getUserRewards ---> TOURGUIDESERVICE
getUserRewards ---> TOURGUIDESERVICE
getUserRewards ---> TOURGUIDESERVICE
getUserRewards ---> TOURGUIDESERVICE
getUserRewards ---> TOURGUIDESERVICE
getUserRewards ---> TOURGUIDESERVICE
getUserRewards ---> TOURGUIDESERVICE
getUserRewards ---> TOURGUIDESERVICE
getUserRewards ---> TOURGUIDESERVICE
getUserRewards ---> TOURGUIDESERVICE
getUserRewards ---> TOURGUIDESERVICE
getUserRewards ---> TOURGUIDESERVICE
getUserRewards ---> TOURGUIDESERVICE
getUserRewards ---> TOURGUIDESERVICE
getUserRewards ---> TOURGUIDESERVICE
getUserRewards ---> TOURGUIDESERVICE
getUserRewards ---> TOURGUIDESERVICE
getUserRewards ---> TOURGUIDESERVICE
getUserRewards ---> TOURGUIDESERVICE
getUserRewards ---> TOURGUIDESERVICE
getUserRewards ---> TOURGUIDESERVICE
getUserRewards ---> TOURGUIDESERVICE
getUserRewards ---> TOURGUIDESERVICE
getUserRewards ---> TOURGUIDESERVICE
getUserRewards ---> TOURGUIDESERVICE
getUserRewards ---> TOURGUIDESERVICE
getUserRewards ---> TOURGUIDESERVICE
getUserRewards ---> TOURGUIDESERVICE
getUserRewards ---> TOURGUIDESERVICE
getUserRewards ---> TOURGUIDESERVICE
getUserRewards ---> TOURGUIDESERVICE
getUserRewards ---> TOURGUIDESERVICE
getUserRewards ---> TOURGUIDESERVICE
getUserRewards ---> TOURGUIDESERVICE
getUserRewards ---> TOURGUIDESERVICE
getUserRewards ---> TOURGUIDESERVICE
getUserRewards ---> TOURGUIDESERVICE
getUserRewards ---> TOURGUIDESERVICE
getUserRewards ---> TOURGUIDESERVICE
getUserRewards ---> TOURGUIDESERVICE
getUserRewards ---> TOURGUIDESERVICE
getUserRewards ---> TOURGUIDESERVICE
getUserRewards ---> TOURGUIDESERVICE
getUserRewards ---> TOURGUIDESERVICE
getUserRewards ---> TOURGUIDESERVICE
getUserRewards ---> TOURGUIDESERVICE
getUserRewards ---> TOURGUIDESERVICE
getUserRewards ---> TOURGUIDESERVICE
getUserRewards ---> TOURGUIDESERVICE
getUserRewards ---> TOURGUIDESERVICE
getUserRewards ---> TOURGUIDESERVICE
getUserRewards ---> TOURGUIDESERVICE
getUserRewards ---> TOURGUIDESERVICE
getUserRewards ---> TOURGUIDESERVICE
getUserRewards ---> TOURGUIDESERVICE
getUserRewards ---> TOURGUIDESERVICE
getUserRewards ---> TOURGUIDESERVICE
getUserRewards ---> TOURGUIDESERVICE
getUserRewards ---> TOURGUIDESERVICE
getUserRewards ---> TOURGUIDESERVICE
getUserRewards ---> TOURGUIDESERVICE
getUserRewards ---> TOURGUIDESERVICE
getUserRewards ---> TOURGUIDESERVICE
getUserRewards ---> TOURGUIDESERVICE
getUserRewards ---> TOURGUIDESERVICE
getUserRewards ---> TOURGUIDESERVICE
getUserRewards ---> TOURGUIDESERVICE
getUserRewards ---> TOURGUIDESERVICE
getUserRewards ---> TOURGUIDESERVICE
getUserRewards ---> TOURGUIDESERVICE
getUserRewards ---> TOURGUIDESERVICE
getUserRewards ---> TOURGUIDESERVICE
getUserRewards ---> TOURGUIDESERVICE
getUserRewards ---> TOURGUIDESERVICE
getUserRewards ---> TOURGUIDESERVICE
getUserRewards ---> TOURGUIDESERVICE
getUserRewards ---> TOURGUIDESERVICE
getUserRewards ---> TOURGUIDESERVICE
getUserRewards ---> TOURGUIDESERVICE
getUserRewards ---> TOURGUIDESERVICE
getUserRewards ---> TOURGUIDESERVICE
getUserRewards ---> TOURGUIDESERVICE
getUserRewards ---> TOURGUIDESERVICE
getUserRewards ---> TOURGUIDESERVICE
getUserRewards ---> TOURGUIDESERVICE
getUserRewards ---> TOURGUIDESERVICE
getUserRewards ---> TOURGUIDESERVICE
getUserRewards ---> TOURGUIDESERVICE
getUserRewards ---> TOURGUIDESERVICE
getUserRewards ---> TOURGUIDESERVICE
getUserRewards ---> TOURGUIDESERVICE
getUserRewards ---> TOURGUIDESERVICE
getUserRewards ---> TOURGUIDESERVICE
getUserRewards ---> TOURGUIDESERVICE
getUserRewards ---> TOURGUIDESERVICE
getUserRewards ---> TOURGUIDESERVICE
getUserRewards ---> TOURGUIDESERVICE
getUserRewards ---> TOURGUIDESERVICE
getUserRewards ---> TOURGUIDESERVICE
getUserRewards ---> TOURGUIDESERVICE
getUserRewards ---> TOURGUIDESERVICE
getUserRewards ---> TOURGUIDESERVICE
getUserRewards ---> TOURGUIDESERVICE
getUserRewards ---> TOURGUIDESERVICE
getUserRewards ---> TOURGUIDESERVICE
getUserRewards ---> TOURGUIDESERVICE
getUserRewards ---> TOURGUIDESERVICE
getUserRewards ---> TOURGUIDESERVICE
getUserRewards ---> TOURGUIDESERVICE
getUserRewards ---> TOURGUIDESERVICE
getUserRewards ---> TOURGUIDESERVICE
getUserRewards ---> TOURGUIDESERVICE
getUserRewards ---> TOURGUIDESERVICE
getUserRewards ---> TOURGUIDESERVICE
getUserRewards ---> TOURGUIDESERVICE
getUserRewards ---> TOURGUIDESERVICE
getUserRewards ---> TOURGUIDESERVICE
getUserRewards ---> TOURGUIDESERVICE
getUserRewards ---> TOURGUIDESERVICE
getUserRewards ---> TOURGUIDESERVICE
getUserRewards ---> TOURGUIDESERVICE
getUserRewards ---> TOURGUIDESERVICE
getUserRewards ---> TOURGUIDESERVICE
getUserRewards ---> TOURGUIDESERVICE
getUserRewards ---> TOURGUIDESERVICE
getUserRewards ---> TOURGUIDESERVICE
getUserRewards ---> TOURGUIDESERVICE
getUserRewards ---> TOURGUIDESERVICE
getUserRewards ---> TOURGUIDESERVICE
getUserRewards ---> TOURGUIDESERVICE
getUserRewards ---> TOURGUIDESERVICE
getUserRewards ---> TOURGUIDESERVICE
getUserRewards ---> TOURGUIDESERVICE
getUserRewards ---> TOURGUIDESERVICE
getUserRewards ---> TOURGUIDESERVICE
getUserRewards ---> TOURGUIDESERVICE
getUserRewards ---> TOURGUIDESERVICE
getUserRewards ---> TOURGUIDESERVICE
getUserRewards ---> TOURGUIDESERVICE
getUserRewards ---> TOURGUIDESERVICE
getUserRewards ---> TOURGUIDESERVICE
getUserRewards ---> TOURGUIDESERVICE
getUserRewards ---> TOURGUIDESERVICE
getUserRewards ---> TOURGUIDESERVICE
getUserRewards ---> TOURGUIDESERVICE
getUserRewards ---> TOURGUIDESERVICE
getUserRewards ---> TOURGUIDESERVICE
getUserRewards ---> TOURGUIDESERVICE
getUserRewards ---> TOURGUIDESERVICE
getUserRewards ---> TOURGUIDESERVICE
getUserRewards ---> TOURGUIDESERVICE
getUserRewards ---> TOURGUIDESERVICE
getUserRewards ---> TOURGUIDESERVICE
getUserRewards ---> TOURGUIDESERVICE
getUserRewards ---> TOURGUIDESERVICE
getUserRewards ---> TOURGUIDESERVICE
getUserRewards ---> TOURGUIDESERVICE
getUserRewards ---> TOURGUIDESERVICE
getUserRewards ---> TOURGUIDESERVICE
getUserRewards ---> TOURGUIDESERVICE
getUserRewards ---> TOURGUIDESERVICE
getUserRewards ---> TOURGUIDESERVICE
getUserRewards ---> TOURGUIDESERVICE
getUserRewards ---> TOURGUIDESERVICE
getUserRewards ---> TOURGUIDESERVICE
getUserRewards ---> TOURGUIDESERVICE
getUserRewards ---> TOURGUIDESERVICE
getUserRewards ---> TOURGUIDESERVICE
getUserRewards ---> TOURGUIDESERVICE
getUserRewards ---> TOURGUIDESERVICE
getUserRewards ---> TOURGUIDESERVICE
getUserRewards ---> TOURGUIDESERVICE
getUserRewards ---> TOURGUIDESERVICE
getUserRewards ---> TOURGUIDESERVICE
getUserRewards ---> TOURGUIDESERVICE
getUserRewards ---> TOURGUIDESERVICE
getUserRewards ---> TOURGUIDESERVICE
getUserRewards ---> TOURGUIDESERVICE
getUserRewards ---> TOURGUIDESERVICE
getUserRewards ---> TOURGUIDESERVICE
getUserRewards ---> TOURGUIDESERVICE
getUserRewards ---> TOURGUIDESERVICE
getUserRewards ---> TOURGUIDESERVICE
getUserRewards ---> TOURGUIDESERVICE
getUserRewards ---> TOURGUIDESERVICE
getUserRewards ---> TOURGUIDESERVICE
getUserRewards ---> TOURGUIDESERVICE
getUserRewards ---> TOURGUIDESERVICE
getUserRewards ---> TOURGUIDESERVICE
getUserRewards ---> TOURGUIDESERVICE
getUserRewards ---> TOURGUIDESERVICE
getUserRewards ---> TOURGUIDESERVICE
getUserRewards ---> TOURGUIDESERVICE
getUserRewards ---> TOURGUIDESERVICE
getUserRewards ---> TOURGUIDESERVICE
getUserRewards ---> TOURGUIDESERVICE
getUserRewards ---> TOURGUIDESERVICE
getUserRewards ---> TOURGUIDESERVICE
getUserRewards ---> TOURGUIDESERVICE
getUserRewards ---> TOURGUIDESERVICE
getUserRewards ---> TOURGUIDESERVICE
getUserRewards ---> TOURGUIDESERVICE
getUserRewards ---> TOURGUIDESERVICE
getUserRewards ---> TOURGUIDESERVICE
getUserRewards ---> TOURGUIDESERVICE
getUserRewards ---> TOURGUIDESERVICE
getUserRewards ---> TOURGUIDESERVICE
getUserRewards ---> TOURGUIDESERVICE
getUserRewards ---> TOURGUIDESERVICE
getUserRewards ---> TOURGUIDESERVICE
getUserRewards ---> TOURGUIDESERVICE
getUserRewards ---> TOURGUIDESERVICE
getUserRewards ---> TOURGUIDESERVICE
getUserRewards ---> TOURGUIDESERVICE
getUserRewards ---> TOURGUIDESERVICE
getUserRewards ---> TOURGUIDESERVICE
getUserRewards ---> TOURGUIDESERVICE
getUserRewards ---> TOURGUIDESERVICE
getUserRewards ---> TOURGUIDESERVICE
getUserRewards ---> TOURGUIDESERVICE
getUserRewards ---> TOURGUIDESERVICE
getUserRewards ---> TOURGUIDESERVICE
getUserRewards ---> TOURGUIDESERVICE
getUserRewards ---> TOURGUIDESERVICE
getUserRewards ---> TOURGUIDESERVICE
getUserRewards ---> TOURGUIDESERVICE
getUserRewards ---> TOURGUIDESERVICE
getUserRewards ---> TOURGUIDESERVICE
getUserRewards ---> TOURGUIDESERVICE
getUserRewards ---> TOURGUIDESERVICE
getUserRewards ---> TOURGUIDESERVICE
getUserRewards ---> TOURGUIDESERVICE
getUserRewards ---> TOURGUIDESERVICE
getUserRewards ---> TOURGUIDESERVICE
getUserRewards ---> TOURGUIDESERVICE
getUserRewards ---> TOURGUIDESERVICE
getUserRewards ---> TOURGUIDESERVICE
getUserRewards ---> TOURGUIDESERVICE
getUserRewards ---> TOURGUIDESERVICE
getUserRewards ---> TOURGUIDESERVICE
getUserRewards ---> TOURGUIDESERVICE
getUserRewards ---> TOURGUIDESERVICE
getUserRewards ---> TOURGUIDESERVICE
getUserRewards ---> TOURGUIDESERVICE
getUserRewards ---> TOURGUIDESERVICE
getUserRewards ---> TOURGUIDESERVICE
getUserRewards ---> TOURGUIDESERVICE
getUserRewards ---> TOURGUIDESERVICE
getUserRewards ---> TOURGUIDESERVICE
getUserRewards ---> TOURGUIDESERVICE
getUserRewards ---> TOURGUIDESERVICE
getUserRewards ---> TOURGUIDESERVICE
getUserRewards ---> TOURGUIDESERVICE
getUserRewards ---> TOURGUIDESERVICE
getUserRewards ---> TOURGUIDESERVICE
getUserRewards ---> TOURGUIDESERVICE
getUserRewards ---> TOURGUIDESERVICE
getUserRewards ---> TOURGUIDESERVICE
getUserRewards ---> TOURGUIDESERVICE
getUserRewards ---> TOURGUIDESERVICE
getUserRewards ---> TOURGUIDESERVICE
getUserRewards ---> TOURGUIDESERVICE
getUserRewards ---> TOURGUIDESERVICE
getUserRewards ---> TOURGUIDESERVICE
getUserRewards ---> TOURGUIDESERVICE
getUserRewards ---> TOURGUIDESERVICE
getUserRewards ---> TOURGUIDESERVICE
getUserRewards ---> TOURGUIDESERVICE
getUserRewards ---> TOURGUIDESERVICE
getUserRewards ---> TOURGUIDESERVICE
getUserRewards ---> TOURGUIDESERVICE
getUserRewards ---> TOURGUIDESERVICE
getUserRewards ---> TOURGUIDESERVICE
getUserRewards ---> TOURGUIDESERVICE
getUserRewards ---> TOURGUIDESERVICE
getUserRewards ---> TOURGUIDESERVICE
getUserRewards ---> TOURGUIDESERVICE
getUserRewards ---> TOURGUIDESERVICE
getUserRewards ---> TOURGUIDESERVICE
getUserRewards ---> TOURGUIDESERVICE
getUserRewards ---> TOURGUIDESERVICE
getUserRewards ---> TOURGUIDESERVICE
getUserRewards ---> TOURGUIDESERVICE
getUserRewards ---> TOURGUIDESERVICE
getUserRewards ---> TOURGUIDESERVICE
getUserRewards ---> TOURGUIDESERVICE
getUserRewards ---> TOURGUIDESERVICE
getUserRewards ---> TOURGUIDESERVICE
getUserRewards ---> TOURGUIDESERVICE
getUserRewards ---> TOURGUIDESERVICE
getUserRewards ---> TOURGUIDESERVICE
getUserRewards ---> TOURGUIDESERVICE
getUserRewards ---> TOURGUIDESERVICE
getUserRewards ---> TOURGUIDESERVICE
getUserRewards ---> TOURGUIDESERVICE
getUserRewards ---> TOURGUIDESERVICE
getUserRewards ---> TOURGUIDESERVICE
getUserRewards ---> TOURGUIDESERVICE
getUserRewards ---> TOURGUIDESERVICE
getUserRewards ---> TOURGUIDESERVICE
getUserRewards ---> TOURGUIDESERVICE
getUserRewards ---> TOURGUIDESERVICE
getUserRewards ---> TOURGUIDESERVICE
getUserRewards ---> TOURGUIDESERVICE
getUserRewards ---> TOURGUIDESERVICE
getUserRewards ---> TOURGUIDESERVICE
getUserRewards ---> TOURGUIDESERVICE
getUserRewards ---> TOURGUIDESERVICE
getUserRewards ---> TOURGUIDESERVICE
getUserRewards ---> TOURGUIDESERVICE
getUserRewards ---> TOURGUIDESERVICE
getUserRewards ---> TOURGUIDESERVICE
getUserRewards ---> TOURGUIDESERVICE
getUserRewards ---> TOURGUIDESERVICE
getUserRewards ---> TOURGUIDESERVICE
getUserRewards ---> TOURGUIDESERVICE
getUserRewards ---> TOURGUIDESERVICE
getUserRewards ---> TOURGUIDESERVICE
getUserRewards ---> TOURGUIDESERVICE
getUserRewards ---> TOURGUIDESERVICE
getUserRewards ---> TOURGUIDESERVICE
getUserRewards ---> TOURGUIDESERVICE
getUserRewards ---> TOURGUIDESERVICE
getUserRewards ---> TOURGUIDESERVICE
getUserRewards ---> TOURGUIDESERVICE
getUserRewards ---> TOURGUIDESERVICE
getUserRewards ---> TOURGUIDESERVICE
getUserRewards ---> TOURGUIDESERVICE
getUserRewards ---> TOURGUIDESERVICE
getUserRewards ---> TOURGUIDESERVICE
getUserRewards ---> TOURGUIDESERVICE
getUserRewards ---> TOURGUIDESERVICE
getUserRewards ---> TOURGUIDESERVICE
getUserRewards ---> TOURGUIDESERVICE
getUserRewards ---> TOURGUIDESERVICE
getUserRewards ---> TOURGUIDESERVICE
getUserRewards ---> TOURGUIDESERVICE
getUserRewards ---> TOURGUIDESERVICE
getUserRewards ---> TOURGUIDESERVICE
getUserRewards ---> TOURGUIDESERVICE
getUserRewards ---> TOURGUIDESERVICE
getUserRewards ---> TOURGUIDESERVICE
getUserRewards ---> TOURGUIDESERVICE
getUserRewards ---> TOURGUIDESERVICE
getUserRewards ---> TOURGUIDESERVICE
getUserRewards ---> TOURGUIDESERVICE
getUserRewards ---> TOURGUIDESERVICE
getUserRewards ---> TOURGUIDESERVICE
getUserRewards ---> TOURGUIDESERVICE
getUserRewards ---> TOURGUIDESERVICE
getUserRewards ---> TOURGUIDESERVICE
getUserRewards ---> TOURGUIDESERVICE
getUserRewards ---> TOURGUIDESERVICE
getUserRewards ---> TOURGUIDESERVICE
getUserRewards ---> TOURGUIDESERVICE
getUserRewards ---> TOURGUIDESERVICE
getUserRewards ---> TOURGUIDESERVICE
getUserRewards ---> TOURGUIDESERVICE
getUserRewards ---> TOURGUIDESERVICE
getUserRewards ---> TOURGUIDESERVICE
getUserRewards ---> TOURGUIDESERVICE
getUserRewards ---> TOURGUIDESERVICE
getUserRewards ---> TOURGUIDESERVICE
getUserRewards ---> TOURGUIDESERVICE
getUserRewards ---> TOURGUIDESERVICE
getUserRewards ---> TOURGUIDESERVICE
getUserRewards ---> TOURGUIDESERVICE
getUserRewards ---> TOURGUIDESERVICE
getUserRewards ---> TOURGUIDESERVICE
getUserRewards ---> TOURGUIDESERVICE
getUserRewards ---> TOURGUIDESERVICE
getUserRewards ---> TOURGUIDESERVICE
getUserRewards ---> TOURGUIDESERVICE
getUserRewards ---> TOURGUIDESERVICE
getUserRewards ---> TOURGUIDESERVICE
getUserRewards ---> TOURGUIDESERVICE
getUserRewards ---> TOURGUIDESERVICE
getUserRewards ---> TOURGUIDESERVICE
getUserRewards ---> TOURGUIDESERVICE
getUserRewards ---> TOURGUIDESERVICE
getUserRewards ---> TOURGUIDESERVICE
getUserRewards ---> TOURGUIDESERVICE
getUserRewards ---> TOURGUIDESERVICE
getUserRewards ---> TOURGUIDESERVICE
getUserRewards ---> TOURGUIDESERVICE
getUserRewards ---> TOURGUIDESERVICE
getUserRewards ---> TOURGUIDESERVICE
getUserRewards ---> TOURGUIDESERVICE
getUserRewards ---> TOURGUIDESERVICE
getUserRewards ---> TOURGUIDESERVICE
getUserRewards ---> TOURGUIDESERVICE
getUserRewards ---> TOURGUIDESERVICE
getUserRewards ---> TOURGUIDESERVICE
getUserRewards ---> TOURGUIDESERVICE
getUserRewards ---> TOURGUIDESERVICE
getUserRewards ---> TOURGUIDESERVICE
getUserRewards ---> TOURGUIDESERVICE
getUserRewards ---> TOURGUIDESERVICE
getUserRewards ---> TOURGUIDESERVICE
getUserRewards ---> TOURGUIDESERVICE
getUserRewards ---> TOURGUIDESERVICE
getUserRewards ---> TOURGUIDESERVICE
getUserRewards ---> TOURGUIDESERVICE
getUserRewards ---> TOURGUIDESERVICE
getUserRewards ---> TOURGUIDESERVICE
getUserRewards ---> TOURGUIDESERVICE
getUserRewards ---> TOURGUIDESERVICE
getUserRewards ---> TOURGUIDESERVICE
getUserRewards ---> TOURGUIDESERVICE
getUserRewards ---> TOURGUIDESERVICE
getUserRewards ---> TOURGUIDESERVICE
getUserRewards ---> TOURGUIDESERVICE
getUserRewards ---> TOURGUIDESERVICE
getUserRewards ---> TOURGUIDESERVICE
getUserRewards ---> TOURGUIDESERVICE
getUserRewards ---> TOURGUIDESERVICE
getUserRewards ---> TOURGUIDESERVICE
getUserRewards ---> TOURGUIDESERVICE
getUserRewards ---> TOURGUIDESERVICE
getUserRewards ---> TOURGUIDESERVICE
getUserRewards ---> TOURGUIDESERVICE
getUserRewards ---> TOURGUIDESERVICE
getUserRewards ---> TOURGUIDESERVICE
getUserRewards ---> TOURGUIDESERVICE
getUserRewards ---> TOURGUIDESERVICE
getUserRewards ---> TOURGUIDESERVICE
getUserRewards ---> TOURGUIDESERVICE
getUserRewards ---> TOURGUIDESERVICE
getUserRewards ---> TOURGUIDESERVICE
getUserRewards ---> TOURGUIDESERVICE
getUserRewards ---> TOURGUIDESERVICE
getUserRewards ---> TOURGUIDESERVICE
getUserRewards ---> TOURGUIDESERVICE
getUserRewards ---> TOURGUIDESERVICE
getUserRewards ---> TOURGUIDESERVICE
getUserRewards ---> TOURGUIDESERVICE
getUserRewards ---> TOURGUIDESERVICE
getUserRewards ---> TOURGUIDESERVICE
getUserRewards ---> TOURGUIDESERVICE
getUserRewards ---> TOURGUIDESERVICE
getUserRewards ---> TOURGUIDESERVICE
getUserRewards ---> TOURGUIDESERVICE
getUserRewards ---> TOURGUIDESERVICE
getUserRewards ---> TOURGUIDESERVICE
getUserRewards ---> TOURGUIDESERVICE
getUserRewards ---> TOURGUIDESERVICE
getUserRewards ---> TOURGUIDESERVICE
getUserRewards ---> TOURGUIDESERVICE
getUserRewards ---> TOURGUIDESERVICE
getUserRewards ---> TOURGUIDESERVICE
getUserRewards ---> TOURGUIDESERVICE
getUserRewards ---> TOURGUIDESERVICE
getUserRewards ---> TOURGUIDESERVICE
getUserRewards ---> TOURGUIDESERVICE
getUserRewards ---> TOURGUIDESERVICE
getUserRewards ---> TOURGUIDESERVICE
getUserRewards ---> TOURGUIDESERVICE
getUserRewards ---> TOURGUIDESERVICE
getUserRewards ---> TOURGUIDESERVICE
getUserRewards ---> TOURGUIDESERVICE
getUserRewards ---> TOURGUIDESERVICE
getUserRewards ---> TOURGUIDESERVICE
getUserRewards ---> TOURGUIDESERVICE
getUserRewards ---> TOURGUIDESERVICE
getUserRewards ---> TOURGUIDESERVICE
getUserRewards ---> TOURGUIDESERVICE
getUserRewards ---> TOURGUIDESERVICE
getUserRewards ---> TOURGUIDESERVICE
getUserRewards ---> TOURGUIDESERVICE
getUserRewards ---> TOURGUIDESERVICE
getUserRewards ---> TOURGUIDESERVICE
getUserRewards ---> TOURGUIDESERVICE
getUserRewards ---> TOURGUIDESERVICE
getUserRewards ---> TOURGUIDESERVICE
getUserRewards ---> TOURGUIDESERVICE
getUserRewards ---> TOURGUIDESERVICE
getUserRewards ---> TOURGUIDESERVICE
getUserRewards ---> TOURGUIDESERVICE
getUserRewards ---> TOURGUIDESERVICE
getUserRewards ---> TOURGUIDESERVICE
getUserRewards ---> TOURGUIDESERVICE
getUserRewards ---> TOURGUIDESERVICE
getUserRewards ---> TOURGUIDESERVICE
getUserRewards ---> TOURGUIDESERVICE
getUserRewards ---> TOURGUIDESERVICE
getUserRewards ---> TOURGUIDESERVICE
getUserRewards ---> TOURGUIDESERVICE
getUserRewards ---> TOURGUIDESERVICE
getUserRewards ---> TOURGUIDESERVICE
getUserRewards ---> TOURGUIDESERVICE
getUserRewards ---> TOURGUIDESERVICE
getUserRewards ---> TOURGUIDESERVICE
getUserRewards ---> TOURGUIDESERVICE
getUserRewards ---> TOURGUIDESERVICE
getUserRewards ---> TOURGUIDESERVICE
getUserRewards ---> TOURGUIDESERVICE
getUserRewards ---> TOURGUIDESERVICE
getUserRewards ---> TOURGUIDESERVICE
getUserRewards ---> TOURGUIDESERVICE
getUserRewards ---> TOURGUIDESERVICE
getUserRewards ---> TOURGUIDESERVICE
getUserRewards ---> TOURGUIDESERVICE
getUserRewards ---> TOURGUIDESERVICE
getUserRewards ---> TOURGUIDESERVICE
getUserRewards ---> TOURGUIDESERVICE
getUserRewards ---> TOURGUIDESERVICE
getUserRewards ---> TOURGUIDESERVICE
getUserRewards ---> TOURGUIDESERVICE
getUserRewards ---> TOURGUIDESERVICE
getUserRewards ---> TOURGUIDESERVICE
getUserRewards ---> TOURGUIDESERVICE
getUserRewards ---> TOURGUIDESERVICE
getUserRewards ---> TOURGUIDESERVICE
getUserRewards ---> TOURGUIDESERVICE
getUserRewards ---> TOURGUIDESERVICE
getUserRewards ---> TOURGUIDESERVICE
getUserRewards ---> TOURGUIDESERVICE
getUserRewards ---> TOURGUIDESERVICE
getUserRewards ---> TOURGUIDESERVICE
getUserRewards ---> TOURGUIDESERVICE
getUserRewards ---> TOURGUIDESERVICE
getUserRewards ---> TOURGUIDESERVICE
getUserRewards ---> TOURGUIDESERVICE
getUserRewards ---> TOURGUIDESERVICE
getUserRewards ---> TOURGUIDESERVICE
getUserRewards ---> TOURGUIDESERVICE
getUserRewards ---> TOURGUIDESERVICE
getUserRewards ---> TOURGUIDESERVICE
getUserRewards ---> TOURGUIDESERVICE
getUserRewards ---> TOURGUIDESERVICE
getUserRewards ---> TOURGUIDESERVICE
getUserRewards ---> TOURGUIDESERVICE
getUserRewards ---> TOURGUIDESERVICE
getUserRewards ---> TOURGUIDESERVICE
getUserRewards ---> TOURGUIDESERVICE
getUserRewards ---> TOURGUIDESERVICE
getUserRewards ---> TOURGUIDESERVICE
getUserRewards ---> TOURGUIDESERVICE
getUserRewards ---> TOURGUIDESERVICE
getUserRewards ---> TOURGUIDESERVICE
getUserRewards ---> TOURGUIDESERVICE
getUserRewards ---> TOURGUIDESERVICE
getUserRewards ---> TOURGUIDESERVICE
getUserRewards ---> TOURGUIDESERVICE
getUserRewards ---> TOURGUIDESERVICE
getUserRewards ---> TOURGUIDESERVICE
getUserRewards ---> TOURGUIDESERVICE
getUserRewards ---> TOURGUIDESERVICE
getUserRewards ---> TOURGUIDESERVICE
getUserRewards ---> TOURGUIDESERVICE
getUserRewards ---> TOURGUIDESERVICE
getUserRewards ---> TOURGUIDESERVICE
getUserRewards ---> TOURGUIDESERVICE
getUserRewards ---> TOURGUIDESERVICE
getUserRewards ---> TOURGUIDESERVICE
getUserRewards ---> TOURGUIDESERVICE
getUserRewards ---> TOURGUIDESERVICE
getUserRewards ---> TOURGUIDESERVICE
getUserRewards ---> TOURGUIDESERVICE
getUserRewards ---> TOURGUIDESERVICE
getUserRewards ---> TOURGUIDESERVICE
getUserRewards ---> TOURGUIDESERVICE
getUserRewards ---> TOURGUIDESERVICE
getUserRewards ---> TOURGUIDESERVICE
getUserRewards ---> TOURGUIDESERVICE
getUserRewards ---> TOURGUIDESERVICE
getUserRewards ---> TOURGUIDESERVICE
getUserRewards ---> TOURGUIDESERVICE
getUserRewards ---> TOURGUIDESERVICE
getUserRewards ---> TOURGUIDESERVICE
getUserRewards ---> TOURGUIDESERVICE
getUserRewards ---> TOURGUIDESERVICE
getUserRewards ---> TOURGUIDESERVICE
getUserRewards ---> TOURGUIDESERVICE
getUserRewards ---> TOURGUIDESERVICE
getUserRewards ---> TOURGUIDESERVICE
getUserRewards ---> TOURGUIDESERVICE
getUserRewards ---> TOURGUIDESERVICE
getUserRewards ---> TOURGUIDESERVICE
getUserRewards ---> TOURGUIDESERVICE
getUserRewards ---> TOURGUIDESERVICE
getUserRewards ---> TOURGUIDESERVICE
getUserRewards ---> TOURGUIDESERVICE
getUserRewards ---> TOURGUIDESERVICE
getUserRewards ---> TOURGUIDESERVICE
getUserRewards ---> TOURGUIDESERVICE
getUserRewards ---> TOURGUIDESERVICE
getUserRewards ---> TOURGUIDESERVICE
getUserRewards ---> TOURGUIDESERVICE
getUserRewards ---> TOURGUIDESERVICE
getUserRewards ---> TOURGUIDESERVICE
getUserRewards ---> TOURGUIDESERVICE
getUserRewards ---> TOURGUIDESERVICE
getUserRewards ---> TOURGUIDESERVICE
getUserRewards ---> TOURGUIDESERVICE
getUserRewards ---> TOURGUIDESERVICE
getUserRewards ---> TOURGUIDESERVICE
getUserRewards ---> TOURGUIDESERVICE
getUserRewards ---> TOURGUIDESERVICE
getUserRewards ---> TOURGUIDESERVICE
getUserRewards ---> TOURGUIDESERVICE
getUserRewards ---> TOURGUIDESERVICE
getUserRewards ---> TOURGUIDESERVICE
getUserRewards ---> TOURGUIDESERVICE
getUserRewards ---> TOURGUIDESERVICE
getUserRewards ---> TOURGUIDESERVICE
getUserRewards ---> TOURGUIDESERVICE
getUserRewards ---> TOURGUIDESERVICE
getUserRewards ---> TOURGUIDESERVICE
getUserRewards ---> TOURGUIDESERVICE
getUserRewards ---> TOURGUIDESERVICE
getUserRewards ---> TOURGUIDESERVICE
getUserRewards ---> TOURGUIDESERVICE
getUserRewards ---> TOURGUIDESERVICE
getUserRewards ---> TOURGUIDESERVICE
getUserRewards ---> TOURGUIDESERVICE
getUserRewards ---> TOURGUIDESERVICE
getUserRewards ---> TOURGUIDESERVICE
getUserRewards ---> TOURGUIDESERVICE
getUserRewards ---> TOURGUIDESERVICE
getUserRewards ---> TOURGUIDESERVICE
getUserRewards ---> TOURGUIDESERVICE
getUserRewards ---> TOURGUIDESERVICE
getUserRewards ---> TOURGUIDESERVICE
getUserRewards ---> TOURGUIDESERVICE
getUserRewards ---> TOURGUIDESERVICE
getUserRewards ---> TOURGUIDESERVICE
getUserRewards ---> TOURGUIDESERVICE
getUserRewards ---> TOURGUIDESERVICE
getUserRewards ---> TOURGUIDESERVICE
getUserRewards ---> TOURGUIDESERVICE
getUserRewards ---> TOURGUIDESERVICE
getUserRewards ---> TOURGUIDESERVICE
getUserRewards ---> TOURGUIDESERVICE
getUserRewards ---> TOURGUIDESERVICE
getUserRewards ---> TOURGUIDESERVICE
getUserRewards ---> TOURGUIDESERVICE
getUserRewards ---> TOURGUIDESERVICE
getUserRewards ---> TOURGUIDESERVICE
getUserRewards ---> TOURGUIDESERVICE
getUserRewards ---> TOURGUIDESERVICE
getUserRewards ---> TOURGUIDESERVICE
getUserRewards ---> TOURGUIDESERVICE
getUserRewards ---> TOURGUIDESERVICE
getUserRewards ---> TOURGUIDESERVICE
getUserRewards ---> TOURGUIDESERVICE
getUserRewards ---> TOURGUIDESERVICE
getUserRewards ---> TOURGUIDESERVICE
getUserRewards ---> TOURGUIDESERVICE
getUserRewards ---> TOURGUIDESERVICE
getUserRewards ---> TOURGUIDESERVICE
getUserRewards ---> TOURGUIDESERVICE
getUserRewards ---> TOURGUIDESERVICE
getUserRewards ---> TOURGUIDESERVICE
getUserRewards ---> TOURGUIDESERVICE
getUserRewards ---> TOURGUIDESERVICE
getUserRewards ---> TOURGUIDESERVICE
getUserRewards ---> TOURGUIDESERVICE
getUserRewards ---> TOURGUIDESERVICE
getUserRewards ---> TOURGUIDESERVICE
getUserRewards ---> TOURGUIDESERVICE
getUserRewards ---> TOURGUIDESERVICE
getUserRewards ---> TOURGUIDESERVICE
getUserRewards ---> TOURGUIDESERVICE
getUserRewards ---> TOURGUIDESERVICE
getUserRewards ---> TOURGUIDESERVICE
getUserRewards ---> TOURGUIDESERVICE
getUserRewards ---> TOURGUIDESERVICE
getUserRewards ---> TOURGUIDESERVICE
getUserRewards ---> TOURGUIDESERVICE
getUserRewards ---> TOURGUIDESERVICE
getUserRewards ---> TOURGUIDESERVICE
getUserRewards ---> TOURGUIDESERVICE
getUserRewards ---> TOURGUIDESERVICE
getUserRewards ---> TOURGUIDESERVICE
getUserRewards ---> TOURGUIDESERVICE
getUserRewards ---> TOURGUIDESERVICE
getUserRewards ---> TOURGUIDESERVICE
getUserRewards ---> TOURGUIDESERVICE
getUserRewards ---> TOURGUIDESERVICE
getUserRewards ---> TOURGUIDESERVICE
getUserRewards ---> TOURGUIDESERVICE
getUserRewards ---> TOURGUIDESERVICE
getUserRewards ---> TOURGUIDESERVICE
getUserRewards ---> TOURGUIDESERVICE
getUserRewards ---> TOURGUIDESERVICE
getUserRewards ---> TOURGUIDESERVICE
getUserRewards ---> TOURGUIDESERVICE
getUserRewards ---> TOURGUIDESERVICE
getUserRewards ---> TOURGUIDESERVICE
getUserRewards ---> TOURGUIDESERVICE
getUserRewards ---> TOURGUIDESERVICE
getUserRewards ---> TOURGUIDESERVICE
getUserRewards ---> TOURGUIDESERVICE
getUserRewards ---> TOURGUIDESERVICE
getUserRewards ---> TOURGUIDESERVICE
getUserRewards ---> TOURGUIDESERVICE
getUserRewards ---> TOURGUIDESERVICE
getUserRewards ---> TOURGUIDESERVICE
getUserRewards ---> TOURGUIDESERVICE
getUserRewards ---> TOURGUIDESERVICE
getUserRewards ---> TOURGUIDESERVICE
getUserRewards ---> TOURGUIDESERVICE
getUserRewards ---> TOURGUIDESERVICE
getUserRewards ---> TOURGUIDESERVICE
getUserRewards ---> TOURGUIDESERVICE
getUserRewards ---> TOURGUIDESERVICE
getUserRewards ---> TOURGUIDESERVICE
getUserRewards ---> TOURGUIDESERVICE
getUserRewards ---> TOURGUIDESERVICE
getUserRewards ---> TOURGUIDESERVICE
getUserRewards ---> TOURGUIDESERVICE
getUserRewards ---> TOURGUIDESERVICE
getUserRewards ---> TOURGUIDESERVICE
getUserRewards ---> TOURGUIDESERVICE
getUserRewards ---> TOURGUIDESERVICE
getUserRewards ---> TOURGUIDESERVICE
getUserRewards ---> TOURGUIDESERVICE
getUserRewards ---> TOURGUIDESERVICE
getUserRewards ---> TOURGUIDESERVICE
getUserRewards ---> TOURGUIDESERVICE
getUserRewards ---> TOURGUIDESERVICE
getUserRewards ---> TOURGUIDESERVICE
getUserRewards ---> TOURGUIDESERVICE
getUserRewards ---> TOURGUIDESERVICE
getUserRewards ---> TOURGUIDESERVICE
getUserRewards ---> TOURGUIDESERVICE
getUserRewards ---> TOURGUIDESERVICE
getUserRewards ---> TOURGUIDESERVICE
getUserRewards ---> TOURGUIDESERVICE
getUserRewards ---> TOURGUIDESERVICE
getUserRewards ---> TOURGUIDESERVICE
getUserRewards ---> TOURGUIDESERVICE
getUserRewards ---> TOURGUIDESERVICE
getUserRewards ---> TOURGUIDESERVICE
getUserRewards ---> TOURGUIDESERVICE
getUserRewards ---> TOURGUIDESERVICE
getUserRewards ---> TOURGUIDESERVICE
getUserRewards ---> TOURGUIDESERVICE
getUserRewards ---> TOURGUIDESERVICE
getUserRewards ---> TOURGUIDESERVICE
getUserRewards ---> TOURGUIDESERVICE
getUserRewards ---> TOURGUIDESERVICE
getUserRewards ---> TOURGUIDESERVICE
getUserRewards ---> TOURGUIDESERVICE
getUserRewards ---> TOURGUIDESERVICE
getUserRewards ---> TOURGUIDESERVICE
getUserRewards ---> TOURGUIDESERVICE
getUserRewards ---> TOURGUIDESERVICE
getUserRewards ---> TOURGUIDESERVICE
getUserRewards ---> TOURGUIDESERVICE
getUserRewards ---> TOURGUIDESERVICE
getUserRewards ---> TOURGUIDESERVICE
getUserRewards ---> TOURGUIDESERVICE
getUserRewards ---> TOURGUIDESERVICE
getUserRewards ---> TOURGUIDESERVICE
getUserRewards ---> TOURGUIDESERVICE
getUserRewards ---> TOURGUIDESERVICE
getUserRewards ---> TOURGUIDESERVICE
getUserRewards ---> TOURGUIDESERVICE
getUserRewards ---> TOURGUIDESERVICE
getUserRewards ---> TOURGUIDESERVICE
getUserRewards ---> TOURGUIDESERVICE
getUserRewards ---> TOURGUIDESERVICE
getUserRewards ---> TOURGUIDESERVICE
getUserRewards ---> TOURGUIDESERVICE
getUserRewards ---> TOURGUIDESERVICE
getUserRewards ---> TOURGUIDESERVICE
getUserRewards ---> TOURGUIDESERVICE
getUserRewards ---> TOURGUIDESERVICE
getUserRewards ---> TOURGUIDESERVICE
getUserRewards ---> TOURGUIDESERVICE
getUserRewards ---> TOURGUIDESERVICE
getUserRewards ---> TOURGUIDESERVICE
getUserRewards ---> TOURGUIDESERVICE
getUserRewards ---> TOURGUIDESERVICE
getUserRewards ---> TOURGUIDESERVICE
getUserRewards ---> TOURGUIDESERVICE
getUserRewards ---> TOURGUIDESERVICE
getUserRewards ---> TOURGUIDESERVICE
getUserRewards ---> TOURGUIDESERVICE
getUserRewards ---> TOURGUIDESERVICE
getUserRewards ---> TOURGUIDESERVICE
getUserRewards ---> TOURGUIDESERVICE
getUserRewards ---> TOURGUIDESERVICE
getUserRewards ---> TOURGUIDESERVICE
getUserRewards ---> TOURGUIDESERVICE
getUserRewards ---> TOURGUIDESERVICE
getUserRewards ---> TOURGUIDESERVICE
getUserRewards ---> TOURGUIDESERVICE
getUserRewards ---> TOURGUIDESERVICE
getUserRewards ---> TOURGUIDESERVICE
getUserRewards ---> TOURGUIDESERVICE
getUserRewards ---> TOURGUIDESERVICE
getUserRewards ---> TOURGUIDESERVICE
getUserRewards ---> TOURGUIDESERVICE
getUserRewards ---> TOURGUIDESERVICE
getUserRewards ---> TOURGUIDESERVICE
getUserRewards ---> TOURGUIDESERVICE
getUserRewards ---> TOURGUIDESERVICE
getUserRewards ---> TOURGUIDESERVICE
getUserRewards ---> TOURGUIDESERVICE
getUserRewards ---> TOURGUIDESERVICE
getUserRewards ---> TOURGUIDESERVICE
getUserRewards ---> TOURGUIDESERVICE
getUserRewards ---> TOURGUIDESERVICE
getUserRewards ---> TOURGUIDESERVICE
getUserRewards ---> TOURGUIDESERVICE
getUserRewards ---> TOURGUIDESERVICE
getUserRewards ---> TOURGUIDESERVICE
getUserRewards ---> TOURGUIDESERVICE
getUserRewards ---> TOURGUIDESERVICE
getUserRewards ---> TOURGUIDESERVICE
getUserRewards ---> TOURGUIDESERVICE
getUserRewards ---> TOURGUIDESERVICE
getUserRewards ---> TOURGUIDESERVICE
getUserRewards ---> TOURGUIDESERVICE
getUserRewards ---> TOURGUIDESERVICE
getUserRewards ---> TOURGUIDESERVICE
getUserRewards ---> TOURGUIDESERVICE
getUserRewards ---> TOURGUIDESERVICE
getUserRewards ---> TOURGUIDESERVICE
getUserRewards ---> TOURGUIDESERVICE
getUserRewards ---> TOURGUIDESERVICE
getUserRewards ---> TOURGUIDESERVICE
getUserRewards ---> TOURGUIDESERVICE
getUserRewards ---> TOURGUIDESERVICE
getUserRewards ---> TOURGUIDESERVICE
getUserRewards ---> TOURGUIDESERVICE
getUserRewards ---> TOURGUIDESERVICE
getUserRewards ---> TOURGUIDESERVICE
getUserRewards ---> TOURGUIDESERVICE
getUserRewards ---> TOURGUIDESERVICE
getUserRewards ---> TOURGUIDESERVICE
getUserRewards ---> TOURGUIDESERVICE
getUserRewards ---> TOURGUIDESERVICE
getUserRewards ---> TOURGUIDESERVICE
getUserRewards ---> TOURGUIDESERVICE
getUserRewards ---> TOURGUIDESERVICE
getUserRewards ---> TOURGUIDESERVICE
getUserRewards ---> TOURGUIDESERVICE
getUserRewards ---> TOURGUIDESERVICE
getUserRewards ---> TOURGUIDESERVICE
getUserRewards ---> TOURGUIDESERVICE
getUserRewards ---> TOURGUIDESERVICE
getUserRewards ---> TOURGUIDESERVICE
getUserRewards ---> TOURGUIDESERVICE
getUserRewards ---> TOURGUIDESERVICE
getUserRewards ---> TOURGUIDESERVICE
getUserRewards ---> TOURGUIDESERVICE
getUserRewards ---> TOURGUIDESERVICE
getUserRewards ---> TOURGUIDESERVICE
getUserRewards ---> TOURGUIDESERVICE
getUserRewards ---> TOURGUIDESERVICE
getUserRewards ---> TOURGUIDESERVICE
getUserRewards ---> TOURGUIDESERVICE
getUserRewards ---> TOURGUIDESERVICE
getUserRewards ---> TOURGUIDESERVICE
getUserRewards ---> TOURGUIDESERVICE
getUserRewards ---> TOURGUIDESERVICE
getUserRewards ---> TOURGUIDESERVICE
getUserRewards ---> TOURGUIDESERVICE
getUserRewards ---> TOURGUIDESERVICE
getUserRewards ---> TOURGUIDESERVICE
getUserRewards ---> TOURGUIDESERVICE
getUserRewards ---> TOURGUIDESERVICE
getUserRewards ---> TOURGUIDESERVICE
getUserRewards ---> TOURGUIDESERVICE
getUserRewards ---> TOURGUIDESERVICE
getUserRewards ---> TOURGUIDESERVICE
getUserRewards ---> TOURGUIDESERVICE
getUserRewards ---> TOURGUIDESERVICE
getUserRewards ---> TOURGUIDESERVICE
getUserRewards ---> TOURGUIDESERVICE
getUserRewards ---> TOURGUIDESERVICE
getUserRewards ---> TOURGUIDESERVICE
getUserRewards ---> TOURGUIDESERVICE
getUserRewards ---> TOURGUIDESERVICE
getUserRewards ---> TOURGUIDESERVICE
getUserRewards ---> TOURGUIDESERVICE
getUserRewards ---> TOURGUIDESERVICE
getUserRewards ---> TOURGUIDESERVICE
getUserRewards ---> TOURGUIDESERVICE
getUserRewards ---> TOURGUIDESERVICE
getUserRewards ---> TOURGUIDESERVICE
getUserRewards ---> TOURGUIDESERVICE
getUserRewards ---> TOURGUIDESERVICE
getUserRewards ---> TOURGUIDESERVICE
getUserRewards ---> TOURGUIDESERVICE
getUserRewards ---> TOURGUIDESERVICE
getUserRewards ---> TOURGUIDESERVICE
getUserRewards ---> TOURGUIDESERVICE
getUserRewards ---> TOURGUIDESERVICE
getUserRewards ---> TOURGUIDESERVICE
getUserRewards ---> TOURGUIDESERVICE
getUserRewards ---> TOURGUIDESERVICE
getUserRewards ---> TOURGUIDESERVICE
getUserRewards ---> TOURGUIDESERVICE
getUserRewards ---> TOURGUIDESERVICE
getUserRewards ---> TOURGUIDESERVICE
getUserRewards ---> TOURGUIDESERVICE
getUserRewards ---> TOURGUIDESERVICE
getUserRewards ---> TOURGUIDESERVICE
getUserRewards ---> TOURGUIDESERVICE
getUserRewards ---> TOURGUIDESERVICE
getUserRewards ---> TOURGUIDESERVICE
getUserRewards ---> TOURGUIDESERVICE
getUserRewards ---> TOURGUIDESERVICE
getUserRewards ---> TOURGUIDESERVICE
getUserRewards ---> TOURGUIDESERVICE
getUserRewards ---> TOURGUIDESERVICE
getUserRewards ---> TOURGUIDESERVICE
getUserRewards ---> TOURGUIDESERVICE
getUserRewards ---> TOURGUIDESERVICE
getUserRewards ---> TOURGUIDESERVICE
getUserRewards ---> TOURGUIDESERVICE
getUserRewards ---> TOURGUIDESERVICE
getUserRewards ---> TOURGUIDESERVICE
getUserRewards ---> TOURGUIDESERVICE
getUserRewards ---> TOURGUIDESERVICE
getUserRewards ---> TOURGUIDESERVICE
getUserRewards ---> TOURGUIDESERVICE
getUserRewards ---> TOURGUIDESERVICE
getUserRewards ---> TOURGUIDESERVICE
getUserRewards ---> TOURGUIDESERVICE
getUserRewards ---> TOURGUIDESERVICE
getUserRewards ---> TOURGUIDESERVICE
getUserRewards ---> TOURGUIDESERVICE
getUserRewards ---> TOURGUIDESERVICE
getUserRewards ---> TOURGUIDESERVICE
getUserRewards ---> TOURGUIDESERVICE
getUserRewards ---> TOURGUIDESERVICE
getUserRewards ---> TOURGUIDESERVICE
getUserRewards ---> TOURGUIDESERVICE
getUserRewards ---> TOURGUIDESERVICE
getUserRewards ---> TOURGUIDESERVICE
getUserRewards ---> TOURGUIDESERVICE
getUserRewards ---> TOURGUIDESERVICE
getUserRewards ---> TOURGUIDESERVICE
getUserRewards ---> TOURGUIDESERVICE
getUserRewards ---> TOURGUIDESERVICE
getUserRewards ---> TOURGUIDESERVICE
getUserRewards ---> TOURGUIDESERVICE
getUserRewards ---> TOURGUIDESERVICE
getUserRewards ---> TOURGUIDESERVICE
getUserRewards ---> TOURGUIDESERVICE
getUserRewards ---> TOURGUIDESERVICE
getUserRewards ---> TOURGUIDESERVICE
getUserRewards ---> TOURGUIDESERVICE
getUserRewards ---> TOURGUIDESERVICE
getUserRewards ---> TOURGUIDESERVICE
getUserRewards ---> TOURGUIDESERVICE
getUserRewards ---> TOURGUIDESERVICE
getUserRewards ---> TOURGUIDESERVICE
getUserRewards ---> TOURGUIDESERVICE
getUserRewards ---> TOURGUIDESERVICE
getUserRewards ---> TOURGUIDESERVICE
getUserRewards ---> TOURGUIDESERVICE
getUserRewards ---> TOURGUIDESERVICE
getUserRewards ---> TOURGUIDESERVICE
getUserRewards ---> TOURGUIDESERVICE
getUserRewards ---> TOURGUIDESERVICE
getUserRewards ---> TOURGUIDESERVICE
getUserRewards ---> TOURGUIDESERVICE
getUserRewards ---> TOURGUIDESERVICE
getUserRewards ---> TOURGUIDESERVICE
getUserRewards ---> TOURGUIDESERVICE
getUserRewards ---> TOURGUIDESERVICE
getUserRewards ---> TOURGUIDESERVICE
getUserRewards ---> TOURGUIDESERVICE
getUserRewards ---> TOURGUIDESERVICE
getUserRewards ---> TOURGUIDESERVICE
getUserRewards ---> TOURGUIDESERVICE
getUserRewards ---> TOURGUIDESERVICE
getUserRewards ---> TOURGUIDESERVICE
getUserRewards ---> TOURGUIDESERVICE
getUserRewards ---> TOURGUIDESERVICE
getUserRewards ---> TOURGUIDESERVICE
getUserRewards ---> TOURGUIDESERVICE
getUserRewards ---> TOURGUIDESERVICE
getUserRewards ---> TOURGUIDESERVICE
getUserRewards ---> TOURGUIDESERVICE
getUserRewards ---> TOURGUIDESERVICE
getUserRewards ---> TOURGUIDESERVICE
getUserRewards ---> TOURGUIDESERVICE
getUserRewards ---> TOURGUIDESERVICE
getUserRewards ---> TOURGUIDESERVICE
getUserRewards ---> TOURGUIDESERVICE
getUserRewards ---> TOURGUIDESERVICE
getUserRewards ---> TOURGUIDESERVICE
getUserRewards ---> TOURGUIDESERVICE
getUserRewards ---> TOURGUIDESERVICE
getUserRewards ---> TOURGUIDESERVICE
getUserRewards ---> TOURGUIDESERVICE
getUserRewards ---> TOURGUIDESERVICE
getUserRewards ---> TOURGUIDESERVICE
getUserRewards ---> TOURGUIDESERVICE
getUserRewards ---> TOURGUIDESERVICE
getUserRewards ---> TOURGUIDESERVICE
getUserRewards ---> TOURGUIDESERVICE
getUserRewards ---> TOURGUIDESERVICE
getUserRewards ---> TOURGUIDESERVICE
getUserRewards ---> TOURGUIDESERVICE
getUserRewards ---> TOURGUIDESERVICE
getUserRewards ---> TOURGUIDESERVICE
getUserRewards ---> TOURGUIDESERVICE
getUserRewards ---> TOURGUIDESERVICE
getUserRewards ---> TOURGUIDESERVICE
getUserRewards ---> TOURGUIDESERVICE
getUserRewards ---> TOURGUIDESERVICE
getUserRewards ---> TOURGUIDESERVICE
getUserRewards ---> TOURGUIDESERVICE
getUserRewards ---> TOURGUIDESERVICE
getUserRewards ---> TOURGUIDESERVICE
getUserRewards ---> TOURGUIDESERVICE
getUserRewards ---> TOURGUIDESERVICE
getUserRewards ---> TOURGUIDESERVICE
getUserRewards ---> TOURGUIDESERVICE
getUserRewards ---> TOURGUIDESERVICE
getUserRewards ---> TOURGUIDESERVICE
getUserRewards ---> TOURGUIDESERVICE
getUserRewards ---> TOURGUIDESERVICE
getUserRewards ---> TOURGUIDESERVICE
getUserRewards ---> TOURGUIDESERVICE
getUserRewards ---> TOURGUIDESERVICE
getUserRewards ---> TOURGUIDESERVICE
getUserRewards ---> TOURGUIDESERVICE
getUserRewards ---> TOURGUIDESERVICE
getUserRewards ---> TOURGUIDESERVICE
getUserRewards ---> TOURGUIDESERVICE
getUserRewards ---> TOURGUIDESERVICE
getUserRewards ---> TOURGUIDESERVICE
getUserRewards ---> TOURGUIDESERVICE
getUserRewards ---> TOURGUIDESERVICE
getUserRewards ---> TOURGUIDESERVICE
getUserRewards ---> TOURGUIDESERVICE
getUserRewards ---> TOURGUIDESERVICE
getUserRewards ---> TOURGUIDESERVICE
getUserRewards ---> TOURGUIDESERVICE
getUserRewards ---> TOURGUIDESERVICE
getUserRewards ---> TOURGUIDESERVICE
getUserRewards ---> TOURGUIDESERVICE
getUserRewards ---> TOURGUIDESERVICE
getUserRewards ---> TOURGUIDESERVICE
getUserRewards ---> TOURGUIDESERVICE
getUserRewards ---> TOURGUIDESERVICE
getUserRewards ---> TOURGUIDESERVICE
getUserRewards ---> TOURGUIDESERVICE
getUserRewards ---> TOURGUIDESERVICE
getUserRewards ---> TOURGUIDESERVICE
getUserRewards ---> TOURGUIDESERVICE
getUserRewards ---> TOURGUIDESERVICE
getUserRewards ---> TOURGUIDESERVICE
getUserRewards ---> TOURGUIDESERVICE
getUserRewards ---> TOURGUIDESERVICE
getUserRewards ---> TOURGUIDESERVICE
getUserRewards ---> TOURGUIDESERVICE
getUserRewards ---> TOURGUIDESERVICE
getUserRewards ---> TOURGUIDESERVICE
getUserRewards ---> TOURGUIDESERVICE
getUserRewards ---> TOURGUIDESERVICE
getUserRewards ---> TOURGUIDESERVICE
getUserRewards ---> TOURGUIDESERVICE
getUserRewards ---> TOURGUIDESERVICE
getUserRewards ---> TOURGUIDESERVICE
getUserRewards ---> TOURGUIDESERVICE
getUserRewards ---> TOURGUIDESERVICE
getUserRewards ---> TOURGUIDESERVICE
getUserRewards ---> TOURGUIDESERVICE
getUserRewards ---> TOURGUIDESERVICE
getUserRewards ---> TOURGUIDESERVICE
getUserRewards ---> TOURGUIDESERVICE
getUserRewards ---> TOURGUIDESERVICE
getUserRewards ---> TOURGUIDESERVICE
getUserRewards ---> TOURGUIDESERVICE
getUserRewards ---> TOURGUIDESERVICE
getUserRewards ---> TOURGUIDESERVICE
getUserRewards ---> TOURGUIDESERVICE
getUserRewards ---> TOURGUIDESERVICE
getUserRewards ---> TOURGUIDESERVICE
getUserRewards ---> TOURGUIDESERVICE
getUserRewards ---> TOURGUIDESERVICE
getUserRewards ---> TOURGUIDESERVICE
getUserRewards ---> TOURGUIDESERVICE
getUserRewards ---> TOURGUIDESERVICE
getUserRewards ---> TOURGUIDESERVICE
getUserRewards ---> TOURGUIDESERVICE
getUserRewards ---> TOURGUIDESERVICE
getUserRewards ---> TOURGUIDESERVICE
getUserRewards ---> TOURGUIDESERVICE
getUserRewards ---> TOURGUIDESERVICE
getUserRewards ---> TOURGUIDESERVICE
getUserRewards ---> TOURGUIDESERVICE
getUserRewards ---> TOURGUIDESERVICE
getUserRewards ---> TOURGUIDESERVICE
getUserRewards ---> TOURGUIDESERVICE
getUserRewards ---> TOURGUIDESERVICE
getUserRewards ---> TOURGUIDESERVICE
getUserRewards ---> TOURGUIDESERVICE
getUserRewards ---> TOURGUIDESERVICE
getUserRewards ---> TOURGUIDESERVICE
getUserRewards ---> TOURGUIDESERVICE
getUserRewards ---> TOURGUIDESERVICE
getUserRewards ---> TOURGUIDESERVICE
getUserRewards ---> TOURGUIDESERVICE
getUserRewards ---> TOURGUIDESERVICE
getUserRewards ---> TOURGUIDESERVICE
getUserRewards ---> TOURGUIDESERVICE
getUserRewards ---> TOURGUIDESERVICE
getUserRewards ---> TOURGUIDESERVICE
getUserRewards ---> TOURGUIDESERVICE
getUserRewards ---> TOURGUIDESERVICE
getUserRewards ---> TOURGUIDESERVICE
getUserRewards ---> TOURGUIDESERVICE
getUserRewards ---> TOURGUIDESERVICE
getUserRewards ---> TOURGUIDESERVICE
getUserRewards ---> TOURGUIDESERVICE
getUserRewards ---> TOURGUIDESERVICE
getUserRewards ---> TOURGUIDESERVICE
getUserRewards ---> TOURGUIDESERVICE
getUserRewards ---> TOURGUIDESERVICE
getUserRewards ---> TOURGUIDESERVICE
getUserRewards ---> TOURGUIDESERVICE
getUserRewards ---> TOURGUIDESERVICE
getUserRewards ---> TOURGUIDESERVICE
getUserRewards ---> TOURGUIDESERVICE
getUserRewards ---> TOURGUIDESERVICE
getUserRewards ---> TOURGUIDESERVICE
getUserRewards ---> TOURGUIDESERVICE
getUserRewards ---> TOURGUIDESERVICE
getUserRewards ---> TOURGUIDESERVICE
getUserRewards ---> TOURGUIDESERVICE
getUserRewards ---> TOURGUIDESERVICE
getUserRewards ---> TOURGUIDESERVICE
getUserRewards ---> TOURGUIDESERVICE
getUserRewards ---> TOURGUIDESERVICE
getUserRewards ---> TOURGUIDESERVICE
getUserRewards ---> TOURGUIDESERVICE
getUserRewards ---> TOURGUIDESERVICE
getUserRewards ---> TOURGUIDESERVICE
getUserRewards ---> TOURGUIDESERVICE
getUserRewards ---> TOURGUIDESERVICE
getUserRewards ---> TOURGUIDESERVICE
getUserRewards ---> TOURGUIDESERVICE
getUserRewards ---> TOURGUIDESERVICE
getUserRewards ---> TOURGUIDESERVICE
getUserRewards ---> TOURGUIDESERVICE
getUserRewards ---> TOURGUIDESERVICE
getUserRewards ---> TOURGUIDESERVICE
getUserRewards ---> TOURGUIDESERVICE
getUserRewards ---> TOURGUIDESERVICE
getUserRewards ---> TOURGUIDESERVICE
getUserRewards ---> TOURGUIDESERVICE
getUserRewards ---> TOURGUIDESERVICE
getUserRewards ---> TOURGUIDESERVICE
getUserRewards ---> TOURGUIDESERVICE
getUserRewards ---> TOURGUIDESERVICE
getUserRewards ---> TOURGUIDESERVICE
getUserRewards ---> TOURGUIDESERVICE
getUserRewards ---> TOURGUIDESERVICE
getUserRewards ---> TOURGUIDESERVICE
getUserRewards ---> TOURGUIDESERVICE
getUserRewards ---> TOURGUIDESERVICE
getUserRewards ---> TOURGUIDESERVICE
getUserRewards ---> TOURGUIDESERVICE
getUserRewards ---> TOURGUIDESERVICE
getUserRewards ---> TOURGUIDESERVICE
getUserRewards ---> TOURGUIDESERVICE
getUserRewards ---> TOURGUIDESERVICE
getUserRewards ---> TOURGUIDESERVICE
getUserRewards ---> TOURGUIDESERVICE
getUserRewards ---> TOURGUIDESERVICE
getUserRewards ---> TOURGUIDESERVICE
getUserRewards ---> TOURGUIDESERVICE
getUserRewards ---> TOURGUIDESERVICE
getUserRewards ---> TOURGUIDESERVICE
getUserRewards ---> TOURGUIDESERVICE
getUserRewards ---> TOURGUIDESERVICE
getUserRewards ---> TOURGUIDESERVICE
getUserRewards ---> TOURGUIDESERVICE
getUserRewards ---> TOURGUIDESERVICE
getUserRewards ---> TOURGUIDESERVICE
getUserRewards ---> TOURGUIDESERVICE
getUserRewards ---> TOURGUIDESERVICE
getUserRewards ---> TOURGUIDESERVICE
getUserRewards ---> TOURGUIDESERVICE
getUserRewards ---> TOURGUIDESERVICE
getUserRewards ---> TOURGUIDESERVICE
getUserRewards ---> TOURGUIDESERVICE
getUserRewards ---> TOURGUIDESERVICE
getUserRewards ---> TOURGUIDESERVICE
getUserRewards ---> TOURGUIDESERVICE
getUserRewards ---> TOURGUIDESERVICE
getUserRewards ---> TOURGUIDESERVICE
getUserRewards ---> TOURGUIDESERVICE
getUserRewards ---> TOURGUIDESERVICE
getUserRewards ---> TOURGUIDESERVICE
getUserRewards ---> TOURGUIDESERVICE
getUserRewards ---> TOURGUIDESERVICE
getUserRewards ---> TOURGUIDESERVICE
getUserRewards ---> TOURGUIDESERVICE
getUserRewards ---> TOURGUIDESERVICE
getUserRewards ---> TOURGUIDESERVICE
getUserRewards ---> TOURGUIDESERVICE
getUserRewards ---> TOURGUIDESERVICE
getUserRewards ---> TOURGUIDESERVICE
getUserRewards ---> TOURGUIDESERVICE
getUserRewards ---> TOURGUIDESERVICE
getUserRewards ---> TOURGUIDESERVICE
getUserRewards ---> TOURGUIDESERVICE
getUserRewards ---> TOURGUIDESERVICE
getUserRewards ---> TOURGUIDESERVICE
getUserRewards ---> TOURGUIDESERVICE
getUserRewards ---> TOURGUIDESERVICE
getUserRewards ---> TOURGUIDESERVICE
getUserRewards ---> TOURGUIDESERVICE
getUserRewards ---> TOURGUIDESERVICE
getUserRewards ---> TOURGUIDESERVICE
getUserRewards ---> TOURGUIDESERVICE
getUserRewards ---> TOURGUIDESERVICE
getUserRewards ---> TOURGUIDESERVICE
getUserRewards ---> TOURGUIDESERVICE
getUserRewards ---> TOURGUIDESERVICE
getUserRewards ---> TOURGUIDESERVICE
getUserRewards ---> TOURGUIDESERVICE
getUserRewards ---> TOURGUIDESERVICE
getUserRewards ---> TOURGUIDESERVICE
getUserRewards ---> TOURGUIDESERVICE
getUserRewards ---> TOURGUIDESERVICE
getUserRewards ---> TOURGUIDESERVICE
getUserRewards ---> TOURGUIDESERVICE
getUserRewards ---> TOURGUIDESERVICE
getUserRewards ---> TOURGUIDESERVICE
getUserRewards ---> TOURGUIDESERVICE
getUserRewards ---> TOURGUIDESERVICE
getUserRewards ---> TOURGUIDESERVICE
getUserRewards ---> TOURGUIDESERVICE
getUserRewards ---> TOURGUIDESERVICE
getUserRewards ---> TOURGUIDESERVICE
getUserRewards ---> TOURGUIDESERVICE
getUserRewards ---> TOURGUIDESERVICE
getUserRewards ---> TOURGUIDESERVICE
getUserRewards ---> TOURGUIDESERVICE
getUserRewards ---> TOURGUIDESERVICE
getUserRewards ---> TOURGUIDESERVICE
getUserRewards ---> TOURGUIDESERVICE
getUserRewards ---> TOURGUIDESERVICE
getUserRewards ---> TOURGUIDESERVICE
getUserRewards ---> TOURGUIDESERVICE
getUserRewards ---> TOURGUIDESERVICE
getUserRewards ---> TOURGUIDESERVICE
getUserRewards ---> TOURGUIDESERVICE
getUserRewards ---> TOURGUIDESERVICE
getUserRewards ---> TOURGUIDESERVICE
getUserRewards ---> TOURGUIDESERVICE
getUserRewards ---> TOURGUIDESERVICE
getUserRewards ---> TOURGUIDESERVICE
getUserRewards ---> TOURGUIDESERVICE
getUserRewards ---> TOURGUIDESERVICE
getUserRewards ---> TOURGUIDESERVICE
getUserRewards ---> TOURGUIDESERVICE
getUserRewards ---> TOURGUIDESERVICE
getUserRewards ---> TOURGUIDESERVICE
getUserRewards ---> TOURGUIDESERVICE
getUserRewards ---> TOURGUIDESERVICE
getUserRewards ---> TOURGUIDESERVICE
getUserRewards ---> TOURGUIDESERVICE
getUserRewards ---> TOURGUIDESERVICE
getUserRewards ---> TOURGUIDESERVICE
getUserRewards ---> TOURGUIDESERVICE
getUserRewards ---> TOURGUIDESERVICE
getUserRewards ---> TOURGUIDESERVICE
getUserRewards ---> TOURGUIDESERVICE
getUserRewards ---> TOURGUIDESERVICE
getUserRewards ---> TOURGUIDESERVICE
getUserRewards ---> TOURGUIDESERVICE
getUserRewards ---> TOURGUIDESERVICE
getUserRewards ---> TOURGUIDESERVICE
getUserRewards ---> TOURGUIDESERVICE
getUserRewards ---> TOURGUIDESERVICE
getUserRewards ---> TOURGUIDESERVICE
getUserRewards ---> TOURGUIDESERVICE
getUserRewards ---> TOURGUIDESERVICE
getUserRewards ---> TOURGUIDESERVICE
getUserRewards ---> TOURGUIDESERVICE
getUserRewards ---> TOURGUIDESERVICE
getUserRewards ---> TOURGUIDESERVICE
getUserRewards ---> TOURGUIDESERVICE
getUserRewards ---> TOURGUIDESERVICE
getUserRewards ---> TOURGUIDESERVICE
getUserRewards ---> TOURGUIDESERVICE
getUserRewards ---> TOURGUIDESERVICE
getUserRewards ---> TOURGUIDESERVICE
getUserRewards ---> TOURGUIDESERVICE
getUserRewards ---> TOURGUIDESERVICE
getUserRewards ---> TOURGUIDESERVICE
getUserRewards ---> TOURGUIDESERVICE
getUserRewards ---> TOURGUIDESERVICE
getUserRewards ---> TOURGUIDESERVICE
getUserRewards ---> TOURGUIDESERVICE
getUserRewards ---> TOURGUIDESERVICE
getUserRewards ---> TOURGUIDESERVICE
getUserRewards ---> TOURGUIDESERVICE
getUserRewards ---> TOURGUIDESERVICE
getUserRewards ---> TOURGUIDESERVICE
getUserRewards ---> TOURGUIDESERVICE
getUserRewards ---> TOURGUIDESERVICE
getUserRewards ---> TOURGUIDESERVICE
getUserRewards ---> TOURGUIDESERVICE
getUserRewards ---> TOURGUIDESERVICE
getUserRewards ---> TOURGUIDESERVICE
getUserRewards ---> TOURGUIDESERVICE
getUserRewards ---> TOURGUIDESERVICE
getUserRewards ---> TOURGUIDESERVICE
getUserRewards ---> TOURGUIDESERVICE
getUserRewards ---> TOURGUIDESERVICE
getUserRewards ---> TOURGUIDESERVICE
getUserRewards ---> TOURGUIDESERVICE
getUserRewards ---> TOURGUIDESERVICE
getUserRewards ---> TOURGUIDESERVICE
getUserRewards ---> TOURGUIDESERVICE
getUserRewards ---> TOURGUIDESERVICE
getUserRewards ---> TOURGUIDESERVICE
getUserRewards ---> TOURGUIDESERVICE
getUserRewards ---> TOURGUIDESERVICE
getUserRewards ---> TOURGUIDESERVICE
getUserRewards ---> TOURGUIDESERVICE
getUserRewards ---> TOURGUIDESERVICE
getUserRewards ---> TOURGUIDESERVICE
getUserRewards ---> TOURGUIDESERVICE
getUserRewards ---> TOURGUIDESERVICE
getUserRewards ---> TOURGUIDESERVICE
getUserRewards ---> TOURGUIDESERVICE
getUserRewards ---> TOURGUIDESERVICE
getUserRewards ---> TOURGUIDESERVICE
getUserRewards ---> TOURGUIDESERVICE
getUserRewards ---> TOURGUIDESERVICE
getUserRewards ---> TOURGUIDESERVICE
getUserRewards ---> TOURGUIDESERVICE
getUserRewards ---> TOURGUIDESERVICE
getUserRewards ---> TOURGUIDESERVICE
getUserRewards ---> TOURGUIDESERVICE
getUserRewards ---> TOURGUIDESERVICE
getUserRewards ---> TOURGUIDESERVICE
getUserRewards ---> TOURGUIDESERVICE
getUserRewards ---> TOURGUIDESERVICE
getUserRewards ---> TOURGUIDESERVICE
getUserRewards ---> TOURGUIDESERVICE
getUserRewards ---> TOURGUIDESERVICE
getUserRewards ---> TOURGUIDESERVICE
getUserRewards ---> TOURGUIDESERVICE
getUserRewards ---> TOURGUIDESERVICE
getUserRewards ---> TOURGUIDESERVICE
getUserRewards ---> TOURGUIDESERVICE
getUserRewards ---> TOURGUIDESERVICE
getUserRewards ---> TOURGUIDESERVICE
getUserRewards ---> TOURGUIDESERVICE
getUserRewards ---> TOURGUIDESERVICE
getUserRewards ---> TOURGUIDESERVICE
getUserRewards ---> TOURGUIDESERVICE
getUserRewards ---> TOURGUIDESERVICE
getUserRewards ---> TOURGUIDESERVICE
getUserRewards ---> TOURGUIDESERVICE
getUserRewards ---> TOURGUIDESERVICE
getUserRewards ---> TOURGUIDESERVICE
getUserRewards ---> TOURGUIDESERVICE
getUserRewards ---> TOURGUIDESERVICE
getUserRewards ---> TOURGUIDESERVICE
getUserRewards ---> TOURGUIDESERVICE
getUserRewards ---> TOURGUIDESERVICE
getUserRewards ---> TOURGUIDESERVICE
getUserRewards ---> TOURGUIDESERVICE
getUserRewards ---> TOURGUIDESERVICE
getUserRewards ---> TOURGUIDESERVICE
getUserRewards ---> TOURGUIDESERVICE
getUserRewards ---> TOURGUIDESERVICE
getUserRewards ---> TOURGUIDESERVICE
getUserRewards ---> TOURGUIDESERVICE
getUserRewards ---> TOURGUIDESERVICE
getUserRewards ---> TOURGUIDESERVICE
getUserRewards ---> TOURGUIDESERVICE
getUserRewards ---> TOURGUIDESERVICE
getUserRewards ---> TOURGUIDESERVICE
getUserRewards ---> TOURGUIDESERVICE
getUserRewards ---> TOURGUIDESERVICE
getUserRewards ---> TOURGUIDESERVICE
getUserRewards ---> TOURGUIDESERVICE
getUserRewards ---> TOURGUIDESERVICE
getUserRewards ---> TOURGUIDESERVICE
getUserRewards ---> TOURGUIDESERVICE
getUserRewards ---> TOURGUIDESERVICE
getUserRewards ---> TOURGUIDESERVICE
getUserRewards ---> TOURGUIDESERVICE
getUserRewards ---> TOURGUIDESERVICE
getUserRewards ---> TOURGUIDESERVICE
getUserRewards ---> TOURGUIDESERVICE
getUserRewards ---> TOURGUIDESERVICE
getUserRewards ---> TOURGUIDESERVICE
getUserRewards ---> TOURGUIDESERVICE
getUserRewards ---> TOURGUIDESERVICE
getUserRewards ---> TOURGUIDESERVICE
getUserRewards ---> TOURGUIDESERVICE
getUserRewards ---> TOURGUIDESERVICE
getUserRewards ---> TOURGUIDESERVICE
getUserRewards ---> TOURGUIDESERVICE
getUserRewards ---> TOURGUIDESERVICE
getUserRewards ---> TOURGUIDESERVICE
getUserRewards ---> TOURGUIDESERVICE
getUserRewards ---> TOURGUIDESERVICE
getUserRewards ---> TOURGUIDESERVICE
getUserRewards ---> TOURGUIDESERVICE
getUserRewards ---> TOURGUIDESERVICE
getUserRewards ---> TOURGUIDESERVICE
getUserRewards ---> TOURGUIDESERVICE
getUserRewards ---> TOURGUIDESERVICE
getUserRewards ---> TOURGUIDESERVICE
getUserRewards ---> TOURGUIDESERVICE
getUserRewards ---> TOURGUIDESERVICE
getUserRewards ---> TOURGUIDESERVICE
getUserRewards ---> TOURGUIDESERVICE
getUserRewards ---> TOURGUIDESERVICE
getUserRewards ---> TOURGUIDESERVICE
getUserRewards ---> TOURGUIDESERVICE
getUserRewards ---> TOURGUIDESERVICE
getUserRewards ---> TOURGUIDESERVICE
getUserRewards ---> TOURGUIDESERVICE
getUserRewards ---> TOURGUIDESERVICE
getUserRewards ---> TOURGUIDESERVICE
getUserRewards ---> TOURGUIDESERVICE
getUserRewards ---> TOURGUIDESERVICE
getUserRewards ---> TOURGUIDESERVICE
getUserRewards ---> TOURGUIDESERVICE
getUserRewards ---> TOURGUIDESERVICE
getUserRewards ---> TOURGUIDESERVICE
getUserRewards ---> TOURGUIDESERVICE
getUserRewards ---> TOURGUIDESERVICE
getUserRewards ---> TOURGUIDESERVICE
getUserRewards ---> TOURGUIDESERVICE
getUserRewards ---> TOURGUIDESERVICE
getUserRewards ---> TOURGUIDESERVICE
getUserRewards ---> TOURGUIDESERVICE
getUserRewards ---> TOURGUIDESERVICE
getUserRewards ---> TOURGUIDESERVICE
getUserRewards ---> TOURGUIDESERVICE
getUserRewards ---> TOURGUIDESERVICE
getUserRewards ---> TOURGUIDESERVICE
getUserRewards ---> TOURGUIDESERVICE
getUserRewards ---> TOURGUIDESERVICE
getUserRewards ---> TOURGUIDESERVICE
getUserRewards ---> TOURGUIDESERVICE
getUserRewards ---> TOURGUIDESERVICE
getUserRewards ---> TOURGUIDESERVICE
getUserRewards ---> TOURGUIDESERVICE
getUserRewards ---> TOURGUIDESERVICE
getUserRewards ---> TOURGUIDESERVICE
getUserRewards ---> TOURGUIDESERVICE
getUserRewards ---> TOURGUIDESERVICE
getUserRewards ---> TOURGUIDESERVICE
getUserRewards ---> TOURGUIDESERVICE
getUserRewards ---> TOURGUIDESERVICE
getUserRewards ---> TOURGUIDESERVICE
getUserRewards ---> TOURGUIDESERVICE
getUserRewards ---> TOURGUIDESERVICE
getUserRewards ---> TOURGUIDESERVICE
getUserRewards ---> TOURGUIDESERVICE
getUserRewards ---> TOURGUIDESERVICE
getUserRewards ---> TOURGUIDESERVICE
getUserRewards ---> TOURGUIDESERVICE
getUserRewards ---> TOURGUIDESERVICE
getUserRewards ---> TOURGUIDESERVICE
getUserRewards ---> TOURGUIDESERVICE
getUserRewards ---> TOURGUIDESERVICE
getUserRewards ---> TOURGUIDESERVICE
getUserRewards ---> TOURGUIDESERVICE
getUserRewards ---> TOURGUIDESERVICE
getUserRewards ---> TOURGUIDESERVICE
getUserRewards ---> TOURGUIDESERVICE
getUserRewards ---> TOURGUIDESERVICE
getUserRewards ---> TOURGUIDESERVICE
getUserRewards ---> TOURGUIDESERVICE
getUserRewards ---> TOURGUIDESERVICE
getUserRewards ---> TOURGUIDESERVICE
getUserRewards ---> TOURGUIDESERVICE
getUserRewards ---> TOURGUIDESERVICE
getUserRewards ---> TOURGUIDESERVICE
getUserRewards ---> TOURGUIDESERVICE
getUserRewards ---> TOURGUIDESERVICE
getUserRewards ---> TOURGUIDESERVICE
getUserRewards ---> TOURGUIDESERVICE
getUserRewards ---> TOURGUIDESERVICE
getUserRewards ---> TOURGUIDESERVICE
getUserRewards ---> TOURGUIDESERVICE
getUserRewards ---> TOURGUIDESERVICE
getUserRewards ---> TOURGUIDESERVICE
getUserRewards ---> TOURGUIDESERVICE
getUserRewards ---> TOURGUIDESERVICE
getUserRewards ---> TOURGUIDESERVICE
getUserRewards ---> TOURGUIDESERVICE
getUserRewards ---> TOURGUIDESERVICE
getUserRewards ---> TOURGUIDESERVICE
getUserRewards ---> TOURGUIDESERVICE
getUserRewards ---> TOURGUIDESERVICE
getUserRewards ---> TOURGUIDESERVICE
getUserRewards ---> TOURGUIDESERVICE
getUserRewards ---> TOURGUIDESERVICE
getUserRewards ---> TOURGUIDESERVICE
getUserRewards ---> TOURGUIDESERVICE
getUserRewards ---> TOURGUIDESERVICE
getUserRewards ---> TOURGUIDESERVICE
getUserRewards ---> TOURGUIDESERVICE
getUserRewards ---> TOURGUIDESERVICE
getUserRewards ---> TOURGUIDESERVICE
getUserRewards ---> TOURGUIDESERVICE
getUserRewards ---> TOURGUIDESERVICE
getUserRewards ---> TOURGUIDESERVICE
getUserRewards ---> TOURGUIDESERVICE
getUserRewards ---> TOURGUIDESERVICE
getUserRewards ---> TOURGUIDESERVICE
getUserRewards ---> TOURGUIDESERVICE
getUserRewards ---> TOURGUIDESERVICE
getUserRewards ---> TOURGUIDESERVICE
getUserRewards ---> TOURGUIDESERVICE
getUserRewards ---> TOURGUIDESERVICE
getUserRewards ---> TOURGUIDESERVICE
getUserRewards ---> TOURGUIDESERVICE
getUserRewards ---> TOURGUIDESERVICE
getUserRewards ---> TOURGUIDESERVICE
getUserRewards ---> TOURGUIDESERVICE
getUserRewards ---> TOURGUIDESERVICE
getUserRewards ---> TOURGUIDESERVICE
getUserRewards ---> TOURGUIDESERVICE
getUserRewards ---> TOURGUIDESERVICE
getUserRewards ---> TOURGUIDESERVICE
getUserRewards ---> TOURGUIDESERVICE
getUserRewards ---> TOURGUIDESERVICE
getUserRewards ---> TOURGUIDESERVICE
getUserRewards ---> TOURGUIDESERVICE
getUserRewards ---> TOURGUIDESERVICE
getUserRewards ---> TOURGUIDESERVICE
getUserRewards ---> TOURGUIDESERVICE
getUserRewards ---> TOURGUIDESERVICE
getUserRewards ---> TOURGUIDESERVICE
getUserRewards ---> TOURGUIDESERVICE
getUserRewards ---> TOURGUIDESERVICE
getUserRewards ---> TOURGUIDESERVICE
getUserRewards ---> TOURGUIDESERVICE
getUserRewards ---> TOURGUIDESERVICE
getUserRewards ---> TOURGUIDESERVICE
getUserRewards ---> TOURGUIDESERVICE
getUserRewards ---> TOURGUIDESERVICE
getUserRewards ---> TOURGUIDESERVICE
getUserRewards ---> TOURGUIDESERVICE
getUserRewards ---> TOURGUIDESERVICE
getUserRewards ---> TOURGUIDESERVICE
getUserRewards ---> TOURGUIDESERVICE
getUserRewards ---> TOURGUIDESERVICE
getUserRewards ---> TOURGUIDESERVICE
getUserRewards ---> TOURGUIDESERVICE
getUserRewards ---> TOURGUIDESERVICE
getUserRewards ---> TOURGUIDESERVICE
getUserRewards ---> TOURGUIDESERVICE
getUserRewards ---> TOURGUIDESERVICE
getUserRewards ---> TOURGUIDESERVICE
getUserRewards ---> TOURGUIDESERVICE
getUserRewards ---> TOURGUIDESERVICE
getUserRewards ---> TOURGUIDESERVICE
getUserRewards ---> TOURGUIDESERVICE
getUserRewards ---> TOURGUIDESERVICE
getUserRewards ---> TOURGUIDESERVICE
getUserRewards ---> TOURGUIDESERVICE
getUserRewards ---> TOURGUIDESERVICE
getUserRewards ---> TOURGUIDESERVICE
getUserRewards ---> TOURGUIDESERVICE
getUserRewards ---> TOURGUIDESERVICE
getUserRewards ---> TOURGUIDESERVICE
getUserRewards ---> TOURGUIDESERVICE
getUserRewards ---> TOURGUIDESERVICE
getUserRewards ---> TOURGUIDESERVICE
getUserRewards ---> TOURGUIDESERVICE
getUserRewards ---> TOURGUIDESERVICE
getUserRewards ---> TOURGUIDESERVICE
getUserRewards ---> TOURGUIDESERVICE
getUserRewards ---> TOURGUIDESERVICE
getUserRewards ---> TOURGUIDESERVICE
getUserRewards ---> TOURGUIDESERVICE
getUserRewards ---> TOURGUIDESERVICE
getUserRewards ---> TOURGUIDESERVICE
getUserRewards ---> TOURGUIDESERVICE
getUserRewards ---> TOURGUIDESERVICE
getUserRewards ---> TOURGUIDESERVICE
getUserRewards ---> TOURGUIDESERVICE
getUserRewards ---> TOURGUIDESERVICE
getUserRewards ---> TOURGUIDESERVICE
getUserRewards ---> TOURGUIDESERVICE
getUserRewards ---> TOURGUIDESERVICE
getUserRewards ---> TOURGUIDESERVICE
getUserRewards ---> TOURGUIDESERVICE
getUserRewards ---> TOURGUIDESERVICE
getUserRewards ---> TOURGUIDESERVICE
getUserRewards ---> TOURGUIDESERVICE
getUserRewards ---> TOURGUIDESERVICE
getUserRewards ---> TOURGUIDESERVICE
getUserRewards ---> TOURGUIDESERVICE
getUserRewards ---> TOURGUIDESERVICE
getUserRewards ---> TOURGUIDESERVICE
getUserRewards ---> TOURGUIDESERVICE
getUserRewards ---> TOURGUIDESERVICE
getUserRewards ---> TOURGUIDESERVICE
getUserRewards ---> TOURGUIDESERVICE
getUserRewards ---> TOURGUIDESERVICE
getUserRewards ---> TOURGUIDESERVICE
getUserRewards ---> TOURGUIDESERVICE
getUserRewards ---> TOURGUIDESERVICE
getUserRewards ---> TOURGUIDESERVICE
getUserRewards ---> TOURGUIDESERVICE
getUserRewards ---> TOURGUIDESERVICE
getUserRewards ---> TOURGUIDESERVICE
getUserRewards ---> TOURGUIDESERVICE
getUserRewards ---> TOURGUIDESERVICE
getUserRewards ---> TOURGUIDESERVICE
getUserRewards ---> TOURGUIDESERVICE
getUserRewards ---> TOURGUIDESERVICE
getUserRewards ---> TOURGUIDESERVICE
getUserRewards ---> TOURGUIDESERVICE
getUserRewards ---> TOURGUIDESERVICE
getUserRewards ---> TOURGUIDESERVICE
getUserRewards ---> TOURGUIDESERVICE
getUserRewards ---> TOURGUIDESERVICE
getUserRewards ---> TOURGUIDESERVICE
getUserRewards ---> TOURGUIDESERVICE
getUserRewards ---> TOURGUIDESERVICE
getUserRewards ---> TOURGUIDESERVICE
getUserRewards ---> TOURGUIDESERVICE
getUserRewards ---> TOURGUIDESERVICE
getUserRewards ---> TOURGUIDESERVICE
getUserRewards ---> TOURGUIDESERVICE
getUserRewards ---> TOURGUIDESERVICE
getUserRewards ---> TOURGUIDESERVICE
getUserRewards ---> TOURGUIDESERVICE
getUserRewards ---> TOURGUIDESERVICE
getUserRewards ---> TOURGUIDESERVICE
getUserRewards ---> TOURGUIDESERVICE
getUserRewards ---> TOURGUIDESERVICE
getUserRewards ---> TOURGUIDESERVICE
getUserRewards ---> TOURGUIDESERVICE
getUserRewards ---> TOURGUIDESERVICE
getUserRewards ---> TOURGUIDESERVICE
getUserRewards ---> TOURGUIDESERVICE
getUserRewards ---> TOURGUIDESERVICE
getUserRewards ---> TOURGUIDESERVICE
getUserRewards ---> TOURGUIDESERVICE
getUserRewards ---> TOURGUIDESERVICE
getUserRewards ---> TOURGUIDESERVICE
getUserRewards ---> TOURGUIDESERVICE
getUserRewards ---> TOURGUIDESERVICE
getUserRewards ---> TOURGUIDESERVICE
getUserRewards ---> TOURGUIDESERVICE
getUserRewards ---> TOURGUIDESERVICE
getUserRewards ---> TOURGUIDESERVICE
getUserRewards ---> TOURGUIDESERVICE
getUserRewards ---> TOURGUIDESERVICE
getUserRewards ---> TOURGUIDESERVICE
getUserRewards ---> TOURGUIDESERVICE
getUserRewards ---> TOURGUIDESERVICE
getUserRewards ---> TOURGUIDESERVICE
getUserRewards ---> TOURGUIDESERVICE
getUserRewards ---> TOURGUIDESERVICE
getUserRewards ---> TOURGUIDESERVICE
getUserRewards ---> TOURGUIDESERVICE
getUserRewards ---> TOURGUIDESERVICE
getUserRewards ---> TOURGUIDESERVICE
getUserRewards ---> TOURGUIDESERVICE
getUserRewards ---> TOURGUIDESERVICE
getUserRewards ---> TOURGUIDESERVICE
getUserRewards ---> TOURGUIDESERVICE
getUserRewards ---> TOURGUIDESERVICE
getUserRewards ---> TOURGUIDESERVICE
getUserRewards ---> TOURGUIDESERVICE
getUserRewards ---> TOURGUIDESERVICE
getUserRewards ---> TOURGUIDESERVICE
getUserRewards ---> TOURGUIDESERVICE
getUserRewards ---> TOURGUIDESERVICE
getUserRewards ---> TOURGUIDESERVICE
getUserRewards ---> TOURGUIDESERVICE
getUserRewards ---> TOURGUIDESERVICE
getUserRewards ---> TOURGUIDESERVICE
getUserRewards ---> TOURGUIDESERVICE
getUserRewards ---> TOURGUIDESERVICE
getUserRewards ---> TOURGUIDESERVICE
getUserRewards ---> TOURGUIDESERVICE
getUserRewards ---> TOURGUIDESERVICE
getUserRewards ---> TOURGUIDESERVICE
getUserRewards ---> TOURGUIDESERVICE
getUserRewards ---> TOURGUIDESERVICE
getUserRewards ---> TOURGUIDESERVICE
getUserRewards ---> TOURGUIDESERVICE
getUserRewards ---> TOURGUIDESERVICE
getUserRewards ---> TOURGUIDESERVICE
getUserRewards ---> TOURGUIDESERVICE
getUserRewards ---> TOURGUIDESERVICE
getUserRewards ---> TOURGUIDESERVICE
getUserRewards ---> TOURGUIDESERVICE
getUserRewards ---> TOURGUIDESERVICE
getUserRewards ---> TOURGUIDESERVICE
getUserRewards ---> TOURGUIDESERVICE
getUserRewards ---> TOURGUIDESERVICE
getUserRewards ---> TOURGUIDESERVICE
getUserRewards ---> TOURGUIDESERVICE
getUserRewards ---> TOURGUIDESERVICE
getUserRewards ---> TOURGUIDESERVICE
getUserRewards ---> TOURGUIDESERVICE
getUserRewards ---> TOURGUIDESERVICE
getUserRewards ---> TOURGUIDESERVICE
getUserRewards ---> TOURGUIDESERVICE
getUserRewards ---> TOURGUIDESERVICE
getUserRewards ---> TOURGUIDESERVICE
getUserRewards ---> TOURGUIDESERVICE
getUserRewards ---> TOURGUIDESERVICE
getUserRewards ---> TOURGUIDESERVICE
getUserRewards ---> TOURGUIDESERVICE
getUserRewards ---> TOURGUIDESERVICE
getUserRewards ---> TOURGUIDESERVICE
getUserRewards ---> TOURGUIDESERVICE
getUserRewards ---> TOURGUIDESERVICE
getUserRewards ---> TOURGUIDESERVICE
getUserRewards ---> TOURGUIDESERVICE
getUserRewards ---> TOURGUIDESERVICE
getUserRewards ---> TOURGUIDESERVICE
getUserRewards ---> TOURGUIDESERVICE
getUserRewards ---> TOURGUIDESERVICE
getUserRewards ---> TOURGUIDESERVICE
getUserRewards ---> TOURGUIDESERVICE
getUserRewards ---> TOURGUIDESERVICE
getUserRewards ---> TOURGUIDESERVICE
getUserRewards ---> TOURGUIDESERVICE
getUserRewards ---> TOURGUIDESERVICE
getUserRewards ---> TOURGUIDESERVICE
getUserRewards ---> TOURGUIDESERVICE
getUserRewards ---> TOURGUIDESERVICE
getUserRewards ---> TOURGUIDESERVICE
getUserRewards ---> TOURGUIDESERVICE
getUserRewards ---> TOURGUIDESERVICE
getUserRewards ---> TOURGUIDESERVICE
getUserRewards ---> TOURGUIDESERVICE
getUserRewards ---> TOURGUIDESERVICE
getUserRewards ---> TOURGUIDESERVICE
getUserRewards ---> TOURGUIDESERVICE
getUserRewards ---> TOURGUIDESERVICE
getUserRewards ---> TOURGUIDESERVICE
getUserRewards ---> TOURGUIDESERVICE
getUserRewards ---> TOURGUIDESERVICE
getUserRewards ---> TOURGUIDESERVICE
getUserRewards ---> TOURGUIDESERVICE
getUserRewards ---> TOURGUIDESERVICE
getUserRewards ---> TOURGUIDESERVICE
getUserRewards ---> TOURGUIDESERVICE
getUserRewards ---> TOURGUIDESERVICE
getUserRewards ---> TOURGUIDESERVICE
getUserRewards ---> TOURGUIDESERVICE
getUserRewards ---> TOURGUIDESERVICE
getUserRewards ---> TOURGUIDESERVICE
getUserRewards ---> TOURGUIDESERVICE
getUserRewards ---> TOURGUIDESERVICE
getUserRewards ---> TOURGUIDESERVICE
getUserRewards ---> TOURGUIDESERVICE
getUserRewards ---> TOURGUIDESERVICE
getUserRewards ---> TOURGUIDESERVICE
getUserRewards ---> TOURGUIDESERVICE
getUserRewards ---> TOURGUIDESERVICE
getUserRewards ---> TOURGUIDESERVICE
getUserRewards ---> TOURGUIDESERVICE
getUserRewards ---> TOURGUIDESERVICE
getUserRewards ---> TOURGUIDESERVICE
getUserRewards ---> TOURGUIDESERVICE
getUserRewards ---> TOURGUIDESERVICE
getUserRewards ---> TOURGUIDESERVICE
getUserRewards ---> TOURGUIDESERVICE
getUserRewards ---> TOURGUIDESERVICE
getUserRewards ---> TOURGUIDESERVICE
getUserRewards ---> TOURGUIDESERVICE
getUserRewards ---> TOURGUIDESERVICE
getUserRewards ---> TOURGUIDESERVICE
getUserRewards ---> TOURGUIDESERVICE
getUserRewards ---> TOURGUIDESERVICE
getUserRewards ---> TOURGUIDESERVICE
getUserRewards ---> TOURGUIDESERVICE
getUserRewards ---> TOURGUIDESERVICE
getUserRewards ---> TOURGUIDESERVICE
getUserRewards ---> TOURGUIDESERVICE
getUserRewards ---> TOURGUIDESERVICE
getUserRewards ---> TOURGUIDESERVICE
getUserRewards ---> TOURGUIDESERVICE
getUserRewards ---> TOURGUIDESERVICE
getUserRewards ---> TOURGUIDESERVICE
getUserRewards ---> TOURGUIDESERVICE
getUserRewards ---> TOURGUIDESERVICE
getUserRewards ---> TOURGUIDESERVICE
getUserRewards ---> TOURGUIDESERVICE
getUserRewards ---> TOURGUIDESERVICE
getUserRewards ---> TOURGUIDESERVICE
getUserRewards ---> TOURGUIDESERVICE
getUserRewards ---> TOURGUIDESERVICE
getUserRewards ---> TOURGUIDESERVICE
getUserRewards ---> TOURGUIDESERVICE
getUserRewards ---> TOURGUIDESERVICE
getUserRewards ---> TOURGUIDESERVICE
getUserRewards ---> TOURGUIDESERVICE
getUserRewards ---> TOURGUIDESERVICE
getUserRewards ---> TOURGUIDESERVICE
getUserRewards ---> TOURGUIDESERVICE
getUserRewards ---> TOURGUIDESERVICE
getUserRewards ---> TOURGUIDESERVICE
getUserRewards ---> TOURGUIDESERVICE
getUserRewards ---> TOURGUIDESERVICE
getUserRewards ---> TOURGUIDESERVICE
getUserRewards ---> TOURGUIDESERVICE
getUserRewards ---> TOURGUIDESERVICE
getUserRewards ---> TOURGUIDESERVICE
getUserRewards ---> TOURGUIDESERVICE
getUserRewards ---> TOURGUIDESERVICE
getUserRewards ---> TOURGUIDESERVICE
getUserRewards ---> TOURGUIDESERVICE
getUserRewards ---> TOURGUIDESERVICE
getUserRewards ---> TOURGUIDESERVICE
getUserRewards ---> TOURGUIDESERVICE
getUserRewards ---> TOURGUIDESERVICE
getUserRewards ---> TOURGUIDESERVICE
getUserRewards ---> TOURGUIDESERVICE
getUserRewards ---> TOURGUIDESERVICE
getUserRewards ---> TOURGUIDESERVICE
getUserRewards ---> TOURGUIDESERVICE
getUserRewards ---> TOURGUIDESERVICE
getUserRewards ---> TOURGUIDESERVICE
getUserRewards ---> TOURGUIDESERVICE
getUserRewards ---> TOURGUIDESERVICE
getUserRewards ---> TOURGUIDESERVICE
getUserRewards ---> TOURGUIDESERVICE
getUserRewards ---> TOURGUIDESERVICE
getUserRewards ---> TOURGUIDESERVICE
getUserRewards ---> TOURGUIDESERVICE
getUserRewards ---> TOURGUIDESERVICE
getUserRewards ---> TOURGUIDESERVICE
getUserRewards ---> TOURGUIDESERVICE
getUserRewards ---> TOURGUIDESERVICE
getUserRewards ---> TOURGUIDESERVICE
getUserRewards ---> TOURGUIDESERVICE
getUserRewards ---> TOURGUIDESERVICE
getUserRewards ---> TOURGUIDESERVICE
getUserRewards ---> TOURGUIDESERVICE
getUserRewards ---> TOURGUIDESERVICE
getUserRewards ---> TOURGUIDESERVICE
getUserRewards ---> TOURGUIDESERVICE
getUserRewards ---> TOURGUIDESERVICE
getUserRewards ---> TOURGUIDESERVICE
getUserRewards ---> TOURGUIDESERVICE
getUserRewards ---> TOURGUIDESERVICE
getUserRewards ---> TOURGUIDESERVICE
getUserRewards ---> TOURGUIDESERVICE
getUserRewards ---> TOURGUIDESERVICE
getUserRewards ---> TOURGUIDESERVICE
getUserRewards ---> TOURGUIDESERVICE
getUserRewards ---> TOURGUIDESERVICE
getUserRewards ---> TOURGUIDESERVICE
getUserRewards ---> TOURGUIDESERVICE
getUserRewards ---> TOURGUIDESERVICE
getUserRewards ---> TOURGUIDESERVICE
getUserRewards ---> TOURGUIDESERVICE
getUserRewards ---> TOURGUIDESERVICE
getUserRewards ---> TOURGUIDESERVICE
getUserRewards ---> TOURGUIDESERVICE
getUserRewards ---> TOURGUIDESERVICE
getUserRewards ---> TOURGUIDESERVICE
getUserRewards ---> TOURGUIDESERVICE
getUserRewards ---> TOURGUIDESERVICE
getUserRewards ---> TOURGUIDESERVICE
getUserRewards ---> TOURGUIDESERVICE
getUserRewards ---> TOURGUIDESERVICE
getUserRewards ---> TOURGUIDESERVICE
getUserRewards ---> TOURGUIDESERVICE
getUserRewards ---> TOURGUIDESERVICE
getUserRewards ---> TOURGUIDESERVICE
getUserRewards ---> TOURGUIDESERVICE
getUserRewards ---> TOURGUIDESERVICE
getUserRewards ---> TOURGUIDESERVICE
getUserRewards ---> TOURGUIDESERVICE
getUserRewards ---> TOURGUIDESERVICE
getUserRewards ---> TOURGUIDESERVICE
getUserRewards ---> TOURGUIDESERVICE
getUserRewards ---> TOURGUIDESERVICE
getUserRewards ---> TOURGUIDESERVICE
getUserRewards ---> TOURGUIDESERVICE
getUserRewards ---> TOURGUIDESERVICE
getUserRewards ---> TOURGUIDESERVICE
getUserRewards ---> TOURGUIDESERVICE
getUserRewards ---> TOURGUIDESERVICE
getUserRewards ---> TOURGUIDESERVICE
getUserRewards ---> TOURGUIDESERVICE
getUserRewards ---> TOURGUIDESERVICE
getUserRewards ---> TOURGUIDESERVICE
getUserRewards ---> TOURGUIDESERVICE
getUserRewards ---> TOURGUIDESERVICE
getUserRewards ---> TOURGUIDESERVICE
getUserRewards ---> TOURGUIDESERVICE
getUserRewards ---> TOURGUIDESERVICE
getUserRewards ---> TOURGUIDESERVICE
getUserRewards ---> TOURGUIDESERVICE
getUserRewards ---> TOURGUIDESERVICE
getUserRewards ---> TOURGUIDESERVICE
getUserRewards ---> TOURGUIDESERVICE
getUserRewards ---> TOURGUIDESERVICE
getUserRewards ---> TOURGUIDESERVICE
getUserRewards ---> TOURGUIDESERVICE
getUserRewards ---> TOURGUIDESERVICE
getUserRewards ---> TOURGUIDESERVICE
getUserRewards ---> TOURGUIDESERVICE
getUserRewards ---> TOURGUIDESERVICE
getUserRewards ---> TOURGUIDESERVICE
getUserRewards ---> TOURGUIDESERVICE
getUserRewards ---> TOURGUIDESERVICE
getUserRewards ---> TOURGUIDESERVICE
getUserRewards ---> TOURGUIDESERVICE
getUserRewards ---> TOURGUIDESERVICE
getUserRewards ---> TOURGUIDESERVICE
getUserRewards ---> TOURGUIDESERVICE
getUserRewards ---> TOURGUIDESERVICE
getUserRewards ---> TOURGUIDESERVICE
getUserRewards ---> TOURGUIDESERVICE
getUserRewards ---> TOURGUIDESERVICE
getUserRewards ---> TOURGUIDESERVICE
getUserRewards ---> TOURGUIDESERVICE
getUserRewards ---> TOURGUIDESERVICE
getUserRewards ---> TOURGUIDESERVICE
getUserRewards ---> TOURGUIDESERVICE
getUserRewards ---> TOURGUIDESERVICE
getUserRewards ---> TOURGUIDESERVICE
getUserRewards ---> TOURGUIDESERVICE
getUserRewards ---> TOURGUIDESERVICE
getUserRewards ---> TOURGUIDESERVICE
getUserRewards ---> TOURGUIDESERVICE
getUserRewards ---> TOURGUIDESERVICE
getUserRewards ---> TOURGUIDESERVICE
getUserRewards ---> TOURGUIDESERVICE
getUserRewards ---> TOURGUIDESERVICE
getUserRewards ---> TOURGUIDESERVICE
getUserRewards ---> TOURGUIDESERVICE
getUserRewards ---> TOURGUIDESERVICE
getUserRewards ---> TOURGUIDESERVICE
getUserRewards ---> TOURGUIDESERVICE
getUserRewards ---> TOURGUIDESERVICE
getUserRewards ---> TOURGUIDESERVICE
getUserRewards ---> TOURGUIDESERVICE
getUserRewards ---> TOURGUIDESERVICE
getUserRewards ---> TOURGUIDESERVICE
getUserRewards ---> TOURGUIDESERVICE
getUserRewards ---> TOURGUIDESERVICE
getUserRewards ---> TOURGUIDESERVICE
getUserRewards ---> TOURGUIDESERVICE
getUserRewards ---> TOURGUIDESERVICE
getUserRewards ---> TOURGUIDESERVICE
getUserRewards ---> TOURGUIDESERVICE
getUserRewards ---> TOURGUIDESERVICE
getUserRewards ---> TOURGUIDESERVICE
getUserRewards ---> TOURGUIDESERVICE
getUserRewards ---> TOURGUIDESERVICE
getUserRewards ---> TOURGUIDESERVICE
getUserRewards ---> TOURGUIDESERVICE
getUserRewards ---> TOURGUIDESERVICE
getUserRewards ---> TOURGUIDESERVICE
getUserRewards ---> TOURGUIDESERVICE
getUserRewards ---> TOURGUIDESERVICE
getUserRewards ---> TOURGUIDESERVICE
getUserRewards ---> TOURGUIDESERVICE
getUserRewards ---> TOURGUIDESERVICE
getUserRewards ---> TOURGUIDESERVICE
getUserRewards ---> TOURGUIDESERVICE
getUserRewards ---> TOURGUIDESERVICE
getUserRewards ---> TOURGUIDESERVICE
getUserRewards ---> TOURGUIDESERVICE
getUserRewards ---> TOURGUIDESERVICE
getUserRewards ---> TOURGUIDESERVICE
getUserRewards ---> TOURGUIDESERVICE
getUserRewards ---> TOURGUIDESERVICE
getUserRewards ---> TOURGUIDESERVICE
getUserRewards ---> TOURGUIDESERVICE
getUserRewards ---> TOURGUIDESERVICE
getUserRewards ---> TOURGUIDESERVICE
getUserRewards ---> TOURGUIDESERVICE
getUserRewards ---> TOURGUIDESERVICE
getUserRewards ---> TOURGUIDESERVICE
getUserRewards ---> TOURGUIDESERVICE
getUserRewards ---> TOURGUIDESERVICE
getUserRewards ---> TOURGUIDESERVICE
getUserRewards ---> TOURGUIDESERVICE
getUserRewards ---> TOURGUIDESERVICE
getUserRewards ---> TOURGUIDESERVICE
getUserRewards ---> TOURGUIDESERVICE
getUserRewards ---> TOURGUIDESERVICE
getUserRewards ---> TOURGUIDESERVICE
getUserRewards ---> TOURGUIDESERVICE
getUserRewards ---> TOURGUIDESERVICE
getUserRewards ---> TOURGUIDESERVICE
getUserRewards ---> TOURGUIDESERVICE
getUserRewards ---> TOURGUIDESERVICE
getUserRewards ---> TOURGUIDESERVICE
getUserRewards ---> TOURGUIDESERVICE
getUserRewards ---> TOURGUIDESERVICE
getUserRewards ---> TOURGUIDESERVICE
getUserRewards ---> TOURGUIDESERVICE
getUserRewards ---> TOURGUIDESERVICE
getUserRewards ---> TOURGUIDESERVICE
getUserRewards ---> TOURGUIDESERVICE
getUserRewards ---> TOURGUIDESERVICE
getUserRewards ---> TOURGUIDESERVICE
getUserRewards ---> TOURGUIDESERVICE
getUserRewards ---> TOURGUIDESERVICE
getUserRewards ---> TOURGUIDESERVICE
getUserRewards ---> TOURGUIDESERVICE
getUserRewards ---> TOURGUIDESERVICE
getUserRewards ---> TOURGUIDESERVICE
getUserRewards ---> TOURGUIDESERVICE
getUserRewards ---> TOURGUIDESERVICE
getUserRewards ---> TOURGUIDESERVICE
getUserRewards ---> TOURGUIDESERVICE
getUserRewards ---> TOURGUIDESERVICE
getUserRewards ---> TOURGUIDESERVICE
getUserRewards ---> TOURGUIDESERVICE
getUserRewards ---> TOURGUIDESERVICE
getUserRewards ---> TOURGUIDESERVICE
getUserRewards ---> TOURGUIDESERVICE
getUserRewards ---> TOURGUIDESERVICE
getUserRewards ---> TOURGUIDESERVICE
getUserRewards ---> TOURGUIDESERVICE
getUserRewards ---> TOURGUIDESERVICE
getUserRewards ---> TOURGUIDESERVICE
getUserRewards ---> TOURGUIDESERVICE
getUserRewards ---> TOURGUIDESERVICE
getUserRewards ---> TOURGUIDESERVICE
getUserRewards ---> TOURGUIDESERVICE
getUserRewards ---> TOURGUIDESERVICE
getUserRewards ---> TOURGUIDESERVICE
getUserRewards ---> TOURGUIDESERVICE
getUserRewards ---> TOURGUIDESERVICE
getUserRewards ---> TOURGUIDESERVICE
getUserRewards ---> TOURGUIDESERVICE
getUserRewards ---> TOURGUIDESERVICE
getUserRewards ---> TOURGUIDESERVICE
getUserRewards ---> TOURGUIDESERVICE
getUserRewards ---> TOURGUIDESERVICE
getUserRewards ---> TOURGUIDESERVICE
getUserRewards ---> TOURGUIDESERVICE
getUserRewards ---> TOURGUIDESERVICE
getUserRewards ---> TOURGUIDESERVICE
getUserRewards ---> TOURGUIDESERVICE
getUserRewards ---> TOURGUIDESERVICE
getUserRewards ---> TOURGUIDESERVICE
getUserRewards ---> TOURGUIDESERVICE
getUserRewards ---> TOURGUIDESERVICE
getUserRewards ---> TOURGUIDESERVICE
getUserRewards ---> TOURGUIDESERVICE
getUserRewards ---> TOURGUIDESERVICE
getUserRewards ---> TOURGUIDESERVICE
getUserRewards ---> TOURGUIDESERVICE
getUserRewards ---> TOURGUIDESERVICE
getUserRewards ---> TOURGUIDESERVICE
getUserRewards ---> TOURGUIDESERVICE
getUserRewards ---> TOURGUIDESERVICE
getUserRewards ---> TOURGUIDESERVICE
getUserRewards ---> TOURGUIDESERVICE
getUserRewards ---> TOURGUIDESERVICE
getUserRewards ---> TOURGUIDESERVICE
getUserRewards ---> TOURGUIDESERVICE
getUserRewards ---> TOURGUIDESERVICE
getUserRewards ---> TOURGUIDESERVICE
getUserRewards ---> TOURGUIDESERVICE
getUserRewards ---> TOURGUIDESERVICE
getUserRewards ---> TOURGUIDESERVICE
getUserRewards ---> TOURGUIDESERVICE
getUserRewards ---> TOURGUIDESERVICE
getUserRewards ---> TOURGUIDESERVICE
getUserRewards ---> TOURGUIDESERVICE
getUserRewards ---> TOURGUIDESERVICE
getUserRewards ---> TOURGUIDESERVICE
getUserRewards ---> TOURGUIDESERVICE
getUserRewards ---> TOURGUIDESERVICE
getUserRewards ---> TOURGUIDESERVICE
getUserRewards ---> TOURGUIDESERVICE
getUserRewards ---> TOURGUIDESERVICE
getUserRewards ---> TOURGUIDESERVICE
getUserRewards ---> TOURGUIDESERVICE
getUserRewards ---> TOURGUIDESERVICE
getUserRewards ---> TOURGUIDESERVICE
getUserRewards ---> TOURGUIDESERVICE
getUserRewards ---> TOURGUIDESERVICE
getUserRewards ---> TOURGUIDESERVICE
getUserRewards ---> TOURGUIDESERVICE
getUserRewards ---> TOURGUIDESERVICE
getUserRewards ---> TOURGUIDESERVICE
getUserRewards ---> TOURGUIDESERVICE
getUserRewards ---> TOURGUIDESERVICE
getUserRewards ---> TOURGUIDESERVICE
getUserRewards ---> TOURGUIDESERVICE
getUserRewards ---> TOURGUIDESERVICE
getUserRewards ---> TOURGUIDESERVICE
getUserRewards ---> TOURGUIDESERVICE
getUserRewards ---> TOURGUIDESERVICE
getUserRewards ---> TOURGUIDESERVICE
getUserRewards ---> TOURGUIDESERVICE
getUserRewards ---> TOURGUIDESERVICE
getUserRewards ---> TOURGUIDESERVICE
getUserRewards ---> TOURGUIDESERVICE
getUserRewards ---> TOURGUIDESERVICE
getUserRewards ---> TOURGUIDESERVICE
getUserRewards ---> TOURGUIDESERVICE
getUserRewards ---> TOURGUIDESERVICE
getUserRewards ---> TOURGUIDESERVICE
getUserRewards ---> TOURGUIDESERVICE
getUserRewards ---> TOURGUIDESERVICE
getUserRewards ---> TOURGUIDESERVICE
getUserRewards ---> TOURGUIDESERVICE
getUserRewards ---> TOURGUIDESERVICE
getUserRewards ---> TOURGUIDESERVICE
getUserRewards ---> TOURGUIDESERVICE
getUserRewards ---> TOURGUIDESERVICE
getUserRewards ---> TOURGUIDESERVICE
getUserRewards ---> TOURGUIDESERVICE
getUserRewards ---> TOURGUIDESERVICE
getUserRewards ---> TOURGUIDESERVICE
getUserRewards ---> TOURGUIDESERVICE
getUserRewards ---> TOURGUIDESERVICE
getUserRewards ---> TOURGUIDESERVICE
getUserRewards ---> TOURGUIDESERVICE
getUserRewards ---> TOURGUIDESERVICE
getUserRewards ---> TOURGUIDESERVICE
getUserRewards ---> TOURGUIDESERVICE
getUserRewards ---> TOURGUIDESERVICE
getUserRewards ---> TOURGUIDESERVICE
getUserRewards ---> TOURGUIDESERVICE
getUserRewards ---> TOURGUIDESERVICE
getUserRewards ---> TOURGUIDESERVICE
getUserRewards ---> TOURGUIDESERVICE
getUserRewards ---> TOURGUIDESERVICE
getUserRewards ---> TOURGUIDESERVICE
getUserRewards ---> TOURGUIDESERVICE
getUserRewards ---> TOURGUIDESERVICE
getUserRewards ---> TOURGUIDESERVICE
getUserRewards ---> TOURGUIDESERVICE
getUserRewards ---> TOURGUIDESERVICE
getUserRewards ---> TOURGUIDESERVICE
getUserRewards ---> TOURGUIDESERVICE
getUserRewards ---> TOURGUIDESERVICE
getUserRewards ---> TOURGUIDESERVICE
getUserRewards ---> TOURGUIDESERVICE
getUserRewards ---> TOURGUIDESERVICE
getUserRewards ---> TOURGUIDESERVICE
getUserRewards ---> TOURGUIDESERVICE
getUserRewards ---> TOURGUIDESERVICE
getUserRewards ---> TOURGUIDESERVICE
getUserRewards ---> TOURGUIDESERVICE
getUserRewards ---> TOURGUIDESERVICE
getUserRewards ---> TOURGUIDESERVICE
getUserRewards ---> TOURGUIDESERVICE
getUserRewards ---> TOURGUIDESERVICE
getUserRewards ---> TOURGUIDESERVICE
getUserRewards ---> TOURGUIDESERVICE
getUserRewards ---> TOURGUIDESERVICE
getUserRewards ---> TOURGUIDESERVICE
getUserRewards ---> TOURGUIDESERVICE
getUserRewards ---> TOURGUIDESERVICE
getUserRewards ---> TOURGUIDESERVICE
getUserRewards ---> TOURGUIDESERVICE
getUserRewards ---> TOURGUIDESERVICE
getUserRewards ---> TOURGUIDESERVICE
getUserRewards ---> TOURGUIDESERVICE
getUserRewards ---> TOURGUIDESERVICE
getUserRewards ---> TOURGUIDESERVICE
getUserRewards ---> TOURGUIDESERVICE
getUserRewards ---> TOURGUIDESERVICE
getUserRewards ---> TOURGUIDESERVICE
getUserRewards ---> TOURGUIDESERVICE
getUserRewards ---> TOURGUIDESERVICE
getUserRewards ---> TOURGUIDESERVICE
getUserRewards ---> TOURGUIDESERVICE
getUserRewards ---> TOURGUIDESERVICE
getUserRewards ---> TOURGUIDESERVICE
getUserRewards ---> TOURGUIDESERVICE
getUserRewards ---> TOURGUIDESERVICE
getUserRewards ---> TOURGUIDESERVICE
getUserRewards ---> TOURGUIDESERVICE
getUserRewards ---> TOURGUIDESERVICE
getUserRewards ---> TOURGUIDESERVICE
getUserRewards ---> TOURGUIDESERVICE
getUserRewards ---> TOURGUIDESERVICE
getUserRewards ---> TOURGUIDESERVICE
getUserRewards ---> TOURGUIDESERVICE
getUserRewards ---> TOURGUIDESERVICE
getUserRewards ---> TOURGUIDESERVICE
getUserRewards ---> TOURGUIDESERVICE
getUserRewards ---> TOURGUIDESERVICE
getUserRewards ---> TOURGUIDESERVICE
getUserRewards ---> TOURGUIDESERVICE
getUserRewards ---> TOURGUIDESERVICE
getUserRewards ---> TOURGUIDESERVICE
getUserRewards ---> TOURGUIDESERVICE
getUserRewards ---> TOURGUIDESERVICE
getUserRewards ---> TOURGUIDESERVICE
getUserRewards ---> TOURGUIDESERVICE
getUserRewards ---> TOURGUIDESERVICE
getUserRewards ---> TOURGUIDESERVICE
getUserRewards ---> TOURGUIDESERVICE
getUserRewards ---> TOURGUIDESERVICE
getUserRewards ---> TOURGUIDESERVICE
getUserRewards ---> TOURGUIDESERVICE
getUserRewards ---> TOURGUIDESERVICE
getUserRewards ---> TOURGUIDESERVICE
getUserRewards ---> TOURGUIDESERVICE
getUserRewards ---> TOURGUIDESERVICE
getUserRewards ---> TOURGUIDESERVICE
getUserRewards ---> TOURGUIDESERVICE
getUserRewards ---> TOURGUIDESERVICE
getUserRewards ---> TOURGUIDESERVICE
getUserRewards ---> TOURGUIDESERVICE
getUserRewards ---> TOURGUIDESERVICE
getUserRewards ---> TOURGUIDESERVICE
getUserRewards ---> TOURGUIDESERVICE
getUserRewards ---> TOURGUIDESERVICE
getUserRewards ---> TOURGUIDESERVICE
getUserRewards ---> TOURGUIDESERVICE
getUserRewards ---> TOURGUIDESERVICE
getUserRewards ---> TOURGUIDESERVICE
getUserRewards ---> TOURGUIDESERVICE
getUserRewards ---> TOURGUIDESERVICE
getUserRewards ---> TOURGUIDESERVICE
getUserRewards ---> TOURGUIDESERVICE
getUserRewards ---> TOURGUIDESERVICE
getUserRewards ---> TOURGUIDESERVICE
getUserRewards ---> TOURGUIDESERVICE
getUserRewards ---> TOURGUIDESERVICE
getUserRewards ---> TOURGUIDESERVICE
getUserRewards ---> TOURGUIDESERVICE
getUserRewards ---> TOURGUIDESERVICE
getUserRewards ---> TOURGUIDESERVICE
getUserRewards ---> TOURGUIDESERVICE
getUserRewards ---> TOURGUIDESERVICE
getUserRewards ---> TOURGUIDESERVICE
getUserRewards ---> TOURGUIDESERVICE
getUserRewards ---> TOURGUIDESERVICE
getUserRewards ---> TOURGUIDESERVICE
getUserRewards ---> TOURGUIDESERVICE
getUserRewards ---> TOURGUIDESERVICE
getUserRewards ---> TOURGUIDESERVICE
getUserRewards ---> TOURGUIDESERVICE
getUserRewards ---> TOURGUIDESERVICE
getUserRewards ---> TOURGUIDESERVICE
getUserRewards ---> TOURGUIDESERVICE
getUserRewards ---> TOURGUIDESERVICE
getUserRewards ---> TOURGUIDESERVICE
getUserRewards ---> TOURGUIDESERVICE
getUserRewards ---> TOURGUIDESERVICE
getUserRewards ---> TOURGUIDESERVICE
getUserRewards ---> TOURGUIDESERVICE
getUserRewards ---> TOURGUIDESERVICE
getUserRewards ---> TOURGUIDESERVICE
getUserRewards ---> TOURGUIDESERVICE
getUserRewards ---> TOURGUIDESERVICE
getUserRewards ---> TOURGUIDESERVICE
getUserRewards ---> TOURGUIDESERVICE
getUserRewards ---> TOURGUIDESERVICE
getUserRewards ---> TOURGUIDESERVICE
getUserRewards ---> TOURGUIDESERVICE
getUserRewards ---> TOURGUIDESERVICE
getUserRewards ---> TOURGUIDESERVICE
getUserRewards ---> TOURGUIDESERVICE
getUserRewards ---> TOURGUIDESERVICE
getUserRewards ---> TOURGUIDESERVICE
getUserRewards ---> TOURGUIDESERVICE
getUserRewards ---> TOURGUIDESERVICE
getUserRewards ---> TOURGUIDESERVICE
getUserRewards ---> TOURGUIDESERVICE
getUserRewards ---> TOURGUIDESERVICE
getUserRewards ---> TOURGUIDESERVICE
getUserRewards ---> TOURGUIDESERVICE
getUserRewards ---> TOURGUIDESERVICE
getUserRewards ---> TOURGUIDESERVICE
getUserRewards ---> TOURGUIDESERVICE
getUserRewards ---> TOURGUIDESERVICE
getUserRewards ---> TOURGUIDESERVICE
getUserRewards ---> TOURGUIDESERVICE
getUserRewards ---> TOURGUIDESERVICE
getUserRewards ---> TOURGUIDESERVICE
getUserRewards ---> TOURGUIDESERVICE
getUserRewards ---> TOURGUIDESERVICE
getUserRewards ---> TOURGUIDESERVICE
getUserRewards ---> TOURGUIDESERVICE
getUserRewards ---> TOURGUIDESERVICE
getUserRewards ---> TOURGUIDESERVICE
getUserRewards ---> TOURGUIDESERVICE
getUserRewards ---> TOURGUIDESERVICE
getUserRewards ---> TOURGUIDESERVICE
getUserRewards ---> TOURGUIDESERVICE
getUserRewards ---> TOURGUIDESERVICE
getUserRewards ---> TOURGUIDESERVICE
getUserRewards ---> TOURGUIDESERVICE
getUserRewards ---> TOURGUIDESERVICE
getUserRewards ---> TOURGUIDESERVICE
getUserRewards ---> TOURGUIDESERVICE
getUserRewards ---> TOURGUIDESERVICE
getUserRewards ---> TOURGUIDESERVICE
getUserRewards ---> TOURGUIDESERVICE
getUserRewards ---> TOURGUIDESERVICE
getUserRewards ---> TOURGUIDESERVICE
getUserRewards ---> TOURGUIDESERVICE
getUserRewards ---> TOURGUIDESERVICE
getUserRewards ---> TOURGUIDESERVICE
getUserRewards ---> TOURGUIDESERVICE
getUserRewards ---> TOURGUIDESERVICE
getUserRewards ---> TOURGUIDESERVICE
getUserRewards ---> TOURGUIDESERVICE
getUserRewards ---> TOURGUIDESERVICE
getUserRewards ---> TOURGUIDESERVICE
getUserRewards ---> TOURGUIDESERVICE
getUserRewards ---> TOURGUIDESERVICE
getUserRewards ---> TOURGUIDESERVICE
getUserRewards ---> TOURGUIDESERVICE
getUserRewards ---> TOURGUIDESERVICE
getUserRewards ---> TOURGUIDESERVICE
getUserRewards ---> TOURGUIDESERVICE
getUserRewards ---> TOURGUIDESERVICE
getUserRewards ---> TOURGUIDESERVICE
getUserRewards ---> TOURGUIDESERVICE
getUserRewards ---> TOURGUIDESERVICE
getUserRewards ---> TOURGUIDESERVICE
getUserRewards ---> TOURGUIDESERVICE
getUserRewards ---> TOURGUIDESERVICE
getUserRewards ---> TOURGUIDESERVICE
getUserRewards ---> TOURGUIDESERVICE
getUserRewards ---> TOURGUIDESERVICE
getUserRewards ---> TOURGUIDESERVICE
getUserRewards ---> TOURGUIDESERVICE
getUserRewards ---> TOURGUIDESERVICE
getUserRewards ---> TOURGUIDESERVICE
getUserRewards ---> TOURGUIDESERVICE
getUserRewards ---> TOURGUIDESERVICE
getUserRewards ---> TOURGUIDESERVICE
getUserRewards ---> TOURGUIDESERVICE
getUserRewards ---> TOURGUIDESERVICE
getUserRewards ---> TOURGUIDESERVICE
getUserRewards ---> TOURGUIDESERVICE
getUserRewards ---> TOURGUIDESERVICE
getUserRewards ---> TOURGUIDESERVICE
getUserRewards ---> TOURGUIDESERVICE
getUserRewards ---> TOURGUIDESERVICE
getUserRewards ---> TOURGUIDESERVICE
getUserRewards ---> TOURGUIDESERVICE
getUserRewards ---> TOURGUIDESERVICE
getUserRewards ---> TOURGUIDESERVICE
getUserRewards ---> TOURGUIDESERVICE
getUserRewards ---> TOURGUIDESERVICE
getUserRewards ---> TOURGUIDESERVICE
getUserRewards ---> TOURGUIDESERVICE
getUserRewards ---> TOURGUIDESERVICE
getUserRewards ---> TOURGUIDESERVICE
getUserRewards ---> TOURGUIDESERVICE
getUserRewards ---> TOURGUIDESERVICE
getUserRewards ---> TOURGUIDESERVICE
getUserRewards ---> TOURGUIDESERVICE
getUserRewards ---> TOURGUIDESERVICE
getUserRewards ---> TOURGUIDESERVICE
getUserRewards ---> TOURGUIDESERVICE
getUserRewards ---> TOURGUIDESERVICE
getUserRewards ---> TOURGUIDESERVICE
getUserRewards ---> TOURGUIDESERVICE
getUserRewards ---> TOURGUIDESERVICE
getUserRewards ---> TOURGUIDESERVICE
getUserRewards ---> TOURGUIDESERVICE
getUserRewards ---> TOURGUIDESERVICE
getUserRewards ---> TOURGUIDESERVICE
getUserRewards ---> TOURGUIDESERVICE
getUserRewards ---> TOURGUIDESERVICE
getUserRewards ---> TOURGUIDESERVICE
getUserRewards ---> TOURGUIDESERVICE
getUserRewards ---> TOURGUIDESERVICE
getUserRewards ---> TOURGUIDESERVICE
getUserRewards ---> TOURGUIDESERVICE
getUserRewards ---> TOURGUIDESERVICE
getUserRewards ---> TOURGUIDESERVICE
getUserRewards ---> TOURGUIDESERVICE
getUserRewards ---> TOURGUIDESERVICE
getUserRewards ---> TOURGUIDESERVICE
getUserRewards ---> TOURGUIDESERVICE
getUserRewards ---> TOURGUIDESERVICE
getUserRewards ---> TOURGUIDESERVICE
getUserRewards ---> TOURGUIDESERVICE
getUserRewards ---> TOURGUIDESERVICE
getUserRewards ---> TOURGUIDESERVICE
getUserRewards ---> TOURGUIDESERVICE
getUserRewards ---> TOURGUIDESERVICE
getUserRewards ---> TOURGUIDESERVICE
getUserRewards ---> TOURGUIDESERVICE
getUserRewards ---> TOURGUIDESERVICE
getUserRewards ---> TOURGUIDESERVICE
getUserRewards ---> TOURGUIDESERVICE
getUserRewards ---> TOURGUIDESERVICE
getUserRewards ---> TOURGUIDESERVICE
getUserRewards ---> TOURGUIDESERVICE
getUserRewards ---> TOURGUIDESERVICE
getUserRewards ---> TOURGUIDESERVICE
getUserRewards ---> TOURGUIDESERVICE
getUserRewards ---> TOURGUIDESERVICE
getUserRewards ---> TOURGUIDESERVICE
getUserRewards ---> TOURGUIDESERVICE
getUserRewards ---> TOURGUIDESERVICE
getUserRewards ---> TOURGUIDESERVICE
getUserRewards ---> TOURGUIDESERVICE
getUserRewards ---> TOURGUIDESERVICE
getUserRewards ---> TOURGUIDESERVICE
getUserRewards ---> TOURGUIDESERVICE
getUserRewards ---> TOURGUIDESERVICE
getUserRewards ---> TOURGUIDESERVICE
getUserRewards ---> TOURGUIDESERVICE
getUserRewards ---> TOURGUIDESERVICE
getUserRewards ---> TOURGUIDESERVICE
getUserRewards ---> TOURGUIDESERVICE
getUserRewards ---> TOURGUIDESERVICE
getUserRewards ---> TOURGUIDESERVICE
getUserRewards ---> TOURGUIDESERVICE
getUserRewards ---> TOURGUIDESERVICE
getUserRewards ---> TOURGUIDESERVICE
getUserRewards ---> TOURGUIDESERVICE
getUserRewards ---> TOURGUIDESERVICE
getUserRewards ---> TOURGUIDESERVICE
getUserRewards ---> TOURGUIDESERVICE
getUserRewards ---> TOURGUIDESERVICE
getUserRewards ---> TOURGUIDESERVICE
getUserRewards ---> TOURGUIDESERVICE
getUserRewards ---> TOURGUIDESERVICE
getUserRewards ---> TOURGUIDESERVICE
getUserRewards ---> TOURGUIDESERVICE
getUserRewards ---> TOURGUIDESERVICE
getUserRewards ---> TOURGUIDESERVICE
getUserRewards ---> TOURGUIDESERVICE
getUserRewards ---> TOURGUIDESERVICE
getUserRewards ---> TOURGUIDESERVICE
getUserRewards ---> TOURGUIDESERVICE
getUserRewards ---> TOURGUIDESERVICE
getUserRewards ---> TOURGUIDESERVICE
getUserRewards ---> TOURGUIDESERVICE
getUserRewards ---> TOURGUIDESERVICE
getUserRewards ---> TOURGUIDESERVICE
getUserRewards ---> TOURGUIDESERVICE
getUserRewards ---> TOURGUIDESERVICE
getUserRewards ---> TOURGUIDESERVICE
getUserRewards ---> TOURGUIDESERVICE
getUserRewards ---> TOURGUIDESERVICE
getUserRewards ---> TOURGUIDESERVICE
getUserRewards ---> TOURGUIDESERVICE
getUserRewards ---> TOURGUIDESERVICE
getUserRewards ---> TOURGUIDESERVICE
getUserRewards ---> TOURGUIDESERVICE
getUserRewards ---> TOURGUIDESERVICE
getUserRewards ---> TOURGUIDESERVICE
getUserRewards ---> TOURGUIDESERVICE
getUserRewards ---> TOURGUIDESERVICE
getUserRewards ---> TOURGUIDESERVICE
getUserRewards ---> TOURGUIDESERVICE
getUserRewards ---> TOURGUIDESERVICE
getUserRewards ---> TOURGUIDESERVICE
getUserRewards ---> TOURGUIDESERVICE
getUserRewards ---> TOURGUIDESERVICE
getUserRewards ---> TOURGUIDESERVICE
getUserRewards ---> TOURGUIDESERVICE
getUserRewards ---> TOURGUIDESERVICE
getUserRewards ---> TOURGUIDESERVICE
getUserRewards ---> TOURGUIDESERVICE
getUserRewards ---> TOURGUIDESERVICE
getUserRewards ---> TOURGUIDESERVICE
getUserRewards ---> TOURGUIDESERVICE
getUserRewards ---> TOURGUIDESERVICE
getUserRewards ---> TOURGUIDESERVICE
getUserRewards ---> TOURGUIDESERVICE
getUserRewards ---> TOURGUIDESERVICE
getUserRewards ---> TOURGUIDESERVICE
getUserRewards ---> TOURGUIDESERVICE
getUserRewards ---> TOURGUIDESERVICE
getUserRewards ---> TOURGUIDESERVICE
getUserRewards ---> TOURGUIDESERVICE
getUserRewards ---> TOURGUIDESERVICE
getUserRewards ---> TOURGUIDESERVICE
getUserRewards ---> TOURGUIDESERVICE
getUserRewards ---> TOURGUIDESERVICE
getUserRewards ---> TOURGUIDESERVICE
getUserRewards ---> TOURGUIDESERVICE
getUserRewards ---> TOURGUIDESERVICE
getUserRewards ---> TOURGUIDESERVICE
getUserRewards ---> TOURGUIDESERVICE
getUserRewards ---> TOURGUIDESERVICE
getUserRewards ---> TOURGUIDESERVICE
getUserRewards ---> TOURGUIDESERVICE
getUserRewards ---> TOURGUIDESERVICE
getUserRewards ---> TOURGUIDESERVICE
getUserRewards ---> TOURGUIDESERVICE
getUserRewards ---> TOURGUIDESERVICE
getUserRewards ---> TOURGUIDESERVICE
getUserRewards ---> TOURGUIDESERVICE
getUserRewards ---> TOURGUIDESERVICE
getUserRewards ---> TOURGUIDESERVICE
getUserRewards ---> TOURGUIDESERVICE
getUserRewards ---> TOURGUIDESERVICE
getUserRewards ---> TOURGUIDESERVICE
getUserRewards ---> TOURGUIDESERVICE
getUserRewards ---> TOURGUIDESERVICE
getUserRewards ---> TOURGUIDESERVICE
getUserRewards ---> TOURGUIDESERVICE
getUserRewards ---> TOURGUIDESERVICE
getUserRewards ---> TOURGUIDESERVICE
getUserRewards ---> TOURGUIDESERVICE
getUserRewards ---> TOURGUIDESERVICE
getUserRewards ---> TOURGUIDESERVICE
getUserRewards ---> TOURGUIDESERVICE
getUserRewards ---> TOURGUIDESERVICE
getUserRewards ---> TOURGUIDESERVICE
getUserRewards ---> TOURGUIDESERVICE
getUserRewards ---> TOURGUIDESERVICE
getUserRewards ---> TOURGUIDESERVICE
getUserRewards ---> TOURGUIDESERVICE
getUserRewards ---> TOURGUIDESERVICE
getUserRewards ---> TOURGUIDESERVICE
getUserRewards ---> TOURGUIDESERVICE
getUserRewards ---> TOURGUIDESERVICE
getUserRewards ---> TOURGUIDESERVICE
getUserRewards ---> TOURGUIDESERVICE
getUserRewards ---> TOURGUIDESERVICE
getUserRewards ---> TOURGUIDESERVICE
getUserRewards ---> TOURGUIDESERVICE
getUserRewards ---> TOURGUIDESERVICE
getUserRewards ---> TOURGUIDESERVICE
getUserRewards ---> TOURGUIDESERVICE
getUserRewards ---> TOURGUIDESERVICE
getUserRewards ---> TOURGUIDESERVICE
getUserRewards ---> TOURGUIDESERVICE
getUserRewards ---> TOURGUIDESERVICE
getUserRewards ---> TOURGUIDESERVICE
getUserRewards ---> TOURGUIDESERVICE
getUserRewards ---> TOURGUIDESERVICE
getUserRewards ---> TOURGUIDESERVICE
getUserRewards ---> TOURGUIDESERVICE
getUserRewards ---> TOURGUIDESERVICE
getUserRewards ---> TOURGUIDESERVICE
getUserRewards ---> TOURGUIDESERVICE
getUserRewards ---> TOURGUIDESERVICE
getUserRewards ---> TOURGUIDESERVICE
getUserRewards ---> TOURGUIDESERVICE
getUserRewards ---> TOURGUIDESERVICE
getUserRewards ---> TOURGUIDESERVICE
getUserRewards ---> TOURGUIDESERVICE
getUserRewards ---> TOURGUIDESERVICE
getUserRewards ---> TOURGUIDESERVICE
getUserRewards ---> TOURGUIDESERVICE
getUserRewards ---> TOURGUIDESERVICE
getUserRewards ---> TOURGUIDESERVICE
getUserRewards ---> TOURGUIDESERVICE
getUserRewards ---> TOURGUIDESERVICE
getUserRewards ---> TOURGUIDESERVICE
getUserRewards ---> TOURGUIDESERVICE
getUserRewards ---> TOURGUIDESERVICE
getUserRewards ---> TOURGUIDESERVICE
getUserRewards ---> TOURGUIDESERVICE
getUserRewards ---> TOURGUIDESERVICE
getUserRewards ---> TOURGUIDESERVICE
getUserRewards ---> TOURGUIDESERVICE
getUserRewards ---> TOURGUIDESERVICE
getUserRewards ---> TOURGUIDESERVICE
getUserRewards ---> TOURGUIDESERVICE
getUserRewards ---> TOURGUIDESERVICE
getUserRewards ---> TOURGUIDESERVICE
getUserRewards ---> TOURGUIDESERVICE
getUserRewards ---> TOURGUIDESERVICE
getUserRewards ---> TOURGUIDESERVICE
getUserRewards ---> TOURGUIDESERVICE
getUserRewards ---> TOURGUIDESERVICE
getUserRewards ---> TOURGUIDESERVICE
getUserRewards ---> TOURGUIDESERVICE
getUserRewards ---> TOURGUIDESERVICE
getUserRewards ---> TOURGUIDESERVICE
getUserRewards ---> TOURGUIDESERVICE
getUserRewards ---> TOURGUIDESERVICE
getUserRewards ---> TOURGUIDESERVICE
getUserRewards ---> TOURGUIDESERVICE
getUserRewards ---> TOURGUIDESERVICE
getUserRewards ---> TOURGUIDESERVICE
getUserRewards ---> TOURGUIDESERVICE
getUserRewards ---> TOURGUIDESERVICE
getUserRewards ---> TOURGUIDESERVICE
getUserRewards ---> TOURGUIDESERVICE
getUserRewards ---> TOURGUIDESERVICE
getUserRewards ---> TOURGUIDESERVICE
getUserRewards ---> TOURGUIDESERVICE
getUserRewards ---> TOURGUIDESERVICE
getUserRewards ---> TOURGUIDESERVICE
getUserRewards ---> TOURGUIDESERVICE
getUserRewards ---> TOURGUIDESERVICE
getUserRewards ---> TOURGUIDESERVICE
getUserRewards ---> TOURGUIDESERVICE
getUserRewards ---> TOURGUIDESERVICE
getUserRewards ---> TOURGUIDESERVICE
getUserRewards ---> TOURGUIDESERVICE
getUserRewards ---> TOURGUIDESERVICE
getUserRewards ---> TOURGUIDESERVICE
getUserRewards ---> TOURGUIDESERVICE
getUserRewards ---> TOURGUIDESERVICE
getUserRewards ---> TOURGUIDESERVICE
getUserRewards ---> TOURGUIDESERVICE
getUserRewards ---> TOURGUIDESERVICE
getUserRewards ---> TOURGUIDESERVICE
getUserRewards ---> TOURGUIDESERVICE
getUserRewards ---> TOURGUIDESERVICE
getUserRewards ---> TOURGUIDESERVICE
getUserRewards ---> TOURGUIDESERVICE
getUserRewards ---> TOURGUIDESERVICE
getUserRewards ---> TOURGUIDESERVICE
getUserRewards ---> TOURGUIDESERVICE
getUserRewards ---> TOURGUIDESERVICE
getUserRewards ---> TOURGUIDESERVICE
getUserRewards ---> TOURGUIDESERVICE
getUserRewards ---> TOURGUIDESERVICE
getUserRewards ---> TOURGUIDESERVICE
getUserRewards ---> TOURGUIDESERVICE
getUserRewards ---> TOURGUIDESERVICE
getUserRewards ---> TOURGUIDESERVICE
getUserRewards ---> TOURGUIDESERVICE
getUserRewards ---> TOURGUIDESERVICE
getUserRewards ---> TOURGUIDESERVICE
getUserRewards ---> TOURGUIDESERVICE
getUserRewards ---> TOURGUIDESERVICE
getUserRewards ---> TOURGUIDESERVICE
getUserRewards ---> TOURGUIDESERVICE
getUserRewards ---> TOURGUIDESERVICE
getUserRewards ---> TOURGUIDESERVICE
getUserRewards ---> TOURGUIDESERVICE
getUserRewards ---> TOURGUIDESERVICE
getUserRewards ---> TOURGUIDESERVICE
getUserRewards ---> TOURGUIDESERVICE
getUserRewards ---> TOURGUIDESERVICE
getUserRewards ---> TOURGUIDESERVICE
getUserRewards ---> TOURGUIDESERVICE
getUserRewards ---> TOURGUIDESERVICE
getUserRewards ---> TOURGUIDESERVICE
getUserRewards ---> TOURGUIDESERVICE
getUserRewards ---> TOURGUIDESERVICE
getUserRewards ---> TOURGUIDESERVICE
getUserRewards ---> TOURGUIDESERVICE
getUserRewards ---> TOURGUIDESERVICE
getUserRewards ---> TOURGUIDESERVICE
getUserRewards ---> TOURGUIDESERVICE
getUserRewards ---> TOURGUIDESERVICE
getUserRewards ---> TOURGUIDESERVICE
getUserRewards ---> TOURGUIDESERVICE
getUserRewards ---> TOURGUIDESERVICE
getUserRewards ---> TOURGUIDESERVICE
getUserRewards ---> TOURGUIDESERVICE
getUserRewards ---> TOURGUIDESERVICE
getUserRewards ---> TOURGUIDESERVICE
getUserRewards ---> TOURGUIDESERVICE
getUserRewards ---> TOURGUIDESERVICE
getUserRewards ---> TOURGUIDESERVICE
getUserRewards ---> TOURGUIDESERVICE
getUserRewards ---> TOURGUIDESERVICE
getUserRewards ---> TOURGUIDESERVICE
getUserRewards ---> TOURGUIDESERVICE
getUserRewards ---> TOURGUIDESERVICE
getUserRewards ---> TOURGUIDESERVICE
getUserRewards ---> TOURGUIDESERVICE
getUserRewards ---> TOURGUIDESERVICE
getUserRewards ---> TOURGUIDESERVICE
getUserRewards ---> TOURGUIDESERVICE
getUserRewards ---> TOURGUIDESERVICE
getUserRewards ---> TOURGUIDESERVICE
getUserRewards ---> TOURGUIDESERVICE
getUserRewards ---> TOURGUIDESERVICE
getUserRewards ---> TOURGUIDESERVICE
getUserRewards ---> TOURGUIDESERVICE
getUserRewards ---> TOURGUIDESERVICE
getUserRewards ---> TOURGUIDESERVICE
getUserRewards ---> TOURGUIDESERVICE
getUserRewards ---> TOURGUIDESERVICE
getUserRewards ---> TOURGUIDESERVICE
getUserRewards ---> TOURGUIDESERVICE
getUserRewards ---> TOURGUIDESERVICE
getUserRewards ---> TOURGUIDESERVICE
getUserRewards ---> TOURGUIDESERVICE
getUserRewards ---> TOURGUIDESERVICE
getUserRewards ---> TOURGUIDESERVICE
getUserRewards ---> TOURGUIDESERVICE
getUserRewards ---> TOURGUIDESERVICE
getUserRewards ---> TOURGUIDESERVICE
getUserRewards ---> TOURGUIDESERVICE
getUserRewards ---> TOURGUIDESERVICE
getUserRewards ---> TOURGUIDESERVICE
getUserRewards ---> TOURGUIDESERVICE
getUserRewards ---> TOURGUIDESERVICE
getUserRewards ---> TOURGUIDESERVICE
getUserRewards ---> TOURGUIDESERVICE
getUserRewards ---> TOURGUIDESERVICE
getUserRewards ---> TOURGUIDESERVICE
getUserRewards ---> TOURGUIDESERVICE
getUserRewards ---> TOURGUIDESERVICE
getUserRewards ---> TOURGUIDESERVICE
getUserRewards ---> TOURGUIDESERVICE
getUserRewards ---> TOURGUIDESERVICE
getUserRewards ---> TOURGUIDESERVICE
getUserRewards ---> TOURGUIDESERVICE
getUserRewards ---> TOURGUIDESERVICE
getUserRewards ---> TOURGUIDESERVICE
getUserRewards ---> TOURGUIDESERVICE
getUserRewards ---> TOURGUIDESERVICE
getUserRewards ---> TOURGUIDESERVICE
getUserRewards ---> TOURGUIDESERVICE
getUserRewards ---> TOURGUIDESERVICE
getUserRewards ---> TOURGUIDESERVICE
getUserRewards ---> TOURGUIDESERVICE
getUserRewards ---> TOURGUIDESERVICE
getUserRewards ---> TOURGUIDESERVICE
getUserRewards ---> TOURGUIDESERVICE
getUserRewards ---> TOURGUIDESERVICE
getUserRewards ---> TOURGUIDESERVICE
getUserRewards ---> TOURGUIDESERVICE
getUserRewards ---> TOURGUIDESERVICE
getUserRewards ---> TOURGUIDESERVICE
getUserRewards ---> TOURGUIDESERVICE
getUserRewards ---> TOURGUIDESERVICE
getUserRewards ---> TOURGUIDESERVICE
getUserRewards ---> TOURGUIDESERVICE
getUserRewards ---> TOURGUIDESERVICE
getUserRewards ---> TOURGUIDESERVICE
getUserRewards ---> TOURGUIDESERVICE
getUserRewards ---> TOURGUIDESERVICE
getUserRewards ---> TOURGUIDESERVICE
getUserRewards ---> TOURGUIDESERVICE
getUserRewards ---> TOURGUIDESERVICE
getUserRewards ---> TOURGUIDESERVICE
getUserRewards ---> TOURGUIDESERVICE
getUserRewards ---> TOURGUIDESERVICE
getUserRewards ---> TOURGUIDESERVICE
getUserRewards ---> TOURGUIDESERVICE
getUserRewards ---> TOURGUIDESERVICE
getUserRewards ---> TOURGUIDESERVICE
getUserRewards ---> TOURGUIDESERVICE
getUserRewards ---> TOURGUIDESERVICE
getUserRewards ---> TOURGUIDESERVICE
getUserRewards ---> TOURGUIDESERVICE
getUserRewards ---> TOURGUIDESERVICE
getUserRewards ---> TOURGUIDESERVICE
getUserRewards ---> TOURGUIDESERVICE
getUserRewards ---> TOURGUIDESERVICE
getUserRewards ---> TOURGUIDESERVICE
getUserRewards ---> TOURGUIDESERVICE
getUserRewards ---> TOURGUIDESERVICE
getUserRewards ---> TOURGUIDESERVICE
getUserRewards ---> TOURGUIDESERVICE
getUserRewards ---> TOURGUIDESERVICE
getUserRewards ---> TOURGUIDESERVICE
getUserRewards ---> TOURGUIDESERVICE
getUserRewards ---> TOURGUIDESERVICE
getUserRewards ---> TOURGUIDESERVICE
getUserRewards ---> TOURGUIDESERVICE
getUserRewards ---> TOURGUIDESERVICE
getUserRewards ---> TOURGUIDESERVICE
getUserRewards ---> TOURGUIDESERVICE
getUserRewards ---> TOURGUIDESERVICE
getUserRewards ---> TOURGUIDESERVICE
getUserRewards ---> TOURGUIDESERVICE
getUserRewards ---> TOURGUIDESERVICE
getUserRewards ---> TOURGUIDESERVICE
getUserRewards ---> TOURGUIDESERVICE
getUserRewards ---> TOURGUIDESERVICE
getUserRewards ---> TOURGUIDESERVICE
getUserRewards ---> TOURGUIDESERVICE
getUserRewards ---> TOURGUIDESERVICE
getUserRewards ---> TOURGUIDESERVICE
getUserRewards ---> TOURGUIDESERVICE
getUserRewards ---> TOURGUIDESERVICE
getUserRewards ---> TOURGUIDESERVICE
getUserRewards ---> TOURGUIDESERVICE
getUserRewards ---> TOURGUIDESERVICE
getUserRewards ---> TOURGUIDESERVICE
getUserRewards ---> TOURGUIDESERVICE
getUserRewards ---> TOURGUIDESERVICE
getUserRewards ---> TOURGUIDESERVICE
getUserRewards ---> TOURGUIDESERVICE
getUserRewards ---> TOURGUIDESERVICE
getUserRewards ---> TOURGUIDESERVICE
getUserRewards ---> TOURGUIDESERVICE
getUserRewards ---> TOURGUIDESERVICE
getUserRewards ---> TOURGUIDESERVICE
getUserRewards ---> TOURGUIDESERVICE
getUserRewards ---> TOURGUIDESERVICE
getUserRewards ---> TOURGUIDESERVICE
getUserRewards ---> TOURGUIDESERVICE
getUserRewards ---> TOURGUIDESERVICE
getUserRewards ---> TOURGUIDESERVICE
getUserRewards ---> TOURGUIDESERVICE
getUserRewards ---> TOURGUIDESERVICE
getUserRewards ---> TOURGUIDESERVICE
getUserRewards ---> TOURGUIDESERVICE
getUserRewards ---> TOURGUIDESERVICE
getUserRewards ---> TOURGUIDESERVICE
getUserRewards ---> TOURGUIDESERVICE
getUserRewards ---> TOURGUIDESERVICE
getUserRewards ---> TOURGUIDESERVICE
getUserRewards ---> TOURGUIDESERVICE
getUserRewards ---> TOURGUIDESERVICE
getUserRewards ---> TOURGUIDESERVICE
getUserRewards ---> TOURGUIDESERVICE
getUserRewards ---> TOURGUIDESERVICE
getUserRewards ---> TOURGUIDESERVICE
getUserRewards ---> TOURGUIDESERVICE
getUserRewards ---> TOURGUIDESERVICE
getUserRewards ---> TOURGUIDESERVICE
getUserRewards ---> TOURGUIDESERVICE
getUserRewards ---> TOURGUIDESERVICE
getUserRewards ---> TOURGUIDESERVICE
getUserRewards ---> TOURGUIDESERVICE
getUserRewards ---> TOURGUIDESERVICE
getUserRewards ---> TOURGUIDESERVICE
getUserRewards ---> TOURGUIDESERVICE
getUserRewards ---> TOURGUIDESERVICE
getUserRewards ---> TOURGUIDESERVICE
getUserRewards ---> TOURGUIDESERVICE
getUserRewards ---> TOURGUIDESERVICE
getUserRewards ---> TOURGUIDESERVICE
getUserRewards ---> TOURGUIDESERVICE
getUserRewards ---> TOURGUIDESERVICE
getUserRewards ---> TOURGUIDESERVICE
getUserRewards ---> TOURGUIDESERVICE
getUserRewards ---> TOURGUIDESERVICE
getUserRewards ---> TOURGUIDESERVICE
getUserRewards ---> TOURGUIDESERVICE
getUserRewards ---> TOURGUIDESERVICE
getUserRewards ---> TOURGUIDESERVICE
getUserRewards ---> TOURGUIDESERVICE
getUserRewards ---> TOURGUIDESERVICE
getUserRewards ---> TOURGUIDESERVICE
getUserRewards ---> TOURGUIDESERVICE
getUserRewards ---> TOURGUIDESERVICE
getUserRewards ---> TOURGUIDESERVICE
getUserRewards ---> TOURGUIDESERVICE
getUserRewards ---> TOURGUIDESERVICE
getUserRewards ---> TOURGUIDESERVICE
getUserRewards ---> TOURGUIDESERVICE
getUserRewards ---> TOURGUIDESERVICE
getUserRewards ---> TOURGUIDESERVICE
getUserRewards ---> TOURGUIDESERVICE
getUserRewards ---> TOURGUIDESERVICE
getUserRewards ---> TOURGUIDESERVICE
getUserRewards ---> TOURGUIDESERVICE
getUserRewards ---> TOURGUIDESERVICE
getUserRewards ---> TOURGUIDESERVICE
getUserRewards ---> TOURGUIDESERVICE
getUserRewards ---> TOURGUIDESERVICE
getUserRewards ---> TOURGUIDESERVICE
getUserRewards ---> TOURGUIDESERVICE
getUserRewards ---> TOURGUIDESERVICE
getUserRewards ---> TOURGUIDESERVICE
getUserRewards ---> TOURGUIDESERVICE
getUserRewards ---> TOURGUIDESERVICE
getUserRewards ---> TOURGUIDESERVICE
getUserRewards ---> TOURGUIDESERVICE
getUserRewards ---> TOURGUIDESERVICE
getUserRewards ---> TOURGUIDESERVICE
getUserRewards ---> TOURGUIDESERVICE
getUserRewards ---> TOURGUIDESERVICE
getUserRewards ---> TOURGUIDESERVICE
getUserRewards ---> TOURGUIDESERVICE
getUserRewards ---> TOURGUIDESERVICE
getUserRewards ---> TOURGUIDESERVICE
getUserRewards ---> TOURGUIDESERVICE
getUserRewards ---> TOURGUIDESERVICE
getUserRewards ---> TOURGUIDESERVICE
getUserRewards ---> TOURGUIDESERVICE
getUserRewards ---> TOURGUIDESERVICE
getUserRewards ---> TOURGUIDESERVICE
getUserRewards ---> TOURGUIDESERVICE
getUserRewards ---> TOURGUIDESERVICE
getUserRewards ---> TOURGUIDESERVICE
getUserRewards ---> TOURGUIDESERVICE
getUserRewards ---> TOURGUIDESERVICE
getUserRewards ---> TOURGUIDESERVICE
getUserRewards ---> TOURGUIDESERVICE
getUserRewards ---> TOURGUIDESERVICE
getUserRewards ---> TOURGUIDESERVICE
getUserRewards ---> TOURGUIDESERVICE
getUserRewards ---> TOURGUIDESERVICE
getUserRewards ---> TOURGUIDESERVICE
getUserRewards ---> TOURGUIDESERVICE
getUserRewards ---> TOURGUIDESERVICE
getUserRewards ---> TOURGUIDESERVICE
getUserRewards ---> TOURGUIDESERVICE
getUserRewards ---> TOURGUIDESERVICE
getUserRewards ---> TOURGUIDESERVICE
getUserRewards ---> TOURGUIDESERVICE
getUserRewards ---> TOURGUIDESERVICE
getUserRewards ---> TOURGUIDESERVICE
getUserRewards ---> TOURGUIDESERVICE
getUserRewards ---> TOURGUIDESERVICE
getUserRewards ---> TOURGUIDESERVICE
getUserRewards ---> TOURGUIDESERVICE
getUserRewards ---> TOURGUIDESERVICE
getUserRewards ---> TOURGUIDESERVICE
getUserRewards ---> TOURGUIDESERVICE
getUserRewards ---> TOURGUIDESERVICE
getUserRewards ---> TOURGUIDESERVICE
getUserRewards ---> TOURGUIDESERVICE
getUserRewards ---> TOURGUIDESERVICE
getUserRewards ---> TOURGUIDESERVICE
getUserRewards ---> TOURGUIDESERVICE
getUserRewards ---> TOURGUIDESERVICE
getUserRewards ---> TOURGUIDESERVICE
getUserRewards ---> TOURGUIDESERVICE
getUserRewards ---> TOURGUIDESERVICE
getUserRewards ---> TOURGUIDESERVICE
getUserRewards ---> TOURGUIDESERVICE
getUserRewards ---> TOURGUIDESERVICE
getUserRewards ---> TOURGUIDESERVICE
getUserRewards ---> TOURGUIDESERVICE
getUserRewards ---> TOURGUIDESERVICE
getUserRewards ---> TOURGUIDESERVICE
getUserRewards ---> TOURGUIDESERVICE
getUserRewards ---> TOURGUIDESERVICE
getUserRewards ---> TOURGUIDESERVICE
getUserRewards ---> TOURGUIDESERVICE
getUserRewards ---> TOURGUIDESERVICE
getUserRewards ---> TOURGUIDESERVICE
getUserRewards ---> TOURGUIDESERVICE
getUserRewards ---> TOURGUIDESERVICE
getUserRewards ---> TOURGUIDESERVICE
getUserRewards ---> TOURGUIDESERVICE
getUserRewards ---> TOURGUIDESERVICE
getUserRewards ---> TOURGUIDESERVICE
getUserRewards ---> TOURGUIDESERVICE
getUserRewards ---> TOURGUIDESERVICE
getUserRewards ---> TOURGUIDESERVICE
getUserRewards ---> TOURGUIDESERVICE
getUserRewards ---> TOURGUIDESERVICE
getUserRewards ---> TOURGUIDESERVICE
getUserRewards ---> TOURGUIDESERVICE
getUserRewards ---> TOURGUIDESERVICE
getUserRewards ---> TOURGUIDESERVICE
getUserRewards ---> TOURGUIDESERVICE
getUserRewards ---> TOURGUIDESERVICE
getUserRewards ---> TOURGUIDESERVICE
getUserRewards ---> TOURGUIDESERVICE
getUserRewards ---> TOURGUIDESERVICE
getUserRewards ---> TOURGUIDESERVICE
getUserRewards ---> TOURGUIDESERVICE
getUserRewards ---> TOURGUIDESERVICE
getUserRewards ---> TOURGUIDESERVICE
getUserRewards ---> TOURGUIDESERVICE
getUserRewards ---> TOURGUIDESERVICE
getUserRewards ---> TOURGUIDESERVICE
getUserRewards ---> TOURGUIDESERVICE
getUserRewards ---> TOURGUIDESERVICE
getUserRewards ---> TOURGUIDESERVICE
getUserRewards ---> TOURGUIDESERVICE
getUserRewards ---> TOURGUIDESERVICE
getUserRewards ---> TOURGUIDESERVICE
getUserRewards ---> TOURGUIDESERVICE
getUserRewards ---> TOURGUIDESERVICE
getUserRewards ---> TOURGUIDESERVICE
getUserRewards ---> TOURGUIDESERVICE
getUserRewards ---> TOURGUIDESERVICE
getUserRewards ---> TOURGUIDESERVICE
getUserRewards ---> TOURGUIDESERVICE
getUserRewards ---> TOURGUIDESERVICE
getUserRewards ---> TOURGUIDESERVICE
getUserRewards ---> TOURGUIDESERVICE
getUserRewards ---> TOURGUIDESERVICE
getUserRewards ---> TOURGUIDESERVICE
getUserRewards ---> TOURGUIDESERVICE
getUserRewards ---> TOURGUIDESERVICE
getUserRewards ---> TOURGUIDESERVICE
getUserRewards ---> TOURGUIDESERVICE
getUserRewards ---> TOURGUIDESERVICE
getUserRewards ---> TOURGUIDESERVICE
getUserRewards ---> TOURGUIDESERVICE
getUserRewards ---> TOURGUIDESERVICE
getUserRewards ---> TOURGUIDESERVICE
getUserRewards ---> TOURGUIDESERVICE
getUserRewards ---> TOURGUIDESERVICE
getUserRewards ---> TOURGUIDESERVICE
getUserRewards ---> TOURGUIDESERVICE
getUserRewards ---> TOURGUIDESERVICE
getUserRewards ---> TOURGUIDESERVICE
getUserRewards ---> TOURGUIDESERVICE
getUserRewards ---> TOURGUIDESERVICE
getUserRewards ---> TOURGUIDESERVICE
getUserRewards ---> TOURGUIDESERVICE
getUserRewards ---> TOURGUIDESERVICE
getUserRewards ---> TOURGUIDESERVICE
getUserRewards ---> TOURGUIDESERVICE
getUserRewards ---> TOURGUIDESERVICE
getUserRewards ---> TOURGUIDESERVICE
getUserRewards ---> TOURGUIDESERVICE
getUserRewards ---> TOURGUIDESERVICE
getUserRewards ---> TOURGUIDESERVICE
getUserRewards ---> TOURGUIDESERVICE
getUserRewards ---> TOURGUIDESERVICE
getUserRewards ---> TOURGUIDESERVICE
getUserRewards ---> TOURGUIDESERVICE
getUserRewards ---> TOURGUIDESERVICE
getUserRewards ---> TOURGUIDESERVICE
getUserRewards ---> TOURGUIDESERVICE
getUserRewards ---> TOURGUIDESERVICE
getUserRewards ---> TOURGUIDESERVICE
getUserRewards ---> TOURGUIDESERVICE
getUserRewards ---> TOURGUIDESERVICE
getUserRewards ---> TOURGUIDESERVICE
getUserRewards ---> TOURGUIDESERVICE
getUserRewards ---> TOURGUIDESERVICE
getUserRewards ---> TOURGUIDESERVICE
getUserRewards ---> TOURGUIDESERVICE
getUserRewards ---> TOURGUIDESERVICE
getUserRewards ---> TOURGUIDESERVICE
getUserRewards ---> TOURGUIDESERVICE
getUserRewards ---> TOURGUIDESERVICE
getUserRewards ---> TOURGUIDESERVICE
getUserRewards ---> TOURGUIDESERVICE
getUserRewards ---> TOURGUIDESERVICE
getUserRewards ---> TOURGUIDESERVICE
getUserRewards ---> TOURGUIDESERVICE
getUserRewards ---> TOURGUIDESERVICE
getUserRewards ---> TOURGUIDESERVICE
getUserRewards ---> TOURGUIDESERVICE
getUserRewards ---> TOURGUIDESERVICE
getUserRewards ---> TOURGUIDESERVICE
getUserRewards ---> TOURGUIDESERVICE
getUserRewards ---> TOURGUIDESERVICE
getUserRewards ---> TOURGUIDESERVICE
getUserRewards ---> TOURGUIDESERVICE
getUserRewards ---> TOURGUIDESERVICE
getUserRewards ---> TOURGUIDESERVICE
getUserRewards ---> TOURGUIDESERVICE
getUserRewards ---> TOURGUIDESERVICE
getUserRewards ---> TOURGUIDESERVICE
getUserRewards ---> TOURGUIDESERVICE
getUserRewards ---> TOURGUIDESERVICE
getUserRewards ---> TOURGUIDESERVICE
getUserRewards ---> TOURGUIDESERVICE
getUserRewards ---> TOURGUIDESERVICE
getUserRewards ---> TOURGUIDESERVICE
getUserRewards ---> TOURGUIDESERVICE
getUserRewards ---> TOURGUIDESERVICE
getUserRewards ---> TOURGUIDESERVICE
getUserRewards ---> TOURGUIDESERVICE
getUserRewards ---> TOURGUIDESERVICE
getUserRewards ---> TOURGUIDESERVICE
getUserRewards ---> TOURGUIDESERVICE
getUserRewards ---> TOURGUIDESERVICE
getUserRewards ---> TOURGUIDESERVICE
getUserRewards ---> TOURGUIDESERVICE
getUserRewards ---> TOURGUIDESERVICE
getUserRewards ---> TOURGUIDESERVICE
getUserRewards ---> TOURGUIDESERVICE
getUserRewards ---> TOURGUIDESERVICE
getUserRewards ---> TOURGUIDESERVICE
getUserRewards ---> TOURGUIDESERVICE
getUserRewards ---> TOURGUIDESERVICE
getUserRewards ---> TOURGUIDESERVICE
getUserRewards ---> TOURGUIDESERVICE
getUserRewards ---> TOURGUIDESERVICE
getUserRewards ---> TOURGUIDESERVICE
getUserRewards ---> TOURGUIDESERVICE
getUserRewards ---> TOURGUIDESERVICE
getUserRewards ---> TOURGUIDESERVICE
getUserRewards ---> TOURGUIDESERVICE
getUserRewards ---> TOURGUIDESERVICE
getUserRewards ---> TOURGUIDESERVICE
getUserRewards ---> TOURGUIDESERVICE
getUserRewards ---> TOURGUIDESERVICE
getUserRewards ---> TOURGUIDESERVICE
getUserRewards ---> TOURGUIDESERVICE
getUserRewards ---> TOURGUIDESERVICE
getUserRewards ---> TOURGUIDESERVICE
getUserRewards ---> TOURGUIDESERVICE
getUserRewards ---> TOURGUIDESERVICE
getUserRewards ---> TOURGUIDESERVICE
getUserRewards ---> TOURGUIDESERVICE
getUserRewards ---> TOURGUIDESERVICE
getUserRewards ---> TOURGUIDESERVICE
getUserRewards ---> TOURGUIDESERVICE
getUserRewards ---> TOURGUIDESERVICE
getUserRewards ---> TOURGUIDESERVICE
getUserRewards ---> TOURGUIDESERVICE
getUserRewards ---> TOURGUIDESERVICE
getUserRewards ---> TOURGUIDESERVICE
getUserRewards ---> TOURGUIDESERVICE
getUserRewards ---> TOURGUIDESERVICE
getUserRewards ---> TOURGUIDESERVICE
getUserRewards ---> TOURGUIDESERVICE
getUserRewards ---> TOURGUIDESERVICE
getUserRewards ---> TOURGUIDESERVICE
getUserRewards ---> TOURGUIDESERVICE
getUserRewards ---> TOURGUIDESERVICE
getUserRewards ---> TOURGUIDESERVICE
getUserRewards ---> TOURGUIDESERVICE
getUserRewards ---> TOURGUIDESERVICE
getUserRewards ---> TOURGUIDESERVICE
getUserRewards ---> TOURGUIDESERVICE
getUserRewards ---> TOURGUIDESERVICE
getUserRewards ---> TOURGUIDESERVICE
getUserRewards ---> TOURGUIDESERVICE
getUserRewards ---> TOURGUIDESERVICE
getUserRewards ---> TOURGUIDESERVICE
getUserRewards ---> TOURGUIDESERVICE
getUserRewards ---> TOURGUIDESERVICE
getUserRewards ---> TOURGUIDESERVICE
getUserRewards ---> TOURGUIDESERVICE
getUserRewards ---> TOURGUIDESERVICE
getUserRewards ---> TOURGUIDESERVICE
getUserRewards ---> TOURGUIDESERVICE
getUserRewards ---> TOURGUIDESERVICE
getUserRewards ---> TOURGUIDESERVICE
getUserRewards ---> TOURGUIDESERVICE
getUserRewards ---> TOURGUIDESERVICE
getUserRewards ---> TOURGUIDESERVICE
getUserRewards ---> TOURGUIDESERVICE
getUserRewards ---> TOURGUIDESERVICE
getUserRewards ---> TOURGUIDESERVICE
getUserRewards ---> TOURGUIDESERVICE
getUserRewards ---> TOURGUIDESERVICE
getUserRewards ---> TOURGUIDESERVICE
getUserRewards ---> TOURGUIDESERVICE
getUserRewards ---> TOURGUIDESERVICE
getUserRewards ---> TOURGUIDESERVICE
getUserRewards ---> TOURGUIDESERVICE
getUserRewards ---> TOURGUIDESERVICE
getUserRewards ---> TOURGUIDESERVICE
getUserRewards ---> TOURGUIDESERVICE
getUserRewards ---> TOURGUIDESERVICE
getUserRewards ---> TOURGUIDESERVICE
getUserRewards ---> TOURGUIDESERVICE
getUserRewards ---> TOURGUIDESERVICE
getUserRewards ---> TOURGUIDESERVICE
getUserRewards ---> TOURGUIDESERVICE
getUserRewards ---> TOURGUIDESERVICE
getUserRewards ---> TOURGUIDESERVICE
getUserRewards ---> TOURGUIDESERVICE
getUserRewards ---> TOURGUIDESERVICE
getUserRewards ---> TOURGUIDESERVICE
getUserRewards ---> TOURGUIDESERVICE
getUserRewards ---> TOURGUIDESERVICE
getUserRewards ---> TOURGUIDESERVICE
getUserRewards ---> TOURGUIDESERVICE
getUserRewards ---> TOURGUIDESERVICE
getUserRewards ---> TOURGUIDESERVICE
getUserRewards ---> TOURGUIDESERVICE
getUserRewards ---> TOURGUIDESERVICE
getUserRewards ---> TOURGUIDESERVICE
getUserRewards ---> TOURGUIDESERVICE
getUserRewards ---> TOURGUIDESERVICE
getUserRewards ---> TOURGUIDESERVICE
getUserRewards ---> TOURGUIDESERVICE
getUserRewards ---> TOURGUIDESERVICE
getUserRewards ---> TOURGUIDESERVICE
getUserRewards ---> TOURGUIDESERVICE
getUserRewards ---> TOURGUIDESERVICE
getUserRewards ---> TOURGUIDESERVICE
getUserRewards ---> TOURGUIDESERVICE
getUserRewards ---> TOURGUIDESERVICE
getUserRewards ---> TOURGUIDESERVICE
getUserRewards ---> TOURGUIDESERVICE
getUserRewards ---> TOURGUIDESERVICE
getUserRewards ---> TOURGUIDESERVICE
getUserRewards ---> TOURGUIDESERVICE
getUserRewards ---> TOURGUIDESERVICE
getUserRewards ---> TOURGUIDESERVICE
getUserRewards ---> TOURGUIDESERVICE
getUserRewards ---> TOURGUIDESERVICE
getUserRewards ---> TOURGUIDESERVICE
getUserRewards ---> TOURGUIDESERVICE
getUserRewards ---> TOURGUIDESERVICE
getUserRewards ---> TOURGUIDESERVICE
getUserRewards ---> TOURGUIDESERVICE
getUserRewards ---> TOURGUIDESERVICE
getUserRewards ---> TOURGUIDESERVICE
getUserRewards ---> TOURGUIDESERVICE
getUserRewards ---> TOURGUIDESERVICE
getUserRewards ---> TOURGUIDESERVICE
getUserRewards ---> TOURGUIDESERVICE
getUserRewards ---> TOURGUIDESERVICE
getUserRewards ---> TOURGUIDESERVICE
getUserRewards ---> TOURGUIDESERVICE
getUserRewards ---> TOURGUIDESERVICE
getUserRewards ---> TOURGUIDESERVICE
getUserRewards ---> TOURGUIDESERVICE
getUserRewards ---> TOURGUIDESERVICE
getUserRewards ---> TOURGUIDESERVICE
getUserRewards ---> TOURGUIDESERVICE
getUserRewards ---> TOURGUIDESERVICE
getUserRewards ---> TOURGUIDESERVICE
getUserRewards ---> TOURGUIDESERVICE
getUserRewards ---> TOURGUIDESERVICE
getUserRewards ---> TOURGUIDESERVICE
getUserRewards ---> TOURGUIDESERVICE
getUserRewards ---> TOURGUIDESERVICE
getUserRewards ---> TOURGUIDESERVICE
getUserRewards ---> TOURGUIDESERVICE
getUserRewards ---> TOURGUIDESERVICE
getUserRewards ---> TOURGUIDESERVICE
getUserRewards ---> TOURGUIDESERVICE
getUserRewards ---> TOURGUIDESERVICE
getUserRewards ---> TOURGUIDESERVICE
getUserRewards ---> TOURGUIDESERVICE
getUserRewards ---> TOURGUIDESERVICE
getUserRewards ---> TOURGUIDESERVICE
getUserRewards ---> TOURGUIDESERVICE
getUserRewards ---> TOURGUIDESERVICE
getUserRewards ---> TOURGUIDESERVICE
getUserRewards ---> TOURGUIDESERVICE
getUserRewards ---> TOURGUIDESERVICE
getUserRewards ---> TOURGUIDESERVICE
getUserRewards ---> TOURGUIDESERVICE
getUserRewards ---> TOURGUIDESERVICE
getUserRewards ---> TOURGUIDESERVICE
getUserRewards ---> TOURGUIDESERVICE
getUserRewards ---> TOURGUIDESERVICE
getUserRewards ---> TOURGUIDESERVICE
getUserRewards ---> TOURGUIDESERVICE
getUserRewards ---> TOURGUIDESERVICE
getUserRewards ---> TOURGUIDESERVICE
getUserRewards ---> TOURGUIDESERVICE
getUserRewards ---> TOURGUIDESERVICE
getUserRewards ---> TOURGUIDESERVICE
getUserRewards ---> TOURGUIDESERVICE
getUserRewards ---> TOURGUIDESERVICE
getUserRewards ---> TOURGUIDESERVICE
getUserRewards ---> TOURGUIDESERVICE
getUserRewards ---> TOURGUIDESERVICE
getUserRewards ---> TOURGUIDESERVICE
getUserRewards ---> TOURGUIDESERVICE
getUserRewards ---> TOURGUIDESERVICE
getUserRewards ---> TOURGUIDESERVICE
getUserRewards ---> TOURGUIDESERVICE
getUserRewards ---> TOURGUIDESERVICE
getUserRewards ---> TOURGUIDESERVICE
getUserRewards ---> TOURGUIDESERVICE
getUserRewards ---> TOURGUIDESERVICE
getUserRewards ---> TOURGUIDESERVICE
getUserRewards ---> TOURGUIDESERVICE
getUserRewards ---> TOURGUIDESERVICE
getUserRewards ---> TOURGUIDESERVICE
getUserRewards ---> TOURGUIDESERVICE
getUserRewards ---> TOURGUIDESERVICE
getUserRewards ---> TOURGUIDESERVICE
getUserRewards ---> TOURGUIDESERVICE
getUserRewards ---> TOURGUIDESERVICE
getUserRewards ---> TOURGUIDESERVICE
getUserRewards ---> TOURGUIDESERVICE
getUserRewards ---> TOURGUIDESERVICE
getUserRewards ---> TOURGUIDESERVICE
getUserRewards ---> TOURGUIDESERVICE
getUserRewards ---> TOURGUIDESERVICE
getUserRewards ---> TOURGUIDESERVICE
getUserRewards ---> TOURGUIDESERVICE
getUserRewards ---> TOURGUIDESERVICE
getUserRewards ---> TOURGUIDESERVICE
getUserRewards ---> TOURGUIDESERVICE
getUserRewards ---> TOURGUIDESERVICE
getUserRewards ---> TOURGUIDESERVICE
getUserRewards ---> TOURGUIDESERVICE
getUserRewards ---> TOURGUIDESERVICE
getUserRewards ---> TOURGUIDESERVICE
getUserRewards ---> TOURGUIDESERVICE
getUserRewards ---> TOURGUIDESERVICE
getUserRewards ---> TOURGUIDESERVICE
getUserRewards ---> TOURGUIDESERVICE
getUserRewards ---> TOURGUIDESERVICE
getUserRewards ---> TOURGUIDESERVICE
getUserRewards ---> TOURGUIDESERVICE
getUserRewards ---> TOURGUIDESERVICE
getUserRewards ---> TOURGUIDESERVICE
getUserRewards ---> TOURGUIDESERVICE
getUserRewards ---> TOURGUIDESERVICE
getUserRewards ---> TOURGUIDESERVICE
getUserRewards ---> TOURGUIDESERVICE
getUserRewards ---> TOURGUIDESERVICE
getUserRewards ---> TOURGUIDESERVICE
getUserRewards ---> TOURGUIDESERVICE
getUserRewards ---> TOURGUIDESERVICE
getUserRewards ---> TOURGUIDESERVICE
getUserRewards ---> TOURGUIDESERVICE
getUserRewards ---> TOURGUIDESERVICE
getUserRewards ---> TOURGUIDESERVICE
getUserRewards ---> TOURGUIDESERVICE
getUserRewards ---> TOURGUIDESERVICE
getUserRewards ---> TOURGUIDESERVICE
getUserRewards ---> TOURGUIDESERVICE
getUserRewards ---> TOURGUIDESERVICE
getUserRewards ---> TOURGUIDESERVICE
getUserRewards ---> TOURGUIDESERVICE
getUserRewards ---> TOURGUIDESERVICE
getUserRewards ---> TOURGUIDESERVICE
getUserRewards ---> TOURGUIDESERVICE
getUserRewards ---> TOURGUIDESERVICE
getUserRewards ---> TOURGUIDESERVICE
getUserRewards ---> TOURGUIDESERVICE
getUserRewards ---> TOURGUIDESERVICE
getUserRewards ---> TOURGUIDESERVICE
getUserRewards ---> TOURGUIDESERVICE
getUserRewards ---> TOURGUIDESERVICE
getUserRewards ---> TOURGUIDESERVICE
getUserRewards ---> TOURGUIDESERVICE
getUserRewards ---> TOURGUIDESERVICE
getUserRewards ---> TOURGUIDESERVICE
getUserRewards ---> TOURGUIDESERVICE
getUserRewards ---> TOURGUIDESERVICE
getUserRewards ---> TOURGUIDESERVICE
getUserRewards ---> TOURGUIDESERVICE
getUserRewards ---> TOURGUIDESERVICE
getUserRewards ---> TOURGUIDESERVICE
getUserRewards ---> TOURGUIDESERVICE
getUserRewards ---> TOURGUIDESERVICE
getUserRewards ---> TOURGUIDESERVICE
getUserRewards ---> TOURGUIDESERVICE
getUserRewards ---> TOURGUIDESERVICE
getUserRewards ---> TOURGUIDESERVICE
getUserRewards ---> TOURGUIDESERVICE
getUserRewards ---> TOURGUIDESERVICE
getUserRewards ---> TOURGUIDESERVICE
getUserRewards ---> TOURGUIDESERVICE
getUserRewards ---> TOURGUIDESERVICE
getUserRewards ---> TOURGUIDESERVICE
getUserRewards ---> TOURGUIDESERVICE
getUserRewards ---> TOURGUIDESERVICE
getUserRewards ---> TOURGUIDESERVICE
getUserRewards ---> TOURGUIDESERVICE
getUserRewards ---> TOURGUIDESERVICE
getUserRewards ---> TOURGUIDESERVICE
getUserRewards ---> TOURGUIDESERVICE
getUserRewards ---> TOURGUIDESERVICE
getUserRewards ---> TOURGUIDESERVICE
getUserRewards ---> TOURGUIDESERVICE
getUserRewards ---> TOURGUIDESERVICE
getUserRewards ---> TOURGUIDESERVICE
getUserRewards ---> TOURGUIDESERVICE
getUserRewards ---> TOURGUIDESERVICE
getUserRewards ---> TOURGUIDESERVICE
getUserRewards ---> TOURGUIDESERVICE
getUserRewards ---> TOURGUIDESERVICE
getUserRewards ---> TOURGUIDESERVICE
getUserRewards ---> TOURGUIDESERVICE
getUserRewards ---> TOURGUIDESERVICE
getUserRewards ---> TOURGUIDESERVICE
getUserRewards ---> TOURGUIDESERVICE
getUserRewards ---> TOURGUIDESERVICE
getUserRewards ---> TOURGUIDESERVICE
getUserRewards ---> TOURGUIDESERVICE
getUserRewards ---> TOURGUIDESERVICE
getUserRewards ---> TOURGUIDESERVICE
getUserRewards ---> TOURGUIDESERVICE
getUserRewards ---> TOURGUIDESERVICE
getUserRewards ---> TOURGUIDESERVICE
getUserRewards ---> TOURGUIDESERVICE
getUserRewards ---> TOURGUIDESERVICE
getUserRewards ---> TOURGUIDESERVICE
getUserRewards ---> TOURGUIDESERVICE
getUserRewards ---> TOURGUIDESERVICE
getUserRewards ---> TOURGUIDESERVICE
getUserRewards ---> TOURGUIDESERVICE
getUserRewards ---> TOURGUIDESERVICE
getUserRewards ---> TOURGUIDESERVICE
getUserRewards ---> TOURGUIDESERVICE
getUserRewards ---> TOURGUIDESERVICE
getUserRewards ---> TOURGUIDESERVICE
getUserRewards ---> TOURGUIDESERVICE
getUserRewards ---> TOURGUIDESERVICE
getUserRewards ---> TOURGUIDESERVICE
getUserRewards ---> TOURGUIDESERVICE
getUserRewards ---> TOURGUIDESERVICE
getUserRewards ---> TOURGUIDESERVICE
getUserRewards ---> TOURGUIDESERVICE
getUserRewards ---> TOURGUIDESERVICE
getUserRewards ---> TOURGUIDESERVICE
getUserRewards ---> TOURGUIDESERVICE
getUserRewards ---> TOURGUIDESERVICE
getUserRewards ---> TOURGUIDESERVICE
getUserRewards ---> TOURGUIDESERVICE
getUserRewards ---> TOURGUIDESERVICE
getUserRewards ---> TOURGUIDESERVICE
getUserRewards ---> TOURGUIDESERVICE
getUserRewards ---> TOURGUIDESERVICE
getUserRewards ---> TOURGUIDESERVICE
getUserRewards ---> TOURGUIDESERVICE
getUserRewards ---> TOURGUIDESERVICE
getUserRewards ---> TOURGUIDESERVICE
getUserRewards ---> TOURGUIDESERVICE
getUserRewards ---> TOURGUIDESERVICE
getUserRewards ---> TOURGUIDESERVICE
getUserRewards ---> TOURGUIDESERVICE
getUserRewards ---> TOURGUIDESERVICE
getUserRewards ---> TOURGUIDESERVICE
getUserRewards ---> TOURGUIDESERVICE
getUserRewards ---> TOURGUIDESERVICE
getUserRewards ---> TOURGUIDESERVICE
getUserRewards ---> TOURGUIDESERVICE
getUserRewards ---> TOURGUIDESERVICE
getUserRewards ---> TOURGUIDESERVICE
getUserRewards ---> TOURGUIDESERVICE
getUserRewards ---> TOURGUIDESERVICE
getUserRewards ---> TOURGUIDESERVICE
getUserRewards ---> TOURGUIDESERVICE
getUserRewards ---> TOURGUIDESERVICE
getUserRewards ---> TOURGUIDESERVICE
getUserRewards ---> TOURGUIDESERVICE
getUserRewards ---> TOURGUIDESERVICE
getUserRewards ---> TOURGUIDESERVICE
getUserRewards ---> TOURGUIDESERVICE
getUserRewards ---> TOURGUIDESERVICE
getUserRewards ---> TOURGUIDESERVICE
getUserRewards ---> TOURGUIDESERVICE
getUserRewards ---> TOURGUIDESERVICE
getUserRewards ---> TOURGUIDESERVICE
getUserRewards ---> TOURGUIDESERVICE
getUserRewards ---> TOURGUIDESERVICE
getUserRewards ---> TOURGUIDESERVICE
getUserRewards ---> TOURGUIDESERVICE
getUserRewards ---> TOURGUIDESERVICE
getUserRewards ---> TOURGUIDESERVICE
getUserRewards ---> TOURGUIDESERVICE
getUserRewards ---> TOURGUIDESERVICE
getUserRewards ---> TOURGUIDESERVICE
getUserRewards ---> TOURGUIDESERVICE
getUserRewards ---> TOURGUIDESERVICE
getUserRewards ---> TOURGUIDESERVICE
getUserRewards ---> TOURGUIDESERVICE
getUserRewards ---> TOURGUIDESERVICE
getUserRewards ---> TOURGUIDESERVICE
getUserRewards ---> TOURGUIDESERVICE
getUserRewards ---> TOURGUIDESERVICE
getUserRewards ---> TOURGUIDESERVICE
getUserRewards ---> TOURGUIDESERVICE
getUserRewards ---> TOURGUIDESERVICE
getUserRewards ---> TOURGUIDESERVICE
getUserRewards ---> TOURGUIDESERVICE
getUserRewards ---> TOURGUIDESERVICE
getUserRewards ---> TOURGUIDESERVICE
getUserRewards ---> TOURGUIDESERVICE
getUserRewards ---> TOURGUIDESERVICE
getUserRewards ---> TOURGUIDESERVICE
getUserRewards ---> TOURGUIDESERVICE
getUserRewards ---> TOURGUIDESERVICE
getUserRewards ---> TOURGUIDESERVICE
getUserRewards ---> TOURGUIDESERVICE
getUserRewards ---> TOURGUIDESERVICE
getUserRewards ---> TOURGUIDESERVICE
getUserRewards ---> TOURGUIDESERVICE
getUserRewards ---> TOURGUIDESERVICE
getUserRewards ---> TOURGUIDESERVICE
getUserRewards ---> TOURGUIDESERVICE
getUserRewards ---> TOURGUIDESERVICE
getUserRewards ---> TOURGUIDESERVICE
getUserRewards ---> TOURGUIDESERVICE
getUserRewards ---> TOURGUIDESERVICE
getUserRewards ---> TOURGUIDESERVICE
getUserRewards ---> TOURGUIDESERVICE
getUserRewards ---> TOURGUIDESERVICE
getUserRewards ---> TOURGUIDESERVICE
getUserRewards ---> TOURGUIDESERVICE
getUserRewards ---> TOURGUIDESERVICE
getUserRewards ---> TOURGUIDESERVICE
getUserRewards ---> TOURGUIDESERVICE
getUserRewards ---> TOURGUIDESERVICE
getUserRewards ---> TOURGUIDESERVICE
getUserRewards ---> TOURGUIDESERVICE
getUserRewards ---> TOURGUIDESERVICE
getUserRewards ---> TOURGUIDESERVICE
getUserRewards ---> TOURGUIDESERVICE
getUserRewards ---> TOURGUIDESERVICE
getUserRewards ---> TOURGUIDESERVICE
getUserRewards ---> TOURGUIDESERVICE
getUserRewards ---> TOURGUIDESERVICE
getUserRewards ---> TOURGUIDESERVICE
getUserRewards ---> TOURGUIDESERVICE
getUserRewards ---> TOURGUIDESERVICE
getUserRewards ---> TOURGUIDESERVICE
getUserRewards ---> TOURGUIDESERVICE
getUserRewards ---> TOURGUIDESERVICE
getUserRewards ---> TOURGUIDESERVICE
getUserRewards ---> TOURGUIDESERVICE
getUserRewards ---> TOURGUIDESERVICE
getUserRewards ---> TOURGUIDESERVICE
getUserRewards ---> TOURGUIDESERVICE
getUserRewards ---> TOURGUIDESERVICE
getUserRewards ---> TOURGUIDESERVICE
getUserRewards ---> TOURGUIDESERVICE
getUserRewards ---> TOURGUIDESERVICE
getUserRewards ---> TOURGUIDESERVICE
getUserRewards ---> TOURGUIDESERVICE
getUserRewards ---> TOURGUIDESERVICE
getUserRewards ---> TOURGUIDESERVICE
getUserRewards ---> TOURGUIDESERVICE
getUserRewards ---> TOURGUIDESERVICE
getUserRewards ---> TOURGUIDESERVICE
getUserRewards ---> TOURGUIDESERVICE
getUserRewards ---> TOURGUIDESERVICE
getUserRewards ---> TOURGUIDESERVICE
getUserRewards ---> TOURGUIDESERVICE
getUserRewards ---> TOURGUIDESERVICE
getUserRewards ---> TOURGUIDESERVICE
getUserRewards ---> TOURGUIDESERVICE
getUserRewards ---> TOURGUIDESERVICE
getUserRewards ---> TOURGUIDESERVICE
getUserRewards ---> TOURGUIDESERVICE
getUserRewards ---> TOURGUIDESERVICE
getUserRewards ---> TOURGUIDESERVICE
getUserRewards ---> TOURGUIDESERVICE
getUserRewards ---> TOURGUIDESERVICE
getUserRewards ---> TOURGUIDESERVICE
getUserRewards ---> TOURGUIDESERVICE
getUserRewards ---> TOURGUIDESERVICE
getUserRewards ---> TOURGUIDESERVICE
getUserRewards ---> TOURGUIDESERVICE
getUserRewards ---> TOURGUIDESERVICE
getUserRewards ---> TOURGUIDESERVICE
getUserRewards ---> TOURGUIDESERVICE
getUserRewards ---> TOURGUIDESERVICE
getUserRewards ---> TOURGUIDESERVICE
getUserRewards ---> TOURGUIDESERVICE
getUserRewards ---> TOURGUIDESERVICE
getUserRewards ---> TOURGUIDESERVICE
getUserRewards ---> TOURGUIDESERVICE
getUserRewards ---> TOURGUIDESERVICE
getUserRewards ---> TOURGUIDESERVICE
getUserRewards ---> TOURGUIDESERVICE
getUserRewards ---> TOURGUIDESERVICE
getUserRewards ---> TOURGUIDESERVICE
getUserRewards ---> TOURGUIDESERVICE
getUserRewards ---> TOURGUIDESERVICE
getUserRewards ---> TOURGUIDESERVICE
getUserRewards ---> TOURGUIDESERVICE
getUserRewards ---> TOURGUIDESERVICE
getUserRewards ---> TOURGUIDESERVICE
getUserRewards ---> TOURGUIDESERVICE
getUserRewards ---> TOURGUIDESERVICE
getUserRewards ---> TOURGUIDESERVICE
getUserRewards ---> TOURGUIDESERVICE
getUserRewards ---> TOURGUIDESERVICE
getUserRewards ---> TOURGUIDESERVICE
getUserRewards ---> TOURGUIDESERVICE
getUserRewards ---> TOURGUIDESERVICE
getUserRewards ---> TOURGUIDESERVICE
getUserRewards ---> TOURGUIDESERVICE
getUserRewards ---> TOURGUIDESERVICE
getUserRewards ---> TOURGUIDESERVICE
getUserRewards ---> TOURGUIDESERVICE
getUserRewards ---> TOURGUIDESERVICE
getUserRewards ---> TOURGUIDESERVICE
getUserRewards ---> TOURGUIDESERVICE
getUserRewards ---> TOURGUIDESERVICE
getUserRewards ---> TOURGUIDESERVICE
getUserRewards ---> TOURGUIDESERVICE
getUserRewards ---> TOURGUIDESERVICE
getUserRewards ---> TOURGUIDESERVICE
getUserRewards ---> TOURGUIDESERVICE
getUserRewards ---> TOURGUIDESERVICE
getUserRewards ---> TOURGUIDESERVICE
getUserRewards ---> TOURGUIDESERVICE
getUserRewards ---> TOURGUIDESERVICE
getUserRewards ---> TOURGUIDESERVICE
getUserRewards ---> TOURGUIDESERVICE
getUserRewards ---> TOURGUIDESERVICE
getUserRewards ---> TOURGUIDESERVICE
getUserRewards ---> TOURGUIDESERVICE
getUserRewards ---> TOURGUIDESERVICE
getUserRewards ---> TOURGUIDESERVICE
getUserRewards ---> TOURGUIDESERVICE
getUserRewards ---> TOURGUIDESERVICE
getUserRewards ---> TOURGUIDESERVICE
getUserRewards ---> TOURGUIDESERVICE
getUserRewards ---> TOURGUIDESERVICE
getUserRewards ---> TOURGUIDESERVICE
getUserRewards ---> TOURGUIDESERVICE
getUserRewards ---> TOURGUIDESERVICE
getUserRewards ---> TOURGUIDESERVICE
getUserRewards ---> TOURGUIDESERVICE
getUserRewards ---> TOURGUIDESERVICE
getUserRewards ---> TOURGUIDESERVICE
getUserRewards ---> TOURGUIDESERVICE
getUserRewards ---> TOURGUIDESERVICE
getUserRewards ---> TOURGUIDESERVICE
getUserRewards ---> TOURGUIDESERVICE
getUserRewards ---> TOURGUIDESERVICE
getUserRewards ---> TOURGUIDESERVICE
getUserRewards ---> TOURGUIDESERVICE
getUserRewards ---> TOURGUIDESERVICE
getUserRewards ---> TOURGUIDESERVICE
getUserRewards ---> TOURGUIDESERVICE
getUserRewards ---> TOURGUIDESERVICE
getUserRewards ---> TOURGUIDESERVICE
getUserRewards ---> TOURGUIDESERVICE
getUserRewards ---> TOURGUIDESERVICE
getUserRewards ---> TOURGUIDESERVICE
getUserRewards ---> TOURGUIDESERVICE
getUserRewards ---> TOURGUIDESERVICE
getUserRewards ---> TOURGUIDESERVICE
getUserRewards ---> TOURGUIDESERVICE
getUserRewards ---> TOURGUIDESERVICE
getUserRewards ---> TOURGUIDESERVICE
getUserRewards ---> TOURGUIDESERVICE
getUserRewards ---> TOURGUIDESERVICE
getUserRewards ---> TOURGUIDESERVICE
getUserRewards ---> TOURGUIDESERVICE
getUserRewards ---> TOURGUIDESERVICE
getUserRewards ---> TOURGUIDESERVICE
getUserRewards ---> TOURGUIDESERVICE
getUserRewards ---> TOURGUIDESERVICE
getUserRewards ---> TOURGUIDESERVICE
getUserRewards ---> TOURGUIDESERVICE
getUserRewards ---> TOURGUIDESERVICE
getUserRewards ---> TOURGUIDESERVICE
getUserRewards ---> TOURGUIDESERVICE
getUserRewards ---> TOURGUIDESERVICE
getUserRewards ---> TOURGUIDESERVICE
getUserRewards ---> TOURGUIDESERVICE
getUserRewards ---> TOURGUIDESERVICE
getUserRewards ---> TOURGUIDESERVICE
getUserRewards ---> TOURGUIDESERVICE
getUserRewards ---> TOURGUIDESERVICE
getUserRewards ---> TOURGUIDESERVICE
getUserRewards ---> TOURGUIDESERVICE
getUserRewards ---> TOURGUIDESERVICE
getUserRewards ---> TOURGUIDESERVICE
getUserRewards ---> TOURGUIDESERVICE
getUserRewards ---> TOURGUIDESERVICE
getUserRewards ---> TOURGUIDESERVICE
getUserRewards ---> TOURGUIDESERVICE
getUserRewards ---> TOURGUIDESERVICE
getUserRewards ---> TOURGUIDESERVICE
getUserRewards ---> TOURGUIDESERVICE
getUserRewards ---> TOURGUIDESERVICE
getUserRewards ---> TOURGUIDESERVICE
getUserRewards ---> TOURGUIDESERVICE
getUserRewards ---> TOURGUIDESERVICE
getUserRewards ---> TOURGUIDESERVICE
getUserRewards ---> TOURGUIDESERVICE
getUserRewards ---> TOURGUIDESERVICE
getUserRewards ---> TOURGUIDESERVICE
getUserRewards ---> TOURGUIDESERVICE
getUserRewards ---> TOURGUIDESERVICE
getUserRewards ---> TOURGUIDESERVICE
getUserRewards ---> TOURGUIDESERVICE
getUserRewards ---> TOURGUIDESERVICE
getUserRewards ---> TOURGUIDESERVICE
getUserRewards ---> TOURGUIDESERVICE
getUserRewards ---> TOURGUIDESERVICE
getUserRewards ---> TOURGUIDESERVICE
getUserRewards ---> TOURGUIDESERVICE
getUserRewards ---> TOURGUIDESERVICE
getUserRewards ---> TOURGUIDESERVICE
getUserRewards ---> TOURGUIDESERVICE
getUserRewards ---> TOURGUIDESERVICE
getUserRewards ---> TOURGUIDESERVICE
getUserRewards ---> TOURGUIDESERVICE
getUserRewards ---> TOURGUIDESERVICE
getUserRewards ---> TOURGUIDESERVICE
getUserRewards ---> TOURGUIDESERVICE
getUserRewards ---> TOURGUIDESERVICE
getUserRewards ---> TOURGUIDESERVICE
getUserRewards ---> TOURGUIDESERVICE
getUserRewards ---> TOURGUIDESERVICE
getUserRewards ---> TOURGUIDESERVICE
getUserRewards ---> TOURGUIDESERVICE
getUserRewards ---> TOURGUIDESERVICE
getUserRewards ---> TOURGUIDESERVICE
getUserRewards ---> TOURGUIDESERVICE
getUserRewards ---> TOURGUIDESERVICE
getUserRewards ---> TOURGUIDESERVICE
getUserRewards ---> TOURGUIDESERVICE
getUserRewards ---> TOURGUIDESERVICE
getUserRewards ---> TOURGUIDESERVICE
getUserRewards ---> TOURGUIDESERVICE
getUserRewards ---> TOURGUIDESERVICE
getUserRewards ---> TOURGUIDESERVICE
getUserRewards ---> TOURGUIDESERVICE
getUserRewards ---> TOURGUIDESERVICE
getUserRewards ---> TOURGUIDESERVICE
getUserRewards ---> TOURGUIDESERVICE
getUserRewards ---> TOURGUIDESERVICE
getUserRewards ---> TOURGUIDESERVICE
getUserRewards ---> TOURGUIDESERVICE
getUserRewards ---> TOURGUIDESERVICE
getUserRewards ---> TOURGUIDESERVICE
getUserRewards ---> TOURGUIDESERVICE
getUserRewards ---> TOURGUIDESERVICE
getUserRewards ---> TOURGUIDESERVICE
getUserRewards ---> TOURGUIDESERVICE
getUserRewards ---> TOURGUIDESERVICE
getUserRewards ---> TOURGUIDESERVICE
getUserRewards ---> TOURGUIDESERVICE
getUserRewards ---> TOURGUIDESERVICE
getUserRewards ---> TOURGUIDESERVICE
getUserRewards ---> TOURGUIDESERVICE
getUserRewards ---> TOURGUIDESERVICE
getUserRewards ---> TOURGUIDESERVICE
getUserRewards ---> TOURGUIDESERVICE
getUserRewards ---> TOURGUIDESERVICE
getUserRewards ---> TOURGUIDESERVICE
getUserRewards ---> TOURGUIDESERVICE
getUserRewards ---> TOURGUIDESERVICE
getUserRewards ---> TOURGUIDESERVICE
getUserRewards ---> TOURGUIDESERVICE
getUserRewards ---> TOURGUIDESERVICE
getUserRewards ---> TOURGUIDESERVICE
getUserRewards ---> TOURGUIDESERVICE
getUserRewards ---> TOURGUIDESERVICE
getUserRewards ---> TOURGUIDESERVICE
getUserRewards ---> TOURGUIDESERVICE
getUserRewards ---> TOURGUIDESERVICE
getUserRewards ---> TOURGUIDESERVICE
getUserRewards ---> TOURGUIDESERVICE
getUserRewards ---> TOURGUIDESERVICE
getUserRewards ---> TOURGUIDESERVICE
getUserRewards ---> TOURGUIDESERVICE
getUserRewards ---> TOURGUIDESERVICE
getUserRewards ---> TOURGUIDESERVICE
getUserRewards ---> TOURGUIDESERVICE
getUserRewards ---> TOURGUIDESERVICE
getUserRewards ---> TOURGUIDESERVICE
getUserRewards ---> TOURGUIDESERVICE
getUserRewards ---> TOURGUIDESERVICE
getUserRewards ---> TOURGUIDESERVICE
getUserRewards ---> TOURGUIDESERVICE
getUserRewards ---> TOURGUIDESERVICE
getUserRewards ---> TOURGUIDESERVICE
getUserRewards ---> TOURGUIDESERVICE
getUserRewards ---> TOURGUIDESERVICE
getUserRewards ---> TOURGUIDESERVICE
getUserRewards ---> TOURGUIDESERVICE
getUserRewards ---> TOURGUIDESERVICE
getUserRewards ---> TOURGUIDESERVICE
getUserRewards ---> TOURGUIDESERVICE
getUserRewards ---> TOURGUIDESERVICE
getUserRewards ---> TOURGUIDESERVICE
getUserRewards ---> TOURGUIDESERVICE
getUserRewards ---> TOURGUIDESERVICE
getUserRewards ---> TOURGUIDESERVICE
getUserRewards ---> TOURGUIDESERVICE
getUserRewards ---> TOURGUIDESERVICE
getUserRewards ---> TOURGUIDESERVICE
getUserRewards ---> TOURGUIDESERVICE
getUserRewards ---> TOURGUIDESERVICE
getUserRewards ---> TOURGUIDESERVICE
getUserRewards ---> TOURGUIDESERVICE
getUserRewards ---> TOURGUIDESERVICE
getUserRewards ---> TOURGUIDESERVICE
getUserRewards ---> TOURGUIDESERVICE
getUserRewards ---> TOURGUIDESERVICE
getUserRewards ---> TOURGUIDESERVICE
getUserRewards ---> TOURGUIDESERVICE
getUserRewards ---> TOURGUIDESERVICE
getUserRewards ---> TOURGUIDESERVICE
getUserRewards ---> TOURGUIDESERVICE
getUserRewards ---> TOURGUIDESERVICE
getUserRewards ---> TOURGUIDESERVICE
getUserRewards ---> TOURGUIDESERVICE
getUserRewards ---> TOURGUIDESERVICE
getUserRewards ---> TOURGUIDESERVICE
getUserRewards ---> TOURGUIDESERVICE
getUserRewards ---> TOURGUIDESERVICE
getUserRewards ---> TOURGUIDESERVICE
getUserRewards ---> TOURGUIDESERVICE
getUserRewards ---> TOURGUIDESERVICE
getUserRewards ---> TOURGUIDESERVICE
getUserRewards ---> TOURGUIDESERVICE
getUserRewards ---> TOURGUIDESERVICE
getUserRewards ---> TOURGUIDESERVICE
getUserRewards ---> TOURGUIDESERVICE
getUserRewards ---> TOURGUIDESERVICE
getUserRewards ---> TOURGUIDESERVICE
getUserRewards ---> TOURGUIDESERVICE
getUserRewards ---> TOURGUIDESERVICE
getUserRewards ---> TOURGUIDESERVICE
getUserRewards ---> TOURGUIDESERVICE
getUserRewards ---> TOURGUIDESERVICE
getUserRewards ---> TOURGUIDESERVICE
getUserRewards ---> TOURGUIDESERVICE
getUserRewards ---> TOURGUIDESERVICE
getUserRewards ---> TOURGUIDESERVICE
getUserRewards ---> TOURGUIDESERVICE
getUserRewards ---> TOURGUIDESERVICE
getUserRewards ---> TOURGUIDESERVICE
getUserRewards ---> TOURGUIDESERVICE
getUserRewards ---> TOURGUIDESERVICE
getUserRewards ---> TOURGUIDESERVICE
getUserRewards ---> TOURGUIDESERVICE
getUserRewards ---> TOURGUIDESERVICE
getUserRewards ---> TOURGUIDESERVICE
getUserRewards ---> TOURGUIDESERVICE
getUserRewards ---> TOURGUIDESERVICE
getUserRewards ---> TOURGUIDESERVICE
getUserRewards ---> TOURGUIDESERVICE
getUserRewards ---> TOURGUIDESERVICE
getUserRewards ---> TOURGUIDESERVICE
getUserRewards ---> TOURGUIDESERVICE
getUserRewards ---> TOURGUIDESERVICE
getUserRewards ---> TOURGUIDESERVICE
getUserRewards ---> TOURGUIDESERVICE
getUserRewards ---> TOURGUIDESERVICE
getUserRewards ---> TOURGUIDESERVICE
getUserRewards ---> TOURGUIDESERVICE
getUserRewards ---> TOURGUIDESERVICE
getUserRewards ---> TOURGUIDESERVICE
getUserRewards ---> TOURGUIDESERVICE
getUserRewards ---> TOURGUIDESERVICE
getUserRewards ---> TOURGUIDESERVICE
getUserRewards ---> TOURGUIDESERVICE
getUserRewards ---> TOURGUIDESERVICE
getUserRewards ---> TOURGUIDESERVICE
getUserRewards ---> TOURGUIDESERVICE
getUserRewards ---> TOURGUIDESERVICE
getUserRewards ---> TOURGUIDESERVICE
getUserRewards ---> TOURGUIDESERVICE
getUserRewards ---> TOURGUIDESERVICE
getUserRewards ---> TOURGUIDESERVICE
getUserRewards ---> TOURGUIDESERVICE
getUserRewards ---> TOURGUIDESERVICE
getUserRewards ---> TOURGUIDESERVICE
getUserRewards ---> TOURGUIDESERVICE
getUserRewards ---> TOURGUIDESERVICE
getUserRewards ---> TOURGUIDESERVICE
getUserRewards ---> TOURGUIDESERVICE
getUserRewards ---> TOURGUIDESERVICE
getUserRewards ---> TOURGUIDESERVICE
getUserRewards ---> TOURGUIDESERVICE
getUserRewards ---> TOURGUIDESERVICE
getUserRewards ---> TOURGUIDESERVICE
getUserRewards ---> TOURGUIDESERVICE
getUserRewards ---> TOURGUIDESERVICE
getUserRewards ---> TOURGUIDESERVICE
getUserRewards ---> TOURGUIDESERVICE
getUserRewards ---> TOURGUIDESERVICE
getUserRewards ---> TOURGUIDESERVICE
getUserRewards ---> TOURGUIDESERVICE
getUserRewards ---> TOURGUIDESERVICE
getUserRewards ---> TOURGUIDESERVICE
getUserRewards ---> TOURGUIDESERVICE
getUserRewards ---> TOURGUIDESERVICE
getUserRewards ---> TOURGUIDESERVICE
getUserRewards ---> TOURGUIDESERVICE
getUserRewards ---> TOURGUIDESERVICE
getUserRewards ---> TOURGUIDESERVICE
getUserRewards ---> TOURGUIDESERVICE
getUserRewards ---> TOURGUIDESERVICE
getUserRewards ---> TOURGUIDESERVICE
getUserRewards ---> TOURGUIDESERVICE
getUserRewards ---> TOURGUIDESERVICE
getUserRewards ---> TOURGUIDESERVICE
getUserRewards ---> TOURGUIDESERVICE
getUserRewards ---> TOURGUIDESERVICE
getUserRewards ---> TOURGUIDESERVICE
getUserRewards ---> TOURGUIDESERVICE
getUserRewards ---> TOURGUIDESERVICE
getUserRewards ---> TOURGUIDESERVICE
getUserRewards ---> TOURGUIDESERVICE
getUserRewards ---> TOURGUIDESERVICE
getUserRewards ---> TOURGUIDESERVICE
getUserRewards ---> TOURGUIDESERVICE
getUserRewards ---> TOURGUIDESERVICE
getUserRewards ---> TOURGUIDESERVICE
getUserRewards ---> TOURGUIDESERVICE
getUserRewards ---> TOURGUIDESERVICE
getUserRewards ---> TOURGUIDESERVICE
getUserRewards ---> TOURGUIDESERVICE
getUserRewards ---> TOURGUIDESERVICE
getUserRewards ---> TOURGUIDESERVICE
getUserRewards ---> TOURGUIDESERVICE
getUserRewards ---> TOURGUIDESERVICE
getUserRewards ---> TOURGUIDESERVICE
getUserRewards ---> TOURGUIDESERVICE
getUserRewards ---> TOURGUIDESERVICE
getUserRewards ---> TOURGUIDESERVICE
getUserRewards ---> TOURGUIDESERVICE
getUserRewards ---> TOURGUIDESERVICE
getUserRewards ---> TOURGUIDESERVICE
getUserRewards ---> TOURGUIDESERVICE
getUserRewards ---> TOURGUIDESERVICE
getUserRewards ---> TOURGUIDESERVICE
getUserRewards ---> TOURGUIDESERVICE
getUserRewards ---> TOURGUIDESERVICE
getUserRewards ---> TOURGUIDESERVICE
getUserRewards ---> TOURGUIDESERVICE
getUserRewards ---> TOURGUIDESERVICE
getUserRewards ---> TOURGUIDESERVICE
getUserRewards ---> TOURGUIDESERVICE
getUserRewards ---> TOURGUIDESERVICE
getUserRewards ---> TOURGUIDESERVICE
getUserRewards ---> TOURGUIDESERVICE
getUserRewards ---> TOURGUIDESERVICE
getUserRewards ---> TOURGUIDESERVICE
getUserRewards ---> TOURGUIDESERVICE
getUserRewards ---> TOURGUIDESERVICE
getUserRewards ---> TOURGUIDESERVICE
getUserRewards ---> TOURGUIDESERVICE
getUserRewards ---> TOURGUIDESERVICE
getUserRewards ---> TOURGUIDESERVICE
getUserRewards ---> TOURGUIDESERVICE
getUserRewards ---> TOURGUIDESERVICE
getUserRewards ---> TOURGUIDESERVICE
getUserRewards ---> TOURGUIDESERVICE
getUserRewards ---> TOURGUIDESERVICE
getUserRewards ---> TOURGUIDESERVICE
getUserRewards ---> TOURGUIDESERVICE
getUserRewards ---> TOURGUIDESERVICE
getUserRewards ---> TOURGUIDESERVICE
getUserRewards ---> TOURGUIDESERVICE
getUserRewards ---> TOURGUIDESERVICE
getUserRewards ---> TOURGUIDESERVICE
getUserRewards ---> TOURGUIDESERVICE
getUserRewards ---> TOURGUIDESERVICE
getUserRewards ---> TOURGUIDESERVICE
getUserRewards ---> TOURGUIDESERVICE
getUserRewards ---> TOURGUIDESERVICE
getUserRewards ---> TOURGUIDESERVICE
getUserRewards ---> TOURGUIDESERVICE
getUserRewards ---> TOURGUIDESERVICE
getUserRewards ---> TOURGUIDESERVICE
getUserRewards ---> TOURGUIDESERVICE
getUserRewards ---> TOURGUIDESERVICE
getUserRewards ---> TOURGUIDESERVICE
getUserRewards ---> TOURGUIDESERVICE
getUserRewards ---> TOURGUIDESERVICE
getUserRewards ---> TOURGUIDESERVICE
getUserRewards ---> TOURGUIDESERVICE
getUserRewards ---> TOURGUIDESERVICE
getUserRewards ---> TOURGUIDESERVICE
getUserRewards ---> TOURGUIDESERVICE
getUserRewards ---> TOURGUIDESERVICE
getUserRewards ---> TOURGUIDESERVICE
getUserRewards ---> TOURGUIDESERVICE
getUserRewards ---> TOURGUIDESERVICE
getUserRewards ---> TOURGUIDESERVICE
getUserRewards ---> TOURGUIDESERVICE
getUserRewards ---> TOURGUIDESERVICE
getUserRewards ---> TOURGUIDESERVICE
getUserRewards ---> TOURGUIDESERVICE
getUserRewards ---> TOURGUIDESERVICE
getUserRewards ---> TOURGUIDESERVICE
getUserRewards ---> TOURGUIDESERVICE
getUserRewards ---> TOURGUIDESERVICE
getUserRewards ---> TOURGUIDESERVICE
getUserRewards ---> TOURGUIDESERVICE
getUserRewards ---> TOURGUIDESERVICE
getUserRewards ---> TOURGUIDESERVICE
getUserRewards ---> TOURGUIDESERVICE
getUserRewards ---> TOURGUIDESERVICE
getUserRewards ---> TOURGUIDESERVICE
getUserRewards ---> TOURGUIDESERVICE
getUserRewards ---> TOURGUIDESERVICE
getUserRewards ---> TOURGUIDESERVICE
getUserRewards ---> TOURGUIDESERVICE
getUserRewards ---> TOURGUIDESERVICE
getUserRewards ---> TOURGUIDESERVICE
getUserRewards ---> TOURGUIDESERVICE
getUserRewards ---> TOURGUIDESERVICE
getUserRewards ---> TOURGUIDESERVICE
getUserRewards ---> TOURGUIDESERVICE
getUserRewards ---> TOURGUIDESERVICE
getUserRewards ---> TOURGUIDESERVICE
getUserRewards ---> TOURGUIDESERVICE
getUserRewards ---> TOURGUIDESERVICE
getUserRewards ---> TOURGUIDESERVICE
getUserRewards ---> TOURGUIDESERVICE
getUserRewards ---> TOURGUIDESERVICE
getUserRewards ---> TOURGUIDESERVICE
getUserRewards ---> TOURGUIDESERVICE
getUserRewards ---> TOURGUIDESERVICE
getUserRewards ---> TOURGUIDESERVICE
getUserRewards ---> TOURGUIDESERVICE
getUserRewards ---> TOURGUIDESERVICE
getUserRewards ---> TOURGUIDESERVICE
getUserRewards ---> TOURGUIDESERVICE
getUserRewards ---> TOURGUIDESERVICE
getUserRewards ---> TOURGUIDESERVICE
getUserRewards ---> TOURGUIDESERVICE
getUserRewards ---> TOURGUIDESERVICE
getUserRewards ---> TOURGUIDESERVICE
getUserRewards ---> TOURGUIDESERVICE
getUserRewards ---> TOURGUIDESERVICE
getUserRewards ---> TOURGUIDESERVICE
getUserRewards ---> TOURGUIDESERVICE
getUserRewards ---> TOURGUIDESERVICE
getUserRewards ---> TOURGUIDESERVICE
getUserRewards ---> TOURGUIDESERVICE
getUserRewards ---> TOURGUIDESERVICE
getUserRewards ---> TOURGUIDESERVICE
getUserRewards ---> TOURGUIDESERVICE
getUserRewards ---> TOURGUIDESERVICE
getUserRewards ---> TOURGUIDESERVICE
getUserRewards ---> TOURGUIDESERVICE
getUserRewards ---> TOURGUIDESERVICE
getUserRewards ---> TOURGUIDESERVICE
getUserRewards ---> TOURGUIDESERVICE
getUserRewards ---> TOURGUIDESERVICE
getUserRewards ---> TOURGUIDESERVICE
getUserRewards ---> TOURGUIDESERVICE
getUserRewards ---> TOURGUIDESERVICE
getUserRewards ---> TOURGUIDESERVICE
getUserRewards ---> TOURGUIDESERVICE
getUserRewards ---> TOURGUIDESERVICE
getUserRewards ---> TOURGUIDESERVICE
getUserRewards ---> TOURGUIDESERVICE
getUserRewards ---> TOURGUIDESERVICE
getUserRewards ---> TOURGUIDESERVICE
getUserRewards ---> TOURGUIDESERVICE
getUserRewards ---> TOURGUIDESERVICE
getUserRewards ---> TOURGUIDESERVICE
getUserRewards ---> TOURGUIDESERVICE
getUserRewards ---> TOURGUIDESERVICE
getUserRewards ---> TOURGUIDESERVICE
getUserRewards ---> TOURGUIDESERVICE
getUserRewards ---> TOURGUIDESERVICE
getUserRewards ---> TOURGUIDESERVICE
getUserRewards ---> TOURGUIDESERVICE
getUserRewards ---> TOURGUIDESERVICE
getUserRewards ---> TOURGUIDESERVICE
getUserRewards ---> TOURGUIDESERVICE
getUserRewards ---> TOURGUIDESERVICE
getUserRewards ---> TOURGUIDESERVICE
getUserRewards ---> TOURGUIDESERVICE
getUserRewards ---> TOURGUIDESERVICE
getUserRewards ---> TOURGUIDESERVICE
getUserRewards ---> TOURGUIDESERVICE
getUserRewards ---> TOURGUIDESERVICE
getUserRewards ---> TOURGUIDESERVICE
getUserRewards ---> TOURGUIDESERVICE
getUserRewards ---> TOURGUIDESERVICE
getUserRewards ---> TOURGUIDESERVICE
getUserRewards ---> TOURGUIDESERVICE
getUserRewards ---> TOURGUIDESERVICE
getUserRewards ---> TOURGUIDESERVICE
getUserRewards ---> TOURGUIDESERVICE
getUserRewards ---> TOURGUIDESERVICE
getUserRewards ---> TOURGUIDESERVICE
getUserRewards ---> TOURGUIDESERVICE
getUserRewards ---> TOURGUIDESERVICE
getUserRewards ---> TOURGUIDESERVICE
getUserRewards ---> TOURGUIDESERVICE
getUserRewards ---> TOURGUIDESERVICE
getUserRewards ---> TOURGUIDESERVICE
getUserRewards ---> TOURGUIDESERVICE
getUserRewards ---> TOURGUIDESERVICE
getUserRewards ---> TOURGUIDESERVICE
getUserRewards ---> TOURGUIDESERVICE
getUserRewards ---> TOURGUIDESERVICE
getUserRewards ---> TOURGUIDESERVICE
getUserRewards ---> TOURGUIDESERVICE
getUserRewards ---> TOURGUIDESERVICE
getUserRewards ---> TOURGUIDESERVICE
getUserRewards ---> TOURGUIDESERVICE
getUserRewards ---> TOURGUIDESERVICE
getUserRewards ---> TOURGUIDESERVICE
getUserRewards ---> TOURGUIDESERVICE
getUserRewards ---> TOURGUIDESERVICE
getUserRewards ---> TOURGUIDESERVICE
getUserRewards ---> TOURGUIDESERVICE
getUserRewards ---> TOURGUIDESERVICE
getUserRewards ---> TOURGUIDESERVICE
getUserRewards ---> TOURGUIDESERVICE
getUserRewards ---> TOURGUIDESERVICE
getUserRewards ---> TOURGUIDESERVICE
getUserRewards ---> TOURGUIDESERVICE
getUserRewards ---> TOURGUIDESERVICE
getUserRewards ---> TOURGUIDESERVICE
getUserRewards ---> TOURGUIDESERVICE
getUserRewards ---> TOURGUIDESERVICE
getUserRewards ---> TOURGUIDESERVICE
getUserRewards ---> TOURGUIDESERVICE
getUserRewards ---> TOURGUIDESERVICE
getUserRewards ---> TOURGUIDESERVICE
getUserRewards ---> TOURGUIDESERVICE
getUserRewards ---> TOURGUIDESERVICE
getUserRewards ---> TOURGUIDESERVICE
getUserRewards ---> TOURGUIDESERVICE
getUserRewards ---> TOURGUIDESERVICE
getUserRewards ---> TOURGUIDESERVICE
getUserRewards ---> TOURGUIDESERVICE
getUserRewards ---> TOURGUIDESERVICE
getUserRewards ---> TOURGUIDESERVICE
getUserRewards ---> TOURGUIDESERVICE
getUserRewards ---> TOURGUIDESERVICE
getUserRewards ---> TOURGUIDESERVICE
getUserRewards ---> TOURGUIDESERVICE
getUserRewards ---> TOURGUIDESERVICE
getUserRewards ---> TOURGUIDESERVICE
getUserRewards ---> TOURGUIDESERVICE
getUserRewards ---> TOURGUIDESERVICE
getUserRewards ---> TOURGUIDESERVICE
getUserRewards ---> TOURGUIDESERVICE
getUserRewards ---> TOURGUIDESERVICE
getUserRewards ---> TOURGUIDESERVICE
getUserRewards ---> TOURGUIDESERVICE
getUserRewards ---> TOURGUIDESERVICE
getUserRewards ---> TOURGUIDESERVICE
getUserRewards ---> TOURGUIDESERVICE
getUserRewards ---> TOURGUIDESERVICE
getUserRewards ---> TOURGUIDESERVICE
getUserRewards ---> TOURGUIDESERVICE
getUserRewards ---> TOURGUIDESERVICE
getUserRewards ---> TOURGUIDESERVICE
getUserRewards ---> TOURGUIDESERVICE
getUserRewards ---> TOURGUIDESERVICE
getUserRewards ---> TOURGUIDESERVICE
getUserRewards ---> TOURGUIDESERVICE
getUserRewards ---> TOURGUIDESERVICE
getUserRewards ---> TOURGUIDESERVICE
getUserRewards ---> TOURGUIDESERVICE
getUserRewards ---> TOURGUIDESERVICE
getUserRewards ---> TOURGUIDESERVICE
getUserRewards ---> TOURGUIDESERVICE
getUserRewards ---> TOURGUIDESERVICE
getUserRewards ---> TOURGUIDESERVICE
getUserRewards ---> TOURGUIDESERVICE
getUserRewards ---> TOURGUIDESERVICE
getUserRewards ---> TOURGUIDESERVICE
getUserRewards ---> TOURGUIDESERVICE
getUserRewards ---> TOURGUIDESERVICE
getUserRewards ---> TOURGUIDESERVICE
getUserRewards ---> TOURGUIDESERVICE
getUserRewards ---> TOURGUIDESERVICE
getUserRewards ---> TOURGUIDESERVICE
getUserRewards ---> TOURGUIDESERVICE
getUserRewards ---> TOURGUIDESERVICE
getUserRewards ---> TOURGUIDESERVICE
getUserRewards ---> TOURGUIDESERVICE
getUserRewards ---> TOURGUIDESERVICE
getUserRewards ---> TOURGUIDESERVICE
getUserRewards ---> TOURGUIDESERVICE
getUserRewards ---> TOURGUIDESERVICE
getUserRewards ---> TOURGUIDESERVICE
getUserRewards ---> TOURGUIDESERVICE
getUserRewards ---> TOURGUIDESERVICE
getUserRewards ---> TOURGUIDESERVICE
getUserRewards ---> TOURGUIDESERVICE
getUserRewards ---> TOURGUIDESERVICE
getUserRewards ---> TOURGUIDESERVICE
getUserRewards ---> TOURGUIDESERVICE
getUserRewards ---> TOURGUIDESERVICE
getUserRewards ---> TOURGUIDESERVICE
getUserRewards ---> TOURGUIDESERVICE
getUserRewards ---> TOURGUIDESERVICE
getUserRewards ---> TOURGUIDESERVICE
getUserRewards ---> TOURGUIDESERVICE
getUserRewards ---> TOURGUIDESERVICE
getUserRewards ---> TOURGUIDESERVICE
getUserRewards ---> TOURGUIDESERVICE
getUserRewards ---> TOURGUIDESERVICE
getUserRewards ---> TOURGUIDESERVICE
getUserRewards ---> TOURGUIDESERVICE
getUserRewards ---> TOURGUIDESERVICE
getUserRewards ---> TOURGUIDESERVICE
getUserRewards ---> TOURGUIDESERVICE
getUserRewards ---> TOURGUIDESERVICE
getUserRewards ---> TOURGUIDESERVICE
getUserRewards ---> TOURGUIDESERVICE
getUserRewards ---> TOURGUIDESERVICE
getUserRewards ---> TOURGUIDESERVICE
getUserRewards ---> TOURGUIDESERVICE
getUserRewards ---> TOURGUIDESERVICE
getUserRewards ---> TOURGUIDESERVICE
getUserRewards ---> TOURGUIDESERVICE
getUserRewards ---> TOURGUIDESERVICE
getUserRewards ---> TOURGUIDESERVICE
getUserRewards ---> TOURGUIDESERVICE
getUserRewards ---> TOURGUIDESERVICE
getUserRewards ---> TOURGUIDESERVICE
getUserRewards ---> TOURGUIDESERVICE
getUserRewards ---> TOURGUIDESERVICE
getUserRewards ---> TOURGUIDESERVICE
getUserRewards ---> TOURGUIDESERVICE
getUserRewards ---> TOURGUIDESERVICE
getUserRewards ---> TOURGUIDESERVICE
getUserRewards ---> TOURGUIDESERVICE
getUserRewards ---> TOURGUIDESERVICE
getUserRewards ---> TOURGUIDESERVICE
getUserRewards ---> TOURGUIDESERVICE
getUserRewards ---> TOURGUIDESERVICE
getUserRewards ---> TOURGUIDESERVICE
getUserRewards ---> TOURGUIDESERVICE
getUserRewards ---> TOURGUIDESERVICE
getUserRewards ---> TOURGUIDESERVICE
getUserRewards ---> TOURGUIDESERVICE
getUserRewards ---> TOURGUIDESERVICE
getUserRewards ---> TOURGUIDESERVICE
getUserRewards ---> TOURGUIDESERVICE
getUserRewards ---> TOURGUIDESERVICE
getUserRewards ---> TOURGUIDESERVICE
getUserRewards ---> TOURGUIDESERVICE
getUserRewards ---> TOURGUIDESERVICE
getUserRewards ---> TOURGUIDESERVICE
getUserRewards ---> TOURGUIDESERVICE
getUserRewards ---> TOURGUIDESERVICE
getUserRewards ---> TOURGUIDESERVICE
getUserRewards ---> TOURGUIDESERVICE
getUserRewards ---> TOURGUIDESERVICE
getUserRewards ---> TOURGUIDESERVICE
getUserRewards ---> TOURGUIDESERVICE
getUserRewards ---> TOURGUIDESERVICE
getUserRewards ---> TOURGUIDESERVICE
getUserRewards ---> TOURGUIDESERVICE
getUserRewards ---> TOURGUIDESERVICE
getUserRewards ---> TOURGUIDESERVICE
getUserRewards ---> TOURGUIDESERVICE
getUserRewards ---> TOURGUIDESERVICE
getUserRewards ---> TOURGUIDESERVICE
getUserRewards ---> TOURGUIDESERVICE
getUserRewards ---> TOURGUIDESERVICE
getUserRewards ---> TOURGUIDESERVICE
getUserRewards ---> TOURGUIDESERVICE
getUserRewards ---> TOURGUIDESERVICE
getUserRewards ---> TOURGUIDESERVICE
getUserRewards ---> TOURGUIDESERVICE
getUserRewards ---> TOURGUIDESERVICE
getUserRewards ---> TOURGUIDESERVICE
getUserRewards ---> TOURGUIDESERVICE
getUserRewards ---> TOURGUIDESERVICE
getUserRewards ---> TOURGUIDESERVICE
getUserRewards ---> TOURGUIDESERVICE
getUserRewards ---> TOURGUIDESERVICE
getUserRewards ---> TOURGUIDESERVICE
getUserRewards ---> TOURGUIDESERVICE
getUserRewards ---> TOURGUIDESERVICE
getUserRewards ---> TOURGUIDESERVICE
getUserRewards ---> TOURGUIDESERVICE
getUserRewards ---> TOURGUIDESERVICE
getUserRewards ---> TOURGUIDESERVICE
getUserRewards ---> TOURGUIDESERVICE
getUserRewards ---> TOURGUIDESERVICE
getUserRewards ---> TOURGUIDESERVICE
getUserRewards ---> TOURGUIDESERVICE
getUserRewards ---> TOURGUIDESERVICE
getUserRewards ---> TOURGUIDESERVICE
getUserRewards ---> TOURGUIDESERVICE
getUserRewards ---> TOURGUIDESERVICE
getUserRewards ---> TOURGUIDESERVICE
getUserRewards ---> TOURGUIDESERVICE
getUserRewards ---> TOURGUIDESERVICE
getUserRewards ---> TOURGUIDESERVICE
getUserRewards ---> TOURGUIDESERVICE
getUserRewards ---> TOURGUIDESERVICE
getUserRewards ---> TOURGUIDESERVICE
getUserRewards ---> TOURGUIDESERVICE
getUserRewards ---> TOURGUIDESERVICE
getUserRewards ---> TOURGUIDESERVICE
getUserRewards ---> TOURGUIDESERVICE
getUserRewards ---> TOURGUIDESERVICE
getUserRewards ---> TOURGUIDESERVICE
getUserRewards ---> TOURGUIDESERVICE
getUserRewards ---> TOURGUIDESERVICE
getUserRewards ---> TOURGUIDESERVICE
getUserRewards ---> TOURGUIDESERVICE
getUserRewards ---> TOURGUIDESERVICE
getUserRewards ---> TOURGUIDESERVICE
getUserRewards ---> TOURGUIDESERVICE
getUserRewards ---> TOURGUIDESERVICE
getUserRewards ---> TOURGUIDESERVICE
getUserRewards ---> TOURGUIDESERVICE
getUserRewards ---> TOURGUIDESERVICE
getUserRewards ---> TOURGUIDESERVICE
getUserRewards ---> TOURGUIDESERVICE
getUserRewards ---> TOURGUIDESERVICE
getUserRewards ---> TOURGUIDESERVICE
getUserRewards ---> TOURGUIDESERVICE
getUserRewards ---> TOURGUIDESERVICE
getUserRewards ---> TOURGUIDESERVICE
getUserRewards ---> TOURGUIDESERVICE
getUserRewards ---> TOURGUIDESERVICE
getUserRewards ---> TOURGUIDESERVICE
getUserRewards ---> TOURGUIDESERVICE
getUserRewards ---> TOURGUIDESERVICE
getUserRewards ---> TOURGUIDESERVICE
getUserRewards ---> TOURGUIDESERVICE
getUserRewards ---> TOURGUIDESERVICE
getUserRewards ---> TOURGUIDESERVICE
getUserRewards ---> TOURGUIDESERVICE
getUserRewards ---> TOURGUIDESERVICE
getUserRewards ---> TOURGUIDESERVICE
getUserRewards ---> TOURGUIDESERVICE
getUserRewards ---> TOURGUIDESERVICE
getUserRewards ---> TOURGUIDESERVICE
getUserRewards ---> TOURGUIDESERVICE
getUserRewards ---> TOURGUIDESERVICE
getUserRewards ---> TOURGUIDESERVICE
getUserRewards ---> TOURGUIDESERVICE
getUserRewards ---> TOURGUIDESERVICE
getUserRewards ---> TOURGUIDESERVICE
getUserRewards ---> TOURGUIDESERVICE
getUserRewards ---> TOURGUIDESERVICE
getUserRewards ---> TOURGUIDESERVICE
getUserRewards ---> TOURGUIDESERVICE
getUserRewards ---> TOURGUIDESERVICE
getUserRewards ---> TOURGUIDESERVICE
getUserRewards ---> TOURGUIDESERVICE
getUserRewards ---> TOURGUIDESERVICE
getUserRewards ---> TOURGUIDESERVICE
getUserRewards ---> TOURGUIDESERVICE
getUserRewards ---> TOURGUIDESERVICE
getUserRewards ---> TOURGUIDESERVICE
getUserRewards ---> TOURGUIDESERVICE
getUserRewards ---> TOURGUIDESERVICE
getUserRewards ---> TOURGUIDESERVICE
getUserRewards ---> TOURGUIDESERVICE
getUserRewards ---> TOURGUIDESERVICE
getUserRewards ---> TOURGUIDESERVICE
getUserRewards ---> TOURGUIDESERVICE
getUserRewards ---> TOURGUIDESERVICE
getUserRewards ---> TOURGUIDESERVICE
getUserRewards ---> TOURGUIDESERVICE
getUserRewards ---> TOURGUIDESERVICE
getUserRewards ---> TOURGUIDESERVICE
getUserRewards ---> TOURGUIDESERVICE
getUserRewards ---> TOURGUIDESERVICE
getUserRewards ---> TOURGUIDESERVICE
getUserRewards ---> TOURGUIDESERVICE
getUserRewards ---> TOURGUIDESERVICE
getUserRewards ---> TOURGUIDESERVICE
getUserRewards ---> TOURGUIDESERVICE
getUserRewards ---> TOURGUIDESERVICE
getUserRewards ---> TOURGUIDESERVICE
getUserRewards ---> TOURGUIDESERVICE
getUserRewards ---> TOURGUIDESERVICE
getUserRewards ---> TOURGUIDESERVICE
getUserRewards ---> TOURGUIDESERVICE
getUserRewards ---> TOURGUIDESERVICE
getUserRewards ---> TOURGUIDESERVICE
getUserRewards ---> TOURGUIDESERVICE
getUserRewards ---> TOURGUIDESERVICE
getUserRewards ---> TOURGUIDESERVICE
getUserRewards ---> TOURGUIDESERVICE
getUserRewards ---> TOURGUIDESERVICE
getUserRewards ---> TOURGUIDESERVICE
getUserRewards ---> TOURGUIDESERVICE
getUserRewards ---> TOURGUIDESERVICE
getUserRewards ---> TOURGUIDESERVICE
getUserRewards ---> TOURGUIDESERVICE
getUserRewards ---> TOURGUIDESERVICE
getUserRewards ---> TOURGUIDESERVICE
getUserRewards ---> TOURGUIDESERVICE
getUserRewards ---> TOURGUIDESERVICE
getUserRewards ---> TOURGUIDESERVICE
getUserRewards ---> TOURGUIDESERVICE
getUserRewards ---> TOURGUIDESERVICE
getUserRewards ---> TOURGUIDESERVICE
getUserRewards ---> TOURGUIDESERVICE
getUserRewards ---> TOURGUIDESERVICE
getUserRewards ---> TOURGUIDESERVICE
getUserRewards ---> TOURGUIDESERVICE
getUserRewards ---> TOURGUIDESERVICE
getUserRewards ---> TOURGUIDESERVICE
getUserRewards ---> TOURGUIDESERVICE
getUserRewards ---> TOURGUIDESERVICE
getUserRewards ---> TOURGUIDESERVICE
getUserRewards ---> TOURGUIDESERVICE
getUserRewards ---> TOURGUIDESERVICE
getUserRewards ---> TOURGUIDESERVICE
getUserRewards ---> TOURGUIDESERVICE
getUserRewards ---> TOURGUIDESERVICE
getUserRewards ---> TOURGUIDESERVICE
getUserRewards ---> TOURGUIDESERVICE
getUserRewards ---> TOURGUIDESERVICE
getUserRewards ---> TOURGUIDESERVICE
getUserRewards ---> TOURGUIDESERVICE
getUserRewards ---> TOURGUIDESERVICE
getUserRewards ---> TOURGUIDESERVICE
getUserRewards ---> TOURGUIDESERVICE
getUserRewards ---> TOURGUIDESERVICE
getUserRewards ---> TOURGUIDESERVICE
getUserRewards ---> TOURGUIDESERVICE
getUserRewards ---> TOURGUIDESERVICE
getUserRewards ---> TOURGUIDESERVICE
getUserRewards ---> TOURGUIDESERVICE
getUserRewards ---> TOURGUIDESERVICE
getUserRewards ---> TOURGUIDESERVICE
getUserRewards ---> TOURGUIDESERVICE
getUserRewards ---> TOURGUIDESERVICE
getUserRewards ---> TOURGUIDESERVICE
getUserRewards ---> TOURGUIDESERVICE
getUserRewards ---> TOURGUIDESERVICE
getUserRewards ---> TOURGUIDESERVICE
getUserRewards ---> TOURGUIDESERVICE
getUserRewards ---> TOURGUIDESERVICE
getUserRewards ---> TOURGUIDESERVICE
getUserRewards ---> TOURGUIDESERVICE
getUserRewards ---> TOURGUIDESERVICE
getUserRewards ---> TOURGUIDESERVICE
getUserRewards ---> TOURGUIDESERVICE
getUserRewards ---> TOURGUIDESERVICE
getUserRewards ---> TOURGUIDESERVICE
getUserRewards ---> TOURGUIDESERVICE
getUserRewards ---> TOURGUIDESERVICE
getUserRewards ---> TOURGUIDESERVICE
getUserRewards ---> TOURGUIDESERVICE
getUserRewards ---> TOURGUIDESERVICE
getUserRewards ---> TOURGUIDESERVICE
getUserRewards ---> TOURGUIDESERVICE
getUserRewards ---> TOURGUIDESERVICE
getUserRewards ---> TOURGUIDESERVICE
getUserRewards ---> TOURGUIDESERVICE
getUserRewards ---> TOURGUIDESERVICE
getUserRewards ---> TOURGUIDESERVICE
getUserRewards ---> TOURGUIDESERVICE
getUserRewards ---> TOURGUIDESERVICE
getUserRewards ---> TOURGUIDESERVICE
getUserRewards ---> TOURGUIDESERVICE
getUserRewards ---> TOURGUIDESERVICE
getUserRewards ---> TOURGUIDESERVICE
getUserRewards ---> TOURGUIDESERVICE
getUserRewards ---> TOURGUIDESERVICE
getUserRewards ---> TOURGUIDESERVICE
getUserRewards ---> TOURGUIDESERVICE
getUserRewards ---> TOURGUIDESERVICE
getUserRewards ---> TOURGUIDESERVICE
getUserRewards ---> TOURGUIDESERVICE
getUserRewards ---> TOURGUIDESERVICE
getUserRewards ---> TOURGUIDESERVICE
getUserRewards ---> TOURGUIDESERVICE
getUserRewards ---> TOURGUIDESERVICE
getUserRewards ---> TOURGUIDESERVICE
getUserRewards ---> TOURGUIDESERVICE
getUserRewards ---> TOURGUIDESERVICE
getUserRewards ---> TOURGUIDESERVICE
getUserRewards ---> TOURGUIDESERVICE
getUserRewards ---> TOURGUIDESERVICE
getUserRewards ---> TOURGUIDESERVICE
getUserRewards ---> TOURGUIDESERVICE
getUserRewards ---> TOURGUIDESERVICE
getUserRewards ---> TOURGUIDESERVICE
getUserRewards ---> TOURGUIDESERVICE
getUserRewards ---> TOURGUIDESERVICE
getUserRewards ---> TOURGUIDESERVICE
getUserRewards ---> TOURGUIDESERVICE
getUserRewards ---> TOURGUIDESERVICE
getUserRewards ---> TOURGUIDESERVICE
getUserRewards ---> TOURGUIDESERVICE
getUserRewards ---> TOURGUIDESERVICE
getUserRewards ---> TOURGUIDESERVICE
getUserRewards ---> TOURGUIDESERVICE
getUserRewards ---> TOURGUIDESERVICE
getUserRewards ---> TOURGUIDESERVICE
getUserRewards ---> TOURGUIDESERVICE
getUserRewards ---> TOURGUIDESERVICE
getUserRewards ---> TOURGUIDESERVICE
getUserRewards ---> TOURGUIDESERVICE
getUserRewards ---> TOURGUIDESERVICE
getUserRewards ---> TOURGUIDESERVICE
getUserRewards ---> TOURGUIDESERVICE
getUserRewards ---> TOURGUIDESERVICE
getUserRewards ---> TOURGUIDESERVICE
getUserRewards ---> TOURGUIDESERVICE
getUserRewards ---> TOURGUIDESERVICE
getUserRewards ---> TOURGUIDESERVICE
getUserRewards ---> TOURGUIDESERVICE
getUserRewards ---> TOURGUIDESERVICE
getUserRewards ---> TOURGUIDESERVICE
getUserRewards ---> TOURGUIDESERVICE
getUserRewards ---> TOURGUIDESERVICE
getUserRewards ---> TOURGUIDESERVICE
getUserRewards ---> TOURGUIDESERVICE
getUserRewards ---> TOURGUIDESERVICE
getUserRewards ---> TOURGUIDESERVICE
getUserRewards ---> TOURGUIDESERVICE
getUserRewards ---> TOURGUIDESERVICE
getUserRewards ---> TOURGUIDESERVICE
getUserRewards ---> TOURGUIDESERVICE
getUserRewards ---> TOURGUIDESERVICE
getUserRewards ---> TOURGUIDESERVICE
getUserRewards ---> TOURGUIDESERVICE
getUserRewards ---> TOURGUIDESERVICE
getUserRewards ---> TOURGUIDESERVICE
getUserRewards ---> TOURGUIDESERVICE
getUserRewards ---> TOURGUIDESERVICE
getUserRewards ---> TOURGUIDESERVICE
getUserRewards ---> TOURGUIDESERVICE
getUserRewards ---> TOURGUIDESERVICE
getUserRewards ---> TOURGUIDESERVICE
getUserRewards ---> TOURGUIDESERVICE
getUserRewards ---> TOURGUIDESERVICE
getUserRewards ---> TOURGUIDESERVICE
getUserRewards ---> TOURGUIDESERVICE
getUserRewards ---> TOURGUIDESERVICE
getUserRewards ---> TOURGUIDESERVICE
getUserRewards ---> TOURGUIDESERVICE
getUserRewards ---> TOURGUIDESERVICE
getUserRewards ---> TOURGUIDESERVICE
getUserRewards ---> TOURGUIDESERVICE
getUserRewards ---> TOURGUIDESERVICE
getUserRewards ---> TOURGUIDESERVICE
getUserRewards ---> TOURGUIDESERVICE
getUserRewards ---> TOURGUIDESERVICE
getUserRewards ---> TOURGUIDESERVICE
getUserRewards ---> TOURGUIDESERVICE
getUserRewards ---> TOURGUIDESERVICE
getUserRewards ---> TOURGUIDESERVICE
getUserRewards ---> TOURGUIDESERVICE
getUserRewards ---> TOURGUIDESERVICE
getUserRewards ---> TOURGUIDESERVICE
getUserRewards ---> TOURGUIDESERVICE
getUserRewards ---> TOURGUIDESERVICE
getUserRewards ---> TOURGUIDESERVICE
getUserRewards ---> TOURGUIDESERVICE
getUserRewards ---> TOURGUIDESERVICE
getUserRewards ---> TOURGUIDESERVICE
getUserRewards ---> TOURGUIDESERVICE
getUserRewards ---> TOURGUIDESERVICE
getUserRewards ---> TOURGUIDESERVICE
getUserRewards ---> TOURGUIDESERVICE
getUserRewards ---> TOURGUIDESERVICE
getUserRewards ---> TOURGUIDESERVICE
getUserRewards ---> TOURGUIDESERVICE
getUserRewards ---> TOURGUIDESERVICE
getUserRewards ---> TOURGUIDESERVICE
getUserRewards ---> TOURGUIDESERVICE
getUserRewards ---> TOURGUIDESERVICE
getUserRewards ---> TOURGUIDESERVICE
getUserRewards ---> TOURGUIDESERVICE
getUserRewards ---> TOURGUIDESERVICE
getUserRewards ---> TOURGUIDESERVICE
getUserRewards ---> TOURGUIDESERVICE
getUserRewards ---> TOURGUIDESERVICE
getUserRewards ---> TOURGUIDESERVICE
getUserRewards ---> TOURGUIDESERVICE
getUserRewards ---> TOURGUIDESERVICE
getUserRewards ---> TOURGUIDESERVICE
getUserRewards ---> TOURGUIDESERVICE
getUserRewards ---> TOURGUIDESERVICE
getUserRewards ---> TOURGUIDESERVICE
getUserRewards ---> TOURGUIDESERVICE
getUserRewards ---> TOURGUIDESERVICE
getUserRewards ---> TOURGUIDESERVICE
getUserRewards ---> TOURGUIDESERVICE
getUserRewards ---> TOURGUIDESERVICE
getUserRewards ---> TOURGUIDESERVICE
getUserRewards ---> TOURGUIDESERVICE
getUserRewards ---> TOURGUIDESERVICE
getUserRewards ---> TOURGUIDESERVICE
getUserRewards ---> TOURGUIDESERVICE
getUserRewards ---> TOURGUIDESERVICE
getUserRewards ---> TOURGUIDESERVICE
getUserRewards ---> TOURGUIDESERVICE
getUserRewards ---> TOURGUIDESERVICE
getUserRewards ---> TOURGUIDESERVICE
getUserRewards ---> TOURGUIDESERVICE
getUserRewards ---> TOURGUIDESERVICE
getUserRewards ---> TOURGUIDESERVICE
getUserRewards ---> TOURGUIDESERVICE
getUserRewards ---> TOURGUIDESERVICE
getUserRewards ---> TOURGUIDESERVICE
getUserRewards ---> TOURGUIDESERVICE
getUserRewards ---> TOURGUIDESERVICE
getUserRewards ---> TOURGUIDESERVICE
getUserRewards ---> TOURGUIDESERVICE
getUserRewards ---> TOURGUIDESERVICE
getUserRewards ---> TOURGUIDESERVICE
getUserRewards ---> TOURGUIDESERVICE
getUserRewards ---> TOURGUIDESERVICE
getUserRewards ---> TOURGUIDESERVICE
getUserRewards ---> TOURGUIDESERVICE
getUserRewards ---> TOURGUIDESERVICE
getUserRewards ---> TOURGUIDESERVICE
getUserRewards ---> TOURGUIDESERVICE
getUserRewards ---> TOURGUIDESERVICE
getUserRewards ---> TOURGUIDESERVICE
getUserRewards ---> TOURGUIDESERVICE
getUserRewards ---> TOURGUIDESERVICE
getUserRewards ---> TOURGUIDESERVICE
getUserRewards ---> TOURGUIDESERVICE
getUserRewards ---> TOURGUIDESERVICE
getUserRewards ---> TOURGUIDESERVICE
getUserRewards ---> TOURGUIDESERVICE
getUserRewards ---> TOURGUIDESERVICE
getUserRewards ---> TOURGUIDESERVICE
getUserRewards ---> TOURGUIDESERVICE
getUserRewards ---> TOURGUIDESERVICE
getUserRewards ---> TOURGUIDESERVICE
getUserRewards ---> TOURGUIDESERVICE
getUserRewards ---> TOURGUIDESERVICE
getUserRewards ---> TOURGUIDESERVICE
getUserRewards ---> TOURGUIDESERVICE
getUserRewards ---> TOURGUIDESERVICE
getUserRewards ---> TOURGUIDESERVICE
getUserRewards ---> TOURGUIDESERVICE
getUserRewards ---> TOURGUIDESERVICE
getUserRewards ---> TOURGUIDESERVICE
getUserRewards ---> TOURGUIDESERVICE
getUserRewards ---> TOURGUIDESERVICE
getUserRewards ---> TOURGUIDESERVICE
getUserRewards ---> TOURGUIDESERVICE
getUserRewards ---> TOURGUIDESERVICE
getUserRewards ---> TOURGUIDESERVICE
getUserRewards ---> TOURGUIDESERVICE
getUserRewards ---> TOURGUIDESERVICE
getUserRewards ---> TOURGUIDESERVICE
getUserRewards ---> TOURGUIDESERVICE
getUserRewards ---> TOURGUIDESERVICE
getUserRewards ---> TOURGUIDESERVICE
getUserRewards ---> TOURGUIDESERVICE
getUserRewards ---> TOURGUIDESERVICE
getUserRewards ---> TOURGUIDESERVICE
getUserRewards ---> TOURGUIDESERVICE
getUserRewards ---> TOURGUIDESERVICE
getUserRewards ---> TOURGUIDESERVICE
getUserRewards ---> TOURGUIDESERVICE
getUserRewards ---> TOURGUIDESERVICE
getUserRewards ---> TOURGUIDESERVICE
getUserRewards ---> TOURGUIDESERVICE
getUserRewards ---> TOURGUIDESERVICE
getUserRewards ---> TOURGUIDESERVICE
getUserRewards ---> TOURGUIDESERVICE
getUserRewards ---> TOURGUIDESERVICE
getUserRewards ---> TOURGUIDESERVICE
getUserRewards ---> TOURGUIDESERVICE
getUserRewards ---> TOURGUIDESERVICE
getUserRewards ---> TOURGUIDESERVICE
getUserRewards ---> TOURGUIDESERVICE
getUserRewards ---> TOURGUIDESERVICE
getUserRewards ---> TOURGUIDESERVICE
getUserRewards ---> TOURGUIDESERVICE
getUserRewards ---> TOURGUIDESERVICE
getUserRewards ---> TOURGUIDESERVICE
getUserRewards ---> TOURGUIDESERVICE
getUserRewards ---> TOURGUIDESERVICE
getUserRewards ---> TOURGUIDESERVICE
getUserRewards ---> TOURGUIDESERVICE
getUserRewards ---> TOURGUIDESERVICE
getUserRewards ---> TOURGUIDESERVICE
getUserRewards ---> TOURGUIDESERVICE
getUserRewards ---> TOURGUIDESERVICE
getUserRewards ---> TOURGUIDESERVICE
getUserRewards ---> TOURGUIDESERVICE
getUserRewards ---> TOURGUIDESERVICE
getUserRewards ---> TOURGUIDESERVICE
getUserRewards ---> TOURGUIDESERVICE
getUserRewards ---> TOURGUIDESERVICE
getUserRewards ---> TOURGUIDESERVICE
getUserRewards ---> TOURGUIDESERVICE
getUserRewards ---> TOURGUIDESERVICE
getUserRewards ---> TOURGUIDESERVICE
getUserRewards ---> TOURGUIDESERVICE
getUserRewards ---> TOURGUIDESERVICE
getUserRewards ---> TOURGUIDESERVICE
getUserRewards ---> TOURGUIDESERVICE
getUserRewards ---> TOURGUIDESERVICE
getUserRewards ---> TOURGUIDESERVICE
getUserRewards ---> TOURGUIDESERVICE
getUserRewards ---> TOURGUIDESERVICE
getUserRewards ---> TOURGUIDESERVICE
getUserRewards ---> TOURGUIDESERVICE
getUserRewards ---> TOURGUIDESERVICE
getUserRewards ---> TOURGUIDESERVICE
getUserRewards ---> TOURGUIDESERVICE
getUserRewards ---> TOURGUIDESERVICE
getUserRewards ---> TOURGUIDESERVICE
getUserRewards ---> TOURGUIDESERVICE
getUserRewards ---> TOURGUIDESERVICE
getUserRewards ---> TOURGUIDESERVICE
getUserRewards ---> TOURGUIDESERVICE
getUserRewards ---> TOURGUIDESERVICE
getUserRewards ---> TOURGUIDESERVICE
getUserRewards ---> TOURGUIDESERVICE
getUserRewards ---> TOURGUIDESERVICE
getUserRewards ---> TOURGUIDESERVICE
getUserRewards ---> TOURGUIDESERVICE
getUserRewards ---> TOURGUIDESERVICE
getUserRewards ---> TOURGUIDESERVICE
getUserRewards ---> TOURGUIDESERVICE
getUserRewards ---> TOURGUIDESERVICE
getUserRewards ---> TOURGUIDESERVICE
getUserRewards ---> TOURGUIDESERVICE
getUserRewards ---> TOURGUIDESERVICE
getUserRewards ---> TOURGUIDESERVICE
getUserRewards ---> TOURGUIDESERVICE
getUserRewards ---> TOURGUIDESERVICE
getUserRewards ---> TOURGUIDESERVICE
getUserRewards ---> TOURGUIDESERVICE
getUserRewards ---> TOURGUIDESERVICE
getUserRewards ---> TOURGUIDESERVICE
getUserRewards ---> TOURGUIDESERVICE
getUserRewards ---> TOURGUIDESERVICE
getUserRewards ---> TOURGUIDESERVICE
getUserRewards ---> TOURGUIDESERVICE
getUserRewards ---> TOURGUIDESERVICE
getUserRewards ---> TOURGUIDESERVICE
getUserRewards ---> TOURGUIDESERVICE
getUserRewards ---> TOURGUIDESERVICE
getUserRewards ---> TOURGUIDESERVICE
getUserRewards ---> TOURGUIDESERVICE
getUserRewards ---> TOURGUIDESERVICE
getUserRewards ---> TOURGUIDESERVICE
getUserRewards ---> TOURGUIDESERVICE
getUserRewards ---> TOURGUIDESERVICE
getUserRewards ---> TOURGUIDESERVICE
getUserRewards ---> TOURGUIDESERVICE
getUserRewards ---> TOURGUIDESERVICE
getUserRewards ---> TOURGUIDESERVICE
getUserRewards ---> TOURGUIDESERVICE
getUserRewards ---> TOURGUIDESERVICE
getUserRewards ---> TOURGUIDESERVICE
getUserRewards ---> TOURGUIDESERVICE
getUserRewards ---> TOURGUIDESERVICE
getUserRewards ---> TOURGUIDESERVICE
getUserRewards ---> TOURGUIDESERVICE
getUserRewards ---> TOURGUIDESERVICE
getUserRewards ---> TOURGUIDESERVICE
getUserRewards ---> TOURGUIDESERVICE
getUserRewards ---> TOURGUIDESERVICE
getUserRewards ---> TOURGUIDESERVICE
getUserRewards ---> TOURGUIDESERVICE
getUserRewards ---> TOURGUIDESERVICE
getUserRewards ---> TOURGUIDESERVICE
getUserRewards ---> TOURGUIDESERVICE
getUserRewards ---> TOURGUIDESERVICE
getUserRewards ---> TOURGUIDESERVICE
getUserRewards ---> TOURGUIDESERVICE
getUserRewards ---> TOURGUIDESERVICE
getUserRewards ---> TOURGUIDESERVICE
getUserRewards ---> TOURGUIDESERVICE
getUserRewards ---> TOURGUIDESERVICE
getUserRewards ---> TOURGUIDESERVICE
getUserRewards ---> TOURGUIDESERVICE
getUserRewards ---> TOURGUIDESERVICE
getUserRewards ---> TOURGUIDESERVICE
getUserRewards ---> TOURGUIDESERVICE
getUserRewards ---> TOURGUIDESERVICE
getUserRewards ---> TOURGUIDESERVICE
getUserRewards ---> TOURGUIDESERVICE
getUserRewards ---> TOURGUIDESERVICE
getUserRewards ---> TOURGUIDESERVICE
getUserRewards ---> TOURGUIDESERVICE
getUserRewards ---> TOURGUIDESERVICE
getUserRewards ---> TOURGUIDESERVICE
getUserRewards ---> TOURGUIDESERVICE
getUserRewards ---> TOURGUIDESERVICE
getUserRewards ---> TOURGUIDESERVICE
getUserRewards ---> TOURGUIDESERVICE
getUserRewards ---> TOURGUIDESERVICE
getUserRewards ---> TOURGUIDESERVICE
getUserRewards ---> TOURGUIDESERVICE
getUserRewards ---> TOURGUIDESERVICE
getUserRewards ---> TOURGUIDESERVICE
getUserRewards ---> TOURGUIDESERVICE
getUserRewards ---> TOURGUIDESERVICE
getUserRewards ---> TOURGUIDESERVICE
getUserRewards ---> TOURGUIDESERVICE
getUserRewards ---> TOURGUIDESERVICE
getUserRewards ---> TOURGUIDESERVICE
getUserRewards ---> TOURGUIDESERVICE
getUserRewards ---> TOURGUIDESERVICE
getUserRewards ---> TOURGUIDESERVICE
getUserRewards ---> TOURGUIDESERVICE
getUserRewards ---> TOURGUIDESERVICE
getUserRewards ---> TOURGUIDESERVICE
getUserRewards ---> TOURGUIDESERVICE
getUserRewards ---> TOURGUIDESERVICE
getUserRewards ---> TOURGUIDESERVICE
getUserRewards ---> TOURGUIDESERVICE
getUserRewards ---> TOURGUIDESERVICE
getUserRewards ---> TOURGUIDESERVICE
getUserRewards ---> TOURGUIDESERVICE
getUserRewards ---> TOURGUIDESERVICE
getUserRewards ---> TOURGUIDESERVICE
getUserRewards ---> TOURGUIDESERVICE
getUserRewards ---> TOURGUIDESERVICE
getUserRewards ---> TOURGUIDESERVICE
getUserRewards ---> TOURGUIDESERVICE
getUserRewards ---> TOURGUIDESERVICE
getUserRewards ---> TOURGUIDESERVICE
getUserRewards ---> TOURGUIDESERVICE
getUserRewards ---> TOURGUIDESERVICE
getUserRewards ---> TOURGUIDESERVICE
getUserRewards ---> TOURGUIDESERVICE
getUserRewards ---> TOURGUIDESERVICE
getUserRewards ---> TOURGUIDESERVICE
getUserRewards ---> TOURGUIDESERVICE
getUserRewards ---> TOURGUIDESERVICE
getUserRewards ---> TOURGUIDESERVICE
getUserRewards ---> TOURGUIDESERVICE
getUserRewards ---> TOURGUIDESERVICE
getUserRewards ---> TOURGUIDESERVICE
getUserRewards ---> TOURGUIDESERVICE
getUserRewards ---> TOURGUIDESERVICE
getUserRewards ---> TOURGUIDESERVICE
getUserRewards ---> TOURGUIDESERVICE
getUserRewards ---> TOURGUIDESERVICE
getUserRewards ---> TOURGUIDESERVICE
getUserRewards ---> TOURGUIDESERVICE
getUserRewards ---> TOURGUIDESERVICE
getUserRewards ---> TOURGUIDESERVICE
getUserRewards ---> TOURGUIDESERVICE
getUserRewards ---> TOURGUIDESERVICE
getUserRewards ---> TOURGUIDESERVICE
getUserRewards ---> TOURGUIDESERVICE
getUserRewards ---> TOURGUIDESERVICE
getUserRewards ---> TOURGUIDESERVICE
getUserRewards ---> TOURGUIDESERVICE
getUserRewards ---> TOURGUIDESERVICE
getUserRewards ---> TOURGUIDESERVICE
getUserRewards ---> TOURGUIDESERVICE
getUserRewards ---> TOURGUIDESERVICE
getUserRewards ---> TOURGUIDESERVICE
getUserRewards ---> TOURGUIDESERVICE
getUserRewards ---> TOURGUIDESERVICE
getUserRewards ---> TOURGUIDESERVICE
getUserRewards ---> TOURGUIDESERVICE
getUserRewards ---> TOURGUIDESERVICE
getUserRewards ---> TOURGUIDESERVICE
getUserRewards ---> TOURGUIDESERVICE
getUserRewards ---> TOURGUIDESERVICE
getUserRewards ---> TOURGUIDESERVICE
getUserRewards ---> TOURGUIDESERVICE
getUserRewards ---> TOURGUIDESERVICE
getUserRewards ---> TOURGUIDESERVICE
getUserRewards ---> TOURGUIDESERVICE
getUserRewards ---> TOURGUIDESERVICE
getUserRewards ---> TOURGUIDESERVICE
getUserRewards ---> TOURGUIDESERVICE
getUserRewards ---> TOURGUIDESERVICE
getUserRewards ---> TOURGUIDESERVICE
getUserRewards ---> TOURGUIDESERVICE
getUserRewards ---> TOURGUIDESERVICE
getUserRewards ---> TOURGUIDESERVICE
getUserRewards ---> TOURGUIDESERVICE
getUserRewards ---> TOURGUIDESERVICE
getUserRewards ---> TOURGUIDESERVICE
getUserRewards ---> TOURGUIDESERVICE
getUserRewards ---> TOURGUIDESERVICE
getUserRewards ---> TOURGUIDESERVICE
getUserRewards ---> TOURGUIDESERVICE
getUserRewards ---> TOURGUIDESERVICE
getUserRewards ---> TOURGUIDESERVICE
getUserRewards ---> TOURGUIDESERVICE
getUserRewards ---> TOURGUIDESERVICE
getUserRewards ---> TOURGUIDESERVICE
getUserRewards ---> TOURGUIDESERVICE
getUserRewards ---> TOURGUIDESERVICE
getUserRewards ---> TOURGUIDESERVICE
getUserRewards ---> TOURGUIDESERVICE
getUserRewards ---> TOURGUIDESERVICE
getUserRewards ---> TOURGUIDESERVICE
getUserRewards ---> TOURGUIDESERVICE
getUserRewards ---> TOURGUIDESERVICE
getUserRewards ---> TOURGUIDESERVICE
getUserRewards ---> TOURGUIDESERVICE
getUserRewards ---> TOURGUIDESERVICE
getUserRewards ---> TOURGUIDESERVICE
getUserRewards ---> TOURGUIDESERVICE
getUserRewards ---> TOURGUIDESERVICE
getUserRewards ---> TOURGUIDESERVICE
getUserRewards ---> TOURGUIDESERVICE
getUserRewards ---> TOURGUIDESERVICE
getUserRewards ---> TOURGUIDESERVICE
getUserRewards ---> TOURGUIDESERVICE
getUserRewards ---> TOURGUIDESERVICE
getUserRewards ---> TOURGUIDESERVICE
getUserRewards ---> TOURGUIDESERVICE
getUserRewards ---> TOURGUIDESERVICE
getUserRewards ---> TOURGUIDESERVICE
getUserRewards ---> TOURGUIDESERVICE
getUserRewards ---> TOURGUIDESERVICE
getUserRewards ---> TOURGUIDESERVICE
getUserRewards ---> TOURGUIDESERVICE
getUserRewards ---> TOURGUIDESERVICE
getUserRewards ---> TOURGUIDESERVICE
getUserRewards ---> TOURGUIDESERVICE
getUserRewards ---> TOURGUIDESERVICE
getUserRewards ---> TOURGUIDESERVICE
getUserRewards ---> TOURGUIDESERVICE
getUserRewards ---> TOURGUIDESERVICE
getUserRewards ---> TOURGUIDESERVICE
getUserRewards ---> TOURGUIDESERVICE
getUserRewards ---> TOURGUIDESERVICE
getUserRewards ---> TOURGUIDESERVICE
getUserRewards ---> TOURGUIDESERVICE
getUserRewards ---> TOURGUIDESERVICE
getUserRewards ---> TOURGUIDESERVICE
getUserRewards ---> TOURGUIDESERVICE
getUserRewards ---> TOURGUIDESERVICE
getUserRewards ---> TOURGUIDESERVICE
getUserRewards ---> TOURGUIDESERVICE
getUserRewards ---> TOURGUIDESERVICE
getUserRewards ---> TOURGUIDESERVICE
getUserRewards ---> TOURGUIDESERVICE
getUserRewards ---> TOURGUIDESERVICE
getUserRewards ---> TOURGUIDESERVICE
getUserRewards ---> TOURGUIDESERVICE
getUserRewards ---> TOURGUIDESERVICE
getUserRewards ---> TOURGUIDESERVICE
getUserRewards ---> TOURGUIDESERVICE
getUserRewards ---> TOURGUIDESERVICE
getUserRewards ---> TOURGUIDESERVICE
getUserRewards ---> TOURGUIDESERVICE
getUserRewards ---> TOURGUIDESERVICE
getUserRewards ---> TOURGUIDESERVICE
getUserRewards ---> TOURGUIDESERVICE
getUserRewards ---> TOURGUIDESERVICE
getUserRewards ---> TOURGUIDESERVICE
getUserRewards ---> TOURGUIDESERVICE
getUserRewards ---> TOURGUIDESERVICE
getUserRewards ---> TOURGUIDESERVICE
getUserRewards ---> TOURGUIDESERVICE
getUserRewards ---> TOURGUIDESERVICE
getUserRewards ---> TOURGUIDESERVICE
getUserRewards ---> TOURGUIDESERVICE
getUserRewards ---> TOURGUIDESERVICE
getUserRewards ---> TOURGUIDESERVICE
getUserRewards ---> TOURGUIDESERVICE
getUserRewards ---> TOURGUIDESERVICE
getUserRewards ---> TOURGUIDESERVICE
getUserRewards ---> TOURGUIDESERVICE
getUserRewards ---> TOURGUIDESERVICE
getUserRewards ---> TOURGUIDESERVICE
getUserRewards ---> TOURGUIDESERVICE
getUserRewards ---> TOURGUIDESERVICE
getUserRewards ---> TOURGUIDESERVICE
getUserRewards ---> TOURGUIDESERVICE
getUserRewards ---> TOURGUIDESERVICE
getUserRewards ---> TOURGUIDESERVICE
getUserRewards ---> TOURGUIDESERVICE
getUserRewards ---> TOURGUIDESERVICE
getUserRewards ---> TOURGUIDESERVICE
getUserRewards ---> TOURGUIDESERVICE
getUserRewards ---> TOURGUIDESERVICE
getUserRewards ---> TOURGUIDESERVICE
getUserRewards ---> TOURGUIDESERVICE
getUserRewards ---> TOURGUIDESERVICE
getUserRewards ---> TOURGUIDESERVICE
getUserRewards ---> TOURGUIDESERVICE
getUserRewards ---> TOURGUIDESERVICE
getUserRewards ---> TOURGUIDESERVICE
getUserRewards ---> TOURGUIDESERVICE
getUserRewards ---> TOURGUIDESERVICE
getUserRewards ---> TOURGUIDESERVICE
getUserRewards ---> TOURGUIDESERVICE
getUserRewards ---> TOURGUIDESERVICE
getUserRewards ---> TOURGUIDESERVICE
getUserRewards ---> TOURGUIDESERVICE
getUserRewards ---> TOURGUIDESERVICE
getUserRewards ---> TOURGUIDESERVICE
getUserRewards ---> TOURGUIDESERVICE
getUserRewards ---> TOURGUIDESERVICE
getUserRewards ---> TOURGUIDESERVICE
getUserRewards ---> TOURGUIDESERVICE
getUserRewards ---> TOURGUIDESERVICE
getUserRewards ---> TOURGUIDESERVICE
getUserRewards ---> TOURGUIDESERVICE
getUserRewards ---> TOURGUIDESERVICE
getUserRewards ---> TOURGUIDESERVICE
getUserRewards ---> TOURGUIDESERVICE
getUserRewards ---> TOURGUIDESERVICE
getUserRewards ---> TOURGUIDESERVICE
getUserRewards ---> TOURGUIDESERVICE
getUserRewards ---> TOURGUIDESERVICE
getUserRewards ---> TOURGUIDESERVICE
getUserRewards ---> TOURGUIDESERVICE
getUserRewards ---> TOURGUIDESERVICE
getUserRewards ---> TOURGUIDESERVICE
getUserRewards ---> TOURGUIDESERVICE
getUserRewards ---> TOURGUIDESERVICE
getUserRewards ---> TOURGUIDESERVICE
getUserRewards ---> TOURGUIDESERVICE
getUserRewards ---> TOURGUIDESERVICE
getUserRewards ---> TOURGUIDESERVICE
getUserRewards ---> TOURGUIDESERVICE
getUserRewards ---> TOURGUIDESERVICE
getUserRewards ---> TOURGUIDESERVICE
getUserRewards ---> TOURGUIDESERVICE
getUserRewards ---> TOURGUIDESERVICE
getUserRewards ---> TOURGUIDESERVICE
getUserRewards ---> TOURGUIDESERVICE
getUserRewards ---> TOURGUIDESERVICE
getUserRewards ---> TOURGUIDESERVICE
getUserRewards ---> TOURGUIDESERVICE
getUserRewards ---> TOURGUIDESERVICE
getUserRewards ---> TOURGUIDESERVICE
getUserRewards ---> TOURGUIDESERVICE
getUserRewards ---> TOURGUIDESERVICE
getUserRewards ---> TOURGUIDESERVICE
getUserRewards ---> TOURGUIDESERVICE
getUserRewards ---> TOURGUIDESERVICE
getUserRewards ---> TOURGUIDESERVICE
getUserRewards ---> TOURGUIDESERVICE
getUserRewards ---> TOURGUIDESERVICE
getUserRewards ---> TOURGUIDESERVICE
getUserRewards ---> TOURGUIDESERVICE
getUserRewards ---> TOURGUIDESERVICE
getUserRewards ---> TOURGUIDESERVICE
getUserRewards ---> TOURGUIDESERVICE
getUserRewards ---> TOURGUIDESERVICE
getUserRewards ---> TOURGUIDESERVICE
getUserRewards ---> TOURGUIDESERVICE
getUserRewards ---> TOURGUIDESERVICE
getUserRewards ---> TOURGUIDESERVICE
getUserRewards ---> TOURGUIDESERVICE
getUserRewards ---> TOURGUIDESERVICE
getUserRewards ---> TOURGUIDESERVICE
getUserRewards ---> TOURGUIDESERVICE
getUserRewards ---> TOURGUIDESERVICE
getUserRewards ---> TOURGUIDESERVICE
getUserRewards ---> TOURGUIDESERVICE
getUserRewards ---> TOURGUIDESERVICE
getUserRewards ---> TOURGUIDESERVICE
getUserRewards ---> TOURGUIDESERVICE
getUserRewards ---> TOURGUIDESERVICE
getUserRewards ---> TOURGUIDESERVICE
getUserRewards ---> TOURGUIDESERVICE
getUserRewards ---> TOURGUIDESERVICE
getUserRewards ---> TOURGUIDESERVICE
getUserRewards ---> TOURGUIDESERVICE
getUserRewards ---> TOURGUIDESERVICE
getUserRewards ---> TOURGUIDESERVICE
getUserRewards ---> TOURGUIDESERVICE
getUserRewards ---> TOURGUIDESERVICE
getUserRewards ---> TOURGUIDESERVICE
getUserRewards ---> TOURGUIDESERVICE
getUserRewards ---> TOURGUIDESERVICE
getUserRewards ---> TOURGUIDESERVICE
getUserRewards ---> TOURGUIDESERVICE
getUserRewards ---> TOURGUIDESERVICE
getUserRewards ---> TOURGUIDESERVICE
getUserRewards ---> TOURGUIDESERVICE
getUserRewards ---> TOURGUIDESERVICE
getUserRewards ---> TOURGUIDESERVICE
getUserRewards ---> TOURGUIDESERVICE
getUserRewards ---> TOURGUIDESERVICE
getUserRewards ---> TOURGUIDESERVICE
getUserRewards ---> TOURGUIDESERVICE
getUserRewards ---> TOURGUIDESERVICE
getUserRewards ---> TOURGUIDESERVICE
getUserRewards ---> TOURGUIDESERVICE
getUserRewards ---> TOURGUIDESERVICE
getUserRewards ---> TOURGUIDESERVICE
getUserRewards ---> TOURGUIDESERVICE
getUserRewards ---> TOURGUIDESERVICE
getUserRewards ---> TOURGUIDESERVICE
getUserRewards ---> TOURGUIDESERVICE
getUserRewards ---> TOURGUIDESERVICE
getUserRewards ---> TOURGUIDESERVICE
getUserRewards ---> TOURGUIDESERVICE
getUserRewards ---> TOURGUIDESERVICE
getUserRewards ---> TOURGUIDESERVICE
getUserRewards ---> TOURGUIDESERVICE
getUserRewards ---> TOURGUIDESERVICE
getUserRewards ---> TOURGUIDESERVICE
getUserRewards ---> TOURGUIDESERVICE
getUserRewards ---> TOURGUIDESERVICE
getUserRewards ---> TOURGUIDESERVICE
getUserRewards ---> TOURGUIDESERVICE
getUserRewards ---> TOURGUIDESERVICE
getUserRewards ---> TOURGUIDESERVICE
getUserRewards ---> TOURGUIDESERVICE
getUserRewards ---> TOURGUIDESERVICE
getUserRewards ---> TOURGUIDESERVICE
getUserRewards ---> TOURGUIDESERVICE
getUserRewards ---> TOURGUIDESERVICE
getUserRewards ---> TOURGUIDESERVICE
getUserRewards ---> TOURGUIDESERVICE
getUserRewards ---> TOURGUIDESERVICE
getUserRewards ---> TOURGUIDESERVICE
getUserRewards ---> TOURGUIDESERVICE
getUserRewards ---> TOURGUIDESERVICE
getUserRewards ---> TOURGUIDESERVICE
getUserRewards ---> TOURGUIDESERVICE
getUserRewards ---> TOURGUIDESERVICE
getUserRewards ---> TOURGUIDESERVICE
getUserRewards ---> TOURGUIDESERVICE
getUserRewards ---> TOURGUIDESERVICE
getUserRewards ---> TOURGUIDESERVICE
getUserRewards ---> TOURGUIDESERVICE
getUserRewards ---> TOURGUIDESERVICE
getUserRewards ---> TOURGUIDESERVICE
getUserRewards ---> TOURGUIDESERVICE
getUserRewards ---> TOURGUIDESERVICE
getUserRewards ---> TOURGUIDESERVICE
getUserRewards ---> TOURGUIDESERVICE
getUserRewards ---> TOURGUIDESERVICE
getUserRewards ---> TOURGUIDESERVICE
getUserRewards ---> TOURGUIDESERVICE
getUserRewards ---> TOURGUIDESERVICE
getUserRewards ---> TOURGUIDESERVICE
getUserRewards ---> TOURGUIDESERVICE
getUserRewards ---> TOURGUIDESERVICE
getUserRewards ---> TOURGUIDESERVICE
getUserRewards ---> TOURGUIDESERVICE
getUserRewards ---> TOURGUIDESERVICE
getUserRewards ---> TOURGUIDESERVICE
getUserRewards ---> TOURGUIDESERVICE
getUserRewards ---> TOURGUIDESERVICE
getUserRewards ---> TOURGUIDESERVICE
getUserRewards ---> TOURGUIDESERVICE
getUserRewards ---> TOURGUIDESERVICE
getUserRewards ---> TOURGUIDESERVICE
getUserRewards ---> TOURGUIDESERVICE
getUserRewards ---> TOURGUIDESERVICE
getUserRewards ---> TOURGUIDESERVICE
getUserRewards ---> TOURGUIDESERVICE
getUserRewards ---> TOURGUIDESERVICE
getUserRewards ---> TOURGUIDESERVICE
getUserRewards ---> TOURGUIDESERVICE
getUserRewards ---> TOURGUIDESERVICE
getUserRewards ---> TOURGUIDESERVICE
getUserRewards ---> TOURGUIDESERVICE
getUserRewards ---> TOURGUIDESERVICE
getUserRewards ---> TOURGUIDESERVICE
getUserRewards ---> TOURGUIDESERVICE
getUserRewards ---> TOURGUIDESERVICE
getUserRewards ---> TOURGUIDESERVICE
getUserRewards ---> TOURGUIDESERVICE
getUserRewards ---> TOURGUIDESERVICE
getUserRewards ---> TOURGUIDESERVICE
getUserRewards ---> TOURGUIDESERVICE
getUserRewards ---> TOURGUIDESERVICE
getUserRewards ---> TOURGUIDESERVICE
getUserRewards ---> TOURGUIDESERVICE
getUserRewards ---> TOURGUIDESERVICE
getUserRewards ---> TOURGUIDESERVICE
getUserRewards ---> TOURGUIDESERVICE
getUserRewards ---> TOURGUIDESERVICE
getUserRewards ---> TOURGUIDESERVICE
getUserRewards ---> TOURGUIDESERVICE
getUserRewards ---> TOURGUIDESERVICE
getUserRewards ---> TOURGUIDESERVICE
getUserRewards ---> TOURGUIDESERVICE
getUserRewards ---> TOURGUIDESERVICE
getUserRewards ---> TOURGUIDESERVICE
getUserRewards ---> TOURGUIDESERVICE
getUserRewards ---> TOURGUIDESERVICE
getUserRewards ---> TOURGUIDESERVICE
getUserRewards ---> TOURGUIDESERVICE
getUserRewards ---> TOURGUIDESERVICE
getUserRewards ---> TOURGUIDESERVICE
getUserRewards ---> TOURGUIDESERVICE
getUserRewards ---> TOURGUIDESERVICE
getUserRewards ---> TOURGUIDESERVICE
getUserRewards ---> TOURGUIDESERVICE
getUserRewards ---> TOURGUIDESERVICE
getUserRewards ---> TOURGUIDESERVICE
getUserRewards ---> TOURGUIDESERVICE
getUserRewards ---> TOURGUIDESERVICE
getUserRewards ---> TOURGUIDESERVICE
getUserRewards ---> TOURGUIDESERVICE
getUserRewards ---> TOURGUIDESERVICE
getUserRewards ---> TOURGUIDESERVICE
getUserRewards ---> TOURGUIDESERVICE
getUserRewards ---> TOURGUIDESERVICE
getUserRewards ---> TOURGUIDESERVICE
getUserRewards ---> TOURGUIDESERVICE
getUserRewards ---> TOURGUIDESERVICE
getUserRewards ---> TOURGUIDESERVICE
getUserRewards ---> TOURGUIDESERVICE
getUserRewards ---> TOURGUIDESERVICE
getUserRewards ---> TOURGUIDESERVICE
getUserRewards ---> TOURGUIDESERVICE
getUserRewards ---> TOURGUIDESERVICE
getUserRewards ---> TOURGUIDESERVICE
getUserRewards ---> TOURGUIDESERVICE
getUserRewards ---> TOURGUIDESERVICE
getUserRewards ---> TOURGUIDESERVICE
getUserRewards ---> TOURGUIDESERVICE
getUserRewards ---> TOURGUIDESERVICE
getUserRewards ---> TOURGUIDESERVICE
getUserRewards ---> TOURGUIDESERVICE
getUserRewards ---> TOURGUIDESERVICE
getUserRewards ---> TOURGUIDESERVICE
getUserRewards ---> TOURGUIDESERVICE
getUserRewards ---> TOURGUIDESERVICE
getUserRewards ---> TOURGUIDESERVICE
getUserRewards ---> TOURGUIDESERVICE
getUserRewards ---> TOURGUIDESERVICE
getUserRewards ---> TOURGUIDESERVICE
getUserRewards ---> TOURGUIDESERVICE
getUserRewards ---> TOURGUIDESERVICE
getUserRewards ---> TOURGUIDESERVICE
getUserRewards ---> TOURGUIDESERVICE
getUserRewards ---> TOURGUIDESERVICE
getUserRewards ---> TOURGUIDESERVICE
getUserRewards ---> TOURGUIDESERVICE
getUserRewards ---> TOURGUIDESERVICE
getUserRewards ---> TOURGUIDESERVICE
getUserRewards ---> TOURGUIDESERVICE
getUserRewards ---> TOURGUIDESERVICE
getUserRewards ---> TOURGUIDESERVICE
getUserRewards ---> TOURGUIDESERVICE
getUserRewards ---> TOURGUIDESERVICE
getUserRewards ---> TOURGUIDESERVICE
getUserRewards ---> TOURGUIDESERVICE
getUserRewards ---> TOURGUIDESERVICE
getUserRewards ---> TOURGUIDESERVICE
getUserRewards ---> TOURGUIDESERVICE
getUserRewards ---> TOURGUIDESERVICE
getUserRewards ---> TOURGUIDESERVICE
getUserRewards ---> TOURGUIDESERVICE
getUserRewards ---> TOURGUIDESERVICE
getUserRewards ---> TOURGUIDESERVICE
getUserRewards ---> TOURGUIDESERVICE
getUserRewards ---> TOURGUIDESERVICE
getUserRewards ---> TOURGUIDESERVICE
getUserRewards ---> TOURGUIDESERVICE
getUserRewards ---> TOURGUIDESERVICE
getUserRewards ---> TOURGUIDESERVICE
getUserRewards ---> TOURGUIDESERVICE
getUserRewards ---> TOURGUIDESERVICE
getUserRewards ---> TOURGUIDESERVICE
getUserRewards ---> TOURGUIDESERVICE
getUserRewards ---> TOURGUIDESERVICE
getUserRewards ---> TOURGUIDESERVICE
getUserRewards ---> TOURGUIDESERVICE
getUserRewards ---> TOURGUIDESERVICE
getUserRewards ---> TOURGUIDESERVICE
getUserRewards ---> TOURGUIDESERVICE
getUserRewards ---> TOURGUIDESERVICE
getUserRewards ---> TOURGUIDESERVICE
getUserRewards ---> TOURGUIDESERVICE
getUserRewards ---> TOURGUIDESERVICE
getUserRewards ---> TOURGUIDESERVICE
getUserRewards ---> TOURGUIDESERVICE
getUserRewards ---> TOURGUIDESERVICE
getUserRewards ---> TOURGUIDESERVICE
getUserRewards ---> TOURGUIDESERVICE
getUserRewards ---> TOURGUIDESERVICE
getUserRewards ---> TOURGUIDESERVICE
getUserRewards ---> TOURGUIDESERVICE
getUserRewards ---> TOURGUIDESERVICE
getUserRewards ---> TOURGUIDESERVICE
getUserRewards ---> TOURGUIDESERVICE
getUserRewards ---> TOURGUIDESERVICE
getUserRewards ---> TOURGUIDESERVICE
getUserRewards ---> TOURGUIDESERVICE
getUserRewards ---> TOURGUIDESERVICE
getUserRewards ---> TOURGUIDESERVICE
getUserRewards ---> TOURGUIDESERVICE
getUserRewards ---> TOURGUIDESERVICE
getUserRewards ---> TOURGUIDESERVICE
getUserRewards ---> TOURGUIDESERVICE
getUserRewards ---> TOURGUIDESERVICE
getUserRewards ---> TOURGUIDESERVICE
getUserRewards ---> TOURGUIDESERVICE
getUserRewards ---> TOURGUIDESERVICE
getUserRewards ---> TOURGUIDESERVICE
getUserRewards ---> TOURGUIDESERVICE
getUserRewards ---> TOURGUIDESERVICE
getUserRewards ---> TOURGUIDESERVICE
getUserRewards ---> TOURGUIDESERVICE
getUserRewards ---> TOURGUIDESERVICE
getUserRewards ---> TOURGUIDESERVICE
getUserRewards ---> TOURGUIDESERVICE
getUserRewards ---> TOURGUIDESERVICE
getUserRewards ---> TOURGUIDESERVICE
getUserRewards ---> TOURGUIDESERVICE
getUserRewards ---> TOURGUIDESERVICE
getUserRewards ---> TOURGUIDESERVICE
getUserRewards ---> TOURGUIDESERVICE
getUserRewards ---> TOURGUIDESERVICE
getUserRewards ---> TOURGUIDESERVICE
getUserRewards ---> TOURGUIDESERVICE
getUserRewards ---> TOURGUIDESERVICE
getUserRewards ---> TOURGUIDESERVICE
getUserRewards ---> TOURGUIDESERVICE
getUserRewards ---> TOURGUIDESERVICE
getUserRewards ---> TOURGUIDESERVICE
getUserRewards ---> TOURGUIDESERVICE
getUserRewards ---> TOURGUIDESERVICE
getUserRewards ---> TOURGUIDESERVICE
getUserRewards ---> TOURGUIDESERVICE
getUserRewards ---> TOURGUIDESERVICE
getUserRewards ---> TOURGUIDESERVICE
getUserRewards ---> TOURGUIDESERVICE
getUserRewards ---> TOURGUIDESERVICE
getUserRewards ---> TOURGUIDESERVICE
getUserRewards ---> TOURGUIDESERVICE
getUserRewards ---> TOURGUIDESERVICE
getUserRewards ---> TOURGUIDESERVICE
getUserRewards ---> TOURGUIDESERVICE
getUserRewards ---> TOURGUIDESERVICE
getUserRewards ---> TOURGUIDESERVICE
getUserRewards ---> TOURGUIDESERVICE
getUserRewards ---> TOURGUIDESERVICE
getUserRewards ---> TOURGUIDESERVICE
getUserRewards ---> TOURGUIDESERVICE
getUserRewards ---> TOURGUIDESERVICE
getUserRewards ---> TOURGUIDESERVICE
getUserRewards ---> TOURGUIDESERVICE
getUserRewards ---> TOURGUIDESERVICE
getUserRewards ---> TOURGUIDESERVICE
getUserRewards ---> TOURGUIDESERVICE
getUserRewards ---> TOURGUIDESERVICE
getUserRewards ---> TOURGUIDESERVICE
getUserRewards ---> TOURGUIDESERVICE
getUserRewards ---> TOURGUIDESERVICE
getUserRewards ---> TOURGUIDESERVICE
getUserRewards ---> TOURGUIDESERVICE
getUserRewards ---> TOURGUIDESERVICE
getUserRewards ---> TOURGUIDESERVICE
getUserRewards ---> TOURGUIDESERVICE
getUserRewards ---> TOURGUIDESERVICE
getUserRewards ---> TOURGUIDESERVICE
getUserRewards ---> TOURGUIDESERVICE
getUserRewards ---> TOURGUIDESERVICE
getUserRewards ---> TOURGUIDESERVICE
getUserRewards ---> TOURGUIDESERVICE
getUserRewards ---> TOURGUIDESERVICE
getUserRewards ---> TOURGUIDESERVICE
getUserRewards ---> TOURGUIDESERVICE
getUserRewards ---> TOURGUIDESERVICE
getUserRewards ---> TOURGUIDESERVICE
getUserRewards ---> TOURGUIDESERVICE
getUserRewards ---> TOURGUIDESERVICE
getUserRewards ---> TOURGUIDESERVICE
getUserRewards ---> TOURGUIDESERVICE
getUserRewards ---> TOURGUIDESERVICE
getUserRewards ---> TOURGUIDESERVICE
getUserRewards ---> TOURGUIDESERVICE
getUserRewards ---> TOURGUIDESERVICE
getUserRewards ---> TOURGUIDESERVICE
getUserRewards ---> TOURGUIDESERVICE
getUserRewards ---> TOURGUIDESERVICE
getUserRewards ---> TOURGUIDESERVICE
getUserRewards ---> TOURGUIDESERVICE
getUserRewards ---> TOURGUIDESERVICE
getUserRewards ---> TOURGUIDESERVICE
getUserRewards ---> TOURGUIDESERVICE
getUserRewards ---> TOURGUIDESERVICE
getUserRewards ---> TOURGUIDESERVICE
getUserRewards ---> TOURGUIDESERVICE
getUserRewards ---> TOURGUIDESERVICE
getUserRewards ---> TOURGUIDESERVICE
getUserRewards ---> TOURGUIDESERVICE
getUserRewards ---> TOURGUIDESERVICE
getUserRewards ---> TOURGUIDESERVICE
getUserRewards ---> TOURGUIDESERVICE
getUserRewards ---> TOURGUIDESERVICE
getUserRewards ---> TOURGUIDESERVICE
getUserRewards ---> TOURGUIDESERVICE
getUserRewards ---> TOURGUIDESERVICE
getUserRewards ---> TOURGUIDESERVICE
getUserRewards ---> TOURGUIDESERVICE
getUserRewards ---> TOURGUIDESERVICE
getUserRewards ---> TOURGUIDESERVICE
getUserRewards ---> TOURGUIDESERVICE
getUserRewards ---> TOURGUIDESERVICE
getUserRewards ---> TOURGUIDESERVICE
getUserRewards ---> TOURGUIDESERVICE
getUserRewards ---> TOURGUIDESERVICE
getUserRewards ---> TOURGUIDESERVICE
getUserRewards ---> TOURGUIDESERVICE
getUserRewards ---> TOURGUIDESERVICE
getUserRewards ---> TOURGUIDESERVICE
getUserRewards ---> TOURGUIDESERVICE
getUserRewards ---> TOURGUIDESERVICE
getUserRewards ---> TOURGUIDESERVICE
getUserRewards ---> TOURGUIDESERVICE
getUserRewards ---> TOURGUIDESERVICE
getUserRewards ---> TOURGUIDESERVICE
getUserRewards ---> TOURGUIDESERVICE
getUserRewards ---> TOURGUIDESERVICE
getUserRewards ---> TOURGUIDESERVICE
getUserRewards ---> TOURGUIDESERVICE
getUserRewards ---> TOURGUIDESERVICE
getUserRewards ---> TOURGUIDESERVICE
getUserRewards ---> TOURGUIDESERVICE
getUserRewards ---> TOURGUIDESERVICE
getUserRewards ---> TOURGUIDESERVICE
getUserRewards ---> TOURGUIDESERVICE
getUserRewards ---> TOURGUIDESERVICE
getUserRewards ---> TOURGUIDESERVICE
getUserRewards ---> TOURGUIDESERVICE
getUserRewards ---> TOURGUIDESERVICE
getUserRewards ---> TOURGUIDESERVICE
getUserRewards ---> TOURGUIDESERVICE
getUserRewards ---> TOURGUIDESERVICE
getUserRewards ---> TOURGUIDESERVICE
getUserRewards ---> TOURGUIDESERVICE
getUserRewards ---> TOURGUIDESERVICE
getUserRewards ---> TOURGUIDESERVICE
getUserRewards ---> TOURGUIDESERVICE
getUserRewards ---> TOURGUIDESERVICE
getUserRewards ---> TOURGUIDESERVICE
getUserRewards ---> TOURGUIDESERVICE
getUserRewards ---> TOURGUIDESERVICE
getUserRewards ---> TOURGUIDESERVICE
getUserRewards ---> TOURGUIDESERVICE
getUserRewards ---> TOURGUIDESERVICE
getUserRewards ---> TOURGUIDESERVICE
getUserRewards ---> TOURGUIDESERVICE
getUserRewards ---> TOURGUIDESERVICE
getUserRewards ---> TOURGUIDESERVICE
getUserRewards ---> TOURGUIDESERVICE
getUserRewards ---> TOURGUIDESERVICE
getUserRewards ---> TOURGUIDESERVICE
getUserRewards ---> TOURGUIDESERVICE
getUserRewards ---> TOURGUIDESERVICE
getUserRewards ---> TOURGUIDESERVICE
getUserRewards ---> TOURGUIDESERVICE
getUserRewards ---> TOURGUIDESERVICE
getUserRewards ---> TOURGUIDESERVICE
getUserRewards ---> TOURGUIDESERVICE
getUserRewards ---> TOURGUIDESERVICE
getUserRewards ---> TOURGUIDESERVICE
getUserRewards ---> TOURGUIDESERVICE
getUserRewards ---> TOURGUIDESERVICE
getUserRewards ---> TOURGUIDESERVICE
getUserRewards ---> TOURGUIDESERVICE
getUserRewards ---> TOURGUIDESERVICE
getUserRewards ---> TOURGUIDESERVICE
getUserRewards ---> TOURGUIDESERVICE
getUserRewards ---> TOURGUIDESERVICE
getUserRewards ---> TOURGUIDESERVICE
getUserRewards ---> TOURGUIDESERVICE
getUserRewards ---> TOURGUIDESERVICE
getUserRewards ---> TOURGUIDESERVICE
getUserRewards ---> TOURGUIDESERVICE
getUserRewards ---> TOURGUIDESERVICE
getUserRewards ---> TOURGUIDESERVICE
getUserRewards ---> TOURGUIDESERVICE
getUserRewards ---> TOURGUIDESERVICE
getUserRewards ---> TOURGUIDESERVICE
getUserRewards ---> TOURGUIDESERVICE
getUserRewards ---> TOURGUIDESERVICE
getUserRewards ---> TOURGUIDESERVICE
getUserRewards ---> TOURGUIDESERVICE
getUserRewards ---> TOURGUIDESERVICE
getUserRewards ---> TOURGUIDESERVICE
getUserRewards ---> TOURGUIDESERVICE
getUserRewards ---> TOURGUIDESERVICE
getUserRewards ---> TOURGUIDESERVICE
getUserRewards ---> TOURGUIDESERVICE
getUserRewards ---> TOURGUIDESERVICE
getUserRewards ---> TOURGUIDESERVICE
getUserRewards ---> TOURGUIDESERVICE
getUserRewards ---> TOURGUIDESERVICE
getUserRewards ---> TOURGUIDESERVICE
getUserRewards ---> TOURGUIDESERVICE
getUserRewards ---> TOURGUIDESERVICE
getUserRewards ---> TOURGUIDESERVICE
getUserRewards ---> TOURGUIDESERVICE
getUserRewards ---> TOURGUIDESERVICE
getUserRewards ---> TOURGUIDESERVICE
getUserRewards ---> TOURGUIDESERVICE
getUserRewards ---> TOURGUIDESERVICE
getUserRewards ---> TOURGUIDESERVICE
getUserRewards ---> TOURGUIDESERVICE
getUserRewards ---> TOURGUIDESERVICE
getUserRewards ---> TOURGUIDESERVICE
getUserRewards ---> TOURGUIDESERVICE
getUserRewards ---> TOURGUIDESERVICE
getUserRewards ---> TOURGUIDESERVICE
getUserRewards ---> TOURGUIDESERVICE
getUserRewards ---> TOURGUIDESERVICE
getUserRewards ---> TOURGUIDESERVICE
getUserRewards ---> TOURGUIDESERVICE
getUserRewards ---> TOURGUIDESERVICE
getUserRewards ---> TOURGUIDESERVICE
getUserRewards ---> TOURGUIDESERVICE
getUserRewards ---> TOURGUIDESERVICE
getUserRewards ---> TOURGUIDESERVICE
getUserRewards ---> TOURGUIDESERVICE
getUserRewards ---> TOURGUIDESERVICE
getUserRewards ---> TOURGUIDESERVICE
getUserRewards ---> TOURGUIDESERVICE
getUserRewards ---> TOURGUIDESERVICE
getUserRewards ---> TOURGUIDESERVICE
getUserRewards ---> TOURGUIDESERVICE
getUserRewards ---> TOURGUIDESERVICE
getUserRewards ---> TOURGUIDESERVICE
getUserRewards ---> TOURGUIDESERVICE
getUserRewards ---> TOURGUIDESERVICE
getUserRewards ---> TOURGUIDESERVICE
getUserRewards ---> TOURGUIDESERVICE
getUserRewards ---> TOURGUIDESERVICE
getUserRewards ---> TOURGUIDESERVICE
getUserRewards ---> TOURGUIDESERVICE
getUserRewards ---> TOURGUIDESERVICE
getUserRewards ---> TOURGUIDESERVICE
getUserRewards ---> TOURGUIDESERVICE
getUserRewards ---> TOURGUIDESERVICE
getUserRewards ---> TOURGUIDESERVICE
getUserRewards ---> TOURGUIDESERVICE
getUserRewards ---> TOURGUIDESERVICE
getUserRewards ---> TOURGUIDESERVICE
getUserRewards ---> TOURGUIDESERVICE
getUserRewards ---> TOURGUIDESERVICE
getUserRewards ---> TOURGUIDESERVICE
getUserRewards ---> TOURGUIDESERVICE
getUserRewards ---> TOURGUIDESERVICE
getUserRewards ---> TOURGUIDESERVICE
getUserRewards ---> TOURGUIDESERVICE
getUserRewards ---> TOURGUIDESERVICE
getUserRewards ---> TOURGUIDESERVICE
getUserRewards ---> TOURGUIDESERVICE
getUserRewards ---> TOURGUIDESERVICE
getUserRewards ---> TOURGUIDESERVICE
getUserRewards ---> TOURGUIDESERVICE
getUserRewards ---> TOURGUIDESERVICE
getUserRewards ---> TOURGUIDESERVICE
getUserRewards ---> TOURGUIDESERVICE
getUserRewards ---> TOURGUIDESERVICE
getUserRewards ---> TOURGUIDESERVICE
getUserRewards ---> TOURGUIDESERVICE
getUserRewards ---> TOURGUIDESERVICE
getUserRewards ---> TOURGUIDESERVICE
getUserRewards ---> TOURGUIDESERVICE
getUserRewards ---> TOURGUIDESERVICE
getUserRewards ---> TOURGUIDESERVICE
getUserRewards ---> TOURGUIDESERVICE
getUserRewards ---> TOURGUIDESERVICE
getUserRewards ---> TOURGUIDESERVICE
getUserRewards ---> TOURGUIDESERVICE
getUserRewards ---> TOURGUIDESERVICE
getUserRewards ---> TOURGUIDESERVICE
getUserRewards ---> TOURGUIDESERVICE
getUserRewards ---> TOURGUIDESERVICE
getUserRewards ---> TOURGUIDESERVICE
getUserRewards ---> TOURGUIDESERVICE
getUserRewards ---> TOURGUIDESERVICE
getUserRewards ---> TOURGUIDESERVICE
getUserRewards ---> TOURGUIDESERVICE
getUserRewards ---> TOURGUIDESERVICE
getUserRewards ---> TOURGUIDESERVICE
getUserRewards ---> TOURGUIDESERVICE
getUserRewards ---> TOURGUIDESERVICE
getUserRewards ---> TOURGUIDESERVICE
getUserRewards ---> TOURGUIDESERVICE
getUserRewards ---> TOURGUIDESERVICE
getUserRewards ---> TOURGUIDESERVICE
getUserRewards ---> TOURGUIDESERVICE
getUserRewards ---> TOURGUIDESERVICE
getUserRewards ---> TOURGUIDESERVICE
getUserRewards ---> TOURGUIDESERVICE
getUserRewards ---> TOURGUIDESERVICE
getUserRewards ---> TOURGUIDESERVICE
getUserRewards ---> TOURGUIDESERVICE
getUserRewards ---> TOURGUIDESERVICE
getUserRewards ---> TOURGUIDESERVICE
getUserRewards ---> TOURGUIDESERVICE
getUserRewards ---> TOURGUIDESERVICE
getUserRewards ---> TOURGUIDESERVICE
getUserRewards ---> TOURGUIDESERVICE
getUserRewards ---> TOURGUIDESERVICE
getUserRewards ---> TOURGUIDESERVICE
getUserRewards ---> TOURGUIDESERVICE
getUserRewards ---> TOURGUIDESERVICE
getUserRewards ---> TOURGUIDESERVICE
getUserRewards ---> TOURGUIDESERVICE
getUserRewards ---> TOURGUIDESERVICE
getUserRewards ---> TOURGUIDESERVICE
getUserRewards ---> TOURGUIDESERVICE
getUserRewards ---> TOURGUIDESERVICE
getUserRewards ---> TOURGUIDESERVICE
getUserRewards ---> TOURGUIDESERVICE
getUserRewards ---> TOURGUIDESERVICE
getUserRewards ---> TOURGUIDESERVICE
getUserRewards ---> TOURGUIDESERVICE
getUserRewards ---> TOURGUIDESERVICE
getUserRewards ---> TOURGUIDESERVICE
getUserRewards ---> TOURGUIDESERVICE
getUserRewards ---> TOURGUIDESERVICE
getUserRewards ---> TOURGUIDESERVICE
getUserRewards ---> TOURGUIDESERVICE
getUserRewards ---> TOURGUIDESERVICE
getUserRewards ---> TOURGUIDESERVICE
getUserRewards ---> TOURGUIDESERVICE
getUserRewards ---> TOURGUIDESERVICE
getUserRewards ---> TOURGUIDESERVICE
getUserRewards ---> TOURGUIDESERVICE
getUserRewards ---> TOURGUIDESERVICE
getUserRewards ---> TOURGUIDESERVICE
getUserRewards ---> TOURGUIDESERVICE
getUserRewards ---> TOURGUIDESERVICE
getUserRewards ---> TOURGUIDESERVICE
getUserRewards ---> TOURGUIDESERVICE
getUserRewards ---> TOURGUIDESERVICE
getUserRewards ---> TOURGUIDESERVICE
getUserRewards ---> TOURGUIDESERVICE
getUserRewards ---> TOURGUIDESERVICE
getUserRewards ---> TOURGUIDESERVICE
getUserRewards ---> TOURGUIDESERVICE
getUserRewards ---> TOURGUIDESERVICE
getUserRewards ---> TOURGUIDESERVICE
getUserRewards ---> TOURGUIDESERVICE
getUserRewards ---> TOURGUIDESERVICE
getUserRewards ---> TOURGUIDESERVICE
getUserRewards ---> TOURGUIDESERVICE
getUserRewards ---> TOURGUIDESERVICE
getUserRewards ---> TOURGUIDESERVICE
getUserRewards ---> TOURGUIDESERVICE
getUserRewards ---> TOURGUIDESERVICE
getUserRewards ---> TOURGUIDESERVICE
getUserRewards ---> TOURGUIDESERVICE
getUserRewards ---> TOURGUIDESERVICE
getUserRewards ---> TOURGUIDESERVICE
getUserRewards ---> TOURGUIDESERVICE
getUserRewards ---> TOURGUIDESERVICE
getUserRewards ---> TOURGUIDESERVICE
getUserRewards ---> TOURGUIDESERVICE
getUserRewards ---> TOURGUIDESERVICE
getUserRewards ---> TOURGUIDESERVICE
getUserRewards ---> TOURGUIDESERVICE
getUserRewards ---> TOURGUIDESERVICE
getUserRewards ---> TOURGUIDESERVICE
getUserRewards ---> TOURGUIDESERVICE
getUserRewards ---> TOURGUIDESERVICE
getUserRewards ---> TOURGUIDESERVICE
getUserRewards ---> TOURGUIDESERVICE
getUserRewards ---> TOURGUIDESERVICE
getUserRewards ---> TOURGUIDESERVICE
getUserRewards ---> TOURGUIDESERVICE
getUserRewards ---> TOURGUIDESERVICE
getUserRewards ---> TOURGUIDESERVICE
getUserRewards ---> TOURGUIDESERVICE
getUserRewards ---> TOURGUIDESERVICE
getUserRewards ---> TOURGUIDESERVICE
getUserRewards ---> TOURGUIDESERVICE
getUserRewards ---> TOURGUIDESERVICE
getUserRewards ---> TOURGUIDESERVICE
getUserRewards ---> TOURGUIDESERVICE
getUserRewards ---> TOURGUIDESERVICE
getUserRewards ---> TOURGUIDESERVICE
getUserRewards ---> TOURGUIDESERVICE
getUserRewards ---> TOURGUIDESERVICE
getUserRewards ---> TOURGUIDESERVICE
getUserRewards ---> TOURGUIDESERVICE
getUserRewards ---> TOURGUIDESERVICE
getUserRewards ---> TOURGUIDESERVICE
getUserRewards ---> TOURGUIDESERVICE
getUserRewards ---> TOURGUIDESERVICE
getUserRewards ---> TOURGUIDESERVICE
getUserRewards ---> TOURGUIDESERVICE
getUserRewards ---> TOURGUIDESERVICE
getUserRewards ---> TOURGUIDESERVICE
getUserRewards ---> TOURGUIDESERVICE
getUserRewards ---> TOURGUIDESERVICE
getUserRewards ---> TOURGUIDESERVICE
getUserRewards ---> TOURGUIDESERVICE
getUserRewards ---> TOURGUIDESERVICE
getUserRewards ---> TOURGUIDESERVICE
getUserRewards ---> TOURGUIDESERVICE
getUserRewards ---> TOURGUIDESERVICE
getUserRewards ---> TOURGUIDESERVICE
getUserRewards ---> TOURGUIDESERVICE
getUserRewards ---> TOURGUIDESERVICE
getUserRewards ---> TOURGUIDESERVICE
getUserRewards ---> TOURGUIDESERVICE
getUserRewards ---> TOURGUIDESERVICE
getUserRewards ---> TOURGUIDESERVICE
getUserRewards ---> TOURGUIDESERVICE
getUserRewards ---> TOURGUIDESERVICE
getUserRewards ---> TOURGUIDESERVICE
getUserRewards ---> TOURGUIDESERVICE
getUserRewards ---> TOURGUIDESERVICE
getUserRewards ---> TOURGUIDESERVICE
getUserRewards ---> TOURGUIDESERVICE
getUserRewards ---> TOURGUIDESERVICE
getUserRewards ---> TOURGUIDESERVICE
getUserRewards ---> TOURGUIDESERVICE
getUserRewards ---> TOURGUIDESERVICE
getUserRewards ---> TOURGUIDESERVICE
getUserRewards ---> TOURGUIDESERVICE
getUserRewards ---> TOURGUIDESERVICE
getUserRewards ---> TOURGUIDESERVICE
getUserRewards ---> TOURGUIDESERVICE
getUserRewards ---> TOURGUIDESERVICE
getUserRewards ---> TOURGUIDESERVICE
getUserRewards ---> TOURGUIDESERVICE
getUserRewards ---> TOURGUIDESERVICE
getUserRewards ---> TOURGUIDESERVICE
getUserRewards ---> TOURGUIDESERVICE
getUserRewards ---> TOURGUIDESERVICE
getUserRewards ---> TOURGUIDESERVICE
getUserRewards ---> TOURGUIDESERVICE
getUserRewards ---> TOURGUIDESERVICE
getUserRewards ---> TOURGUIDESERVICE
getUserRewards ---> TOURGUIDESERVICE
getUserRewards ---> TOURGUIDESERVICE
getUserRewards ---> TOURGUIDESERVICE
getUserRewards ---> TOURGUIDESERVICE
getUserRewards ---> TOURGUIDESERVICE
getUserRewards ---> TOURGUIDESERVICE
getUserRewards ---> TOURGUIDESERVICE
getUserRewards ---> TOURGUIDESERVICE
getUserRewards ---> TOURGUIDESERVICE
getUserRewards ---> TOURGUIDESERVICE
getUserRewards ---> TOURGUIDESERVICE
getUserRewards ---> TOURGUIDESERVICE
getUserRewards ---> TOURGUIDESERVICE
getUserRewards ---> TOURGUIDESERVICE
getUserRewards ---> TOURGUIDESERVICE
getUserRewards ---> TOURGUIDESERVICE
getUserRewards ---> TOURGUIDESERVICE
getUserRewards ---> TOURGUIDESERVICE
getUserRewards ---> TOURGUIDESERVICE
getUserRewards ---> TOURGUIDESERVICE
getUserRewards ---> TOURGUIDESERVICE
getUserRewards ---> TOURGUIDESERVICE
getUserRewards ---> TOURGUIDESERVICE
getUserRewards ---> TOURGUIDESERVICE
getUserRewards ---> TOURGUIDESERVICE
getUserRewards ---> TOURGUIDESERVICE
getUserRewards ---> TOURGUIDESERVICE
getUserRewards ---> TOURGUIDESERVICE
getUserRewards ---> TOURGUIDESERVICE
getUserRewards ---> TOURGUIDESERVICE
getUserRewards ---> TOURGUIDESERVICE
getUserRewards ---> TOURGUIDESERVICE
getUserRewards ---> TOURGUIDESERVICE
getUserRewards ---> TOURGUIDESERVICE
getUserRewards ---> TOURGUIDESERVICE
getUserRewards ---> TOURGUIDESERVICE
getUserRewards ---> TOURGUIDESERVICE
getUserRewards ---> TOURGUIDESERVICE
getUserRewards ---> TOURGUIDESERVICE
getUserRewards ---> TOURGUIDESERVICE
getUserRewards ---> TOURGUIDESERVICE
getUserRewards ---> TOURGUIDESERVICE
getUserRewards ---> TOURGUIDESERVICE
getUserRewards ---> TOURGUIDESERVICE
getUserRewards ---> TOURGUIDESERVICE
getUserRewards ---> TOURGUIDESERVICE
getUserRewards ---> TOURGUIDESERVICE
getUserRewards ---> TOURGUIDESERVICE
getUserRewards ---> TOURGUIDESERVICE
getUserRewards ---> TOURGUIDESERVICE
getUserRewards ---> TOURGUIDESERVICE
getUserRewards ---> TOURGUIDESERVICE
getUserRewards ---> TOURGUIDESERVICE
getUserRewards ---> TOURGUIDESERVICE
getUserRewards ---> TOURGUIDESERVICE
getUserRewards ---> TOURGUIDESERVICE
getUserRewards ---> TOURGUIDESERVICE
getUserRewards ---> TOURGUIDESERVICE
getUserRewards ---> TOURGUIDESERVICE
getUserRewards ---> TOURGUIDESERVICE
getUserRewards ---> TOURGUIDESERVICE
getUserRewards ---> TOURGUIDESERVICE
getUserRewards ---> TOURGUIDESERVICE
getUserRewards ---> TOURGUIDESERVICE
getUserRewards ---> TOURGUIDESERVICE
getUserRewards ---> TOURGUIDESERVICE
getUserRewards ---> TOURGUIDESERVICE
getUserRewards ---> TOURGUIDESERVICE
getUserRewards ---> TOURGUIDESERVICE
getUserRewards ---> TOURGUIDESERVICE
getUserRewards ---> TOURGUIDESERVICE
getUserRewards ---> TOURGUIDESERVICE
getUserRewards ---> TOURGUIDESERVICE
getUserRewards ---> TOURGUIDESERVICE
getUserRewards ---> TOURGUIDESERVICE
getUserRewards ---> TOURGUIDESERVICE
getUserRewards ---> TOURGUIDESERVICE
getUserRewards ---> TOURGUIDESERVICE
getUserRewards ---> TOURGUIDESERVICE
getUserRewards ---> TOURGUIDESERVICE
getUserRewards ---> TOURGUIDESERVICE
getUserRewards ---> TOURGUIDESERVICE
getUserRewards ---> TOURGUIDESERVICE
getUserRewards ---> TOURGUIDESERVICE
getUserRewards ---> TOURGUIDESERVICE
getUserRewards ---> TOURGUIDESERVICE
getUserRewards ---> TOURGUIDESERVICE
getUserRewards ---> TOURGUIDESERVICE
getUserRewards ---> TOURGUIDESERVICE
getUserRewards ---> TOURGUIDESERVICE
getUserRewards ---> TOURGUIDESERVICE
getUserRewards ---> TOURGUIDESERVICE
getUserRewards ---> TOURGUIDESERVICE
getUserRewards ---> TOURGUIDESERVICE
getUserRewards ---> TOURGUIDESERVICE
getUserRewards ---> TOURGUIDESERVICE
getUserRewards ---> TOURGUIDESERVICE
getUserRewards ---> TOURGUIDESERVICE
getUserRewards ---> TOURGUIDESERVICE
getUserRewards ---> TOURGUIDESERVICE
getUserRewards ---> TOURGUIDESERVICE
getUserRewards ---> TOURGUIDESERVICE
getUserRewards ---> TOURGUIDESERVICE
getUserRewards ---> TOURGUIDESERVICE
getUserRewards ---> TOURGUIDESERVICE
getUserRewards ---> TOURGUIDESERVICE
getUserRewards ---> TOURGUIDESERVICE
getUserRewards ---> TOURGUIDESERVICE
getUserRewards ---> TOURGUIDESERVICE
getUserRewards ---> TOURGUIDESERVICE
getUserRewards ---> TOURGUIDESERVICE
getUserRewards ---> TOURGUIDESERVICE
getUserRewards ---> TOURGUIDESERVICE
getUserRewards ---> TOURGUIDESERVICE
getUserRewards ---> TOURGUIDESERVICE
getUserRewards ---> TOURGUIDESERVICE
getUserRewards ---> TOURGUIDESERVICE
getUserRewards ---> TOURGUIDESERVICE
getUserRewards ---> TOURGUIDESERVICE
getUserRewards ---> TOURGUIDESERVICE
getUserRewards ---> TOURGUIDESERVICE
getUserRewards ---> TOURGUIDESERVICE
getUserRewards ---> TOURGUIDESERVICE
getUserRewards ---> TOURGUIDESERVICE
getUserRewards ---> TOURGUIDESERVICE
getUserRewards ---> TOURGUIDESERVICE
getUserRewards ---> TOURGUIDESERVICE
getUserRewards ---> TOURGUIDESERVICE
getUserRewards ---> TOURGUIDESERVICE
getUserRewards ---> TOURGUIDESERVICE
getUserRewards ---> TOURGUIDESERVICE
getUserRewards ---> TOURGUIDESERVICE
getUserRewards ---> TOURGUIDESERVICE
getUserRewards ---> TOURGUIDESERVICE
getUserRewards ---> TOURGUIDESERVICE
getUserRewards ---> TOURGUIDESERVICE
getUserRewards ---> TOURGUIDESERVICE
getUserRewards ---> TOURGUIDESERVICE
getUserRewards ---> TOURGUIDESERVICE
getUserRewards ---> TOURGUIDESERVICE
getUserRewards ---> TOURGUIDESERVICE
getUserRewards ---> TOURGUIDESERVICE
getUserRewards ---> TOURGUIDESERVICE
getUserRewards ---> TOURGUIDESERVICE
getUserRewards ---> TOURGUIDESERVICE
getUserRewards ---> TOURGUIDESERVICE
getUserRewards ---> TOURGUIDESERVICE
getUserRewards ---> TOURGUIDESERVICE
getUserRewards ---> TOURGUIDESERVICE
getUserRewards ---> TOURGUIDESERVICE
getUserRewards ---> TOURGUIDESERVICE
getUserRewards ---> TOURGUIDESERVICE
getUserRewards ---> TOURGUIDESERVICE
getUserRewards ---> TOURGUIDESERVICE
getUserRewards ---> TOURGUIDESERVICE
getUserRewards ---> TOURGUIDESERVICE
getUserRewards ---> TOURGUIDESERVICE
getUserRewards ---> TOURGUIDESERVICE
getUserRewards ---> TOURGUIDESERVICE
getUserRewards ---> TOURGUIDESERVICE
getUserRewards ---> TOURGUIDESERVICE
getUserRewards ---> TOURGUIDESERVICE
getUserRewards ---> TOURGUIDESERVICE
getUserRewards ---> TOURGUIDESERVICE
getUserRewards ---> TOURGUIDESERVICE
getUserRewards ---> TOURGUIDESERVICE
getUserRewards ---> TOURGUIDESERVICE
getUserRewards ---> TOURGUIDESERVICE
getUserRewards ---> TOURGUIDESERVICE
getUserRewards ---> TOURGUIDESERVICE
getUserRewards ---> TOURGUIDESERVICE
getUserRewards ---> TOURGUIDESERVICE
getUserRewards ---> TOURGUIDESERVICE
getUserRewards ---> TOURGUIDESERVICE
getUserRewards ---> TOURGUIDESERVICE
getUserRewards ---> TOURGUIDESERVICE
getUserRewards ---> TOURGUIDESERVICE
getUserRewards ---> TOURGUIDESERVICE
getUserRewards ---> TOURGUIDESERVICE
getUserRewards ---> TOURGUIDESERVICE
getUserRewards ---> TOURGUIDESERVICE
getUserRewards ---> TOURGUIDESERVICE
getUserRewards ---> TOURGUIDESERVICE
getUserRewards ---> TOURGUIDESERVICE
getUserRewards ---> TOURGUIDESERVICE
getUserRewards ---> TOURGUIDESERVICE
getUserRewards ---> TOURGUIDESERVICE
getUserRewards ---> TOURGUIDESERVICE
getUserRewards ---> TOURGUIDESERVICE
getUserRewards ---> TOURGUIDESERVICE
getUserRewards ---> TOURGUIDESERVICE
getUserRewards ---> TOURGUIDESERVICE
getUserRewards ---> TOURGUIDESERVICE
getUserRewards ---> TOURGUIDESERVICE
getUserRewards ---> TOURGUIDESERVICE
getUserRewards ---> TOURGUIDESERVICE
getUserRewards ---> TOURGUIDESERVICE
getUserRewards ---> TOURGUIDESERVICE
getUserRewards ---> TOURGUIDESERVICE
getUserRewards ---> TOURGUIDESERVICE
getUserRewards ---> TOURGUIDESERVICE
getUserRewards ---> TOURGUIDESERVICE
getUserRewards ---> TOURGUIDESERVICE
getUserRewards ---> TOURGUIDESERVICE
getUserRewards ---> TOURGUIDESERVICE
getUserRewards ---> TOURGUIDESERVICE
getUserRewards ---> TOURGUIDESERVICE
getUserRewards ---> TOURGUIDESERVICE
getUserRewards ---> TOURGUIDESERVICE
getUserRewards ---> TOURGUIDESERVICE
getUserRewards ---> TOURGUIDESERVICE
getUserRewards ---> TOURGUIDESERVICE
getUserRewards ---> TOURGUIDESERVICE
getUserRewards ---> TOURGUIDESERVICE
getUserRewards ---> TOURGUIDESERVICE
getUserRewards ---> TOURGUIDESERVICE
getUserRewards ---> TOURGUIDESERVICE
getUserRewards ---> TOURGUIDESERVICE
getUserRewards ---> TOURGUIDESERVICE
getUserRewards ---> TOURGUIDESERVICE
getUserRewards ---> TOURGUIDESERVICE
getUserRewards ---> TOURGUIDESERVICE
getUserRewards ---> TOURGUIDESERVICE
getUserRewards ---> TOURGUIDESERVICE
getUserRewards ---> TOURGUIDESERVICE
getUserRewards ---> TOURGUIDESERVICE
getUserRewards ---> TOURGUIDESERVICE
getUserRewards ---> TOURGUIDESERVICE
getUserRewards ---> TOURGUIDESERVICE
getUserRewards ---> TOURGUIDESERVICE
getUserRewards ---> TOURGUIDESERVICE
getUserRewards ---> TOURGUIDESERVICE
getUserRewards ---> TOURGUIDESERVICE
getUserRewards ---> TOURGUIDESERVICE
getUserRewards ---> TOURGUIDESERVICE
getUserRewards ---> TOURGUIDESERVICE
getUserRewards ---> TOURGUIDESERVICE
getUserRewards ---> TOURGUIDESERVICE
getUserRewards ---> TOURGUIDESERVICE
getUserRewards ---> TOURGUIDESERVICE
getUserRewards ---> TOURGUIDESERVICE
getUserRewards ---> TOURGUIDESERVICE
getUserRewards ---> TOURGUIDESERVICE
getUserRewards ---> TOURGUIDESERVICE
getUserRewards ---> TOURGUIDESERVICE
getUserRewards ---> TOURGUIDESERVICE
getUserRewards ---> TOURGUIDESERVICE
getUserRewards ---> TOURGUIDESERVICE
getUserRewards ---> TOURGUIDESERVICE
getUserRewards ---> TOURGUIDESERVICE
getUserRewards ---> TOURGUIDESERVICE
getUserRewards ---> TOURGUIDESERVICE
getUserRewards ---> TOURGUIDESERVICE
getUserRewards ---> TOURGUIDESERVICE
getUserRewards ---> TOURGUIDESERVICE
getUserRewards ---> TOURGUIDESERVICE
getUserRewards ---> TOURGUIDESERVICE
getUserRewards ---> TOURGUIDESERVICE
getUserRewards ---> TOURGUIDESERVICE
getUserRewards ---> TOURGUIDESERVICE
getUserRewards ---> TOURGUIDESERVICE
getUserRewards ---> TOURGUIDESERVICE
getUserRewards ---> TOURGUIDESERVICE
getUserRewards ---> TOURGUIDESERVICE
getUserRewards ---> TOURGUIDESERVICE
getUserRewards ---> TOURGUIDESERVICE
getUserRewards ---> TOURGUIDESERVICE
getUserRewards ---> TOURGUIDESERVICE
getUserRewards ---> TOURGUIDESERVICE
getUserRewards ---> TOURGUIDESERVICE
getUserRewards ---> TOURGUIDESERVICE
getUserRewards ---> TOURGUIDESERVICE
getUserRewards ---> TOURGUIDESERVICE
getUserRewards ---> TOURGUIDESERVICE
getUserRewards ---> TOURGUIDESERVICE
getUserRewards ---> TOURGUIDESERVICE
getUserRewards ---> TOURGUIDESERVICE
getUserRewards ---> TOURGUIDESERVICE
getUserRewards ---> TOURGUIDESERVICE
getUserRewards ---> TOURGUIDESERVICE
getUserRewards ---> TOURGUIDESERVICE
getUserRewards ---> TOURGUIDESERVICE
getUserRewards ---> TOURGUIDESERVICE
getUserRewards ---> TOURGUIDESERVICE
getUserRewards ---> TOURGUIDESERVICE
getUserRewards ---> TOURGUIDESERVICE
getUserRewards ---> TOURGUIDESERVICE
getUserRewards ---> TOURGUIDESERVICE
getUserRewards ---> TOURGUIDESERVICE
getUserRewards ---> TOURGUIDESERVICE
getUserRewards ---> TOURGUIDESERVICE
getUserRewards ---> TOURGUIDESERVICE
getUserRewards ---> TOURGUIDESERVICE
getUserRewards ---> TOURGUIDESERVICE
getUserRewards ---> TOURGUIDESERVICE
getUserRewards ---> TOURGUIDESERVICE
getUserRewards ---> TOURGUIDESERVICE
getUserRewards ---> TOURGUIDESERVICE
getUserRewards ---> TOURGUIDESERVICE
getUserRewards ---> TOURGUIDESERVICE
getUserRewards ---> TOURGUIDESERVICE
getUserRewards ---> TOURGUIDESERVICE
getUserRewards ---> TOURGUIDESERVICE
getUserRewards ---> TOURGUIDESERVICE
getUserRewards ---> TOURGUIDESERVICE
getUserRewards ---> TOURGUIDESERVICE
getUserRewards ---> TOURGUIDESERVICE
getUserRewards ---> TOURGUIDESERVICE
getUserRewards ---> TOURGUIDESERVICE
getUserRewards ---> TOURGUIDESERVICE
getUserRewards ---> TOURGUIDESERVICE
getUserRewards ---> TOURGUIDESERVICE
getUserRewards ---> TOURGUIDESERVICE
getUserRewards ---> TOURGUIDESERVICE
getUserRewards ---> TOURGUIDESERVICE
getUserRewards ---> TOURGUIDESERVICE
getUserRewards ---> TOURGUIDESERVICE
getUserRewards ---> TOURGUIDESERVICE
getUserRewards ---> TOURGUIDESERVICE
getUserRewards ---> TOURGUIDESERVICE
getUserRewards ---> TOURGUIDESERVICE
getUserRewards ---> TOURGUIDESERVICE
getUserRewards ---> TOURGUIDESERVICE
getUserRewards ---> TOURGUIDESERVICE
getUserRewards ---> TOURGUIDESERVICE
getUserRewards ---> TOURGUIDESERVICE
getUserRewards ---> TOURGUIDESERVICE
getUserRewards ---> TOURGUIDESERVICE
getUserRewards ---> TOURGUIDESERVICE
getUserRewards ---> TOURGUIDESERVICE
getUserRewards ---> TOURGUIDESERVICE
getUserRewards ---> TOURGUIDESERVICE
getUserRewards ---> TOURGUIDESERVICE
getUserRewards ---> TOURGUIDESERVICE
getUserRewards ---> TOURGUIDESERVICE
getUserRewards ---> TOURGUIDESERVICE
getUserRewards ---> TOURGUIDESERVICE
getUserRewards ---> TOURGUIDESERVICE
getUserRewards ---> TOURGUIDESERVICE
getUserRewards ---> TOURGUIDESERVICE
getUserRewards ---> TOURGUIDESERVICE
getUserRewards ---> TOURGUIDESERVICE
getUserRewards ---> TOURGUIDESERVICE
getUserRewards ---> TOURGUIDESERVICE
getUserRewards ---> TOURGUIDESERVICE
getUserRewards ---> TOURGUIDESERVICE
getUserRewards ---> TOURGUIDESERVICE
getUserRewards ---> TOURGUIDESERVICE
getUserRewards ---> TOURGUIDESERVICE
getUserRewards ---> TOURGUIDESERVICE
getUserRewards ---> TOURGUIDESERVICE
getUserRewards ---> TOURGUIDESERVICE
getUserRewards ---> TOURGUIDESERVICE
getUserRewards ---> TOURGUIDESERVICE
getUserRewards ---> TOURGUIDESERVICE
getUserRewards ---> TOURGUIDESERVICE
getUserRewards ---> TOURGUIDESERVICE
getUserRewards ---> TOURGUIDESERVICE
getUserRewards ---> TOURGUIDESERVICE
getUserRewards ---> TOURGUIDESERVICE
getUserRewards ---> TOURGUIDESERVICE
getUserRewards ---> TOURGUIDESERVICE
getUserRewards ---> TOURGUIDESERVICE
getUserRewards ---> TOURGUIDESERVICE
getUserRewards ---> TOURGUIDESERVICE
getUserRewards ---> TOURGUIDESERVICE
getUserRewards ---> TOURGUIDESERVICE
getUserRewards ---> TOURGUIDESERVICE
getUserRewards ---> TOURGUIDESERVICE
getUserRewards ---> TOURGUIDESERVICE
getUserRewards ---> TOURGUIDESERVICE
getUserRewards ---> TOURGUIDESERVICE
getUserRewards ---> TOURGUIDESERVICE
getUserRewards ---> TOURGUIDESERVICE
getUserRewards ---> TOURGUIDESERVICE
getUserRewards ---> TOURGUIDESERVICE
getUserRewards ---> TOURGUIDESERVICE
getUserRewards ---> TOURGUIDESERVICE
getUserRewards ---> TOURGUIDESERVICE
getUserRewards ---> TOURGUIDESERVICE
getUserRewards ---> TOURGUIDESERVICE
getUserRewards ---> TOURGUIDESERVICE
getUserRewards ---> TOURGUIDESERVICE
getUserRewards ---> TOURGUIDESERVICE
getUserRewards ---> TOURGUIDESERVICE
getUserRewards ---> TOURGUIDESERVICE
getUserRewards ---> TOURGUIDESERVICE
getUserRewards ---> TOURGUIDESERVICE
getUserRewards ---> TOURGUIDESERVICE
getUserRewards ---> TOURGUIDESERVICE
getUserRewards ---> TOURGUIDESERVICE
getUserRewards ---> TOURGUIDESERVICE
getUserRewards ---> TOURGUIDESERVICE
getUserRewards ---> TOURGUIDESERVICE
getUserRewards ---> TOURGUIDESERVICE
getUserRewards ---> TOURGUIDESERVICE
getUserRewards ---> TOURGUIDESERVICE
getUserRewards ---> TOURGUIDESERVICE
getUserRewards ---> TOURGUIDESERVICE
getUserRewards ---> TOURGUIDESERVICE
getUserRewards ---> TOURGUIDESERVICE
getUserRewards ---> TOURGUIDESERVICE
getUserRewards ---> TOURGUIDESERVICE
getUserRewards ---> TOURGUIDESERVICE
getUserRewards ---> TOURGUIDESERVICE
getUserRewards ---> TOURGUIDESERVICE
getUserRewards ---> TOURGUIDESERVICE
getUserRewards ---> TOURGUIDESERVICE
getUserRewards ---> TOURGUIDESERVICE
getUserRewards ---> TOURGUIDESERVICE
getUserRewards ---> TOURGUIDESERVICE
getUserRewards ---> TOURGUIDESERVICE
getUserRewards ---> TOURGUIDESERVICE
getUserRewards ---> TOURGUIDESERVICE
getUserRewards ---> TOURGUIDESERVICE
getUserRewards ---> TOURGUIDESERVICE
getUserRewards ---> TOURGUIDESERVICE
getUserRewards ---> TOURGUIDESERVICE
getUserRewards ---> TOURGUIDESERVICE
getUserRewards ---> TOURGUIDESERVICE
getUserRewards ---> TOURGUIDESERVICE
getUserRewards ---> TOURGUIDESERVICE
getUserRewards ---> TOURGUIDESERVICE
getUserRewards ---> TOURGUIDESERVICE
getUserRewards ---> TOURGUIDESERVICE
getUserRewards ---> TOURGUIDESERVICE
getUserRewards ---> TOURGUIDESERVICE
getUserRewards ---> TOURGUIDESERVICE
getUserRewards ---> TOURGUIDESERVICE
getUserRewards ---> TOURGUIDESERVICE
getUserRewards ---> TOURGUIDESERVICE
getUserRewards ---> TOURGUIDESERVICE
getUserRewards ---> TOURGUIDESERVICE
getUserRewards ---> TOURGUIDESERVICE
getUserRewards ---> TOURGUIDESERVICE
getUserRewards ---> TOURGUIDESERVICE
getUserRewards ---> TOURGUIDESERVICE
getUserRewards ---> TOURGUIDESERVICE
getUserRewards ---> TOURGUIDESERVICE
getUserRewards ---> TOURGUIDESERVICE
getUserRewards ---> TOURGUIDESERVICE
getUserRewards ---> TOURGUIDESERVICE
getUserRewards ---> TOURGUIDESERVICE
getUserRewards ---> TOURGUIDESERVICE
getUserRewards ---> TOURGUIDESERVICE
getUserRewards ---> TOURGUIDESERVICE
getUserRewards ---> TOURGUIDESERVICE
getUserRewards ---> TOURGUIDESERVICE
getUserRewards ---> TOURGUIDESERVICE
getUserRewards ---> TOURGUIDESERVICE
getUserRewards ---> TOURGUIDESERVICE
getUserRewards ---> TOURGUIDESERVICE
getUserRewards ---> TOURGUIDESERVICE
getUserRewards ---> TOURGUIDESERVICE
getUserRewards ---> TOURGUIDESERVICE
getUserRewards ---> TOURGUIDESERVICE
getUserRewards ---> TOURGUIDESERVICE
getUserRewards ---> TOURGUIDESERVICE
getUserRewards ---> TOURGUIDESERVICE
getUserRewards ---> TOURGUIDESERVICE
getUserRewards ---> TOURGUIDESERVICE
getUserRewards ---> TOURGUIDESERVICE
getUserRewards ---> TOURGUIDESERVICE
getUserRewards ---> TOURGUIDESERVICE
getUserRewards ---> TOURGUIDESERVICE
getUserRewards ---> TOURGUIDESERVICE
getUserRewards ---> TOURGUIDESERVICE
getUserRewards ---> TOURGUIDESERVICE
getUserRewards ---> TOURGUIDESERVICE
getUserRewards ---> TOURGUIDESERVICE
getUserRewards ---> TOURGUIDESERVICE
getUserRewards ---> TOURGUIDESERVICE
getUserRewards ---> TOURGUIDESERVICE
getUserRewards ---> TOURGUIDESERVICE
getUserRewards ---> TOURGUIDESERVICE
getUserRewards ---> TOURGUIDESERVICE
getUserRewards ---> TOURGUIDESERVICE
getUserRewards ---> TOURGUIDESERVICE
getUserRewards ---> TOURGUIDESERVICE
getUserRewards ---> TOURGUIDESERVICE
getUserRewards ---> TOURGUIDESERVICE
getUserRewards ---> TOURGUIDESERVICE
getUserRewards ---> TOURGUIDESERVICE
getUserRewards ---> TOURGUIDESERVICE
getUserRewards ---> TOURGUIDESERVICE
getUserRewards ---> TOURGUIDESERVICE
getUserRewards ---> TOURGUIDESERVICE
getUserRewards ---> TOURGUIDESERVICE
getUserRewards ---> TOURGUIDESERVICE
getUserRewards ---> TOURGUIDESERVICE
getUserRewards ---> TOURGUIDESERVICE
getUserRewards ---> TOURGUIDESERVICE
getUserRewards ---> TOURGUIDESERVICE
getUserRewards ---> TOURGUIDESERVICE
getUserRewards ---> TOURGUIDESERVICE
getUserRewards ---> TOURGUIDESERVICE
getUserRewards ---> TOURGUIDESERVICE
getUserRewards ---> TOURGUIDESERVICE
getUserRewards ---> TOURGUIDESERVICE
getUserRewards ---> TOURGUIDESERVICE
getUserRewards ---> TOURGUIDESERVICE
getUserRewards ---> TOURGUIDESERVICE
getUserRewards ---> TOURGUIDESERVICE
getUserRewards ---> TOURGUIDESERVICE
getUserRewards ---> TOURGUIDESERVICE
getUserRewards ---> TOURGUIDESERVICE
getUserRewards ---> TOURGUIDESERVICE
getUserRewards ---> TOURGUIDESERVICE
getUserRewards ---> TOURGUIDESERVICE
getUserRewards ---> TOURGUIDESERVICE
getUserRewards ---> TOURGUIDESERVICE
getUserRewards ---> TOURGUIDESERVICE
getUserRewards ---> TOURGUIDESERVICE
getUserRewards ---> TOURGUIDESERVICE
getUserRewards ---> TOURGUIDESERVICE
getUserRewards ---> TOURGUIDESERVICE
getUserRewards ---> TOURGUIDESERVICE
getUserRewards ---> TOURGUIDESERVICE
getUserRewards ---> TOURGUIDESERVICE
getUserRewards ---> TOURGUIDESERVICE
getUserRewards ---> TOURGUIDESERVICE
getUserRewards ---> TOURGUIDESERVICE
getUserRewards ---> TOURGUIDESERVICE
getUserRewards ---> TOURGUIDESERVICE
getUserRewards ---> TOURGUIDESERVICE
getUserRewards ---> TOURGUIDESERVICE
getUserRewards ---> TOURGUIDESERVICE
getUserRewards ---> TOURGUIDESERVICE
getUserRewards ---> TOURGUIDESERVICE
getUserRewards ---> TOURGUIDESERVICE
getUserRewards ---> TOURGUIDESERVICE
getUserRewards ---> TOURGUIDESERVICE
getUserRewards ---> TOURGUIDESERVICE
getUserRewards ---> TOURGUIDESERVICE
getUserRewards ---> TOURGUIDESERVICE
getUserRewards ---> TOURGUIDESERVICE
getUserRewards ---> TOURGUIDESERVICE
getUserRewards ---> TOURGUIDESERVICE
getUserRewards ---> TOURGUIDESERVICE
getUserRewards ---> TOURGUIDESERVICE
getUserRewards ---> TOURGUIDESERVICE
getUserRewards ---> TOURGUIDESERVICE
getUserRewards ---> TOURGUIDESERVICE
getUserRewards ---> TOURGUIDESERVICE
getUserRewards ---> TOURGUIDESERVICE
getUserRewards ---> TOURGUIDESERVICE
getUserRewards ---> TOURGUIDESERVICE
getUserRewards ---> TOURGUIDESERVICE
getUserRewards ---> TOURGUIDESERVICE
getUserRewards ---> TOURGUIDESERVICE
getUserRewards ---> TOURGUIDESERVICE
getUserRewards ---> TOURGUIDESERVICE
getUserRewards ---> TOURGUIDESERVICE
getUserRewards ---> TOURGUIDESERVICE
getUserRewards ---> TOURGUIDESERVICE
getUserRewards ---> TOURGUIDESERVICE
getUserRewards ---> TOURGUIDESERVICE
getUserRewards ---> TOURGUIDESERVICE
getUserRewards ---> TOURGUIDESERVICE
getUserRewards ---> TOURGUIDESERVICE
getUserRewards ---> TOURGUIDESERVICE
getUserRewards ---> TOURGUIDESERVICE
getUserRewards ---> TOURGUIDESERVICE
getUserRewards ---> TOURGUIDESERVICE
getUserRewards ---> TOURGUIDESERVICE
getUserRewards ---> TOURGUIDESERVICE
getUserRewards ---> TOURGUIDESERVICE
getUserRewards ---> TOURGUIDESERVICE
getUserRewards ---> TOURGUIDESERVICE
getUserRewards ---> TOURGUIDESERVICE
getUserRewards ---> TOURGUIDESERVICE
getUserRewards ---> TOURGUIDESERVICE
getUserRewards ---> TOURGUIDESERVICE
getUserRewards ---> TOURGUIDESERVICE
getUserRewards ---> TOURGUIDESERVICE
getUserRewards ---> TOURGUIDESERVICE
getUserRewards ---> TOURGUIDESERVICE
getUserRewards ---> TOURGUIDESERVICE
getUserRewards ---> TOURGUIDESERVICE
getUserRewards ---> TOURGUIDESERVICE
getUserRewards ---> TOURGUIDESERVICE
getUserRewards ---> TOURGUIDESERVICE
getUserRewards ---> TOURGUIDESERVICE
getUserRewards ---> TOURGUIDESERVICE
getUserRewards ---> TOURGUIDESERVICE
getUserRewards ---> TOURGUIDESERVICE
getUserRewards ---> TOURGUIDESERVICE
getUserRewards ---> TOURGUIDESERVICE
getUserRewards ---> TOURGUIDESERVICE
getUserRewards ---> TOURGUIDESERVICE
getUserRewards ---> TOURGUIDESERVICE
getUserRewards ---> TOURGUIDESERVICE
getUserRewards ---> TOURGUIDESERVICE
getUserRewards ---> TOURGUIDESERVICE
getUserRewards ---> TOURGUIDESERVICE
getUserRewards ---> TOURGUIDESERVICE
getUserRewards ---> TOURGUIDESERVICE
getUserRewards ---> TOURGUIDESERVICE
getUserRewards ---> TOURGUIDESERVICE
getUserRewards ---> TOURGUIDESERVICE
getUserRewards ---> TOURGUIDESERVICE
getUserRewards ---> TOURGUIDESERVICE
getUserRewards ---> TOURGUIDESERVICE
getUserRewards ---> TOURGUIDESERVICE
getUserRewards ---> TOURGUIDESERVICE
getUserRewards ---> TOURGUIDESERVICE
getUserRewards ---> TOURGUIDESERVICE
getUserRewards ---> TOURGUIDESERVICE
getUserRewards ---> TOURGUIDESERVICE
getUserRewards ---> TOURGUIDESERVICE
getUserRewards ---> TOURGUIDESERVICE
getUserRewards ---> TOURGUIDESERVICE
getUserRewards ---> TOURGUIDESERVICE
getUserRewards ---> TOURGUIDESERVICE
getUserRewards ---> TOURGUIDESERVICE
getUserRewards ---> TOURGUIDESERVICE
getUserRewards ---> TOURGUIDESERVICE
getUserRewards ---> TOURGUIDESERVICE
getUserRewards ---> TOURGUIDESERVICE
getUserRewards ---> TOURGUIDESERVICE
getUserRewards ---> TOURGUIDESERVICE
getUserRewards ---> TOURGUIDESERVICE
getUserRewards ---> TOURGUIDESERVICE
getUserRewards ---> TOURGUIDESERVICE
getUserRewards ---> TOURGUIDESERVICE
getUserRewards ---> TOURGUIDESERVICE
getUserRewards ---> TOURGUIDESERVICE
getUserRewards ---> TOURGUIDESERVICE
getUserRewards ---> TOURGUIDESERVICE
getUserRewards ---> TOURGUIDESERVICE
getUserRewards ---> TOURGUIDESERVICE
getUserRewards ---> TOURGUIDESERVICE
getUserRewards ---> TOURGUIDESERVICE
getUserRewards ---> TOURGUIDESERVICE
getUserRewards ---> TOURGUIDESERVICE
getUserRewards ---> TOURGUIDESERVICE
getUserRewards ---> TOURGUIDESERVICE
getUserRewards ---> TOURGUIDESERVICE
getUserRewards ---> TOURGUIDESERVICE
getUserRewards ---> TOURGUIDESERVICE
getUserRewards ---> TOURGUIDESERVICE
getUserRewards ---> TOURGUIDESERVICE
getUserRewards ---> TOURGUIDESERVICE
getUserRewards ---> TOURGUIDESERVICE
getUserRewards ---> TOURGUIDESERVICE
getUserRewards ---> TOURGUIDESERVICE
getUserRewards ---> TOURGUIDESERVICE
getUserRewards ---> TOURGUIDESERVICE
getUserRewards ---> TOURGUIDESERVICE
getUserRewards ---> TOURGUIDESERVICE
getUserRewards ---> TOURGUIDESERVICE
getUserRewards ---> TOURGUIDESERVICE
getUserRewards ---> TOURGUIDESERVICE
getUserRewards ---> TOURGUIDESERVICE
getUserRewards ---> TOURGUIDESERVICE
getUserRewards ---> TOURGUIDESERVICE
getUserRewards ---> TOURGUIDESERVICE
getUserRewards ---> TOURGUIDESERVICE
getUserRewards ---> TOURGUIDESERVICE
getUserRewards ---> TOURGUIDESERVICE
getUserRewards ---> TOURGUIDESERVICE
getUserRewards ---> TOURGUIDESERVICE
getUserRewards ---> TOURGUIDESERVICE
getUserRewards ---> TOURGUIDESERVICE
getUserRewards ---> TOURGUIDESERVICE
getUserRewards ---> TOURGUIDESERVICE
getUserRewards ---> TOURGUIDESERVICE
getUserRewards ---> TOURGUIDESERVICE
getUserRewards ---> TOURGUIDESERVICE
getUserRewards ---> TOURGUIDESERVICE
getUserRewards ---> TOURGUIDESERVICE
getUserRewards ---> TOURGUIDESERVICE
getUserRewards ---> TOURGUIDESERVICE
getUserRewards ---> TOURGUIDESERVICE
getUserRewards ---> TOURGUIDESERVICE
getUserRewards ---> TOURGUIDESERVICE
getUserRewards ---> TOURGUIDESERVICE
getUserRewards ---> TOURGUIDESERVICE
getUserRewards ---> TOURGUIDESERVICE
getUserRewards ---> TOURGUIDESERVICE
getUserRewards ---> TOURGUIDESERVICE
getUserRewards ---> TOURGUIDESERVICE
getUserRewards ---> TOURGUIDESERVICE
getUserRewards ---> TOURGUIDESERVICE
getUserRewards ---> TOURGUIDESERVICE
getUserRewards ---> TOURGUIDESERVICE
getUserRewards ---> TOURGUIDESERVICE
getUserRewards ---> TOURGUIDESERVICE
getUserRewards ---> TOURGUIDESERVICE
getUserRewards ---> TOURGUIDESERVICE
getUserRewards ---> TOURGUIDESERVICE
getUserRewards ---> TOURGUIDESERVICE
getUserRewards ---> TOURGUIDESERVICE
getUserRewards ---> TOURGUIDESERVICE
getUserRewards ---> TOURGUIDESERVICE
getUserRewards ---> TOURGUIDESERVICE
getUserRewards ---> TOURGUIDESERVICE
getUserRewards ---> TOURGUIDESERVICE
getUserRewards ---> TOURGUIDESERVICE
getUserRewards ---> TOURGUIDESERVICE
getUserRewards ---> TOURGUIDESERVICE
getUserRewards ---> TOURGUIDESERVICE
getUserRewards ---> TOURGUIDESERVICE
getUserRewards ---> TOURGUIDESERVICE
getUserRewards ---> TOURGUIDESERVICE
getUserRewards ---> TOURGUIDESERVICE
getUserRewards ---> TOURGUIDESERVICE
getUserRewards ---> TOURGUIDESERVICE
getUserRewards ---> TOURGUIDESERVICE
getUserRewards ---> TOURGUIDESERVICE
getUserRewards ---> TOURGUIDESERVICE
getUserRewards ---> TOURGUIDESERVICE
getUserRewards ---> TOURGUIDESERVICE
getUserRewards ---> TOURGUIDESERVICE
getUserRewards ---> TOURGUIDESERVICE
getUserRewards ---> TOURGUIDESERVICE
getUserRewards ---> TOURGUIDESERVICE
getUserRewards ---> TOURGUIDESERVICE
getUserRewards ---> TOURGUIDESERVICE
getUserRewards ---> TOURGUIDESERVICE
getUserRewards ---> TOURGUIDESERVICE
getUserRewards ---> TOURGUIDESERVICE
getUserRewards ---> TOURGUIDESERVICE
getUserRewards ---> TOURGUIDESERVICE
getUserRewards ---> TOURGUIDESERVICE
getUserRewards ---> TOURGUIDESERVICE
getUserRewards ---> TOURGUIDESERVICE
getUserRewards ---> TOURGUIDESERVICE
getUserRewards ---> TOURGUIDESERVICE
getUserRewards ---> TOURGUIDESERVICE
getUserRewards ---> TOURGUIDESERVICE
getUserRewards ---> TOURGUIDESERVICE
getUserRewards ---> TOURGUIDESERVICE
getUserRewards ---> TOURGUIDESERVICE
getUserRewards ---> TOURGUIDESERVICE
getUserRewards ---> TOURGUIDESERVICE
getUserRewards ---> TOURGUIDESERVICE
getUserRewards ---> TOURGUIDESERVICE
getUserRewards ---> TOURGUIDESERVICE
getUserRewards ---> TOURGUIDESERVICE
getUserRewards ---> TOURGUIDESERVICE
getUserRewards ---> TOURGUIDESERVICE
getUserRewards ---> TOURGUIDESERVICE
getUserRewards ---> TOURGUIDESERVICE
getUserRewards ---> TOURGUIDESERVICE
getUserRewards ---> TOURGUIDESERVICE
getUserRewards ---> TOURGUIDESERVICE
getUserRewards ---> TOURGUIDESERVICE
getUserRewards ---> TOURGUIDESERVICE
getUserRewards ---> TOURGUIDESERVICE
getUserRewards ---> TOURGUIDESERVICE
getUserRewards ---> TOURGUIDESERVICE
getUserRewards ---> TOURGUIDESERVICE
getUserRewards ---> TOURGUIDESERVICE
getUserRewards ---> TOURGUIDESERVICE
getUserRewards ---> TOURGUIDESERVICE
getUserRewards ---> TOURGUIDESERVICE
getUserRewards ---> TOURGUIDESERVICE
getUserRewards ---> TOURGUIDESERVICE
getUserRewards ---> TOURGUIDESERVICE
getUserRewards ---> TOURGUIDESERVICE
getUserRewards ---> TOURGUIDESERVICE
getUserRewards ---> TOURGUIDESERVICE
getUserRewards ---> TOURGUIDESERVICE
getUserRewards ---> TOURGUIDESERVICE
getUserRewards ---> TOURGUIDESERVICE
getUserRewards ---> TOURGUIDESERVICE
getUserRewards ---> TOURGUIDESERVICE
getUserRewards ---> TOURGUIDESERVICE
getUserRewards ---> TOURGUIDESERVICE
getUserRewards ---> TOURGUIDESERVICE
getUserRewards ---> TOURGUIDESERVICE
getUserRewards ---> TOURGUIDESERVICE
getUserRewards ---> TOURGUIDESERVICE
getUserRewards ---> TOURGUIDESERVICE
getUserRewards ---> TOURGUIDESERVICE
getUserRewards ---> TOURGUIDESERVICE
getUserRewards ---> TOURGUIDESERVICE
getUserRewards ---> TOURGUIDESERVICE
getUserRewards ---> TOURGUIDESERVICE
getUserRewards ---> TOURGUIDESERVICE
getUserRewards ---> TOURGUIDESERVICE
getUserRewards ---> TOURGUIDESERVICE
getUserRewards ---> TOURGUIDESERVICE
getUserRewards ---> TOURGUIDESERVICE
getUserRewards ---> TOURGUIDESERVICE
getUserRewards ---> TOURGUIDESERVICE
getUserRewards ---> TOURGUIDESERVICE
getUserRewards ---> TOURGUIDESERVICE
getUserRewards ---> TOURGUIDESERVICE
getUserRewards ---> TOURGUIDESERVICE
getUserRewards ---> TOURGUIDESERVICE
getUserRewards ---> TOURGUIDESERVICE
getUserRewards ---> TOURGUIDESERVICE
getUserRewards ---> TOURGUIDESERVICE
getUserRewards ---> TOURGUIDESERVICE
getUserRewards ---> TOURGUIDESERVICE
getUserRewards ---> TOURGUIDESERVICE
getUserRewards ---> TOURGUIDESERVICE
getUserRewards ---> TOURGUIDESERVICE
getUserRewards ---> TOURGUIDESERVICE
getUserRewards ---> TOURGUIDESERVICE
getUserRewards ---> TOURGUIDESERVICE
getUserRewards ---> TOURGUIDESERVICE
getUserRewards ---> TOURGUIDESERVICE
getUserRewards ---> TOURGUIDESERVICE
getUserRewards ---> TOURGUIDESERVICE
getUserRewards ---> TOURGUIDESERVICE
getUserRewards ---> TOURGUIDESERVICE
getUserRewards ---> TOURGUIDESERVICE
getUserRewards ---> TOURGUIDESERVICE
getUserRewards ---> TOURGUIDESERVICE
getUserRewards ---> TOURGUIDESERVICE
getUserRewards ---> TOURGUIDESERVICE
getUserRewards ---> TOURGUIDESERVICE
getUserRewards ---> TOURGUIDESERVICE
getUserRewards ---> TOURGUIDESERVICE
getUserRewards ---> TOURGUIDESERVICE
getUserRewards ---> TOURGUIDESERVICE
getUserRewards ---> TOURGUIDESERVICE
getUserRewards ---> TOURGUIDESERVICE
getUserRewards ---> TOURGUIDESERVICE
getUserRewards ---> TOURGUIDESERVICE
getUserRewards ---> TOURGUIDESERVICE
getUserRewards ---> TOURGUIDESERVICE
getUserRewards ---> TOURGUIDESERVICE
getUserRewards ---> TOURGUIDESERVICE
getUserRewards ---> TOURGUIDESERVICE
getUserRewards ---> TOURGUIDESERVICE
getUserRewards ---> TOURGUIDESERVICE
getUserRewards ---> TOURGUIDESERVICE
getUserRewards ---> TOURGUIDESERVICE
getUserRewards ---> TOURGUIDESERVICE
getUserRewards ---> TOURGUIDESERVICE
getUserRewards ---> TOURGUIDESERVICE
getUserRewards ---> TOURGUIDESERVICE
getUserRewards ---> TOURGUIDESERVICE
getUserRewards ---> TOURGUIDESERVICE
getUserRewards ---> TOURGUIDESERVICE
getUserRewards ---> TOURGUIDESERVICE
getUserRewards ---> TOURGUIDESERVICE
getUserRewards ---> TOURGUIDESERVICE
getUserRewards ---> TOURGUIDESERVICE
getUserRewards ---> TOURGUIDESERVICE
getUserRewards ---> TOURGUIDESERVICE
getUserRewards ---> TOURGUIDESERVICE
getUserRewards ---> TOURGUIDESERVICE
getUserRewards ---> TOURGUIDESERVICE
getUserRewards ---> TOURGUIDESERVICE
getUserRewards ---> TOURGUIDESERVICE
getUserRewards ---> TOURGUIDESERVICE
getUserRewards ---> TOURGUIDESERVICE
getUserRewards ---> TOURGUIDESERVICE
getUserRewards ---> TOURGUIDESERVICE
getUserRewards ---> TOURGUIDESERVICE
getUserRewards ---> TOURGUIDESERVICE
getUserRewards ---> TOURGUIDESERVICE
getUserRewards ---> TOURGUIDESERVICE
getUserRewards ---> TOURGUIDESERVICE
getUserRewards ---> TOURGUIDESERVICE
getUserRewards ---> TOURGUIDESERVICE
getUserRewards ---> TOURGUIDESERVICE
getUserRewards ---> TOURGUIDESERVICE
getUserRewards ---> TOURGUIDESERVICE
getUserRewards ---> TOURGUIDESERVICE
getUserRewards ---> TOURGUIDESERVICE
getUserRewards ---> TOURGUIDESERVICE
getUserRewards ---> TOURGUIDESERVICE
getUserRewards ---> TOURGUIDESERVICE
getUserRewards ---> TOURGUIDESERVICE
getUserRewards ---> TOURGUIDESERVICE
getUserRewards ---> TOURGUIDESERVICE
getUserRewards ---> TOURGUIDESERVICE
getUserRewards ---> TOURGUIDESERVICE
getUserRewards ---> TOURGUIDESERVICE
getUserRewards ---> TOURGUIDESERVICE
getUserRewards ---> TOURGUIDESERVICE
getUserRewards ---> TOURGUIDESERVICE
getUserRewards ---> TOURGUIDESERVICE
getUserRewards ---> TOURGUIDESERVICE
getUserRewards ---> TOURGUIDESERVICE
getUserRewards ---> TOURGUIDESERVICE
getUserRewards ---> TOURGUIDESERVICE
getUserRewards ---> TOURGUIDESERVICE
getUserRewards ---> TOURGUIDESERVICE
getUserRewards ---> TOURGUIDESERVICE
getUserRewards ---> TOURGUIDESERVICE
getUserRewards ---> TOURGUIDESERVICE
getUserRewards ---> TOURGUIDESERVICE
getUserRewards ---> TOURGUIDESERVICE
getUserRewards ---> TOURGUIDESERVICE
getUserRewards ---> TOURGUIDESERVICE
getUserRewards ---> TOURGUIDESERVICE
getUserRewards ---> TOURGUIDESERVICE
getUserRewards ---> TOURGUIDESERVICE
getUserRewards ---> TOURGUIDESERVICE
getUserRewards ---> TOURGUIDESERVICE
getUserRewards ---> TOURGUIDESERVICE
getUserRewards ---> TOURGUIDESERVICE
getUserRewards ---> TOURGUIDESERVICE
getUserRewards ---> TOURGUIDESERVICE
getUserRewards ---> TOURGUIDESERVICE
getUserRewards ---> TOURGUIDESERVICE
getUserRewards ---> TOURGUIDESERVICE
getUserRewards ---> TOURGUIDESERVICE
getUserRewards ---> TOURGUIDESERVICE
getUserRewards ---> TOURGUIDESERVICE
getUserRewards ---> TOURGUIDESERVICE
getUserRewards ---> TOURGUIDESERVICE
getUserRewards ---> TOURGUIDESERVICE
getUserRewards ---> TOURGUIDESERVICE
getUserRewards ---> TOURGUIDESERVICE
getUserRewards ---> TOURGUIDESERVICE
getUserRewards ---> TOURGUIDESERVICE
getUserRewards ---> TOURGUIDESERVICE
getUserRewards ---> TOURGUIDESERVICE
getUserRewards ---> TOURGUIDESERVICE
getUserRewards ---> TOURGUIDESERVICE
getUserRewards ---> TOURGUIDESERVICE
getUserRewards ---> TOURGUIDESERVICE
getUserRewards ---> TOURGUIDESERVICE
getUserRewards ---> TOURGUIDESERVICE
getUserRewards ---> TOURGUIDESERVICE
getUserRewards ---> TOURGUIDESERVICE
getUserRewards ---> TOURGUIDESERVICE
getUserRewards ---> TOURGUIDESERVICE
getUserRewards ---> TOURGUIDESERVICE
getUserRewards ---> TOURGUIDESERVICE
getUserRewards ---> TOURGUIDESERVICE
getUserRewards ---> TOURGUIDESERVICE
getUserRewards ---> TOURGUIDESERVICE
getUserRewards ---> TOURGUIDESERVICE
getUserRewards ---> TOURGUIDESERVICE
getUserRewards ---> TOURGUIDESERVICE
getUserRewards ---> TOURGUIDESERVICE
getUserRewards ---> TOURGUIDESERVICE
getUserRewards ---> TOURGUIDESERVICE
getUserRewards ---> TOURGUIDESERVICE
getUserRewards ---> TOURGUIDESERVICE
getUserRewards ---> TOURGUIDESERVICE
getUserRewards ---> TOURGUIDESERVICE
getUserRewards ---> TOURGUIDESERVICE
getUserRewards ---> TOURGUIDESERVICE
getUserRewards ---> TOURGUIDESERVICE
getUserRewards ---> TOURGUIDESERVICE
getUserRewards ---> TOURGUIDESERVICE
getUserRewards ---> TOURGUIDESERVICE
getUserRewards ---> TOURGUIDESERVICE
getUserRewards ---> TOURGUIDESERVICE
getUserRewards ---> TOURGUIDESERVICE
getUserRewards ---> TOURGUIDESERVICE
getUserRewards ---> TOURGUIDESERVICE
getUserRewards ---> TOURGUIDESERVICE
getUserRewards ---> TOURGUIDESERVICE
getUserRewards ---> TOURGUIDESERVICE
getUserRewards ---> TOURGUIDESERVICE
getUserRewards ---> TOURGUIDESERVICE
getUserRewards ---> TOURGUIDESERVICE
getUserRewards ---> TOURGUIDESERVICE
getUserRewards ---> TOURGUIDESERVICE
getUserRewards ---> TOURGUIDESERVICE
getUserRewards ---> TOURGUIDESERVICE
getUserRewards ---> TOURGUIDESERVICE
getUserRewards ---> TOURGUIDESERVICE
getUserRewards ---> TOURGUIDESERVICE
getUserRewards ---> TOURGUIDESERVICE
getUserRewards ---> TOURGUIDESERVICE
getUserRewards ---> TOURGUIDESERVICE
getUserRewards ---> TOURGUIDESERVICE
getUserRewards ---> TOURGUIDESERVICE
getUserRewards ---> TOURGUIDESERVICE
getUserRewards ---> TOURGUIDESERVICE
getUserRewards ---> TOURGUIDESERVICE
getUserRewards ---> TOURGUIDESERVICE
getUserRewards ---> TOURGUIDESERVICE
getUserRewards ---> TOURGUIDESERVICE
getUserRewards ---> TOURGUIDESERVICE
getUserRewards ---> TOURGUIDESERVICE
getUserRewards ---> TOURGUIDESERVICE
getUserRewards ---> TOURGUIDESERVICE
getUserRewards ---> TOURGUIDESERVICE
getUserRewards ---> TOURGUIDESERVICE
getUserRewards ---> TOURGUIDESERVICE
getUserRewards ---> TOURGUIDESERVICE
getUserRewards ---> TOURGUIDESERVICE
getUserRewards ---> TOURGUIDESERVICE
getUserRewards ---> TOURGUIDESERVICE
getUserRewards ---> TOURGUIDESERVICE
getUserRewards ---> TOURGUIDESERVICE
getUserRewards ---> TOURGUIDESERVICE
getUserRewards ---> TOURGUIDESERVICE
getUserRewards ---> TOURGUIDESERVICE
getUserRewards ---> TOURGUIDESERVICE
getUserRewards ---> TOURGUIDESERVICE
getUserRewards ---> TOURGUIDESERVICE
getUserRewards ---> TOURGUIDESERVICE
getUserRewards ---> TOURGUIDESERVICE
getUserRewards ---> TOURGUIDESERVICE
getUserRewards ---> TOURGUIDESERVICE
getUserRewards ---> TOURGUIDESERVICE
getUserRewards ---> TOURGUIDESERVICE
getUserRewards ---> TOURGUIDESERVICE
getUserRewards ---> TOURGUIDESERVICE
getUserRewards ---> TOURGUIDESERVICE
getUserRewards ---> TOURGUIDESERVICE
getUserRewards ---> TOURGUIDESERVICE
getUserRewards ---> TOURGUIDESERVICE
getUserRewards ---> TOURGUIDESERVICE
getUserRewards ---> TOURGUIDESERVICE
getUserRewards ---> TOURGUIDESERVICE
getUserRewards ---> TOURGUIDESERVICE
getUserRewards ---> TOURGUIDESERVICE
getUserRewards ---> TOURGUIDESERVICE
getUserRewards ---> TOURGUIDESERVICE
getUserRewards ---> TOURGUIDESERVICE
getUserRewards ---> TOURGUIDESERVICE
getUserRewards ---> TOURGUIDESERVICE
getUserRewards ---> TOURGUIDESERVICE
getUserRewards ---> TOURGUIDESERVICE
getUserRewards ---> TOURGUIDESERVICE
getUserRewards ---> TOURGUIDESERVICE
getUserRewards ---> TOURGUIDESERVICE
getUserRewards ---> TOURGUIDESERVICE
getUserRewards ---> TOURGUIDESERVICE
getUserRewards ---> TOURGUIDESERVICE
getUserRewards ---> TOURGUIDESERVICE
getUserRewards ---> TOURGUIDESERVICE
getUserRewards ---> TOURGUIDESERVICE
getUserRewards ---> TOURGUIDESERVICE
getUserRewards ---> TOURGUIDESERVICE
getUserRewards ---> TOURGUIDESERVICE
getUserRewards ---> TOURGUIDESERVICE
getUserRewards ---> TOURGUIDESERVICE
getUserRewards ---> TOURGUIDESERVICE
getUserRewards ---> TOURGUIDESERVICE
getUserRewards ---> TOURGUIDESERVICE
getUserRewards ---> TOURGUIDESERVICE
getUserRewards ---> TOURGUIDESERVICE
getUserRewards ---> TOURGUIDESERVICE
getUserRewards ---> TOURGUIDESERVICE
getUserRewards ---> TOURGUIDESERVICE
getUserRewards ---> TOURGUIDESERVICE
getUserRewards ---> TOURGUIDESERVICE
getUserRewards ---> TOURGUIDESERVICE
getUserRewards ---> TOURGUIDESERVICE
getUserRewards ---> TOURGUIDESERVICE
getUserRewards ---> TOURGUIDESERVICE
getUserRewards ---> TOURGUIDESERVICE
getUserRewards ---> TOURGUIDESERVICE
getUserRewards ---> TOURGUIDESERVICE
getUserRewards ---> TOURGUIDESERVICE
getUserRewards ---> TOURGUIDESERVICE
getUserRewards ---> TOURGUIDESERVICE
getUserRewards ---> TOURGUIDESERVICE
getUserRewards ---> TOURGUIDESERVICE
getUserRewards ---> TOURGUIDESERVICE
getUserRewards ---> TOURGUIDESERVICE
getUserRewards ---> TOURGUIDESERVICE
getUserRewards ---> TOURGUIDESERVICE
getUserRewards ---> TOURGUIDESERVICE
getUserRewards ---> TOURGUIDESERVICE
getUserRewards ---> TOURGUIDESERVICE
getUserRewards ---> TOURGUIDESERVICE
getUserRewards ---> TOURGUIDESERVICE
getUserRewards ---> TOURGUIDESERVICE
getUserRewards ---> TOURGUIDESERVICE
getUserRewards ---> TOURGUIDESERVICE
getUserRewards ---> TOURGUIDESERVICE
getUserRewards ---> TOURGUIDESERVICE
getUserRewards ---> TOURGUIDESERVICE
getUserRewards ---> TOURGUIDESERVICE
getUserRewards ---> TOURGUIDESERVICE
getUserRewards ---> TOURGUIDESERVICE
getUserRewards ---> TOURGUIDESERVICE
getUserRewards ---> TOURGUIDESERVICE
getUserRewards ---> TOURGUIDESERVICE
getUserRewards ---> TOURGUIDESERVICE
getUserRewards ---> TOURGUIDESERVICE
getUserRewards ---> TOURGUIDESERVICE
getUserRewards ---> TOURGUIDESERVICE
getUserRewards ---> TOURGUIDESERVICE
getUserRewards ---> TOURGUIDESERVICE
getUserRewards ---> TOURGUIDESERVICE
getUserRewards ---> TOURGUIDESERVICE
getUserRewards ---> TOURGUIDESERVICE
getUserRewards ---> TOURGUIDESERVICE
getUserRewards ---> TOURGUIDESERVICE
getUserRewards ---> TOURGUIDESERVICE
getUserRewards ---> TOURGUIDESERVICE
getUserRewards ---> TOURGUIDESERVICE
getUserRewards ---> TOURGUIDESERVICE
getUserRewards ---> TOURGUIDESERVICE
getUserRewards ---> TOURGUIDESERVICE
getUserRewards ---> TOURGUIDESERVICE
getUserRewards ---> TOURGUIDESERVICE
getUserRewards ---> TOURGUIDESERVICE
getUserRewards ---> TOURGUIDESERVICE
getUserRewards ---> TOURGUIDESERVICE
getUserRewards ---> TOURGUIDESERVICE
getUserRewards ---> TOURGUIDESERVICE
getUserRewards ---> TOURGUIDESERVICE
getUserRewards ---> TOURGUIDESERVICE
getUserRewards ---> TOURGUIDESERVICE
getUserRewards ---> TOURGUIDESERVICE
getUserRewards ---> TOURGUIDESERVICE
getUserRewards ---> TOURGUIDESERVICE
getUserRewards ---> TOURGUIDESERVICE
getUserRewards ---> TOURGUIDESERVICE
getUserRewards ---> TOURGUIDESERVICE
getUserRewards ---> TOURGUIDESERVICE
getUserRewards ---> TOURGUIDESERVICE
getUserRewards ---> TOURGUIDESERVICE
getUserRewards ---> TOURGUIDESERVICE
getUserRewards ---> TOURGUIDESERVICE
getUserRewards ---> TOURGUIDESERVICE
getUserRewards ---> TOURGUIDESERVICE
getUserRewards ---> TOURGUIDESERVICE
getUserRewards ---> TOURGUIDESERVICE
getUserRewards ---> TOURGUIDESERVICE
getUserRewards ---> TOURGUIDESERVICE
getUserRewards ---> TOURGUIDESERVICE
getUserRewards ---> TOURGUIDESERVICE
getUserRewards ---> TOURGUIDESERVICE
getUserRewards ---> TOURGUIDESERVICE
getUserRewards ---> TOURGUIDESERVICE
getUserRewards ---> TOURGUIDESERVICE
getUserRewards ---> TOURGUIDESERVICE
getUserRewards ---> TOURGUIDESERVICE
getUserRewards ---> TOURGUIDESERVICE
getUserRewards ---> TOURGUIDESERVICE
getUserRewards ---> TOURGUIDESERVICE
getUserRewards ---> TOURGUIDESERVICE
getUserRewards ---> TOURGUIDESERVICE
getUserRewards ---> TOURGUIDESERVICE
getUserRewards ---> TOURGUIDESERVICE
getUserRewards ---> TOURGUIDESERVICE
getUserRewards ---> TOURGUIDESERVICE
getUserRewards ---> TOURGUIDESERVICE
getUserRewards ---> TOURGUIDESERVICE
getUserRewards ---> TOURGUIDESERVICE
getUserRewards ---> TOURGUIDESERVICE
getUserRewards ---> TOURGUIDESERVICE
getUserRewards ---> TOURGUIDESERVICE
getUserRewards ---> TOURGUIDESERVICE
getUserRewards ---> TOURGUIDESERVICE
getUserRewards ---> TOURGUIDESERVICE
getUserRewards ---> TOURGUIDESERVICE
getUserRewards ---> TOURGUIDESERVICE
getUserRewards ---> TOURGUIDESERVICE
getUserRewards ---> TOURGUIDESERVICE
getUserRewards ---> TOURGUIDESERVICE
getUserRewards ---> TOURGUIDESERVICE
getUserRewards ---> TOURGUIDESERVICE
getUserRewards ---> TOURGUIDESERVICE
getUserRewards ---> TOURGUIDESERVICE
getUserRewards ---> TOURGUIDESERVICE
getUserRewards ---> TOURGUIDESERVICE
getUserRewards ---> TOURGUIDESERVICE
getUserRewards ---> TOURGUIDESERVICE
getUserRewards ---> TOURGUIDESERVICE
getUserRewards ---> TOURGUIDESERVICE
getUserRewards ---> TOURGUIDESERVICE
getUserRewards ---> TOURGUIDESERVICE
getUserRewards ---> TOURGUIDESERVICE
getUserRewards ---> TOURGUIDESERVICE
getUserRewards ---> TOURGUIDESERVICE
getUserRewards ---> TOURGUIDESERVICE
getUserRewards ---> TOURGUIDESERVICE
getUserRewards ---> TOURGUIDESERVICE
getUserRewards ---> TOURGUIDESERVICE
getUserRewards ---> TOURGUIDESERVICE
getUserRewards ---> TOURGUIDESERVICE
getUserRewards ---> TOURGUIDESERVICE
getUserRewards ---> TOURGUIDESERVICE
getUserRewards ---> TOURGUIDESERVICE
getUserRewards ---> TOURGUIDESERVICE
getUserRewards ---> TOURGUIDESERVICE
getUserRewards ---> TOURGUIDESERVICE
getUserRewards ---> TOURGUIDESERVICE
getUserRewards ---> TOURGUIDESERVICE
getUserRewards ---> TOURGUIDESERVICE
getUserRewards ---> TOURGUIDESERVICE
getUserRewards ---> TOURGUIDESERVICE
getUserRewards ---> TOURGUIDESERVICE
getUserRewards ---> TOURGUIDESERVICE
getUserRewards ---> TOURGUIDESERVICE
getUserRewards ---> TOURGUIDESERVICE
getUserRewards ---> TOURGUIDESERVICE
getUserRewards ---> TOURGUIDESERVICE
getUserRewards ---> TOURGUIDESERVICE
getUserRewards ---> TOURGUIDESERVICE
getUserRewards ---> TOURGUIDESERVICE
getUserRewards ---> TOURGUIDESERVICE
getUserRewards ---> TOURGUIDESERVICE
getUserRewards ---> TOURGUIDESERVICE
getUserRewards ---> TOURGUIDESERVICE
getUserRewards ---> TOURGUIDESERVICE
getUserRewards ---> TOURGUIDESERVICE
getUserRewards ---> TOURGUIDESERVICE
getUserRewards ---> TOURGUIDESERVICE
getUserRewards ---> TOURGUIDESERVICE
getUserRewards ---> TOURGUIDESERVICE
getUserRewards ---> TOURGUIDESERVICE
getUserRewards ---> TOURGUIDESERVICE
getUserRewards ---> TOURGUIDESERVICE
getUserRewards ---> TOURGUIDESERVICE
getUserRewards ---> TOURGUIDESERVICE
getUserRewards ---> TOURGUIDESERVICE
getUserRewards ---> TOURGUIDESERVICE
getUserRewards ---> TOURGUIDESERVICE
getUserRewards ---> TOURGUIDESERVICE
getUserRewards ---> TOURGUIDESERVICE
getUserRewards ---> TOURGUIDESERVICE
getUserRewards ---> TOURGUIDESERVICE
getUserRewards ---> TOURGUIDESERVICE
getUserRewards ---> TOURGUIDESERVICE
getUserRewards ---> TOURGUIDESERVICE
getUserRewards ---> TOURGUIDESERVICE
getUserRewards ---> TOURGUIDESERVICE
getUserRewards ---> TOURGUIDESERVICE
getUserRewards ---> TOURGUIDESERVICE
getUserRewards ---> TOURGUIDESERVICE
getUserRewards ---> TOURGUIDESERVICE
getUserRewards ---> TOURGUIDESERVICE
getUserRewards ---> TOURGUIDESERVICE
getUserRewards ---> TOURGUIDESERVICE
getUserRewards ---> TOURGUIDESERVICE
getUserRewards ---> TOURGUIDESERVICE
getUserRewards ---> TOURGUIDESERVICE
getUserRewards ---> TOURGUIDESERVICE
getUserRewards ---> TOURGUIDESERVICE
getUserRewards ---> TOURGUIDESERVICE
getUserRewards ---> TOURGUIDESERVICE
getUserRewards ---> TOURGUIDESERVICE
getUserRewards ---> TOURGUIDESERVICE
getUserRewards ---> TOURGUIDESERVICE
getUserRewards ---> TOURGUIDESERVICE
getUserRewards ---> TOURGUIDESERVICE
getUserRewards ---> TOURGUIDESERVICE
getUserRewards ---> TOURGUIDESERVICE
getUserRewards ---> TOURGUIDESERVICE
getUserRewards ---> TOURGUIDESERVICE
getUserRewards ---> TOURGUIDESERVICE
getUserRewards ---> TOURGUIDESERVICE
getUserRewards ---> TOURGUIDESERVICE
getUserRewards ---> TOURGUIDESERVICE
getUserRewards ---> TOURGUIDESERVICE
getUserRewards ---> TOURGUIDESERVICE
getUserRewards ---> TOURGUIDESERVICE
getUserRewards ---> TOURGUIDESERVICE
getUserRewards ---> TOURGUIDESERVICE
getUserRewards ---> TOURGUIDESERVICE
getUserRewards ---> TOURGUIDESERVICE
getUserRewards ---> TOURGUIDESERVICE
getUserRewards ---> TOURGUIDESERVICE
getUserRewards ---> TOURGUIDESERVICE
getUserRewards ---> TOURGUIDESERVICE
getUserRewards ---> TOURGUIDESERVICE
getUserRewards ---> TOURGUIDESERVICE
getUserRewards ---> TOURGUIDESERVICE
getUserRewards ---> TOURGUIDESERVICE
getUserRewards ---> TOURGUIDESERVICE
getUserRewards ---> TOURGUIDESERVICE
getUserRewards ---> TOURGUIDESERVICE
getUserRewards ---> TOURGUIDESERVICE
getUserRewards ---> TOURGUIDESERVICE
getUserRewards ---> TOURGUIDESERVICE
getUserRewards ---> TOURGUIDESERVICE
getUserRewards ---> TOURGUIDESERVICE
getUserRewards ---> TOURGUIDESERVICE
getUserRewards ---> TOURGUIDESERVICE
getUserRewards ---> TOURGUIDESERVICE
getUserRewards ---> TOURGUIDESERVICE
getUserRewards ---> TOURGUIDESERVICE
getUserRewards ---> TOURGUIDESERVICE
getUserRewards ---> TOURGUIDESERVICE
getUserRewards ---> TOURGUIDESERVICE
getUserRewards ---> TOURGUIDESERVICE
getUserRewards ---> TOURGUIDESERVICE
getUserRewards ---> TOURGUIDESERVICE
getUserRewards ---> TOURGUIDESERVICE
getUserRewards ---> TOURGUIDESERVICE
getUserRewards ---> TOURGUIDESERVICE
getUserRewards ---> TOURGUIDESERVICE
getUserRewards ---> TOURGUIDESERVICE
getUserRewards ---> TOURGUIDESERVICE
getUserRewards ---> TOURGUIDESERVICE
getUserRewards ---> TOURGUIDESERVICE
getUserRewards ---> TOURGUIDESERVICE
getUserRewards ---> TOURGUIDESERVICE
getUserRewards ---> TOURGUIDESERVICE
getUserRewards ---> TOURGUIDESERVICE
getUserRewards ---> TOURGUIDESERVICE
getUserRewards ---> TOURGUIDESERVICE
getUserRewards ---> TOURGUIDESERVICE
getUserRewards ---> TOURGUIDESERVICE
getUserRewards ---> TOURGUIDESERVICE
getUserRewards ---> TOURGUIDESERVICE
getUserRewards ---> TOURGUIDESERVICE
getUserRewards ---> TOURGUIDESERVICE
getUserRewards ---> TOURGUIDESERVICE
getUserRewards ---> TOURGUIDESERVICE
getUserRewards ---> TOURGUIDESERVICE
getUserRewards ---> TOURGUIDESERVICE
getUserRewards ---> TOURGUIDESERVICE
getUserRewards ---> TOURGUIDESERVICE
getUserRewards ---> TOURGUIDESERVICE
getUserRewards ---> TOURGUIDESERVICE
getUserRewards ---> TOURGUIDESERVICE
getUserRewards ---> TOURGUIDESERVICE
getUserRewards ---> TOURGUIDESERVICE
getUserRewards ---> TOURGUIDESERVICE
getUserRewards ---> TOURGUIDESERVICE
getUserRewards ---> TOURGUIDESERVICE
getUserRewards ---> TOURGUIDESERVICE
getUserRewards ---> TOURGUIDESERVICE
getUserRewards ---> TOURGUIDESERVICE
getUserRewards ---> TOURGUIDESERVICE
getUserRewards ---> TOURGUIDESERVICE
getUserRewards ---> TOURGUIDESERVICE
getUserRewards ---> TOURGUIDESERVICE
getUserRewards ---> TOURGUIDESERVICE
getUserRewards ---> TOURGUIDESERVICE
getUserRewards ---> TOURGUIDESERVICE
getUserRewards ---> TOURGUIDESERVICE
getUserRewards ---> TOURGUIDESERVICE
getUserRewards ---> TOURGUIDESERVICE
getUserRewards ---> TOURGUIDESERVICE
getUserRewards ---> TOURGUIDESERVICE
getUserRewards ---> TOURGUIDESERVICE
getUserRewards ---> TOURGUIDESERVICE
getUserRewards ---> TOURGUIDESERVICE
getUserRewards ---> TOURGUIDESERVICE
getUserRewards ---> TOURGUIDESERVICE
getUserRewards ---> TOURGUIDESERVICE
getUserRewards ---> TOURGUIDESERVICE
getUserRewards ---> TOURGUIDESERVICE
getUserRewards ---> TOURGUIDESERVICE
getUserRewards ---> TOURGUIDESERVICE
getUserRewards ---> TOURGUIDESERVICE
getUserRewards ---> TOURGUIDESERVICE
getUserRewards ---> TOURGUIDESERVICE
getUserRewards ---> TOURGUIDESERVICE
getUserRewards ---> TOURGUIDESERVICE
getUserRewards ---> TOURGUIDESERVICE
getUserRewards ---> TOURGUIDESERVICE
getUserRewards ---> TOURGUIDESERVICE
getUserRewards ---> TOURGUIDESERVICE
getUserRewards ---> TOURGUIDESERVICE
getUserRewards ---> TOURGUIDESERVICE
getUserRewards ---> TOURGUIDESERVICE
getUserRewards ---> TOURGUIDESERVICE
getUserRewards ---> TOURGUIDESERVICE
getUserRewards ---> TOURGUIDESERVICE
getUserRewards ---> TOURGUIDESERVICE
getUserRewards ---> TOURGUIDESERVICE
getUserRewards ---> TOURGUIDESERVICE
getUserRewards ---> TOURGUIDESERVICE
getUserRewards ---> TOURGUIDESERVICE
getUserRewards ---> TOURGUIDESERVICE
getUserRewards ---> TOURGUIDESERVICE
getUserRewards ---> TOURGUIDESERVICE
getUserRewards ---> TOURGUIDESERVICE
getUserRewards ---> TOURGUIDESERVICE
getUserRewards ---> TOURGUIDESERVICE
getUserRewards ---> TOURGUIDESERVICE
getUserRewards ---> TOURGUIDESERVICE
getUserRewards ---> TOURGUIDESERVICE
getUserRewards ---> TOURGUIDESERVICE
getUserRewards ---> TOURGUIDESERVICE
getUserRewards ---> TOURGUIDESERVICE
getUserRewards ---> TOURGUIDESERVICE
getUserRewards ---> TOURGUIDESERVICE
getUserRewards ---> TOURGUIDESERVICE
getUserRewards ---> TOURGUIDESERVICE
getUserRewards ---> TOURGUIDESERVICE
getUserRewards ---> TOURGUIDESERVICE
getUserRewards ---> TOURGUIDESERVICE
getUserRewards ---> TOURGUIDESERVICE
getUserRewards ---> TOURGUIDESERVICE
getUserRewards ---> TOURGUIDESERVICE
getUserRewards ---> TOURGUIDESERVICE
getUserRewards ---> TOURGUIDESERVICE
getUserRewards ---> TOURGUIDESERVICE
getUserRewards ---> TOURGUIDESERVICE
getUserRewards ---> TOURGUIDESERVICE
getUserRewards ---> TOURGUIDESERVICE
getUserRewards ---> TOURGUIDESERVICE
getUserRewards ---> TOURGUIDESERVICE
getUserRewards ---> TOURGUIDESERVICE
getUserRewards ---> TOURGUIDESERVICE
getUserRewards ---> TOURGUIDESERVICE
getUserRewards ---> TOURGUIDESERVICE
getUserRewards ---> TOURGUIDESERVICE
getUserRewards ---> TOURGUIDESERVICE
getUserRewards ---> TOURGUIDESERVICE
getUserRewards ---> TOURGUIDESERVICE
getUserRewards ---> TOURGUIDESERVICE
getUserRewards ---> TOURGUIDESERVICE
getUserRewards ---> TOURGUIDESERVICE
getUserRewards ---> TOURGUIDESERVICE
getUserRewards ---> TOURGUIDESERVICE
getUserRewards ---> TOURGUIDESERVICE
getUserRewards ---> TOURGUIDESERVICE
getUserRewards ---> TOURGUIDESERVICE
getUserRewards ---> TOURGUIDESERVICE
getUserRewards ---> TOURGUIDESERVICE
getUserRewards ---> TOURGUIDESERVICE
getUserRewards ---> TOURGUIDESERVICE
getUserRewards ---> TOURGUIDESERVICE
getUserRewards ---> TOURGUIDESERVICE
getUserRewards ---> TOURGUIDESERVICE
getUserRewards ---> TOURGUIDESERVICE
getUserRewards ---> TOURGUIDESERVICE
getUserRewards ---> TOURGUIDESERVICE
getUserRewards ---> TOURGUIDESERVICE
getUserRewards ---> TOURGUIDESERVICE
getUserRewards ---> TOURGUIDESERVICE
getUserRewards ---> TOURGUIDESERVICE
getUserRewards ---> TOURGUIDESERVICE
getUserRewards ---> TOURGUIDESERVICE
getUserRewards ---> TOURGUIDESERVICE
getUserRewards ---> TOURGUIDESERVICE
getUserRewards ---> TOURGUIDESERVICE
getUserRewards ---> TOURGUIDESERVICE
getUserRewards ---> TOURGUIDESERVICE
getUserRewards ---> TOURGUIDESERVICE
getUserRewards ---> TOURGUIDESERVICE
getUserRewards ---> TOURGUIDESERVICE
getUserRewards ---> TOURGUIDESERVICE
getUserRewards ---> TOURGUIDESERVICE
getUserRewards ---> TOURGUIDESERVICE
getUserRewards ---> TOURGUIDESERVICE
getUserRewards ---> TOURGUIDESERVICE
getUserRewards ---> TOURGUIDESERVICE
getUserRewards ---> TOURGUIDESERVICE
getUserRewards ---> TOURGUIDESERVICE
getUserRewards ---> TOURGUIDESERVICE
getUserRewards ---> TOURGUIDESERVICE
getUserRewards ---> TOURGUIDESERVICE
getUserRewards ---> TOURGUIDESERVICE
getUserRewards ---> TOURGUIDESERVICE
getUserRewards ---> TOURGUIDESERVICE
getUserRewards ---> TOURGUIDESERVICE
getUserRewards ---> TOURGUIDESERVICE
getUserRewards ---> TOURGUIDESERVICE
getUserRewards ---> TOURGUIDESERVICE
getUserRewards ---> TOURGUIDESERVICE
getUserRewards ---> TOURGUIDESERVICE
getUserRewards ---> TOURGUIDESERVICE
getUserRewards ---> TOURGUIDESERVICE
getUserRewards ---> TOURGUIDESERVICE
getUserRewards ---> TOURGUIDESERVICE
getUserRewards ---> TOURGUIDESERVICE
getUserRewards ---> TOURGUIDESERVICE
getUserRewards ---> TOURGUIDESERVICE
getUserRewards ---> TOURGUIDESERVICE
getUserRewards ---> TOURGUIDESERVICE
getUserRewards ---> TOURGUIDESERVICE
getUserRewards ---> TOURGUIDESERVICE
getUserRewards ---> TOURGUIDESERVICE
getUserRewards ---> TOURGUIDESERVICE
getUserRewards ---> TOURGUIDESERVICE
getUserRewards ---> TOURGUIDESERVICE
getUserRewards ---> TOURGUIDESERVICE
getUserRewards ---> TOURGUIDESERVICE
getUserRewards ---> TOURGUIDESERVICE
getUserRewards ---> TOURGUIDESERVICE
getUserRewards ---> TOURGUIDESERVICE
getUserRewards ---> TOURGUIDESERVICE
getUserRewards ---> TOURGUIDESERVICE
getUserRewards ---> TOURGUIDESERVICE
getUserRewards ---> TOURGUIDESERVICE
getUserRewards ---> TOURGUIDESERVICE
getUserRewards ---> TOURGUIDESERVICE
getUserRewards ---> TOURGUIDESERVICE
getUserRewards ---> TOURGUIDESERVICE
getUserRewards ---> TOURGUIDESERVICE
getUserRewards ---> TOURGUIDESERVICE
getUserRewards ---> TOURGUIDESERVICE
getUserRewards ---> TOURGUIDESERVICE
getUserRewards ---> TOURGUIDESERVICE
getUserRewards ---> TOURGUIDESERVICE
getUserRewards ---> TOURGUIDESERVICE
getUserRewards ---> TOURGUIDESERVICE
getUserRewards ---> TOURGUIDESERVICE
getUserRewards ---> TOURGUIDESERVICE
getUserRewards ---> TOURGUIDESERVICE
getUserRewards ---> TOURGUIDESERVICE
getUserRewards ---> TOURGUIDESERVICE
getUserRewards ---> TOURGUIDESERVICE
getUserRewards ---> TOURGUIDESERVICE
getUserRewards ---> TOURGUIDESERVICE
getUserRewards ---> TOURGUIDESERVICE
getUserRewards ---> TOURGUIDESERVICE
getUserRewards ---> TOURGUIDESERVICE
getUserRewards ---> TOURGUIDESERVICE
getUserRewards ---> TOURGUIDESERVICE
getUserRewards ---> TOURGUIDESERVICE
getUserRewards ---> TOURGUIDESERVICE
getUserRewards ---> TOURGUIDESERVICE
getUserRewards ---> TOURGUIDESERVICE
getUserRewards ---> TOURGUIDESERVICE
getUserRewards ---> TOURGUIDESERVICE
getUserRewards ---> TOURGUIDESERVICE
getUserRewards ---> TOURGUIDESERVICE
getUserRewards ---> TOURGUIDESERVICE
getUserRewards ---> TOURGUIDESERVICE
getUserRewards ---> TOURGUIDESERVICE
getUserRewards ---> TOURGUIDESERVICE
getUserRewards ---> TOURGUIDESERVICE
getUserRewards ---> TOURGUIDESERVICE
getUserRewards ---> TOURGUIDESERVICE
getUserRewards ---> TOURGUIDESERVICE
getUserRewards ---> TOURGUIDESERVICE
getUserRewards ---> TOURGUIDESERVICE
getUserRewards ---> TOURGUIDESERVICE
getUserRewards ---> TOURGUIDESERVICE
getUserRewards ---> TOURGUIDESERVICE
getUserRewards ---> TOURGUIDESERVICE
getUserRewards ---> TOURGUIDESERVICE
getUserRewards ---> TOURGUIDESERVICE
getUserRewards ---> TOURGUIDESERVICE
getUserRewards ---> TOURGUIDESERVICE
getUserRewards ---> TOURGUIDESERVICE
getUserRewards ---> TOURGUIDESERVICE
getUserRewards ---> TOURGUIDESERVICE
getUserRewards ---> TOURGUIDESERVICE
getUserRewards ---> TOURGUIDESERVICE
getUserRewards ---> TOURGUIDESERVICE
getUserRewards ---> TOURGUIDESERVICE
getUserRewards ---> TOURGUIDESERVICE
getUserRewards ---> TOURGUIDESERVICE
getUserRewards ---> TOURGUIDESERVICE
getUserRewards ---> TOURGUIDESERVICE
getUserRewards ---> TOURGUIDESERVICE
getUserRewards ---> TOURGUIDESERVICE
getUserRewards ---> TOURGUIDESERVICE
getUserRewards ---> TOURGUIDESERVICE
getUserRewards ---> TOURGUIDESERVICE
getUserRewards ---> TOURGUIDESERVICE
getUserRewards ---> TOURGUIDESERVICE
getUserRewards ---> TOURGUIDESERVICE
getUserRewards ---> TOURGUIDESERVICE
getUserRewards ---> TOURGUIDESERVICE
getUserRewards ---> TOURGUIDESERVICE
getUserRewards ---> TOURGUIDESERVICE
getUserRewards ---> TOURGUIDESERVICE
getUserRewards ---> TOURGUIDESERVICE
getUserRewards ---> TOURGUIDESERVICE
getUserRewards ---> TOURGUIDESERVICE
getUserRewards ---> TOURGUIDESERVICE
getUserRewards ---> TOURGUIDESERVICE
getUserRewards ---> TOURGUIDESERVICE
getUserRewards ---> TOURGUIDESERVICE
getUserRewards ---> TOURGUIDESERVICE
getUserRewards ---> TOURGUIDESERVICE
getUserRewards ---> TOURGUIDESERVICE
getUserRewards ---> TOURGUIDESERVICE
getUserRewards ---> TOURGUIDESERVICE
getUserRewards ---> TOURGUIDESERVICE
getUserRewards ---> TOURGUIDESERVICE
getUserRewards ---> TOURGUIDESERVICE
getUserRewards ---> TOURGUIDESERVICE
getUserRewards ---> TOURGUIDESERVICE
getUserRewards ---> TOURGUIDESERVICE
getUserRewards ---> TOURGUIDESERVICE
getUserRewards ---> TOURGUIDESERVICE
getUserRewards ---> TOURGUIDESERVICE
getUserRewards ---> TOURGUIDESERVICE
getUserRewards ---> TOURGUIDESERVICE
getUserRewards ---> TOURGUIDESERVICE
getUserRewards ---> TOURGUIDESERVICE
getUserRewards ---> TOURGUIDESERVICE
getUserRewards ---> TOURGUIDESERVICE
getUserRewards ---> TOURGUIDESERVICE
getUserRewards ---> TOURGUIDESERVICE
getUserRewards ---> TOURGUIDESERVICE
getUserRewards ---> TOURGUIDESERVICE
getUserRewards ---> TOURGUIDESERVICE
getUserRewards ---> TOURGUIDESERVICE
getUserRewards ---> TOURGUIDESERVICE
getUserRewards ---> TOURGUIDESERVICE
getUserRewards ---> TOURGUIDESERVICE
getUserRewards ---> TOURGUIDESERVICE
getUserRewards ---> TOURGUIDESERVICE
getUserRewards ---> TOURGUIDESERVICE
getUserRewards ---> TOURGUIDESERVICE
getUserRewards ---> TOURGUIDESERVICE
getUserRewards ---> TOURGUIDESERVICE
getUserRewards ---> TOURGUIDESERVICE
getUserRewards ---> TOURGUIDESERVICE
getUserRewards ---> TOURGUIDESERVICE
getUserRewards ---> TOURGUIDESERVICE
getUserRewards ---> TOURGUIDESERVICE
getUserRewards ---> TOURGUIDESERVICE
getUserRewards ---> TOURGUIDESERVICE
getUserRewards ---> TOURGUIDESERVICE
getUserRewards ---> TOURGUIDESERVICE
getUserRewards ---> TOURGUIDESERVICE
getUserRewards ---> TOURGUIDESERVICE
getUserRewards ---> TOURGUIDESERVICE
getUserRewards ---> TOURGUIDESERVICE
getUserRewards ---> TOURGUIDESERVICE
getUserRewards ---> TOURGUIDESERVICE
getUserRewards ---> TOURGUIDESERVICE
getUserRewards ---> TOURGUIDESERVICE
getUserRewards ---> TOURGUIDESERVICE
getUserRewards ---> TOURGUIDESERVICE
getUserRewards ---> TOURGUIDESERVICE
getUserRewards ---> TOURGUIDESERVICE
getUserRewards ---> TOURGUIDESERVICE
getUserRewards ---> TOURGUIDESERVICE
getUserRewards ---> TOURGUIDESERVICE
getUserRewards ---> TOURGUIDESERVICE
getUserRewards ---> TOURGUIDESERVICE
getUserRewards ---> TOURGUIDESERVICE
getUserRewards ---> TOURGUIDESERVICE
getUserRewards ---> TOURGUIDESERVICE
getUserRewards ---> TOURGUIDESERVICE
getUserRewards ---> TOURGUIDESERVICE
getUserRewards ---> TOURGUIDESERVICE
getUserRewards ---> TOURGUIDESERVICE
getUserRewards ---> TOURGUIDESERVICE
getUserRewards ---> TOURGUIDESERVICE
getUserRewards ---> TOURGUIDESERVICE
getUserRewards ---> TOURGUIDESERVICE
getUserRewards ---> TOURGUIDESERVICE
getUserRewards ---> TOURGUIDESERVICE
getUserRewards ---> TOURGUIDESERVICE
getUserRewards ---> TOURGUIDESERVICE
getUserRewards ---> TOURGUIDESERVICE
getUserRewards ---> TOURGUIDESERVICE
getUserRewards ---> TOURGUIDESERVICE
getUserRewards ---> TOURGUIDESERVICE
getUserRewards ---> TOURGUIDESERVICE
getUserRewards ---> TOURGUIDESERVICE
getUserRewards ---> TOURGUIDESERVICE
getUserRewards ---> TOURGUIDESERVICE
getUserRewards ---> TOURGUIDESERVICE
getUserRewards ---> TOURGUIDESERVICE
getUserRewards ---> TOURGUIDESERVICE
getUserRewards ---> TOURGUIDESERVICE
getUserRewards ---> TOURGUIDESERVICE
getUserRewards ---> TOURGUIDESERVICE
getUserRewards ---> TOURGUIDESERVICE
getUserRewards ---> TOURGUIDESERVICE
getUserRewards ---> TOURGUIDESERVICE
getUserRewards ---> TOURGUIDESERVICE
getUserRewards ---> TOURGUIDESERVICE
getUserRewards ---> TOURGUIDESERVICE
getUserRewards ---> TOURGUIDESERVICE
getUserRewards ---> TOURGUIDESERVICE
getUserRewards ---> TOURGUIDESERVICE
getUserRewards ---> TOURGUIDESERVICE
getUserRewards ---> TOURGUIDESERVICE
getUserRewards ---> TOURGUIDESERVICE
getUserRewards ---> TOURGUIDESERVICE
getUserRewards ---> TOURGUIDESERVICE
getUserRewards ---> TOURGUIDESERVICE
getUserRewards ---> TOURGUIDESERVICE
getUserRewards ---> TOURGUIDESERVICE
getUserRewards ---> TOURGUIDESERVICE
getUserRewards ---> TOURGUIDESERVICE
getUserRewards ---> TOURGUIDESERVICE
getUserRewards ---> TOURGUIDESERVICE
getUserRewards ---> TOURGUIDESERVICE
getUserRewards ---> TOURGUIDESERVICE
getUserRewards ---> TOURGUIDESERVICE
getUserRewards ---> TOURGUIDESERVICE
getUserRewards ---> TOURGUIDESERVICE
getUserRewards ---> TOURGUIDESERVICE
getUserRewards ---> TOURGUIDESERVICE
getUserRewards ---> TOURGUIDESERVICE
getUserRewards ---> TOURGUIDESERVICE
getUserRewards ---> TOURGUIDESERVICE
getUserRewards ---> TOURGUIDESERVICE
getUserRewards ---> TOURGUIDESERVICE
getUserRewards ---> TOURGUIDESERVICE
getUserRewards ---> TOURGUIDESERVICE
getUserRewards ---> TOURGUIDESERVICE
getUserRewards ---> TOURGUIDESERVICE
getUserRewards ---> TOURGUIDESERVICE
getUserRewards ---> TOURGUIDESERVICE
getUserRewards ---> TOURGUIDESERVICE
getUserRewards ---> TOURGUIDESERVICE
getUserRewards ---> TOURGUIDESERVICE
getUserRewards ---> TOURGUIDESERVICE
getUserRewards ---> TOURGUIDESERVICE
getUserRewards ---> TOURGUIDESERVICE
getUserRewards ---> TOURGUIDESERVICE
getUserRewards ---> TOURGUIDESERVICE
getUserRewards ---> TOURGUIDESERVICE
getUserRewards ---> TOURGUIDESERVICE
getUserRewards ---> TOURGUIDESERVICE
getUserRewards ---> TOURGUIDESERVICE
getUserRewards ---> TOURGUIDESERVICE
getUserRewards ---> TOURGUIDESERVICE
getUserRewards ---> TOURGUIDESERVICE
getUserRewards ---> TOURGUIDESERVICE
getUserRewards ---> TOURGUIDESERVICE
getUserRewards ---> TOURGUIDESERVICE
getUserRewards ---> TOURGUIDESERVICE
getUserRewards ---> TOURGUIDESERVICE
getUserRewards ---> TOURGUIDESERVICE
getUserRewards ---> TOURGUIDESERVICE
getUserRewards ---> TOURGUIDESERVICE
getUserRewards ---> TOURGUIDESERVICE
getUserRewards ---> TOURGUIDESERVICE
getUserRewards ---> TOURGUIDESERVICE
getUserRewards ---> TOURGUIDESERVICE
getUserRewards ---> TOURGUIDESERVICE
getUserRewards ---> TOURGUIDESERVICE
getUserRewards ---> TOURGUIDESERVICE
getUserRewards ---> TOURGUIDESERVICE
getUserRewards ---> TOURGUIDESERVICE
getUserRewards ---> TOURGUIDESERVICE
getUserRewards ---> TOURGUIDESERVICE
getUserRewards ---> TOURGUIDESERVICE
getUserRewards ---> TOURGUIDESERVICE
getUserRewards ---> TOURGUIDESERVICE
getUserRewards ---> TOURGUIDESERVICE
getUserRewards ---> TOURGUIDESERVICE
getUserRewards ---> TOURGUIDESERVICE
getUserRewards ---> TOURGUIDESERVICE
getUserRewards ---> TOURGUIDESERVICE
getUserRewards ---> TOURGUIDESERVICE
getUserRewards ---> TOURGUIDESERVICE
getUserRewards ---> TOURGUIDESERVICE
getUserRewards ---> TOURGUIDESERVICE
getUserRewards ---> TOURGUIDESERVICE
getUserRewards ---> TOURGUIDESERVICE
getUserRewards ---> TOURGUIDESERVICE
getUserRewards ---> TOURGUIDESERVICE
getUserRewards ---> TOURGUIDESERVICE
getUserRewards ---> TOURGUIDESERVICE
getUserRewards ---> TOURGUIDESERVICE
getUserRewards ---> TOURGUIDESERVICE
getUserRewards ---> TOURGUIDESERVICE
getUserRewards ---> TOURGUIDESERVICE
getUserRewards ---> TOURGUIDESERVICE
getUserRewards ---> TOURGUIDESERVICE
getUserRewards ---> TOURGUIDESERVICE
getUserRewards ---> TOURGUIDESERVICE
getUserRewards ---> TOURGUIDESERVICE
getUserRewards ---> TOURGUIDESERVICE
getUserRewards ---> TOURGUIDESERVICE
getUserRewards ---> TOURGUIDESERVICE
getUserRewards ---> TOURGUIDESERVICE
getUserRewards ---> TOURGUIDESERVICE
getUserRewards ---> TOURGUIDESERVICE
getUserRewards ---> TOURGUIDESERVICE
getUserRewards ---> TOURGUIDESERVICE
getUserRewards ---> TOURGUIDESERVICE
getUserRewards ---> TOURGUIDESERVICE
getUserRewards ---> TOURGUIDESERVICE
getUserRewards ---> TOURGUIDESERVICE
getUserRewards ---> TOURGUIDESERVICE
getUserRewards ---> TOURGUIDESERVICE
getUserRewards ---> TOURGUIDESERVICE
getUserRewards ---> TOURGUIDESERVICE
getUserRewards ---> TOURGUIDESERVICE
getUserRewards ---> TOURGUIDESERVICE
getUserRewards ---> TOURGUIDESERVICE
getUserRewards ---> TOURGUIDESERVICE
getUserRewards ---> TOURGUIDESERVICE
getUserRewards ---> TOURGUIDESERVICE
getUserRewards ---> TOURGUIDESERVICE
getUserRewards ---> TOURGUIDESERVICE
getUserRewards ---> TOURGUIDESERVICE
getUserRewards ---> TOURGUIDESERVICE
getUserRewards ---> TOURGUIDESERVICE
getUserRewards ---> TOURGUIDESERVICE
getUserRewards ---> TOURGUIDESERVICE
getUserRewards ---> TOURGUIDESERVICE
getUserRewards ---> TOURGUIDESERVICE
getUserRewards ---> TOURGUIDESERVICE
getUserRewards ---> TOURGUIDESERVICE
getUserRewards ---> TOURGUIDESERVICE
getUserRewards ---> TOURGUIDESERVICE
getUserRewards ---> TOURGUIDESERVICE
getUserRewards ---> TOURGUIDESERVICE
getUserRewards ---> TOURGUIDESERVICE
getUserRewards ---> TOURGUIDESERVICE
getUserRewards ---> TOURGUIDESERVICE
getUserRewards ---> TOURGUIDESERVICE
getUserRewards ---> TOURGUIDESERVICE
getUserRewards ---> TOURGUIDESERVICE
getUserRewards ---> TOURGUIDESERVICE
getUserRewards ---> TOURGUIDESERVICE
getUserRewards ---> TOURGUIDESERVICE
getUserRewards ---> TOURGUIDESERVICE
getUserRewards ---> TOURGUIDESERVICE
getUserRewards ---> TOURGUIDESERVICE
getUserRewards ---> TOURGUIDESERVICE
getUserRewards ---> TOURGUIDESERVICE
getUserRewards ---> TOURGUIDESERVICE
getUserRewards ---> TOURGUIDESERVICE
getUserRewards ---> TOURGUIDESERVICE
getUserRewards ---> TOURGUIDESERVICE
getUserRewards ---> TOURGUIDESERVICE
getUserRewards ---> TOURGUIDESERVICE
getUserRewards ---> TOURGUIDESERVICE
getUserRewards ---> TOURGUIDESERVICE
getUserRewards ---> TOURGUIDESERVICE
getUserRewards ---> TOURGUIDESERVICE
getUserRewards ---> TOURGUIDESERVICE
getUserRewards ---> TOURGUIDESERVICE
getUserRewards ---> TOURGUIDESERVICE
getUserRewards ---> TOURGUIDESERVICE
getUserRewards ---> TOURGUIDESERVICE
getUserRewards ---> TOURGUIDESERVICE
getUserRewards ---> TOURGUIDESERVICE
getUserRewards ---> TOURGUIDESERVICE
getUserRewards ---> TOURGUIDESERVICE
getUserRewards ---> TOURGUIDESERVICE
getUserRewards ---> TOURGUIDESERVICE
getUserRewards ---> TOURGUIDESERVICE
getUserRewards ---> TOURGUIDESERVICE
getUserRewards ---> TOURGUIDESERVICE
getUserRewards ---> TOURGUIDESERVICE
getUserRewards ---> TOURGUIDESERVICE
getUserRewards ---> TOURGUIDESERVICE
getUserRewards ---> TOURGUIDESERVICE
getUserRewards ---> TOURGUIDESERVICE
getUserRewards ---> TOURGUIDESERVICE
getUserRewards ---> TOURGUIDESERVICE
getUserRewards ---> TOURGUIDESERVICE
getUserRewards ---> TOURGUIDESERVICE
getUserRewards ---> TOURGUIDESERVICE
getUserRewards ---> TOURGUIDESERVICE
getUserRewards ---> TOURGUIDESERVICE
getUserRewards ---> TOURGUIDESERVICE
getUserRewards ---> TOURGUIDESERVICE
getUserRewards ---> TOURGUIDESERVICE
getUserRewards ---> TOURGUIDESERVICE
getUserRewards ---> TOURGUIDESERVICE
getUserRewards ---> TOURGUIDESERVICE
getUserRewards ---> TOURGUIDESERVICE
getUserRewards ---> TOURGUIDESERVICE
getUserRewards ---> TOURGUIDESERVICE
getUserRewards ---> TOURGUIDESERVICE
getUserRewards ---> TOURGUIDESERVICE
getUserRewards ---> TOURGUIDESERVICE
getUserRewards ---> TOURGUIDESERVICE
getUserRewards ---> TOURGUIDESERVICE
getUserRewards ---> TOURGUIDESERVICE
getUserRewards ---> TOURGUIDESERVICE
getUserRewards ---> TOURGUIDESERVICE
getUserRewards ---> TOURGUIDESERVICE
getUserRewards ---> TOURGUIDESERVICE
getUserRewards ---> TOURGUIDESERVICE
getUserRewards ---> TOURGUIDESERVICE
getUserRewards ---> TOURGUIDESERVICE
getUserRewards ---> TOURGUIDESERVICE
getUserRewards ---> TOURGUIDESERVICE
getUserRewards ---> TOURGUIDESERVICE
getUserRewards ---> TOURGUIDESERVICE
getUserRewards ---> TOURGUIDESERVICE
getUserRewards ---> TOURGUIDESERVICE
getUserRewards ---> TOURGUIDESERVICE
getUserRewards ---> TOURGUIDESERVICE
getUserRewards ---> TOURGUIDESERVICE
getUserRewards ---> TOURGUIDESERVICE
getUserRewards ---> TOURGUIDESERVICE
getUserRewards ---> TOURGUIDESERVICE
getUserRewards ---> TOURGUIDESERVICE
getUserRewards ---> TOURGUIDESERVICE
getUserRewards ---> TOURGUIDESERVICE
getUserRewards ---> TOURGUIDESERVICE
getUserRewards ---> TOURGUIDESERVICE
getUserRewards ---> TOURGUIDESERVICE
getUserRewards ---> TOURGUIDESERVICE
getUserRewards ---> TOURGUIDESERVICE
getUserRewards ---> TOURGUIDESERVICE
getUserRewards ---> TOURGUIDESERVICE
getUserRewards ---> TOURGUIDESERVICE
getUserRewards ---> TOURGUIDESERVICE
getUserRewards ---> TOURGUIDESERVICE
getUserRewards ---> TOURGUIDESERVICE
getUserRewards ---> TOURGUIDESERVICE
getUserRewards ---> TOURGUIDESERVICE
getUserRewards ---> TOURGUIDESERVICE
getUserRewards ---> TOURGUIDESERVICE
getUserRewards ---> TOURGUIDESERVICE
getUserRewards ---> TOURGUIDESERVICE
getUserRewards ---> TOURGUIDESERVICE
getUserRewards ---> TOURGUIDESERVICE
getUserRewards ---> TOURGUIDESERVICE
getUserRewards ---> TOURGUIDESERVICE
getUserRewards ---> TOURGUIDESERVICE
getUserRewards ---> TOURGUIDESERVICE
getUserRewards ---> TOURGUIDESERVICE
getUserRewards ---> TOURGUIDESERVICE
getUserRewards ---> TOURGUIDESERVICE
getUserRewards ---> TOURGUIDESERVICE
getUserRewards ---> TOURGUIDESERVICE
getUserRewards ---> TOURGUIDESERVICE
getUserRewards ---> TOURGUIDESERVICE
getUserRewards ---> TOURGUIDESERVICE
getUserRewards ---> TOURGUIDESERVICE
getUserRewards ---> TOURGUIDESERVICE
getUserRewards ---> TOURGUIDESERVICE
getUserRewards ---> TOURGUIDESERVICE
getUserRewards ---> TOURGUIDESERVICE
getUserRewards ---> TOURGUIDESERVICE
getUserRewards ---> TOURGUIDESERVICE
getUserRewards ---> TOURGUIDESERVICE
getUserRewards ---> TOURGUIDESERVICE
getUserRewards ---> TOURGUIDESERVICE
getUserRewards ---> TOURGUIDESERVICE
getUserRewards ---> TOURGUIDESERVICE
getUserRewards ---> TOURGUIDESERVICE
getUserRewards ---> TOURGUIDESERVICE
getUserRewards ---> TOURGUIDESERVICE
getUserRewards ---> TOURGUIDESERVICE
getUserRewards ---> TOURGUIDESERVICE
getUserRewards ---> TOURGUIDESERVICE
getUserRewards ---> TOURGUIDESERVICE
getUserRewards ---> TOURGUIDESERVICE
getUserRewards ---> TOURGUIDESERVICE
getUserRewards ---> TOURGUIDESERVICE
getUserRewards ---> TOURGUIDESERVICE
getUserRewards ---> TOURGUIDESERVICE
getUserRewards ---> TOURGUIDESERVICE
getUserRewards ---> TOURGUIDESERVICE
getUserRewards ---> TOURGUIDESERVICE
getUserRewards ---> TOURGUIDESERVICE
getUserRewards ---> TOURGUIDESERVICE
getUserRewards ---> TOURGUIDESERVICE
getUserRewards ---> TOURGUIDESERVICE
getUserRewards ---> TOURGUIDESERVICE
getUserRewards ---> TOURGUIDESERVICE
getUserRewards ---> TOURGUIDESERVICE
getUserRewards ---> TOURGUIDESERVICE
getUserRewards ---> TOURGUIDESERVICE
getUserRewards ---> TOURGUIDESERVICE
getUserRewards ---> TOURGUIDESERVICE
getUserRewards ---> TOURGUIDESERVICE
getUserRewards ---> TOURGUIDESERVICE
getUserRewards ---> TOURGUIDESERVICE
getUserRewards ---> TOURGUIDESERVICE
getUserRewards ---> TOURGUIDESERVICE
getUserRewards ---> TOURGUIDESERVICE
getUserRewards ---> TOURGUIDESERVICE
getUserRewards ---> TOURGUIDESERVICE
getUserRewards ---> TOURGUIDESERVICE
getUserRewards ---> TOURGUIDESERVICE
getUserRewards ---> TOURGUIDESERVICE
getUserRewards ---> TOURGUIDESERVICE
getUserRewards ---> TOURGUIDESERVICE
getUserRewards ---> TOURGUIDESERVICE
getUserRewards ---> TOURGUIDESERVICE
getUserRewards ---> TOURGUIDESERVICE
getUserRewards ---> TOURGUIDESERVICE
getUserRewards ---> TOURGUIDESERVICE
getUserRewards ---> TOURGUIDESERVICE
getUserRewards ---> TOURGUIDESERVICE
getUserRewards ---> TOURGUIDESERVICE
getUserRewards ---> TOURGUIDESERVICE
getUserRewards ---> TOURGUIDESERVICE
getUserRewards ---> TOURGUIDESERVICE
getUserRewards ---> TOURGUIDESERVICE
getUserRewards ---> TOURGUIDESERVICE
getUserRewards ---> TOURGUIDESERVICE
getUserRewards ---> TOURGUIDESERVICE
getUserRewards ---> TOURGUIDESERVICE
getUserRewards ---> TOURGUIDESERVICE
getUserRewards ---> TOURGUIDESERVICE
getUserRewards ---> TOURGUIDESERVICE
getUserRewards ---> TOURGUIDESERVICE
getUserRewards ---> TOURGUIDESERVICE
getUserRewards ---> TOURGUIDESERVICE
getUserRewards ---> TOURGUIDESERVICE
getUserRewards ---> TOURGUIDESERVICE
getUserRewards ---> TOURGUIDESERVICE
getUserRewards ---> TOURGUIDESERVICE
getUserRewards ---> TOURGUIDESERVICE
getUserRewards ---> TOURGUIDESERVICE
getUserRewards ---> TOURGUIDESERVICE
getUserRewards ---> TOURGUIDESERVICE
getUserRewards ---> TOURGUIDESERVICE
getUserRewards ---> TOURGUIDESERVICE
getUserRewards ---> TOURGUIDESERVICE
getUserRewards ---> TOURGUIDESERVICE
getUserRewards ---> TOURGUIDESERVICE
getUserRewards ---> TOURGUIDESERVICE
getUserRewards ---> TOURGUIDESERVICE
getUserRewards ---> TOURGUIDESERVICE
getUserRewards ---> TOURGUIDESERVICE
getUserRewards ---> TOURGUIDESERVICE
getUserRewards ---> TOURGUIDESERVICE
getUserRewards ---> TOURGUIDESERVICE
getUserRewards ---> TOURGUIDESERVICE
getUserRewards ---> TOURGUIDESERVICE
getUserRewards ---> TOURGUIDESERVICE
getUserRewards ---> TOURGUIDESERVICE
getUserRewards ---> TOURGUIDESERVICE
getUserRewards ---> TOURGUIDESERVICE
getUserRewards ---> TOURGUIDESERVICE
getUserRewards ---> TOURGUIDESERVICE
getUserRewards ---> TOURGUIDESERVICE
getUserRewards ---> TOURGUIDESERVICE
getUserRewards ---> TOURGUIDESERVICE
getUserRewards ---> TOURGUIDESERVICE
getUserRewards ---> TOURGUIDESERVICE
getUserRewards ---> TOURGUIDESERVICE
getUserRewards ---> TOURGUIDESERVICE
getUserRewards ---> TOURGUIDESERVICE
getUserRewards ---> TOURGUIDESERVICE
getUserRewards ---> TOURGUIDESERVICE
getUserRewards ---> TOURGUIDESERVICE
getUserRewards ---> TOURGUIDESERVICE
getUserRewards ---> TOURGUIDESERVICE
getUserRewards ---> TOURGUIDESERVICE
getUserRewards ---> TOURGUIDESERVICE
getUserRewards ---> TOURGUIDESERVICE
getUserRewards ---> TOURGUIDESERVICE
getUserRewards ---> TOURGUIDESERVICE
getUserRewards ---> TOURGUIDESERVICE
getUserRewards ---> TOURGUIDESERVICE
getUserRewards ---> TOURGUIDESERVICE
getUserRewards ---> TOURGUIDESERVICE
getUserRewards ---> TOURGUIDESERVICE
getUserRewards ---> TOURGUIDESERVICE
getUserRewards ---> TOURGUIDESERVICE
getUserRewards ---> TOURGUIDESERVICE
getUserRewards ---> TOURGUIDESERVICE
getUserRewards ---> TOURGUIDESERVICE
getUserRewards ---> TOURGUIDESERVICE
getUserRewards ---> TOURGUIDESERVICE
getUserRewards ---> TOURGUIDESERVICE
getUserRewards ---> TOURGUIDESERVICE
getUserRewards ---> TOURGUIDESERVICE
getUserRewards ---> TOURGUIDESERVICE
getUserRewards ---> TOURGUIDESERVICE
getUserRewards ---> TOURGUIDESERVICE
getUserRewards ---> TOURGUIDESERVICE
getUserRewards ---> TOURGUIDESERVICE
getUserRewards ---> TOURGUIDESERVICE
getUserRewards ---> TOURGUIDESERVICE
getUserRewards ---> TOURGUIDESERVICE
getUserRewards ---> TOURGUIDESERVICE
getUserRewards ---> TOURGUIDESERVICE
getUserRewards ---> TOURGUIDESERVICE
getUserRewards ---> TOURGUIDESERVICE
getUserRewards ---> TOURGUIDESERVICE
getUserRewards ---> TOURGUIDESERVICE
getUserRewards ---> TOURGUIDESERVICE
getUserRewards ---> TOURGUIDESERVICE
getUserRewards ---> TOURGUIDESERVICE
getUserRewards ---> TOURGUIDESERVICE
getUserRewards ---> TOURGUIDESERVICE
getUserRewards ---> TOURGUIDESERVICE
getUserRewards ---> TOURGUIDESERVICE
getUserRewards ---> TOURGUIDESERVICE
getUserRewards ---> TOURGUIDESERVICE
getUserRewards ---> TOURGUIDESERVICE
getUserRewards ---> TOURGUIDESERVICE
getUserRewards ---> TOURGUIDESERVICE
getUserRewards ---> TOURGUIDESERVICE
getUserRewards ---> TOURGUIDESERVICE
getUserRewards ---> TOURGUIDESERVICE
getUserRewards ---> TOURGUIDESERVICE
getUserRewards ---> TOURGUIDESERVICE
getUserRewards ---> TOURGUIDESERVICE
getUserRewards ---> TOURGUIDESERVICE
getUserRewards ---> TOURGUIDESERVICE
getUserRewards ---> TOURGUIDESERVICE
getUserRewards ---> TOURGUIDESERVICE
getUserRewards ---> TOURGUIDESERVICE
getUserRewards ---> TOURGUIDESERVICE
getUserRewards ---> TOURGUIDESERVICE
getUserRewards ---> TOURGUIDESERVICE
getUserRewards ---> TOURGUIDESERVICE
getUserRewards ---> TOURGUIDESERVICE
getUserRewards ---> TOURGUIDESERVICE
getUserRewards ---> TOURGUIDESERVICE
getUserRewards ---> TOURGUIDESERVICE
getUserRewards ---> TOURGUIDESERVICE
getUserRewards ---> TOURGUIDESERVICE
getUserRewards ---> TOURGUIDESERVICE
getUserRewards ---> TOURGUIDESERVICE
getUserRewards ---> TOURGUIDESERVICE
getUserRewards ---> TOURGUIDESERVICE
getUserRewards ---> TOURGUIDESERVICE
getUserRewards ---> TOURGUIDESERVICE
getUserRewards ---> TOURGUIDESERVICE
getUserRewards ---> TOURGUIDESERVICE
getUserRewards ---> TOURGUIDESERVICE
getUserRewards ---> TOURGUIDESERVICE
getUserRewards ---> TOURGUIDESERVICE
getUserRewards ---> TOURGUIDESERVICE
getUserRewards ---> TOURGUIDESERVICE
getUserRewards ---> TOURGUIDESERVICE
getUserRewards ---> TOURGUIDESERVICE
getUserRewards ---> TOURGUIDESERVICE
getUserRewards ---> TOURGUIDESERVICE
getUserRewards ---> TOURGUIDESERVICE
getUserRewards ---> TOURGUIDESERVICE
getUserRewards ---> TOURGUIDESERVICE
getUserRewards ---> TOURGUIDESERVICE
getUserRewards ---> TOURGUIDESERVICE
getUserRewards ---> TOURGUIDESERVICE
getUserRewards ---> TOURGUIDESERVICE
getUserRewards ---> TOURGUIDESERVICE
getUserRewards ---> TOURGUIDESERVICE
getUserRewards ---> TOURGUIDESERVICE
getUserRewards ---> TOURGUIDESERVICE
getUserRewards ---> TOURGUIDESERVICE
getUserRewards ---> TOURGUIDESERVICE
getUserRewards ---> TOURGUIDESERVICE
getUserRewards ---> TOURGUIDESERVICE
getUserRewards ---> TOURGUIDESERVICE
getUserRewards ---> TOURGUIDESERVICE
getUserRewards ---> TOURGUIDESERVICE
getUserRewards ---> TOURGUIDESERVICE
getUserRewards ---> TOURGUIDESERVICE
getUserRewards ---> TOURGUIDESERVICE
getUserRewards ---> TOURGUIDESERVICE
getUserRewards ---> TOURGUIDESERVICE
getUserRewards ---> TOURGUIDESERVICE
getUserRewards ---> TOURGUIDESERVICE
getUserRewards ---> TOURGUIDESERVICE
getUserRewards ---> TOURGUIDESERVICE
getUserRewards ---> TOURGUIDESERVICE
getUserRewards ---> TOURGUIDESERVICE
getUserRewards ---> TOURGUIDESERVICE
getUserRewards ---> TOURGUIDESERVICE
getUserRewards ---> TOURGUIDESERVICE
getUserRewards ---> TOURGUIDESERVICE
getUserRewards ---> TOURGUIDESERVICE
getUserRewards ---> TOURGUIDESERVICE
getUserRewards ---> TOURGUIDESERVICE
getUserRewards ---> TOURGUIDESERVICE
getUserRewards ---> TOURGUIDESERVICE
getUserRewards ---> TOURGUIDESERVICE
getUserRewards ---> TOURGUIDESERVICE
getUserRewards ---> TOURGUIDESERVICE
getUserRewards ---> TOURGUIDESERVICE
getUserRewards ---> TOURGUIDESERVICE
getUserRewards ---> TOURGUIDESERVICE
getUserRewards ---> TOURGUIDESERVICE
getUserRewards ---> TOURGUIDESERVICE
getUserRewards ---> TOURGUIDESERVICE
getUserRewards ---> TOURGUIDESERVICE
getUserRewards ---> TOURGUIDESERVICE
getUserRewards ---> TOURGUIDESERVICE
getUserRewards ---> TOURGUIDESERVICE
getUserRewards ---> TOURGUIDESERVICE
getUserRewards ---> TOURGUIDESERVICE
getUserRewards ---> TOURGUIDESERVICE
getUserRewards ---> TOURGUIDESERVICE
getUserRewards ---> TOURGUIDESERVICE
getUserRewards ---> TOURGUIDESERVICE
getUserRewards ---> TOURGUIDESERVICE
getUserRewards ---> TOURGUIDESERVICE
getUserRewards ---> TOURGUIDESERVICE
getUserRewards ---> TOURGUIDESERVICE
getUserRewards ---> TOURGUIDESERVICE
getUserRewards ---> TOURGUIDESERVICE
getUserRewards ---> TOURGUIDESERVICE
getUserRewards ---> TOURGUIDESERVICE
getUserRewards ---> TOURGUIDESERVICE
getUserRewards ---> TOURGUIDESERVICE
getUserRewards ---> TOURGUIDESERVICE
getUserRewards ---> TOURGUIDESERVICE
getUserRewards ---> TOURGUIDESERVICE
getUserRewards ---> TOURGUIDESERVICE
getUserRewards ---> TOURGUIDESERVICE
getUserRewards ---> TOURGUIDESERVICE
getUserRewards ---> TOURGUIDESERVICE
getUserRewards ---> TOURGUIDESERVICE
getUserRewards ---> TOURGUIDESERVICE
getUserRewards ---> TOURGUIDESERVICE
getUserRewards ---> TOURGUIDESERVICE
getUserRewards ---> TOURGUIDESERVICE
getUserRewards ---> TOURGUIDESERVICE
getUserRewards ---> TOURGUIDESERVICE
getUserRewards ---> TOURGUIDESERVICE
getUserRewards ---> TOURGUIDESERVICE
getUserRewards ---> TOURGUIDESERVICE
getUserRewards ---> TOURGUIDESERVICE
getUserRewards ---> TOURGUIDESERVICE
getUserRewards ---> TOURGUIDESERVICE
getUserRewards ---> TOURGUIDESERVICE
getUserRewards ---> TOURGUIDESERVICE
getUserRewards ---> TOURGUIDESERVICE
getUserRewards ---> TOURGUIDESERVICE
getUserRewards ---> TOURGUIDESERVICE
getUserRewards ---> TOURGUIDESERVICE
getUserRewards ---> TOURGUIDESERVICE
getUserRewards ---> TOURGUIDESERVICE
getUserRewards ---> TOURGUIDESERVICE
getUserRewards ---> TOURGUIDESERVICE
getUserRewards ---> TOURGUIDESERVICE
getUserRewards ---> TOURGUIDESERVICE
getUserRewards ---> TOURGUIDESERVICE
getUserRewards ---> TOURGUIDESERVICE
getUserRewards ---> TOURGUIDESERVICE
getUserRewards ---> TOURGUIDESERVICE
getUserRewards ---> TOURGUIDESERVICE
getUserRewards ---> TOURGUIDESERVICE
getUserRewards ---> TOURGUIDESERVICE
getUserRewards ---> TOURGUIDESERVICE
getUserRewards ---> TOURGUIDESERVICE
getUserRewards ---> TOURGUIDESERVICE
getUserRewards ---> TOURGUIDESERVICE
getUserRewards ---> TOURGUIDESERVICE
getUserRewards ---> TOURGUIDESERVICE
getUserRewards ---> TOURGUIDESERVICE
getUserRewards ---> TOURGUIDESERVICE
getUserRewards ---> TOURGUIDESERVICE
getUserRewards ---> TOURGUIDESERVICE
getUserRewards ---> TOURGUIDESERVICE
getUserRewards ---> TOURGUIDESERVICE
getUserRewards ---> TOURGUIDESERVICE
getUserRewards ---> TOURGUIDESERVICE
getUserRewards ---> TOURGUIDESERVICE
getUserRewards ---> TOURGUIDESERVICE
getUserRewards ---> TOURGUIDESERVICE
getUserRewards ---> TOURGUIDESERVICE
getUserRewards ---> TOURGUIDESERVICE
getUserRewards ---> TOURGUIDESERVICE
getUserRewards ---> TOURGUIDESERVICE
getUserRewards ---> TOURGUIDESERVICE
getUserRewards ---> TOURGUIDESERVICE
getUserRewards ---> TOURGUIDESERVICE
getUserRewards ---> TOURGUIDESERVICE
getUserRewards ---> TOURGUIDESERVICE
getUserRewards ---> TOURGUIDESERVICE
getUserRewards ---> TOURGUIDESERVICE
getUserRewards ---> TOURGUIDESERVICE
getUserRewards ---> TOURGUIDESERVICE
getUserRewards ---> TOURGUIDESERVICE
getUserRewards ---> TOURGUIDESERVICE
getUserRewards ---> TOURGUIDESERVICE
getUserRewards ---> TOURGUIDESERVICE
getUserRewards ---> TOURGUIDESERVICE
getUserRewards ---> TOURGUIDESERVICE
getUserRewards ---> TOURGUIDESERVICE
getUserRewards ---> TOURGUIDESERVICE
getUserRewards ---> TOURGUIDESERVICE
getUserRewards ---> TOURGUIDESERVICE
getUserRewards ---> TOURGUIDESERVICE
getUserRewards ---> TOURGUIDESERVICE
getUserRewards ---> TOURGUIDESERVICE
getUserRewards ---> TOURGUIDESERVICE
getUserRewards ---> TOURGUIDESERVICE
getUserRewards ---> TOURGUIDESERVICE
getUserRewards ---> TOURGUIDESERVICE
getUserRewards ---> TOURGUIDESERVICE
getUserRewards ---> TOURGUIDESERVICE
getUserRewards ---> TOURGUIDESERVICE
getUserRewards ---> TOURGUIDESERVICE
getUserRewards ---> TOURGUIDESERVICE
getUserRewards ---> TOURGUIDESERVICE
getUserRewards ---> TOURGUIDESERVICE
getUserRewards ---> TOURGUIDESERVICE
getUserRewards ---> TOURGUIDESERVICE
getUserRewards ---> TOURGUIDESERVICE
getUserRewards ---> TOURGUIDESERVICE
getUserRewards ---> TOURGUIDESERVICE
getUserRewards ---> TOURGUIDESERVICE
getUserRewards ---> TOURGUIDESERVICE
getUserRewards ---> TOURGUIDESERVICE
getUserRewards ---> TOURGUIDESERVICE
getUserRewards ---> TOURGUIDESERVICE
getUserRewards ---> TOURGUIDESERVICE
getUserRewards ---> TOURGUIDESERVICE
getUserRewards ---> TOURGUIDESERVICE
getUserRewards ---> TOURGUIDESERVICE
getUserRewards ---> TOURGUIDESERVICE
getUserRewards ---> TOURGUIDESERVICE
getUserRewards ---> TOURGUIDESERVICE
getUserRewards ---> TOURGUIDESERVICE
getUserRewards ---> TOURGUIDESERVICE
getUserRewards ---> TOURGUIDESERVICE
getUserRewards ---> TOURGUIDESERVICE
getUserRewards ---> TOURGUIDESERVICE
getUserRewards ---> TOURGUIDESERVICE
getUserRewards ---> TOURGUIDESERVICE
getUserRewards ---> TOURGUIDESERVICE
getUserRewards ---> TOURGUIDESERVICE
getUserRewards ---> TOURGUIDESERVICE
getUserRewards ---> TOURGUIDESERVICE
getUserRewards ---> TOURGUIDESERVICE
getUserRewards ---> TOURGUIDESERVICE
getUserRewards ---> TOURGUIDESERVICE
getUserRewards ---> TOURGUIDESERVICE
getUserRewards ---> TOURGUIDESERVICE
getUserRewards ---> TOURGUIDESERVICE
getUserRewards ---> TOURGUIDESERVICE
getUserRewards ---> TOURGUIDESERVICE
getUserRewards ---> TOURGUIDESERVICE
getUserRewards ---> TOURGUIDESERVICE
getUserRewards ---> TOURGUIDESERVICE
getUserRewards ---> TOURGUIDESERVICE
getUserRewards ---> TOURGUIDESERVICE
getUserRewards ---> TOURGUIDESERVICE
getUserRewards ---> TOURGUIDESERVICE
getUserRewards ---> TOURGUIDESERVICE
getUserRewards ---> TOURGUIDESERVICE
getUserRewards ---> TOURGUIDESERVICE
getUserRewards ---> TOURGUIDESERVICE
getUserRewards ---> TOURGUIDESERVICE
getUserRewards ---> TOURGUIDESERVICE
getUserRewards ---> TOURGUIDESERVICE
getUserRewards ---> TOURGUIDESERVICE
getUserRewards ---> TOURGUIDESERVICE
getUserRewards ---> TOURGUIDESERVICE
getUserRewards ---> TOURGUIDESERVICE
getUserRewards ---> TOURGUIDESERVICE
getUserRewards ---> TOURGUIDESERVICE
getUserRewards ---> TOURGUIDESERVICE
getUserRewards ---> TOURGUIDESERVICE
getUserRewards ---> TOURGUIDESERVICE
getUserRewards ---> TOURGUIDESERVICE
getUserRewards ---> TOURGUIDESERVICE
getUserRewards ---> TOURGUIDESERVICE
getUserRewards ---> TOURGUIDESERVICE
getUserRewards ---> TOURGUIDESERVICE
getUserRewards ---> TOURGUIDESERVICE
getUserRewards ---> TOURGUIDESERVICE
getUserRewards ---> TOURGUIDESERVICE
getUserRewards ---> TOURGUIDESERVICE
getUserRewards ---> TOURGUIDESERVICE
getUserRewards ---> TOURGUIDESERVICE
getUserRewards ---> TOURGUIDESERVICE
getUserRewards ---> TOURGUIDESERVICE
getUserRewards ---> TOURGUIDESERVICE
getUserRewards ---> TOURGUIDESERVICE
getUserRewards ---> TOURGUIDESERVICE
getUserRewards ---> TOURGUIDESERVICE
getUserRewards ---> TOURGUIDESERVICE
getUserRewards ---> TOURGUIDESERVICE
getUserRewards ---> TOURGUIDESERVICE
getUserRewards ---> TOURGUIDESERVICE
getUserRewards ---> TOURGUIDESERVICE
getUserRewards ---> TOURGUIDESERVICE
getUserRewards ---> TOURGUIDESERVICE
getUserRewards ---> TOURGUIDESERVICE
getUserRewards ---> TOURGUIDESERVICE
getUserRewards ---> TOURGUIDESERVICE
getUserRewards ---> TOURGUIDESERVICE
getUserRewards ---> TOURGUIDESERVICE
getUserRewards ---> TOURGUIDESERVICE
getUserRewards ---> TOURGUIDESERVICE
getUserRewards ---> TOURGUIDESERVICE
getUserRewards ---> TOURGUIDESERVICE
getUserRewards ---> TOURGUIDESERVICE
getUserRewards ---> TOURGUIDESERVICE
getUserRewards ---> TOURGUIDESERVICE
getUserRewards ---> TOURGUIDESERVICE
getUserRewards ---> TOURGUIDESERVICE
getUserRewards ---> TOURGUIDESERVICE
getUserRewards ---> TOURGUIDESERVICE
getUserRewards ---> TOURGUIDESERVICE
getUserRewards ---> TOURGUIDESERVICE
getUserRewards ---> TOURGUIDESERVICE
getUserRewards ---> TOURGUIDESERVICE
getUserRewards ---> TOURGUIDESERVICE
getUserRewards ---> TOURGUIDESERVICE
getUserRewards ---> TOURGUIDESERVICE
getUserRewards ---> TOURGUIDESERVICE
getUserRewards ---> TOURGUIDESERVICE
getUserRewards ---> TOURGUIDESERVICE
getUserRewards ---> TOURGUIDESERVICE
getUserRewards ---> TOURGUIDESERVICE
getUserRewards ---> TOURGUIDESERVICE
getUserRewards ---> TOURGUIDESERVICE
getUserRewards ---> TOURGUIDESERVICE
getUserRewards ---> TOURGUIDESERVICE
getUserRewards ---> TOURGUIDESERVICE
getUserRewards ---> TOURGUIDESERVICE
getUserRewards ---> TOURGUIDESERVICE
getUserRewards ---> TOURGUIDESERVICE
getUserRewards ---> TOURGUIDESERVICE
getUserRewards ---> TOURGUIDESERVICE
getUserRewards ---> TOURGUIDESERVICE
getUserRewards ---> TOURGUIDESERVICE
getUserRewards ---> TOURGUIDESERVICE
getUserRewards ---> TOURGUIDESERVICE
getUserRewards ---> TOURGUIDESERVICE
getUserRewards ---> TOURGUIDESERVICE
getUserRewards ---> TOURGUIDESERVICE
getUserRewards ---> TOURGUIDESERVICE
getUserRewards ---> TOURGUIDESERVICE
getUserRewards ---> TOURGUIDESERVICE
getUserRewards ---> TOURGUIDESERVICE
getUserRewards ---> TOURGUIDESERVICE
getUserRewards ---> TOURGUIDESERVICE
getUserRewards ---> TOURGUIDESERVICE
getUserRewards ---> TOURGUIDESERVICE
getUserRewards ---> TOURGUIDESERVICE
getUserRewards ---> TOURGUIDESERVICE
getUserRewards ---> TOURGUIDESERVICE
getUserRewards ---> TOURGUIDESERVICE
getUserRewards ---> TOURGUIDESERVICE
getUserRewards ---> TOURGUIDESERVICE
getUserRewards ---> TOURGUIDESERVICE
getUserRewards ---> TOURGUIDESERVICE
getUserRewards ---> TOURGUIDESERVICE
getUserRewards ---> TOURGUIDESERVICE
getUserRewards ---> TOURGUIDESERVICE
getUserRewards ---> TOURGUIDESERVICE
getUserRewards ---> TOURGUIDESERVICE
getUserRewards ---> TOURGUIDESERVICE
getUserRewards ---> TOURGUIDESERVICE
getUserRewards ---> TOURGUIDESERVICE
getUserRewards ---> TOURGUIDESERVICE
getUserRewards ---> TOURGUIDESERVICE
getUserRewards ---> TOURGUIDESERVICE
getUserRewards ---> TOURGUIDESERVICE
getUserRewards ---> TOURGUIDESERVICE
getUserRewards ---> TOURGUIDESERVICE
getUserRewards ---> TOURGUIDESERVICE
getUserRewards ---> TOURGUIDESERVICE
getUserRewards ---> TOURGUIDESERVICE
getUserRewards ---> TOURGUIDESERVICE
getUserRewards ---> TOURGUIDESERVICE
getUserRewards ---> TOURGUIDESERVICE
getUserRewards ---> TOURGUIDESERVICE
getUserRewards ---> TOURGUIDESERVICE
getUserRewards ---> TOURGUIDESERVICE
getUserRewards ---> TOURGUIDESERVICE
getUserRewards ---> TOURGUIDESERVICE
getUserRewards ---> TOURGUIDESERVICE
getUserRewards ---> TOURGUIDESERVICE
getUserRewards ---> TOURGUIDESERVICE
getUserRewards ---> TOURGUIDESERVICE
getUserRewards ---> TOURGUIDESERVICE
getUserRewards ---> TOURGUIDESERVICE
getUserRewards ---> TOURGUIDESERVICE
getUserRewards ---> TOURGUIDESERVICE
getUserRewards ---> TOURGUIDESERVICE
getUserRewards ---> TOURGUIDESERVICE
getUserRewards ---> TOURGUIDESERVICE
getUserRewards ---> TOURGUIDESERVICE
getUserRewards ---> TOURGUIDESERVICE
getUserRewards ---> TOURGUIDESERVICE
getUserRewards ---> TOURGUIDESERVICE
getUserRewards ---> TOURGUIDESERVICE
getUserRewards ---> TOURGUIDESERVICE
getUserRewards ---> TOURGUIDESERVICE
getUserRewards ---> TOURGUIDESERVICE
getUserRewards ---> TOURGUIDESERVICE
getUserRewards ---> TOURGUIDESERVICE
getUserRewards ---> TOURGUIDESERVICE
getUserRewards ---> TOURGUIDESERVICE
getUserRewards ---> TOURGUIDESERVICE
getUserRewards ---> TOURGUIDESERVICE
getUserRewards ---> TOURGUIDESERVICE
getUserRewards ---> TOURGUIDESERVICE
getUserRewards ---> TOURGUIDESERVICE
getUserRewards ---> TOURGUIDESERVICE
getUserRewards ---> TOURGUIDESERVICE
getUserRewards ---> TOURGUIDESERVICE
getUserRewards ---> TOURGUIDESERVICE
getUserRewards ---> TOURGUIDESERVICE
getUserRewards ---> TOURGUIDESERVICE
getUserRewards ---> TOURGUIDESERVICE
getUserRewards ---> TOURGUIDESERVICE
getUserRewards ---> TOURGUIDESERVICE
getUserRewards ---> TOURGUIDESERVICE
getUserRewards ---> TOURGUIDESERVICE
getUserRewards ---> TOURGUIDESERVICE
getUserRewards ---> TOURGUIDESERVICE
getUserRewards ---> TOURGUIDESERVICE
getUserRewards ---> TOURGUIDESERVICE
getUserRewards ---> TOURGUIDESERVICE
getUserRewards ---> TOURGUIDESERVICE
getUserRewards ---> TOURGUIDESERVICE
getUserRewards ---> TOURGUIDESERVICE
getUserRewards ---> TOURGUIDESERVICE
getUserRewards ---> TOURGUIDESERVICE
getUserRewards ---> TOURGUIDESERVICE
getUserRewards ---> TOURGUIDESERVICE
getUserRewards ---> TOURGUIDESERVICE
getUserRewards ---> TOURGUIDESERVICE
getUserRewards ---> TOURGUIDESERVICE
getUserRewards ---> TOURGUIDESERVICE
getUserRewards ---> TOURGUIDESERVICE
getUserRewards ---> TOURGUIDESERVICE
getUserRewards ---> TOURGUIDESERVICE
getUserRewards ---> TOURGUIDESERVICE
getUserRewards ---> TOURGUIDESERVICE
getUserRewards ---> TOURGUIDESERVICE
getUserRewards ---> TOURGUIDESERVICE
getUserRewards ---> TOURGUIDESERVICE
getUserRewards ---> TOURGUIDESERVICE
getUserRewards ---> TOURGUIDESERVICE
getUserRewards ---> TOURGUIDESERVICE
getUserRewards ---> TOURGUIDESERVICE
getUserRewards ---> TOURGUIDESERVICE
getUserRewards ---> TOURGUIDESERVICE
getUserRewards ---> TOURGUIDESERVICE
getUserRewards ---> TOURGUIDESERVICE
getUserRewards ---> TOURGUIDESERVICE
getUserRewards ---> TOURGUIDESERVICE
getUserRewards ---> TOURGUIDESERVICE
getUserRewards ---> TOURGUIDESERVICE
getUserRewards ---> TOURGUIDESERVICE
getUserRewards ---> TOURGUIDESERVICE
getUserRewards ---> TOURGUIDESERVICE
getUserRewards ---> TOURGUIDESERVICE
getUserRewards ---> TOURGUIDESERVICE
getUserRewards ---> TOURGUIDESERVICE
getUserRewards ---> TOURGUIDESERVICE
getUserRewards ---> TOURGUIDESERVICE
getUserRewards ---> TOURGUIDESERVICE
getUserRewards ---> TOURGUIDESERVICE
getUserRewards ---> TOURGUIDESERVICE
getUserRewards ---> TOURGUIDESERVICE
getUserRewards ---> TOURGUIDESERVICE
getUserRewards ---> TOURGUIDESERVICE
getUserRewards ---> TOURGUIDESERVICE
getUserRewards ---> TOURGUIDESERVICE
getUserRewards ---> TOURGUIDESERVICE
getUserRewards ---> TOURGUIDESERVICE
getUserRewards ---> TOURGUIDESERVICE
getUserRewards ---> TOURGUIDESERVICE
getUserRewards ---> TOURGUIDESERVICE
getUserRewards ---> TOURGUIDESERVICE
getUserRewards ---> TOURGUIDESERVICE
getUserRewards ---> TOURGUIDESERVICE
getUserRewards ---> TOURGUIDESERVICE
getUserRewards ---> TOURGUIDESERVICE
getUserRewards ---> TOURGUIDESERVICE
getUserRewards ---> TOURGUIDESERVICE
getUserRewards ---> TOURGUIDESERVICE
getUserRewards ---> TOURGUIDESERVICE
getUserRewards ---> TOURGUIDESERVICE
getUserRewards ---> TOURGUIDESERVICE
getUserRewards ---> TOURGUIDESERVICE
getUserRewards ---> TOURGUIDESERVICE
getUserRewards ---> TOURGUIDESERVICE
getUserRewards ---> TOURGUIDESERVICE
getUserRewards ---> TOURGUIDESERVICE
getUserRewards ---> TOURGUIDESERVICE
getUserRewards ---> TOURGUIDESERVICE
getUserRewards ---> TOURGUIDESERVICE
getUserRewards ---> TOURGUIDESERVICE
getUserRewards ---> TOURGUIDESERVICE
getUserRewards ---> TOURGUIDESERVICE
getUserRewards ---> TOURGUIDESERVICE
getUserRewards ---> TOURGUIDESERVICE
getUserRewards ---> TOURGUIDESERVICE
getUserRewards ---> TOURGUIDESERVICE
getUserRewards ---> TOURGUIDESERVICE
getUserRewards ---> TOURGUIDESERVICE
getUserRewards ---> TOURGUIDESERVICE
getUserRewards ---> TOURGUIDESERVICE
getUserRewards ---> TOURGUIDESERVICE
getUserRewards ---> TOURGUIDESERVICE
getUserRewards ---> TOURGUIDESERVICE
getUserRewards ---> TOURGUIDESERVICE
getUserRewards ---> TOURGUIDESERVICE
getUserRewards ---> TOURGUIDESERVICE
getUserRewards ---> TOURGUIDESERVICE
getUserRewards ---> TOURGUIDESERVICE
getUserRewards ---> TOURGUIDESERVICE
getUserRewards ---> TOURGUIDESERVICE
getUserRewards ---> TOURGUIDESERVICE
getUserRewards ---> TOURGUIDESERVICE
getUserRewards ---> TOURGUIDESERVICE
getUserRewards ---> TOURGUIDESERVICE
getUserRewards ---> TOURGUIDESERVICE
getUserRewards ---> TOURGUIDESERVICE
getUserRewards ---> TOURGUIDESERVICE
getUserRewards ---> TOURGUIDESERVICE
getUserRewards ---> TOURGUIDESERVICE
getUserRewards ---> TOURGUIDESERVICE
getUserRewards ---> TOURGUIDESERVICE
getUserRewards ---> TOURGUIDESERVICE
getUserRewards ---> TOURGUIDESERVICE
getUserRewards ---> TOURGUIDESERVICE
getUserRewards ---> TOURGUIDESERVICE
getUserRewards ---> TOURGUIDESERVICE
getUserRewards ---> TOURGUIDESERVICE
getUserRewards ---> TOURGUIDESERVICE
getUserRewards ---> TOURGUIDESERVICE
getUserRewards ---> TOURGUIDESERVICE
getUserRewards ---> TOURGUIDESERVICE
getUserRewards ---> TOURGUIDESERVICE
getUserRewards ---> TOURGUIDESERVICE
getUserRewards ---> TOURGUIDESERVICE
getUserRewards ---> TOURGUIDESERVICE
getUserRewards ---> TOURGUIDESERVICE
getUserRewards ---> TOURGUIDESERVICE
getUserRewards ---> TOURGUIDESERVICE
getUserRewards ---> TOURGUIDESERVICE
getUserRewards ---> TOURGUIDESERVICE
getUserRewards ---> TOURGUIDESERVICE
getUserRewards ---> TOURGUIDESERVICE
getUserRewards ---> TOURGUIDESERVICE
getUserRewards ---> TOURGUIDESERVICE
getUserRewards ---> TOURGUIDESERVICE
getUserRewards ---> TOURGUIDESERVICE
getUserRewards ---> TOURGUIDESERVICE
getUserRewards ---> TOURGUIDESERVICE
getUserRewards ---> TOURGUIDESERVICE
getUserRewards ---> TOURGUIDESERVICE
getUserRewards ---> TOURGUIDESERVICE
getUserRewards ---> TOURGUIDESERVICE
getUserRewards ---> TOURGUIDESERVICE
getUserRewards ---> TOURGUIDESERVICE
getUserRewards ---> TOURGUIDESERVICE
getUserRewards ---> TOURGUIDESERVICE
getUserRewards ---> TOURGUIDESERVICE
getUserRewards ---> TOURGUIDESERVICE
getUserRewards ---> TOURGUIDESERVICE
getUserRewards ---> TOURGUIDESERVICE
getUserRewards ---> TOURGUIDESERVICE
getUserRewards ---> TOURGUIDESERVICE
getUserRewards ---> TOURGUIDESERVICE
getUserRewards ---> TOURGUIDESERVICE
getUserRewards ---> TOURGUIDESERVICE
getUserRewards ---> TOURGUIDESERVICE
getUserRewards ---> TOURGUIDESERVICE
getUserRewards ---> TOURGUIDESERVICE
getUserRewards ---> TOURGUIDESERVICE
getUserRewards ---> TOURGUIDESERVICE
getUserRewards ---> TOURGUIDESERVICE
getUserRewards ---> TOURGUIDESERVICE
getUserRewards ---> TOURGUIDESERVICE
getUserRewards ---> TOURGUIDESERVICE
getUserRewards ---> TOURGUIDESERVICE
getUserRewards ---> TOURGUIDESERVICE
getUserRewards ---> TOURGUIDESERVICE
getUserRewards ---> TOURGUIDESERVICE
getUserRewards ---> TOURGUIDESERVICE
getUserRewards ---> TOURGUIDESERVICE
getUserRewards ---> TOURGUIDESERVICE
getUserRewards ---> TOURGUIDESERVICE
getUserRewards ---> TOURGUIDESERVICE
getUserRewards ---> TOURGUIDESERVICE
getUserRewards ---> TOURGUIDESERVICE
getUserRewards ---> TOURGUIDESERVICE
getUserRewards ---> TOURGUIDESERVICE
getUserRewards ---> TOURGUIDESERVICE
getUserRewards ---> TOURGUIDESERVICE
getUserRewards ---> TOURGUIDESERVICE
getUserRewards ---> TOURGUIDESERVICE
getUserRewards ---> TOURGUIDESERVICE
getUserRewards ---> TOURGUIDESERVICE
getUserRewards ---> TOURGUIDESERVICE
getUserRewards ---> TOURGUIDESERVICE
getUserRewards ---> TOURGUIDESERVICE
getUserRewards ---> TOURGUIDESERVICE
getUserRewards ---> TOURGUIDESERVICE
getUserRewards ---> TOURGUIDESERVICE
getUserRewards ---> TOURGUIDESERVICE
getUserRewards ---> TOURGUIDESERVICE
getUserRewards ---> TOURGUIDESERVICE
getUserRewards ---> TOURGUIDESERVICE
getUserRewards ---> TOURGUIDESERVICE
getUserRewards ---> TOURGUIDESERVICE
getUserRewards ---> TOURGUIDESERVICE
getUserRewards ---> TOURGUIDESERVICE
getUserRewards ---> TOURGUIDESERVICE
getUserRewards ---> TOURGUIDESERVICE
getUserRewards ---> TOURGUIDESERVICE
getUserRewards ---> TOURGUIDESERVICE
getUserRewards ---> TOURGUIDESERVICE
getUserRewards ---> TOURGUIDESERVICE
getUserRewards ---> TOURGUIDESERVICE
getUserRewards ---> TOURGUIDESERVICE
getUserRewards ---> TOURGUIDESERVICE
getUserRewards ---> TOURGUIDESERVICE
getUserRewards ---> TOURGUIDESERVICE
getUserRewards ---> TOURGUIDESERVICE
getUserRewards ---> TOURGUIDESERVICE
getUserRewards ---> TOURGUIDESERVICE
getUserRewards ---> TOURGUIDESERVICE
getUserRewards ---> TOURGUIDESERVICE
getUserRewards ---> TOURGUIDESERVICE
getUserRewards ---> TOURGUIDESERVICE
getUserRewards ---> TOURGUIDESERVICE
getUserRewards ---> TOURGUIDESERVICE
getUserRewards ---> TOURGUIDESERVICE
getUserRewards ---> TOURGUIDESERVICE
getUserRewards ---> TOURGUIDESERVICE
getUserRewards ---> TOURGUIDESERVICE
getUserRewards ---> TOURGUIDESERVICE
getUserRewards ---> TOURGUIDESERVICE
getUserRewards ---> TOURGUIDESERVICE
getUserRewards ---> TOURGUIDESERVICE
getUserRewards ---> TOURGUIDESERVICE
getUserRewards ---> TOURGUIDESERVICE
getUserRewards ---> TOURGUIDESERVICE
getUserRewards ---> TOURGUIDESERVICE
getUserRewards ---> TOURGUIDESERVICE
getUserRewards ---> TOURGUIDESERVICE
getUserRewards ---> TOURGUIDESERVICE
getUserRewards ---> TOURGUIDESERVICE
getUserRewards ---> TOURGUIDESERVICE
getUserRewards ---> TOURGUIDESERVICE
getUserRewards ---> TOURGUIDESERVICE
getUserRewards ---> TOURGUIDESERVICE
getUserRewards ---> TOURGUIDESERVICE
getUserRewards ---> TOURGUIDESERVICE
getUserRewards ---> TOURGUIDESERVICE
getUserRewards ---> TOURGUIDESERVICE
getUserRewards ---> TOURGUIDESERVICE
getUserRewards ---> TOURGUIDESERVICE
getUserRewards ---> TOURGUIDESERVICE
getUserRewards ---> TOURGUIDESERVICE
getUserRewards ---> TOURGUIDESERVICE
getUserRewards ---> TOURGUIDESERVICE
getUserRewards ---> TOURGUIDESERVICE
getUserRewards ---> TOURGUIDESERVICE
getUserRewards ---> TOURGUIDESERVICE
getUserRewards ---> TOURGUIDESERVICE
getUserRewards ---> TOURGUIDESERVICE
getUserRewards ---> TOURGUIDESERVICE
getUserRewards ---> TOURGUIDESERVICE
getUserRewards ---> TOURGUIDESERVICE
getUserRewards ---> TOURGUIDESERVICE
getUserRewards ---> TOURGUIDESERVICE
getUserRewards ---> TOURGUIDESERVICE
getUserRewards ---> TOURGUIDESERVICE
getUserRewards ---> TOURGUIDESERVICE
getUserRewards ---> TOURGUIDESERVICE
getUserRewards ---> TOURGUIDESERVICE
getUserRewards ---> TOURGUIDESERVICE
getUserRewards ---> TOURGUIDESERVICE
getUserRewards ---> TOURGUIDESERVICE
getUserRewards ---> TOURGUIDESERVICE
getUserRewards ---> TOURGUIDESERVICE
getUserRewards ---> TOURGUIDESERVICE
getUserRewards ---> TOURGUIDESERVICE
getUserRewards ---> TOURGUIDESERVICE
getUserRewards ---> TOURGUIDESERVICE
getUserRewards ---> TOURGUIDESERVICE
getUserRewards ---> TOURGUIDESERVICE
getUserRewards ---> TOURGUIDESERVICE
getUserRewards ---> TOURGUIDESERVICE
getUserRewards ---> TOURGUIDESERVICE
getUserRewards ---> TOURGUIDESERVICE
getUserRewards ---> TOURGUIDESERVICE
getUserRewards ---> TOURGUIDESERVICE
getUserRewards ---> TOURGUIDESERVICE
getUserRewards ---> TOURGUIDESERVICE
getUserRewards ---> TOURGUIDESERVICE
getUserRewards ---> TOURGUIDESERVICE
getUserRewards ---> TOURGUIDESERVICE
getUserRewards ---> TOURGUIDESERVICE
getUserRewards ---> TOURGUIDESERVICE
getUserRewards ---> TOURGUIDESERVICE
getUserRewards ---> TOURGUIDESERVICE
getUserRewards ---> TOURGUIDESERVICE
getUserRewards ---> TOURGUIDESERVICE
getUserRewards ---> TOURGUIDESERVICE
getUserRewards ---> TOURGUIDESERVICE
getUserRewards ---> TOURGUIDESERVICE
getUserRewards ---> TOURGUIDESERVICE
getUserRewards ---> TOURGUIDESERVICE
getUserRewards ---> TOURGUIDESERVICE
getUserRewards ---> TOURGUIDESERVICE
getUserRewards ---> TOURGUIDESERVICE
getUserRewards ---> TOURGUIDESERVICE
getUserRewards ---> TOURGUIDESERVICE
getUserRewards ---> TOURGUIDESERVICE
getUserRewards ---> TOURGUIDESERVICE
getUserRewards ---> TOURGUIDESERVICE
getUserRewards ---> TOURGUIDESERVICE
getUserRewards ---> TOURGUIDESERVICE
getUserRewards ---> TOURGUIDESERVICE
getUserRewards ---> TOURGUIDESERVICE
getUserRewards ---> TOURGUIDESERVICE
getUserRewards ---> TOURGUIDESERVICE
getUserRewards ---> TOURGUIDESERVICE
getUserRewards ---> TOURGUIDESERVICE
getUserRewards ---> TOURGUIDESERVICE
getUserRewards ---> TOURGUIDESERVICE
getUserRewards ---> TOURGUIDESERVICE
getUserRewards ---> TOURGUIDESERVICE
getUserRewards ---> TOURGUIDESERVICE
getUserRewards ---> TOURGUIDESERVICE
getUserRewards ---> TOURGUIDESERVICE
getUserRewards ---> TOURGUIDESERVICE
getUserRewards ---> TOURGUIDESERVICE
getUserRewards ---> TOURGUIDESERVICE
getUserRewards ---> TOURGUIDESERVICE
getUserRewards ---> TOURGUIDESERVICE
getUserRewards ---> TOURGUIDESERVICE
getUserRewards ---> TOURGUIDESERVICE
getUserRewards ---> TOURGUIDESERVICE
getUserRewards ---> TOURGUIDESERVICE
getUserRewards ---> TOURGUIDESERVICE
getUserRewards ---> TOURGUIDESERVICE
getUserRewards ---> TOURGUIDESERVICE
getUserRewards ---> TOURGUIDESERVICE
getUserRewards ---> TOURGUIDESERVICE
getUserRewards ---> TOURGUIDESERVICE
getUserRewards ---> TOURGUIDESERVICE
getUserRewards ---> TOURGUIDESERVICE
getUserRewards ---> TOURGUIDESERVICE
getUserRewards ---> TOURGUIDESERVICE
getUserRewards ---> TOURGUIDESERVICE
getUserRewards ---> TOURGUIDESERVICE
getUserRewards ---> TOURGUIDESERVICE
getUserRewards ---> TOURGUIDESERVICE
getUserRewards ---> TOURGUIDESERVICE
getUserRewards ---> TOURGUIDESERVICE
getUserRewards ---> TOURGUIDESERVICE
getUserRewards ---> TOURGUIDESERVICE
getUserRewards ---> TOURGUIDESERVICE
getUserRewards ---> TOURGUIDESERVICE
getUserRewards ---> TOURGUIDESERVICE
getUserRewards ---> TOURGUIDESERVICE
getUserRewards ---> TOURGUIDESERVICE
getUserRewards ---> TOURGUIDESERVICE
getUserRewards ---> TOURGUIDESERVICE
getUserRewards ---> TOURGUIDESERVICE
getUserRewards ---> TOURGUIDESERVICE
getUserRewards ---> TOURGUIDESERVICE
getUserRewards ---> TOURGUIDESERVICE
getUserRewards ---> TOURGUIDESERVICE
getUserRewards ---> TOURGUIDESERVICE
getUserRewards ---> TOURGUIDESERVICE
getUserRewards ---> TOURGUIDESERVICE
getUserRewards ---> TOURGUIDESERVICE
getUserRewards ---> TOURGUIDESERVICE
getUserRewards ---> TOURGUIDESERVICE
getUserRewards ---> TOURGUIDESERVICE
getUserRewards ---> TOURGUIDESERVICE
getUserRewards ---> TOURGUIDESERVICE
getUserRewards ---> TOURGUIDESERVICE
getUserRewards ---> TOURGUIDESERVICE
getUserRewards ---> TOURGUIDESERVICE
getUserRewards ---> TOURGUIDESERVICE
getUserRewards ---> TOURGUIDESERVICE
getUserRewards ---> TOURGUIDESERVICE
getUserRewards ---> TOURGUIDESERVICE
getUserRewards ---> TOURGUIDESERVICE
getUserRewards ---> TOURGUIDESERVICE
getUserRewards ---> TOURGUIDESERVICE
getUserRewards ---> TOURGUIDESERVICE
getUserRewards ---> TOURGUIDESERVICE
getUserRewards ---> TOURGUIDESERVICE
getUserRewards ---> TOURGUIDESERVICE
getUserRewards ---> TOURGUIDESERVICE
getUserRewards ---> TOURGUIDESERVICE
getUserRewards ---> TOURGUIDESERVICE
getUserRewards ---> TOURGUIDESERVICE
getUserRewards ---> TOURGUIDESERVICE
getUserRewards ---> TOURGUIDESERVICE
getUserRewards ---> TOURGUIDESERVICE
getUserRewards ---> TOURGUIDESERVICE
getUserRewards ---> TOURGUIDESERVICE
getUserRewards ---> TOURGUIDESERVICE
getUserRewards ---> TOURGUIDESERVICE
getUserRewards ---> TOURGUIDESERVICE
getUserRewards ---> TOURGUIDESERVICE
getUserRewards ---> TOURGUIDESERVICE
getUserRewards ---> TOURGUIDESERVICE
getUserRewards ---> TOURGUIDESERVICE
getUserRewards ---> TOURGUIDESERVICE
getUserRewards ---> TOURGUIDESERVICE
getUserRewards ---> TOURGUIDESERVICE
getUserRewards ---> TOURGUIDESERVICE
getUserRewards ---> TOURGUIDESERVICE
getUserRewards ---> TOURGUIDESERVICE
getUserRewards ---> TOURGUIDESERVICE
getUserRewards ---> TOURGUIDESERVICE
getUserRewards ---> TOURGUIDESERVICE
getUserRewards ---> TOURGUIDESERVICE
getUserRewards ---> TOURGUIDESERVICE
getUserRewards ---> TOURGUIDESERVICE
getUserRewards ---> TOURGUIDESERVICE
getUserRewards ---> TOURGUIDESERVICE
getUserRewards ---> TOURGUIDESERVICE
getUserRewards ---> TOURGUIDESERVICE
getUserRewards ---> TOURGUIDESERVICE
getUserRewards ---> TOURGUIDESERVICE
getUserRewards ---> TOURGUIDESERVICE
getUserRewards ---> TOURGUIDESERVICE
getUserRewards ---> TOURGUIDESERVICE
getUserRewards ---> TOURGUIDESERVICE
getUserRewards ---> TOURGUIDESERVICE
getUserRewards ---> TOURGUIDESERVICE
getUserRewards ---> TOURGUIDESERVICE
getUserRewards ---> TOURGUIDESERVICE
getUserRewards ---> TOURGUIDESERVICE
getUserRewards ---> TOURGUIDESERVICE
getUserRewards ---> TOURGUIDESERVICE
getUserRewards ---> TOURGUIDESERVICE
getUserRewards ---> TOURGUIDESERVICE
getUserRewards ---> TOURGUIDESERVICE
getUserRewards ---> TOURGUIDESERVICE
getUserRewards ---> TOURGUIDESERVICE
getUserRewards ---> TOURGUIDESERVICE
getUserRewards ---> TOURGUIDESERVICE
getUserRewards ---> TOURGUIDESERVICE
getUserRewards ---> TOURGUIDESERVICE
getUserRewards ---> TOURGUIDESERVICE
getUserRewards ---> TOURGUIDESERVICE
getUserRewards ---> TOURGUIDESERVICE
getUserRewards ---> TOURGUIDESERVICE
getUserRewards ---> TOURGUIDESERVICE
getUserRewards ---> TOURGUIDESERVICE
getUserRewards ---> TOURGUIDESERVICE
getUserRewards ---> TOURGUIDESERVICE
getUserRewards ---> TOURGUIDESERVICE
getUserRewards ---> TOURGUIDESERVICE
getUserRewards ---> TOURGUIDESERVICE
getUserRewards ---> TOURGUIDESERVICE
getUserRewards ---> TOURGUIDESERVICE
getUserRewards ---> TOURGUIDESERVICE
getUserRewards ---> TOURGUIDESERVICE
getUserRewards ---> TOURGUIDESERVICE
getUserRewards ---> TOURGUIDESERVICE
getUserRewards ---> TOURGUIDESERVICE
getUserRewards ---> TOURGUIDESERVICE
getUserRewards ---> TOURGUIDESERVICE
getUserRewards ---> TOURGUIDESERVICE
getUserRewards ---> TOURGUIDESERVICE
getUserRewards ---> TOURGUIDESERVICE
getUserRewards ---> TOURGUIDESERVICE
getUserRewards ---> TOURGUIDESERVICE
getUserRewards ---> TOURGUIDESERVICE
getUserRewards ---> TOURGUIDESERVICE
getUserRewards ---> TOURGUIDESERVICE
getUserRewards ---> TOURGUIDESERVICE
getUserRewards ---> TOURGUIDESERVICE
getUserRewards ---> TOURGUIDESERVICE
getUserRewards ---> TOURGUIDESERVICE
getUserRewards ---> TOURGUIDESERVICE
getUserRewards ---> TOURGUIDESERVICE
getUserRewards ---> TOURGUIDESERVICE
getUserRewards ---> TOURGUIDESERVICE
getUserRewards ---> TOURGUIDESERVICE
getUserRewards ---> TOURGUIDESERVICE
getUserRewards ---> TOURGUIDESERVICE
getUserRewards ---> TOURGUIDESERVICE
getUserRewards ---> TOURGUIDESERVICE
getUserRewards ---> TOURGUIDESERVICE
getUserRewards ---> TOURGUIDESERVICE
getUserRewards ---> TOURGUIDESERVICE
getUserRewards ---> TOURGUIDESERVICE
getUserRewards ---> TOURGUIDESERVICE
getUserRewards ---> TOURGUIDESERVICE
getUserRewards ---> TOURGUIDESERVICE
getUserRewards ---> TOURGUIDESERVICE
getUserRewards ---> TOURGUIDESERVICE
getUserRewards ---> TOURGUIDESERVICE
getUserRewards ---> TOURGUIDESERVICE
getUserRewards ---> TOURGUIDESERVICE
getUserRewards ---> TOURGUIDESERVICE
getUserRewards ---> TOURGUIDESERVICE
getUserRewards ---> TOURGUIDESERVICE
getUserRewards ---> TOURGUIDESERVICE
getUserRewards ---> TOURGUIDESERVICE
getUserRewards ---> TOURGUIDESERVICE
getUserRewards ---> TOURGUIDESERVICE
getUserRewards ---> TOURGUIDESERVICE
getUserRewards ---> TOURGUIDESERVICE
getUserRewards ---> TOURGUIDESERVICE
getUserRewards ---> TOURGUIDESERVICE
getUserRewards ---> TOURGUIDESERVICE
getUserRewards ---> TOURGUIDESERVICE
getUserRewards ---> TOURGUIDESERVICE
getUserRewards ---> TOURGUIDESERVICE
getUserRewards ---> TOURGUIDESERVICE
getUserRewards ---> TOURGUIDESERVICE
getUserRewards ---> TOURGUIDESERVICE
getUserRewards ---> TOURGUIDESERVICE
getUserRewards ---> TOURGUIDESERVICE
getUserRewards ---> TOURGUIDESERVICE
getUserRewards ---> TOURGUIDESERVICE
getUserRewards ---> TOURGUIDESERVICE
getUserRewards ---> TOURGUIDESERVICE
getUserRewards ---> TOURGUIDESERVICE
getUserRewards ---> TOURGUIDESERVICE
getUserRewards ---> TOURGUIDESERVICE
getUserRewards ---> TOURGUIDESERVICE
getUserRewards ---> TOURGUIDESERVICE
getUserRewards ---> TOURGUIDESERVICE
getUserRewards ---> TOURGUIDESERVICE
getUserRewards ---> TOURGUIDESERVICE
getUserRewards ---> TOURGUIDESERVICE
getUserRewards ---> TOURGUIDESERVICE
getUserRewards ---> TOURGUIDESERVICE
getUserRewards ---> TOURGUIDESERVICE
getUserRewards ---> TOURGUIDESERVICE
getUserRewards ---> TOURGUIDESERVICE
getUserRewards ---> TOURGUIDESERVICE
getUserRewards ---> TOURGUIDESERVICE
getUserRewards ---> TOURGUIDESERVICE
getUserRewards ---> TOURGUIDESERVICE
getUserRewards ---> TOURGUIDESERVICE
getUserRewards ---> TOURGUIDESERVICE
getUserRewards ---> TOURGUIDESERVICE
getUserRewards ---> TOURGUIDESERVICE
getUserRewards ---> TOURGUIDESERVICE
getUserRewards ---> TOURGUIDESERVICE
getUserRewards ---> TOURGUIDESERVICE
getUserRewards ---> TOURGUIDESERVICE
getUserRewards ---> TOURGUIDESERVICE
getUserRewards ---> TOURGUIDESERVICE
getUserRewards ---> TOURGUIDESERVICE
getUserRewards ---> TOURGUIDESERVICE
getUserRewards ---> TOURGUIDESERVICE
getUserRewards ---> TOURGUIDESERVICE
getUserRewards ---> TOURGUIDESERVICE
getUserRewards ---> TOURGUIDESERVICE
getUserRewards ---> TOURGUIDESERVICE
getUserRewards ---> TOURGUIDESERVICE
getUserRewards ---> TOURGUIDESERVICE
getUserRewards ---> TOURGUIDESERVICE
getUserRewards ---> TOURGUIDESERVICE
getUserRewards ---> TOURGUIDESERVICE
getUserRewards ---> TOURGUIDESERVICE
getUserRewards ---> TOURGUIDESERVICE
getUserRewards ---> TOURGUIDESERVICE
getUserRewards ---> TOURGUIDESERVICE
getUserRewards ---> TOURGUIDESERVICE
getUserRewards ---> TOURGUIDESERVICE
getUserRewards ---> TOURGUIDESERVICE
getUserRewards ---> TOURGUIDESERVICE
getUserRewards ---> TOURGUIDESERVICE
getUserRewards ---> TOURGUIDESERVICE
getUserRewards ---> TOURGUIDESERVICE
getUserRewards ---> TOURGUIDESERVICE
getUserRewards ---> TOURGUIDESERVICE
getUserRewards ---> TOURGUIDESERVICE
getUserRewards ---> TOURGUIDESERVICE
getUserRewards ---> TOURGUIDESERVICE
getUserRewards ---> TOURGUIDESERVICE
getUserRewards ---> TOURGUIDESERVICE
getUserRewards ---> TOURGUIDESERVICE
getUserRewards ---> TOURGUIDESERVICE
getUserRewards ---> TOURGUIDESERVICE
getUserRewards ---> TOURGUIDESERVICE
getUserRewards ---> TOURGUIDESERVICE
getUserRewards ---> TOURGUIDESERVICE
getUserRewards ---> TOURGUIDESERVICE
getUserRewards ---> TOURGUIDESERVICE
getUserRewards ---> TOURGUIDESERVICE
getUserRewards ---> TOURGUIDESERVICE
getUserRewards ---> TOURGUIDESERVICE
getUserRewards ---> TOURGUIDESERVICE
getUserRewards ---> TOURGUIDESERVICE
getUserRewards ---> TOURGUIDESERVICE
getUserRewards ---> TOURGUIDESERVICE
getUserRewards ---> TOURGUIDESERVICE
getUserRewards ---> TOURGUIDESERVICE
getUserRewards ---> TOURGUIDESERVICE
getUserRewards ---> TOURGUIDESERVICE
getUserRewards ---> TOURGUIDESERVICE
getUserRewards ---> TOURGUIDESERVICE
getUserRewards ---> TOURGUIDESERVICE
getUserRewards ---> TOURGUIDESERVICE
getUserRewards ---> TOURGUIDESERVICE
getUserRewards ---> TOURGUIDESERVICE
getUserRewards ---> TOURGUIDESERVICE
getUserRewards ---> TOURGUIDESERVICE
getUserRewards ---> TOURGUIDESERVICE
getUserRewards ---> TOURGUIDESERVICE
getUserRewards ---> TOURGUIDESERVICE
getUserRewards ---> TOURGUIDESERVICE
getUserRewards ---> TOURGUIDESERVICE
getUserRewards ---> TOURGUIDESERVICE
getUserRewards ---> TOURGUIDESERVICE
getUserRewards ---> TOURGUIDESERVICE
getUserRewards ---> TOURGUIDESERVICE
getUserRewards ---> TOURGUIDESERVICE
getUserRewards ---> TOURGUIDESERVICE
getUserRewards ---> TOURGUIDESERVICE
getUserRewards ---> TOURGUIDESERVICE
getUserRewards ---> TOURGUIDESERVICE
getUserRewards ---> TOURGUIDESERVICE
getUserRewards ---> TOURGUIDESERVICE
getUserRewards ---> TOURGUIDESERVICE
getUserRewards ---> TOURGUIDESERVICE
getUserRewards ---> TOURGUIDESERVICE
getUserRewards ---> TOURGUIDESERVICE
getUserRewards ---> TOURGUIDESERVICE
getUserRewards ---> TOURGUIDESERVICE
getUserRewards ---> TOURGUIDESERVICE
getUserRewards ---> TOURGUIDESERVICE
getUserRewards ---> TOURGUIDESERVICE
getUserRewards ---> TOURGUIDESERVICE
getUserRewards ---> TOURGUIDESERVICE
getUserRewards ---> TOURGUIDESERVICE
getUserRewards ---> TOURGUIDESERVICE
getUserRewards ---> TOURGUIDESERVICE
getUserRewards ---> TOURGUIDESERVICE
getUserRewards ---> TOURGUIDESERVICE
getUserRewards ---> TOURGUIDESERVICE
getUserRewards ---> TOURGUIDESERVICE
getUserRewards ---> TOURGUIDESERVICE
getUserRewards ---> TOURGUIDESERVICE
getUserRewards ---> TOURGUIDESERVICE
getUserRewards ---> TOURGUIDESERVICE
getUserRewards ---> TOURGUIDESERVICE
getUserRewards ---> TOURGUIDESERVICE
getUserRewards ---> TOURGUIDESERVICE
getUserRewards ---> TOURGUIDESERVICE
getUserRewards ---> TOURGUIDESERVICE
getUserRewards ---> TOURGUIDESERVICE
getUserRewards ---> TOURGUIDESERVICE
getUserRewards ---> TOURGUIDESERVICE
getUserRewards ---> TOURGUIDESERVICE
getUserRewards ---> TOURGUIDESERVICE
getUserRewards ---> TOURGUIDESERVICE
getUserRewards ---> TOURGUIDESERVICE
getUserRewards ---> TOURGUIDESERVICE
getUserRewards ---> TOURGUIDESERVICE
getUserRewards ---> TOURGUIDESERVICE
getUserRewards ---> TOURGUIDESERVICE
getUserRewards ---> TOURGUIDESERVICE
getUserRewards ---> TOURGUIDESERVICE
getUserRewards ---> TOURGUIDESERVICE
getUserRewards ---> TOURGUIDESERVICE
getUserRewards ---> TOURGUIDESERVICE
getUserRewards ---> TOURGUIDESERVICE
getUserRewards ---> TOURGUIDESERVICE
getUserRewards ---> TOURGUIDESERVICE
getUserRewards ---> TOURGUIDESERVICE
getUserRewards ---> TOURGUIDESERVICE
getUserRewards ---> TOURGUIDESERVICE
getUserRewards ---> TOURGUIDESERVICE
getUserRewards ---> TOURGUIDESERVICE
getUserRewards ---> TOURGUIDESERVICE
getUserRewards ---> TOURGUIDESERVICE
getUserRewards ---> TOURGUIDESERVICE
getUserRewards ---> TOURGUIDESERVICE
getUserRewards ---> TOURGUIDESERVICE
getUserRewards ---> TOURGUIDESERVICE
getUserRewards ---> TOURGUIDESERVICE
getUserRewards ---> TOURGUIDESERVICE
getUserRewards ---> TOURGUIDESERVICE
getUserRewards ---> TOURGUIDESERVICE
getUserRewards ---> TOURGUIDESERVICE
getUserRewards ---> TOURGUIDESERVICE
getUserRewards ---> TOURGUIDESERVICE
getUserRewards ---> TOURGUIDESERVICE
getUserRewards ---> TOURGUIDESERVICE
getUserRewards ---> TOURGUIDESERVICE
getUserRewards ---> TOURGUIDESERVICE
getUserRewards ---> TOURGUIDESERVICE
getUserRewards ---> TOURGUIDESERVICE
getUserRewards ---> TOURGUIDESERVICE
getUserRewards ---> TOURGUIDESERVICE
getUserRewards ---> TOURGUIDESERVICE
getUserRewards ---> TOURGUIDESERVICE
getUserRewards ---> TOURGUIDESERVICE
getUserRewards ---> TOURGUIDESERVICE
getUserRewards ---> TOURGUIDESERVICE
getUserRewards ---> TOURGUIDESERVICE
getUserRewards ---> TOURGUIDESERVICE
getUserRewards ---> TOURGUIDESERVICE
getUserRewards ---> TOURGUIDESERVICE
getUserRewards ---> TOURGUIDESERVICE
getUserRewards ---> TOURGUIDESERVICE
getUserRewards ---> TOURGUIDESERVICE
getUserRewards ---> TOURGUIDESERVICE
getUserRewards ---> TOURGUIDESERVICE
getUserRewards ---> TOURGUIDESERVICE
getUserRewards ---> TOURGUIDESERVICE
getUserRewards ---> TOURGUIDESERVICE
getUserRewards ---> TOURGUIDESERVICE
getUserRewards ---> TOURGUIDESERVICE
getUserRewards ---> TOURGUIDESERVICE
getUserRewards ---> TOURGUIDESERVICE
getUserRewards ---> TOURGUIDESERVICE
getUserRewards ---> TOURGUIDESERVICE
getUserRewards ---> TOURGUIDESERVICE
getUserRewards ---> TOURGUIDESERVICE
getUserRewards ---> TOURGUIDESERVICE
getUserRewards ---> TOURGUIDESERVICE
getUserRewards ---> TOURGUIDESERVICE
getUserRewards ---> TOURGUIDESERVICE
getUserRewards ---> TOURGUIDESERVICE
getUserRewards ---> TOURGUIDESERVICE
getUserRewards ---> TOURGUIDESERVICE
getUserRewards ---> TOURGUIDESERVICE
getUserRewards ---> TOURGUIDESERVICE
getUserRewards ---> TOURGUIDESERVICE
getUserRewards ---> TOURGUIDESERVICE
getUserRewards ---> TOURGUIDESERVICE
getUserRewards ---> TOURGUIDESERVICE
getUserRewards ---> TOURGUIDESERVICE
getUserRewards ---> TOURGUIDESERVICE
getUserRewards ---> TOURGUIDESERVICE
getUserRewards ---> TOURGUIDESERVICE
getUserRewards ---> TOURGUIDESERVICE
getUserRewards ---> TOURGUIDESERVICE
getUserRewards ---> TOURGUIDESERVICE
getUserRewards ---> TOURGUIDESERVICE
getUserRewards ---> TOURGUIDESERVICE
getUserRewards ---> TOURGUIDESERVICE
getUserRewards ---> TOURGUIDESERVICE
getUserRewards ---> TOURGUIDESERVICE
getUserRewards ---> TOURGUIDESERVICE
getUserRewards ---> TOURGUIDESERVICE
getUserRewards ---> TOURGUIDESERVICE
getUserRewards ---> TOURGUIDESERVICE
getUserRewards ---> TOURGUIDESERVICE
getUserRewards ---> TOURGUIDESERVICE
getUserRewards ---> TOURGUIDESERVICE
getUserRewards ---> TOURGUIDESERVICE
getUserRewards ---> TOURGUIDESERVICE
getUserRewards ---> TOURGUIDESERVICE
getUserRewards ---> TOURGUIDESERVICE
getUserRewards ---> TOURGUIDESERVICE
getUserRewards ---> TOURGUIDESERVICE
getUserRewards ---> TOURGUIDESERVICE
getUserRewards ---> TOURGUIDESERVICE
getUserRewards ---> TOURGUIDESERVICE
getUserRewards ---> TOURGUIDESERVICE
getUserRewards ---> TOURGUIDESERVICE
getUserRewards ---> TOURGUIDESERVICE
getUserRewards ---> TOURGUIDESERVICE
getUserRewards ---> TOURGUIDESERVICE
getUserRewards ---> TOURGUIDESERVICE
getUserRewards ---> TOURGUIDESERVICE
getUserRewards ---> TOURGUIDESERVICE
getUserRewards ---> TOURGUIDESERVICE
getUserRewards ---> TOURGUIDESERVICE
getUserRewards ---> TOURGUIDESERVICE
getUserRewards ---> TOURGUIDESERVICE
getUserRewards ---> TOURGUIDESERVICE
getUserRewards ---> TOURGUIDESERVICE
getUserRewards ---> TOURGUIDESERVICE
getUserRewards ---> TOURGUIDESERVICE
getUserRewards ---> TOURGUIDESERVICE
getUserRewards ---> TOURGUIDESERVICE
getUserRewards ---> TOURGUIDESERVICE
getUserRewards ---> TOURGUIDESERVICE
getUserRewards ---> TOURGUIDESERVICE
getUserRewards ---> TOURGUIDESERVICE
getUserRewards ---> TOURGUIDESERVICE
getUserRewards ---> TOURGUIDESERVICE
getUserRewards ---> TOURGUIDESERVICE
getUserRewards ---> TOURGUIDESERVICE
getUserRewards ---> TOURGUIDESERVICE
getUserRewards ---> TOURGUIDESERVICE
getUserRewards ---> TOURGUIDESERVICE
getUserRewards ---> TOURGUIDESERVICE
getUserRewards ---> TOURGUIDESERVICE
getUserRewards ---> TOURGUIDESERVICE
getUserRewards ---> TOURGUIDESERVICE
getUserRewards ---> TOURGUIDESERVICE
getUserRewards ---> TOURGUIDESERVICE
getUserRewards ---> TOURGUIDESERVICE
getUserRewards ---> TOURGUIDESERVICE
getUserRewards ---> TOURGUIDESERVICE
getUserRewards ---> TOURGUIDESERVICE
getUserRewards ---> TOURGUIDESERVICE
getUserRewards ---> TOURGUIDESERVICE
getUserRewards ---> TOURGUIDESERVICE
getUserRewards ---> TOURGUIDESERVICE
getUserRewards ---> TOURGUIDESERVICE
getUserRewards ---> TOURGUIDESERVICE
getUserRewards ---> TOURGUIDESERVICE
getUserRewards ---> TOURGUIDESERVICE
getUserRewards ---> TOURGUIDESERVICE
getUserRewards ---> TOURGUIDESERVICE
getUserRewards ---> TOURGUIDESERVICE
getUserRewards ---> TOURGUIDESERVICE
getUserRewards ---> TOURGUIDESERVICE
getUserRewards ---> TOURGUIDESERVICE
getUserRewards ---> TOURGUIDESERVICE
getUserRewards ---> TOURGUIDESERVICE
getUserRewards ---> TOURGUIDESERVICE
getUserRewards ---> TOURGUIDESERVICE
getUserRewards ---> TOURGUIDESERVICE
getUserRewards ---> TOURGUIDESERVICE
getUserRewards ---> TOURGUIDESERVICE
getUserRewards ---> TOURGUIDESERVICE
getUserRewards ---> TOURGUIDESERVICE
getUserRewards ---> TOURGUIDESERVICE
getUserRewards ---> TOURGUIDESERVICE
getUserRewards ---> TOURGUIDESERVICE
getUserRewards ---> TOURGUIDESERVICE
getUserRewards ---> TOURGUIDESERVICE
getUserRewards ---> TOURGUIDESERVICE
getUserRewards ---> TOURGUIDESERVICE
getUserRewards ---> TOURGUIDESERVICE
getUserRewards ---> TOURGUIDESERVICE
getUserRewards ---> TOURGUIDESERVICE
getUserRewards ---> TOURGUIDESERVICE
getUserRewards ---> TOURGUIDESERVICE
getUserRewards ---> TOURGUIDESERVICE
getUserRewards ---> TOURGUIDESERVICE
getUserRewards ---> TOURGUIDESERVICE
getUserRewards ---> TOURGUIDESERVICE
getUserRewards ---> TOURGUIDESERVICE
getUserRewards ---> TOURGUIDESERVICE
getUserRewards ---> TOURGUIDESERVICE
getUserRewards ---> TOURGUIDESERVICE
getUserRewards ---> TOURGUIDESERVICE
getUserRewards ---> TOURGUIDESERVICE
getUserRewards ---> TOURGUIDESERVICE
getUserRewards ---> TOURGUIDESERVICE
getUserRewards ---> TOURGUIDESERVICE
getUserRewards ---> TOURGUIDESERVICE
getUserRewards ---> TOURGUIDESERVICE
getUserRewards ---> TOURGUIDESERVICE
getUserRewards ---> TOURGUIDESERVICE
getUserRewards ---> TOURGUIDESERVICE
getUserRewards ---> TOURGUIDESERVICE
getUserRewards ---> TOURGUIDESERVICE
getUserRewards ---> TOURGUIDESERVICE
getUserRewards ---> TOURGUIDESERVICE
getUserRewards ---> TOURGUIDESERVICE
getUserRewards ---> TOURGUIDESERVICE
getUserRewards ---> TOURGUIDESERVICE
getUserRewards ---> TOURGUIDESERVICE
getUserRewards ---> TOURGUIDESERVICE
getUserRewards ---> TOURGUIDESERVICE
getUserRewards ---> TOURGUIDESERVICE
getUserRewards ---> TOURGUIDESERVICE
getUserRewards ---> TOURGUIDESERVICE
getUserRewards ---> TOURGUIDESERVICE
getUserRewards ---> TOURGUIDESERVICE
getUserRewards ---> TOURGUIDESERVICE
getUserRewards ---> TOURGUIDESERVICE
getUserRewards ---> TOURGUIDESERVICE
getUserRewards ---> TOURGUIDESERVICE
getUserRewards ---> TOURGUIDESERVICE
getUserRewards ---> TOURGUIDESERVICE
getUserRewards ---> TOURGUIDESERVICE
getUserRewards ---> TOURGUIDESERVICE
getUserRewards ---> TOURGUIDESERVICE
getUserRewards ---> TOURGUIDESERVICE
getUserRewards ---> TOURGUIDESERVICE
getUserRewards ---> TOURGUIDESERVICE
getUserRewards ---> TOURGUIDESERVICE
getUserRewards ---> TOURGUIDESERVICE
getUserRewards ---> TOURGUIDESERVICE
getUserRewards ---> TOURGUIDESERVICE
getUserRewards ---> TOURGUIDESERVICE
getUserRewards ---> TOURGUIDESERVICE
getUserRewards ---> TOURGUIDESERVICE
getUserRewards ---> TOURGUIDESERVICE
getUserRewards ---> TOURGUIDESERVICE
getUserRewards ---> TOURGUIDESERVICE
getUserRewards ---> TOURGUIDESERVICE
getUserRewards ---> TOURGUIDESERVICE
getUserRewards ---> TOURGUIDESERVICE
getUserRewards ---> TOURGUIDESERVICE
getUserRewards ---> TOURGUIDESERVICE
getUserRewards ---> TOURGUIDESERVICE
getUserRewards ---> TOURGUIDESERVICE
getUserRewards ---> TOURGUIDESERVICE
getUserRewards ---> TOURGUIDESERVICE
getUserRewards ---> TOURGUIDESERVICE
getUserRewards ---> TOURGUIDESERVICE
getUserRewards ---> TOURGUIDESERVICE
getUserRewards ---> TOURGUIDESERVICE
getUserRewards ---> TOURGUIDESERVICE
getUserRewards ---> TOURGUIDESERVICE
getUserRewards ---> TOURGUIDESERVICE
getUserRewards ---> TOURGUIDESERVICE
getUserRewards ---> TOURGUIDESERVICE
getUserRewards ---> TOURGUIDESERVICE
getUserRewards ---> TOURGUIDESERVICE
getUserRewards ---> TOURGUIDESERVICE
getUserRewards ---> TOURGUIDESERVICE
getUserRewards ---> TOURGUIDESERVICE
getUserRewards ---> TOURGUIDESERVICE
getUserRewards ---> TOURGUIDESERVICE
getUserRewards ---> TOURGUIDESERVICE
getUserRewards ---> TOURGUIDESERVICE
getUserRewards ---> TOURGUIDESERVICE
getUserRewards ---> TOURGUIDESERVICE
getUserRewards ---> TOURGUIDESERVICE
getUserRewards ---> TOURGUIDESERVICE
getUserRewards ---> TOURGUIDESERVICE
getUserRewards ---> TOURGUIDESERVICE
getUserRewards ---> TOURGUIDESERVICE
getUserRewards ---> TOURGUIDESERVICE
getUserRewards ---> TOURGUIDESERVICE
getUserRewards ---> TOURGUIDESERVICE
getUserRewards ---> TOURGUIDESERVICE
getUserRewards ---> TOURGUIDESERVICE
getUserRewards ---> TOURGUIDESERVICE
getUserRewards ---> TOURGUIDESERVICE
getUserRewards ---> TOURGUIDESERVICE
getUserRewards ---> TOURGUIDESERVICE
getUserRewards ---> TOURGUIDESERVICE
getUserRewards ---> TOURGUIDESERVICE
getUserRewards ---> TOURGUIDESERVICE
getUserRewards ---> TOURGUIDESERVICE
getUserRewards ---> TOURGUIDESERVICE
getUserRewards ---> TOURGUIDESERVICE
getUserRewards ---> TOURGUIDESERVICE
getUserRewards ---> TOURGUIDESERVICE
getUserRewards ---> TOURGUIDESERVICE
getUserRewards ---> TOURGUIDESERVICE
getUserRewards ---> TOURGUIDESERVICE
getUserRewards ---> TOURGUIDESERVICE
getUserRewards ---> TOURGUIDESERVICE
getUserRewards ---> TOURGUIDESERVICE
getUserRewards ---> TOURGUIDESERVICE
getUserRewards ---> TOURGUIDESERVICE
getUserRewards ---> TOURGUIDESERVICE
getUserRewards ---> TOURGUIDESERVICE
getUserRewards ---> TOURGUIDESERVICE
getUserRewards ---> TOURGUIDESERVICE
getUserRewards ---> TOURGUIDESERVICE
getUserRewards ---> TOURGUIDESERVICE
getUserRewards ---> TOURGUIDESERVICE
getUserRewards ---> TOURGUIDESERVICE
getUserRewards ---> TOURGUIDESERVICE
getUserRewards ---> TOURGUIDESERVICE
getUserRewards ---> TOURGUIDESERVICE
getUserRewards ---> TOURGUIDESERVICE
getUserRewards ---> TOURGUIDESERVICE
getUserRewards ---> TOURGUIDESERVICE
getUserRewards ---> TOURGUIDESERVICE
getUserRewards ---> TOURGUIDESERVICE
getUserRewards ---> TOURGUIDESERVICE
getUserRewards ---> TOURGUIDESERVICE
getUserRewards ---> TOURGUIDESERVICE
getUserRewards ---> TOURGUIDESERVICE
getUserRewards ---> TOURGUIDESERVICE
getUserRewards ---> TOURGUIDESERVICE
getUserRewards ---> TOURGUIDESERVICE
getUserRewards ---> TOURGUIDESERVICE
getUserRewards ---> TOURGUIDESERVICE
getUserRewards ---> TOURGUIDESERVICE
getUserRewards ---> TOURGUIDESERVICE
getUserRewards ---> TOURGUIDESERVICE
getUserRewards ---> TOURGUIDESERVICE
getUserRewards ---> TOURGUIDESERVICE
getUserRewards ---> TOURGUIDESERVICE
getUserRewards ---> TOURGUIDESERVICE
getUserRewards ---> TOURGUIDESERVICE
getUserRewards ---> TOURGUIDESERVICE
getUserRewards ---> TOURGUIDESERVICE
getUserRewards ---> TOURGUIDESERVICE
getUserRewards ---> TOURGUIDESERVICE
getUserRewards ---> TOURGUIDESERVICE
getUserRewards ---> TOURGUIDESERVICE
getUserRewards ---> TOURGUIDESERVICE
getUserRewards ---> TOURGUIDESERVICE
getUserRewards ---> TOURGUIDESERVICE
getUserRewards ---> TOURGUIDESERVICE
getUserRewards ---> TOURGUIDESERVICE
getUserRewards ---> TOURGUIDESERVICE
getUserRewards ---> TOURGUIDESERVICE
getUserRewards ---> TOURGUIDESERVICE
getUserRewards ---> TOURGUIDESERVICE
getUserRewards ---> TOURGUIDESERVICE
getUserRewards ---> TOURGUIDESERVICE
getUserRewards ---> TOURGUIDESERVICE
getUserRewards ---> TOURGUIDESERVICE
getUserRewards ---> TOURGUIDESERVICE
getUserRewards ---> TOURGUIDESERVICE
getUserRewards ---> TOURGUIDESERVICE
getUserRewards ---> TOURGUIDESERVICE
getUserRewards ---> TOURGUIDESERVICE
getUserRewards ---> TOURGUIDESERVICE
getUserRewards ---> TOURGUIDESERVICE
getUserRewards ---> TOURGUIDESERVICE
getUserRewards ---> TOURGUIDESERVICE
getUserRewards ---> TOURGUIDESERVICE
getUserRewards ---> TOURGUIDESERVICE
getUserRewards ---> TOURGUIDESERVICE
getUserRewards ---> TOURGUIDESERVICE
getUserRewards ---> TOURGUIDESERVICE
getUserRewards ---> TOURGUIDESERVICE
getUserRewards ---> TOURGUIDESERVICE
getUserRewards ---> TOURGUIDESERVICE
getUserRewards ---> TOURGUIDESERVICE
getUserRewards ---> TOURGUIDESERVICE
getUserRewards ---> TOURGUIDESERVICE
getUserRewards ---> TOURGUIDESERVICE
getUserRewards ---> TOURGUIDESERVICE
getUserRewards ---> TOURGUIDESERVICE
getUserRewards ---> TOURGUIDESERVICE
getUserRewards ---> TOURGUIDESERVICE
getUserRewards ---> TOURGUIDESERVICE
getUserRewards ---> TOURGUIDESERVICE
getUserRewards ---> TOURGUIDESERVICE
getUserRewards ---> TOURGUIDESERVICE
getUserRewards ---> TOURGUIDESERVICE
getUserRewards ---> TOURGUIDESERVICE
getUserRewards ---> TOURGUIDESERVICE
getUserRewards ---> TOURGUIDESERVICE
getUserRewards ---> TOURGUIDESERVICE
getUserRewards ---> TOURGUIDESERVICE
getUserRewards ---> TOURGUIDESERVICE
getUserRewards ---> TOURGUIDESERVICE
getUserRewards ---> TOURGUIDESERVICE
getUserRewards ---> TOURGUIDESERVICE
getUserRewards ---> TOURGUIDESERVICE
getUserRewards ---> TOURGUIDESERVICE
getUserRewards ---> TOURGUIDESERVICE
getUserRewards ---> TOURGUIDESERVICE
getUserRewards ---> TOURGUIDESERVICE
getUserRewards ---> TOURGUIDESERVICE
getUserRewards ---> TOURGUIDESERVICE
getUserRewards ---> TOURGUIDESERVICE
getUserRewards ---> TOURGUIDESERVICE
getUserRewards ---> TOURGUIDESERVICE
getUserRewards ---> TOURGUIDESERVICE
getUserRewards ---> TOURGUIDESERVICE
getUserRewards ---> TOURGUIDESERVICE
getUserRewards ---> TOURGUIDESERVICE
getUserRewards ---> TOURGUIDESERVICE
getUserRewards ---> TOURGUIDESERVICE
getUserRewards ---> TOURGUIDESERVICE
getUserRewards ---> TOURGUIDESERVICE
getUserRewards ---> TOURGUIDESERVICE
getUserRewards ---> TOURGUIDESERVICE
getUserRewards ---> TOURGUIDESERVICE
getUserRewards ---> TOURGUIDESERVICE
getUserRewards ---> TOURGUIDESERVICE
getUserRewards ---> TOURGUIDESERVICE
getUserRewards ---> TOURGUIDESERVICE
getUserRewards ---> TOURGUIDESERVICE
getUserRewards ---> TOURGUIDESERVICE
getUserRewards ---> TOURGUIDESERVICE
getUserRewards ---> TOURGUIDESERVICE
getUserRewards ---> TOURGUIDESERVICE
getUserRewards ---> TOURGUIDESERVICE
getUserRewards ---> TOURGUIDESERVICE
getUserRewards ---> TOURGUIDESERVICE
getUserRewards ---> TOURGUIDESERVICE
getUserRewards ---> TOURGUIDESERVICE
getUserRewards ---> TOURGUIDESERVICE
getUserRewards ---> TOURGUIDESERVICE
getUserRewards ---> TOURGUIDESERVICE
getUserRewards ---> TOURGUIDESERVICE
getUserRewards ---> TOURGUIDESERVICE
getUserRewards ---> TOURGUIDESERVICE
getUserRewards ---> TOURGUIDESERVICE
getUserRewards ---> TOURGUIDESERVICE
getUserRewards ---> TOURGUIDESERVICE
getUserRewards ---> TOURGUIDESERVICE
getUserRewards ---> TOURGUIDESERVICE
getUserRewards ---> TOURGUIDESERVICE
getUserRewards ---> TOURGUIDESERVICE
getUserRewards ---> TOURGUIDESERVICE
getUserRewards ---> TOURGUIDESERVICE
getUserRewards ---> TOURGUIDESERVICE
getUserRewards ---> TOURGUIDESERVICE
getUserRewards ---> TOURGUIDESERVICE
getUserRewards ---> TOURGUIDESERVICE
getUserRewards ---> TOURGUIDESERVICE
getUserRewards ---> TOURGUIDESERVICE
getUserRewards ---> TOURGUIDESERVICE
getUserRewards ---> TOURGUIDESERVICE
getUserRewards ---> TOURGUIDESERVICE
getUserRewards ---> TOURGUIDESERVICE
getUserRewards ---> TOURGUIDESERVICE
getUserRewards ---> TOURGUIDESERVICE
getUserRewards ---> TOURGUIDESERVICE
getUserRewards ---> TOURGUIDESERVICE
getUserRewards ---> TOURGUIDESERVICE
getUserRewards ---> TOURGUIDESERVICE
getUserRewards ---> TOURGUIDESERVICE
getUserRewards ---> TOURGUIDESERVICE
getUserRewards ---> TOURGUIDESERVICE
getUserRewards ---> TOURGUIDESERVICE
getUserRewards ---> TOURGUIDESERVICE
getUserRewards ---> TOURGUIDESERVICE
getUserRewards ---> TOURGUIDESERVICE
getUserRewards ---> TOURGUIDESERVICE
getUserRewards ---> TOURGUIDESERVICE
getUserRewards ---> TOURGUIDESERVICE
getUserRewards ---> TOURGUIDESERVICE
getUserRewards ---> TOURGUIDESERVICE
getUserRewards ---> TOURGUIDESERVICE
getUserRewards ---> TOURGUIDESERVICE
getUserRewards ---> TOURGUIDESERVICE
getUserRewards ---> TOURGUIDESERVICE
getUserRewards ---> TOURGUIDESERVICE
getUserRewards ---> TOURGUIDESERVICE
getUserRewards ---> TOURGUIDESERVICE
getUserRewards ---> TOURGUIDESERVICE
getUserRewards ---> TOURGUIDESERVICE
getUserRewards ---> TOURGUIDESERVICE
getUserRewards ---> TOURGUIDESERVICE
getUserRewards ---> TOURGUIDESERVICE
getUserRewards ---> TOURGUIDESERVICE
getUserRewards ---> TOURGUIDESERVICE
getUserRewards ---> TOURGUIDESERVICE
getUserRewards ---> TOURGUIDESERVICE
getUserRewards ---> TOURGUIDESERVICE
getUserRewards ---> TOURGUIDESERVICE
getUserRewards ---> TOURGUIDESERVICE
getUserRewards ---> TOURGUIDESERVICE
getUserRewards ---> TOURGUIDESERVICE
getUserRewards ---> TOURGUIDESERVICE
getUserRewards ---> TOURGUIDESERVICE
getUserRewards ---> TOURGUIDESERVICE
getUserRewards ---> TOURGUIDESERVICE
getUserRewards ---> TOURGUIDESERVICE
getUserRewards ---> TOURGUIDESERVICE
getUserRewards ---> TOURGUIDESERVICE
getUserRewards ---> TOURGUIDESERVICE
getUserRewards ---> TOURGUIDESERVICE
getUserRewards ---> TOURGUIDESERVICE
getUserRewards ---> TOURGUIDESERVICE
getUserRewards ---> TOURGUIDESERVICE
getUserRewards ---> TOURGUIDESERVICE
getUserRewards ---> TOURGUIDESERVICE
getUserRewards ---> TOURGUIDESERVICE
getUserRewards ---> TOURGUIDESERVICE
getUserRewards ---> TOURGUIDESERVICE
getUserRewards ---> TOURGUIDESERVICE
getUserRewards ---> TOURGUIDESERVICE
getUserRewards ---> TOURGUIDESERVICE
getUserRewards ---> TOURGUIDESERVICE
getUserRewards ---> TOURGUIDESERVICE
getUserRewards ---> TOURGUIDESERVICE
getUserRewards ---> TOURGUIDESERVICE
getUserRewards ---> TOURGUIDESERVICE
getUserRewards ---> TOURGUIDESERVICE
getUserRewards ---> TOURGUIDESERVICE
getUserRewards ---> TOURGUIDESERVICE
getUserRewards ---> TOURGUIDESERVICE
getUserRewards ---> TOURGUIDESERVICE
getUserRewards ---> TOURGUIDESERVICE
getUserRewards ---> TOURGUIDESERVICE
getUserRewards ---> TOURGUIDESERVICE
getUserRewards ---> TOURGUIDESERVICE
getUserRewards ---> TOURGUIDESERVICE
getUserRewards ---> TOURGUIDESERVICE
getUserRewards ---> TOURGUIDESERVICE
getUserRewards ---> TOURGUIDESERVICE
getUserRewards ---> TOURGUIDESERVICE
getUserRewards ---> TOURGUIDESERVICE
getUserRewards ---> TOURGUIDESERVICE
getUserRewards ---> TOURGUIDESERVICE
getUserRewards ---> TOURGUIDESERVICE
getUserRewards ---> TOURGUIDESERVICE
getUserRewards ---> TOURGUIDESERVICE
getUserRewards ---> TOURGUIDESERVICE
getUserRewards ---> TOURGUIDESERVICE
getUserRewards ---> TOURGUIDESERVICE
getUserRewards ---> TOURGUIDESERVICE
getUserRewards ---> TOURGUIDESERVICE
getUserRewards ---> TOURGUIDESERVICE
getUserRewards ---> TOURGUIDESERVICE
getUserRewards ---> TOURGUIDESERVICE
getUserRewards ---> TOURGUIDESERVICE
getUserRewards ---> TOURGUIDESERVICE
getUserRewards ---> TOURGUIDESERVICE
getUserRewards ---> TOURGUIDESERVICE
getUserRewards ---> TOURGUIDESERVICE
getUserRewards ---> TOURGUIDESERVICE
getUserRewards ---> TOURGUIDESERVICE
getUserRewards ---> TOURGUIDESERVICE
getUserRewards ---> TOURGUIDESERVICE
getUserRewards ---> TOURGUIDESERVICE
getUserRewards ---> TOURGUIDESERVICE
getUserRewards ---> TOURGUIDESERVICE
getUserRewards ---> TOURGUIDESERVICE
getUserRewards ---> TOURGUIDESERVICE
getUserRewards ---> TOURGUIDESERVICE
getUserRewards ---> TOURGUIDESERVICE
getUserRewards ---> TOURGUIDESERVICE
getUserRewards ---> TOURGUIDESERVICE
getUserRewards ---> TOURGUIDESERVICE
getUserRewards ---> TOURGUIDESERVICE
getUserRewards ---> TOURGUIDESERVICE
getUserRewards ---> TOURGUIDESERVICE
getUserRewards ---> TOURGUIDESERVICE
getUserRewards ---> TOURGUIDESERVICE
getUserRewards ---> TOURGUIDESERVICE
getUserRewards ---> TOURGUIDESERVICE
getUserRewards ---> TOURGUIDESERVICE
getUserRewards ---> TOURGUIDESERVICE
getUserRewards ---> TOURGUIDESERVICE
getUserRewards ---> TOURGUIDESERVICE
getUserRewards ---> TOURGUIDESERVICE
getUserRewards ---> TOURGUIDESERVICE
getUserRewards ---> TOURGUIDESERVICE
getUserRewards ---> TOURGUIDESERVICE
getUserRewards ---> TOURGUIDESERVICE
getUserRewards ---> TOURGUIDESERVICE
getUserRewards ---> TOURGUIDESERVICE
getUserRewards ---> TOURGUIDESERVICE
getUserRewards ---> TOURGUIDESERVICE
getUserRewards ---> TOURGUIDESERVICE
getUserRewards ---> TOURGUIDESERVICE
getUserRewards ---> TOURGUIDESERVICE
getUserRewards ---> TOURGUIDESERVICE
getUserRewards ---> TOURGUIDESERVICE
getUserRewards ---> TOURGUIDESERVICE
getUserRewards ---> TOURGUIDESERVICE
getUserRewards ---> TOURGUIDESERVICE
getUserRewards ---> TOURGUIDESERVICE
getUserRewards ---> TOURGUIDESERVICE
getUserRewards ---> TOURGUIDESERVICE
getUserRewards ---> TOURGUIDESERVICE
getUserRewards ---> TOURGUIDESERVICE
getUserRewards ---> TOURGUIDESERVICE
getUserRewards ---> TOURGUIDESERVICE
getUserRewards ---> TOURGUIDESERVICE
getUserRewards ---> TOURGUIDESERVICE
getUserRewards ---> TOURGUIDESERVICE
getUserRewards ---> TOURGUIDESERVICE
getUserRewards ---> TOURGUIDESERVICE
getUserRewards ---> TOURGUIDESERVICE
getUserRewards ---> TOURGUIDESERVICE
getUserRewards ---> TOURGUIDESERVICE
getUserRewards ---> TOURGUIDESERVICE
getUserRewards ---> TOURGUIDESERVICE
getUserRewards ---> TOURGUIDESERVICE
getUserRewards ---> TOURGUIDESERVICE
getUserRewards ---> TOURGUIDESERVICE
getUserRewards ---> TOURGUIDESERVICE
getUserRewards ---> TOURGUIDESERVICE
getUserRewards ---> TOURGUIDESERVICE
getUserRewards ---> TOURGUIDESERVICE
getUserRewards ---> TOURGUIDESERVICE
getUserRewards ---> TOURGUIDESERVICE
getUserRewards ---> TOURGUIDESERVICE
getUserRewards ---> TOURGUIDESERVICE
getUserRewards ---> TOURGUIDESERVICE
getUserRewards ---> TOURGUIDESERVICE
getUserRewards ---> TOURGUIDESERVICE
getUserRewards ---> TOURGUIDESERVICE
getUserRewards ---> TOURGUIDESERVICE
getUserRewards ---> TOURGUIDESERVICE
getUserRewards ---> TOURGUIDESERVICE
getUserRewards ---> TOURGUIDESERVICE
getUserRewards ---> TOURGUIDESERVICE
getUserRewards ---> TOURGUIDESERVICE
getUserRewards ---> TOURGUIDESERVICE
getUserRewards ---> TOURGUIDESERVICE
getUserRewards ---> TOURGUIDESERVICE
getUserRewards ---> TOURGUIDESERVICE
getUserRewards ---> TOURGUIDESERVICE
getUserRewards ---> TOURGUIDESERVICE
getUserRewards ---> TOURGUIDESERVICE
getUserRewards ---> TOURGUIDESERVICE
getUserRewards ---> TOURGUIDESERVICE
getUserRewards ---> TOURGUIDESERVICE
getUserRewards ---> TOURGUIDESERVICE
getUserRewards ---> TOURGUIDESERVICE
getUserRewards ---> TOURGUIDESERVICE
getUserRewards ---> TOURGUIDESERVICE
getUserRewards ---> TOURGUIDESERVICE
getUserRewards ---> TOURGUIDESERVICE
getUserRewards ---> TOURGUIDESERVICE
getUserRewards ---> TOURGUIDESERVICE
getUserRewards ---> TOURGUIDESERVICE
getUserRewards ---> TOURGUIDESERVICE
getUserRewards ---> TOURGUIDESERVICE
getUserRewards ---> TOURGUIDESERVICE
getUserRewards ---> TOURGUIDESERVICE
getUserRewards ---> TOURGUIDESERVICE
getUserRewards ---> TOURGUIDESERVICE
getUserRewards ---> TOURGUIDESERVICE
getUserRewards ---> TOURGUIDESERVICE
getUserRewards ---> TOURGUIDESERVICE
getUserRewards ---> TOURGUIDESERVICE
getUserRewards ---> TOURGUIDESERVICE
getUserRewards ---> TOURGUIDESERVICE
getUserRewards ---> TOURGUIDESERVICE
getUserRewards ---> TOURGUIDESERVICE
getUserRewards ---> TOURGUIDESERVICE
getUserRewards ---> TOURGUIDESERVICE
getUserRewards ---> TOURGUIDESERVICE
getUserRewards ---> TOURGUIDESERVICE
getUserRewards ---> TOURGUIDESERVICE
getUserRewards ---> TOURGUIDESERVICE
getUserRewards ---> TOURGUIDESERVICE
getUserRewards ---> TOURGUIDESERVICE
getUserRewards ---> TOURGUIDESERVICE
getUserRewards ---> TOURGUIDESERVICE
getUserRewards ---> TOURGUIDESERVICE
getUserRewards ---> TOURGUIDESERVICE
getUserRewards ---> TOURGUIDESERVICE
getUserRewards ---> TOURGUIDESERVICE
getUserRewards ---> TOURGUIDESERVICE
getUserRewards ---> TOURGUIDESERVICE
getUserRewards ---> TOURGUIDESERVICE
getUserRewards ---> TOURGUIDESERVICE
getUserRewards ---> TOURGUIDESERVICE
getUserRewards ---> TOURGUIDESERVICE
getUserRewards ---> TOURGUIDESERVICE
getUserRewards ---> TOURGUIDESERVICE
getUserRewards ---> TOURGUIDESERVICE
getUserRewards ---> TOURGUIDESERVICE
getUserRewards ---> TOURGUIDESERVICE
getUserRewards ---> TOURGUIDESERVICE
getUserRewards ---> TOURGUIDESERVICE
getUserRewards ---> TOURGUIDESERVICE
getUserRewards ---> TOURGUIDESERVICE
getUserRewards ---> TOURGUIDESERVICE
getUserRewards ---> TOURGUIDESERVICE
getUserRewards ---> TOURGUIDESERVICE
getUserRewards ---> TOURGUIDESERVICE
getUserRewards ---> TOURGUIDESERVICE
getUserRewards ---> TOURGUIDESERVICE
getUserRewards ---> TOURGUIDESERVICE
getUserRewards ---> TOURGUIDESERVICE
getUserRewards ---> TOURGUIDESERVICE
getUserRewards ---> TOURGUIDESERVICE
getUserRewards ---> TOURGUIDESERVICE
getUserRewards ---> TOURGUIDESERVICE
getUserRewards ---> TOURGUIDESERVICE
getUserRewards ---> TOURGUIDESERVICE
getUserRewards ---> TOURGUIDESERVICE
getUserRewards ---> TOURGUIDESERVICE
getUserRewards ---> TOURGUIDESERVICE
getUserRewards ---> TOURGUIDESERVICE
getUserRewards ---> TOURGUIDESERVICE
getUserRewards ---> TOURGUIDESERVICE
getUserRewards ---> TOURGUIDESERVICE
getUserRewards ---> TOURGUIDESERVICE
getUserRewards ---> TOURGUIDESERVICE
getUserRewards ---> TOURGUIDESERVICE
getUserRewards ---> TOURGUIDESERVICE
getUserRewards ---> TOURGUIDESERVICE
getUserRewards ---> TOURGUIDESERVICE
getUserRewards ---> TOURGUIDESERVICE
getUserRewards ---> TOURGUIDESERVICE
getUserRewards ---> TOURGUIDESERVICE
getUserRewards ---> TOURGUIDESERVICE
getUserRewards ---> TOURGUIDESERVICE
getUserRewards ---> TOURGUIDESERVICE
getUserRewards ---> TOURGUIDESERVICE
getUserRewards ---> TOURGUIDESERVICE
getUserRewards ---> TOURGUIDESERVICE
getUserRewards ---> TOURGUIDESERVICE
getUserRewards ---> TOURGUIDESERVICE
getUserRewards ---> TOURGUIDESERVICE
getUserRewards ---> TOURGUIDESERVICE
getUserRewards ---> TOURGUIDESERVICE
getUserRewards ---> TOURGUIDESERVICE
getUserRewards ---> TOURGUIDESERVICE
getUserRewards ---> TOURGUIDESERVICE
getUserRewards ---> TOURGUIDESERVICE
getUserRewards ---> TOURGUIDESERVICE
getUserRewards ---> TOURGUIDESERVICE
getUserRewards ---> TOURGUIDESERVICE
getUserRewards ---> TOURGUIDESERVICE
getUserRewards ---> TOURGUIDESERVICE
getUserRewards ---> TOURGUIDESERVICE
getUserRewards ---> TOURGUIDESERVICE
getUserRewards ---> TOURGUIDESERVICE
getUserRewards ---> TOURGUIDESERVICE
getUserRewards ---> TOURGUIDESERVICE
getUserRewards ---> TOURGUIDESERVICE
getUserRewards ---> TOURGUIDESERVICE
getUserRewards ---> TOURGUIDESERVICE
getUserRewards ---> TOURGUIDESERVICE
getUserRewards ---> TOURGUIDESERVICE
getUserRewards ---> TOURGUIDESERVICE
getUserRewards ---> TOURGUIDESERVICE
getUserRewards ---> TOURGUIDESERVICE
getUserRewards ---> TOURGUIDESERVICE
getUserRewards ---> TOURGUIDESERVICE
getUserRewards ---> TOURGUIDESERVICE
getUserRewards ---> TOURGUIDESERVICE
getUserRewards ---> TOURGUIDESERVICE
getUserRewards ---> TOURGUIDESERVICE
getUserRewards ---> TOURGUIDESERVICE
getUserRewards ---> TOURGUIDESERVICE
getUserRewards ---> TOURGUIDESERVICE
getUserRewards ---> TOURGUIDESERVICE
getUserRewards ---> TOURGUIDESERVICE
getUserRewards ---> TOURGUIDESERVICE
getUserRewards ---> TOURGUIDESERVICE
getUserRewards ---> TOURGUIDESERVICE
getUserRewards ---> TOURGUIDESERVICE
getUserRewards ---> TOURGUIDESERVICE
getUserRewards ---> TOURGUIDESERVICE
getUserRewards ---> TOURGUIDESERVICE
getUserRewards ---> TOURGUIDESERVICE
getUserRewards ---> TOURGUIDESERVICE
getUserRewards ---> TOURGUIDESERVICE
getUserRewards ---> TOURGUIDESERVICE
getUserRewards ---> TOURGUIDESERVICE
getUserRewards ---> TOURGUIDESERVICE
getUserRewards ---> TOURGUIDESERVICE
getUserRewards ---> TOURGUIDESERVICE
getUserRewards ---> TOURGUIDESERVICE
getUserRewards ---> TOURGUIDESERVICE
getUserRewards ---> TOURGUIDESERVICE
getUserRewards ---> TOURGUIDESERVICE
getUserRewards ---> TOURGUIDESERVICE
getUserRewards ---> TOURGUIDESERVICE
getUserRewards ---> TOURGUIDESERVICE
getUserRewards ---> TOURGUIDESERVICE
getUserRewards ---> TOURGUIDESERVICE
getUserRewards ---> TOURGUIDESERVICE
getUserRewards ---> TOURGUIDESERVICE
getUserRewards ---> TOURGUIDESERVICE
getUserRewards ---> TOURGUIDESERVICE
getUserRewards ---> TOURGUIDESERVICE
getUserRewards ---> TOURGUIDESERVICE
getUserRewards ---> TOURGUIDESERVICE
getUserRewards ---> TOURGUIDESERVICE
getUserRewards ---> TOURGUIDESERVICE
getUserRewards ---> TOURGUIDESERVICE
getUserRewards ---> TOURGUIDESERVICE
getUserRewards ---> TOURGUIDESERVICE
getUserRewards ---> TOURGUIDESERVICE
getUserRewards ---> TOURGUIDESERVICE
getUserRewards ---> TOURGUIDESERVICE
getUserRewards ---> TOURGUIDESERVICE
getUserRewards ---> TOURGUIDESERVICE
getUserRewards ---> TOURGUIDESERVICE
getUserRewards ---> TOURGUIDESERVICE
getUserRewards ---> TOURGUIDESERVICE
getUserRewards ---> TOURGUIDESERVICE
getUserRewards ---> TOURGUIDESERVICE
getUserRewards ---> TOURGUIDESERVICE
getUserRewards ---> TOURGUIDESERVICE
getUserRewards ---> TOURGUIDESERVICE
getUserRewards ---> TOURGUIDESERVICE
getUserRewards ---> TOURGUIDESERVICE
getUserRewards ---> TOURGUIDESERVICE
getUserRewards ---> TOURGUIDESERVICE
getUserRewards ---> TOURGUIDESERVICE
getUserRewards ---> TOURGUIDESERVICE
getUserRewards ---> TOURGUIDESERVICE
getUserRewards ---> TOURGUIDESERVICE
getUserRewards ---> TOURGUIDESERVICE
getUserRewards ---> TOURGUIDESERVICE
getUserRewards ---> TOURGUIDESERVICE
getUserRewards ---> TOURGUIDESERVICE
getUserRewards ---> TOURGUIDESERVICE
getUserRewards ---> TOURGUIDESERVICE
getUserRewards ---> TOURGUIDESERVICE
getUserRewards ---> TOURGUIDESERVICE
getUserRewards ---> TOURGUIDESERVICE
getUserRewards ---> TOURGUIDESERVICE
getUserRewards ---> TOURGUIDESERVICE
getUserRewards ---> TOURGUIDESERVICE
getUserRewards ---> TOURGUIDESERVICE
getUserRewards ---> TOURGUIDESERVICE
getUserRewards ---> TOURGUIDESERVICE
getUserRewards ---> TOURGUIDESERVICE
getUserRewards ---> TOURGUIDESERVICE
getUserRewards ---> TOURGUIDESERVICE
getUserRewards ---> TOURGUIDESERVICE
getUserRewards ---> TOURGUIDESERVICE
getUserRewards ---> TOURGUIDESERVICE
getUserRewards ---> TOURGUIDESERVICE
getUserRewards ---> TOURGUIDESERVICE
getUserRewards ---> TOURGUIDESERVICE
getUserRewards ---> TOURGUIDESERVICE
getUserRewards ---> TOURGUIDESERVICE
getUserRewards ---> TOURGUIDESERVICE
getUserRewards ---> TOURGUIDESERVICE
getUserRewards ---> TOURGUIDESERVICE
getUserRewards ---> TOURGUIDESERVICE
getUserRewards ---> TOURGUIDESERVICE
getUserRewards ---> TOURGUIDESERVICE
getUserRewards ---> TOURGUIDESERVICE
getUserRewards ---> TOURGUIDESERVICE
getUserRewards ---> TOURGUIDESERVICE
getUserRewards ---> TOURGUIDESERVICE
getUserRewards ---> TOURGUIDESERVICE
getUserRewards ---> TOURGUIDESERVICE
getUserRewards ---> TOURGUIDESERVICE
getUserRewards ---> TOURGUIDESERVICE
getUserRewards ---> TOURGUIDESERVICE
getUserRewards ---> TOURGUIDESERVICE
getUserRewards ---> TOURGUIDESERVICE
getUserRewards ---> TOURGUIDESERVICE
getUserRewards ---> TOURGUIDESERVICE
getUserRewards ---> TOURGUIDESERVICE
getUserRewards ---> TOURGUIDESERVICE
getUserRewards ---> TOURGUIDESERVICE
getUserRewards ---> TOURGUIDESERVICE
getUserRewards ---> TOURGUIDESERVICE
getUserRewards ---> TOURGUIDESERVICE
getUserRewards ---> TOURGUIDESERVICE
getUserRewards ---> TOURGUIDESERVICE
getUserRewards ---> TOURGUIDESERVICE
getUserRewards ---> TOURGUIDESERVICE
getUserRewards ---> TOURGUIDESERVICE
getUserRewards ---> TOURGUIDESERVICE
getUserRewards ---> TOURGUIDESERVICE
getUserRewards ---> TOURGUIDESERVICE
getUserRewards ---> TOURGUIDESERVICE
getUserRewards ---> TOURGUIDESERVICE
getUserRewards ---> TOURGUIDESERVICE
getUserRewards ---> TOURGUIDESERVICE
getUserRewards ---> TOURGUIDESERVICE
getUserRewards ---> TOURGUIDESERVICE
getUserRewards ---> TOURGUIDESERVICE
getUserRewards ---> TOURGUIDESERVICE
getUserRewards ---> TOURGUIDESERVICE
getUserRewards ---> TOURGUIDESERVICE
getUserRewards ---> TOURGUIDESERVICE
getUserRewards ---> TOURGUIDESERVICE
getUserRewards ---> TOURGUIDESERVICE
getUserRewards ---> TOURGUIDESERVICE
getUserRewards ---> TOURGUIDESERVICE
getUserRewards ---> TOURGUIDESERVICE
getUserRewards ---> TOURGUIDESERVICE
getUserRewards ---> TOURGUIDESERVICE
getUserRewards ---> TOURGUIDESERVICE
getUserRewards ---> TOURGUIDESERVICE
getUserRewards ---> TOURGUIDESERVICE
getUserRewards ---> TOURGUIDESERVICE
getUserRewards ---> TOURGUIDESERVICE
getUserRewards ---> TOURGUIDESERVICE
getUserRewards ---> TOURGUIDESERVICE
getUserRewards ---> TOURGUIDESERVICE
getUserRewards ---> TOURGUIDESERVICE
getUserRewards ---> TOURGUIDESERVICE
getUserRewards ---> TOURGUIDESERVICE
getUserRewards ---> TOURGUIDESERVICE
getUserRewards ---> TOURGUIDESERVICE
getUserRewards ---> TOURGUIDESERVICE
getUserRewards ---> TOURGUIDESERVICE
getUserRewards ---> TOURGUIDESERVICE
getUserRewards ---> TOURGUIDESERVICE
getUserRewards ---> TOURGUIDESERVICE
getUserRewards ---> TOURGUIDESERVICE
getUserRewards ---> TOURGUIDESERVICE
getUserRewards ---> TOURGUIDESERVICE
getUserRewards ---> TOURGUIDESERVICE
getUserRewards ---> TOURGUIDESERVICE
getUserRewards ---> TOURGUIDESERVICE
getUserRewards ---> TOURGUIDESERVICE
getUserRewards ---> TOURGUIDESERVICE
getUserRewards ---> TOURGUIDESERVICE
getUserRewards ---> TOURGUIDESERVICE
getUserRewards ---> TOURGUIDESERVICE
getUserRewards ---> TOURGUIDESERVICE
getUserRewards ---> TOURGUIDESERVICE
getUserRewards ---> TOURGUIDESERVICE
getUserRewards ---> TOURGUIDESERVICE
getUserRewards ---> TOURGUIDESERVICE
getUserRewards ---> TOURGUIDESERVICE
getUserRewards ---> TOURGUIDESERVICE
getUserRewards ---> TOURGUIDESERVICE
getUserRewards ---> TOURGUIDESERVICE
getUserRewards ---> TOURGUIDESERVICE
getUserRewards ---> TOURGUIDESERVICE
getUserRewards ---> TOURGUIDESERVICE
getUserRewards ---> TOURGUIDESERVICE
getUserRewards ---> TOURGUIDESERVICE
getUserRewards ---> TOURGUIDESERVICE
getUserRewards ---> TOURGUIDESERVICE
getUserRewards ---> TOURGUIDESERVICE
getUserRewards ---> TOURGUIDESERVICE
getUserRewards ---> TOURGUIDESERVICE
getUserRewards ---> TOURGUIDESERVICE
getUserRewards ---> TOURGUIDESERVICE
getUserRewards ---> TOURGUIDESERVICE
getUserRewards ---> TOURGUIDESERVICE
getUserRewards ---> TOURGUIDESERVICE
getUserRewards ---> TOURGUIDESERVICE
getUserRewards ---> TOURGUIDESERVICE
getUserRewards ---> TOURGUIDESERVICE
getUserRewards ---> TOURGUIDESERVICE
getUserRewards ---> TOURGUIDESERVICE
getUserRewards ---> TOURGUIDESERVICE
getUserRewards ---> TOURGUIDESERVICE
getUserRewards ---> TOURGUIDESERVICE
getUserRewards ---> TOURGUIDESERVICE
getUserRewards ---> TOURGUIDESERVICE
getUserRewards ---> TOURGUIDESERVICE
getUserRewards ---> TOURGUIDESERVICE
getUserRewards ---> TOURGUIDESERVICE
getUserRewards ---> TOURGUIDESERVICE
getUserRewards ---> TOURGUIDESERVICE
getUserRewards ---> TOURGUIDESERVICE
getUserRewards ---> TOURGUIDESERVICE
getUserRewards ---> TOURGUIDESERVICE
getUserRewards ---> TOURGUIDESERVICE
getUserRewards ---> TOURGUIDESERVICE
getUserRewards ---> TOURGUIDESERVICE
getUserRewards ---> TOURGUIDESERVICE
getUserRewards ---> TOURGUIDESERVICE
getUserRewards ---> TOURGUIDESERVICE
getUserRewards ---> TOURGUIDESERVICE
getUserRewards ---> TOURGUIDESERVICE
getUserRewards ---> TOURGUIDESERVICE
getUserRewards ---> TOURGUIDESERVICE
getUserRewards ---> TOURGUIDESERVICE
getUserRewards ---> TOURGUIDESERVICE
getUserRewards ---> TOURGUIDESERVICE
getUserRewards ---> TOURGUIDESERVICE
getUserRewards ---> TOURGUIDESERVICE
getUserRewards ---> TOURGUIDESERVICE
getUserRewards ---> TOURGUIDESERVICE
getUserRewards ---> TOURGUIDESERVICE
getUserRewards ---> TOURGUIDESERVICE
getUserRewards ---> TOURGUIDESERVICE
getUserRewards ---> TOURGUIDESERVICE
getUserRewards ---> TOURGUIDESERVICE
getUserRewards ---> TOURGUIDESERVICE
getUserRewards ---> TOURGUIDESERVICE
getUserRewards ---> TOURGUIDESERVICE
getUserRewards ---> TOURGUIDESERVICE
getUserRewards ---> TOURGUIDESERVICE
getUserRewards ---> TOURGUIDESERVICE
getUserRewards ---> TOURGUIDESERVICE
getUserRewards ---> TOURGUIDESERVICE
getUserRewards ---> TOURGUIDESERVICE
getUserRewards ---> TOURGUIDESERVICE
getUserRewards ---> TOURGUIDESERVICE
getUserRewards ---> TOURGUIDESERVICE
getUserRewards ---> TOURGUIDESERVICE
getUserRewards ---> TOURGUIDESERVICE
getUserRewards ---> TOURGUIDESERVICE
getUserRewards ---> TOURGUIDESERVICE
getUserRewards ---> TOURGUIDESERVICE
getUserRewards ---> TOURGUIDESERVICE
getUserRewards ---> TOURGUIDESERVICE
getUserRewards ---> TOURGUIDESERVICE
getUserRewards ---> TOURGUIDESERVICE
getUserRewards ---> TOURGUIDESERVICE
getUserRewards ---> TOURGUIDESERVICE
getUserRewards ---> TOURGUIDESERVICE
getUserRewards ---> TOURGUIDESERVICE
getUserRewards ---> TOURGUIDESERVICE
getUserRewards ---> TOURGUIDESERVICE
getUserRewards ---> TOURGUIDESERVICE
getUserRewards ---> TOURGUIDESERVICE
getUserRewards ---> TOURGUIDESERVICE
getUserRewards ---> TOURGUIDESERVICE
getUserRewards ---> TOURGUIDESERVICE
getUserRewards ---> TOURGUIDESERVICE
getUserRewards ---> TOURGUIDESERVICE
getUserRewards ---> TOURGUIDESERVICE
getUserRewards ---> TOURGUIDESERVICE
getUserRewards ---> TOURGUIDESERVICE
getUserRewards ---> TOURGUIDESERVICE
getUserRewards ---> TOURGUIDESERVICE
getUserRewards ---> TOURGUIDESERVICE
getUserRewards ---> TOURGUIDESERVICE
getUserRewards ---> TOURGUIDESERVICE
getUserRewards ---> TOURGUIDESERVICE
getUserRewards ---> TOURGUIDESERVICE
getUserRewards ---> TOURGUIDESERVICE
getUserRewards ---> TOURGUIDESERVICE
getUserRewards ---> TOURGUIDESERVICE
getUserRewards ---> TOURGUIDESERVICE
getUserRewards ---> TOURGUIDESERVICE
getUserRewards ---> TOURGUIDESERVICE
getUserRewards ---> TOURGUIDESERVICE
getUserRewards ---> TOURGUIDESERVICE
getUserRewards ---> TOURGUIDESERVICE
getUserRewards ---> TOURGUIDESERVICE
getUserRewards ---> TOURGUIDESERVICE
getUserRewards ---> TOURGUIDESERVICE
getUserRewards ---> TOURGUIDESERVICE
getUserRewards ---> TOURGUIDESERVICE
getUserRewards ---> TOURGUIDESERVICE
getUserRewards ---> TOURGUIDESERVICE
getUserRewards ---> TOURGUIDESERVICE
getUserRewards ---> TOURGUIDESERVICE
getUserRewards ---> TOURGUIDESERVICE
getUserRewards ---> TOURGUIDESERVICE
getUserRewards ---> TOURGUIDESERVICE
getUserRewards ---> TOURGUIDESERVICE
getUserRewards ---> TOURGUIDESERVICE
getUserRewards ---> TOURGUIDESERVICE
getUserRewards ---> TOURGUIDESERVICE
getUserRewards ---> TOURGUIDESERVICE
getUserRewards ---> TOURGUIDESERVICE
getUserRewards ---> TOURGUIDESERVICE
getUserRewards ---> TOURGUIDESERVICE
getUserRewards ---> TOURGUIDESERVICE
getUserRewards ---> TOURGUIDESERVICE
getUserRewards ---> TOURGUIDESERVICE
getUserRewards ---> TOURGUIDESERVICE
getUserRewards ---> TOURGUIDESERVICE
getUserRewards ---> TOURGUIDESERVICE
getUserRewards ---> TOURGUIDESERVICE
getUserRewards ---> TOURGUIDESERVICE
getUserRewards ---> TOURGUIDESERVICE
getUserRewards ---> TOURGUIDESERVICE
getUserRewards ---> TOURGUIDESERVICE
getUserRewards ---> TOURGUIDESERVICE
getUserRewards ---> TOURGUIDESERVICE
getUserRewards ---> TOURGUIDESERVICE
getUserRewards ---> TOURGUIDESERVICE
getUserRewards ---> TOURGUIDESERVICE
getUserRewards ---> TOURGUIDESERVICE
getUserRewards ---> TOURGUIDESERVICE
getUserRewards ---> TOURGUIDESERVICE
getUserRewards ---> TOURGUIDESERVICE
getUserRewards ---> TOURGUIDESERVICE
getUserRewards ---> TOURGUIDESERVICE
getUserRewards ---> TOURGUIDESERVICE
getUserRewards ---> TOURGUIDESERVICE
getUserRewards ---> TOURGUIDESERVICE
getUserRewards ---> TOURGUIDESERVICE
getUserRewards ---> TOURGUIDESERVICE
getUserRewards ---> TOURGUIDESERVICE
getUserRewards ---> TOURGUIDESERVICE
getUserRewards ---> TOURGUIDESERVICE
getUserRewards ---> TOURGUIDESERVICE
getUserRewards ---> TOURGUIDESERVICE
getUserRewards ---> TOURGUIDESERVICE
getUserRewards ---> TOURGUIDESERVICE
getUserRewards ---> TOURGUIDESERVICE
getUserRewards ---> TOURGUIDESERVICE
getUserRewards ---> TOURGUIDESERVICE
getUserRewards ---> TOURGUIDESERVICE
getUserRewards ---> TOURGUIDESERVICE
getUserRewards ---> TOURGUIDESERVICE
getUserRewards ---> TOURGUIDESERVICE
getUserRewards ---> TOURGUIDESERVICE
getUserRewards ---> TOURGUIDESERVICE
getUserRewards ---> TOURGUIDESERVICE
getUserRewards ---> TOURGUIDESERVICE
getUserRewards ---> TOURGUIDESERVICE
getUserRewards ---> TOURGUIDESERVICE
getUserRewards ---> TOURGUIDESERVICE
getUserRewards ---> TOURGUIDESERVICE
getUserRewards ---> TOURGUIDESERVICE
getUserRewards ---> TOURGUIDESERVICE
getUserRewards ---> TOURGUIDESERVICE
getUserRewards ---> TOURGUIDESERVICE
getUserRewards ---> TOURGUIDESERVICE
getUserRewards ---> TOURGUIDESERVICE
getUserRewards ---> TOURGUIDESERVICE
getUserRewards ---> TOURGUIDESERVICE
getUserRewards ---> TOURGUIDESERVICE
getUserRewards ---> TOURGUIDESERVICE
getUserRewards ---> TOURGUIDESERVICE
getUserRewards ---> TOURGUIDESERVICE
getUserRewards ---> TOURGUIDESERVICE
getUserRewards ---> TOURGUIDESERVICE
getUserRewards ---> TOURGUIDESERVICE
getUserRewards ---> TOURGUIDESERVICE
getUserRewards ---> TOURGUIDESERVICE
getUserRewards ---> TOURGUIDESERVICE
getUserRewards ---> TOURGUIDESERVICE
getUserRewards ---> TOURGUIDESERVICE
getUserRewards ---> TOURGUIDESERVICE
getUserRewards ---> TOURGUIDESERVICE
getUserRewards ---> TOURGUIDESERVICE
getUserRewards ---> TOURGUIDESERVICE
getUserRewards ---> TOURGUIDESERVICE
getUserRewards ---> TOURGUIDESERVICE
getUserRewards ---> TOURGUIDESERVICE
getUserRewards ---> TOURGUIDESERVICE
getUserRewards ---> TOURGUIDESERVICE
getUserRewards ---> TOURGUIDESERVICE
getUserRewards ---> TOURGUIDESERVICE
getUserRewards ---> TOURGUIDESERVICE
getUserRewards ---> TOURGUIDESERVICE
getUserRewards ---> TOURGUIDESERVICE
getUserRewards ---> TOURGUIDESERVICE
getUserRewards ---> TOURGUIDESERVICE
getUserRewards ---> TOURGUIDESERVICE
getUserRewards ---> TOURGUIDESERVICE
getUserRewards ---> TOURGUIDESERVICE
getUserRewards ---> TOURGUIDESERVICE
getUserRewards ---> TOURGUIDESERVICE
getUserRewards ---> TOURGUIDESERVICE
getUserRewards ---> TOURGUIDESERVICE
getUserRewards ---> TOURGUIDESERVICE
getUserRewards ---> TOURGUIDESERVICE
getUserRewards ---> TOURGUIDESERVICE
getUserRewards ---> TOURGUIDESERVICE
getUserRewards ---> TOURGUIDESERVICE
getUserRewards ---> TOURGUIDESERVICE
getUserRewards ---> TOURGUIDESERVICE
getUserRewards ---> TOURGUIDESERVICE
getUserRewards ---> TOURGUIDESERVICE
getUserRewards ---> TOURGUIDESERVICE
getUserRewards ---> TOURGUIDESERVICE
getUserRewards ---> TOURGUIDESERVICE
getUserRewards ---> TOURGUIDESERVICE
getUserRewards ---> TOURGUIDESERVICE
getUserRewards ---> TOURGUIDESERVICE
getUserRewards ---> TOURGUIDESERVICE
getUserRewards ---> TOURGUIDESERVICE
getUserRewards ---> TOURGUIDESERVICE
getUserRewards ---> TOURGUIDESERVICE
getUserRewards ---> TOURGUIDESERVICE
getUserRewards ---> TOURGUIDESERVICE
getUserRewards ---> TOURGUIDESERVICE
getUserRewards ---> TOURGUIDESERVICE
getUserRewards ---> TOURGUIDESERVICE
getUserRewards ---> TOURGUIDESERVICE
getUserRewards ---> TOURGUIDESERVICE
getUserRewards ---> TOURGUIDESERVICE
getUserRewards ---> TOURGUIDESERVICE
getUserRewards ---> TOURGUIDESERVICE
getUserRewards ---> TOURGUIDESERVICE
getUserRewards ---> TOURGUIDESERVICE
getUserRewards ---> TOURGUIDESERVICE
getUserRewards ---> TOURGUIDESERVICE
getUserRewards ---> TOURGUIDESERVICE
getUserRewards ---> TOURGUIDESERVICE
getUserRewards ---> TOURGUIDESERVICE
getUserRewards ---> TOURGUIDESERVICE
getUserRewards ---> TOURGUIDESERVICE
getUserRewards ---> TOURGUIDESERVICE
getUserRewards ---> TOURGUIDESERVICE
getUserRewards ---> TOURGUIDESERVICE
getUserRewards ---> TOURGUIDESERVICE
getUserRewards ---> TOURGUIDESERVICE
getUserRewards ---> TOURGUIDESERVICE
getUserRewards ---> TOURGUIDESERVICE
getUserRewards ---> TOURGUIDESERVICE
getUserRewards ---> TOURGUIDESERVICE
getUserRewards ---> TOURGUIDESERVICE
getUserRewards ---> TOURGUIDESERVICE
getUserRewards ---> TOURGUIDESERVICE
getUserRewards ---> TOURGUIDESERVICE
getUserRewards ---> TOURGUIDESERVICE
getUserRewards ---> TOURGUIDESERVICE
getUserRewards ---> TOURGUIDESERVICE
getUserRewards ---> TOURGUIDESERVICE
getUserRewards ---> TOURGUIDESERVICE
getUserRewards ---> TOURGUIDESERVICE
getUserRewards ---> TOURGUIDESERVICE
getUserRewards ---> TOURGUIDESERVICE
getUserRewards ---> TOURGUIDESERVICE
getUserRewards ---> TOURGUIDESERVICE
getUserRewards ---> TOURGUIDESERVICE
getUserRewards ---> TOURGUIDESERVICE
getUserRewards ---> TOURGUIDESERVICE
getUserRewards ---> TOURGUIDESERVICE
getUserRewards ---> TOURGUIDESERVICE
getUserRewards ---> TOURGUIDESERVICE
getUserRewards ---> TOURGUIDESERVICE
getUserRewards ---> TOURGUIDESERVICE
getUserRewards ---> TOURGUIDESERVICE
getUserRewards ---> TOURGUIDESERVICE
getUserRewards ---> TOURGUIDESERVICE
getUserRewards ---> TOURGUIDESERVICE
getUserRewards ---> TOURGUIDESERVICE
getUserRewards ---> TOURGUIDESERVICE
getUserRewards ---> TOURGUIDESERVICE
getUserRewards ---> TOURGUIDESERVICE
getUserRewards ---> TOURGUIDESERVICE
getUserRewards ---> TOURGUIDESERVICE
getUserRewards ---> TOURGUIDESERVICE
getUserRewards ---> TOURGUIDESERVICE
getUserRewards ---> TOURGUIDESERVICE
getUserRewards ---> TOURGUIDESERVICE
getUserRewards ---> TOURGUIDESERVICE
getUserRewards ---> TOURGUIDESERVICE
getUserRewards ---> TOURGUIDESERVICE
getUserRewards ---> TOURGUIDESERVICE
getUserRewards ---> TOURGUIDESERVICE
getUserRewards ---> TOURGUIDESERVICE
getUserRewards ---> TOURGUIDESERVICE
getUserRewards ---> TOURGUIDESERVICE
getUserRewards ---> TOURGUIDESERVICE
getUserRewards ---> TOURGUIDESERVICE
getUserRewards ---> TOURGUIDESERVICE
getUserRewards ---> TOURGUIDESERVICE
getUserRewards ---> TOURGUIDESERVICE
getUserRewards ---> TOURGUIDESERVICE
getUserRewards ---> TOURGUIDESERVICE
getUserRewards ---> TOURGUIDESERVICE
getUserRewards ---> TOURGUIDESERVICE
getUserRewards ---> TOURGUIDESERVICE
getUserRewards ---> TOURGUIDESERVICE
getUserRewards ---> TOURGUIDESERVICE
getUserRewards ---> TOURGUIDESERVICE
getUserRewards ---> TOURGUIDESERVICE
getUserRewards ---> TOURGUIDESERVICE
getUserRewards ---> TOURGUIDESERVICE
getUserRewards ---> TOURGUIDESERVICE
getUserRewards ---> TOURGUIDESERVICE
getUserRewards ---> TOURGUIDESERVICE
getUserRewards ---> TOURGUIDESERVICE
getUserRewards ---> TOURGUIDESERVICE
getUserRewards ---> TOURGUIDESERVICE
getUserRewards ---> TOURGUIDESERVICE
getUserRewards ---> TOURGUIDESERVICE
getUserRewards ---> TOURGUIDESERVICE
getUserRewards ---> TOURGUIDESERVICE
getUserRewards ---> TOURGUIDESERVICE
getUserRewards ---> TOURGUIDESERVICE
getUserRewards ---> TOURGUIDESERVICE
getUserRewards ---> TOURGUIDESERVICE
getUserRewards ---> TOURGUIDESERVICE
getUserRewards ---> TOURGUIDESERVICE
getUserRewards ---> TOURGUIDESERVICE
getUserRewards ---> TOURGUIDESERVICE
getUserRewards ---> TOURGUIDESERVICE
getUserRewards ---> TOURGUIDESERVICE
getUserRewards ---> TOURGUIDESERVICE
getUserRewards ---> TOURGUIDESERVICE
getUserRewards ---> TOURGUIDESERVICE
getUserRewards ---> TOURGUIDESERVICE
getUserRewards ---> TOURGUIDESERVICE
getUserRewards ---> TOURGUIDESERVICE
getUserRewards ---> TOURGUIDESERVICE
getUserRewards ---> TOURGUIDESERVICE
getUserRewards ---> TOURGUIDESERVICE
getUserRewards ---> TOURGUIDESERVICE
getUserRewards ---> TOURGUIDESERVICE
getUserRewards ---> TOURGUIDESERVICE
getUserRewards ---> TOURGUIDESERVICE
getUserRewards ---> TOURGUIDESERVICE
getUserRewards ---> TOURGUIDESERVICE
getUserRewards ---> TOURGUIDESERVICE
getUserRewards ---> TOURGUIDESERVICE
getUserRewards ---> TOURGUIDESERVICE
getUserRewards ---> TOURGUIDESERVICE
getUserRewards ---> TOURGUIDESERVICE
getUserRewards ---> TOURGUIDESERVICE
getUserRewards ---> TOURGUIDESERVICE
getUserRewards ---> TOURGUIDESERVICE
getUserRewards ---> TOURGUIDESERVICE
getUserRewards ---> TOURGUIDESERVICE
getUserRewards ---> TOURGUIDESERVICE
getUserRewards ---> TOURGUIDESERVICE
getUserRewards ---> TOURGUIDESERVICE
getUserRewards ---> TOURGUIDESERVICE
getUserRewards ---> TOURGUIDESERVICE
getUserRewards ---> TOURGUIDESERVICE
getUserRewards ---> TOURGUIDESERVICE
getUserRewards ---> TOURGUIDESERVICE
getUserRewards ---> TOURGUIDESERVICE
getUserRewards ---> TOURGUIDESERVICE
getUserRewards ---> TOURGUIDESERVICE
getUserRewards ---> TOURGUIDESERVICE
getUserRewards ---> TOURGUIDESERVICE
getUserRewards ---> TOURGUIDESERVICE
getUserRewards ---> TOURGUIDESERVICE
getUserRewards ---> TOURGUIDESERVICE
getUserRewards ---> TOURGUIDESERVICE
getUserRewards ---> TOURGUIDESERVICE
getUserRewards ---> TOURGUIDESERVICE
getUserRewards ---> TOURGUIDESERVICE
getUserRewards ---> TOURGUIDESERVICE
getUserRewards ---> TOURGUIDESERVICE
getUserRewards ---> TOURGUIDESERVICE
getUserRewards ---> TOURGUIDESERVICE
getUserRewards ---> TOURGUIDESERVICE
getUserRewards ---> TOURGUIDESERVICE
getUserRewards ---> TOURGUIDESERVICE
getUserRewards ---> TOURGUIDESERVICE
getUserRewards ---> TOURGUIDESERVICE
getUserRewards ---> TOURGUIDESERVICE
getUserRewards ---> TOURGUIDESERVICE
getUserRewards ---> TOURGUIDESERVICE
getUserRewards ---> TOURGUIDESERVICE
getUserRewards ---> TOURGUIDESERVICE
getUserRewards ---> TOURGUIDESERVICE
getUserRewards ---> TOURGUIDESERVICE
getUserRewards ---> TOURGUIDESERVICE
getUserRewards ---> TOURGUIDESERVICE
getUserRewards ---> TOURGUIDESERVICE
getUserRewards ---> TOURGUIDESERVICE
getUserRewards ---> TOURGUIDESERVICE
getUserRewards ---> TOURGUIDESERVICE
getUserRewards ---> TOURGUIDESERVICE
getUserRewards ---> TOURGUIDESERVICE
getUserRewards ---> TOURGUIDESERVICE
getUserRewards ---> TOURGUIDESERVICE
getUserRewards ---> TOURGUIDESERVICE
getUserRewards ---> TOURGUIDESERVICE
getUserRewards ---> TOURGUIDESERVICE
getUserRewards ---> TOURGUIDESERVICE
getUserRewards ---> TOURGUIDESERVICE
getUserRewards ---> TOURGUIDESERVICE
getUserRewards ---> TOURGUIDESERVICE
getUserRewards ---> TOURGUIDESERVICE
getUserRewards ---> TOURGUIDESERVICE
getUserRewards ---> TOURGUIDESERVICE
getUserRewards ---> TOURGUIDESERVICE
getUserRewards ---> TOURGUIDESERVICE
getUserRewards ---> TOURGUIDESERVICE
getUserRewards ---> TOURGUIDESERVICE
getUserRewards ---> TOURGUIDESERVICE
getUserRewards ---> TOURGUIDESERVICE
getUserRewards ---> TOURGUIDESERVICE
getUserRewards ---> TOURGUIDESERVICE
getUserRewards ---> TOURGUIDESERVICE
getUserRewards ---> TOURGUIDESERVICE
getUserRewards ---> TOURGUIDESERVICE
getUserRewards ---> TOURGUIDESERVICE
getUserRewards ---> TOURGUIDESERVICE
getUserRewards ---> TOURGUIDESERVICE
getUserRewards ---> TOURGUIDESERVICE
getUserRewards ---> TOURGUIDESERVICE
getUserRewards ---> TOURGUIDESERVICE
getUserRewards ---> TOURGUIDESERVICE
getUserRewards ---> TOURGUIDESERVICE
getUserRewards ---> TOURGUIDESERVICE
getUserRewards ---> TOURGUIDESERVICE
getUserRewards ---> TOURGUIDESERVICE
getUserRewards ---> TOURGUIDESERVICE
getUserRewards ---> TOURGUIDESERVICE
getUserRewards ---> TOURGUIDESERVICE
getUserRewards ---> TOURGUIDESERVICE
getUserRewards ---> TOURGUIDESERVICE
getUserRewards ---> TOURGUIDESERVICE
getUserRewards ---> TOURGUIDESERVICE
getUserRewards ---> TOURGUIDESERVICE
getUserRewards ---> TOURGUIDESERVICE
getUserRewards ---> TOURGUIDESERVICE
getUserRewards ---> TOURGUIDESERVICE
getUserRewards ---> TOURGUIDESERVICE
getUserRewards ---> TOURGUIDESERVICE
getUserRewards ---> TOURGUIDESERVICE
getUserRewards ---> TOURGUIDESERVICE
getUserRewards ---> TOURGUIDESERVICE
getUserRewards ---> TOURGUIDESERVICE
getUserRewards ---> TOURGUIDESERVICE
getUserRewards ---> TOURGUIDESERVICE
getUserRewards ---> TOURGUIDESERVICE
getUserRewards ---> TOURGUIDESERVICE
getUserRewards ---> TOURGUIDESERVICE
getUserRewards ---> TOURGUIDESERVICE
getUserRewards ---> TOURGUIDESERVICE
getUserRewards ---> TOURGUIDESERVICE
getUserRewards ---> TOURGUIDESERVICE
getUserRewards ---> TOURGUIDESERVICE
getUserRewards ---> TOURGUIDESERVICE
getUserRewards ---> TOURGUIDESERVICE
getUserRewards ---> TOURGUIDESERVICE
getUserRewards ---> TOURGUIDESERVICE
getUserRewards ---> TOURGUIDESERVICE
getUserRewards ---> TOURGUIDESERVICE
getUserRewards ---> TOURGUIDESERVICE
getUserRewards ---> TOURGUIDESERVICE
getUserRewards ---> TOURGUIDESERVICE
getUserRewards ---> TOURGUIDESERVICE
getUserRewards ---> TOURGUIDESERVICE
getUserRewards ---> TOURGUIDESERVICE
getUserRewards ---> TOURGUIDESERVICE
getUserRewards ---> TOURGUIDESERVICE
getUserRewards ---> TOURGUIDESERVICE
getUserRewards ---> TOURGUIDESERVICE
getUserRewards ---> TOURGUIDESERVICE
getUserRewards ---> TOURGUIDESERVICE
getUserRewards ---> TOURGUIDESERVICE
getUserRewards ---> TOURGUIDESERVICE
getUserRewards ---> TOURGUIDESERVICE
getUserRewards ---> TOURGUIDESERVICE
getUserRewards ---> TOURGUIDESERVICE
getUserRewards ---> TOURGUIDESERVICE
getUserRewards ---> TOURGUIDESERVICE
getUserRewards ---> TOURGUIDESERVICE
getUserRewards ---> TOURGUIDESERVICE
getUserRewards ---> TOURGUIDESERVICE
getUserRewards ---> TOURGUIDESERVICE
getUserRewards ---> TOURGUIDESERVICE
getUserRewards ---> TOURGUIDESERVICE
getUserRewards ---> TOURGUIDESERVICE
getUserRewards ---> TOURGUIDESERVICE
getUserRewards ---> TOURGUIDESERVICE
getUserRewards ---> TOURGUIDESERVICE
getUserRewards ---> TOURGUIDESERVICE
getUserRewards ---> TOURGUIDESERVICE
getUserRewards ---> TOURGUIDESERVICE
getUserRewards ---> TOURGUIDESERVICE
getUserRewards ---> TOURGUIDESERVICE
getUserRewards ---> TOURGUIDESERVICE
getUserRewards ---> TOURGUIDESERVICE
getUserRewards ---> TOURGUIDESERVICE
getUserRewards ---> TOURGUIDESERVICE
getUserRewards ---> TOURGUIDESERVICE
getUserRewards ---> TOURGUIDESERVICE
getUserRewards ---> TOURGUIDESERVICE
getUserRewards ---> TOURGUIDESERVICE
getUserRewards ---> TOURGUIDESERVICE
getUserRewards ---> TOURGUIDESERVICE
getUserRewards ---> TOURGUIDESERVICE
getUserRewards ---> TOURGUIDESERVICE
getUserRewards ---> TOURGUIDESERVICE
getUserRewards ---> TOURGUIDESERVICE
getUserRewards ---> TOURGUIDESERVICE
getUserRewards ---> TOURGUIDESERVICE
getUserRewards ---> TOURGUIDESERVICE
getUserRewards ---> TOURGUIDESERVICE
getUserRewards ---> TOURGUIDESERVICE
getUserRewards ---> TOURGUIDESERVICE
getUserRewards ---> TOURGUIDESERVICE
getUserRewards ---> TOURGUIDESERVICE
getUserRewards ---> TOURGUIDESERVICE
getUserRewards ---> TOURGUIDESERVICE
getUserRewards ---> TOURGUIDESERVICE
getUserRewards ---> TOURGUIDESERVICE
getUserRewards ---> TOURGUIDESERVICE
getUserRewards ---> TOURGUIDESERVICE
getUserRewards ---> TOURGUIDESERVICE
getUserRewards ---> TOURGUIDESERVICE
getUserRewards ---> TOURGUIDESERVICE
getUserRewards ---> TOURGUIDESERVICE
getUserRewards ---> TOURGUIDESERVICE
getUserRewards ---> TOURGUIDESERVICE
getUserRewards ---> TOURGUIDESERVICE
getUserRewards ---> TOURGUIDESERVICE
getUserRewards ---> TOURGUIDESERVICE
getUserRewards ---> TOURGUIDESERVICE
getUserRewards ---> TOURGUIDESERVICE
getUserRewards ---> TOURGUIDESERVICE
getUserRewards ---> TOURGUIDESERVICE
getUserRewards ---> TOURGUIDESERVICE
getUserRewards ---> TOURGUIDESERVICE
getUserRewards ---> TOURGUIDESERVICE
getUserRewards ---> TOURGUIDESERVICE
getUserRewards ---> TOURGUIDESERVICE
getUserRewards ---> TOURGUIDESERVICE
getUserRewards ---> TOURGUIDESERVICE
getUserRewards ---> TOURGUIDESERVICE
getUserRewards ---> TOURGUIDESERVICE
getUserRewards ---> TOURGUIDESERVICE
getUserRewards ---> TOURGUIDESERVICE
getUserRewards ---> TOURGUIDESERVICE
getUserRewards ---> TOURGUIDESERVICE
getUserRewards ---> TOURGUIDESERVICE
getUserRewards ---> TOURGUIDESERVICE
getUserRewards ---> TOURGUIDESERVICE
getUserRewards ---> TOURGUIDESERVICE
getUserRewards ---> TOURGUIDESERVICE
getUserRewards ---> TOURGUIDESERVICE
getUserRewards ---> TOURGUIDESERVICE
getUserRewards ---> TOURGUIDESERVICE
getUserRewards ---> TOURGUIDESERVICE
getUserRewards ---> TOURGUIDESERVICE
getUserRewards ---> TOURGUIDESERVICE
getUserRewards ---> TOURGUIDESERVICE
getUserRewards ---> TOURGUIDESERVICE
getUserRewards ---> TOURGUIDESERVICE
getUserRewards ---> TOURGUIDESERVICE
getUserRewards ---> TOURGUIDESERVICE
getUserRewards ---> TOURGUIDESERVICE
getUserRewards ---> TOURGUIDESERVICE
getUserRewards ---> TOURGUIDESERVICE
getUserRewards ---> TOURGUIDESERVICE
getUserRewards ---> TOURGUIDESERVICE
getUserRewards ---> TOURGUIDESERVICE
getUserRewards ---> TOURGUIDESERVICE
getUserRewards ---> TOURGUIDESERVICE
getUserRewards ---> TOURGUIDESERVICE
getUserRewards ---> TOURGUIDESERVICE
getUserRewards ---> TOURGUIDESERVICE
getUserRewards ---> TOURGUIDESERVICE
getUserRewards ---> TOURGUIDESERVICE
getUserRewards ---> TOURGUIDESERVICE
getUserRewards ---> TOURGUIDESERVICE
getUserRewards ---> TOURGUIDESERVICE
getUserRewards ---> TOURGUIDESERVICE
getUserRewards ---> TOURGUIDESERVICE
getUserRewards ---> TOURGUIDESERVICE
getUserRewards ---> TOURGUIDESERVICE
getUserRewards ---> TOURGUIDESERVICE
getUserRewards ---> TOURGUIDESERVICE
getUserRewards ---> TOURGUIDESERVICE
getUserRewards ---> TOURGUIDESERVICE
getUserRewards ---> TOURGUIDESERVICE
getUserRewards ---> TOURGUIDESERVICE
getUserRewards ---> TOURGUIDESERVICE
getUserRewards ---> TOURGUIDESERVICE
getUserRewards ---> TOURGUIDESERVICE
getUserRewards ---> TOURGUIDESERVICE
getUserRewards ---> TOURGUIDESERVICE
getUserRewards ---> TOURGUIDESERVICE
getUserRewards ---> TOURGUIDESERVICE
getUserRewards ---> TOURGUIDESERVICE
getUserRewards ---> TOURGUIDESERVICE
getUserRewards ---> TOURGUIDESERVICE
getUserRewards ---> TOURGUIDESERVICE
getUserRewards ---> TOURGUIDESERVICE
getUserRewards ---> TOURGUIDESERVICE
getUserRewards ---> TOURGUIDESERVICE
getUserRewards ---> TOURGUIDESERVICE
getUserRewards ---> TOURGUIDESERVICE
getUserRewards ---> TOURGUIDESERVICE
getUserRewards ---> TOURGUIDESERVICE
getUserRewards ---> TOURGUIDESERVICE
getUserRewards ---> TOURGUIDESERVICE
getUserRewards ---> TOURGUIDESERVICE
getUserRewards ---> TOURGUIDESERVICE
getUserRewards ---> TOURGUIDESERVICE
getUserRewards ---> TOURGUIDESERVICE
getUserRewards ---> TOURGUIDESERVICE
getUserRewards ---> TOURGUIDESERVICE
getUserRewards ---> TOURGUIDESERVICE
getUserRewards ---> TOURGUIDESERVICE
getUserRewards ---> TOURGUIDESERVICE
getUserRewards ---> TOURGUIDESERVICE
getUserRewards ---> TOURGUIDESERVICE
getUserRewards ---> TOURGUIDESERVICE
getUserRewards ---> TOURGUIDESERVICE
getUserRewards ---> TOURGUIDESERVICE
getUserRewards ---> TOURGUIDESERVICE
getUserRewards ---> TOURGUIDESERVICE
getUserRewards ---> TOURGUIDESERVICE
getUserRewards ---> TOURGUIDESERVICE
getUserRewards ---> TOURGUIDESERVICE
getUserRewards ---> TOURGUIDESERVICE
getUserRewards ---> TOURGUIDESERVICE
getUserRewards ---> TOURGUIDESERVICE
getUserRewards ---> TOURGUIDESERVICE
getUserRewards ---> TOURGUIDESERVICE
getUserRewards ---> TOURGUIDESERVICE
getUserRewards ---> TOURGUIDESERVICE
getUserRewards ---> TOURGUIDESERVICE
getUserRewards ---> TOURGUIDESERVICE
getUserRewards ---> TOURGUIDESERVICE
getUserRewards ---> TOURGUIDESERVICE
getUserRewards ---> TOURGUIDESERVICE
getUserRewards ---> TOURGUIDESERVICE
getUserRewards ---> TOURGUIDESERVICE
getUserRewards ---> TOURGUIDESERVICE
getUserRewards ---> TOURGUIDESERVICE
getUserRewards ---> TOURGUIDESERVICE
getUserRewards ---> TOURGUIDESERVICE
getUserRewards ---> TOURGUIDESERVICE
getUserRewards ---> TOURGUIDESERVICE
getUserRewards ---> TOURGUIDESERVICE
getUserRewards ---> TOURGUIDESERVICE
getUserRewards ---> TOURGUIDESERVICE
getUserRewards ---> TOURGUIDESERVICE
getUserRewards ---> TOURGUIDESERVICE
getUserRewards ---> TOURGUIDESERVICE
getUserRewards ---> TOURGUIDESERVICE
getUserRewards ---> TOURGUIDESERVICE
getUserRewards ---> TOURGUIDESERVICE
getUserRewards ---> TOURGUIDESERVICE
getUserRewards ---> TOURGUIDESERVICE
getUserRewards ---> TOURGUIDESERVICE
getUserRewards ---> TOURGUIDESERVICE
getUserRewards ---> TOURGUIDESERVICE
getUserRewards ---> TOURGUIDESERVICE
getUserRewards ---> TOURGUIDESERVICE
getUserRewards ---> TOURGUIDESERVICE
getUserRewards ---> TOURGUIDESERVICE
getUserRewards ---> TOURGUIDESERVICE
getUserRewards ---> TOURGUIDESERVICE
getUserRewards ---> TOURGUIDESERVICE
getUserRewards ---> TOURGUIDESERVICE
getUserRewards ---> TOURGUIDESERVICE
getUserRewards ---> TOURGUIDESERVICE
getUserRewards ---> TOURGUIDESERVICE
getUserRewards ---> TOURGUIDESERVICE
getUserRewards ---> TOURGUIDESERVICE
getUserRewards ---> TOURGUIDESERVICE
getUserRewards ---> TOURGUIDESERVICE
getUserRewards ---> TOURGUIDESERVICE
getUserRewards ---> TOURGUIDESERVICE
getUserRewards ---> TOURGUIDESERVICE
getUserRewards ---> TOURGUIDESERVICE
getUserRewards ---> TOURGUIDESERVICE
getUserRewards ---> TOURGUIDESERVICE
getUserRewards ---> TOURGUIDESERVICE
getUserRewards ---> TOURGUIDESERVICE
getUserRewards ---> TOURGUIDESERVICE
getUserRewards ---> TOURGUIDESERVICE
getUserRewards ---> TOURGUIDESERVICE
getUserRewards ---> TOURGUIDESERVICE
getUserRewards ---> TOURGUIDESERVICE
getUserRewards ---> TOURGUIDESERVICE
getUserRewards ---> TOURGUIDESERVICE
getUserRewards ---> TOURGUIDESERVICE
getUserRewards ---> TOURGUIDESERVICE
getUserRewards ---> TOURGUIDESERVICE
getUserRewards ---> TOURGUIDESERVICE
getUserRewards ---> TOURGUIDESERVICE
getUserRewards ---> TOURGUIDESERVICE
getUserRewards ---> TOURGUIDESERVICE
getUserRewards ---> TOURGUIDESERVICE
getUserRewards ---> TOURGUIDESERVICE
getUserRewards ---> TOURGUIDESERVICE
getUserRewards ---> TOURGUIDESERVICE
getUserRewards ---> TOURGUIDESERVICE
getUserRewards ---> TOURGUIDESERVICE
getUserRewards ---> TOURGUIDESERVICE
getUserRewards ---> TOURGUIDESERVICE
getUserRewards ---> TOURGUIDESERVICE
getUserRewards ---> TOURGUIDESERVICE
getUserRewards ---> TOURGUIDESERVICE
getUserRewards ---> TOURGUIDESERVICE
getUserRewards ---> TOURGUIDESERVICE
getUserRewards ---> TOURGUIDESERVICE
getUserRewards ---> TOURGUIDESERVICE
getUserRewards ---> TOURGUIDESERVICE
getUserRewards ---> TOURGUIDESERVICE
getUserRewards ---> TOURGUIDESERVICE
getUserRewards ---> TOURGUIDESERVICE
getUserRewards ---> TOURGUIDESERVICE
getUserRewards ---> TOURGUIDESERVICE
getUserRewards ---> TOURGUIDESERVICE
getUserRewards ---> TOURGUIDESERVICE
getUserRewards ---> TOURGUIDESERVICE
getUserRewards ---> TOURGUIDESERVICE
getUserRewards ---> TOURGUIDESERVICE
getUserRewards ---> TOURGUIDESERVICE
getUserRewards ---> TOURGUIDESERVICE
getUserRewards ---> TOURGUIDESERVICE
getUserRewards ---> TOURGUIDESERVICE
getUserRewards ---> TOURGUIDESERVICE
getUserRewards ---> TOURGUIDESERVICE
getUserRewards ---> TOURGUIDESERVICE
getUserRewards ---> TOURGUIDESERVICE
getUserRewards ---> TOURGUIDESERVICE
getUserRewards ---> TOURGUIDESERVICE
getUserRewards ---> TOURGUIDESERVICE
getUserRewards ---> TOURGUIDESERVICE
getUserRewards ---> TOURGUIDESERVICE
getUserRewards ---> TOURGUIDESERVICE
getUserRewards ---> TOURGUIDESERVICE
getUserRewards ---> TOURGUIDESERVICE
getUserRewards ---> TOURGUIDESERVICE
getUserRewards ---> TOURGUIDESERVICE
getUserRewards ---> TOURGUIDESERVICE
getUserRewards ---> TOURGUIDESERVICE
getUserRewards ---> TOURGUIDESERVICE
getUserRewards ---> TOURGUIDESERVICE
getUserRewards ---> TOURGUIDESERVICE
getUserRewards ---> TOURGUIDESERVICE
getUserRewards ---> TOURGUIDESERVICE
getUserRewards ---> TOURGUIDESERVICE
getUserRewards ---> TOURGUIDESERVICE
getUserRewards ---> TOURGUIDESERVICE
getUserRewards ---> TOURGUIDESERVICE
getUserRewards ---> TOURGUIDESERVICE
getUserRewards ---> TOURGUIDESERVICE
getUserRewards ---> TOURGUIDESERVICE
getUserRewards ---> TOURGUIDESERVICE
getUserRewards ---> TOURGUIDESERVICE
getUserRewards ---> TOURGUIDESERVICE
getUserRewards ---> TOURGUIDESERVICE
getUserRewards ---> TOURGUIDESERVICE
getUserRewards ---> TOURGUIDESERVICE
getUserRewards ---> TOURGUIDESERVICE
getUserRewards ---> TOURGUIDESERVICE
getUserRewards ---> TOURGUIDESERVICE
getUserRewards ---> TOURGUIDESERVICE
getUserRewards ---> TOURGUIDESERVICE
getUserRewards ---> TOURGUIDESERVICE
getUserRewards ---> TOURGUIDESERVICE
getUserRewards ---> TOURGUIDESERVICE
getUserRewards ---> TOURGUIDESERVICE
getUserRewards ---> TOURGUIDESERVICE
getUserRewards ---> TOURGUIDESERVICE
getUserRewards ---> TOURGUIDESERVICE
getUserRewards ---> TOURGUIDESERVICE
getUserRewards ---> TOURGUIDESERVICE
getUserRewards ---> TOURGUIDESERVICE
getUserRewards ---> TOURGUIDESERVICE
getUserRewards ---> TOURGUIDESERVICE
getUserRewards ---> TOURGUIDESERVICE
getUserRewards ---> TOURGUIDESERVICE
getUserRewards ---> TOURGUIDESERVICE
getUserRewards ---> TOURGUIDESERVICE
getUserRewards ---> TOURGUIDESERVICE
getUserRewards ---> TOURGUIDESERVICE
getUserRewards ---> TOURGUIDESERVICE
getUserRewards ---> TOURGUIDESERVICE
getUserRewards ---> TOURGUIDESERVICE
getUserRewards ---> TOURGUIDESERVICE
getUserRewards ---> TOURGUIDESERVICE
getUserRewards ---> TOURGUIDESERVICE
getUserRewards ---> TOURGUIDESERVICE
getUserRewards ---> TOURGUIDESERVICE
getUserRewards ---> TOURGUIDESERVICE
getUserRewards ---> TOURGUIDESERVICE
getUserRewards ---> TOURGUIDESERVICE
getUserRewards ---> TOURGUIDESERVICE
getUserRewards ---> TOURGUIDESERVICE
getUserRewards ---> TOURGUIDESERVICE
getUserRewards ---> TOURGUIDESERVICE
getUserRewards ---> TOURGUIDESERVICE
getUserRewards ---> TOURGUIDESERVICE
getUserRewards ---> TOURGUIDESERVICE
getUserRewards ---> TOURGUIDESERVICE
getUserRewards ---> TOURGUIDESERVICE
getUserRewards ---> TOURGUIDESERVICE
getUserRewards ---> TOURGUIDESERVICE
getUserRewards ---> TOURGUIDESERVICE
getUserRewards ---> TOURGUIDESERVICE
getUserRewards ---> TOURGUIDESERVICE
getUserRewards ---> TOURGUIDESERVICE
getUserRewards ---> TOURGUIDESERVICE
getUserRewards ---> TOURGUIDESERVICE
getUserRewards ---> TOURGUIDESERVICE
getUserRewards ---> TOURGUIDESERVICE
getUserRewards ---> TOURGUIDESERVICE
getUserRewards ---> TOURGUIDESERVICE
getUserRewards ---> TOURGUIDESERVICE
getUserRewards ---> TOURGUIDESERVICE
getUserRewards ---> TOURGUIDESERVICE
getUserRewards ---> TOURGUIDESERVICE
getUserRewards ---> TOURGUIDESERVICE
getUserRewards ---> TOURGUIDESERVICE
getUserRewards ---> TOURGUIDESERVICE
getUserRewards ---> TOURGUIDESERVICE
getUserRewards ---> TOURGUIDESERVICE
getUserRewards ---> TOURGUIDESERVICE
getUserRewards ---> TOURGUIDESERVICE
getUserRewards ---> TOURGUIDESERVICE
getUserRewards ---> TOURGUIDESERVICE
getUserRewards ---> TOURGUIDESERVICE
getUserRewards ---> TOURGUIDESERVICE
getUserRewards ---> TOURGUIDESERVICE
getUserRewards ---> TOURGUIDESERVICE
getUserRewards ---> TOURGUIDESERVICE
getUserRewards ---> TOURGUIDESERVICE
getUserRewards ---> TOURGUIDESERVICE
getUserRewards ---> TOURGUIDESERVICE
getUserRewards ---> TOURGUIDESERVICE
getUserRewards ---> TOURGUIDESERVICE
getUserRewards ---> TOURGUIDESERVICE
getUserRewards ---> TOURGUIDESERVICE
getUserRewards ---> TOURGUIDESERVICE
getUserRewards ---> TOURGUIDESERVICE
getUserRewards ---> TOURGUIDESERVICE
getUserRewards ---> TOURGUIDESERVICE
getUserRewards ---> TOURGUIDESERVICE
getUserRewards ---> TOURGUIDESERVICE
getUserRewards ---> TOURGUIDESERVICE
getUserRewards ---> TOURGUIDESERVICE
getUserRewards ---> TOURGUIDESERVICE
getUserRewards ---> TOURGUIDESERVICE
getUserRewards ---> TOURGUIDESERVICE
getUserRewards ---> TOURGUIDESERVICE
getUserRewards ---> TOURGUIDESERVICE
getUserRewards ---> TOURGUIDESERVICE
getUserRewards ---> TOURGUIDESERVICE
getUserRewards ---> TOURGUIDESERVICE
getUserRewards ---> TOURGUIDESERVICE
getUserRewards ---> TOURGUIDESERVICE
getUserRewards ---> TOURGUIDESERVICE
getUserRewards ---> TOURGUIDESERVICE
getUserRewards ---> TOURGUIDESERVICE
getUserRewards ---> TOURGUIDESERVICE
getUserRewards ---> TOURGUIDESERVICE
getUserRewards ---> TOURGUIDESERVICE
getUserRewards ---> TOURGUIDESERVICE
getUserRewards ---> TOURGUIDESERVICE
getUserRewards ---> TOURGUIDESERVICE
getUserRewards ---> TOURGUIDESERVICE
getUserRewards ---> TOURGUIDESERVICE
getUserRewards ---> TOURGUIDESERVICE
getUserRewards ---> TOURGUIDESERVICE
getUserRewards ---> TOURGUIDESERVICE
getUserRewards ---> TOURGUIDESERVICE
getUserRewards ---> TOURGUIDESERVICE
getUserRewards ---> TOURGUIDESERVICE
getUserRewards ---> TOURGUIDESERVICE
getUserRewards ---> TOURGUIDESERVICE
getUserRewards ---> TOURGUIDESERVICE
getUserRewards ---> TOURGUIDESERVICE
getUserRewards ---> TOURGUIDESERVICE
getUserRewards ---> TOURGUIDESERVICE
getUserRewards ---> TOURGUIDESERVICE
getUserRewards ---> TOURGUIDESERVICE
getUserRewards ---> TOURGUIDESERVICE
getUserRewards ---> TOURGUIDESERVICE
getUserRewards ---> TOURGUIDESERVICE
getUserRewards ---> TOURGUIDESERVICE
getUserRewards ---> TOURGUIDESERVICE
getUserRewards ---> TOURGUIDESERVICE
getUserRewards ---> TOURGUIDESERVICE
getUserRewards ---> TOURGUIDESERVICE
getUserRewards ---> TOURGUIDESERVICE
getUserRewards ---> TOURGUIDESERVICE
getUserRewards ---> TOURGUIDESERVICE
getUserRewards ---> TOURGUIDESERVICE
getUserRewards ---> TOURGUIDESERVICE
getUserRewards ---> TOURGUIDESERVICE
getUserRewards ---> TOURGUIDESERVICE
getUserRewards ---> TOURGUIDESERVICE
getUserRewards ---> TOURGUIDESERVICE
getUserRewards ---> TOURGUIDESERVICE
getUserRewards ---> TOURGUIDESERVICE
getUserRewards ---> TOURGUIDESERVICE
getUserRewards ---> TOURGUIDESERVICE
getUserRewards ---> TOURGUIDESERVICE
getUserRewards ---> TOURGUIDESERVICE
getUserRewards ---> TOURGUIDESERVICE
getUserRewards ---> TOURGUIDESERVICE
getUserRewards ---> TOURGUIDESERVICE
getUserRewards ---> TOURGUIDESERVICE
getUserRewards ---> TOURGUIDESERVICE
getUserRewards ---> TOURGUIDESERVICE
getUserRewards ---> TOURGUIDESERVICE
getUserRewards ---> TOURGUIDESERVICE
getUserRewards ---> TOURGUIDESERVICE
getUserRewards ---> TOURGUIDESERVICE
getUserRewards ---> TOURGUIDESERVICE
getUserRewards ---> TOURGUIDESERVICE
getUserRewards ---> TOURGUIDESERVICE
getUserRewards ---> TOURGUIDESERVICE
getUserRewards ---> TOURGUIDESERVICE
getUserRewards ---> TOURGUIDESERVICE
getUserRewards ---> TOURGUIDESERVICE
getUserRewards ---> TOURGUIDESERVICE
getUserRewards ---> TOURGUIDESERVICE
getUserRewards ---> TOURGUIDESERVICE
getUserRewards ---> TOURGUIDESERVICE
getUserRewards ---> TOURGUIDESERVICE
getUserRewards ---> TOURGUIDESERVICE
getUserRewards ---> TOURGUIDESERVICE
getUserRewards ---> TOURGUIDESERVICE
getUserRewards ---> TOURGUIDESERVICE
getUserRewards ---> TOURGUIDESERVICE
getUserRewards ---> TOURGUIDESERVICE
getUserRewards ---> TOURGUIDESERVICE
getUserRewards ---> TOURGUIDESERVICE
getUserRewards ---> TOURGUIDESERVICE
getUserRewards ---> TOURGUIDESERVICE
getUserRewards ---> TOURGUIDESERVICE
getUserRewards ---> TOURGUIDESERVICE
getUserRewards ---> TOURGUIDESERVICE
getUserRewards ---> TOURGUIDESERVICE
getUserRewards ---> TOURGUIDESERVICE
getUserRewards ---> TOURGUIDESERVICE
getUserRewards ---> TOURGUIDESERVICE
getUserRewards ---> TOURGUIDESERVICE
getUserRewards ---> TOURGUIDESERVICE
getUserRewards ---> TOURGUIDESERVICE
getUserRewards ---> TOURGUIDESERVICE
getUserRewards ---> TOURGUIDESERVICE
getUserRewards ---> TOURGUIDESERVICE
getUserRewards ---> TOURGUIDESERVICE
getUserRewards ---> TOURGUIDESERVICE
getUserRewards ---> TOURGUIDESERVICE
getUserRewards ---> TOURGUIDESERVICE
getUserRewards ---> TOURGUIDESERVICE
getUserRewards ---> TOURGUIDESERVICE
getUserRewards ---> TOURGUIDESERVICE
getUserRewards ---> TOURGUIDESERVICE
getUserRewards ---> TOURGUIDESERVICE
getUserRewards ---> TOURGUIDESERVICE
getUserRewards ---> TOURGUIDESERVICE
getUserRewards ---> TOURGUIDESERVICE
getUserRewards ---> TOURGUIDESERVICE
getUserRewards ---> TOURGUIDESERVICE
getUserRewards ---> TOURGUIDESERVICE
getUserRewards ---> TOURGUIDESERVICE
getUserRewards ---> TOURGUIDESERVICE
getUserRewards ---> TOURGUIDESERVICE
getUserRewards ---> TOURGUIDESERVICE
getUserRewards ---> TOURGUIDESERVICE
getUserRewards ---> TOURGUIDESERVICE
getUserRewards ---> TOURGUIDESERVICE
getUserRewards ---> TOURGUIDESERVICE
getUserRewards ---> TOURGUIDESERVICE
getUserRewards ---> TOURGUIDESERVICE
getUserRewards ---> TOURGUIDESERVICE
getUserRewards ---> TOURGUIDESERVICE
getUserRewards ---> TOURGUIDESERVICE
getUserRewards ---> TOURGUIDESERVICE
getUserRewards ---> TOURGUIDESERVICE
getUserRewards ---> TOURGUIDESERVICE
getUserRewards ---> TOURGUIDESERVICE
getUserRewards ---> TOURGUIDESERVICE
getUserRewards ---> TOURGUIDESERVICE
getUserRewards ---> TOURGUIDESERVICE
getUserRewards ---> TOURGUIDESERVICE
getUserRewards ---> TOURGUIDESERVICE
getUserRewards ---> TOURGUIDESERVICE
getUserRewards ---> TOURGUIDESERVICE
getUserRewards ---> TOURGUIDESERVICE
getUserRewards ---> TOURGUIDESERVICE
getUserRewards ---> TOURGUIDESERVICE
getUserRewards ---> TOURGUIDESERVICE
getUserRewards ---> TOURGUIDESERVICE
getUserRewards ---> TOURGUIDESERVICE
getUserRewards ---> TOURGUIDESERVICE
getUserRewards ---> TOURGUIDESERVICE
getUserRewards ---> TOURGUIDESERVICE
getUserRewards ---> TOURGUIDESERVICE
getUserRewards ---> TOURGUIDESERVICE
getUserRewards ---> TOURGUIDESERVICE
getUserRewards ---> TOURGUIDESERVICE
getUserRewards ---> TOURGUIDESERVICE
getUserRewards ---> TOURGUIDESERVICE
getUserRewards ---> TOURGUIDESERVICE
getUserRewards ---> TOURGUIDESERVICE
getUserRewards ---> TOURGUIDESERVICE
getUserRewards ---> TOURGUIDESERVICE
getUserRewards ---> TOURGUIDESERVICE
getUserRewards ---> TOURGUIDESERVICE
getUserRewards ---> TOURGUIDESERVICE
getUserRewards ---> TOURGUIDESERVICE
getUserRewards ---> TOURGUIDESERVICE
getUserRewards ---> TOURGUIDESERVICE
getUserRewards ---> TOURGUIDESERVICE
getUserRewards ---> TOURGUIDESERVICE
getUserRewards ---> TOURGUIDESERVICE
getUserRewards ---> TOURGUIDESERVICE
getUserRewards ---> TOURGUIDESERVICE
getUserRewards ---> TOURGUIDESERVICE
getUserRewards ---> TOURGUIDESERVICE
getUserRewards ---> TOURGUIDESERVICE
getUserRewards ---> TOURGUIDESERVICE
getUserRewards ---> TOURGUIDESERVICE
getUserRewards ---> TOURGUIDESERVICE
getUserRewards ---> TOURGUIDESERVICE
getUserRewards ---> TOURGUIDESERVICE
getUserRewards ---> TOURGUIDESERVICE
getUserRewards ---> TOURGUIDESERVICE
getUserRewards ---> TOURGUIDESERVICE
getUserRewards ---> TOURGUIDESERVICE
getUserRewards ---> TOURGUIDESERVICE
getUserRewards ---> TOURGUIDESERVICE
getUserRewards ---> TOURGUIDESERVICE
getUserRewards ---> TOURGUIDESERVICE
getUserRewards ---> TOURGUIDESERVICE
getUserRewards ---> TOURGUIDESERVICE
getUserRewards ---> TOURGUIDESERVICE
getUserRewards ---> TOURGUIDESERVICE
getUserRewards ---> TOURGUIDESERVICE
getUserRewards ---> TOURGUIDESERVICE
getUserRewards ---> TOURGUIDESERVICE
getUserRewards ---> TOURGUIDESERVICE
getUserRewards ---> TOURGUIDESERVICE
getUserRewards ---> TOURGUIDESERVICE
getUserRewards ---> TOURGUIDESERVICE
getUserRewards ---> TOURGUIDESERVICE
getUserRewards ---> TOURGUIDESERVICE
getUserRewards ---> TOURGUIDESERVICE
getUserRewards ---> TOURGUIDESERVICE
getUserRewards ---> TOURGUIDESERVICE
getUserRewards ---> TOURGUIDESERVICE
getUserRewards ---> TOURGUIDESERVICE
getUserRewards ---> TOURGUIDESERVICE
getUserRewards ---> TOURGUIDESERVICE
getUserRewards ---> TOURGUIDESERVICE
getUserRewards ---> TOURGUIDESERVICE
getUserRewards ---> TOURGUIDESERVICE
getUserRewards ---> TOURGUIDESERVICE
getUserRewards ---> TOURGUIDESERVICE
getUserRewards ---> TOURGUIDESERVICE
getUserRewards ---> TOURGUIDESERVICE
getUserRewards ---> TOURGUIDESERVICE
getUserRewards ---> TOURGUIDESERVICE
getUserRewards ---> TOURGUIDESERVICE
getUserRewards ---> TOURGUIDESERVICE
getUserRewards ---> TOURGUIDESERVICE
getUserRewards ---> TOURGUIDESERVICE
getUserRewards ---> TOURGUIDESERVICE
getUserRewards ---> TOURGUIDESERVICE
getUserRewards ---> TOURGUIDESERVICE
getUserRewards ---> TOURGUIDESERVICE
getUserRewards ---> TOURGUIDESERVICE
getUserRewards ---> TOURGUIDESERVICE
getUserRewards ---> TOURGUIDESERVICE
getUserRewards ---> TOURGUIDESERVICE
getUserRewards ---> TOURGUIDESERVICE
getUserRewards ---> TOURGUIDESERVICE
getUserRewards ---> TOURGUIDESERVICE
getUserRewards ---> TOURGUIDESERVICE
getUserRewards ---> TOURGUIDESERVICE
getUserRewards ---> TOURGUIDESERVICE
getUserRewards ---> TOURGUIDESERVICE
getUserRewards ---> TOURGUIDESERVICE
getUserRewards ---> TOURGUIDESERVICE
getUserRewards ---> TOURGUIDESERVICE
getUserRewards ---> TOURGUIDESERVICE
getUserRewards ---> TOURGUIDESERVICE
getUserRewards ---> TOURGUIDESERVICE
getUserRewards ---> TOURGUIDESERVICE
getUserRewards ---> TOURGUIDESERVICE
getUserRewards ---> TOURGUIDESERVICE
getUserRewards ---> TOURGUIDESERVICE
getUserRewards ---> TOURGUIDESERVICE
getUserRewards ---> TOURGUIDESERVICE
getUserRewards ---> TOURGUIDESERVICE
getUserRewards ---> TOURGUIDESERVICE
getUserRewards ---> TOURGUIDESERVICE
getUserRewards ---> TOURGUIDESERVICE
getUserRewards ---> TOURGUIDESERVICE
getUserRewards ---> TOURGUIDESERVICE
getUserRewards ---> TOURGUIDESERVICE
getUserRewards ---> TOURGUIDESERVICE
getUserRewards ---> TOURGUIDESERVICE
getUserRewards ---> TOURGUIDESERVICE
getUserRewards ---> TOURGUIDESERVICE
getUserRewards ---> TOURGUIDESERVICE
getUserRewards ---> TOURGUIDESERVICE
getUserRewards ---> TOURGUIDESERVICE
getUserRewards ---> TOURGUIDESERVICE
getUserRewards ---> TOURGUIDESERVICE
getUserRewards ---> TOURGUIDESERVICE
getUserRewards ---> TOURGUIDESERVICE
getUserRewards ---> TOURGUIDESERVICE
getUserRewards ---> TOURGUIDESERVICE
getUserRewards ---> TOURGUIDESERVICE
getUserRewards ---> TOURGUIDESERVICE
getUserRewards ---> TOURGUIDESERVICE
getUserRewards ---> TOURGUIDESERVICE
getUserRewards ---> TOURGUIDESERVICE
getUserRewards ---> TOURGUIDESERVICE
getUserRewards ---> TOURGUIDESERVICE
getUserRewards ---> TOURGUIDESERVICE
getUserRewards ---> TOURGUIDESERVICE
getUserRewards ---> TOURGUIDESERVICE
getUserRewards ---> TOURGUIDESERVICE
getUserRewards ---> TOURGUIDESERVICE
getUserRewards ---> TOURGUIDESERVICE
getUserRewards ---> TOURGUIDESERVICE
getUserRewards ---> TOURGUIDESERVICE
getUserRewards ---> TOURGUIDESERVICE
getUserRewards ---> TOURGUIDESERVICE
getUserRewards ---> TOURGUIDESERVICE
getUserRewards ---> TOURGUIDESERVICE
getUserRewards ---> TOURGUIDESERVICE
getUserRewards ---> TOURGUIDESERVICE
getUserRewards ---> TOURGUIDESERVICE
getUserRewards ---> TOURGUIDESERVICE
getUserRewards ---> TOURGUIDESERVICE
getUserRewards ---> TOURGUIDESERVICE
getUserRewards ---> TOURGUIDESERVICE
getUserRewards ---> TOURGUIDESERVICE
getUserRewards ---> TOURGUIDESERVICE
getUserRewards ---> TOURGUIDESERVICE
getUserRewards ---> TOURGUIDESERVICE
getUserRewards ---> TOURGUIDESERVICE
getUserRewards ---> TOURGUIDESERVICE
getUserRewards ---> TOURGUIDESERVICE
getUserRewards ---> TOURGUIDESERVICE
getUserRewards ---> TOURGUIDESERVICE
getUserRewards ---> TOURGUIDESERVICE
getUserRewards ---> TOURGUIDESERVICE
getUserRewards ---> TOURGUIDESERVICE
getUserRewards ---> TOURGUIDESERVICE
getUserRewards ---> TOURGUIDESERVICE
getUserRewards ---> TOURGUIDESERVICE
getUserRewards ---> TOURGUIDESERVICE
getUserRewards ---> TOURGUIDESERVICE
getUserRewards ---> TOURGUIDESERVICE
getUserRewards ---> TOURGUIDESERVICE
getUserRewards ---> TOURGUIDESERVICE
getUserRewards ---> TOURGUIDESERVICE
getUserRewards ---> TOURGUIDESERVICE
getUserRewards ---> TOURGUIDESERVICE
getUserRewards ---> TOURGUIDESERVICE
getUserRewards ---> TOURGUIDESERVICE
getUserRewards ---> TOURGUIDESERVICE
getUserRewards ---> TOURGUIDESERVICE
getUserRewards ---> TOURGUIDESERVICE
getUserRewards ---> TOURGUIDESERVICE
getUserRewards ---> TOURGUIDESERVICE
getUserRewards ---> TOURGUIDESERVICE
getUserRewards ---> TOURGUIDESERVICE
getUserRewards ---> TOURGUIDESERVICE
getUserRewards ---> TOURGUIDESERVICE
getUserRewards ---> TOURGUIDESERVICE
getUserRewards ---> TOURGUIDESERVICE
getUserRewards ---> TOURGUIDESERVICE
getUserRewards ---> TOURGUIDESERVICE
getUserRewards ---> TOURGUIDESERVICE
getUserRewards ---> TOURGUIDESERVICE
getUserRewards ---> TOURGUIDESERVICE
getUserRewards ---> TOURGUIDESERVICE
getUserRewards ---> TOURGUIDESERVICE
getUserRewards ---> TOURGUIDESERVICE
getUserRewards ---> TOURGUIDESERVICE
getUserRewards ---> TOURGUIDESERVICE
getUserRewards ---> TOURGUIDESERVICE
getUserRewards ---> TOURGUIDESERVICE
getUserRewards ---> TOURGUIDESERVICE
getUserRewards ---> TOURGUIDESERVICE
getUserRewards ---> TOURGUIDESERVICE
getUserRewards ---> TOURGUIDESERVICE
getUserRewards ---> TOURGUIDESERVICE
getUserRewards ---> TOURGUIDESERVICE
getUserRewards ---> TOURGUIDESERVICE
getUserRewards ---> TOURGUIDESERVICE
getUserRewards ---> TOURGUIDESERVICE
getUserRewards ---> TOURGUIDESERVICE
getUserRewards ---> TOURGUIDESERVICE
getUserRewards ---> TOURGUIDESERVICE
getUserRewards ---> TOURGUIDESERVICE
getUserRewards ---> TOURGUIDESERVICE
getUserRewards ---> TOURGUIDESERVICE
getUserRewards ---> TOURGUIDESERVICE
getUserRewards ---> TOURGUIDESERVICE
getUserRewards ---> TOURGUIDESERVICE
getUserRewards ---> TOURGUIDESERVICE
getUserRewards ---> TOURGUIDESERVICE
getUserRewards ---> TOURGUIDESERVICE
getUserRewards ---> TOURGUIDESERVICE
getUserRewards ---> TOURGUIDESERVICE
getUserRewards ---> TOURGUIDESERVICE
getUserRewards ---> TOURGUIDESERVICE
getUserRewards ---> TOURGUIDESERVICE
getUserRewards ---> TOURGUIDESERVICE
getUserRewards ---> TOURGUIDESERVICE
getUserRewards ---> TOURGUIDESERVICE
getUserRewards ---> TOURGUIDESERVICE
getUserRewards ---> TOURGUIDESERVICE
getUserRewards ---> TOURGUIDESERVICE
getUserRewards ---> TOURGUIDESERVICE
getUserRewards ---> TOURGUIDESERVICE
getUserRewards ---> TOURGUIDESERVICE
getUserRewards ---> TOURGUIDESERVICE
getUserRewards ---> TOURGUIDESERVICE
getUserRewards ---> TOURGUIDESERVICE
getUserRewards ---> TOURGUIDESERVICE
getUserRewards ---> TOURGUIDESERVICE
getUserRewards ---> TOURGUIDESERVICE
getUserRewards ---> TOURGUIDESERVICE
getUserRewards ---> TOURGUIDESERVICE
getUserRewards ---> TOURGUIDESERVICE
getUserRewards ---> TOURGUIDESERVICE
getUserRewards ---> TOURGUIDESERVICE
getUserRewards ---> TOURGUIDESERVICE
getUserRewards ---> TOURGUIDESERVICE
getUserRewards ---> TOURGUIDESERVICE
getUserRewards ---> TOURGUIDESERVICE
getUserRewards ---> TOURGUIDESERVICE
getUserRewards ---> TOURGUIDESERVICE
getUserRewards ---> TOURGUIDESERVICE
getUserRewards ---> TOURGUIDESERVICE
getUserRewards ---> TOURGUIDESERVICE
getUserRewards ---> TOURGUIDESERVICE
getUserRewards ---> TOURGUIDESERVICE
getUserRewards ---> TOURGUIDESERVICE
getUserRewards ---> TOURGUIDESERVICE
getUserRewards ---> TOURGUIDESERVICE
getUserRewards ---> TOURGUIDESERVICE
getUserRewards ---> TOURGUIDESERVICE
getUserRewards ---> TOURGUIDESERVICE
getUserRewards ---> TOURGUIDESERVICE
getUserRewards ---> TOURGUIDESERVICE
getUserRewards ---> TOURGUIDESERVICE
getUserRewards ---> TOURGUIDESERVICE
getUserRewards ---> TOURGUIDESERVICE
getUserRewards ---> TOURGUIDESERVICE
getUserRewards ---> TOURGUIDESERVICE
getUserRewards ---> TOURGUIDESERVICE
getUserRewards ---> TOURGUIDESERVICE
getUserRewards ---> TOURGUIDESERVICE
getUserRewards ---> TOURGUIDESERVICE
getUserRewards ---> TOURGUIDESERVICE
getUserRewards ---> TOURGUIDESERVICE
getUserRewards ---> TOURGUIDESERVICE
getUserRewards ---> TOURGUIDESERVICE
getUserRewards ---> TOURGUIDESERVICE
getUserRewards ---> TOURGUIDESERVICE
getUserRewards ---> TOURGUIDESERVICE
getUserRewards ---> TOURGUIDESERVICE
getUserRewards ---> TOURGUIDESERVICE
getUserRewards ---> TOURGUIDESERVICE
getUserRewards ---> TOURGUIDESERVICE
getUserRewards ---> TOURGUIDESERVICE
getUserRewards ---> TOURGUIDESERVICE
getUserRewards ---> TOURGUIDESERVICE
getUserRewards ---> TOURGUIDESERVICE
getUserRewards ---> TOURGUIDESERVICE
getUserRewards ---> TOURGUIDESERVICE
getUserRewards ---> TOURGUIDESERVICE
getUserRewards ---> TOURGUIDESERVICE
getUserRewards ---> TOURGUIDESERVICE
getUserRewards ---> TOURGUIDESERVICE
getUserRewards ---> TOURGUIDESERVICE
getUserRewards ---> TOURGUIDESERVICE
getUserRewards ---> TOURGUIDESERVICE
getUserRewards ---> TOURGUIDESERVICE
getUserRewards ---> TOURGUIDESERVICE
getUserRewards ---> TOURGUIDESERVICE
getUserRewards ---> TOURGUIDESERVICE
getUserRewards ---> TOURGUIDESERVICE
getUserRewards ---> TOURGUIDESERVICE
getUserRewards ---> TOURGUIDESERVICE
getUserRewards ---> TOURGUIDESERVICE
getUserRewards ---> TOURGUIDESERVICE
getUserRewards ---> TOURGUIDESERVICE
getUserRewards ---> TOURGUIDESERVICE
getUserRewards ---> TOURGUIDESERVICE
getUserRewards ---> TOURGUIDESERVICE
getUserRewards ---> TOURGUIDESERVICE
getUserRewards ---> TOURGUIDESERVICE
getUserRewards ---> TOURGUIDESERVICE
getUserRewards ---> TOURGUIDESERVICE
getUserRewards ---> TOURGUIDESERVICE
getUserRewards ---> TOURGUIDESERVICE
getUserRewards ---> TOURGUIDESERVICE
getUserRewards ---> TOURGUIDESERVICE
getUserRewards ---> TOURGUIDESERVICE
getUserRewards ---> TOURGUIDESERVICE
getUserRewards ---> TOURGUIDESERVICE
getUserRewards ---> TOURGUIDESERVICE
getUserRewards ---> TOURGUIDESERVICE
getUserRewards ---> TOURGUIDESERVICE
getUserRewards ---> TOURGUIDESERVICE
getUserRewards ---> TOURGUIDESERVICE
getUserRewards ---> TOURGUIDESERVICE
getUserRewards ---> TOURGUIDESERVICE
getUserRewards ---> TOURGUIDESERVICE
getUserRewards ---> TOURGUIDESERVICE
getUserRewards ---> TOURGUIDESERVICE
getUserRewards ---> TOURGUIDESERVICE
getUserRewards ---> TOURGUIDESERVICE
getUserRewards ---> TOURGUIDESERVICE
getUserRewards ---> TOURGUIDESERVICE
getUserRewards ---> TOURGUIDESERVICE
getUserRewards ---> TOURGUIDESERVICE
getUserRewards ---> TOURGUIDESERVICE
getUserRewards ---> TOURGUIDESERVICE
getUserRewards ---> TOURGUIDESERVICE
getUserRewards ---> TOURGUIDESERVICE
getUserRewards ---> TOURGUIDESERVICE
getUserRewards ---> TOURGUIDESERVICE
getUserRewards ---> TOURGUIDESERVICE
getUserRewards ---> TOURGUIDESERVICE
getUserRewards ---> TOURGUIDESERVICE
getUserRewards ---> TOURGUIDESERVICE
getUserRewards ---> TOURGUIDESERVICE
getUserRewards ---> TOURGUIDESERVICE
getUserRewards ---> TOURGUIDESERVICE
getUserRewards ---> TOURGUIDESERVICE
getUserRewards ---> TOURGUIDESERVICE
getUserRewards ---> TOURGUIDESERVICE
getUserRewards ---> TOURGUIDESERVICE
getUserRewards ---> TOURGUIDESERVICE
getUserRewards ---> TOURGUIDESERVICE
getUserRewards ---> TOURGUIDESERVICE
getUserRewards ---> TOURGUIDESERVICE
getUserRewards ---> TOURGUIDESERVICE
getUserRewards ---> TOURGUIDESERVICE
getUserRewards ---> TOURGUIDESERVICE
getUserRewards ---> TOURGUIDESERVICE
getUserRewards ---> TOURGUIDESERVICE
getUserRewards ---> TOURGUIDESERVICE
getUserRewards ---> TOURGUIDESERVICE
getUserRewards ---> TOURGUIDESERVICE
getUserRewards ---> TOURGUIDESERVICE
getUserRewards ---> TOURGUIDESERVICE
getUserRewards ---> TOURGUIDESERVICE
getUserRewards ---> TOURGUIDESERVICE
getUserRewards ---> TOURGUIDESERVICE
getUserRewards ---> TOURGUIDESERVICE
getUserRewards ---> TOURGUIDESERVICE
getUserRewards ---> TOURGUIDESERVICE
getUserRewards ---> TOURGUIDESERVICE
getUserRewards ---> TOURGUIDESERVICE
getUserRewards ---> TOURGUIDESERVICE
getUserRewards ---> TOURGUIDESERVICE
getUserRewards ---> TOURGUIDESERVICE
getUserRewards ---> TOURGUIDESERVICE
getUserRewards ---> TOURGUIDESERVICE
getUserRewards ---> TOURGUIDESERVICE
getUserRewards ---> TOURGUIDESERVICE
getUserRewards ---> TOURGUIDESERVICE
getUserRewards ---> TOURGUIDESERVICE
getUserRewards ---> TOURGUIDESERVICE
getUserRewards ---> TOURGUIDESERVICE
getUserRewards ---> TOURGUIDESERVICE
getUserRewards ---> TOURGUIDESERVICE
getUserRewards ---> TOURGUIDESERVICE
getUserRewards ---> TOURGUIDESERVICE
getUserRewards ---> TOURGUIDESERVICE
getUserRewards ---> TOURGUIDESERVICE
getUserRewards ---> TOURGUIDESERVICE
getUserRewards ---> TOURGUIDESERVICE
getUserRewards ---> TOURGUIDESERVICE
getUserRewards ---> TOURGUIDESERVICE
getUserRewards ---> TOURGUIDESERVICE
getUserRewards ---> TOURGUIDESERVICE
getUserRewards ---> TOURGUIDESERVICE
getUserRewards ---> TOURGUIDESERVICE
getUserRewards ---> TOURGUIDESERVICE
getUserRewards ---> TOURGUIDESERVICE
getUserRewards ---> TOURGUIDESERVICE
getUserRewards ---> TOURGUIDESERVICE
getUserRewards ---> TOURGUIDESERVICE
getUserRewards ---> TOURGUIDESERVICE
getUserRewards ---> TOURGUIDESERVICE
getUserRewards ---> TOURGUIDESERVICE
getUserRewards ---> TOURGUIDESERVICE
getUserRewards ---> TOURGUIDESERVICE
getUserRewards ---> TOURGUIDESERVICE
getUserRewards ---> TOURGUIDESERVICE
getUserRewards ---> TOURGUIDESERVICE
getUserRewards ---> TOURGUIDESERVICE
getUserRewards ---> TOURGUIDESERVICE
getUserRewards ---> TOURGUIDESERVICE
getUserRewards ---> TOURGUIDESERVICE
getUserRewards ---> TOURGUIDESERVICE
getUserRewards ---> TOURGUIDESERVICE
getUserRewards ---> TOURGUIDESERVICE
getUserRewards ---> TOURGUIDESERVICE
getUserRewards ---> TOURGUIDESERVICE
getUserRewards ---> TOURGUIDESERVICE
getUserRewards ---> TOURGUIDESERVICE
getUserRewards ---> TOURGUIDESERVICE
getUserRewards ---> TOURGUIDESERVICE
getUserRewards ---> TOURGUIDESERVICE
getUserRewards ---> TOURGUIDESERVICE
getUserRewards ---> TOURGUIDESERVICE
getUserRewards ---> TOURGUIDESERVICE
getUserRewards ---> TOURGUIDESERVICE
getUserRewards ---> TOURGUIDESERVICE
getUserRewards ---> TOURGUIDESERVICE
getUserRewards ---> TOURGUIDESERVICE
getUserRewards ---> TOURGUIDESERVICE
getUserRewards ---> TOURGUIDESERVICE
getUserRewards ---> TOURGUIDESERVICE
getUserRewards ---> TOURGUIDESERVICE
getUserRewards ---> TOURGUIDESERVICE
getUserRewards ---> TOURGUIDESERVICE
getUserRewards ---> TOURGUIDESERVICE
getUserRewards ---> TOURGUIDESERVICE
getUserRewards ---> TOURGUIDESERVICE
getUserRewards ---> TOURGUIDESERVICE
getUserRewards ---> TOURGUIDESERVICE
getUserRewards ---> TOURGUIDESERVICE
getUserRewards ---> TOURGUIDESERVICE
getUserRewards ---> TOURGUIDESERVICE
getUserRewards ---> TOURGUIDESERVICE
getUserRewards ---> TOURGUIDESERVICE
getUserRewards ---> TOURGUIDESERVICE
getUserRewards ---> TOURGUIDESERVICE
getUserRewards ---> TOURGUIDESERVICE
getUserRewards ---> TOURGUIDESERVICE
getUserRewards ---> TOURGUIDESERVICE
getUserRewards ---> TOURGUIDESERVICE
getUserRewards ---> TOURGUIDESERVICE
getUserRewards ---> TOURGUIDESERVICE
getUserRewards ---> TOURGUIDESERVICE
getUserRewards ---> TOURGUIDESERVICE
getUserRewards ---> TOURGUIDESERVICE
getUserRewards ---> TOURGUIDESERVICE
getUserRewards ---> TOURGUIDESERVICE
getUserRewards ---> TOURGUIDESERVICE
getUserRewards ---> TOURGUIDESERVICE
getUserRewards ---> TOURGUIDESERVICE
getUserRewards ---> TOURGUIDESERVICE
getUserRewards ---> TOURGUIDESERVICE
getUserRewards ---> TOURGUIDESERVICE
getUserRewards ---> TOURGUIDESERVICE
getUserRewards ---> TOURGUIDESERVICE
getUserRewards ---> TOURGUIDESERVICE
getUserRewards ---> TOURGUIDESERVICE
getUserRewards ---> TOURGUIDESERVICE
getUserRewards ---> TOURGUIDESERVICE
getUserRewards ---> TOURGUIDESERVICE
getUserRewards ---> TOURGUIDESERVICE
getUserRewards ---> TOURGUIDESERVICE
getUserRewards ---> TOURGUIDESERVICE
getUserRewards ---> TOURGUIDESERVICE
getUserRewards ---> TOURGUIDESERVICE
getUserRewards ---> TOURGUIDESERVICE
getUserRewards ---> TOURGUIDESERVICE
getUserRewards ---> TOURGUIDESERVICE
getUserRewards ---> TOURGUIDESERVICE
getUserRewards ---> TOURGUIDESERVICE
getUserRewards ---> TOURGUIDESERVICE
getUserRewards ---> TOURGUIDESERVICE
getUserRewards ---> TOURGUIDESERVICE
getUserRewards ---> TOURGUIDESERVICE
getUserRewards ---> TOURGUIDESERVICE
getUserRewards ---> TOURGUIDESERVICE
getUserRewards ---> TOURGUIDESERVICE
getUserRewards ---> TOURGUIDESERVICE
getUserRewards ---> TOURGUIDESERVICE
getUserRewards ---> TOURGUIDESERVICE
getUserRewards ---> TOURGUIDESERVICE
getUserRewards ---> TOURGUIDESERVICE
getUserRewards ---> TOURGUIDESERVICE
getUserRewards ---> TOURGUIDESERVICE
getUserRewards ---> TOURGUIDESERVICE
getUserRewards ---> TOURGUIDESERVICE
getUserRewards ---> TOURGUIDESERVICE
getUserRewards ---> TOURGUIDESERVICE
getUserRewards ---> TOURGUIDESERVICE
getUserRewards ---> TOURGUIDESERVICE
getUserRewards ---> TOURGUIDESERVICE
getUserRewards ---> TOURGUIDESERVICE
getUserRewards ---> TOURGUIDESERVICE
getUserRewards ---> TOURGUIDESERVICE
getUserRewards ---> TOURGUIDESERVICE
getUserRewards ---> TOURGUIDESERVICE
getUserRewards ---> TOURGUIDESERVICE
getUserRewards ---> TOURGUIDESERVICE
getUserRewards ---> TOURGUIDESERVICE
getUserRewards ---> TOURGUIDESERVICE
getUserRewards ---> TOURGUIDESERVICE
getUserRewards ---> TOURGUIDESERVICE
getUserRewards ---> TOURGUIDESERVICE
getUserRewards ---> TOURGUIDESERVICE
getUserRewards ---> TOURGUIDESERVICE
getUserRewards ---> TOURGUIDESERVICE
getUserRewards ---> TOURGUIDESERVICE
getUserRewards ---> TOURGUIDESERVICE
getUserRewards ---> TOURGUIDESERVICE
getUserRewards ---> TOURGUIDESERVICE
getUserRewards ---> TOURGUIDESERVICE
getUserRewards ---> TOURGUIDESERVICE
getUserRewards ---> TOURGUIDESERVICE
getUserRewards ---> TOURGUIDESERVICE
getUserRewards ---> TOURGUIDESERVICE
getUserRewards ---> TOURGUIDESERVICE
getUserRewards ---> TOURGUIDESERVICE
getUserRewards ---> TOURGUIDESERVICE
getUserRewards ---> TOURGUIDESERVICE
getUserRewards ---> TOURGUIDESERVICE
getUserRewards ---> TOURGUIDESERVICE
getUserRewards ---> TOURGUIDESERVICE
getUserRewards ---> TOURGUIDESERVICE
getUserRewards ---> TOURGUIDESERVICE
getUserRewards ---> TOURGUIDESERVICE
getUserRewards ---> TOURGUIDESERVICE
getUserRewards ---> TOURGUIDESERVICE
getUserRewards ---> TOURGUIDESERVICE
getUserRewards ---> TOURGUIDESERVICE
getUserRewards ---> TOURGUIDESERVICE
getUserRewards ---> TOURGUIDESERVICE
getUserRewards ---> TOURGUIDESERVICE
getUserRewards ---> TOURGUIDESERVICE
getUserRewards ---> TOURGUIDESERVICE
getUserRewards ---> TOURGUIDESERVICE
getUserRewards ---> TOURGUIDESERVICE
getUserRewards ---> TOURGUIDESERVICE
getUserRewards ---> TOURGUIDESERVICE
getUserRewards ---> TOURGUIDESERVICE
getUserRewards ---> TOURGUIDESERVICE
getUserRewards ---> TOURGUIDESERVICE
getUserRewards ---> TOURGUIDESERVICE
getUserRewards ---> TOURGUIDESERVICE
getUserRewards ---> TOURGUIDESERVICE
getUserRewards ---> TOURGUIDESERVICE
getUserRewards ---> TOURGUIDESERVICE
getUserRewards ---> TOURGUIDESERVICE
getUserRewards ---> TOURGUIDESERVICE
getUserRewards ---> TOURGUIDESERVICE
getUserRewards ---> TOURGUIDESERVICE
getUserRewards ---> TOURGUIDESERVICE
getUserRewards ---> TOURGUIDESERVICE
getUserRewards ---> TOURGUIDESERVICE
getUserRewards ---> TOURGUIDESERVICE
getUserRewards ---> TOURGUIDESERVICE
getUserRewards ---> TOURGUIDESERVICE
getUserRewards ---> TOURGUIDESERVICE
getUserRewards ---> TOURGUIDESERVICE
getUserRewards ---> TOURGUIDESERVICE
getUserRewards ---> TOURGUIDESERVICE
getUserRewards ---> TOURGUIDESERVICE
getUserRewards ---> TOURGUIDESERVICE
getUserRewards ---> TOURGUIDESERVICE
getUserRewards ---> TOURGUIDESERVICE
getUserRewards ---> TOURGUIDESERVICE
getUserRewards ---> TOURGUIDESERVICE
getUserRewards ---> TOURGUIDESERVICE
getUserRewards ---> TOURGUIDESERVICE
getUserRewards ---> TOURGUIDESERVICE
getUserRewards ---> TOURGUIDESERVICE
getUserRewards ---> TOURGUIDESERVICE
getUserRewards ---> TOURGUIDESERVICE
getUserRewards ---> TOURGUIDESERVICE
getUserRewards ---> TOURGUIDESERVICE
getUserRewards ---> TOURGUIDESERVICE
getUserRewards ---> TOURGUIDESERVICE
getUserRewards ---> TOURGUIDESERVICE
getUserRewards ---> TOURGUIDESERVICE
getUserRewards ---> TOURGUIDESERVICE
getUserRewards ---> TOURGUIDESERVICE
getUserRewards ---> TOURGUIDESERVICE
getUserRewards ---> TOURGUIDESERVICE
getUserRewards ---> TOURGUIDESERVICE
getUserRewards ---> TOURGUIDESERVICE
getUserRewards ---> TOURGUIDESERVICE
getUserRewards ---> TOURGUIDESERVICE
getUserRewards ---> TOURGUIDESERVICE
getUserRewards ---> TOURGUIDESERVICE
getUserRewards ---> TOURGUIDESERVICE
getUserRewards ---> TOURGUIDESERVICE
getUserRewards ---> TOURGUIDESERVICE
getUserRewards ---> TOURGUIDESERVICE
getUserRewards ---> TOURGUIDESERVICE
getUserRewards ---> TOURGUIDESERVICE
getUserRewards ---> TOURGUIDESERVICE
getUserRewards ---> TOURGUIDESERVICE
getUserRewards ---> TOURGUIDESERVICE
getUserRewards ---> TOURGUIDESERVICE
getUserRewards ---> TOURGUIDESERVICE
getUserRewards ---> TOURGUIDESERVICE
getUserRewards ---> TOURGUIDESERVICE
getUserRewards ---> TOURGUIDESERVICE
getUserRewards ---> TOURGUIDESERVICE
getUserRewards ---> TOURGUIDESERVICE
getUserRewards ---> TOURGUIDESERVICE
getUserRewards ---> TOURGUIDESERVICE
getUserRewards ---> TOURGUIDESERVICE
getUserRewards ---> TOURGUIDESERVICE
getUserRewards ---> TOURGUIDESERVICE
getUserRewards ---> TOURGUIDESERVICE
getUserRewards ---> TOURGUIDESERVICE
getUserRewards ---> TOURGUIDESERVICE
getUserRewards ---> TOURGUIDESERVICE
getUserRewards ---> TOURGUIDESERVICE
getUserRewards ---> TOURGUIDESERVICE
getUserRewards ---> TOURGUIDESERVICE
getUserRewards ---> TOURGUIDESERVICE
getUserRewards ---> TOURGUIDESERVICE
getUserRewards ---> TOURGUIDESERVICE
getUserRewards ---> TOURGUIDESERVICE
getUserRewards ---> TOURGUIDESERVICE
getUserRewards ---> TOURGUIDESERVICE
getUserRewards ---> TOURGUIDESERVICE
getUserRewards ---> TOURGUIDESERVICE
getUserRewards ---> TOURGUIDESERVICE
getUserRewards ---> TOURGUIDESERVICE
getUserRewards ---> TOURGUIDESERVICE
getUserRewards ---> TOURGUIDESERVICE
getUserRewards ---> TOURGUIDESERVICE
getUserRewards ---> TOURGUIDESERVICE
getUserRewards ---> TOURGUIDESERVICE
getUserRewards ---> TOURGUIDESERVICE
getUserRewards ---> TOURGUIDESERVICE
getUserRewards ---> TOURGUIDESERVICE
getUserRewards ---> TOURGUIDESERVICE
getUserRewards ---> TOURGUIDESERVICE
getUserRewards ---> TOURGUIDESERVICE
getUserRewards ---> TOURGUIDESERVICE
getUserRewards ---> TOURGUIDESERVICE
getUserRewards ---> TOURGUIDESERVICE
getUserRewards ---> TOURGUIDESERVICE
getUserRewards ---> TOURGUIDESERVICE
getUserRewards ---> TOURGUIDESERVICE
getUserRewards ---> TOURGUIDESERVICE
getUserRewards ---> TOURGUIDESERVICE
getUserRewards ---> TOURGUIDESERVICE
getUserRewards ---> TOURGUIDESERVICE
getUserRewards ---> TOURGUIDESERVICE
getUserRewards ---> TOURGUIDESERVICE
getUserRewards ---> TOURGUIDESERVICE
getUserRewards ---> TOURGUIDESERVICE
getUserRewards ---> TOURGUIDESERVICE
getUserRewards ---> TOURGUIDESERVICE
getUserRewards ---> TOURGUIDESERVICE
getUserRewards ---> TOURGUIDESERVICE
getUserRewards ---> TOURGUIDESERVICE
getUserRewards ---> TOURGUIDESERVICE
getUserRewards ---> TOURGUIDESERVICE
getUserRewards ---> TOURGUIDESERVICE
getUserRewards ---> TOURGUIDESERVICE
getUserRewards ---> TOURGUIDESERVICE
getUserRewards ---> TOURGUIDESERVICE
getUserRewards ---> TOURGUIDESERVICE
getUserRewards ---> TOURGUIDESERVICE
getUserRewards ---> TOURGUIDESERVICE
getUserRewards ---> TOURGUIDESERVICE
getUserRewards ---> TOURGUIDESERVICE
getUserRewards ---> TOURGUIDESERVICE
getUserRewards ---> TOURGUIDESERVICE
getUserRewards ---> TOURGUIDESERVICE
getUserRewards ---> TOURGUIDESERVICE
getUserRewards ---> TOURGUIDESERVICE
getUserRewards ---> TOURGUIDESERVICE
getUserRewards ---> TOURGUIDESERVICE
getUserRewards ---> TOURGUIDESERVICE
getUserRewards ---> TOURGUIDESERVICE
getUserRewards ---> TOURGUIDESERVICE
getUserRewards ---> TOURGUIDESERVICE
getUserRewards ---> TOURGUIDESERVICE
getUserRewards ---> TOURGUIDESERVICE
getUserRewards ---> TOURGUIDESERVICE
getUserRewards ---> TOURGUIDESERVICE
getUserRewards ---> TOURGUIDESERVICE
getUserRewards ---> TOURGUIDESERVICE
getUserRewards ---> TOURGUIDESERVICE
getUserRewards ---> TOURGUIDESERVICE
getUserRewards ---> TOURGUIDESERVICE
getUserRewards ---> TOURGUIDESERVICE
getUserRewards ---> TOURGUIDESERVICE
getUserRewards ---> TOURGUIDESERVICE
getUserRewards ---> TOURGUIDESERVICE
getUserRewards ---> TOURGUIDESERVICE
getUserRewards ---> TOURGUIDESERVICE
getUserRewards ---> TOURGUIDESERVICE
getUserRewards ---> TOURGUIDESERVICE
getUserRewards ---> TOURGUIDESERVICE
getUserRewards ---> TOURGUIDESERVICE
getUserRewards ---> TOURGUIDESERVICE
getUserRewards ---> TOURGUIDESERVICE
getUserRewards ---> TOURGUIDESERVICE
getUserRewards ---> TOURGUIDESERVICE
getUserRewards ---> TOURGUIDESERVICE
getUserRewards ---> TOURGUIDESERVICE
getUserRewards ---> TOURGUIDESERVICE
getUserRewards ---> TOURGUIDESERVICE
getUserRewards ---> TOURGUIDESERVICE
getUserRewards ---> TOURGUIDESERVICE
getUserRewards ---> TOURGUIDESERVICE
getUserRewards ---> TOURGUIDESERVICE
getUserRewards ---> TOURGUIDESERVICE
getUserRewards ---> TOURGUIDESERVICE
getUserRewards ---> TOURGUIDESERVICE
getUserRewards ---> TOURGUIDESERVICE
getUserRewards ---> TOURGUIDESERVICE
getUserRewards ---> TOURGUIDESERVICE
getUserRewards ---> TOURGUIDESERVICE
getUserRewards ---> TOURGUIDESERVICE
getUserRewards ---> TOURGUIDESERVICE
getUserRewards ---> TOURGUIDESERVICE
getUserRewards ---> TOURGUIDESERVICE
getUserRewards ---> TOURGUIDESERVICE
getUserRewards ---> TOURGUIDESERVICE
getUserRewards ---> TOURGUIDESERVICE
getUserRewards ---> TOURGUIDESERVICE
getUserRewards ---> TOURGUIDESERVICE
getUserRewards ---> TOURGUIDESERVICE
getUserRewards ---> TOURGUIDESERVICE
getUserRewards ---> TOURGUIDESERVICE
getUserRewards ---> TOURGUIDESERVICE
getUserRewards ---> TOURGUIDESERVICE
getUserRewards ---> TOURGUIDESERVICE
getUserRewards ---> TOURGUIDESERVICE
getUserRewards ---> TOURGUIDESERVICE
getUserRewards ---> TOURGUIDESERVICE
getUserRewards ---> TOURGUIDESERVICE
getUserRewards ---> TOURGUIDESERVICE
getUserRewards ---> TOURGUIDESERVICE
getUserRewards ---> TOURGUIDESERVICE
getUserRewards ---> TOURGUIDESERVICE
getUserRewards ---> TOURGUIDESERVICE
getUserRewards ---> TOURGUIDESERVICE
getUserRewards ---> TOURGUIDESERVICE
getUserRewards ---> TOURGUIDESERVICE
getUserRewards ---> TOURGUIDESERVICE
getUserRewards ---> TOURGUIDESERVICE
getUserRewards ---> TOURGUIDESERVICE
getUserRewards ---> TOURGUIDESERVICE
getUserRewards ---> TOURGUIDESERVICE
getUserRewards ---> TOURGUIDESERVICE
getUserRewards ---> TOURGUIDESERVICE
getUserRewards ---> TOURGUIDESERVICE
getUserRewards ---> TOURGUIDESERVICE
getUserRewards ---> TOURGUIDESERVICE
getUserRewards ---> TOURGUIDESERVICE
getUserRewards ---> TOURGUIDESERVICE
getUserRewards ---> TOURGUIDESERVICE
getUserRewards ---> TOURGUIDESERVICE
getUserRewards ---> TOURGUIDESERVICE
getUserRewards ---> TOURGUIDESERVICE
getUserRewards ---> TOURGUIDESERVICE
getUserRewards ---> TOURGUIDESERVICE
getUserRewards ---> TOURGUIDESERVICE
getUserRewards ---> TOURGUIDESERVICE
getUserRewards ---> TOURGUIDESERVICE
getUserRewards ---> TOURGUIDESERVICE
getUserRewards ---> TOURGUIDESERVICE
getUserRewards ---> TOURGUIDESERVICE
getUserRewards ---> TOURGUIDESERVICE
getUserRewards ---> TOURGUIDESERVICE
getUserRewards ---> TOURGUIDESERVICE
getUserRewards ---> TOURGUIDESERVICE
getUserRewards ---> TOURGUIDESERVICE
getUserRewards ---> TOURGUIDESERVICE
getUserRewards ---> TOURGUIDESERVICE
getUserRewards ---> TOURGUIDESERVICE
getUserRewards ---> TOURGUIDESERVICE
getUserRewards ---> TOURGUIDESERVICE
getUserRewards ---> TOURGUIDESERVICE
getUserRewards ---> TOURGUIDESERVICE
getUserRewards ---> TOURGUIDESERVICE
getUserRewards ---> TOURGUIDESERVICE
getUserRewards ---> TOURGUIDESERVICE
getUserRewards ---> TOURGUIDESERVICE
getUserRewards ---> TOURGUIDESERVICE
getUserRewards ---> TOURGUIDESERVICE
getUserRewards ---> TOURGUIDESERVICE
getUserRewards ---> TOURGUIDESERVICE
getUserRewards ---> TOURGUIDESERVICE
getUserRewards ---> TOURGUIDESERVICE
getUserRewards ---> TOURGUIDESERVICE
getUserRewards ---> TOURGUIDESERVICE
getUserRewards ---> TOURGUIDESERVICE
getUserRewards ---> TOURGUIDESERVICE
getUserRewards ---> TOURGUIDESERVICE
getUserRewards ---> TOURGUIDESERVICE
getUserRewards ---> TOURGUIDESERVICE
getUserRewards ---> TOURGUIDESERVICE
getUserRewards ---> TOURGUIDESERVICE
getUserRewards ---> TOURGUIDESERVICE
getUserRewards ---> TOURGUIDESERVICE
getUserRewards ---> TOURGUIDESERVICE
getUserRewards ---> TOURGUIDESERVICE
getUserRewards ---> TOURGUIDESERVICE
getUserRewards ---> TOURGUIDESERVICE
getUserRewards ---> TOURGUIDESERVICE
getUserRewards ---> TOURGUIDESERVICE
getUserRewards ---> TOURGUIDESERVICE
getUserRewards ---> TOURGUIDESERVICE
getUserRewards ---> TOURGUIDESERVICE
getUserRewards ---> TOURGUIDESERVICE
getUserRewards ---> TOURGUIDESERVICE
getUserRewards ---> TOURGUIDESERVICE
getUserRewards ---> TOURGUIDESERVICE
getUserRewards ---> TOURGUIDESERVICE
getUserRewards ---> TOURGUIDESERVICE
getUserRewards ---> TOURGUIDESERVICE
getUserRewards ---> TOURGUIDESERVICE
getUserRewards ---> TOURGUIDESERVICE
getUserRewards ---> TOURGUIDESERVICE
getUserRewards ---> TOURGUIDESERVICE
getUserRewards ---> TOURGUIDESERVICE
getUserRewards ---> TOURGUIDESERVICE
getUserRewards ---> TOURGUIDESERVICE
getUserRewards ---> TOURGUIDESERVICE
getUserRewards ---> TOURGUIDESERVICE
getUserRewards ---> TOURGUIDESERVICE
getUserRewards ---> TOURGUIDESERVICE
getUserRewards ---> TOURGUIDESERVICE
getUserRewards ---> TOURGUIDESERVICE
getUserRewards ---> TOURGUIDESERVICE
getUserRewards ---> TOURGUIDESERVICE
getUserRewards ---> TOURGUIDESERVICE
getUserRewards ---> TOURGUIDESERVICE
getUserRewards ---> TOURGUIDESERVICE
getUserRewards ---> TOURGUIDESERVICE
getUserRewards ---> TOURGUIDESERVICE
getUserRewards ---> TOURGUIDESERVICE
getUserRewards ---> TOURGUIDESERVICE
getUserRewards ---> TOURGUIDESERVICE
getUserRewards ---> TOURGUIDESERVICE
getUserRewards ---> TOURGUIDESERVICE
getUserRewards ---> TOURGUIDESERVICE
getUserRewards ---> TOURGUIDESERVICE
getUserRewards ---> TOURGUIDESERVICE
getUserRewards ---> TOURGUIDESERVICE
getUserRewards ---> TOURGUIDESERVICE
getUserRewards ---> TOURGUIDESERVICE
getUserRewards ---> TOURGUIDESERVICE
getUserRewards ---> TOURGUIDESERVICE
getUserRewards ---> TOURGUIDESERVICE
getUserRewards ---> TOURGUIDESERVICE
getUserRewards ---> TOURGUIDESERVICE
getUserRewards ---> TOURGUIDESERVICE
getUserRewards ---> TOURGUIDESERVICE
getUserRewards ---> TOURGUIDESERVICE
getUserRewards ---> TOURGUIDESERVICE
getUserRewards ---> TOURGUIDESERVICE
getUserRewards ---> TOURGUIDESERVICE
getUserRewards ---> TOURGUIDESERVICE
getUserRewards ---> TOURGUIDESERVICE
getUserRewards ---> TOURGUIDESERVICE
getUserRewards ---> TOURGUIDESERVICE
getUserRewards ---> TOURGUIDESERVICE
getUserRewards ---> TOURGUIDESERVICE
getUserRewards ---> TOURGUIDESERVICE
getUserRewards ---> TOURGUIDESERVICE
getUserRewards ---> TOURGUIDESERVICE
getUserRewards ---> TOURGUIDESERVICE
getUserRewards ---> TOURGUIDESERVICE
getUserRewards ---> TOURGUIDESERVICE
getUserRewards ---> TOURGUIDESERVICE
getUserRewards ---> TOURGUIDESERVICE
getUserRewards ---> TOURGUIDESERVICE
getUserRewards ---> TOURGUIDESERVICE
getUserRewards ---> TOURGUIDESERVICE
getUserRewards ---> TOURGUIDESERVICE
getUserRewards ---> TOURGUIDESERVICE
getUserRewards ---> TOURGUIDESERVICE
getUserRewards ---> TOURGUIDESERVICE
getUserRewards ---> TOURGUIDESERVICE
getUserRewards ---> TOURGUIDESERVICE
getUserRewards ---> TOURGUIDESERVICE
getUserRewards ---> TOURGUIDESERVICE
getUserRewards ---> TOURGUIDESERVICE
getUserRewards ---> TOURGUIDESERVICE
getUserRewards ---> TOURGUIDESERVICE
getUserRewards ---> TOURGUIDESERVICE
getUserRewards ---> TOURGUIDESERVICE
getUserRewards ---> TOURGUIDESERVICE
getUserRewards ---> TOURGUIDESERVICE
getUserRewards ---> TOURGUIDESERVICE
getUserRewards ---> TOURGUIDESERVICE
getUserRewards ---> TOURGUIDESERVICE
getUserRewards ---> TOURGUIDESERVICE
getUserRewards ---> TOURGUIDESERVICE
getUserRewards ---> TOURGUIDESERVICE
getUserRewards ---> TOURGUIDESERVICE
getUserRewards ---> TOURGUIDESERVICE
getUserRewards ---> TOURGUIDESERVICE
getUserRewards ---> TOURGUIDESERVICE
getUserRewards ---> TOURGUIDESERVICE
getUserRewards ---> TOURGUIDESERVICE
getUserRewards ---> TOURGUIDESERVICE
getUserRewards ---> TOURGUIDESERVICE
getUserRewards ---> TOURGUIDESERVICE
getUserRewards ---> TOURGUIDESERVICE
getUserRewards ---> TOURGUIDESERVICE
getUserRewards ---> TOURGUIDESERVICE
getUserRewards ---> TOURGUIDESERVICE
getUserRewards ---> TOURGUIDESERVICE
getUserRewards ---> TOURGUIDESERVICE
getUserRewards ---> TOURGUIDESERVICE
getUserRewards ---> TOURGUIDESERVICE
getUserRewards ---> TOURGUIDESERVICE
getUserRewards ---> TOURGUIDESERVICE
getUserRewards ---> TOURGUIDESERVICE
getUserRewards ---> TOURGUIDESERVICE
getUserRewards ---> TOURGUIDESERVICE
getUserRewards ---> TOURGUIDESERVICE
getUserRewards ---> TOURGUIDESERVICE
getUserRewards ---> TOURGUIDESERVICE
getUserRewards ---> TOURGUIDESERVICE
getUserRewards ---> TOURGUIDESERVICE
getUserRewards ---> TOURGUIDESERVICE
getUserRewards ---> TOURGUIDESERVICE
getUserRewards ---> TOURGUIDESERVICE
getUserRewards ---> TOURGUIDESERVICE
getUserRewards ---> TOURGUIDESERVICE
getUserRewards ---> TOURGUIDESERVICE
getUserRewards ---> TOURGUIDESERVICE
getUserRewards ---> TOURGUIDESERVICE
getUserRewards ---> TOURGUIDESERVICE
getUserRewards ---> TOURGUIDESERVICE
getUserRewards ---> TOURGUIDESERVICE
getUserRewards ---> TOURGUIDESERVICE
getUserRewards ---> TOURGUIDESERVICE
getUserRewards ---> TOURGUIDESERVICE
getUserRewards ---> TOURGUIDESERVICE
getUserRewards ---> TOURGUIDESERVICE
getUserRewards ---> TOURGUIDESERVICE
getUserRewards ---> TOURGUIDESERVICE
getUserRewards ---> TOURGUIDESERVICE
getUserRewards ---> TOURGUIDESERVICE
getUserRewards ---> TOURGUIDESERVICE
getUserRewards ---> TOURGUIDESERVICE
getUserRewards ---> TOURGUIDESERVICE
getUserRewards ---> TOURGUIDESERVICE
getUserRewards ---> TOURGUIDESERVICE
getUserRewards ---> TOURGUIDESERVICE
getUserRewards ---> TOURGUIDESERVICE
getUserRewards ---> TOURGUIDESERVICE
getUserRewards ---> TOURGUIDESERVICE
getUserRewards ---> TOURGUIDESERVICE
getUserRewards ---> TOURGUIDESERVICE
getUserRewards ---> TOURGUIDESERVICE
getUserRewards ---> TOURGUIDESERVICE
getUserRewards ---> TOURGUIDESERVICE
getUserRewards ---> TOURGUIDESERVICE
getUserRewards ---> TOURGUIDESERVICE
getUserRewards ---> TOURGUIDESERVICE
getUserRewards ---> TOURGUIDESERVICE
getUserRewards ---> TOURGUIDESERVICE
getUserRewards ---> TOURGUIDESERVICE
getUserRewards ---> TOURGUIDESERVICE
getUserRewards ---> TOURGUIDESERVICE
getUserRewards ---> TOURGUIDESERVICE
getUserRewards ---> TOURGUIDESERVICE
getUserRewards ---> TOURGUIDESERVICE
getUserRewards ---> TOURGUIDESERVICE
getUserRewards ---> TOURGUIDESERVICE
getUserRewards ---> TOURGUIDESERVICE
getUserRewards ---> TOURGUIDESERVICE
getUserRewards ---> TOURGUIDESERVICE
getUserRewards ---> TOURGUIDESERVICE
getUserRewards ---> TOURGUIDESERVICE
getUserRewards ---> TOURGUIDESERVICE
getUserRewards ---> TOURGUIDESERVICE
getUserRewards ---> TOURGUIDESERVICE
getUserRewards ---> TOURGUIDESERVICE
getUserRewards ---> TOURGUIDESERVICE
getUserRewards ---> TOURGUIDESERVICE
getUserRewards ---> TOURGUIDESERVICE
getUserRewards ---> TOURGUIDESERVICE
getUserRewards ---> TOURGUIDESERVICE
getUserRewards ---> TOURGUIDESERVICE
getUserRewards ---> TOURGUIDESERVICE
getUserRewards ---> TOURGUIDESERVICE
getUserRewards ---> TOURGUIDESERVICE
getUserRewards ---> TOURGUIDESERVICE
getUserRewards ---> TOURGUIDESERVICE
getUserRewards ---> TOURGUIDESERVICE
getUserRewards ---> TOURGUIDESERVICE
getUserRewards ---> TOURGUIDESERVICE
getUserRewards ---> TOURGUIDESERVICE
getUserRewards ---> TOURGUIDESERVICE
getUserRewards ---> TOURGUIDESERVICE
getUserRewards ---> TOURGUIDESERVICE
getUserRewards ---> TOURGUIDESERVICE
getUserRewards ---> TOURGUIDESERVICE
getUserRewards ---> TOURGUIDESERVICE
getUserRewards ---> TOURGUIDESERVICE
getUserRewards ---> TOURGUIDESERVICE
getUserRewards ---> TOURGUIDESERVICE
getUserRewards ---> TOURGUIDESERVICE
getUserRewards ---> TOURGUIDESERVICE
getUserRewards ---> TOURGUIDESERVICE
getUserRewards ---> TOURGUIDESERVICE
getUserRewards ---> TOURGUIDESERVICE
getUserRewards ---> TOURGUIDESERVICE
getUserRewards ---> TOURGUIDESERVICE
getUserRewards ---> TOURGUIDESERVICE
getUserRewards ---> TOURGUIDESERVICE
getUserRewards ---> TOURGUIDESERVICE
getUserRewards ---> TOURGUIDESERVICE
getUserRewards ---> TOURGUIDESERVICE
getUserRewards ---> TOURGUIDESERVICE
getUserRewards ---> TOURGUIDESERVICE
getUserRewards ---> TOURGUIDESERVICE
getUserRewards ---> TOURGUIDESERVICE
getUserRewards ---> TOURGUIDESERVICE
getUserRewards ---> TOURGUIDESERVICE
getUserRewards ---> TOURGUIDESERVICE
getUserRewards ---> TOURGUIDESERVICE
getUserRewards ---> TOURGUIDESERVICE
getUserRewards ---> TOURGUIDESERVICE
getUserRewards ---> TOURGUIDESERVICE
getUserRewards ---> TOURGUIDESERVICE
getUserRewards ---> TOURGUIDESERVICE
getUserRewards ---> TOURGUIDESERVICE
getUserRewards ---> TOURGUIDESERVICE
getUserRewards ---> TOURGUIDESERVICE
getUserRewards ---> TOURGUIDESERVICE
getUserRewards ---> TOURGUIDESERVICE
getUserRewards ---> TOURGUIDESERVICE
getUserRewards ---> TOURGUIDESERVICE
getUserRewards ---> TOURGUIDESERVICE
getUserRewards ---> TOURGUIDESERVICE
getUserRewards ---> TOURGUIDESERVICE
getUserRewards ---> TOURGUIDESERVICE
getUserRewards ---> TOURGUIDESERVICE
getUserRewards ---> TOURGUIDESERVICE
getUserRewards ---> TOURGUIDESERVICE
getUserRewards ---> TOURGUIDESERVICE
getUserRewards ---> TOURGUIDESERVICE
getUserRewards ---> TOURGUIDESERVICE
getUserRewards ---> TOURGUIDESERVICE
getUserRewards ---> TOURGUIDESERVICE
getUserRewards ---> TOURGUIDESERVICE
getUserRewards ---> TOURGUIDESERVICE
getUserRewards ---> TOURGUIDESERVICE
getUserRewards ---> TOURGUIDESERVICE
getUserRewards ---> TOURGUIDESERVICE
getUserRewards ---> TOURGUIDESERVICE
getUserRewards ---> TOURGUIDESERVICE
getUserRewards ---> TOURGUIDESERVICE
getUserRewards ---> TOURGUIDESERVICE
getUserRewards ---> TOURGUIDESERVICE
getUserRewards ---> TOURGUIDESERVICE
getUserRewards ---> TOURGUIDESERVICE
getUserRewards ---> TOURGUIDESERVICE
getUserRewards ---> TOURGUIDESERVICE
getUserRewards ---> TOURGUIDESERVICE
getUserRewards ---> TOURGUIDESERVICE
getUserRewards ---> TOURGUIDESERVICE
getUserRewards ---> TOURGUIDESERVICE
getUserRewards ---> TOURGUIDESERVICE
getUserRewards ---> TOURGUIDESERVICE
getUserRewards ---> TOURGUIDESERVICE
getUserRewards ---> TOURGUIDESERVICE
getUserRewards ---> TOURGUIDESERVICE
getUserRewards ---> TOURGUIDESERVICE
getUserRewards ---> TOURGUIDESERVICE
getUserRewards ---> TOURGUIDESERVICE
getUserRewards ---> TOURGUIDESERVICE
getUserRewards ---> TOURGUIDESERVICE
getUserRewards ---> TOURGUIDESERVICE
getUserRewards ---> TOURGUIDESERVICE
getUserRewards ---> TOURGUIDESERVICE
getUserRewards ---> TOURGUIDESERVICE
getUserRewards ---> TOURGUIDESERVICE
getUserRewards ---> TOURGUIDESERVICE
getUserRewards ---> TOURGUIDESERVICE
getUserRewards ---> TOURGUIDESERVICE
getUserRewards ---> TOURGUIDESERVICE
getUserRewards ---> TOURGUIDESERVICE
getUserRewards ---> TOURGUIDESERVICE
getUserRewards ---> TOURGUIDESERVICE
getUserRewards ---> TOURGUIDESERVICE
getUserRewards ---> TOURGUIDESERVICE
getUserRewards ---> TOURGUIDESERVICE
getUserRewards ---> TOURGUIDESERVICE
getUserRewards ---> TOURGUIDESERVICE
getUserRewards ---> TOURGUIDESERVICE
getUserRewards ---> TOURGUIDESERVICE
getUserRewards ---> TOURGUIDESERVICE
getUserRewards ---> TOURGUIDESERVICE
getUserRewards ---> TOURGUIDESERVICE
getUserRewards ---> TOURGUIDESERVICE
getUserRewards ---> TOURGUIDESERVICE
getUserRewards ---> TOURGUIDESERVICE
getUserRewards ---> TOURGUIDESERVICE
getUserRewards ---> TOURGUIDESERVICE
getUserRewards ---> TOURGUIDESERVICE
getUserRewards ---> TOURGUIDESERVICE
getUserRewards ---> TOURGUIDESERVICE
getUserRewards ---> TOURGUIDESERVICE
getUserRewards ---> TOURGUIDESERVICE
getUserRewards ---> TOURGUIDESERVICE
getUserRewards ---> TOURGUIDESERVICE
getUserRewards ---> TOURGUIDESERVICE
getUserRewards ---> TOURGUIDESERVICE
getUserRewards ---> TOURGUIDESERVICE
getUserRewards ---> TOURGUIDESERVICE
getUserRewards ---> TOURGUIDESERVICE
getUserRewards ---> TOURGUIDESERVICE
getUserRewards ---> TOURGUIDESERVICE
getUserRewards ---> TOURGUIDESERVICE
getUserRewards ---> TOURGUIDESERVICE
getUserRewards ---> TOURGUIDESERVICE
getUserRewards ---> TOURGUIDESERVICE
getUserRewards ---> TOURGUIDESERVICE
getUserRewards ---> TOURGUIDESERVICE
getUserRewards ---> TOURGUIDESERVICE
getUserRewards ---> TOURGUIDESERVICE
getUserRewards ---> TOURGUIDESERVICE
getUserRewards ---> TOURGUIDESERVICE
getUserRewards ---> TOURGUIDESERVICE
getUserRewards ---> TOURGUIDESERVICE
getUserRewards ---> TOURGUIDESERVICE
getUserRewards ---> TOURGUIDESERVICE
getUserRewards ---> TOURGUIDESERVICE
getUserRewards ---> TOURGUIDESERVICE
getUserRewards ---> TOURGUIDESERVICE
getUserRewards ---> TOURGUIDESERVICE
getUserRewards ---> TOURGUIDESERVICE
getUserRewards ---> TOURGUIDESERVICE
getUserRewards ---> TOURGUIDESERVICE
getUserRewards ---> TOURGUIDESERVICE
getUserRewards ---> TOURGUIDESERVICE
getUserRewards ---> TOURGUIDESERVICE
getUserRewards ---> TOURGUIDESERVICE
getUserRewards ---> TOURGUIDESERVICE
getUserRewards ---> TOURGUIDESERVICE
getUserRewards ---> TOURGUIDESERVICE
getUserRewards ---> TOURGUIDESERVICE
getUserRewards ---> TOURGUIDESERVICE
getUserRewards ---> TOURGUIDESERVICE
getUserRewards ---> TOURGUIDESERVICE
getUserRewards ---> TOURGUIDESERVICE
getUserRewards ---> TOURGUIDESERVICE
getUserRewards ---> TOURGUIDESERVICE
getUserRewards ---> TOURGUIDESERVICE
getUserRewards ---> TOURGUIDESERVICE
getUserRewards ---> TOURGUIDESERVICE
getUserRewards ---> TOURGUIDESERVICE
getUserRewards ---> TOURGUIDESERVICE
getUserRewards ---> TOURGUIDESERVICE
getUserRewards ---> TOURGUIDESERVICE
getUserRewards ---> TOURGUIDESERVICE
getUserRewards ---> TOURGUIDESERVICE
getUserRewards ---> TOURGUIDESERVICE
getUserRewards ---> TOURGUIDESERVICE
getUserRewards ---> TOURGUIDESERVICE
getUserRewards ---> TOURGUIDESERVICE
getUserRewards ---> TOURGUIDESERVICE
getUserRewards ---> TOURGUIDESERVICE
getUserRewards ---> TOURGUIDESERVICE
getUserRewards ---> TOURGUIDESERVICE
getUserRewards ---> TOURGUIDESERVICE
getUserRewards ---> TOURGUIDESERVICE
getUserRewards ---> TOURGUIDESERVICE
getUserRewards ---> TOURGUIDESERVICE
getUserRewards ---> TOURGUIDESERVICE
getUserRewards ---> TOURGUIDESERVICE
getUserRewards ---> TOURGUIDESERVICE
getUserRewards ---> TOURGUIDESERVICE
getUserRewards ---> TOURGUIDESERVICE
getUserRewards ---> TOURGUIDESERVICE
getUserRewards ---> TOURGUIDESERVICE
getUserRewards ---> TOURGUIDESERVICE
getUserRewards ---> TOURGUIDESERVICE
getUserRewards ---> TOURGUIDESERVICE
getUserRewards ---> TOURGUIDESERVICE
getUserRewards ---> TOURGUIDESERVICE
getUserRewards ---> TOURGUIDESERVICE
getUserRewards ---> TOURGUIDESERVICE
getUserRewards ---> TOURGUIDESERVICE
getUserRewards ---> TOURGUIDESERVICE
getUserRewards ---> TOURGUIDESERVICE
getUserRewards ---> TOURGUIDESERVICE
getUserRewards ---> TOURGUIDESERVICE
getUserRewards ---> TOURGUIDESERVICE
getUserRewards ---> TOURGUIDESERVICE
getUserRewards ---> TOURGUIDESERVICE
getUserRewards ---> TOURGUIDESERVICE
getUserRewards ---> TOURGUIDESERVICE
getUserRewards ---> TOURGUIDESERVICE
getUserRewards ---> TOURGUIDESERVICE
getUserRewards ---> TOURGUIDESERVICE
getUserRewards ---> TOURGUIDESERVICE
getUserRewards ---> TOURGUIDESERVICE
getUserRewards ---> TOURGUIDESERVICE
getUserRewards ---> TOURGUIDESERVICE
getUserRewards ---> TOURGUIDESERVICE
getUserRewards ---> TOURGUIDESERVICE
getUserRewards ---> TOURGUIDESERVICE
getUserRewards ---> TOURGUIDESERVICE
getUserRewards ---> TOURGUIDESERVICE
getUserRewards ---> TOURGUIDESERVICE
getUserRewards ---> TOURGUIDESERVICE
getUserRewards ---> TOURGUIDESERVICE
getUserRewards ---> TOURGUIDESERVICE
getUserRewards ---> TOURGUIDESERVICE
getUserRewards ---> TOURGUIDESERVICE
getUserRewards ---> TOURGUIDESERVICE
getUserRewards ---> TOURGUIDESERVICE
getUserRewards ---> TOURGUIDESERVICE
getUserRewards ---> TOURGUIDESERVICE
getUserRewards ---> TOURGUIDESERVICE
getUserRewards ---> TOURGUIDESERVICE
getUserRewards ---> TOURGUIDESERVICE
getUserRewards ---> TOURGUIDESERVICE
getUserRewards ---> TOURGUIDESERVICE
getUserRewards ---> TOURGUIDESERVICE
getUserRewards ---> TOURGUIDESERVICE
getUserRewards ---> TOURGUIDESERVICE
getUserRewards ---> TOURGUIDESERVICE
getUserRewards ---> TOURGUIDESERVICE
getUserRewards ---> TOURGUIDESERVICE
getUserRewards ---> TOURGUIDESERVICE
getUserRewards ---> TOURGUIDESERVICE
getUserRewards ---> TOURGUIDESERVICE
getUserRewards ---> TOURGUIDESERVICE
getUserRewards ---> TOURGUIDESERVICE
getUserRewards ---> TOURGUIDESERVICE
getUserRewards ---> TOURGUIDESERVICE
getUserRewards ---> TOURGUIDESERVICE
getUserRewards ---> TOURGUIDESERVICE
getUserRewards ---> TOURGUIDESERVICE
getUserRewards ---> TOURGUIDESERVICE
getUserRewards ---> TOURGUIDESERVICE
getUserRewards ---> TOURGUIDESERVICE
getUserRewards ---> TOURGUIDESERVICE
getUserRewards ---> TOURGUIDESERVICE
getUserRewards ---> TOURGUIDESERVICE
getUserRewards ---> TOURGUIDESERVICE
getUserRewards ---> TOURGUIDESERVICE
getUserRewards ---> TOURGUIDESERVICE
getUserRewards ---> TOURGUIDESERVICE
getUserRewards ---> TOURGUIDESERVICE
getUserRewards ---> TOURGUIDESERVICE
getUserRewards ---> TOURGUIDESERVICE
getUserRewards ---> TOURGUIDESERVICE
getUserRewards ---> TOURGUIDESERVICE
getUserRewards ---> TOURGUIDESERVICE
getUserRewards ---> TOURGUIDESERVICE
getUserRewards ---> TOURGUIDESERVICE
getUserRewards ---> TOURGUIDESERVICE
getUserRewards ---> TOURGUIDESERVICE
getUserRewards ---> TOURGUIDESERVICE
getUserRewards ---> TOURGUIDESERVICE
getUserRewards ---> TOURGUIDESERVICE
getUserRewards ---> TOURGUIDESERVICE
getUserRewards ---> TOURGUIDESERVICE
getUserRewards ---> TOURGUIDESERVICE
getUserRewards ---> TOURGUIDESERVICE
getUserRewards ---> TOURGUIDESERVICE
getUserRewards ---> TOURGUIDESERVICE
getUserRewards ---> TOURGUIDESERVICE
getUserRewards ---> TOURGUIDESERVICE
getUserRewards ---> TOURGUIDESERVICE
getUserRewards ---> TOURGUIDESERVICE
getUserRewards ---> TOURGUIDESERVICE
getUserRewards ---> TOURGUIDESERVICE
getUserRewards ---> TOURGUIDESERVICE
getUserRewards ---> TOURGUIDESERVICE
getUserRewards ---> TOURGUIDESERVICE
getUserRewards ---> TOURGUIDESERVICE
getUserRewards ---> TOURGUIDESERVICE
getUserRewards ---> TOURGUIDESERVICE
getUserRewards ---> TOURGUIDESERVICE
getUserRewards ---> TOURGUIDESERVICE
getUserRewards ---> TOURGUIDESERVICE
getUserRewards ---> TOURGUIDESERVICE
getUserRewards ---> TOURGUIDESERVICE
getUserRewards ---> TOURGUIDESERVICE
getUserRewards ---> TOURGUIDESERVICE
getUserRewards ---> TOURGUIDESERVICE
getUserRewards ---> TOURGUIDESERVICE
getUserRewards ---> TOURGUIDESERVICE
getUserRewards ---> TOURGUIDESERVICE
getUserRewards ---> TOURGUIDESERVICE
getUserRewards ---> TOURGUIDESERVICE
getUserRewards ---> TOURGUIDESERVICE
getUserRewards ---> TOURGUIDESERVICE
getUserRewards ---> TOURGUIDESERVICE
getUserRewards ---> TOURGUIDESERVICE
getUserRewards ---> TOURGUIDESERVICE
getUserRewards ---> TOURGUIDESERVICE
getUserRewards ---> TOURGUIDESERVICE
getUserRewards ---> TOURGUIDESERVICE
getUserRewards ---> TOURGUIDESERVICE
getUserRewards ---> TOURGUIDESERVICE
getUserRewards ---> TOURGUIDESERVICE
getUserRewards ---> TOURGUIDESERVICE
getUserRewards ---> TOURGUIDESERVICE
getUserRewards ---> TOURGUIDESERVICE
getUserRewards ---> TOURGUIDESERVICE
getUserRewards ---> TOURGUIDESERVICE
getUserRewards ---> TOURGUIDESERVICE
getUserRewards ---> TOURGUIDESERVICE
getUserRewards ---> TOURGUIDESERVICE
getUserRewards ---> TOURGUIDESERVICE
getUserRewards ---> TOURGUIDESERVICE
getUserRewards ---> TOURGUIDESERVICE
getUserRewards ---> TOURGUIDESERVICE
getUserRewards ---> TOURGUIDESERVICE
getUserRewards ---> TOURGUIDESERVICE
getUserRewards ---> TOURGUIDESERVICE
getUserRewards ---> TOURGUIDESERVICE
getUserRewards ---> TOURGUIDESERVICE
getUserRewards ---> TOURGUIDESERVICE
getUserRewards ---> TOURGUIDESERVICE
getUserRewards ---> TOURGUIDESERVICE
getUserRewards ---> TOURGUIDESERVICE
getUserRewards ---> TOURGUIDESERVICE
getUserRewards ---> TOURGUIDESERVICE
getUserRewards ---> TOURGUIDESERVICE
getUserRewards ---> TOURGUIDESERVICE
getUserRewards ---> TOURGUIDESERVICE
getUserRewards ---> TOURGUIDESERVICE
getUserRewards ---> TOURGUIDESERVICE
getUserRewards ---> TOURGUIDESERVICE
getUserRewards ---> TOURGUIDESERVICE
getUserRewards ---> TOURGUIDESERVICE
getUserRewards ---> TOURGUIDESERVICE
getUserRewards ---> TOURGUIDESERVICE
getUserRewards ---> TOURGUIDESERVICE
getUserRewards ---> TOURGUIDESERVICE
getUserRewards ---> TOURGUIDESERVICE
getUserRewards ---> TOURGUIDESERVICE
getUserRewards ---> TOURGUIDESERVICE
getUserRewards ---> TOURGUIDESERVICE
getUserRewards ---> TOURGUIDESERVICE
getUserRewards ---> TOURGUIDESERVICE
getUserRewards ---> TOURGUIDESERVICE
getUserRewards ---> TOURGUIDESERVICE
getUserRewards ---> TOURGUIDESERVICE
getUserRewards ---> TOURGUIDESERVICE
getUserRewards ---> TOURGUIDESERVICE
getUserRewards ---> TOURGUIDESERVICE
getUserRewards ---> TOURGUIDESERVICE
getUserRewards ---> TOURGUIDESERVICE
getUserRewards ---> TOURGUIDESERVICE
getUserRewards ---> TOURGUIDESERVICE
getUserRewards ---> TOURGUIDESERVICE
getUserRewards ---> TOURGUIDESERVICE
getUserRewards ---> TOURGUIDESERVICE
getUserRewards ---> TOURGUIDESERVICE
getUserRewards ---> TOURGUIDESERVICE
getUserRewards ---> TOURGUIDESERVICE
getUserRewards ---> TOURGUIDESERVICE
getUserRewards ---> TOURGUIDESERVICE
getUserRewards ---> TOURGUIDESERVICE
getUserRewards ---> TOURGUIDESERVICE
getUserRewards ---> TOURGUIDESERVICE
getUserRewards ---> TOURGUIDESERVICE
getUserRewards ---> TOURGUIDESERVICE
getUserRewards ---> TOURGUIDESERVICE
getUserRewards ---> TOURGUIDESERVICE
getUserRewards ---> TOURGUIDESERVICE
getUserRewards ---> TOURGUIDESERVICE
getUserRewards ---> TOURGUIDESERVICE
getUserRewards ---> TOURGUIDESERVICE
getUserRewards ---> TOURGUIDESERVICE
getUserRewards ---> TOURGUIDESERVICE
getUserRewards ---> TOURGUIDESERVICE
getUserRewards ---> TOURGUIDESERVICE
getUserRewards ---> TOURGUIDESERVICE
getUserRewards ---> TOURGUIDESERVICE
getUserRewards ---> TOURGUIDESERVICE
getUserRewards ---> TOURGUIDESERVICE
getUserRewards ---> TOURGUIDESERVICE
getUserRewards ---> TOURGUIDESERVICE
getUserRewards ---> TOURGUIDESERVICE
getUserRewards ---> TOURGUIDESERVICE
getUserRewards ---> TOURGUIDESERVICE
getUserRewards ---> TOURGUIDESERVICE
getUserRewards ---> TOURGUIDESERVICE
getUserRewards ---> TOURGUIDESERVICE
getUserRewards ---> TOURGUIDESERVICE
getUserRewards ---> TOURGUIDESERVICE
getUserRewards ---> TOURGUIDESERVICE
getUserRewards ---> TOURGUIDESERVICE
getUserRewards ---> TOURGUIDESERVICE
getUserRewards ---> TOURGUIDESERVICE
getUserRewards ---> TOURGUIDESERVICE
getUserRewards ---> TOURGUIDESERVICE
getUserRewards ---> TOURGUIDESERVICE
getUserRewards ---> TOURGUIDESERVICE
getUserRewards ---> TOURGUIDESERVICE
getUserRewards ---> TOURGUIDESERVICE
getUserRewards ---> TOURGUIDESERVICE
getUserRewards ---> TOURGUIDESERVICE
getUserRewards ---> TOURGUIDESERVICE
getUserRewards ---> TOURGUIDESERVICE
getUserRewards ---> TOURGUIDESERVICE
getUserRewards ---> TOURGUIDESERVICE
getUserRewards ---> TOURGUIDESERVICE
getUserRewards ---> TOURGUIDESERVICE
getUserRewards ---> TOURGUIDESERVICE
getUserRewards ---> TOURGUIDESERVICE
getUserRewards ---> TOURGUIDESERVICE
getUserRewards ---> TOURGUIDESERVICE
getUserRewards ---> TOURGUIDESERVICE
getUserRewards ---> TOURGUIDESERVICE
getUserRewards ---> TOURGUIDESERVICE
getUserRewards ---> TOURGUIDESERVICE
getUserRewards ---> TOURGUIDESERVICE
getUserRewards ---> TOURGUIDESERVICE
getUserRewards ---> TOURGUIDESERVICE
getUserRewards ---> TOURGUIDESERVICE
getUserRewards ---> TOURGUIDESERVICE
getUserRewards ---> TOURGUIDESERVICE
getUserRewards ---> TOURGUIDESERVICE
getUserRewards ---> TOURGUIDESERVICE
getUserRewards ---> TOURGUIDESERVICE
getUserRewards ---> TOURGUIDESERVICE
getUserRewards ---> TOURGUIDESERVICE
getUserRewards ---> TOURGUIDESERVICE
getUserRewards ---> TOURGUIDESERVICE
getUserRewards ---> TOURGUIDESERVICE
getUserRewards ---> TOURGUIDESERVICE
getUserRewards ---> TOURGUIDESERVICE
getUserRewards ---> TOURGUIDESERVICE
getUserRewards ---> TOURGUIDESERVICE
getUserRewards ---> TOURGUIDESERVICE
getUserRewards ---> TOURGUIDESERVICE
getUserRewards ---> TOURGUIDESERVICE
getUserRewards ---> TOURGUIDESERVICE
getUserRewards ---> TOURGUIDESERVICE
getUserRewards ---> TOURGUIDESERVICE
getUserRewards ---> TOURGUIDESERVICE
getUserRewards ---> TOURGUIDESERVICE
getUserRewards ---> TOURGUIDESERVICE
getUserRewards ---> TOURGUIDESERVICE
getUserRewards ---> TOURGUIDESERVICE
getUserRewards ---> TOURGUIDESERVICE
getUserRewards ---> TOURGUIDESERVICE
getUserRewards ---> TOURGUIDESERVICE
getUserRewards ---> TOURGUIDESERVICE
getUserRewards ---> TOURGUIDESERVICE
getUserRewards ---> TOURGUIDESERVICE
getUserRewards ---> TOURGUIDESERVICE
getUserRewards ---> TOURGUIDESERVICE
getUserRewards ---> TOURGUIDESERVICE
getUserRewards ---> TOURGUIDESERVICE
getUserRewards ---> TOURGUIDESERVICE
getUserRewards ---> TOURGUIDESERVICE
getUserRewards ---> TOURGUIDESERVICE
getUserRewards ---> TOURGUIDESERVICE
getUserRewards ---> TOURGUIDESERVICE
getUserRewards ---> TOURGUIDESERVICE
getUserRewards ---> TOURGUIDESERVICE
getUserRewards ---> TOURGUIDESERVICE
getUserRewards ---> TOURGUIDESERVICE
getUserRewards ---> TOURGUIDESERVICE
getUserRewards ---> TOURGUIDESERVICE
getUserRewards ---> TOURGUIDESERVICE
getUserRewards ---> TOURGUIDESERVICE
getUserRewards ---> TOURGUIDESERVICE
getUserRewards ---> TOURGUIDESERVICE
getUserRewards ---> TOURGUIDESERVICE
getUserRewards ---> TOURGUIDESERVICE
getUserRewards ---> TOURGUIDESERVICE
getUserRewards ---> TOURGUIDESERVICE
getUserRewards ---> TOURGUIDESERVICE
getUserRewards ---> TOURGUIDESERVICE
getUserRewards ---> TOURGUIDESERVICE
getUserRewards ---> TOURGUIDESERVICE
getUserRewards ---> TOURGUIDESERVICE
getUserRewards ---> TOURGUIDESERVICE
getUserRewards ---> TOURGUIDESERVICE
getUserRewards ---> TOURGUIDESERVICE
getUserRewards ---> TOURGUIDESERVICE
getUserRewards ---> TOURGUIDESERVICE
getUserRewards ---> TOURGUIDESERVICE
getUserRewards ---> TOURGUIDESERVICE
getUserRewards ---> TOURGUIDESERVICE
getUserRewards ---> TOURGUIDESERVICE
getUserRewards ---> TOURGUIDESERVICE
getUserRewards ---> TOURGUIDESERVICE
getUserRewards ---> TOURGUIDESERVICE
getUserRewards ---> TOURGUIDESERVICE
getUserRewards ---> TOURGUIDESERVICE
getUserRewards ---> TOURGUIDESERVICE
getUserRewards ---> TOURGUIDESERVICE
getUserRewards ---> TOURGUIDESERVICE
getUserRewards ---> TOURGUIDESERVICE
getUserRewards ---> TOURGUIDESERVICE
getUserRewards ---> TOURGUIDESERVICE
getUserRewards ---> TOURGUIDESERVICE
getUserRewards ---> TOURGUIDESERVICE
getUserRewards ---> TOURGUIDESERVICE
getUserRewards ---> TOURGUIDESERVICE
getUserRewards ---> TOURGUIDESERVICE
getUserRewards ---> TOURGUIDESERVICE
getUserRewards ---> TOURGUIDESERVICE
getUserRewards ---> TOURGUIDESERVICE
getUserRewards ---> TOURGUIDESERVICE
getUserRewards ---> TOURGUIDESERVICE
getUserRewards ---> TOURGUIDESERVICE
getUserRewards ---> TOURGUIDESERVICE
getUserRewards ---> TOURGUIDESERVICE
getUserRewards ---> TOURGUIDESERVICE
getUserRewards ---> TOURGUIDESERVICE
getUserRewards ---> TOURGUIDESERVICE
getUserRewards ---> TOURGUIDESERVICE
getUserRewards ---> TOURGUIDESERVICE
getUserRewards ---> TOURGUIDESERVICE
getUserRewards ---> TOURGUIDESERVICE
getUserRewards ---> TOURGUIDESERVICE
getUserRewards ---> TOURGUIDESERVICE
getUserRewards ---> TOURGUIDESERVICE
getUserRewards ---> TOURGUIDESERVICE
getUserRewards ---> TOURGUIDESERVICE
getUserRewards ---> TOURGUIDESERVICE
getUserRewards ---> TOURGUIDESERVICE
getUserRewards ---> TOURGUIDESERVICE
getUserRewards ---> TOURGUIDESERVICE
getUserRewards ---> TOURGUIDESERVICE
getUserRewards ---> TOURGUIDESERVICE
getUserRewards ---> TOURGUIDESERVICE
getUserRewards ---> TOURGUIDESERVICE
getUserRewards ---> TOURGUIDESERVICE
getUserRewards ---> TOURGUIDESERVICE
getUserRewards ---> TOURGUIDESERVICE
getUserRewards ---> TOURGUIDESERVICE
getUserRewards ---> TOURGUIDESERVICE
getUserRewards ---> TOURGUIDESERVICE
getUserRewards ---> TOURGUIDESERVICE
getUserRewards ---> TOURGUIDESERVICE
getUserRewards ---> TOURGUIDESERVICE
getUserRewards ---> TOURGUIDESERVICE
getUserRewards ---> TOURGUIDESERVICE
getUserRewards ---> TOURGUIDESERVICE
getUserRewards ---> TOURGUIDESERVICE
getUserRewards ---> TOURGUIDESERVICE
getUserRewards ---> TOURGUIDESERVICE
getUserRewards ---> TOURGUIDESERVICE
getUserRewards ---> TOURGUIDESERVICE
getUserRewards ---> TOURGUIDESERVICE
getUserRewards ---> TOURGUIDESERVICE
getUserRewards ---> TOURGUIDESERVICE
getUserRewards ---> TOURGUIDESERVICE
getUserRewards ---> TOURGUIDESERVICE
getUserRewards ---> TOURGUIDESERVICE
getUserRewards ---> TOURGUIDESERVICE
getUserRewards ---> TOURGUIDESERVICE
getUserRewards ---> TOURGUIDESERVICE
getUserRewards ---> TOURGUIDESERVICE
getUserRewards ---> TOURGUIDESERVICE
getUserRewards ---> TOURGUIDESERVICE
getUserRewards ---> TOURGUIDESERVICE
getUserRewards ---> TOURGUIDESERVICE
getUserRewards ---> TOURGUIDESERVICE
getUserRewards ---> TOURGUIDESERVICE
getUserRewards ---> TOURGUIDESERVICE
getUserRewards ---> TOURGUIDESERVICE
getUserRewards ---> TOURGUIDESERVICE
getUserRewards ---> TOURGUIDESERVICE
getUserRewards ---> TOURGUIDESERVICE
getUserRewards ---> TOURGUIDESERVICE
getUserRewards ---> TOURGUIDESERVICE
getUserRewards ---> TOURGUIDESERVICE
getUserRewards ---> TOURGUIDESERVICE
getUserRewards ---> TOURGUIDESERVICE
getUserRewards ---> TOURGUIDESERVICE
getUserRewards ---> TOURGUIDESERVICE
getUserRewards ---> TOURGUIDESERVICE
getUserRewards ---> TOURGUIDESERVICE
getUserRewards ---> TOURGUIDESERVICE
getUserRewards ---> TOURGUIDESERVICE
getUserRewards ---> TOURGUIDESERVICE
getUserRewards ---> TOURGUIDESERVICE
getUserRewards ---> TOURGUIDESERVICE
getUserRewards ---> TOURGUIDESERVICE
getUserRewards ---> TOURGUIDESERVICE
getUserRewards ---> TOURGUIDESERVICE
getUserRewards ---> TOURGUIDESERVICE
getUserRewards ---> TOURGUIDESERVICE
getUserRewards ---> TOURGUIDESERVICE
getUserRewards ---> TOURGUIDESERVICE
getUserRewards ---> TOURGUIDESERVICE
getUserRewards ---> TOURGUIDESERVICE
getUserRewards ---> TOURGUIDESERVICE
getUserRewards ---> TOURGUIDESERVICE
getUserRewards ---> TOURGUIDESERVICE
getUserRewards ---> TOURGUIDESERVICE
getUserRewards ---> TOURGUIDESERVICE
getUserRewards ---> TOURGUIDESERVICE
getUserRewards ---> TOURGUIDESERVICE
getUserRewards ---> TOURGUIDESERVICE
getUserRewards ---> TOURGUIDESERVICE
getUserRewards ---> TOURGUIDESERVICE
getUserRewards ---> TOURGUIDESERVICE
getUserRewards ---> TOURGUIDESERVICE
getUserRewards ---> TOURGUIDESERVICE
getUserRewards ---> TOURGUIDESERVICE
getUserRewards ---> TOURGUIDESERVICE
getUserRewards ---> TOURGUIDESERVICE
getUserRewards ---> TOURGUIDESERVICE
getUserRewards ---> TOURGUIDESERVICE
getUserRewards ---> TOURGUIDESERVICE
getUserRewards ---> TOURGUIDESERVICE
getUserRewards ---> TOURGUIDESERVICE
getUserRewards ---> TOURGUIDESERVICE
getUserRewards ---> TOURGUIDESERVICE
getUserRewards ---> TOURGUIDESERVICE
getUserRewards ---> TOURGUIDESERVICE
getUserRewards ---> TOURGUIDESERVICE
getUserRewards ---> TOURGUIDESERVICE
getUserRewards ---> TOURGUIDESERVICE
getUserRewards ---> TOURGUIDESERVICE
getUserRewards ---> TOURGUIDESERVICE
getUserRewards ---> TOURGUIDESERVICE
getUserRewards ---> TOURGUIDESERVICE
getUserRewards ---> TOURGUIDESERVICE
getUserRewards ---> TOURGUIDESERVICE
getUserRewards ---> TOURGUIDESERVICE
getUserRewards ---> TOURGUIDESERVICE
getUserRewards ---> TOURGUIDESERVICE
getUserRewards ---> TOURGUIDESERVICE
getUserRewards ---> TOURGUIDESERVICE
getUserRewards ---> TOURGUIDESERVICE
getUserRewards ---> TOURGUIDESERVICE
getUserRewards ---> TOURGUIDESERVICE
getUserRewards ---> TOURGUIDESERVICE
getUserRewards ---> TOURGUIDESERVICE
getUserRewards ---> TOURGUIDESERVICE
getUserRewards ---> TOURGUIDESERVICE
getUserRewards ---> TOURGUIDESERVICE
getUserRewards ---> TOURGUIDESERVICE
getUserRewards ---> TOURGUIDESERVICE
getUserRewards ---> TOURGUIDESERVICE
getUserRewards ---> TOURGUIDESERVICE
getUserRewards ---> TOURGUIDESERVICE
getUserRewards ---> TOURGUIDESERVICE
getUserRewards ---> TOURGUIDESERVICE
getUserRewards ---> TOURGUIDESERVICE
getUserRewards ---> TOURGUIDESERVICE
getUserRewards ---> TOURGUIDESERVICE
getUserRewards ---> TOURGUIDESERVICE
getUserRewards ---> TOURGUIDESERVICE
getUserRewards ---> TOURGUIDESERVICE
getUserRewards ---> TOURGUIDESERVICE
getUserRewards ---> TOURGUIDESERVICE
getUserRewards ---> TOURGUIDESERVICE
getUserRewards ---> TOURGUIDESERVICE
getUserRewards ---> TOURGUIDESERVICE
getUserRewards ---> TOURGUIDESERVICE
getUserRewards ---> TOURGUIDESERVICE
getUserRewards ---> TOURGUIDESERVICE
getUserRewards ---> TOURGUIDESERVICE
getUserRewards ---> TOURGUIDESERVICE
getUserRewards ---> TOURGUIDESERVICE
getUserRewards ---> TOURGUIDESERVICE
getUserRewards ---> TOURGUIDESERVICE
getUserRewards ---> TOURGUIDESERVICE
getUserRewards ---> TOURGUIDESERVICE
getUserRewards ---> TOURGUIDESERVICE
getUserRewards ---> TOURGUIDESERVICE
getUserRewards ---> TOURGUIDESERVICE
getUserRewards ---> TOURGUIDESERVICE
getUserRewards ---> TOURGUIDESERVICE
getUserRewards ---> TOURGUIDESERVICE
getUserRewards ---> TOURGUIDESERVICE
getUserRewards ---> TOURGUIDESERVICE
getUserRewards ---> TOURGUIDESERVICE
getUserRewards ---> TOURGUIDESERVICE
getUserRewards ---> TOURGUIDESERVICE
getUserRewards ---> TOURGUIDESERVICE
getUserRewards ---> TOURGUIDESERVICE
getUserRewards ---> TOURGUIDESERVICE
getUserRewards ---> TOURGUIDESERVICE
getUserRewards ---> TOURGUIDESERVICE
getUserRewards ---> TOURGUIDESERVICE
getUserRewards ---> TOURGUIDESERVICE
getUserRewards ---> TOURGUIDESERVICE
getUserRewards ---> TOURGUIDESERVICE
getUserRewards ---> TOURGUIDESERVICE
getUserRewards ---> TOURGUIDESERVICE
getUserRewards ---> TOURGUIDESERVICE
getUserRewards ---> TOURGUIDESERVICE
getUserRewards ---> TOURGUIDESERVICE
getUserRewards ---> TOURGUIDESERVICE
getUserRewards ---> TOURGUIDESERVICE
getUserRewards ---> TOURGUIDESERVICE
getUserRewards ---> TOURGUIDESERVICE
getUserRewards ---> TOURGUIDESERVICE
getUserRewards ---> TOURGUIDESERVICE
getUserRewards ---> TOURGUIDESERVICE
getUserRewards ---> TOURGUIDESERVICE
getUserRewards ---> TOURGUIDESERVICE
getUserRewards ---> TOURGUIDESERVICE
getUserRewards ---> TOURGUIDESERVICE
getUserRewards ---> TOURGUIDESERVICE
getUserRewards ---> TOURGUIDESERVICE
getUserRewards ---> TOURGUIDESERVICE
getUserRewards ---> TOURGUIDESERVICE
getUserRewards ---> TOURGUIDESERVICE
getUserRewards ---> TOURGUIDESERVICE
getUserRewards ---> TOURGUIDESERVICE
getUserRewards ---> TOURGUIDESERVICE
getUserRewards ---> TOURGUIDESERVICE
getUserRewards ---> TOURGUIDESERVICE
getUserRewards ---> TOURGUIDESERVICE
getUserRewards ---> TOURGUIDESERVICE
getUserRewards ---> TOURGUIDESERVICE
getUserRewards ---> TOURGUIDESERVICE
getUserRewards ---> TOURGUIDESERVICE
getUserRewards ---> TOURGUIDESERVICE
getUserRewards ---> TOURGUIDESERVICE
getUserRewards ---> TOURGUIDESERVICE
getUserRewards ---> TOURGUIDESERVICE
getUserRewards ---> TOURGUIDESERVICE
getUserRewards ---> TOURGUIDESERVICE
getUserRewards ---> TOURGUIDESERVICE
getUserRewards ---> TOURGUIDESERVICE
getUserRewards ---> TOURGUIDESERVICE
getUserRewards ---> TOURGUIDESERVICE
getUserRewards ---> TOURGUIDESERVICE
getUserRewards ---> TOURGUIDESERVICE
getUserRewards ---> TOURGUIDESERVICE
getUserRewards ---> TOURGUIDESERVICE
getUserRewards ---> TOURGUIDESERVICE
getUserRewards ---> TOURGUIDESERVICE
getUserRewards ---> TOURGUIDESERVICE
getUserRewards ---> TOURGUIDESERVICE
getUserRewards ---> TOURGUIDESERVICE
getUserRewards ---> TOURGUIDESERVICE
getUserRewards ---> TOURGUIDESERVICE
getUserRewards ---> TOURGUIDESERVICE
getUserRewards ---> TOURGUIDESERVICE
getUserRewards ---> TOURGUIDESERVICE
getUserRewards ---> TOURGUIDESERVICE
getUserRewards ---> TOURGUIDESERVICE
getUserRewards ---> TOURGUIDESERVICE
getUserRewards ---> TOURGUIDESERVICE
getUserRewards ---> TOURGUIDESERVICE
getUserRewards ---> TOURGUIDESERVICE
getUserRewards ---> TOURGUIDESERVICE
getUserRewards ---> TOURGUIDESERVICE
getUserRewards ---> TOURGUIDESERVICE
getUserRewards ---> TOURGUIDESERVICE
getUserRewards ---> TOURGUIDESERVICE
getUserRewards ---> TOURGUIDESERVICE
getUserRewards ---> TOURGUIDESERVICE
getUserRewards ---> TOURGUIDESERVICE
getUserRewards ---> TOURGUIDESERVICE
getUserRewards ---> TOURGUIDESERVICE
getUserRewards ---> TOURGUIDESERVICE
getUserRewards ---> TOURGUIDESERVICE
getUserRewards ---> TOURGUIDESERVICE
getUserRewards ---> TOURGUIDESERVICE
getUserRewards ---> TOURGUIDESERVICE
getUserRewards ---> TOURGUIDESERVICE
getUserRewards ---> TOURGUIDESERVICE
getUserRewards ---> TOURGUIDESERVICE
getUserRewards ---> TOURGUIDESERVICE
getUserRewards ---> TOURGUIDESERVICE
getUserRewards ---> TOURGUIDESERVICE
getUserRewards ---> TOURGUIDESERVICE
getUserRewards ---> TOURGUIDESERVICE
getUserRewards ---> TOURGUIDESERVICE
getUserRewards ---> TOURGUIDESERVICE
getUserRewards ---> TOURGUIDESERVICE
getUserRewards ---> TOURGUIDESERVICE
getUserRewards ---> TOURGUIDESERVICE
getUserRewards ---> TOURGUIDESERVICE
getUserRewards ---> TOURGUIDESERVICE
getUserRewards ---> TOURGUIDESERVICE
getUserRewards ---> TOURGUIDESERVICE
getUserRewards ---> TOURGUIDESERVICE
getUserRewards ---> TOURGUIDESERVICE
getUserRewards ---> TOURGUIDESERVICE
getUserRewards ---> TOURGUIDESERVICE
getUserRewards ---> TOURGUIDESERVICE
getUserRewards ---> TOURGUIDESERVICE
getUserRewards ---> TOURGUIDESERVICE
getUserRewards ---> TOURGUIDESERVICE
getUserRewards ---> TOURGUIDESERVICE
getUserRewards ---> TOURGUIDESERVICE
getUserRewards ---> TOURGUIDESERVICE
getUserRewards ---> TOURGUIDESERVICE
getUserRewards ---> TOURGUIDESERVICE
getUserRewards ---> TOURGUIDESERVICE
getUserRewards ---> TOURGUIDESERVICE
getUserRewards ---> TOURGUIDESERVICE
getUserRewards ---> TOURGUIDESERVICE
getUserRewards ---> TOURGUIDESERVICE
getUserRewards ---> TOURGUIDESERVICE
getUserRewards ---> TOURGUIDESERVICE
getUserRewards ---> TOURGUIDESERVICE
getUserRewards ---> TOURGUIDESERVICE
getUserRewards ---> TOURGUIDESERVICE
getUserRewards ---> TOURGUIDESERVICE
getUserRewards ---> TOURGUIDESERVICE
getUserRewards ---> TOURGUIDESERVICE
getUserRewards ---> TOURGUIDESERVICE
getUserRewards ---> TOURGUIDESERVICE
getUserRewards ---> TOURGUIDESERVICE
getUserRewards ---> TOURGUIDESERVICE
getUserRewards ---> TOURGUIDESERVICE
getUserRewards ---> TOURGUIDESERVICE
getUserRewards ---> TOURGUIDESERVICE
getUserRewards ---> TOURGUIDESERVICE
getUserRewards ---> TOURGUIDESERVICE
getUserRewards ---> TOURGUIDESERVICE
getUserRewards ---> TOURGUIDESERVICE
getUserRewards ---> TOURGUIDESERVICE
getUserRewards ---> TOURGUIDESERVICE
getUserRewards ---> TOURGUIDESERVICE
getUserRewards ---> TOURGUIDESERVICE
getUserRewards ---> TOURGUIDESERVICE
getUserRewards ---> TOURGUIDESERVICE
getUserRewards ---> TOURGUIDESERVICE
getUserRewards ---> TOURGUIDESERVICE
getUserRewards ---> TOURGUIDESERVICE
getUserRewards ---> TOURGUIDESERVICE
getUserRewards ---> TOURGUIDESERVICE
getUserRewards ---> TOURGUIDESERVICE
getUserRewards ---> TOURGUIDESERVICE
getUserRewards ---> TOURGUIDESERVICE
getUserRewards ---> TOURGUIDESERVICE
getUserRewards ---> TOURGUIDESERVICE
getUserRewards ---> TOURGUIDESERVICE
getUserRewards ---> TOURGUIDESERVICE
getUserRewards ---> TOURGUIDESERVICE
getUserRewards ---> TOURGUIDESERVICE
getUserRewards ---> TOURGUIDESERVICE
getUserRewards ---> TOURGUIDESERVICE
getUserRewards ---> TOURGUIDESERVICE
getUserRewards ---> TOURGUIDESERVICE
getUserRewards ---> TOURGUIDESERVICE
getUserRewards ---> TOURGUIDESERVICE
getUserRewards ---> TOURGUIDESERVICE
getUserRewards ---> TOURGUIDESERVICE
getUserRewards ---> TOURGUIDESERVICE
getUserRewards ---> TOURGUIDESERVICE
getUserRewards ---> TOURGUIDESERVICE
getUserRewards ---> TOURGUIDESERVICE
getUserRewards ---> TOURGUIDESERVICE
getUserRewards ---> TOURGUIDESERVICE
getUserRewards ---> TOURGUIDESERVICE
getUserRewards ---> TOURGUIDESERVICE
getUserRewards ---> TOURGUIDESERVICE
getUserRewards ---> TOURGUIDESERVICE
getUserRewards ---> TOURGUIDESERVICE
getUserRewards ---> TOURGUIDESERVICE
getUserRewards ---> TOURGUIDESERVICE
getUserRewards ---> TOURGUIDESERVICE
getUserRewards ---> TOURGUIDESERVICE
getUserRewards ---> TOURGUIDESERVICE
getUserRewards ---> TOURGUIDESERVICE
getUserRewards ---> TOURGUIDESERVICE
getUserRewards ---> TOURGUIDESERVICE
getUserRewards ---> TOURGUIDESERVICE
getUserRewards ---> TOURGUIDESERVICE
getUserRewards ---> TOURGUIDESERVICE
getUserRewards ---> TOURGUIDESERVICE
getUserRewards ---> TOURGUIDESERVICE
getUserRewards ---> TOURGUIDESERVICE
getUserRewards ---> TOURGUIDESERVICE
getUserRewards ---> TOURGUIDESERVICE
getUserRewards ---> TOURGUIDESERVICE
getUserRewards ---> TOURGUIDESERVICE
getUserRewards ---> TOURGUIDESERVICE
getUserRewards ---> TOURGUIDESERVICE
getUserRewards ---> TOURGUIDESERVICE
getUserRewards ---> TOURGUIDESERVICE
getUserRewards ---> TOURGUIDESERVICE
getUserRewards ---> TOURGUIDESERVICE
getUserRewards ---> TOURGUIDESERVICE
getUserRewards ---> TOURGUIDESERVICE
getUserRewards ---> TOURGUIDESERVICE
getUserRewards ---> TOURGUIDESERVICE
getUserRewards ---> TOURGUIDESERVICE
getUserRewards ---> TOURGUIDESERVICE
getUserRewards ---> TOURGUIDESERVICE
getUserRewards ---> TOURGUIDESERVICE
getUserRewards ---> TOURGUIDESERVICE
getUserRewards ---> TOURGUIDESERVICE
getUserRewards ---> TOURGUIDESERVICE
getUserRewards ---> TOURGUIDESERVICE
getUserRewards ---> TOURGUIDESERVICE
getUserRewards ---> TOURGUIDESERVICE
getUserRewards ---> TOURGUIDESERVICE
getUserRewards ---> TOURGUIDESERVICE
getUserRewards ---> TOURGUIDESERVICE
getUserRewards ---> TOURGUIDESERVICE
getUserRewards ---> TOURGUIDESERVICE
getUserRewards ---> TOURGUIDESERVICE
getUserRewards ---> TOURGUIDESERVICE
getUserRewards ---> TOURGUIDESERVICE
getUserRewards ---> TOURGUIDESERVICE
getUserRewards ---> TOURGUIDESERVICE
getUserRewards ---> TOURGUIDESERVICE
getUserRewards ---> TOURGUIDESERVICE
getUserRewards ---> TOURGUIDESERVICE
getUserRewards ---> TOURGUIDESERVICE
getUserRewards ---> TOURGUIDESERVICE
getUserRewards ---> TOURGUIDESERVICE
getUserRewards ---> TOURGUIDESERVICE
getUserRewards ---> TOURGUIDESERVICE
getUserRewards ---> TOURGUIDESERVICE
getUserRewards ---> TOURGUIDESERVICE
getUserRewards ---> TOURGUIDESERVICE
getUserRewards ---> TOURGUIDESERVICE
getUserRewards ---> TOURGUIDESERVICE
getUserRewards ---> TOURGUIDESERVICE
getUserRewards ---> TOURGUIDESERVICE
getUserRewards ---> TOURGUIDESERVICE
getUserRewards ---> TOURGUIDESERVICE
getUserRewards ---> TOURGUIDESERVICE
getUserRewards ---> TOURGUIDESERVICE
getUserRewards ---> TOURGUIDESERVICE
getUserRewards ---> TOURGUIDESERVICE
getUserRewards ---> TOURGUIDESERVICE
getUserRewards ---> TOURGUIDESERVICE
getUserRewards ---> TOURGUIDESERVICE
getUserRewards ---> TOURGUIDESERVICE
getUserRewards ---> TOURGUIDESERVICE
getUserRewards ---> TOURGUIDESERVICE
getUserRewards ---> TOURGUIDESERVICE
getUserRewards ---> TOURGUIDESERVICE
getUserRewards ---> TOURGUIDESERVICE
getUserRewards ---> TOURGUIDESERVICE
getUserRewards ---> TOURGUIDESERVICE
getUserRewards ---> TOURGUIDESERVICE
getUserRewards ---> TOURGUIDESERVICE
getUserRewards ---> TOURGUIDESERVICE
getUserRewards ---> TOURGUIDESERVICE
getUserRewards ---> TOURGUIDESERVICE
getUserRewards ---> TOURGUIDESERVICE
getUserRewards ---> TOURGUIDESERVICE
getUserRewards ---> TOURGUIDESERVICE
getUserRewards ---> TOURGUIDESERVICE
getUserRewards ---> TOURGUIDESERVICE
getUserRewards ---> TOURGUIDESERVICE
getUserRewards ---> TOURGUIDESERVICE
getUserRewards ---> TOURGUIDESERVICE
getUserRewards ---> TOURGUIDESERVICE
getUserRewards ---> TOURGUIDESERVICE
getUserRewards ---> TOURGUIDESERVICE
getUserRewards ---> TOURGUIDESERVICE
getUserRewards ---> TOURGUIDESERVICE
getUserRewards ---> TOURGUIDESERVICE
getUserRewards ---> TOURGUIDESERVICE
getUserRewards ---> TOURGUIDESERVICE
getUserRewards ---> TOURGUIDESERVICE
getUserRewards ---> TOURGUIDESERVICE
getUserRewards ---> TOURGUIDESERVICE
getUserRewards ---> TOURGUIDESERVICE
getUserRewards ---> TOURGUIDESERVICE
getUserRewards ---> TOURGUIDESERVICE
getUserRewards ---> TOURGUIDESERVICE
getUserRewards ---> TOURGUIDESERVICE
getUserRewards ---> TOURGUIDESERVICE
getUserRewards ---> TOURGUIDESERVICE
getUserRewards ---> TOURGUIDESERVICE
getUserRewards ---> TOURGUIDESERVICE
getUserRewards ---> TOURGUIDESERVICE
getUserRewards ---> TOURGUIDESERVICE
getUserRewards ---> TOURGUIDESERVICE
getUserRewards ---> TOURGUIDESERVICE
getUserRewards ---> TOURGUIDESERVICE
getUserRewards ---> TOURGUIDESERVICE
getUserRewards ---> TOURGUIDESERVICE
getUserRewards ---> TOURGUIDESERVICE
getUserRewards ---> TOURGUIDESERVICE
getUserRewards ---> TOURGUIDESERVICE
getUserRewards ---> TOURGUIDESERVICE
getUserRewards ---> TOURGUIDESERVICE
getUserRewards ---> TOURGUIDESERVICE
getUserRewards ---> TOURGUIDESERVICE
getUserRewards ---> TOURGUIDESERVICE
getUserRewards ---> TOURGUIDESERVICE
getUserRewards ---> TOURGUIDESERVICE
getUserRewards ---> TOURGUIDESERVICE
getUserRewards ---> TOURGUIDESERVICE
getUserRewards ---> TOURGUIDESERVICE
getUserRewards ---> TOURGUIDESERVICE
getUserRewards ---> TOURGUIDESERVICE
getUserRewards ---> TOURGUIDESERVICE
getUserRewards ---> TOURGUIDESERVICE
getUserRewards ---> TOURGUIDESERVICE
getUserRewards ---> TOURGUIDESERVICE
getUserRewards ---> TOURGUIDESERVICE
getUserRewards ---> TOURGUIDESERVICE
getUserRewards ---> TOURGUIDESERVICE
getUserRewards ---> TOURGUIDESERVICE
getUserRewards ---> TOURGUIDESERVICE
getUserRewards ---> TOURGUIDESERVICE
getUserRewards ---> TOURGUIDESERVICE
getUserRewards ---> TOURGUIDESERVICE
getUserRewards ---> TOURGUIDESERVICE
getUserRewards ---> TOURGUIDESERVICE
getUserRewards ---> TOURGUIDESERVICE
getUserRewards ---> TOURGUIDESERVICE
getUserRewards ---> TOURGUIDESERVICE
getUserRewards ---> TOURGUIDESERVICE
getUserRewards ---> TOURGUIDESERVICE
getUserRewards ---> TOURGUIDESERVICE
getUserRewards ---> TOURGUIDESERVICE
getUserRewards ---> TOURGUIDESERVICE
getUserRewards ---> TOURGUIDESERVICE
getUserRewards ---> TOURGUIDESERVICE
getUserRewards ---> TOURGUIDESERVICE
getUserRewards ---> TOURGUIDESERVICE
getUserRewards ---> TOURGUIDESERVICE
getUserRewards ---> TOURGUIDESERVICE
getUserRewards ---> TOURGUIDESERVICE
getUserRewards ---> TOURGUIDESERVICE
getUserRewards ---> TOURGUIDESERVICE
getUserRewards ---> TOURGUIDESERVICE
getUserRewards ---> TOURGUIDESERVICE
getUserRewards ---> TOURGUIDESERVICE
getUserRewards ---> TOURGUIDESERVICE
getUserRewards ---> TOURGUIDESERVICE
getUserRewards ---> TOURGUIDESERVICE
getUserRewards ---> TOURGUIDESERVICE
getUserRewards ---> TOURGUIDESERVICE
getUserRewards ---> TOURGUIDESERVICE
getUserRewards ---> TOURGUIDESERVICE
getUserRewards ---> TOURGUIDESERVICE
getUserRewards ---> TOURGUIDESERVICE
getUserRewards ---> TOURGUIDESERVICE
getUserRewards ---> TOURGUIDESERVICE
getUserRewards ---> TOURGUIDESERVICE
getUserRewards ---> TOURGUIDESERVICE
getUserRewards ---> TOURGUIDESERVICE
getUserRewards ---> TOURGUIDESERVICE
getUserRewards ---> TOURGUIDESERVICE
getUserRewards ---> TOURGUIDESERVICE
getUserRewards ---> TOURGUIDESERVICE
getUserRewards ---> TOURGUIDESERVICE
getUserRewards ---> TOURGUIDESERVICE
getUserRewards ---> TOURGUIDESERVICE
getUserRewards ---> TOURGUIDESERVICE
getUserRewards ---> TOURGUIDESERVICE
getUserRewards ---> TOURGUIDESERVICE
getUserRewards ---> TOURGUIDESERVICE
getUserRewards ---> TOURGUIDESERVICE
getUserRewards ---> TOURGUIDESERVICE
getUserRewards ---> TOURGUIDESERVICE
getUserRewards ---> TOURGUIDESERVICE
getUserRewards ---> TOURGUIDESERVICE
getUserRewards ---> TOURGUIDESERVICE
getUserRewards ---> TOURGUIDESERVICE
getUserRewards ---> TOURGUIDESERVICE
getUserRewards ---> TOURGUIDESERVICE
getUserRewards ---> TOURGUIDESERVICE
getUserRewards ---> TOURGUIDESERVICE
getUserRewards ---> TOURGUIDESERVICE
getUserRewards ---> TOURGUIDESERVICE
getUserRewards ---> TOURGUIDESERVICE
getUserRewards ---> TOURGUIDESERVICE
getUserRewards ---> TOURGUIDESERVICE
getUserRewards ---> TOURGUIDESERVICE
getUserRewards ---> TOURGUIDESERVICE
getUserRewards ---> TOURGUIDESERVICE
getUserRewards ---> TOURGUIDESERVICE
getUserRewards ---> TOURGUIDESERVICE
getUserRewards ---> TOURGUIDESERVICE
getUserRewards ---> TOURGUIDESERVICE
getUserRewards ---> TOURGUIDESERVICE
getUserRewards ---> TOURGUIDESERVICE
getUserRewards ---> TOURGUIDESERVICE
getUserRewards ---> TOURGUIDESERVICE
getUserRewards ---> TOURGUIDESERVICE
getUserRewards ---> TOURGUIDESERVICE
getUserRewards ---> TOURGUIDESERVICE
getUserRewards ---> TOURGUIDESERVICE
getUserRewards ---> TOURGUIDESERVICE
getUserRewards ---> TOURGUIDESERVICE
getUserRewards ---> TOURGUIDESERVICE
getUserRewards ---> TOURGUIDESERVICE
getUserRewards ---> TOURGUIDESERVICE
getUserRewards ---> TOURGUIDESERVICE
getUserRewards ---> TOURGUIDESERVICE
getUserRewards ---> TOURGUIDESERVICE
getUserRewards ---> TOURGUIDESERVICE
getUserRewards ---> TOURGUIDESERVICE
getUserRewards ---> TOURGUIDESERVICE
getUserRewards ---> TOURGUIDESERVICE
getUserRewards ---> TOURGUIDESERVICE
getUserRewards ---> TOURGUIDESERVICE
getUserRewards ---> TOURGUIDESERVICE
getUserRewards ---> TOURGUIDESERVICE
getUserRewards ---> TOURGUIDESERVICE
getUserRewards ---> TOURGUIDESERVICE
getUserRewards ---> TOURGUIDESERVICE
getUserRewards ---> TOURGUIDESERVICE
getUserRewards ---> TOURGUIDESERVICE
getUserRewards ---> TOURGUIDESERVICE
getUserRewards ---> TOURGUIDESERVICE
getUserRewards ---> TOURGUIDESERVICE
getUserRewards ---> TOURGUIDESERVICE
getUserRewards ---> TOURGUIDESERVICE
getUserRewards ---> TOURGUIDESERVICE
getUserRewards ---> TOURGUIDESERVICE
getUserRewards ---> TOURGUIDESERVICE
getUserRewards ---> TOURGUIDESERVICE
getUserRewards ---> TOURGUIDESERVICE
getUserRewards ---> TOURGUIDESERVICE
getUserRewards ---> TOURGUIDESERVICE
getUserRewards ---> TOURGUIDESERVICE
getUserRewards ---> TOURGUIDESERVICE
getUserRewards ---> TOURGUIDESERVICE
getUserRewards ---> TOURGUIDESERVICE
getUserRewards ---> TOURGUIDESERVICE
getUserRewards ---> TOURGUIDESERVICE
getUserRewards ---> TOURGUIDESERVICE
getUserRewards ---> TOURGUIDESERVICE
getUserRewards ---> TOURGUIDESERVICE
getUserRewards ---> TOURGUIDESERVICE
getUserRewards ---> TOURGUIDESERVICE
getUserRewards ---> TOURGUIDESERVICE
getUserRewards ---> TOURGUIDESERVICE
getUserRewards ---> TOURGUIDESERVICE
getUserRewards ---> TOURGUIDESERVICE
getUserRewards ---> TOURGUIDESERVICE
getUserRewards ---> TOURGUIDESERVICE
getUserRewards ---> TOURGUIDESERVICE
getUserRewards ---> TOURGUIDESERVICE
getUserRewards ---> TOURGUIDESERVICE
getUserRewards ---> TOURGUIDESERVICE
getUserRewards ---> TOURGUIDESERVICE
getUserRewards ---> TOURGUIDESERVICE
getUserRewards ---> TOURGUIDESERVICE
getUserRewards ---> TOURGUIDESERVICE
getUserRewards ---> TOURGUIDESERVICE
getUserRewards ---> TOURGUIDESERVICE
getUserRewards ---> TOURGUIDESERVICE
getUserRewards ---> TOURGUIDESERVICE
getUserRewards ---> TOURGUIDESERVICE
getUserRewards ---> TOURGUIDESERVICE
getUserRewards ---> TOURGUIDESERVICE
getUserRewards ---> TOURGUIDESERVICE
getUserRewards ---> TOURGUIDESERVICE
getUserRewards ---> TOURGUIDESERVICE
getUserRewards ---> TOURGUIDESERVICE
getUserRewards ---> TOURGUIDESERVICE
getUserRewards ---> TOURGUIDESERVICE
getUserRewards ---> TOURGUIDESERVICE
getUserRewards ---> TOURGUIDESERVICE
getUserRewards ---> TOURGUIDESERVICE
getUserRewards ---> TOURGUIDESERVICE
getUserRewards ---> TOURGUIDESERVICE
getUserRewards ---> TOURGUIDESERVICE
getUserRewards ---> TOURGUIDESERVICE
getUserRewards ---> TOURGUIDESERVICE
getUserRewards ---> TOURGUIDESERVICE
getUserRewards ---> TOURGUIDESERVICE
getUserRewards ---> TOURGUIDESERVICE
getUserRewards ---> TOURGUIDESERVICE
getUserRewards ---> TOURGUIDESERVICE
getUserRewards ---> TOURGUIDESERVICE
getUserRewards ---> TOURGUIDESERVICE
getUserRewards ---> TOURGUIDESERVICE
getUserRewards ---> TOURGUIDESERVICE
getUserRewards ---> TOURGUIDESERVICE
getUserRewards ---> TOURGUIDESERVICE
getUserRewards ---> TOURGUIDESERVICE
getUserRewards ---> TOURGUIDESERVICE
getUserRewards ---> TOURGUIDESERVICE
getUserRewards ---> TOURGUIDESERVICE
getUserRewards ---> TOURGUIDESERVICE
getUserRewards ---> TOURGUIDESERVICE
getUserRewards ---> TOURGUIDESERVICE
getUserRewards ---> TOURGUIDESERVICE
getUserRewards ---> TOURGUIDESERVICE
getUserRewards ---> TOURGUIDESERVICE
getUserRewards ---> TOURGUIDESERVICE
getUserRewards ---> TOURGUIDESERVICE
getUserRewards ---> TOURGUIDESERVICE
getUserRewards ---> TOURGUIDESERVICE
getUserRewards ---> TOURGUIDESERVICE
getUserRewards ---> TOURGUIDESERVICE
getUserRewards ---> TOURGUIDESERVICE
getUserRewards ---> TOURGUIDESERVICE
getUserRewards ---> TOURGUIDESERVICE
getUserRewards ---> TOURGUIDESERVICE
getUserRewards ---> TOURGUIDESERVICE
getUserRewards ---> TOURGUIDESERVICE
getUserRewards ---> TOURGUIDESERVICE
getUserRewards ---> TOURGUIDESERVICE
getUserRewards ---> TOURGUIDESERVICE
getUserRewards ---> TOURGUIDESERVICE
getUserRewards ---> TOURGUIDESERVICE
getUserRewards ---> TOURGUIDESERVICE
getUserRewards ---> TOURGUIDESERVICE
getUserRewards ---> TOURGUIDESERVICE
getUserRewards ---> TOURGUIDESERVICE
getUserRewards ---> TOURGUIDESERVICE
getUserRewards ---> TOURGUIDESERVICE
getUserRewards ---> TOURGUIDESERVICE
getUserRewards ---> TOURGUIDESERVICE
getUserRewards ---> TOURGUIDESERVICE
getUserRewards ---> TOURGUIDESERVICE
getUserRewards ---> TOURGUIDESERVICE
getUserRewards ---> TOURGUIDESERVICE
getUserRewards ---> TOURGUIDESERVICE
getUserRewards ---> TOURGUIDESERVICE
getUserRewards ---> TOURGUIDESERVICE
getUserRewards ---> TOURGUIDESERVICE
getUserRewards ---> TOURGUIDESERVICE
getUserRewards ---> TOURGUIDESERVICE
getUserRewards ---> TOURGUIDESERVICE
getUserRewards ---> TOURGUIDESERVICE
getUserRewards ---> TOURGUIDESERVICE
getUserRewards ---> TOURGUIDESERVICE
getUserRewards ---> TOURGUIDESERVICE
getUserRewards ---> TOURGUIDESERVICE
getUserRewards ---> TOURGUIDESERVICE
getUserRewards ---> TOURGUIDESERVICE
getUserRewards ---> TOURGUIDESERVICE
getUserRewards ---> TOURGUIDESERVICE
getUserRewards ---> TOURGUIDESERVICE
getUserRewards ---> TOURGUIDESERVICE
getUserRewards ---> TOURGUIDESERVICE
getUserRewards ---> TOURGUIDESERVICE
getUserRewards ---> TOURGUIDESERVICE
getUserRewards ---> TOURGUIDESERVICE
getUserRewards ---> TOURGUIDESERVICE
getUserRewards ---> TOURGUIDESERVICE
getUserRewards ---> TOURGUIDESERVICE
getUserRewards ---> TOURGUIDESERVICE
getUserRewards ---> TOURGUIDESERVICE
getUserRewards ---> TOURGUIDESERVICE
getUserRewards ---> TOURGUIDESERVICE
getUserRewards ---> TOURGUIDESERVICE
getUserRewards ---> TOURGUIDESERVICE
getUserRewards ---> TOURGUIDESERVICE
getUserRewards ---> TOURGUIDESERVICE
getUserRewards ---> TOURGUIDESERVICE
getUserRewards ---> TOURGUIDESERVICE
getUserRewards ---> TOURGUIDESERVICE
getUserRewards ---> TOURGUIDESERVICE
getUserRewards ---> TOURGUIDESERVICE
getUserRewards ---> TOURGUIDESERVICE
getUserRewards ---> TOURGUIDESERVICE
getUserRewards ---> TOURGUIDESERVICE
getUserRewards ---> TOURGUIDESERVICE
getUserRewards ---> TOURGUIDESERVICE
getUserRewards ---> TOURGUIDESERVICE
getUserRewards ---> TOURGUIDESERVICE
getUserRewards ---> TOURGUIDESERVICE
getUserRewards ---> TOURGUIDESERVICE
getUserRewards ---> TOURGUIDESERVICE
getUserRewards ---> TOURGUIDESERVICE
getUserRewards ---> TOURGUIDESERVICE
getUserRewards ---> TOURGUIDESERVICE
getUserRewards ---> TOURGUIDESERVICE
getUserRewards ---> TOURGUIDESERVICE
getUserRewards ---> TOURGUIDESERVICE
getUserRewards ---> TOURGUIDESERVICE
getUserRewards ---> TOURGUIDESERVICE
getUserRewards ---> TOURGUIDESERVICE
getUserRewards ---> TOURGUIDESERVICE
getUserRewards ---> TOURGUIDESERVICE
getUserRewards ---> TOURGUIDESERVICE
getUserRewards ---> TOURGUIDESERVICE
getUserRewards ---> TOURGUIDESERVICE
getUserRewards ---> TOURGUIDESERVICE
getUserRewards ---> TOURGUIDESERVICE
getUserRewards ---> TOURGUIDESERVICE
getUserRewards ---> TOURGUIDESERVICE
getUserRewards ---> TOURGUIDESERVICE
getUserRewards ---> TOURGUIDESERVICE
getUserRewards ---> TOURGUIDESERVICE
getUserRewards ---> TOURGUIDESERVICE
getUserRewards ---> TOURGUIDESERVICE
getUserRewards ---> TOURGUIDESERVICE
getUserRewards ---> TOURGUIDESERVICE
getUserRewards ---> TOURGUIDESERVICE
getUserRewards ---> TOURGUIDESERVICE
getUserRewards ---> TOURGUIDESERVICE
getUserRewards ---> TOURGUIDESERVICE
getUserRewards ---> TOURGUIDESERVICE
getUserRewards ---> TOURGUIDESERVICE
getUserRewards ---> TOURGUIDESERVICE
getUserRewards ---> TOURGUIDESERVICE
getUserRewards ---> TOURGUIDESERVICE
getUserRewards ---> TOURGUIDESERVICE
getUserRewards ---> TOURGUIDESERVICE
getUserRewards ---> TOURGUIDESERVICE
getUserRewards ---> TOURGUIDESERVICE
getUserRewards ---> TOURGUIDESERVICE
getUserRewards ---> TOURGUIDESERVICE
getUserRewards ---> TOURGUIDESERVICE
getUserRewards ---> TOURGUIDESERVICE
getUserRewards ---> TOURGUIDESERVICE
getUserRewards ---> TOURGUIDESERVICE
getUserRewards ---> TOURGUIDESERVICE
getUserRewards ---> TOURGUIDESERVICE
getUserRewards ---> TOURGUIDESERVICE
getUserRewards ---> TOURGUIDESERVICE
getUserRewards ---> TOURGUIDESERVICE
getUserRewards ---> TOURGUIDESERVICE
getUserRewards ---> TOURGUIDESERVICE
getUserRewards ---> TOURGUIDESERVICE
getUserRewards ---> TOURGUIDESERVICE
getUserRewards ---> TOURGUIDESERVICE
getUserRewards ---> TOURGUIDESERVICE
getUserRewards ---> TOURGUIDESERVICE
getUserRewards ---> TOURGUIDESERVICE
getUserRewards ---> TOURGUIDESERVICE
getUserRewards ---> TOURGUIDESERVICE
getUserRewards ---> TOURGUIDESERVICE
getUserRewards ---> TOURGUIDESERVICE
getUserRewards ---> TOURGUIDESERVICE
getUserRewards ---> TOURGUIDESERVICE
getUserRewards ---> TOURGUIDESERVICE
getUserRewards ---> TOURGUIDESERVICE
getUserRewards ---> TOURGUIDESERVICE
getUserRewards ---> TOURGUIDESERVICE
getUserRewards ---> TOURGUIDESERVICE
getUserRewards ---> TOURGUIDESERVICE
getUserRewards ---> TOURGUIDESERVICE
getUserRewards ---> TOURGUIDESERVICE
getUserRewards ---> TOURGUIDESERVICE
getUserRewards ---> TOURGUIDESERVICE
getUserRewards ---> TOURGUIDESERVICE
getUserRewards ---> TOURGUIDESERVICE
getUserRewards ---> TOURGUIDESERVICE
getUserRewards ---> TOURGUIDESERVICE
getUserRewards ---> TOURGUIDESERVICE
getUserRewards ---> TOURGUIDESERVICE
getUserRewards ---> TOURGUIDESERVICE
getUserRewards ---> TOURGUIDESERVICE
getUserRewards ---> TOURGUIDESERVICE
getUserRewards ---> TOURGUIDESERVICE
getUserRewards ---> TOURGUIDESERVICE
getUserRewards ---> TOURGUIDESERVICE
getUserRewards ---> TOURGUIDESERVICE
getUserRewards ---> TOURGUIDESERVICE
getUserRewards ---> TOURGUIDESERVICE
getUserRewards ---> TOURGUIDESERVICE
getUserRewards ---> TOURGUIDESERVICE
getUserRewards ---> TOURGUIDESERVICE
getUserRewards ---> TOURGUIDESERVICE
getUserRewards ---> TOURGUIDESERVICE
getUserRewards ---> TOURGUIDESERVICE
getUserRewards ---> TOURGUIDESERVICE
getUserRewards ---> TOURGUIDESERVICE
getUserRewards ---> TOURGUIDESERVICE
getUserRewards ---> TOURGUIDESERVICE
getUserRewards ---> TOURGUIDESERVICE
getUserRewards ---> TOURGUIDESERVICE
getUserRewards ---> TOURGUIDESERVICE
getUserRewards ---> TOURGUIDESERVICE
getUserRewards ---> TOURGUIDESERVICE
getUserRewards ---> TOURGUIDESERVICE
getUserRewards ---> TOURGUIDESERVICE
getUserRewards ---> TOURGUIDESERVICE
getUserRewards ---> TOURGUIDESERVICE
getUserRewards ---> TOURGUIDESERVICE
getUserRewards ---> TOURGUIDESERVICE
getUserRewards ---> TOURGUIDESERVICE
getUserRewards ---> TOURGUIDESERVICE
getUserRewards ---> TOURGUIDESERVICE
getUserRewards ---> TOURGUIDESERVICE
getUserRewards ---> TOURGUIDESERVICE
getUserRewards ---> TOURGUIDESERVICE
getUserRewards ---> TOURGUIDESERVICE
getUserRewards ---> TOURGUIDESERVICE
getUserRewards ---> TOURGUIDESERVICE
getUserRewards ---> TOURGUIDESERVICE
getUserRewards ---> TOURGUIDESERVICE
getUserRewards ---> TOURGUIDESERVICE
getUserRewards ---> TOURGUIDESERVICE
getUserRewards ---> TOURGUIDESERVICE
getUserRewards ---> TOURGUIDESERVICE
getUserRewards ---> TOURGUIDESERVICE
getUserRewards ---> TOURGUIDESERVICE
getUserRewards ---> TOURGUIDESERVICE
getUserRewards ---> TOURGUIDESERVICE
getUserRewards ---> TOURGUIDESERVICE
getUserRewards ---> TOURGUIDESERVICE
getUserRewards ---> TOURGUIDESERVICE
getUserRewards ---> TOURGUIDESERVICE
getUserRewards ---> TOURGUIDESERVICE
getUserRewards ---> TOURGUIDESERVICE
getUserRewards ---> TOURGUIDESERVICE
getUserRewards ---> TOURGUIDESERVICE
getUserRewards ---> TOURGUIDESERVICE
getUserRewards ---> TOURGUIDESERVICE
getUserRewards ---> TOURGUIDESERVICE
getUserRewards ---> TOURGUIDESERVICE
getUserRewards ---> TOURGUIDESERVICE
getUserRewards ---> TOURGUIDESERVICE
getUserRewards ---> TOURGUIDESERVICE
getUserRewards ---> TOURGUIDESERVICE
getUserRewards ---> TOURGUIDESERVICE
getUserRewards ---> TOURGUIDESERVICE
getUserRewards ---> TOURGUIDESERVICE
getUserRewards ---> TOURGUIDESERVICE
getUserRewards ---> TOURGUIDESERVICE
getUserRewards ---> TOURGUIDESERVICE
getUserRewards ---> TOURGUIDESERVICE
getUserRewards ---> TOURGUIDESERVICE
getUserRewards ---> TOURGUIDESERVICE
getUserRewards ---> TOURGUIDESERVICE
getUserRewards ---> TOURGUIDESERVICE
getUserRewards ---> TOURGUIDESERVICE
getUserRewards ---> TOURGUIDESERVICE
getUserRewards ---> TOURGUIDESERVICE
getUserRewards ---> TOURGUIDESERVICE
getUserRewards ---> TOURGUIDESERVICE
getUserRewards ---> TOURGUIDESERVICE
getUserRewards ---> TOURGUIDESERVICE
getUserRewards ---> TOURGUIDESERVICE
getUserRewards ---> TOURGUIDESERVICE
getUserRewards ---> TOURGUIDESERVICE
getUserRewards ---> TOURGUIDESERVICE
getUserRewards ---> TOURGUIDESERVICE
getUserRewards ---> TOURGUIDESERVICE
getUserRewards ---> TOURGUIDESERVICE
getUserRewards ---> TOURGUIDESERVICE
getUserRewards ---> TOURGUIDESERVICE
getUserRewards ---> TOURGUIDESERVICE
getUserRewards ---> TOURGUIDESERVICE
getUserRewards ---> TOURGUIDESERVICE
getUserRewards ---> TOURGUIDESERVICE
getUserRewards ---> TOURGUIDESERVICE
getUserRewards ---> TOURGUIDESERVICE
getUserRewards ---> TOURGUIDESERVICE
getUserRewards ---> TOURGUIDESERVICE
getUserRewards ---> TOURGUIDESERVICE
getUserRewards ---> TOURGUIDESERVICE
getUserRewards ---> TOURGUIDESERVICE
getUserRewards ---> TOURGUIDESERVICE
getUserRewards ---> TOURGUIDESERVICE
getUserRewards ---> TOURGUIDESERVICE
getUserRewards ---> TOURGUIDESERVICE
getUserRewards ---> TOURGUIDESERVICE
getUserRewards ---> TOURGUIDESERVICE
getUserRewards ---> TOURGUIDESERVICE
getUserRewards ---> TOURGUIDESERVICE
getUserRewards ---> TOURGUIDESERVICE
getUserRewards ---> TOURGUIDESERVICE
getUserRewards ---> TOURGUIDESERVICE
getUserRewards ---> TOURGUIDESERVICE
getUserRewards ---> TOURGUIDESERVICE
getUserRewards ---> TOURGUIDESERVICE
getUserRewards ---> TOURGUIDESERVICE
getUserRewards ---> TOURGUIDESERVICE
getUserRewards ---> TOURGUIDESERVICE
getUserRewards ---> TOURGUIDESERVICE
getUserRewards ---> TOURGUIDESERVICE
getUserRewards ---> TOURGUIDESERVICE
getUserRewards ---> TOURGUIDESERVICE
getUserRewards ---> TOURGUIDESERVICE
getUserRewards ---> TOURGUIDESERVICE
getUserRewards ---> TOURGUIDESERVICE
getUserRewards ---> TOURGUIDESERVICE
getUserRewards ---> TOURGUIDESERVICE
getUserRewards ---> TOURGUIDESERVICE
getUserRewards ---> TOURGUIDESERVICE
getUserRewards ---> TOURGUIDESERVICE
getUserRewards ---> TOURGUIDESERVICE
getUserRewards ---> TOURGUIDESERVICE
getUserRewards ---> TOURGUIDESERVICE
getUserRewards ---> TOURGUIDESERVICE
getUserRewards ---> TOURGUIDESERVICE
getUserRewards ---> TOURGUIDESERVICE
getUserRewards ---> TOURGUIDESERVICE
getUserRewards ---> TOURGUIDESERVICE
getUserRewards ---> TOURGUIDESERVICE
getUserRewards ---> TOURGUIDESERVICE
getUserRewards ---> TOURGUIDESERVICE
getUserRewards ---> TOURGUIDESERVICE
getUserRewards ---> TOURGUIDESERVICE
getUserRewards ---> TOURGUIDESERVICE
getUserRewards ---> TOURGUIDESERVICE
getUserRewards ---> TOURGUIDESERVICE
getUserRewards ---> TOURGUIDESERVICE
getUserRewards ---> TOURGUIDESERVICE
getUserRewards ---> TOURGUIDESERVICE
getUserRewards ---> TOURGUIDESERVICE
getUserRewards ---> TOURGUIDESERVICE
getUserRewards ---> TOURGUIDESERVICE
getUserRewards ---> TOURGUIDESERVICE
getUserRewards ---> TOURGUIDESERVICE
getUserRewards ---> TOURGUIDESERVICE
getUserRewards ---> TOURGUIDESERVICE
getUserRewards ---> TOURGUIDESERVICE
getUserRewards ---> TOURGUIDESERVICE
getUserRewards ---> TOURGUIDESERVICE
getUserRewards ---> TOURGUIDESERVICE
getUserRewards ---> TOURGUIDESERVICE
getUserRewards ---> TOURGUIDESERVICE
getUserRewards ---> TOURGUIDESERVICE
getUserRewards ---> TOURGUIDESERVICE
getUserRewards ---> TOURGUIDESERVICE
getUserRewards ---> TOURGUIDESERVICE
getUserRewards ---> TOURGUIDESERVICE
getUserRewards ---> TOURGUIDESERVICE
getUserRewards ---> TOURGUIDESERVICE
getUserRewards ---> TOURGUIDESERVICE
getUserRewards ---> TOURGUIDESERVICE
getUserRewards ---> TOURGUIDESERVICE
getUserRewards ---> TOURGUIDESERVICE
getUserRewards ---> TOURGUIDESERVICE
getUserRewards ---> TOURGUIDESERVICE
getUserRewards ---> TOURGUIDESERVICE
getUserRewards ---> TOURGUIDESERVICE
getUserRewards ---> TOURGUIDESERVICE
getUserRewards ---> TOURGUIDESERVICE
getUserRewards ---> TOURGUIDESERVICE
getUserRewards ---> TOURGUIDESERVICE
getUserRewards ---> TOURGUIDESERVICE
getUserRewards ---> TOURGUIDESERVICE
getUserRewards ---> TOURGUIDESERVICE
getUserRewards ---> TOURGUIDESERVICE
getUserRewards ---> TOURGUIDESERVICE
getUserRewards ---> TOURGUIDESERVICE
getUserRewards ---> TOURGUIDESERVICE
getUserRewards ---> TOURGUIDESERVICE
getUserRewards ---> TOURGUIDESERVICE
getUserRewards ---> TOURGUIDESERVICE
getUserRewards ---> TOURGUIDESERVICE
getUserRewards ---> TOURGUIDESERVICE
getUserRewards ---> TOURGUIDESERVICE
getUserRewards ---> TOURGUIDESERVICE
getUserRewards ---> TOURGUIDESERVICE
getUserRewards ---> TOURGUIDESERVICE
getUserRewards ---> TOURGUIDESERVICE
getUserRewards ---> TOURGUIDESERVICE
getUserRewards ---> TOURGUIDESERVICE
getUserRewards ---> TOURGUIDESERVICE
getUserRewards ---> TOURGUIDESERVICE
getUserRewards ---> TOURGUIDESERVICE
getUserRewards ---> TOURGUIDESERVICE
getUserRewards ---> TOURGUIDESERVICE
getUserRewards ---> TOURGUIDESERVICE
getUserRewards ---> TOURGUIDESERVICE
getUserRewards ---> TOURGUIDESERVICE
getUserRewards ---> TOURGUIDESERVICE
getUserRewards ---> TOURGUIDESERVICE
getUserRewards ---> TOURGUIDESERVICE
getUserRewards ---> TOURGUIDESERVICE
getUserRewards ---> TOURGUIDESERVICE
getUserRewards ---> TOURGUIDESERVICE
getUserRewards ---> TOURGUIDESERVICE
getUserRewards ---> TOURGUIDESERVICE
getUserRewards ---> TOURGUIDESERVICE
getUserRewards ---> TOURGUIDESERVICE
getUserRewards ---> TOURGUIDESERVICE
getUserRewards ---> TOURGUIDESERVICE
getUserRewards ---> TOURGUIDESERVICE
getUserRewards ---> TOURGUIDESERVICE
getUserRewards ---> TOURGUIDESERVICE
getUserRewards ---> TOURGUIDESERVICE
getUserRewards ---> TOURGUIDESERVICE
getUserRewards ---> TOURGUIDESERVICE
getUserRewards ---> TOURGUIDESERVICE
getUserRewards ---> TOURGUIDESERVICE
getUserRewards ---> TOURGUIDESERVICE
getUserRewards ---> TOURGUIDESERVICE
getUserRewards ---> TOURGUIDESERVICE
getUserRewards ---> TOURGUIDESERVICE
getUserRewards ---> TOURGUIDESERVICE
getUserRewards ---> TOURGUIDESERVICE
getUserRewards ---> TOURGUIDESERVICE
getUserRewards ---> TOURGUIDESERVICE
getUserRewards ---> TOURGUIDESERVICE
getUserRewards ---> TOURGUIDESERVICE
getUserRewards ---> TOURGUIDESERVICE
getUserRewards ---> TOURGUIDESERVICE
getUserRewards ---> TOURGUIDESERVICE
getUserRewards ---> TOURGUIDESERVICE
getUserRewards ---> TOURGUIDESERVICE
getUserRewards ---> TOURGUIDESERVICE
getUserRewards ---> TOURGUIDESERVICE
getUserRewards ---> TOURGUIDESERVICE
getUserRewards ---> TOURGUIDESERVICE
getUserRewards ---> TOURGUIDESERVICE
getUserRewards ---> TOURGUIDESERVICE
getUserRewards ---> TOURGUIDESERVICE
getUserRewards ---> TOURGUIDESERVICE
getUserRewards ---> TOURGUIDESERVICE
getUserRewards ---> TOURGUIDESERVICE
getUserRewards ---> TOURGUIDESERVICE
getUserRewards ---> TOURGUIDESERVICE
getUserRewards ---> TOURGUIDESERVICE
getUserRewards ---> TOURGUIDESERVICE
getUserRewards ---> TOURGUIDESERVICE
getUserRewards ---> TOURGUIDESERVICE
getUserRewards ---> TOURGUIDESERVICE
getUserRewards ---> TOURGUIDESERVICE
getUserRewards ---> TOURGUIDESERVICE
getUserRewards ---> TOURGUIDESERVICE
getUserRewards ---> TOURGUIDESERVICE
getUserRewards ---> TOURGUIDESERVICE
getUserRewards ---> TOURGUIDESERVICE
getUserRewards ---> TOURGUIDESERVICE
getUserRewards ---> TOURGUIDESERVICE
getUserRewards ---> TOURGUIDESERVICE
getUserRewards ---> TOURGUIDESERVICE
getUserRewards ---> TOURGUIDESERVICE
getUserRewards ---> TOURGUIDESERVICE
getUserRewards ---> TOURGUIDESERVICE
getUserRewards ---> TOURGUIDESERVICE
getUserRewards ---> TOURGUIDESERVICE
getUserRewards ---> TOURGUIDESERVICE
getUserRewards ---> TOURGUIDESERVICE
getUserRewards ---> TOURGUIDESERVICE
getUserRewards ---> TOURGUIDESERVICE
getUserRewards ---> TOURGUIDESERVICE
getUserRewards ---> TOURGUIDESERVICE
getUserRewards ---> TOURGUIDESERVICE
getUserRewards ---> TOURGUIDESERVICE
getUserRewards ---> TOURGUIDESERVICE
getUserRewards ---> TOURGUIDESERVICE
getUserRewards ---> TOURGUIDESERVICE
getUserRewards ---> TOURGUIDESERVICE
getUserRewards ---> TOURGUIDESERVICE
getUserRewards ---> TOURGUIDESERVICE
getUserRewards ---> TOURGUIDESERVICE
getUserRewards ---> TOURGUIDESERVICE
getUserRewards ---> TOURGUIDESERVICE
getUserRewards ---> TOURGUIDESERVICE
getUserRewards ---> TOURGUIDESERVICE
getUserRewards ---> TOURGUIDESERVICE
getUserRewards ---> TOURGUIDESERVICE
getUserRewards ---> TOURGUIDESERVICE
getUserRewards ---> TOURGUIDESERVICE
getUserRewards ---> TOURGUIDESERVICE
getUserRewards ---> TOURGUIDESERVICE
getUserRewards ---> TOURGUIDESERVICE
getUserRewards ---> TOURGUIDESERVICE
getUserRewards ---> TOURGUIDESERVICE
getUserRewards ---> TOURGUIDESERVICE
getUserRewards ---> TOURGUIDESERVICE
getUserRewards ---> TOURGUIDESERVICE
getUserRewards ---> TOURGUIDESERVICE
getUserRewards ---> TOURGUIDESERVICE
getUserRewards ---> TOURGUIDESERVICE
getUserRewards ---> TOURGUIDESERVICE
getUserRewards ---> TOURGUIDESERVICE
getUserRewards ---> TOURGUIDESERVICE
getUserRewards ---> TOURGUIDESERVICE
getUserRewards ---> TOURGUIDESERVICE
getUserRewards ---> TOURGUIDESERVICE
getUserRewards ---> TOURGUIDESERVICE
getUserRewards ---> TOURGUIDESERVICE
getUserRewards ---> TOURGUIDESERVICE
getUserRewards ---> TOURGUIDESERVICE
getUserRewards ---> TOURGUIDESERVICE
getUserRewards ---> TOURGUIDESERVICE
getUserRewards ---> TOURGUIDESERVICE
getUserRewards ---> TOURGUIDESERVICE
getUserRewards ---> TOURGUIDESERVICE
getUserRewards ---> TOURGUIDESERVICE
getUserRewards ---> TOURGUIDESERVICE
getUserRewards ---> TOURGUIDESERVICE
getUserRewards ---> TOURGUIDESERVICE
getUserRewards ---> TOURGUIDESERVICE
getUserRewards ---> TOURGUIDESERVICE
getUserRewards ---> TOURGUIDESERVICE
getUserRewards ---> TOURGUIDESERVICE
getUserRewards ---> TOURGUIDESERVICE
getUserRewards ---> TOURGUIDESERVICE
getUserRewards ---> TOURGUIDESERVICE
getUserRewards ---> TOURGUIDESERVICE
getUserRewards ---> TOURGUIDESERVICE
getUserRewards ---> TOURGUIDESERVICE
getUserRewards ---> TOURGUIDESERVICE
getUserRewards ---> TOURGUIDESERVICE
getUserRewards ---> TOURGUIDESERVICE
getUserRewards ---> TOURGUIDESERVICE
getUserRewards ---> TOURGUIDESERVICE
getUserRewards ---> TOURGUIDESERVICE
getUserRewards ---> TOURGUIDESERVICE
getUserRewards ---> TOURGUIDESERVICE
getUserRewards ---> TOURGUIDESERVICE
getUserRewards ---> TOURGUIDESERVICE
getUserRewards ---> TOURGUIDESERVICE
getUserRewards ---> TOURGUIDESERVICE
getUserRewards ---> TOURGUIDESERVICE
getUserRewards ---> TOURGUIDESERVICE
getUserRewards ---> TOURGUIDESERVICE
getUserRewards ---> TOURGUIDESERVICE
getUserRewards ---> TOURGUIDESERVICE
getUserRewards ---> TOURGUIDESERVICE
getUserRewards ---> TOURGUIDESERVICE
getUserRewards ---> TOURGUIDESERVICE
getUserRewards ---> TOURGUIDESERVICE
getUserRewards ---> TOURGUIDESERVICE
getUserRewards ---> TOURGUIDESERVICE
getUserRewards ---> TOURGUIDESERVICE
getUserRewards ---> TOURGUIDESERVICE
getUserRewards ---> TOURGUIDESERVICE
getUserRewards ---> TOURGUIDESERVICE
getUserRewards ---> TOURGUIDESERVICE
getUserRewards ---> TOURGUIDESERVICE
getUserRewards ---> TOURGUIDESERVICE
getUserRewards ---> TOURGUIDESERVICE
getUserRewards ---> TOURGUIDESERVICE
getUserRewards ---> TOURGUIDESERVICE
getUserRewards ---> TOURGUIDESERVICE
getUserRewards ---> TOURGUIDESERVICE
getUserRewards ---> TOURGUIDESERVICE
getUserRewards ---> TOURGUIDESERVICE
getUserRewards ---> TOURGUIDESERVICE
getUserRewards ---> TOURGUIDESERVICE
getUserRewards ---> TOURGUIDESERVICE
getUserRewards ---> TOURGUIDESERVICE
getUserRewards ---> TOURGUIDESERVICE
getUserRewards ---> TOURGUIDESERVICE
getUserRewards ---> TOURGUIDESERVICE
getUserRewards ---> TOURGUIDESERVICE
getUserRewards ---> TOURGUIDESERVICE
getUserRewards ---> TOURGUIDESERVICE
getUserRewards ---> TOURGUIDESERVICE
getUserRewards ---> TOURGUIDESERVICE
getUserRewards ---> TOURGUIDESERVICE
getUserRewards ---> TOURGUIDESERVICE
getUserRewards ---> TOURGUIDESERVICE
getUserRewards ---> TOURGUIDESERVICE
getUserRewards ---> TOURGUIDESERVICE
getUserRewards ---> TOURGUIDESERVICE
getUserRewards ---> TOURGUIDESERVICE
getUserRewards ---> TOURGUIDESERVICE
getUserRewards ---> TOURGUIDESERVICE
getUserRewards ---> TOURGUIDESERVICE
getUserRewards ---> TOURGUIDESERVICE
getUserRewards ---> TOURGUIDESERVICE
getUserRewards ---> TOURGUIDESERVICE
getUserRewards ---> TOURGUIDESERVICE
getUserRewards ---> TOURGUIDESERVICE
getUserRewards ---> TOURGUIDESERVICE
getUserRewards ---> TOURGUIDESERVICE
getUserRewards ---> TOURGUIDESERVICE
getUserRewards ---> TOURGUIDESERVICE
getUserRewards ---> TOURGUIDESERVICE
getUserRewards ---> TOURGUIDESERVICE
getUserRewards ---> TOURGUIDESERVICE
getUserRewards ---> TOURGUIDESERVICE
getUserRewards ---> TOURGUIDESERVICE
getUserRewards ---> TOURGUIDESERVICE
getUserRewards ---> TOURGUIDESERVICE
getUserRewards ---> TOURGUIDESERVICE
getUserRewards ---> TOURGUIDESERVICE
getUserRewards ---> TOURGUIDESERVICE
getUserRewards ---> TOURGUIDESERVICE
getUserRewards ---> TOURGUIDESERVICE
getUserRewards ---> TOURGUIDESERVICE
getUserRewards ---> TOURGUIDESERVICE
getUserRewards ---> TOURGUIDESERVICE
getUserRewards ---> TOURGUIDESERVICE
getUserRewards ---> TOURGUIDESERVICE
getUserRewards ---> TOURGUIDESERVICE
getUserRewards ---> TOURGUIDESERVICE
getUserRewards ---> TOURGUIDESERVICE
getUserRewards ---> TOURGUIDESERVICE
getUserRewards ---> TOURGUIDESERVICE
getUserRewards ---> TOURGUIDESERVICE
getUserRewards ---> TOURGUIDESERVICE
getUserRewards ---> TOURGUIDESERVICE
getUserRewards ---> TOURGUIDESERVICE
getUserRewards ---> TOURGUIDESERVICE
getUserRewards ---> TOURGUIDESERVICE
getUserRewards ---> TOURGUIDESERVICE
getUserRewards ---> TOURGUIDESERVICE
getUserRewards ---> TOURGUIDESERVICE
getUserRewards ---> TOURGUIDESERVICE
getUserRewards ---> TOURGUIDESERVICE
getUserRewards ---> TOURGUIDESERVICE
getUserRewards ---> TOURGUIDESERVICE
getUserRewards ---> TOURGUIDESERVICE
getUserRewards ---> TOURGUIDESERVICE
getUserRewards ---> TOURGUIDESERVICE
getUserRewards ---> TOURGUIDESERVICE
getUserRewards ---> TOURGUIDESERVICE
getUserRewards ---> TOURGUIDESERVICE
getUserRewards ---> TOURGUIDESERVICE
getUserRewards ---> TOURGUIDESERVICE
getUserRewards ---> TOURGUIDESERVICE
getUserRewards ---> TOURGUIDESERVICE
getUserRewards ---> TOURGUIDESERVICE
getUserRewards ---> TOURGUIDESERVICE
getUserRewards ---> TOURGUIDESERVICE
getUserRewards ---> TOURGUIDESERVICE
getUserRewards ---> TOURGUIDESERVICE
getUserRewards ---> TOURGUIDESERVICE
getUserRewards ---> TOURGUIDESERVICE
getUserRewards ---> TOURGUIDESERVICE
getUserRewards ---> TOURGUIDESERVICE
getUserRewards ---> TOURGUIDESERVICE
getUserRewards ---> TOURGUIDESERVICE
getUserRewards ---> TOURGUIDESERVICE
getUserRewards ---> TOURGUIDESERVICE
getUserRewards ---> TOURGUIDESERVICE
getUserRewards ---> TOURGUIDESERVICE
getUserRewards ---> TOURGUIDESERVICE
getUserRewards ---> TOURGUIDESERVICE
getUserRewards ---> TOURGUIDESERVICE
getUserRewards ---> TOURGUIDESERVICE
getUserRewards ---> TOURGUIDESERVICE
getUserRewards ---> TOURGUIDESERVICE
getUserRewards ---> TOURGUIDESERVICE
getUserRewards ---> TOURGUIDESERVICE
getUserRewards ---> TOURGUIDESERVICE
getUserRewards ---> TOURGUIDESERVICE
getUserRewards ---> TOURGUIDESERVICE
getUserRewards ---> TOURGUIDESERVICE
getUserRewards ---> TOURGUIDESERVICE
getUserRewards ---> TOURGUIDESERVICE
getUserRewards ---> TOURGUIDESERVICE
getUserRewards ---> TOURGUIDESERVICE
getUserRewards ---> TOURGUIDESERVICE
getUserRewards ---> TOURGUIDESERVICE
getUserRewards ---> TOURGUIDESERVICE
getUserRewards ---> TOURGUIDESERVICE
getUserRewards ---> TOURGUIDESERVICE
getUserRewards ---> TOURGUIDESERVICE
getUserRewards ---> TOURGUIDESERVICE
getUserRewards ---> TOURGUIDESERVICE
getUserRewards ---> TOURGUIDESERVICE
getUserRewards ---> TOURGUIDESERVICE
getUserRewards ---> TOURGUIDESERVICE
getUserRewards ---> TOURGUIDESERVICE
getUserRewards ---> TOURGUIDESERVICE
getUserRewards ---> TOURGUIDESERVICE
getUserRewards ---> TOURGUIDESERVICE
getUserRewards ---> TOURGUIDESERVICE
getUserRewards ---> TOURGUIDESERVICE
getUserRewards ---> TOURGUIDESERVICE
getUserRewards ---> TOURGUIDESERVICE
getUserRewards ---> TOURGUIDESERVICE
getUserRewards ---> TOURGUIDESERVICE
getUserRewards ---> TOURGUIDESERVICE
getUserRewards ---> TOURGUIDESERVICE
getUserRewards ---> TOURGUIDESERVICE
getUserRewards ---> TOURGUIDESERVICE
getUserRewards ---> TOURGUIDESERVICE
getUserRewards ---> TOURGUIDESERVICE
getUserRewards ---> TOURGUIDESERVICE
getUserRewards ---> TOURGUIDESERVICE
getUserRewards ---> TOURGUIDESERVICE
getUserRewards ---> TOURGUIDESERVICE
getUserRewards ---> TOURGUIDESERVICE
getUserRewards ---> TOURGUIDESERVICE
getUserRewards ---> TOURGUIDESERVICE
getUserRewards ---> TOURGUIDESERVICE
getUserRewards ---> TOURGUIDESERVICE
getUserRewards ---> TOURGUIDESERVICE
getUserRewards ---> TOURGUIDESERVICE
getUserRewards ---> TOURGUIDESERVICE
getUserRewards ---> TOURGUIDESERVICE
getUserRewards ---> TOURGUIDESERVICE
getUserRewards ---> TOURGUIDESERVICE
getUserRewards ---> TOURGUIDESERVICE
getUserRewards ---> TOURGUIDESERVICE
getUserRewards ---> TOURGUIDESERVICE
getUserRewards ---> TOURGUIDESERVICE
getUserRewards ---> TOURGUIDESERVICE
getUserRewards ---> TOURGUIDESERVICE
getUserRewards ---> TOURGUIDESERVICE
getUserRewards ---> TOURGUIDESERVICE
getUserRewards ---> TOURGUIDESERVICE
getUserRewards ---> TOURGUIDESERVICE
getUserRewards ---> TOURGUIDESERVICE
getUserRewards ---> TOURGUIDESERVICE
getUserRewards ---> TOURGUIDESERVICE
getUserRewards ---> TOURGUIDESERVICE
getUserRewards ---> TOURGUIDESERVICE
getUserRewards ---> TOURGUIDESERVICE
getUserRewards ---> TOURGUIDESERVICE
getUserRewards ---> TOURGUIDESERVICE
getUserRewards ---> TOURGUIDESERVICE
getUserRewards ---> TOURGUIDESERVICE
getUserRewards ---> TOURGUIDESERVICE
getUserRewards ---> TOURGUIDESERVICE
getUserRewards ---> TOURGUIDESERVICE
getUserRewards ---> TOURGUIDESERVICE
getUserRewards ---> TOURGUIDESERVICE
getUserRewards ---> TOURGUIDESERVICE
getUserRewards ---> TOURGUIDESERVICE
getUserRewards ---> TOURGUIDESERVICE
getUserRewards ---> TOURGUIDESERVICE
getUserRewards ---> TOURGUIDESERVICE
getUserRewards ---> TOURGUIDESERVICE
getUserRewards ---> TOURGUIDESERVICE
getUserRewards ---> TOURGUIDESERVICE
getUserRewards ---> TOURGUIDESERVICE
getUserRewards ---> TOURGUIDESERVICE
getUserRewards ---> TOURGUIDESERVICE
getUserRewards ---> TOURGUIDESERVICE
getUserRewards ---> TOURGUIDESERVICE
getUserRewards ---> TOURGUIDESERVICE
getUserRewards ---> TOURGUIDESERVICE
getUserRewards ---> TOURGUIDESERVICE
getUserRewards ---> TOURGUIDESERVICE
getUserRewards ---> TOURGUIDESERVICE
getUserRewards ---> TOURGUIDESERVICE
getUserRewards ---> TOURGUIDESERVICE
getUserRewards ---> TOURGUIDESERVICE
getUserRewards ---> TOURGUIDESERVICE
getUserRewards ---> TOURGUIDESERVICE
getUserRewards ---> TOURGUIDESERVICE
getUserRewards ---> TOURGUIDESERVICE
getUserRewards ---> TOURGUIDESERVICE
getUserRewards ---> TOURGUIDESERVICE
getUserRewards ---> TOURGUIDESERVICE
getUserRewards ---> TOURGUIDESERVICE
getUserRewards ---> TOURGUIDESERVICE
getUserRewards ---> TOURGUIDESERVICE
getUserRewards ---> TOURGUIDESERVICE
getUserRewards ---> TOURGUIDESERVICE
getUserRewards ---> TOURGUIDESERVICE
getUserRewards ---> TOURGUIDESERVICE
getUserRewards ---> TOURGUIDESERVICE
getUserRewards ---> TOURGUIDESERVICE
getUserRewards ---> TOURGUIDESERVICE
getUserRewards ---> TOURGUIDESERVICE
getUserRewards ---> TOURGUIDESERVICE
getUserRewards ---> TOURGUIDESERVICE
getUserRewards ---> TOURGUIDESERVICE
getUserRewards ---> TOURGUIDESERVICE
getUserRewards ---> TOURGUIDESERVICE
getUserRewards ---> TOURGUIDESERVICE
getUserRewards ---> TOURGUIDESERVICE
getUserRewards ---> TOURGUIDESERVICE
getUserRewards ---> TOURGUIDESERVICE
getUserRewards ---> TOURGUIDESERVICE
getUserRewards ---> TOURGUIDESERVICE
getUserRewards ---> TOURGUIDESERVICE
getUserRewards ---> TOURGUIDESERVICE
getUserRewards ---> TOURGUIDESERVICE
getUserRewards ---> TOURGUIDESERVICE
getUserRewards ---> TOURGUIDESERVICE
getUserRewards ---> TOURGUIDESERVICE
getUserRewards ---> TOURGUIDESERVICE
getUserRewards ---> TOURGUIDESERVICE
getUserRewards ---> TOURGUIDESERVICE
getUserRewards ---> TOURGUIDESERVICE
getUserRewards ---> TOURGUIDESERVICE
getUserRewards ---> TOURGUIDESERVICE
getUserRewards ---> TOURGUIDESERVICE
getUserRewards ---> TOURGUIDESERVICE
getUserRewards ---> TOURGUIDESERVICE
getUserRewards ---> TOURGUIDESERVICE
getUserRewards ---> TOURGUIDESERVICE
getUserRewards ---> TOURGUIDESERVICE
getUserRewards ---> TOURGUIDESERVICE
getUserRewards ---> TOURGUIDESERVICE
getUserRewards ---> TOURGUIDESERVICE
getUserRewards ---> TOURGUIDESERVICE
getUserRewards ---> TOURGUIDESERVICE
getUserRewards ---> TOURGUIDESERVICE
getUserRewards ---> TOURGUIDESERVICE
getUserRewards ---> TOURGUIDESERVICE
getUserRewards ---> TOURGUIDESERVICE
getUserRewards ---> TOURGUIDESERVICE
getUserRewards ---> TOURGUIDESERVICE
getUserRewards ---> TOURGUIDESERVICE
getUserRewards ---> TOURGUIDESERVICE
getUserRewards ---> TOURGUIDESERVICE
getUserRewards ---> TOURGUIDESERVICE
getUserRewards ---> TOURGUIDESERVICE
getUserRewards ---> TOURGUIDESERVICE
getUserRewards ---> TOURGUIDESERVICE
getUserRewards ---> TOURGUIDESERVICE
getUserRewards ---> TOURGUIDESERVICE
getUserRewards ---> TOURGUIDESERVICE
getUserRewards ---> TOURGUIDESERVICE
getUserRewards ---> TOURGUIDESERVICE
getUserRewards ---> TOURGUIDESERVICE
getUserRewards ---> TOURGUIDESERVICE
getUserRewards ---> TOURGUIDESERVICE
getUserRewards ---> TOURGUIDESERVICE
getUserRewards ---> TOURGUIDESERVICE
getUserRewards ---> TOURGUIDESERVICE
getUserRewards ---> TOURGUIDESERVICE
getUserRewards ---> TOURGUIDESERVICE
getUserRewards ---> TOURGUIDESERVICE
getUserRewards ---> TOURGUIDESERVICE
getUserRewards ---> TOURGUIDESERVICE
getUserRewards ---> TOURGUIDESERVICE
getUserRewards ---> TOURGUIDESERVICE
getUserRewards ---> TOURGUIDESERVICE
getUserRewards ---> TOURGUIDESERVICE
getUserRewards ---> TOURGUIDESERVICE
getUserRewards ---> TOURGUIDESERVICE
getUserRewards ---> TOURGUIDESERVICE
getUserRewards ---> TOURGUIDESERVICE
getUserRewards ---> TOURGUIDESERVICE
getUserRewards ---> TOURGUIDESERVICE
getUserRewards ---> TOURGUIDESERVICE
getUserRewards ---> TOURGUIDESERVICE
getUserRewards ---> TOURGUIDESERVICE
getUserRewards ---> TOURGUIDESERVICE
getUserRewards ---> TOURGUIDESERVICE
getUserRewards ---> TOURGUIDESERVICE
getUserRewards ---> TOURGUIDESERVICE
getUserRewards ---> TOURGUIDESERVICE
getUserRewards ---> TOURGUIDESERVICE
getUserRewards ---> TOURGUIDESERVICE
getUserRewards ---> TOURGUIDESERVICE
getUserRewards ---> TOURGUIDESERVICE
getUserRewards ---> TOURGUIDESERVICE
getUserRewards ---> TOURGUIDESERVICE
getUserRewards ---> TOURGUIDESERVICE
getUserRewards ---> TOURGUIDESERVICE
getUserRewards ---> TOURGUIDESERVICE
getUserRewards ---> TOURGUIDESERVICE
getUserRewards ---> TOURGUIDESERVICE
getUserRewards ---> TOURGUIDESERVICE
getUserRewards ---> TOURGUIDESERVICE
getUserRewards ---> TOURGUIDESERVICE
getUserRewards ---> TOURGUIDESERVICE
getUserRewards ---> TOURGUIDESERVICE
getUserRewards ---> TOURGUIDESERVICE
getUserRewards ---> TOURGUIDESERVICE
getUserRewards ---> TOURGUIDESERVICE
getUserRewards ---> TOURGUIDESERVICE
getUserRewards ---> TOURGUIDESERVICE
getUserRewards ---> TOURGUIDESERVICE
getUserRewards ---> TOURGUIDESERVICE
getUserRewards ---> TOURGUIDESERVICE
getUserRewards ---> TOURGUIDESERVICE
getUserRewards ---> TOURGUIDESERVICE
getUserRewards ---> TOURGUIDESERVICE
getUserRewards ---> TOURGUIDESERVICE
getUserRewards ---> TOURGUIDESERVICE
getUserRewards ---> TOURGUIDESERVICE
getUserRewards ---> TOURGUIDESERVICE
getUserRewards ---> TOURGUIDESERVICE
getUserRewards ---> TOURGUIDESERVICE
getUserRewards ---> TOURGUIDESERVICE
getUserRewards ---> TOURGUIDESERVICE
getUserRewards ---> TOURGUIDESERVICE
getUserRewards ---> TOURGUIDESERVICE
getUserRewards ---> TOURGUIDESERVICE
getUserRewards ---> TOURGUIDESERVICE
getUserRewards ---> TOURGUIDESERVICE
getUserRewards ---> TOURGUIDESERVICE
getUserRewards ---> TOURGUIDESERVICE
getUserRewards ---> TOURGUIDESERVICE
getUserRewards ---> TOURGUIDESERVICE
getUserRewards ---> TOURGUIDESERVICE
getUserRewards ---> TOURGUIDESERVICE
getUserRewards ---> TOURGUIDESERVICE
getUserRewards ---> TOURGUIDESERVICE
getUserRewards ---> TOURGUIDESERVICE
getUserRewards ---> TOURGUIDESERVICE
getUserRewards ---> TOURGUIDESERVICE
getUserRewards ---> TOURGUIDESERVICE
getUserRewards ---> TOURGUIDESERVICE
getUserRewards ---> TOURGUIDESERVICE
getUserRewards ---> TOURGUIDESERVICE
getUserRewards ---> TOURGUIDESERVICE
getUserRewards ---> TOURGUIDESERVICE
getUserRewards ---> TOURGUIDESERVICE
getUserRewards ---> TOURGUIDESERVICE
getUserRewards ---> TOURGUIDESERVICE
getUserRewards ---> TOURGUIDESERVICE
getUserRewards ---> TOURGUIDESERVICE
getUserRewards ---> TOURGUIDESERVICE
getUserRewards ---> TOURGUIDESERVICE
getUserRewards ---> TOURGUIDESERVICE
getUserRewards ---> TOURGUIDESERVICE
getUserRewards ---> TOURGUIDESERVICE
getUserRewards ---> TOURGUIDESERVICE
getUserRewards ---> TOURGUIDESERVICE
getUserRewards ---> TOURGUIDESERVICE
getUserRewards ---> TOURGUIDESERVICE
getUserRewards ---> TOURGUIDESERVICE
getUserRewards ---> TOURGUIDESERVICE
getUserRewards ---> TOURGUIDESERVICE
getUserRewards ---> TOURGUIDESERVICE
getUserRewards ---> TOURGUIDESERVICE
getUserRewards ---> TOURGUIDESERVICE
getUserRewards ---> TOURGUIDESERVICE
getUserRewards ---> TOURGUIDESERVICE
getUserRewards ---> TOURGUIDESERVICE
getUserRewards ---> TOURGUIDESERVICE
getUserRewards ---> TOURGUIDESERVICE
getUserRewards ---> TOURGUIDESERVICE
getUserRewards ---> TOURGUIDESERVICE
getUserRewards ---> TOURGUIDESERVICE
getUserRewards ---> TOURGUIDESERVICE
getUserRewards ---> TOURGUIDESERVICE
getUserRewards ---> TOURGUIDESERVICE
getUserRewards ---> TOURGUIDESERVICE
getUserRewards ---> TOURGUIDESERVICE
getUserRewards ---> TOURGUIDESERVICE
getUserRewards ---> TOURGUIDESERVICE
getUserRewards ---> TOURGUIDESERVICE
getUserRewards ---> TOURGUIDESERVICE
getUserRewards ---> TOURGUIDESERVICE
getUserRewards ---> TOURGUIDESERVICE
getUserRewards ---> TOURGUIDESERVICE
getUserRewards ---> TOURGUIDESERVICE
getUserRewards ---> TOURGUIDESERVICE
getUserRewards ---> TOURGUIDESERVICE
getUserRewards ---> TOURGUIDESERVICE
getUserRewards ---> TOURGUIDESERVICE
getUserRewards ---> TOURGUIDESERVICE
getUserRewards ---> TOURGUIDESERVICE
getUserRewards ---> TOURGUIDESERVICE
getUserRewards ---> TOURGUIDESERVICE
getUserRewards ---> TOURGUIDESERVICE
getUserRewards ---> TOURGUIDESERVICE
getUserRewards ---> TOURGUIDESERVICE
getUserRewards ---> TOURGUIDESERVICE
getUserRewards ---> TOURGUIDESERVICE
getUserRewards ---> TOURGUIDESERVICE
getUserRewards ---> TOURGUIDESERVICE
getUserRewards ---> TOURGUIDESERVICE
getUserRewards ---> TOURGUIDESERVICE
getUserRewards ---> TOURGUIDESERVICE
getUserRewards ---> TOURGUIDESERVICE
getUserRewards ---> TOURGUIDESERVICE
getUserRewards ---> TOURGUIDESERVICE
getUserRewards ---> TOURGUIDESERVICE
getUserRewards ---> TOURGUIDESERVICE
getUserRewards ---> TOURGUIDESERVICE
getUserRewards ---> TOURGUIDESERVICE
getUserRewards ---> TOURGUIDESERVICE
getUserRewards ---> TOURGUIDESERVICE
getUserRewards ---> TOURGUIDESERVICE
getUserRewards ---> TOURGUIDESERVICE
getUserRewards ---> TOURGUIDESERVICE
getUserRewards ---> TOURGUIDESERVICE
getUserRewards ---> TOURGUIDESERVICE
getUserRewards ---> TOURGUIDESERVICE
getUserRewards ---> TOURGUIDESERVICE
getUserRewards ---> TOURGUIDESERVICE
getUserRewards ---> TOURGUIDESERVICE
getUserRewards ---> TOURGUIDESERVICE
getUserRewards ---> TOURGUIDESERVICE
getUserRewards ---> TOURGUIDESERVICE
getUserRewards ---> TOURGUIDESERVICE
getUserRewards ---> TOURGUIDESERVICE
getUserRewards ---> TOURGUIDESERVICE
getUserRewards ---> TOURGUIDESERVICE
getUserRewards ---> TOURGUIDESERVICE
getUserRewards ---> TOURGUIDESERVICE
getUserRewards ---> TOURGUIDESERVICE
getUserRewards ---> TOURGUIDESERVICE
getUserRewards ---> TOURGUIDESERVICE
getUserRewards ---> TOURGUIDESERVICE
getUserRewards ---> TOURGUIDESERVICE
getUserRewards ---> TOURGUIDESERVICE
getUserRewards ---> TOURGUIDESERVICE
getUserRewards ---> TOURGUIDESERVICE
getUserRewards ---> TOURGUIDESERVICE
getUserRewards ---> TOURGUIDESERVICE
getUserRewards ---> TOURGUIDESERVICE
getUserRewards ---> TOURGUIDESERVICE
getUserRewards ---> TOURGUIDESERVICE
getUserRewards ---> TOURGUIDESERVICE
getUserRewards ---> TOURGUIDESERVICE
getUserRewards ---> TOURGUIDESERVICE
getUserRewards ---> TOURGUIDESERVICE
getUserRewards ---> TOURGUIDESERVICE
getUserRewards ---> TOURGUIDESERVICE
getUserRewards ---> TOURGUIDESERVICE
getUserRewards ---> TOURGUIDESERVICE
getUserRewards ---> TOURGUIDESERVICE
getUserRewards ---> TOURGUIDESERVICE
getUserRewards ---> TOURGUIDESERVICE
getUserRewards ---> TOURGUIDESERVICE
getUserRewards ---> TOURGUIDESERVICE
getUserRewards ---> TOURGUIDESERVICE
getUserRewards ---> TOURGUIDESERVICE
getUserRewards ---> TOURGUIDESERVICE
getUserRewards ---> TOURGUIDESERVICE
getUserRewards ---> TOURGUIDESERVICE
getUserRewards ---> TOURGUIDESERVICE
getUserRewards ---> TOURGUIDESERVICE
getUserRewards ---> TOURGUIDESERVICE
getUserRewards ---> TOURGUIDESERVICE
getUserRewards ---> TOURGUIDESERVICE
getUserRewards ---> TOURGUIDESERVICE
getUserRewards ---> TOURGUIDESERVICE
getUserRewards ---> TOURGUIDESERVICE
getUserRewards ---> TOURGUIDESERVICE
getUserRewards ---> TOURGUIDESERVICE
getUserRewards ---> TOURGUIDESERVICE
getUserRewards ---> TOURGUIDESERVICE
getUserRewards ---> TOURGUIDESERVICE
getUserRewards ---> TOURGUIDESERVICE
getUserRewards ---> TOURGUIDESERVICE
getUserRewards ---> TOURGUIDESERVICE
getUserRewards ---> TOURGUIDESERVICE
getUserRewards ---> TOURGUIDESERVICE
getUserRewards ---> TOURGUIDESERVICE
getUserRewards ---> TOURGUIDESERVICE
getUserRewards ---> TOURGUIDESERVICE
getUserRewards ---> TOURGUIDESERVICE
getUserRewards ---> TOURGUIDESERVICE
getUserRewards ---> TOURGUIDESERVICE
getUserRewards ---> TOURGUIDESERVICE
getUserRewards ---> TOURGUIDESERVICE
getUserRewards ---> TOURGUIDESERVICE
getUserRewards ---> TOURGUIDESERVICE
getUserRewards ---> TOURGUIDESERVICE
getUserRewards ---> TOURGUIDESERVICE
getUserRewards ---> TOURGUIDESERVICE
getUserRewards ---> TOURGUIDESERVICE
getUserRewards ---> TOURGUIDESERVICE
getUserRewards ---> TOURGUIDESERVICE
getUserRewards ---> TOURGUIDESERVICE
getUserRewards ---> TOURGUIDESERVICE
getUserRewards ---> TOURGUIDESERVICE
getUserRewards ---> TOURGUIDESERVICE
getUserRewards ---> TOURGUIDESERVICE
getUserRewards ---> TOURGUIDESERVICE
getUserRewards ---> TOURGUIDESERVICE
getUserRewards ---> TOURGUIDESERVICE
getUserRewards ---> TOURGUIDESERVICE
getUserRewards ---> TOURGUIDESERVICE
getUserRewards ---> TOURGUIDESERVICE
getUserRewards ---> TOURGUIDESERVICE
getUserRewards ---> TOURGUIDESERVICE
getUserRewards ---> TOURGUIDESERVICE
getUserRewards ---> TOURGUIDESERVICE
getUserRewards ---> TOURGUIDESERVICE
getUserRewards ---> TOURGUIDESERVICE
getUserRewards ---> TOURGUIDESERVICE
getUserRewards ---> TOURGUIDESERVICE
getUserRewards ---> TOURGUIDESERVICE
getUserRewards ---> TOURGUIDESERVICE
getUserRewards ---> TOURGUIDESERVICE
getUserRewards ---> TOURGUIDESERVICE
getUserRewards ---> TOURGUIDESERVICE
getUserRewards ---> TOURGUIDESERVICE
getUserRewards ---> TOURGUIDESERVICE
getUserRewards ---> TOURGUIDESERVICE
getUserRewards ---> TOURGUIDESERVICE
getUserRewards ---> TOURGUIDESERVICE
getUserRewards ---> TOURGUIDESERVICE
getUserRewards ---> TOURGUIDESERVICE
getUserRewards ---> TOURGUIDESERVICE
getUserRewards ---> TOURGUIDESERVICE
getUserRewards ---> TOURGUIDESERVICE
getUserRewards ---> TOURGUIDESERVICE
getUserRewards ---> TOURGUIDESERVICE
getUserRewards ---> TOURGUIDESERVICE
getUserRewards ---> TOURGUIDESERVICE
getUserRewards ---> TOURGUIDESERVICE
getUserRewards ---> TOURGUIDESERVICE
getUserRewards ---> TOURGUIDESERVICE
getUserRewards ---> TOURGUIDESERVICE
getUserRewards ---> TOURGUIDESERVICE
getUserRewards ---> TOURGUIDESERVICE
getUserRewards ---> TOURGUIDESERVICE
getUserRewards ---> TOURGUIDESERVICE
getUserRewards ---> TOURGUIDESERVICE
getUserRewards ---> TOURGUIDESERVICE
getUserRewards ---> TOURGUIDESERVICE
getUserRewards ---> TOURGUIDESERVICE
getUserRewards ---> TOURGUIDESERVICE
getUserRewards ---> TOURGUIDESERVICE
getUserRewards ---> TOURGUIDESERVICE
getUserRewards ---> TOURGUIDESERVICE
getUserRewards ---> TOURGUIDESERVICE
getUserRewards ---> TOURGUIDESERVICE
getUserRewards ---> TOURGUIDESERVICE
getUserRewards ---> TOURGUIDESERVICE
getUserRewards ---> TOURGUIDESERVICE
getUserRewards ---> TOURGUIDESERVICE
getUserRewards ---> TOURGUIDESERVICE
getUserRewards ---> TOURGUIDESERVICE
getUserRewards ---> TOURGUIDESERVICE
getUserRewards ---> TOURGUIDESERVICE
getUserRewards ---> TOURGUIDESERVICE
getUserRewards ---> TOURGUIDESERVICE
getUserRewards ---> TOURGUIDESERVICE
getUserRewards ---> TOURGUIDESERVICE
getUserRewards ---> TOURGUIDESERVICE
getUserRewards ---> TOURGUIDESERVICE
getUserRewards ---> TOURGUIDESERVICE
getUserRewards ---> TOURGUIDESERVICE
getUserRewards ---> TOURGUIDESERVICE
getUserRewards ---> TOURGUIDESERVICE
getUserRewards ---> TOURGUIDESERVICE
getUserRewards ---> TOURGUIDESERVICE
getUserRewards ---> TOURGUIDESERVICE
getUserRewards ---> TOURGUIDESERVICE
getUserRewards ---> TOURGUIDESERVICE
getUserRewards ---> TOURGUIDESERVICE
getUserRewards ---> TOURGUIDESERVICE
getUserRewards ---> TOURGUIDESERVICE
getUserRewards ---> TOURGUIDESERVICE
getUserRewards ---> TOURGUIDESERVICE
getUserRewards ---> TOURGUIDESERVICE
getUserRewards ---> TOURGUIDESERVICE
getUserRewards ---> TOURGUIDESERVICE
getUserRewards ---> TOURGUIDESERVICE
getUserRewards ---> TOURGUIDESERVICE
getUserRewards ---> TOURGUIDESERVICE
getUserRewards ---> TOURGUIDESERVICE
getUserRewards ---> TOURGUIDESERVICE
getUserRewards ---> TOURGUIDESERVICE
getUserRewards ---> TOURGUIDESERVICE
getUserRewards ---> TOURGUIDESERVICE
getUserRewards ---> TOURGUIDESERVICE
getUserRewards ---> TOURGUIDESERVICE
getUserRewards ---> TOURGUIDESERVICE
getUserRewards ---> TOURGUIDESERVICE
getUserRewards ---> TOURGUIDESERVICE
getUserRewards ---> TOURGUIDESERVICE
getUserRewards ---> TOURGUIDESERVICE
getUserRewards ---> TOURGUIDESERVICE
getUserRewards ---> TOURGUIDESERVICE
getUserRewards ---> TOURGUIDESERVICE
getUserRewards ---> TOURGUIDESERVICE
getUserRewards ---> TOURGUIDESERVICE
getUserRewards ---> TOURGUIDESERVICE
getUserRewards ---> TOURGUIDESERVICE
getUserRewards ---> TOURGUIDESERVICE
getUserRewards ---> TOURGUIDESERVICE
getUserRewards ---> TOURGUIDESERVICE
getUserRewards ---> TOURGUIDESERVICE
getUserRewards ---> TOURGUIDESERVICE
getUserRewards ---> TOURGUIDESERVICE
getUserRewards ---> TOURGUIDESERVICE
getUserRewards ---> TOURGUIDESERVICE
getUserRewards ---> TOURGUIDESERVICE
getUserRewards ---> TOURGUIDESERVICE
getUserRewards ---> TOURGUIDESERVICE
getUserRewards ---> TOURGUIDESERVICE
getUserRewards ---> TOURGUIDESERVICE
getUserRewards ---> TOURGUIDESERVICE
getUserRewards ---> TOURGUIDESERVICE
getUserRewards ---> TOURGUIDESERVICE
getUserRewards ---> TOURGUIDESERVICE
getUserRewards ---> TOURGUIDESERVICE
getUserRewards ---> TOURGUIDESERVICE
getUserRewards ---> TOURGUIDESERVICE
getUserRewards ---> TOURGUIDESERVICE
getUserRewards ---> TOURGUIDESERVICE
getUserRewards ---> TOURGUIDESERVICE
getUserRewards ---> TOURGUIDESERVICE
getUserRewards ---> TOURGUIDESERVICE
getUserRewards ---> TOURGUIDESERVICE
getUserRewards ---> TOURGUIDESERVICE
getUserRewards ---> TOURGUIDESERVICE
getUserRewards ---> TOURGUIDESERVICE
getUserRewards ---> TOURGUIDESERVICE
getUserRewards ---> TOURGUIDESERVICE
getUserRewards ---> TOURGUIDESERVICE
getUserRewards ---> TOURGUIDESERVICE
getUserRewards ---> TOURGUIDESERVICE
getUserRewards ---> TOURGUIDESERVICE
getUserRewards ---> TOURGUIDESERVICE
getUserRewards ---> TOURGUIDESERVICE
getUserRewards ---> TOURGUIDESERVICE
getUserRewards ---> TOURGUIDESERVICE
getUserRewards ---> TOURGUIDESERVICE
getUserRewards ---> TOURGUIDESERVICE
getUserRewards ---> TOURGUIDESERVICE
getUserRewards ---> TOURGUIDESERVICE
getUserRewards ---> TOURGUIDESERVICE
getUserRewards ---> TOURGUIDESERVICE
getUserRewards ---> TOURGUIDESERVICE
getUserRewards ---> TOURGUIDESERVICE
getUserRewards ---> TOURGUIDESERVICE
getUserRewards ---> TOURGUIDESERVICE
getUserRewards ---> TOURGUIDESERVICE
getUserRewards ---> TOURGUIDESERVICE
getUserRewards ---> TOURGUIDESERVICE
getUserRewards ---> TOURGUIDESERVICE
getUserRewards ---> TOURGUIDESERVICE
getUserRewards ---> TOURGUIDESERVICE
getUserRewards ---> TOURGUIDESERVICE
getUserRewards ---> TOURGUIDESERVICE
getUserRewards ---> TOURGUIDESERVICE
getUserRewards ---> TOURGUIDESERVICE
getUserRewards ---> TOURGUIDESERVICE
getUserRewards ---> TOURGUIDESERVICE
getUserRewards ---> TOURGUIDESERVICE
getUserRewards ---> TOURGUIDESERVICE
getUserRewards ---> TOURGUIDESERVICE
getUserRewards ---> TOURGUIDESERVICE
getUserRewards ---> TOURGUIDESERVICE
getUserRewards ---> TOURGUIDESERVICE
getUserRewards ---> TOURGUIDESERVICE
getUserRewards ---> TOURGUIDESERVICE
getUserRewards ---> TOURGUIDESERVICE
getUserRewards ---> TOURGUIDESERVICE
getUserRewards ---> TOURGUIDESERVICE
getUserRewards ---> TOURGUIDESERVICE
getUserRewards ---> TOURGUIDESERVICE
getUserRewards ---> TOURGUIDESERVICE
getUserRewards ---> TOURGUIDESERVICE
getUserRewards ---> TOURGUIDESERVICE
getUserRewards ---> TOURGUIDESERVICE
getUserRewards ---> TOURGUIDESERVICE
getUserRewards ---> TOURGUIDESERVICE
getUserRewards ---> TOURGUIDESERVICE
getUserRewards ---> TOURGUIDESERVICE
getUserRewards ---> TOURGUIDESERVICE
getUserRewards ---> TOURGUIDESERVICE
getUserRewards ---> TOURGUIDESERVICE
getUserRewards ---> TOURGUIDESERVICE
getUserRewards ---> TOURGUIDESERVICE
getUserRewards ---> TOURGUIDESERVICE
getUserRewards ---> TOURGUIDESERVICE
getUserRewards ---> TOURGUIDESERVICE
getUserRewards ---> TOURGUIDESERVICE
getUserRewards ---> TOURGUIDESERVICE
getUserRewards ---> TOURGUIDESERVICE
getUserRewards ---> TOURGUIDESERVICE
getUserRewards ---> TOURGUIDESERVICE
getUserRewards ---> TOURGUIDESERVICE
getUserRewards ---> TOURGUIDESERVICE
getUserRewards ---> TOURGUIDESERVICE
getUserRewards ---> TOURGUIDESERVICE
getUserRewards ---> TOURGUIDESERVICE
getUserRewards ---> TOURGUIDESERVICE
getUserRewards ---> TOURGUIDESERVICE
getUserRewards ---> TOURGUIDESERVICE
getUserRewards ---> TOURGUIDESERVICE
getUserRewards ---> TOURGUIDESERVICE
getUserRewards ---> TOURGUIDESERVICE
getUserRewards ---> TOURGUIDESERVICE
getUserRewards ---> TOURGUIDESERVICE
getUserRewards ---> TOURGUIDESERVICE
getUserRewards ---> TOURGUIDESERVICE
getUserRewards ---> TOURGUIDESERVICE
getUserRewards ---> TOURGUIDESERVICE
getUserRewards ---> TOURGUIDESERVICE
getUserRewards ---> TOURGUIDESERVICE
getUserRewards ---> TOURGUIDESERVICE
getUserRewards ---> TOURGUIDESERVICE
getUserRewards ---> TOURGUIDESERVICE
getUserRewards ---> TOURGUIDESERVICE
getUserRewards ---> TOURGUIDESERVICE
getUserRewards ---> TOURGUIDESERVICE
getUserRewards ---> TOURGUIDESERVICE
getUserRewards ---> TOURGUIDESERVICE
getUserRewards ---> TOURGUIDESERVICE
getUserRewards ---> TOURGUIDESERVICE
getUserRewards ---> TOURGUIDESERVICE
getUserRewards ---> TOURGUIDESERVICE
getUserRewards ---> TOURGUIDESERVICE
getUserRewards ---> TOURGUIDESERVICE
getUserRewards ---> TOURGUIDESERVICE
getUserRewards ---> TOURGUIDESERVICE
getUserRewards ---> TOURGUIDESERVICE
getUserRewards ---> TOURGUIDESERVICE
getUserRewards ---> TOURGUIDESERVICE
getUserRewards ---> TOURGUIDESERVICE
getUserRewards ---> TOURGUIDESERVICE
getUserRewards ---> TOURGUIDESERVICE
getUserRewards ---> TOURGUIDESERVICE
getUserRewards ---> TOURGUIDESERVICE
getUserRewards ---> TOURGUIDESERVICE
getUserRewards ---> TOURGUIDESERVICE
getUserRewards ---> TOURGUIDESERVICE
getUserRewards ---> TOURGUIDESERVICE
getUserRewards ---> TOURGUIDESERVICE
getUserRewards ---> TOURGUIDESERVICE
getUserRewards ---> TOURGUIDESERVICE
getUserRewards ---> TOURGUIDESERVICE
getUserRewards ---> TOURGUIDESERVICE
getUserRewards ---> TOURGUIDESERVICE
getUserRewards ---> TOURGUIDESERVICE
getUserRewards ---> TOURGUIDESERVICE
getUserRewards ---> TOURGUIDESERVICE
getUserRewards ---> TOURGUIDESERVICE
getUserRewards ---> TOURGUIDESERVICE
getUserRewards ---> TOURGUIDESERVICE
getUserRewards ---> TOURGUIDESERVICE
getUserRewards ---> TOURGUIDESERVICE
getUserRewards ---> TOURGUIDESERVICE
getUserRewards ---> TOURGUIDESERVICE
getUserRewards ---> TOURGUIDESERVICE
getUserRewards ---> TOURGUIDESERVICE
getUserRewards ---> TOURGUIDESERVICE
getUserRewards ---> TOURGUIDESERVICE
getUserRewards ---> TOURGUIDESERVICE
getUserRewards ---> TOURGUIDESERVICE
getUserRewards ---> TOURGUIDESERVICE
getUserRewards ---> TOURGUIDESERVICE
getUserRewards ---> TOURGUIDESERVICE
getUserRewards ---> TOURGUIDESERVICE
getUserRewards ---> TOURGUIDESERVICE
getUserRewards ---> TOURGUIDESERVICE
getUserRewards ---> TOURGUIDESERVICE
getUserRewards ---> TOURGUIDESERVICE
getUserRewards ---> TOURGUIDESERVICE
getUserRewards ---> TOURGUIDESERVICE
getUserRewards ---> TOURGUIDESERVICE
getUserRewards ---> TOURGUIDESERVICE
getUserRewards ---> TOURGUIDESERVICE
getUserRewards ---> TOURGUIDESERVICE
getUserRewards ---> TOURGUIDESERVICE
getUserRewards ---> TOURGUIDESERVICE
getUserRewards ---> TOURGUIDESERVICE
getUserRewards ---> TOURGUIDESERVICE
getUserRewards ---> TOURGUIDESERVICE
getUserRewards ---> TOURGUIDESERVICE
getUserRewards ---> TOURGUIDESERVICE
getUserRewards ---> TOURGUIDESERVICE
getUserRewards ---> TOURGUIDESERVICE
getUserRewards ---> TOURGUIDESERVICE
getUserRewards ---> TOURGUIDESERVICE
getUserRewards ---> TOURGUIDESERVICE
getUserRewards ---> TOURGUIDESERVICE
getUserRewards ---> TOURGUIDESERVICE
getUserRewards ---> TOURGUIDESERVICE
getUserRewards ---> TOURGUIDESERVICE
getUserRewards ---> TOURGUIDESERVICE
getUserRewards ---> TOURGUIDESERVICE
getUserRewards ---> TOURGUIDESERVICE
getUserRewards ---> TOURGUIDESERVICE
getUserRewards ---> TOURGUIDESERVICE
getUserRewards ---> TOURGUIDESERVICE
getUserRewards ---> TOURGUIDESERVICE
getUserRewards ---> TOURGUIDESERVICE
getUserRewards ---> TOURGUIDESERVICE
getUserRewards ---> TOURGUIDESERVICE
getUserRewards ---> TOURGUIDESERVICE
getUserRewards ---> TOURGUIDESERVICE
getUserRewards ---> TOURGUIDESERVICE
getUserRewards ---> TOURGUIDESERVICE
getUserRewards ---> TOURGUIDESERVICE
getUserRewards ---> TOURGUIDESERVICE
getUserRewards ---> TOURGUIDESERVICE
getUserRewards ---> TOURGUIDESERVICE
getUserRewards ---> TOURGUIDESERVICE
getUserRewards ---> TOURGUIDESERVICE
getUserRewards ---> TOURGUIDESERVICE
getUserRewards ---> TOURGUIDESERVICE
getUserRewards ---> TOURGUIDESERVICE
getUserRewards ---> TOURGUIDESERVICE
getUserRewards ---> TOURGUIDESERVICE
getUserRewards ---> TOURGUIDESERVICE
getUserRewards ---> TOURGUIDESERVICE
getUserRewards ---> TOURGUIDESERVICE
getUserRewards ---> TOURGUIDESERVICE
getUserRewards ---> TOURGUIDESERVICE
getUserRewards ---> TOURGUIDESERVICE
getUserRewards ---> TOURGUIDESERVICE
getUserRewards ---> TOURGUIDESERVICE
getUserRewards ---> TOURGUIDESERVICE
getUserRewards ---> TOURGUIDESERVICE
getUserRewards ---> TOURGUIDESERVICE
getUserRewards ---> TOURGUIDESERVICE
getUserRewards ---> TOURGUIDESERVICE
getUserRewards ---> TOURGUIDESERVICE
getUserRewards ---> TOURGUIDESERVICE
getUserRewards ---> TOURGUIDESERVICE
getUserRewards ---> TOURGUIDESERVICE
getUserRewards ---> TOURGUIDESERVICE
getUserRewards ---> TOURGUIDESERVICE
getUserRewards ---> TOURGUIDESERVICE
getUserRewards ---> TOURGUIDESERVICE
getUserRewards ---> TOURGUIDESERVICE
getUserRewards ---> TOURGUIDESERVICE
getUserRewards ---> TOURGUIDESERVICE
getUserRewards ---> TOURGUIDESERVICE
getUserRewards ---> TOURGUIDESERVICE
getUserRewards ---> TOURGUIDESERVICE
getUserRewards ---> TOURGUIDESERVICE
getUserRewards ---> TOURGUIDESERVICE
getUserRewards ---> TOURGUIDESERVICE
getUserRewards ---> TOURGUIDESERVICE
getUserRewards ---> TOURGUIDESERVICE
getUserRewards ---> TOURGUIDESERVICE
getUserRewards ---> TOURGUIDESERVICE
getUserRewards ---> TOURGUIDESERVICE
getUserRewards ---> TOURGUIDESERVICE
getUserRewards ---> TOURGUIDESERVICE
getUserRewards ---> TOURGUIDESERVICE
getUserRewards ---> TOURGUIDESERVICE
getUserRewards ---> TOURGUIDESERVICE
getUserRewards ---> TOURGUIDESERVICE
getUserRewards ---> TOURGUIDESERVICE
getUserRewards ---> TOURGUIDESERVICE
getUserRewards ---> TOURGUIDESERVICE
getUserRewards ---> TOURGUIDESERVICE
getUserRewards ---> TOURGUIDESERVICE
getUserRewards ---> TOURGUIDESERVICE
getUserRewards ---> TOURGUIDESERVICE
getUserRewards ---> TOURGUIDESERVICE
getUserRewards ---> TOURGUIDESERVICE
getUserRewards ---> TOURGUIDESERVICE
getUserRewards ---> TOURGUIDESERVICE
getUserRewards ---> TOURGUIDESERVICE
getUserRewards ---> TOURGUIDESERVICE
getUserRewards ---> TOURGUIDESERVICE
getUserRewards ---> TOURGUIDESERVICE
getUserRewards ---> TOURGUIDESERVICE
getUserRewards ---> TOURGUIDESERVICE
getUserRewards ---> TOURGUIDESERVICE
getUserRewards ---> TOURGUIDESERVICE
getUserRewards ---> TOURGUIDESERVICE
getUserRewards ---> TOURGUIDESERVICE
getUserRewards ---> TOURGUIDESERVICE
getUserRewards ---> TOURGUIDESERVICE
getUserRewards ---> TOURGUIDESERVICE
getUserRewards ---> TOURGUIDESERVICE
getUserRewards ---> TOURGUIDESERVICE
getUserRewards ---> TOURGUIDESERVICE
getUserRewards ---> TOURGUIDESERVICE
getUserRewards ---> TOURGUIDESERVICE
getUserRewards ---> TOURGUIDESERVICE
getUserRewards ---> TOURGUIDESERVICE
getUserRewards ---> TOURGUIDESERVICE
getUserRewards ---> TOURGUIDESERVICE
getUserRewards ---> TOURGUIDESERVICE
getUserRewards ---> TOURGUIDESERVICE
getUserRewards ---> TOURGUIDESERVICE
getUserRewards ---> TOURGUIDESERVICE
getUserRewards ---> TOURGUIDESERVICE
getUserRewards ---> TOURGUIDESERVICE
getUserRewards ---> TOURGUIDESERVICE
getUserRewards ---> TOURGUIDESERVICE
getUserRewards ---> TOURGUIDESERVICE
getUserRewards ---> TOURGUIDESERVICE
getUserRewards ---> TOURGUIDESERVICE
getUserRewards ---> TOURGUIDESERVICE
getUserRewards ---> TOURGUIDESERVICE
getUserRewards ---> TOURGUIDESERVICE
getUserRewards ---> TOURGUIDESERVICE
getUserRewards ---> TOURGUIDESERVICE
getUserRewards ---> TOURGUIDESERVICE
getUserRewards ---> TOURGUIDESERVICE
getUserRewards ---> TOURGUIDESERVICE
getUserRewards ---> TOURGUIDESERVICE
getUserRewards ---> TOURGUIDESERVICE
getUserRewards ---> TOURGUIDESERVICE
getUserRewards ---> TOURGUIDESERVICE
getUserRewards ---> TOURGUIDESERVICE
getUserRewards ---> TOURGUIDESERVICE
getUserRewards ---> TOURGUIDESERVICE
getUserRewards ---> TOURGUIDESERVICE
getUserRewards ---> TOURGUIDESERVICE
getUserRewards ---> TOURGUIDESERVICE
getUserRewards ---> TOURGUIDESERVICE
getUserRewards ---> TOURGUIDESERVICE
getUserRewards ---> TOURGUIDESERVICE
getUserRewards ---> TOURGUIDESERVICE
getUserRewards ---> TOURGUIDESERVICE
getUserRewards ---> TOURGUIDESERVICE
getUserRewards ---> TOURGUIDESERVICE
getUserRewards ---> TOURGUIDESERVICE
getUserRewards ---> TOURGUIDESERVICE
getUserRewards ---> TOURGUIDESERVICE
getUserRewards ---> TOURGUIDESERVICE
getUserRewards ---> TOURGUIDESERVICE
getUserRewards ---> TOURGUIDESERVICE
getUserRewards ---> TOURGUIDESERVICE
getUserRewards ---> TOURGUIDESERVICE
getUserRewards ---> TOURGUIDESERVICE
getUserRewards ---> TOURGUIDESERVICE
getUserRewards ---> TOURGUIDESERVICE
getUserRewards ---> TOURGUIDESERVICE
getUserRewards ---> TOURGUIDESERVICE
getUserRewards ---> TOURGUIDESERVICE
getUserRewards ---> TOURGUIDESERVICE
getUserRewards ---> TOURGUIDESERVICE
getUserRewards ---> TOURGUIDESERVICE
getUserRewards ---> TOURGUIDESERVICE
getUserRewards ---> TOURGUIDESERVICE
getUserRewards ---> TOURGUIDESERVICE
getUserRewards ---> TOURGUIDESERVICE
getUserRewards ---> TOURGUIDESERVICE
getUserRewards ---> TOURGUIDESERVICE
getUserRewards ---> TOURGUIDESERVICE
getUserRewards ---> TOURGUIDESERVICE
getUserRewards ---> TOURGUIDESERVICE
getUserRewards ---> TOURGUIDESERVICE
getUserRewards ---> TOURGUIDESERVICE
getUserRewards ---> TOURGUIDESERVICE
getUserRewards ---> TOURGUIDESERVICE
getUserRewards ---> TOURGUIDESERVICE
getUserRewards ---> TOURGUIDESERVICE
getUserRewards ---> TOURGUIDESERVICE
getUserRewards ---> TOURGUIDESERVICE
getUserRewards ---> TOURGUIDESERVICE
getUserRewards ---> TOURGUIDESERVICE
getUserRewards ---> TOURGUIDESERVICE
getUserRewards ---> TOURGUIDESERVICE
getUserRewards ---> TOURGUIDESERVICE
getUserRewards ---> TOURGUIDESERVICE
getUserRewards ---> TOURGUIDESERVICE
getUserRewards ---> TOURGUIDESERVICE
getUserRewards ---> TOURGUIDESERVICE
getUserRewards ---> TOURGUIDESERVICE
getUserRewards ---> TOURGUIDESERVICE
getUserRewards ---> TOURGUIDESERVICE
getUserRewards ---> TOURGUIDESERVICE
getUserRewards ---> TOURGUIDESERVICE
getUserRewards ---> TOURGUIDESERVICE
getUserRewards ---> TOURGUIDESERVICE
getUserRewards ---> TOURGUIDESERVICE
getUserRewards ---> TOURGUIDESERVICE
getUserRewards ---> TOURGUIDESERVICE
getUserRewards ---> TOURGUIDESERVICE
getUserRewards ---> TOURGUIDESERVICE
getUserRewards ---> TOURGUIDESERVICE
getUserRewards ---> TOURGUIDESERVICE
getUserRewards ---> TOURGUIDESERVICE
getUserRewards ---> TOURGUIDESERVICE
getUserRewards ---> TOURGUIDESERVICE
getUserRewards ---> TOURGUIDESERVICE
getUserRewards ---> TOURGUIDESERVICE
getUserRewards ---> TOURGUIDESERVICE
getUserRewards ---> TOURGUIDESERVICE
getUserRewards ---> TOURGUIDESERVICE
getUserRewards ---> TOURGUIDESERVICE
getUserRewards ---> TOURGUIDESERVICE
getUserRewards ---> TOURGUIDESERVICE
getUserRewards ---> TOURGUIDESERVICE
getUserRewards ---> TOURGUIDESERVICE
getUserRewards ---> TOURGUIDESERVICE
getUserRewards ---> TOURGUIDESERVICE
getUserRewards ---> TOURGUIDESERVICE
getUserRewards ---> TOURGUIDESERVICE
getUserRewards ---> TOURGUIDESERVICE
getUserRewards ---> TOURGUIDESERVICE
getUserRewards ---> TOURGUIDESERVICE
getUserRewards ---> TOURGUIDESERVICE
getUserRewards ---> TOURGUIDESERVICE
getUserRewards ---> TOURGUIDESERVICE
getUserRewards ---> TOURGUIDESERVICE
getUserRewards ---> TOURGUIDESERVICE
getUserRewards ---> TOURGUIDESERVICE
getUserRewards ---> TOURGUIDESERVICE
getUserRewards ---> TOURGUIDESERVICE
getUserRewards ---> TOURGUIDESERVICE
getUserRewards ---> TOURGUIDESERVICE
getUserRewards ---> TOURGUIDESERVICE
getUserRewards ---> TOURGUIDESERVICE
getUserRewards ---> TOURGUIDESERVICE
getUserRewards ---> TOURGUIDESERVICE
getUserRewards ---> TOURGUIDESERVICE
getUserRewards ---> TOURGUIDESERVICE
getUserRewards ---> TOURGUIDESERVICE
getUserRewards ---> TOURGUIDESERVICE
getUserRewards ---> TOURGUIDESERVICE
getUserRewards ---> TOURGUIDESERVICE
getUserRewards ---> TOURGUIDESERVICE
getUserRewards ---> TOURGUIDESERVICE
getUserRewards ---> TOURGUIDESERVICE
getUserRewards ---> TOURGUIDESERVICE
getUserRewards ---> TOURGUIDESERVICE
getUserRewards ---> TOURGUIDESERVICE
getUserRewards ---> TOURGUIDESERVICE
getUserRewards ---> TOURGUIDESERVICE
getUserRewards ---> TOURGUIDESERVICE
getUserRewards ---> TOURGUIDESERVICE
getUserRewards ---> TOURGUIDESERVICE
getUserRewards ---> TOURGUIDESERVICE
getUserRewards ---> TOURGUIDESERVICE
getUserRewards ---> TOURGUIDESERVICE
getUserRewards ---> TOURGUIDESERVICE
getUserRewards ---> TOURGUIDESERVICE
getUserRewards ---> TOURGUIDESERVICE
getUserRewards ---> TOURGUIDESERVICE
getUserRewards ---> TOURGUIDESERVICE
getUserRewards ---> TOURGUIDESERVICE
getUserRewards ---> TOURGUIDESERVICE
getUserRewards ---> TOURGUIDESERVICE
getUserRewards ---> TOURGUIDESERVICE
getUserRewards ---> TOURGUIDESERVICE
getUserRewards ---> TOURGUIDESERVICE
getUserRewards ---> TOURGUIDESERVICE
getUserRewards ---> TOURGUIDESERVICE
getUserRewards ---> TOURGUIDESERVICE
getUserRewards ---> TOURGUIDESERVICE
getUserRewards ---> TOURGUIDESERVICE
getUserRewards ---> TOURGUIDESERVICE
getUserRewards ---> TOURGUIDESERVICE
getUserRewards ---> TOURGUIDESERVICE
getUserRewards ---> TOURGUIDESERVICE
getUserRewards ---> TOURGUIDESERVICE
getUserRewards ---> TOURGUIDESERVICE
getUserRewards ---> TOURGUIDESERVICE
getUserRewards ---> TOURGUIDESERVICE
getUserRewards ---> TOURGUIDESERVICE
getUserRewards ---> TOURGUIDESERVICE
getUserRewards ---> TOURGUIDESERVICE
getUserRewards ---> TOURGUIDESERVICE
getUserRewards ---> TOURGUIDESERVICE
getUserRewards ---> TOURGUIDESERVICE
getUserRewards ---> TOURGUIDESERVICE
getUserRewards ---> TOURGUIDESERVICE
getUserRewards ---> TOURGUIDESERVICE
getUserRewards ---> TOURGUIDESERVICE
getUserRewards ---> TOURGUIDESERVICE
getUserRewards ---> TOURGUIDESERVICE
getUserRewards ---> TOURGUIDESERVICE
getUserRewards ---> TOURGUIDESERVICE
getUserRewards ---> TOURGUIDESERVICE
getUserRewards ---> TOURGUIDESERVICE
getUserRewards ---> TOURGUIDESERVICE
getUserRewards ---> TOURGUIDESERVICE
getUserRewards ---> TOURGUIDESERVICE
getUserRewards ---> TOURGUIDESERVICE
getUserRewards ---> TOURGUIDESERVICE
getUserRewards ---> TOURGUIDESERVICE
getUserRewards ---> TOURGUIDESERVICE
getUserRewards ---> TOURGUIDESERVICE
getUserRewards ---> TOURGUIDESERVICE
getUserRewards ---> TOURGUIDESERVICE
getUserRewards ---> TOURGUIDESERVICE
getUserRewards ---> TOURGUIDESERVICE
getUserRewards ---> TOURGUIDESERVICE
getUserRewards ---> TOURGUIDESERVICE
getUserRewards ---> TOURGUIDESERVICE
getUserRewards ---> TOURGUIDESERVICE
getUserRewards ---> TOURGUIDESERVICE
getUserRewards ---> TOURGUIDESERVICE
getUserRewards ---> TOURGUIDESERVICE
getUserRewards ---> TOURGUIDESERVICE
getUserRewards ---> TOURGUIDESERVICE
getUserRewards ---> TOURGUIDESERVICE
getUserRewards ---> TOURGUIDESERVICE
getUserRewards ---> TOURGUIDESERVICE
getUserRewards ---> TOURGUIDESERVICE
getUserRewards ---> TOURGUIDESERVICE
getUserRewards ---> TOURGUIDESERVICE
getUserRewards ---> TOURGUIDESERVICE
getUserRewards ---> TOURGUIDESERVICE
getUserRewards ---> TOURGUIDESERVICE
getUserRewards ---> TOURGUIDESERVICE
getUserRewards ---> TOURGUIDESERVICE
getUserRewards ---> TOURGUIDESERVICE
getUserRewards ---> TOURGUIDESERVICE
getUserRewards ---> TOURGUIDESERVICE
getUserRewards ---> TOURGUIDESERVICE
getUserRewards ---> TOURGUIDESERVICE
getUserRewards ---> TOURGUIDESERVICE
getUserRewards ---> TOURGUIDESERVICE
getUserRewards ---> TOURGUIDESERVICE
getUserRewards ---> TOURGUIDESERVICE
getUserRewards ---> TOURGUIDESERVICE
getUserRewards ---> TOURGUIDESERVICE
getUserRewards ---> TOURGUIDESERVICE
getUserRewards ---> TOURGUIDESERVICE
getUserRewards ---> TOURGUIDESERVICE
getUserRewards ---> TOURGUIDESERVICE
getUserRewards ---> TOURGUIDESERVICE
getUserRewards ---> TOURGUIDESERVICE
getUserRewards ---> TOURGUIDESERVICE
getUserRewards ---> TOURGUIDESERVICE
getUserRewards ---> TOURGUIDESERVICE
getUserRewards ---> TOURGUIDESERVICE
getUserRewards ---> TOURGUIDESERVICE
getUserRewards ---> TOURGUIDESERVICE
getUserRewards ---> TOURGUIDESERVICE
getUserRewards ---> TOURGUIDESERVICE
getUserRewards ---> TOURGUIDESERVICE
getUserRewards ---> TOURGUIDESERVICE
getUserRewards ---> TOURGUIDESERVICE
getUserRewards ---> TOURGUIDESERVICE
getUserRewards ---> TOURGUIDESERVICE
getUserRewards ---> TOURGUIDESERVICE
getUserRewards ---> TOURGUIDESERVICE
getUserRewards ---> TOURGUIDESERVICE
getUserRewards ---> TOURGUIDESERVICE
getUserRewards ---> TOURGUIDESERVICE
getUserRewards ---> TOURGUIDESERVICE
getUserRewards ---> TOURGUIDESERVICE
getUserRewards ---> TOURGUIDESERVICE
getUserRewards ---> TOURGUIDESERVICE
getUserRewards ---> TOURGUIDESERVICE
getUserRewards ---> TOURGUIDESERVICE
getUserRewards ---> TOURGUIDESERVICE
getUserRewards ---> TOURGUIDESERVICE
getUserRewards ---> TOURGUIDESERVICE
getUserRewards ---> TOURGUIDESERVICE
getUserRewards ---> TOURGUIDESERVICE
getUserRewards ---> TOURGUIDESERVICE
getUserRewards ---> TOURGUIDESERVICE
getUserRewards ---> TOURGUIDESERVICE
getUserRewards ---> TOURGUIDESERVICE
getUserRewards ---> TOURGUIDESERVICE
getUserRewards ---> TOURGUIDESERVICE
getUserRewards ---> TOURGUIDESERVICE
getUserRewards ---> TOURGUIDESERVICE
getUserRewards ---> TOURGUIDESERVICE
getUserRewards ---> TOURGUIDESERVICE
getUserRewards ---> TOURGUIDESERVICE
getUserRewards ---> TOURGUIDESERVICE
getUserRewards ---> TOURGUIDESERVICE
getUserRewards ---> TOURGUIDESERVICE
getUserRewards ---> TOURGUIDESERVICE
getUserRewards ---> TOURGUIDESERVICE
getUserRewards ---> TOURGUIDESERVICE
getUserRewards ---> TOURGUIDESERVICE
getUserRewards ---> TOURGUIDESERVICE
getUserRewards ---> TOURGUIDESERVICE
getUserRewards ---> TOURGUIDESERVICE
getUserRewards ---> TOURGUIDESERVICE
getUserRewards ---> TOURGUIDESERVICE
getUserRewards ---> TOURGUIDESERVICE
getUserRewards ---> TOURGUIDESERVICE
getUserRewards ---> TOURGUIDESERVICE
getUserRewards ---> TOURGUIDESERVICE
getUserRewards ---> TOURGUIDESERVICE
getUserRewards ---> TOURGUIDESERVICE
getUserRewards ---> TOURGUIDESERVICE
getUserRewards ---> TOURGUIDESERVICE
getUserRewards ---> TOURGUIDESERVICE
getUserRewards ---> TOURGUIDESERVICE
getUserRewards ---> TOURGUIDESERVICE
getUserRewards ---> TOURGUIDESERVICE
getUserRewards ---> TOURGUIDESERVICE
getUserRewards ---> TOURGUIDESERVICE
getUserRewards ---> TOURGUIDESERVICE
getUserRewards ---> TOURGUIDESERVICE
getUserRewards ---> TOURGUIDESERVICE
getUserRewards ---> TOURGUIDESERVICE
getUserRewards ---> TOURGUIDESERVICE
getUserRewards ---> TOURGUIDESERVICE
getUserRewards ---> TOURGUIDESERVICE
getUserRewards ---> TOURGUIDESERVICE
getUserRewards ---> TOURGUIDESERVICE
getUserRewards ---> TOURGUIDESERVICE
getUserRewards ---> TOURGUIDESERVICE
getUserRewards ---> TOURGUIDESERVICE
getUserRewards ---> TOURGUIDESERVICE
getUserRewards ---> TOURGUIDESERVICE
getUserRewards ---> TOURGUIDESERVICE
getUserRewards ---> TOURGUIDESERVICE
getUserRewards ---> TOURGUIDESERVICE
getUserRewards ---> TOURGUIDESERVICE
getUserRewards ---> TOURGUIDESERVICE
getUserRewards ---> TOURGUIDESERVICE
getUserRewards ---> TOURGUIDESERVICE
getUserRewards ---> TOURGUIDESERVICE
getUserRewards ---> TOURGUIDESERVICE
getUserRewards ---> TOURGUIDESERVICE
getUserRewards ---> TOURGUIDESERVICE
getUserRewards ---> TOURGUIDESERVICE
getUserRewards ---> TOURGUIDESERVICE
getUserRewards ---> TOURGUIDESERVICE
getUserRewards ---> TOURGUIDESERVICE
getUserRewards ---> TOURGUIDESERVICE
getUserRewards ---> TOURGUIDESERVICE
getUserRewards ---> TOURGUIDESERVICE
getUserRewards ---> TOURGUIDESERVICE
getUserRewards ---> TOURGUIDESERVICE
getUserRewards ---> TOURGUIDESERVICE
getUserRewards ---> TOURGUIDESERVICE
getUserRewards ---> TOURGUIDESERVICE
getUserRewards ---> TOURGUIDESERVICE
getUserRewards ---> TOURGUIDESERVICE
getUserRewards ---> TOURGUIDESERVICE
getUserRewards ---> TOURGUIDESERVICE
getUserRewards ---> TOURGUIDESERVICE
getUserRewards ---> TOURGUIDESERVICE
getUserRewards ---> TOURGUIDESERVICE
getUserRewards ---> TOURGUIDESERVICE
getUserRewards ---> TOURGUIDESERVICE
getUserRewards ---> TOURGUIDESERVICE
getUserRewards ---> TOURGUIDESERVICE
getUserRewards ---> TOURGUIDESERVICE
getUserRewards ---> TOURGUIDESERVICE
getUserRewards ---> TOURGUIDESERVICE
getUserRewards ---> TOURGUIDESERVICE
getUserRewards ---> TOURGUIDESERVICE
getUserRewards ---> TOURGUIDESERVICE
getUserRewards ---> TOURGUIDESERVICE
getUserRewards ---> TOURGUIDESERVICE
getUserRewards ---> TOURGUIDESERVICE
getUserRewards ---> TOURGUIDESERVICE
getUserRewards ---> TOURGUIDESERVICE
getUserRewards ---> TOURGUIDESERVICE
getUserRewards ---> TOURGUIDESERVICE
getUserRewards ---> TOURGUIDESERVICE
getUserRewards ---> TOURGUIDESERVICE
getUserRewards ---> TOURGUIDESERVICE
getUserRewards ---> TOURGUIDESERVICE
getUserRewards ---> TOURGUIDESERVICE
getUserRewards ---> TOURGUIDESERVICE
getUserRewards ---> TOURGUIDESERVICE
getUserRewards ---> TOURGUIDESERVICE
getUserRewards ---> TOURGUIDESERVICE
getUserRewards ---> TOURGUIDESERVICE
getUserRewards ---> TOURGUIDESERVICE
getUserRewards ---> TOURGUIDESERVICE
getUserRewards ---> TOURGUIDESERVICE
getUserRewards ---> TOURGUIDESERVICE
getUserRewards ---> TOURGUIDESERVICE
getUserRewards ---> TOURGUIDESERVICE
getUserRewards ---> TOURGUIDESERVICE
getUserRewards ---> TOURGUIDESERVICE
getUserRewards ---> TOURGUIDESERVICE
getUserRewards ---> TOURGUIDESERVICE
getUserRewards ---> TOURGUIDESERVICE
getUserRewards ---> TOURGUIDESERVICE
getUserRewards ---> TOURGUIDESERVICE
getUserRewards ---> TOURGUIDESERVICE
getUserRewards ---> TOURGUIDESERVICE
getUserRewards ---> TOURGUIDESERVICE
getUserRewards ---> TOURGUIDESERVICE
getUserRewards ---> TOURGUIDESERVICE
getUserRewards ---> TOURGUIDESERVICE
getUserRewards ---> TOURGUIDESERVICE
getUserRewards ---> TOURGUIDESERVICE
getUserRewards ---> TOURGUIDESERVICE
getUserRewards ---> TOURGUIDESERVICE
getUserRewards ---> TOURGUIDESERVICE
getUserRewards ---> TOURGUIDESERVICE
getUserRewards ---> TOURGUIDESERVICE
getUserRewards ---> TOURGUIDESERVICE
getUserRewards ---> TOURGUIDESERVICE
getUserRewards ---> TOURGUIDESERVICE
getUserRewards ---> TOURGUIDESERVICE
getUserRewards ---> TOURGUIDESERVICE
getUserRewards ---> TOURGUIDESERVICE
getUserRewards ---> TOURGUIDESERVICE
getUserRewards ---> TOURGUIDESERVICE
getUserRewards ---> TOURGUIDESERVICE
getUserRewards ---> TOURGUIDESERVICE
getUserRewards ---> TOURGUIDESERVICE
getUserRewards ---> TOURGUIDESERVICE
getUserRewards ---> TOURGUIDESERVICE
getUserRewards ---> TOURGUIDESERVICE
getUserRewards ---> TOURGUIDESERVICE
getUserRewards ---> TOURGUIDESERVICE
getUserRewards ---> TOURGUIDESERVICE
getUserRewards ---> TOURGUIDESERVICE
getUserRewards ---> TOURGUIDESERVICE
getUserRewards ---> TOURGUIDESERVICE
getUserRewards ---> TOURGUIDESERVICE
getUserRewards ---> TOURGUIDESERVICE
getUserRewards ---> TOURGUIDESERVICE
getUserRewards ---> TOURGUIDESERVICE
getUserRewards ---> TOURGUIDESERVICE
getUserRewards ---> TOURGUIDESERVICE
getUserRewards ---> TOURGUIDESERVICE
getUserRewards ---> TOURGUIDESERVICE
getUserRewards ---> TOURGUIDESERVICE
getUserRewards ---> TOURGUIDESERVICE
getUserRewards ---> TOURGUIDESERVICE
getUserRewards ---> TOURGUIDESERVICE
getUserRewards ---> TOURGUIDESERVICE
getUserRewards ---> TOURGUIDESERVICE
getUserRewards ---> TOURGUIDESERVICE
getUserRewards ---> TOURGUIDESERVICE
getUserRewards ---> TOURGUIDESERVICE
getUserRewards ---> TOURGUIDESERVICE
getUserRewards ---> TOURGUIDESERVICE
getUserRewards ---> TOURGUIDESERVICE
getUserRewards ---> TOURGUIDESERVICE
getUserRewards ---> TOURGUIDESERVICE
getUserRewards ---> TOURGUIDESERVICE
getUserRewards ---> TOURGUIDESERVICE
getUserRewards ---> TOURGUIDESERVICE
getUserRewards ---> TOURGUIDESERVICE
getUserRewards ---> TOURGUIDESERVICE
getUserRewards ---> TOURGUIDESERVICE
getUserRewards ---> TOURGUIDESERVICE
getUserRewards ---> TOURGUIDESERVICE
getUserRewards ---> TOURGUIDESERVICE
getUserRewards ---> TOURGUIDESERVICE
getUserRewards ---> TOURGUIDESERVICE
getUserRewards ---> TOURGUIDESERVICE
getUserRewards ---> TOURGUIDESERVICE
getUserRewards ---> TOURGUIDESERVICE
getUserRewards ---> TOURGUIDESERVICE
getUserRewards ---> TOURGUIDESERVICE
getUserRewards ---> TOURGUIDESERVICE
getUserRewards ---> TOURGUIDESERVICE
getUserRewards ---> TOURGUIDESERVICE
getUserRewards ---> TOURGUIDESERVICE
getUserRewards ---> TOURGUIDESERVICE
getUserRewards ---> TOURGUIDESERVICE
getUserRewards ---> TOURGUIDESERVICE
getUserRewards ---> TOURGUIDESERVICE
getUserRewards ---> TOURGUIDESERVICE
getUserRewards ---> TOURGUIDESERVICE
getUserRewards ---> TOURGUIDESERVICE
getUserRewards ---> TOURGUIDESERVICE
getUserRewards ---> TOURGUIDESERVICE
getUserRewards ---> TOURGUIDESERVICE
getUserRewards ---> TOURGUIDESERVICE
getUserRewards ---> TOURGUIDESERVICE
getUserRewards ---> TOURGUIDESERVICE
getUserRewards ---> TOURGUIDESERVICE
getUserRewards ---> TOURGUIDESERVICE
getUserRewards ---> TOURGUIDESERVICE
getUserRewards ---> TOURGUIDESERVICE
getUserRewards ---> TOURGUIDESERVICE
getUserRewards ---> TOURGUIDESERVICE
getUserRewards ---> TOURGUIDESERVICE
getUserRewards ---> TOURGUIDESERVICE
getUserRewards ---> TOURGUIDESERVICE
getUserRewards ---> TOURGUIDESERVICE
getUserRewards ---> TOURGUIDESERVICE
getUserRewards ---> TOURGUIDESERVICE
getUserRewards ---> TOURGUIDESERVICE
getUserRewards ---> TOURGUIDESERVICE
getUserRewards ---> TOURGUIDESERVICE
getUserRewards ---> TOURGUIDESERVICE
getUserRewards ---> TOURGUIDESERVICE
getUserRewards ---> TOURGUIDESERVICE
getUserRewards ---> TOURGUIDESERVICE
getUserRewards ---> TOURGUIDESERVICE
getUserRewards ---> TOURGUIDESERVICE
getUserRewards ---> TOURGUIDESERVICE
highVolumeGetRewards: Time Elapsed: 0 seconds.
]]></system-out>
  <system-err><![CDATA[janv. 25, 2023 10:30:55 AM org.javamoney.moneta.DefaultMonetaryContextFactory createMonetaryContextNonNullConfig
INFOS: Using custom MathContext: precision=256, roundingMode=HALF_EVEN
]]></system-err>
</testsuite>
