<?xml version="1.0" encoding="UTF-8"?>
<testsuite name="tourGuide.TestRewardsService" tests="1" skipped="0" failures="0" errors="0" timestamp="2023-01-24T09:18:00" hostname="LAPTOP-UPBU1241" time="0.613">
  <properties/>
  <testcase name="userGetRewards" classname="tourGuide.TestRewardsService" time="0.613"/>
  <system-out><![CDATA[10:18:00.888 [Test worker] INFO tourGuide.service.TourGuideService - TestMode enabled
10:18:00.903 [Test worker] DEBUG tourGuide.service.TourGuideService - Initializing users
10:18:00.919 [Test worker] DEBUG tourGuide.service.TourGuideService - Created 0 internal test users.
10:18:00.919 [Test worker] DEBUG tourGuide.service.TourGuideService - Finished initializing users
10:18:00.942 [pool-3-thread-1] DEBUG tourGuide.tracker.Tracker - Begin Tracker. Tracking 0 users.
10:18:00.944 [pool-3-thread-1] DEBUG tourGuide.tracker.Tracker - Tracker Time Elapsed: 0 seconds.
10:18:00.945 [pool-3-thread-1] DEBUG tourGuide.tracker.Tracker - Tracker sleeping
]]></system-out>
  <system-err><![CDATA[janv. 24, 2023 10:18:01 AM org.javamoney.moneta.DefaultMonetaryContextFactory createMonetaryContextNonNullConfig
INFOS: Using custom MathContext: precision=256, roundingMode=HALF_EVEN
]]></system-err>
</testsuite>
