<?xml version="1.0" encoding="UTF-8"?>
<testsuite name="tourGuide.TestPerformance" tests="1" skipped="0" failures="0" errors="0" timestamp="2023-01-23T11:48:29" hostname="LAPTOP-UPBU1241" time="2.44">
  <properties/>
  <testcase name="highVolumeTrackLocation" classname="tourGuide.TestPerformance" time="2.44"/>
  <system-out><![CDATA[12:48:29.881 [Test worker] INFO tourGuide.service.TourGuideService - TestMode enabled
12:48:29.894 [Test worker] DEBUG tourGuide.service.TourGuideService - Initializing users
12:48:30.604 [Test worker] DEBUG tourGuide.service.TourGuideService - Created 100000 internal test users.
12:48:30.605 [Test worker] DEBUG tourGuide.service.TourGuideService - Finished initializing users
12:48:30.627 [pool-3-thread-1] DEBUG tourGuide.tracker.Tracker - Begin Tracker. Tracking 100000 users.
highVolumeTrackLocation: Time Elapsed: 1 seconds.
]]></system-out>
  <system-err><![CDATA[janv. 23, 2023 12:48:29 PM org.javamoney.moneta.DefaultMonetaryContextFactory createMonetaryContextNonNullConfig
INFOS: Using custom MathContext: precision=256, roundingMode=HALF_EVEN
]]></system-err>
</testsuite>
