<?xml version="1.0" encoding="UTF-8"?>
<testsuite name="tourGuide.TestPerformance" tests="1" skipped="0" failures="0" errors="0" timestamp="2023-01-25T13:35:08" hostname="LAPTOP-UPBU1241" time="1079.864">
  <properties/>
  <testcase name="highVolumeGetRewards" classname="tourGuide.TestPerformance" time="1079.864"/>
  <system-out><![CDATA[14:35:08.291 [Test worker] INFO tourGuide.service.TourGuideService - TestMode enabled
14:35:08.304 [Test worker] DEBUG tourGuide.service.TourGuideService - Initializing users
14:35:09.151 [Test worker] DEBUG tourGuide.service.TourGuideService - Created 100000 internal test users.
14:35:09.152 [Test worker] DEBUG tourGuide.service.TourGuideService - Finished initializing users
14:35:09.183 [pool-3-thread-1] DEBUG tourGuide.tracker.Tracker - Begin Tracker. Tracking 100000 users.
ICI
highVolumeGetRewards: Time Elapsed: 1078 seconds.
]]></system-out>
  <system-err><![CDATA[janv. 25, 2023 2:35:08 PM org.javamoney.moneta.DefaultMonetaryContextFactory createMonetaryContextNonNullConfig
INFOS: Using custom MathContext: precision=256, roundingMode=HALF_EVEN
]]></system-err>
</testsuite>
